[2023-12-20T18:27:29.508+0000] {taskinstance.py:1159} INFO - Dependencies all met for dep_context=non-requeueable deps ti=<TaskInstance: Health_Insurance_Cross_Sell_Pred-v01.insert_fk_into_fact_table.insert_fk_col_in_fact_table_Gender scheduled__2023-12-01T00:00:00+00:00 [queued]>
[2023-12-20T18:27:29.513+0000] {taskinstance.py:1159} INFO - Dependencies all met for dep_context=requeueable deps ti=<TaskInstance: Health_Insurance_Cross_Sell_Pred-v01.insert_fk_into_fact_table.insert_fk_col_in_fact_table_Gender scheduled__2023-12-01T00:00:00+00:00 [queued]>
[2023-12-20T18:27:29.513+0000] {taskinstance.py:1361} INFO - Starting attempt 1 of 6
[2023-12-20T18:27:29.520+0000] {taskinstance.py:1382} INFO - Executing <Task(PostgresOperator): insert_fk_col_in_fact_table_Gender> on 2023-12-01 00:00:00+00:00
[2023-12-20T18:27:29.523+0000] {standard_task_runner.py:57} INFO - Started process 1382 to run task
[2023-12-20T18:27:29.526+0000] {standard_task_runner.py:84} INFO - Running: ['***', 'tasks', 'run', 'Health_Insurance_Cross_Sell_Pred-v01.insert_fk_into_fact_table', 'insert_fk_col_in_fact_table_Gender', 'scheduled__2023-12-01T00:00:00+00:00', '--job-id', '21', '--raw', '--subdir', 'DAGS_FOLDER/Health_Insurance_Cross_Sell_Pred.py', '--cfg-path', '/tmp/tmp2k83yxfo']
[2023-12-20T18:27:29.528+0000] {standard_task_runner.py:85} INFO - Job 21: Subtask insert_fk_col_in_fact_table_Gender
[2023-12-20T18:27:29.562+0000] {task_command.py:416} INFO - Running <TaskInstance: Health_Insurance_Cross_Sell_Pred-v01.insert_fk_into_fact_table.insert_fk_col_in_fact_table_Gender scheduled__2023-12-01T00:00:00+00:00 [running]> on host 480138c1cef4
[2023-12-20T18:27:29.610+0000] {taskinstance.py:1662} INFO - Exporting env vars: AIRFLOW_CTX_DAG_OWNER='dunnbc22' AIRFLOW_CTX_DAG_ID='Health_Insurance_Cross_Sell_Pred-v01.insert_fk_into_fact_table' AIRFLOW_CTX_TASK_ID='insert_fk_col_in_fact_table_Gender' AIRFLOW_CTX_EXECUTION_DATE='2023-12-01T00:00:00+00:00' AIRFLOW_CTX_TRY_NUMBER='1' AIRFLOW_CTX_DAG_RUN_ID='scheduled__2023-12-01T00:00:00+00:00'
[2023-12-20T18:27:29.612+0000] {sql.py:274} INFO - Executing: -- params: table_name, dimension_col

/*
Steps 1-3 were completed in the create_dim_table.sql 
file & associated PostgresOperator
*/


-- Step 4: Add foreign key column to fact table
ALTER TABLE Health_Insurance_Cross_Sell_Pred
ADD COLUMN Gender_id INTEGER;

-- Step 4: Update foreign key column to fact table with 
-- appropriate id (that matches with dim table)
UPDATE Health_Insurance_Cross_Sell_Pred
SET Gender_id = dimension_table_Gender.id
FROM dimension_table_Gender
WHERE COALESCE(Health_Insurance_Cross_Sell_Pred.Gender::text, '') = COALESCE(dimension_table_Gender.Gender::text, '');
[2023-12-20T18:27:29.618+0000] {base.py:73} INFO - Using connection ID 'postgres_conn' for task execution.
[2023-12-20T18:27:29.625+0000] {base.py:73} INFO - Using connection ID 'postgres_conn' for task execution.
[2023-12-20T18:27:29.632+0000] {sql.py:418} INFO - Running statement: -- params: table_name, dimension_col

/*
Steps 1-3 were completed in the create_dim_table.sql 
file & associated PostgresOperator
*/


-- Step 4: Add foreign key column to fact table
ALTER TABLE Health_Insurance_Cross_Sell_Pred
ADD COLUMN Gender_id INTEGER;

-- Step 4: Update foreign key column to fact table with 
-- appropriate id (that matches with dim table)
UPDATE Health_Insurance_Cross_Sell_Pred
SET Gender_id = dimension_table_Gender.id
FROM dimension_table_Gender
WHERE COALESCE(Health_Insurance_Cross_Sell_Pred.Gender::text, '') = COALESCE(dimension_table_Gender.Gender::text, '');, parameters: None
[2023-12-20T18:27:31.178+0000] {sql.py:427} INFO - Rows affected: 370789
[2023-12-20T18:27:31.206+0000] {taskinstance.py:1400} INFO - Marking task as SUCCESS. dag_id=Health_Insurance_Cross_Sell_Pred-v01.insert_fk_into_fact_table, task_id=insert_fk_col_in_fact_table_Gender, execution_date=20231201T000000, start_date=20231220T182729, end_date=20231220T182731
[2023-12-20T18:27:31.259+0000] {local_task_job_runner.py:228} INFO - Task exited with return code 0
[2023-12-20T18:27:31.274+0000] {taskinstance.py:2778} INFO - 0 downstream tasks scheduled from follow-on schedule check
