[2023-12-09T19:39:23.804+0000] {taskinstance.py:1159} INFO - Dependencies all met for dep_context=non-requeueable deps ti=<TaskInstance: california_housing_data-v01.remove_samples_w_nulls.remove_samples_w_nulls.remove_PROPERTY_LOCATION_col scheduled__2023-12-01T00:00:00+00:00 [queued]>
[2023-12-09T19:39:23.815+0000] {taskinstance.py:1159} INFO - Dependencies all met for dep_context=requeueable deps ti=<TaskInstance: california_housing_data-v01.remove_samples_w_nulls.remove_samples_w_nulls.remove_PROPERTY_LOCATION_col scheduled__2023-12-01T00:00:00+00:00 [queued]>
[2023-12-09T19:39:23.826+0000] {taskinstance.py:1361} INFO - Starting attempt 1 of 6
[2023-12-09T19:39:23.864+0000] {taskinstance.py:1382} INFO - Executing <Task(PostgresOperator): remove_samples_w_nulls.remove_PROPERTY_LOCATION_col> on 2023-12-01 00:00:00+00:00
[2023-12-09T19:39:23.885+0000] {standard_task_runner.py:57} INFO - Started process 533 to run task
[2023-12-09T19:39:23.908+0000] {standard_task_runner.py:84} INFO - Running: ['***', 'tasks', 'run', 'california_housing_data-v01.remove_samples_w_nulls', 'remove_samples_w_nulls.remove_PROPERTY_LOCATION_col', 'scheduled__2023-12-01T00:00:00+00:00', '--job-id', '28', '--raw', '--subdir', 'DAGS_FOLDER/ca_housing_data.py', '--cfg-path', '/tmp/tmpn6t5q8w3']
[2023-12-09T19:39:23.924+0000] {standard_task_runner.py:85} INFO - Job 28: Subtask remove_samples_w_nulls.remove_PROPERTY_LOCATION_col
[2023-12-09T19:39:24.057+0000] {task_command.py:416} INFO - Running <TaskInstance: california_housing_data-v01.remove_samples_w_nulls.remove_samples_w_nulls.remove_PROPERTY_LOCATION_col scheduled__2023-12-01T00:00:00+00:00 [running]> on host d5ea29713edc
[2023-12-09T19:39:24.265+0000] {taskinstance.py:1662} INFO - Exporting env vars: AIRFLOW_CTX_DAG_OWNER='dunnbc22' AIRFLOW_CTX_DAG_ID='california_housing_data-v01.remove_samples_w_nulls' AIRFLOW_CTX_TASK_ID='remove_samples_w_nulls.remove_PROPERTY_LOCATION_col' AIRFLOW_CTX_EXECUTION_DATE='2023-12-01T00:00:00+00:00' AIRFLOW_CTX_TRY_NUMBER='1' AIRFLOW_CTX_DAG_RUN_ID='scheduled__2023-12-01T00:00:00+00:00'
[2023-12-09T19:39:24.276+0000] {sql.py:274} INFO - Executing: -- params: table_name, column_name
DELETE FROM pipeline_ca_housing
WHERE PROPERTY_LOCATION is NULL;
[2023-12-09T19:39:24.288+0000] {base.py:73} INFO - Using connection ID 'postgres_conn' for task execution.
[2023-12-09T19:39:24.297+0000] {base.py:73} INFO - Using connection ID 'postgres_conn' for task execution.
[2023-12-09T19:39:24.312+0000] {sql.py:418} INFO - Running statement: -- params: table_name, column_name
DELETE FROM pipeline_ca_housing
WHERE PROPERTY_LOCATION is NULL;, parameters: None
[2023-12-09T19:39:24.327+0000] {sql.py:427} INFO - Rows affected: 37
[2023-12-09T19:39:24.344+0000] {taskinstance.py:1400} INFO - Marking task as SUCCESS. dag_id=california_housing_data-v01.remove_samples_w_nulls, task_id=remove_samples_w_nulls.remove_PROPERTY_LOCATION_col, execution_date=20231201T000000, start_date=20231209T193923, end_date=20231209T193924
[2023-12-09T19:39:24.375+0000] {local_task_job_runner.py:228} INFO - Task exited with return code 0
[2023-12-09T19:39:24.416+0000] {taskinstance.py:2778} INFO - 0 downstream tasks scheduled from follow-on schedule check
