[2023-12-08T17:18:42.219+0000] {taskinstance.py:1159} INFO - Dependencies all met for dep_context=non-requeueable deps ti=<TaskInstance: Allegheny_Co_Property_Sale_Transactions-v01.create_dim_tables.create_dim_DEEDPAGE_table scheduled__2023-12-01T00:00:00+00:00 [queued]>
[2023-12-08T17:18:42.229+0000] {taskinstance.py:1159} INFO - Dependencies all met for dep_context=requeueable deps ti=<TaskInstance: Allegheny_Co_Property_Sale_Transactions-v01.create_dim_tables.create_dim_DEEDPAGE_table scheduled__2023-12-01T00:00:00+00:00 [queued]>
[2023-12-08T17:18:42.231+0000] {taskinstance.py:1361} INFO - Starting attempt 1 of 6
[2023-12-08T17:18:42.243+0000] {taskinstance.py:1382} INFO - Executing <Task(PostgresOperator): create_dim_DEEDPAGE_table> on 2023-12-01 00:00:00+00:00
[2023-12-08T17:18:42.251+0000] {standard_task_runner.py:57} INFO - Started process 3192 to run task
[2023-12-08T17:18:42.261+0000] {standard_task_runner.py:84} INFO - Running: ['***', 'tasks', 'run', 'Allegheny_Co_Property_Sale_Transactions-v01.create_dim_tables', 'create_dim_DEEDPAGE_table', 'scheduled__2023-12-01T00:00:00+00:00', '--job-id', '31', '--raw', '--subdir', 'DAGS_FOLDER/Allegheny Co Property Sale Transactions.py', '--cfg-path', '/tmp/tmpu6c1ki_r']
[2023-12-08T17:18:42.273+0000] {standard_task_runner.py:85} INFO - Job 31: Subtask create_dim_DEEDPAGE_table
[2023-12-08T17:18:42.379+0000] {task_command.py:416} INFO - Running <TaskInstance: Allegheny_Co_Property_Sale_Transactions-v01.create_dim_tables.create_dim_DEEDPAGE_table scheduled__2023-12-01T00:00:00+00:00 [running]> on host 1fc866509645
[2023-12-08T17:18:42.544+0000] {taskinstance.py:1662} INFO - Exporting env vars: AIRFLOW_CTX_DAG_OWNER='dunnbc22' AIRFLOW_CTX_DAG_ID='Allegheny_Co_Property_Sale_Transactions-v01.create_dim_tables' AIRFLOW_CTX_TASK_ID='create_dim_DEEDPAGE_table' AIRFLOW_CTX_EXECUTION_DATE='2023-12-01T00:00:00+00:00' AIRFLOW_CTX_TRY_NUMBER='1' AIRFLOW_CTX_DAG_RUN_ID='scheduled__2023-12-01T00:00:00+00:00'
[2023-12-08T17:18:42.545+0000] {sql.py:274} INFO - Executing: -- params: table_name, dimension_col, data_type

-- Step 1: Extract Unique Values
CREATE TEMPORARY TABLE unique_values_DEEDPAGE AS
SELECT DISTINCT DEEDPAGE FROM allegheny_co_property_sale_transactions;

-- Step 2: Create Dimension Table
DROP TABLE IF EXISTS dimension_table_DEEDPAGE;
CREATE TABLE dimension_table_DEEDPAGE (
    id SERIAL PRIMARY KEY,
    DEEDPAGE VARCHAR
);

-- Step 3: Insert unique values into dimension table
INSERT INTO dimension_table_DEEDPAGE (DEEDPAGE)
SELECT * FROM unique_values_DEEDPAGE;
[2023-12-08T17:18:42.560+0000] {base.py:73} INFO - Using connection ID 'postgres_conn' for task execution.
[2023-12-08T17:18:42.581+0000] {base.py:73} INFO - Using connection ID 'postgres_conn' for task execution.
[2023-12-08T17:18:42.595+0000] {sql.py:418} INFO - Running statement: -- params: table_name, dimension_col, data_type

-- Step 1: Extract Unique Values
CREATE TEMPORARY TABLE unique_values_DEEDPAGE AS
SELECT DISTINCT DEEDPAGE FROM allegheny_co_property_sale_transactions;

-- Step 2: Create Dimension Table
DROP TABLE IF EXISTS dimension_table_DEEDPAGE;
CREATE TABLE dimension_table_DEEDPAGE (
    id SERIAL PRIMARY KEY,
    DEEDPAGE VARCHAR
);

-- Step 3: Insert unique values into dimension table
INSERT INTO dimension_table_DEEDPAGE (DEEDPAGE)
SELECT * FROM unique_values_DEEDPAGE;, parameters: None
[2023-12-08T17:18:42.702+0000] {sql.py:427} INFO - Rows affected: 1147
[2023-12-08T17:18:42.736+0000] {taskinstance.py:1400} INFO - Marking task as SUCCESS. dag_id=Allegheny_Co_Property_Sale_Transactions-v01.create_dim_tables, task_id=create_dim_DEEDPAGE_table, execution_date=20231201T000000, start_date=20231208T171842, end_date=20231208T171842
[2023-12-08T17:18:42.784+0000] {local_task_job_runner.py:228} INFO - Task exited with return code 0
[2023-12-08T17:18:42.856+0000] {taskinstance.py:2778} INFO - 0 downstream tasks scheduled from follow-on schedule check
[2023-12-08T18:06:05.296+0000] {taskinstance.py:1159} INFO - Dependencies all met for dep_context=non-requeueable deps ti=<TaskInstance: Allegheny_Co_Property_Sale_Transactions-v01.create_dim_tables.create_dim_DEEDPAGE_table scheduled__2023-12-01T00:00:00+00:00 [queued]>
[2023-12-08T18:06:05.307+0000] {taskinstance.py:1159} INFO - Dependencies all met for dep_context=requeueable deps ti=<TaskInstance: Allegheny_Co_Property_Sale_Transactions-v01.create_dim_tables.create_dim_DEEDPAGE_table scheduled__2023-12-01T00:00:00+00:00 [queued]>
[2023-12-08T18:06:05.309+0000] {taskinstance.py:1361} INFO - Starting attempt 1 of 6
[2023-12-08T18:06:05.333+0000] {taskinstance.py:1382} INFO - Executing <Task(PostgresOperator): create_dim_DEEDPAGE_table> on 2023-12-01 00:00:00+00:00
[2023-12-08T18:06:05.337+0000] {standard_task_runner.py:57} INFO - Started process 7228 to run task
[2023-12-08T18:06:05.342+0000] {standard_task_runner.py:84} INFO - Running: ['***', 'tasks', 'run', 'Allegheny_Co_Property_Sale_Transactions-v01.create_dim_tables', 'create_dim_DEEDPAGE_table', 'scheduled__2023-12-01T00:00:00+00:00', '--job-id', '102', '--raw', '--subdir', 'DAGS_FOLDER/Allegheny Co Property Sale Transactions.py', '--cfg-path', '/tmp/tmpyj8ipq2p']
[2023-12-08T18:06:05.348+0000] {standard_task_runner.py:85} INFO - Job 102: Subtask create_dim_DEEDPAGE_table
[2023-12-08T18:06:05.444+0000] {task_command.py:416} INFO - Running <TaskInstance: Allegheny_Co_Property_Sale_Transactions-v01.create_dim_tables.create_dim_DEEDPAGE_table scheduled__2023-12-01T00:00:00+00:00 [running]> on host 1fc866509645
[2023-12-08T18:06:05.566+0000] {taskinstance.py:1662} INFO - Exporting env vars: AIRFLOW_CTX_DAG_OWNER='dunnbc22' AIRFLOW_CTX_DAG_ID='Allegheny_Co_Property_Sale_Transactions-v01.create_dim_tables' AIRFLOW_CTX_TASK_ID='create_dim_DEEDPAGE_table' AIRFLOW_CTX_EXECUTION_DATE='2023-12-01T00:00:00+00:00' AIRFLOW_CTX_TRY_NUMBER='1' AIRFLOW_CTX_DAG_RUN_ID='scheduled__2023-12-01T00:00:00+00:00'
[2023-12-08T18:06:05.568+0000] {sql.py:274} INFO - Executing: -- params: table_name, dimension_col, data_type

-- Step 1: Extract Unique Values
CREATE TEMPORARY TABLE unique_values_DEEDPAGE AS
SELECT DISTINCT DEEDPAGE FROM allegheny_co_property_sale_transactions;

-- Step 2: Create Dimension Table
DROP TABLE IF EXISTS dimension_table_DEEDPAGE;
CREATE TABLE dimension_table_DEEDPAGE (
    id SERIAL PRIMARY KEY,
    DEEDPAGE VARCHAR
);

-- Step 3: Insert unique values into dimension table
INSERT INTO dimension_table_DEEDPAGE (DEEDPAGE)
SELECT * FROM unique_values_DEEDPAGE;
[2023-12-08T18:06:05.583+0000] {base.py:73} INFO - Using connection ID 'postgres_conn' for task execution.
[2023-12-08T18:06:05.598+0000] {base.py:73} INFO - Using connection ID 'postgres_conn' for task execution.
[2023-12-08T18:06:05.611+0000] {sql.py:418} INFO - Running statement: -- params: table_name, dimension_col, data_type

-- Step 1: Extract Unique Values
CREATE TEMPORARY TABLE unique_values_DEEDPAGE AS
SELECT DISTINCT DEEDPAGE FROM allegheny_co_property_sale_transactions;

-- Step 2: Create Dimension Table
DROP TABLE IF EXISTS dimension_table_DEEDPAGE;
CREATE TABLE dimension_table_DEEDPAGE (
    id SERIAL PRIMARY KEY,
    DEEDPAGE VARCHAR
);

-- Step 3: Insert unique values into dimension table
INSERT INTO dimension_table_DEEDPAGE (DEEDPAGE)
SELECT * FROM unique_values_DEEDPAGE;, parameters: None
[2023-12-08T18:06:05.763+0000] {sql.py:427} INFO - Rows affected: 1147
[2023-12-08T18:06:05.787+0000] {taskinstance.py:1400} INFO - Marking task as SUCCESS. dag_id=Allegheny_Co_Property_Sale_Transactions-v01.create_dim_tables, task_id=create_dim_DEEDPAGE_table, execution_date=20231201T000000, start_date=20231208T180605, end_date=20231208T180605
[2023-12-08T18:06:05.813+0000] {local_task_job_runner.py:228} INFO - Task exited with return code 0
[2023-12-08T18:06:05.862+0000] {taskinstance.py:2778} INFO - 0 downstream tasks scheduled from follow-on schedule check
