[2023-12-19T05:13:05.979+0000] {processor.py:157} INFO - Started process (PID=185) to work on /opt/airflow/dags/clean_up_after_star_schema_creation.py
[2023-12-19T05:13:05.980+0000] {processor.py:829} INFO - Processing file /opt/airflow/dags/clean_up_after_star_schema_creation.py for tasks to queue
[2023-12-19T05:13:05.981+0000] {logging_mixin.py:154} INFO - [2023-12-19T05:13:05.981+0000] {dagbag.py:536} INFO - Filling up the DagBag from /opt/airflow/dags/clean_up_after_star_schema_creation.py
[2023-12-19T05:13:05.989+0000] {processor.py:841} WARNING - No viable dags retrieved from /opt/airflow/dags/clean_up_after_star_schema_creation.py
[2023-12-19T05:13:06.008+0000] {processor.py:179} INFO - Processing /opt/airflow/dags/clean_up_after_star_schema_creation.py took 0.033 seconds
[2023-12-19T05:13:36.463+0000] {processor.py:157} INFO - Started process (PID=223) to work on /opt/airflow/dags/clean_up_after_star_schema_creation.py
[2023-12-19T05:13:36.464+0000] {processor.py:829} INFO - Processing file /opt/airflow/dags/clean_up_after_star_schema_creation.py for tasks to queue
[2023-12-19T05:13:36.464+0000] {logging_mixin.py:154} INFO - [2023-12-19T05:13:36.464+0000] {dagbag.py:536} INFO - Filling up the DagBag from /opt/airflow/dags/clean_up_after_star_schema_creation.py
[2023-12-19T05:13:36.477+0000] {processor.py:841} WARNING - No viable dags retrieved from /opt/airflow/dags/clean_up_after_star_schema_creation.py
[2023-12-19T05:13:36.491+0000] {processor.py:179} INFO - Processing /opt/airflow/dags/clean_up_after_star_schema_creation.py took 0.031 seconds
[2023-12-19T05:14:07.141+0000] {processor.py:157} INFO - Started process (PID=258) to work on /opt/airflow/dags/clean_up_after_star_schema_creation.py
[2023-12-19T05:14:07.145+0000] {processor.py:829} INFO - Processing file /opt/airflow/dags/clean_up_after_star_schema_creation.py for tasks to queue
[2023-12-19T05:14:07.146+0000] {logging_mixin.py:154} INFO - [2023-12-19T05:14:07.146+0000] {dagbag.py:536} INFO - Filling up the DagBag from /opt/airflow/dags/clean_up_after_star_schema_creation.py
[2023-12-19T05:14:07.179+0000] {processor.py:841} WARNING - No viable dags retrieved from /opt/airflow/dags/clean_up_after_star_schema_creation.py
[2023-12-19T05:14:07.259+0000] {processor.py:179} INFO - Processing /opt/airflow/dags/clean_up_after_star_schema_creation.py took 0.124 seconds
[2023-12-19T05:14:37.682+0000] {processor.py:157} INFO - Started process (PID=305) to work on /opt/airflow/dags/clean_up_after_star_schema_creation.py
[2023-12-19T05:14:37.684+0000] {processor.py:829} INFO - Processing file /opt/airflow/dags/clean_up_after_star_schema_creation.py for tasks to queue
[2023-12-19T05:14:37.684+0000] {logging_mixin.py:154} INFO - [2023-12-19T05:14:37.684+0000] {dagbag.py:536} INFO - Filling up the DagBag from /opt/airflow/dags/clean_up_after_star_schema_creation.py
[2023-12-19T05:14:37.688+0000] {processor.py:841} WARNING - No viable dags retrieved from /opt/airflow/dags/clean_up_after_star_schema_creation.py
[2023-12-19T05:14:37.698+0000] {processor.py:179} INFO - Processing /opt/airflow/dags/clean_up_after_star_schema_creation.py took 0.018 seconds
[2023-12-19T05:15:08.150+0000] {processor.py:157} INFO - Started process (PID=342) to work on /opt/airflow/dags/clean_up_after_star_schema_creation.py
[2023-12-19T05:15:08.150+0000] {processor.py:829} INFO - Processing file /opt/airflow/dags/clean_up_after_star_schema_creation.py for tasks to queue
[2023-12-19T05:15:08.151+0000] {logging_mixin.py:154} INFO - [2023-12-19T05:15:08.151+0000] {dagbag.py:536} INFO - Filling up the DagBag from /opt/airflow/dags/clean_up_after_star_schema_creation.py
[2023-12-19T05:15:08.155+0000] {processor.py:841} WARNING - No viable dags retrieved from /opt/airflow/dags/clean_up_after_star_schema_creation.py
[2023-12-19T05:15:08.166+0000] {processor.py:179} INFO - Processing /opt/airflow/dags/clean_up_after_star_schema_creation.py took 0.018 seconds
[2023-12-19T05:15:38.617+0000] {processor.py:157} INFO - Started process (PID=381) to work on /opt/airflow/dags/clean_up_after_star_schema_creation.py
[2023-12-19T05:15:38.617+0000] {processor.py:829} INFO - Processing file /opt/airflow/dags/clean_up_after_star_schema_creation.py for tasks to queue
[2023-12-19T05:15:38.618+0000] {logging_mixin.py:154} INFO - [2023-12-19T05:15:38.618+0000] {dagbag.py:536} INFO - Filling up the DagBag from /opt/airflow/dags/clean_up_after_star_schema_creation.py
[2023-12-19T05:15:38.622+0000] {processor.py:841} WARNING - No viable dags retrieved from /opt/airflow/dags/clean_up_after_star_schema_creation.py
[2023-12-19T05:15:38.632+0000] {processor.py:179} INFO - Processing /opt/airflow/dags/clean_up_after_star_schema_creation.py took 0.017 seconds
[2023-12-19T05:16:09.178+0000] {processor.py:157} INFO - Started process (PID=418) to work on /opt/airflow/dags/clean_up_after_star_schema_creation.py
[2023-12-19T05:16:09.178+0000] {processor.py:829} INFO - Processing file /opt/airflow/dags/clean_up_after_star_schema_creation.py for tasks to queue
[2023-12-19T05:16:09.179+0000] {logging_mixin.py:154} INFO - [2023-12-19T05:16:09.179+0000] {dagbag.py:536} INFO - Filling up the DagBag from /opt/airflow/dags/clean_up_after_star_schema_creation.py
[2023-12-19T05:16:09.183+0000] {processor.py:841} WARNING - No viable dags retrieved from /opt/airflow/dags/clean_up_after_star_schema_creation.py
[2023-12-19T05:16:09.193+0000] {processor.py:179} INFO - Processing /opt/airflow/dags/clean_up_after_star_schema_creation.py took 0.017 seconds
[2023-12-19T05:16:39.713+0000] {processor.py:157} INFO - Started process (PID=455) to work on /opt/airflow/dags/clean_up_after_star_schema_creation.py
[2023-12-19T05:16:39.714+0000] {processor.py:829} INFO - Processing file /opt/airflow/dags/clean_up_after_star_schema_creation.py for tasks to queue
[2023-12-19T05:16:39.715+0000] {logging_mixin.py:154} INFO - [2023-12-19T05:16:39.714+0000] {dagbag.py:536} INFO - Filling up the DagBag from /opt/airflow/dags/clean_up_after_star_schema_creation.py
[2023-12-19T05:16:39.719+0000] {processor.py:841} WARNING - No viable dags retrieved from /opt/airflow/dags/clean_up_after_star_schema_creation.py
[2023-12-19T05:16:39.730+0000] {processor.py:179} INFO - Processing /opt/airflow/dags/clean_up_after_star_schema_creation.py took 0.018 seconds
[2023-12-19T05:17:10.165+0000] {processor.py:157} INFO - Started process (PID=492) to work on /opt/airflow/dags/clean_up_after_star_schema_creation.py
[2023-12-19T05:17:10.166+0000] {processor.py:829} INFO - Processing file /opt/airflow/dags/clean_up_after_star_schema_creation.py for tasks to queue
[2023-12-19T05:17:10.167+0000] {logging_mixin.py:154} INFO - [2023-12-19T05:17:10.167+0000] {dagbag.py:536} INFO - Filling up the DagBag from /opt/airflow/dags/clean_up_after_star_schema_creation.py
[2023-12-19T05:17:10.171+0000] {processor.py:841} WARNING - No viable dags retrieved from /opt/airflow/dags/clean_up_after_star_schema_creation.py
[2023-12-19T05:17:10.182+0000] {processor.py:179} INFO - Processing /opt/airflow/dags/clean_up_after_star_schema_creation.py took 0.019 seconds
[2023-12-19T05:17:40.629+0000] {processor.py:157} INFO - Started process (PID=536) to work on /opt/airflow/dags/clean_up_after_star_schema_creation.py
[2023-12-19T05:17:40.630+0000] {processor.py:829} INFO - Processing file /opt/airflow/dags/clean_up_after_star_schema_creation.py for tasks to queue
[2023-12-19T05:17:40.631+0000] {logging_mixin.py:154} INFO - [2023-12-19T05:17:40.631+0000] {dagbag.py:536} INFO - Filling up the DagBag from /opt/airflow/dags/clean_up_after_star_schema_creation.py
[2023-12-19T05:17:40.635+0000] {processor.py:841} WARNING - No viable dags retrieved from /opt/airflow/dags/clean_up_after_star_schema_creation.py
[2023-12-19T05:17:40.645+0000] {processor.py:179} INFO - Processing /opt/airflow/dags/clean_up_after_star_schema_creation.py took 0.018 seconds
[2023-12-19T05:18:11.103+0000] {processor.py:157} INFO - Started process (PID=573) to work on /opt/airflow/dags/clean_up_after_star_schema_creation.py
[2023-12-19T05:18:11.103+0000] {processor.py:829} INFO - Processing file /opt/airflow/dags/clean_up_after_star_schema_creation.py for tasks to queue
[2023-12-19T05:18:11.104+0000] {logging_mixin.py:154} INFO - [2023-12-19T05:18:11.104+0000] {dagbag.py:536} INFO - Filling up the DagBag from /opt/airflow/dags/clean_up_after_star_schema_creation.py
[2023-12-19T05:18:11.108+0000] {processor.py:841} WARNING - No viable dags retrieved from /opt/airflow/dags/clean_up_after_star_schema_creation.py
[2023-12-19T05:18:11.118+0000] {processor.py:179} INFO - Processing /opt/airflow/dags/clean_up_after_star_schema_creation.py took 0.018 seconds
[2023-12-19T05:18:41.561+0000] {processor.py:157} INFO - Started process (PID=610) to work on /opt/airflow/dags/clean_up_after_star_schema_creation.py
[2023-12-19T05:18:41.562+0000] {processor.py:829} INFO - Processing file /opt/airflow/dags/clean_up_after_star_schema_creation.py for tasks to queue
[2023-12-19T05:18:41.563+0000] {logging_mixin.py:154} INFO - [2023-12-19T05:18:41.562+0000] {dagbag.py:536} INFO - Filling up the DagBag from /opt/airflow/dags/clean_up_after_star_schema_creation.py
[2023-12-19T05:18:41.567+0000] {processor.py:841} WARNING - No viable dags retrieved from /opt/airflow/dags/clean_up_after_star_schema_creation.py
[2023-12-19T05:18:41.577+0000] {processor.py:179} INFO - Processing /opt/airflow/dags/clean_up_after_star_schema_creation.py took 0.018 seconds
[2023-12-19T05:19:11.969+0000] {processor.py:157} INFO - Started process (PID=647) to work on /opt/airflow/dags/clean_up_after_star_schema_creation.py
[2023-12-19T05:19:11.969+0000] {processor.py:829} INFO - Processing file /opt/airflow/dags/clean_up_after_star_schema_creation.py for tasks to queue
[2023-12-19T05:19:11.970+0000] {logging_mixin.py:154} INFO - [2023-12-19T05:19:11.970+0000] {dagbag.py:536} INFO - Filling up the DagBag from /opt/airflow/dags/clean_up_after_star_schema_creation.py
[2023-12-19T05:19:11.974+0000] {processor.py:841} WARNING - No viable dags retrieved from /opt/airflow/dags/clean_up_after_star_schema_creation.py
[2023-12-19T05:19:11.984+0000] {processor.py:179} INFO - Processing /opt/airflow/dags/clean_up_after_star_schema_creation.py took 0.018 seconds
[2023-12-19T05:19:42.403+0000] {processor.py:157} INFO - Started process (PID=686) to work on /opt/airflow/dags/clean_up_after_star_schema_creation.py
[2023-12-19T05:19:42.404+0000] {processor.py:829} INFO - Processing file /opt/airflow/dags/clean_up_after_star_schema_creation.py for tasks to queue
[2023-12-19T05:19:42.405+0000] {logging_mixin.py:154} INFO - [2023-12-19T05:19:42.405+0000] {dagbag.py:536} INFO - Filling up the DagBag from /opt/airflow/dags/clean_up_after_star_schema_creation.py
[2023-12-19T05:19:42.409+0000] {processor.py:841} WARNING - No viable dags retrieved from /opt/airflow/dags/clean_up_after_star_schema_creation.py
[2023-12-19T05:19:42.419+0000] {processor.py:179} INFO - Processing /opt/airflow/dags/clean_up_after_star_schema_creation.py took 0.018 seconds
[2023-12-19T05:20:12.847+0000] {processor.py:157} INFO - Started process (PID=723) to work on /opt/airflow/dags/clean_up_after_star_schema_creation.py
[2023-12-19T05:20:12.848+0000] {processor.py:829} INFO - Processing file /opt/airflow/dags/clean_up_after_star_schema_creation.py for tasks to queue
[2023-12-19T05:20:12.849+0000] {logging_mixin.py:154} INFO - [2023-12-19T05:20:12.849+0000] {dagbag.py:536} INFO - Filling up the DagBag from /opt/airflow/dags/clean_up_after_star_schema_creation.py
[2023-12-19T05:20:12.853+0000] {processor.py:841} WARNING - No viable dags retrieved from /opt/airflow/dags/clean_up_after_star_schema_creation.py
[2023-12-19T05:20:12.863+0000] {processor.py:179} INFO - Processing /opt/airflow/dags/clean_up_after_star_schema_creation.py took 0.019 seconds
[2023-12-19T05:20:43.331+0000] {processor.py:157} INFO - Started process (PID=760) to work on /opt/airflow/dags/clean_up_after_star_schema_creation.py
[2023-12-19T05:20:43.332+0000] {processor.py:829} INFO - Processing file /opt/airflow/dags/clean_up_after_star_schema_creation.py for tasks to queue
[2023-12-19T05:20:43.333+0000] {logging_mixin.py:154} INFO - [2023-12-19T05:20:43.332+0000] {dagbag.py:536} INFO - Filling up the DagBag from /opt/airflow/dags/clean_up_after_star_schema_creation.py
[2023-12-19T05:20:43.337+0000] {processor.py:841} WARNING - No viable dags retrieved from /opt/airflow/dags/clean_up_after_star_schema_creation.py
[2023-12-19T05:20:43.347+0000] {processor.py:179} INFO - Processing /opt/airflow/dags/clean_up_after_star_schema_creation.py took 0.019 seconds
[2023-12-19T05:21:13.808+0000] {processor.py:157} INFO - Started process (PID=797) to work on /opt/airflow/dags/clean_up_after_star_schema_creation.py
[2023-12-19T05:21:13.809+0000] {processor.py:829} INFO - Processing file /opt/airflow/dags/clean_up_after_star_schema_creation.py for tasks to queue
[2023-12-19T05:21:13.810+0000] {logging_mixin.py:154} INFO - [2023-12-19T05:21:13.809+0000] {dagbag.py:536} INFO - Filling up the DagBag from /opt/airflow/dags/clean_up_after_star_schema_creation.py
[2023-12-19T05:21:13.814+0000] {processor.py:841} WARNING - No viable dags retrieved from /opt/airflow/dags/clean_up_after_star_schema_creation.py
[2023-12-19T05:21:13.824+0000] {processor.py:179} INFO - Processing /opt/airflow/dags/clean_up_after_star_schema_creation.py took 0.018 seconds
[2023-12-19T05:21:44.285+0000] {processor.py:157} INFO - Started process (PID=836) to work on /opt/airflow/dags/clean_up_after_star_schema_creation.py
[2023-12-19T05:21:44.286+0000] {processor.py:829} INFO - Processing file /opt/airflow/dags/clean_up_after_star_schema_creation.py for tasks to queue
[2023-12-19T05:21:44.286+0000] {logging_mixin.py:154} INFO - [2023-12-19T05:21:44.286+0000] {dagbag.py:536} INFO - Filling up the DagBag from /opt/airflow/dags/clean_up_after_star_schema_creation.py
[2023-12-19T05:21:44.290+0000] {processor.py:841} WARNING - No viable dags retrieved from /opt/airflow/dags/clean_up_after_star_schema_creation.py
[2023-12-19T05:21:44.301+0000] {processor.py:179} INFO - Processing /opt/airflow/dags/clean_up_after_star_schema_creation.py took 0.018 seconds
[2023-12-19T05:22:14.725+0000] {processor.py:157} INFO - Started process (PID=873) to work on /opt/airflow/dags/clean_up_after_star_schema_creation.py
[2023-12-19T05:22:14.726+0000] {processor.py:829} INFO - Processing file /opt/airflow/dags/clean_up_after_star_schema_creation.py for tasks to queue
[2023-12-19T05:22:14.726+0000] {logging_mixin.py:154} INFO - [2023-12-19T05:22:14.726+0000] {dagbag.py:536} INFO - Filling up the DagBag from /opt/airflow/dags/clean_up_after_star_schema_creation.py
[2023-12-19T05:22:14.731+0000] {processor.py:841} WARNING - No viable dags retrieved from /opt/airflow/dags/clean_up_after_star_schema_creation.py
[2023-12-19T05:22:14.741+0000] {processor.py:179} INFO - Processing /opt/airflow/dags/clean_up_after_star_schema_creation.py took 0.018 seconds
[2023-12-19T05:22:45.204+0000] {processor.py:157} INFO - Started process (PID=910) to work on /opt/airflow/dags/clean_up_after_star_schema_creation.py
[2023-12-19T05:22:45.205+0000] {processor.py:829} INFO - Processing file /opt/airflow/dags/clean_up_after_star_schema_creation.py for tasks to queue
[2023-12-19T05:22:45.205+0000] {logging_mixin.py:154} INFO - [2023-12-19T05:22:45.205+0000] {dagbag.py:536} INFO - Filling up the DagBag from /opt/airflow/dags/clean_up_after_star_schema_creation.py
[2023-12-19T05:22:45.209+0000] {processor.py:841} WARNING - No viable dags retrieved from /opt/airflow/dags/clean_up_after_star_schema_creation.py
[2023-12-19T05:22:45.220+0000] {processor.py:179} INFO - Processing /opt/airflow/dags/clean_up_after_star_schema_creation.py took 0.019 seconds
[2023-12-19T05:23:15.742+0000] {processor.py:157} INFO - Started process (PID=947) to work on /opt/airflow/dags/clean_up_after_star_schema_creation.py
[2023-12-19T05:23:15.743+0000] {processor.py:829} INFO - Processing file /opt/airflow/dags/clean_up_after_star_schema_creation.py for tasks to queue
[2023-12-19T05:23:15.744+0000] {logging_mixin.py:154} INFO - [2023-12-19T05:23:15.744+0000] {dagbag.py:536} INFO - Filling up the DagBag from /opt/airflow/dags/clean_up_after_star_schema_creation.py
[2023-12-19T05:23:15.749+0000] {processor.py:841} WARNING - No viable dags retrieved from /opt/airflow/dags/clean_up_after_star_schema_creation.py
[2023-12-19T05:23:15.760+0000] {processor.py:179} INFO - Processing /opt/airflow/dags/clean_up_after_star_schema_creation.py took 0.020 seconds
[2023-12-19T05:23:46.332+0000] {processor.py:157} INFO - Started process (PID=991) to work on /opt/airflow/dags/clean_up_after_star_schema_creation.py
[2023-12-19T05:23:46.333+0000] {processor.py:829} INFO - Processing file /opt/airflow/dags/clean_up_after_star_schema_creation.py for tasks to queue
[2023-12-19T05:23:46.333+0000] {logging_mixin.py:154} INFO - [2023-12-19T05:23:46.333+0000] {dagbag.py:536} INFO - Filling up the DagBag from /opt/airflow/dags/clean_up_after_star_schema_creation.py
[2023-12-19T05:23:46.337+0000] {processor.py:841} WARNING - No viable dags retrieved from /opt/airflow/dags/clean_up_after_star_schema_creation.py
[2023-12-19T05:23:46.348+0000] {processor.py:179} INFO - Processing /opt/airflow/dags/clean_up_after_star_schema_creation.py took 0.018 seconds
[2023-12-19T05:24:16.786+0000] {processor.py:157} INFO - Started process (PID=1028) to work on /opt/airflow/dags/clean_up_after_star_schema_creation.py
[2023-12-19T05:24:16.787+0000] {processor.py:829} INFO - Processing file /opt/airflow/dags/clean_up_after_star_schema_creation.py for tasks to queue
[2023-12-19T05:24:16.788+0000] {logging_mixin.py:154} INFO - [2023-12-19T05:24:16.787+0000] {dagbag.py:536} INFO - Filling up the DagBag from /opt/airflow/dags/clean_up_after_star_schema_creation.py
[2023-12-19T05:24:16.792+0000] {processor.py:841} WARNING - No viable dags retrieved from /opt/airflow/dags/clean_up_after_star_schema_creation.py
[2023-12-19T05:24:16.802+0000] {processor.py:179} INFO - Processing /opt/airflow/dags/clean_up_after_star_schema_creation.py took 0.018 seconds
[2023-12-19T05:24:47.236+0000] {processor.py:157} INFO - Started process (PID=1065) to work on /opt/airflow/dags/clean_up_after_star_schema_creation.py
[2023-12-19T05:24:47.237+0000] {processor.py:829} INFO - Processing file /opt/airflow/dags/clean_up_after_star_schema_creation.py for tasks to queue
[2023-12-19T05:24:47.237+0000] {logging_mixin.py:154} INFO - [2023-12-19T05:24:47.237+0000] {dagbag.py:536} INFO - Filling up the DagBag from /opt/airflow/dags/clean_up_after_star_schema_creation.py
[2023-12-19T05:24:47.241+0000] {processor.py:841} WARNING - No viable dags retrieved from /opt/airflow/dags/clean_up_after_star_schema_creation.py
[2023-12-19T05:24:47.252+0000] {processor.py:179} INFO - Processing /opt/airflow/dags/clean_up_after_star_schema_creation.py took 0.019 seconds
[2023-12-19T05:25:17.682+0000] {processor.py:157} INFO - Started process (PID=1102) to work on /opt/airflow/dags/clean_up_after_star_schema_creation.py
[2023-12-19T05:25:17.683+0000] {processor.py:829} INFO - Processing file /opt/airflow/dags/clean_up_after_star_schema_creation.py for tasks to queue
[2023-12-19T05:25:17.684+0000] {logging_mixin.py:154} INFO - [2023-12-19T05:25:17.683+0000] {dagbag.py:536} INFO - Filling up the DagBag from /opt/airflow/dags/clean_up_after_star_schema_creation.py
[2023-12-19T05:25:17.687+0000] {processor.py:841} WARNING - No viable dags retrieved from /opt/airflow/dags/clean_up_after_star_schema_creation.py
[2023-12-19T05:25:17.698+0000] {processor.py:179} INFO - Processing /opt/airflow/dags/clean_up_after_star_schema_creation.py took 0.018 seconds
[2023-12-19T05:25:48.129+0000] {processor.py:157} INFO - Started process (PID=1141) to work on /opt/airflow/dags/clean_up_after_star_schema_creation.py
[2023-12-19T05:25:48.129+0000] {processor.py:829} INFO - Processing file /opt/airflow/dags/clean_up_after_star_schema_creation.py for tasks to queue
[2023-12-19T05:25:48.130+0000] {logging_mixin.py:154} INFO - [2023-12-19T05:25:48.130+0000] {dagbag.py:536} INFO - Filling up the DagBag from /opt/airflow/dags/clean_up_after_star_schema_creation.py
[2023-12-19T05:25:48.134+0000] {processor.py:841} WARNING - No viable dags retrieved from /opt/airflow/dags/clean_up_after_star_schema_creation.py
[2023-12-19T05:25:48.143+0000] {processor.py:179} INFO - Processing /opt/airflow/dags/clean_up_after_star_schema_creation.py took 0.017 seconds
[2023-12-19T05:26:18.583+0000] {processor.py:157} INFO - Started process (PID=1178) to work on /opt/airflow/dags/clean_up_after_star_schema_creation.py
[2023-12-19T05:26:18.584+0000] {processor.py:829} INFO - Processing file /opt/airflow/dags/clean_up_after_star_schema_creation.py for tasks to queue
[2023-12-19T05:26:18.585+0000] {logging_mixin.py:154} INFO - [2023-12-19T05:26:18.585+0000] {dagbag.py:536} INFO - Filling up the DagBag from /opt/airflow/dags/clean_up_after_star_schema_creation.py
[2023-12-19T05:26:18.589+0000] {processor.py:841} WARNING - No viable dags retrieved from /opt/airflow/dags/clean_up_after_star_schema_creation.py
[2023-12-19T05:26:18.601+0000] {processor.py:179} INFO - Processing /opt/airflow/dags/clean_up_after_star_schema_creation.py took 0.020 seconds
[2023-12-19T05:26:49.074+0000] {processor.py:157} INFO - Started process (PID=1235) to work on /opt/airflow/dags/clean_up_after_star_schema_creation.py
[2023-12-19T05:26:49.075+0000] {processor.py:829} INFO - Processing file /opt/airflow/dags/clean_up_after_star_schema_creation.py for tasks to queue
[2023-12-19T05:26:49.076+0000] {logging_mixin.py:154} INFO - [2023-12-19T05:26:49.075+0000] {dagbag.py:536} INFO - Filling up the DagBag from /opt/airflow/dags/clean_up_after_star_schema_creation.py
[2023-12-19T05:26:49.081+0000] {processor.py:841} WARNING - No viable dags retrieved from /opt/airflow/dags/clean_up_after_star_schema_creation.py
[2023-12-19T05:26:49.093+0000] {processor.py:179} INFO - Processing /opt/airflow/dags/clean_up_after_star_schema_creation.py took 0.022 seconds
[2023-12-19T05:27:19.604+0000] {processor.py:157} INFO - Started process (PID=1272) to work on /opt/airflow/dags/clean_up_after_star_schema_creation.py
[2023-12-19T05:27:19.605+0000] {processor.py:829} INFO - Processing file /opt/airflow/dags/clean_up_after_star_schema_creation.py for tasks to queue
[2023-12-19T05:27:19.605+0000] {logging_mixin.py:154} INFO - [2023-12-19T05:27:19.605+0000] {dagbag.py:536} INFO - Filling up the DagBag from /opt/airflow/dags/clean_up_after_star_schema_creation.py
[2023-12-19T05:27:19.609+0000] {processor.py:841} WARNING - No viable dags retrieved from /opt/airflow/dags/clean_up_after_star_schema_creation.py
[2023-12-19T05:27:19.620+0000] {processor.py:179} INFO - Processing /opt/airflow/dags/clean_up_after_star_schema_creation.py took 0.018 seconds
[2023-12-19T05:27:50.066+0000] {processor.py:157} INFO - Started process (PID=1329) to work on /opt/airflow/dags/clean_up_after_star_schema_creation.py
[2023-12-19T05:27:50.066+0000] {processor.py:829} INFO - Processing file /opt/airflow/dags/clean_up_after_star_schema_creation.py for tasks to queue
[2023-12-19T05:27:50.067+0000] {logging_mixin.py:154} INFO - [2023-12-19T05:27:50.067+0000] {dagbag.py:536} INFO - Filling up the DagBag from /opt/airflow/dags/clean_up_after_star_schema_creation.py
[2023-12-19T05:27:50.071+0000] {processor.py:841} WARNING - No viable dags retrieved from /opt/airflow/dags/clean_up_after_star_schema_creation.py
[2023-12-19T05:27:50.081+0000] {processor.py:179} INFO - Processing /opt/airflow/dags/clean_up_after_star_schema_creation.py took 0.017 seconds
[2023-12-19T05:28:20.535+0000] {processor.py:157} INFO - Started process (PID=1366) to work on /opt/airflow/dags/clean_up_after_star_schema_creation.py
[2023-12-19T05:28:20.536+0000] {processor.py:829} INFO - Processing file /opt/airflow/dags/clean_up_after_star_schema_creation.py for tasks to queue
[2023-12-19T05:28:20.537+0000] {logging_mixin.py:154} INFO - [2023-12-19T05:28:20.536+0000] {dagbag.py:536} INFO - Filling up the DagBag from /opt/airflow/dags/clean_up_after_star_schema_creation.py
[2023-12-19T05:28:20.541+0000] {processor.py:841} WARNING - No viable dags retrieved from /opt/airflow/dags/clean_up_after_star_schema_creation.py
[2023-12-19T05:28:20.551+0000] {processor.py:179} INFO - Processing /opt/airflow/dags/clean_up_after_star_schema_creation.py took 0.018 seconds
[2023-12-19T05:28:50.986+0000] {processor.py:157} INFO - Started process (PID=1405) to work on /opt/airflow/dags/clean_up_after_star_schema_creation.py
[2023-12-19T05:28:50.986+0000] {processor.py:829} INFO - Processing file /opt/airflow/dags/clean_up_after_star_schema_creation.py for tasks to queue
[2023-12-19T05:28:50.987+0000] {logging_mixin.py:154} INFO - [2023-12-19T05:28:50.987+0000] {dagbag.py:536} INFO - Filling up the DagBag from /opt/airflow/dags/clean_up_after_star_schema_creation.py
[2023-12-19T05:28:50.991+0000] {processor.py:841} WARNING - No viable dags retrieved from /opt/airflow/dags/clean_up_after_star_schema_creation.py
[2023-12-19T05:28:51.001+0000] {processor.py:179} INFO - Processing /opt/airflow/dags/clean_up_after_star_schema_creation.py took 0.018 seconds
[2023-12-19T05:29:21.431+0000] {processor.py:157} INFO - Started process (PID=1442) to work on /opt/airflow/dags/clean_up_after_star_schema_creation.py
[2023-12-19T05:29:21.432+0000] {processor.py:829} INFO - Processing file /opt/airflow/dags/clean_up_after_star_schema_creation.py for tasks to queue
[2023-12-19T05:29:21.432+0000] {logging_mixin.py:154} INFO - [2023-12-19T05:29:21.432+0000] {dagbag.py:536} INFO - Filling up the DagBag from /opt/airflow/dags/clean_up_after_star_schema_creation.py
[2023-12-19T05:29:21.437+0000] {processor.py:841} WARNING - No viable dags retrieved from /opt/airflow/dags/clean_up_after_star_schema_creation.py
[2023-12-19T05:29:21.448+0000] {processor.py:179} INFO - Processing /opt/airflow/dags/clean_up_after_star_schema_creation.py took 0.019 seconds
[2023-12-19T05:29:51.900+0000] {processor.py:157} INFO - Started process (PID=1479) to work on /opt/airflow/dags/clean_up_after_star_schema_creation.py
[2023-12-19T05:29:51.901+0000] {processor.py:829} INFO - Processing file /opt/airflow/dags/clean_up_after_star_schema_creation.py for tasks to queue
[2023-12-19T05:29:51.901+0000] {logging_mixin.py:154} INFO - [2023-12-19T05:29:51.901+0000] {dagbag.py:536} INFO - Filling up the DagBag from /opt/airflow/dags/clean_up_after_star_schema_creation.py
[2023-12-19T05:29:51.905+0000] {processor.py:841} WARNING - No viable dags retrieved from /opt/airflow/dags/clean_up_after_star_schema_creation.py
[2023-12-19T05:29:51.916+0000] {processor.py:179} INFO - Processing /opt/airflow/dags/clean_up_after_star_schema_creation.py took 0.018 seconds
[2023-12-19T05:30:22.394+0000] {processor.py:157} INFO - Started process (PID=1516) to work on /opt/airflow/dags/clean_up_after_star_schema_creation.py
[2023-12-19T05:30:22.395+0000] {processor.py:829} INFO - Processing file /opt/airflow/dags/clean_up_after_star_schema_creation.py for tasks to queue
[2023-12-19T05:30:22.395+0000] {logging_mixin.py:154} INFO - [2023-12-19T05:30:22.395+0000] {dagbag.py:536} INFO - Filling up the DagBag from /opt/airflow/dags/clean_up_after_star_schema_creation.py
[2023-12-19T05:30:22.399+0000] {processor.py:841} WARNING - No viable dags retrieved from /opt/airflow/dags/clean_up_after_star_schema_creation.py
[2023-12-19T05:30:22.410+0000] {processor.py:179} INFO - Processing /opt/airflow/dags/clean_up_after_star_schema_creation.py took 0.018 seconds
[2023-12-19T05:30:52.897+0000] {processor.py:157} INFO - Started process (PID=1553) to work on /opt/airflow/dags/clean_up_after_star_schema_creation.py
[2023-12-19T05:30:52.897+0000] {processor.py:829} INFO - Processing file /opt/airflow/dags/clean_up_after_star_schema_creation.py for tasks to queue
[2023-12-19T05:30:52.898+0000] {logging_mixin.py:154} INFO - [2023-12-19T05:30:52.898+0000] {dagbag.py:536} INFO - Filling up the DagBag from /opt/airflow/dags/clean_up_after_star_schema_creation.py
[2023-12-19T05:30:52.902+0000] {processor.py:841} WARNING - No viable dags retrieved from /opt/airflow/dags/clean_up_after_star_schema_creation.py
[2023-12-19T05:30:52.911+0000] {processor.py:179} INFO - Processing /opt/airflow/dags/clean_up_after_star_schema_creation.py took 0.017 seconds
[2023-12-19T05:31:23.372+0000] {processor.py:157} INFO - Started process (PID=1590) to work on /opt/airflow/dags/clean_up_after_star_schema_creation.py
[2023-12-19T05:31:23.372+0000] {processor.py:829} INFO - Processing file /opt/airflow/dags/clean_up_after_star_schema_creation.py for tasks to queue
[2023-12-19T05:31:23.373+0000] {logging_mixin.py:154} INFO - [2023-12-19T05:31:23.373+0000] {dagbag.py:536} INFO - Filling up the DagBag from /opt/airflow/dags/clean_up_after_star_schema_creation.py
[2023-12-19T05:31:23.377+0000] {processor.py:841} WARNING - No viable dags retrieved from /opt/airflow/dags/clean_up_after_star_schema_creation.py
[2023-12-19T05:31:23.387+0000] {processor.py:179} INFO - Processing /opt/airflow/dags/clean_up_after_star_schema_creation.py took 0.018 seconds
[2023-12-19T05:31:53.873+0000] {processor.py:157} INFO - Started process (PID=1627) to work on /opt/airflow/dags/clean_up_after_star_schema_creation.py
[2023-12-19T05:31:53.874+0000] {processor.py:829} INFO - Processing file /opt/airflow/dags/clean_up_after_star_schema_creation.py for tasks to queue
[2023-12-19T05:31:53.874+0000] {logging_mixin.py:154} INFO - [2023-12-19T05:31:53.874+0000] {dagbag.py:536} INFO - Filling up the DagBag from /opt/airflow/dags/clean_up_after_star_schema_creation.py
[2023-12-19T05:31:53.879+0000] {processor.py:841} WARNING - No viable dags retrieved from /opt/airflow/dags/clean_up_after_star_schema_creation.py
[2023-12-19T05:31:53.890+0000] {processor.py:179} INFO - Processing /opt/airflow/dags/clean_up_after_star_schema_creation.py took 0.021 seconds
[2023-12-19T05:32:24.382+0000] {processor.py:157} INFO - Started process (PID=1670) to work on /opt/airflow/dags/clean_up_after_star_schema_creation.py
[2023-12-19T05:32:24.383+0000] {processor.py:829} INFO - Processing file /opt/airflow/dags/clean_up_after_star_schema_creation.py for tasks to queue
[2023-12-19T05:32:24.384+0000] {logging_mixin.py:154} INFO - [2023-12-19T05:32:24.384+0000] {dagbag.py:536} INFO - Filling up the DagBag from /opt/airflow/dags/clean_up_after_star_schema_creation.py
[2023-12-19T05:32:24.389+0000] {processor.py:841} WARNING - No viable dags retrieved from /opt/airflow/dags/clean_up_after_star_schema_creation.py
[2023-12-19T05:32:24.399+0000] {processor.py:179} INFO - Processing /opt/airflow/dags/clean_up_after_star_schema_creation.py took 0.020 seconds
[2023-12-19T05:32:54.887+0000] {processor.py:157} INFO - Started process (PID=1708) to work on /opt/airflow/dags/clean_up_after_star_schema_creation.py
[2023-12-19T05:32:54.887+0000] {processor.py:829} INFO - Processing file /opt/airflow/dags/clean_up_after_star_schema_creation.py for tasks to queue
[2023-12-19T05:32:54.888+0000] {logging_mixin.py:154} INFO - [2023-12-19T05:32:54.888+0000] {dagbag.py:536} INFO - Filling up the DagBag from /opt/airflow/dags/clean_up_after_star_schema_creation.py
[2023-12-19T05:32:54.892+0000] {processor.py:841} WARNING - No viable dags retrieved from /opt/airflow/dags/clean_up_after_star_schema_creation.py
[2023-12-19T05:32:54.902+0000] {processor.py:179} INFO - Processing /opt/airflow/dags/clean_up_after_star_schema_creation.py took 0.017 seconds
[2023-12-19T05:33:25.427+0000] {processor.py:157} INFO - Started process (PID=1765) to work on /opt/airflow/dags/clean_up_after_star_schema_creation.py
[2023-12-19T05:33:25.428+0000] {processor.py:829} INFO - Processing file /opt/airflow/dags/clean_up_after_star_schema_creation.py for tasks to queue
[2023-12-19T05:33:25.428+0000] {logging_mixin.py:154} INFO - [2023-12-19T05:33:25.428+0000] {dagbag.py:536} INFO - Filling up the DagBag from /opt/airflow/dags/clean_up_after_star_schema_creation.py
[2023-12-19T05:33:25.434+0000] {processor.py:841} WARNING - No viable dags retrieved from /opt/airflow/dags/clean_up_after_star_schema_creation.py
[2023-12-19T05:33:25.443+0000] {processor.py:179} INFO - Processing /opt/airflow/dags/clean_up_after_star_schema_creation.py took 0.019 seconds
[2023-12-19T05:33:55.867+0000] {processor.py:157} INFO - Started process (PID=1802) to work on /opt/airflow/dags/clean_up_after_star_schema_creation.py
[2023-12-19T05:33:55.868+0000] {processor.py:829} INFO - Processing file /opt/airflow/dags/clean_up_after_star_schema_creation.py for tasks to queue
[2023-12-19T05:33:55.869+0000] {logging_mixin.py:154} INFO - [2023-12-19T05:33:55.869+0000] {dagbag.py:536} INFO - Filling up the DagBag from /opt/airflow/dags/clean_up_after_star_schema_creation.py
[2023-12-19T05:33:55.873+0000] {processor.py:841} WARNING - No viable dags retrieved from /opt/airflow/dags/clean_up_after_star_schema_creation.py
[2023-12-19T05:33:55.883+0000] {processor.py:179} INFO - Processing /opt/airflow/dags/clean_up_after_star_schema_creation.py took 0.018 seconds
[2023-12-19T05:34:26.311+0000] {processor.py:157} INFO - Started process (PID=1839) to work on /opt/airflow/dags/clean_up_after_star_schema_creation.py
[2023-12-19T05:34:26.312+0000] {processor.py:829} INFO - Processing file /opt/airflow/dags/clean_up_after_star_schema_creation.py for tasks to queue
[2023-12-19T05:34:26.313+0000] {logging_mixin.py:154} INFO - [2023-12-19T05:34:26.313+0000] {dagbag.py:536} INFO - Filling up the DagBag from /opt/airflow/dags/clean_up_after_star_schema_creation.py
[2023-12-19T05:34:26.318+0000] {processor.py:841} WARNING - No viable dags retrieved from /opt/airflow/dags/clean_up_after_star_schema_creation.py
[2023-12-19T05:34:26.328+0000] {processor.py:179} INFO - Processing /opt/airflow/dags/clean_up_after_star_schema_creation.py took 0.019 seconds
[2023-12-19T05:34:56.791+0000] {processor.py:157} INFO - Started process (PID=1876) to work on /opt/airflow/dags/clean_up_after_star_schema_creation.py
[2023-12-19T05:34:56.792+0000] {processor.py:829} INFO - Processing file /opt/airflow/dags/clean_up_after_star_schema_creation.py for tasks to queue
[2023-12-19T05:34:56.793+0000] {logging_mixin.py:154} INFO - [2023-12-19T05:34:56.792+0000] {dagbag.py:536} INFO - Filling up the DagBag from /opt/airflow/dags/clean_up_after_star_schema_creation.py
[2023-12-19T05:34:56.797+0000] {processor.py:841} WARNING - No viable dags retrieved from /opt/airflow/dags/clean_up_after_star_schema_creation.py
[2023-12-19T05:34:56.807+0000] {processor.py:179} INFO - Processing /opt/airflow/dags/clean_up_after_star_schema_creation.py took 0.018 seconds
[2023-12-19T05:35:27.251+0000] {processor.py:157} INFO - Started process (PID=1913) to work on /opt/airflow/dags/clean_up_after_star_schema_creation.py
[2023-12-19T05:35:27.252+0000] {processor.py:829} INFO - Processing file /opt/airflow/dags/clean_up_after_star_schema_creation.py for tasks to queue
[2023-12-19T05:35:27.253+0000] {logging_mixin.py:154} INFO - [2023-12-19T05:35:27.252+0000] {dagbag.py:536} INFO - Filling up the DagBag from /opt/airflow/dags/clean_up_after_star_schema_creation.py
[2023-12-19T05:35:27.257+0000] {processor.py:841} WARNING - No viable dags retrieved from /opt/airflow/dags/clean_up_after_star_schema_creation.py
[2023-12-19T05:35:27.268+0000] {processor.py:179} INFO - Processing /opt/airflow/dags/clean_up_after_star_schema_creation.py took 0.019 seconds
