[2023-12-09T19:38:21.634+0000] {taskinstance.py:1159} INFO - Dependencies all met for dep_context=non-requeueable deps ti=<TaskInstance: california_housing_data-v01.remove_unnecessary_columns.remove_unnecessary_columns.remove_URL_STRING_col scheduled__2023-12-01T00:00:00+00:00 [queued]>
[2023-12-09T19:38:21.649+0000] {taskinstance.py:1159} INFO - Dependencies all met for dep_context=requeueable deps ti=<TaskInstance: california_housing_data-v01.remove_unnecessary_columns.remove_unnecessary_columns.remove_URL_STRING_col scheduled__2023-12-01T00:00:00+00:00 [queued]>
[2023-12-09T19:38:21.651+0000] {taskinstance.py:1361} INFO - Starting attempt 1 of 6
[2023-12-09T19:38:21.702+0000] {taskinstance.py:1382} INFO - Executing <Task(PostgresOperator): remove_unnecessary_columns.remove_URL_STRING_col> on 2023-12-01 00:00:00+00:00
[2023-12-09T19:38:21.724+0000] {standard_task_runner.py:57} INFO - Started process 392 to run task
[2023-12-09T19:38:21.729+0000] {standard_task_runner.py:84} INFO - Running: ['***', 'tasks', 'run', 'california_housing_data-v01.remove_unnecessary_columns', 'remove_unnecessary_columns.remove_URL_STRING_col', 'scheduled__2023-12-01T00:00:00+00:00', '--job-id', '11', '--raw', '--subdir', 'DAGS_FOLDER/ca_housing_data.py', '--cfg-path', '/tmp/tmp2qwvkyy8']
[2023-12-09T19:38:21.733+0000] {standard_task_runner.py:85} INFO - Job 11: Subtask remove_unnecessary_columns.remove_URL_STRING_col
[2023-12-09T19:38:21.865+0000] {task_command.py:416} INFO - Running <TaskInstance: california_housing_data-v01.remove_unnecessary_columns.remove_unnecessary_columns.remove_URL_STRING_col scheduled__2023-12-01T00:00:00+00:00 [running]> on host d5ea29713edc
[2023-12-09T19:38:22.009+0000] {taskinstance.py:1662} INFO - Exporting env vars: AIRFLOW_CTX_DAG_OWNER='dunnbc22' AIRFLOW_CTX_DAG_ID='california_housing_data-v01.remove_unnecessary_columns' AIRFLOW_CTX_TASK_ID='remove_unnecessary_columns.remove_URL_STRING_col' AIRFLOW_CTX_EXECUTION_DATE='2023-12-01T00:00:00+00:00' AIRFLOW_CTX_TRY_NUMBER='1' AIRFLOW_CTX_DAG_RUN_ID='scheduled__2023-12-01T00:00:00+00:00'
[2023-12-09T19:38:22.017+0000] {sql.py:274} INFO - Executing: -- table_name, column_name
ALTER TABLE pipeline_ca_housing
DROP COLUMN URL_STRING;
[2023-12-09T19:38:22.048+0000] {base.py:73} INFO - Using connection ID 'postgres_conn' for task execution.
[2023-12-09T19:38:22.070+0000] {base.py:73} INFO - Using connection ID 'postgres_conn' for task execution.
[2023-12-09T19:38:22.084+0000] {sql.py:418} INFO - Running statement: -- table_name, column_name
ALTER TABLE pipeline_ca_housing
DROP COLUMN URL_STRING;, parameters: None
[2023-12-09T19:38:22.102+0000] {taskinstance.py:1400} INFO - Marking task as SUCCESS. dag_id=california_housing_data-v01.remove_unnecessary_columns, task_id=remove_unnecessary_columns.remove_URL_STRING_col, execution_date=20231201T000000, start_date=20231209T193821, end_date=20231209T193822
[2023-12-09T19:38:22.161+0000] {local_task_job_runner.py:228} INFO - Task exited with return code 0
[2023-12-09T19:38:22.194+0000] {taskinstance.py:2778} INFO - 0 downstream tasks scheduled from follow-on schedule check
