[2023-12-19T23:01:21.937+0000] {taskinstance.py:1159} INFO - Dependencies all met for dep_context=non-requeueable deps ti=<TaskInstance: hosp_insur_claim_fraud-v01.create_dim_tables.create_dim_apr_drg_description_table scheduled__2023-12-01T00:00:00+00:00 [queued]>
[2023-12-19T23:01:21.962+0000] {taskinstance.py:1159} INFO - Dependencies all met for dep_context=requeueable deps ti=<TaskInstance: hosp_insur_claim_fraud-v01.create_dim_tables.create_dim_apr_drg_description_table scheduled__2023-12-01T00:00:00+00:00 [queued]>
[2023-12-19T23:01:21.966+0000] {taskinstance.py:1361} INFO - Starting attempt 1 of 6
[2023-12-19T23:01:21.987+0000] {taskinstance.py:1382} INFO - Executing <Task(PostgresOperator): create_dim_apr_drg_description_table> on 2023-12-01 00:00:00+00:00
[2023-12-19T23:01:22.002+0000] {standard_task_runner.py:57} INFO - Started process 3594 to run task
[2023-12-19T23:01:22.008+0000] {standard_task_runner.py:84} INFO - Running: ['***', 'tasks', 'run', 'hosp_insur_claim_fraud-v01.create_dim_tables', 'create_dim_apr_drg_description_table', 'scheduled__2023-12-01T00:00:00+00:00', '--job-id', '22', '--raw', '--subdir', 'DAGS_FOLDER/Hospital_Insurance_Claim_Fraud.py', '--cfg-path', '/tmp/tmp64kgx5ia']
[2023-12-19T23:01:22.020+0000] {standard_task_runner.py:85} INFO - Job 22: Subtask create_dim_apr_drg_description_table
[2023-12-19T23:01:22.146+0000] {task_command.py:416} INFO - Running <TaskInstance: hosp_insur_claim_fraud-v01.create_dim_tables.create_dim_apr_drg_description_table scheduled__2023-12-01T00:00:00+00:00 [running]> on host 183042dfa495
[2023-12-19T23:01:22.268+0000] {taskinstance.py:1662} INFO - Exporting env vars: AIRFLOW_CTX_DAG_OWNER='dunnbc22' AIRFLOW_CTX_DAG_ID='hosp_insur_claim_fraud-v01.create_dim_tables' AIRFLOW_CTX_TASK_ID='create_dim_apr_drg_description_table' AIRFLOW_CTX_EXECUTION_DATE='2023-12-01T00:00:00+00:00' AIRFLOW_CTX_TRY_NUMBER='1' AIRFLOW_CTX_DAG_RUN_ID='scheduled__2023-12-01T00:00:00+00:00'
[2023-12-19T23:01:22.272+0000] {sql.py:274} INFO - Executing: -- params: table_name, dimension_col, data_type

-- Step 1: Extract Unique Values
CREATE TEMPORARY TABLE unique_values_apr_drg_description AS
SELECT DISTINCT apr_drg_description FROM hosp_insur_claim_fraud_pipeline;

-- Step 2: Create Dimension Table
DROP TABLE IF EXISTS dimension_table_apr_drg_description;
CREATE TABLE dimension_table_apr_drg_description (
    id SERIAL PRIMARY KEY,
    apr_drg_description VARCHAR
);

-- Step 3: Insert unique values into dimension table
INSERT INTO dimension_table_apr_drg_description (apr_drg_description)
SELECT * FROM unique_values_apr_drg_description;
[2023-12-19T23:01:22.300+0000] {base.py:73} INFO - Using connection ID 'postgres_conn' for task execution.
[2023-12-19T23:01:22.319+0000] {base.py:73} INFO - Using connection ID 'postgres_conn' for task execution.
[2023-12-19T23:01:22.354+0000] {sql.py:418} INFO - Running statement: -- params: table_name, dimension_col, data_type

-- Step 1: Extract Unique Values
CREATE TEMPORARY TABLE unique_values_apr_drg_description AS
SELECT DISTINCT apr_drg_description FROM hosp_insur_claim_fraud_pipeline;

-- Step 2: Create Dimension Table
DROP TABLE IF EXISTS dimension_table_apr_drg_description;
CREATE TABLE dimension_table_apr_drg_description (
    id SERIAL PRIMARY KEY,
    apr_drg_description VARCHAR
);

-- Step 3: Insert unique values into dimension table
INSERT INTO dimension_table_apr_drg_description (apr_drg_description)
SELECT * FROM unique_values_apr_drg_description;, parameters: None
[2023-12-19T23:01:22.652+0000] {sql.py:427} INFO - Rows affected: 280
[2023-12-19T23:01:22.689+0000] {taskinstance.py:1400} INFO - Marking task as SUCCESS. dag_id=hosp_insur_claim_fraud-v01.create_dim_tables, task_id=create_dim_apr_drg_description_table, execution_date=20231201T000000, start_date=20231219T230121, end_date=20231219T230122
[2023-12-19T23:01:22.753+0000] {local_task_job_runner.py:228} INFO - Task exited with return code 0
[2023-12-19T23:01:22.815+0000] {taskinstance.py:2778} INFO - 0 downstream tasks scheduled from follow-on schedule check
