[2023-12-11T19:29:28.687+0000] {taskinstance.py:1159} INFO - Dependencies all met for dep_context=non-requeueable deps ti=<TaskInstance: house_price_prediction-v01.create_dim_tables.create_dim_Area_Category_table scheduled__2023-12-01T00:00:00+00:00 [queued]>
[2023-12-11T19:29:28.701+0000] {taskinstance.py:1159} INFO - Dependencies all met for dep_context=requeueable deps ti=<TaskInstance: house_price_prediction-v01.create_dim_tables.create_dim_Area_Category_table scheduled__2023-12-01T00:00:00+00:00 [queued]>
[2023-12-11T19:29:28.702+0000] {taskinstance.py:1361} INFO - Starting attempt 1 of 6
[2023-12-11T19:29:28.721+0000] {taskinstance.py:1382} INFO - Executing <Task(PostgresOperator): create_dim_Area_Category_table> on 2023-12-01 00:00:00+00:00
[2023-12-11T19:29:28.729+0000] {standard_task_runner.py:57} INFO - Started process 619 to run task
[2023-12-11T19:29:28.733+0000] {standard_task_runner.py:84} INFO - Running: ['***', 'tasks', 'run', 'house_price_prediction-v01.create_dim_tables', 'create_dim_Area_Category_table', 'scheduled__2023-12-01T00:00:00+00:00', '--job-id', '17', '--raw', '--subdir', 'DAGS_FOLDER/House Price Prediction.py', '--cfg-path', '/tmp/tmpwhri8rkd']
[2023-12-11T19:29:28.737+0000] {standard_task_runner.py:85} INFO - Job 17: Subtask create_dim_Area_Category_table
[2023-12-11T19:29:28.835+0000] {task_command.py:416} INFO - Running <TaskInstance: house_price_prediction-v01.create_dim_tables.create_dim_Area_Category_table scheduled__2023-12-01T00:00:00+00:00 [running]> on host 10d408a63f6e
[2023-12-11T19:29:28.941+0000] {taskinstance.py:1662} INFO - Exporting env vars: AIRFLOW_CTX_DAG_OWNER='dunnbc22' AIRFLOW_CTX_DAG_ID='house_price_prediction-v01.create_dim_tables' AIRFLOW_CTX_TASK_ID='create_dim_Area_Category_table' AIRFLOW_CTX_EXECUTION_DATE='2023-12-01T00:00:00+00:00' AIRFLOW_CTX_TRY_NUMBER='1' AIRFLOW_CTX_DAG_RUN_ID='scheduled__2023-12-01T00:00:00+00:00'
[2023-12-11T19:29:28.946+0000] {sql.py:274} INFO - Executing: -- params: table_name, dimension_col, data_type

-- Step 1: Extract Unique Values
CREATE TEMPORARY TABLE unique_values_Area_Category AS
SELECT DISTINCT Area_Category FROM house_price_pred_pipe;

-- Step 2: Create Dimension Table
DROP TABLE IF EXISTS dimension_table_Area_Category;
CREATE TABLE dimension_table_Area_Category (
    id SERIAL PRIMARY KEY,
    Area_Category VARCHAR
);

-- Step 3: Insert unique values into dimension table
INSERT INTO dimension_table_Area_Category (Area_Category)
SELECT * FROM unique_values_Area_Category;
[2023-12-11T19:29:28.965+0000] {base.py:73} INFO - Using connection ID 'postgres_conn' for task execution.
[2023-12-11T19:29:28.985+0000] {base.py:73} INFO - Using connection ID 'postgres_conn' for task execution.
[2023-12-11T19:29:29.000+0000] {sql.py:418} INFO - Running statement: -- params: table_name, dimension_col, data_type

-- Step 1: Extract Unique Values
CREATE TEMPORARY TABLE unique_values_Area_Category AS
SELECT DISTINCT Area_Category FROM house_price_pred_pipe;

-- Step 2: Create Dimension Table
DROP TABLE IF EXISTS dimension_table_Area_Category;
CREATE TABLE dimension_table_Area_Category (
    id SERIAL PRIMARY KEY,
    Area_Category VARCHAR
);

-- Step 3: Insert unique values into dimension table
INSERT INTO dimension_table_Area_Category (Area_Category)
SELECT * FROM unique_values_Area_Category;, parameters: None
[2023-12-11T19:29:29.061+0000] {sql.py:427} INFO - Rows affected: 7
[2023-12-11T19:29:29.080+0000] {taskinstance.py:1400} INFO - Marking task as SUCCESS. dag_id=house_price_prediction-v01.create_dim_tables, task_id=create_dim_Area_Category_table, execution_date=20231201T000000, start_date=20231211T192928, end_date=20231211T192929
[2023-12-11T19:29:29.148+0000] {local_task_job_runner.py:228} INFO - Task exited with return code 0
[2023-12-11T19:29:29.192+0000] {taskinstance.py:2778} INFO - 0 downstream tasks scheduled from follow-on schedule check
