[2023-12-11T05:50:10.998+0000] {taskinstance.py:1159} INFO - Dependencies all met for dep_context=non-requeueable deps ti=<TaskInstance: Electric_Vehicle_Population-v01.create_dim_tables.create_dim_County_table scheduled__2023-12-01T00:00:00+00:00 [queued]>
[2023-12-11T05:50:11.021+0000] {taskinstance.py:1159} INFO - Dependencies all met for dep_context=requeueable deps ti=<TaskInstance: Electric_Vehicle_Population-v01.create_dim_tables.create_dim_County_table scheduled__2023-12-01T00:00:00+00:00 [queued]>
[2023-12-11T05:50:11.024+0000] {taskinstance.py:1361} INFO - Starting attempt 1 of 6
[2023-12-11T05:50:11.043+0000] {taskinstance.py:1382} INFO - Executing <Task(PostgresOperator): create_dim_County_table> on 2023-12-01 00:00:00+00:00
[2023-12-11T05:50:11.049+0000] {standard_task_runner.py:57} INFO - Started process 645 to run task
[2023-12-11T05:50:11.059+0000] {standard_task_runner.py:84} INFO - Running: ['***', 'tasks', 'run', 'Electric_Vehicle_Population-v01.create_dim_tables', 'create_dim_County_table', 'scheduled__2023-12-01T00:00:00+00:00', '--job-id', '17', '--raw', '--subdir', 'DAGS_FOLDER/EV_Population.py', '--cfg-path', '/tmp/tmp51quhilq']
[2023-12-11T05:50:11.099+0000] {standard_task_runner.py:85} INFO - Job 17: Subtask create_dim_County_table
[2023-12-11T05:50:11.236+0000] {task_command.py:416} INFO - Running <TaskInstance: Electric_Vehicle_Population-v01.create_dim_tables.create_dim_County_table scheduled__2023-12-01T00:00:00+00:00 [running]> on host c7d0b77d8cb9
[2023-12-11T05:50:11.414+0000] {taskinstance.py:1662} INFO - Exporting env vars: AIRFLOW_CTX_DAG_OWNER='dunnbc22' AIRFLOW_CTX_DAG_ID='Electric_Vehicle_Population-v01.create_dim_tables' AIRFLOW_CTX_TASK_ID='create_dim_County_table' AIRFLOW_CTX_EXECUTION_DATE='2023-12-01T00:00:00+00:00' AIRFLOW_CTX_TRY_NUMBER='1' AIRFLOW_CTX_DAG_RUN_ID='scheduled__2023-12-01T00:00:00+00:00'
[2023-12-11T05:50:11.425+0000] {sql.py:274} INFO - Executing: -- params: table_name, dimension_col, data_type

-- Step 1: Extract Unique Values
CREATE TEMPORARY TABLE unique_values_County AS
SELECT DISTINCT County FROM ev_pop_pipe;

-- Step 2: Create Dimension Table
DROP TABLE IF EXISTS dimension_table_County;
CREATE TABLE dimension_table_County (
    id SERIAL PRIMARY KEY,
    County VARCHAR
);

-- Step 3: Insert unique values into dimension table
INSERT INTO dimension_table_County (County)
SELECT * FROM unique_values_County;
[2023-12-11T05:50:11.436+0000] {base.py:73} INFO - Using connection ID 'postgres_conn' for task execution.
[2023-12-11T05:50:11.446+0000] {base.py:73} INFO - Using connection ID 'postgres_conn' for task execution.
[2023-12-11T05:50:11.483+0000] {sql.py:418} INFO - Running statement: -- params: table_name, dimension_col, data_type

-- Step 1: Extract Unique Values
CREATE TEMPORARY TABLE unique_values_County AS
SELECT DISTINCT County FROM ev_pop_pipe;

-- Step 2: Create Dimension Table
DROP TABLE IF EXISTS dimension_table_County;
CREATE TABLE dimension_table_County (
    id SERIAL PRIMARY KEY,
    County VARCHAR
);

-- Step 3: Insert unique values into dimension table
INSERT INTO dimension_table_County (County)
SELECT * FROM unique_values_County;, parameters: None
[2023-12-11T05:50:11.549+0000] {sql.py:427} INFO - Rows affected: 39
[2023-12-11T05:50:11.602+0000] {taskinstance.py:1400} INFO - Marking task as SUCCESS. dag_id=Electric_Vehicle_Population-v01.create_dim_tables, task_id=create_dim_County_table, execution_date=20231201T000000, start_date=20231211T055011, end_date=20231211T055011
[2023-12-11T05:50:11.686+0000] {local_task_job_runner.py:228} INFO - Task exited with return code 0
[2023-12-11T05:50:11.800+0000] {taskinstance.py:2778} INFO - 0 downstream tasks scheduled from follow-on schedule check
