[2023-12-08T17:13:37.724+0000] {taskinstance.py:1159} INFO - Dependencies all met for dep_context=non-requeueable deps ti=<TaskInstance: Allegheny_Co_Property_Sale_Transactions-v01.remove_unnecessary_columns.remove_unnecessary_columns.remove_PROPERTYHOUSENUM_col scheduled__2023-12-01T00:00:00+00:00 [queued]>
[2023-12-08T17:13:37.735+0000] {taskinstance.py:1159} INFO - Dependencies all met for dep_context=requeueable deps ti=<TaskInstance: Allegheny_Co_Property_Sale_Transactions-v01.remove_unnecessary_columns.remove_unnecessary_columns.remove_PROPERTYHOUSENUM_col scheduled__2023-12-01T00:00:00+00:00 [queued]>
[2023-12-08T17:13:37.736+0000] {taskinstance.py:1361} INFO - Starting attempt 1 of 6
[2023-12-08T17:13:37.750+0000] {taskinstance.py:1382} INFO - Executing <Task(PostgresOperator): remove_unnecessary_columns.remove_PROPERTYHOUSENUM_col> on 2023-12-01 00:00:00+00:00
[2023-12-08T17:13:37.758+0000] {standard_task_runner.py:57} INFO - Started process 2767 to run task
[2023-12-08T17:13:37.764+0000] {standard_task_runner.py:84} INFO - Running: ['***', 'tasks', 'run', 'Allegheny_Co_Property_Sale_Transactions-v01.remove_unnecessary_columns', 'remove_unnecessary_columns.remove_PROPERTYHOUSENUM_col', 'scheduled__2023-12-01T00:00:00+00:00', '--job-id', '10', '--raw', '--subdir', 'DAGS_FOLDER/Allegheny Co Property Sale Transactions.py', '--cfg-path', '/tmp/tmpqtc28vm3']
[2023-12-08T17:13:37.767+0000] {standard_task_runner.py:85} INFO - Job 10: Subtask remove_unnecessary_columns.remove_PROPERTYHOUSENUM_col
[2023-12-08T17:13:37.847+0000] {task_command.py:416} INFO - Running <TaskInstance: Allegheny_Co_Property_Sale_Transactions-v01.remove_unnecessary_columns.remove_unnecessary_columns.remove_PROPERTYHOUSENUM_col scheduled__2023-12-01T00:00:00+00:00 [running]> on host 1fc866509645
[2023-12-08T17:13:37.934+0000] {taskinstance.py:1662} INFO - Exporting env vars: AIRFLOW_CTX_DAG_OWNER='dunnbc22' AIRFLOW_CTX_DAG_ID='Allegheny_Co_Property_Sale_Transactions-v01.remove_unnecessary_columns' AIRFLOW_CTX_TASK_ID='remove_unnecessary_columns.remove_PROPERTYHOUSENUM_col' AIRFLOW_CTX_EXECUTION_DATE='2023-12-01T00:00:00+00:00' AIRFLOW_CTX_TRY_NUMBER='1' AIRFLOW_CTX_DAG_RUN_ID='scheduled__2023-12-01T00:00:00+00:00'
[2023-12-08T17:13:37.936+0000] {sql.py:274} INFO - Executing: -- table_name, column_name
ALTER TABLE allegheny_co_property_sale_transactions
DROP COLUMN PROPERTYHOUSENUM;
[2023-12-08T17:13:37.949+0000] {base.py:73} INFO - Using connection ID 'postgres_conn' for task execution.
[2023-12-08T17:13:37.964+0000] {base.py:73} INFO - Using connection ID 'postgres_conn' for task execution.
[2023-12-08T17:13:37.976+0000] {sql.py:418} INFO - Running statement: -- table_name, column_name
ALTER TABLE allegheny_co_property_sale_transactions
DROP COLUMN PROPERTYHOUSENUM;, parameters: None
[2023-12-08T17:13:37.990+0000] {taskinstance.py:1400} INFO - Marking task as SUCCESS. dag_id=Allegheny_Co_Property_Sale_Transactions-v01.remove_unnecessary_columns, task_id=remove_unnecessary_columns.remove_PROPERTYHOUSENUM_col, execution_date=20231201T000000, start_date=20231208T171337, end_date=20231208T171337
[2023-12-08T17:13:38.021+0000] {local_task_job_runner.py:228} INFO - Task exited with return code 0
[2023-12-08T17:13:38.092+0000] {taskinstance.py:2778} INFO - 0 downstream tasks scheduled from follow-on schedule check
[2023-12-08T18:01:00.306+0000] {taskinstance.py:1159} INFO - Dependencies all met for dep_context=non-requeueable deps ti=<TaskInstance: Allegheny_Co_Property_Sale_Transactions-v01.remove_unnecessary_columns.remove_unnecessary_columns.remove_PROPERTYHOUSENUM_col scheduled__2023-12-01T00:00:00+00:00 [queued]>
[2023-12-08T18:01:00.313+0000] {taskinstance.py:1159} INFO - Dependencies all met for dep_context=requeueable deps ti=<TaskInstance: Allegheny_Co_Property_Sale_Transactions-v01.remove_unnecessary_columns.remove_unnecessary_columns.remove_PROPERTYHOUSENUM_col scheduled__2023-12-01T00:00:00+00:00 [queued]>
[2023-12-08T18:01:00.314+0000] {taskinstance.py:1361} INFO - Starting attempt 1 of 6
[2023-12-08T18:01:00.329+0000] {taskinstance.py:1382} INFO - Executing <Task(PostgresOperator): remove_unnecessary_columns.remove_PROPERTYHOUSENUM_col> on 2023-12-01 00:00:00+00:00
[2023-12-08T18:01:00.341+0000] {standard_task_runner.py:57} INFO - Started process 6754 to run task
[2023-12-08T18:01:00.354+0000] {standard_task_runner.py:84} INFO - Running: ['***', 'tasks', 'run', 'Allegheny_Co_Property_Sale_Transactions-v01.remove_unnecessary_columns', 'remove_unnecessary_columns.remove_PROPERTYHOUSENUM_col', 'scheduled__2023-12-01T00:00:00+00:00', '--job-id', '76', '--raw', '--subdir', 'DAGS_FOLDER/Allegheny Co Property Sale Transactions.py', '--cfg-path', '/tmp/tmpdsh23crb']
[2023-12-08T18:01:00.357+0000] {standard_task_runner.py:85} INFO - Job 76: Subtask remove_unnecessary_columns.remove_PROPERTYHOUSENUM_col
[2023-12-08T18:01:00.422+0000] {task_command.py:416} INFO - Running <TaskInstance: Allegheny_Co_Property_Sale_Transactions-v01.remove_unnecessary_columns.remove_unnecessary_columns.remove_PROPERTYHOUSENUM_col scheduled__2023-12-01T00:00:00+00:00 [running]> on host 1fc866509645
[2023-12-08T18:01:00.506+0000] {taskinstance.py:1662} INFO - Exporting env vars: AIRFLOW_CTX_DAG_OWNER='dunnbc22' AIRFLOW_CTX_DAG_ID='Allegheny_Co_Property_Sale_Transactions-v01.remove_unnecessary_columns' AIRFLOW_CTX_TASK_ID='remove_unnecessary_columns.remove_PROPERTYHOUSENUM_col' AIRFLOW_CTX_EXECUTION_DATE='2023-12-01T00:00:00+00:00' AIRFLOW_CTX_TRY_NUMBER='1' AIRFLOW_CTX_DAG_RUN_ID='scheduled__2023-12-01T00:00:00+00:00'
[2023-12-08T18:01:00.510+0000] {sql.py:274} INFO - Executing: -- table_name, column_name
ALTER TABLE allegheny_co_property_sale_transactions
DROP COLUMN PROPERTYHOUSENUM;
[2023-12-08T18:01:00.520+0000] {base.py:73} INFO - Using connection ID 'postgres_conn' for task execution.
[2023-12-08T18:01:00.539+0000] {base.py:73} INFO - Using connection ID 'postgres_conn' for task execution.
[2023-12-08T18:01:00.548+0000] {sql.py:418} INFO - Running statement: -- table_name, column_name
ALTER TABLE allegheny_co_property_sale_transactions
DROP COLUMN PROPERTYHOUSENUM;, parameters: None
[2023-12-08T18:01:00.560+0000] {taskinstance.py:1400} INFO - Marking task as SUCCESS. dag_id=Allegheny_Co_Property_Sale_Transactions-v01.remove_unnecessary_columns, task_id=remove_unnecessary_columns.remove_PROPERTYHOUSENUM_col, execution_date=20231201T000000, start_date=20231208T180100, end_date=20231208T180100
[2023-12-08T18:01:00.603+0000] {local_task_job_runner.py:228} INFO - Task exited with return code 0
[2023-12-08T18:01:00.674+0000] {taskinstance.py:2778} INFO - 0 downstream tasks scheduled from follow-on schedule check
