[2023-12-19T04:33:38.189+0000] {manager.py:487} INFO - Processing files using up to 2 processes at a time 
[2023-12-19T04:33:38.191+0000] {manager.py:488} INFO - Process each file at most once every 30 seconds
[2023-12-19T04:33:38.193+0000] {manager.py:489} INFO - Checking for new files in /opt/airflow/dags every 300 seconds
[2023-12-19T04:33:38.194+0000] {manager.py:755} INFO - Searching for files in /opt/airflow/dags
[2023-12-19T04:33:38.241+0000] {manager.py:758} INFO - There are 6 files in /opt/airflow/dags
[2023-12-19T04:33:38.404+0000] {manager.py:887} INFO - 
================================================================================
DAG File Processing Stats

File Path                                                   PID  Runtime      # DAGs    # Errors  Last Runtime    Last Run
--------------------------------------------------------  -----  ---------  --------  ----------  --------------  ----------
/opt/airflow/dags/Automobile Insurance.py                   167  0.05s             0           0
/opt/airflow/dags/sub_dag_generate_month_dom_year.py                               0           0
/opt/airflow/dags/create_star_schema_part_1.py                                     0           0
/opt/airflow/dags/create_star_schema_part_2.py                                     0           0
/opt/airflow/dags/sub_dag_remove_multiple_columns.py        170  0.04s             0           0
/opt/airflow/dags/clean_up_after_star_schema_creation.py                           0           0
================================================================================
[2023-12-19T04:34:08.942+0000] {manager.py:887} INFO - 
================================================================================
DAG File Processing Stats

File Path                                                   PID  Runtime      # DAGs    # Errors  Last Runtime    Last Run
--------------------------------------------------------  -----  ---------  --------  ----------  --------------  -------------------
/opt/airflow/dags/Automobile Insurance.py                   204  0.04s             0           1  0.14s           2023-12-19T04:33:38
/opt/airflow/dags/sub_dag_generate_month_dom_year.py                               0           1  0.09s           2023-12-19T04:33:38
/opt/airflow/dags/create_star_schema_part_1.py                                     0           0  0.07s           2023-12-19T04:33:38
/opt/airflow/dags/create_star_schema_part_2.py                                     0           0  0.10s           2023-12-19T04:33:38
/opt/airflow/dags/sub_dag_remove_multiple_columns.py        206  0.01s             0           0  0.10s           2023-12-19T04:33:38
/opt/airflow/dags/clean_up_after_star_schema_creation.py                           0           0  0.05s           2023-12-19T04:33:38
================================================================================
[2023-12-19T04:34:39.697+0000] {manager.py:887} INFO - 
================================================================================
DAG File Processing Stats

File Path                                                   PID  Runtime      # DAGs    # Errors  Last Runtime    Last Run
--------------------------------------------------------  -----  ---------  --------  ----------  --------------  -------------------
/opt/airflow/dags/Automobile Insurance.py                   241  0.03s             0           1  0.19s           2023-12-19T04:34:09
/opt/airflow/dags/sub_dag_generate_month_dom_year.py                               0           1  0.11s           2023-12-19T04:34:09
/opt/airflow/dags/create_star_schema_part_1.py                                     0           0  0.08s           2023-12-19T04:34:09
/opt/airflow/dags/create_star_schema_part_2.py                                     0           0  0.10s           2023-12-19T04:34:09
/opt/airflow/dags/sub_dag_remove_multiple_columns.py        243  0.01s             0           0  0.13s           2023-12-19T04:34:09
/opt/airflow/dags/clean_up_after_star_schema_creation.py                           0           0  0.08s           2023-12-19T04:34:09
================================================================================
[2023-12-19T04:35:10.232+0000] {manager.py:887} INFO - 
================================================================================
DAG File Processing Stats

File Path                                                   PID  Runtime      # DAGs    # Errors  Last Runtime    Last Run
--------------------------------------------------------  -----  ---------  --------  ----------  --------------  -------------------
/opt/airflow/dags/Automobile Insurance.py                   291  0.00s             0           1  0.21s           2023-12-19T04:34:39
/opt/airflow/dags/sub_dag_generate_month_dom_year.py        288  0.01s             0           0  0.08s           2023-12-19T04:34:58
/opt/airflow/dags/create_star_schema_part_1.py                                     0           0  0.05s           2023-12-19T04:34:39
/opt/airflow/dags/create_star_schema_part_2.py                                     0           0  0.06s           2023-12-19T04:34:39
/opt/airflow/dags/sub_dag_remove_multiple_columns.py                               0           0  0.16s           2023-12-19T04:34:39
/opt/airflow/dags/clean_up_after_star_schema_creation.py                           0           0  0.05s           2023-12-19T04:34:39
================================================================================
[2023-12-19T04:35:40.714+0000] {manager.py:887} INFO - 
================================================================================
DAG File Processing Stats

File Path                                                   PID  Runtime      # DAGs    # Errors  Last Runtime    Last Run
--------------------------------------------------------  -----  ---------  --------  ----------  --------------  -------------------
/opt/airflow/dags/sub_dag_generate_month_dom_year.py                               0           0  0.06s           2023-12-19T04:35:35
/opt/airflow/dags/create_star_schema_part_1.py                                     0           0  0.03s           2023-12-19T04:35:10
/opt/airflow/dags/create_star_schema_part_2.py                                     0           0  0.03s           2023-12-19T04:35:10
/opt/airflow/dags/sub_dag_remove_multiple_columns.py        338  0.00s             0           0  0.03s           2023-12-19T04:35:10
/opt/airflow/dags/clean_up_after_star_schema_creation.py                           0           0  0.03s           2023-12-19T04:35:10
/opt/airflow/dags/Automobile Insurance.py                   335  0.01s             6           0  0.43s           2023-12-19T04:35:10
================================================================================
[2023-12-19T04:36:11.275+0000] {manager.py:887} INFO - 
================================================================================
DAG File Processing Stats

File Path                                                   PID  Runtime      # DAGs    # Errors  Last Runtime    Last Run
--------------------------------------------------------  -----  ---------  --------  ----------  --------------  -------------------
/opt/airflow/dags/sub_dag_generate_month_dom_year.py                               0           0  0.05s           2023-12-19T04:36:06
/opt/airflow/dags/create_star_schema_part_1.py                                     0           0  0.03s           2023-12-19T04:35:40
/opt/airflow/dags/create_star_schema_part_2.py                                     0           0  0.03s           2023-12-19T04:35:40
/opt/airflow/dags/sub_dag_remove_multiple_columns.py        375  0.00s             0           0  0.04s           2023-12-19T04:35:40
/opt/airflow/dags/clean_up_after_star_schema_creation.py                           0           0  0.03s           2023-12-19T04:35:40
/opt/airflow/dags/Automobile Insurance.py                   372  0.02s             6           0  0.23s           2023-12-19T04:35:40
================================================================================
[2023-12-19T04:36:41.731+0000] {manager.py:887} INFO - 
================================================================================
DAG File Processing Stats

File Path                                                   PID  Runtime      # DAGs    # Errors  Last Runtime    Last Run
--------------------------------------------------------  -----  ---------  --------  ----------  --------------  -------------------
/opt/airflow/dags/sub_dag_generate_month_dom_year.py                               0           0  0.03s           2023-12-19T04:36:36
/opt/airflow/dags/create_star_schema_part_1.py                                     0           0  0.03s           2023-12-19T04:36:11
/opt/airflow/dags/create_star_schema_part_2.py                                     0           0  0.03s           2023-12-19T04:36:11
/opt/airflow/dags/sub_dag_remove_multiple_columns.py        422  0.00s             0           0  0.05s           2023-12-19T04:36:11
/opt/airflow/dags/clean_up_after_star_schema_creation.py                           0           0  0.03s           2023-12-19T04:36:11
/opt/airflow/dags/Automobile Insurance.py                   419  0.01s             6           0  0.22s           2023-12-19T04:36:11
================================================================================
[2023-12-19T04:37:12.300+0000] {manager.py:887} INFO - 
================================================================================
DAG File Processing Stats

File Path                                                   PID  Runtime      # DAGs    # Errors  Last Runtime    Last Run
--------------------------------------------------------  -----  ---------  --------  ----------  --------------  -------------------
/opt/airflow/dags/sub_dag_generate_month_dom_year.py                               0           0  0.06s           2023-12-19T04:37:07
/opt/airflow/dags/create_star_schema_part_1.py                                     0           0  0.03s           2023-12-19T04:36:41
/opt/airflow/dags/create_star_schema_part_2.py              474  0.01s             0           0  0.03s           2023-12-19T04:36:41
/opt/airflow/dags/sub_dag_remove_multiple_columns.py                               0           0  0.06s           2023-12-19T04:37:11
/opt/airflow/dags/clean_up_after_star_schema_creation.py                           0           0  0.03s           2023-12-19T04:36:41
/opt/airflow/dags/Automobile Insurance.py                   471  0.02s             6           0  0.19s           2023-12-19T04:36:41
================================================================================
[2023-12-19T04:37:42.901+0000] {manager.py:887} INFO - 
================================================================================
DAG File Processing Stats

File Path                                                   PID  Runtime      # DAGs    # Errors  Last Runtime    Last Run
--------------------------------------------------------  -----  ---------  --------  ----------  --------------  -------------------
/opt/airflow/dags/sub_dag_generate_month_dom_year.py                               0           0  0.05s           2023-12-19T04:37:37
/opt/airflow/dags/create_star_schema_part_1.py              526  0.00s             0           0  0.03s           2023-12-19T04:37:12
/opt/airflow/dags/create_star_schema_part_2.py              523  0.01s             0           0  0.05s           2023-12-19T04:37:12
/opt/airflow/dags/sub_dag_remove_multiple_columns.py                               0           0  0.04s           2023-12-19T04:37:41
/opt/airflow/dags/clean_up_after_star_schema_creation.py                           0           0  0.03s           2023-12-19T04:37:12
/opt/airflow/dags/Automobile Insurance.py                                          6           0  0.13s           2023-12-19T04:37:41
================================================================================
[2023-12-19T04:38:13.613+0000] {manager.py:887} INFO - 
================================================================================
DAG File Processing Stats

File Path                                                   PID  Runtime      # DAGs    # Errors  Last Runtime    Last Run
--------------------------------------------------------  -----  ---------  --------  ----------  --------------  -------------------
/opt/airflow/dags/sub_dag_generate_month_dom_year.py                               0           0  0.06s           2023-12-19T04:38:08
/opt/airflow/dags/create_star_schema_part_1.py              573  0.01s             0           0  0.04s           2023-12-19T04:37:42
/opt/airflow/dags/create_star_schema_part_2.py              570  0.02s             0           0  0.05s           2023-12-19T04:37:42
/opt/airflow/dags/sub_dag_remove_multiple_columns.py                               0           0  0.04s           2023-12-19T04:38:12
/opt/airflow/dags/clean_up_after_star_schema_creation.py                           0           0  0.03s           2023-12-19T04:37:42
/opt/airflow/dags/Automobile Insurance.py                                          6           0  0.13s           2023-12-19T04:37:54
================================================================================
[2023-12-19T04:38:38.894+0000] {manager.py:755} INFO - Searching for files in /opt/airflow/dags
[2023-12-19T04:38:38.919+0000] {manager.py:758} INFO - There are 6 files in /opt/airflow/dags
[2023-12-19T04:38:44.019+0000] {manager.py:887} INFO - 
================================================================================
DAG File Processing Stats

File Path                                                   PID  Runtime      # DAGs    # Errors  Last Runtime    Last Run
--------------------------------------------------------  -----  ---------  --------  ----------  --------------  -------------------
/opt/airflow/dags/sub_dag_generate_month_dom_year.py                               0           0  0.03s           2023-12-19T04:38:38
/opt/airflow/dags/create_star_schema_part_1.py              616  0.01s             0           0  0.04s           2023-12-19T04:38:13
/opt/airflow/dags/create_star_schema_part_2.py              613  0.02s             0           0  0.04s           2023-12-19T04:38:13
/opt/airflow/dags/sub_dag_remove_multiple_columns.py                               0           0  0.05s           2023-12-19T04:38:43
/opt/airflow/dags/clean_up_after_star_schema_creation.py                           0           0  0.03s           2023-12-19T04:38:13
/opt/airflow/dags/Automobile Insurance.py                                          6           0  0.21s           2023-12-19T04:38:24
================================================================================
[2023-12-19T04:39:14.429+0000] {manager.py:887} INFO - 
================================================================================
DAG File Processing Stats

File Path                                                   PID  Runtime      # DAGs    # Errors  Last Runtime    Last Run
--------------------------------------------------------  -----  ---------  --------  ----------  --------------  -------------------
/opt/airflow/dags/sub_dag_generate_month_dom_year.py                               0           0  0.04s           2023-12-19T04:39:09
/opt/airflow/dags/create_star_schema_part_1.py              653  0.01s             0           0  0.04s           2023-12-19T04:38:44
/opt/airflow/dags/create_star_schema_part_2.py              650  0.02s             0           0  0.04s           2023-12-19T04:38:44
/opt/airflow/dags/sub_dag_remove_multiple_columns.py                               0           0  0.04s           2023-12-19T04:39:13
/opt/airflow/dags/clean_up_after_star_schema_creation.py                           0           0  0.03s           2023-12-19T04:38:44
/opt/airflow/dags/Automobile Insurance.py                                          6           0  0.21s           2023-12-19T04:38:55
================================================================================
[2023-12-19T04:39:44.793+0000] {manager.py:887} INFO - 
================================================================================
DAG File Processing Stats

File Path                                                   PID  Runtime      # DAGs    # Errors  Last Runtime    Last Run
--------------------------------------------------------  -----  ---------  --------  ----------  --------------  -------------------
/opt/airflow/dags/sub_dag_generate_month_dom_year.py                               0           0  0.04s           2023-12-19T04:39:39
/opt/airflow/dags/create_star_schema_part_1.py              696  0.00s             0           0  0.04s           2023-12-19T04:39:14
/opt/airflow/dags/create_star_schema_part_2.py              693  0.01s             0           0  0.05s           2023-12-19T04:39:14
/opt/airflow/dags/sub_dag_remove_multiple_columns.py                               0           0  0.03s           2023-12-19T04:39:43
/opt/airflow/dags/clean_up_after_star_schema_creation.py                           0           0  0.03s           2023-12-19T04:39:14
/opt/airflow/dags/Automobile Insurance.py                                          6           0  0.23s           2023-12-19T04:39:25
================================================================================
[2023-12-19T04:40:15.206+0000] {manager.py:887} INFO - 
================================================================================
DAG File Processing Stats

File Path                                                   PID  Runtime      # DAGs    # Errors  Last Runtime    Last Run
--------------------------------------------------------  -----  ---------  --------  ----------  --------------  -------------------
/opt/airflow/dags/sub_dag_generate_month_dom_year.py                               0           0  0.06s           2023-12-19T04:40:10
/opt/airflow/dags/create_star_schema_part_1.py              733  0.00s             0           0  0.04s           2023-12-19T04:39:44
/opt/airflow/dags/create_star_schema_part_2.py              730  0.01s             0           0  0.05s           2023-12-19T04:39:44
/opt/airflow/dags/sub_dag_remove_multiple_columns.py                               0           0  0.06s           2023-12-19T04:40:14
/opt/airflow/dags/clean_up_after_star_schema_creation.py                           0           0  0.03s           2023-12-19T04:39:44
/opt/airflow/dags/Automobile Insurance.py                                          6           0  0.24s           2023-12-19T04:39:56
================================================================================
[2023-12-19T04:40:45.577+0000] {manager.py:887} INFO - 
================================================================================
DAG File Processing Stats

File Path                                                   PID  Runtime      # DAGs    # Errors  Last Runtime    Last Run
--------------------------------------------------------  -----  ---------  --------  ----------  --------------  -------------------
/opt/airflow/dags/sub_dag_generate_month_dom_year.py                               0           0  0.04s           2023-12-19T04:40:40
/opt/airflow/dags/create_star_schema_part_1.py              770  0.00s             0           0  0.04s           2023-12-19T04:40:15
/opt/airflow/dags/create_star_schema_part_2.py              767  0.01s             0           0  0.04s           2023-12-19T04:40:15
/opt/airflow/dags/sub_dag_remove_multiple_columns.py                               0           0  0.04s           2023-12-19T04:40:44
/opt/airflow/dags/clean_up_after_star_schema_creation.py                           0           0  0.03s           2023-12-19T04:40:15
/opt/airflow/dags/Automobile Insurance.py                                          6           0  0.25s           2023-12-19T04:40:26
================================================================================
[2023-12-19T04:41:15.912+0000] {manager.py:887} INFO - 
================================================================================
DAG File Processing Stats

File Path                                                   PID  Runtime      # DAGs    # Errors  Last Runtime    Last Run
--------------------------------------------------------  -----  ---------  --------  ----------  --------------  -------------------
/opt/airflow/dags/sub_dag_generate_month_dom_year.py                               0           0  0.05s           2023-12-19T04:41:10
/opt/airflow/dags/create_star_schema_part_1.py              807  0.01s             0           0  0.03s           2023-12-19T04:40:45
/opt/airflow/dags/create_star_schema_part_2.py              804  0.02s             0           0  0.03s           2023-12-19T04:40:45
/opt/airflow/dags/sub_dag_remove_multiple_columns.py                               0           0  0.04s           2023-12-19T04:41:14
/opt/airflow/dags/clean_up_after_star_schema_creation.py                           0           0  0.03s           2023-12-19T04:40:45
/opt/airflow/dags/Automobile Insurance.py                                          6           0  0.21s           2023-12-19T04:40:56
================================================================================
[2023-12-19T04:41:46.324+0000] {manager.py:887} INFO - 
================================================================================
DAG File Processing Stats

File Path                                                   PID  Runtime      # DAGs    # Errors  Last Runtime    Last Run
--------------------------------------------------------  -----  ---------  --------  ----------  --------------  -------------------
/opt/airflow/dags/sub_dag_generate_month_dom_year.py                               0           0  0.05s           2023-12-19T04:41:41
/opt/airflow/dags/create_star_schema_part_1.py              848  0.01s             0           0  0.04s           2023-12-19T04:41:15
/opt/airflow/dags/create_star_schema_part_2.py              845  0.02s             0           0  0.04s           2023-12-19T04:41:15
/opt/airflow/dags/sub_dag_remove_multiple_columns.py                               0           0  0.06s           2023-12-19T04:41:45
/opt/airflow/dags/clean_up_after_star_schema_creation.py                           0           0  0.03s           2023-12-19T04:41:15
/opt/airflow/dags/Automobile Insurance.py                                          6           0  0.21s           2023-12-19T04:41:27
================================================================================
[2023-12-19T04:42:16.766+0000] {manager.py:887} INFO - 
================================================================================
DAG File Processing Stats

File Path                                                   PID  Runtime      # DAGs    # Errors  Last Runtime    Last Run
--------------------------------------------------------  -----  ---------  --------  ----------  --------------  -------------------
/opt/airflow/dags/sub_dag_generate_month_dom_year.py                               0           0  0.06s           2023-12-19T04:42:11
/opt/airflow/dags/create_star_schema_part_1.py              885  0.00s             0           0  0.05s           2023-12-19T04:41:46
/opt/airflow/dags/create_star_schema_part_2.py              882  0.02s             0           0  0.06s           2023-12-19T04:41:46
/opt/airflow/dags/sub_dag_remove_multiple_columns.py                               0           0  0.06s           2023-12-19T04:42:15
/opt/airflow/dags/clean_up_after_star_schema_creation.py                           0           0  0.03s           2023-12-19T04:41:46
/opt/airflow/dags/Automobile Insurance.py                                          6           0  0.22s           2023-12-19T04:41:57
================================================================================
[2023-12-19T04:42:47.184+0000] {manager.py:887} INFO - 
================================================================================
DAG File Processing Stats

File Path                                                   PID  Runtime      # DAGs    # Errors  Last Runtime    Last Run
--------------------------------------------------------  -----  ---------  --------  ----------  --------------  -------------------
/opt/airflow/dags/sub_dag_generate_month_dom_year.py                               0           0  0.05s           2023-12-19T04:42:42
/opt/airflow/dags/create_star_schema_part_1.py              924  0.01s             0           0  0.05s           2023-12-19T04:42:16
/opt/airflow/dags/create_star_schema_part_2.py              921  0.02s             0           0  0.06s           2023-12-19T04:42:16
/opt/airflow/dags/sub_dag_remove_multiple_columns.py                               0           0  0.05s           2023-12-19T04:42:46
/opt/airflow/dags/clean_up_after_star_schema_creation.py                           0           0  0.03s           2023-12-19T04:42:16
/opt/airflow/dags/Automobile Insurance.py                                          6           0  0.21s           2023-12-19T04:42:28
================================================================================
[2023-12-19T04:43:17.592+0000] {manager.py:887} INFO - 
================================================================================
DAG File Processing Stats

File Path                                                   PID  Runtime      # DAGs    # Errors  Last Runtime    Last Run
--------------------------------------------------------  -----  ---------  --------  ----------  --------------  -------------------
/opt/airflow/dags/sub_dag_generate_month_dom_year.py                               0           0  0.06s           2023-12-19T04:43:12
/opt/airflow/dags/create_star_schema_part_1.py              961  0.00s             0           0  0.05s           2023-12-19T04:42:47
/opt/airflow/dags/create_star_schema_part_2.py              958  0.02s             0           0  0.05s           2023-12-19T04:42:47
/opt/airflow/dags/sub_dag_remove_multiple_columns.py                               0           0  0.06s           2023-12-19T04:43:16
/opt/airflow/dags/clean_up_after_star_schema_creation.py                           0           0  0.03s           2023-12-19T04:42:47
/opt/airflow/dags/Automobile Insurance.py                                          6           0  0.20s           2023-12-19T04:42:58
================================================================================
[2023-12-19T04:43:39.090+0000] {manager.py:755} INFO - Searching for files in /opt/airflow/dags
[2023-12-19T04:43:39.122+0000] {manager.py:758} INFO - There are 6 files in /opt/airflow/dags
[2023-12-19T04:43:48.003+0000] {manager.py:887} INFO - 
================================================================================
DAG File Processing Stats

File Path                                                   PID  Runtime      # DAGs    # Errors  Last Runtime    Last Run
--------------------------------------------------------  -----  ---------  --------  ----------  --------------  -------------------
/opt/airflow/dags/sub_dag_generate_month_dom_year.py                               0           0  0.06s           2023-12-19T04:43:42
/opt/airflow/dags/create_star_schema_part_1.py              998  0.00s             0           0  0.05s           2023-12-19T04:43:17
/opt/airflow/dags/create_star_schema_part_2.py              995  0.02s             0           0  0.06s           2023-12-19T04:43:17
/opt/airflow/dags/sub_dag_remove_multiple_columns.py                               0           0  0.04s           2023-12-19T04:43:47
/opt/airflow/dags/clean_up_after_star_schema_creation.py                           0           0  0.03s           2023-12-19T04:43:17
/opt/airflow/dags/Automobile Insurance.py                                          6           0  0.21s           2023-12-19T04:43:28
================================================================================
[2023-12-19T04:44:18.567+0000] {manager.py:887} INFO - 
================================================================================
DAG File Processing Stats

File Path                                                   PID  Runtime      # DAGs    # Errors  Last Runtime    Last Run
--------------------------------------------------------  -----  ---------  --------  ----------  --------------  -------------------
/opt/airflow/dags/Automobile Insurance.py                                          0           1  0.07s           2023-12-19T04:44:14
/opt/airflow/dags/sub_dag_generate_month_dom_year.py                               0           0  0.06s           2023-12-19T04:44:13
/opt/airflow/dags/create_star_schema_part_1.py             1040  0.01s             0           0  0.05s           2023-12-19T04:43:48
/opt/airflow/dags/create_star_schema_part_2.py             1037  0.02s             0           0  0.06s           2023-12-19T04:43:48
/opt/airflow/dags/sub_dag_remove_multiple_columns.py                               0           0  0.06s           2023-12-19T04:44:17
/opt/airflow/dags/clean_up_after_star_schema_creation.py                           0           0  0.03s           2023-12-19T04:43:48
================================================================================
[2023-12-19T04:44:49.420+0000] {manager.py:887} INFO - 
================================================================================
DAG File Processing Stats

File Path                                                   PID  Runtime      # DAGs    # Errors  Last Runtime    Last Run
--------------------------------------------------------  -----  ---------  --------  ----------  --------------  -------------------
/opt/airflow/dags/sub_dag_generate_month_dom_year.py                               0           0  0.06s           2023-12-19T04:44:44
/opt/airflow/dags/create_star_schema_part_1.py             1094  0.01s             0           0  0.05s           2023-12-19T04:44:18
/opt/airflow/dags/create_star_schema_part_2.py             1091  0.02s             0           0  0.06s           2023-12-19T04:44:18
/opt/airflow/dags/sub_dag_remove_multiple_columns.py                               0           0  0.04s           2023-12-19T04:44:48
/opt/airflow/dags/clean_up_after_star_schema_creation.py                           0           0  0.03s           2023-12-19T04:44:18
/opt/airflow/dags/Automobile Insurance.py                                          6           0  0.12s           2023-12-19T04:44:45
================================================================================
[2023-12-19T04:45:19.938+0000] {manager.py:887} INFO - 
================================================================================
DAG File Processing Stats

File Path                                                   PID  Runtime      # DAGs    # Errors  Last Runtime    Last Run
--------------------------------------------------------  -----  ---------  --------  ----------  --------------  -------------------
/opt/airflow/dags/sub_dag_generate_month_dom_year.py                               0           0  0.04s           2023-12-19T04:45:14
/opt/airflow/dags/create_star_schema_part_1.py             1158  0.02s             0           0  0.05s           2023-12-19T04:44:49
/opt/airflow/dags/create_star_schema_part_2.py             1155  0.05s             0           0  0.06s           2023-12-19T04:44:49
/opt/airflow/dags/sub_dag_remove_multiple_columns.py                               0           0  0.05s           2023-12-19T04:45:18
/opt/airflow/dags/clean_up_after_star_schema_creation.py                           0           0  0.03s           2023-12-19T04:44:49
/opt/airflow/dags/Automobile Insurance.py                                          6           0  0.26s           2023-12-19T04:45:16
================================================================================
[2023-12-19T04:45:50.610+0000] {manager.py:887} INFO - 
================================================================================
DAG File Processing Stats

File Path                                                   PID  Runtime      # DAGs    # Errors  Last Runtime    Last Run
--------------------------------------------------------  -----  ---------  --------  ----------  --------------  -------------------
/opt/airflow/dags/sub_dag_generate_month_dom_year.py                               0           0  0.06s           2023-12-19T04:45:45
/opt/airflow/dags/create_star_schema_part_1.py             1210  0.01s             0           0  0.29s           2023-12-19T04:45:20
/opt/airflow/dags/create_star_schema_part_2.py             1207  0.02s             0           0  0.25s           2023-12-19T04:45:20
/opt/airflow/dags/sub_dag_remove_multiple_columns.py                               0           0  0.05s           2023-12-19T04:45:49
/opt/airflow/dags/clean_up_after_star_schema_creation.py                           0           0  0.11s           2023-12-19T04:45:20
/opt/airflow/dags/Automobile Insurance.py                                          6           0  0.20s           2023-12-19T04:45:46
================================================================================
[2023-12-19T04:46:21.038+0000] {manager.py:887} INFO - 
================================================================================
DAG File Processing Stats

File Path                                                   PID  Runtime      # DAGs    # Errors  Last Runtime    Last Run
--------------------------------------------------------  -----  ---------  --------  ----------  --------------  -------------------
/opt/airflow/dags/sub_dag_generate_month_dom_year.py                               0           0  0.05s           2023-12-19T04:46:15
/opt/airflow/dags/create_star_schema_part_1.py             1281  0.00s             0           0  0.04s           2023-12-19T04:45:50
/opt/airflow/dags/create_star_schema_part_2.py             1278  0.03s             0           0  0.05s           2023-12-19T04:45:50
/opt/airflow/dags/sub_dag_remove_multiple_columns.py                               0           0  0.10s           2023-12-19T04:46:20
/opt/airflow/dags/clean_up_after_star_schema_creation.py                           0           0  0.03s           2023-12-19T04:45:50
/opt/airflow/dags/Automobile Insurance.py                                          6           0  0.23s           2023-12-19T04:46:17
================================================================================
[2023-12-19T04:46:51.583+0000] {manager.py:887} INFO - 
================================================================================
DAG File Processing Stats

File Path                                                   PID  Runtime      # DAGs    # Errors  Last Runtime    Last Run
--------------------------------------------------------  -----  ---------  --------  ----------  --------------  -------------------
/opt/airflow/dags/sub_dag_generate_month_dom_year.py                               0           0  0.04s           2023-12-19T04:46:46
/opt/airflow/dags/create_star_schema_part_1.py             1326  0.00s             0           0  0.08s           2023-12-19T04:46:21
/opt/airflow/dags/create_star_schema_part_2.py             1323  0.01s             0           0  0.13s           2023-12-19T04:46:21
/opt/airflow/dags/sub_dag_remove_multiple_columns.py                               0           0  0.05s           2023-12-19T04:46:50
/opt/airflow/dags/clean_up_after_star_schema_creation.py                           0           0  0.06s           2023-12-19T04:46:21
/opt/airflow/dags/Automobile Insurance.py                                          6           0  0.24s           2023-12-19T04:46:47
================================================================================
[2023-12-19T04:47:21.961+0000] {manager.py:887} INFO - 
================================================================================
DAG File Processing Stats

File Path                                                   PID  Runtime      # DAGs    # Errors  Last Runtime    Last Run
--------------------------------------------------------  -----  ---------  --------  ----------  --------------  -------------------
/opt/airflow/dags/sub_dag_generate_month_dom_year.py                               0           0  0.05s           2023-12-19T04:47:16
/opt/airflow/dags/create_star_schema_part_1.py             1405  0.00s             0           0  0.04s           2023-12-19T04:46:51
/opt/airflow/dags/create_star_schema_part_2.py             1402  0.01s             0           0  0.05s           2023-12-19T04:46:51
/opt/airflow/dags/sub_dag_remove_multiple_columns.py                               0           0  0.05s           2023-12-19T04:47:20
/opt/airflow/dags/clean_up_after_star_schema_creation.py                           0           0  0.03s           2023-12-19T04:46:51
/opt/airflow/dags/Automobile Insurance.py                                          6           0  0.22s           2023-12-19T04:47:18
================================================================================
[2023-12-19T04:47:52.454+0000] {manager.py:887} INFO - 
================================================================================
DAG File Processing Stats

File Path                                                   PID  Runtime      # DAGs    # Errors  Last Runtime    Last Run
--------------------------------------------------------  -----  ---------  --------  ----------  --------------  -------------------
/opt/airflow/dags/sub_dag_generate_month_dom_year.py                               0           0  0.06s           2023-12-19T04:47:47
/opt/airflow/dags/create_star_schema_part_1.py             1442  0.00s             0           0  0.04s           2023-12-19T04:47:21
/opt/airflow/dags/create_star_schema_part_2.py             1439  0.02s             0           0  0.05s           2023-12-19T04:47:21
/opt/airflow/dags/sub_dag_remove_multiple_columns.py                               0           0  0.06s           2023-12-19T04:47:51
/opt/airflow/dags/clean_up_after_star_schema_creation.py                           0           0  0.03s           2023-12-19T04:47:22
/opt/airflow/dags/Automobile Insurance.py                                          6           0  0.22s           2023-12-19T04:47:48
================================================================================
[2023-12-19T04:48:22.952+0000] {manager.py:887} INFO - 
================================================================================
DAG File Processing Stats

File Path                                                   PID  Runtime      # DAGs    # Errors  Last Runtime    Last Run
--------------------------------------------------------  -----  ---------  --------  ----------  --------------  -------------------
/opt/airflow/dags/sub_dag_generate_month_dom_year.py                               0           0  0.06s           2023-12-19T04:48:17
/opt/airflow/dags/create_star_schema_part_1.py             1479  0.01s             0           0  0.05s           2023-12-19T04:47:52
/opt/airflow/dags/create_star_schema_part_2.py             1476  0.02s             0           0  0.06s           2023-12-19T04:47:52
/opt/airflow/dags/sub_dag_remove_multiple_columns.py                               0           0  0.05s           2023-12-19T04:48:21
/opt/airflow/dags/clean_up_after_star_schema_creation.py                           0           0  0.03s           2023-12-19T04:47:52
/opt/airflow/dags/Automobile Insurance.py                                          6           0  0.19s           2023-12-19T04:48:19
================================================================================
[2023-12-19T04:48:29.372+0000] {manager.py:469} INFO - Exiting gracefully upon receiving signal 15
