[2023-12-11T05:51:11.719+0000] {taskinstance.py:1159} INFO - Dependencies all met for dep_context=non-requeueable deps ti=<TaskInstance: Electric_Vehicle_Population-v01.insert_fk_into_fact_table.insert_fk_col_in_fact_table_CAFVEligibility scheduled__2023-12-01T00:00:00+00:00 [queued]>
[2023-12-11T05:51:11.733+0000] {taskinstance.py:1159} INFO - Dependencies all met for dep_context=requeueable deps ti=<TaskInstance: Electric_Vehicle_Population-v01.insert_fk_into_fact_table.insert_fk_col_in_fact_table_CAFVEligibility scheduled__2023-12-01T00:00:00+00:00 [queued]>
[2023-12-11T05:51:11.735+0000] {taskinstance.py:1361} INFO - Starting attempt 1 of 6
[2023-12-11T05:51:11.750+0000] {taskinstance.py:1382} INFO - Executing <Task(PostgresOperator): insert_fk_col_in_fact_table_CAFVEligibility> on 2023-12-01 00:00:00+00:00
[2023-12-11T05:51:11.759+0000] {standard_task_runner.py:57} INFO - Started process 734 to run task
[2023-12-11T05:51:11.765+0000] {standard_task_runner.py:84} INFO - Running: ['***', 'tasks', 'run', 'Electric_Vehicle_Population-v01.insert_fk_into_fact_table', 'insert_fk_col_in_fact_table_CAFVEligibility', 'scheduled__2023-12-01T00:00:00+00:00', '--job-id', '27', '--raw', '--subdir', 'DAGS_FOLDER/EV_Population.py', '--cfg-path', '/tmp/tmp7beuh2ky']
[2023-12-11T05:51:11.768+0000] {standard_task_runner.py:85} INFO - Job 27: Subtask insert_fk_col_in_fact_table_CAFVEligibility
[2023-12-11T05:51:11.841+0000] {task_command.py:416} INFO - Running <TaskInstance: Electric_Vehicle_Population-v01.insert_fk_into_fact_table.insert_fk_col_in_fact_table_CAFVEligibility scheduled__2023-12-01T00:00:00+00:00 [running]> on host c7d0b77d8cb9
[2023-12-11T05:51:11.945+0000] {taskinstance.py:1662} INFO - Exporting env vars: AIRFLOW_CTX_DAG_OWNER='dunnbc22' AIRFLOW_CTX_DAG_ID='Electric_Vehicle_Population-v01.insert_fk_into_fact_table' AIRFLOW_CTX_TASK_ID='insert_fk_col_in_fact_table_CAFVEligibility' AIRFLOW_CTX_EXECUTION_DATE='2023-12-01T00:00:00+00:00' AIRFLOW_CTX_TRY_NUMBER='1' AIRFLOW_CTX_DAG_RUN_ID='scheduled__2023-12-01T00:00:00+00:00'
[2023-12-11T05:51:11.949+0000] {sql.py:274} INFO - Executing: -- params: table_name, dimension_col

/*
Steps 1-3 were completed in the create_dim_table.sql 
file & associated PostgresOperator
*/


-- Step 4: Add foreign key column to fact table
ALTER TABLE ev_pop_pipe
ADD COLUMN CAFVEligibility_id INTEGER;

-- Step 4: Update foreign key column to fact table with 
-- appropriate id (that matches with dim table)
UPDATE ev_pop_pipe
SET CAFVEligibility_id = dimension_table_CAFVEligibility.id
FROM dimension_table_CAFVEligibility
WHERE COALESCE(ev_pop_pipe.CAFVEligibility::text, '') = COALESCE(dimension_table_CAFVEligibility.CAFVEligibility::text, '');
[2023-12-11T05:51:11.976+0000] {base.py:73} INFO - Using connection ID 'postgres_conn' for task execution.
[2023-12-11T05:51:11.992+0000] {base.py:73} INFO - Using connection ID 'postgres_conn' for task execution.
[2023-12-11T05:51:12.007+0000] {sql.py:418} INFO - Running statement: -- params: table_name, dimension_col

/*
Steps 1-3 were completed in the create_dim_table.sql 
file & associated PostgresOperator
*/


-- Step 4: Add foreign key column to fact table
ALTER TABLE ev_pop_pipe
ADD COLUMN CAFVEligibility_id INTEGER;

-- Step 4: Update foreign key column to fact table with 
-- appropriate id (that matches with dim table)
UPDATE ev_pop_pipe
SET CAFVEligibility_id = dimension_table_CAFVEligibility.id
FROM dimension_table_CAFVEligibility
WHERE COALESCE(ev_pop_pipe.CAFVEligibility::text, '') = COALESCE(dimension_table_CAFVEligibility.CAFVEligibility::text, '');, parameters: None
[2023-12-11T05:51:13.177+0000] {sql.py:427} INFO - Rows affected: 150137
[2023-12-11T05:51:13.198+0000] {taskinstance.py:1400} INFO - Marking task as SUCCESS. dag_id=Electric_Vehicle_Population-v01.insert_fk_into_fact_table, task_id=insert_fk_col_in_fact_table_CAFVEligibility, execution_date=20231201T000000, start_date=20231211T055111, end_date=20231211T055113
[2023-12-11T05:51:13.220+0000] {local_task_job_runner.py:228} INFO - Task exited with return code 0
[2023-12-11T05:51:13.246+0000] {taskinstance.py:2778} INFO - 0 downstream tasks scheduled from follow-on schedule check
