[2023-12-21T16:29:41.058+0000] {taskinstance.py:1159} INFO - Dependencies all met for dep_context=non-requeueable deps ti=<TaskInstance: Loan_Prediction-v01.remove_unnecessary_columns.remove_unnecessary_columns.remove_Load_ID_col scheduled__2023-12-01T00:00:00+00:00 [queued]>
[2023-12-21T16:29:41.062+0000] {taskinstance.py:1159} INFO - Dependencies all met for dep_context=requeueable deps ti=<TaskInstance: Loan_Prediction-v01.remove_unnecessary_columns.remove_unnecessary_columns.remove_Load_ID_col scheduled__2023-12-01T00:00:00+00:00 [queued]>
[2023-12-21T16:29:41.062+0000] {taskinstance.py:1361} INFO - Starting attempt 1 of 6
[2023-12-21T16:29:41.068+0000] {taskinstance.py:1382} INFO - Executing <Task(PostgresOperator): remove_unnecessary_columns.remove_Load_ID_col> on 2023-12-01 00:00:00+00:00
[2023-12-21T16:29:41.070+0000] {standard_task_runner.py:57} INFO - Started process 1030 to run task
[2023-12-21T16:29:41.072+0000] {standard_task_runner.py:84} INFO - Running: ['***', 'tasks', 'run', 'Loan_Prediction-v01.remove_unnecessary_columns', 'remove_unnecessary_columns.remove_Load_ID_col', 'scheduled__2023-12-01T00:00:00+00:00', '--job-id', '10', '--raw', '--subdir', 'DAGS_FOLDER/Loan_Prediction.py', '--cfg-path', '/tmp/tmp2_63ztc9']
[2023-12-21T16:29:41.073+0000] {standard_task_runner.py:85} INFO - Job 10: Subtask remove_unnecessary_columns.remove_Load_ID_col
[2023-12-21T16:29:41.102+0000] {task_command.py:416} INFO - Running <TaskInstance: Loan_Prediction-v01.remove_unnecessary_columns.remove_unnecessary_columns.remove_Load_ID_col scheduled__2023-12-01T00:00:00+00:00 [running]> on host 56b600c92613
[2023-12-21T16:29:41.146+0000] {taskinstance.py:1662} INFO - Exporting env vars: AIRFLOW_CTX_DAG_OWNER='dunnbc22' AIRFLOW_CTX_DAG_ID='Loan_Prediction-v01.remove_unnecessary_columns' AIRFLOW_CTX_TASK_ID='remove_unnecessary_columns.remove_Load_ID_col' AIRFLOW_CTX_EXECUTION_DATE='2023-12-01T00:00:00+00:00' AIRFLOW_CTX_TRY_NUMBER='1' AIRFLOW_CTX_DAG_RUN_ID='scheduled__2023-12-01T00:00:00+00:00'
[2023-12-21T16:29:41.147+0000] {sql.py:274} INFO - Executing: -- table_name, column_name
ALTER TABLE loan_prediction_pipe
DROP COLUMN Load_ID;
[2023-12-21T16:29:41.154+0000] {base.py:73} INFO - Using connection ID 'postgres_conn' for task execution.
[2023-12-21T16:29:41.161+0000] {base.py:73} INFO - Using connection ID 'postgres_conn' for task execution.
[2023-12-21T16:29:41.167+0000] {sql.py:418} INFO - Running statement: -- table_name, column_name
ALTER TABLE loan_prediction_pipe
DROP COLUMN Load_ID;, parameters: None
[2023-12-21T16:29:41.170+0000] {taskinstance.py:1937} ERROR - Task failed with exception
Traceback (most recent call last):
  File "/home/airflow/.local/lib/python3.8/site-packages/airflow/providers/common/sql/operators/sql.py", line 280, in execute
    output = hook.run(
  File "/home/airflow/.local/lib/python3.8/site-packages/airflow/providers/common/sql/hooks/sql.py", line 392, in run
    self._run_command(cur, sql_statement, parameters)
  File "/home/airflow/.local/lib/python3.8/site-packages/airflow/providers/common/sql/hooks/sql.py", line 423, in _run_command
    cur.execute(sql_statement)
psycopg2.errors.UndefinedColumn: column "load_id" of relation "loan_prediction_pipe" does not exist

[2023-12-21T16:29:41.178+0000] {taskinstance.py:1400} INFO - Marking task as UP_FOR_RETRY. dag_id=Loan_Prediction-v01.remove_unnecessary_columns, task_id=remove_unnecessary_columns.remove_Load_ID_col, execution_date=20231201T000000, start_date=20231221T162941, end_date=20231221T162941
[2023-12-21T16:29:41.184+0000] {standard_task_runner.py:104} ERROR - Failed to execute job 10 for task remove_unnecessary_columns.remove_Load_ID_col (column "load_id" of relation "loan_prediction_pipe" does not exist
; 1030)
[2023-12-21T16:29:41.205+0000] {local_task_job_runner.py:228} INFO - Task exited with return code 1
[2023-12-21T16:29:41.222+0000] {taskinstance.py:2778} INFO - 0 downstream tasks scheduled from follow-on schedule check
