[2023-12-19T05:33:09.741+0000] {taskinstance.py:1159} INFO - Dependencies all met for dep_context=non-requeueable deps ti=<TaskInstance: COVID19_Prediction_Classification-v01.remove_replaced_dim_cols.remove_original_sex_in_fact_table scheduled__2023-12-01T00:00:00+00:00 [queued]>
[2023-12-19T05:33:09.749+0000] {taskinstance.py:1159} INFO - Dependencies all met for dep_context=requeueable deps ti=<TaskInstance: COVID19_Prediction_Classification-v01.remove_replaced_dim_cols.remove_original_sex_in_fact_table scheduled__2023-12-01T00:00:00+00:00 [queued]>
[2023-12-19T05:33:09.750+0000] {taskinstance.py:1361} INFO - Starting attempt 1 of 6
[2023-12-19T05:33:09.766+0000] {taskinstance.py:1382} INFO - Executing <Task(PostgresOperator): remove_original_sex_in_fact_table> on 2023-12-01 00:00:00+00:00
[2023-12-19T05:33:09.769+0000] {standard_task_runner.py:57} INFO - Started process 1726 to run task
[2023-12-19T05:33:09.772+0000] {standard_task_runner.py:84} INFO - Running: ['***', 'tasks', 'run', 'COVID19_Prediction_Classification-v01.remove_replaced_dim_cols', 'remove_original_sex_in_fact_table', 'scheduled__2023-12-01T00:00:00+00:00', '--job-id', '37', '--raw', '--subdir', 'DAGS_FOLDER/covid19_project.py', '--cfg-path', '/tmp/tmpucg1fdwk']
[2023-12-19T05:33:09.777+0000] {standard_task_runner.py:85} INFO - Job 37: Subtask remove_original_sex_in_fact_table
[2023-12-19T05:33:09.850+0000] {task_command.py:416} INFO - Running <TaskInstance: COVID19_Prediction_Classification-v01.remove_replaced_dim_cols.remove_original_sex_in_fact_table scheduled__2023-12-01T00:00:00+00:00 [running]> on host 44c88b785d30
[2023-12-19T05:33:09.951+0000] {taskinstance.py:1662} INFO - Exporting env vars: AIRFLOW_CTX_DAG_OWNER='dunnbc22' AIRFLOW_CTX_DAG_ID='COVID19_Prediction_Classification-v01.remove_replaced_dim_cols' AIRFLOW_CTX_TASK_ID='remove_original_sex_in_fact_table' AIRFLOW_CTX_EXECUTION_DATE='2023-12-01T00:00:00+00:00' AIRFLOW_CTX_TRY_NUMBER='1' AIRFLOW_CTX_DAG_RUN_ID='scheduled__2023-12-01T00:00:00+00:00'
[2023-12-19T05:33:09.954+0000] {sql.py:274} INFO - Executing: -- table_name, column_name
ALTER TABLE covid_19_prediction_clf_pipeline
DROP COLUMN sex;
[2023-12-19T05:33:09.973+0000] {base.py:73} INFO - Using connection ID 'postgres_conn' for task execution.
[2023-12-19T05:33:09.986+0000] {base.py:73} INFO - Using connection ID 'postgres_conn' for task execution.
[2023-12-19T05:33:10.001+0000] {sql.py:418} INFO - Running statement: -- table_name, column_name
ALTER TABLE covid_19_prediction_clf_pipeline
DROP COLUMN sex;, parameters: None
[2023-12-19T05:33:10.019+0000] {taskinstance.py:1400} INFO - Marking task as SUCCESS. dag_id=COVID19_Prediction_Classification-v01.remove_replaced_dim_cols, task_id=remove_original_sex_in_fact_table, execution_date=20231201T000000, start_date=20231219T053309, end_date=20231219T053310
[2023-12-19T05:33:10.069+0000] {local_task_job_runner.py:228} INFO - Task exited with return code 0
[2023-12-19T05:33:10.110+0000] {taskinstance.py:2778} INFO - 0 downstream tasks scheduled from follow-on schedule check
