[2023-12-20T02:54:52.429+0000] {taskinstance.py:1159} INFO - Dependencies all met for dep_context=non-requeueable deps ti=<TaskInstance: Gourmet_Food_Procurement_Data-v01.remove_samples_with_nulls.remove_samples_with_nulls.remove_Vendor_col scheduled__2023-12-01T00:00:00+00:00 [queued]>
[2023-12-20T02:54:52.435+0000] {taskinstance.py:1159} INFO - Dependencies all met for dep_context=requeueable deps ti=<TaskInstance: Gourmet_Food_Procurement_Data-v01.remove_samples_with_nulls.remove_samples_with_nulls.remove_Vendor_col scheduled__2023-12-01T00:00:00+00:00 [queued]>
[2023-12-20T02:54:52.435+0000] {taskinstance.py:1361} INFO - Starting attempt 3 of 6
[2023-12-20T02:54:52.443+0000] {taskinstance.py:1382} INFO - Executing <Task(PostgresOperator): remove_samples_with_nulls.remove_Vendor_col> on 2023-12-01 00:00:00+00:00
[2023-12-20T02:54:52.448+0000] {standard_task_runner.py:57} INFO - Started process 1712 to run task
[2023-12-20T02:54:52.451+0000] {standard_task_runner.py:84} INFO - Running: ['***', 'tasks', 'run', 'Gourmet_Food_Procurement_Data-v01.remove_samples_with_nulls', 'remove_samples_with_nulls.remove_Vendor_col', 'scheduled__2023-12-01T00:00:00+00:00', '--job-id', '31', '--raw', '--subdir', 'DAGS_FOLDER/Gourmet_Food_Procurement_Data.py', '--cfg-path', '/tmp/tmph9iodpk3']
[2023-12-20T02:54:52.454+0000] {standard_task_runner.py:85} INFO - Job 31: Subtask remove_samples_with_nulls.remove_Vendor_col
[2023-12-20T02:54:52.506+0000] {task_command.py:416} INFO - Running <TaskInstance: Gourmet_Food_Procurement_Data-v01.remove_samples_with_nulls.remove_samples_with_nulls.remove_Vendor_col scheduled__2023-12-01T00:00:00+00:00 [running]> on host 069170cec93a
[2023-12-20T02:54:52.582+0000] {taskinstance.py:1662} INFO - Exporting env vars: AIRFLOW_CTX_DAG_OWNER='dunnbc22' AIRFLOW_CTX_DAG_ID='Gourmet_Food_Procurement_Data-v01.remove_samples_with_nulls' AIRFLOW_CTX_TASK_ID='remove_samples_with_nulls.remove_Vendor_col' AIRFLOW_CTX_EXECUTION_DATE='2023-12-01T00:00:00+00:00' AIRFLOW_CTX_TRY_NUMBER='3' AIRFLOW_CTX_DAG_RUN_ID='scheduled__2023-12-01T00:00:00+00:00'
[2023-12-20T02:54:52.583+0000] {sql.py:274} INFO - Executing: -- params: table_name, column_name
DELETE FROM gourmet_food_procurement_data_pipeline
WHERE Vendor is NULL;
[2023-12-20T02:54:52.594+0000] {base.py:73} INFO - Using connection ID 'postgres_conn' for task execution.
[2023-12-20T02:54:52.604+0000] {base.py:73} INFO - Using connection ID 'postgres_conn' for task execution.
[2023-12-20T02:54:52.611+0000] {sql.py:418} INFO - Running statement: -- params: table_name, column_name
DELETE FROM gourmet_food_procurement_data_pipeline
WHERE Vendor is NULL;, parameters: None
[2023-12-20T02:54:52.616+0000] {sql.py:427} INFO - Rows affected: 0
[2023-12-20T02:54:52.626+0000] {taskinstance.py:1400} INFO - Marking task as SUCCESS. dag_id=Gourmet_Food_Procurement_Data-v01.remove_samples_with_nulls, task_id=remove_samples_with_nulls.remove_Vendor_col, execution_date=20231201T000000, start_date=20231220T025452, end_date=20231220T025452
[2023-12-20T02:54:52.666+0000] {local_task_job_runner.py:228} INFO - Task exited with return code 0
[2023-12-20T02:54:52.699+0000] {taskinstance.py:2778} INFO - 0 downstream tasks scheduled from follow-on schedule check
