[2023-12-19T04:57:12.502+0000] {taskinstance.py:1159} INFO - Dependencies all met for dep_context=non-requeueable deps ti=<TaskInstance: bank_and_cc_complaints-v01.remove_samples_with_nulls_in_particular_columns.remove_samples_with_nulls_in_particular_columns.remove_state_name_col scheduled__2023-12-01T00:00:00+00:00 [queued]>
[2023-12-19T04:57:12.506+0000] {taskinstance.py:1159} INFO - Dependencies all met for dep_context=requeueable deps ti=<TaskInstance: bank_and_cc_complaints-v01.remove_samples_with_nulls_in_particular_columns.remove_samples_with_nulls_in_particular_columns.remove_state_name_col scheduled__2023-12-01T00:00:00+00:00 [queued]>
[2023-12-19T04:57:12.506+0000] {taskinstance.py:1361} INFO - Starting attempt 2 of 6
[2023-12-19T04:57:12.512+0000] {taskinstance.py:1382} INFO - Executing <Task(PostgresOperator): remove_samples_with_nulls_in_particular_columns.remove_state_name_col> on 2023-12-01 00:00:00+00:00
[2023-12-19T04:57:12.514+0000] {standard_task_runner.py:57} INFO - Started process 751 to run task
[2023-12-19T04:57:12.516+0000] {standard_task_runner.py:84} INFO - Running: ['***', 'tasks', 'run', 'bank_and_cc_complaints-v01.remove_samples_with_nulls_in_particular_columns', 'remove_samples_with_nulls_in_particular_columns.remove_state_name_col', 'scheduled__2023-12-01T00:00:00+00:00', '--job-id', '16', '--raw', '--subdir', 'DAGS_FOLDER/bank_and_cc_complaints.py', '--cfg-path', '/tmp/tmp2ha12v_x']
[2023-12-19T04:57:12.517+0000] {standard_task_runner.py:85} INFO - Job 16: Subtask remove_samples_with_nulls_in_particular_columns.remove_state_name_col
[2023-12-19T04:57:12.545+0000] {task_command.py:416} INFO - Running <TaskInstance: bank_and_cc_complaints-v01.remove_samples_with_nulls_in_particular_columns.remove_samples_with_nulls_in_particular_columns.remove_state_name_col scheduled__2023-12-01T00:00:00+00:00 [running]> on host 2ee4b7dc3cc7
[2023-12-19T04:57:12.584+0000] {taskinstance.py:1662} INFO - Exporting env vars: AIRFLOW_CTX_DAG_OWNER='dunnbc22' AIRFLOW_CTX_DAG_ID='bank_and_cc_complaints-v01.remove_samples_with_nulls_in_particular_columns' AIRFLOW_CTX_TASK_ID='remove_samples_with_nulls_in_particular_columns.remove_state_name_col' AIRFLOW_CTX_EXECUTION_DATE='2023-12-01T00:00:00+00:00' AIRFLOW_CTX_TRY_NUMBER='2' AIRFLOW_CTX_DAG_RUN_ID='scheduled__2023-12-01T00:00:00+00:00'
[2023-12-19T04:57:12.584+0000] {sql.py:274} INFO - Executing: -- params: table_name, column_name
DELETE FROM ***_complaints
WHERE state_name is NULL;
[2023-12-19T04:57:12.590+0000] {base.py:73} INFO - Using connection ID 'postgres_conn' for task execution.
[2023-12-19T04:57:12.596+0000] {base.py:73} INFO - Using connection ID 'postgres_conn' for task execution.
[2023-12-19T04:57:12.601+0000] {sql.py:418} INFO - Running statement: -- params: table_name, column_name
DELETE FROM ***_complaints
WHERE state_name is NULL;, parameters: None
[2023-12-19T04:57:12.602+0000] {taskinstance.py:1937} ERROR - Task failed with exception
Traceback (most recent call last):
  File "/home/airflow/.local/lib/python3.8/site-packages/airflow/providers/common/sql/operators/sql.py", line 280, in execute
    output = hook.run(
  File "/home/airflow/.local/lib/python3.8/site-packages/airflow/providers/common/sql/hooks/sql.py", line 392, in run
    self._run_command(cur, sql_statement, parameters)
  File "/home/airflow/.local/lib/python3.8/site-packages/airflow/providers/common/sql/hooks/sql.py", line 423, in _run_command
    cur.execute(sql_statement)
psycopg2.errors.UndefinedColumn: column "state_name" does not exist
LINE 3: WHERE state_name is NULL;
              ^

[2023-12-19T04:57:12.608+0000] {taskinstance.py:1400} INFO - Marking task as UP_FOR_RETRY. dag_id=bank_and_cc_complaints-v01.remove_samples_with_nulls_in_particular_columns, task_id=remove_samples_with_nulls_in_particular_columns.remove_state_name_col, execution_date=20231201T000000, start_date=20231219T045712, end_date=20231219T045712
[2023-12-19T04:57:12.613+0000] {standard_task_runner.py:104} ERROR - Failed to execute job 16 for task remove_samples_with_nulls_in_particular_columns.remove_state_name_col (column "state_name" does not exist
LINE 3: WHERE state_name is NULL;
              ^
; 751)
[2023-12-19T04:57:12.651+0000] {local_task_job_runner.py:228} INFO - Task exited with return code 1
[2023-12-19T04:57:12.666+0000] {taskinstance.py:2778} INFO - 0 downstream tasks scheduled from follow-on schedule check
