[2023-12-09T19:38:21.727+0000] {taskinstance.py:1159} INFO - Dependencies all met for dep_context=non-requeueable deps ti=<TaskInstance: california_housing_data-v01.remove_unnecessary_columns.remove_unnecessary_columns.remove_STREET_ADDRESS_col scheduled__2023-12-01T00:00:00+00:00 [queued]>
[2023-12-09T19:38:21.743+0000] {taskinstance.py:1159} INFO - Dependencies all met for dep_context=requeueable deps ti=<TaskInstance: california_housing_data-v01.remove_unnecessary_columns.remove_unnecessary_columns.remove_STREET_ADDRESS_col scheduled__2023-12-01T00:00:00+00:00 [queued]>
[2023-12-09T19:38:21.744+0000] {taskinstance.py:1361} INFO - Starting attempt 1 of 6
[2023-12-09T19:38:21.800+0000] {taskinstance.py:1382} INFO - Executing <Task(PostgresOperator): remove_unnecessary_columns.remove_STREET_ADDRESS_col> on 2023-12-01 00:00:00+00:00
[2023-12-09T19:38:21.812+0000] {standard_task_runner.py:57} INFO - Started process 393 to run task
[2023-12-09T19:38:21.820+0000] {standard_task_runner.py:84} INFO - Running: ['***', 'tasks', 'run', 'california_housing_data-v01.remove_unnecessary_columns', 'remove_unnecessary_columns.remove_STREET_ADDRESS_col', 'scheduled__2023-12-01T00:00:00+00:00', '--job-id', '12', '--raw', '--subdir', 'DAGS_FOLDER/ca_housing_data.py', '--cfg-path', '/tmp/tmplmjlx3fu']
[2023-12-09T19:38:21.826+0000] {standard_task_runner.py:85} INFO - Job 12: Subtask remove_unnecessary_columns.remove_STREET_ADDRESS_col
[2023-12-09T19:38:21.935+0000] {task_command.py:416} INFO - Running <TaskInstance: california_housing_data-v01.remove_unnecessary_columns.remove_unnecessary_columns.remove_STREET_ADDRESS_col scheduled__2023-12-01T00:00:00+00:00 [running]> on host d5ea29713edc
[2023-12-09T19:38:22.064+0000] {taskinstance.py:1662} INFO - Exporting env vars: AIRFLOW_CTX_DAG_OWNER='dunnbc22' AIRFLOW_CTX_DAG_ID='california_housing_data-v01.remove_unnecessary_columns' AIRFLOW_CTX_TASK_ID='remove_unnecessary_columns.remove_STREET_ADDRESS_col' AIRFLOW_CTX_EXECUTION_DATE='2023-12-01T00:00:00+00:00' AIRFLOW_CTX_TRY_NUMBER='1' AIRFLOW_CTX_DAG_RUN_ID='scheduled__2023-12-01T00:00:00+00:00'
[2023-12-09T19:38:22.072+0000] {sql.py:274} INFO - Executing: -- table_name, column_name
ALTER TABLE pipeline_ca_housing
DROP COLUMN STREET_ADDRESS;
[2023-12-09T19:38:22.089+0000] {base.py:73} INFO - Using connection ID 'postgres_conn' for task execution.
[2023-12-09T19:38:22.109+0000] {base.py:73} INFO - Using connection ID 'postgres_conn' for task execution.
[2023-12-09T19:38:22.121+0000] {sql.py:418} INFO - Running statement: -- table_name, column_name
ALTER TABLE pipeline_ca_housing
DROP COLUMN STREET_ADDRESS;, parameters: None
[2023-12-09T19:38:22.154+0000] {taskinstance.py:1400} INFO - Marking task as SUCCESS. dag_id=california_housing_data-v01.remove_unnecessary_columns, task_id=remove_unnecessary_columns.remove_STREET_ADDRESS_col, execution_date=20231201T000000, start_date=20231209T193821, end_date=20231209T193822
[2023-12-09T19:38:22.203+0000] {local_task_job_runner.py:228} INFO - Task exited with return code 0
[2023-12-09T19:38:22.273+0000] {taskinstance.py:2778} INFO - 0 downstream tasks scheduled from follow-on schedule check
