[2023-12-09T21:37:54.810+0000] {taskinstance.py:1159} INFO - Dependencies all met for dep_context=non-requeueable deps ti=<TaskInstance: consumer_behavior_and_shopping_habits_trends-v01.add_id_column scheduled__2023-11-09T00:00:00+00:00 [queued]>
[2023-12-09T21:37:54.814+0000] {taskinstance.py:1159} INFO - Dependencies all met for dep_context=requeueable deps ti=<TaskInstance: consumer_behavior_and_shopping_habits_trends-v01.add_id_column scheduled__2023-11-09T00:00:00+00:00 [queued]>
[2023-12-09T21:37:54.814+0000] {taskinstance.py:1361} INFO - Starting attempt 1 of 6
[2023-12-09T21:37:54.820+0000] {taskinstance.py:1382} INFO - Executing <Task(PostgresOperator): add_id_column> on 2023-11-09 00:00:00+00:00
[2023-12-09T21:37:54.823+0000] {standard_task_runner.py:57} INFO - Started process 590 to run task
[2023-12-09T21:37:54.825+0000] {standard_task_runner.py:84} INFO - Running: ['***', 'tasks', 'run', 'consumer_behavior_and_shopping_habits_trends-v01', 'add_id_column', 'scheduled__2023-11-09T00:00:00+00:00', '--job-id', '6', '--raw', '--subdir', 'DAGS_FOLDER/Consumer Behavior & Shopping Habits Trends.py', '--cfg-path', '/tmp/tmp81cntbzt']
[2023-12-09T21:37:54.826+0000] {standard_task_runner.py:85} INFO - Job 6: Subtask add_id_column
[2023-12-09T21:37:54.855+0000] {task_command.py:416} INFO - Running <TaskInstance: consumer_behavior_and_shopping_habits_trends-v01.add_id_column scheduled__2023-11-09T00:00:00+00:00 [running]> on host e19f9af04035
[2023-12-09T21:37:54.893+0000] {taskinstance.py:1662} INFO - Exporting env vars: AIRFLOW_CTX_DAG_OWNER='dunnbc22' AIRFLOW_CTX_DAG_ID='consumer_behavior_and_shopping_habits_trends-v01' AIRFLOW_CTX_TASK_ID='add_id_column' AIRFLOW_CTX_EXECUTION_DATE='2023-11-09T00:00:00+00:00' AIRFLOW_CTX_TRY_NUMBER='1' AIRFLOW_CTX_DAG_RUN_ID='scheduled__2023-11-09T00:00:00+00:00'
[2023-12-09T21:37:54.894+0000] {sql.py:274} INFO - Executing: 
        ALTER TABLE consumer_behavior_shop_habits_trends
        ADD COLUMN id_col SERIAL PRIMARY KEY;
        
[2023-12-09T21:37:54.899+0000] {base.py:73} INFO - Using connection ID 'postgres_conn' for task execution.
[2023-12-09T21:37:54.904+0000] {base.py:73} INFO - Using connection ID 'postgres_conn' for task execution.
[2023-12-09T21:37:54.909+0000] {sql.py:418} INFO - Running statement: 
        ALTER TABLE consumer_behavior_shop_habits_trends
        ADD COLUMN id_col SERIAL PRIMARY KEY;
        , parameters: None
[2023-12-09T21:37:54.941+0000] {taskinstance.py:1400} INFO - Marking task as SUCCESS. dag_id=consumer_behavior_and_shopping_habits_trends-v01, task_id=add_id_column, execution_date=20231109T000000, start_date=20231209T213754, end_date=20231209T213754
[2023-12-09T21:37:54.957+0000] {local_task_job_runner.py:228} INFO - Task exited with return code 0
[2023-12-09T21:37:54.978+0000] {taskinstance.py:2778} INFO - 1 downstream tasks scheduled from follow-on schedule check
