[2023-12-20T03:00:53.747+0000] {taskinstance.py:1159} INFO - Dependencies all met for dep_context=non-requeueable deps ti=<TaskInstance: Gourmet_Food_Procurement_Data-v01.remove_replaced_dim_cols.remove_original_Agency_in_fact_table scheduled__2023-12-01T00:00:00+00:00 [queued]>
[2023-12-20T03:00:53.755+0000] {taskinstance.py:1159} INFO - Dependencies all met for dep_context=requeueable deps ti=<TaskInstance: Gourmet_Food_Procurement_Data-v01.remove_replaced_dim_cols.remove_original_Agency_in_fact_table scheduled__2023-12-01T00:00:00+00:00 [queued]>
[2023-12-20T03:00:53.756+0000] {taskinstance.py:1361} INFO - Starting attempt 1 of 6
[2023-12-20T03:00:53.765+0000] {taskinstance.py:1382} INFO - Executing <Task(PostgresOperator): remove_original_Agency_in_fact_table> on 2023-12-01 00:00:00+00:00
[2023-12-20T03:00:53.770+0000] {standard_task_runner.py:57} INFO - Started process 2427 to run task
[2023-12-20T03:00:53.774+0000] {standard_task_runner.py:84} INFO - Running: ['***', 'tasks', 'run', 'Gourmet_Food_Procurement_Data-v01.remove_replaced_dim_cols', 'remove_original_Agency_in_fact_table', 'scheduled__2023-12-01T00:00:00+00:00', '--job-id', '53', '--raw', '--subdir', 'DAGS_FOLDER/Gourmet_Food_Procurement_Data.py', '--cfg-path', '/tmp/tmpvwqb7kf4']
[2023-12-20T03:00:53.777+0000] {standard_task_runner.py:85} INFO - Job 53: Subtask remove_original_Agency_in_fact_table
[2023-12-20T03:00:53.837+0000] {task_command.py:416} INFO - Running <TaskInstance: Gourmet_Food_Procurement_Data-v01.remove_replaced_dim_cols.remove_original_Agency_in_fact_table scheduled__2023-12-01T00:00:00+00:00 [running]> on host 069170cec93a
[2023-12-20T03:00:53.900+0000] {taskinstance.py:1662} INFO - Exporting env vars: AIRFLOW_CTX_DAG_OWNER='dunnbc22' AIRFLOW_CTX_DAG_ID='Gourmet_Food_Procurement_Data-v01.remove_replaced_dim_cols' AIRFLOW_CTX_TASK_ID='remove_original_Agency_in_fact_table' AIRFLOW_CTX_EXECUTION_DATE='2023-12-01T00:00:00+00:00' AIRFLOW_CTX_TRY_NUMBER='1' AIRFLOW_CTX_DAG_RUN_ID='scheduled__2023-12-01T00:00:00+00:00'
[2023-12-20T03:00:53.901+0000] {sql.py:274} INFO - Executing: -- table_name, column_name
ALTER TABLE gourmet_food_procurement_data_pipeline
DROP COLUMN Agency;
[2023-12-20T03:00:53.909+0000] {base.py:73} INFO - Using connection ID 'postgres_conn' for task execution.
[2023-12-20T03:00:53.919+0000] {base.py:73} INFO - Using connection ID 'postgres_conn' for task execution.
[2023-12-20T03:00:53.927+0000] {sql.py:418} INFO - Running statement: -- table_name, column_name
ALTER TABLE gourmet_food_procurement_data_pipeline
DROP COLUMN Agency;, parameters: None
[2023-12-20T03:00:53.940+0000] {taskinstance.py:1400} INFO - Marking task as SUCCESS. dag_id=Gourmet_Food_Procurement_Data-v01.remove_replaced_dim_cols, task_id=remove_original_Agency_in_fact_table, execution_date=20231201T000000, start_date=20231220T030053, end_date=20231220T030053
[2023-12-20T03:00:53.989+0000] {local_task_job_runner.py:228} INFO - Task exited with return code 0
[2023-12-20T03:00:54.010+0000] {taskinstance.py:2778} INFO - 0 downstream tasks scheduled from follow-on schedule check
[2023-12-20T18:07:56.820+0000] {taskinstance.py:1159} INFO - Dependencies all met for dep_context=non-requeueable deps ti=<TaskInstance: Gourmet_Food_Procurement_Data-v01.remove_replaced_dim_cols.remove_original_Agency_in_fact_table scheduled__2023-12-01T00:00:00+00:00 [queued]>
[2023-12-20T18:07:56.828+0000] {taskinstance.py:1159} INFO - Dependencies all met for dep_context=requeueable deps ti=<TaskInstance: Gourmet_Food_Procurement_Data-v01.remove_replaced_dim_cols.remove_original_Agency_in_fact_table scheduled__2023-12-01T00:00:00+00:00 [queued]>
[2023-12-20T18:07:56.829+0000] {taskinstance.py:1361} INFO - Starting attempt 1 of 6
[2023-12-20T18:07:56.841+0000] {taskinstance.py:1382} INFO - Executing <Task(PostgresOperator): remove_original_Agency_in_fact_table> on 2023-12-01 00:00:00+00:00
[2023-12-20T18:07:56.848+0000] {standard_task_runner.py:57} INFO - Started process 2046 to run task
[2023-12-20T18:07:56.852+0000] {standard_task_runner.py:84} INFO - Running: ['***', 'tasks', 'run', 'Gourmet_Food_Procurement_Data-v01.remove_replaced_dim_cols', 'remove_original_Agency_in_fact_table', 'scheduled__2023-12-01T00:00:00+00:00', '--job-id', '46', '--raw', '--subdir', 'DAGS_FOLDER/Gourmet_Food_Procurement_Data.py', '--cfg-path', '/tmp/tmphu7hc465']
[2023-12-20T18:07:56.859+0000] {standard_task_runner.py:85} INFO - Job 46: Subtask remove_original_Agency_in_fact_table
[2023-12-20T18:07:56.921+0000] {task_command.py:416} INFO - Running <TaskInstance: Gourmet_Food_Procurement_Data-v01.remove_replaced_dim_cols.remove_original_Agency_in_fact_table scheduled__2023-12-01T00:00:00+00:00 [running]> on host 064e84e7d61d
[2023-12-20T18:07:56.980+0000] {taskinstance.py:1662} INFO - Exporting env vars: AIRFLOW_CTX_DAG_OWNER='dunnbc22' AIRFLOW_CTX_DAG_ID='Gourmet_Food_Procurement_Data-v01.remove_replaced_dim_cols' AIRFLOW_CTX_TASK_ID='remove_original_Agency_in_fact_table' AIRFLOW_CTX_EXECUTION_DATE='2023-12-01T00:00:00+00:00' AIRFLOW_CTX_TRY_NUMBER='1' AIRFLOW_CTX_DAG_RUN_ID='scheduled__2023-12-01T00:00:00+00:00'
[2023-12-20T18:07:56.981+0000] {sql.py:274} INFO - Executing: -- table_name, column_name
ALTER TABLE gourmet_food_procurement_data_pipeline
DROP COLUMN Agency;
[2023-12-20T18:07:56.989+0000] {base.py:73} INFO - Using connection ID 'postgres_conn' for task execution.
[2023-12-20T18:07:56.998+0000] {base.py:73} INFO - Using connection ID 'postgres_conn' for task execution.
[2023-12-20T18:07:57.006+0000] {sql.py:418} INFO - Running statement: -- table_name, column_name
ALTER TABLE gourmet_food_procurement_data_pipeline
DROP COLUMN Agency;, parameters: None
[2023-12-20T18:07:57.017+0000] {taskinstance.py:1400} INFO - Marking task as SUCCESS. dag_id=Gourmet_Food_Procurement_Data-v01.remove_replaced_dim_cols, task_id=remove_original_Agency_in_fact_table, execution_date=20231201T000000, start_date=20231220T180756, end_date=20231220T180757
[2023-12-20T18:07:57.030+0000] {local_task_job_runner.py:228} INFO - Task exited with return code 0
[2023-12-20T18:07:57.049+0000] {taskinstance.py:2778} INFO - 0 downstream tasks scheduled from follow-on schedule check
