[2023-12-12T19:35:04.236+0000] {taskinstance.py:1159} INFO - Dependencies all met for dep_context=non-requeueable deps ti=<TaskInstance: pred_accident_risk_score_unique_postcodes-v01.create_dim_tables.create_dim_Local_Authority_District_table scheduled__2023-12-01T00:00:00+00:00 [queued]>
[2023-12-12T19:35:04.255+0000] {taskinstance.py:1159} INFO - Dependencies all met for dep_context=requeueable deps ti=<TaskInstance: pred_accident_risk_score_unique_postcodes-v01.create_dim_tables.create_dim_Local_Authority_District_table scheduled__2023-12-01T00:00:00+00:00 [queued]>
[2023-12-12T19:35:04.259+0000] {taskinstance.py:1361} INFO - Starting attempt 1 of 6
[2023-12-12T19:35:04.290+0000] {taskinstance.py:1382} INFO - Executing <Task(PostgresOperator): create_dim_Local_Authority_District_table> on 2023-12-01 00:00:00+00:00
[2023-12-12T19:35:04.302+0000] {standard_task_runner.py:57} INFO - Started process 457 to run task
[2023-12-12T19:35:04.312+0000] {standard_task_runner.py:84} INFO - Running: ['***', 'tasks', 'run', 'pred_accident_risk_score_unique_postcodes-v01.create_dim_tables', 'create_dim_Local_Authority_District_table', 'scheduled__2023-12-01T00:00:00+00:00', '--job-id', '15', '--raw', '--subdir', 'DAGS_FOLDER/Predict_Accident_Risk_Score_For_Unique_Postcodes.py', '--cfg-path', '/tmp/tmpsdrrx3cx']
[2023-12-12T19:35:04.328+0000] {standard_task_runner.py:85} INFO - Job 15: Subtask create_dim_Local_Authority_District_table
[2023-12-12T19:35:04.423+0000] {task_command.py:416} INFO - Running <TaskInstance: pred_accident_risk_score_unique_postcodes-v01.create_dim_tables.create_dim_Local_Authority_District_table scheduled__2023-12-01T00:00:00+00:00 [running]> on host 79e6b838224c
[2023-12-12T19:35:04.594+0000] {taskinstance.py:1662} INFO - Exporting env vars: AIRFLOW_CTX_DAG_OWNER='dunnbc22' AIRFLOW_CTX_DAG_ID='pred_accident_risk_score_unique_postcodes-v01.create_dim_tables' AIRFLOW_CTX_TASK_ID='create_dim_Local_Authority_District_table' AIRFLOW_CTX_EXECUTION_DATE='2023-12-01T00:00:00+00:00' AIRFLOW_CTX_TRY_NUMBER='1' AIRFLOW_CTX_DAG_RUN_ID='scheduled__2023-12-01T00:00:00+00:00'
[2023-12-12T19:35:04.604+0000] {sql.py:274} INFO - Executing: -- params: table_name, dimension_col, data_type

-- Step 1: Extract Unique Values
CREATE TEMPORARY TABLE unique_values_Local_Authority_District AS
SELECT DISTINCT Local_Authority_District FROM predict_accident_risk_pipe;

-- Step 2: Create Dimension Table
DROP TABLE IF EXISTS dimension_table_Local_Authority_District;
CREATE TABLE dimension_table_Local_Authority_District (
    id SERIAL PRIMARY KEY,
    Local_Authority_District INTEGER
);

-- Step 3: Insert unique values into dimension table
INSERT INTO dimension_table_Local_Authority_District (Local_Authority_District)
SELECT * FROM unique_values_Local_Authority_District;
[2023-12-12T19:35:04.634+0000] {base.py:73} INFO - Using connection ID 'postgres_conn' for task execution.
[2023-12-12T19:35:04.656+0000] {base.py:73} INFO - Using connection ID 'postgres_conn' for task execution.
[2023-12-12T19:35:04.671+0000] {sql.py:418} INFO - Running statement: -- params: table_name, dimension_col, data_type

-- Step 1: Extract Unique Values
CREATE TEMPORARY TABLE unique_values_Local_Authority_District AS
SELECT DISTINCT Local_Authority_District FROM predict_accident_risk_pipe;

-- Step 2: Create Dimension Table
DROP TABLE IF EXISTS dimension_table_Local_Authority_District;
CREATE TABLE dimension_table_Local_Authority_District (
    id SERIAL PRIMARY KEY,
    Local_Authority_District INTEGER
);

-- Step 3: Insert unique values into dimension table
INSERT INTO dimension_table_Local_Authority_District (Local_Authority_District)
SELECT * FROM unique_values_Local_Authority_District;, parameters: None
[2023-12-12T19:35:05.106+0000] {sql.py:427} INFO - Rows affected: 880
[2023-12-12T19:35:05.122+0000] {taskinstance.py:1400} INFO - Marking task as SUCCESS. dag_id=pred_accident_risk_score_unique_postcodes-v01.create_dim_tables, task_id=create_dim_Local_Authority_District_table, execution_date=20231201T000000, start_date=20231212T193504, end_date=20231212T193505
[2023-12-12T19:35:05.161+0000] {local_task_job_runner.py:228} INFO - Task exited with return code 0
[2023-12-12T19:35:05.188+0000] {taskinstance.py:2778} INFO - 0 downstream tasks scheduled from follow-on schedule check
