[2023-12-12T21:28:37.403+0000] {taskinstance.py:1159} INFO - Dependencies all met for dep_context=non-requeueable deps ti=<TaskInstance: home_insurance_ds-v01.insert_fk_into_fact_table.insert_fk_col_in_fact_table_GARDEN_ADDON_PRE_REN scheduled__2023-12-01T00:00:00+00:00 [queued]>
[2023-12-12T21:28:37.408+0000] {taskinstance.py:1159} INFO - Dependencies all met for dep_context=requeueable deps ti=<TaskInstance: home_insurance_ds-v01.insert_fk_into_fact_table.insert_fk_col_in_fact_table_GARDEN_ADDON_PRE_REN scheduled__2023-12-01T00:00:00+00:00 [queued]>
[2023-12-12T21:28:37.408+0000] {taskinstance.py:1361} INFO - Starting attempt 1 of 6
[2023-12-12T21:28:37.415+0000] {taskinstance.py:1382} INFO - Executing <Task(PostgresOperator): insert_fk_col_in_fact_table_GARDEN_ADDON_PRE_REN> on 2023-12-01 00:00:00+00:00
[2023-12-12T21:28:37.419+0000] {standard_task_runner.py:57} INFO - Started process 2211 to run task
[2023-12-12T21:28:37.421+0000] {standard_task_runner.py:84} INFO - Running: ['***', 'tasks', 'run', 'home_insurance_ds-v01.insert_fk_into_fact_table', 'insert_fk_col_in_fact_table_GARDEN_ADDON_PRE_REN', 'scheduled__2023-12-01T00:00:00+00:00', '--job-id', '80', '--raw', '--subdir', 'DAGS_FOLDER/home_insurance_dataset.py', '--cfg-path', '/tmp/tmp04sady7z']
[2023-12-12T21:28:37.423+0000] {standard_task_runner.py:85} INFO - Job 80: Subtask insert_fk_col_in_fact_table_GARDEN_ADDON_PRE_REN
[2023-12-12T21:28:37.455+0000] {task_command.py:416} INFO - Running <TaskInstance: home_insurance_ds-v01.insert_fk_into_fact_table.insert_fk_col_in_fact_table_GARDEN_ADDON_PRE_REN scheduled__2023-12-01T00:00:00+00:00 [running]> on host 7a94ca99eac6
[2023-12-12T21:28:37.501+0000] {taskinstance.py:1662} INFO - Exporting env vars: AIRFLOW_CTX_DAG_OWNER='dunnbc22' AIRFLOW_CTX_DAG_ID='home_insurance_ds-v01.insert_fk_into_fact_table' AIRFLOW_CTX_TASK_ID='insert_fk_col_in_fact_table_GARDEN_ADDON_PRE_REN' AIRFLOW_CTX_EXECUTION_DATE='2023-12-01T00:00:00+00:00' AIRFLOW_CTX_TRY_NUMBER='1' AIRFLOW_CTX_DAG_RUN_ID='scheduled__2023-12-01T00:00:00+00:00'
[2023-12-12T21:28:37.501+0000] {sql.py:274} INFO - Executing: -- params: table_name, dimension_col

/*
Steps 1-3 were completed in the create_dim_table.sql 
file & associated PostgresOperator
*/


-- Step 4: Add foreign key column to fact table
ALTER TABLE home_insurance_ds_pipeline
ADD COLUMN GARDEN_ADDON_PRE_REN_id INTEGER;

-- Step 4: Update foreign key column to fact table with 
-- appropriate id (that matches with dim table)
UPDATE home_insurance_ds_pipeline
SET GARDEN_ADDON_PRE_REN_id = dimension_table_GARDEN_ADDON_PRE_REN.id
FROM dimension_table_GARDEN_ADDON_PRE_REN
WHERE COALESCE(home_insurance_ds_pipeline.GARDEN_ADDON_PRE_REN::text, '') = COALESCE(dimension_table_GARDEN_ADDON_PRE_REN.GARDEN_ADDON_PRE_REN::text, '');
[2023-12-12T21:28:37.508+0000] {base.py:73} INFO - Using connection ID 'postgres_conn' for task execution.
[2023-12-12T21:28:37.514+0000] {base.py:73} INFO - Using connection ID 'postgres_conn' for task execution.
[2023-12-12T21:28:37.518+0000] {sql.py:418} INFO - Running statement: -- params: table_name, dimension_col

/*
Steps 1-3 were completed in the create_dim_table.sql 
file & associated PostgresOperator
*/


-- Step 4: Add foreign key column to fact table
ALTER TABLE home_insurance_ds_pipeline
ADD COLUMN GARDEN_ADDON_PRE_REN_id INTEGER;

-- Step 4: Update foreign key column to fact table with 
-- appropriate id (that matches with dim table)
UPDATE home_insurance_ds_pipeline
SET GARDEN_ADDON_PRE_REN_id = dimension_table_GARDEN_ADDON_PRE_REN.id
FROM dimension_table_GARDEN_ADDON_PRE_REN
WHERE COALESCE(home_insurance_ds_pipeline.GARDEN_ADDON_PRE_REN::text, '') = COALESCE(dimension_table_GARDEN_ADDON_PRE_REN.GARDEN_ADDON_PRE_REN::text, '');, parameters: None
[2023-12-12T21:29:10.825+0000] {sql.py:427} INFO - Rows affected: 183073
[2023-12-12T21:29:10.850+0000] {taskinstance.py:1400} INFO - Marking task as SUCCESS. dag_id=home_insurance_ds-v01.insert_fk_into_fact_table, task_id=insert_fk_col_in_fact_table_GARDEN_ADDON_PRE_REN, execution_date=20231201T000000, start_date=20231212T212837, end_date=20231212T212910
[2023-12-12T21:29:10.893+0000] {local_task_job_runner.py:228} INFO - Task exited with return code 0
[2023-12-12T21:29:10.918+0000] {taskinstance.py:2778} INFO - 0 downstream tasks scheduled from follow-on schedule check
