[2023-12-08T17:18:42.248+0000] {taskinstance.py:1159} INFO - Dependencies all met for dep_context=non-requeueable deps ti=<TaskInstance: Allegheny_Co_Property_Sale_Transactions-v01.create_dim_tables.create_dim_PROPERTYADDRESSSUF_table scheduled__2023-12-01T00:00:00+00:00 [queued]>
[2023-12-08T17:18:42.272+0000] {taskinstance.py:1159} INFO - Dependencies all met for dep_context=requeueable deps ti=<TaskInstance: Allegheny_Co_Property_Sale_Transactions-v01.create_dim_tables.create_dim_PROPERTYADDRESSSUF_table scheduled__2023-12-01T00:00:00+00:00 [queued]>
[2023-12-08T17:18:42.276+0000] {taskinstance.py:1361} INFO - Starting attempt 1 of 6
[2023-12-08T17:18:42.338+0000] {taskinstance.py:1382} INFO - Executing <Task(PostgresOperator): create_dim_PROPERTYADDRESSSUF_table> on 2023-12-01 00:00:00+00:00
[2023-12-08T17:18:42.347+0000] {standard_task_runner.py:57} INFO - Started process 3197 to run task
[2023-12-08T17:18:42.350+0000] {standard_task_runner.py:84} INFO - Running: ['***', 'tasks', 'run', 'Allegheny_Co_Property_Sale_Transactions-v01.create_dim_tables', 'create_dim_PROPERTYADDRESSSUF_table', 'scheduled__2023-12-01T00:00:00+00:00', '--job-id', '37', '--raw', '--subdir', 'DAGS_FOLDER/Allegheny Co Property Sale Transactions.py', '--cfg-path', '/tmp/tmpqut94izi']
[2023-12-08T17:18:42.354+0000] {standard_task_runner.py:85} INFO - Job 37: Subtask create_dim_PROPERTYADDRESSSUF_table
[2023-12-08T17:18:42.444+0000] {task_command.py:416} INFO - Running <TaskInstance: Allegheny_Co_Property_Sale_Transactions-v01.create_dim_tables.create_dim_PROPERTYADDRESSSUF_table scheduled__2023-12-01T00:00:00+00:00 [running]> on host 1fc866509645
[2023-12-08T17:18:42.577+0000] {taskinstance.py:1662} INFO - Exporting env vars: AIRFLOW_CTX_DAG_OWNER='dunnbc22' AIRFLOW_CTX_DAG_ID='Allegheny_Co_Property_Sale_Transactions-v01.create_dim_tables' AIRFLOW_CTX_TASK_ID='create_dim_PROPERTYADDRESSSUF_table' AIRFLOW_CTX_EXECUTION_DATE='2023-12-01T00:00:00+00:00' AIRFLOW_CTX_TRY_NUMBER='1' AIRFLOW_CTX_DAG_RUN_ID='scheduled__2023-12-01T00:00:00+00:00'
[2023-12-08T17:18:42.579+0000] {sql.py:274} INFO - Executing: -- params: table_name, dimension_col, data_type

-- Step 1: Extract Unique Values
CREATE TEMPORARY TABLE unique_values_PROPERTYADDRESSSUF AS
SELECT DISTINCT PROPERTYADDRESSSUF FROM allegheny_co_property_sale_transactions;

-- Step 2: Create Dimension Table
DROP TABLE IF EXISTS dimension_table_PROPERTYADDRESSSUF;
CREATE TABLE dimension_table_PROPERTYADDRESSSUF (
    id SERIAL PRIMARY KEY,
    PROPERTYADDRESSSUF VARCHAR
);

-- Step 3: Insert unique values into dimension table
INSERT INTO dimension_table_PROPERTYADDRESSSUF (PROPERTYADDRESSSUF)
SELECT * FROM unique_values_PROPERTYADDRESSSUF;
[2023-12-08T17:18:42.592+0000] {base.py:73} INFO - Using connection ID 'postgres_conn' for task execution.
[2023-12-08T17:18:42.622+0000] {base.py:73} INFO - Using connection ID 'postgres_conn' for task execution.
[2023-12-08T17:18:42.674+0000] {sql.py:418} INFO - Running statement: -- params: table_name, dimension_col, data_type

-- Step 1: Extract Unique Values
CREATE TEMPORARY TABLE unique_values_PROPERTYADDRESSSUF AS
SELECT DISTINCT PROPERTYADDRESSSUF FROM allegheny_co_property_sale_transactions;

-- Step 2: Create Dimension Table
DROP TABLE IF EXISTS dimension_table_PROPERTYADDRESSSUF;
CREATE TABLE dimension_table_PROPERTYADDRESSSUF (
    id SERIAL PRIMARY KEY,
    PROPERTYADDRESSSUF VARCHAR
);

-- Step 3: Insert unique values into dimension table
INSERT INTO dimension_table_PROPERTYADDRESSSUF (PROPERTYADDRESSSUF)
SELECT * FROM unique_values_PROPERTYADDRESSSUF;, parameters: None
[2023-12-08T17:18:42.782+0000] {sql.py:427} INFO - Rows affected: 48
[2023-12-08T17:18:42.802+0000] {taskinstance.py:1400} INFO - Marking task as SUCCESS. dag_id=Allegheny_Co_Property_Sale_Transactions-v01.create_dim_tables, task_id=create_dim_PROPERTYADDRESSSUF_table, execution_date=20231201T000000, start_date=20231208T171842, end_date=20231208T171842
[2023-12-08T17:18:42.842+0000] {local_task_job_runner.py:228} INFO - Task exited with return code 0
[2023-12-08T17:18:42.912+0000] {taskinstance.py:2778} INFO - 0 downstream tasks scheduled from follow-on schedule check
[2023-12-08T18:06:05.284+0000] {taskinstance.py:1159} INFO - Dependencies all met for dep_context=non-requeueable deps ti=<TaskInstance: Allegheny_Co_Property_Sale_Transactions-v01.create_dim_tables.create_dim_PROPERTYADDRESSSUF_table scheduled__2023-12-01T00:00:00+00:00 [queued]>
[2023-12-08T18:06:05.294+0000] {taskinstance.py:1159} INFO - Dependencies all met for dep_context=requeueable deps ti=<TaskInstance: Allegheny_Co_Property_Sale_Transactions-v01.create_dim_tables.create_dim_PROPERTYADDRESSSUF_table scheduled__2023-12-01T00:00:00+00:00 [queued]>
[2023-12-08T18:06:05.295+0000] {taskinstance.py:1361} INFO - Starting attempt 1 of 6
[2023-12-08T18:06:05.310+0000] {taskinstance.py:1382} INFO - Executing <Task(PostgresOperator): create_dim_PROPERTYADDRESSSUF_table> on 2023-12-01 00:00:00+00:00
[2023-12-08T18:06:05.313+0000] {standard_task_runner.py:57} INFO - Started process 7222 to run task
[2023-12-08T18:06:05.319+0000] {standard_task_runner.py:84} INFO - Running: ['***', 'tasks', 'run', 'Allegheny_Co_Property_Sale_Transactions-v01.create_dim_tables', 'create_dim_PROPERTYADDRESSSUF_table', 'scheduled__2023-12-01T00:00:00+00:00', '--job-id', '106', '--raw', '--subdir', 'DAGS_FOLDER/Allegheny Co Property Sale Transactions.py', '--cfg-path', '/tmp/tmpb3oma5ql']
[2023-12-08T18:06:05.325+0000] {standard_task_runner.py:85} INFO - Job 106: Subtask create_dim_PROPERTYADDRESSSUF_table
[2023-12-08T18:06:05.417+0000] {task_command.py:416} INFO - Running <TaskInstance: Allegheny_Co_Property_Sale_Transactions-v01.create_dim_tables.create_dim_PROPERTYADDRESSSUF_table scheduled__2023-12-01T00:00:00+00:00 [running]> on host 1fc866509645
[2023-12-08T18:06:05.574+0000] {taskinstance.py:1662} INFO - Exporting env vars: AIRFLOW_CTX_DAG_OWNER='dunnbc22' AIRFLOW_CTX_DAG_ID='Allegheny_Co_Property_Sale_Transactions-v01.create_dim_tables' AIRFLOW_CTX_TASK_ID='create_dim_PROPERTYADDRESSSUF_table' AIRFLOW_CTX_EXECUTION_DATE='2023-12-01T00:00:00+00:00' AIRFLOW_CTX_TRY_NUMBER='1' AIRFLOW_CTX_DAG_RUN_ID='scheduled__2023-12-01T00:00:00+00:00'
[2023-12-08T18:06:05.578+0000] {sql.py:274} INFO - Executing: -- params: table_name, dimension_col, data_type

-- Step 1: Extract Unique Values
CREATE TEMPORARY TABLE unique_values_PROPERTYADDRESSSUF AS
SELECT DISTINCT PROPERTYADDRESSSUF FROM allegheny_co_property_sale_transactions;

-- Step 2: Create Dimension Table
DROP TABLE IF EXISTS dimension_table_PROPERTYADDRESSSUF;
CREATE TABLE dimension_table_PROPERTYADDRESSSUF (
    id SERIAL PRIMARY KEY,
    PROPERTYADDRESSSUF VARCHAR
);

-- Step 3: Insert unique values into dimension table
INSERT INTO dimension_table_PROPERTYADDRESSSUF (PROPERTYADDRESSSUF)
SELECT * FROM unique_values_PROPERTYADDRESSSUF;
[2023-12-08T18:06:05.589+0000] {base.py:73} INFO - Using connection ID 'postgres_conn' for task execution.
[2023-12-08T18:06:05.601+0000] {base.py:73} INFO - Using connection ID 'postgres_conn' for task execution.
[2023-12-08T18:06:05.617+0000] {sql.py:418} INFO - Running statement: -- params: table_name, dimension_col, data_type

-- Step 1: Extract Unique Values
CREATE TEMPORARY TABLE unique_values_PROPERTYADDRESSSUF AS
SELECT DISTINCT PROPERTYADDRESSSUF FROM allegheny_co_property_sale_transactions;

-- Step 2: Create Dimension Table
DROP TABLE IF EXISTS dimension_table_PROPERTYADDRESSSUF;
CREATE TABLE dimension_table_PROPERTYADDRESSSUF (
    id SERIAL PRIMARY KEY,
    PROPERTYADDRESSSUF VARCHAR
);

-- Step 3: Insert unique values into dimension table
INSERT INTO dimension_table_PROPERTYADDRESSSUF (PROPERTYADDRESSSUF)
SELECT * FROM unique_values_PROPERTYADDRESSSUF;, parameters: None
[2023-12-08T18:06:05.760+0000] {sql.py:427} INFO - Rows affected: 48
[2023-12-08T18:06:05.778+0000] {taskinstance.py:1400} INFO - Marking task as SUCCESS. dag_id=Allegheny_Co_Property_Sale_Transactions-v01.create_dim_tables, task_id=create_dim_PROPERTYADDRESSSUF_table, execution_date=20231201T000000, start_date=20231208T180605, end_date=20231208T180605
[2023-12-08T18:06:05.811+0000] {local_task_job_runner.py:228} INFO - Task exited with return code 0
[2023-12-08T18:06:05.845+0000] {taskinstance.py:2778} INFO - 0 downstream tasks scheduled from follow-on schedule check
