[2023-12-12T00:07:52.222+0000] {processor.py:157} INFO - Started process (PID=196) to work on /opt/airflow/dags/clean_up_after_star_schema_creation.py
[2023-12-12T00:07:52.223+0000] {processor.py:829} INFO - Processing file /opt/airflow/dags/clean_up_after_star_schema_creation.py for tasks to queue
[2023-12-12T00:07:52.224+0000] {logging_mixin.py:154} INFO - [2023-12-12T00:07:52.224+0000] {dagbag.py:536} INFO - Filling up the DagBag from /opt/airflow/dags/clean_up_after_star_schema_creation.py
[2023-12-12T00:07:52.228+0000] {processor.py:841} WARNING - No viable dags retrieved from /opt/airflow/dags/clean_up_after_star_schema_creation.py
[2023-12-12T00:07:52.238+0000] {processor.py:179} INFO - Processing /opt/airflow/dags/clean_up_after_star_schema_creation.py took 0.018 seconds
[2023-12-12T00:08:22.420+0000] {processor.py:157} INFO - Started process (PID=235) to work on /opt/airflow/dags/clean_up_after_star_schema_creation.py
[2023-12-12T00:08:22.421+0000] {processor.py:829} INFO - Processing file /opt/airflow/dags/clean_up_after_star_schema_creation.py for tasks to queue
[2023-12-12T00:08:22.421+0000] {logging_mixin.py:154} INFO - [2023-12-12T00:08:22.421+0000] {dagbag.py:536} INFO - Filling up the DagBag from /opt/airflow/dags/clean_up_after_star_schema_creation.py
[2023-12-12T00:08:22.425+0000] {processor.py:841} WARNING - No viable dags retrieved from /opt/airflow/dags/clean_up_after_star_schema_creation.py
[2023-12-12T00:08:22.434+0000] {processor.py:179} INFO - Processing /opt/airflow/dags/clean_up_after_star_schema_creation.py took 0.016 seconds
[2023-12-12T00:08:52.928+0000] {processor.py:157} INFO - Started process (PID=278) to work on /opt/airflow/dags/clean_up_after_star_schema_creation.py
[2023-12-12T00:08:52.928+0000] {processor.py:829} INFO - Processing file /opt/airflow/dags/clean_up_after_star_schema_creation.py for tasks to queue
[2023-12-12T00:08:52.929+0000] {logging_mixin.py:154} INFO - [2023-12-12T00:08:52.928+0000] {dagbag.py:536} INFO - Filling up the DagBag from /opt/airflow/dags/clean_up_after_star_schema_creation.py
[2023-12-12T00:08:52.932+0000] {processor.py:841} WARNING - No viable dags retrieved from /opt/airflow/dags/clean_up_after_star_schema_creation.py
[2023-12-12T00:08:52.941+0000] {processor.py:179} INFO - Processing /opt/airflow/dags/clean_up_after_star_schema_creation.py took 0.016 seconds
[2023-12-12T00:09:23.418+0000] {processor.py:157} INFO - Started process (PID=324) to work on /opt/airflow/dags/clean_up_after_star_schema_creation.py
[2023-12-12T00:09:23.419+0000] {processor.py:829} INFO - Processing file /opt/airflow/dags/clean_up_after_star_schema_creation.py for tasks to queue
[2023-12-12T00:09:23.419+0000] {logging_mixin.py:154} INFO - [2023-12-12T00:09:23.419+0000] {dagbag.py:536} INFO - Filling up the DagBag from /opt/airflow/dags/clean_up_after_star_schema_creation.py
[2023-12-12T00:09:23.423+0000] {processor.py:841} WARNING - No viable dags retrieved from /opt/airflow/dags/clean_up_after_star_schema_creation.py
[2023-12-12T00:09:23.432+0000] {processor.py:179} INFO - Processing /opt/airflow/dags/clean_up_after_star_schema_creation.py took 0.016 seconds
[2023-12-12T00:09:53.972+0000] {processor.py:157} INFO - Started process (PID=367) to work on /opt/airflow/dags/clean_up_after_star_schema_creation.py
[2023-12-12T00:09:53.973+0000] {processor.py:829} INFO - Processing file /opt/airflow/dags/clean_up_after_star_schema_creation.py for tasks to queue
[2023-12-12T00:09:53.973+0000] {logging_mixin.py:154} INFO - [2023-12-12T00:09:53.973+0000] {dagbag.py:536} INFO - Filling up the DagBag from /opt/airflow/dags/clean_up_after_star_schema_creation.py
[2023-12-12T00:09:53.977+0000] {processor.py:841} WARNING - No viable dags retrieved from /opt/airflow/dags/clean_up_after_star_schema_creation.py
[2023-12-12T00:09:53.987+0000] {processor.py:179} INFO - Processing /opt/airflow/dags/clean_up_after_star_schema_creation.py took 0.016 seconds
[2023-12-12T00:10:24.378+0000] {processor.py:157} INFO - Started process (PID=410) to work on /opt/airflow/dags/clean_up_after_star_schema_creation.py
[2023-12-12T00:10:24.378+0000] {processor.py:829} INFO - Processing file /opt/airflow/dags/clean_up_after_star_schema_creation.py for tasks to queue
[2023-12-12T00:10:24.379+0000] {logging_mixin.py:154} INFO - [2023-12-12T00:10:24.379+0000] {dagbag.py:536} INFO - Filling up the DagBag from /opt/airflow/dags/clean_up_after_star_schema_creation.py
[2023-12-12T00:10:24.382+0000] {processor.py:841} WARNING - No viable dags retrieved from /opt/airflow/dags/clean_up_after_star_schema_creation.py
[2023-12-12T00:10:24.392+0000] {processor.py:179} INFO - Processing /opt/airflow/dags/clean_up_after_star_schema_creation.py took 0.016 seconds
[2023-12-12T00:10:54.835+0000] {processor.py:157} INFO - Started process (PID=453) to work on /opt/airflow/dags/clean_up_after_star_schema_creation.py
[2023-12-12T00:10:54.836+0000] {processor.py:829} INFO - Processing file /opt/airflow/dags/clean_up_after_star_schema_creation.py for tasks to queue
[2023-12-12T00:10:54.837+0000] {logging_mixin.py:154} INFO - [2023-12-12T00:10:54.836+0000] {dagbag.py:536} INFO - Filling up the DagBag from /opt/airflow/dags/clean_up_after_star_schema_creation.py
[2023-12-12T00:10:54.841+0000] {processor.py:841} WARNING - No viable dags retrieved from /opt/airflow/dags/clean_up_after_star_schema_creation.py
[2023-12-12T00:10:54.850+0000] {processor.py:179} INFO - Processing /opt/airflow/dags/clean_up_after_star_schema_creation.py took 0.017 seconds
[2023-12-12T00:11:25.263+0000] {processor.py:157} INFO - Started process (PID=508) to work on /opt/airflow/dags/clean_up_after_star_schema_creation.py
[2023-12-12T00:11:25.263+0000] {processor.py:829} INFO - Processing file /opt/airflow/dags/clean_up_after_star_schema_creation.py for tasks to queue
[2023-12-12T00:11:25.264+0000] {logging_mixin.py:154} INFO - [2023-12-12T00:11:25.264+0000] {dagbag.py:536} INFO - Filling up the DagBag from /opt/airflow/dags/clean_up_after_star_schema_creation.py
[2023-12-12T00:11:25.267+0000] {processor.py:841} WARNING - No viable dags retrieved from /opt/airflow/dags/clean_up_after_star_schema_creation.py
[2023-12-12T00:11:25.278+0000] {processor.py:179} INFO - Processing /opt/airflow/dags/clean_up_after_star_schema_creation.py took 0.017 seconds
[2023-12-12T00:11:55.705+0000] {processor.py:157} INFO - Started process (PID=551) to work on /opt/airflow/dags/clean_up_after_star_schema_creation.py
[2023-12-12T00:11:55.706+0000] {processor.py:829} INFO - Processing file /opt/airflow/dags/clean_up_after_star_schema_creation.py for tasks to queue
[2023-12-12T00:11:55.706+0000] {logging_mixin.py:154} INFO - [2023-12-12T00:11:55.706+0000] {dagbag.py:536} INFO - Filling up the DagBag from /opt/airflow/dags/clean_up_after_star_schema_creation.py
[2023-12-12T00:11:55.710+0000] {processor.py:841} WARNING - No viable dags retrieved from /opt/airflow/dags/clean_up_after_star_schema_creation.py
[2023-12-12T00:11:55.719+0000] {processor.py:179} INFO - Processing /opt/airflow/dags/clean_up_after_star_schema_creation.py took 0.015 seconds
[2023-12-12T00:12:26.023+0000] {processor.py:157} INFO - Started process (PID=603) to work on /opt/airflow/dags/clean_up_after_star_schema_creation.py
[2023-12-12T00:12:26.024+0000] {processor.py:829} INFO - Processing file /opt/airflow/dags/clean_up_after_star_schema_creation.py for tasks to queue
[2023-12-12T00:12:26.025+0000] {logging_mixin.py:154} INFO - [2023-12-12T00:12:26.025+0000] {dagbag.py:536} INFO - Filling up the DagBag from /opt/airflow/dags/clean_up_after_star_schema_creation.py
[2023-12-12T00:12:26.028+0000] {processor.py:841} WARNING - No viable dags retrieved from /opt/airflow/dags/clean_up_after_star_schema_creation.py
[2023-12-12T00:12:26.038+0000] {processor.py:179} INFO - Processing /opt/airflow/dags/clean_up_after_star_schema_creation.py took 0.017 seconds
[2023-12-12T00:12:56.502+0000] {processor.py:157} INFO - Started process (PID=646) to work on /opt/airflow/dags/clean_up_after_star_schema_creation.py
[2023-12-12T00:12:56.503+0000] {processor.py:829} INFO - Processing file /opt/airflow/dags/clean_up_after_star_schema_creation.py for tasks to queue
[2023-12-12T00:12:56.505+0000] {logging_mixin.py:154} INFO - [2023-12-12T00:12:56.504+0000] {dagbag.py:536} INFO - Filling up the DagBag from /opt/airflow/dags/clean_up_after_star_schema_creation.py
[2023-12-12T00:12:56.509+0000] {processor.py:841} WARNING - No viable dags retrieved from /opt/airflow/dags/clean_up_after_star_schema_creation.py
[2023-12-12T00:12:56.521+0000] {processor.py:179} INFO - Processing /opt/airflow/dags/clean_up_after_star_schema_creation.py took 0.021 seconds
[2023-12-12T00:13:26.959+0000] {processor.py:157} INFO - Started process (PID=742) to work on /opt/airflow/dags/clean_up_after_star_schema_creation.py
[2023-12-12T00:13:26.959+0000] {processor.py:829} INFO - Processing file /opt/airflow/dags/clean_up_after_star_schema_creation.py for tasks to queue
[2023-12-12T00:13:26.960+0000] {logging_mixin.py:154} INFO - [2023-12-12T00:13:26.960+0000] {dagbag.py:536} INFO - Filling up the DagBag from /opt/airflow/dags/clean_up_after_star_schema_creation.py
[2023-12-12T00:13:26.963+0000] {processor.py:841} WARNING - No viable dags retrieved from /opt/airflow/dags/clean_up_after_star_schema_creation.py
[2023-12-12T00:13:26.974+0000] {processor.py:179} INFO - Processing /opt/airflow/dags/clean_up_after_star_schema_creation.py took 0.018 seconds
[2023-12-12T00:13:57.349+0000] {processor.py:157} INFO - Started process (PID=785) to work on /opt/airflow/dags/clean_up_after_star_schema_creation.py
[2023-12-12T00:13:57.349+0000] {processor.py:829} INFO - Processing file /opt/airflow/dags/clean_up_after_star_schema_creation.py for tasks to queue
[2023-12-12T00:13:57.350+0000] {logging_mixin.py:154} INFO - [2023-12-12T00:13:57.350+0000] {dagbag.py:536} INFO - Filling up the DagBag from /opt/airflow/dags/clean_up_after_star_schema_creation.py
[2023-12-12T00:13:57.353+0000] {processor.py:841} WARNING - No viable dags retrieved from /opt/airflow/dags/clean_up_after_star_schema_creation.py
[2023-12-12T00:13:57.364+0000] {processor.py:179} INFO - Processing /opt/airflow/dags/clean_up_after_star_schema_creation.py took 0.018 seconds
[2023-12-12T00:14:27.700+0000] {processor.py:157} INFO - Started process (PID=855) to work on /opt/airflow/dags/clean_up_after_star_schema_creation.py
[2023-12-12T00:14:27.701+0000] {processor.py:829} INFO - Processing file /opt/airflow/dags/clean_up_after_star_schema_creation.py for tasks to queue
[2023-12-12T00:14:27.702+0000] {logging_mixin.py:154} INFO - [2023-12-12T00:14:27.701+0000] {dagbag.py:536} INFO - Filling up the DagBag from /opt/airflow/dags/clean_up_after_star_schema_creation.py
[2023-12-12T00:14:27.706+0000] {processor.py:841} WARNING - No viable dags retrieved from /opt/airflow/dags/clean_up_after_star_schema_creation.py
[2023-12-12T00:14:27.716+0000] {processor.py:179} INFO - Processing /opt/airflow/dags/clean_up_after_star_schema_creation.py took 0.018 seconds
[2023-12-12T00:14:58.094+0000] {processor.py:157} INFO - Started process (PID=898) to work on /opt/airflow/dags/clean_up_after_star_schema_creation.py
[2023-12-12T00:14:58.095+0000] {processor.py:829} INFO - Processing file /opt/airflow/dags/clean_up_after_star_schema_creation.py for tasks to queue
[2023-12-12T00:14:58.095+0000] {logging_mixin.py:154} INFO - [2023-12-12T00:14:58.095+0000] {dagbag.py:536} INFO - Filling up the DagBag from /opt/airflow/dags/clean_up_after_star_schema_creation.py
[2023-12-12T00:14:58.101+0000] {processor.py:841} WARNING - No viable dags retrieved from /opt/airflow/dags/clean_up_after_star_schema_creation.py
[2023-12-12T00:14:58.111+0000] {processor.py:179} INFO - Processing /opt/airflow/dags/clean_up_after_star_schema_creation.py took 0.019 seconds
[2023-12-12T00:15:28.476+0000] {processor.py:157} INFO - Started process (PID=968) to work on /opt/airflow/dags/clean_up_after_star_schema_creation.py
[2023-12-12T00:15:28.477+0000] {processor.py:829} INFO - Processing file /opt/airflow/dags/clean_up_after_star_schema_creation.py for tasks to queue
[2023-12-12T00:15:28.477+0000] {logging_mixin.py:154} INFO - [2023-12-12T00:15:28.477+0000] {dagbag.py:536} INFO - Filling up the DagBag from /opt/airflow/dags/clean_up_after_star_schema_creation.py
[2023-12-12T00:15:28.481+0000] {processor.py:841} WARNING - No viable dags retrieved from /opt/airflow/dags/clean_up_after_star_schema_creation.py
[2023-12-12T00:15:28.491+0000] {processor.py:179} INFO - Processing /opt/airflow/dags/clean_up_after_star_schema_creation.py took 0.017 seconds
[2023-12-12T00:15:58.864+0000] {processor.py:157} INFO - Started process (PID=1011) to work on /opt/airflow/dags/clean_up_after_star_schema_creation.py
[2023-12-12T00:15:58.864+0000] {processor.py:829} INFO - Processing file /opt/airflow/dags/clean_up_after_star_schema_creation.py for tasks to queue
[2023-12-12T00:15:58.865+0000] {logging_mixin.py:154} INFO - [2023-12-12T00:15:58.865+0000] {dagbag.py:536} INFO - Filling up the DagBag from /opt/airflow/dags/clean_up_after_star_schema_creation.py
[2023-12-12T00:15:58.868+0000] {processor.py:841} WARNING - No viable dags retrieved from /opt/airflow/dags/clean_up_after_star_schema_creation.py
[2023-12-12T00:15:58.878+0000] {processor.py:179} INFO - Processing /opt/airflow/dags/clean_up_after_star_schema_creation.py took 0.017 seconds
[2023-12-12T00:16:29.291+0000] {processor.py:157} INFO - Started process (PID=1081) to work on /opt/airflow/dags/clean_up_after_star_schema_creation.py
[2023-12-12T00:16:29.291+0000] {processor.py:829} INFO - Processing file /opt/airflow/dags/clean_up_after_star_schema_creation.py for tasks to queue
[2023-12-12T00:16:29.292+0000] {logging_mixin.py:154} INFO - [2023-12-12T00:16:29.291+0000] {dagbag.py:536} INFO - Filling up the DagBag from /opt/airflow/dags/clean_up_after_star_schema_creation.py
[2023-12-12T00:16:29.295+0000] {processor.py:841} WARNING - No viable dags retrieved from /opt/airflow/dags/clean_up_after_star_schema_creation.py
[2023-12-12T00:16:29.304+0000] {processor.py:179} INFO - Processing /opt/airflow/dags/clean_up_after_star_schema_creation.py took 0.016 seconds
[2023-12-12T00:16:59.777+0000] {processor.py:157} INFO - Started process (PID=1124) to work on /opt/airflow/dags/clean_up_after_star_schema_creation.py
[2023-12-12T00:16:59.778+0000] {processor.py:829} INFO - Processing file /opt/airflow/dags/clean_up_after_star_schema_creation.py for tasks to queue
[2023-12-12T00:16:59.779+0000] {logging_mixin.py:154} INFO - [2023-12-12T00:16:59.778+0000] {dagbag.py:536} INFO - Filling up the DagBag from /opt/airflow/dags/clean_up_after_star_schema_creation.py
[2023-12-12T00:16:59.782+0000] {processor.py:841} WARNING - No viable dags retrieved from /opt/airflow/dags/clean_up_after_star_schema_creation.py
[2023-12-12T00:16:59.792+0000] {processor.py:179} INFO - Processing /opt/airflow/dags/clean_up_after_star_schema_creation.py took 0.017 seconds
[2023-12-12T00:17:30.254+0000] {processor.py:157} INFO - Started process (PID=1167) to work on /opt/airflow/dags/clean_up_after_star_schema_creation.py
[2023-12-12T00:17:30.255+0000] {processor.py:829} INFO - Processing file /opt/airflow/dags/clean_up_after_star_schema_creation.py for tasks to queue
[2023-12-12T00:17:30.255+0000] {logging_mixin.py:154} INFO - [2023-12-12T00:17:30.255+0000] {dagbag.py:536} INFO - Filling up the DagBag from /opt/airflow/dags/clean_up_after_star_schema_creation.py
[2023-12-12T00:17:30.259+0000] {processor.py:841} WARNING - No viable dags retrieved from /opt/airflow/dags/clean_up_after_star_schema_creation.py
[2023-12-12T00:17:30.268+0000] {processor.py:179} INFO - Processing /opt/airflow/dags/clean_up_after_star_schema_creation.py took 0.016 seconds
