[2023-12-12T00:07:52.191+0000] {processor.py:157} INFO - Started process (PID=191) to work on /opt/airflow/dags/create_star_schema_part_1.py
[2023-12-12T00:07:52.191+0000] {processor.py:829} INFO - Processing file /opt/airflow/dags/create_star_schema_part_1.py for tasks to queue
[2023-12-12T00:07:52.192+0000] {logging_mixin.py:154} INFO - [2023-12-12T00:07:52.192+0000] {dagbag.py:536} INFO - Filling up the DagBag from /opt/airflow/dags/create_star_schema_part_1.py
[2023-12-12T00:07:52.196+0000] {processor.py:841} WARNING - No viable dags retrieved from /opt/airflow/dags/create_star_schema_part_1.py
[2023-12-12T00:07:52.206+0000] {processor.py:179} INFO - Processing /opt/airflow/dags/create_star_schema_part_1.py took 0.018 seconds
[2023-12-12T00:08:22.396+0000] {processor.py:157} INFO - Started process (PID=228) to work on /opt/airflow/dags/create_star_schema_part_1.py
[2023-12-12T00:08:22.396+0000] {processor.py:829} INFO - Processing file /opt/airflow/dags/create_star_schema_part_1.py for tasks to queue
[2023-12-12T00:08:22.397+0000] {logging_mixin.py:154} INFO - [2023-12-12T00:08:22.396+0000] {dagbag.py:536} INFO - Filling up the DagBag from /opt/airflow/dags/create_star_schema_part_1.py
[2023-12-12T00:08:22.400+0000] {processor.py:841} WARNING - No viable dags retrieved from /opt/airflow/dags/create_star_schema_part_1.py
[2023-12-12T00:08:22.409+0000] {processor.py:179} INFO - Processing /opt/airflow/dags/create_star_schema_part_1.py took 0.015 seconds
[2023-12-12T00:08:52.903+0000] {processor.py:157} INFO - Started process (PID=271) to work on /opt/airflow/dags/create_star_schema_part_1.py
[2023-12-12T00:08:52.904+0000] {processor.py:829} INFO - Processing file /opt/airflow/dags/create_star_schema_part_1.py for tasks to queue
[2023-12-12T00:08:52.904+0000] {logging_mixin.py:154} INFO - [2023-12-12T00:08:52.904+0000] {dagbag.py:536} INFO - Filling up the DagBag from /opt/airflow/dags/create_star_schema_part_1.py
[2023-12-12T00:08:52.908+0000] {processor.py:841} WARNING - No viable dags retrieved from /opt/airflow/dags/create_star_schema_part_1.py
[2023-12-12T00:08:52.917+0000] {processor.py:179} INFO - Processing /opt/airflow/dags/create_star_schema_part_1.py took 0.016 seconds
[2023-12-12T00:09:23.393+0000] {processor.py:157} INFO - Started process (PID=317) to work on /opt/airflow/dags/create_star_schema_part_1.py
[2023-12-12T00:09:23.394+0000] {processor.py:829} INFO - Processing file /opt/airflow/dags/create_star_schema_part_1.py for tasks to queue
[2023-12-12T00:09:23.394+0000] {logging_mixin.py:154} INFO - [2023-12-12T00:09:23.394+0000] {dagbag.py:536} INFO - Filling up the DagBag from /opt/airflow/dags/create_star_schema_part_1.py
[2023-12-12T00:09:23.398+0000] {processor.py:841} WARNING - No viable dags retrieved from /opt/airflow/dags/create_star_schema_part_1.py
[2023-12-12T00:09:23.408+0000] {processor.py:179} INFO - Processing /opt/airflow/dags/create_star_schema_part_1.py took 0.017 seconds
[2023-12-12T00:09:53.945+0000] {processor.py:157} INFO - Started process (PID=360) to work on /opt/airflow/dags/create_star_schema_part_1.py
[2023-12-12T00:09:53.946+0000] {processor.py:829} INFO - Processing file /opt/airflow/dags/create_star_schema_part_1.py for tasks to queue
[2023-12-12T00:09:53.946+0000] {logging_mixin.py:154} INFO - [2023-12-12T00:09:53.946+0000] {dagbag.py:536} INFO - Filling up the DagBag from /opt/airflow/dags/create_star_schema_part_1.py
[2023-12-12T00:09:53.950+0000] {processor.py:841} WARNING - No viable dags retrieved from /opt/airflow/dags/create_star_schema_part_1.py
[2023-12-12T00:09:53.960+0000] {processor.py:179} INFO - Processing /opt/airflow/dags/create_star_schema_part_1.py took 0.017 seconds
[2023-12-12T00:10:24.351+0000] {processor.py:157} INFO - Started process (PID=403) to work on /opt/airflow/dags/create_star_schema_part_1.py
[2023-12-12T00:10:24.351+0000] {processor.py:829} INFO - Processing file /opt/airflow/dags/create_star_schema_part_1.py for tasks to queue
[2023-12-12T00:10:24.352+0000] {logging_mixin.py:154} INFO - [2023-12-12T00:10:24.352+0000] {dagbag.py:536} INFO - Filling up the DagBag from /opt/airflow/dags/create_star_schema_part_1.py
[2023-12-12T00:10:24.356+0000] {processor.py:841} WARNING - No viable dags retrieved from /opt/airflow/dags/create_star_schema_part_1.py
[2023-12-12T00:10:24.366+0000] {processor.py:179} INFO - Processing /opt/airflow/dags/create_star_schema_part_1.py took 0.017 seconds
[2023-12-12T00:10:54.809+0000] {processor.py:157} INFO - Started process (PID=446) to work on /opt/airflow/dags/create_star_schema_part_1.py
[2023-12-12T00:10:54.809+0000] {processor.py:829} INFO - Processing file /opt/airflow/dags/create_star_schema_part_1.py for tasks to queue
[2023-12-12T00:10:54.810+0000] {logging_mixin.py:154} INFO - [2023-12-12T00:10:54.810+0000] {dagbag.py:536} INFO - Filling up the DagBag from /opt/airflow/dags/create_star_schema_part_1.py
[2023-12-12T00:10:54.814+0000] {processor.py:841} WARNING - No viable dags retrieved from /opt/airflow/dags/create_star_schema_part_1.py
[2023-12-12T00:10:54.825+0000] {processor.py:179} INFO - Processing /opt/airflow/dags/create_star_schema_part_1.py took 0.019 seconds
[2023-12-12T00:11:25.234+0000] {processor.py:157} INFO - Started process (PID=501) to work on /opt/airflow/dags/create_star_schema_part_1.py
[2023-12-12T00:11:25.235+0000] {processor.py:829} INFO - Processing file /opt/airflow/dags/create_star_schema_part_1.py for tasks to queue
[2023-12-12T00:11:25.236+0000] {logging_mixin.py:154} INFO - [2023-12-12T00:11:25.235+0000] {dagbag.py:536} INFO - Filling up the DagBag from /opt/airflow/dags/create_star_schema_part_1.py
[2023-12-12T00:11:25.239+0000] {processor.py:841} WARNING - No viable dags retrieved from /opt/airflow/dags/create_star_schema_part_1.py
[2023-12-12T00:11:25.250+0000] {processor.py:179} INFO - Processing /opt/airflow/dags/create_star_schema_part_1.py took 0.018 seconds
[2023-12-12T00:11:55.680+0000] {processor.py:157} INFO - Started process (PID=544) to work on /opt/airflow/dags/create_star_schema_part_1.py
[2023-12-12T00:11:55.681+0000] {processor.py:829} INFO - Processing file /opt/airflow/dags/create_star_schema_part_1.py for tasks to queue
[2023-12-12T00:11:55.682+0000] {logging_mixin.py:154} INFO - [2023-12-12T00:11:55.681+0000] {dagbag.py:536} INFO - Filling up the DagBag from /opt/airflow/dags/create_star_schema_part_1.py
[2023-12-12T00:11:55.686+0000] {processor.py:841} WARNING - No viable dags retrieved from /opt/airflow/dags/create_star_schema_part_1.py
[2023-12-12T00:11:55.695+0000] {processor.py:179} INFO - Processing /opt/airflow/dags/create_star_schema_part_1.py took 0.017 seconds
[2023-12-12T00:12:25.996+0000] {processor.py:157} INFO - Started process (PID=596) to work on /opt/airflow/dags/create_star_schema_part_1.py
[2023-12-12T00:12:25.997+0000] {processor.py:829} INFO - Processing file /opt/airflow/dags/create_star_schema_part_1.py for tasks to queue
[2023-12-12T00:12:25.997+0000] {logging_mixin.py:154} INFO - [2023-12-12T00:12:25.997+0000] {dagbag.py:536} INFO - Filling up the DagBag from /opt/airflow/dags/create_star_schema_part_1.py
[2023-12-12T00:12:26.001+0000] {processor.py:841} WARNING - No viable dags retrieved from /opt/airflow/dags/create_star_schema_part_1.py
[2023-12-12T00:12:26.012+0000] {processor.py:179} INFO - Processing /opt/airflow/dags/create_star_schema_part_1.py took 0.018 seconds
[2023-12-12T00:12:56.473+0000] {processor.py:157} INFO - Started process (PID=639) to work on /opt/airflow/dags/create_star_schema_part_1.py
[2023-12-12T00:12:56.474+0000] {processor.py:829} INFO - Processing file /opt/airflow/dags/create_star_schema_part_1.py for tasks to queue
[2023-12-12T00:12:56.475+0000] {logging_mixin.py:154} INFO - [2023-12-12T00:12:56.475+0000] {dagbag.py:536} INFO - Filling up the DagBag from /opt/airflow/dags/create_star_schema_part_1.py
[2023-12-12T00:12:56.478+0000] {processor.py:841} WARNING - No viable dags retrieved from /opt/airflow/dags/create_star_schema_part_1.py
[2023-12-12T00:12:56.490+0000] {processor.py:179} INFO - Processing /opt/airflow/dags/create_star_schema_part_1.py took 0.021 seconds
[2023-12-12T00:13:26.918+0000] {processor.py:157} INFO - Started process (PID=735) to work on /opt/airflow/dags/create_star_schema_part_1.py
[2023-12-12T00:13:26.920+0000] {processor.py:829} INFO - Processing file /opt/airflow/dags/create_star_schema_part_1.py for tasks to queue
[2023-12-12T00:13:26.921+0000] {logging_mixin.py:154} INFO - [2023-12-12T00:13:26.921+0000] {dagbag.py:536} INFO - Filling up the DagBag from /opt/airflow/dags/create_star_schema_part_1.py
[2023-12-12T00:13:26.925+0000] {processor.py:841} WARNING - No viable dags retrieved from /opt/airflow/dags/create_star_schema_part_1.py
[2023-12-12T00:13:26.935+0000] {processor.py:179} INFO - Processing /opt/airflow/dags/create_star_schema_part_1.py took 0.019 seconds
[2023-12-12T00:13:57.319+0000] {processor.py:157} INFO - Started process (PID=778) to work on /opt/airflow/dags/create_star_schema_part_1.py
[2023-12-12T00:13:57.320+0000] {processor.py:829} INFO - Processing file /opt/airflow/dags/create_star_schema_part_1.py for tasks to queue
[2023-12-12T00:13:57.320+0000] {logging_mixin.py:154} INFO - [2023-12-12T00:13:57.320+0000] {dagbag.py:536} INFO - Filling up the DagBag from /opt/airflow/dags/create_star_schema_part_1.py
[2023-12-12T00:13:57.326+0000] {processor.py:841} WARNING - No viable dags retrieved from /opt/airflow/dags/create_star_schema_part_1.py
[2023-12-12T00:13:57.336+0000] {processor.py:179} INFO - Processing /opt/airflow/dags/create_star_schema_part_1.py took 0.019 seconds
[2023-12-12T00:14:27.672+0000] {processor.py:157} INFO - Started process (PID=848) to work on /opt/airflow/dags/create_star_schema_part_1.py
[2023-12-12T00:14:27.673+0000] {processor.py:829} INFO - Processing file /opt/airflow/dags/create_star_schema_part_1.py for tasks to queue
[2023-12-12T00:14:27.674+0000] {logging_mixin.py:154} INFO - [2023-12-12T00:14:27.674+0000] {dagbag.py:536} INFO - Filling up the DagBag from /opt/airflow/dags/create_star_schema_part_1.py
[2023-12-12T00:14:27.678+0000] {processor.py:841} WARNING - No viable dags retrieved from /opt/airflow/dags/create_star_schema_part_1.py
[2023-12-12T00:14:27.688+0000] {processor.py:179} INFO - Processing /opt/airflow/dags/create_star_schema_part_1.py took 0.018 seconds
[2023-12-12T00:14:58.063+0000] {processor.py:157} INFO - Started process (PID=893) to work on /opt/airflow/dags/create_star_schema_part_1.py
[2023-12-12T00:14:58.063+0000] {processor.py:829} INFO - Processing file /opt/airflow/dags/create_star_schema_part_1.py for tasks to queue
[2023-12-12T00:14:58.064+0000] {logging_mixin.py:154} INFO - [2023-12-12T00:14:58.064+0000] {dagbag.py:536} INFO - Filling up the DagBag from /opt/airflow/dags/create_star_schema_part_1.py
[2023-12-12T00:14:58.067+0000] {processor.py:841} WARNING - No viable dags retrieved from /opt/airflow/dags/create_star_schema_part_1.py
[2023-12-12T00:14:58.078+0000] {processor.py:179} INFO - Processing /opt/airflow/dags/create_star_schema_part_1.py took 0.018 seconds
[2023-12-12T00:15:28.445+0000] {processor.py:157} INFO - Started process (PID=963) to work on /opt/airflow/dags/create_star_schema_part_1.py
[2023-12-12T00:15:28.446+0000] {processor.py:829} INFO - Processing file /opt/airflow/dags/create_star_schema_part_1.py for tasks to queue
[2023-12-12T00:15:28.446+0000] {logging_mixin.py:154} INFO - [2023-12-12T00:15:28.446+0000] {dagbag.py:536} INFO - Filling up the DagBag from /opt/airflow/dags/create_star_schema_part_1.py
[2023-12-12T00:15:28.450+0000] {processor.py:841} WARNING - No viable dags retrieved from /opt/airflow/dags/create_star_schema_part_1.py
[2023-12-12T00:15:28.460+0000] {processor.py:179} INFO - Processing /opt/airflow/dags/create_star_schema_part_1.py took 0.018 seconds
[2023-12-12T00:15:58.837+0000] {processor.py:157} INFO - Started process (PID=1004) to work on /opt/airflow/dags/create_star_schema_part_1.py
[2023-12-12T00:15:58.838+0000] {processor.py:829} INFO - Processing file /opt/airflow/dags/create_star_schema_part_1.py for tasks to queue
[2023-12-12T00:15:58.838+0000] {logging_mixin.py:154} INFO - [2023-12-12T00:15:58.838+0000] {dagbag.py:536} INFO - Filling up the DagBag from /opt/airflow/dags/create_star_schema_part_1.py
[2023-12-12T00:15:58.842+0000] {processor.py:841} WARNING - No viable dags retrieved from /opt/airflow/dags/create_star_schema_part_1.py
[2023-12-12T00:15:58.852+0000] {processor.py:179} INFO - Processing /opt/airflow/dags/create_star_schema_part_1.py took 0.017 seconds
[2023-12-12T00:16:29.263+0000] {processor.py:157} INFO - Started process (PID=1076) to work on /opt/airflow/dags/create_star_schema_part_1.py
[2023-12-12T00:16:29.263+0000] {processor.py:829} INFO - Processing file /opt/airflow/dags/create_star_schema_part_1.py for tasks to queue
[2023-12-12T00:16:29.264+0000] {logging_mixin.py:154} INFO - [2023-12-12T00:16:29.264+0000] {dagbag.py:536} INFO - Filling up the DagBag from /opt/airflow/dags/create_star_schema_part_1.py
[2023-12-12T00:16:29.268+0000] {processor.py:841} WARNING - No viable dags retrieved from /opt/airflow/dags/create_star_schema_part_1.py
[2023-12-12T00:16:29.277+0000] {processor.py:179} INFO - Processing /opt/airflow/dags/create_star_schema_part_1.py took 0.016 seconds
[2023-12-12T00:16:59.749+0000] {processor.py:157} INFO - Started process (PID=1117) to work on /opt/airflow/dags/create_star_schema_part_1.py
[2023-12-12T00:16:59.750+0000] {processor.py:829} INFO - Processing file /opt/airflow/dags/create_star_schema_part_1.py for tasks to queue
[2023-12-12T00:16:59.750+0000] {logging_mixin.py:154} INFO - [2023-12-12T00:16:59.750+0000] {dagbag.py:536} INFO - Filling up the DagBag from /opt/airflow/dags/create_star_schema_part_1.py
[2023-12-12T00:16:59.754+0000] {processor.py:841} WARNING - No viable dags retrieved from /opt/airflow/dags/create_star_schema_part_1.py
[2023-12-12T00:16:59.764+0000] {processor.py:179} INFO - Processing /opt/airflow/dags/create_star_schema_part_1.py took 0.018 seconds
[2023-12-12T00:17:30.227+0000] {processor.py:157} INFO - Started process (PID=1160) to work on /opt/airflow/dags/create_star_schema_part_1.py
[2023-12-12T00:17:30.227+0000] {processor.py:829} INFO - Processing file /opt/airflow/dags/create_star_schema_part_1.py for tasks to queue
[2023-12-12T00:17:30.228+0000] {logging_mixin.py:154} INFO - [2023-12-12T00:17:30.228+0000] {dagbag.py:536} INFO - Filling up the DagBag from /opt/airflow/dags/create_star_schema_part_1.py
[2023-12-12T00:17:30.232+0000] {processor.py:841} WARNING - No viable dags retrieved from /opt/airflow/dags/create_star_schema_part_1.py
[2023-12-12T00:17:30.243+0000] {processor.py:179} INFO - Processing /opt/airflow/dags/create_star_schema_part_1.py took 0.018 seconds
