[2023-12-12T00:07:52.159+0000] {processor.py:157} INFO - Started process (PID=186) to work on /opt/airflow/dags/create_star_schema_part_2.py
[2023-12-12T00:07:52.160+0000] {processor.py:829} INFO - Processing file /opt/airflow/dags/create_star_schema_part_2.py for tasks to queue
[2023-12-12T00:07:52.160+0000] {logging_mixin.py:154} INFO - [2023-12-12T00:07:52.160+0000] {dagbag.py:536} INFO - Filling up the DagBag from /opt/airflow/dags/create_star_schema_part_2.py
[2023-12-12T00:07:52.164+0000] {processor.py:841} WARNING - No viable dags retrieved from /opt/airflow/dags/create_star_schema_part_2.py
[2023-12-12T00:07:52.174+0000] {processor.py:179} INFO - Processing /opt/airflow/dags/create_star_schema_part_2.py took 0.018 seconds
[2023-12-12T00:08:22.392+0000] {processor.py:157} INFO - Started process (PID=225) to work on /opt/airflow/dags/create_star_schema_part_2.py
[2023-12-12T00:08:22.393+0000] {processor.py:829} INFO - Processing file /opt/airflow/dags/create_star_schema_part_2.py for tasks to queue
[2023-12-12T00:08:22.393+0000] {logging_mixin.py:154} INFO - [2023-12-12T00:08:22.393+0000] {dagbag.py:536} INFO - Filling up the DagBag from /opt/airflow/dags/create_star_schema_part_2.py
[2023-12-12T00:08:22.397+0000] {processor.py:841} WARNING - No viable dags retrieved from /opt/airflow/dags/create_star_schema_part_2.py
[2023-12-12T00:08:22.407+0000] {processor.py:179} INFO - Processing /opt/airflow/dags/create_star_schema_part_2.py took 0.017 seconds
[2023-12-12T00:08:52.897+0000] {processor.py:157} INFO - Started process (PID=268) to work on /opt/airflow/dags/create_star_schema_part_2.py
[2023-12-12T00:08:52.898+0000] {processor.py:829} INFO - Processing file /opt/airflow/dags/create_star_schema_part_2.py for tasks to queue
[2023-12-12T00:08:52.899+0000] {logging_mixin.py:154} INFO - [2023-12-12T00:08:52.899+0000] {dagbag.py:536} INFO - Filling up the DagBag from /opt/airflow/dags/create_star_schema_part_2.py
[2023-12-12T00:08:52.904+0000] {processor.py:841} WARNING - No viable dags retrieved from /opt/airflow/dags/create_star_schema_part_2.py
[2023-12-12T00:08:52.913+0000] {processor.py:179} INFO - Processing /opt/airflow/dags/create_star_schema_part_2.py took 0.018 seconds
[2023-12-12T00:09:23.388+0000] {processor.py:157} INFO - Started process (PID=314) to work on /opt/airflow/dags/create_star_schema_part_2.py
[2023-12-12T00:09:23.389+0000] {processor.py:829} INFO - Processing file /opt/airflow/dags/create_star_schema_part_2.py for tasks to queue
[2023-12-12T00:09:23.390+0000] {logging_mixin.py:154} INFO - [2023-12-12T00:09:23.390+0000] {dagbag.py:536} INFO - Filling up the DagBag from /opt/airflow/dags/create_star_schema_part_2.py
[2023-12-12T00:09:23.394+0000] {processor.py:841} WARNING - No viable dags retrieved from /opt/airflow/dags/create_star_schema_part_2.py
[2023-12-12T00:09:23.404+0000] {processor.py:179} INFO - Processing /opt/airflow/dags/create_star_schema_part_2.py took 0.017 seconds
[2023-12-12T00:09:53.940+0000] {processor.py:157} INFO - Started process (PID=357) to work on /opt/airflow/dags/create_star_schema_part_2.py
[2023-12-12T00:09:53.941+0000] {processor.py:829} INFO - Processing file /opt/airflow/dags/create_star_schema_part_2.py for tasks to queue
[2023-12-12T00:09:53.942+0000] {logging_mixin.py:154} INFO - [2023-12-12T00:09:53.942+0000] {dagbag.py:536} INFO - Filling up the DagBag from /opt/airflow/dags/create_star_schema_part_2.py
[2023-12-12T00:09:53.946+0000] {processor.py:841} WARNING - No viable dags retrieved from /opt/airflow/dags/create_star_schema_part_2.py
[2023-12-12T00:09:53.957+0000] {processor.py:179} INFO - Processing /opt/airflow/dags/create_star_schema_part_2.py took 0.018 seconds
[2023-12-12T00:10:24.346+0000] {processor.py:157} INFO - Started process (PID=400) to work on /opt/airflow/dags/create_star_schema_part_2.py
[2023-12-12T00:10:24.347+0000] {processor.py:829} INFO - Processing file /opt/airflow/dags/create_star_schema_part_2.py for tasks to queue
[2023-12-12T00:10:24.348+0000] {logging_mixin.py:154} INFO - [2023-12-12T00:10:24.348+0000] {dagbag.py:536} INFO - Filling up the DagBag from /opt/airflow/dags/create_star_schema_part_2.py
[2023-12-12T00:10:24.352+0000] {processor.py:841} WARNING - No viable dags retrieved from /opt/airflow/dags/create_star_schema_part_2.py
[2023-12-12T00:10:24.362+0000] {processor.py:179} INFO - Processing /opt/airflow/dags/create_star_schema_part_2.py took 0.018 seconds
[2023-12-12T00:10:54.803+0000] {processor.py:157} INFO - Started process (PID=443) to work on /opt/airflow/dags/create_star_schema_part_2.py
[2023-12-12T00:10:54.804+0000] {processor.py:829} INFO - Processing file /opt/airflow/dags/create_star_schema_part_2.py for tasks to queue
[2023-12-12T00:10:54.805+0000] {logging_mixin.py:154} INFO - [2023-12-12T00:10:54.805+0000] {dagbag.py:536} INFO - Filling up the DagBag from /opt/airflow/dags/create_star_schema_part_2.py
[2023-12-12T00:10:54.810+0000] {processor.py:841} WARNING - No viable dags retrieved from /opt/airflow/dags/create_star_schema_part_2.py
[2023-12-12T00:10:54.820+0000] {processor.py:179} INFO - Processing /opt/airflow/dags/create_star_schema_part_2.py took 0.019 seconds
[2023-12-12T00:11:25.230+0000] {processor.py:157} INFO - Started process (PID=498) to work on /opt/airflow/dags/create_star_schema_part_2.py
[2023-12-12T00:11:25.230+0000] {processor.py:829} INFO - Processing file /opt/airflow/dags/create_star_schema_part_2.py for tasks to queue
[2023-12-12T00:11:25.231+0000] {logging_mixin.py:154} INFO - [2023-12-12T00:11:25.231+0000] {dagbag.py:536} INFO - Filling up the DagBag from /opt/airflow/dags/create_star_schema_part_2.py
[2023-12-12T00:11:25.235+0000] {processor.py:841} WARNING - No viable dags retrieved from /opt/airflow/dags/create_star_schema_part_2.py
[2023-12-12T00:11:25.246+0000] {processor.py:179} INFO - Processing /opt/airflow/dags/create_star_schema_part_2.py took 0.019 seconds
[2023-12-12T00:11:55.676+0000] {processor.py:157} INFO - Started process (PID=541) to work on /opt/airflow/dags/create_star_schema_part_2.py
[2023-12-12T00:11:55.677+0000] {processor.py:829} INFO - Processing file /opt/airflow/dags/create_star_schema_part_2.py for tasks to queue
[2023-12-12T00:11:55.677+0000] {logging_mixin.py:154} INFO - [2023-12-12T00:11:55.677+0000] {dagbag.py:536} INFO - Filling up the DagBag from /opt/airflow/dags/create_star_schema_part_2.py
[2023-12-12T00:11:55.682+0000] {processor.py:841} WARNING - No viable dags retrieved from /opt/airflow/dags/create_star_schema_part_2.py
[2023-12-12T00:11:55.692+0000] {processor.py:179} INFO - Processing /opt/airflow/dags/create_star_schema_part_2.py took 0.018 seconds
[2023-12-12T00:12:25.991+0000] {processor.py:157} INFO - Started process (PID=593) to work on /opt/airflow/dags/create_star_schema_part_2.py
[2023-12-12T00:12:25.992+0000] {processor.py:829} INFO - Processing file /opt/airflow/dags/create_star_schema_part_2.py for tasks to queue
[2023-12-12T00:12:25.993+0000] {logging_mixin.py:154} INFO - [2023-12-12T00:12:25.993+0000] {dagbag.py:536} INFO - Filling up the DagBag from /opt/airflow/dags/create_star_schema_part_2.py
[2023-12-12T00:12:25.997+0000] {processor.py:841} WARNING - No viable dags retrieved from /opt/airflow/dags/create_star_schema_part_2.py
[2023-12-12T00:12:26.008+0000] {processor.py:179} INFO - Processing /opt/airflow/dags/create_star_schema_part_2.py took 0.019 seconds
[2023-12-12T00:12:56.467+0000] {processor.py:157} INFO - Started process (PID=636) to work on /opt/airflow/dags/create_star_schema_part_2.py
[2023-12-12T00:12:56.468+0000] {processor.py:829} INFO - Processing file /opt/airflow/dags/create_star_schema_part_2.py for tasks to queue
[2023-12-12T00:12:56.469+0000] {logging_mixin.py:154} INFO - [2023-12-12T00:12:56.468+0000] {dagbag.py:536} INFO - Filling up the DagBag from /opt/airflow/dags/create_star_schema_part_2.py
[2023-12-12T00:12:56.475+0000] {processor.py:841} WARNING - No viable dags retrieved from /opt/airflow/dags/create_star_schema_part_2.py
[2023-12-12T00:12:56.485+0000] {processor.py:179} INFO - Processing /opt/airflow/dags/create_star_schema_part_2.py took 0.021 seconds
[2023-12-12T00:13:26.914+0000] {processor.py:157} INFO - Started process (PID=732) to work on /opt/airflow/dags/create_star_schema_part_2.py
[2023-12-12T00:13:26.915+0000] {processor.py:829} INFO - Processing file /opt/airflow/dags/create_star_schema_part_2.py for tasks to queue
[2023-12-12T00:13:26.915+0000] {logging_mixin.py:154} INFO - [2023-12-12T00:13:26.915+0000] {dagbag.py:536} INFO - Filling up the DagBag from /opt/airflow/dags/create_star_schema_part_2.py
[2023-12-12T00:13:26.921+0000] {processor.py:841} WARNING - No viable dags retrieved from /opt/airflow/dags/create_star_schema_part_2.py
[2023-12-12T00:13:26.932+0000] {processor.py:179} INFO - Processing /opt/airflow/dags/create_star_schema_part_2.py took 0.020 seconds
[2023-12-12T00:13:57.315+0000] {processor.py:157} INFO - Started process (PID=775) to work on /opt/airflow/dags/create_star_schema_part_2.py
[2023-12-12T00:13:57.315+0000] {processor.py:829} INFO - Processing file /opt/airflow/dags/create_star_schema_part_2.py for tasks to queue
[2023-12-12T00:13:57.316+0000] {logging_mixin.py:154} INFO - [2023-12-12T00:13:57.316+0000] {dagbag.py:536} INFO - Filling up the DagBag from /opt/airflow/dags/create_star_schema_part_2.py
[2023-12-12T00:13:57.320+0000] {processor.py:841} WARNING - No viable dags retrieved from /opt/airflow/dags/create_star_schema_part_2.py
[2023-12-12T00:13:57.332+0000] {processor.py:179} INFO - Processing /opt/airflow/dags/create_star_schema_part_2.py took 0.020 seconds
[2023-12-12T00:14:27.668+0000] {processor.py:157} INFO - Started process (PID=845) to work on /opt/airflow/dags/create_star_schema_part_2.py
[2023-12-12T00:14:27.668+0000] {processor.py:829} INFO - Processing file /opt/airflow/dags/create_star_schema_part_2.py for tasks to queue
[2023-12-12T00:14:27.669+0000] {logging_mixin.py:154} INFO - [2023-12-12T00:14:27.669+0000] {dagbag.py:536} INFO - Filling up the DagBag from /opt/airflow/dags/create_star_schema_part_2.py
[2023-12-12T00:14:27.674+0000] {processor.py:841} WARNING - No viable dags retrieved from /opt/airflow/dags/create_star_schema_part_2.py
[2023-12-12T00:14:27.684+0000] {processor.py:179} INFO - Processing /opt/airflow/dags/create_star_schema_part_2.py took 0.019 seconds
[2023-12-12T00:14:58.031+0000] {processor.py:157} INFO - Started process (PID=886) to work on /opt/airflow/dags/create_star_schema_part_2.py
[2023-12-12T00:14:58.032+0000] {processor.py:829} INFO - Processing file /opt/airflow/dags/create_star_schema_part_2.py for tasks to queue
[2023-12-12T00:14:58.033+0000] {logging_mixin.py:154} INFO - [2023-12-12T00:14:58.033+0000] {dagbag.py:536} INFO - Filling up the DagBag from /opt/airflow/dags/create_star_schema_part_2.py
[2023-12-12T00:14:58.040+0000] {processor.py:841} WARNING - No viable dags retrieved from /opt/airflow/dags/create_star_schema_part_2.py
[2023-12-12T00:14:58.050+0000] {processor.py:179} INFO - Processing /opt/airflow/dags/create_star_schema_part_2.py took 0.021 seconds
[2023-12-12T00:15:28.416+0000] {processor.py:157} INFO - Started process (PID=956) to work on /opt/airflow/dags/create_star_schema_part_2.py
[2023-12-12T00:15:28.417+0000] {processor.py:829} INFO - Processing file /opt/airflow/dags/create_star_schema_part_2.py for tasks to queue
[2023-12-12T00:15:28.418+0000] {logging_mixin.py:154} INFO - [2023-12-12T00:15:28.417+0000] {dagbag.py:536} INFO - Filling up the DagBag from /opt/airflow/dags/create_star_schema_part_2.py
[2023-12-12T00:15:28.422+0000] {processor.py:841} WARNING - No viable dags retrieved from /opt/airflow/dags/create_star_schema_part_2.py
[2023-12-12T00:15:28.434+0000] {processor.py:179} INFO - Processing /opt/airflow/dags/create_star_schema_part_2.py took 0.019 seconds
[2023-12-12T00:15:58.832+0000] {processor.py:157} INFO - Started process (PID=1001) to work on /opt/airflow/dags/create_star_schema_part_2.py
[2023-12-12T00:15:58.833+0000] {processor.py:829} INFO - Processing file /opt/airflow/dags/create_star_schema_part_2.py for tasks to queue
[2023-12-12T00:15:58.834+0000] {logging_mixin.py:154} INFO - [2023-12-12T00:15:58.834+0000] {dagbag.py:536} INFO - Filling up the DagBag from /opt/airflow/dags/create_star_schema_part_2.py
[2023-12-12T00:15:58.838+0000] {processor.py:841} WARNING - No viable dags retrieved from /opt/airflow/dags/create_star_schema_part_2.py
[2023-12-12T00:15:58.848+0000] {processor.py:179} INFO - Processing /opt/airflow/dags/create_star_schema_part_2.py took 0.018 seconds
[2023-12-12T00:16:29.238+0000] {processor.py:157} INFO - Started process (PID=1069) to work on /opt/airflow/dags/create_star_schema_part_2.py
[2023-12-12T00:16:29.238+0000] {processor.py:829} INFO - Processing file /opt/airflow/dags/create_star_schema_part_2.py for tasks to queue
[2023-12-12T00:16:29.239+0000] {logging_mixin.py:154} INFO - [2023-12-12T00:16:29.239+0000] {dagbag.py:536} INFO - Filling up the DagBag from /opt/airflow/dags/create_star_schema_part_2.py
[2023-12-12T00:16:29.243+0000] {processor.py:841} WARNING - No viable dags retrieved from /opt/airflow/dags/create_star_schema_part_2.py
[2023-12-12T00:16:29.252+0000] {processor.py:179} INFO - Processing /opt/airflow/dags/create_star_schema_part_2.py took 0.017 seconds
[2023-12-12T00:16:59.744+0000] {processor.py:157} INFO - Started process (PID=1114) to work on /opt/airflow/dags/create_star_schema_part_2.py
[2023-12-12T00:16:59.745+0000] {processor.py:829} INFO - Processing file /opt/airflow/dags/create_star_schema_part_2.py for tasks to queue
[2023-12-12T00:16:59.746+0000] {logging_mixin.py:154} INFO - [2023-12-12T00:16:59.746+0000] {dagbag.py:536} INFO - Filling up the DagBag from /opt/airflow/dags/create_star_schema_part_2.py
[2023-12-12T00:16:59.750+0000] {processor.py:841} WARNING - No viable dags retrieved from /opt/airflow/dags/create_star_schema_part_2.py
[2023-12-12T00:16:59.761+0000] {processor.py:179} INFO - Processing /opt/airflow/dags/create_star_schema_part_2.py took 0.018 seconds
[2023-12-12T00:17:30.223+0000] {processor.py:157} INFO - Started process (PID=1157) to work on /opt/airflow/dags/create_star_schema_part_2.py
[2023-12-12T00:17:30.224+0000] {processor.py:829} INFO - Processing file /opt/airflow/dags/create_star_schema_part_2.py for tasks to queue
[2023-12-12T00:17:30.224+0000] {logging_mixin.py:154} INFO - [2023-12-12T00:17:30.224+0000] {dagbag.py:536} INFO - Filling up the DagBag from /opt/airflow/dags/create_star_schema_part_2.py
[2023-12-12T00:17:30.228+0000] {processor.py:841} WARNING - No viable dags retrieved from /opt/airflow/dags/create_star_schema_part_2.py
[2023-12-12T00:17:30.239+0000] {processor.py:179} INFO - Processing /opt/airflow/dags/create_star_schema_part_2.py took 0.019 seconds
