[2023-12-12T00:07:52.042+0000] {processor.py:157} INFO - Started process (PID=167) to work on /opt/airflow/dags/Online_Shopping_Dataset.py
[2023-12-12T00:07:52.043+0000] {processor.py:829} INFO - Processing file /opt/airflow/dags/Online_Shopping_Dataset.py for tasks to queue
[2023-12-12T00:07:52.044+0000] {logging_mixin.py:154} INFO - [2023-12-12T00:07:52.044+0000] {dagbag.py:536} INFO - Filling up the DagBag from /opt/airflow/dags/Online_Shopping_Dataset.py
[2023-12-12T00:07:52.790+0000] {processor.py:839} INFO - DAG(s) dict_keys(['Online_Shopping_Dataset-v01.remove_unnecessary_columns', 'Online_Shopping_Dataset-v01.remove_samples_with_outliers', 'Online_Shopping_Dataset-v01.remove_samples_with_nulls', 'Online_Shopping_Dataset-v01.create_dim_tables', 'Online_Shopping_Dataset-v01.insert_fk_into_fact_table', 'Online_Shopping_Dataset-v01.remove_replaced_dim_cols', 'Online_Shopping_Dataset-v01']) retrieved from /opt/airflow/dags/Online_Shopping_Dataset.py
[2023-12-12T00:07:52.935+0000] {logging_mixin.py:154} INFO - [2023-12-12T00:07:52.935+0000] {manager.py:499} INFO - Created Permission View: %s
[2023-12-12T00:07:52.940+0000] {logging_mixin.py:154} INFO - [2023-12-12T00:07:52.940+0000] {manager.py:499} INFO - Created Permission View: %s
[2023-12-12T00:07:52.942+0000] {logging_mixin.py:154} INFO - [2023-12-12T00:07:52.942+0000] {manager.py:499} INFO - Created Permission View: %s
[2023-12-12T00:07:52.943+0000] {logging_mixin.py:154} INFO - [2023-12-12T00:07:52.943+0000] {dag.py:2941} INFO - Sync 7 DAGs
[2023-12-12T00:07:52.947+0000] {logging_mixin.py:154} INFO - [2023-12-12T00:07:52.947+0000] {dag.py:2963} INFO - Creating ORM DAG for Online_Shopping_Dataset-v01.remove_unnecessary_columns
[2023-12-12T00:07:52.948+0000] {logging_mixin.py:154} INFO - [2023-12-12T00:07:52.948+0000] {dag.py:2963} INFO - Creating ORM DAG for Online_Shopping_Dataset-v01.remove_samples_with_outliers
[2023-12-12T00:07:52.948+0000] {logging_mixin.py:154} INFO - [2023-12-12T00:07:52.948+0000] {dag.py:2963} INFO - Creating ORM DAG for Online_Shopping_Dataset-v01.remove_samples_with_nulls
[2023-12-12T00:07:52.948+0000] {logging_mixin.py:154} INFO - [2023-12-12T00:07:52.948+0000] {dag.py:2963} INFO - Creating ORM DAG for Online_Shopping_Dataset-v01.insert_fk_into_fact_table
[2023-12-12T00:07:52.949+0000] {logging_mixin.py:154} INFO - [2023-12-12T00:07:52.949+0000] {dag.py:2963} INFO - Creating ORM DAG for Online_Shopping_Dataset-v01.create_dim_tables
[2023-12-12T00:07:52.949+0000] {logging_mixin.py:154} INFO - [2023-12-12T00:07:52.949+0000] {dag.py:2963} INFO - Creating ORM DAG for Online_Shopping_Dataset-v01.remove_replaced_dim_cols
[2023-12-12T00:07:52.949+0000] {logging_mixin.py:154} INFO - [2023-12-12T00:07:52.949+0000] {dag.py:2963} INFO - Creating ORM DAG for Online_Shopping_Dataset-v01
[2023-12-12T00:07:52.953+0000] {logging_mixin.py:154} INFO - [2023-12-12T00:07:52.953+0000] {dag.py:3722} INFO - Setting next_dagrun for Online_Shopping_Dataset-v01 to 2023-12-01T00:00:00+00:00, run_after=2023-12-01T00:00:00+00:00
[2023-12-12T00:07:52.953+0000] {logging_mixin.py:154} INFO - [2023-12-12T00:07:52.953+0000] {dag.py:3722} INFO - Setting next_dagrun for Online_Shopping_Dataset-v01.create_dim_tables to None, run_after=None
[2023-12-12T00:07:52.954+0000] {logging_mixin.py:154} INFO - [2023-12-12T00:07:52.954+0000] {dag.py:3722} INFO - Setting next_dagrun for Online_Shopping_Dataset-v01.insert_fk_into_fact_table to None, run_after=None
[2023-12-12T00:07:52.954+0000] {logging_mixin.py:154} INFO - [2023-12-12T00:07:52.954+0000] {dag.py:3722} INFO - Setting next_dagrun for Online_Shopping_Dataset-v01.remove_replaced_dim_cols to None, run_after=None
[2023-12-12T00:07:52.954+0000] {logging_mixin.py:154} INFO - [2023-12-12T00:07:52.954+0000] {dag.py:3722} INFO - Setting next_dagrun for Online_Shopping_Dataset-v01.remove_samples_with_nulls to None, run_after=None
[2023-12-12T00:07:52.954+0000] {logging_mixin.py:154} INFO - [2023-12-12T00:07:52.954+0000] {dag.py:3722} INFO - Setting next_dagrun for Online_Shopping_Dataset-v01.remove_samples_with_outliers to None, run_after=None
[2023-12-12T00:07:52.955+0000] {logging_mixin.py:154} INFO - [2023-12-12T00:07:52.954+0000] {dag.py:3722} INFO - Setting next_dagrun for Online_Shopping_Dataset-v01.remove_unnecessary_columns to None, run_after=None
[2023-12-12T00:07:52.961+0000] {logging_mixin.py:154} INFO - [2023-12-12T00:07:52.961+0000] {dag.py:2941} INFO - Sync 6 DAGs
[2023-12-12T00:07:52.963+0000] {logging_mixin.py:154} INFO - [2023-12-12T00:07:52.963+0000] {dag.py:3722} INFO - Setting next_dagrun for Online_Shopping_Dataset-v01.create_dim_tables to None, run_after=None
[2023-12-12T00:07:52.965+0000] {logging_mixin.py:154} INFO - [2023-12-12T00:07:52.965+0000] {dag.py:3722} INFO - Setting next_dagrun for Online_Shopping_Dataset-v01.insert_fk_into_fact_table to None, run_after=None
[2023-12-12T00:07:52.965+0000] {logging_mixin.py:154} INFO - [2023-12-12T00:07:52.965+0000] {dag.py:3722} INFO - Setting next_dagrun for Online_Shopping_Dataset-v01.remove_replaced_dim_cols to None, run_after=None
[2023-12-12T00:07:52.966+0000] {logging_mixin.py:154} INFO - [2023-12-12T00:07:52.966+0000] {dag.py:3722} INFO - Setting next_dagrun for Online_Shopping_Dataset-v01.remove_samples_with_nulls to None, run_after=None
[2023-12-12T00:07:52.966+0000] {logging_mixin.py:154} INFO - [2023-12-12T00:07:52.966+0000] {dag.py:3722} INFO - Setting next_dagrun for Online_Shopping_Dataset-v01.remove_samples_with_outliers to None, run_after=None
[2023-12-12T00:07:52.967+0000] {logging_mixin.py:154} INFO - [2023-12-12T00:07:52.967+0000] {dag.py:3722} INFO - Setting next_dagrun for Online_Shopping_Dataset-v01.remove_unnecessary_columns to None, run_after=None
[2023-12-12T00:07:52.972+0000] {processor.py:179} INFO - Processing /opt/airflow/dags/Online_Shopping_Dataset.py took 0.933 seconds
[2023-12-12T00:08:23.461+0000] {processor.py:157} INFO - Started process (PID=240) to work on /opt/airflow/dags/Online_Shopping_Dataset.py
[2023-12-12T00:08:23.462+0000] {processor.py:829} INFO - Processing file /opt/airflow/dags/Online_Shopping_Dataset.py for tasks to queue
[2023-12-12T00:08:23.463+0000] {logging_mixin.py:154} INFO - [2023-12-12T00:08:23.463+0000] {dagbag.py:536} INFO - Filling up the DagBag from /opt/airflow/dags/Online_Shopping_Dataset.py
[2023-12-12T00:08:23.730+0000] {processor.py:839} INFO - DAG(s) dict_keys(['Online_Shopping_Dataset-v01.remove_unnecessary_columns', 'Online_Shopping_Dataset-v01.remove_samples_with_outliers', 'Online_Shopping_Dataset-v01.remove_samples_with_nulls', 'Online_Shopping_Dataset-v01.create_dim_tables', 'Online_Shopping_Dataset-v01.insert_fk_into_fact_table', 'Online_Shopping_Dataset-v01.remove_replaced_dim_cols', 'Online_Shopping_Dataset-v01']) retrieved from /opt/airflow/dags/Online_Shopping_Dataset.py
[2023-12-12T00:08:23.784+0000] {logging_mixin.py:154} INFO - [2023-12-12T00:08:23.784+0000] {dag.py:2941} INFO - Sync 7 DAGs
[2023-12-12T00:08:23.793+0000] {logging_mixin.py:154} INFO - [2023-12-12T00:08:23.793+0000] {dag.py:3722} INFO - Setting next_dagrun for Online_Shopping_Dataset-v01 to 2023-12-01T00:00:00+00:00, run_after=2023-12-01T00:00:00+00:00
[2023-12-12T00:08:23.795+0000] {logging_mixin.py:154} INFO - [2023-12-12T00:08:23.795+0000] {dag.py:3722} INFO - Setting next_dagrun for Online_Shopping_Dataset-v01.create_dim_tables to None, run_after=None
[2023-12-12T00:08:23.795+0000] {logging_mixin.py:154} INFO - [2023-12-12T00:08:23.795+0000] {dag.py:3722} INFO - Setting next_dagrun for Online_Shopping_Dataset-v01.insert_fk_into_fact_table to None, run_after=None
[2023-12-12T00:08:23.796+0000] {logging_mixin.py:154} INFO - [2023-12-12T00:08:23.796+0000] {dag.py:3722} INFO - Setting next_dagrun for Online_Shopping_Dataset-v01.remove_replaced_dim_cols to None, run_after=None
[2023-12-12T00:08:23.797+0000] {logging_mixin.py:154} INFO - [2023-12-12T00:08:23.797+0000] {dag.py:3722} INFO - Setting next_dagrun for Online_Shopping_Dataset-v01.remove_samples_with_nulls to None, run_after=None
[2023-12-12T00:08:23.797+0000] {logging_mixin.py:154} INFO - [2023-12-12T00:08:23.797+0000] {dag.py:3722} INFO - Setting next_dagrun for Online_Shopping_Dataset-v01.remove_samples_with_outliers to None, run_after=None
[2023-12-12T00:08:23.798+0000] {logging_mixin.py:154} INFO - [2023-12-12T00:08:23.798+0000] {dag.py:3722} INFO - Setting next_dagrun for Online_Shopping_Dataset-v01.remove_unnecessary_columns to None, run_after=None
[2023-12-12T00:08:23.801+0000] {logging_mixin.py:154} INFO - [2023-12-12T00:08:23.801+0000] {dag.py:2941} INFO - Sync 6 DAGs
[2023-12-12T00:08:23.804+0000] {logging_mixin.py:154} INFO - [2023-12-12T00:08:23.804+0000] {dag.py:3722} INFO - Setting next_dagrun for Online_Shopping_Dataset-v01.create_dim_tables to None, run_after=None
[2023-12-12T00:08:23.804+0000] {logging_mixin.py:154} INFO - [2023-12-12T00:08:23.804+0000] {dag.py:3722} INFO - Setting next_dagrun for Online_Shopping_Dataset-v01.insert_fk_into_fact_table to None, run_after=None
[2023-12-12T00:08:23.804+0000] {logging_mixin.py:154} INFO - [2023-12-12T00:08:23.804+0000] {dag.py:3722} INFO - Setting next_dagrun for Online_Shopping_Dataset-v01.remove_replaced_dim_cols to None, run_after=None
[2023-12-12T00:08:23.804+0000] {logging_mixin.py:154} INFO - [2023-12-12T00:08:23.804+0000] {dag.py:3722} INFO - Setting next_dagrun for Online_Shopping_Dataset-v01.remove_samples_with_nulls to None, run_after=None
[2023-12-12T00:08:23.805+0000] {logging_mixin.py:154} INFO - [2023-12-12T00:08:23.805+0000] {dag.py:3722} INFO - Setting next_dagrun for Online_Shopping_Dataset-v01.remove_samples_with_outliers to None, run_after=None
[2023-12-12T00:08:23.805+0000] {logging_mixin.py:154} INFO - [2023-12-12T00:08:23.805+0000] {dag.py:3722} INFO - Setting next_dagrun for Online_Shopping_Dataset-v01.remove_unnecessary_columns to None, run_after=None
[2023-12-12T00:08:23.810+0000] {processor.py:179} INFO - Processing /opt/airflow/dags/Online_Shopping_Dataset.py took 0.353 seconds
[2023-12-12T00:08:53.971+0000] {processor.py:157} INFO - Started process (PID=283) to work on /opt/airflow/dags/Online_Shopping_Dataset.py
[2023-12-12T00:08:53.972+0000] {processor.py:829} INFO - Processing file /opt/airflow/dags/Online_Shopping_Dataset.py for tasks to queue
[2023-12-12T00:08:53.973+0000] {logging_mixin.py:154} INFO - [2023-12-12T00:08:53.973+0000] {dagbag.py:536} INFO - Filling up the DagBag from /opt/airflow/dags/Online_Shopping_Dataset.py
[2023-12-12T00:08:54.245+0000] {processor.py:839} INFO - DAG(s) dict_keys(['Online_Shopping_Dataset-v01.remove_unnecessary_columns', 'Online_Shopping_Dataset-v01.remove_samples_with_outliers', 'Online_Shopping_Dataset-v01.remove_samples_with_nulls', 'Online_Shopping_Dataset-v01.create_dim_tables', 'Online_Shopping_Dataset-v01.insert_fk_into_fact_table', 'Online_Shopping_Dataset-v01.remove_replaced_dim_cols', 'Online_Shopping_Dataset-v01']) retrieved from /opt/airflow/dags/Online_Shopping_Dataset.py
[2023-12-12T00:08:54.301+0000] {logging_mixin.py:154} INFO - [2023-12-12T00:08:54.301+0000] {dag.py:2941} INFO - Sync 7 DAGs
[2023-12-12T00:08:54.309+0000] {logging_mixin.py:154} INFO - [2023-12-12T00:08:54.309+0000] {dag.py:3722} INFO - Setting next_dagrun for Online_Shopping_Dataset-v01 to 2023-12-01T00:00:00+00:00, run_after=2023-12-01T00:00:00+00:00
[2023-12-12T00:08:54.311+0000] {logging_mixin.py:154} INFO - [2023-12-12T00:08:54.311+0000] {dag.py:3722} INFO - Setting next_dagrun for Online_Shopping_Dataset-v01.create_dim_tables to None, run_after=None
[2023-12-12T00:08:54.312+0000] {logging_mixin.py:154} INFO - [2023-12-12T00:08:54.312+0000] {dag.py:3722} INFO - Setting next_dagrun for Online_Shopping_Dataset-v01.insert_fk_into_fact_table to None, run_after=None
[2023-12-12T00:08:54.312+0000] {logging_mixin.py:154} INFO - [2023-12-12T00:08:54.312+0000] {dag.py:3722} INFO - Setting next_dagrun for Online_Shopping_Dataset-v01.remove_replaced_dim_cols to None, run_after=None
[2023-12-12T00:08:54.313+0000] {logging_mixin.py:154} INFO - [2023-12-12T00:08:54.313+0000] {dag.py:3722} INFO - Setting next_dagrun for Online_Shopping_Dataset-v01.remove_samples_with_nulls to None, run_after=None
[2023-12-12T00:08:54.313+0000] {logging_mixin.py:154} INFO - [2023-12-12T00:08:54.313+0000] {dag.py:3722} INFO - Setting next_dagrun for Online_Shopping_Dataset-v01.remove_samples_with_outliers to None, run_after=None
[2023-12-12T00:08:54.314+0000] {logging_mixin.py:154} INFO - [2023-12-12T00:08:54.314+0000] {dag.py:3722} INFO - Setting next_dagrun for Online_Shopping_Dataset-v01.remove_unnecessary_columns to None, run_after=None
[2023-12-12T00:08:54.318+0000] {logging_mixin.py:154} INFO - [2023-12-12T00:08:54.317+0000] {dag.py:2941} INFO - Sync 6 DAGs
[2023-12-12T00:08:54.320+0000] {logging_mixin.py:154} INFO - [2023-12-12T00:08:54.320+0000] {dag.py:3722} INFO - Setting next_dagrun for Online_Shopping_Dataset-v01.create_dim_tables to None, run_after=None
[2023-12-12T00:08:54.320+0000] {logging_mixin.py:154} INFO - [2023-12-12T00:08:54.320+0000] {dag.py:3722} INFO - Setting next_dagrun for Online_Shopping_Dataset-v01.insert_fk_into_fact_table to None, run_after=None
[2023-12-12T00:08:54.320+0000] {logging_mixin.py:154} INFO - [2023-12-12T00:08:54.320+0000] {dag.py:3722} INFO - Setting next_dagrun for Online_Shopping_Dataset-v01.remove_replaced_dim_cols to None, run_after=None
[2023-12-12T00:08:54.321+0000] {logging_mixin.py:154} INFO - [2023-12-12T00:08:54.320+0000] {dag.py:3722} INFO - Setting next_dagrun for Online_Shopping_Dataset-v01.remove_samples_with_nulls to None, run_after=None
[2023-12-12T00:08:54.321+0000] {logging_mixin.py:154} INFO - [2023-12-12T00:08:54.321+0000] {dag.py:3722} INFO - Setting next_dagrun for Online_Shopping_Dataset-v01.remove_samples_with_outliers to None, run_after=None
[2023-12-12T00:08:54.321+0000] {logging_mixin.py:154} INFO - [2023-12-12T00:08:54.321+0000] {dag.py:3722} INFO - Setting next_dagrun for Online_Shopping_Dataset-v01.remove_unnecessary_columns to None, run_after=None
[2023-12-12T00:08:54.327+0000] {processor.py:179} INFO - Processing /opt/airflow/dags/Online_Shopping_Dataset.py took 0.360 seconds
[2023-12-12T00:09:24.458+0000] {processor.py:157} INFO - Started process (PID=329) to work on /opt/airflow/dags/Online_Shopping_Dataset.py
[2023-12-12T00:09:24.459+0000] {processor.py:829} INFO - Processing file /opt/airflow/dags/Online_Shopping_Dataset.py for tasks to queue
[2023-12-12T00:09:24.460+0000] {logging_mixin.py:154} INFO - [2023-12-12T00:09:24.460+0000] {dagbag.py:536} INFO - Filling up the DagBag from /opt/airflow/dags/Online_Shopping_Dataset.py
[2023-12-12T00:09:24.727+0000] {processor.py:839} INFO - DAG(s) dict_keys(['Online_Shopping_Dataset-v01.remove_unnecessary_columns', 'Online_Shopping_Dataset-v01.remove_samples_with_outliers', 'Online_Shopping_Dataset-v01.remove_samples_with_nulls', 'Online_Shopping_Dataset-v01.create_dim_tables', 'Online_Shopping_Dataset-v01.insert_fk_into_fact_table', 'Online_Shopping_Dataset-v01.remove_replaced_dim_cols', 'Online_Shopping_Dataset-v01']) retrieved from /opt/airflow/dags/Online_Shopping_Dataset.py
[2023-12-12T00:09:24.781+0000] {logging_mixin.py:154} INFO - [2023-12-12T00:09:24.781+0000] {dag.py:2941} INFO - Sync 7 DAGs
[2023-12-12T00:09:24.790+0000] {logging_mixin.py:154} INFO - [2023-12-12T00:09:24.790+0000] {dag.py:3722} INFO - Setting next_dagrun for Online_Shopping_Dataset-v01 to None, run_after=None
[2023-12-12T00:09:24.791+0000] {logging_mixin.py:154} INFO - [2023-12-12T00:09:24.791+0000] {dag.py:3722} INFO - Setting next_dagrun for Online_Shopping_Dataset-v01.create_dim_tables to None, run_after=None
[2023-12-12T00:09:24.792+0000] {logging_mixin.py:154} INFO - [2023-12-12T00:09:24.792+0000] {dag.py:3722} INFO - Setting next_dagrun for Online_Shopping_Dataset-v01.insert_fk_into_fact_table to None, run_after=None
[2023-12-12T00:09:24.793+0000] {logging_mixin.py:154} INFO - [2023-12-12T00:09:24.793+0000] {dag.py:3722} INFO - Setting next_dagrun for Online_Shopping_Dataset-v01.remove_replaced_dim_cols to None, run_after=None
[2023-12-12T00:09:24.793+0000] {logging_mixin.py:154} INFO - [2023-12-12T00:09:24.793+0000] {dag.py:3722} INFO - Setting next_dagrun for Online_Shopping_Dataset-v01.remove_samples_with_nulls to None, run_after=None
[2023-12-12T00:09:24.794+0000] {logging_mixin.py:154} INFO - [2023-12-12T00:09:24.794+0000] {dag.py:3722} INFO - Setting next_dagrun for Online_Shopping_Dataset-v01.remove_samples_with_outliers to None, run_after=None
[2023-12-12T00:09:24.794+0000] {logging_mixin.py:154} INFO - [2023-12-12T00:09:24.794+0000] {dag.py:3722} INFO - Setting next_dagrun for Online_Shopping_Dataset-v01.remove_unnecessary_columns to None, run_after=None
[2023-12-12T00:09:24.798+0000] {logging_mixin.py:154} INFO - [2023-12-12T00:09:24.798+0000] {dag.py:2941} INFO - Sync 6 DAGs
[2023-12-12T00:09:24.800+0000] {logging_mixin.py:154} INFO - [2023-12-12T00:09:24.800+0000] {dag.py:3722} INFO - Setting next_dagrun for Online_Shopping_Dataset-v01.create_dim_tables to None, run_after=None
[2023-12-12T00:09:24.801+0000] {logging_mixin.py:154} INFO - [2023-12-12T00:09:24.801+0000] {dag.py:3722} INFO - Setting next_dagrun for Online_Shopping_Dataset-v01.insert_fk_into_fact_table to None, run_after=None
[2023-12-12T00:09:24.801+0000] {logging_mixin.py:154} INFO - [2023-12-12T00:09:24.801+0000] {dag.py:3722} INFO - Setting next_dagrun for Online_Shopping_Dataset-v01.remove_replaced_dim_cols to None, run_after=None
[2023-12-12T00:09:24.801+0000] {logging_mixin.py:154} INFO - [2023-12-12T00:09:24.801+0000] {dag.py:3722} INFO - Setting next_dagrun for Online_Shopping_Dataset-v01.remove_samples_with_nulls to None, run_after=None
[2023-12-12T00:09:24.801+0000] {logging_mixin.py:154} INFO - [2023-12-12T00:09:24.801+0000] {dag.py:3722} INFO - Setting next_dagrun for Online_Shopping_Dataset-v01.remove_samples_with_outliers to None, run_after=None
[2023-12-12T00:09:24.801+0000] {logging_mixin.py:154} INFO - [2023-12-12T00:09:24.801+0000] {dag.py:3722} INFO - Setting next_dagrun for Online_Shopping_Dataset-v01.remove_unnecessary_columns to None, run_after=None
[2023-12-12T00:09:24.807+0000] {processor.py:179} INFO - Processing /opt/airflow/dags/Online_Shopping_Dataset.py took 0.353 seconds
[2023-12-12T00:09:55.006+0000] {processor.py:157} INFO - Started process (PID=372) to work on /opt/airflow/dags/Online_Shopping_Dataset.py
[2023-12-12T00:09:55.008+0000] {processor.py:829} INFO - Processing file /opt/airflow/dags/Online_Shopping_Dataset.py for tasks to queue
[2023-12-12T00:09:55.009+0000] {logging_mixin.py:154} INFO - [2023-12-12T00:09:55.009+0000] {dagbag.py:536} INFO - Filling up the DagBag from /opt/airflow/dags/Online_Shopping_Dataset.py
[2023-12-12T00:09:55.282+0000] {processor.py:839} INFO - DAG(s) dict_keys(['Online_Shopping_Dataset-v01.remove_unnecessary_columns', 'Online_Shopping_Dataset-v01.remove_samples_with_outliers', 'Online_Shopping_Dataset-v01.remove_samples_with_nulls', 'Online_Shopping_Dataset-v01.create_dim_tables', 'Online_Shopping_Dataset-v01.insert_fk_into_fact_table', 'Online_Shopping_Dataset-v01.remove_replaced_dim_cols', 'Online_Shopping_Dataset-v01']) retrieved from /opt/airflow/dags/Online_Shopping_Dataset.py
[2023-12-12T00:09:55.337+0000] {logging_mixin.py:154} INFO - [2023-12-12T00:09:55.336+0000] {dag.py:2941} INFO - Sync 7 DAGs
[2023-12-12T00:09:55.345+0000] {logging_mixin.py:154} INFO - [2023-12-12T00:09:55.345+0000] {dag.py:3722} INFO - Setting next_dagrun for Online_Shopping_Dataset-v01 to None, run_after=None
[2023-12-12T00:09:55.347+0000] {logging_mixin.py:154} INFO - [2023-12-12T00:09:55.347+0000] {dag.py:3722} INFO - Setting next_dagrun for Online_Shopping_Dataset-v01.create_dim_tables to None, run_after=None
[2023-12-12T00:09:55.348+0000] {logging_mixin.py:154} INFO - [2023-12-12T00:09:55.348+0000] {dag.py:3722} INFO - Setting next_dagrun for Online_Shopping_Dataset-v01.insert_fk_into_fact_table to None, run_after=None
[2023-12-12T00:09:55.348+0000] {logging_mixin.py:154} INFO - [2023-12-12T00:09:55.348+0000] {dag.py:3722} INFO - Setting next_dagrun for Online_Shopping_Dataset-v01.remove_replaced_dim_cols to None, run_after=None
[2023-12-12T00:09:55.349+0000] {logging_mixin.py:154} INFO - [2023-12-12T00:09:55.349+0000] {dag.py:3722} INFO - Setting next_dagrun for Online_Shopping_Dataset-v01.remove_samples_with_nulls to None, run_after=None
[2023-12-12T00:09:55.349+0000] {logging_mixin.py:154} INFO - [2023-12-12T00:09:55.349+0000] {dag.py:3722} INFO - Setting next_dagrun for Online_Shopping_Dataset-v01.remove_samples_with_outliers to None, run_after=None
[2023-12-12T00:09:55.350+0000] {logging_mixin.py:154} INFO - [2023-12-12T00:09:55.350+0000] {dag.py:3722} INFO - Setting next_dagrun for Online_Shopping_Dataset-v01.remove_unnecessary_columns to None, run_after=None
[2023-12-12T00:09:55.354+0000] {logging_mixin.py:154} INFO - [2023-12-12T00:09:55.354+0000] {dag.py:2941} INFO - Sync 6 DAGs
[2023-12-12T00:09:55.356+0000] {logging_mixin.py:154} INFO - [2023-12-12T00:09:55.356+0000] {dag.py:3722} INFO - Setting next_dagrun for Online_Shopping_Dataset-v01.create_dim_tables to None, run_after=None
[2023-12-12T00:09:55.356+0000] {logging_mixin.py:154} INFO - [2023-12-12T00:09:55.356+0000] {dag.py:3722} INFO - Setting next_dagrun for Online_Shopping_Dataset-v01.insert_fk_into_fact_table to None, run_after=None
[2023-12-12T00:09:55.356+0000] {logging_mixin.py:154} INFO - [2023-12-12T00:09:55.356+0000] {dag.py:3722} INFO - Setting next_dagrun for Online_Shopping_Dataset-v01.remove_replaced_dim_cols to None, run_after=None
[2023-12-12T00:09:55.357+0000] {logging_mixin.py:154} INFO - [2023-12-12T00:09:55.357+0000] {dag.py:3722} INFO - Setting next_dagrun for Online_Shopping_Dataset-v01.remove_samples_with_nulls to None, run_after=None
[2023-12-12T00:09:55.357+0000] {logging_mixin.py:154} INFO - [2023-12-12T00:09:55.357+0000] {dag.py:3722} INFO - Setting next_dagrun for Online_Shopping_Dataset-v01.remove_samples_with_outliers to None, run_after=None
[2023-12-12T00:09:55.357+0000] {logging_mixin.py:154} INFO - [2023-12-12T00:09:55.357+0000] {dag.py:3722} INFO - Setting next_dagrun for Online_Shopping_Dataset-v01.remove_unnecessary_columns to None, run_after=None
[2023-12-12T00:09:55.362+0000] {processor.py:179} INFO - Processing /opt/airflow/dags/Online_Shopping_Dataset.py took 0.361 seconds
[2023-12-12T00:10:25.402+0000] {processor.py:157} INFO - Started process (PID=415) to work on /opt/airflow/dags/Online_Shopping_Dataset.py
[2023-12-12T00:10:25.404+0000] {processor.py:829} INFO - Processing file /opt/airflow/dags/Online_Shopping_Dataset.py for tasks to queue
[2023-12-12T00:10:25.405+0000] {logging_mixin.py:154} INFO - [2023-12-12T00:10:25.405+0000] {dagbag.py:536} INFO - Filling up the DagBag from /opt/airflow/dags/Online_Shopping_Dataset.py
[2023-12-12T00:10:25.759+0000] {processor.py:839} INFO - DAG(s) dict_keys(['Online_Shopping_Dataset-v01.remove_unnecessary_columns', 'Online_Shopping_Dataset-v01.remove_samples_with_outliers', 'Online_Shopping_Dataset-v01.remove_samples_with_nulls', 'Online_Shopping_Dataset-v01.create_dim_tables', 'Online_Shopping_Dataset-v01.insert_fk_into_fact_table', 'Online_Shopping_Dataset-v01.remove_replaced_dim_cols', 'Online_Shopping_Dataset-v01']) retrieved from /opt/airflow/dags/Online_Shopping_Dataset.py
[2023-12-12T00:10:25.824+0000] {logging_mixin.py:154} INFO - [2023-12-12T00:10:25.824+0000] {dag.py:2941} INFO - Sync 7 DAGs
[2023-12-12T00:10:25.834+0000] {logging_mixin.py:154} INFO - [2023-12-12T00:10:25.834+0000] {dag.py:3722} INFO - Setting next_dagrun for Online_Shopping_Dataset-v01 to None, run_after=None
[2023-12-12T00:10:25.837+0000] {logging_mixin.py:154} INFO - [2023-12-12T00:10:25.837+0000] {dag.py:3722} INFO - Setting next_dagrun for Online_Shopping_Dataset-v01.create_dim_tables to None, run_after=None
[2023-12-12T00:10:25.838+0000] {logging_mixin.py:154} INFO - [2023-12-12T00:10:25.838+0000] {dag.py:3722} INFO - Setting next_dagrun for Online_Shopping_Dataset-v01.insert_fk_into_fact_table to None, run_after=None
[2023-12-12T00:10:25.838+0000] {logging_mixin.py:154} INFO - [2023-12-12T00:10:25.838+0000] {dag.py:3722} INFO - Setting next_dagrun for Online_Shopping_Dataset-v01.remove_replaced_dim_cols to None, run_after=None
[2023-12-12T00:10:25.839+0000] {logging_mixin.py:154} INFO - [2023-12-12T00:10:25.839+0000] {dag.py:3722} INFO - Setting next_dagrun for Online_Shopping_Dataset-v01.remove_samples_with_nulls to None, run_after=None
[2023-12-12T00:10:25.839+0000] {logging_mixin.py:154} INFO - [2023-12-12T00:10:25.839+0000] {dag.py:3722} INFO - Setting next_dagrun for Online_Shopping_Dataset-v01.remove_samples_with_outliers to None, run_after=None
[2023-12-12T00:10:25.840+0000] {logging_mixin.py:154} INFO - [2023-12-12T00:10:25.840+0000] {dag.py:3722} INFO - Setting next_dagrun for Online_Shopping_Dataset-v01.remove_unnecessary_columns to None, run_after=None
[2023-12-12T00:10:25.844+0000] {logging_mixin.py:154} INFO - [2023-12-12T00:10:25.844+0000] {dag.py:2941} INFO - Sync 6 DAGs
[2023-12-12T00:10:25.846+0000] {logging_mixin.py:154} INFO - [2023-12-12T00:10:25.846+0000] {dag.py:3722} INFO - Setting next_dagrun for Online_Shopping_Dataset-v01.create_dim_tables to None, run_after=None
[2023-12-12T00:10:25.847+0000] {logging_mixin.py:154} INFO - [2023-12-12T00:10:25.846+0000] {dag.py:3722} INFO - Setting next_dagrun for Online_Shopping_Dataset-v01.insert_fk_into_fact_table to None, run_after=None
[2023-12-12T00:10:25.847+0000] {logging_mixin.py:154} INFO - [2023-12-12T00:10:25.847+0000] {dag.py:3722} INFO - Setting next_dagrun for Online_Shopping_Dataset-v01.remove_replaced_dim_cols to None, run_after=None
[2023-12-12T00:10:25.847+0000] {logging_mixin.py:154} INFO - [2023-12-12T00:10:25.847+0000] {dag.py:3722} INFO - Setting next_dagrun for Online_Shopping_Dataset-v01.remove_samples_with_nulls to None, run_after=None
[2023-12-12T00:10:25.847+0000] {logging_mixin.py:154} INFO - [2023-12-12T00:10:25.847+0000] {dag.py:3722} INFO - Setting next_dagrun for Online_Shopping_Dataset-v01.remove_samples_with_outliers to None, run_after=None
[2023-12-12T00:10:25.847+0000] {logging_mixin.py:154} INFO - [2023-12-12T00:10:25.847+0000] {dag.py:3722} INFO - Setting next_dagrun for Online_Shopping_Dataset-v01.remove_unnecessary_columns to None, run_after=None
[2023-12-12T00:10:25.852+0000] {processor.py:179} INFO - Processing /opt/airflow/dags/Online_Shopping_Dataset.py took 0.454 seconds
[2023-12-12T00:10:55.889+0000] {processor.py:157} INFO - Started process (PID=458) to work on /opt/airflow/dags/Online_Shopping_Dataset.py
[2023-12-12T00:10:55.891+0000] {processor.py:829} INFO - Processing file /opt/airflow/dags/Online_Shopping_Dataset.py for tasks to queue
[2023-12-12T00:10:55.891+0000] {logging_mixin.py:154} INFO - [2023-12-12T00:10:55.891+0000] {dagbag.py:536} INFO - Filling up the DagBag from /opt/airflow/dags/Online_Shopping_Dataset.py
[2023-12-12T00:10:56.192+0000] {processor.py:839} INFO - DAG(s) dict_keys(['Online_Shopping_Dataset-v01.remove_unnecessary_columns', 'Online_Shopping_Dataset-v01.remove_samples_with_outliers', 'Online_Shopping_Dataset-v01.remove_samples_with_nulls', 'Online_Shopping_Dataset-v01.create_dim_tables', 'Online_Shopping_Dataset-v01.insert_fk_into_fact_table', 'Online_Shopping_Dataset-v01.remove_replaced_dim_cols', 'Online_Shopping_Dataset-v01']) retrieved from /opt/airflow/dags/Online_Shopping_Dataset.py
[2023-12-12T00:10:56.252+0000] {logging_mixin.py:154} INFO - [2023-12-12T00:10:56.252+0000] {dag.py:2941} INFO - Sync 7 DAGs
[2023-12-12T00:10:56.263+0000] {logging_mixin.py:154} INFO - [2023-12-12T00:10:56.263+0000] {dag.py:3722} INFO - Setting next_dagrun for Online_Shopping_Dataset-v01 to None, run_after=None
[2023-12-12T00:10:56.265+0000] {logging_mixin.py:154} INFO - [2023-12-12T00:10:56.265+0000] {dag.py:3722} INFO - Setting next_dagrun for Online_Shopping_Dataset-v01.create_dim_tables to None, run_after=None
[2023-12-12T00:10:56.266+0000] {logging_mixin.py:154} INFO - [2023-12-12T00:10:56.266+0000] {dag.py:3722} INFO - Setting next_dagrun for Online_Shopping_Dataset-v01.insert_fk_into_fact_table to None, run_after=None
[2023-12-12T00:10:56.267+0000] {logging_mixin.py:154} INFO - [2023-12-12T00:10:56.266+0000] {dag.py:3722} INFO - Setting next_dagrun for Online_Shopping_Dataset-v01.remove_replaced_dim_cols to None, run_after=None
[2023-12-12T00:10:56.267+0000] {logging_mixin.py:154} INFO - [2023-12-12T00:10:56.267+0000] {dag.py:3722} INFO - Setting next_dagrun for Online_Shopping_Dataset-v01.remove_samples_with_nulls to None, run_after=None
[2023-12-12T00:10:56.268+0000] {logging_mixin.py:154} INFO - [2023-12-12T00:10:56.268+0000] {dag.py:3722} INFO - Setting next_dagrun for Online_Shopping_Dataset-v01.remove_samples_with_outliers to None, run_after=None
[2023-12-12T00:10:56.268+0000] {logging_mixin.py:154} INFO - [2023-12-12T00:10:56.268+0000] {dag.py:3722} INFO - Setting next_dagrun for Online_Shopping_Dataset-v01.remove_unnecessary_columns to None, run_after=None
[2023-12-12T00:10:56.274+0000] {logging_mixin.py:154} INFO - [2023-12-12T00:10:56.274+0000] {dag.py:2941} INFO - Sync 6 DAGs
[2023-12-12T00:10:56.277+0000] {logging_mixin.py:154} INFO - [2023-12-12T00:10:56.277+0000] {dag.py:3722} INFO - Setting next_dagrun for Online_Shopping_Dataset-v01.create_dim_tables to None, run_after=None
[2023-12-12T00:10:56.277+0000] {logging_mixin.py:154} INFO - [2023-12-12T00:10:56.277+0000] {dag.py:3722} INFO - Setting next_dagrun for Online_Shopping_Dataset-v01.insert_fk_into_fact_table to None, run_after=None
[2023-12-12T00:10:56.277+0000] {logging_mixin.py:154} INFO - [2023-12-12T00:10:56.277+0000] {dag.py:3722} INFO - Setting next_dagrun for Online_Shopping_Dataset-v01.remove_replaced_dim_cols to None, run_after=None
[2023-12-12T00:10:56.277+0000] {logging_mixin.py:154} INFO - [2023-12-12T00:10:56.277+0000] {dag.py:3722} INFO - Setting next_dagrun for Online_Shopping_Dataset-v01.remove_samples_with_nulls to None, run_after=None
[2023-12-12T00:10:56.278+0000] {logging_mixin.py:154} INFO - [2023-12-12T00:10:56.278+0000] {dag.py:3722} INFO - Setting next_dagrun for Online_Shopping_Dataset-v01.remove_samples_with_outliers to None, run_after=None
[2023-12-12T00:10:56.278+0000] {logging_mixin.py:154} INFO - [2023-12-12T00:10:56.278+0000] {dag.py:3722} INFO - Setting next_dagrun for Online_Shopping_Dataset-v01.remove_unnecessary_columns to None, run_after=None
[2023-12-12T00:10:56.283+0000] {processor.py:179} INFO - Processing /opt/airflow/dags/Online_Shopping_Dataset.py took 0.398 seconds
[2023-12-12T00:11:26.316+0000] {processor.py:157} INFO - Started process (PID=513) to work on /opt/airflow/dags/Online_Shopping_Dataset.py
[2023-12-12T00:11:26.317+0000] {processor.py:829} INFO - Processing file /opt/airflow/dags/Online_Shopping_Dataset.py for tasks to queue
[2023-12-12T00:11:26.318+0000] {logging_mixin.py:154} INFO - [2023-12-12T00:11:26.318+0000] {dagbag.py:536} INFO - Filling up the DagBag from /opt/airflow/dags/Online_Shopping_Dataset.py
[2023-12-12T00:11:26.618+0000] {processor.py:839} INFO - DAG(s) dict_keys(['Online_Shopping_Dataset-v01.remove_unnecessary_columns', 'Online_Shopping_Dataset-v01.remove_samples_with_outliers', 'Online_Shopping_Dataset-v01.remove_samples_with_nulls', 'Online_Shopping_Dataset-v01.create_dim_tables', 'Online_Shopping_Dataset-v01.insert_fk_into_fact_table', 'Online_Shopping_Dataset-v01.remove_replaced_dim_cols', 'Online_Shopping_Dataset-v01']) retrieved from /opt/airflow/dags/Online_Shopping_Dataset.py
[2023-12-12T00:11:26.679+0000] {logging_mixin.py:154} INFO - [2023-12-12T00:11:26.679+0000] {dag.py:2941} INFO - Sync 7 DAGs
[2023-12-12T00:11:26.688+0000] {logging_mixin.py:154} INFO - [2023-12-12T00:11:26.688+0000] {dag.py:3722} INFO - Setting next_dagrun for Online_Shopping_Dataset-v01 to None, run_after=None
[2023-12-12T00:11:26.689+0000] {logging_mixin.py:154} INFO - [2023-12-12T00:11:26.689+0000] {dag.py:3722} INFO - Setting next_dagrun for Online_Shopping_Dataset-v01.create_dim_tables to None, run_after=None
[2023-12-12T00:11:26.690+0000] {logging_mixin.py:154} INFO - [2023-12-12T00:11:26.690+0000] {dag.py:3722} INFO - Setting next_dagrun for Online_Shopping_Dataset-v01.insert_fk_into_fact_table to None, run_after=None
[2023-12-12T00:11:26.691+0000] {logging_mixin.py:154} INFO - [2023-12-12T00:11:26.691+0000] {dag.py:3722} INFO - Setting next_dagrun for Online_Shopping_Dataset-v01.remove_replaced_dim_cols to None, run_after=None
[2023-12-12T00:11:26.692+0000] {logging_mixin.py:154} INFO - [2023-12-12T00:11:26.692+0000] {dag.py:3722} INFO - Setting next_dagrun for Online_Shopping_Dataset-v01.remove_samples_with_nulls to None, run_after=None
[2023-12-12T00:11:26.694+0000] {logging_mixin.py:154} INFO - [2023-12-12T00:11:26.693+0000] {dag.py:3722} INFO - Setting next_dagrun for Online_Shopping_Dataset-v01.remove_samples_with_outliers to None, run_after=None
[2023-12-12T00:11:26.694+0000] {logging_mixin.py:154} INFO - [2023-12-12T00:11:26.694+0000] {dag.py:3722} INFO - Setting next_dagrun for Online_Shopping_Dataset-v01.remove_unnecessary_columns to None, run_after=None
[2023-12-12T00:11:26.699+0000] {logging_mixin.py:154} INFO - [2023-12-12T00:11:26.698+0000] {dag.py:2941} INFO - Sync 6 DAGs
[2023-12-12T00:11:26.701+0000] {logging_mixin.py:154} INFO - [2023-12-12T00:11:26.701+0000] {dag.py:3722} INFO - Setting next_dagrun for Online_Shopping_Dataset-v01.create_dim_tables to None, run_after=None
[2023-12-12T00:11:26.701+0000] {logging_mixin.py:154} INFO - [2023-12-12T00:11:26.701+0000] {dag.py:3722} INFO - Setting next_dagrun for Online_Shopping_Dataset-v01.insert_fk_into_fact_table to None, run_after=None
[2023-12-12T00:11:26.701+0000] {logging_mixin.py:154} INFO - [2023-12-12T00:11:26.701+0000] {dag.py:3722} INFO - Setting next_dagrun for Online_Shopping_Dataset-v01.remove_replaced_dim_cols to None, run_after=None
[2023-12-12T00:11:26.702+0000] {logging_mixin.py:154} INFO - [2023-12-12T00:11:26.702+0000] {dag.py:3722} INFO - Setting next_dagrun for Online_Shopping_Dataset-v01.remove_samples_with_nulls to None, run_after=None
[2023-12-12T00:11:26.702+0000] {logging_mixin.py:154} INFO - [2023-12-12T00:11:26.702+0000] {dag.py:3722} INFO - Setting next_dagrun for Online_Shopping_Dataset-v01.remove_samples_with_outliers to None, run_after=None
[2023-12-12T00:11:26.702+0000] {logging_mixin.py:154} INFO - [2023-12-12T00:11:26.702+0000] {dag.py:3722} INFO - Setting next_dagrun for Online_Shopping_Dataset-v01.remove_unnecessary_columns to None, run_after=None
[2023-12-12T00:11:26.707+0000] {processor.py:179} INFO - Processing /opt/airflow/dags/Online_Shopping_Dataset.py took 0.395 seconds
[2023-12-12T00:11:56.753+0000] {processor.py:157} INFO - Started process (PID=556) to work on /opt/airflow/dags/Online_Shopping_Dataset.py
[2023-12-12T00:11:56.755+0000] {processor.py:829} INFO - Processing file /opt/airflow/dags/Online_Shopping_Dataset.py for tasks to queue
[2023-12-12T00:11:56.756+0000] {logging_mixin.py:154} INFO - [2023-12-12T00:11:56.755+0000] {dagbag.py:536} INFO - Filling up the DagBag from /opt/airflow/dags/Online_Shopping_Dataset.py
[2023-12-12T00:11:57.016+0000] {processor.py:839} INFO - DAG(s) dict_keys(['Online_Shopping_Dataset-v01.remove_unnecessary_columns', 'Online_Shopping_Dataset-v01.remove_samples_with_outliers', 'Online_Shopping_Dataset-v01.remove_samples_with_nulls', 'Online_Shopping_Dataset-v01.create_dim_tables', 'Online_Shopping_Dataset-v01.insert_fk_into_fact_table', 'Online_Shopping_Dataset-v01.remove_replaced_dim_cols', 'Online_Shopping_Dataset-v01']) retrieved from /opt/airflow/dags/Online_Shopping_Dataset.py
[2023-12-12T00:11:57.073+0000] {logging_mixin.py:154} INFO - [2023-12-12T00:11:57.073+0000] {dag.py:2941} INFO - Sync 7 DAGs
[2023-12-12T00:11:57.082+0000] {logging_mixin.py:154} INFO - [2023-12-12T00:11:57.082+0000] {dag.py:3722} INFO - Setting next_dagrun for Online_Shopping_Dataset-v01 to None, run_after=None
[2023-12-12T00:11:57.084+0000] {logging_mixin.py:154} INFO - [2023-12-12T00:11:57.084+0000] {dag.py:3722} INFO - Setting next_dagrun for Online_Shopping_Dataset-v01.create_dim_tables to None, run_after=None
[2023-12-12T00:11:57.084+0000] {logging_mixin.py:154} INFO - [2023-12-12T00:11:57.084+0000] {dag.py:3722} INFO - Setting next_dagrun for Online_Shopping_Dataset-v01.insert_fk_into_fact_table to None, run_after=None
[2023-12-12T00:11:57.085+0000] {logging_mixin.py:154} INFO - [2023-12-12T00:11:57.085+0000] {dag.py:3722} INFO - Setting next_dagrun for Online_Shopping_Dataset-v01.remove_replaced_dim_cols to None, run_after=None
[2023-12-12T00:11:57.086+0000] {logging_mixin.py:154} INFO - [2023-12-12T00:11:57.086+0000] {dag.py:3722} INFO - Setting next_dagrun for Online_Shopping_Dataset-v01.remove_samples_with_nulls to None, run_after=None
[2023-12-12T00:11:57.086+0000] {logging_mixin.py:154} INFO - [2023-12-12T00:11:57.086+0000] {dag.py:3722} INFO - Setting next_dagrun for Online_Shopping_Dataset-v01.remove_samples_with_outliers to None, run_after=None
[2023-12-12T00:11:57.087+0000] {logging_mixin.py:154} INFO - [2023-12-12T00:11:57.087+0000] {dag.py:3722} INFO - Setting next_dagrun for Online_Shopping_Dataset-v01.remove_unnecessary_columns to None, run_after=None
[2023-12-12T00:11:57.091+0000] {logging_mixin.py:154} INFO - [2023-12-12T00:11:57.091+0000] {dag.py:2941} INFO - Sync 6 DAGs
[2023-12-12T00:11:57.093+0000] {logging_mixin.py:154} INFO - [2023-12-12T00:11:57.093+0000] {dag.py:3722} INFO - Setting next_dagrun for Online_Shopping_Dataset-v01.create_dim_tables to None, run_after=None
[2023-12-12T00:11:57.093+0000] {logging_mixin.py:154} INFO - [2023-12-12T00:11:57.093+0000] {dag.py:3722} INFO - Setting next_dagrun for Online_Shopping_Dataset-v01.insert_fk_into_fact_table to None, run_after=None
[2023-12-12T00:11:57.094+0000] {logging_mixin.py:154} INFO - [2023-12-12T00:11:57.094+0000] {dag.py:3722} INFO - Setting next_dagrun for Online_Shopping_Dataset-v01.remove_replaced_dim_cols to None, run_after=None
[2023-12-12T00:11:57.094+0000] {logging_mixin.py:154} INFO - [2023-12-12T00:11:57.094+0000] {dag.py:3722} INFO - Setting next_dagrun for Online_Shopping_Dataset-v01.remove_samples_with_nulls to None, run_after=None
[2023-12-12T00:11:57.094+0000] {logging_mixin.py:154} INFO - [2023-12-12T00:11:57.094+0000] {dag.py:3722} INFO - Setting next_dagrun for Online_Shopping_Dataset-v01.remove_samples_with_outliers to None, run_after=None
[2023-12-12T00:11:57.094+0000] {logging_mixin.py:154} INFO - [2023-12-12T00:11:57.094+0000] {dag.py:3722} INFO - Setting next_dagrun for Online_Shopping_Dataset-v01.remove_unnecessary_columns to None, run_after=None
[2023-12-12T00:11:57.099+0000] {processor.py:179} INFO - Processing /opt/airflow/dags/Online_Shopping_Dataset.py took 0.350 seconds
[2023-12-12T00:12:28.058+0000] {processor.py:157} INFO - Started process (PID=608) to work on /opt/airflow/dags/Online_Shopping_Dataset.py
[2023-12-12T00:12:28.060+0000] {processor.py:829} INFO - Processing file /opt/airflow/dags/Online_Shopping_Dataset.py for tasks to queue
[2023-12-12T00:12:28.061+0000] {logging_mixin.py:154} INFO - [2023-12-12T00:12:28.061+0000] {dagbag.py:536} INFO - Filling up the DagBag from /opt/airflow/dags/Online_Shopping_Dataset.py
[2023-12-12T00:12:28.339+0000] {processor.py:839} INFO - DAG(s) dict_keys(['Online_Shopping_Dataset-v01.remove_unnecessary_columns', 'Online_Shopping_Dataset-v01.remove_samples_with_outliers', 'Online_Shopping_Dataset-v01.remove_samples_with_nulls', 'Online_Shopping_Dataset-v01.create_dim_tables', 'Online_Shopping_Dataset-v01.insert_fk_into_fact_table', 'Online_Shopping_Dataset-v01.remove_replaced_dim_cols', 'Online_Shopping_Dataset-v01']) retrieved from /opt/airflow/dags/Online_Shopping_Dataset.py
[2023-12-12T00:12:28.394+0000] {logging_mixin.py:154} INFO - [2023-12-12T00:12:28.394+0000] {dag.py:2941} INFO - Sync 7 DAGs
[2023-12-12T00:12:28.403+0000] {logging_mixin.py:154} INFO - [2023-12-12T00:12:28.403+0000] {dag.py:3722} INFO - Setting next_dagrun for Online_Shopping_Dataset-v01 to None, run_after=None
[2023-12-12T00:12:28.405+0000] {logging_mixin.py:154} INFO - [2023-12-12T00:12:28.405+0000] {dag.py:3722} INFO - Setting next_dagrun for Online_Shopping_Dataset-v01.create_dim_tables to None, run_after=None
[2023-12-12T00:12:28.405+0000] {logging_mixin.py:154} INFO - [2023-12-12T00:12:28.405+0000] {dag.py:3722} INFO - Setting next_dagrun for Online_Shopping_Dataset-v01.insert_fk_into_fact_table to None, run_after=None
[2023-12-12T00:12:28.406+0000] {logging_mixin.py:154} INFO - [2023-12-12T00:12:28.406+0000] {dag.py:3722} INFO - Setting next_dagrun for Online_Shopping_Dataset-v01.remove_replaced_dim_cols to None, run_after=None
[2023-12-12T00:12:28.406+0000] {logging_mixin.py:154} INFO - [2023-12-12T00:12:28.406+0000] {dag.py:3722} INFO - Setting next_dagrun for Online_Shopping_Dataset-v01.remove_samples_with_nulls to None, run_after=None
[2023-12-12T00:12:28.407+0000] {logging_mixin.py:154} INFO - [2023-12-12T00:12:28.407+0000] {dag.py:3722} INFO - Setting next_dagrun for Online_Shopping_Dataset-v01.remove_samples_with_outliers to None, run_after=None
[2023-12-12T00:12:28.408+0000] {logging_mixin.py:154} INFO - [2023-12-12T00:12:28.408+0000] {dag.py:3722} INFO - Setting next_dagrun for Online_Shopping_Dataset-v01.remove_unnecessary_columns to None, run_after=None
[2023-12-12T00:12:28.411+0000] {logging_mixin.py:154} INFO - [2023-12-12T00:12:28.411+0000] {dag.py:2941} INFO - Sync 6 DAGs
[2023-12-12T00:12:28.414+0000] {logging_mixin.py:154} INFO - [2023-12-12T00:12:28.414+0000] {dag.py:3722} INFO - Setting next_dagrun for Online_Shopping_Dataset-v01.create_dim_tables to None, run_after=None
[2023-12-12T00:12:28.414+0000] {logging_mixin.py:154} INFO - [2023-12-12T00:12:28.414+0000] {dag.py:3722} INFO - Setting next_dagrun for Online_Shopping_Dataset-v01.insert_fk_into_fact_table to None, run_after=None
[2023-12-12T00:12:28.414+0000] {logging_mixin.py:154} INFO - [2023-12-12T00:12:28.414+0000] {dag.py:3722} INFO - Setting next_dagrun for Online_Shopping_Dataset-v01.remove_replaced_dim_cols to None, run_after=None
[2023-12-12T00:12:28.414+0000] {logging_mixin.py:154} INFO - [2023-12-12T00:12:28.414+0000] {dag.py:3722} INFO - Setting next_dagrun for Online_Shopping_Dataset-v01.remove_samples_with_nulls to None, run_after=None
[2023-12-12T00:12:28.415+0000] {logging_mixin.py:154} INFO - [2023-12-12T00:12:28.415+0000] {dag.py:3722} INFO - Setting next_dagrun for Online_Shopping_Dataset-v01.remove_samples_with_outliers to None, run_after=None
[2023-12-12T00:12:28.415+0000] {logging_mixin.py:154} INFO - [2023-12-12T00:12:28.415+0000] {dag.py:3722} INFO - Setting next_dagrun for Online_Shopping_Dataset-v01.remove_unnecessary_columns to None, run_after=None
[2023-12-12T00:12:28.420+0000] {processor.py:179} INFO - Processing /opt/airflow/dags/Online_Shopping_Dataset.py took 0.366 seconds
[2023-12-12T00:12:58.519+0000] {processor.py:157} INFO - Started process (PID=651) to work on /opt/airflow/dags/Online_Shopping_Dataset.py
[2023-12-12T00:12:58.521+0000] {processor.py:829} INFO - Processing file /opt/airflow/dags/Online_Shopping_Dataset.py for tasks to queue
[2023-12-12T00:12:58.521+0000] {logging_mixin.py:154} INFO - [2023-12-12T00:12:58.521+0000] {dagbag.py:536} INFO - Filling up the DagBag from /opt/airflow/dags/Online_Shopping_Dataset.py
[2023-12-12T00:12:58.986+0000] {processor.py:839} INFO - DAG(s) dict_keys(['Online_Shopping_Dataset-v01.remove_unnecessary_columns', 'Online_Shopping_Dataset-v01.remove_samples_with_outliers', 'Online_Shopping_Dataset-v01.remove_samples_with_nulls', 'Online_Shopping_Dataset-v01.create_dim_tables', 'Online_Shopping_Dataset-v01.insert_fk_into_fact_table', 'Online_Shopping_Dataset-v01.remove_replaced_dim_cols', 'Online_Shopping_Dataset-v01']) retrieved from /opt/airflow/dags/Online_Shopping_Dataset.py
[2023-12-12T00:12:59.064+0000] {logging_mixin.py:154} INFO - [2023-12-12T00:12:59.063+0000] {dag.py:2941} INFO - Sync 7 DAGs
[2023-12-12T00:12:59.079+0000] {logging_mixin.py:154} INFO - [2023-12-12T00:12:59.079+0000] {dag.py:3722} INFO - Setting next_dagrun for Online_Shopping_Dataset-v01 to None, run_after=None
[2023-12-12T00:12:59.082+0000] {logging_mixin.py:154} INFO - [2023-12-12T00:12:59.082+0000] {dag.py:3722} INFO - Setting next_dagrun for Online_Shopping_Dataset-v01.create_dim_tables to None, run_after=None
[2023-12-12T00:12:59.083+0000] {logging_mixin.py:154} INFO - [2023-12-12T00:12:59.083+0000] {dag.py:3722} INFO - Setting next_dagrun for Online_Shopping_Dataset-v01.insert_fk_into_fact_table to None, run_after=None
[2023-12-12T00:12:59.083+0000] {logging_mixin.py:154} INFO - [2023-12-12T00:12:59.083+0000] {dag.py:3722} INFO - Setting next_dagrun for Online_Shopping_Dataset-v01.remove_replaced_dim_cols to None, run_after=None
[2023-12-12T00:12:59.084+0000] {logging_mixin.py:154} INFO - [2023-12-12T00:12:59.084+0000] {dag.py:3722} INFO - Setting next_dagrun for Online_Shopping_Dataset-v01.remove_samples_with_nulls to None, run_after=None
[2023-12-12T00:12:59.084+0000] {logging_mixin.py:154} INFO - [2023-12-12T00:12:59.084+0000] {dag.py:3722} INFO - Setting next_dagrun for Online_Shopping_Dataset-v01.remove_samples_with_outliers to None, run_after=None
[2023-12-12T00:12:59.085+0000] {logging_mixin.py:154} INFO - [2023-12-12T00:12:59.085+0000] {dag.py:3722} INFO - Setting next_dagrun for Online_Shopping_Dataset-v01.remove_unnecessary_columns to None, run_after=None
[2023-12-12T00:12:59.096+0000] {logging_mixin.py:154} INFO - [2023-12-12T00:12:59.096+0000] {dag.py:2941} INFO - Sync 6 DAGs
[2023-12-12T00:12:59.100+0000] {logging_mixin.py:154} INFO - [2023-12-12T00:12:59.100+0000] {dag.py:3722} INFO - Setting next_dagrun for Online_Shopping_Dataset-v01.create_dim_tables to None, run_after=None
[2023-12-12T00:12:59.100+0000] {logging_mixin.py:154} INFO - [2023-12-12T00:12:59.100+0000] {dag.py:3722} INFO - Setting next_dagrun for Online_Shopping_Dataset-v01.insert_fk_into_fact_table to None, run_after=None
[2023-12-12T00:12:59.100+0000] {logging_mixin.py:154} INFO - [2023-12-12T00:12:59.100+0000] {dag.py:3722} INFO - Setting next_dagrun for Online_Shopping_Dataset-v01.remove_replaced_dim_cols to None, run_after=None
[2023-12-12T00:12:59.100+0000] {logging_mixin.py:154} INFO - [2023-12-12T00:12:59.100+0000] {dag.py:3722} INFO - Setting next_dagrun for Online_Shopping_Dataset-v01.remove_samples_with_nulls to None, run_after=None
[2023-12-12T00:12:59.101+0000] {logging_mixin.py:154} INFO - [2023-12-12T00:12:59.101+0000] {dag.py:3722} INFO - Setting next_dagrun for Online_Shopping_Dataset-v01.remove_samples_with_outliers to None, run_after=None
[2023-12-12T00:12:59.101+0000] {logging_mixin.py:154} INFO - [2023-12-12T00:12:59.101+0000] {dag.py:3722} INFO - Setting next_dagrun for Online_Shopping_Dataset-v01.remove_unnecessary_columns to None, run_after=None
[2023-12-12T00:12:59.109+0000] {processor.py:179} INFO - Processing /opt/airflow/dags/Online_Shopping_Dataset.py took 0.593 seconds
[2023-12-12T00:13:29.996+0000] {processor.py:157} INFO - Started process (PID=747) to work on /opt/airflow/dags/Online_Shopping_Dataset.py
[2023-12-12T00:13:29.997+0000] {processor.py:829} INFO - Processing file /opt/airflow/dags/Online_Shopping_Dataset.py for tasks to queue
[2023-12-12T00:13:29.997+0000] {logging_mixin.py:154} INFO - [2023-12-12T00:13:29.997+0000] {dagbag.py:536} INFO - Filling up the DagBag from /opt/airflow/dags/Online_Shopping_Dataset.py
[2023-12-12T00:13:30.324+0000] {processor.py:839} INFO - DAG(s) dict_keys(['Online_Shopping_Dataset-v01.remove_unnecessary_columns', 'Online_Shopping_Dataset-v01.remove_samples_with_outliers', 'Online_Shopping_Dataset-v01.remove_samples_with_nulls', 'Online_Shopping_Dataset-v01.create_dim_tables', 'Online_Shopping_Dataset-v01.insert_fk_into_fact_table', 'Online_Shopping_Dataset-v01.remove_replaced_dim_cols', 'Online_Shopping_Dataset-v01']) retrieved from /opt/airflow/dags/Online_Shopping_Dataset.py
[2023-12-12T00:13:30.386+0000] {logging_mixin.py:154} INFO - [2023-12-12T00:13:30.386+0000] {dag.py:2941} INFO - Sync 7 DAGs
[2023-12-12T00:13:30.397+0000] {logging_mixin.py:154} INFO - [2023-12-12T00:13:30.397+0000] {dag.py:3722} INFO - Setting next_dagrun for Online_Shopping_Dataset-v01 to None, run_after=None
[2023-12-12T00:13:30.399+0000] {logging_mixin.py:154} INFO - [2023-12-12T00:13:30.399+0000] {dag.py:3722} INFO - Setting next_dagrun for Online_Shopping_Dataset-v01.create_dim_tables to None, run_after=None
[2023-12-12T00:13:30.400+0000] {logging_mixin.py:154} INFO - [2023-12-12T00:13:30.399+0000] {dag.py:3722} INFO - Setting next_dagrun for Online_Shopping_Dataset-v01.insert_fk_into_fact_table to None, run_after=None
[2023-12-12T00:13:30.400+0000] {logging_mixin.py:154} INFO - [2023-12-12T00:13:30.400+0000] {dag.py:3722} INFO - Setting next_dagrun for Online_Shopping_Dataset-v01.remove_replaced_dim_cols to None, run_after=None
[2023-12-12T00:13:30.401+0000] {logging_mixin.py:154} INFO - [2023-12-12T00:13:30.401+0000] {dag.py:3722} INFO - Setting next_dagrun for Online_Shopping_Dataset-v01.remove_samples_with_nulls to None, run_after=None
[2023-12-12T00:13:30.401+0000] {logging_mixin.py:154} INFO - [2023-12-12T00:13:30.401+0000] {dag.py:3722} INFO - Setting next_dagrun for Online_Shopping_Dataset-v01.remove_samples_with_outliers to None, run_after=None
[2023-12-12T00:13:30.402+0000] {logging_mixin.py:154} INFO - [2023-12-12T00:13:30.402+0000] {dag.py:3722} INFO - Setting next_dagrun for Online_Shopping_Dataset-v01.remove_unnecessary_columns to None, run_after=None
[2023-12-12T00:13:30.409+0000] {logging_mixin.py:154} INFO - [2023-12-12T00:13:30.409+0000] {dag.py:2941} INFO - Sync 6 DAGs
[2023-12-12T00:13:30.411+0000] {logging_mixin.py:154} INFO - [2023-12-12T00:13:30.411+0000] {dag.py:3722} INFO - Setting next_dagrun for Online_Shopping_Dataset-v01.create_dim_tables to None, run_after=None
[2023-12-12T00:13:30.412+0000] {logging_mixin.py:154} INFO - [2023-12-12T00:13:30.412+0000] {dag.py:3722} INFO - Setting next_dagrun for Online_Shopping_Dataset-v01.insert_fk_into_fact_table to None, run_after=None
[2023-12-12T00:13:30.412+0000] {logging_mixin.py:154} INFO - [2023-12-12T00:13:30.412+0000] {dag.py:3722} INFO - Setting next_dagrun for Online_Shopping_Dataset-v01.remove_replaced_dim_cols to None, run_after=None
[2023-12-12T00:13:30.412+0000] {logging_mixin.py:154} INFO - [2023-12-12T00:13:30.412+0000] {dag.py:3722} INFO - Setting next_dagrun for Online_Shopping_Dataset-v01.remove_samples_with_nulls to None, run_after=None
[2023-12-12T00:13:30.412+0000] {logging_mixin.py:154} INFO - [2023-12-12T00:13:30.412+0000] {dag.py:3722} INFO - Setting next_dagrun for Online_Shopping_Dataset-v01.remove_samples_with_outliers to None, run_after=None
[2023-12-12T00:13:30.413+0000] {logging_mixin.py:154} INFO - [2023-12-12T00:13:30.413+0000] {dag.py:3722} INFO - Setting next_dagrun for Online_Shopping_Dataset-v01.remove_unnecessary_columns to None, run_after=None
[2023-12-12T00:13:30.419+0000] {processor.py:179} INFO - Processing /opt/airflow/dags/Online_Shopping_Dataset.py took 0.426 seconds
[2023-12-12T00:14:01.386+0000] {processor.py:157} INFO - Started process (PID=790) to work on /opt/airflow/dags/Online_Shopping_Dataset.py
[2023-12-12T00:14:01.387+0000] {processor.py:829} INFO - Processing file /opt/airflow/dags/Online_Shopping_Dataset.py for tasks to queue
[2023-12-12T00:14:01.389+0000] {logging_mixin.py:154} INFO - [2023-12-12T00:14:01.388+0000] {dagbag.py:536} INFO - Filling up the DagBag from /opt/airflow/dags/Online_Shopping_Dataset.py
[2023-12-12T00:14:01.691+0000] {processor.py:839} INFO - DAG(s) dict_keys(['Online_Shopping_Dataset-v01.remove_unnecessary_columns', 'Online_Shopping_Dataset-v01.remove_samples_with_outliers', 'Online_Shopping_Dataset-v01.remove_samples_with_nulls', 'Online_Shopping_Dataset-v01.create_dim_tables', 'Online_Shopping_Dataset-v01.insert_fk_into_fact_table', 'Online_Shopping_Dataset-v01.remove_replaced_dim_cols', 'Online_Shopping_Dataset-v01']) retrieved from /opt/airflow/dags/Online_Shopping_Dataset.py
[2023-12-12T00:14:01.752+0000] {logging_mixin.py:154} INFO - [2023-12-12T00:14:01.751+0000] {dag.py:2941} INFO - Sync 7 DAGs
[2023-12-12T00:14:01.762+0000] {logging_mixin.py:154} INFO - [2023-12-12T00:14:01.762+0000] {dag.py:3722} INFO - Setting next_dagrun for Online_Shopping_Dataset-v01 to None, run_after=None
[2023-12-12T00:14:01.765+0000] {logging_mixin.py:154} INFO - [2023-12-12T00:14:01.765+0000] {dag.py:3722} INFO - Setting next_dagrun for Online_Shopping_Dataset-v01.create_dim_tables to None, run_after=None
[2023-12-12T00:14:01.765+0000] {logging_mixin.py:154} INFO - [2023-12-12T00:14:01.765+0000] {dag.py:3722} INFO - Setting next_dagrun for Online_Shopping_Dataset-v01.insert_fk_into_fact_table to None, run_after=None
[2023-12-12T00:14:01.766+0000] {logging_mixin.py:154} INFO - [2023-12-12T00:14:01.766+0000] {dag.py:3722} INFO - Setting next_dagrun for Online_Shopping_Dataset-v01.remove_replaced_dim_cols to None, run_after=None
[2023-12-12T00:14:01.766+0000] {logging_mixin.py:154} INFO - [2023-12-12T00:14:01.766+0000] {dag.py:3722} INFO - Setting next_dagrun for Online_Shopping_Dataset-v01.remove_samples_with_nulls to None, run_after=None
[2023-12-12T00:14:01.767+0000] {logging_mixin.py:154} INFO - [2023-12-12T00:14:01.767+0000] {dag.py:3722} INFO - Setting next_dagrun for Online_Shopping_Dataset-v01.remove_samples_with_outliers to None, run_after=None
[2023-12-12T00:14:01.768+0000] {logging_mixin.py:154} INFO - [2023-12-12T00:14:01.768+0000] {dag.py:3722} INFO - Setting next_dagrun for Online_Shopping_Dataset-v01.remove_unnecessary_columns to None, run_after=None
[2023-12-12T00:14:01.773+0000] {logging_mixin.py:154} INFO - [2023-12-12T00:14:01.773+0000] {dag.py:2941} INFO - Sync 6 DAGs
[2023-12-12T00:14:01.776+0000] {logging_mixin.py:154} INFO - [2023-12-12T00:14:01.776+0000] {dag.py:3722} INFO - Setting next_dagrun for Online_Shopping_Dataset-v01.create_dim_tables to None, run_after=None
[2023-12-12T00:14:01.776+0000] {logging_mixin.py:154} INFO - [2023-12-12T00:14:01.776+0000] {dag.py:3722} INFO - Setting next_dagrun for Online_Shopping_Dataset-v01.insert_fk_into_fact_table to None, run_after=None
[2023-12-12T00:14:01.777+0000] {logging_mixin.py:154} INFO - [2023-12-12T00:14:01.777+0000] {dag.py:3722} INFO - Setting next_dagrun for Online_Shopping_Dataset-v01.remove_replaced_dim_cols to None, run_after=None
[2023-12-12T00:14:01.777+0000] {logging_mixin.py:154} INFO - [2023-12-12T00:14:01.777+0000] {dag.py:3722} INFO - Setting next_dagrun for Online_Shopping_Dataset-v01.remove_samples_with_nulls to None, run_after=None
[2023-12-12T00:14:01.777+0000] {logging_mixin.py:154} INFO - [2023-12-12T00:14:01.777+0000] {dag.py:3722} INFO - Setting next_dagrun for Online_Shopping_Dataset-v01.remove_samples_with_outliers to None, run_after=None
[2023-12-12T00:14:01.777+0000] {logging_mixin.py:154} INFO - [2023-12-12T00:14:01.777+0000] {dag.py:3722} INFO - Setting next_dagrun for Online_Shopping_Dataset-v01.remove_unnecessary_columns to None, run_after=None
[2023-12-12T00:14:01.783+0000] {processor.py:179} INFO - Processing /opt/airflow/dags/Online_Shopping_Dataset.py took 0.401 seconds
[2023-12-12T00:14:32.763+0000] {processor.py:157} INFO - Started process (PID=860) to work on /opt/airflow/dags/Online_Shopping_Dataset.py
[2023-12-12T00:14:32.764+0000] {processor.py:829} INFO - Processing file /opt/airflow/dags/Online_Shopping_Dataset.py for tasks to queue
[2023-12-12T00:14:32.765+0000] {logging_mixin.py:154} INFO - [2023-12-12T00:14:32.765+0000] {dagbag.py:536} INFO - Filling up the DagBag from /opt/airflow/dags/Online_Shopping_Dataset.py
[2023-12-12T00:14:33.058+0000] {processor.py:839} INFO - DAG(s) dict_keys(['Online_Shopping_Dataset-v01.remove_unnecessary_columns', 'Online_Shopping_Dataset-v01.remove_samples_with_outliers', 'Online_Shopping_Dataset-v01.remove_samples_with_nulls', 'Online_Shopping_Dataset-v01.create_dim_tables', 'Online_Shopping_Dataset-v01.insert_fk_into_fact_table', 'Online_Shopping_Dataset-v01.remove_replaced_dim_cols', 'Online_Shopping_Dataset-v01']) retrieved from /opt/airflow/dags/Online_Shopping_Dataset.py
[2023-12-12T00:14:33.116+0000] {logging_mixin.py:154} INFO - [2023-12-12T00:14:33.116+0000] {dag.py:2941} INFO - Sync 7 DAGs
[2023-12-12T00:14:33.125+0000] {logging_mixin.py:154} INFO - [2023-12-12T00:14:33.125+0000] {dag.py:3722} INFO - Setting next_dagrun for Online_Shopping_Dataset-v01 to None, run_after=None
[2023-12-12T00:14:33.127+0000] {logging_mixin.py:154} INFO - [2023-12-12T00:14:33.127+0000] {dag.py:3722} INFO - Setting next_dagrun for Online_Shopping_Dataset-v01.create_dim_tables to None, run_after=None
[2023-12-12T00:14:33.128+0000] {logging_mixin.py:154} INFO - [2023-12-12T00:14:33.128+0000] {dag.py:3722} INFO - Setting next_dagrun for Online_Shopping_Dataset-v01.insert_fk_into_fact_table to None, run_after=None
[2023-12-12T00:14:33.129+0000] {logging_mixin.py:154} INFO - [2023-12-12T00:14:33.129+0000] {dag.py:3722} INFO - Setting next_dagrun for Online_Shopping_Dataset-v01.remove_replaced_dim_cols to None, run_after=None
[2023-12-12T00:14:33.129+0000] {logging_mixin.py:154} INFO - [2023-12-12T00:14:33.129+0000] {dag.py:3722} INFO - Setting next_dagrun for Online_Shopping_Dataset-v01.remove_samples_with_nulls to None, run_after=None
[2023-12-12T00:14:33.130+0000] {logging_mixin.py:154} INFO - [2023-12-12T00:14:33.130+0000] {dag.py:3722} INFO - Setting next_dagrun for Online_Shopping_Dataset-v01.remove_samples_with_outliers to None, run_after=None
[2023-12-12T00:14:33.131+0000] {logging_mixin.py:154} INFO - [2023-12-12T00:14:33.130+0000] {dag.py:3722} INFO - Setting next_dagrun for Online_Shopping_Dataset-v01.remove_unnecessary_columns to None, run_after=None
[2023-12-12T00:14:33.134+0000] {logging_mixin.py:154} INFO - [2023-12-12T00:14:33.134+0000] {dag.py:2941} INFO - Sync 6 DAGs
[2023-12-12T00:14:33.137+0000] {logging_mixin.py:154} INFO - [2023-12-12T00:14:33.137+0000] {dag.py:3722} INFO - Setting next_dagrun for Online_Shopping_Dataset-v01.create_dim_tables to None, run_after=None
[2023-12-12T00:14:33.137+0000] {logging_mixin.py:154} INFO - [2023-12-12T00:14:33.137+0000] {dag.py:3722} INFO - Setting next_dagrun for Online_Shopping_Dataset-v01.insert_fk_into_fact_table to None, run_after=None
[2023-12-12T00:14:33.137+0000] {logging_mixin.py:154} INFO - [2023-12-12T00:14:33.137+0000] {dag.py:3722} INFO - Setting next_dagrun for Online_Shopping_Dataset-v01.remove_replaced_dim_cols to None, run_after=None
[2023-12-12T00:14:33.138+0000] {logging_mixin.py:154} INFO - [2023-12-12T00:14:33.137+0000] {dag.py:3722} INFO - Setting next_dagrun for Online_Shopping_Dataset-v01.remove_samples_with_nulls to None, run_after=None
[2023-12-12T00:14:33.138+0000] {logging_mixin.py:154} INFO - [2023-12-12T00:14:33.138+0000] {dag.py:3722} INFO - Setting next_dagrun for Online_Shopping_Dataset-v01.remove_samples_with_outliers to None, run_after=None
[2023-12-12T00:14:33.138+0000] {logging_mixin.py:154} INFO - [2023-12-12T00:14:33.138+0000] {dag.py:3722} INFO - Setting next_dagrun for Online_Shopping_Dataset-v01.remove_unnecessary_columns to None, run_after=None
[2023-12-12T00:14:33.145+0000] {processor.py:179} INFO - Processing /opt/airflow/dags/Online_Shopping_Dataset.py took 0.387 seconds
[2023-12-12T00:15:03.167+0000] {processor.py:157} INFO - Started process (PID=903) to work on /opt/airflow/dags/Online_Shopping_Dataset.py
[2023-12-12T00:15:03.168+0000] {processor.py:829} INFO - Processing file /opt/airflow/dags/Online_Shopping_Dataset.py for tasks to queue
[2023-12-12T00:15:03.168+0000] {logging_mixin.py:154} INFO - [2023-12-12T00:15:03.168+0000] {dagbag.py:536} INFO - Filling up the DagBag from /opt/airflow/dags/Online_Shopping_Dataset.py
[2023-12-12T00:15:03.463+0000] {processor.py:839} INFO - DAG(s) dict_keys(['Online_Shopping_Dataset-v01.remove_unnecessary_columns', 'Online_Shopping_Dataset-v01.remove_samples_with_outliers', 'Online_Shopping_Dataset-v01.remove_samples_with_nulls', 'Online_Shopping_Dataset-v01.create_dim_tables', 'Online_Shopping_Dataset-v01.insert_fk_into_fact_table', 'Online_Shopping_Dataset-v01.remove_replaced_dim_cols', 'Online_Shopping_Dataset-v01']) retrieved from /opt/airflow/dags/Online_Shopping_Dataset.py
[2023-12-12T00:15:03.523+0000] {logging_mixin.py:154} INFO - [2023-12-12T00:15:03.523+0000] {dag.py:2941} INFO - Sync 7 DAGs
[2023-12-12T00:15:03.535+0000] {logging_mixin.py:154} INFO - [2023-12-12T00:15:03.534+0000] {dag.py:3722} INFO - Setting next_dagrun for Online_Shopping_Dataset-v01 to None, run_after=None
[2023-12-12T00:15:03.537+0000] {logging_mixin.py:154} INFO - [2023-12-12T00:15:03.537+0000] {dag.py:3722} INFO - Setting next_dagrun for Online_Shopping_Dataset-v01.create_dim_tables to None, run_after=None
[2023-12-12T00:15:03.539+0000] {logging_mixin.py:154} INFO - [2023-12-12T00:15:03.539+0000] {dag.py:3722} INFO - Setting next_dagrun for Online_Shopping_Dataset-v01.insert_fk_into_fact_table to None, run_after=None
[2023-12-12T00:15:03.539+0000] {logging_mixin.py:154} INFO - [2023-12-12T00:15:03.539+0000] {dag.py:3722} INFO - Setting next_dagrun for Online_Shopping_Dataset-v01.remove_replaced_dim_cols to None, run_after=None
[2023-12-12T00:15:03.540+0000] {logging_mixin.py:154} INFO - [2023-12-12T00:15:03.540+0000] {dag.py:3722} INFO - Setting next_dagrun for Online_Shopping_Dataset-v01.remove_samples_with_nulls to None, run_after=None
[2023-12-12T00:15:03.541+0000] {logging_mixin.py:154} INFO - [2023-12-12T00:15:03.541+0000] {dag.py:3722} INFO - Setting next_dagrun for Online_Shopping_Dataset-v01.remove_samples_with_outliers to None, run_after=None
[2023-12-12T00:15:03.541+0000] {logging_mixin.py:154} INFO - [2023-12-12T00:15:03.541+0000] {dag.py:3722} INFO - Setting next_dagrun for Online_Shopping_Dataset-v01.remove_unnecessary_columns to None, run_after=None
[2023-12-12T00:15:03.546+0000] {logging_mixin.py:154} INFO - [2023-12-12T00:15:03.546+0000] {dag.py:2941} INFO - Sync 6 DAGs
[2023-12-12T00:15:03.548+0000] {logging_mixin.py:154} INFO - [2023-12-12T00:15:03.548+0000] {dag.py:3722} INFO - Setting next_dagrun for Online_Shopping_Dataset-v01.create_dim_tables to None, run_after=None
[2023-12-12T00:15:03.549+0000] {logging_mixin.py:154} INFO - [2023-12-12T00:15:03.549+0000] {dag.py:3722} INFO - Setting next_dagrun for Online_Shopping_Dataset-v01.insert_fk_into_fact_table to None, run_after=None
[2023-12-12T00:15:03.549+0000] {logging_mixin.py:154} INFO - [2023-12-12T00:15:03.549+0000] {dag.py:3722} INFO - Setting next_dagrun for Online_Shopping_Dataset-v01.remove_replaced_dim_cols to None, run_after=None
[2023-12-12T00:15:03.549+0000] {logging_mixin.py:154} INFO - [2023-12-12T00:15:03.549+0000] {dag.py:3722} INFO - Setting next_dagrun for Online_Shopping_Dataset-v01.remove_samples_with_nulls to None, run_after=None
[2023-12-12T00:15:03.549+0000] {logging_mixin.py:154} INFO - [2023-12-12T00:15:03.549+0000] {dag.py:3722} INFO - Setting next_dagrun for Online_Shopping_Dataset-v01.remove_samples_with_outliers to None, run_after=None
[2023-12-12T00:15:03.549+0000] {logging_mixin.py:154} INFO - [2023-12-12T00:15:03.549+0000] {dag.py:3722} INFO - Setting next_dagrun for Online_Shopping_Dataset-v01.remove_unnecessary_columns to None, run_after=None
[2023-12-12T00:15:03.557+0000] {processor.py:179} INFO - Processing /opt/airflow/dags/Online_Shopping_Dataset.py took 0.392 seconds
[2023-12-12T00:15:34.517+0000] {processor.py:157} INFO - Started process (PID=973) to work on /opt/airflow/dags/Online_Shopping_Dataset.py
[2023-12-12T00:15:34.518+0000] {processor.py:829} INFO - Processing file /opt/airflow/dags/Online_Shopping_Dataset.py for tasks to queue
[2023-12-12T00:15:34.518+0000] {logging_mixin.py:154} INFO - [2023-12-12T00:15:34.518+0000] {dagbag.py:536} INFO - Filling up the DagBag from /opt/airflow/dags/Online_Shopping_Dataset.py
[2023-12-12T00:15:34.810+0000] {processor.py:839} INFO - DAG(s) dict_keys(['Online_Shopping_Dataset-v01.remove_unnecessary_columns', 'Online_Shopping_Dataset-v01.remove_samples_with_outliers', 'Online_Shopping_Dataset-v01.remove_samples_with_nulls', 'Online_Shopping_Dataset-v01.create_dim_tables', 'Online_Shopping_Dataset-v01.insert_fk_into_fact_table', 'Online_Shopping_Dataset-v01.remove_replaced_dim_cols', 'Online_Shopping_Dataset-v01']) retrieved from /opt/airflow/dags/Online_Shopping_Dataset.py
[2023-12-12T00:15:34.868+0000] {logging_mixin.py:154} INFO - [2023-12-12T00:15:34.868+0000] {dag.py:2941} INFO - Sync 7 DAGs
[2023-12-12T00:15:34.880+0000] {logging_mixin.py:154} INFO - [2023-12-12T00:15:34.879+0000] {dag.py:3722} INFO - Setting next_dagrun for Online_Shopping_Dataset-v01 to None, run_after=None
[2023-12-12T00:15:34.881+0000] {logging_mixin.py:154} INFO - [2023-12-12T00:15:34.881+0000] {dag.py:3722} INFO - Setting next_dagrun for Online_Shopping_Dataset-v01.create_dim_tables to None, run_after=None
[2023-12-12T00:15:34.882+0000] {logging_mixin.py:154} INFO - [2023-12-12T00:15:34.882+0000] {dag.py:3722} INFO - Setting next_dagrun for Online_Shopping_Dataset-v01.insert_fk_into_fact_table to None, run_after=None
[2023-12-12T00:15:34.882+0000] {logging_mixin.py:154} INFO - [2023-12-12T00:15:34.882+0000] {dag.py:3722} INFO - Setting next_dagrun for Online_Shopping_Dataset-v01.remove_replaced_dim_cols to None, run_after=None
[2023-12-12T00:15:34.883+0000] {logging_mixin.py:154} INFO - [2023-12-12T00:15:34.883+0000] {dag.py:3722} INFO - Setting next_dagrun for Online_Shopping_Dataset-v01.remove_samples_with_nulls to None, run_after=None
[2023-12-12T00:15:34.884+0000] {logging_mixin.py:154} INFO - [2023-12-12T00:15:34.883+0000] {dag.py:3722} INFO - Setting next_dagrun for Online_Shopping_Dataset-v01.remove_samples_with_outliers to None, run_after=None
[2023-12-12T00:15:34.884+0000] {logging_mixin.py:154} INFO - [2023-12-12T00:15:34.884+0000] {dag.py:3722} INFO - Setting next_dagrun for Online_Shopping_Dataset-v01.remove_unnecessary_columns to None, run_after=None
[2023-12-12T00:15:34.890+0000] {logging_mixin.py:154} INFO - [2023-12-12T00:15:34.889+0000] {dag.py:2941} INFO - Sync 6 DAGs
[2023-12-12T00:15:34.893+0000] {logging_mixin.py:154} INFO - [2023-12-12T00:15:34.893+0000] {dag.py:3722} INFO - Setting next_dagrun for Online_Shopping_Dataset-v01.create_dim_tables to None, run_after=None
[2023-12-12T00:15:34.893+0000] {logging_mixin.py:154} INFO - [2023-12-12T00:15:34.893+0000] {dag.py:3722} INFO - Setting next_dagrun for Online_Shopping_Dataset-v01.insert_fk_into_fact_table to None, run_after=None
[2023-12-12T00:15:34.893+0000] {logging_mixin.py:154} INFO - [2023-12-12T00:15:34.893+0000] {dag.py:3722} INFO - Setting next_dagrun for Online_Shopping_Dataset-v01.remove_replaced_dim_cols to None, run_after=None
[2023-12-12T00:15:34.893+0000] {logging_mixin.py:154} INFO - [2023-12-12T00:15:34.893+0000] {dag.py:3722} INFO - Setting next_dagrun for Online_Shopping_Dataset-v01.remove_samples_with_nulls to None, run_after=None
[2023-12-12T00:15:34.894+0000] {logging_mixin.py:154} INFO - [2023-12-12T00:15:34.894+0000] {dag.py:3722} INFO - Setting next_dagrun for Online_Shopping_Dataset-v01.remove_samples_with_outliers to None, run_after=None
[2023-12-12T00:15:34.894+0000] {logging_mixin.py:154} INFO - [2023-12-12T00:15:34.894+0000] {dag.py:3722} INFO - Setting next_dagrun for Online_Shopping_Dataset-v01.remove_unnecessary_columns to None, run_after=None
[2023-12-12T00:15:34.900+0000] {processor.py:179} INFO - Processing /opt/airflow/dags/Online_Shopping_Dataset.py took 0.385 seconds
[2023-12-12T00:16:04.937+0000] {processor.py:157} INFO - Started process (PID=1016) to work on /opt/airflow/dags/Online_Shopping_Dataset.py
[2023-12-12T00:16:04.938+0000] {processor.py:829} INFO - Processing file /opt/airflow/dags/Online_Shopping_Dataset.py for tasks to queue
[2023-12-12T00:16:04.940+0000] {logging_mixin.py:154} INFO - [2023-12-12T00:16:04.939+0000] {dagbag.py:536} INFO - Filling up the DagBag from /opt/airflow/dags/Online_Shopping_Dataset.py
[2023-12-12T00:16:05.237+0000] {processor.py:839} INFO - DAG(s) dict_keys(['Online_Shopping_Dataset-v01.remove_unnecessary_columns', 'Online_Shopping_Dataset-v01.remove_samples_with_outliers', 'Online_Shopping_Dataset-v01.remove_samples_with_nulls', 'Online_Shopping_Dataset-v01.create_dim_tables', 'Online_Shopping_Dataset-v01.insert_fk_into_fact_table', 'Online_Shopping_Dataset-v01.remove_replaced_dim_cols', 'Online_Shopping_Dataset-v01']) retrieved from /opt/airflow/dags/Online_Shopping_Dataset.py
[2023-12-12T00:16:05.301+0000] {logging_mixin.py:154} INFO - [2023-12-12T00:16:05.301+0000] {dag.py:2941} INFO - Sync 7 DAGs
[2023-12-12T00:16:05.312+0000] {logging_mixin.py:154} INFO - [2023-12-12T00:16:05.312+0000] {dag.py:3722} INFO - Setting next_dagrun for Online_Shopping_Dataset-v01 to None, run_after=None
[2023-12-12T00:16:05.314+0000] {logging_mixin.py:154} INFO - [2023-12-12T00:16:05.314+0000] {dag.py:3722} INFO - Setting next_dagrun for Online_Shopping_Dataset-v01.create_dim_tables to None, run_after=None
[2023-12-12T00:16:05.315+0000] {logging_mixin.py:154} INFO - [2023-12-12T00:16:05.315+0000] {dag.py:3722} INFO - Setting next_dagrun for Online_Shopping_Dataset-v01.insert_fk_into_fact_table to None, run_after=None
[2023-12-12T00:16:05.316+0000] {logging_mixin.py:154} INFO - [2023-12-12T00:16:05.316+0000] {dag.py:3722} INFO - Setting next_dagrun for Online_Shopping_Dataset-v01.remove_replaced_dim_cols to None, run_after=None
[2023-12-12T00:16:05.316+0000] {logging_mixin.py:154} INFO - [2023-12-12T00:16:05.316+0000] {dag.py:3722} INFO - Setting next_dagrun for Online_Shopping_Dataset-v01.remove_samples_with_nulls to None, run_after=None
[2023-12-12T00:16:05.317+0000] {logging_mixin.py:154} INFO - [2023-12-12T00:16:05.317+0000] {dag.py:3722} INFO - Setting next_dagrun for Online_Shopping_Dataset-v01.remove_samples_with_outliers to None, run_after=None
[2023-12-12T00:16:05.318+0000] {logging_mixin.py:154} INFO - [2023-12-12T00:16:05.318+0000] {dag.py:3722} INFO - Setting next_dagrun for Online_Shopping_Dataset-v01.remove_unnecessary_columns to None, run_after=None
[2023-12-12T00:16:05.323+0000] {logging_mixin.py:154} INFO - [2023-12-12T00:16:05.323+0000] {dag.py:2941} INFO - Sync 6 DAGs
[2023-12-12T00:16:05.326+0000] {logging_mixin.py:154} INFO - [2023-12-12T00:16:05.326+0000] {dag.py:3722} INFO - Setting next_dagrun for Online_Shopping_Dataset-v01.create_dim_tables to None, run_after=None
[2023-12-12T00:16:05.326+0000] {logging_mixin.py:154} INFO - [2023-12-12T00:16:05.326+0000] {dag.py:3722} INFO - Setting next_dagrun for Online_Shopping_Dataset-v01.insert_fk_into_fact_table to None, run_after=None
[2023-12-12T00:16:05.326+0000] {logging_mixin.py:154} INFO - [2023-12-12T00:16:05.326+0000] {dag.py:3722} INFO - Setting next_dagrun for Online_Shopping_Dataset-v01.remove_replaced_dim_cols to None, run_after=None
[2023-12-12T00:16:05.326+0000] {logging_mixin.py:154} INFO - [2023-12-12T00:16:05.326+0000] {dag.py:3722} INFO - Setting next_dagrun for Online_Shopping_Dataset-v01.remove_samples_with_nulls to None, run_after=None
[2023-12-12T00:16:05.327+0000] {logging_mixin.py:154} INFO - [2023-12-12T00:16:05.327+0000] {dag.py:3722} INFO - Setting next_dagrun for Online_Shopping_Dataset-v01.remove_samples_with_outliers to None, run_after=None
[2023-12-12T00:16:05.327+0000] {logging_mixin.py:154} INFO - [2023-12-12T00:16:05.327+0000] {dag.py:3722} INFO - Setting next_dagrun for Online_Shopping_Dataset-v01.remove_unnecessary_columns to None, run_after=None
[2023-12-12T00:16:05.333+0000] {processor.py:179} INFO - Processing /opt/airflow/dags/Online_Shopping_Dataset.py took 0.398 seconds
[2023-12-12T00:16:35.401+0000] {processor.py:157} INFO - Started process (PID=1086) to work on /opt/airflow/dags/Online_Shopping_Dataset.py
[2023-12-12T00:16:35.402+0000] {processor.py:829} INFO - Processing file /opt/airflow/dags/Online_Shopping_Dataset.py for tasks to queue
[2023-12-12T00:16:35.404+0000] {logging_mixin.py:154} INFO - [2023-12-12T00:16:35.403+0000] {dagbag.py:536} INFO - Filling up the DagBag from /opt/airflow/dags/Online_Shopping_Dataset.py
[2023-12-12T00:16:35.704+0000] {processor.py:839} INFO - DAG(s) dict_keys(['Online_Shopping_Dataset-v01.remove_unnecessary_columns', 'Online_Shopping_Dataset-v01.remove_samples_with_outliers', 'Online_Shopping_Dataset-v01.remove_samples_with_nulls', 'Online_Shopping_Dataset-v01.create_dim_tables', 'Online_Shopping_Dataset-v01.insert_fk_into_fact_table', 'Online_Shopping_Dataset-v01.remove_replaced_dim_cols', 'Online_Shopping_Dataset-v01']) retrieved from /opt/airflow/dags/Online_Shopping_Dataset.py
[2023-12-12T00:16:35.764+0000] {logging_mixin.py:154} INFO - [2023-12-12T00:16:35.764+0000] {dag.py:2941} INFO - Sync 7 DAGs
[2023-12-12T00:16:35.775+0000] {logging_mixin.py:154} INFO - [2023-12-12T00:16:35.774+0000] {dag.py:3722} INFO - Setting next_dagrun for Online_Shopping_Dataset-v01 to None, run_after=None
[2023-12-12T00:16:35.776+0000] {logging_mixin.py:154} INFO - [2023-12-12T00:16:35.776+0000] {dag.py:3722} INFO - Setting next_dagrun for Online_Shopping_Dataset-v01.create_dim_tables to None, run_after=None
[2023-12-12T00:16:35.777+0000] {logging_mixin.py:154} INFO - [2023-12-12T00:16:35.777+0000] {dag.py:3722} INFO - Setting next_dagrun for Online_Shopping_Dataset-v01.insert_fk_into_fact_table to None, run_after=None
[2023-12-12T00:16:35.778+0000] {logging_mixin.py:154} INFO - [2023-12-12T00:16:35.778+0000] {dag.py:3722} INFO - Setting next_dagrun for Online_Shopping_Dataset-v01.remove_replaced_dim_cols to None, run_after=None
[2023-12-12T00:16:35.778+0000] {logging_mixin.py:154} INFO - [2023-12-12T00:16:35.778+0000] {dag.py:3722} INFO - Setting next_dagrun for Online_Shopping_Dataset-v01.remove_samples_with_nulls to None, run_after=None
[2023-12-12T00:16:35.779+0000] {logging_mixin.py:154} INFO - [2023-12-12T00:16:35.779+0000] {dag.py:3722} INFO - Setting next_dagrun for Online_Shopping_Dataset-v01.remove_samples_with_outliers to None, run_after=None
[2023-12-12T00:16:35.780+0000] {logging_mixin.py:154} INFO - [2023-12-12T00:16:35.780+0000] {dag.py:3722} INFO - Setting next_dagrun for Online_Shopping_Dataset-v01.remove_unnecessary_columns to None, run_after=None
[2023-12-12T00:16:35.784+0000] {logging_mixin.py:154} INFO - [2023-12-12T00:16:35.784+0000] {dag.py:2941} INFO - Sync 6 DAGs
[2023-12-12T00:16:35.787+0000] {logging_mixin.py:154} INFO - [2023-12-12T00:16:35.787+0000] {dag.py:3722} INFO - Setting next_dagrun for Online_Shopping_Dataset-v01.create_dim_tables to None, run_after=None
[2023-12-12T00:16:35.787+0000] {logging_mixin.py:154} INFO - [2023-12-12T00:16:35.787+0000] {dag.py:3722} INFO - Setting next_dagrun for Online_Shopping_Dataset-v01.insert_fk_into_fact_table to None, run_after=None
[2023-12-12T00:16:35.787+0000] {logging_mixin.py:154} INFO - [2023-12-12T00:16:35.787+0000] {dag.py:3722} INFO - Setting next_dagrun for Online_Shopping_Dataset-v01.remove_replaced_dim_cols to None, run_after=None
[2023-12-12T00:16:35.787+0000] {logging_mixin.py:154} INFO - [2023-12-12T00:16:35.787+0000] {dag.py:3722} INFO - Setting next_dagrun for Online_Shopping_Dataset-v01.remove_samples_with_nulls to None, run_after=None
[2023-12-12T00:16:35.788+0000] {logging_mixin.py:154} INFO - [2023-12-12T00:16:35.788+0000] {dag.py:3722} INFO - Setting next_dagrun for Online_Shopping_Dataset-v01.remove_samples_with_outliers to None, run_after=None
[2023-12-12T00:16:35.788+0000] {logging_mixin.py:154} INFO - [2023-12-12T00:16:35.788+0000] {dag.py:3722} INFO - Setting next_dagrun for Online_Shopping_Dataset-v01.remove_unnecessary_columns to None, run_after=None
[2023-12-12T00:16:35.793+0000] {processor.py:179} INFO - Processing /opt/airflow/dags/Online_Shopping_Dataset.py took 0.398 seconds
[2023-12-12T00:17:05.859+0000] {processor.py:157} INFO - Started process (PID=1129) to work on /opt/airflow/dags/Online_Shopping_Dataset.py
[2023-12-12T00:17:05.861+0000] {processor.py:829} INFO - Processing file /opt/airflow/dags/Online_Shopping_Dataset.py for tasks to queue
[2023-12-12T00:17:05.862+0000] {logging_mixin.py:154} INFO - [2023-12-12T00:17:05.862+0000] {dagbag.py:536} INFO - Filling up the DagBag from /opt/airflow/dags/Online_Shopping_Dataset.py
[2023-12-12T00:17:06.161+0000] {processor.py:839} INFO - DAG(s) dict_keys(['Online_Shopping_Dataset-v01.remove_unnecessary_columns', 'Online_Shopping_Dataset-v01.remove_samples_with_outliers', 'Online_Shopping_Dataset-v01.remove_samples_with_nulls', 'Online_Shopping_Dataset-v01.create_dim_tables', 'Online_Shopping_Dataset-v01.insert_fk_into_fact_table', 'Online_Shopping_Dataset-v01.remove_replaced_dim_cols', 'Online_Shopping_Dataset-v01']) retrieved from /opt/airflow/dags/Online_Shopping_Dataset.py
[2023-12-12T00:17:06.220+0000] {logging_mixin.py:154} INFO - [2023-12-12T00:17:06.219+0000] {dag.py:2941} INFO - Sync 7 DAGs
[2023-12-12T00:17:06.229+0000] {logging_mixin.py:154} INFO - [2023-12-12T00:17:06.229+0000] {dag.py:3722} INFO - Setting next_dagrun for Online_Shopping_Dataset-v01 to None, run_after=None
[2023-12-12T00:17:06.231+0000] {logging_mixin.py:154} INFO - [2023-12-12T00:17:06.230+0000] {dag.py:3722} INFO - Setting next_dagrun for Online_Shopping_Dataset-v01.create_dim_tables to None, run_after=None
[2023-12-12T00:17:06.231+0000] {logging_mixin.py:154} INFO - [2023-12-12T00:17:06.231+0000] {dag.py:3722} INFO - Setting next_dagrun for Online_Shopping_Dataset-v01.insert_fk_into_fact_table to None, run_after=None
[2023-12-12T00:17:06.232+0000] {logging_mixin.py:154} INFO - [2023-12-12T00:17:06.232+0000] {dag.py:3722} INFO - Setting next_dagrun for Online_Shopping_Dataset-v01.remove_replaced_dim_cols to None, run_after=None
[2023-12-12T00:17:06.232+0000] {logging_mixin.py:154} INFO - [2023-12-12T00:17:06.232+0000] {dag.py:3722} INFO - Setting next_dagrun for Online_Shopping_Dataset-v01.remove_samples_with_nulls to None, run_after=None
[2023-12-12T00:17:06.233+0000] {logging_mixin.py:154} INFO - [2023-12-12T00:17:06.233+0000] {dag.py:3722} INFO - Setting next_dagrun for Online_Shopping_Dataset-v01.remove_samples_with_outliers to None, run_after=None
[2023-12-12T00:17:06.234+0000] {logging_mixin.py:154} INFO - [2023-12-12T00:17:06.234+0000] {dag.py:3722} INFO - Setting next_dagrun for Online_Shopping_Dataset-v01.remove_unnecessary_columns to None, run_after=None
[2023-12-12T00:17:06.238+0000] {logging_mixin.py:154} INFO - [2023-12-12T00:17:06.238+0000] {dag.py:2941} INFO - Sync 6 DAGs
[2023-12-12T00:17:06.241+0000] {logging_mixin.py:154} INFO - [2023-12-12T00:17:06.241+0000] {dag.py:3722} INFO - Setting next_dagrun for Online_Shopping_Dataset-v01.create_dim_tables to None, run_after=None
[2023-12-12T00:17:06.241+0000] {logging_mixin.py:154} INFO - [2023-12-12T00:17:06.241+0000] {dag.py:3722} INFO - Setting next_dagrun for Online_Shopping_Dataset-v01.insert_fk_into_fact_table to None, run_after=None
[2023-12-12T00:17:06.241+0000] {logging_mixin.py:154} INFO - [2023-12-12T00:17:06.241+0000] {dag.py:3722} INFO - Setting next_dagrun for Online_Shopping_Dataset-v01.remove_replaced_dim_cols to None, run_after=None
[2023-12-12T00:17:06.242+0000] {logging_mixin.py:154} INFO - [2023-12-12T00:17:06.242+0000] {dag.py:3722} INFO - Setting next_dagrun for Online_Shopping_Dataset-v01.remove_samples_with_nulls to None, run_after=None
[2023-12-12T00:17:06.242+0000] {logging_mixin.py:154} INFO - [2023-12-12T00:17:06.242+0000] {dag.py:3722} INFO - Setting next_dagrun for Online_Shopping_Dataset-v01.remove_samples_with_outliers to None, run_after=None
[2023-12-12T00:17:06.242+0000] {logging_mixin.py:154} INFO - [2023-12-12T00:17:06.242+0000] {dag.py:3722} INFO - Setting next_dagrun for Online_Shopping_Dataset-v01.remove_unnecessary_columns to None, run_after=None
[2023-12-12T00:17:06.248+0000] {processor.py:179} INFO - Processing /opt/airflow/dags/Online_Shopping_Dataset.py took 0.393 seconds
[2023-12-12T00:17:36.346+0000] {processor.py:157} INFO - Started process (PID=1172) to work on /opt/airflow/dags/Online_Shopping_Dataset.py
[2023-12-12T00:17:36.346+0000] {processor.py:829} INFO - Processing file /opt/airflow/dags/Online_Shopping_Dataset.py for tasks to queue
[2023-12-12T00:17:36.347+0000] {logging_mixin.py:154} INFO - [2023-12-12T00:17:36.347+0000] {dagbag.py:536} INFO - Filling up the DagBag from /opt/airflow/dags/Online_Shopping_Dataset.py
[2023-12-12T00:17:36.630+0000] {processor.py:839} INFO - DAG(s) dict_keys(['Online_Shopping_Dataset-v01.remove_unnecessary_columns', 'Online_Shopping_Dataset-v01.remove_samples_with_outliers', 'Online_Shopping_Dataset-v01.remove_samples_with_nulls', 'Online_Shopping_Dataset-v01.create_dim_tables', 'Online_Shopping_Dataset-v01.insert_fk_into_fact_table', 'Online_Shopping_Dataset-v01.remove_replaced_dim_cols', 'Online_Shopping_Dataset-v01']) retrieved from /opt/airflow/dags/Online_Shopping_Dataset.py
[2023-12-12T00:17:36.685+0000] {logging_mixin.py:154} INFO - [2023-12-12T00:17:36.685+0000] {dag.py:2941} INFO - Sync 7 DAGs
[2023-12-12T00:17:36.694+0000] {logging_mixin.py:154} INFO - [2023-12-12T00:17:36.694+0000] {dag.py:3722} INFO - Setting next_dagrun for Online_Shopping_Dataset-v01 to None, run_after=None
[2023-12-12T00:17:36.696+0000] {logging_mixin.py:154} INFO - [2023-12-12T00:17:36.696+0000] {dag.py:3722} INFO - Setting next_dagrun for Online_Shopping_Dataset-v01.create_dim_tables to None, run_after=None
[2023-12-12T00:17:36.697+0000] {logging_mixin.py:154} INFO - [2023-12-12T00:17:36.697+0000] {dag.py:3722} INFO - Setting next_dagrun for Online_Shopping_Dataset-v01.insert_fk_into_fact_table to None, run_after=None
[2023-12-12T00:17:36.697+0000] {logging_mixin.py:154} INFO - [2023-12-12T00:17:36.697+0000] {dag.py:3722} INFO - Setting next_dagrun for Online_Shopping_Dataset-v01.remove_replaced_dim_cols to None, run_after=None
[2023-12-12T00:17:36.698+0000] {logging_mixin.py:154} INFO - [2023-12-12T00:17:36.698+0000] {dag.py:3722} INFO - Setting next_dagrun for Online_Shopping_Dataset-v01.remove_samples_with_nulls to None, run_after=None
[2023-12-12T00:17:36.698+0000] {logging_mixin.py:154} INFO - [2023-12-12T00:17:36.698+0000] {dag.py:3722} INFO - Setting next_dagrun for Online_Shopping_Dataset-v01.remove_samples_with_outliers to None, run_after=None
[2023-12-12T00:17:36.699+0000] {logging_mixin.py:154} INFO - [2023-12-12T00:17:36.699+0000] {dag.py:3722} INFO - Setting next_dagrun for Online_Shopping_Dataset-v01.remove_unnecessary_columns to None, run_after=None
[2023-12-12T00:17:36.703+0000] {logging_mixin.py:154} INFO - [2023-12-12T00:17:36.703+0000] {dag.py:2941} INFO - Sync 6 DAGs
[2023-12-12T00:17:36.705+0000] {logging_mixin.py:154} INFO - [2023-12-12T00:17:36.705+0000] {dag.py:3722} INFO - Setting next_dagrun for Online_Shopping_Dataset-v01.create_dim_tables to None, run_after=None
[2023-12-12T00:17:36.705+0000] {logging_mixin.py:154} INFO - [2023-12-12T00:17:36.705+0000] {dag.py:3722} INFO - Setting next_dagrun for Online_Shopping_Dataset-v01.insert_fk_into_fact_table to None, run_after=None
[2023-12-12T00:17:36.706+0000] {logging_mixin.py:154} INFO - [2023-12-12T00:17:36.706+0000] {dag.py:3722} INFO - Setting next_dagrun for Online_Shopping_Dataset-v01.remove_replaced_dim_cols to None, run_after=None
[2023-12-12T00:17:36.706+0000] {logging_mixin.py:154} INFO - [2023-12-12T00:17:36.706+0000] {dag.py:3722} INFO - Setting next_dagrun for Online_Shopping_Dataset-v01.remove_samples_with_nulls to None, run_after=None
[2023-12-12T00:17:36.706+0000] {logging_mixin.py:154} INFO - [2023-12-12T00:17:36.706+0000] {dag.py:3722} INFO - Setting next_dagrun for Online_Shopping_Dataset-v01.remove_samples_with_outliers to None, run_after=None
[2023-12-12T00:17:36.706+0000] {logging_mixin.py:154} INFO - [2023-12-12T00:17:36.706+0000] {dag.py:3722} INFO - Setting next_dagrun for Online_Shopping_Dataset-v01.remove_unnecessary_columns to None, run_after=None
[2023-12-12T00:17:36.711+0000] {processor.py:179} INFO - Processing /opt/airflow/dags/Online_Shopping_Dataset.py took 0.368 seconds
