[2023-12-19T04:50:47.596+0000] {processor.py:157} INFO - Started process (PID=191) to work on /opt/airflow/dags/create_star_schema_part_1.py
[2023-12-19T04:50:47.602+0000] {processor.py:829} INFO - Processing file /opt/airflow/dags/create_star_schema_part_1.py for tasks to queue
[2023-12-19T04:50:47.604+0000] {logging_mixin.py:154} INFO - [2023-12-19T04:50:47.604+0000] {dagbag.py:536} INFO - Filling up the DagBag from /opt/airflow/dags/create_star_schema_part_1.py
[2023-12-19T04:50:47.644+0000] {processor.py:841} WARNING - No viable dags retrieved from /opt/airflow/dags/create_star_schema_part_1.py
[2023-12-19T04:50:47.664+0000] {processor.py:179} INFO - Processing /opt/airflow/dags/create_star_schema_part_1.py took 0.072 seconds
[2023-12-19T04:51:18.680+0000] {processor.py:157} INFO - Started process (PID=233) to work on /opt/airflow/dags/create_star_schema_part_1.py
[2023-12-19T04:51:18.683+0000] {processor.py:829} INFO - Processing file /opt/airflow/dags/create_star_schema_part_1.py for tasks to queue
[2023-12-19T04:51:18.684+0000] {logging_mixin.py:154} INFO - [2023-12-19T04:51:18.684+0000] {dagbag.py:536} INFO - Filling up the DagBag from /opt/airflow/dags/create_star_schema_part_1.py
[2023-12-19T04:51:18.693+0000] {processor.py:841} WARNING - No viable dags retrieved from /opt/airflow/dags/create_star_schema_part_1.py
[2023-12-19T04:51:18.708+0000] {processor.py:179} INFO - Processing /opt/airflow/dags/create_star_schema_part_1.py took 0.034 seconds
[2023-12-19T04:51:49.142+0000] {processor.py:157} INFO - Started process (PID=275) to work on /opt/airflow/dags/create_star_schema_part_1.py
[2023-12-19T04:51:49.142+0000] {processor.py:829} INFO - Processing file /opt/airflow/dags/create_star_schema_part_1.py for tasks to queue
[2023-12-19T04:51:49.143+0000] {logging_mixin.py:154} INFO - [2023-12-19T04:51:49.143+0000] {dagbag.py:536} INFO - Filling up the DagBag from /opt/airflow/dags/create_star_schema_part_1.py
[2023-12-19T04:51:49.148+0000] {processor.py:841} WARNING - No viable dags retrieved from /opt/airflow/dags/create_star_schema_part_1.py
[2023-12-19T04:51:49.162+0000] {processor.py:179} INFO - Processing /opt/airflow/dags/create_star_schema_part_1.py took 0.023 seconds
[2023-12-19T04:52:19.465+0000] {processor.py:157} INFO - Started process (PID=318) to work on /opt/airflow/dags/create_star_schema_part_1.py
[2023-12-19T04:52:19.466+0000] {processor.py:829} INFO - Processing file /opt/airflow/dags/create_star_schema_part_1.py for tasks to queue
[2023-12-19T04:52:19.467+0000] {logging_mixin.py:154} INFO - [2023-12-19T04:52:19.466+0000] {dagbag.py:536} INFO - Filling up the DagBag from /opt/airflow/dags/create_star_schema_part_1.py
[2023-12-19T04:52:19.471+0000] {processor.py:841} WARNING - No viable dags retrieved from /opt/airflow/dags/create_star_schema_part_1.py
[2023-12-19T04:52:19.481+0000] {processor.py:179} INFO - Processing /opt/airflow/dags/create_star_schema_part_1.py took 0.018 seconds
[2023-12-19T04:52:50.001+0000] {processor.py:157} INFO - Started process (PID=360) to work on /opt/airflow/dags/create_star_schema_part_1.py
[2023-12-19T04:52:50.001+0000] {processor.py:829} INFO - Processing file /opt/airflow/dags/create_star_schema_part_1.py for tasks to queue
[2023-12-19T04:52:50.002+0000] {logging_mixin.py:154} INFO - [2023-12-19T04:52:50.002+0000] {dagbag.py:536} INFO - Filling up the DagBag from /opt/airflow/dags/create_star_schema_part_1.py
[2023-12-19T04:52:50.006+0000] {processor.py:841} WARNING - No viable dags retrieved from /opt/airflow/dags/create_star_schema_part_1.py
[2023-12-19T04:52:50.015+0000] {processor.py:179} INFO - Processing /opt/airflow/dags/create_star_schema_part_1.py took 0.017 seconds
[2023-12-19T04:53:20.519+0000] {processor.py:157} INFO - Started process (PID=401) to work on /opt/airflow/dags/create_star_schema_part_1.py
[2023-12-19T04:53:20.520+0000] {processor.py:829} INFO - Processing file /opt/airflow/dags/create_star_schema_part_1.py for tasks to queue
[2023-12-19T04:53:20.520+0000] {logging_mixin.py:154} INFO - [2023-12-19T04:53:20.520+0000] {dagbag.py:536} INFO - Filling up the DagBag from /opt/airflow/dags/create_star_schema_part_1.py
[2023-12-19T04:53:20.525+0000] {processor.py:841} WARNING - No viable dags retrieved from /opt/airflow/dags/create_star_schema_part_1.py
[2023-12-19T04:53:20.534+0000] {processor.py:179} INFO - Processing /opt/airflow/dags/create_star_schema_part_1.py took 0.018 seconds
[2023-12-19T04:53:50.909+0000] {processor.py:157} INFO - Started process (PID=443) to work on /opt/airflow/dags/create_star_schema_part_1.py
[2023-12-19T04:53:50.910+0000] {processor.py:829} INFO - Processing file /opt/airflow/dags/create_star_schema_part_1.py for tasks to queue
[2023-12-19T04:53:50.910+0000] {logging_mixin.py:154} INFO - [2023-12-19T04:53:50.910+0000] {dagbag.py:536} INFO - Filling up the DagBag from /opt/airflow/dags/create_star_schema_part_1.py
[2023-12-19T04:53:50.914+0000] {processor.py:841} WARNING - No viable dags retrieved from /opt/airflow/dags/create_star_schema_part_1.py
[2023-12-19T04:53:50.924+0000] {processor.py:179} INFO - Processing /opt/airflow/dags/create_star_schema_part_1.py took 0.016 seconds
[2023-12-19T04:54:21.282+0000] {processor.py:157} INFO - Started process (PID=499) to work on /opt/airflow/dags/create_star_schema_part_1.py
[2023-12-19T04:54:21.283+0000] {processor.py:829} INFO - Processing file /opt/airflow/dags/create_star_schema_part_1.py for tasks to queue
[2023-12-19T04:54:21.285+0000] {logging_mixin.py:154} INFO - [2023-12-19T04:54:21.284+0000] {dagbag.py:536} INFO - Filling up the DagBag from /opt/airflow/dags/create_star_schema_part_1.py
[2023-12-19T04:54:21.291+0000] {processor.py:841} WARNING - No viable dags retrieved from /opt/airflow/dags/create_star_schema_part_1.py
[2023-12-19T04:54:21.302+0000] {processor.py:179} INFO - Processing /opt/airflow/dags/create_star_schema_part_1.py took 0.023 seconds
[2023-12-19T04:54:51.723+0000] {processor.py:157} INFO - Started process (PID=541) to work on /opt/airflow/dags/create_star_schema_part_1.py
[2023-12-19T04:54:51.723+0000] {processor.py:829} INFO - Processing file /opt/airflow/dags/create_star_schema_part_1.py for tasks to queue
[2023-12-19T04:54:51.724+0000] {logging_mixin.py:154} INFO - [2023-12-19T04:54:51.724+0000] {dagbag.py:536} INFO - Filling up the DagBag from /opt/airflow/dags/create_star_schema_part_1.py
[2023-12-19T04:54:51.729+0000] {processor.py:841} WARNING - No viable dags retrieved from /opt/airflow/dags/create_star_schema_part_1.py
[2023-12-19T04:54:51.739+0000] {processor.py:179} INFO - Processing /opt/airflow/dags/create_star_schema_part_1.py took 0.018 seconds
[2023-12-19T04:55:22.118+0000] {processor.py:157} INFO - Started process (PID=595) to work on /opt/airflow/dags/create_star_schema_part_1.py
[2023-12-19T04:55:22.119+0000] {processor.py:829} INFO - Processing file /opt/airflow/dags/create_star_schema_part_1.py for tasks to queue
[2023-12-19T04:55:22.119+0000] {logging_mixin.py:154} INFO - [2023-12-19T04:55:22.119+0000] {dagbag.py:536} INFO - Filling up the DagBag from /opt/airflow/dags/create_star_schema_part_1.py
[2023-12-19T04:55:22.124+0000] {processor.py:841} WARNING - No viable dags retrieved from /opt/airflow/dags/create_star_schema_part_1.py
[2023-12-19T04:55:22.134+0000] {processor.py:179} INFO - Processing /opt/airflow/dags/create_star_schema_part_1.py took 0.018 seconds
[2023-12-19T04:55:52.569+0000] {processor.py:157} INFO - Started process (PID=637) to work on /opt/airflow/dags/create_star_schema_part_1.py
[2023-12-19T04:55:52.570+0000] {processor.py:829} INFO - Processing file /opt/airflow/dags/create_star_schema_part_1.py for tasks to queue
[2023-12-19T04:55:52.570+0000] {logging_mixin.py:154} INFO - [2023-12-19T04:55:52.570+0000] {dagbag.py:536} INFO - Filling up the DagBag from /opt/airflow/dags/create_star_schema_part_1.py
[2023-12-19T04:55:52.575+0000] {processor.py:841} WARNING - No viable dags retrieved from /opt/airflow/dags/create_star_schema_part_1.py
[2023-12-19T04:55:52.585+0000] {processor.py:179} INFO - Processing /opt/airflow/dags/create_star_schema_part_1.py took 0.018 seconds
[2023-12-19T04:56:22.914+0000] {processor.py:157} INFO - Started process (PID=679) to work on /opt/airflow/dags/create_star_schema_part_1.py
[2023-12-19T04:56:22.914+0000] {processor.py:829} INFO - Processing file /opt/airflow/dags/create_star_schema_part_1.py for tasks to queue
[2023-12-19T04:56:22.915+0000] {logging_mixin.py:154} INFO - [2023-12-19T04:56:22.915+0000] {dagbag.py:536} INFO - Filling up the DagBag from /opt/airflow/dags/create_star_schema_part_1.py
[2023-12-19T04:56:22.919+0000] {processor.py:841} WARNING - No viable dags retrieved from /opt/airflow/dags/create_star_schema_part_1.py
[2023-12-19T04:56:22.929+0000] {processor.py:179} INFO - Processing /opt/airflow/dags/create_star_schema_part_1.py took 0.017 seconds
[2023-12-19T04:56:53.334+0000] {processor.py:157} INFO - Started process (PID=721) to work on /opt/airflow/dags/create_star_schema_part_1.py
[2023-12-19T04:56:53.335+0000] {processor.py:829} INFO - Processing file /opt/airflow/dags/create_star_schema_part_1.py for tasks to queue
[2023-12-19T04:56:53.335+0000] {logging_mixin.py:154} INFO - [2023-12-19T04:56:53.335+0000] {dagbag.py:536} INFO - Filling up the DagBag from /opt/airflow/dags/create_star_schema_part_1.py
[2023-12-19T04:56:53.339+0000] {processor.py:841} WARNING - No viable dags retrieved from /opt/airflow/dags/create_star_schema_part_1.py
[2023-12-19T04:56:53.348+0000] {processor.py:179} INFO - Processing /opt/airflow/dags/create_star_schema_part_1.py took 0.016 seconds
[2023-12-19T04:57:24.017+0000] {processor.py:157} INFO - Started process (PID=775) to work on /opt/airflow/dags/create_star_schema_part_1.py
[2023-12-19T04:57:24.018+0000] {processor.py:829} INFO - Processing file /opt/airflow/dags/create_star_schema_part_1.py for tasks to queue
[2023-12-19T04:57:24.018+0000] {logging_mixin.py:154} INFO - [2023-12-19T04:57:24.018+0000] {dagbag.py:536} INFO - Filling up the DagBag from /opt/airflow/dags/create_star_schema_part_1.py
[2023-12-19T04:57:24.022+0000] {processor.py:841} WARNING - No viable dags retrieved from /opt/airflow/dags/create_star_schema_part_1.py
[2023-12-19T04:57:24.032+0000] {processor.py:179} INFO - Processing /opt/airflow/dags/create_star_schema_part_1.py took 0.017 seconds
[2023-12-19T04:57:54.531+0000] {processor.py:157} INFO - Started process (PID=817) to work on /opt/airflow/dags/create_star_schema_part_1.py
[2023-12-19T04:57:54.531+0000] {processor.py:829} INFO - Processing file /opt/airflow/dags/create_star_schema_part_1.py for tasks to queue
[2023-12-19T04:57:54.532+0000] {logging_mixin.py:154} INFO - [2023-12-19T04:57:54.532+0000] {dagbag.py:536} INFO - Filling up the DagBag from /opt/airflow/dags/create_star_schema_part_1.py
[2023-12-19T04:57:54.536+0000] {processor.py:841} WARNING - No viable dags retrieved from /opt/airflow/dags/create_star_schema_part_1.py
[2023-12-19T04:57:54.547+0000] {processor.py:179} INFO - Processing /opt/airflow/dags/create_star_schema_part_1.py took 0.018 seconds
[2023-12-19T04:58:25.000+0000] {processor.py:157} INFO - Started process (PID=865) to work on /opt/airflow/dags/create_star_schema_part_1.py
[2023-12-19T04:58:25.001+0000] {processor.py:829} INFO - Processing file /opt/airflow/dags/create_star_schema_part_1.py for tasks to queue
[2023-12-19T04:58:25.002+0000] {logging_mixin.py:154} INFO - [2023-12-19T04:58:25.002+0000] {dagbag.py:536} INFO - Filling up the DagBag from /opt/airflow/dags/create_star_schema_part_1.py
[2023-12-19T04:58:25.006+0000] {processor.py:841} WARNING - No viable dags retrieved from /opt/airflow/dags/create_star_schema_part_1.py
[2023-12-19T04:58:25.015+0000] {processor.py:179} INFO - Processing /opt/airflow/dags/create_star_schema_part_1.py took 0.017 seconds
[2023-12-19T04:58:55.492+0000] {processor.py:157} INFO - Started process (PID=907) to work on /opt/airflow/dags/create_star_schema_part_1.py
[2023-12-19T04:58:55.493+0000] {processor.py:829} INFO - Processing file /opt/airflow/dags/create_star_schema_part_1.py for tasks to queue
[2023-12-19T04:58:55.494+0000] {logging_mixin.py:154} INFO - [2023-12-19T04:58:55.494+0000] {dagbag.py:536} INFO - Filling up the DagBag from /opt/airflow/dags/create_star_schema_part_1.py
[2023-12-19T04:58:55.498+0000] {processor.py:841} WARNING - No viable dags retrieved from /opt/airflow/dags/create_star_schema_part_1.py
[2023-12-19T04:58:55.508+0000] {processor.py:179} INFO - Processing /opt/airflow/dags/create_star_schema_part_1.py took 0.018 seconds
[2023-12-19T04:59:25.926+0000] {processor.py:157} INFO - Started process (PID=965) to work on /opt/airflow/dags/create_star_schema_part_1.py
[2023-12-19T04:59:25.927+0000] {processor.py:829} INFO - Processing file /opt/airflow/dags/create_star_schema_part_1.py for tasks to queue
[2023-12-19T04:59:25.927+0000] {logging_mixin.py:154} INFO - [2023-12-19T04:59:25.927+0000] {dagbag.py:536} INFO - Filling up the DagBag from /opt/airflow/dags/create_star_schema_part_1.py
[2023-12-19T04:59:25.931+0000] {processor.py:841} WARNING - No viable dags retrieved from /opt/airflow/dags/create_star_schema_part_1.py
[2023-12-19T04:59:25.941+0000] {processor.py:179} INFO - Processing /opt/airflow/dags/create_star_schema_part_1.py took 0.018 seconds
[2023-12-19T04:59:56.306+0000] {processor.py:157} INFO - Started process (PID=1007) to work on /opt/airflow/dags/create_star_schema_part_1.py
[2023-12-19T04:59:56.307+0000] {processor.py:829} INFO - Processing file /opt/airflow/dags/create_star_schema_part_1.py for tasks to queue
[2023-12-19T04:59:56.307+0000] {logging_mixin.py:154} INFO - [2023-12-19T04:59:56.307+0000] {dagbag.py:536} INFO - Filling up the DagBag from /opt/airflow/dags/create_star_schema_part_1.py
[2023-12-19T04:59:56.311+0000] {processor.py:841} WARNING - No viable dags retrieved from /opt/airflow/dags/create_star_schema_part_1.py
[2023-12-19T04:59:56.322+0000] {processor.py:179} INFO - Processing /opt/airflow/dags/create_star_schema_part_1.py took 0.018 seconds
[2023-12-19T05:00:26.713+0000] {processor.py:157} INFO - Started process (PID=1065) to work on /opt/airflow/dags/create_star_schema_part_1.py
[2023-12-19T05:00:26.714+0000] {processor.py:829} INFO - Processing file /opt/airflow/dags/create_star_schema_part_1.py for tasks to queue
[2023-12-19T05:00:26.714+0000] {logging_mixin.py:154} INFO - [2023-12-19T05:00:26.714+0000] {dagbag.py:536} INFO - Filling up the DagBag from /opt/airflow/dags/create_star_schema_part_1.py
[2023-12-19T05:00:26.718+0000] {processor.py:841} WARNING - No viable dags retrieved from /opt/airflow/dags/create_star_schema_part_1.py
[2023-12-19T05:00:26.728+0000] {processor.py:179} INFO - Processing /opt/airflow/dags/create_star_schema_part_1.py took 0.017 seconds
[2023-12-19T05:00:57.200+0000] {processor.py:157} INFO - Started process (PID=1107) to work on /opt/airflow/dags/create_star_schema_part_1.py
[2023-12-19T05:00:57.201+0000] {processor.py:829} INFO - Processing file /opt/airflow/dags/create_star_schema_part_1.py for tasks to queue
[2023-12-19T05:00:57.201+0000] {logging_mixin.py:154} INFO - [2023-12-19T05:00:57.201+0000] {dagbag.py:536} INFO - Filling up the DagBag from /opt/airflow/dags/create_star_schema_part_1.py
[2023-12-19T05:00:57.206+0000] {processor.py:841} WARNING - No viable dags retrieved from /opt/airflow/dags/create_star_schema_part_1.py
[2023-12-19T05:00:57.217+0000] {processor.py:179} INFO - Processing /opt/airflow/dags/create_star_schema_part_1.py took 0.018 seconds
[2023-12-19T05:01:27.605+0000] {processor.py:157} INFO - Started process (PID=1151) to work on /opt/airflow/dags/create_star_schema_part_1.py
[2023-12-19T05:01:27.606+0000] {processor.py:829} INFO - Processing file /opt/airflow/dags/create_star_schema_part_1.py for tasks to queue
[2023-12-19T05:01:27.607+0000] {logging_mixin.py:154} INFO - [2023-12-19T05:01:27.607+0000] {dagbag.py:536} INFO - Filling up the DagBag from /opt/airflow/dags/create_star_schema_part_1.py
[2023-12-19T05:01:27.611+0000] {processor.py:841} WARNING - No viable dags retrieved from /opt/airflow/dags/create_star_schema_part_1.py
[2023-12-19T05:01:27.621+0000] {processor.py:179} INFO - Processing /opt/airflow/dags/create_star_schema_part_1.py took 0.018 seconds
[2023-12-19T05:01:58.049+0000] {processor.py:157} INFO - Started process (PID=1193) to work on /opt/airflow/dags/create_star_schema_part_1.py
[2023-12-19T05:01:58.050+0000] {processor.py:829} INFO - Processing file /opt/airflow/dags/create_star_schema_part_1.py for tasks to queue
[2023-12-19T05:01:58.050+0000] {logging_mixin.py:154} INFO - [2023-12-19T05:01:58.050+0000] {dagbag.py:536} INFO - Filling up the DagBag from /opt/airflow/dags/create_star_schema_part_1.py
[2023-12-19T05:01:58.054+0000] {processor.py:841} WARNING - No viable dags retrieved from /opt/airflow/dags/create_star_schema_part_1.py
[2023-12-19T05:01:58.063+0000] {processor.py:179} INFO - Processing /opt/airflow/dags/create_star_schema_part_1.py took 0.016 seconds
[2023-12-19T05:02:28.515+0000] {processor.py:157} INFO - Started process (PID=1235) to work on /opt/airflow/dags/create_star_schema_part_1.py
[2023-12-19T05:02:28.516+0000] {processor.py:829} INFO - Processing file /opt/airflow/dags/create_star_schema_part_1.py for tasks to queue
[2023-12-19T05:02:28.516+0000] {logging_mixin.py:154} INFO - [2023-12-19T05:02:28.516+0000] {dagbag.py:536} INFO - Filling up the DagBag from /opt/airflow/dags/create_star_schema_part_1.py
[2023-12-19T05:02:28.520+0000] {processor.py:841} WARNING - No viable dags retrieved from /opt/airflow/dags/create_star_schema_part_1.py
[2023-12-19T05:02:28.530+0000] {processor.py:179} INFO - Processing /opt/airflow/dags/create_star_schema_part_1.py took 0.018 seconds
[2023-12-19T05:02:58.949+0000] {processor.py:157} INFO - Started process (PID=1277) to work on /opt/airflow/dags/create_star_schema_part_1.py
[2023-12-19T05:02:58.950+0000] {processor.py:829} INFO - Processing file /opt/airflow/dags/create_star_schema_part_1.py for tasks to queue
[2023-12-19T05:02:58.951+0000] {logging_mixin.py:154} INFO - [2023-12-19T05:02:58.950+0000] {dagbag.py:536} INFO - Filling up the DagBag from /opt/airflow/dags/create_star_schema_part_1.py
[2023-12-19T05:02:58.955+0000] {processor.py:841} WARNING - No viable dags retrieved from /opt/airflow/dags/create_star_schema_part_1.py
[2023-12-19T05:02:58.964+0000] {processor.py:179} INFO - Processing /opt/airflow/dags/create_star_schema_part_1.py took 0.017 seconds
[2023-12-19T05:03:29.359+0000] {processor.py:157} INFO - Started process (PID=1319) to work on /opt/airflow/dags/create_star_schema_part_1.py
[2023-12-19T05:03:29.360+0000] {processor.py:829} INFO - Processing file /opt/airflow/dags/create_star_schema_part_1.py for tasks to queue
[2023-12-19T05:03:29.360+0000] {logging_mixin.py:154} INFO - [2023-12-19T05:03:29.360+0000] {dagbag.py:536} INFO - Filling up the DagBag from /opt/airflow/dags/create_star_schema_part_1.py
[2023-12-19T05:03:29.365+0000] {processor.py:841} WARNING - No viable dags retrieved from /opt/airflow/dags/create_star_schema_part_1.py
[2023-12-19T05:03:29.375+0000] {processor.py:179} INFO - Processing /opt/airflow/dags/create_star_schema_part_1.py took 0.018 seconds
[2023-12-19T05:03:59.795+0000] {processor.py:157} INFO - Started process (PID=1361) to work on /opt/airflow/dags/create_star_schema_part_1.py
[2023-12-19T05:03:59.795+0000] {processor.py:829} INFO - Processing file /opt/airflow/dags/create_star_schema_part_1.py for tasks to queue
[2023-12-19T05:03:59.796+0000] {logging_mixin.py:154} INFO - [2023-12-19T05:03:59.796+0000] {dagbag.py:536} INFO - Filling up the DagBag from /opt/airflow/dags/create_star_schema_part_1.py
[2023-12-19T05:03:59.800+0000] {processor.py:841} WARNING - No viable dags retrieved from /opt/airflow/dags/create_star_schema_part_1.py
[2023-12-19T05:03:59.810+0000] {processor.py:179} INFO - Processing /opt/airflow/dags/create_star_schema_part_1.py took 0.018 seconds
[2023-12-19T05:04:30.282+0000] {processor.py:157} INFO - Started process (PID=1419) to work on /opt/airflow/dags/create_star_schema_part_1.py
[2023-12-19T05:04:30.282+0000] {processor.py:829} INFO - Processing file /opt/airflow/dags/create_star_schema_part_1.py for tasks to queue
[2023-12-19T05:04:30.283+0000] {logging_mixin.py:154} INFO - [2023-12-19T05:04:30.283+0000] {dagbag.py:536} INFO - Filling up the DagBag from /opt/airflow/dags/create_star_schema_part_1.py
[2023-12-19T05:04:30.287+0000] {processor.py:841} WARNING - No viable dags retrieved from /opt/airflow/dags/create_star_schema_part_1.py
[2023-12-19T05:04:30.296+0000] {processor.py:179} INFO - Processing /opt/airflow/dags/create_star_schema_part_1.py took 0.016 seconds
[2023-12-19T05:05:00.657+0000] {processor.py:157} INFO - Started process (PID=1461) to work on /opt/airflow/dags/create_star_schema_part_1.py
[2023-12-19T05:05:00.658+0000] {processor.py:829} INFO - Processing file /opt/airflow/dags/create_star_schema_part_1.py for tasks to queue
[2023-12-19T05:05:00.658+0000] {logging_mixin.py:154} INFO - [2023-12-19T05:05:00.658+0000] {dagbag.py:536} INFO - Filling up the DagBag from /opt/airflow/dags/create_star_schema_part_1.py
[2023-12-19T05:05:00.662+0000] {processor.py:841} WARNING - No viable dags retrieved from /opt/airflow/dags/create_star_schema_part_1.py
[2023-12-19T05:05:00.671+0000] {processor.py:179} INFO - Processing /opt/airflow/dags/create_star_schema_part_1.py took 0.017 seconds
