[2023-12-19T23:01:22.326+0000] {taskinstance.py:1159} INFO - Dependencies all met for dep_context=non-requeueable deps ti=<TaskInstance: hosp_insur_claim_fraud-v01.create_dim_tables.create_dim_admission_type_table scheduled__2023-12-01T00:00:00+00:00 [queued]>
[2023-12-19T23:01:22.349+0000] {taskinstance.py:1159} INFO - Dependencies all met for dep_context=requeueable deps ti=<TaskInstance: hosp_insur_claim_fraud-v01.create_dim_tables.create_dim_admission_type_table scheduled__2023-12-01T00:00:00+00:00 [queued]>
[2023-12-19T23:01:22.351+0000] {taskinstance.py:1361} INFO - Starting attempt 1 of 6
[2023-12-19T23:01:22.370+0000] {taskinstance.py:1382} INFO - Executing <Task(PostgresOperator): create_dim_admission_type_table> on 2023-12-01 00:00:00+00:00
[2023-12-19T23:01:22.381+0000] {standard_task_runner.py:57} INFO - Started process 3598 to run task
[2023-12-19T23:01:22.392+0000] {standard_task_runner.py:84} INFO - Running: ['***', 'tasks', 'run', 'hosp_insur_claim_fraud-v01.create_dim_tables', 'create_dim_admission_type_table', 'scheduled__2023-12-01T00:00:00+00:00', '--job-id', '26', '--raw', '--subdir', 'DAGS_FOLDER/Hospital_Insurance_Claim_Fraud.py', '--cfg-path', '/tmp/tmp88yr79fc']
[2023-12-19T23:01:22.407+0000] {standard_task_runner.py:85} INFO - Job 26: Subtask create_dim_admission_type_table
[2023-12-19T23:01:22.635+0000] {task_command.py:416} INFO - Running <TaskInstance: hosp_insur_claim_fraud-v01.create_dim_tables.create_dim_admission_type_table scheduled__2023-12-01T00:00:00+00:00 [running]> on host 183042dfa495
[2023-12-19T23:01:22.825+0000] {taskinstance.py:1662} INFO - Exporting env vars: AIRFLOW_CTX_DAG_OWNER='dunnbc22' AIRFLOW_CTX_DAG_ID='hosp_insur_claim_fraud-v01.create_dim_tables' AIRFLOW_CTX_TASK_ID='create_dim_admission_type_table' AIRFLOW_CTX_EXECUTION_DATE='2023-12-01T00:00:00+00:00' AIRFLOW_CTX_TRY_NUMBER='1' AIRFLOW_CTX_DAG_RUN_ID='scheduled__2023-12-01T00:00:00+00:00'
[2023-12-19T23:01:22.832+0000] {sql.py:274} INFO - Executing: -- params: table_name, dimension_col, data_type

-- Step 1: Extract Unique Values
CREATE TEMPORARY TABLE unique_values_admission_type AS
SELECT DISTINCT admission_type FROM hosp_insur_claim_fraud_pipeline;

-- Step 2: Create Dimension Table
DROP TABLE IF EXISTS dimension_table_admission_type;
CREATE TABLE dimension_table_admission_type (
    id SERIAL PRIMARY KEY,
    admission_type VARCHAR
);

-- Step 3: Insert unique values into dimension table
INSERT INTO dimension_table_admission_type (admission_type)
SELECT * FROM unique_values_admission_type;
[2023-12-19T23:01:22.844+0000] {base.py:73} INFO - Using connection ID 'postgres_conn' for task execution.
[2023-12-19T23:01:22.866+0000] {base.py:73} INFO - Using connection ID 'postgres_conn' for task execution.
[2023-12-19T23:01:22.888+0000] {sql.py:418} INFO - Running statement: -- params: table_name, dimension_col, data_type

-- Step 1: Extract Unique Values
CREATE TEMPORARY TABLE unique_values_admission_type AS
SELECT DISTINCT admission_type FROM hosp_insur_claim_fraud_pipeline;

-- Step 2: Create Dimension Table
DROP TABLE IF EXISTS dimension_table_admission_type;
CREATE TABLE dimension_table_admission_type (
    id SERIAL PRIMARY KEY,
    admission_type VARCHAR
);

-- Step 3: Insert unique values into dimension table
INSERT INTO dimension_table_admission_type (admission_type)
SELECT * FROM unique_values_admission_type;, parameters: None
[2023-12-19T23:01:23.189+0000] {sql.py:427} INFO - Rows affected: 6
[2023-12-19T23:01:23.209+0000] {taskinstance.py:1400} INFO - Marking task as SUCCESS. dag_id=hosp_insur_claim_fraud-v01.create_dim_tables, task_id=create_dim_admission_type_table, execution_date=20231201T000000, start_date=20231219T230122, end_date=20231219T230123
[2023-12-19T23:01:23.238+0000] {local_task_job_runner.py:228} INFO - Task exited with return code 0
[2023-12-19T23:01:23.278+0000] {taskinstance.py:2778} INFO - 0 downstream tasks scheduled from follow-on schedule check
