[2023-12-20T03:06:55.000+0000] {processor.py:157} INFO - Started process (PID=186) to work on /opt/airflow/dags/clean_up_after_star_schema_creation.py
[2023-12-20T03:06:55.001+0000] {processor.py:829} INFO - Processing file /opt/airflow/dags/clean_up_after_star_schema_creation.py for tasks to queue
[2023-12-20T03:06:55.002+0000] {logging_mixin.py:154} INFO - [2023-12-20T03:06:55.002+0000] {dagbag.py:536} INFO - Filling up the DagBag from /opt/airflow/dags/clean_up_after_star_schema_creation.py
[2023-12-20T03:06:55.007+0000] {processor.py:841} WARNING - No viable dags retrieved from /opt/airflow/dags/clean_up_after_star_schema_creation.py
[2023-12-20T03:06:55.020+0000] {processor.py:179} INFO - Processing /opt/airflow/dags/clean_up_after_star_schema_creation.py took 0.022 seconds
[2023-12-20T03:07:26.242+0000] {processor.py:157} INFO - Started process (PID=228) to work on /opt/airflow/dags/clean_up_after_star_schema_creation.py
[2023-12-20T03:07:26.243+0000] {processor.py:829} INFO - Processing file /opt/airflow/dags/clean_up_after_star_schema_creation.py for tasks to queue
[2023-12-20T03:07:26.244+0000] {logging_mixin.py:154} INFO - [2023-12-20T03:07:26.244+0000] {dagbag.py:536} INFO - Filling up the DagBag from /opt/airflow/dags/clean_up_after_star_schema_creation.py
[2023-12-20T03:07:26.258+0000] {processor.py:841} WARNING - No viable dags retrieved from /opt/airflow/dags/clean_up_after_star_schema_creation.py
[2023-12-20T03:07:26.282+0000] {processor.py:179} INFO - Processing /opt/airflow/dags/clean_up_after_star_schema_creation.py took 0.043 seconds
[2023-12-20T03:07:56.706+0000] {processor.py:157} INFO - Started process (PID=270) to work on /opt/airflow/dags/clean_up_after_star_schema_creation.py
[2023-12-20T03:07:56.707+0000] {processor.py:829} INFO - Processing file /opt/airflow/dags/clean_up_after_star_schema_creation.py for tasks to queue
[2023-12-20T03:07:56.707+0000] {logging_mixin.py:154} INFO - [2023-12-20T03:07:56.707+0000] {dagbag.py:536} INFO - Filling up the DagBag from /opt/airflow/dags/clean_up_after_star_schema_creation.py
[2023-12-20T03:07:56.711+0000] {processor.py:841} WARNING - No viable dags retrieved from /opt/airflow/dags/clean_up_after_star_schema_creation.py
[2023-12-20T03:07:56.722+0000] {processor.py:179} INFO - Processing /opt/airflow/dags/clean_up_after_star_schema_creation.py took 0.019 seconds
[2023-12-20T03:08:27.018+0000] {processor.py:157} INFO - Started process (PID=314) to work on /opt/airflow/dags/clean_up_after_star_schema_creation.py
[2023-12-20T03:08:27.019+0000] {processor.py:829} INFO - Processing file /opt/airflow/dags/clean_up_after_star_schema_creation.py for tasks to queue
[2023-12-20T03:08:27.019+0000] {logging_mixin.py:154} INFO - [2023-12-20T03:08:27.019+0000] {dagbag.py:536} INFO - Filling up the DagBag from /opt/airflow/dags/clean_up_after_star_schema_creation.py
[2023-12-20T03:08:27.024+0000] {processor.py:841} WARNING - No viable dags retrieved from /opt/airflow/dags/clean_up_after_star_schema_creation.py
[2023-12-20T03:08:27.034+0000] {processor.py:179} INFO - Processing /opt/airflow/dags/clean_up_after_star_schema_creation.py took 0.018 seconds
[2023-12-20T03:08:57.523+0000] {processor.py:157} INFO - Started process (PID=354) to work on /opt/airflow/dags/clean_up_after_star_schema_creation.py
[2023-12-20T03:08:57.524+0000] {processor.py:829} INFO - Processing file /opt/airflow/dags/clean_up_after_star_schema_creation.py for tasks to queue
[2023-12-20T03:08:57.525+0000] {logging_mixin.py:154} INFO - [2023-12-20T03:08:57.524+0000] {dagbag.py:536} INFO - Filling up the DagBag from /opt/airflow/dags/clean_up_after_star_schema_creation.py
[2023-12-20T03:08:57.529+0000] {processor.py:841} WARNING - No viable dags retrieved from /opt/airflow/dags/clean_up_after_star_schema_creation.py
[2023-12-20T03:08:57.539+0000] {processor.py:179} INFO - Processing /opt/airflow/dags/clean_up_after_star_schema_creation.py took 0.018 seconds
[2023-12-20T03:09:28.005+0000] {processor.py:157} INFO - Started process (PID=401) to work on /opt/airflow/dags/clean_up_after_star_schema_creation.py
[2023-12-20T03:09:28.006+0000] {processor.py:829} INFO - Processing file /opt/airflow/dags/clean_up_after_star_schema_creation.py for tasks to queue
[2023-12-20T03:09:28.007+0000] {logging_mixin.py:154} INFO - [2023-12-20T03:09:28.006+0000] {dagbag.py:536} INFO - Filling up the DagBag from /opt/airflow/dags/clean_up_after_star_schema_creation.py
[2023-12-20T03:09:28.010+0000] {processor.py:841} WARNING - No viable dags retrieved from /opt/airflow/dags/clean_up_after_star_schema_creation.py
[2023-12-20T03:09:28.020+0000] {processor.py:179} INFO - Processing /opt/airflow/dags/clean_up_after_star_schema_creation.py took 0.017 seconds
[2023-12-20T03:09:58.473+0000] {processor.py:157} INFO - Started process (PID=446) to work on /opt/airflow/dags/clean_up_after_star_schema_creation.py
[2023-12-20T03:09:58.474+0000] {processor.py:829} INFO - Processing file /opt/airflow/dags/clean_up_after_star_schema_creation.py for tasks to queue
[2023-12-20T03:09:58.474+0000] {logging_mixin.py:154} INFO - [2023-12-20T03:09:58.474+0000] {dagbag.py:536} INFO - Filling up the DagBag from /opt/airflow/dags/clean_up_after_star_schema_creation.py
[2023-12-20T03:09:58.478+0000] {processor.py:841} WARNING - No viable dags retrieved from /opt/airflow/dags/clean_up_after_star_schema_creation.py
[2023-12-20T03:09:58.488+0000] {processor.py:179} INFO - Processing /opt/airflow/dags/clean_up_after_star_schema_creation.py took 0.017 seconds
[2023-12-20T03:10:28.901+0000] {processor.py:157} INFO - Started process (PID=492) to work on /opt/airflow/dags/clean_up_after_star_schema_creation.py
[2023-12-20T03:10:28.902+0000] {processor.py:829} INFO - Processing file /opt/airflow/dags/clean_up_after_star_schema_creation.py for tasks to queue
[2023-12-20T03:10:28.902+0000] {logging_mixin.py:154} INFO - [2023-12-20T03:10:28.902+0000] {dagbag.py:536} INFO - Filling up the DagBag from /opt/airflow/dags/clean_up_after_star_schema_creation.py
[2023-12-20T03:10:28.907+0000] {processor.py:841} WARNING - No viable dags retrieved from /opt/airflow/dags/clean_up_after_star_schema_creation.py
[2023-12-20T03:10:28.921+0000] {processor.py:179} INFO - Processing /opt/airflow/dags/clean_up_after_star_schema_creation.py took 0.023 seconds
[2023-12-20T03:10:59.390+0000] {processor.py:157} INFO - Started process (PID=550) to work on /opt/airflow/dags/clean_up_after_star_schema_creation.py
[2023-12-20T03:10:59.391+0000] {processor.py:829} INFO - Processing file /opt/airflow/dags/clean_up_after_star_schema_creation.py for tasks to queue
[2023-12-20T03:10:59.391+0000] {logging_mixin.py:154} INFO - [2023-12-20T03:10:59.391+0000] {dagbag.py:536} INFO - Filling up the DagBag from /opt/airflow/dags/clean_up_after_star_schema_creation.py
[2023-12-20T03:10:59.395+0000] {processor.py:841} WARNING - No viable dags retrieved from /opt/airflow/dags/clean_up_after_star_schema_creation.py
[2023-12-20T03:10:59.405+0000] {processor.py:179} INFO - Processing /opt/airflow/dags/clean_up_after_star_schema_creation.py took 0.017 seconds
[2023-12-20T03:11:29.826+0000] {processor.py:157} INFO - Started process (PID=593) to work on /opt/airflow/dags/clean_up_after_star_schema_creation.py
[2023-12-20T03:11:29.826+0000] {processor.py:829} INFO - Processing file /opt/airflow/dags/clean_up_after_star_schema_creation.py for tasks to queue
[2023-12-20T03:11:29.827+0000] {logging_mixin.py:154} INFO - [2023-12-20T03:11:29.827+0000] {dagbag.py:536} INFO - Filling up the DagBag from /opt/airflow/dags/clean_up_after_star_schema_creation.py
[2023-12-20T03:11:29.831+0000] {processor.py:841} WARNING - No viable dags retrieved from /opt/airflow/dags/clean_up_after_star_schema_creation.py
[2023-12-20T03:11:29.841+0000] {processor.py:179} INFO - Processing /opt/airflow/dags/clean_up_after_star_schema_creation.py took 0.017 seconds
[2023-12-20T03:12:00.271+0000] {processor.py:157} INFO - Started process (PID=636) to work on /opt/airflow/dags/clean_up_after_star_schema_creation.py
[2023-12-20T03:12:00.271+0000] {processor.py:829} INFO - Processing file /opt/airflow/dags/clean_up_after_star_schema_creation.py for tasks to queue
[2023-12-20T03:12:00.272+0000] {logging_mixin.py:154} INFO - [2023-12-20T03:12:00.272+0000] {dagbag.py:536} INFO - Filling up the DagBag from /opt/airflow/dags/clean_up_after_star_schema_creation.py
[2023-12-20T03:12:00.276+0000] {processor.py:841} WARNING - No viable dags retrieved from /opt/airflow/dags/clean_up_after_star_schema_creation.py
[2023-12-20T03:12:00.285+0000] {processor.py:179} INFO - Processing /opt/airflow/dags/clean_up_after_star_schema_creation.py took 0.017 seconds
[2023-12-20T03:12:30.623+0000] {processor.py:157} INFO - Started process (PID=679) to work on /opt/airflow/dags/clean_up_after_star_schema_creation.py
[2023-12-20T03:12:30.624+0000] {processor.py:829} INFO - Processing file /opt/airflow/dags/clean_up_after_star_schema_creation.py for tasks to queue
[2023-12-20T03:12:30.624+0000] {logging_mixin.py:154} INFO - [2023-12-20T03:12:30.624+0000] {dagbag.py:536} INFO - Filling up the DagBag from /opt/airflow/dags/clean_up_after_star_schema_creation.py
[2023-12-20T03:12:30.628+0000] {processor.py:841} WARNING - No viable dags retrieved from /opt/airflow/dags/clean_up_after_star_schema_creation.py
[2023-12-20T03:12:30.638+0000] {processor.py:179} INFO - Processing /opt/airflow/dags/clean_up_after_star_schema_creation.py took 0.017 seconds
[2023-12-20T03:13:01.042+0000] {processor.py:157} INFO - Started process (PID=728) to work on /opt/airflow/dags/clean_up_after_star_schema_creation.py
[2023-12-20T03:13:01.043+0000] {processor.py:829} INFO - Processing file /opt/airflow/dags/clean_up_after_star_schema_creation.py for tasks to queue
[2023-12-20T03:13:01.044+0000] {logging_mixin.py:154} INFO - [2023-12-20T03:13:01.044+0000] {dagbag.py:536} INFO - Filling up the DagBag from /opt/airflow/dags/clean_up_after_star_schema_creation.py
[2023-12-20T03:13:01.049+0000] {processor.py:841} WARNING - No viable dags retrieved from /opt/airflow/dags/clean_up_after_star_schema_creation.py
[2023-12-20T03:13:01.059+0000] {processor.py:179} INFO - Processing /opt/airflow/dags/clean_up_after_star_schema_creation.py took 0.020 seconds
[2023-12-20T03:13:31.462+0000] {processor.py:157} INFO - Started process (PID=771) to work on /opt/airflow/dags/clean_up_after_star_schema_creation.py
[2023-12-20T03:13:31.462+0000] {processor.py:829} INFO - Processing file /opt/airflow/dags/clean_up_after_star_schema_creation.py for tasks to queue
[2023-12-20T03:13:31.463+0000] {logging_mixin.py:154} INFO - [2023-12-20T03:13:31.463+0000] {dagbag.py:536} INFO - Filling up the DagBag from /opt/airflow/dags/clean_up_after_star_schema_creation.py
[2023-12-20T03:13:31.467+0000] {processor.py:841} WARNING - No viable dags retrieved from /opt/airflow/dags/clean_up_after_star_schema_creation.py
[2023-12-20T03:13:31.477+0000] {processor.py:179} INFO - Processing /opt/airflow/dags/clean_up_after_star_schema_creation.py took 0.017 seconds
[2023-12-20T03:14:01.884+0000] {processor.py:157} INFO - Started process (PID=814) to work on /opt/airflow/dags/clean_up_after_star_schema_creation.py
[2023-12-20T03:14:01.885+0000] {processor.py:829} INFO - Processing file /opt/airflow/dags/clean_up_after_star_schema_creation.py for tasks to queue
[2023-12-20T03:14:01.886+0000] {logging_mixin.py:154} INFO - [2023-12-20T03:14:01.886+0000] {dagbag.py:536} INFO - Filling up the DagBag from /opt/airflow/dags/clean_up_after_star_schema_creation.py
[2023-12-20T03:14:01.894+0000] {processor.py:841} WARNING - No viable dags retrieved from /opt/airflow/dags/clean_up_after_star_schema_creation.py
[2023-12-20T03:14:01.907+0000] {processor.py:179} INFO - Processing /opt/airflow/dags/clean_up_after_star_schema_creation.py took 0.027 seconds
[2023-12-20T03:14:32.355+0000] {processor.py:157} INFO - Started process (PID=857) to work on /opt/airflow/dags/clean_up_after_star_schema_creation.py
[2023-12-20T03:14:32.357+0000] {processor.py:829} INFO - Processing file /opt/airflow/dags/clean_up_after_star_schema_creation.py for tasks to queue
[2023-12-20T03:14:32.358+0000] {logging_mixin.py:154} INFO - [2023-12-20T03:14:32.357+0000] {dagbag.py:536} INFO - Filling up the DagBag from /opt/airflow/dags/clean_up_after_star_schema_creation.py
[2023-12-20T03:14:32.364+0000] {processor.py:841} WARNING - No viable dags retrieved from /opt/airflow/dags/clean_up_after_star_schema_creation.py
[2023-12-20T03:14:32.376+0000] {processor.py:179} INFO - Processing /opt/airflow/dags/clean_up_after_star_schema_creation.py took 0.026 seconds
[2023-12-20T03:15:02.851+0000] {processor.py:157} INFO - Started process (PID=900) to work on /opt/airflow/dags/clean_up_after_star_schema_creation.py
[2023-12-20T03:15:02.852+0000] {processor.py:829} INFO - Processing file /opt/airflow/dags/clean_up_after_star_schema_creation.py for tasks to queue
[2023-12-20T03:15:02.852+0000] {logging_mixin.py:154} INFO - [2023-12-20T03:15:02.852+0000] {dagbag.py:536} INFO - Filling up the DagBag from /opt/airflow/dags/clean_up_after_star_schema_creation.py
[2023-12-20T03:15:02.857+0000] {processor.py:841} WARNING - No viable dags retrieved from /opt/airflow/dags/clean_up_after_star_schema_creation.py
[2023-12-20T03:15:02.868+0000] {processor.py:179} INFO - Processing /opt/airflow/dags/clean_up_after_star_schema_creation.py took 0.019 seconds
[2023-12-20T03:15:33.323+0000] {processor.py:157} INFO - Started process (PID=943) to work on /opt/airflow/dags/clean_up_after_star_schema_creation.py
[2023-12-20T03:15:33.324+0000] {processor.py:829} INFO - Processing file /opt/airflow/dags/clean_up_after_star_schema_creation.py for tasks to queue
[2023-12-20T03:15:33.324+0000] {logging_mixin.py:154} INFO - [2023-12-20T03:15:33.324+0000] {dagbag.py:536} INFO - Filling up the DagBag from /opt/airflow/dags/clean_up_after_star_schema_creation.py
[2023-12-20T03:15:33.329+0000] {processor.py:841} WARNING - No viable dags retrieved from /opt/airflow/dags/clean_up_after_star_schema_creation.py
[2023-12-20T03:15:33.339+0000] {processor.py:179} INFO - Processing /opt/airflow/dags/clean_up_after_star_schema_creation.py took 0.018 seconds
[2023-12-20T03:16:04.110+0000] {processor.py:157} INFO - Started process (PID=997) to work on /opt/airflow/dags/clean_up_after_star_schema_creation.py
[2023-12-20T03:16:04.110+0000] {processor.py:829} INFO - Processing file /opt/airflow/dags/clean_up_after_star_schema_creation.py for tasks to queue
[2023-12-20T03:16:04.111+0000] {logging_mixin.py:154} INFO - [2023-12-20T03:16:04.111+0000] {dagbag.py:536} INFO - Filling up the DagBag from /opt/airflow/dags/clean_up_after_star_schema_creation.py
[2023-12-20T03:16:04.115+0000] {processor.py:841} WARNING - No viable dags retrieved from /opt/airflow/dags/clean_up_after_star_schema_creation.py
[2023-12-20T03:16:04.125+0000] {processor.py:179} INFO - Processing /opt/airflow/dags/clean_up_after_star_schema_creation.py took 0.018 seconds
[2023-12-20T03:16:34.545+0000] {processor.py:157} INFO - Started process (PID=1040) to work on /opt/airflow/dags/clean_up_after_star_schema_creation.py
[2023-12-20T03:16:34.546+0000] {processor.py:829} INFO - Processing file /opt/airflow/dags/clean_up_after_star_schema_creation.py for tasks to queue
[2023-12-20T03:16:34.547+0000] {logging_mixin.py:154} INFO - [2023-12-20T03:16:34.547+0000] {dagbag.py:536} INFO - Filling up the DagBag from /opt/airflow/dags/clean_up_after_star_schema_creation.py
[2023-12-20T03:16:34.551+0000] {processor.py:841} WARNING - No viable dags retrieved from /opt/airflow/dags/clean_up_after_star_schema_creation.py
[2023-12-20T03:16:34.561+0000] {processor.py:179} INFO - Processing /opt/airflow/dags/clean_up_after_star_schema_creation.py took 0.018 seconds
[2023-12-20T03:17:05.003+0000] {processor.py:157} INFO - Started process (PID=1083) to work on /opt/airflow/dags/clean_up_after_star_schema_creation.py
[2023-12-20T03:17:05.004+0000] {processor.py:829} INFO - Processing file /opt/airflow/dags/clean_up_after_star_schema_creation.py for tasks to queue
[2023-12-20T03:17:05.004+0000] {logging_mixin.py:154} INFO - [2023-12-20T03:17:05.004+0000] {dagbag.py:536} INFO - Filling up the DagBag from /opt/airflow/dags/clean_up_after_star_schema_creation.py
[2023-12-20T03:17:05.008+0000] {processor.py:841} WARNING - No viable dags retrieved from /opt/airflow/dags/clean_up_after_star_schema_creation.py
[2023-12-20T03:17:05.019+0000] {processor.py:179} INFO - Processing /opt/airflow/dags/clean_up_after_star_schema_creation.py took 0.019 seconds
[2023-12-20T03:17:35.447+0000] {processor.py:157} INFO - Started process (PID=1126) to work on /opt/airflow/dags/clean_up_after_star_schema_creation.py
[2023-12-20T03:17:35.447+0000] {processor.py:829} INFO - Processing file /opt/airflow/dags/clean_up_after_star_schema_creation.py for tasks to queue
[2023-12-20T03:17:35.448+0000] {logging_mixin.py:154} INFO - [2023-12-20T03:17:35.448+0000] {dagbag.py:536} INFO - Filling up the DagBag from /opt/airflow/dags/clean_up_after_star_schema_creation.py
[2023-12-20T03:17:35.452+0000] {processor.py:841} WARNING - No viable dags retrieved from /opt/airflow/dags/clean_up_after_star_schema_creation.py
[2023-12-20T03:17:35.462+0000] {processor.py:179} INFO - Processing /opt/airflow/dags/clean_up_after_star_schema_creation.py took 0.017 seconds
[2023-12-20T03:18:05.932+0000] {processor.py:157} INFO - Started process (PID=1169) to work on /opt/airflow/dags/clean_up_after_star_schema_creation.py
[2023-12-20T03:18:05.932+0000] {processor.py:829} INFO - Processing file /opt/airflow/dags/clean_up_after_star_schema_creation.py for tasks to queue
[2023-12-20T03:18:05.933+0000] {logging_mixin.py:154} INFO - [2023-12-20T03:18:05.933+0000] {dagbag.py:536} INFO - Filling up the DagBag from /opt/airflow/dags/clean_up_after_star_schema_creation.py
[2023-12-20T03:18:05.937+0000] {processor.py:841} WARNING - No viable dags retrieved from /opt/airflow/dags/clean_up_after_star_schema_creation.py
[2023-12-20T03:18:05.947+0000] {processor.py:179} INFO - Processing /opt/airflow/dags/clean_up_after_star_schema_creation.py took 0.017 seconds
[2023-12-20T03:18:36.433+0000] {processor.py:157} INFO - Started process (PID=1212) to work on /opt/airflow/dags/clean_up_after_star_schema_creation.py
[2023-12-20T03:18:36.434+0000] {processor.py:829} INFO - Processing file /opt/airflow/dags/clean_up_after_star_schema_creation.py for tasks to queue
[2023-12-20T03:18:36.434+0000] {logging_mixin.py:154} INFO - [2023-12-20T03:18:36.434+0000] {dagbag.py:536} INFO - Filling up the DagBag from /opt/airflow/dags/clean_up_after_star_schema_creation.py
[2023-12-20T03:18:36.438+0000] {processor.py:841} WARNING - No viable dags retrieved from /opt/airflow/dags/clean_up_after_star_schema_creation.py
[2023-12-20T03:18:36.449+0000] {processor.py:179} INFO - Processing /opt/airflow/dags/clean_up_after_star_schema_creation.py took 0.018 seconds
[2023-12-20T03:19:06.911+0000] {processor.py:157} INFO - Started process (PID=1261) to work on /opt/airflow/dags/clean_up_after_star_schema_creation.py
[2023-12-20T03:19:06.912+0000] {processor.py:829} INFO - Processing file /opt/airflow/dags/clean_up_after_star_schema_creation.py for tasks to queue
[2023-12-20T03:19:06.913+0000] {logging_mixin.py:154} INFO - [2023-12-20T03:19:06.912+0000] {dagbag.py:536} INFO - Filling up the DagBag from /opt/airflow/dags/clean_up_after_star_schema_creation.py
[2023-12-20T03:19:06.917+0000] {processor.py:841} WARNING - No viable dags retrieved from /opt/airflow/dags/clean_up_after_star_schema_creation.py
[2023-12-20T03:19:06.927+0000] {processor.py:179} INFO - Processing /opt/airflow/dags/clean_up_after_star_schema_creation.py took 0.018 seconds
[2023-12-20T03:19:37.398+0000] {processor.py:157} INFO - Started process (PID=1317) to work on /opt/airflow/dags/clean_up_after_star_schema_creation.py
[2023-12-20T03:19:37.399+0000] {processor.py:829} INFO - Processing file /opt/airflow/dags/clean_up_after_star_schema_creation.py for tasks to queue
[2023-12-20T03:19:37.399+0000] {logging_mixin.py:154} INFO - [2023-12-20T03:19:37.399+0000] {dagbag.py:536} INFO - Filling up the DagBag from /opt/airflow/dags/clean_up_after_star_schema_creation.py
[2023-12-20T03:19:37.404+0000] {processor.py:841} WARNING - No viable dags retrieved from /opt/airflow/dags/clean_up_after_star_schema_creation.py
[2023-12-20T03:19:37.416+0000] {processor.py:179} INFO - Processing /opt/airflow/dags/clean_up_after_star_schema_creation.py took 0.021 seconds
[2023-12-20T03:20:07.853+0000] {processor.py:157} INFO - Started process (PID=1361) to work on /opt/airflow/dags/clean_up_after_star_schema_creation.py
[2023-12-20T03:20:07.854+0000] {processor.py:829} INFO - Processing file /opt/airflow/dags/clean_up_after_star_schema_creation.py for tasks to queue
[2023-12-20T03:20:07.854+0000] {logging_mixin.py:154} INFO - [2023-12-20T03:20:07.854+0000] {dagbag.py:536} INFO - Filling up the DagBag from /opt/airflow/dags/clean_up_after_star_schema_creation.py
[2023-12-20T03:20:07.858+0000] {processor.py:841} WARNING - No viable dags retrieved from /opt/airflow/dags/clean_up_after_star_schema_creation.py
[2023-12-20T03:20:07.868+0000] {processor.py:179} INFO - Processing /opt/airflow/dags/clean_up_after_star_schema_creation.py took 0.017 seconds
[2023-12-20T03:20:38.258+0000] {processor.py:157} INFO - Started process (PID=1406) to work on /opt/airflow/dags/clean_up_after_star_schema_creation.py
[2023-12-20T03:20:38.259+0000] {processor.py:829} INFO - Processing file /opt/airflow/dags/clean_up_after_star_schema_creation.py for tasks to queue
[2023-12-20T03:20:38.259+0000] {logging_mixin.py:154} INFO - [2023-12-20T03:20:38.259+0000] {dagbag.py:536} INFO - Filling up the DagBag from /opt/airflow/dags/clean_up_after_star_schema_creation.py
[2023-12-20T03:20:38.264+0000] {processor.py:841} WARNING - No viable dags retrieved from /opt/airflow/dags/clean_up_after_star_schema_creation.py
[2023-12-20T03:20:38.275+0000] {processor.py:179} INFO - Processing /opt/airflow/dags/clean_up_after_star_schema_creation.py took 0.020 seconds
[2023-12-20T03:21:08.626+0000] {processor.py:157} INFO - Started process (PID=1459) to work on /opt/airflow/dags/clean_up_after_star_schema_creation.py
[2023-12-20T03:21:08.627+0000] {processor.py:829} INFO - Processing file /opt/airflow/dags/clean_up_after_star_schema_creation.py for tasks to queue
[2023-12-20T03:21:08.628+0000] {logging_mixin.py:154} INFO - [2023-12-20T03:21:08.628+0000] {dagbag.py:536} INFO - Filling up the DagBag from /opt/airflow/dags/clean_up_after_star_schema_creation.py
[2023-12-20T03:21:08.632+0000] {processor.py:841} WARNING - No viable dags retrieved from /opt/airflow/dags/clean_up_after_star_schema_creation.py
[2023-12-20T03:21:08.642+0000] {processor.py:179} INFO - Processing /opt/airflow/dags/clean_up_after_star_schema_creation.py took 0.018 seconds
[2023-12-20T03:21:38.904+0000] {processor.py:157} INFO - Started process (PID=1502) to work on /opt/airflow/dags/clean_up_after_star_schema_creation.py
[2023-12-20T03:21:38.905+0000] {processor.py:829} INFO - Processing file /opt/airflow/dags/clean_up_after_star_schema_creation.py for tasks to queue
[2023-12-20T03:21:38.906+0000] {logging_mixin.py:154} INFO - [2023-12-20T03:21:38.906+0000] {dagbag.py:536} INFO - Filling up the DagBag from /opt/airflow/dags/clean_up_after_star_schema_creation.py
[2023-12-20T03:21:38.910+0000] {processor.py:841} WARNING - No viable dags retrieved from /opt/airflow/dags/clean_up_after_star_schema_creation.py
[2023-12-20T03:21:38.922+0000] {processor.py:179} INFO - Processing /opt/airflow/dags/clean_up_after_star_schema_creation.py took 0.020 seconds
[2023-12-20T03:22:09.187+0000] {processor.py:157} INFO - Started process (PID=1545) to work on /opt/airflow/dags/clean_up_after_star_schema_creation.py
[2023-12-20T03:22:09.187+0000] {processor.py:829} INFO - Processing file /opt/airflow/dags/clean_up_after_star_schema_creation.py for tasks to queue
[2023-12-20T03:22:09.188+0000] {logging_mixin.py:154} INFO - [2023-12-20T03:22:09.188+0000] {dagbag.py:536} INFO - Filling up the DagBag from /opt/airflow/dags/clean_up_after_star_schema_creation.py
[2023-12-20T03:22:09.193+0000] {processor.py:841} WARNING - No viable dags retrieved from /opt/airflow/dags/clean_up_after_star_schema_creation.py
[2023-12-20T03:22:09.205+0000] {processor.py:179} INFO - Processing /opt/airflow/dags/clean_up_after_star_schema_creation.py took 0.021 seconds
[2023-12-20T03:22:39.441+0000] {processor.py:157} INFO - Started process (PID=1588) to work on /opt/airflow/dags/clean_up_after_star_schema_creation.py
[2023-12-20T03:22:39.442+0000] {processor.py:829} INFO - Processing file /opt/airflow/dags/clean_up_after_star_schema_creation.py for tasks to queue
[2023-12-20T03:22:39.443+0000] {logging_mixin.py:154} INFO - [2023-12-20T03:22:39.443+0000] {dagbag.py:536} INFO - Filling up the DagBag from /opt/airflow/dags/clean_up_after_star_schema_creation.py
[2023-12-20T03:22:39.448+0000] {processor.py:841} WARNING - No viable dags retrieved from /opt/airflow/dags/clean_up_after_star_schema_creation.py
[2023-12-20T03:22:39.459+0000] {processor.py:179} INFO - Processing /opt/airflow/dags/clean_up_after_star_schema_creation.py took 0.021 seconds
[2023-12-20T03:23:09.675+0000] {processor.py:157} INFO - Started process (PID=1631) to work on /opt/airflow/dags/clean_up_after_star_schema_creation.py
[2023-12-20T03:23:09.676+0000] {processor.py:829} INFO - Processing file /opt/airflow/dags/clean_up_after_star_schema_creation.py for tasks to queue
[2023-12-20T03:23:09.676+0000] {logging_mixin.py:154} INFO - [2023-12-20T03:23:09.676+0000] {dagbag.py:536} INFO - Filling up the DagBag from /opt/airflow/dags/clean_up_after_star_schema_creation.py
[2023-12-20T03:23:09.681+0000] {processor.py:841} WARNING - No viable dags retrieved from /opt/airflow/dags/clean_up_after_star_schema_creation.py
[2023-12-20T03:23:09.692+0000] {processor.py:179} INFO - Processing /opt/airflow/dags/clean_up_after_star_schema_creation.py took 0.020 seconds
[2023-12-20T03:23:39.904+0000] {processor.py:157} INFO - Started process (PID=1674) to work on /opt/airflow/dags/clean_up_after_star_schema_creation.py
[2023-12-20T03:23:39.905+0000] {processor.py:829} INFO - Processing file /opt/airflow/dags/clean_up_after_star_schema_creation.py for tasks to queue
[2023-12-20T03:23:39.906+0000] {logging_mixin.py:154} INFO - [2023-12-20T03:23:39.905+0000] {dagbag.py:536} INFO - Filling up the DagBag from /opt/airflow/dags/clean_up_after_star_schema_creation.py
[2023-12-20T03:23:39.910+0000] {processor.py:841} WARNING - No viable dags retrieved from /opt/airflow/dags/clean_up_after_star_schema_creation.py
[2023-12-20T03:23:39.921+0000] {processor.py:179} INFO - Processing /opt/airflow/dags/clean_up_after_star_schema_creation.py took 0.020 seconds
[2023-12-20T03:24:10.123+0000] {processor.py:157} INFO - Started process (PID=1715) to work on /opt/airflow/dags/clean_up_after_star_schema_creation.py
[2023-12-20T03:24:10.124+0000] {processor.py:829} INFO - Processing file /opt/airflow/dags/clean_up_after_star_schema_creation.py for tasks to queue
[2023-12-20T03:24:10.125+0000] {logging_mixin.py:154} INFO - [2023-12-20T03:24:10.125+0000] {dagbag.py:536} INFO - Filling up the DagBag from /opt/airflow/dags/clean_up_after_star_schema_creation.py
[2023-12-20T03:24:10.129+0000] {processor.py:841} WARNING - No viable dags retrieved from /opt/airflow/dags/clean_up_after_star_schema_creation.py
[2023-12-20T03:24:10.141+0000] {processor.py:179} INFO - Processing /opt/airflow/dags/clean_up_after_star_schema_creation.py took 0.021 seconds
[2023-12-20T03:24:40.363+0000] {processor.py:157} INFO - Started process (PID=1760) to work on /opt/airflow/dags/clean_up_after_star_schema_creation.py
[2023-12-20T03:24:40.364+0000] {processor.py:829} INFO - Processing file /opt/airflow/dags/clean_up_after_star_schema_creation.py for tasks to queue
[2023-12-20T03:24:40.364+0000] {logging_mixin.py:154} INFO - [2023-12-20T03:24:40.364+0000] {dagbag.py:536} INFO - Filling up the DagBag from /opt/airflow/dags/clean_up_after_star_schema_creation.py
[2023-12-20T03:24:40.369+0000] {processor.py:841} WARNING - No viable dags retrieved from /opt/airflow/dags/clean_up_after_star_schema_creation.py
[2023-12-20T03:24:40.381+0000] {processor.py:179} INFO - Processing /opt/airflow/dags/clean_up_after_star_schema_creation.py took 0.020 seconds
[2023-12-20T03:25:10.696+0000] {processor.py:157} INFO - Started process (PID=1803) to work on /opt/airflow/dags/clean_up_after_star_schema_creation.py
[2023-12-20T03:25:10.697+0000] {processor.py:829} INFO - Processing file /opt/airflow/dags/clean_up_after_star_schema_creation.py for tasks to queue
[2023-12-20T03:25:10.698+0000] {logging_mixin.py:154} INFO - [2023-12-20T03:25:10.698+0000] {dagbag.py:536} INFO - Filling up the DagBag from /opt/airflow/dags/clean_up_after_star_schema_creation.py
[2023-12-20T03:25:10.702+0000] {processor.py:841} WARNING - No viable dags retrieved from /opt/airflow/dags/clean_up_after_star_schema_creation.py
[2023-12-20T03:25:10.712+0000] {processor.py:179} INFO - Processing /opt/airflow/dags/clean_up_after_star_schema_creation.py took 0.018 seconds
[2023-12-20T03:25:41.146+0000] {processor.py:157} INFO - Started process (PID=1846) to work on /opt/airflow/dags/clean_up_after_star_schema_creation.py
[2023-12-20T03:25:41.147+0000] {processor.py:829} INFO - Processing file /opt/airflow/dags/clean_up_after_star_schema_creation.py for tasks to queue
[2023-12-20T03:25:41.147+0000] {logging_mixin.py:154} INFO - [2023-12-20T03:25:41.147+0000] {dagbag.py:536} INFO - Filling up the DagBag from /opt/airflow/dags/clean_up_after_star_schema_creation.py
[2023-12-20T03:25:41.152+0000] {processor.py:841} WARNING - No viable dags retrieved from /opt/airflow/dags/clean_up_after_star_schema_creation.py
[2023-12-20T03:25:41.162+0000] {processor.py:179} INFO - Processing /opt/airflow/dags/clean_up_after_star_schema_creation.py took 0.018 seconds
[2023-12-20T03:26:11.579+0000] {processor.py:157} INFO - Started process (PID=1901) to work on /opt/airflow/dags/clean_up_after_star_schema_creation.py
[2023-12-20T03:26:11.580+0000] {processor.py:829} INFO - Processing file /opt/airflow/dags/clean_up_after_star_schema_creation.py for tasks to queue
[2023-12-20T03:26:11.581+0000] {logging_mixin.py:154} INFO - [2023-12-20T03:26:11.581+0000] {dagbag.py:536} INFO - Filling up the DagBag from /opt/airflow/dags/clean_up_after_star_schema_creation.py
[2023-12-20T03:26:11.585+0000] {processor.py:841} WARNING - No viable dags retrieved from /opt/airflow/dags/clean_up_after_star_schema_creation.py
[2023-12-20T03:26:11.595+0000] {processor.py:179} INFO - Processing /opt/airflow/dags/clean_up_after_star_schema_creation.py took 0.018 seconds
[2023-12-20T03:26:42.031+0000] {processor.py:157} INFO - Started process (PID=1944) to work on /opt/airflow/dags/clean_up_after_star_schema_creation.py
[2023-12-20T03:26:42.032+0000] {processor.py:829} INFO - Processing file /opt/airflow/dags/clean_up_after_star_schema_creation.py for tasks to queue
[2023-12-20T03:26:42.032+0000] {logging_mixin.py:154} INFO - [2023-12-20T03:26:42.032+0000] {dagbag.py:536} INFO - Filling up the DagBag from /opt/airflow/dags/clean_up_after_star_schema_creation.py
[2023-12-20T03:26:42.036+0000] {processor.py:841} WARNING - No viable dags retrieved from /opt/airflow/dags/clean_up_after_star_schema_creation.py
[2023-12-20T03:26:42.046+0000] {processor.py:179} INFO - Processing /opt/airflow/dags/clean_up_after_star_schema_creation.py took 0.018 seconds
[2023-12-20T03:27:12.451+0000] {processor.py:157} INFO - Started process (PID=1996) to work on /opt/airflow/dags/clean_up_after_star_schema_creation.py
[2023-12-20T03:27:12.452+0000] {processor.py:829} INFO - Processing file /opt/airflow/dags/clean_up_after_star_schema_creation.py for tasks to queue
[2023-12-20T03:27:12.453+0000] {logging_mixin.py:154} INFO - [2023-12-20T03:27:12.453+0000] {dagbag.py:536} INFO - Filling up the DagBag from /opt/airflow/dags/clean_up_after_star_schema_creation.py
[2023-12-20T03:27:12.457+0000] {processor.py:841} WARNING - No viable dags retrieved from /opt/airflow/dags/clean_up_after_star_schema_creation.py
[2023-12-20T03:27:12.468+0000] {processor.py:179} INFO - Processing /opt/airflow/dags/clean_up_after_star_schema_creation.py took 0.018 seconds
[2023-12-20T03:27:42.816+0000] {processor.py:157} INFO - Started process (PID=2039) to work on /opt/airflow/dags/clean_up_after_star_schema_creation.py
[2023-12-20T03:27:42.817+0000] {processor.py:829} INFO - Processing file /opt/airflow/dags/clean_up_after_star_schema_creation.py for tasks to queue
[2023-12-20T03:27:42.817+0000] {logging_mixin.py:154} INFO - [2023-12-20T03:27:42.817+0000] {dagbag.py:536} INFO - Filling up the DagBag from /opt/airflow/dags/clean_up_after_star_schema_creation.py
[2023-12-20T03:27:42.822+0000] {processor.py:841} WARNING - No viable dags retrieved from /opt/airflow/dags/clean_up_after_star_schema_creation.py
[2023-12-20T03:27:42.832+0000] {processor.py:179} INFO - Processing /opt/airflow/dags/clean_up_after_star_schema_creation.py took 0.018 seconds
[2023-12-20T03:28:13.210+0000] {processor.py:157} INFO - Started process (PID=2082) to work on /opt/airflow/dags/clean_up_after_star_schema_creation.py
[2023-12-20T03:28:13.211+0000] {processor.py:829} INFO - Processing file /opt/airflow/dags/clean_up_after_star_schema_creation.py for tasks to queue
[2023-12-20T03:28:13.211+0000] {logging_mixin.py:154} INFO - [2023-12-20T03:28:13.211+0000] {dagbag.py:536} INFO - Filling up the DagBag from /opt/airflow/dags/clean_up_after_star_schema_creation.py
[2023-12-20T03:28:13.215+0000] {processor.py:841} WARNING - No viable dags retrieved from /opt/airflow/dags/clean_up_after_star_schema_creation.py
[2023-12-20T03:28:13.227+0000] {processor.py:179} INFO - Processing /opt/airflow/dags/clean_up_after_star_schema_creation.py took 0.020 seconds
[2023-12-20T03:28:43.641+0000] {processor.py:157} INFO - Started process (PID=2125) to work on /opt/airflow/dags/clean_up_after_star_schema_creation.py
[2023-12-20T03:28:43.642+0000] {processor.py:829} INFO - Processing file /opt/airflow/dags/clean_up_after_star_schema_creation.py for tasks to queue
[2023-12-20T03:28:43.642+0000] {logging_mixin.py:154} INFO - [2023-12-20T03:28:43.642+0000] {dagbag.py:536} INFO - Filling up the DagBag from /opt/airflow/dags/clean_up_after_star_schema_creation.py
[2023-12-20T03:28:43.646+0000] {processor.py:841} WARNING - No viable dags retrieved from /opt/airflow/dags/clean_up_after_star_schema_creation.py
[2023-12-20T03:28:43.658+0000] {processor.py:179} INFO - Processing /opt/airflow/dags/clean_up_after_star_schema_creation.py took 0.020 seconds
[2023-12-20T03:29:14.067+0000] {processor.py:157} INFO - Started process (PID=2168) to work on /opt/airflow/dags/clean_up_after_star_schema_creation.py
[2023-12-20T03:29:14.067+0000] {processor.py:829} INFO - Processing file /opt/airflow/dags/clean_up_after_star_schema_creation.py for tasks to queue
[2023-12-20T03:29:14.068+0000] {logging_mixin.py:154} INFO - [2023-12-20T03:29:14.068+0000] {dagbag.py:536} INFO - Filling up the DagBag from /opt/airflow/dags/clean_up_after_star_schema_creation.py
[2023-12-20T03:29:14.072+0000] {processor.py:841} WARNING - No viable dags retrieved from /opt/airflow/dags/clean_up_after_star_schema_creation.py
[2023-12-20T03:29:14.084+0000] {processor.py:179} INFO - Processing /opt/airflow/dags/clean_up_after_star_schema_creation.py took 0.020 seconds
[2023-12-20T03:29:44.486+0000] {processor.py:157} INFO - Started process (PID=2211) to work on /opt/airflow/dags/clean_up_after_star_schema_creation.py
[2023-12-20T03:29:44.487+0000] {processor.py:829} INFO - Processing file /opt/airflow/dags/clean_up_after_star_schema_creation.py for tasks to queue
[2023-12-20T03:29:44.488+0000] {logging_mixin.py:154} INFO - [2023-12-20T03:29:44.487+0000] {dagbag.py:536} INFO - Filling up the DagBag from /opt/airflow/dags/clean_up_after_star_schema_creation.py
[2023-12-20T03:29:44.492+0000] {processor.py:841} WARNING - No viable dags retrieved from /opt/airflow/dags/clean_up_after_star_schema_creation.py
[2023-12-20T03:29:44.504+0000] {processor.py:179} INFO - Processing /opt/airflow/dags/clean_up_after_star_schema_creation.py took 0.020 seconds
[2023-12-20T03:30:14.888+0000] {processor.py:157} INFO - Started process (PID=2254) to work on /opt/airflow/dags/clean_up_after_star_schema_creation.py
[2023-12-20T03:30:14.889+0000] {processor.py:829} INFO - Processing file /opt/airflow/dags/clean_up_after_star_schema_creation.py for tasks to queue
[2023-12-20T03:30:14.890+0000] {logging_mixin.py:154} INFO - [2023-12-20T03:30:14.890+0000] {dagbag.py:536} INFO - Filling up the DagBag from /opt/airflow/dags/clean_up_after_star_schema_creation.py
[2023-12-20T03:30:14.894+0000] {processor.py:841} WARNING - No viable dags retrieved from /opt/airflow/dags/clean_up_after_star_schema_creation.py
[2023-12-20T03:30:14.904+0000] {processor.py:179} INFO - Processing /opt/airflow/dags/clean_up_after_star_schema_creation.py took 0.018 seconds
[2023-12-20T03:30:45.286+0000] {processor.py:157} INFO - Started process (PID=2295) to work on /opt/airflow/dags/clean_up_after_star_schema_creation.py
[2023-12-20T03:30:45.287+0000] {processor.py:829} INFO - Processing file /opt/airflow/dags/clean_up_after_star_schema_creation.py for tasks to queue
[2023-12-20T03:30:45.287+0000] {logging_mixin.py:154} INFO - [2023-12-20T03:30:45.287+0000] {dagbag.py:536} INFO - Filling up the DagBag from /opt/airflow/dags/clean_up_after_star_schema_creation.py
[2023-12-20T03:30:45.292+0000] {processor.py:841} WARNING - No viable dags retrieved from /opt/airflow/dags/clean_up_after_star_schema_creation.py
[2023-12-20T03:30:45.302+0000] {processor.py:179} INFO - Processing /opt/airflow/dags/clean_up_after_star_schema_creation.py took 0.018 seconds
[2023-12-20T03:31:15.775+0000] {processor.py:157} INFO - Started process (PID=2338) to work on /opt/airflow/dags/clean_up_after_star_schema_creation.py
[2023-12-20T03:31:15.776+0000] {processor.py:829} INFO - Processing file /opt/airflow/dags/clean_up_after_star_schema_creation.py for tasks to queue
[2023-12-20T03:31:15.777+0000] {logging_mixin.py:154} INFO - [2023-12-20T03:31:15.776+0000] {dagbag.py:536} INFO - Filling up the DagBag from /opt/airflow/dags/clean_up_after_star_schema_creation.py
[2023-12-20T03:31:15.784+0000] {processor.py:841} WARNING - No viable dags retrieved from /opt/airflow/dags/clean_up_after_star_schema_creation.py
[2023-12-20T03:31:15.800+0000] {processor.py:179} INFO - Processing /opt/airflow/dags/clean_up_after_star_schema_creation.py took 0.028 seconds
[2023-12-20T03:31:46.277+0000] {processor.py:157} INFO - Started process (PID=2381) to work on /opt/airflow/dags/clean_up_after_star_schema_creation.py
[2023-12-20T03:31:46.277+0000] {processor.py:829} INFO - Processing file /opt/airflow/dags/clean_up_after_star_schema_creation.py for tasks to queue
[2023-12-20T03:31:46.278+0000] {logging_mixin.py:154} INFO - [2023-12-20T03:31:46.278+0000] {dagbag.py:536} INFO - Filling up the DagBag from /opt/airflow/dags/clean_up_after_star_schema_creation.py
[2023-12-20T03:31:46.281+0000] {processor.py:841} WARNING - No viable dags retrieved from /opt/airflow/dags/clean_up_after_star_schema_creation.py
[2023-12-20T03:31:46.292+0000] {processor.py:179} INFO - Processing /opt/airflow/dags/clean_up_after_star_schema_creation.py took 0.018 seconds
[2023-12-20T03:32:16.809+0000] {processor.py:157} INFO - Started process (PID=2423) to work on /opt/airflow/dags/clean_up_after_star_schema_creation.py
[2023-12-20T03:32:16.810+0000] {processor.py:829} INFO - Processing file /opt/airflow/dags/clean_up_after_star_schema_creation.py for tasks to queue
[2023-12-20T03:32:16.810+0000] {logging_mixin.py:154} INFO - [2023-12-20T03:32:16.810+0000] {dagbag.py:536} INFO - Filling up the DagBag from /opt/airflow/dags/clean_up_after_star_schema_creation.py
[2023-12-20T03:32:16.814+0000] {processor.py:841} WARNING - No viable dags retrieved from /opt/airflow/dags/clean_up_after_star_schema_creation.py
[2023-12-20T03:32:16.825+0000] {processor.py:179} INFO - Processing /opt/airflow/dags/clean_up_after_star_schema_creation.py took 0.019 seconds
[2023-12-20T03:32:47.615+0000] {processor.py:157} INFO - Started process (PID=2475) to work on /opt/airflow/dags/clean_up_after_star_schema_creation.py
[2023-12-20T03:32:47.616+0000] {processor.py:829} INFO - Processing file /opt/airflow/dags/clean_up_after_star_schema_creation.py for tasks to queue
[2023-12-20T03:32:47.616+0000] {logging_mixin.py:154} INFO - [2023-12-20T03:32:47.616+0000] {dagbag.py:536} INFO - Filling up the DagBag from /opt/airflow/dags/clean_up_after_star_schema_creation.py
[2023-12-20T03:32:47.620+0000] {processor.py:841} WARNING - No viable dags retrieved from /opt/airflow/dags/clean_up_after_star_schema_creation.py
[2023-12-20T03:32:47.631+0000] {processor.py:179} INFO - Processing /opt/airflow/dags/clean_up_after_star_schema_creation.py took 0.018 seconds
[2023-12-20T03:33:18.085+0000] {processor.py:157} INFO - Started process (PID=2516) to work on /opt/airflow/dags/clean_up_after_star_schema_creation.py
[2023-12-20T03:33:18.086+0000] {processor.py:829} INFO - Processing file /opt/airflow/dags/clean_up_after_star_schema_creation.py for tasks to queue
[2023-12-20T03:33:18.087+0000] {logging_mixin.py:154} INFO - [2023-12-20T03:33:18.087+0000] {dagbag.py:536} INFO - Filling up the DagBag from /opt/airflow/dags/clean_up_after_star_schema_creation.py
[2023-12-20T03:33:18.091+0000] {processor.py:841} WARNING - No viable dags retrieved from /opt/airflow/dags/clean_up_after_star_schema_creation.py
[2023-12-20T03:33:18.101+0000] {processor.py:179} INFO - Processing /opt/airflow/dags/clean_up_after_star_schema_creation.py took 0.018 seconds
[2023-12-20T03:33:48.527+0000] {processor.py:157} INFO - Started process (PID=2559) to work on /opt/airflow/dags/clean_up_after_star_schema_creation.py
[2023-12-20T03:33:48.528+0000] {processor.py:829} INFO - Processing file /opt/airflow/dags/clean_up_after_star_schema_creation.py for tasks to queue
[2023-12-20T03:33:48.528+0000] {logging_mixin.py:154} INFO - [2023-12-20T03:33:48.528+0000] {dagbag.py:536} INFO - Filling up the DagBag from /opt/airflow/dags/clean_up_after_star_schema_creation.py
[2023-12-20T03:33:48.532+0000] {processor.py:841} WARNING - No viable dags retrieved from /opt/airflow/dags/clean_up_after_star_schema_creation.py
[2023-12-20T03:33:48.542+0000] {processor.py:179} INFO - Processing /opt/airflow/dags/clean_up_after_star_schema_creation.py took 0.018 seconds
[2023-12-20T03:34:19.009+0000] {processor.py:157} INFO - Started process (PID=2602) to work on /opt/airflow/dags/clean_up_after_star_schema_creation.py
[2023-12-20T03:34:19.010+0000] {processor.py:829} INFO - Processing file /opt/airflow/dags/clean_up_after_star_schema_creation.py for tasks to queue
[2023-12-20T03:34:19.011+0000] {logging_mixin.py:154} INFO - [2023-12-20T03:34:19.010+0000] {dagbag.py:536} INFO - Filling up the DagBag from /opt/airflow/dags/clean_up_after_star_schema_creation.py
[2023-12-20T03:34:19.015+0000] {processor.py:841} WARNING - No viable dags retrieved from /opt/airflow/dags/clean_up_after_star_schema_creation.py
[2023-12-20T03:34:19.027+0000] {processor.py:179} INFO - Processing /opt/airflow/dags/clean_up_after_star_schema_creation.py took 0.020 seconds
[2023-12-20T03:34:49.518+0000] {processor.py:157} INFO - Started process (PID=2645) to work on /opt/airflow/dags/clean_up_after_star_schema_creation.py
[2023-12-20T03:34:49.519+0000] {processor.py:829} INFO - Processing file /opt/airflow/dags/clean_up_after_star_schema_creation.py for tasks to queue
[2023-12-20T03:34:49.519+0000] {logging_mixin.py:154} INFO - [2023-12-20T03:34:49.519+0000] {dagbag.py:536} INFO - Filling up the DagBag from /opt/airflow/dags/clean_up_after_star_schema_creation.py
[2023-12-20T03:34:49.523+0000] {processor.py:841} WARNING - No viable dags retrieved from /opt/airflow/dags/clean_up_after_star_schema_creation.py
[2023-12-20T03:34:49.533+0000] {processor.py:179} INFO - Processing /opt/airflow/dags/clean_up_after_star_schema_creation.py took 0.017 seconds
[2023-12-20T03:35:20.019+0000] {processor.py:157} INFO - Started process (PID=2697) to work on /opt/airflow/dags/clean_up_after_star_schema_creation.py
[2023-12-20T03:35:20.020+0000] {processor.py:829} INFO - Processing file /opt/airflow/dags/clean_up_after_star_schema_creation.py for tasks to queue
[2023-12-20T03:35:20.020+0000] {logging_mixin.py:154} INFO - [2023-12-20T03:35:20.020+0000] {dagbag.py:536} INFO - Filling up the DagBag from /opt/airflow/dags/clean_up_after_star_schema_creation.py
[2023-12-20T03:35:20.024+0000] {processor.py:841} WARNING - No viable dags retrieved from /opt/airflow/dags/clean_up_after_star_schema_creation.py
[2023-12-20T03:35:20.035+0000] {processor.py:179} INFO - Processing /opt/airflow/dags/clean_up_after_star_schema_creation.py took 0.018 seconds
[2023-12-20T03:35:50.533+0000] {processor.py:157} INFO - Started process (PID=2740) to work on /opt/airflow/dags/clean_up_after_star_schema_creation.py
[2023-12-20T03:35:50.534+0000] {processor.py:829} INFO - Processing file /opt/airflow/dags/clean_up_after_star_schema_creation.py for tasks to queue
[2023-12-20T03:35:50.535+0000] {logging_mixin.py:154} INFO - [2023-12-20T03:35:50.535+0000] {dagbag.py:536} INFO - Filling up the DagBag from /opt/airflow/dags/clean_up_after_star_schema_creation.py
[2023-12-20T03:35:50.538+0000] {processor.py:841} WARNING - No viable dags retrieved from /opt/airflow/dags/clean_up_after_star_schema_creation.py
[2023-12-20T03:35:50.549+0000] {processor.py:179} INFO - Processing /opt/airflow/dags/clean_up_after_star_schema_creation.py took 0.018 seconds
[2023-12-20T03:36:21.074+0000] {processor.py:157} INFO - Started process (PID=2783) to work on /opt/airflow/dags/clean_up_after_star_schema_creation.py
[2023-12-20T03:36:21.074+0000] {processor.py:829} INFO - Processing file /opt/airflow/dags/clean_up_after_star_schema_creation.py for tasks to queue
[2023-12-20T03:36:21.075+0000] {logging_mixin.py:154} INFO - [2023-12-20T03:36:21.075+0000] {dagbag.py:536} INFO - Filling up the DagBag from /opt/airflow/dags/clean_up_after_star_schema_creation.py
[2023-12-20T03:36:21.079+0000] {processor.py:841} WARNING - No viable dags retrieved from /opt/airflow/dags/clean_up_after_star_schema_creation.py
[2023-12-20T03:36:21.090+0000] {processor.py:179} INFO - Processing /opt/airflow/dags/clean_up_after_star_schema_creation.py took 0.018 seconds
[2023-12-20T03:36:51.588+0000] {processor.py:157} INFO - Started process (PID=2826) to work on /opt/airflow/dags/clean_up_after_star_schema_creation.py
[2023-12-20T03:36:51.589+0000] {processor.py:829} INFO - Processing file /opt/airflow/dags/clean_up_after_star_schema_creation.py for tasks to queue
[2023-12-20T03:36:51.589+0000] {logging_mixin.py:154} INFO - [2023-12-20T03:36:51.589+0000] {dagbag.py:536} INFO - Filling up the DagBag from /opt/airflow/dags/clean_up_after_star_schema_creation.py
[2023-12-20T03:36:51.593+0000] {processor.py:841} WARNING - No viable dags retrieved from /opt/airflow/dags/clean_up_after_star_schema_creation.py
[2023-12-20T03:36:51.604+0000] {processor.py:179} INFO - Processing /opt/airflow/dags/clean_up_after_star_schema_creation.py took 0.018 seconds
[2023-12-20T03:37:22.186+0000] {processor.py:157} INFO - Started process (PID=2869) to work on /opt/airflow/dags/clean_up_after_star_schema_creation.py
[2023-12-20T03:37:22.187+0000] {processor.py:829} INFO - Processing file /opt/airflow/dags/clean_up_after_star_schema_creation.py for tasks to queue
[2023-12-20T03:37:22.187+0000] {logging_mixin.py:154} INFO - [2023-12-20T03:37:22.187+0000] {dagbag.py:536} INFO - Filling up the DagBag from /opt/airflow/dags/clean_up_after_star_schema_creation.py
[2023-12-20T03:37:22.192+0000] {processor.py:841} WARNING - No viable dags retrieved from /opt/airflow/dags/clean_up_after_star_schema_creation.py
[2023-12-20T03:37:22.203+0000] {processor.py:179} INFO - Processing /opt/airflow/dags/clean_up_after_star_schema_creation.py took 0.019 seconds
[2023-12-20T03:37:52.737+0000] {processor.py:157} INFO - Started process (PID=2912) to work on /opt/airflow/dags/clean_up_after_star_schema_creation.py
[2023-12-20T03:37:52.737+0000] {processor.py:829} INFO - Processing file /opt/airflow/dags/clean_up_after_star_schema_creation.py for tasks to queue
[2023-12-20T03:37:52.738+0000] {logging_mixin.py:154} INFO - [2023-12-20T03:37:52.738+0000] {dagbag.py:536} INFO - Filling up the DagBag from /opt/airflow/dags/clean_up_after_star_schema_creation.py
[2023-12-20T03:37:52.742+0000] {processor.py:841} WARNING - No viable dags retrieved from /opt/airflow/dags/clean_up_after_star_schema_creation.py
[2023-12-20T03:37:52.756+0000] {processor.py:179} INFO - Processing /opt/airflow/dags/clean_up_after_star_schema_creation.py took 0.022 seconds
