[2023-12-20T03:06:54.945+0000] {processor.py:157} INFO - Started process (PID=176) to work on /opt/airflow/dags/create_star_schema_part_2.py
[2023-12-20T03:06:54.946+0000] {processor.py:829} INFO - Processing file /opt/airflow/dags/create_star_schema_part_2.py for tasks to queue
[2023-12-20T03:06:54.948+0000] {logging_mixin.py:154} INFO - [2023-12-20T03:06:54.948+0000] {dagbag.py:536} INFO - Filling up the DagBag from /opt/airflow/dags/create_star_schema_part_2.py
[2023-12-20T03:06:54.961+0000] {processor.py:841} WARNING - No viable dags retrieved from /opt/airflow/dags/create_star_schema_part_2.py
[2023-12-20T03:06:54.975+0000] {processor.py:179} INFO - Processing /opt/airflow/dags/create_star_schema_part_2.py took 0.032 seconds
[2023-12-20T03:07:26.128+0000] {processor.py:157} INFO - Started process (PID=218) to work on /opt/airflow/dags/create_star_schema_part_2.py
[2023-12-20T03:07:26.129+0000] {processor.py:829} INFO - Processing file /opt/airflow/dags/create_star_schema_part_2.py for tasks to queue
[2023-12-20T03:07:26.129+0000] {logging_mixin.py:154} INFO - [2023-12-20T03:07:26.129+0000] {dagbag.py:536} INFO - Filling up the DagBag from /opt/airflow/dags/create_star_schema_part_2.py
[2023-12-20T03:07:26.137+0000] {processor.py:841} WARNING - No viable dags retrieved from /opt/airflow/dags/create_star_schema_part_2.py
[2023-12-20T03:07:26.179+0000] {processor.py:179} INFO - Processing /opt/airflow/dags/create_star_schema_part_2.py took 0.054 seconds
[2023-12-20T03:07:56.669+0000] {processor.py:157} INFO - Started process (PID=262) to work on /opt/airflow/dags/create_star_schema_part_2.py
[2023-12-20T03:07:56.669+0000] {processor.py:829} INFO - Processing file /opt/airflow/dags/create_star_schema_part_2.py for tasks to queue
[2023-12-20T03:07:56.670+0000] {logging_mixin.py:154} INFO - [2023-12-20T03:07:56.670+0000] {dagbag.py:536} INFO - Filling up the DagBag from /opt/airflow/dags/create_star_schema_part_2.py
[2023-12-20T03:07:56.674+0000] {processor.py:841} WARNING - No viable dags retrieved from /opt/airflow/dags/create_star_schema_part_2.py
[2023-12-20T03:07:56.685+0000] {processor.py:179} INFO - Processing /opt/airflow/dags/create_star_schema_part_2.py took 0.019 seconds
[2023-12-20T03:08:26.986+0000] {processor.py:157} INFO - Started process (PID=304) to work on /opt/airflow/dags/create_star_schema_part_2.py
[2023-12-20T03:08:26.986+0000] {processor.py:829} INFO - Processing file /opt/airflow/dags/create_star_schema_part_2.py for tasks to queue
[2023-12-20T03:08:26.987+0000] {logging_mixin.py:154} INFO - [2023-12-20T03:08:26.987+0000] {dagbag.py:536} INFO - Filling up the DagBag from /opt/airflow/dags/create_star_schema_part_2.py
[2023-12-20T03:08:26.991+0000] {processor.py:841} WARNING - No viable dags retrieved from /opt/airflow/dags/create_star_schema_part_2.py
[2023-12-20T03:08:27.002+0000] {processor.py:179} INFO - Processing /opt/airflow/dags/create_star_schema_part_2.py took 0.018 seconds
[2023-12-20T03:08:57.491+0000] {processor.py:157} INFO - Started process (PID=345) to work on /opt/airflow/dags/create_star_schema_part_2.py
[2023-12-20T03:08:57.491+0000] {processor.py:829} INFO - Processing file /opt/airflow/dags/create_star_schema_part_2.py for tasks to queue
[2023-12-20T03:08:57.492+0000] {logging_mixin.py:154} INFO - [2023-12-20T03:08:57.492+0000] {dagbag.py:536} INFO - Filling up the DagBag from /opt/airflow/dags/create_star_schema_part_2.py
[2023-12-20T03:08:57.496+0000] {processor.py:841} WARNING - No viable dags retrieved from /opt/airflow/dags/create_star_schema_part_2.py
[2023-12-20T03:08:57.507+0000] {processor.py:179} INFO - Processing /opt/airflow/dags/create_star_schema_part_2.py took 0.018 seconds
[2023-12-20T03:09:27.945+0000] {processor.py:157} INFO - Started process (PID=391) to work on /opt/airflow/dags/create_star_schema_part_2.py
[2023-12-20T03:09:27.946+0000] {processor.py:829} INFO - Processing file /opt/airflow/dags/create_star_schema_part_2.py for tasks to queue
[2023-12-20T03:09:27.947+0000] {logging_mixin.py:154} INFO - [2023-12-20T03:09:27.946+0000] {dagbag.py:536} INFO - Filling up the DagBag from /opt/airflow/dags/create_star_schema_part_2.py
[2023-12-20T03:09:27.951+0000] {processor.py:841} WARNING - No viable dags retrieved from /opt/airflow/dags/create_star_schema_part_2.py
[2023-12-20T03:09:27.961+0000] {processor.py:179} INFO - Processing /opt/airflow/dags/create_star_schema_part_2.py took 0.018 seconds
[2023-12-20T03:09:58.408+0000] {processor.py:157} INFO - Started process (PID=434) to work on /opt/airflow/dags/create_star_schema_part_2.py
[2023-12-20T03:09:58.409+0000] {processor.py:829} INFO - Processing file /opt/airflow/dags/create_star_schema_part_2.py for tasks to queue
[2023-12-20T03:09:58.410+0000] {logging_mixin.py:154} INFO - [2023-12-20T03:09:58.410+0000] {dagbag.py:536} INFO - Filling up the DagBag from /opt/airflow/dags/create_star_schema_part_2.py
[2023-12-20T03:09:58.417+0000] {processor.py:841} WARNING - No viable dags retrieved from /opt/airflow/dags/create_star_schema_part_2.py
[2023-12-20T03:09:58.431+0000] {processor.py:179} INFO - Processing /opt/airflow/dags/create_star_schema_part_2.py took 0.027 seconds
[2023-12-20T03:10:28.831+0000] {processor.py:157} INFO - Started process (PID=480) to work on /opt/airflow/dags/create_star_schema_part_2.py
[2023-12-20T03:10:28.831+0000] {processor.py:829} INFO - Processing file /opt/airflow/dags/create_star_schema_part_2.py for tasks to queue
[2023-12-20T03:10:28.832+0000] {logging_mixin.py:154} INFO - [2023-12-20T03:10:28.832+0000] {dagbag.py:536} INFO - Filling up the DagBag from /opt/airflow/dags/create_star_schema_part_2.py
[2023-12-20T03:10:28.837+0000] {processor.py:841} WARNING - No viable dags retrieved from /opt/airflow/dags/create_star_schema_part_2.py
[2023-12-20T03:10:28.851+0000] {processor.py:179} INFO - Processing /opt/airflow/dags/create_star_schema_part_2.py took 0.023 seconds
[2023-12-20T03:10:59.324+0000] {processor.py:157} INFO - Started process (PID=538) to work on /opt/airflow/dags/create_star_schema_part_2.py
[2023-12-20T03:10:59.325+0000] {processor.py:829} INFO - Processing file /opt/airflow/dags/create_star_schema_part_2.py for tasks to queue
[2023-12-20T03:10:59.326+0000] {logging_mixin.py:154} INFO - [2023-12-20T03:10:59.326+0000] {dagbag.py:536} INFO - Filling up the DagBag from /opt/airflow/dags/create_star_schema_part_2.py
[2023-12-20T03:10:59.333+0000] {processor.py:841} WARNING - No viable dags retrieved from /opt/airflow/dags/create_star_schema_part_2.py
[2023-12-20T03:10:59.347+0000] {processor.py:179} INFO - Processing /opt/airflow/dags/create_star_schema_part_2.py took 0.026 seconds
[2023-12-20T03:11:29.761+0000] {processor.py:157} INFO - Started process (PID=581) to work on /opt/airflow/dags/create_star_schema_part_2.py
[2023-12-20T03:11:29.762+0000] {processor.py:829} INFO - Processing file /opt/airflow/dags/create_star_schema_part_2.py for tasks to queue
[2023-12-20T03:11:29.764+0000] {logging_mixin.py:154} INFO - [2023-12-20T03:11:29.763+0000] {dagbag.py:536} INFO - Filling up the DagBag from /opt/airflow/dags/create_star_schema_part_2.py
[2023-12-20T03:11:29.771+0000] {processor.py:841} WARNING - No viable dags retrieved from /opt/airflow/dags/create_star_schema_part_2.py
[2023-12-20T03:11:29.785+0000] {processor.py:179} INFO - Processing /opt/airflow/dags/create_star_schema_part_2.py took 0.028 seconds
[2023-12-20T03:12:00.201+0000] {processor.py:157} INFO - Started process (PID=624) to work on /opt/airflow/dags/create_star_schema_part_2.py
[2023-12-20T03:12:00.202+0000] {processor.py:829} INFO - Processing file /opt/airflow/dags/create_star_schema_part_2.py for tasks to queue
[2023-12-20T03:12:00.203+0000] {logging_mixin.py:154} INFO - [2023-12-20T03:12:00.203+0000] {dagbag.py:536} INFO - Filling up the DagBag from /opt/airflow/dags/create_star_schema_part_2.py
[2023-12-20T03:12:00.211+0000] {processor.py:841} WARNING - No viable dags retrieved from /opt/airflow/dags/create_star_schema_part_2.py
[2023-12-20T03:12:00.227+0000] {processor.py:179} INFO - Processing /opt/airflow/dags/create_star_schema_part_2.py took 0.031 seconds
[2023-12-20T03:12:30.564+0000] {processor.py:157} INFO - Started process (PID=667) to work on /opt/airflow/dags/create_star_schema_part_2.py
[2023-12-20T03:12:30.565+0000] {processor.py:829} INFO - Processing file /opt/airflow/dags/create_star_schema_part_2.py for tasks to queue
[2023-12-20T03:12:30.566+0000] {logging_mixin.py:154} INFO - [2023-12-20T03:12:30.566+0000] {dagbag.py:536} INFO - Filling up the DagBag from /opt/airflow/dags/create_star_schema_part_2.py
[2023-12-20T03:12:30.570+0000] {processor.py:841} WARNING - No viable dags retrieved from /opt/airflow/dags/create_star_schema_part_2.py
[2023-12-20T03:12:30.580+0000] {processor.py:179} INFO - Processing /opt/airflow/dags/create_star_schema_part_2.py took 0.018 seconds
[2023-12-20T03:13:00.969+0000] {processor.py:157} INFO - Started process (PID=716) to work on /opt/airflow/dags/create_star_schema_part_2.py
[2023-12-20T03:13:00.970+0000] {processor.py:829} INFO - Processing file /opt/airflow/dags/create_star_schema_part_2.py for tasks to queue
[2023-12-20T03:13:00.971+0000] {logging_mixin.py:154} INFO - [2023-12-20T03:13:00.971+0000] {dagbag.py:536} INFO - Filling up the DagBag from /opt/airflow/dags/create_star_schema_part_2.py
[2023-12-20T03:13:00.979+0000] {processor.py:841} WARNING - No viable dags retrieved from /opt/airflow/dags/create_star_schema_part_2.py
[2023-12-20T03:13:00.994+0000] {processor.py:179} INFO - Processing /opt/airflow/dags/create_star_schema_part_2.py took 0.029 seconds
[2023-12-20T03:13:31.403+0000] {processor.py:157} INFO - Started process (PID=759) to work on /opt/airflow/dags/create_star_schema_part_2.py
[2023-12-20T03:13:31.404+0000] {processor.py:829} INFO - Processing file /opt/airflow/dags/create_star_schema_part_2.py for tasks to queue
[2023-12-20T03:13:31.404+0000] {logging_mixin.py:154} INFO - [2023-12-20T03:13:31.404+0000] {dagbag.py:536} INFO - Filling up the DagBag from /opt/airflow/dags/create_star_schema_part_2.py
[2023-12-20T03:13:31.410+0000] {processor.py:841} WARNING - No viable dags retrieved from /opt/airflow/dags/create_star_schema_part_2.py
[2023-12-20T03:13:31.422+0000] {processor.py:179} INFO - Processing /opt/airflow/dags/create_star_schema_part_2.py took 0.022 seconds
[2023-12-20T03:14:01.816+0000] {processor.py:157} INFO - Started process (PID=802) to work on /opt/airflow/dags/create_star_schema_part_2.py
[2023-12-20T03:14:01.817+0000] {processor.py:829} INFO - Processing file /opt/airflow/dags/create_star_schema_part_2.py for tasks to queue
[2023-12-20T03:14:01.817+0000] {logging_mixin.py:154} INFO - [2023-12-20T03:14:01.817+0000] {dagbag.py:536} INFO - Filling up the DagBag from /opt/airflow/dags/create_star_schema_part_2.py
[2023-12-20T03:14:01.822+0000] {processor.py:841} WARNING - No viable dags retrieved from /opt/airflow/dags/create_star_schema_part_2.py
[2023-12-20T03:14:01.836+0000] {processor.py:179} INFO - Processing /opt/airflow/dags/create_star_schema_part_2.py took 0.022 seconds
[2023-12-20T03:14:32.269+0000] {processor.py:157} INFO - Started process (PID=845) to work on /opt/airflow/dags/create_star_schema_part_2.py
[2023-12-20T03:14:32.270+0000] {processor.py:829} INFO - Processing file /opt/airflow/dags/create_star_schema_part_2.py for tasks to queue
[2023-12-20T03:14:32.271+0000] {logging_mixin.py:154} INFO - [2023-12-20T03:14:32.271+0000] {dagbag.py:536} INFO - Filling up the DagBag from /opt/airflow/dags/create_star_schema_part_2.py
[2023-12-20T03:14:32.280+0000] {processor.py:841} WARNING - No viable dags retrieved from /opt/airflow/dags/create_star_schema_part_2.py
[2023-12-20T03:14:32.298+0000] {processor.py:179} INFO - Processing /opt/airflow/dags/create_star_schema_part_2.py took 0.032 seconds
[2023-12-20T03:15:02.781+0000] {processor.py:157} INFO - Started process (PID=888) to work on /opt/airflow/dags/create_star_schema_part_2.py
[2023-12-20T03:15:02.782+0000] {processor.py:829} INFO - Processing file /opt/airflow/dags/create_star_schema_part_2.py for tasks to queue
[2023-12-20T03:15:02.784+0000] {logging_mixin.py:154} INFO - [2023-12-20T03:15:02.784+0000] {dagbag.py:536} INFO - Filling up the DagBag from /opt/airflow/dags/create_star_schema_part_2.py
[2023-12-20T03:15:02.790+0000] {processor.py:841} WARNING - No viable dags retrieved from /opt/airflow/dags/create_star_schema_part_2.py
[2023-12-20T03:15:02.804+0000] {processor.py:179} INFO - Processing /opt/airflow/dags/create_star_schema_part_2.py took 0.026 seconds
[2023-12-20T03:15:33.252+0000] {processor.py:157} INFO - Started process (PID=931) to work on /opt/airflow/dags/create_star_schema_part_2.py
[2023-12-20T03:15:33.253+0000] {processor.py:829} INFO - Processing file /opt/airflow/dags/create_star_schema_part_2.py for tasks to queue
[2023-12-20T03:15:33.254+0000] {logging_mixin.py:154} INFO - [2023-12-20T03:15:33.254+0000] {dagbag.py:536} INFO - Filling up the DagBag from /opt/airflow/dags/create_star_schema_part_2.py
[2023-12-20T03:15:33.262+0000] {processor.py:841} WARNING - No viable dags retrieved from /opt/airflow/dags/create_star_schema_part_2.py
[2023-12-20T03:15:33.278+0000] {processor.py:179} INFO - Processing /opt/airflow/dags/create_star_schema_part_2.py took 0.029 seconds
[2023-12-20T03:16:04.048+0000] {processor.py:157} INFO - Started process (PID=985) to work on /opt/airflow/dags/create_star_schema_part_2.py
[2023-12-20T03:16:04.049+0000] {processor.py:829} INFO - Processing file /opt/airflow/dags/create_star_schema_part_2.py for tasks to queue
[2023-12-20T03:16:04.049+0000] {logging_mixin.py:154} INFO - [2023-12-20T03:16:04.049+0000] {dagbag.py:536} INFO - Filling up the DagBag from /opt/airflow/dags/create_star_schema_part_2.py
[2023-12-20T03:16:04.054+0000] {processor.py:841} WARNING - No viable dags retrieved from /opt/airflow/dags/create_star_schema_part_2.py
[2023-12-20T03:16:04.067+0000] {processor.py:179} INFO - Processing /opt/airflow/dags/create_star_schema_part_2.py took 0.023 seconds
[2023-12-20T03:16:34.473+0000] {processor.py:157} INFO - Started process (PID=1028) to work on /opt/airflow/dags/create_star_schema_part_2.py
[2023-12-20T03:16:34.474+0000] {processor.py:829} INFO - Processing file /opt/airflow/dags/create_star_schema_part_2.py for tasks to queue
[2023-12-20T03:16:34.475+0000] {logging_mixin.py:154} INFO - [2023-12-20T03:16:34.475+0000] {dagbag.py:536} INFO - Filling up the DagBag from /opt/airflow/dags/create_star_schema_part_2.py
[2023-12-20T03:16:34.481+0000] {processor.py:841} WARNING - No viable dags retrieved from /opt/airflow/dags/create_star_schema_part_2.py
[2023-12-20T03:16:34.496+0000] {processor.py:179} INFO - Processing /opt/airflow/dags/create_star_schema_part_2.py took 0.025 seconds
[2023-12-20T03:17:04.939+0000] {processor.py:157} INFO - Started process (PID=1071) to work on /opt/airflow/dags/create_star_schema_part_2.py
[2023-12-20T03:17:04.939+0000] {processor.py:829} INFO - Processing file /opt/airflow/dags/create_star_schema_part_2.py for tasks to queue
[2023-12-20T03:17:04.940+0000] {logging_mixin.py:154} INFO - [2023-12-20T03:17:04.940+0000] {dagbag.py:536} INFO - Filling up the DagBag from /opt/airflow/dags/create_star_schema_part_2.py
[2023-12-20T03:17:04.945+0000] {processor.py:841} WARNING - No viable dags retrieved from /opt/airflow/dags/create_star_schema_part_2.py
[2023-12-20T03:17:04.956+0000] {processor.py:179} INFO - Processing /opt/airflow/dags/create_star_schema_part_2.py took 0.020 seconds
[2023-12-20T03:17:35.383+0000] {processor.py:157} INFO - Started process (PID=1114) to work on /opt/airflow/dags/create_star_schema_part_2.py
[2023-12-20T03:17:35.385+0000] {processor.py:829} INFO - Processing file /opt/airflow/dags/create_star_schema_part_2.py for tasks to queue
[2023-12-20T03:17:35.386+0000] {logging_mixin.py:154} INFO - [2023-12-20T03:17:35.385+0000] {dagbag.py:536} INFO - Filling up the DagBag from /opt/airflow/dags/create_star_schema_part_2.py
[2023-12-20T03:17:35.392+0000] {processor.py:841} WARNING - No viable dags retrieved from /opt/airflow/dags/create_star_schema_part_2.py
[2023-12-20T03:17:35.405+0000] {processor.py:179} INFO - Processing /opt/airflow/dags/create_star_schema_part_2.py took 0.026 seconds
[2023-12-20T03:18:05.869+0000] {processor.py:157} INFO - Started process (PID=1157) to work on /opt/airflow/dags/create_star_schema_part_2.py
[2023-12-20T03:18:05.870+0000] {processor.py:829} INFO - Processing file /opt/airflow/dags/create_star_schema_part_2.py for tasks to queue
[2023-12-20T03:18:05.871+0000] {logging_mixin.py:154} INFO - [2023-12-20T03:18:05.870+0000] {dagbag.py:536} INFO - Filling up the DagBag from /opt/airflow/dags/create_star_schema_part_2.py
[2023-12-20T03:18:05.877+0000] {processor.py:841} WARNING - No viable dags retrieved from /opt/airflow/dags/create_star_schema_part_2.py
[2023-12-20T03:18:05.889+0000] {processor.py:179} INFO - Processing /opt/airflow/dags/create_star_schema_part_2.py took 0.024 seconds
[2023-12-20T03:18:36.366+0000] {processor.py:157} INFO - Started process (PID=1200) to work on /opt/airflow/dags/create_star_schema_part_2.py
[2023-12-20T03:18:36.367+0000] {processor.py:829} INFO - Processing file /opt/airflow/dags/create_star_schema_part_2.py for tasks to queue
[2023-12-20T03:18:36.368+0000] {logging_mixin.py:154} INFO - [2023-12-20T03:18:36.368+0000] {dagbag.py:536} INFO - Filling up the DagBag from /opt/airflow/dags/create_star_schema_part_2.py
[2023-12-20T03:18:36.374+0000] {processor.py:841} WARNING - No viable dags retrieved from /opt/airflow/dags/create_star_schema_part_2.py
[2023-12-20T03:18:36.386+0000] {processor.py:179} INFO - Processing /opt/airflow/dags/create_star_schema_part_2.py took 0.022 seconds
[2023-12-20T03:19:06.841+0000] {processor.py:157} INFO - Started process (PID=1249) to work on /opt/airflow/dags/create_star_schema_part_2.py
[2023-12-20T03:19:06.842+0000] {processor.py:829} INFO - Processing file /opt/airflow/dags/create_star_schema_part_2.py for tasks to queue
[2023-12-20T03:19:06.844+0000] {logging_mixin.py:154} INFO - [2023-12-20T03:19:06.843+0000] {dagbag.py:536} INFO - Filling up the DagBag from /opt/airflow/dags/create_star_schema_part_2.py
[2023-12-20T03:19:06.850+0000] {processor.py:841} WARNING - No viable dags retrieved from /opt/airflow/dags/create_star_schema_part_2.py
[2023-12-20T03:19:06.866+0000] {processor.py:179} INFO - Processing /opt/airflow/dags/create_star_schema_part_2.py took 0.030 seconds
[2023-12-20T03:19:37.336+0000] {processor.py:157} INFO - Started process (PID=1305) to work on /opt/airflow/dags/create_star_schema_part_2.py
[2023-12-20T03:19:37.336+0000] {processor.py:829} INFO - Processing file /opt/airflow/dags/create_star_schema_part_2.py for tasks to queue
[2023-12-20T03:19:37.337+0000] {logging_mixin.py:154} INFO - [2023-12-20T03:19:37.337+0000] {dagbag.py:536} INFO - Filling up the DagBag from /opt/airflow/dags/create_star_schema_part_2.py
[2023-12-20T03:19:37.340+0000] {processor.py:841} WARNING - No viable dags retrieved from /opt/airflow/dags/create_star_schema_part_2.py
[2023-12-20T03:19:37.351+0000] {processor.py:179} INFO - Processing /opt/airflow/dags/create_star_schema_part_2.py took 0.018 seconds
[2023-12-20T03:20:07.790+0000] {processor.py:157} INFO - Started process (PID=1349) to work on /opt/airflow/dags/create_star_schema_part_2.py
[2023-12-20T03:20:07.791+0000] {processor.py:829} INFO - Processing file /opt/airflow/dags/create_star_schema_part_2.py for tasks to queue
[2023-12-20T03:20:07.791+0000] {logging_mixin.py:154} INFO - [2023-12-20T03:20:07.791+0000] {dagbag.py:536} INFO - Filling up the DagBag from /opt/airflow/dags/create_star_schema_part_2.py
[2023-12-20T03:20:07.798+0000] {processor.py:841} WARNING - No viable dags retrieved from /opt/airflow/dags/create_star_schema_part_2.py
[2023-12-20T03:20:07.812+0000] {processor.py:179} INFO - Processing /opt/airflow/dags/create_star_schema_part_2.py took 0.027 seconds
[2023-12-20T03:20:38.198+0000] {processor.py:157} INFO - Started process (PID=1394) to work on /opt/airflow/dags/create_star_schema_part_2.py
[2023-12-20T03:20:38.199+0000] {processor.py:829} INFO - Processing file /opt/airflow/dags/create_star_schema_part_2.py for tasks to queue
[2023-12-20T03:20:38.200+0000] {logging_mixin.py:154} INFO - [2023-12-20T03:20:38.200+0000] {dagbag.py:536} INFO - Filling up the DagBag from /opt/airflow/dags/create_star_schema_part_2.py
[2023-12-20T03:20:38.205+0000] {processor.py:841} WARNING - No viable dags retrieved from /opt/airflow/dags/create_star_schema_part_2.py
[2023-12-20T03:20:38.216+0000] {processor.py:179} INFO - Processing /opt/airflow/dags/create_star_schema_part_2.py took 0.020 seconds
[2023-12-20T03:21:08.547+0000] {processor.py:157} INFO - Started process (PID=1447) to work on /opt/airflow/dags/create_star_schema_part_2.py
[2023-12-20T03:21:08.548+0000] {processor.py:829} INFO - Processing file /opt/airflow/dags/create_star_schema_part_2.py for tasks to queue
[2023-12-20T03:21:08.552+0000] {logging_mixin.py:154} INFO - [2023-12-20T03:21:08.550+0000] {dagbag.py:536} INFO - Filling up the DagBag from /opt/airflow/dags/create_star_schema_part_2.py
[2023-12-20T03:21:08.564+0000] {processor.py:841} WARNING - No viable dags retrieved from /opt/airflow/dags/create_star_schema_part_2.py
[2023-12-20T03:21:08.579+0000] {processor.py:179} INFO - Processing /opt/airflow/dags/create_star_schema_part_2.py took 0.034 seconds
[2023-12-20T03:21:38.840+0000] {processor.py:157} INFO - Started process (PID=1490) to work on /opt/airflow/dags/create_star_schema_part_2.py
[2023-12-20T03:21:38.841+0000] {processor.py:829} INFO - Processing file /opt/airflow/dags/create_star_schema_part_2.py for tasks to queue
[2023-12-20T03:21:38.841+0000] {logging_mixin.py:154} INFO - [2023-12-20T03:21:38.841+0000] {dagbag.py:536} INFO - Filling up the DagBag from /opt/airflow/dags/create_star_schema_part_2.py
[2023-12-20T03:21:38.846+0000] {processor.py:841} WARNING - No viable dags retrieved from /opt/airflow/dags/create_star_schema_part_2.py
[2023-12-20T03:21:38.858+0000] {processor.py:179} INFO - Processing /opt/airflow/dags/create_star_schema_part_2.py took 0.021 seconds
[2023-12-20T03:22:09.112+0000] {processor.py:157} INFO - Started process (PID=1533) to work on /opt/airflow/dags/create_star_schema_part_2.py
[2023-12-20T03:22:09.113+0000] {processor.py:829} INFO - Processing file /opt/airflow/dags/create_star_schema_part_2.py for tasks to queue
[2023-12-20T03:22:09.113+0000] {logging_mixin.py:154} INFO - [2023-12-20T03:22:09.113+0000] {dagbag.py:536} INFO - Filling up the DagBag from /opt/airflow/dags/create_star_schema_part_2.py
[2023-12-20T03:22:09.120+0000] {processor.py:841} WARNING - No viable dags retrieved from /opt/airflow/dags/create_star_schema_part_2.py
[2023-12-20T03:22:09.135+0000] {processor.py:179} INFO - Processing /opt/airflow/dags/create_star_schema_part_2.py took 0.028 seconds
[2023-12-20T03:22:39.374+0000] {processor.py:157} INFO - Started process (PID=1576) to work on /opt/airflow/dags/create_star_schema_part_2.py
[2023-12-20T03:22:39.375+0000] {processor.py:829} INFO - Processing file /opt/airflow/dags/create_star_schema_part_2.py for tasks to queue
[2023-12-20T03:22:39.375+0000] {logging_mixin.py:154} INFO - [2023-12-20T03:22:39.375+0000] {dagbag.py:536} INFO - Filling up the DagBag from /opt/airflow/dags/create_star_schema_part_2.py
[2023-12-20T03:22:39.380+0000] {processor.py:841} WARNING - No viable dags retrieved from /opt/airflow/dags/create_star_schema_part_2.py
[2023-12-20T03:22:39.392+0000] {processor.py:179} INFO - Processing /opt/airflow/dags/create_star_schema_part_2.py took 0.021 seconds
[2023-12-20T03:23:09.609+0000] {processor.py:157} INFO - Started process (PID=1619) to work on /opt/airflow/dags/create_star_schema_part_2.py
[2023-12-20T03:23:09.610+0000] {processor.py:829} INFO - Processing file /opt/airflow/dags/create_star_schema_part_2.py for tasks to queue
[2023-12-20T03:23:09.611+0000] {logging_mixin.py:154} INFO - [2023-12-20T03:23:09.610+0000] {dagbag.py:536} INFO - Filling up the DagBag from /opt/airflow/dags/create_star_schema_part_2.py
[2023-12-20T03:23:09.615+0000] {processor.py:841} WARNING - No viable dags retrieved from /opt/airflow/dags/create_star_schema_part_2.py
[2023-12-20T03:23:09.628+0000] {processor.py:179} INFO - Processing /opt/airflow/dags/create_star_schema_part_2.py took 0.022 seconds
[2023-12-20T03:23:39.842+0000] {processor.py:157} INFO - Started process (PID=1662) to work on /opt/airflow/dags/create_star_schema_part_2.py
[2023-12-20T03:23:39.842+0000] {processor.py:829} INFO - Processing file /opt/airflow/dags/create_star_schema_part_2.py for tasks to queue
[2023-12-20T03:23:39.843+0000] {logging_mixin.py:154} INFO - [2023-12-20T03:23:39.842+0000] {dagbag.py:536} INFO - Filling up the DagBag from /opt/airflow/dags/create_star_schema_part_2.py
[2023-12-20T03:23:39.847+0000] {processor.py:841} WARNING - No viable dags retrieved from /opt/airflow/dags/create_star_schema_part_2.py
[2023-12-20T03:23:39.859+0000] {processor.py:179} INFO - Processing /opt/airflow/dags/create_star_schema_part_2.py took 0.020 seconds
[2023-12-20T03:24:10.079+0000] {processor.py:157} INFO - Started process (PID=1705) to work on /opt/airflow/dags/create_star_schema_part_2.py
[2023-12-20T03:24:10.080+0000] {processor.py:829} INFO - Processing file /opt/airflow/dags/create_star_schema_part_2.py for tasks to queue
[2023-12-20T03:24:10.081+0000] {logging_mixin.py:154} INFO - [2023-12-20T03:24:10.080+0000] {dagbag.py:536} INFO - Filling up the DagBag from /opt/airflow/dags/create_star_schema_part_2.py
[2023-12-20T03:24:10.085+0000] {processor.py:841} WARNING - No viable dags retrieved from /opt/airflow/dags/create_star_schema_part_2.py
[2023-12-20T03:24:10.100+0000] {processor.py:179} INFO - Processing /opt/airflow/dags/create_star_schema_part_2.py took 0.025 seconds
[2023-12-20T03:24:40.298+0000] {processor.py:157} INFO - Started process (PID=1748) to work on /opt/airflow/dags/create_star_schema_part_2.py
[2023-12-20T03:24:40.299+0000] {processor.py:829} INFO - Processing file /opt/airflow/dags/create_star_schema_part_2.py for tasks to queue
[2023-12-20T03:24:40.300+0000] {logging_mixin.py:154} INFO - [2023-12-20T03:24:40.299+0000] {dagbag.py:536} INFO - Filling up the DagBag from /opt/airflow/dags/create_star_schema_part_2.py
[2023-12-20T03:24:40.304+0000] {processor.py:841} WARNING - No viable dags retrieved from /opt/airflow/dags/create_star_schema_part_2.py
[2023-12-20T03:24:40.316+0000] {processor.py:179} INFO - Processing /opt/airflow/dags/create_star_schema_part_2.py took 0.020 seconds
[2023-12-20T03:25:10.629+0000] {processor.py:157} INFO - Started process (PID=1791) to work on /opt/airflow/dags/create_star_schema_part_2.py
[2023-12-20T03:25:10.630+0000] {processor.py:829} INFO - Processing file /opt/airflow/dags/create_star_schema_part_2.py for tasks to queue
[2023-12-20T03:25:10.631+0000] {logging_mixin.py:154} INFO - [2023-12-20T03:25:10.631+0000] {dagbag.py:536} INFO - Filling up the DagBag from /opt/airflow/dags/create_star_schema_part_2.py
[2023-12-20T03:25:10.639+0000] {processor.py:841} WARNING - No viable dags retrieved from /opt/airflow/dags/create_star_schema_part_2.py
[2023-12-20T03:25:10.654+0000] {processor.py:179} INFO - Processing /opt/airflow/dags/create_star_schema_part_2.py took 0.029 seconds
[2023-12-20T03:25:41.079+0000] {processor.py:157} INFO - Started process (PID=1834) to work on /opt/airflow/dags/create_star_schema_part_2.py
[2023-12-20T03:25:41.080+0000] {processor.py:829} INFO - Processing file /opt/airflow/dags/create_star_schema_part_2.py for tasks to queue
[2023-12-20T03:25:41.081+0000] {logging_mixin.py:154} INFO - [2023-12-20T03:25:41.081+0000] {dagbag.py:536} INFO - Filling up the DagBag from /opt/airflow/dags/create_star_schema_part_2.py
[2023-12-20T03:25:41.089+0000] {processor.py:841} WARNING - No viable dags retrieved from /opt/airflow/dags/create_star_schema_part_2.py
[2023-12-20T03:25:41.104+0000] {processor.py:179} INFO - Processing /opt/airflow/dags/create_star_schema_part_2.py took 0.029 seconds
[2023-12-20T03:26:11.514+0000] {processor.py:157} INFO - Started process (PID=1889) to work on /opt/airflow/dags/create_star_schema_part_2.py
[2023-12-20T03:26:11.515+0000] {processor.py:829} INFO - Processing file /opt/airflow/dags/create_star_schema_part_2.py for tasks to queue
[2023-12-20T03:26:11.516+0000] {logging_mixin.py:154} INFO - [2023-12-20T03:26:11.516+0000] {dagbag.py:536} INFO - Filling up the DagBag from /opt/airflow/dags/create_star_schema_part_2.py
[2023-12-20T03:26:11.523+0000] {processor.py:841} WARNING - No viable dags retrieved from /opt/airflow/dags/create_star_schema_part_2.py
[2023-12-20T03:26:11.538+0000] {processor.py:179} INFO - Processing /opt/airflow/dags/create_star_schema_part_2.py took 0.029 seconds
[2023-12-20T03:26:41.964+0000] {processor.py:157} INFO - Started process (PID=1932) to work on /opt/airflow/dags/create_star_schema_part_2.py
[2023-12-20T03:26:41.965+0000] {processor.py:829} INFO - Processing file /opt/airflow/dags/create_star_schema_part_2.py for tasks to queue
[2023-12-20T03:26:41.966+0000] {logging_mixin.py:154} INFO - [2023-12-20T03:26:41.966+0000] {dagbag.py:536} INFO - Filling up the DagBag from /opt/airflow/dags/create_star_schema_part_2.py
[2023-12-20T03:26:41.972+0000] {processor.py:841} WARNING - No viable dags retrieved from /opt/airflow/dags/create_star_schema_part_2.py
[2023-12-20T03:26:41.987+0000] {processor.py:179} INFO - Processing /opt/airflow/dags/create_star_schema_part_2.py took 0.026 seconds
[2023-12-20T03:27:12.393+0000] {processor.py:157} INFO - Started process (PID=1984) to work on /opt/airflow/dags/create_star_schema_part_2.py
[2023-12-20T03:27:12.393+0000] {processor.py:829} INFO - Processing file /opt/airflow/dags/create_star_schema_part_2.py for tasks to queue
[2023-12-20T03:27:12.394+0000] {logging_mixin.py:154} INFO - [2023-12-20T03:27:12.394+0000] {dagbag.py:536} INFO - Filling up the DagBag from /opt/airflow/dags/create_star_schema_part_2.py
[2023-12-20T03:27:12.398+0000] {processor.py:841} WARNING - No viable dags retrieved from /opt/airflow/dags/create_star_schema_part_2.py
[2023-12-20T03:27:12.408+0000] {processor.py:179} INFO - Processing /opt/airflow/dags/create_star_schema_part_2.py took 0.017 seconds
[2023-12-20T03:27:42.760+0000] {processor.py:157} INFO - Started process (PID=2027) to work on /opt/airflow/dags/create_star_schema_part_2.py
[2023-12-20T03:27:42.760+0000] {processor.py:829} INFO - Processing file /opt/airflow/dags/create_star_schema_part_2.py for tasks to queue
[2023-12-20T03:27:42.761+0000] {logging_mixin.py:154} INFO - [2023-12-20T03:27:42.761+0000] {dagbag.py:536} INFO - Filling up the DagBag from /opt/airflow/dags/create_star_schema_part_2.py
[2023-12-20T03:27:42.765+0000] {processor.py:841} WARNING - No viable dags retrieved from /opt/airflow/dags/create_star_schema_part_2.py
[2023-12-20T03:27:42.776+0000] {processor.py:179} INFO - Processing /opt/airflow/dags/create_star_schema_part_2.py took 0.018 seconds
[2023-12-20T03:28:13.149+0000] {processor.py:157} INFO - Started process (PID=2070) to work on /opt/airflow/dags/create_star_schema_part_2.py
[2023-12-20T03:28:13.150+0000] {processor.py:829} INFO - Processing file /opt/airflow/dags/create_star_schema_part_2.py for tasks to queue
[2023-12-20T03:28:13.151+0000] {logging_mixin.py:154} INFO - [2023-12-20T03:28:13.150+0000] {dagbag.py:536} INFO - Filling up the DagBag from /opt/airflow/dags/create_star_schema_part_2.py
[2023-12-20T03:28:13.155+0000] {processor.py:841} WARNING - No viable dags retrieved from /opt/airflow/dags/create_star_schema_part_2.py
[2023-12-20T03:28:13.166+0000] {processor.py:179} INFO - Processing /opt/airflow/dags/create_star_schema_part_2.py took 0.019 seconds
[2023-12-20T03:28:43.579+0000] {processor.py:157} INFO - Started process (PID=2113) to work on /opt/airflow/dags/create_star_schema_part_2.py
[2023-12-20T03:28:43.579+0000] {processor.py:829} INFO - Processing file /opt/airflow/dags/create_star_schema_part_2.py for tasks to queue
[2023-12-20T03:28:43.580+0000] {logging_mixin.py:154} INFO - [2023-12-20T03:28:43.580+0000] {dagbag.py:536} INFO - Filling up the DagBag from /opt/airflow/dags/create_star_schema_part_2.py
[2023-12-20T03:28:43.585+0000] {processor.py:841} WARNING - No viable dags retrieved from /opt/airflow/dags/create_star_schema_part_2.py
[2023-12-20T03:28:43.596+0000] {processor.py:179} INFO - Processing /opt/airflow/dags/create_star_schema_part_2.py took 0.019 seconds
[2023-12-20T03:29:13.995+0000] {processor.py:157} INFO - Started process (PID=2156) to work on /opt/airflow/dags/create_star_schema_part_2.py
[2023-12-20T03:29:13.996+0000] {processor.py:829} INFO - Processing file /opt/airflow/dags/create_star_schema_part_2.py for tasks to queue
[2023-12-20T03:29:13.997+0000] {logging_mixin.py:154} INFO - [2023-12-20T03:29:13.996+0000] {dagbag.py:536} INFO - Filling up the DagBag from /opt/airflow/dags/create_star_schema_part_2.py
[2023-12-20T03:29:14.000+0000] {processor.py:841} WARNING - No viable dags retrieved from /opt/airflow/dags/create_star_schema_part_2.py
[2023-12-20T03:29:14.010+0000] {processor.py:179} INFO - Processing /opt/airflow/dags/create_star_schema_part_2.py took 0.017 seconds
[2023-12-20T03:29:44.430+0000] {processor.py:157} INFO - Started process (PID=2199) to work on /opt/airflow/dags/create_star_schema_part_2.py
[2023-12-20T03:29:44.431+0000] {processor.py:829} INFO - Processing file /opt/airflow/dags/create_star_schema_part_2.py for tasks to queue
[2023-12-20T03:29:44.431+0000] {logging_mixin.py:154} INFO - [2023-12-20T03:29:44.431+0000] {dagbag.py:536} INFO - Filling up the DagBag from /opt/airflow/dags/create_star_schema_part_2.py
[2023-12-20T03:29:44.435+0000] {processor.py:841} WARNING - No viable dags retrieved from /opt/airflow/dags/create_star_schema_part_2.py
[2023-12-20T03:29:44.445+0000] {processor.py:179} INFO - Processing /opt/airflow/dags/create_star_schema_part_2.py took 0.017 seconds
[2023-12-20T03:30:14.832+0000] {processor.py:157} INFO - Started process (PID=2242) to work on /opt/airflow/dags/create_star_schema_part_2.py
[2023-12-20T03:30:14.833+0000] {processor.py:829} INFO - Processing file /opt/airflow/dags/create_star_schema_part_2.py for tasks to queue
[2023-12-20T03:30:14.833+0000] {logging_mixin.py:154} INFO - [2023-12-20T03:30:14.833+0000] {dagbag.py:536} INFO - Filling up the DagBag from /opt/airflow/dags/create_star_schema_part_2.py
[2023-12-20T03:30:14.838+0000] {processor.py:841} WARNING - No viable dags retrieved from /opt/airflow/dags/create_star_schema_part_2.py
[2023-12-20T03:30:14.848+0000] {processor.py:179} INFO - Processing /opt/airflow/dags/create_star_schema_part_2.py took 0.017 seconds
[2023-12-20T03:30:45.215+0000] {processor.py:157} INFO - Started process (PID=2284) to work on /opt/airflow/dags/create_star_schema_part_2.py
[2023-12-20T03:30:45.216+0000] {processor.py:829} INFO - Processing file /opt/airflow/dags/create_star_schema_part_2.py for tasks to queue
[2023-12-20T03:30:45.217+0000] {logging_mixin.py:154} INFO - [2023-12-20T03:30:45.217+0000] {dagbag.py:536} INFO - Filling up the DagBag from /opt/airflow/dags/create_star_schema_part_2.py
[2023-12-20T03:30:45.221+0000] {processor.py:841} WARNING - No viable dags retrieved from /opt/airflow/dags/create_star_schema_part_2.py
[2023-12-20T03:30:45.232+0000] {processor.py:179} INFO - Processing /opt/airflow/dags/create_star_schema_part_2.py took 0.019 seconds
[2023-12-20T03:31:15.680+0000] {processor.py:157} INFO - Started process (PID=2327) to work on /opt/airflow/dags/create_star_schema_part_2.py
[2023-12-20T03:31:15.681+0000] {processor.py:829} INFO - Processing file /opt/airflow/dags/create_star_schema_part_2.py for tasks to queue
[2023-12-20T03:31:15.682+0000] {logging_mixin.py:154} INFO - [2023-12-20T03:31:15.682+0000] {dagbag.py:536} INFO - Filling up the DagBag from /opt/airflow/dags/create_star_schema_part_2.py
[2023-12-20T03:31:15.689+0000] {processor.py:841} WARNING - No viable dags retrieved from /opt/airflow/dags/create_star_schema_part_2.py
[2023-12-20T03:31:15.705+0000] {processor.py:179} INFO - Processing /opt/airflow/dags/create_star_schema_part_2.py took 0.028 seconds
[2023-12-20T03:31:46.206+0000] {processor.py:157} INFO - Started process (PID=2370) to work on /opt/airflow/dags/create_star_schema_part_2.py
[2023-12-20T03:31:46.207+0000] {processor.py:829} INFO - Processing file /opt/airflow/dags/create_star_schema_part_2.py for tasks to queue
[2023-12-20T03:31:46.207+0000] {logging_mixin.py:154} INFO - [2023-12-20T03:31:46.207+0000] {dagbag.py:536} INFO - Filling up the DagBag from /opt/airflow/dags/create_star_schema_part_2.py
[2023-12-20T03:31:46.212+0000] {processor.py:841} WARNING - No viable dags retrieved from /opt/airflow/dags/create_star_schema_part_2.py
[2023-12-20T03:31:46.224+0000] {processor.py:179} INFO - Processing /opt/airflow/dags/create_star_schema_part_2.py took 0.021 seconds
[2023-12-20T03:32:16.741+0000] {processor.py:157} INFO - Started process (PID=2412) to work on /opt/airflow/dags/create_star_schema_part_2.py
[2023-12-20T03:32:16.741+0000] {processor.py:829} INFO - Processing file /opt/airflow/dags/create_star_schema_part_2.py for tasks to queue
[2023-12-20T03:32:16.742+0000] {logging_mixin.py:154} INFO - [2023-12-20T03:32:16.742+0000] {dagbag.py:536} INFO - Filling up the DagBag from /opt/airflow/dags/create_star_schema_part_2.py
[2023-12-20T03:32:16.746+0000] {processor.py:841} WARNING - No viable dags retrieved from /opt/airflow/dags/create_star_schema_part_2.py
[2023-12-20T03:32:16.758+0000] {processor.py:179} INFO - Processing /opt/airflow/dags/create_star_schema_part_2.py took 0.020 seconds
[2023-12-20T03:32:47.579+0000] {processor.py:157} INFO - Started process (PID=2465) to work on /opt/airflow/dags/create_star_schema_part_2.py
[2023-12-20T03:32:47.580+0000] {processor.py:829} INFO - Processing file /opt/airflow/dags/create_star_schema_part_2.py for tasks to queue
[2023-12-20T03:32:47.581+0000] {logging_mixin.py:154} INFO - [2023-12-20T03:32:47.580+0000] {dagbag.py:536} INFO - Filling up the DagBag from /opt/airflow/dags/create_star_schema_part_2.py
[2023-12-20T03:32:47.586+0000] {processor.py:841} WARNING - No viable dags retrieved from /opt/airflow/dags/create_star_schema_part_2.py
[2023-12-20T03:32:47.597+0000] {processor.py:179} INFO - Processing /opt/airflow/dags/create_star_schema_part_2.py took 0.021 seconds
[2023-12-20T03:33:18.021+0000] {processor.py:157} INFO - Started process (PID=2505) to work on /opt/airflow/dags/create_star_schema_part_2.py
[2023-12-20T03:33:18.022+0000] {processor.py:829} INFO - Processing file /opt/airflow/dags/create_star_schema_part_2.py for tasks to queue
[2023-12-20T03:33:18.022+0000] {logging_mixin.py:154} INFO - [2023-12-20T03:33:18.022+0000] {dagbag.py:536} INFO - Filling up the DagBag from /opt/airflow/dags/create_star_schema_part_2.py
[2023-12-20T03:33:18.026+0000] {processor.py:841} WARNING - No viable dags retrieved from /opt/airflow/dags/create_star_schema_part_2.py
[2023-12-20T03:33:18.037+0000] {processor.py:179} INFO - Processing /opt/airflow/dags/create_star_schema_part_2.py took 0.019 seconds
[2023-12-20T03:33:48.464+0000] {processor.py:157} INFO - Started process (PID=2548) to work on /opt/airflow/dags/create_star_schema_part_2.py
[2023-12-20T03:33:48.465+0000] {processor.py:829} INFO - Processing file /opt/airflow/dags/create_star_schema_part_2.py for tasks to queue
[2023-12-20T03:33:48.466+0000] {logging_mixin.py:154} INFO - [2023-12-20T03:33:48.465+0000] {dagbag.py:536} INFO - Filling up the DagBag from /opt/airflow/dags/create_star_schema_part_2.py
[2023-12-20T03:33:48.469+0000] {processor.py:841} WARNING - No viable dags retrieved from /opt/airflow/dags/create_star_schema_part_2.py
[2023-12-20T03:33:48.480+0000] {processor.py:179} INFO - Processing /opt/airflow/dags/create_star_schema_part_2.py took 0.017 seconds
[2023-12-20T03:34:18.940+0000] {processor.py:157} INFO - Started process (PID=2591) to work on /opt/airflow/dags/create_star_schema_part_2.py
[2023-12-20T03:34:18.940+0000] {processor.py:829} INFO - Processing file /opt/airflow/dags/create_star_schema_part_2.py for tasks to queue
[2023-12-20T03:34:18.941+0000] {logging_mixin.py:154} INFO - [2023-12-20T03:34:18.941+0000] {dagbag.py:536} INFO - Filling up the DagBag from /opt/airflow/dags/create_star_schema_part_2.py
[2023-12-20T03:34:18.946+0000] {processor.py:841} WARNING - No viable dags retrieved from /opt/airflow/dags/create_star_schema_part_2.py
[2023-12-20T03:34:18.956+0000] {processor.py:179} INFO - Processing /opt/airflow/dags/create_star_schema_part_2.py took 0.019 seconds
[2023-12-20T03:34:49.456+0000] {processor.py:157} INFO - Started process (PID=2634) to work on /opt/airflow/dags/create_star_schema_part_2.py
[2023-12-20T03:34:49.457+0000] {processor.py:829} INFO - Processing file /opt/airflow/dags/create_star_schema_part_2.py for tasks to queue
[2023-12-20T03:34:49.458+0000] {logging_mixin.py:154} INFO - [2023-12-20T03:34:49.458+0000] {dagbag.py:536} INFO - Filling up the DagBag from /opt/airflow/dags/create_star_schema_part_2.py
[2023-12-20T03:34:49.463+0000] {processor.py:841} WARNING - No viable dags retrieved from /opt/airflow/dags/create_star_schema_part_2.py
[2023-12-20T03:34:49.473+0000] {processor.py:179} INFO - Processing /opt/airflow/dags/create_star_schema_part_2.py took 0.019 seconds
[2023-12-20T03:35:19.959+0000] {processor.py:157} INFO - Started process (PID=2686) to work on /opt/airflow/dags/create_star_schema_part_2.py
[2023-12-20T03:35:19.960+0000] {processor.py:829} INFO - Processing file /opt/airflow/dags/create_star_schema_part_2.py for tasks to queue
[2023-12-20T03:35:19.960+0000] {logging_mixin.py:154} INFO - [2023-12-20T03:35:19.960+0000] {dagbag.py:536} INFO - Filling up the DagBag from /opt/airflow/dags/create_star_schema_part_2.py
[2023-12-20T03:35:19.964+0000] {processor.py:841} WARNING - No viable dags retrieved from /opt/airflow/dags/create_star_schema_part_2.py
[2023-12-20T03:35:19.974+0000] {processor.py:179} INFO - Processing /opt/airflow/dags/create_star_schema_part_2.py took 0.018 seconds
[2023-12-20T03:35:50.472+0000] {processor.py:157} INFO - Started process (PID=2729) to work on /opt/airflow/dags/create_star_schema_part_2.py
[2023-12-20T03:35:50.473+0000] {processor.py:829} INFO - Processing file /opt/airflow/dags/create_star_schema_part_2.py for tasks to queue
[2023-12-20T03:35:50.473+0000] {logging_mixin.py:154} INFO - [2023-12-20T03:35:50.473+0000] {dagbag.py:536} INFO - Filling up the DagBag from /opt/airflow/dags/create_star_schema_part_2.py
[2023-12-20T03:35:50.477+0000] {processor.py:841} WARNING - No viable dags retrieved from /opt/airflow/dags/create_star_schema_part_2.py
[2023-12-20T03:35:50.488+0000] {processor.py:179} INFO - Processing /opt/airflow/dags/create_star_schema_part_2.py took 0.019 seconds
[2023-12-20T03:36:21.012+0000] {processor.py:157} INFO - Started process (PID=2772) to work on /opt/airflow/dags/create_star_schema_part_2.py
[2023-12-20T03:36:21.012+0000] {processor.py:829} INFO - Processing file /opt/airflow/dags/create_star_schema_part_2.py for tasks to queue
[2023-12-20T03:36:21.013+0000] {logging_mixin.py:154} INFO - [2023-12-20T03:36:21.013+0000] {dagbag.py:536} INFO - Filling up the DagBag from /opt/airflow/dags/create_star_schema_part_2.py
[2023-12-20T03:36:21.017+0000] {processor.py:841} WARNING - No viable dags retrieved from /opt/airflow/dags/create_star_schema_part_2.py
[2023-12-20T03:36:21.028+0000] {processor.py:179} INFO - Processing /opt/airflow/dags/create_star_schema_part_2.py took 0.019 seconds
[2023-12-20T03:36:51.523+0000] {processor.py:157} INFO - Started process (PID=2815) to work on /opt/airflow/dags/create_star_schema_part_2.py
[2023-12-20T03:36:51.524+0000] {processor.py:829} INFO - Processing file /opt/airflow/dags/create_star_schema_part_2.py for tasks to queue
[2023-12-20T03:36:51.524+0000] {logging_mixin.py:154} INFO - [2023-12-20T03:36:51.524+0000] {dagbag.py:536} INFO - Filling up the DagBag from /opt/airflow/dags/create_star_schema_part_2.py
[2023-12-20T03:36:51.529+0000] {processor.py:841} WARNING - No viable dags retrieved from /opt/airflow/dags/create_star_schema_part_2.py
[2023-12-20T03:36:51.540+0000] {processor.py:179} INFO - Processing /opt/airflow/dags/create_star_schema_part_2.py took 0.019 seconds
[2023-12-20T03:37:22.117+0000] {processor.py:157} INFO - Started process (PID=2858) to work on /opt/airflow/dags/create_star_schema_part_2.py
[2023-12-20T03:37:22.118+0000] {processor.py:829} INFO - Processing file /opt/airflow/dags/create_star_schema_part_2.py for tasks to queue
[2023-12-20T03:37:22.119+0000] {logging_mixin.py:154} INFO - [2023-12-20T03:37:22.119+0000] {dagbag.py:536} INFO - Filling up the DagBag from /opt/airflow/dags/create_star_schema_part_2.py
[2023-12-20T03:37:22.123+0000] {processor.py:841} WARNING - No viable dags retrieved from /opt/airflow/dags/create_star_schema_part_2.py
[2023-12-20T03:37:22.136+0000] {processor.py:179} INFO - Processing /opt/airflow/dags/create_star_schema_part_2.py took 0.021 seconds
[2023-12-20T03:37:52.668+0000] {processor.py:157} INFO - Started process (PID=2901) to work on /opt/airflow/dags/create_star_schema_part_2.py
[2023-12-20T03:37:52.669+0000] {processor.py:829} INFO - Processing file /opt/airflow/dags/create_star_schema_part_2.py for tasks to queue
[2023-12-20T03:37:52.669+0000] {logging_mixin.py:154} INFO - [2023-12-20T03:37:52.669+0000] {dagbag.py:536} INFO - Filling up the DagBag from /opt/airflow/dags/create_star_schema_part_2.py
[2023-12-20T03:37:52.674+0000] {processor.py:841} WARNING - No viable dags retrieved from /opt/airflow/dags/create_star_schema_part_2.py
[2023-12-20T03:37:52.687+0000] {processor.py:179} INFO - Processing /opt/airflow/dags/create_star_schema_part_2.py took 0.021 seconds
