[2023-12-12T19:35:04.401+0000] {taskinstance.py:1159} INFO - Dependencies all met for dep_context=non-requeueable deps ti=<TaskInstance: pred_accident_risk_score_unique_postcodes-v01.create_dim_tables.create_dim_Special_Conditions_at_Site_table scheduled__2023-12-01T00:00:00+00:00 [queued]>
[2023-12-12T19:35:04.443+0000] {taskinstance.py:1159} INFO - Dependencies all met for dep_context=requeueable deps ti=<TaskInstance: pred_accident_risk_score_unique_postcodes-v01.create_dim_tables.create_dim_Special_Conditions_at_Site_table scheduled__2023-12-01T00:00:00+00:00 [queued]>
[2023-12-12T19:35:04.449+0000] {taskinstance.py:1361} INFO - Starting attempt 1 of 6
[2023-12-12T19:35:04.474+0000] {taskinstance.py:1382} INFO - Executing <Task(PostgresOperator): create_dim_Special_Conditions_at_Site_table> on 2023-12-01 00:00:00+00:00
[2023-12-12T19:35:04.484+0000] {standard_task_runner.py:57} INFO - Started process 469 to run task
[2023-12-12T19:35:04.490+0000] {standard_task_runner.py:84} INFO - Running: ['***', 'tasks', 'run', 'pred_accident_risk_score_unique_postcodes-v01.create_dim_tables', 'create_dim_Special_Conditions_at_Site_table', 'scheduled__2023-12-01T00:00:00+00:00', '--job-id', '27', '--raw', '--subdir', 'DAGS_FOLDER/Predict_Accident_Risk_Score_For_Unique_Postcodes.py', '--cfg-path', '/tmp/tmp5yck93sy']
[2023-12-12T19:35:04.500+0000] {standard_task_runner.py:85} INFO - Job 27: Subtask create_dim_Special_Conditions_at_Site_table
[2023-12-12T19:35:04.647+0000] {task_command.py:416} INFO - Running <TaskInstance: pred_accident_risk_score_unique_postcodes-v01.create_dim_tables.create_dim_Special_Conditions_at_Site_table scheduled__2023-12-01T00:00:00+00:00 [running]> on host 79e6b838224c
[2023-12-12T19:35:04.787+0000] {taskinstance.py:1662} INFO - Exporting env vars: AIRFLOW_CTX_DAG_OWNER='dunnbc22' AIRFLOW_CTX_DAG_ID='pred_accident_risk_score_unique_postcodes-v01.create_dim_tables' AIRFLOW_CTX_TASK_ID='create_dim_Special_Conditions_at_Site_table' AIRFLOW_CTX_EXECUTION_DATE='2023-12-01T00:00:00+00:00' AIRFLOW_CTX_TRY_NUMBER='1' AIRFLOW_CTX_DAG_RUN_ID='scheduled__2023-12-01T00:00:00+00:00'
[2023-12-12T19:35:04.791+0000] {sql.py:274} INFO - Executing: -- params: table_name, dimension_col, data_type

-- Step 1: Extract Unique Values
CREATE TEMPORARY TABLE unique_values_Special_Conditions_at_Site AS
SELECT DISTINCT Special_Conditions_at_Site FROM predict_accident_risk_pipe;

-- Step 2: Create Dimension Table
DROP TABLE IF EXISTS dimension_table_Special_Conditions_at_Site;
CREATE TABLE dimension_table_Special_Conditions_at_Site (
    id SERIAL PRIMARY KEY,
    Special_Conditions_at_Site VARCHAR
);

-- Step 3: Insert unique values into dimension table
INSERT INTO dimension_table_Special_Conditions_at_Site (Special_Conditions_at_Site)
SELECT * FROM unique_values_Special_Conditions_at_Site;
[2023-12-12T19:35:04.810+0000] {base.py:73} INFO - Using connection ID 'postgres_conn' for task execution.
[2023-12-12T19:35:04.821+0000] {base.py:73} INFO - Using connection ID 'postgres_conn' for task execution.
[2023-12-12T19:35:04.832+0000] {sql.py:418} INFO - Running statement: -- params: table_name, dimension_col, data_type

-- Step 1: Extract Unique Values
CREATE TEMPORARY TABLE unique_values_Special_Conditions_at_Site AS
SELECT DISTINCT Special_Conditions_at_Site FROM predict_accident_risk_pipe;

-- Step 2: Create Dimension Table
DROP TABLE IF EXISTS dimension_table_Special_Conditions_at_Site;
CREATE TABLE dimension_table_Special_Conditions_at_Site (
    id SERIAL PRIMARY KEY,
    Special_Conditions_at_Site VARCHAR
);

-- Step 3: Insert unique values into dimension table
INSERT INTO dimension_table_Special_Conditions_at_Site (Special_Conditions_at_Site)
SELECT * FROM unique_values_Special_Conditions_at_Site;, parameters: None
[2023-12-12T19:35:05.353+0000] {sql.py:427} INFO - Rows affected: 8
[2023-12-12T19:35:05.365+0000] {taskinstance.py:1400} INFO - Marking task as SUCCESS. dag_id=pred_accident_risk_score_unique_postcodes-v01.create_dim_tables, task_id=create_dim_Special_Conditions_at_Site_table, execution_date=20231201T000000, start_date=20231212T193504, end_date=20231212T193505
[2023-12-12T19:35:05.404+0000] {local_task_job_runner.py:228} INFO - Task exited with return code 0
[2023-12-12T19:35:05.460+0000] {taskinstance.py:2778} INFO - 0 downstream tasks scheduled from follow-on schedule check
