[2023-12-20T00:00:23.756+0000] {processor.py:157} INFO - Started process (PID=8667) to work on /opt/airflow/dags/create_star_schema_part_2.py
[2023-12-20T00:00:23.757+0000] {processor.py:829} INFO - Processing file /opt/airflow/dags/create_star_schema_part_2.py for tasks to queue
[2023-12-20T00:00:23.757+0000] {logging_mixin.py:154} INFO - [2023-12-20T00:00:23.757+0000] {dagbag.py:536} INFO - Filling up the DagBag from /opt/airflow/dags/create_star_schema_part_2.py
[2023-12-20T00:00:23.762+0000] {processor.py:841} WARNING - No viable dags retrieved from /opt/airflow/dags/create_star_schema_part_2.py
[2023-12-20T00:00:23.774+0000] {processor.py:179} INFO - Processing /opt/airflow/dags/create_star_schema_part_2.py took 0.021 seconds
[2023-12-20T00:00:54.341+0000] {processor.py:157} INFO - Started process (PID=8710) to work on /opt/airflow/dags/create_star_schema_part_2.py
[2023-12-20T00:00:54.342+0000] {processor.py:829} INFO - Processing file /opt/airflow/dags/create_star_schema_part_2.py for tasks to queue
[2023-12-20T00:00:54.343+0000] {logging_mixin.py:154} INFO - [2023-12-20T00:00:54.343+0000] {dagbag.py:536} INFO - Filling up the DagBag from /opt/airflow/dags/create_star_schema_part_2.py
[2023-12-20T00:00:54.348+0000] {processor.py:841} WARNING - No viable dags retrieved from /opt/airflow/dags/create_star_schema_part_2.py
[2023-12-20T00:00:54.359+0000] {processor.py:179} INFO - Processing /opt/airflow/dags/create_star_schema_part_2.py took 0.021 seconds
[2023-12-20T00:01:25.033+0000] {processor.py:157} INFO - Started process (PID=8753) to work on /opt/airflow/dags/create_star_schema_part_2.py
[2023-12-20T00:01:25.033+0000] {processor.py:829} INFO - Processing file /opt/airflow/dags/create_star_schema_part_2.py for tasks to queue
[2023-12-20T00:01:25.034+0000] {logging_mixin.py:154} INFO - [2023-12-20T00:01:25.034+0000] {dagbag.py:536} INFO - Filling up the DagBag from /opt/airflow/dags/create_star_schema_part_2.py
[2023-12-20T00:01:25.039+0000] {processor.py:841} WARNING - No viable dags retrieved from /opt/airflow/dags/create_star_schema_part_2.py
[2023-12-20T00:01:25.050+0000] {processor.py:179} INFO - Processing /opt/airflow/dags/create_star_schema_part_2.py took 0.020 seconds
[2023-12-20T00:01:55.592+0000] {processor.py:157} INFO - Started process (PID=8796) to work on /opt/airflow/dags/create_star_schema_part_2.py
[2023-12-20T00:01:55.593+0000] {processor.py:829} INFO - Processing file /opt/airflow/dags/create_star_schema_part_2.py for tasks to queue
[2023-12-20T00:01:55.594+0000] {logging_mixin.py:154} INFO - [2023-12-20T00:01:55.593+0000] {dagbag.py:536} INFO - Filling up the DagBag from /opt/airflow/dags/create_star_schema_part_2.py
[2023-12-20T00:01:55.598+0000] {processor.py:841} WARNING - No viable dags retrieved from /opt/airflow/dags/create_star_schema_part_2.py
[2023-12-20T00:01:55.611+0000] {processor.py:179} INFO - Processing /opt/airflow/dags/create_star_schema_part_2.py took 0.021 seconds
[2023-12-20T00:02:26.279+0000] {processor.py:157} INFO - Started process (PID=8839) to work on /opt/airflow/dags/create_star_schema_part_2.py
[2023-12-20T00:02:26.280+0000] {processor.py:829} INFO - Processing file /opt/airflow/dags/create_star_schema_part_2.py for tasks to queue
[2023-12-20T00:02:26.281+0000] {logging_mixin.py:154} INFO - [2023-12-20T00:02:26.281+0000] {dagbag.py:536} INFO - Filling up the DagBag from /opt/airflow/dags/create_star_schema_part_2.py
[2023-12-20T00:02:26.286+0000] {processor.py:841} WARNING - No viable dags retrieved from /opt/airflow/dags/create_star_schema_part_2.py
[2023-12-20T00:02:26.298+0000] {processor.py:179} INFO - Processing /opt/airflow/dags/create_star_schema_part_2.py took 0.021 seconds
[2023-12-20T00:02:57.024+0000] {processor.py:157} INFO - Started process (PID=8882) to work on /opt/airflow/dags/create_star_schema_part_2.py
[2023-12-20T00:02:57.024+0000] {processor.py:829} INFO - Processing file /opt/airflow/dags/create_star_schema_part_2.py for tasks to queue
[2023-12-20T00:02:57.025+0000] {logging_mixin.py:154} INFO - [2023-12-20T00:02:57.025+0000] {dagbag.py:536} INFO - Filling up the DagBag from /opt/airflow/dags/create_star_schema_part_2.py
[2023-12-20T00:02:57.031+0000] {processor.py:841} WARNING - No viable dags retrieved from /opt/airflow/dags/create_star_schema_part_2.py
[2023-12-20T00:02:57.042+0000] {processor.py:179} INFO - Processing /opt/airflow/dags/create_star_schema_part_2.py took 0.021 seconds
[2023-12-20T00:03:27.745+0000] {processor.py:157} INFO - Started process (PID=8926) to work on /opt/airflow/dags/create_star_schema_part_2.py
[2023-12-20T00:03:27.746+0000] {processor.py:829} INFO - Processing file /opt/airflow/dags/create_star_schema_part_2.py for tasks to queue
[2023-12-20T00:03:27.747+0000] {logging_mixin.py:154} INFO - [2023-12-20T00:03:27.747+0000] {dagbag.py:536} INFO - Filling up the DagBag from /opt/airflow/dags/create_star_schema_part_2.py
[2023-12-20T00:03:27.751+0000] {processor.py:841} WARNING - No viable dags retrieved from /opt/airflow/dags/create_star_schema_part_2.py
[2023-12-20T00:03:27.762+0000] {processor.py:179} INFO - Processing /opt/airflow/dags/create_star_schema_part_2.py took 0.019 seconds
[2023-12-20T00:03:58.607+0000] {processor.py:157} INFO - Started process (PID=8971) to work on /opt/airflow/dags/create_star_schema_part_2.py
[2023-12-20T00:03:58.607+0000] {processor.py:829} INFO - Processing file /opt/airflow/dags/create_star_schema_part_2.py for tasks to queue
[2023-12-20T00:03:58.608+0000] {logging_mixin.py:154} INFO - [2023-12-20T00:03:58.608+0000] {dagbag.py:536} INFO - Filling up the DagBag from /opt/airflow/dags/create_star_schema_part_2.py
[2023-12-20T00:03:58.612+0000] {processor.py:841} WARNING - No viable dags retrieved from /opt/airflow/dags/create_star_schema_part_2.py
[2023-12-20T00:03:58.621+0000] {processor.py:179} INFO - Processing /opt/airflow/dags/create_star_schema_part_2.py took 0.017 seconds
[2023-12-20T00:04:29.086+0000] {processor.py:157} INFO - Started process (PID=9012) to work on /opt/airflow/dags/create_star_schema_part_2.py
[2023-12-20T00:04:29.087+0000] {processor.py:829} INFO - Processing file /opt/airflow/dags/create_star_schema_part_2.py for tasks to queue
[2023-12-20T00:04:29.088+0000] {logging_mixin.py:154} INFO - [2023-12-20T00:04:29.087+0000] {dagbag.py:536} INFO - Filling up the DagBag from /opt/airflow/dags/create_star_schema_part_2.py
[2023-12-20T00:04:29.091+0000] {processor.py:841} WARNING - No viable dags retrieved from /opt/airflow/dags/create_star_schema_part_2.py
[2023-12-20T00:04:29.102+0000] {processor.py:179} INFO - Processing /opt/airflow/dags/create_star_schema_part_2.py took 0.018 seconds
[2023-12-20T00:04:59.813+0000] {processor.py:157} INFO - Started process (PID=9055) to work on /opt/airflow/dags/create_star_schema_part_2.py
[2023-12-20T00:04:59.813+0000] {processor.py:829} INFO - Processing file /opt/airflow/dags/create_star_schema_part_2.py for tasks to queue
[2023-12-20T00:04:59.814+0000] {logging_mixin.py:154} INFO - [2023-12-20T00:04:59.814+0000] {dagbag.py:536} INFO - Filling up the DagBag from /opt/airflow/dags/create_star_schema_part_2.py
[2023-12-20T00:04:59.818+0000] {processor.py:841} WARNING - No viable dags retrieved from /opt/airflow/dags/create_star_schema_part_2.py
[2023-12-20T00:04:59.829+0000] {processor.py:179} INFO - Processing /opt/airflow/dags/create_star_schema_part_2.py took 0.018 seconds
[2023-12-20T00:05:30.533+0000] {processor.py:157} INFO - Started process (PID=9098) to work on /opt/airflow/dags/create_star_schema_part_2.py
[2023-12-20T00:05:30.533+0000] {processor.py:829} INFO - Processing file /opt/airflow/dags/create_star_schema_part_2.py for tasks to queue
[2023-12-20T00:05:30.534+0000] {logging_mixin.py:154} INFO - [2023-12-20T00:05:30.534+0000] {dagbag.py:536} INFO - Filling up the DagBag from /opt/airflow/dags/create_star_schema_part_2.py
[2023-12-20T00:05:30.538+0000] {processor.py:841} WARNING - No viable dags retrieved from /opt/airflow/dags/create_star_schema_part_2.py
[2023-12-20T00:05:30.548+0000] {processor.py:179} INFO - Processing /opt/airflow/dags/create_star_schema_part_2.py took 0.018 seconds
[2023-12-20T00:06:01.294+0000] {processor.py:157} INFO - Started process (PID=9141) to work on /opt/airflow/dags/create_star_schema_part_2.py
[2023-12-20T00:06:01.294+0000] {processor.py:829} INFO - Processing file /opt/airflow/dags/create_star_schema_part_2.py for tasks to queue
[2023-12-20T00:06:01.295+0000] {logging_mixin.py:154} INFO - [2023-12-20T00:06:01.295+0000] {dagbag.py:536} INFO - Filling up the DagBag from /opt/airflow/dags/create_star_schema_part_2.py
[2023-12-20T00:06:01.299+0000] {processor.py:841} WARNING - No viable dags retrieved from /opt/airflow/dags/create_star_schema_part_2.py
[2023-12-20T00:06:01.309+0000] {processor.py:179} INFO - Processing /opt/airflow/dags/create_star_schema_part_2.py took 0.018 seconds
[2023-12-20T00:06:31.982+0000] {processor.py:157} INFO - Started process (PID=9184) to work on /opt/airflow/dags/create_star_schema_part_2.py
[2023-12-20T00:06:31.983+0000] {processor.py:829} INFO - Processing file /opt/airflow/dags/create_star_schema_part_2.py for tasks to queue
[2023-12-20T00:06:31.983+0000] {logging_mixin.py:154} INFO - [2023-12-20T00:06:31.983+0000] {dagbag.py:536} INFO - Filling up the DagBag from /opt/airflow/dags/create_star_schema_part_2.py
[2023-12-20T00:06:31.988+0000] {processor.py:841} WARNING - No viable dags retrieved from /opt/airflow/dags/create_star_schema_part_2.py
[2023-12-20T00:06:31.998+0000] {processor.py:179} INFO - Processing /opt/airflow/dags/create_star_schema_part_2.py took 0.018 seconds
[2023-12-20T00:07:02.638+0000] {processor.py:157} INFO - Started process (PID=9227) to work on /opt/airflow/dags/create_star_schema_part_2.py
[2023-12-20T00:07:02.639+0000] {processor.py:829} INFO - Processing file /opt/airflow/dags/create_star_schema_part_2.py for tasks to queue
[2023-12-20T00:07:02.639+0000] {logging_mixin.py:154} INFO - [2023-12-20T00:07:02.639+0000] {dagbag.py:536} INFO - Filling up the DagBag from /opt/airflow/dags/create_star_schema_part_2.py
[2023-12-20T00:07:02.643+0000] {processor.py:841} WARNING - No viable dags retrieved from /opt/airflow/dags/create_star_schema_part_2.py
[2023-12-20T00:07:02.653+0000] {processor.py:179} INFO - Processing /opt/airflow/dags/create_star_schema_part_2.py took 0.017 seconds
[2023-12-20T00:07:33.364+0000] {processor.py:157} INFO - Started process (PID=9270) to work on /opt/airflow/dags/create_star_schema_part_2.py
[2023-12-20T00:07:33.365+0000] {processor.py:829} INFO - Processing file /opt/airflow/dags/create_star_schema_part_2.py for tasks to queue
[2023-12-20T00:07:33.365+0000] {logging_mixin.py:154} INFO - [2023-12-20T00:07:33.365+0000] {dagbag.py:536} INFO - Filling up the DagBag from /opt/airflow/dags/create_star_schema_part_2.py
[2023-12-20T00:07:33.369+0000] {processor.py:841} WARNING - No viable dags retrieved from /opt/airflow/dags/create_star_schema_part_2.py
[2023-12-20T00:07:33.380+0000] {processor.py:179} INFO - Processing /opt/airflow/dags/create_star_schema_part_2.py took 0.018 seconds
[2023-12-20T00:08:04.054+0000] {processor.py:157} INFO - Started process (PID=9313) to work on /opt/airflow/dags/create_star_schema_part_2.py
[2023-12-20T00:08:04.055+0000] {processor.py:829} INFO - Processing file /opt/airflow/dags/create_star_schema_part_2.py for tasks to queue
[2023-12-20T00:08:04.055+0000] {logging_mixin.py:154} INFO - [2023-12-20T00:08:04.055+0000] {dagbag.py:536} INFO - Filling up the DagBag from /opt/airflow/dags/create_star_schema_part_2.py
[2023-12-20T00:08:04.059+0000] {processor.py:841} WARNING - No viable dags retrieved from /opt/airflow/dags/create_star_schema_part_2.py
[2023-12-20T00:08:04.069+0000] {processor.py:179} INFO - Processing /opt/airflow/dags/create_star_schema_part_2.py took 0.018 seconds
[2023-12-20T00:08:34.740+0000] {processor.py:157} INFO - Started process (PID=9356) to work on /opt/airflow/dags/create_star_schema_part_2.py
[2023-12-20T00:08:34.741+0000] {processor.py:829} INFO - Processing file /opt/airflow/dags/create_star_schema_part_2.py for tasks to queue
[2023-12-20T00:08:34.741+0000] {logging_mixin.py:154} INFO - [2023-12-20T00:08:34.741+0000] {dagbag.py:536} INFO - Filling up the DagBag from /opt/airflow/dags/create_star_schema_part_2.py
[2023-12-20T00:08:34.746+0000] {processor.py:841} WARNING - No viable dags retrieved from /opt/airflow/dags/create_star_schema_part_2.py
[2023-12-20T00:08:34.755+0000] {processor.py:179} INFO - Processing /opt/airflow/dags/create_star_schema_part_2.py took 0.017 seconds
[2023-12-20T00:09:05.447+0000] {processor.py:157} INFO - Started process (PID=9406) to work on /opt/airflow/dags/create_star_schema_part_2.py
[2023-12-20T00:09:05.447+0000] {processor.py:829} INFO - Processing file /opt/airflow/dags/create_star_schema_part_2.py for tasks to queue
[2023-12-20T00:09:05.448+0000] {logging_mixin.py:154} INFO - [2023-12-20T00:09:05.448+0000] {dagbag.py:536} INFO - Filling up the DagBag from /opt/airflow/dags/create_star_schema_part_2.py
[2023-12-20T00:09:05.452+0000] {processor.py:841} WARNING - No viable dags retrieved from /opt/airflow/dags/create_star_schema_part_2.py
[2023-12-20T00:09:05.462+0000] {processor.py:179} INFO - Processing /opt/airflow/dags/create_star_schema_part_2.py took 0.018 seconds
[2023-12-20T00:09:36.162+0000] {processor.py:157} INFO - Started process (PID=9449) to work on /opt/airflow/dags/create_star_schema_part_2.py
[2023-12-20T00:09:36.162+0000] {processor.py:829} INFO - Processing file /opt/airflow/dags/create_star_schema_part_2.py for tasks to queue
[2023-12-20T00:09:36.163+0000] {logging_mixin.py:154} INFO - [2023-12-20T00:09:36.163+0000] {dagbag.py:536} INFO - Filling up the DagBag from /opt/airflow/dags/create_star_schema_part_2.py
[2023-12-20T00:09:36.167+0000] {processor.py:841} WARNING - No viable dags retrieved from /opt/airflow/dags/create_star_schema_part_2.py
[2023-12-20T00:09:36.177+0000] {processor.py:179} INFO - Processing /opt/airflow/dags/create_star_schema_part_2.py took 0.018 seconds
[2023-12-20T00:10:06.820+0000] {processor.py:157} INFO - Started process (PID=9492) to work on /opt/airflow/dags/create_star_schema_part_2.py
[2023-12-20T00:10:06.821+0000] {processor.py:829} INFO - Processing file /opt/airflow/dags/create_star_schema_part_2.py for tasks to queue
[2023-12-20T00:10:06.822+0000] {logging_mixin.py:154} INFO - [2023-12-20T00:10:06.821+0000] {dagbag.py:536} INFO - Filling up the DagBag from /opt/airflow/dags/create_star_schema_part_2.py
[2023-12-20T00:10:06.826+0000] {processor.py:841} WARNING - No viable dags retrieved from /opt/airflow/dags/create_star_schema_part_2.py
[2023-12-20T00:10:06.836+0000] {processor.py:179} INFO - Processing /opt/airflow/dags/create_star_schema_part_2.py took 0.017 seconds
[2023-12-20T00:10:37.525+0000] {processor.py:157} INFO - Started process (PID=9535) to work on /opt/airflow/dags/create_star_schema_part_2.py
[2023-12-20T00:10:37.526+0000] {processor.py:829} INFO - Processing file /opt/airflow/dags/create_star_schema_part_2.py for tasks to queue
[2023-12-20T00:10:37.526+0000] {logging_mixin.py:154} INFO - [2023-12-20T00:10:37.526+0000] {dagbag.py:536} INFO - Filling up the DagBag from /opt/airflow/dags/create_star_schema_part_2.py
[2023-12-20T00:10:37.531+0000] {processor.py:841} WARNING - No viable dags retrieved from /opt/airflow/dags/create_star_schema_part_2.py
[2023-12-20T00:10:37.541+0000] {processor.py:179} INFO - Processing /opt/airflow/dags/create_star_schema_part_2.py took 0.018 seconds
[2023-12-20T00:11:08.154+0000] {processor.py:157} INFO - Started process (PID=9578) to work on /opt/airflow/dags/create_star_schema_part_2.py
[2023-12-20T00:11:08.155+0000] {processor.py:829} INFO - Processing file /opt/airflow/dags/create_star_schema_part_2.py for tasks to queue
[2023-12-20T00:11:08.155+0000] {logging_mixin.py:154} INFO - [2023-12-20T00:11:08.155+0000] {dagbag.py:536} INFO - Filling up the DagBag from /opt/airflow/dags/create_star_schema_part_2.py
[2023-12-20T00:11:08.159+0000] {processor.py:841} WARNING - No viable dags retrieved from /opt/airflow/dags/create_star_schema_part_2.py
[2023-12-20T00:11:08.169+0000] {processor.py:179} INFO - Processing /opt/airflow/dags/create_star_schema_part_2.py took 0.017 seconds
[2023-12-20T00:11:38.845+0000] {processor.py:157} INFO - Started process (PID=9621) to work on /opt/airflow/dags/create_star_schema_part_2.py
[2023-12-20T00:11:38.846+0000] {processor.py:829} INFO - Processing file /opt/airflow/dags/create_star_schema_part_2.py for tasks to queue
[2023-12-20T00:11:38.846+0000] {logging_mixin.py:154} INFO - [2023-12-20T00:11:38.846+0000] {dagbag.py:536} INFO - Filling up the DagBag from /opt/airflow/dags/create_star_schema_part_2.py
[2023-12-20T00:11:38.850+0000] {processor.py:841} WARNING - No viable dags retrieved from /opt/airflow/dags/create_star_schema_part_2.py
[2023-12-20T00:11:38.860+0000] {processor.py:179} INFO - Processing /opt/airflow/dags/create_star_schema_part_2.py took 0.017 seconds
[2023-12-20T00:12:09.580+0000] {processor.py:157} INFO - Started process (PID=9664) to work on /opt/airflow/dags/create_star_schema_part_2.py
[2023-12-20T00:12:09.581+0000] {processor.py:829} INFO - Processing file /opt/airflow/dags/create_star_schema_part_2.py for tasks to queue
[2023-12-20T00:12:09.581+0000] {logging_mixin.py:154} INFO - [2023-12-20T00:12:09.581+0000] {dagbag.py:536} INFO - Filling up the DagBag from /opt/airflow/dags/create_star_schema_part_2.py
[2023-12-20T00:12:09.586+0000] {processor.py:841} WARNING - No viable dags retrieved from /opt/airflow/dags/create_star_schema_part_2.py
[2023-12-20T00:12:09.596+0000] {processor.py:179} INFO - Processing /opt/airflow/dags/create_star_schema_part_2.py took 0.018 seconds
[2023-12-20T00:12:40.349+0000] {processor.py:157} INFO - Started process (PID=9707) to work on /opt/airflow/dags/create_star_schema_part_2.py
[2023-12-20T00:12:40.350+0000] {processor.py:829} INFO - Processing file /opt/airflow/dags/create_star_schema_part_2.py for tasks to queue
[2023-12-20T00:12:40.350+0000] {logging_mixin.py:154} INFO - [2023-12-20T00:12:40.350+0000] {dagbag.py:536} INFO - Filling up the DagBag from /opt/airflow/dags/create_star_schema_part_2.py
[2023-12-20T00:12:40.354+0000] {processor.py:841} WARNING - No viable dags retrieved from /opt/airflow/dags/create_star_schema_part_2.py
[2023-12-20T00:12:40.364+0000] {processor.py:179} INFO - Processing /opt/airflow/dags/create_star_schema_part_2.py took 0.017 seconds
[2023-12-20T00:13:11.208+0000] {processor.py:157} INFO - Started process (PID=9752) to work on /opt/airflow/dags/create_star_schema_part_2.py
[2023-12-20T00:13:11.209+0000] {processor.py:829} INFO - Processing file /opt/airflow/dags/create_star_schema_part_2.py for tasks to queue
[2023-12-20T00:13:11.209+0000] {logging_mixin.py:154} INFO - [2023-12-20T00:13:11.209+0000] {dagbag.py:536} INFO - Filling up the DagBag from /opt/airflow/dags/create_star_schema_part_2.py
[2023-12-20T00:13:11.214+0000] {processor.py:841} WARNING - No viable dags retrieved from /opt/airflow/dags/create_star_schema_part_2.py
[2023-12-20T00:13:11.223+0000] {processor.py:179} INFO - Processing /opt/airflow/dags/create_star_schema_part_2.py took 0.017 seconds
[2023-12-20T00:13:41.933+0000] {processor.py:157} INFO - Started process (PID=9793) to work on /opt/airflow/dags/create_star_schema_part_2.py
[2023-12-20T00:13:41.934+0000] {processor.py:829} INFO - Processing file /opt/airflow/dags/create_star_schema_part_2.py for tasks to queue
[2023-12-20T00:13:41.934+0000] {logging_mixin.py:154} INFO - [2023-12-20T00:13:41.934+0000] {dagbag.py:536} INFO - Filling up the DagBag from /opt/airflow/dags/create_star_schema_part_2.py
[2023-12-20T00:13:41.939+0000] {processor.py:841} WARNING - No viable dags retrieved from /opt/airflow/dags/create_star_schema_part_2.py
[2023-12-20T00:13:41.949+0000] {processor.py:179} INFO - Processing /opt/airflow/dags/create_star_schema_part_2.py took 0.018 seconds
[2023-12-20T00:14:12.582+0000] {processor.py:157} INFO - Started process (PID=9836) to work on /opt/airflow/dags/create_star_schema_part_2.py
[2023-12-20T00:14:12.583+0000] {processor.py:829} INFO - Processing file /opt/airflow/dags/create_star_schema_part_2.py for tasks to queue
[2023-12-20T00:14:12.584+0000] {logging_mixin.py:154} INFO - [2023-12-20T00:14:12.583+0000] {dagbag.py:536} INFO - Filling up the DagBag from /opt/airflow/dags/create_star_schema_part_2.py
[2023-12-20T00:14:12.587+0000] {processor.py:841} WARNING - No viable dags retrieved from /opt/airflow/dags/create_star_schema_part_2.py
[2023-12-20T00:14:12.597+0000] {processor.py:179} INFO - Processing /opt/airflow/dags/create_star_schema_part_2.py took 0.017 seconds
[2023-12-20T00:14:43.311+0000] {processor.py:157} INFO - Started process (PID=9879) to work on /opt/airflow/dags/create_star_schema_part_2.py
[2023-12-20T00:14:43.311+0000] {processor.py:829} INFO - Processing file /opt/airflow/dags/create_star_schema_part_2.py for tasks to queue
[2023-12-20T00:14:43.312+0000] {logging_mixin.py:154} INFO - [2023-12-20T00:14:43.312+0000] {dagbag.py:536} INFO - Filling up the DagBag from /opt/airflow/dags/create_star_schema_part_2.py
[2023-12-20T00:14:43.316+0000] {processor.py:841} WARNING - No viable dags retrieved from /opt/airflow/dags/create_star_schema_part_2.py
[2023-12-20T00:14:43.326+0000] {processor.py:179} INFO - Processing /opt/airflow/dags/create_star_schema_part_2.py took 0.017 seconds
[2023-12-20T00:15:14.033+0000] {processor.py:157} INFO - Started process (PID=9922) to work on /opt/airflow/dags/create_star_schema_part_2.py
[2023-12-20T00:15:14.034+0000] {processor.py:829} INFO - Processing file /opt/airflow/dags/create_star_schema_part_2.py for tasks to queue
[2023-12-20T00:15:14.034+0000] {logging_mixin.py:154} INFO - [2023-12-20T00:15:14.034+0000] {dagbag.py:536} INFO - Filling up the DagBag from /opt/airflow/dags/create_star_schema_part_2.py
[2023-12-20T00:15:14.038+0000] {processor.py:841} WARNING - No viable dags retrieved from /opt/airflow/dags/create_star_schema_part_2.py
[2023-12-20T00:15:14.048+0000] {processor.py:179} INFO - Processing /opt/airflow/dags/create_star_schema_part_2.py took 0.018 seconds
[2023-12-20T00:15:44.705+0000] {processor.py:157} INFO - Started process (PID=9965) to work on /opt/airflow/dags/create_star_schema_part_2.py
[2023-12-20T00:15:44.706+0000] {processor.py:829} INFO - Processing file /opt/airflow/dags/create_star_schema_part_2.py for tasks to queue
[2023-12-20T00:15:44.706+0000] {logging_mixin.py:154} INFO - [2023-12-20T00:15:44.706+0000] {dagbag.py:536} INFO - Filling up the DagBag from /opt/airflow/dags/create_star_schema_part_2.py
[2023-12-20T00:15:44.710+0000] {processor.py:841} WARNING - No viable dags retrieved from /opt/airflow/dags/create_star_schema_part_2.py
[2023-12-20T00:15:44.720+0000] {processor.py:179} INFO - Processing /opt/airflow/dags/create_star_schema_part_2.py took 0.017 seconds
[2023-12-20T00:16:15.407+0000] {processor.py:157} INFO - Started process (PID=10008) to work on /opt/airflow/dags/create_star_schema_part_2.py
[2023-12-20T00:16:15.408+0000] {processor.py:829} INFO - Processing file /opt/airflow/dags/create_star_schema_part_2.py for tasks to queue
[2023-12-20T00:16:15.409+0000] {logging_mixin.py:154} INFO - [2023-12-20T00:16:15.409+0000] {dagbag.py:536} INFO - Filling up the DagBag from /opt/airflow/dags/create_star_schema_part_2.py
[2023-12-20T00:16:15.414+0000] {processor.py:841} WARNING - No viable dags retrieved from /opt/airflow/dags/create_star_schema_part_2.py
[2023-12-20T00:16:15.428+0000] {processor.py:179} INFO - Processing /opt/airflow/dags/create_star_schema_part_2.py took 0.024 seconds
[2023-12-20T00:16:46.155+0000] {processor.py:157} INFO - Started process (PID=10051) to work on /opt/airflow/dags/create_star_schema_part_2.py
[2023-12-20T00:16:46.156+0000] {processor.py:829} INFO - Processing file /opt/airflow/dags/create_star_schema_part_2.py for tasks to queue
[2023-12-20T00:16:46.157+0000] {logging_mixin.py:154} INFO - [2023-12-20T00:16:46.156+0000] {dagbag.py:536} INFO - Filling up the DagBag from /opt/airflow/dags/create_star_schema_part_2.py
[2023-12-20T00:16:46.161+0000] {processor.py:841} WARNING - No viable dags retrieved from /opt/airflow/dags/create_star_schema_part_2.py
[2023-12-20T00:16:46.171+0000] {processor.py:179} INFO - Processing /opt/airflow/dags/create_star_schema_part_2.py took 0.018 seconds
[2023-12-20T00:17:16.812+0000] {processor.py:157} INFO - Started process (PID=10094) to work on /opt/airflow/dags/create_star_schema_part_2.py
[2023-12-20T00:17:16.813+0000] {processor.py:829} INFO - Processing file /opt/airflow/dags/create_star_schema_part_2.py for tasks to queue
[2023-12-20T00:17:16.813+0000] {logging_mixin.py:154} INFO - [2023-12-20T00:17:16.813+0000] {dagbag.py:536} INFO - Filling up the DagBag from /opt/airflow/dags/create_star_schema_part_2.py
[2023-12-20T00:17:16.818+0000] {processor.py:841} WARNING - No viable dags retrieved from /opt/airflow/dags/create_star_schema_part_2.py
[2023-12-20T00:17:16.828+0000] {processor.py:179} INFO - Processing /opt/airflow/dags/create_star_schema_part_2.py took 0.018 seconds
[2023-12-20T00:17:47.664+0000] {processor.py:157} INFO - Started process (PID=10137) to work on /opt/airflow/dags/create_star_schema_part_2.py
[2023-12-20T00:17:47.665+0000] {processor.py:829} INFO - Processing file /opt/airflow/dags/create_star_schema_part_2.py for tasks to queue
[2023-12-20T00:17:47.665+0000] {logging_mixin.py:154} INFO - [2023-12-20T00:17:47.665+0000] {dagbag.py:536} INFO - Filling up the DagBag from /opt/airflow/dags/create_star_schema_part_2.py
[2023-12-20T00:17:47.669+0000] {processor.py:841} WARNING - No viable dags retrieved from /opt/airflow/dags/create_star_schema_part_2.py
[2023-12-20T00:17:47.679+0000] {processor.py:179} INFO - Processing /opt/airflow/dags/create_star_schema_part_2.py took 0.017 seconds
[2023-12-20T00:18:18.367+0000] {processor.py:157} INFO - Started process (PID=10180) to work on /opt/airflow/dags/create_star_schema_part_2.py
[2023-12-20T00:18:18.368+0000] {processor.py:829} INFO - Processing file /opt/airflow/dags/create_star_schema_part_2.py for tasks to queue
[2023-12-20T00:18:18.368+0000] {logging_mixin.py:154} INFO - [2023-12-20T00:18:18.368+0000] {dagbag.py:536} INFO - Filling up the DagBag from /opt/airflow/dags/create_star_schema_part_2.py
[2023-12-20T00:18:18.373+0000] {processor.py:841} WARNING - No viable dags retrieved from /opt/airflow/dags/create_star_schema_part_2.py
[2023-12-20T00:18:18.383+0000] {processor.py:179} INFO - Processing /opt/airflow/dags/create_star_schema_part_2.py took 0.018 seconds
[2023-12-20T00:18:49.015+0000] {processor.py:157} INFO - Started process (PID=10223) to work on /opt/airflow/dags/create_star_schema_part_2.py
[2023-12-20T00:18:49.016+0000] {processor.py:829} INFO - Processing file /opt/airflow/dags/create_star_schema_part_2.py for tasks to queue
[2023-12-20T00:18:49.017+0000] {logging_mixin.py:154} INFO - [2023-12-20T00:18:49.016+0000] {dagbag.py:536} INFO - Filling up the DagBag from /opt/airflow/dags/create_star_schema_part_2.py
[2023-12-20T00:18:49.021+0000] {processor.py:841} WARNING - No viable dags retrieved from /opt/airflow/dags/create_star_schema_part_2.py
[2023-12-20T00:18:49.030+0000] {processor.py:179} INFO - Processing /opt/airflow/dags/create_star_schema_part_2.py took 0.017 seconds
[2023-12-20T00:19:19.720+0000] {processor.py:157} INFO - Started process (PID=10266) to work on /opt/airflow/dags/create_star_schema_part_2.py
[2023-12-20T00:19:19.720+0000] {processor.py:829} INFO - Processing file /opt/airflow/dags/create_star_schema_part_2.py for tasks to queue
[2023-12-20T00:19:19.721+0000] {logging_mixin.py:154} INFO - [2023-12-20T00:19:19.721+0000] {dagbag.py:536} INFO - Filling up the DagBag from /opt/airflow/dags/create_star_schema_part_2.py
[2023-12-20T00:19:19.725+0000] {processor.py:841} WARNING - No viable dags retrieved from /opt/airflow/dags/create_star_schema_part_2.py
[2023-12-20T00:19:19.735+0000] {processor.py:179} INFO - Processing /opt/airflow/dags/create_star_schema_part_2.py took 0.018 seconds
[2023-12-20T00:19:50.387+0000] {processor.py:157} INFO - Started process (PID=10309) to work on /opt/airflow/dags/create_star_schema_part_2.py
[2023-12-20T00:19:50.387+0000] {processor.py:829} INFO - Processing file /opt/airflow/dags/create_star_schema_part_2.py for tasks to queue
[2023-12-20T00:19:50.388+0000] {logging_mixin.py:154} INFO - [2023-12-20T00:19:50.387+0000] {dagbag.py:536} INFO - Filling up the DagBag from /opt/airflow/dags/create_star_schema_part_2.py
[2023-12-20T00:19:50.392+0000] {processor.py:841} WARNING - No viable dags retrieved from /opt/airflow/dags/create_star_schema_part_2.py
[2023-12-20T00:19:50.402+0000] {processor.py:179} INFO - Processing /opt/airflow/dags/create_star_schema_part_2.py took 0.017 seconds
[2023-12-20T00:20:21.070+0000] {processor.py:157} INFO - Started process (PID=10352) to work on /opt/airflow/dags/create_star_schema_part_2.py
[2023-12-20T00:20:21.071+0000] {processor.py:829} INFO - Processing file /opt/airflow/dags/create_star_schema_part_2.py for tasks to queue
[2023-12-20T00:20:21.071+0000] {logging_mixin.py:154} INFO - [2023-12-20T00:20:21.071+0000] {dagbag.py:536} INFO - Filling up the DagBag from /opt/airflow/dags/create_star_schema_part_2.py
[2023-12-20T00:20:21.075+0000] {processor.py:841} WARNING - No viable dags retrieved from /opt/airflow/dags/create_star_schema_part_2.py
[2023-12-20T00:20:21.085+0000] {processor.py:179} INFO - Processing /opt/airflow/dags/create_star_schema_part_2.py took 0.018 seconds
[2023-12-20T00:20:51.719+0000] {processor.py:157} INFO - Started process (PID=10395) to work on /opt/airflow/dags/create_star_schema_part_2.py
[2023-12-20T00:20:51.720+0000] {processor.py:829} INFO - Processing file /opt/airflow/dags/create_star_schema_part_2.py for tasks to queue
[2023-12-20T00:20:51.720+0000] {logging_mixin.py:154} INFO - [2023-12-20T00:20:51.720+0000] {dagbag.py:536} INFO - Filling up the DagBag from /opt/airflow/dags/create_star_schema_part_2.py
[2023-12-20T00:20:51.725+0000] {processor.py:841} WARNING - No viable dags retrieved from /opt/airflow/dags/create_star_schema_part_2.py
[2023-12-20T00:20:51.735+0000] {processor.py:179} INFO - Processing /opt/airflow/dags/create_star_schema_part_2.py took 0.018 seconds
[2023-12-20T00:21:22.431+0000] {processor.py:157} INFO - Started process (PID=10438) to work on /opt/airflow/dags/create_star_schema_part_2.py
[2023-12-20T00:21:22.431+0000] {processor.py:829} INFO - Processing file /opt/airflow/dags/create_star_schema_part_2.py for tasks to queue
[2023-12-20T00:21:22.432+0000] {logging_mixin.py:154} INFO - [2023-12-20T00:21:22.432+0000] {dagbag.py:536} INFO - Filling up the DagBag from /opt/airflow/dags/create_star_schema_part_2.py
[2023-12-20T00:21:22.436+0000] {processor.py:841} WARNING - No viable dags retrieved from /opt/airflow/dags/create_star_schema_part_2.py
[2023-12-20T00:21:22.446+0000] {processor.py:179} INFO - Processing /opt/airflow/dags/create_star_schema_part_2.py took 0.017 seconds
[2023-12-20T00:21:53.175+0000] {processor.py:157} INFO - Started process (PID=10481) to work on /opt/airflow/dags/create_star_schema_part_2.py
[2023-12-20T00:21:53.176+0000] {processor.py:829} INFO - Processing file /opt/airflow/dags/create_star_schema_part_2.py for tasks to queue
[2023-12-20T00:21:53.177+0000] {logging_mixin.py:154} INFO - [2023-12-20T00:21:53.176+0000] {dagbag.py:536} INFO - Filling up the DagBag from /opt/airflow/dags/create_star_schema_part_2.py
[2023-12-20T00:21:53.181+0000] {processor.py:841} WARNING - No viable dags retrieved from /opt/airflow/dags/create_star_schema_part_2.py
[2023-12-20T00:21:53.190+0000] {processor.py:179} INFO - Processing /opt/airflow/dags/create_star_schema_part_2.py took 0.017 seconds
