[2023-12-19T23:01:22.003+0000] {taskinstance.py:1159} INFO - Dependencies all met for dep_context=non-requeueable deps ti=<TaskInstance: hosp_insur_claim_fraud-v01.create_dim_tables.create_dim_ethnicity_table scheduled__2023-12-01T00:00:00+00:00 [queued]>
[2023-12-19T23:01:22.032+0000] {taskinstance.py:1159} INFO - Dependencies all met for dep_context=requeueable deps ti=<TaskInstance: hosp_insur_claim_fraud-v01.create_dim_tables.create_dim_ethnicity_table scheduled__2023-12-01T00:00:00+00:00 [queued]>
[2023-12-19T23:01:22.036+0000] {taskinstance.py:1361} INFO - Starting attempt 1 of 6
[2023-12-19T23:01:22.077+0000] {taskinstance.py:1382} INFO - Executing <Task(PostgresOperator): create_dim_ethnicity_table> on 2023-12-01 00:00:00+00:00
[2023-12-19T23:01:22.100+0000] {standard_task_runner.py:57} INFO - Started process 3595 to run task
[2023-12-19T23:01:22.125+0000] {standard_task_runner.py:84} INFO - Running: ['***', 'tasks', 'run', 'hosp_insur_claim_fraud-v01.create_dim_tables', 'create_dim_ethnicity_table', 'scheduled__2023-12-01T00:00:00+00:00', '--job-id', '21', '--raw', '--subdir', 'DAGS_FOLDER/Hospital_Insurance_Claim_Fraud.py', '--cfg-path', '/tmp/tmp38vadcda']
[2023-12-19T23:01:22.138+0000] {standard_task_runner.py:85} INFO - Job 21: Subtask create_dim_ethnicity_table
[2023-12-19T23:01:22.336+0000] {task_command.py:416} INFO - Running <TaskInstance: hosp_insur_claim_fraud-v01.create_dim_tables.create_dim_ethnicity_table scheduled__2023-12-01T00:00:00+00:00 [running]> on host 183042dfa495
[2023-12-19T23:01:22.624+0000] {taskinstance.py:1662} INFO - Exporting env vars: AIRFLOW_CTX_DAG_OWNER='dunnbc22' AIRFLOW_CTX_DAG_ID='hosp_insur_claim_fraud-v01.create_dim_tables' AIRFLOW_CTX_TASK_ID='create_dim_ethnicity_table' AIRFLOW_CTX_EXECUTION_DATE='2023-12-01T00:00:00+00:00' AIRFLOW_CTX_TRY_NUMBER='1' AIRFLOW_CTX_DAG_RUN_ID='scheduled__2023-12-01T00:00:00+00:00'
[2023-12-19T23:01:22.634+0000] {sql.py:274} INFO - Executing: -- params: table_name, dimension_col, data_type

-- Step 1: Extract Unique Values
CREATE TEMPORARY TABLE unique_values_ethnicity AS
SELECT DISTINCT ethnicity FROM hosp_insur_claim_fraud_pipeline;

-- Step 2: Create Dimension Table
DROP TABLE IF EXISTS dimension_table_ethnicity;
CREATE TABLE dimension_table_ethnicity (
    id SERIAL PRIMARY KEY,
    ethnicity VARCHAR
);

-- Step 3: Insert unique values into dimension table
INSERT INTO dimension_table_ethnicity (ethnicity)
SELECT * FROM unique_values_ethnicity;
[2023-12-19T23:01:22.657+0000] {base.py:73} INFO - Using connection ID 'postgres_conn' for task execution.
[2023-12-19T23:01:22.683+0000] {base.py:73} INFO - Using connection ID 'postgres_conn' for task execution.
[2023-12-19T23:01:22.702+0000] {sql.py:418} INFO - Running statement: -- params: table_name, dimension_col, data_type

-- Step 1: Extract Unique Values
CREATE TEMPORARY TABLE unique_values_ethnicity AS
SELECT DISTINCT ethnicity FROM hosp_insur_claim_fraud_pipeline;

-- Step 2: Create Dimension Table
DROP TABLE IF EXISTS dimension_table_ethnicity;
CREATE TABLE dimension_table_ethnicity (
    id SERIAL PRIMARY KEY,
    ethnicity VARCHAR
);

-- Step 3: Insert unique values into dimension table
INSERT INTO dimension_table_ethnicity (ethnicity)
SELECT * FROM unique_values_ethnicity;, parameters: None
[2023-12-19T23:01:22.985+0000] {sql.py:427} INFO - Rows affected: 3
[2023-12-19T23:01:23.015+0000] {taskinstance.py:1400} INFO - Marking task as SUCCESS. dag_id=hosp_insur_claim_fraud-v01.create_dim_tables, task_id=create_dim_ethnicity_table, execution_date=20231201T000000, start_date=20231219T230122, end_date=20231219T230123
[2023-12-19T23:01:23.046+0000] {local_task_job_runner.py:228} INFO - Task exited with return code 0
[2023-12-19T23:01:23.082+0000] {taskinstance.py:2778} INFO - 0 downstream tasks scheduled from follow-on schedule check
