[2023-12-11T19:25:00.528+0000] {processor.py:157} INFO - Started process (PID=167) to work on /opt/airflow/dags/clean_up_after_star_schema_creation.py
[2023-12-11T19:25:00.530+0000] {processor.py:829} INFO - Processing file /opt/airflow/dags/clean_up_after_star_schema_creation.py for tasks to queue
[2023-12-11T19:25:00.530+0000] {logging_mixin.py:154} INFO - [2023-12-11T19:25:00.530+0000] {dagbag.py:536} INFO - Filling up the DagBag from /opt/airflow/dags/clean_up_after_star_schema_creation.py
[2023-12-11T19:25:00.540+0000] {processor.py:841} WARNING - No viable dags retrieved from /opt/airflow/dags/clean_up_after_star_schema_creation.py
[2023-12-11T19:25:00.558+0000] {processor.py:179} INFO - Processing /opt/airflow/dags/clean_up_after_star_schema_creation.py took 0.037 seconds
[2023-12-11T19:25:30.936+0000] {processor.py:157} INFO - Started process (PID=210) to work on /opt/airflow/dags/clean_up_after_star_schema_creation.py
[2023-12-11T19:25:30.937+0000] {processor.py:829} INFO - Processing file /opt/airflow/dags/clean_up_after_star_schema_creation.py for tasks to queue
[2023-12-11T19:25:30.938+0000] {logging_mixin.py:154} INFO - [2023-12-11T19:25:30.938+0000] {dagbag.py:536} INFO - Filling up the DagBag from /opt/airflow/dags/clean_up_after_star_schema_creation.py
[2023-12-11T19:25:30.944+0000] {processor.py:841} WARNING - No viable dags retrieved from /opt/airflow/dags/clean_up_after_star_schema_creation.py
[2023-12-11T19:25:30.959+0000] {processor.py:179} INFO - Processing /opt/airflow/dags/clean_up_after_star_schema_creation.py took 0.028 seconds
[2023-12-11T19:26:01.530+0000] {processor.py:157} INFO - Started process (PID=253) to work on /opt/airflow/dags/clean_up_after_star_schema_creation.py
[2023-12-11T19:26:01.531+0000] {processor.py:829} INFO - Processing file /opt/airflow/dags/clean_up_after_star_schema_creation.py for tasks to queue
[2023-12-11T19:26:01.532+0000] {logging_mixin.py:154} INFO - [2023-12-11T19:26:01.532+0000] {dagbag.py:536} INFO - Filling up the DagBag from /opt/airflow/dags/clean_up_after_star_schema_creation.py
[2023-12-11T19:26:01.540+0000] {processor.py:841} WARNING - No viable dags retrieved from /opt/airflow/dags/clean_up_after_star_schema_creation.py
[2023-12-11T19:26:01.559+0000] {processor.py:179} INFO - Processing /opt/airflow/dags/clean_up_after_star_schema_creation.py took 0.034 seconds
[2023-12-11T19:26:32.005+0000] {processor.py:157} INFO - Started process (PID=317) to work on /opt/airflow/dags/clean_up_after_star_schema_creation.py
[2023-12-11T19:26:32.006+0000] {processor.py:829} INFO - Processing file /opt/airflow/dags/clean_up_after_star_schema_creation.py for tasks to queue
[2023-12-11T19:26:32.007+0000] {logging_mixin.py:154} INFO - [2023-12-11T19:26:32.007+0000] {dagbag.py:536} INFO - Filling up the DagBag from /opt/airflow/dags/clean_up_after_star_schema_creation.py
[2023-12-11T19:26:32.012+0000] {processor.py:841} WARNING - No viable dags retrieved from /opt/airflow/dags/clean_up_after_star_schema_creation.py
[2023-12-11T19:26:32.024+0000] {processor.py:179} INFO - Processing /opt/airflow/dags/clean_up_after_star_schema_creation.py took 0.023 seconds
[2023-12-11T19:27:02.560+0000] {processor.py:157} INFO - Started process (PID=360) to work on /opt/airflow/dags/clean_up_after_star_schema_creation.py
[2023-12-11T19:27:02.561+0000] {processor.py:829} INFO - Processing file /opt/airflow/dags/clean_up_after_star_schema_creation.py for tasks to queue
[2023-12-11T19:27:02.563+0000] {logging_mixin.py:154} INFO - [2023-12-11T19:27:02.563+0000] {dagbag.py:536} INFO - Filling up the DagBag from /opt/airflow/dags/clean_up_after_star_schema_creation.py
[2023-12-11T19:27:02.572+0000] {processor.py:841} WARNING - No viable dags retrieved from /opt/airflow/dags/clean_up_after_star_schema_creation.py
[2023-12-11T19:27:02.591+0000] {processor.py:179} INFO - Processing /opt/airflow/dags/clean_up_after_star_schema_creation.py took 0.036 seconds
[2023-12-11T19:27:33.185+0000] {processor.py:157} INFO - Started process (PID=418) to work on /opt/airflow/dags/clean_up_after_star_schema_creation.py
[2023-12-11T19:27:33.187+0000] {processor.py:829} INFO - Processing file /opt/airflow/dags/clean_up_after_star_schema_creation.py for tasks to queue
[2023-12-11T19:27:33.188+0000] {logging_mixin.py:154} INFO - [2023-12-11T19:27:33.188+0000] {dagbag.py:536} INFO - Filling up the DagBag from /opt/airflow/dags/clean_up_after_star_schema_creation.py
[2023-12-11T19:27:33.197+0000] {processor.py:841} WARNING - No viable dags retrieved from /opt/airflow/dags/clean_up_after_star_schema_creation.py
[2023-12-11T19:27:33.212+0000] {processor.py:179} INFO - Processing /opt/airflow/dags/clean_up_after_star_schema_creation.py took 0.032 seconds
[2023-12-11T19:28:03.561+0000] {processor.py:157} INFO - Started process (PID=461) to work on /opt/airflow/dags/clean_up_after_star_schema_creation.py
[2023-12-11T19:28:03.563+0000] {processor.py:829} INFO - Processing file /opt/airflow/dags/clean_up_after_star_schema_creation.py for tasks to queue
[2023-12-11T19:28:03.564+0000] {logging_mixin.py:154} INFO - [2023-12-11T19:28:03.563+0000] {dagbag.py:536} INFO - Filling up the DagBag from /opt/airflow/dags/clean_up_after_star_schema_creation.py
[2023-12-11T19:28:03.573+0000] {processor.py:841} WARNING - No viable dags retrieved from /opt/airflow/dags/clean_up_after_star_schema_creation.py
[2023-12-11T19:28:03.589+0000] {processor.py:179} INFO - Processing /opt/airflow/dags/clean_up_after_star_schema_creation.py took 0.033 seconds
[2023-12-11T19:28:33.957+0000] {processor.py:157} INFO - Started process (PID=513) to work on /opt/airflow/dags/clean_up_after_star_schema_creation.py
[2023-12-11T19:28:33.958+0000] {processor.py:829} INFO - Processing file /opt/airflow/dags/clean_up_after_star_schema_creation.py for tasks to queue
[2023-12-11T19:28:33.959+0000] {logging_mixin.py:154} INFO - [2023-12-11T19:28:33.959+0000] {dagbag.py:536} INFO - Filling up the DagBag from /opt/airflow/dags/clean_up_after_star_schema_creation.py
[2023-12-11T19:28:33.968+0000] {processor.py:841} WARNING - No viable dags retrieved from /opt/airflow/dags/clean_up_after_star_schema_creation.py
[2023-12-11T19:28:33.984+0000] {processor.py:179} INFO - Processing /opt/airflow/dags/clean_up_after_star_schema_creation.py took 0.032 seconds
[2023-12-11T19:29:04.363+0000] {processor.py:157} INFO - Started process (PID=556) to work on /opt/airflow/dags/clean_up_after_star_schema_creation.py
[2023-12-11T19:29:04.365+0000] {processor.py:829} INFO - Processing file /opt/airflow/dags/clean_up_after_star_schema_creation.py for tasks to queue
[2023-12-11T19:29:04.366+0000] {logging_mixin.py:154} INFO - [2023-12-11T19:29:04.365+0000] {dagbag.py:536} INFO - Filling up the DagBag from /opt/airflow/dags/clean_up_after_star_schema_creation.py
[2023-12-11T19:29:04.374+0000] {processor.py:841} WARNING - No viable dags retrieved from /opt/airflow/dags/clean_up_after_star_schema_creation.py
[2023-12-11T19:29:04.389+0000] {processor.py:179} INFO - Processing /opt/airflow/dags/clean_up_after_star_schema_creation.py took 0.030 seconds
[2023-12-11T19:29:34.725+0000] {processor.py:157} INFO - Started process (PID=626) to work on /opt/airflow/dags/clean_up_after_star_schema_creation.py
[2023-12-11T19:29:34.726+0000] {processor.py:829} INFO - Processing file /opt/airflow/dags/clean_up_after_star_schema_creation.py for tasks to queue
[2023-12-11T19:29:34.726+0000] {logging_mixin.py:154} INFO - [2023-12-11T19:29:34.726+0000] {dagbag.py:536} INFO - Filling up the DagBag from /opt/airflow/dags/clean_up_after_star_schema_creation.py
[2023-12-11T19:29:34.730+0000] {processor.py:841} WARNING - No viable dags retrieved from /opt/airflow/dags/clean_up_after_star_schema_creation.py
[2023-12-11T19:29:34.739+0000] {processor.py:179} INFO - Processing /opt/airflow/dags/clean_up_after_star_schema_creation.py took 0.016 seconds
[2023-12-11T19:30:05.176+0000] {processor.py:157} INFO - Started process (PID=669) to work on /opt/airflow/dags/clean_up_after_star_schema_creation.py
[2023-12-11T19:30:05.178+0000] {processor.py:829} INFO - Processing file /opt/airflow/dags/clean_up_after_star_schema_creation.py for tasks to queue
[2023-12-11T19:30:05.179+0000] {logging_mixin.py:154} INFO - [2023-12-11T19:30:05.179+0000] {dagbag.py:536} INFO - Filling up the DagBag from /opt/airflow/dags/clean_up_after_star_schema_creation.py
[2023-12-11T19:30:05.187+0000] {processor.py:841} WARNING - No viable dags retrieved from /opt/airflow/dags/clean_up_after_star_schema_creation.py
[2023-12-11T19:30:05.202+0000] {processor.py:179} INFO - Processing /opt/airflow/dags/clean_up_after_star_schema_creation.py took 0.030 seconds
[2023-12-11T19:30:35.567+0000] {processor.py:157} INFO - Started process (PID=739) to work on /opt/airflow/dags/clean_up_after_star_schema_creation.py
[2023-12-11T19:30:35.568+0000] {processor.py:829} INFO - Processing file /opt/airflow/dags/clean_up_after_star_schema_creation.py for tasks to queue
[2023-12-11T19:30:35.569+0000] {logging_mixin.py:154} INFO - [2023-12-11T19:30:35.569+0000] {dagbag.py:536} INFO - Filling up the DagBag from /opt/airflow/dags/clean_up_after_star_schema_creation.py
[2023-12-11T19:30:35.579+0000] {processor.py:841} WARNING - No viable dags retrieved from /opt/airflow/dags/clean_up_after_star_schema_creation.py
[2023-12-11T19:30:35.596+0000] {processor.py:179} INFO - Processing /opt/airflow/dags/clean_up_after_star_schema_creation.py took 0.034 seconds
[2023-12-11T19:31:05.741+0000] {processor.py:157} INFO - Started process (PID=782) to work on /opt/airflow/dags/clean_up_after_star_schema_creation.py
[2023-12-11T19:31:05.743+0000] {processor.py:829} INFO - Processing file /opt/airflow/dags/clean_up_after_star_schema_creation.py for tasks to queue
[2023-12-11T19:31:05.745+0000] {logging_mixin.py:154} INFO - [2023-12-11T19:31:05.744+0000] {dagbag.py:536} INFO - Filling up the DagBag from /opt/airflow/dags/clean_up_after_star_schema_creation.py
[2023-12-11T19:31:05.754+0000] {processor.py:841} WARNING - No viable dags retrieved from /opt/airflow/dags/clean_up_after_star_schema_creation.py
[2023-12-11T19:31:05.772+0000] {processor.py:179} INFO - Processing /opt/airflow/dags/clean_up_after_star_schema_creation.py took 0.038 seconds
[2023-12-11T19:31:35.912+0000] {processor.py:157} INFO - Started process (PID=828) to work on /opt/airflow/dags/clean_up_after_star_schema_creation.py
[2023-12-11T19:31:35.914+0000] {processor.py:829} INFO - Processing file /opt/airflow/dags/clean_up_after_star_schema_creation.py for tasks to queue
[2023-12-11T19:31:35.916+0000] {logging_mixin.py:154} INFO - [2023-12-11T19:31:35.916+0000] {dagbag.py:536} INFO - Filling up the DagBag from /opt/airflow/dags/clean_up_after_star_schema_creation.py
[2023-12-11T19:31:35.931+0000] {processor.py:841} WARNING - No viable dags retrieved from /opt/airflow/dags/clean_up_after_star_schema_creation.py
[2023-12-11T19:31:35.969+0000] {processor.py:179} INFO - Processing /opt/airflow/dags/clean_up_after_star_schema_creation.py took 0.065 seconds
[2023-12-11T19:32:06.309+0000] {processor.py:157} INFO - Started process (PID=871) to work on /opt/airflow/dags/clean_up_after_star_schema_creation.py
[2023-12-11T19:32:06.310+0000] {processor.py:829} INFO - Processing file /opt/airflow/dags/clean_up_after_star_schema_creation.py for tasks to queue
[2023-12-11T19:32:06.312+0000] {logging_mixin.py:154} INFO - [2023-12-11T19:32:06.311+0000] {dagbag.py:536} INFO - Filling up the DagBag from /opt/airflow/dags/clean_up_after_star_schema_creation.py
[2023-12-11T19:32:06.320+0000] {processor.py:841} WARNING - No viable dags retrieved from /opt/airflow/dags/clean_up_after_star_schema_creation.py
[2023-12-11T19:32:06.336+0000] {processor.py:179} INFO - Processing /opt/airflow/dags/clean_up_after_star_schema_creation.py took 0.032 seconds
[2023-12-11T19:32:36.756+0000] {processor.py:157} INFO - Started process (PID=914) to work on /opt/airflow/dags/clean_up_after_star_schema_creation.py
[2023-12-11T19:32:36.759+0000] {processor.py:829} INFO - Processing file /opt/airflow/dags/clean_up_after_star_schema_creation.py for tasks to queue
[2023-12-11T19:32:36.760+0000] {logging_mixin.py:154} INFO - [2023-12-11T19:32:36.760+0000] {dagbag.py:536} INFO - Filling up the DagBag from /opt/airflow/dags/clean_up_after_star_schema_creation.py
[2023-12-11T19:32:36.770+0000] {processor.py:841} WARNING - No viable dags retrieved from /opt/airflow/dags/clean_up_after_star_schema_creation.py
[2023-12-11T19:32:36.788+0000] {processor.py:179} INFO - Processing /opt/airflow/dags/clean_up_after_star_schema_creation.py took 0.047 seconds
[2023-12-11T19:33:06.986+0000] {processor.py:157} INFO - Started process (PID=957) to work on /opt/airflow/dags/clean_up_after_star_schema_creation.py
[2023-12-11T19:33:06.988+0000] {processor.py:829} INFO - Processing file /opt/airflow/dags/clean_up_after_star_schema_creation.py for tasks to queue
[2023-12-11T19:33:06.989+0000] {logging_mixin.py:154} INFO - [2023-12-11T19:33:06.988+0000] {dagbag.py:536} INFO - Filling up the DagBag from /opt/airflow/dags/clean_up_after_star_schema_creation.py
[2023-12-11T19:33:06.998+0000] {processor.py:841} WARNING - No viable dags retrieved from /opt/airflow/dags/clean_up_after_star_schema_creation.py
[2023-12-11T19:33:07.022+0000] {processor.py:179} INFO - Processing /opt/airflow/dags/clean_up_after_star_schema_creation.py took 0.041 seconds
[2023-12-11T19:33:37.444+0000] {processor.py:157} INFO - Started process (PID=1000) to work on /opt/airflow/dags/clean_up_after_star_schema_creation.py
[2023-12-11T19:33:37.445+0000] {processor.py:829} INFO - Processing file /opt/airflow/dags/clean_up_after_star_schema_creation.py for tasks to queue
[2023-12-11T19:33:37.446+0000] {logging_mixin.py:154} INFO - [2023-12-11T19:33:37.446+0000] {dagbag.py:536} INFO - Filling up the DagBag from /opt/airflow/dags/clean_up_after_star_schema_creation.py
[2023-12-11T19:33:37.466+0000] {processor.py:841} WARNING - No viable dags retrieved from /opt/airflow/dags/clean_up_after_star_schema_creation.py
[2023-12-11T19:33:37.502+0000] {processor.py:179} INFO - Processing /opt/airflow/dags/clean_up_after_star_schema_creation.py took 0.065 seconds
[2023-12-11T19:34:07.888+0000] {processor.py:157} INFO - Started process (PID=1043) to work on /opt/airflow/dags/clean_up_after_star_schema_creation.py
[2023-12-11T19:34:07.890+0000] {processor.py:829} INFO - Processing file /opt/airflow/dags/clean_up_after_star_schema_creation.py for tasks to queue
[2023-12-11T19:34:07.891+0000] {logging_mixin.py:154} INFO - [2023-12-11T19:34:07.891+0000] {dagbag.py:536} INFO - Filling up the DagBag from /opt/airflow/dags/clean_up_after_star_schema_creation.py
[2023-12-11T19:34:07.902+0000] {processor.py:841} WARNING - No viable dags retrieved from /opt/airflow/dags/clean_up_after_star_schema_creation.py
[2023-12-11T19:34:07.920+0000] {processor.py:179} INFO - Processing /opt/airflow/dags/clean_up_after_star_schema_creation.py took 0.038 seconds
[2023-12-11T19:34:38.322+0000] {processor.py:157} INFO - Started process (PID=1086) to work on /opt/airflow/dags/clean_up_after_star_schema_creation.py
[2023-12-11T19:34:38.324+0000] {processor.py:829} INFO - Processing file /opt/airflow/dags/clean_up_after_star_schema_creation.py for tasks to queue
[2023-12-11T19:34:38.325+0000] {logging_mixin.py:154} INFO - [2023-12-11T19:34:38.325+0000] {dagbag.py:536} INFO - Filling up the DagBag from /opt/airflow/dags/clean_up_after_star_schema_creation.py
[2023-12-11T19:34:38.337+0000] {processor.py:841} WARNING - No viable dags retrieved from /opt/airflow/dags/clean_up_after_star_schema_creation.py
[2023-12-11T19:34:38.352+0000] {processor.py:179} INFO - Processing /opt/airflow/dags/clean_up_after_star_schema_creation.py took 0.036 seconds
[2023-12-11T19:35:08.790+0000] {processor.py:157} INFO - Started process (PID=1129) to work on /opt/airflow/dags/clean_up_after_star_schema_creation.py
[2023-12-11T19:35:08.791+0000] {processor.py:829} INFO - Processing file /opt/airflow/dags/clean_up_after_star_schema_creation.py for tasks to queue
[2023-12-11T19:35:08.792+0000] {logging_mixin.py:154} INFO - [2023-12-11T19:35:08.792+0000] {dagbag.py:536} INFO - Filling up the DagBag from /opt/airflow/dags/clean_up_after_star_schema_creation.py
[2023-12-11T19:35:08.801+0000] {processor.py:841} WARNING - No viable dags retrieved from /opt/airflow/dags/clean_up_after_star_schema_creation.py
[2023-12-11T19:35:08.817+0000] {processor.py:179} INFO - Processing /opt/airflow/dags/clean_up_after_star_schema_creation.py took 0.033 seconds
[2023-12-11T19:35:39.194+0000] {processor.py:157} INFO - Started process (PID=1172) to work on /opt/airflow/dags/clean_up_after_star_schema_creation.py
[2023-12-11T19:35:39.195+0000] {processor.py:829} INFO - Processing file /opt/airflow/dags/clean_up_after_star_schema_creation.py for tasks to queue
[2023-12-11T19:35:39.197+0000] {logging_mixin.py:154} INFO - [2023-12-11T19:35:39.196+0000] {dagbag.py:536} INFO - Filling up the DagBag from /opt/airflow/dags/clean_up_after_star_schema_creation.py
[2023-12-11T19:35:39.206+0000] {processor.py:841} WARNING - No viable dags retrieved from /opt/airflow/dags/clean_up_after_star_schema_creation.py
[2023-12-11T19:35:39.222+0000] {processor.py:179} INFO - Processing /opt/airflow/dags/clean_up_after_star_schema_creation.py took 0.036 seconds
[2023-12-11T19:36:09.643+0000] {processor.py:157} INFO - Started process (PID=1215) to work on /opt/airflow/dags/clean_up_after_star_schema_creation.py
[2023-12-11T19:36:09.645+0000] {processor.py:829} INFO - Processing file /opt/airflow/dags/clean_up_after_star_schema_creation.py for tasks to queue
[2023-12-11T19:36:09.646+0000] {logging_mixin.py:154} INFO - [2023-12-11T19:36:09.645+0000] {dagbag.py:536} INFO - Filling up the DagBag from /opt/airflow/dags/clean_up_after_star_schema_creation.py
[2023-12-11T19:36:09.654+0000] {processor.py:841} WARNING - No viable dags retrieved from /opt/airflow/dags/clean_up_after_star_schema_creation.py
[2023-12-11T19:36:09.672+0000] {processor.py:179} INFO - Processing /opt/airflow/dags/clean_up_after_star_schema_creation.py took 0.034 seconds
[2023-12-11T19:36:40.123+0000] {processor.py:157} INFO - Started process (PID=1258) to work on /opt/airflow/dags/clean_up_after_star_schema_creation.py
[2023-12-11T19:36:40.125+0000] {processor.py:829} INFO - Processing file /opt/airflow/dags/clean_up_after_star_schema_creation.py for tasks to queue
[2023-12-11T19:36:40.126+0000] {logging_mixin.py:154} INFO - [2023-12-11T19:36:40.125+0000] {dagbag.py:536} INFO - Filling up the DagBag from /opt/airflow/dags/clean_up_after_star_schema_creation.py
[2023-12-11T19:36:40.134+0000] {processor.py:841} WARNING - No viable dags retrieved from /opt/airflow/dags/clean_up_after_star_schema_creation.py
[2023-12-11T19:36:40.152+0000] {processor.py:179} INFO - Processing /opt/airflow/dags/clean_up_after_star_schema_creation.py took 0.034 seconds
[2023-12-11T19:37:10.670+0000] {processor.py:157} INFO - Started process (PID=1301) to work on /opt/airflow/dags/clean_up_after_star_schema_creation.py
[2023-12-11T19:37:10.671+0000] {processor.py:829} INFO - Processing file /opt/airflow/dags/clean_up_after_star_schema_creation.py for tasks to queue
[2023-12-11T19:37:10.673+0000] {logging_mixin.py:154} INFO - [2023-12-11T19:37:10.672+0000] {dagbag.py:536} INFO - Filling up the DagBag from /opt/airflow/dags/clean_up_after_star_schema_creation.py
[2023-12-11T19:37:10.681+0000] {processor.py:841} WARNING - No viable dags retrieved from /opt/airflow/dags/clean_up_after_star_schema_creation.py
[2023-12-11T19:37:10.700+0000] {processor.py:179} INFO - Processing /opt/airflow/dags/clean_up_after_star_schema_creation.py took 0.036 seconds
[2023-12-11T19:37:41.184+0000] {processor.py:157} INFO - Started process (PID=1344) to work on /opt/airflow/dags/clean_up_after_star_schema_creation.py
[2023-12-11T19:37:41.185+0000] {processor.py:829} INFO - Processing file /opt/airflow/dags/clean_up_after_star_schema_creation.py for tasks to queue
[2023-12-11T19:37:41.186+0000] {logging_mixin.py:154} INFO - [2023-12-11T19:37:41.186+0000] {dagbag.py:536} INFO - Filling up the DagBag from /opt/airflow/dags/clean_up_after_star_schema_creation.py
[2023-12-11T19:37:41.195+0000] {processor.py:841} WARNING - No viable dags retrieved from /opt/airflow/dags/clean_up_after_star_schema_creation.py
[2023-12-11T19:37:41.213+0000] {processor.py:179} INFO - Processing /opt/airflow/dags/clean_up_after_star_schema_creation.py took 0.034 seconds
[2023-12-11T19:38:11.723+0000] {processor.py:157} INFO - Started process (PID=1387) to work on /opt/airflow/dags/clean_up_after_star_schema_creation.py
[2023-12-11T19:38:11.724+0000] {processor.py:829} INFO - Processing file /opt/airflow/dags/clean_up_after_star_schema_creation.py for tasks to queue
[2023-12-11T19:38:11.725+0000] {logging_mixin.py:154} INFO - [2023-12-11T19:38:11.725+0000] {dagbag.py:536} INFO - Filling up the DagBag from /opt/airflow/dags/clean_up_after_star_schema_creation.py
[2023-12-11T19:38:11.734+0000] {processor.py:841} WARNING - No viable dags retrieved from /opt/airflow/dags/clean_up_after_star_schema_creation.py
[2023-12-11T19:38:11.751+0000] {processor.py:179} INFO - Processing /opt/airflow/dags/clean_up_after_star_schema_creation.py took 0.033 seconds
[2023-12-11T19:38:42.143+0000] {processor.py:157} INFO - Started process (PID=1430) to work on /opt/airflow/dags/clean_up_after_star_schema_creation.py
[2023-12-11T19:38:42.144+0000] {processor.py:829} INFO - Processing file /opt/airflow/dags/clean_up_after_star_schema_creation.py for tasks to queue
[2023-12-11T19:38:42.145+0000] {logging_mixin.py:154} INFO - [2023-12-11T19:38:42.145+0000] {dagbag.py:536} INFO - Filling up the DagBag from /opt/airflow/dags/clean_up_after_star_schema_creation.py
[2023-12-11T19:38:42.153+0000] {processor.py:841} WARNING - No viable dags retrieved from /opt/airflow/dags/clean_up_after_star_schema_creation.py
[2023-12-11T19:38:42.168+0000] {processor.py:179} INFO - Processing /opt/airflow/dags/clean_up_after_star_schema_creation.py took 0.031 seconds
[2023-12-11T19:39:12.583+0000] {processor.py:157} INFO - Started process (PID=1473) to work on /opt/airflow/dags/clean_up_after_star_schema_creation.py
[2023-12-11T19:39:12.584+0000] {processor.py:829} INFO - Processing file /opt/airflow/dags/clean_up_after_star_schema_creation.py for tasks to queue
[2023-12-11T19:39:12.585+0000] {logging_mixin.py:154} INFO - [2023-12-11T19:39:12.585+0000] {dagbag.py:536} INFO - Filling up the DagBag from /opt/airflow/dags/clean_up_after_star_schema_creation.py
[2023-12-11T19:39:12.592+0000] {processor.py:841} WARNING - No viable dags retrieved from /opt/airflow/dags/clean_up_after_star_schema_creation.py
[2023-12-11T19:39:12.609+0000] {processor.py:179} INFO - Processing /opt/airflow/dags/clean_up_after_star_schema_creation.py took 0.031 seconds
[2023-12-11T19:39:43.005+0000] {processor.py:157} INFO - Started process (PID=1516) to work on /opt/airflow/dags/clean_up_after_star_schema_creation.py
[2023-12-11T19:39:43.006+0000] {processor.py:829} INFO - Processing file /opt/airflow/dags/clean_up_after_star_schema_creation.py for tasks to queue
[2023-12-11T19:39:43.007+0000] {logging_mixin.py:154} INFO - [2023-12-11T19:39:43.007+0000] {dagbag.py:536} INFO - Filling up the DagBag from /opt/airflow/dags/clean_up_after_star_schema_creation.py
[2023-12-11T19:39:43.015+0000] {processor.py:841} WARNING - No viable dags retrieved from /opt/airflow/dags/clean_up_after_star_schema_creation.py
[2023-12-11T19:39:43.033+0000] {processor.py:179} INFO - Processing /opt/airflow/dags/clean_up_after_star_schema_creation.py took 0.032 seconds
[2023-12-11T19:40:13.519+0000] {processor.py:157} INFO - Started process (PID=1559) to work on /opt/airflow/dags/clean_up_after_star_schema_creation.py
[2023-12-11T19:40:13.520+0000] {processor.py:829} INFO - Processing file /opt/airflow/dags/clean_up_after_star_schema_creation.py for tasks to queue
[2023-12-11T19:40:13.521+0000] {logging_mixin.py:154} INFO - [2023-12-11T19:40:13.521+0000] {dagbag.py:536} INFO - Filling up the DagBag from /opt/airflow/dags/clean_up_after_star_schema_creation.py
[2023-12-11T19:40:13.529+0000] {processor.py:841} WARNING - No viable dags retrieved from /opt/airflow/dags/clean_up_after_star_schema_creation.py
[2023-12-11T19:40:13.546+0000] {processor.py:179} INFO - Processing /opt/airflow/dags/clean_up_after_star_schema_creation.py took 0.032 seconds
[2023-12-11T19:40:43.963+0000] {processor.py:157} INFO - Started process (PID=1602) to work on /opt/airflow/dags/clean_up_after_star_schema_creation.py
[2023-12-11T19:40:43.964+0000] {processor.py:829} INFO - Processing file /opt/airflow/dags/clean_up_after_star_schema_creation.py for tasks to queue
[2023-12-11T19:40:43.965+0000] {logging_mixin.py:154} INFO - [2023-12-11T19:40:43.964+0000] {dagbag.py:536} INFO - Filling up the DagBag from /opt/airflow/dags/clean_up_after_star_schema_creation.py
[2023-12-11T19:40:43.970+0000] {processor.py:841} WARNING - No viable dags retrieved from /opt/airflow/dags/clean_up_after_star_schema_creation.py
[2023-12-11T19:40:43.983+0000] {processor.py:179} INFO - Processing /opt/airflow/dags/clean_up_after_star_schema_creation.py took 0.023 seconds
[2023-12-11T19:41:14.477+0000] {processor.py:157} INFO - Started process (PID=1645) to work on /opt/airflow/dags/clean_up_after_star_schema_creation.py
[2023-12-11T19:41:14.478+0000] {processor.py:829} INFO - Processing file /opt/airflow/dags/clean_up_after_star_schema_creation.py for tasks to queue
[2023-12-11T19:41:14.479+0000] {logging_mixin.py:154} INFO - [2023-12-11T19:41:14.479+0000] {dagbag.py:536} INFO - Filling up the DagBag from /opt/airflow/dags/clean_up_after_star_schema_creation.py
[2023-12-11T19:41:14.487+0000] {processor.py:841} WARNING - No viable dags retrieved from /opt/airflow/dags/clean_up_after_star_schema_creation.py
[2023-12-11T19:41:14.504+0000] {processor.py:179} INFO - Processing /opt/airflow/dags/clean_up_after_star_schema_creation.py took 0.031 seconds
[2023-12-11T19:41:44.911+0000] {processor.py:157} INFO - Started process (PID=1715) to work on /opt/airflow/dags/clean_up_after_star_schema_creation.py
[2023-12-11T19:41:44.913+0000] {processor.py:829} INFO - Processing file /opt/airflow/dags/clean_up_after_star_schema_creation.py for tasks to queue
[2023-12-11T19:41:44.914+0000] {logging_mixin.py:154} INFO - [2023-12-11T19:41:44.913+0000] {dagbag.py:536} INFO - Filling up the DagBag from /opt/airflow/dags/clean_up_after_star_schema_creation.py
[2023-12-11T19:41:44.922+0000] {processor.py:841} WARNING - No viable dags retrieved from /opt/airflow/dags/clean_up_after_star_schema_creation.py
[2023-12-11T19:41:44.940+0000] {processor.py:179} INFO - Processing /opt/airflow/dags/clean_up_after_star_schema_creation.py took 0.033 seconds
[2023-12-11T19:42:15.370+0000] {processor.py:157} INFO - Started process (PID=1758) to work on /opt/airflow/dags/clean_up_after_star_schema_creation.py
[2023-12-11T19:42:15.371+0000] {processor.py:829} INFO - Processing file /opt/airflow/dags/clean_up_after_star_schema_creation.py for tasks to queue
[2023-12-11T19:42:15.372+0000] {logging_mixin.py:154} INFO - [2023-12-11T19:42:15.372+0000] {dagbag.py:536} INFO - Filling up the DagBag from /opt/airflow/dags/clean_up_after_star_schema_creation.py
[2023-12-11T19:42:15.380+0000] {processor.py:841} WARNING - No viable dags retrieved from /opt/airflow/dags/clean_up_after_star_schema_creation.py
[2023-12-11T19:42:15.397+0000] {processor.py:179} INFO - Processing /opt/airflow/dags/clean_up_after_star_schema_creation.py took 0.032 seconds
[2023-12-11T19:42:45.823+0000] {processor.py:157} INFO - Started process (PID=1801) to work on /opt/airflow/dags/clean_up_after_star_schema_creation.py
[2023-12-11T19:42:45.824+0000] {processor.py:829} INFO - Processing file /opt/airflow/dags/clean_up_after_star_schema_creation.py for tasks to queue
[2023-12-11T19:42:45.825+0000] {logging_mixin.py:154} INFO - [2023-12-11T19:42:45.825+0000] {dagbag.py:536} INFO - Filling up the DagBag from /opt/airflow/dags/clean_up_after_star_schema_creation.py
[2023-12-11T19:42:45.833+0000] {processor.py:841} WARNING - No viable dags retrieved from /opt/airflow/dags/clean_up_after_star_schema_creation.py
[2023-12-11T19:42:45.852+0000] {processor.py:179} INFO - Processing /opt/airflow/dags/clean_up_after_star_schema_creation.py took 0.035 seconds
