[2023-12-11T19:25:01.601+0000] {processor.py:157} INFO - Started process (PID=196) to work on /opt/airflow/dags/create_star_schema_part_1.py
[2023-12-11T19:25:01.602+0000] {processor.py:829} INFO - Processing file /opt/airflow/dags/create_star_schema_part_1.py for tasks to queue
[2023-12-11T19:25:01.602+0000] {logging_mixin.py:154} INFO - [2023-12-11T19:25:01.602+0000] {dagbag.py:536} INFO - Filling up the DagBag from /opt/airflow/dags/create_star_schema_part_1.py
[2023-12-11T19:25:01.606+0000] {processor.py:841} WARNING - No viable dags retrieved from /opt/airflow/dags/create_star_schema_part_1.py
[2023-12-11T19:25:01.617+0000] {processor.py:179} INFO - Processing /opt/airflow/dags/create_star_schema_part_1.py took 0.017 seconds
[2023-12-11T19:25:32.127+0000] {processor.py:157} INFO - Started process (PID=239) to work on /opt/airflow/dags/create_star_schema_part_1.py
[2023-12-11T19:25:32.128+0000] {processor.py:829} INFO - Processing file /opt/airflow/dags/create_star_schema_part_1.py for tasks to queue
[2023-12-11T19:25:32.129+0000] {logging_mixin.py:154} INFO - [2023-12-11T19:25:32.129+0000] {dagbag.py:536} INFO - Filling up the DagBag from /opt/airflow/dags/create_star_schema_part_1.py
[2023-12-11T19:25:32.133+0000] {processor.py:841} WARNING - No viable dags retrieved from /opt/airflow/dags/create_star_schema_part_1.py
[2023-12-11T19:25:32.145+0000] {processor.py:179} INFO - Processing /opt/airflow/dags/create_star_schema_part_1.py took 0.020 seconds
[2023-12-11T19:26:02.697+0000] {processor.py:157} INFO - Started process (PID=282) to work on /opt/airflow/dags/create_star_schema_part_1.py
[2023-12-11T19:26:02.698+0000] {processor.py:829} INFO - Processing file /opt/airflow/dags/create_star_schema_part_1.py for tasks to queue
[2023-12-11T19:26:02.699+0000] {logging_mixin.py:154} INFO - [2023-12-11T19:26:02.699+0000] {dagbag.py:536} INFO - Filling up the DagBag from /opt/airflow/dags/create_star_schema_part_1.py
[2023-12-11T19:26:02.703+0000] {processor.py:841} WARNING - No viable dags retrieved from /opt/airflow/dags/create_star_schema_part_1.py
[2023-12-11T19:26:02.713+0000] {processor.py:179} INFO - Processing /opt/airflow/dags/create_star_schema_part_1.py took 0.018 seconds
[2023-12-11T19:26:33.190+0000] {processor.py:157} INFO - Started process (PID=346) to work on /opt/airflow/dags/create_star_schema_part_1.py
[2023-12-11T19:26:33.191+0000] {processor.py:829} INFO - Processing file /opt/airflow/dags/create_star_schema_part_1.py for tasks to queue
[2023-12-11T19:26:33.191+0000] {logging_mixin.py:154} INFO - [2023-12-11T19:26:33.191+0000] {dagbag.py:536} INFO - Filling up the DagBag from /opt/airflow/dags/create_star_schema_part_1.py
[2023-12-11T19:26:33.196+0000] {processor.py:841} WARNING - No viable dags retrieved from /opt/airflow/dags/create_star_schema_part_1.py
[2023-12-11T19:26:33.208+0000] {processor.py:179} INFO - Processing /opt/airflow/dags/create_star_schema_part_1.py took 0.020 seconds
[2023-12-11T19:27:03.731+0000] {processor.py:157} INFO - Started process (PID=389) to work on /opt/airflow/dags/create_star_schema_part_1.py
[2023-12-11T19:27:03.731+0000] {processor.py:829} INFO - Processing file /opt/airflow/dags/create_star_schema_part_1.py for tasks to queue
[2023-12-11T19:27:03.732+0000] {logging_mixin.py:154} INFO - [2023-12-11T19:27:03.732+0000] {dagbag.py:536} INFO - Filling up the DagBag from /opt/airflow/dags/create_star_schema_part_1.py
[2023-12-11T19:27:03.736+0000] {processor.py:841} WARNING - No viable dags retrieved from /opt/airflow/dags/create_star_schema_part_1.py
[2023-12-11T19:27:03.746+0000] {processor.py:179} INFO - Processing /opt/airflow/dags/create_star_schema_part_1.py took 0.018 seconds
[2023-12-11T19:27:34.295+0000] {processor.py:157} INFO - Started process (PID=441) to work on /opt/airflow/dags/create_star_schema_part_1.py
[2023-12-11T19:27:34.296+0000] {processor.py:829} INFO - Processing file /opt/airflow/dags/create_star_schema_part_1.py for tasks to queue
[2023-12-11T19:27:34.296+0000] {logging_mixin.py:154} INFO - [2023-12-11T19:27:34.296+0000] {dagbag.py:536} INFO - Filling up the DagBag from /opt/airflow/dags/create_star_schema_part_1.py
[2023-12-11T19:27:34.300+0000] {processor.py:841} WARNING - No viable dags retrieved from /opt/airflow/dags/create_star_schema_part_1.py
[2023-12-11T19:27:34.309+0000] {processor.py:179} INFO - Processing /opt/airflow/dags/create_star_schema_part_1.py took 0.016 seconds
[2023-12-11T19:28:04.678+0000] {processor.py:157} INFO - Started process (PID=484) to work on /opt/airflow/dags/create_star_schema_part_1.py
[2023-12-11T19:28:04.678+0000] {processor.py:829} INFO - Processing file /opt/airflow/dags/create_star_schema_part_1.py for tasks to queue
[2023-12-11T19:28:04.679+0000] {logging_mixin.py:154} INFO - [2023-12-11T19:28:04.679+0000] {dagbag.py:536} INFO - Filling up the DagBag from /opt/airflow/dags/create_star_schema_part_1.py
[2023-12-11T19:28:04.683+0000] {processor.py:841} WARNING - No viable dags retrieved from /opt/airflow/dags/create_star_schema_part_1.py
[2023-12-11T19:28:04.692+0000] {processor.py:179} INFO - Processing /opt/airflow/dags/create_star_schema_part_1.py took 0.017 seconds
[2023-12-11T19:28:35.072+0000] {processor.py:157} INFO - Started process (PID=536) to work on /opt/airflow/dags/create_star_schema_part_1.py
[2023-12-11T19:28:35.073+0000] {processor.py:829} INFO - Processing file /opt/airflow/dags/create_star_schema_part_1.py for tasks to queue
[2023-12-11T19:28:35.074+0000] {logging_mixin.py:154} INFO - [2023-12-11T19:28:35.073+0000] {dagbag.py:536} INFO - Filling up the DagBag from /opt/airflow/dags/create_star_schema_part_1.py
[2023-12-11T19:28:35.078+0000] {processor.py:841} WARNING - No viable dags retrieved from /opt/airflow/dags/create_star_schema_part_1.py
[2023-12-11T19:28:35.087+0000] {processor.py:179} INFO - Processing /opt/airflow/dags/create_star_schema_part_1.py took 0.017 seconds
[2023-12-11T19:29:05.473+0000] {processor.py:157} INFO - Started process (PID=579) to work on /opt/airflow/dags/create_star_schema_part_1.py
[2023-12-11T19:29:05.473+0000] {processor.py:829} INFO - Processing file /opt/airflow/dags/create_star_schema_part_1.py for tasks to queue
[2023-12-11T19:29:05.474+0000] {logging_mixin.py:154} INFO - [2023-12-11T19:29:05.474+0000] {dagbag.py:536} INFO - Filling up the DagBag from /opt/airflow/dags/create_star_schema_part_1.py
[2023-12-11T19:29:05.478+0000] {processor.py:841} WARNING - No viable dags retrieved from /opt/airflow/dags/create_star_schema_part_1.py
[2023-12-11T19:29:05.487+0000] {processor.py:179} INFO - Processing /opt/airflow/dags/create_star_schema_part_1.py took 0.016 seconds
[2023-12-11T19:29:35.848+0000] {processor.py:157} INFO - Started process (PID=649) to work on /opt/airflow/dags/create_star_schema_part_1.py
[2023-12-11T19:29:35.849+0000] {processor.py:829} INFO - Processing file /opt/airflow/dags/create_star_schema_part_1.py for tasks to queue
[2023-12-11T19:29:35.850+0000] {logging_mixin.py:154} INFO - [2023-12-11T19:29:35.849+0000] {dagbag.py:536} INFO - Filling up the DagBag from /opt/airflow/dags/create_star_schema_part_1.py
[2023-12-11T19:29:35.854+0000] {processor.py:841} WARNING - No viable dags retrieved from /opt/airflow/dags/create_star_schema_part_1.py
[2023-12-11T19:29:35.866+0000] {processor.py:179} INFO - Processing /opt/airflow/dags/create_star_schema_part_1.py took 0.020 seconds
[2023-12-11T19:30:06.273+0000] {processor.py:157} INFO - Started process (PID=694) to work on /opt/airflow/dags/create_star_schema_part_1.py
[2023-12-11T19:30:06.274+0000] {processor.py:829} INFO - Processing file /opt/airflow/dags/create_star_schema_part_1.py for tasks to queue
[2023-12-11T19:30:06.274+0000] {logging_mixin.py:154} INFO - [2023-12-11T19:30:06.274+0000] {dagbag.py:536} INFO - Filling up the DagBag from /opt/airflow/dags/create_star_schema_part_1.py
[2023-12-11T19:30:06.281+0000] {processor.py:841} WARNING - No viable dags retrieved from /opt/airflow/dags/create_star_schema_part_1.py
[2023-12-11T19:30:06.293+0000] {processor.py:179} INFO - Processing /opt/airflow/dags/create_star_schema_part_1.py took 0.023 seconds
[2023-12-11T19:30:36.706+0000] {processor.py:157} INFO - Started process (PID=762) to work on /opt/airflow/dags/create_star_schema_part_1.py
[2023-12-11T19:30:36.708+0000] {processor.py:829} INFO - Processing file /opt/airflow/dags/create_star_schema_part_1.py for tasks to queue
[2023-12-11T19:30:36.710+0000] {logging_mixin.py:154} INFO - [2023-12-11T19:30:36.709+0000] {dagbag.py:536} INFO - Filling up the DagBag from /opt/airflow/dags/create_star_schema_part_1.py
[2023-12-11T19:30:36.720+0000] {processor.py:841} WARNING - No viable dags retrieved from /opt/airflow/dags/create_star_schema_part_1.py
[2023-12-11T19:30:36.742+0000] {processor.py:179} INFO - Processing /opt/airflow/dags/create_star_schema_part_1.py took 0.040 seconds
[2023-12-11T19:31:06.858+0000] {processor.py:157} INFO - Started process (PID=805) to work on /opt/airflow/dags/create_star_schema_part_1.py
[2023-12-11T19:31:06.859+0000] {processor.py:829} INFO - Processing file /opt/airflow/dags/create_star_schema_part_1.py for tasks to queue
[2023-12-11T19:31:06.860+0000] {logging_mixin.py:154} INFO - [2023-12-11T19:31:06.860+0000] {dagbag.py:536} INFO - Filling up the DagBag from /opt/airflow/dags/create_star_schema_part_1.py
[2023-12-11T19:31:06.867+0000] {processor.py:841} WARNING - No viable dags retrieved from /opt/airflow/dags/create_star_schema_part_1.py
[2023-12-11T19:31:06.884+0000] {processor.py:179} INFO - Processing /opt/airflow/dags/create_star_schema_part_1.py took 0.029 seconds
[2023-12-11T19:31:36.983+0000] {processor.py:157} INFO - Started process (PID=851) to work on /opt/airflow/dags/create_star_schema_part_1.py
[2023-12-11T19:31:36.984+0000] {processor.py:829} INFO - Processing file /opt/airflow/dags/create_star_schema_part_1.py for tasks to queue
[2023-12-11T19:31:36.984+0000] {logging_mixin.py:154} INFO - [2023-12-11T19:31:36.984+0000] {dagbag.py:536} INFO - Filling up the DagBag from /opt/airflow/dags/create_star_schema_part_1.py
[2023-12-11T19:31:36.988+0000] {processor.py:841} WARNING - No viable dags retrieved from /opt/airflow/dags/create_star_schema_part_1.py
[2023-12-11T19:31:37.000+0000] {processor.py:179} INFO - Processing /opt/airflow/dags/create_star_schema_part_1.py took 0.018 seconds
[2023-12-11T19:32:07.440+0000] {processor.py:157} INFO - Started process (PID=894) to work on /opt/airflow/dags/create_star_schema_part_1.py
[2023-12-11T19:32:07.441+0000] {processor.py:829} INFO - Processing file /opt/airflow/dags/create_star_schema_part_1.py for tasks to queue
[2023-12-11T19:32:07.442+0000] {logging_mixin.py:154} INFO - [2023-12-11T19:32:07.441+0000] {dagbag.py:536} INFO - Filling up the DagBag from /opt/airflow/dags/create_star_schema_part_1.py
[2023-12-11T19:32:07.450+0000] {processor.py:841} WARNING - No viable dags retrieved from /opt/airflow/dags/create_star_schema_part_1.py
[2023-12-11T19:32:07.465+0000] {processor.py:179} INFO - Processing /opt/airflow/dags/create_star_schema_part_1.py took 0.031 seconds
[2023-12-11T19:32:37.865+0000] {processor.py:157} INFO - Started process (PID=937) to work on /opt/airflow/dags/create_star_schema_part_1.py
[2023-12-11T19:32:37.866+0000] {processor.py:829} INFO - Processing file /opt/airflow/dags/create_star_schema_part_1.py for tasks to queue
[2023-12-11T19:32:37.867+0000] {logging_mixin.py:154} INFO - [2023-12-11T19:32:37.867+0000] {dagbag.py:536} INFO - Filling up the DagBag from /opt/airflow/dags/create_star_schema_part_1.py
[2023-12-11T19:32:37.872+0000] {processor.py:841} WARNING - No viable dags retrieved from /opt/airflow/dags/create_star_schema_part_1.py
[2023-12-11T19:32:37.887+0000] {processor.py:179} INFO - Processing /opt/airflow/dags/create_star_schema_part_1.py took 0.027 seconds
[2023-12-11T19:33:08.127+0000] {processor.py:157} INFO - Started process (PID=982) to work on /opt/airflow/dags/create_star_schema_part_1.py
[2023-12-11T19:33:08.128+0000] {processor.py:829} INFO - Processing file /opt/airflow/dags/create_star_schema_part_1.py for tasks to queue
[2023-12-11T19:33:08.128+0000] {logging_mixin.py:154} INFO - [2023-12-11T19:33:08.128+0000] {dagbag.py:536} INFO - Filling up the DagBag from /opt/airflow/dags/create_star_schema_part_1.py
[2023-12-11T19:33:08.135+0000] {processor.py:841} WARNING - No viable dags retrieved from /opt/airflow/dags/create_star_schema_part_1.py
[2023-12-11T19:33:08.150+0000] {processor.py:179} INFO - Processing /opt/airflow/dags/create_star_schema_part_1.py took 0.027 seconds
[2023-12-11T19:33:38.553+0000] {processor.py:157} INFO - Started process (PID=1023) to work on /opt/airflow/dags/create_star_schema_part_1.py
[2023-12-11T19:33:38.554+0000] {processor.py:829} INFO - Processing file /opt/airflow/dags/create_star_schema_part_1.py for tasks to queue
[2023-12-11T19:33:38.554+0000] {logging_mixin.py:154} INFO - [2023-12-11T19:33:38.554+0000] {dagbag.py:536} INFO - Filling up the DagBag from /opt/airflow/dags/create_star_schema_part_1.py
[2023-12-11T19:33:38.560+0000] {processor.py:841} WARNING - No viable dags retrieved from /opt/airflow/dags/create_star_schema_part_1.py
[2023-12-11T19:33:38.569+0000] {processor.py:179} INFO - Processing /opt/airflow/dags/create_star_schema_part_1.py took 0.018 seconds
[2023-12-11T19:34:09.000+0000] {processor.py:157} INFO - Started process (PID=1066) to work on /opt/airflow/dags/create_star_schema_part_1.py
[2023-12-11T19:34:09.001+0000] {processor.py:829} INFO - Processing file /opt/airflow/dags/create_star_schema_part_1.py for tasks to queue
[2023-12-11T19:34:09.001+0000] {logging_mixin.py:154} INFO - [2023-12-11T19:34:09.001+0000] {dagbag.py:536} INFO - Filling up the DagBag from /opt/airflow/dags/create_star_schema_part_1.py
[2023-12-11T19:34:09.007+0000] {processor.py:841} WARNING - No viable dags retrieved from /opt/airflow/dags/create_star_schema_part_1.py
[2023-12-11T19:34:09.029+0000] {processor.py:179} INFO - Processing /opt/airflow/dags/create_star_schema_part_1.py took 0.031 seconds
[2023-12-11T19:34:39.437+0000] {processor.py:157} INFO - Started process (PID=1109) to work on /opt/airflow/dags/create_star_schema_part_1.py
[2023-12-11T19:34:39.438+0000] {processor.py:829} INFO - Processing file /opt/airflow/dags/create_star_schema_part_1.py for tasks to queue
[2023-12-11T19:34:39.438+0000] {logging_mixin.py:154} INFO - [2023-12-11T19:34:39.438+0000] {dagbag.py:536} INFO - Filling up the DagBag from /opt/airflow/dags/create_star_schema_part_1.py
[2023-12-11T19:34:39.442+0000] {processor.py:841} WARNING - No viable dags retrieved from /opt/airflow/dags/create_star_schema_part_1.py
[2023-12-11T19:34:39.452+0000] {processor.py:179} INFO - Processing /opt/airflow/dags/create_star_schema_part_1.py took 0.017 seconds
[2023-12-11T19:35:09.898+0000] {processor.py:157} INFO - Started process (PID=1152) to work on /opt/airflow/dags/create_star_schema_part_1.py
[2023-12-11T19:35:09.899+0000] {processor.py:829} INFO - Processing file /opt/airflow/dags/create_star_schema_part_1.py for tasks to queue
[2023-12-11T19:35:09.899+0000] {logging_mixin.py:154} INFO - [2023-12-11T19:35:09.899+0000] {dagbag.py:536} INFO - Filling up the DagBag from /opt/airflow/dags/create_star_schema_part_1.py
[2023-12-11T19:35:09.903+0000] {processor.py:841} WARNING - No viable dags retrieved from /opt/airflow/dags/create_star_schema_part_1.py
[2023-12-11T19:35:09.912+0000] {processor.py:179} INFO - Processing /opt/airflow/dags/create_star_schema_part_1.py took 0.016 seconds
[2023-12-11T19:35:40.302+0000] {processor.py:157} INFO - Started process (PID=1195) to work on /opt/airflow/dags/create_star_schema_part_1.py
[2023-12-11T19:35:40.302+0000] {processor.py:829} INFO - Processing file /opt/airflow/dags/create_star_schema_part_1.py for tasks to queue
[2023-12-11T19:35:40.303+0000] {logging_mixin.py:154} INFO - [2023-12-11T19:35:40.303+0000] {dagbag.py:536} INFO - Filling up the DagBag from /opt/airflow/dags/create_star_schema_part_1.py
[2023-12-11T19:35:40.307+0000] {processor.py:841} WARNING - No viable dags retrieved from /opt/airflow/dags/create_star_schema_part_1.py
[2023-12-11T19:35:40.317+0000] {processor.py:179} INFO - Processing /opt/airflow/dags/create_star_schema_part_1.py took 0.017 seconds
[2023-12-11T19:36:10.728+0000] {processor.py:157} INFO - Started process (PID=1238) to work on /opt/airflow/dags/create_star_schema_part_1.py
[2023-12-11T19:36:10.729+0000] {processor.py:829} INFO - Processing file /opt/airflow/dags/create_star_schema_part_1.py for tasks to queue
[2023-12-11T19:36:10.730+0000] {logging_mixin.py:154} INFO - [2023-12-11T19:36:10.729+0000] {dagbag.py:536} INFO - Filling up the DagBag from /opt/airflow/dags/create_star_schema_part_1.py
[2023-12-11T19:36:10.733+0000] {processor.py:841} WARNING - No viable dags retrieved from /opt/airflow/dags/create_star_schema_part_1.py
[2023-12-11T19:36:10.743+0000] {processor.py:179} INFO - Processing /opt/airflow/dags/create_star_schema_part_1.py took 0.017 seconds
[2023-12-11T19:36:41.238+0000] {processor.py:157} INFO - Started process (PID=1281) to work on /opt/airflow/dags/create_star_schema_part_1.py
[2023-12-11T19:36:41.239+0000] {processor.py:829} INFO - Processing file /opt/airflow/dags/create_star_schema_part_1.py for tasks to queue
[2023-12-11T19:36:41.239+0000] {logging_mixin.py:154} INFO - [2023-12-11T19:36:41.239+0000] {dagbag.py:536} INFO - Filling up the DagBag from /opt/airflow/dags/create_star_schema_part_1.py
[2023-12-11T19:36:41.243+0000] {processor.py:841} WARNING - No viable dags retrieved from /opt/airflow/dags/create_star_schema_part_1.py
[2023-12-11T19:36:41.258+0000] {processor.py:179} INFO - Processing /opt/airflow/dags/create_star_schema_part_1.py took 0.023 seconds
[2023-12-11T19:37:11.780+0000] {processor.py:157} INFO - Started process (PID=1324) to work on /opt/airflow/dags/create_star_schema_part_1.py
[2023-12-11T19:37:11.781+0000] {processor.py:829} INFO - Processing file /opt/airflow/dags/create_star_schema_part_1.py for tasks to queue
[2023-12-11T19:37:11.781+0000] {logging_mixin.py:154} INFO - [2023-12-11T19:37:11.781+0000] {dagbag.py:536} INFO - Filling up the DagBag from /opt/airflow/dags/create_star_schema_part_1.py
[2023-12-11T19:37:11.785+0000] {processor.py:841} WARNING - No viable dags retrieved from /opt/airflow/dags/create_star_schema_part_1.py
[2023-12-11T19:37:11.794+0000] {processor.py:179} INFO - Processing /opt/airflow/dags/create_star_schema_part_1.py took 0.016 seconds
[2023-12-11T19:37:42.294+0000] {processor.py:157} INFO - Started process (PID=1367) to work on /opt/airflow/dags/create_star_schema_part_1.py
[2023-12-11T19:37:42.294+0000] {processor.py:829} INFO - Processing file /opt/airflow/dags/create_star_schema_part_1.py for tasks to queue
[2023-12-11T19:37:42.295+0000] {logging_mixin.py:154} INFO - [2023-12-11T19:37:42.295+0000] {dagbag.py:536} INFO - Filling up the DagBag from /opt/airflow/dags/create_star_schema_part_1.py
[2023-12-11T19:37:42.299+0000] {processor.py:841} WARNING - No viable dags retrieved from /opt/airflow/dags/create_star_schema_part_1.py
[2023-12-11T19:37:42.309+0000] {processor.py:179} INFO - Processing /opt/airflow/dags/create_star_schema_part_1.py took 0.018 seconds
[2023-12-11T19:38:12.839+0000] {processor.py:157} INFO - Started process (PID=1410) to work on /opt/airflow/dags/create_star_schema_part_1.py
[2023-12-11T19:38:12.840+0000] {processor.py:829} INFO - Processing file /opt/airflow/dags/create_star_schema_part_1.py for tasks to queue
[2023-12-11T19:38:12.841+0000] {logging_mixin.py:154} INFO - [2023-12-11T19:38:12.841+0000] {dagbag.py:536} INFO - Filling up the DagBag from /opt/airflow/dags/create_star_schema_part_1.py
[2023-12-11T19:38:12.844+0000] {processor.py:841} WARNING - No viable dags retrieved from /opt/airflow/dags/create_star_schema_part_1.py
[2023-12-11T19:38:12.853+0000] {processor.py:179} INFO - Processing /opt/airflow/dags/create_star_schema_part_1.py took 0.016 seconds
[2023-12-11T19:38:43.252+0000] {processor.py:157} INFO - Started process (PID=1453) to work on /opt/airflow/dags/create_star_schema_part_1.py
[2023-12-11T19:38:43.252+0000] {processor.py:829} INFO - Processing file /opt/airflow/dags/create_star_schema_part_1.py for tasks to queue
[2023-12-11T19:38:43.253+0000] {logging_mixin.py:154} INFO - [2023-12-11T19:38:43.253+0000] {dagbag.py:536} INFO - Filling up the DagBag from /opt/airflow/dags/create_star_schema_part_1.py
[2023-12-11T19:38:43.257+0000] {processor.py:841} WARNING - No viable dags retrieved from /opt/airflow/dags/create_star_schema_part_1.py
[2023-12-11T19:38:43.265+0000] {processor.py:179} INFO - Processing /opt/airflow/dags/create_star_schema_part_1.py took 0.016 seconds
[2023-12-11T19:39:13.675+0000] {processor.py:157} INFO - Started process (PID=1496) to work on /opt/airflow/dags/create_star_schema_part_1.py
[2023-12-11T19:39:13.676+0000] {processor.py:829} INFO - Processing file /opt/airflow/dags/create_star_schema_part_1.py for tasks to queue
[2023-12-11T19:39:13.677+0000] {logging_mixin.py:154} INFO - [2023-12-11T19:39:13.676+0000] {dagbag.py:536} INFO - Filling up the DagBag from /opt/airflow/dags/create_star_schema_part_1.py
[2023-12-11T19:39:13.680+0000] {processor.py:841} WARNING - No viable dags retrieved from /opt/airflow/dags/create_star_schema_part_1.py
[2023-12-11T19:39:13.690+0000] {processor.py:179} INFO - Processing /opt/airflow/dags/create_star_schema_part_1.py took 0.016 seconds
[2023-12-11T19:39:44.095+0000] {processor.py:157} INFO - Started process (PID=1539) to work on /opt/airflow/dags/create_star_schema_part_1.py
[2023-12-11T19:39:44.096+0000] {processor.py:829} INFO - Processing file /opt/airflow/dags/create_star_schema_part_1.py for tasks to queue
[2023-12-11T19:39:44.096+0000] {logging_mixin.py:154} INFO - [2023-12-11T19:39:44.096+0000] {dagbag.py:536} INFO - Filling up the DagBag from /opt/airflow/dags/create_star_schema_part_1.py
[2023-12-11T19:39:44.100+0000] {processor.py:841} WARNING - No viable dags retrieved from /opt/airflow/dags/create_star_schema_part_1.py
[2023-12-11T19:39:44.110+0000] {processor.py:179} INFO - Processing /opt/airflow/dags/create_star_schema_part_1.py took 0.017 seconds
[2023-12-11T19:40:14.625+0000] {processor.py:157} INFO - Started process (PID=1582) to work on /opt/airflow/dags/create_star_schema_part_1.py
[2023-12-11T19:40:14.626+0000] {processor.py:829} INFO - Processing file /opt/airflow/dags/create_star_schema_part_1.py for tasks to queue
[2023-12-11T19:40:14.626+0000] {logging_mixin.py:154} INFO - [2023-12-11T19:40:14.626+0000] {dagbag.py:536} INFO - Filling up the DagBag from /opt/airflow/dags/create_star_schema_part_1.py
[2023-12-11T19:40:14.630+0000] {processor.py:841} WARNING - No viable dags retrieved from /opt/airflow/dags/create_star_schema_part_1.py
[2023-12-11T19:40:14.639+0000] {processor.py:179} INFO - Processing /opt/airflow/dags/create_star_schema_part_1.py took 0.016 seconds
[2023-12-11T19:40:45.086+0000] {processor.py:157} INFO - Started process (PID=1625) to work on /opt/airflow/dags/create_star_schema_part_1.py
[2023-12-11T19:40:45.087+0000] {processor.py:829} INFO - Processing file /opt/airflow/dags/create_star_schema_part_1.py for tasks to queue
[2023-12-11T19:40:45.087+0000] {logging_mixin.py:154} INFO - [2023-12-11T19:40:45.087+0000] {dagbag.py:536} INFO - Filling up the DagBag from /opt/airflow/dags/create_star_schema_part_1.py
[2023-12-11T19:40:45.091+0000] {processor.py:841} WARNING - No viable dags retrieved from /opt/airflow/dags/create_star_schema_part_1.py
[2023-12-11T19:40:45.101+0000] {processor.py:179} INFO - Processing /opt/airflow/dags/create_star_schema_part_1.py took 0.017 seconds
[2023-12-11T19:41:15.556+0000] {processor.py:157} INFO - Started process (PID=1668) to work on /opt/airflow/dags/create_star_schema_part_1.py
[2023-12-11T19:41:15.557+0000] {processor.py:829} INFO - Processing file /opt/airflow/dags/create_star_schema_part_1.py for tasks to queue
[2023-12-11T19:41:15.558+0000] {logging_mixin.py:154} INFO - [2023-12-11T19:41:15.557+0000] {dagbag.py:536} INFO - Filling up the DagBag from /opt/airflow/dags/create_star_schema_part_1.py
[2023-12-11T19:41:15.562+0000] {processor.py:841} WARNING - No viable dags retrieved from /opt/airflow/dags/create_star_schema_part_1.py
[2023-12-11T19:41:15.572+0000] {processor.py:179} INFO - Processing /opt/airflow/dags/create_star_schema_part_1.py took 0.018 seconds
[2023-12-11T19:41:45.999+0000] {processor.py:157} INFO - Started process (PID=1738) to work on /opt/airflow/dags/create_star_schema_part_1.py
[2023-12-11T19:41:45.999+0000] {processor.py:829} INFO - Processing file /opt/airflow/dags/create_star_schema_part_1.py for tasks to queue
[2023-12-11T19:41:46.000+0000] {logging_mixin.py:154} INFO - [2023-12-11T19:41:46.000+0000] {dagbag.py:536} INFO - Filling up the DagBag from /opt/airflow/dags/create_star_schema_part_1.py
[2023-12-11T19:41:46.004+0000] {processor.py:841} WARNING - No viable dags retrieved from /opt/airflow/dags/create_star_schema_part_1.py
[2023-12-11T19:41:46.013+0000] {processor.py:179} INFO - Processing /opt/airflow/dags/create_star_schema_part_1.py took 0.017 seconds
[2023-12-11T19:42:16.478+0000] {processor.py:157} INFO - Started process (PID=1781) to work on /opt/airflow/dags/create_star_schema_part_1.py
[2023-12-11T19:42:16.479+0000] {processor.py:829} INFO - Processing file /opt/airflow/dags/create_star_schema_part_1.py for tasks to queue
[2023-12-11T19:42:16.479+0000] {logging_mixin.py:154} INFO - [2023-12-11T19:42:16.479+0000] {dagbag.py:536} INFO - Filling up the DagBag from /opt/airflow/dags/create_star_schema_part_1.py
[2023-12-11T19:42:16.483+0000] {processor.py:841} WARNING - No viable dags retrieved from /opt/airflow/dags/create_star_schema_part_1.py
[2023-12-11T19:42:16.492+0000] {processor.py:179} INFO - Processing /opt/airflow/dags/create_star_schema_part_1.py took 0.016 seconds
[2023-12-11T19:42:46.927+0000] {processor.py:157} INFO - Started process (PID=1824) to work on /opt/airflow/dags/create_star_schema_part_1.py
[2023-12-11T19:42:46.927+0000] {processor.py:829} INFO - Processing file /opt/airflow/dags/create_star_schema_part_1.py for tasks to queue
[2023-12-11T19:42:46.928+0000] {logging_mixin.py:154} INFO - [2023-12-11T19:42:46.928+0000] {dagbag.py:536} INFO - Filling up the DagBag from /opt/airflow/dags/create_star_schema_part_1.py
[2023-12-11T19:42:46.932+0000] {processor.py:841} WARNING - No viable dags retrieved from /opt/airflow/dags/create_star_schema_part_1.py
[2023-12-11T19:42:46.941+0000] {processor.py:179} INFO - Processing /opt/airflow/dags/create_star_schema_part_1.py took 0.016 seconds
