[2023-12-11T19:25:01.567+0000] {processor.py:157} INFO - Started process (PID=188) to work on /opt/airflow/dags/remove_outliers_1_5_iqr.py
[2023-12-11T19:25:01.567+0000] {processor.py:829} INFO - Processing file /opt/airflow/dags/remove_outliers_1_5_iqr.py for tasks to queue
[2023-12-11T19:25:01.568+0000] {logging_mixin.py:154} INFO - [2023-12-11T19:25:01.568+0000] {dagbag.py:536} INFO - Filling up the DagBag from /opt/airflow/dags/remove_outliers_1_5_iqr.py
[2023-12-11T19:25:01.571+0000] {processor.py:841} WARNING - No viable dags retrieved from /opt/airflow/dags/remove_outliers_1_5_iqr.py
[2023-12-11T19:25:01.581+0000] {processor.py:179} INFO - Processing /opt/airflow/dags/remove_outliers_1_5_iqr.py took 0.016 seconds
[2023-12-11T19:25:32.065+0000] {processor.py:157} INFO - Started process (PID=228) to work on /opt/airflow/dags/remove_outliers_1_5_iqr.py
[2023-12-11T19:25:32.066+0000] {processor.py:829} INFO - Processing file /opt/airflow/dags/remove_outliers_1_5_iqr.py for tasks to queue
[2023-12-11T19:25:32.066+0000] {logging_mixin.py:154} INFO - [2023-12-11T19:25:32.066+0000] {dagbag.py:536} INFO - Filling up the DagBag from /opt/airflow/dags/remove_outliers_1_5_iqr.py
[2023-12-11T19:25:32.070+0000] {processor.py:841} WARNING - No viable dags retrieved from /opt/airflow/dags/remove_outliers_1_5_iqr.py
[2023-12-11T19:25:32.080+0000] {processor.py:179} INFO - Processing /opt/airflow/dags/remove_outliers_1_5_iqr.py took 0.018 seconds
[2023-12-11T19:26:02.640+0000] {processor.py:157} INFO - Started process (PID=272) to work on /opt/airflow/dags/remove_outliers_1_5_iqr.py
[2023-12-11T19:26:02.640+0000] {processor.py:829} INFO - Processing file /opt/airflow/dags/remove_outliers_1_5_iqr.py for tasks to queue
[2023-12-11T19:26:02.641+0000] {logging_mixin.py:154} INFO - [2023-12-11T19:26:02.641+0000] {dagbag.py:536} INFO - Filling up the DagBag from /opt/airflow/dags/remove_outliers_1_5_iqr.py
[2023-12-11T19:26:02.644+0000] {processor.py:841} WARNING - No viable dags retrieved from /opt/airflow/dags/remove_outliers_1_5_iqr.py
[2023-12-11T19:26:02.654+0000] {processor.py:179} INFO - Processing /opt/airflow/dags/remove_outliers_1_5_iqr.py took 0.016 seconds
[2023-12-11T19:26:33.120+0000] {processor.py:157} INFO - Started process (PID=335) to work on /opt/airflow/dags/remove_outliers_1_5_iqr.py
[2023-12-11T19:26:33.121+0000] {processor.py:829} INFO - Processing file /opt/airflow/dags/remove_outliers_1_5_iqr.py for tasks to queue
[2023-12-11T19:26:33.121+0000] {logging_mixin.py:154} INFO - [2023-12-11T19:26:33.121+0000] {dagbag.py:536} INFO - Filling up the DagBag from /opt/airflow/dags/remove_outliers_1_5_iqr.py
[2023-12-11T19:26:33.125+0000] {processor.py:841} WARNING - No viable dags retrieved from /opt/airflow/dags/remove_outliers_1_5_iqr.py
[2023-12-11T19:26:33.137+0000] {processor.py:179} INFO - Processing /opt/airflow/dags/remove_outliers_1_5_iqr.py took 0.020 seconds
[2023-12-11T19:27:03.672+0000] {processor.py:157} INFO - Started process (PID=378) to work on /opt/airflow/dags/remove_outliers_1_5_iqr.py
[2023-12-11T19:27:03.673+0000] {processor.py:829} INFO - Processing file /opt/airflow/dags/remove_outliers_1_5_iqr.py for tasks to queue
[2023-12-11T19:27:03.673+0000] {logging_mixin.py:154} INFO - [2023-12-11T19:27:03.673+0000] {dagbag.py:536} INFO - Filling up the DagBag from /opt/airflow/dags/remove_outliers_1_5_iqr.py
[2023-12-11T19:27:03.677+0000] {processor.py:841} WARNING - No viable dags retrieved from /opt/airflow/dags/remove_outliers_1_5_iqr.py
[2023-12-11T19:27:03.686+0000] {processor.py:179} INFO - Processing /opt/airflow/dags/remove_outliers_1_5_iqr.py took 0.016 seconds
[2023-12-11T19:27:34.262+0000] {processor.py:157} INFO - Started process (PID=433) to work on /opt/airflow/dags/remove_outliers_1_5_iqr.py
[2023-12-11T19:27:34.263+0000] {processor.py:829} INFO - Processing file /opt/airflow/dags/remove_outliers_1_5_iqr.py for tasks to queue
[2023-12-11T19:27:34.263+0000] {logging_mixin.py:154} INFO - [2023-12-11T19:27:34.263+0000] {dagbag.py:536} INFO - Filling up the DagBag from /opt/airflow/dags/remove_outliers_1_5_iqr.py
[2023-12-11T19:27:34.267+0000] {processor.py:841} WARNING - No viable dags retrieved from /opt/airflow/dags/remove_outliers_1_5_iqr.py
[2023-12-11T19:27:34.277+0000] {processor.py:179} INFO - Processing /opt/airflow/dags/remove_outliers_1_5_iqr.py took 0.017 seconds
[2023-12-11T19:28:04.643+0000] {processor.py:157} INFO - Started process (PID=476) to work on /opt/airflow/dags/remove_outliers_1_5_iqr.py
[2023-12-11T19:28:04.644+0000] {processor.py:829} INFO - Processing file /opt/airflow/dags/remove_outliers_1_5_iqr.py for tasks to queue
[2023-12-11T19:28:04.644+0000] {logging_mixin.py:154} INFO - [2023-12-11T19:28:04.644+0000] {dagbag.py:536} INFO - Filling up the DagBag from /opt/airflow/dags/remove_outliers_1_5_iqr.py
[2023-12-11T19:28:04.648+0000] {processor.py:841} WARNING - No viable dags retrieved from /opt/airflow/dags/remove_outliers_1_5_iqr.py
[2023-12-11T19:28:04.658+0000] {processor.py:179} INFO - Processing /opt/airflow/dags/remove_outliers_1_5_iqr.py took 0.018 seconds
[2023-12-11T19:28:35.038+0000] {processor.py:157} INFO - Started process (PID=528) to work on /opt/airflow/dags/remove_outliers_1_5_iqr.py
[2023-12-11T19:28:35.039+0000] {processor.py:829} INFO - Processing file /opt/airflow/dags/remove_outliers_1_5_iqr.py for tasks to queue
[2023-12-11T19:28:35.040+0000] {logging_mixin.py:154} INFO - [2023-12-11T19:28:35.039+0000] {dagbag.py:536} INFO - Filling up the DagBag from /opt/airflow/dags/remove_outliers_1_5_iqr.py
[2023-12-11T19:28:35.043+0000] {processor.py:841} WARNING - No viable dags retrieved from /opt/airflow/dags/remove_outliers_1_5_iqr.py
[2023-12-11T19:28:35.053+0000] {processor.py:179} INFO - Processing /opt/airflow/dags/remove_outliers_1_5_iqr.py took 0.017 seconds
[2023-12-11T19:29:05.440+0000] {processor.py:157} INFO - Started process (PID=571) to work on /opt/airflow/dags/remove_outliers_1_5_iqr.py
[2023-12-11T19:29:05.441+0000] {processor.py:829} INFO - Processing file /opt/airflow/dags/remove_outliers_1_5_iqr.py for tasks to queue
[2023-12-11T19:29:05.441+0000] {logging_mixin.py:154} INFO - [2023-12-11T19:29:05.441+0000] {dagbag.py:536} INFO - Filling up the DagBag from /opt/airflow/dags/remove_outliers_1_5_iqr.py
[2023-12-11T19:29:05.444+0000] {processor.py:841} WARNING - No viable dags retrieved from /opt/airflow/dags/remove_outliers_1_5_iqr.py
[2023-12-11T19:29:05.454+0000] {processor.py:179} INFO - Processing /opt/airflow/dags/remove_outliers_1_5_iqr.py took 0.017 seconds
[2023-12-11T19:29:35.805+0000] {processor.py:157} INFO - Started process (PID=641) to work on /opt/airflow/dags/remove_outliers_1_5_iqr.py
[2023-12-11T19:29:35.806+0000] {processor.py:829} INFO - Processing file /opt/airflow/dags/remove_outliers_1_5_iqr.py for tasks to queue
[2023-12-11T19:29:35.807+0000] {logging_mixin.py:154} INFO - [2023-12-11T19:29:35.807+0000] {dagbag.py:536} INFO - Filling up the DagBag from /opt/airflow/dags/remove_outliers_1_5_iqr.py
[2023-12-11T19:29:35.811+0000] {processor.py:841} WARNING - No viable dags retrieved from /opt/airflow/dags/remove_outliers_1_5_iqr.py
[2023-12-11T19:29:35.824+0000] {processor.py:179} INFO - Processing /opt/airflow/dags/remove_outliers_1_5_iqr.py took 0.021 seconds
[2023-12-11T19:30:06.235+0000] {processor.py:157} INFO - Started process (PID=684) to work on /opt/airflow/dags/remove_outliers_1_5_iqr.py
[2023-12-11T19:30:06.235+0000] {processor.py:829} INFO - Processing file /opt/airflow/dags/remove_outliers_1_5_iqr.py for tasks to queue
[2023-12-11T19:30:06.236+0000] {logging_mixin.py:154} INFO - [2023-12-11T19:30:06.236+0000] {dagbag.py:536} INFO - Filling up the DagBag from /opt/airflow/dags/remove_outliers_1_5_iqr.py
[2023-12-11T19:30:06.240+0000] {processor.py:841} WARNING - No viable dags retrieved from /opt/airflow/dags/remove_outliers_1_5_iqr.py
[2023-12-11T19:30:06.255+0000] {processor.py:179} INFO - Processing /opt/airflow/dags/remove_outliers_1_5_iqr.py took 0.022 seconds
[2023-12-11T19:30:36.636+0000] {processor.py:157} INFO - Started process (PID=754) to work on /opt/airflow/dags/remove_outliers_1_5_iqr.py
[2023-12-11T19:30:36.637+0000] {processor.py:829} INFO - Processing file /opt/airflow/dags/remove_outliers_1_5_iqr.py for tasks to queue
[2023-12-11T19:30:36.638+0000] {logging_mixin.py:154} INFO - [2023-12-11T19:30:36.638+0000] {dagbag.py:536} INFO - Filling up the DagBag from /opt/airflow/dags/remove_outliers_1_5_iqr.py
[2023-12-11T19:30:36.647+0000] {processor.py:841} WARNING - No viable dags retrieved from /opt/airflow/dags/remove_outliers_1_5_iqr.py
[2023-12-11T19:30:36.665+0000] {processor.py:179} INFO - Processing /opt/airflow/dags/remove_outliers_1_5_iqr.py took 0.032 seconds
[2023-12-11T19:31:06.808+0000] {processor.py:157} INFO - Started process (PID=797) to work on /opt/airflow/dags/remove_outliers_1_5_iqr.py
[2023-12-11T19:31:06.809+0000] {processor.py:829} INFO - Processing file /opt/airflow/dags/remove_outliers_1_5_iqr.py for tasks to queue
[2023-12-11T19:31:06.810+0000] {logging_mixin.py:154} INFO - [2023-12-11T19:31:06.810+0000] {dagbag.py:536} INFO - Filling up the DagBag from /opt/airflow/dags/remove_outliers_1_5_iqr.py
[2023-12-11T19:31:06.816+0000] {processor.py:841} WARNING - No viable dags retrieved from /opt/airflow/dags/remove_outliers_1_5_iqr.py
[2023-12-11T19:31:06.830+0000] {processor.py:179} INFO - Processing /opt/airflow/dags/remove_outliers_1_5_iqr.py took 0.025 seconds
[2023-12-11T19:31:36.948+0000] {processor.py:157} INFO - Started process (PID=843) to work on /opt/airflow/dags/remove_outliers_1_5_iqr.py
[2023-12-11T19:31:36.949+0000] {processor.py:829} INFO - Processing file /opt/airflow/dags/remove_outliers_1_5_iqr.py for tasks to queue
[2023-12-11T19:31:36.949+0000] {logging_mixin.py:154} INFO - [2023-12-11T19:31:36.949+0000] {dagbag.py:536} INFO - Filling up the DagBag from /opt/airflow/dags/remove_outliers_1_5_iqr.py
[2023-12-11T19:31:36.953+0000] {processor.py:841} WARNING - No viable dags retrieved from /opt/airflow/dags/remove_outliers_1_5_iqr.py
[2023-12-11T19:31:36.963+0000] {processor.py:179} INFO - Processing /opt/airflow/dags/remove_outliers_1_5_iqr.py took 0.017 seconds
[2023-12-11T19:32:07.381+0000] {processor.py:157} INFO - Started process (PID=886) to work on /opt/airflow/dags/remove_outliers_1_5_iqr.py
[2023-12-11T19:32:07.383+0000] {processor.py:829} INFO - Processing file /opt/airflow/dags/remove_outliers_1_5_iqr.py for tasks to queue
[2023-12-11T19:32:07.384+0000] {logging_mixin.py:154} INFO - [2023-12-11T19:32:07.384+0000] {dagbag.py:536} INFO - Filling up the DagBag from /opt/airflow/dags/remove_outliers_1_5_iqr.py
[2023-12-11T19:32:07.389+0000] {processor.py:841} WARNING - No viable dags retrieved from /opt/airflow/dags/remove_outliers_1_5_iqr.py
[2023-12-11T19:32:07.405+0000] {processor.py:179} INFO - Processing /opt/airflow/dags/remove_outliers_1_5_iqr.py took 0.026 seconds
[2023-12-11T19:32:37.807+0000] {processor.py:157} INFO - Started process (PID=929) to work on /opt/airflow/dags/remove_outliers_1_5_iqr.py
[2023-12-11T19:32:37.808+0000] {processor.py:829} INFO - Processing file /opt/airflow/dags/remove_outliers_1_5_iqr.py for tasks to queue
[2023-12-11T19:32:37.810+0000] {logging_mixin.py:154} INFO - [2023-12-11T19:32:37.809+0000] {dagbag.py:536} INFO - Filling up the DagBag from /opt/airflow/dags/remove_outliers_1_5_iqr.py
[2023-12-11T19:32:37.817+0000] {processor.py:841} WARNING - No viable dags retrieved from /opt/airflow/dags/remove_outliers_1_5_iqr.py
[2023-12-11T19:32:37.834+0000] {processor.py:179} INFO - Processing /opt/airflow/dags/remove_outliers_1_5_iqr.py took 0.031 seconds
[2023-12-11T19:33:08.075+0000] {processor.py:157} INFO - Started process (PID=972) to work on /opt/airflow/dags/remove_outliers_1_5_iqr.py
[2023-12-11T19:33:08.076+0000] {processor.py:829} INFO - Processing file /opt/airflow/dags/remove_outliers_1_5_iqr.py for tasks to queue
[2023-12-11T19:33:08.078+0000] {logging_mixin.py:154} INFO - [2023-12-11T19:33:08.077+0000] {dagbag.py:536} INFO - Filling up the DagBag from /opt/airflow/dags/remove_outliers_1_5_iqr.py
[2023-12-11T19:33:08.084+0000] {processor.py:841} WARNING - No viable dags retrieved from /opt/airflow/dags/remove_outliers_1_5_iqr.py
[2023-12-11T19:33:08.100+0000] {processor.py:179} INFO - Processing /opt/airflow/dags/remove_outliers_1_5_iqr.py took 0.030 seconds
[2023-12-11T19:33:38.514+0000] {processor.py:157} INFO - Started process (PID=1015) to work on /opt/airflow/dags/remove_outliers_1_5_iqr.py
[2023-12-11T19:33:38.515+0000] {processor.py:829} INFO - Processing file /opt/airflow/dags/remove_outliers_1_5_iqr.py for tasks to queue
[2023-12-11T19:33:38.515+0000] {logging_mixin.py:154} INFO - [2023-12-11T19:33:38.515+0000] {dagbag.py:536} INFO - Filling up the DagBag from /opt/airflow/dags/remove_outliers_1_5_iqr.py
[2023-12-11T19:33:38.520+0000] {processor.py:841} WARNING - No viable dags retrieved from /opt/airflow/dags/remove_outliers_1_5_iqr.py
[2023-12-11T19:33:38.532+0000] {processor.py:179} INFO - Processing /opt/airflow/dags/remove_outliers_1_5_iqr.py took 0.020 seconds
[2023-12-11T19:34:08.964+0000] {processor.py:157} INFO - Started process (PID=1058) to work on /opt/airflow/dags/remove_outliers_1_5_iqr.py
[2023-12-11T19:34:08.965+0000] {processor.py:829} INFO - Processing file /opt/airflow/dags/remove_outliers_1_5_iqr.py for tasks to queue
[2023-12-11T19:34:08.965+0000] {logging_mixin.py:154} INFO - [2023-12-11T19:34:08.965+0000] {dagbag.py:536} INFO - Filling up the DagBag from /opt/airflow/dags/remove_outliers_1_5_iqr.py
[2023-12-11T19:34:08.968+0000] {processor.py:841} WARNING - No viable dags retrieved from /opt/airflow/dags/remove_outliers_1_5_iqr.py
[2023-12-11T19:34:08.979+0000] {processor.py:179} INFO - Processing /opt/airflow/dags/remove_outliers_1_5_iqr.py took 0.018 seconds
[2023-12-11T19:34:39.404+0000] {processor.py:157} INFO - Started process (PID=1101) to work on /opt/airflow/dags/remove_outliers_1_5_iqr.py
[2023-12-11T19:34:39.405+0000] {processor.py:829} INFO - Processing file /opt/airflow/dags/remove_outliers_1_5_iqr.py for tasks to queue
[2023-12-11T19:34:39.406+0000] {logging_mixin.py:154} INFO - [2023-12-11T19:34:39.405+0000] {dagbag.py:536} INFO - Filling up the DagBag from /opt/airflow/dags/remove_outliers_1_5_iqr.py
[2023-12-11T19:34:39.409+0000] {processor.py:841} WARNING - No viable dags retrieved from /opt/airflow/dags/remove_outliers_1_5_iqr.py
[2023-12-11T19:34:39.418+0000] {processor.py:179} INFO - Processing /opt/airflow/dags/remove_outliers_1_5_iqr.py took 0.017 seconds
[2023-12-11T19:35:09.866+0000] {processor.py:157} INFO - Started process (PID=1144) to work on /opt/airflow/dags/remove_outliers_1_5_iqr.py
[2023-12-11T19:35:09.867+0000] {processor.py:829} INFO - Processing file /opt/airflow/dags/remove_outliers_1_5_iqr.py for tasks to queue
[2023-12-11T19:35:09.867+0000] {logging_mixin.py:154} INFO - [2023-12-11T19:35:09.867+0000] {dagbag.py:536} INFO - Filling up the DagBag from /opt/airflow/dags/remove_outliers_1_5_iqr.py
[2023-12-11T19:35:09.871+0000] {processor.py:841} WARNING - No viable dags retrieved from /opt/airflow/dags/remove_outliers_1_5_iqr.py
[2023-12-11T19:35:09.880+0000] {processor.py:179} INFO - Processing /opt/airflow/dags/remove_outliers_1_5_iqr.py took 0.017 seconds
[2023-12-11T19:35:40.268+0000] {processor.py:157} INFO - Started process (PID=1187) to work on /opt/airflow/dags/remove_outliers_1_5_iqr.py
[2023-12-11T19:35:40.269+0000] {processor.py:829} INFO - Processing file /opt/airflow/dags/remove_outliers_1_5_iqr.py for tasks to queue
[2023-12-11T19:35:40.270+0000] {logging_mixin.py:154} INFO - [2023-12-11T19:35:40.270+0000] {dagbag.py:536} INFO - Filling up the DagBag from /opt/airflow/dags/remove_outliers_1_5_iqr.py
[2023-12-11T19:35:40.273+0000] {processor.py:841} WARNING - No viable dags retrieved from /opt/airflow/dags/remove_outliers_1_5_iqr.py
[2023-12-11T19:35:40.282+0000] {processor.py:179} INFO - Processing /opt/airflow/dags/remove_outliers_1_5_iqr.py took 0.016 seconds
[2023-12-11T19:36:10.696+0000] {processor.py:157} INFO - Started process (PID=1230) to work on /opt/airflow/dags/remove_outliers_1_5_iqr.py
[2023-12-11T19:36:10.697+0000] {processor.py:829} INFO - Processing file /opt/airflow/dags/remove_outliers_1_5_iqr.py for tasks to queue
[2023-12-11T19:36:10.698+0000] {logging_mixin.py:154} INFO - [2023-12-11T19:36:10.697+0000] {dagbag.py:536} INFO - Filling up the DagBag from /opt/airflow/dags/remove_outliers_1_5_iqr.py
[2023-12-11T19:36:10.701+0000] {processor.py:841} WARNING - No viable dags retrieved from /opt/airflow/dags/remove_outliers_1_5_iqr.py
[2023-12-11T19:36:10.710+0000] {processor.py:179} INFO - Processing /opt/airflow/dags/remove_outliers_1_5_iqr.py took 0.016 seconds
[2023-12-11T19:36:41.198+0000] {processor.py:157} INFO - Started process (PID=1273) to work on /opt/airflow/dags/remove_outliers_1_5_iqr.py
[2023-12-11T19:36:41.199+0000] {processor.py:829} INFO - Processing file /opt/airflow/dags/remove_outliers_1_5_iqr.py for tasks to queue
[2023-12-11T19:36:41.200+0000] {logging_mixin.py:154} INFO - [2023-12-11T19:36:41.200+0000] {dagbag.py:536} INFO - Filling up the DagBag from /opt/airflow/dags/remove_outliers_1_5_iqr.py
[2023-12-11T19:36:41.204+0000] {processor.py:841} WARNING - No viable dags retrieved from /opt/airflow/dags/remove_outliers_1_5_iqr.py
[2023-12-11T19:36:41.215+0000] {processor.py:179} INFO - Processing /opt/airflow/dags/remove_outliers_1_5_iqr.py took 0.019 seconds
[2023-12-11T19:37:11.748+0000] {processor.py:157} INFO - Started process (PID=1316) to work on /opt/airflow/dags/remove_outliers_1_5_iqr.py
[2023-12-11T19:37:11.748+0000] {processor.py:829} INFO - Processing file /opt/airflow/dags/remove_outliers_1_5_iqr.py for tasks to queue
[2023-12-11T19:37:11.749+0000] {logging_mixin.py:154} INFO - [2023-12-11T19:37:11.749+0000] {dagbag.py:536} INFO - Filling up the DagBag from /opt/airflow/dags/remove_outliers_1_5_iqr.py
[2023-12-11T19:37:11.752+0000] {processor.py:841} WARNING - No viable dags retrieved from /opt/airflow/dags/remove_outliers_1_5_iqr.py
[2023-12-11T19:37:11.762+0000] {processor.py:179} INFO - Processing /opt/airflow/dags/remove_outliers_1_5_iqr.py took 0.017 seconds
[2023-12-11T19:37:42.260+0000] {processor.py:157} INFO - Started process (PID=1359) to work on /opt/airflow/dags/remove_outliers_1_5_iqr.py
[2023-12-11T19:37:42.261+0000] {processor.py:829} INFO - Processing file /opt/airflow/dags/remove_outliers_1_5_iqr.py for tasks to queue
[2023-12-11T19:37:42.261+0000] {logging_mixin.py:154} INFO - [2023-12-11T19:37:42.261+0000] {dagbag.py:536} INFO - Filling up the DagBag from /opt/airflow/dags/remove_outliers_1_5_iqr.py
[2023-12-11T19:37:42.265+0000] {processor.py:841} WARNING - No viable dags retrieved from /opt/airflow/dags/remove_outliers_1_5_iqr.py
[2023-12-11T19:37:42.275+0000] {processor.py:179} INFO - Processing /opt/airflow/dags/remove_outliers_1_5_iqr.py took 0.018 seconds
[2023-12-11T19:38:12.804+0000] {processor.py:157} INFO - Started process (PID=1402) to work on /opt/airflow/dags/remove_outliers_1_5_iqr.py
[2023-12-11T19:38:12.805+0000] {processor.py:829} INFO - Processing file /opt/airflow/dags/remove_outliers_1_5_iqr.py for tasks to queue
[2023-12-11T19:38:12.805+0000] {logging_mixin.py:154} INFO - [2023-12-11T19:38:12.805+0000] {dagbag.py:536} INFO - Filling up the DagBag from /opt/airflow/dags/remove_outliers_1_5_iqr.py
[2023-12-11T19:38:12.811+0000] {processor.py:841} WARNING - No viable dags retrieved from /opt/airflow/dags/remove_outliers_1_5_iqr.py
[2023-12-11T19:38:12.820+0000] {processor.py:179} INFO - Processing /opt/airflow/dags/remove_outliers_1_5_iqr.py took 0.018 seconds
[2023-12-11T19:38:43.220+0000] {processor.py:157} INFO - Started process (PID=1445) to work on /opt/airflow/dags/remove_outliers_1_5_iqr.py
[2023-12-11T19:38:43.220+0000] {processor.py:829} INFO - Processing file /opt/airflow/dags/remove_outliers_1_5_iqr.py for tasks to queue
[2023-12-11T19:38:43.221+0000] {logging_mixin.py:154} INFO - [2023-12-11T19:38:43.221+0000] {dagbag.py:536} INFO - Filling up the DagBag from /opt/airflow/dags/remove_outliers_1_5_iqr.py
[2023-12-11T19:38:43.224+0000] {processor.py:841} WARNING - No viable dags retrieved from /opt/airflow/dags/remove_outliers_1_5_iqr.py
[2023-12-11T19:38:43.234+0000] {processor.py:179} INFO - Processing /opt/airflow/dags/remove_outliers_1_5_iqr.py took 0.017 seconds
[2023-12-11T19:39:13.643+0000] {processor.py:157} INFO - Started process (PID=1488) to work on /opt/airflow/dags/remove_outliers_1_5_iqr.py
[2023-12-11T19:39:13.644+0000] {processor.py:829} INFO - Processing file /opt/airflow/dags/remove_outliers_1_5_iqr.py for tasks to queue
[2023-12-11T19:39:13.645+0000] {logging_mixin.py:154} INFO - [2023-12-11T19:39:13.644+0000] {dagbag.py:536} INFO - Filling up the DagBag from /opt/airflow/dags/remove_outliers_1_5_iqr.py
[2023-12-11T19:39:13.648+0000] {processor.py:841} WARNING - No viable dags retrieved from /opt/airflow/dags/remove_outliers_1_5_iqr.py
[2023-12-11T19:39:13.657+0000] {processor.py:179} INFO - Processing /opt/airflow/dags/remove_outliers_1_5_iqr.py took 0.016 seconds
[2023-12-11T19:39:44.063+0000] {processor.py:157} INFO - Started process (PID=1531) to work on /opt/airflow/dags/remove_outliers_1_5_iqr.py
[2023-12-11T19:39:44.064+0000] {processor.py:829} INFO - Processing file /opt/airflow/dags/remove_outliers_1_5_iqr.py for tasks to queue
[2023-12-11T19:39:44.065+0000] {logging_mixin.py:154} INFO - [2023-12-11T19:39:44.064+0000] {dagbag.py:536} INFO - Filling up the DagBag from /opt/airflow/dags/remove_outliers_1_5_iqr.py
[2023-12-11T19:39:44.068+0000] {processor.py:841} WARNING - No viable dags retrieved from /opt/airflow/dags/remove_outliers_1_5_iqr.py
[2023-12-11T19:39:44.077+0000] {processor.py:179} INFO - Processing /opt/airflow/dags/remove_outliers_1_5_iqr.py took 0.016 seconds
[2023-12-11T19:40:14.592+0000] {processor.py:157} INFO - Started process (PID=1574) to work on /opt/airflow/dags/remove_outliers_1_5_iqr.py
[2023-12-11T19:40:14.593+0000] {processor.py:829} INFO - Processing file /opt/airflow/dags/remove_outliers_1_5_iqr.py for tasks to queue
[2023-12-11T19:40:14.594+0000] {logging_mixin.py:154} INFO - [2023-12-11T19:40:14.594+0000] {dagbag.py:536} INFO - Filling up the DagBag from /opt/airflow/dags/remove_outliers_1_5_iqr.py
[2023-12-11T19:40:14.597+0000] {processor.py:841} WARNING - No viable dags retrieved from /opt/airflow/dags/remove_outliers_1_5_iqr.py
[2023-12-11T19:40:14.607+0000] {processor.py:179} INFO - Processing /opt/airflow/dags/remove_outliers_1_5_iqr.py took 0.017 seconds
[2023-12-11T19:40:45.053+0000] {processor.py:157} INFO - Started process (PID=1617) to work on /opt/airflow/dags/remove_outliers_1_5_iqr.py
[2023-12-11T19:40:45.054+0000] {processor.py:829} INFO - Processing file /opt/airflow/dags/remove_outliers_1_5_iqr.py for tasks to queue
[2023-12-11T19:40:45.054+0000] {logging_mixin.py:154} INFO - [2023-12-11T19:40:45.054+0000] {dagbag.py:536} INFO - Filling up the DagBag from /opt/airflow/dags/remove_outliers_1_5_iqr.py
[2023-12-11T19:40:45.057+0000] {processor.py:841} WARNING - No viable dags retrieved from /opt/airflow/dags/remove_outliers_1_5_iqr.py
[2023-12-11T19:40:45.067+0000] {processor.py:179} INFO - Processing /opt/airflow/dags/remove_outliers_1_5_iqr.py took 0.016 seconds
[2023-12-11T19:41:15.517+0000] {processor.py:157} INFO - Started process (PID=1660) to work on /opt/airflow/dags/remove_outliers_1_5_iqr.py
[2023-12-11T19:41:15.518+0000] {processor.py:829} INFO - Processing file /opt/airflow/dags/remove_outliers_1_5_iqr.py for tasks to queue
[2023-12-11T19:41:15.518+0000] {logging_mixin.py:154} INFO - [2023-12-11T19:41:15.518+0000] {dagbag.py:536} INFO - Filling up the DagBag from /opt/airflow/dags/remove_outliers_1_5_iqr.py
[2023-12-11T19:41:15.522+0000] {processor.py:841} WARNING - No viable dags retrieved from /opt/airflow/dags/remove_outliers_1_5_iqr.py
[2023-12-11T19:41:15.532+0000] {processor.py:179} INFO - Processing /opt/airflow/dags/remove_outliers_1_5_iqr.py took 0.018 seconds
[2023-12-11T19:41:45.958+0000] {processor.py:157} INFO - Started process (PID=1730) to work on /opt/airflow/dags/remove_outliers_1_5_iqr.py
[2023-12-11T19:41:45.959+0000] {processor.py:829} INFO - Processing file /opt/airflow/dags/remove_outliers_1_5_iqr.py for tasks to queue
[2023-12-11T19:41:45.960+0000] {logging_mixin.py:154} INFO - [2023-12-11T19:41:45.960+0000] {dagbag.py:536} INFO - Filling up the DagBag from /opt/airflow/dags/remove_outliers_1_5_iqr.py
[2023-12-11T19:41:45.963+0000] {processor.py:841} WARNING - No viable dags retrieved from /opt/airflow/dags/remove_outliers_1_5_iqr.py
[2023-12-11T19:41:45.972+0000] {processor.py:179} INFO - Processing /opt/airflow/dags/remove_outliers_1_5_iqr.py took 0.015 seconds
[2023-12-11T19:42:16.446+0000] {processor.py:157} INFO - Started process (PID=1773) to work on /opt/airflow/dags/remove_outliers_1_5_iqr.py
[2023-12-11T19:42:16.446+0000] {processor.py:829} INFO - Processing file /opt/airflow/dags/remove_outliers_1_5_iqr.py for tasks to queue
[2023-12-11T19:42:16.447+0000] {logging_mixin.py:154} INFO - [2023-12-11T19:42:16.447+0000] {dagbag.py:536} INFO - Filling up the DagBag from /opt/airflow/dags/remove_outliers_1_5_iqr.py
[2023-12-11T19:42:16.451+0000] {processor.py:841} WARNING - No viable dags retrieved from /opt/airflow/dags/remove_outliers_1_5_iqr.py
[2023-12-11T19:42:16.460+0000] {processor.py:179} INFO - Processing /opt/airflow/dags/remove_outliers_1_5_iqr.py took 0.017 seconds
[2023-12-11T19:42:46.894+0000] {processor.py:157} INFO - Started process (PID=1816) to work on /opt/airflow/dags/remove_outliers_1_5_iqr.py
[2023-12-11T19:42:46.895+0000] {processor.py:829} INFO - Processing file /opt/airflow/dags/remove_outliers_1_5_iqr.py for tasks to queue
[2023-12-11T19:42:46.895+0000] {logging_mixin.py:154} INFO - [2023-12-11T19:42:46.895+0000] {dagbag.py:536} INFO - Filling up the DagBag from /opt/airflow/dags/remove_outliers_1_5_iqr.py
[2023-12-11T19:42:46.899+0000] {processor.py:841} WARNING - No viable dags retrieved from /opt/airflow/dags/remove_outliers_1_5_iqr.py
[2023-12-11T19:42:46.909+0000] {processor.py:179} INFO - Processing /opt/airflow/dags/remove_outliers_1_5_iqr.py took 0.018 seconds
