[2023-12-21T19:34:16.406+0000] {taskinstance.py:1159} INFO - Dependencies all met for dep_context=non-requeueable deps ti=<TaskInstance: med_ins_prem_pred-v01.remove_id_column scheduled__2023-12-01T00:00:00+00:00 [queued]>
[2023-12-21T19:34:16.411+0000] {taskinstance.py:1159} INFO - Dependencies all met for dep_context=requeueable deps ti=<TaskInstance: med_ins_prem_pred-v01.remove_id_column scheduled__2023-12-01T00:00:00+00:00 [queued]>
[2023-12-21T19:34:16.412+0000] {taskinstance.py:1361} INFO - Starting attempt 1 of 6
[2023-12-21T19:34:16.418+0000] {taskinstance.py:1382} INFO - Executing <Task(PostgresOperator): remove_id_column> on 2023-12-01 00:00:00+00:00
[2023-12-21T19:34:16.422+0000] {standard_task_runner.py:57} INFO - Started process 737 to run task
[2023-12-21T19:34:16.424+0000] {standard_task_runner.py:84} INFO - Running: ['***', 'tasks', 'run', 'med_ins_prem_pred-v01', 'remove_id_column', 'scheduled__2023-12-01T00:00:00+00:00', '--job-id', '7', '--raw', '--subdir', 'DAGS_FOLDER/med_insurance_prem_pred.py', '--cfg-path', '/tmp/tmpgahl6ktq']
[2023-12-21T19:34:16.426+0000] {standard_task_runner.py:85} INFO - Job 7: Subtask remove_id_column
[2023-12-21T19:34:16.456+0000] {task_command.py:416} INFO - Running <TaskInstance: med_ins_prem_pred-v01.remove_id_column scheduled__2023-12-01T00:00:00+00:00 [running]> on host 265bbf0c3730
[2023-12-21T19:34:16.497+0000] {taskinstance.py:1662} INFO - Exporting env vars: AIRFLOW_CTX_DAG_OWNER='dunnbc22' AIRFLOW_CTX_DAG_ID='med_ins_prem_pred-v01' AIRFLOW_CTX_TASK_ID='remove_id_column' AIRFLOW_CTX_EXECUTION_DATE='2023-12-01T00:00:00+00:00' AIRFLOW_CTX_TRY_NUMBER='1' AIRFLOW_CTX_DAG_RUN_ID='scheduled__2023-12-01T00:00:00+00:00'
[2023-12-21T19:34:16.498+0000] {sql.py:274} INFO - Executing: 
        ALTER TABLE med_ins_prem_pred_pipe
        DROP COLUMN id_col;
        
[2023-12-21T19:34:16.505+0000] {base.py:73} INFO - Using connection ID 'postgres_conn' for task execution.
[2023-12-21T19:34:16.510+0000] {base.py:73} INFO - Using connection ID 'postgres_conn' for task execution.
[2023-12-21T19:34:16.517+0000] {sql.py:418} INFO - Running statement: 
        ALTER TABLE med_ins_prem_pred_pipe
        DROP COLUMN id_col;
        , parameters: None
[2023-12-21T19:34:16.527+0000] {taskinstance.py:1400} INFO - Marking task as SUCCESS. dag_id=med_ins_prem_pred-v01, task_id=remove_id_column, execution_date=20231201T000000, start_date=20231221T193416, end_date=20231221T193416
[2023-12-21T19:34:16.556+0000] {local_task_job_runner.py:228} INFO - Task exited with return code 0
[2023-12-21T19:34:16.577+0000] {taskinstance.py:2778} INFO - 1 downstream tasks scheduled from follow-on schedule check
