[2023-12-12T18:05:16.781+0000] {taskinstance.py:1159} INFO - Dependencies all met for dep_context=non-requeueable deps ti=<TaskInstance: ppp_via_foia-v01.remove_replaced_dim_cols.remove_original_BorrowerCity_in_fact_table scheduled__2023-12-01T00:00:00+00:00 [queued]>
[2023-12-12T18:05:16.809+0000] {taskinstance.py:1159} INFO - Dependencies all met for dep_context=requeueable deps ti=<TaskInstance: ppp_via_foia-v01.remove_replaced_dim_cols.remove_original_BorrowerCity_in_fact_table scheduled__2023-12-01T00:00:00+00:00 [queued]>
[2023-12-12T18:05:16.810+0000] {taskinstance.py:1361} INFO - Starting attempt 1 of 6
[2023-12-12T18:05:16.841+0000] {taskinstance.py:1382} INFO - Executing <Task(PostgresOperator): remove_original_BorrowerCity_in_fact_table> on 2023-12-01 00:00:00+00:00
[2023-12-12T18:05:16.858+0000] {standard_task_runner.py:57} INFO - Started process 2549 to run task
[2023-12-12T18:05:16.863+0000] {standard_task_runner.py:84} INFO - Running: ['***', 'tasks', 'run', 'ppp_via_foia-v01.remove_replaced_dim_cols', 'remove_original_BorrowerCity_in_fact_table', 'scheduled__2023-12-01T00:00:00+00:00', '--job-id', '98', '--raw', '--subdir', 'DAGS_FOLDER/ppp_via_foia.py', '--cfg-path', '/tmp/tmp5iskqg_h']
[2023-12-12T18:05:16.893+0000] {standard_task_runner.py:85} INFO - Job 98: Subtask remove_original_BorrowerCity_in_fact_table
[2023-12-12T18:05:17.030+0000] {task_command.py:416} INFO - Running <TaskInstance: ppp_via_foia-v01.remove_replaced_dim_cols.remove_original_BorrowerCity_in_fact_table scheduled__2023-12-01T00:00:00+00:00 [running]> on host edee10095410
[2023-12-12T18:05:17.220+0000] {taskinstance.py:1662} INFO - Exporting env vars: AIRFLOW_CTX_DAG_OWNER='dunnbc22' AIRFLOW_CTX_DAG_ID='ppp_via_foia-v01.remove_replaced_dim_cols' AIRFLOW_CTX_TASK_ID='remove_original_BorrowerCity_in_fact_table' AIRFLOW_CTX_EXECUTION_DATE='2023-12-01T00:00:00+00:00' AIRFLOW_CTX_TRY_NUMBER='1' AIRFLOW_CTX_DAG_RUN_ID='scheduled__2023-12-01T00:00:00+00:00'
[2023-12-12T18:05:17.229+0000] {sql.py:274} INFO - Executing: -- table_name, column_name
ALTER TABLE ppp_via_foia_pipe
DROP COLUMN BorrowerCity;
[2023-12-12T18:05:17.249+0000] {base.py:73} INFO - Using connection ID 'postgres_conn' for task execution.
[2023-12-12T18:05:17.278+0000] {base.py:73} INFO - Using connection ID 'postgres_conn' for task execution.
[2023-12-12T18:05:17.307+0000] {sql.py:418} INFO - Running statement: -- table_name, column_name
ALTER TABLE ppp_via_foia_pipe
DROP COLUMN BorrowerCity;, parameters: None
[2023-12-12T18:05:18.198+0000] {taskinstance.py:1400} INFO - Marking task as SUCCESS. dag_id=ppp_via_foia-v01.remove_replaced_dim_cols, task_id=remove_original_BorrowerCity_in_fact_table, execution_date=20231201T000000, start_date=20231212T180516, end_date=20231212T180518
[2023-12-12T18:05:18.259+0000] {local_task_job_runner.py:228} INFO - Task exited with return code 0
[2023-12-12T18:05:18.409+0000] {taskinstance.py:2778} INFO - 0 downstream tasks scheduled from follow-on schedule check
