[2023-12-09T23:41:49.660+0000] {processor.py:157} INFO - Started process (PID=187) to work on /opt/airflow/dags/clean_up_after_star_schema_creation.py
[2023-12-09T23:41:49.661+0000] {processor.py:829} INFO - Processing file /opt/airflow/dags/clean_up_after_star_schema_creation.py for tasks to queue
[2023-12-09T23:41:49.662+0000] {logging_mixin.py:154} INFO - [2023-12-09T23:41:49.661+0000] {dagbag.py:536} INFO - Filling up the DagBag from /opt/airflow/dags/clean_up_after_star_schema_creation.py
[2023-12-09T23:41:49.666+0000] {processor.py:841} WARNING - No viable dags retrieved from /opt/airflow/dags/clean_up_after_star_schema_creation.py
[2023-12-09T23:41:49.677+0000] {processor.py:179} INFO - Processing /opt/airflow/dags/clean_up_after_star_schema_creation.py took 0.019 seconds
[2023-12-09T23:42:19.752+0000] {processor.py:157} INFO - Started process (PID=216) to work on /opt/airflow/dags/clean_up_after_star_schema_creation.py
[2023-12-09T23:42:19.752+0000] {processor.py:829} INFO - Processing file /opt/airflow/dags/clean_up_after_star_schema_creation.py for tasks to queue
[2023-12-09T23:42:19.753+0000] {logging_mixin.py:154} INFO - [2023-12-09T23:42:19.753+0000] {dagbag.py:536} INFO - Filling up the DagBag from /opt/airflow/dags/clean_up_after_star_schema_creation.py
[2023-12-09T23:42:19.756+0000] {processor.py:841} WARNING - No viable dags retrieved from /opt/airflow/dags/clean_up_after_star_schema_creation.py
[2023-12-09T23:42:19.765+0000] {processor.py:179} INFO - Processing /opt/airflow/dags/clean_up_after_star_schema_creation.py took 0.016 seconds
[2023-12-09T23:42:50.178+0000] {processor.py:157} INFO - Started process (PID=249) to work on /opt/airflow/dags/clean_up_after_star_schema_creation.py
[2023-12-09T23:42:50.179+0000] {processor.py:829} INFO - Processing file /opt/airflow/dags/clean_up_after_star_schema_creation.py for tasks to queue
[2023-12-09T23:42:50.180+0000] {logging_mixin.py:154} INFO - [2023-12-09T23:42:50.180+0000] {dagbag.py:536} INFO - Filling up the DagBag from /opt/airflow/dags/clean_up_after_star_schema_creation.py
[2023-12-09T23:42:50.184+0000] {processor.py:841} WARNING - No viable dags retrieved from /opt/airflow/dags/clean_up_after_star_schema_creation.py
[2023-12-09T23:42:50.193+0000] {processor.py:179} INFO - Processing /opt/airflow/dags/clean_up_after_star_schema_creation.py took 0.017 seconds
[2023-12-09T23:43:20.583+0000] {processor.py:157} INFO - Started process (PID=282) to work on /opt/airflow/dags/clean_up_after_star_schema_creation.py
[2023-12-09T23:43:20.584+0000] {processor.py:829} INFO - Processing file /opt/airflow/dags/clean_up_after_star_schema_creation.py for tasks to queue
[2023-12-09T23:43:20.584+0000] {logging_mixin.py:154} INFO - [2023-12-09T23:43:20.584+0000] {dagbag.py:536} INFO - Filling up the DagBag from /opt/airflow/dags/clean_up_after_star_schema_creation.py
[2023-12-09T23:43:20.588+0000] {processor.py:841} WARNING - No viable dags retrieved from /opt/airflow/dags/clean_up_after_star_schema_creation.py
[2023-12-09T23:43:20.597+0000] {processor.py:179} INFO - Processing /opt/airflow/dags/clean_up_after_star_schema_creation.py took 0.016 seconds
[2023-12-09T23:43:51.038+0000] {processor.py:157} INFO - Started process (PID=315) to work on /opt/airflow/dags/clean_up_after_star_schema_creation.py
[2023-12-09T23:43:51.039+0000] {processor.py:829} INFO - Processing file /opt/airflow/dags/clean_up_after_star_schema_creation.py for tasks to queue
[2023-12-09T23:43:51.039+0000] {logging_mixin.py:154} INFO - [2023-12-09T23:43:51.039+0000] {dagbag.py:536} INFO - Filling up the DagBag from /opt/airflow/dags/clean_up_after_star_schema_creation.py
[2023-12-09T23:43:51.043+0000] {processor.py:841} WARNING - No viable dags retrieved from /opt/airflow/dags/clean_up_after_star_schema_creation.py
[2023-12-09T23:43:51.052+0000] {processor.py:179} INFO - Processing /opt/airflow/dags/clean_up_after_star_schema_creation.py took 0.017 seconds
[2023-12-09T23:44:21.499+0000] {processor.py:157} INFO - Started process (PID=348) to work on /opt/airflow/dags/clean_up_after_star_schema_creation.py
[2023-12-09T23:44:21.500+0000] {processor.py:829} INFO - Processing file /opt/airflow/dags/clean_up_after_star_schema_creation.py for tasks to queue
[2023-12-09T23:44:21.500+0000] {logging_mixin.py:154} INFO - [2023-12-09T23:44:21.500+0000] {dagbag.py:536} INFO - Filling up the DagBag from /opt/airflow/dags/clean_up_after_star_schema_creation.py
[2023-12-09T23:44:21.504+0000] {processor.py:841} WARNING - No viable dags retrieved from /opt/airflow/dags/clean_up_after_star_schema_creation.py
[2023-12-09T23:44:21.513+0000] {processor.py:179} INFO - Processing /opt/airflow/dags/clean_up_after_star_schema_creation.py took 0.016 seconds
[2023-12-09T23:44:51.945+0000] {processor.py:157} INFO - Started process (PID=380) to work on /opt/airflow/dags/clean_up_after_star_schema_creation.py
[2023-12-09T23:44:51.946+0000] {processor.py:829} INFO - Processing file /opt/airflow/dags/clean_up_after_star_schema_creation.py for tasks to queue
[2023-12-09T23:44:51.947+0000] {logging_mixin.py:154} INFO - [2023-12-09T23:44:51.946+0000] {dagbag.py:536} INFO - Filling up the DagBag from /opt/airflow/dags/clean_up_after_star_schema_creation.py
[2023-12-09T23:44:51.950+0000] {processor.py:841} WARNING - No viable dags retrieved from /opt/airflow/dags/clean_up_after_star_schema_creation.py
[2023-12-09T23:44:51.960+0000] {processor.py:179} INFO - Processing /opt/airflow/dags/clean_up_after_star_schema_creation.py took 0.016 seconds
[2023-12-09T23:45:22.382+0000] {processor.py:157} INFO - Started process (PID=413) to work on /opt/airflow/dags/clean_up_after_star_schema_creation.py
[2023-12-09T23:45:22.382+0000] {processor.py:829} INFO - Processing file /opt/airflow/dags/clean_up_after_star_schema_creation.py for tasks to queue
[2023-12-09T23:45:22.383+0000] {logging_mixin.py:154} INFO - [2023-12-09T23:45:22.383+0000] {dagbag.py:536} INFO - Filling up the DagBag from /opt/airflow/dags/clean_up_after_star_schema_creation.py
[2023-12-09T23:45:22.387+0000] {processor.py:841} WARNING - No viable dags retrieved from /opt/airflow/dags/clean_up_after_star_schema_creation.py
[2023-12-09T23:45:22.395+0000] {processor.py:179} INFO - Processing /opt/airflow/dags/clean_up_after_star_schema_creation.py took 0.016 seconds
[2023-12-09T23:45:52.827+0000] {processor.py:157} INFO - Started process (PID=446) to work on /opt/airflow/dags/clean_up_after_star_schema_creation.py
[2023-12-09T23:45:52.828+0000] {processor.py:829} INFO - Processing file /opt/airflow/dags/clean_up_after_star_schema_creation.py for tasks to queue
[2023-12-09T23:45:52.828+0000] {logging_mixin.py:154} INFO - [2023-12-09T23:45:52.828+0000] {dagbag.py:536} INFO - Filling up the DagBag from /opt/airflow/dags/clean_up_after_star_schema_creation.py
[2023-12-09T23:45:52.832+0000] {processor.py:841} WARNING - No viable dags retrieved from /opt/airflow/dags/clean_up_after_star_schema_creation.py
[2023-12-09T23:45:52.841+0000] {processor.py:179} INFO - Processing /opt/airflow/dags/clean_up_after_star_schema_creation.py took 0.016 seconds
[2023-12-09T23:46:23.241+0000] {processor.py:157} INFO - Started process (PID=479) to work on /opt/airflow/dags/clean_up_after_star_schema_creation.py
[2023-12-09T23:46:23.241+0000] {processor.py:829} INFO - Processing file /opt/airflow/dags/clean_up_after_star_schema_creation.py for tasks to queue
[2023-12-09T23:46:23.242+0000] {logging_mixin.py:154} INFO - [2023-12-09T23:46:23.242+0000] {dagbag.py:536} INFO - Filling up the DagBag from /opt/airflow/dags/clean_up_after_star_schema_creation.py
[2023-12-09T23:46:23.246+0000] {processor.py:841} WARNING - No viable dags retrieved from /opt/airflow/dags/clean_up_after_star_schema_creation.py
[2023-12-09T23:46:23.255+0000] {processor.py:179} INFO - Processing /opt/airflow/dags/clean_up_after_star_schema_creation.py took 0.016 seconds
[2023-12-09T23:46:53.686+0000] {processor.py:157} INFO - Started process (PID=512) to work on /opt/airflow/dags/clean_up_after_star_schema_creation.py
[2023-12-09T23:46:53.687+0000] {processor.py:829} INFO - Processing file /opt/airflow/dags/clean_up_after_star_schema_creation.py for tasks to queue
[2023-12-09T23:46:53.687+0000] {logging_mixin.py:154} INFO - [2023-12-09T23:46:53.687+0000] {dagbag.py:536} INFO - Filling up the DagBag from /opt/airflow/dags/clean_up_after_star_schema_creation.py
[2023-12-09T23:46:53.691+0000] {processor.py:841} WARNING - No viable dags retrieved from /opt/airflow/dags/clean_up_after_star_schema_creation.py
[2023-12-09T23:46:53.701+0000] {processor.py:179} INFO - Processing /opt/airflow/dags/clean_up_after_star_schema_creation.py took 0.018 seconds
[2023-12-09T23:47:24.079+0000] {processor.py:157} INFO - Started process (PID=554) to work on /opt/airflow/dags/clean_up_after_star_schema_creation.py
[2023-12-09T23:47:24.080+0000] {processor.py:829} INFO - Processing file /opt/airflow/dags/clean_up_after_star_schema_creation.py for tasks to queue
[2023-12-09T23:47:24.080+0000] {logging_mixin.py:154} INFO - [2023-12-09T23:47:24.080+0000] {dagbag.py:536} INFO - Filling up the DagBag from /opt/airflow/dags/clean_up_after_star_schema_creation.py
[2023-12-09T23:47:24.084+0000] {processor.py:841} WARNING - No viable dags retrieved from /opt/airflow/dags/clean_up_after_star_schema_creation.py
[2023-12-09T23:47:24.094+0000] {processor.py:179} INFO - Processing /opt/airflow/dags/clean_up_after_star_schema_creation.py took 0.016 seconds
[2023-12-09T23:47:54.492+0000] {processor.py:157} INFO - Started process (PID=587) to work on /opt/airflow/dags/clean_up_after_star_schema_creation.py
[2023-12-09T23:47:54.492+0000] {processor.py:829} INFO - Processing file /opt/airflow/dags/clean_up_after_star_schema_creation.py for tasks to queue
[2023-12-09T23:47:54.493+0000] {logging_mixin.py:154} INFO - [2023-12-09T23:47:54.493+0000] {dagbag.py:536} INFO - Filling up the DagBag from /opt/airflow/dags/clean_up_after_star_schema_creation.py
[2023-12-09T23:47:54.497+0000] {processor.py:841} WARNING - No viable dags retrieved from /opt/airflow/dags/clean_up_after_star_schema_creation.py
[2023-12-09T23:47:54.505+0000] {processor.py:179} INFO - Processing /opt/airflow/dags/clean_up_after_star_schema_creation.py took 0.016 seconds
[2023-12-09T23:48:24.865+0000] {processor.py:157} INFO - Started process (PID=626) to work on /opt/airflow/dags/clean_up_after_star_schema_creation.py
[2023-12-09T23:48:24.865+0000] {processor.py:829} INFO - Processing file /opt/airflow/dags/clean_up_after_star_schema_creation.py for tasks to queue
[2023-12-09T23:48:24.866+0000] {logging_mixin.py:154} INFO - [2023-12-09T23:48:24.866+0000] {dagbag.py:536} INFO - Filling up the DagBag from /opt/airflow/dags/clean_up_after_star_schema_creation.py
[2023-12-09T23:48:24.870+0000] {processor.py:841} WARNING - No viable dags retrieved from /opt/airflow/dags/clean_up_after_star_schema_creation.py
[2023-12-09T23:48:24.879+0000] {processor.py:179} INFO - Processing /opt/airflow/dags/clean_up_after_star_schema_creation.py took 0.016 seconds
[2023-12-09T23:48:55.302+0000] {processor.py:157} INFO - Started process (PID=659) to work on /opt/airflow/dags/clean_up_after_star_schema_creation.py
[2023-12-09T23:48:55.302+0000] {processor.py:829} INFO - Processing file /opt/airflow/dags/clean_up_after_star_schema_creation.py for tasks to queue
[2023-12-09T23:48:55.303+0000] {logging_mixin.py:154} INFO - [2023-12-09T23:48:55.303+0000] {dagbag.py:536} INFO - Filling up the DagBag from /opt/airflow/dags/clean_up_after_star_schema_creation.py
[2023-12-09T23:48:55.307+0000] {processor.py:841} WARNING - No viable dags retrieved from /opt/airflow/dags/clean_up_after_star_schema_creation.py
[2023-12-09T23:48:55.316+0000] {processor.py:179} INFO - Processing /opt/airflow/dags/clean_up_after_star_schema_creation.py took 0.016 seconds
[2023-12-09T23:49:25.709+0000] {processor.py:157} INFO - Started process (PID=695) to work on /opt/airflow/dags/clean_up_after_star_schema_creation.py
[2023-12-09T23:49:25.710+0000] {processor.py:829} INFO - Processing file /opt/airflow/dags/clean_up_after_star_schema_creation.py for tasks to queue
[2023-12-09T23:49:25.710+0000] {logging_mixin.py:154} INFO - [2023-12-09T23:49:25.710+0000] {dagbag.py:536} INFO - Filling up the DagBag from /opt/airflow/dags/clean_up_after_star_schema_creation.py
[2023-12-09T23:49:25.714+0000] {processor.py:841} WARNING - No viable dags retrieved from /opt/airflow/dags/clean_up_after_star_schema_creation.py
[2023-12-09T23:49:25.724+0000] {processor.py:179} INFO - Processing /opt/airflow/dags/clean_up_after_star_schema_creation.py took 0.017 seconds
[2023-12-09T23:49:56.133+0000] {processor.py:157} INFO - Started process (PID=728) to work on /opt/airflow/dags/clean_up_after_star_schema_creation.py
[2023-12-09T23:49:56.134+0000] {processor.py:829} INFO - Processing file /opt/airflow/dags/clean_up_after_star_schema_creation.py for tasks to queue
[2023-12-09T23:49:56.134+0000] {logging_mixin.py:154} INFO - [2023-12-09T23:49:56.134+0000] {dagbag.py:536} INFO - Filling up the DagBag from /opt/airflow/dags/clean_up_after_star_schema_creation.py
[2023-12-09T23:49:56.138+0000] {processor.py:841} WARNING - No viable dags retrieved from /opt/airflow/dags/clean_up_after_star_schema_creation.py
[2023-12-09T23:49:56.147+0000] {processor.py:179} INFO - Processing /opt/airflow/dags/clean_up_after_star_schema_creation.py took 0.016 seconds
[2023-12-09T23:50:26.531+0000] {processor.py:157} INFO - Started process (PID=764) to work on /opt/airflow/dags/clean_up_after_star_schema_creation.py
[2023-12-09T23:50:26.532+0000] {processor.py:829} INFO - Processing file /opt/airflow/dags/clean_up_after_star_schema_creation.py for tasks to queue
[2023-12-09T23:50:26.533+0000] {logging_mixin.py:154} INFO - [2023-12-09T23:50:26.532+0000] {dagbag.py:536} INFO - Filling up the DagBag from /opt/airflow/dags/clean_up_after_star_schema_creation.py
[2023-12-09T23:50:26.536+0000] {processor.py:841} WARNING - No viable dags retrieved from /opt/airflow/dags/clean_up_after_star_schema_creation.py
[2023-12-09T23:50:26.546+0000] {processor.py:179} INFO - Processing /opt/airflow/dags/clean_up_after_star_schema_creation.py took 0.017 seconds
[2023-12-09T23:50:56.944+0000] {processor.py:157} INFO - Started process (PID=797) to work on /opt/airflow/dags/clean_up_after_star_schema_creation.py
[2023-12-09T23:50:56.945+0000] {processor.py:829} INFO - Processing file /opt/airflow/dags/clean_up_after_star_schema_creation.py for tasks to queue
[2023-12-09T23:50:56.945+0000] {logging_mixin.py:154} INFO - [2023-12-09T23:50:56.945+0000] {dagbag.py:536} INFO - Filling up the DagBag from /opt/airflow/dags/clean_up_after_star_schema_creation.py
[2023-12-09T23:50:56.949+0000] {processor.py:841} WARNING - No viable dags retrieved from /opt/airflow/dags/clean_up_after_star_schema_creation.py
[2023-12-09T23:50:56.959+0000] {processor.py:179} INFO - Processing /opt/airflow/dags/clean_up_after_star_schema_creation.py took 0.017 seconds
[2023-12-09T23:51:27.313+0000] {processor.py:157} INFO - Started process (PID=830) to work on /opt/airflow/dags/clean_up_after_star_schema_creation.py
[2023-12-09T23:51:27.313+0000] {processor.py:829} INFO - Processing file /opt/airflow/dags/clean_up_after_star_schema_creation.py for tasks to queue
[2023-12-09T23:51:27.314+0000] {logging_mixin.py:154} INFO - [2023-12-09T23:51:27.313+0000] {dagbag.py:536} INFO - Filling up the DagBag from /opt/airflow/dags/clean_up_after_star_schema_creation.py
[2023-12-09T23:51:27.318+0000] {processor.py:841} WARNING - No viable dags retrieved from /opt/airflow/dags/clean_up_after_star_schema_creation.py
[2023-12-09T23:51:27.327+0000] {processor.py:179} INFO - Processing /opt/airflow/dags/clean_up_after_star_schema_creation.py took 0.016 seconds
[2023-12-09T23:51:57.706+0000] {processor.py:157} INFO - Started process (PID=861) to work on /opt/airflow/dags/clean_up_after_star_schema_creation.py
[2023-12-09T23:51:57.707+0000] {processor.py:829} INFO - Processing file /opt/airflow/dags/clean_up_after_star_schema_creation.py for tasks to queue
[2023-12-09T23:51:57.708+0000] {logging_mixin.py:154} INFO - [2023-12-09T23:51:57.707+0000] {dagbag.py:536} INFO - Filling up the DagBag from /opt/airflow/dags/clean_up_after_star_schema_creation.py
[2023-12-09T23:51:57.711+0000] {processor.py:841} WARNING - No viable dags retrieved from /opt/airflow/dags/clean_up_after_star_schema_creation.py
[2023-12-09T23:51:57.722+0000] {processor.py:179} INFO - Processing /opt/airflow/dags/clean_up_after_star_schema_creation.py took 0.017 seconds
[2023-12-09T23:52:28.134+0000] {processor.py:157} INFO - Started process (PID=896) to work on /opt/airflow/dags/clean_up_after_star_schema_creation.py
[2023-12-09T23:52:28.135+0000] {processor.py:829} INFO - Processing file /opt/airflow/dags/clean_up_after_star_schema_creation.py for tasks to queue
[2023-12-09T23:52:28.135+0000] {logging_mixin.py:154} INFO - [2023-12-09T23:52:28.135+0000] {dagbag.py:536} INFO - Filling up the DagBag from /opt/airflow/dags/clean_up_after_star_schema_creation.py
[2023-12-09T23:52:28.139+0000] {processor.py:841} WARNING - No viable dags retrieved from /opt/airflow/dags/clean_up_after_star_schema_creation.py
[2023-12-09T23:52:28.149+0000] {processor.py:179} INFO - Processing /opt/airflow/dags/clean_up_after_star_schema_creation.py took 0.016 seconds
[2023-12-09T23:52:58.540+0000] {processor.py:157} INFO - Started process (PID=929) to work on /opt/airflow/dags/clean_up_after_star_schema_creation.py
[2023-12-09T23:52:58.540+0000] {processor.py:829} INFO - Processing file /opt/airflow/dags/clean_up_after_star_schema_creation.py for tasks to queue
[2023-12-09T23:52:58.541+0000] {logging_mixin.py:154} INFO - [2023-12-09T23:52:58.541+0000] {dagbag.py:536} INFO - Filling up the DagBag from /opt/airflow/dags/clean_up_after_star_schema_creation.py
[2023-12-09T23:52:58.546+0000] {processor.py:841} WARNING - No viable dags retrieved from /opt/airflow/dags/clean_up_after_star_schema_creation.py
[2023-12-09T23:52:58.557+0000] {processor.py:179} INFO - Processing /opt/airflow/dags/clean_up_after_star_schema_creation.py took 0.020 seconds
[2023-12-09T23:53:28.907+0000] {processor.py:157} INFO - Started process (PID=962) to work on /opt/airflow/dags/clean_up_after_star_schema_creation.py
[2023-12-09T23:53:28.908+0000] {processor.py:829} INFO - Processing file /opt/airflow/dags/clean_up_after_star_schema_creation.py for tasks to queue
[2023-12-09T23:53:28.908+0000] {logging_mixin.py:154} INFO - [2023-12-09T23:53:28.908+0000] {dagbag.py:536} INFO - Filling up the DagBag from /opt/airflow/dags/clean_up_after_star_schema_creation.py
[2023-12-09T23:53:28.912+0000] {processor.py:841} WARNING - No viable dags retrieved from /opt/airflow/dags/clean_up_after_star_schema_creation.py
[2023-12-09T23:53:28.923+0000] {processor.py:179} INFO - Processing /opt/airflow/dags/clean_up_after_star_schema_creation.py took 0.018 seconds
[2023-12-09T23:53:59.305+0000] {processor.py:157} INFO - Started process (PID=995) to work on /opt/airflow/dags/clean_up_after_star_schema_creation.py
[2023-12-09T23:53:59.307+0000] {processor.py:829} INFO - Processing file /opt/airflow/dags/clean_up_after_star_schema_creation.py for tasks to queue
[2023-12-09T23:53:59.307+0000] {logging_mixin.py:154} INFO - [2023-12-09T23:53:59.307+0000] {dagbag.py:536} INFO - Filling up the DagBag from /opt/airflow/dags/clean_up_after_star_schema_creation.py
[2023-12-09T23:53:59.311+0000] {processor.py:841} WARNING - No viable dags retrieved from /opt/airflow/dags/clean_up_after_star_schema_creation.py
[2023-12-09T23:53:59.321+0000] {processor.py:179} INFO - Processing /opt/airflow/dags/clean_up_after_star_schema_creation.py took 0.018 seconds
[2023-12-09T23:54:29.678+0000] {processor.py:157} INFO - Started process (PID=1028) to work on /opt/airflow/dags/clean_up_after_star_schema_creation.py
[2023-12-09T23:54:29.679+0000] {processor.py:829} INFO - Processing file /opt/airflow/dags/clean_up_after_star_schema_creation.py for tasks to queue
[2023-12-09T23:54:29.679+0000] {logging_mixin.py:154} INFO - [2023-12-09T23:54:29.679+0000] {dagbag.py:536} INFO - Filling up the DagBag from /opt/airflow/dags/clean_up_after_star_schema_creation.py
[2023-12-09T23:54:29.683+0000] {processor.py:841} WARNING - No viable dags retrieved from /opt/airflow/dags/clean_up_after_star_schema_creation.py
[2023-12-09T23:54:29.693+0000] {processor.py:179} INFO - Processing /opt/airflow/dags/clean_up_after_star_schema_creation.py took 0.017 seconds
[2023-12-09T23:55:00.083+0000] {processor.py:157} INFO - Started process (PID=1061) to work on /opt/airflow/dags/clean_up_after_star_schema_creation.py
[2023-12-09T23:55:00.084+0000] {processor.py:829} INFO - Processing file /opt/airflow/dags/clean_up_after_star_schema_creation.py for tasks to queue
[2023-12-09T23:55:00.084+0000] {logging_mixin.py:154} INFO - [2023-12-09T23:55:00.084+0000] {dagbag.py:536} INFO - Filling up the DagBag from /opt/airflow/dags/clean_up_after_star_schema_creation.py
[2023-12-09T23:55:00.088+0000] {processor.py:841} WARNING - No viable dags retrieved from /opt/airflow/dags/clean_up_after_star_schema_creation.py
[2023-12-09T23:55:00.098+0000] {processor.py:179} INFO - Processing /opt/airflow/dags/clean_up_after_star_schema_creation.py took 0.018 seconds
[2023-12-09T23:55:30.460+0000] {processor.py:157} INFO - Started process (PID=1094) to work on /opt/airflow/dags/clean_up_after_star_schema_creation.py
[2023-12-09T23:55:30.461+0000] {processor.py:829} INFO - Processing file /opt/airflow/dags/clean_up_after_star_schema_creation.py for tasks to queue
[2023-12-09T23:55:30.462+0000] {logging_mixin.py:154} INFO - [2023-12-09T23:55:30.461+0000] {dagbag.py:536} INFO - Filling up the DagBag from /opt/airflow/dags/clean_up_after_star_schema_creation.py
[2023-12-09T23:55:30.465+0000] {processor.py:841} WARNING - No viable dags retrieved from /opt/airflow/dags/clean_up_after_star_schema_creation.py
[2023-12-09T23:55:30.475+0000] {processor.py:179} INFO - Processing /opt/airflow/dags/clean_up_after_star_schema_creation.py took 0.018 seconds
[2023-12-09T23:56:00.803+0000] {processor.py:157} INFO - Started process (PID=1127) to work on /opt/airflow/dags/clean_up_after_star_schema_creation.py
[2023-12-09T23:56:00.804+0000] {processor.py:829} INFO - Processing file /opt/airflow/dags/clean_up_after_star_schema_creation.py for tasks to queue
[2023-12-09T23:56:00.804+0000] {logging_mixin.py:154} INFO - [2023-12-09T23:56:00.804+0000] {dagbag.py:536} INFO - Filling up the DagBag from /opt/airflow/dags/clean_up_after_star_schema_creation.py
[2023-12-09T23:56:00.808+0000] {processor.py:841} WARNING - No viable dags retrieved from /opt/airflow/dags/clean_up_after_star_schema_creation.py
[2023-12-09T23:56:00.817+0000] {processor.py:179} INFO - Processing /opt/airflow/dags/clean_up_after_star_schema_creation.py took 0.016 seconds
[2023-12-09T23:56:31.216+0000] {processor.py:157} INFO - Started process (PID=1160) to work on /opt/airflow/dags/clean_up_after_star_schema_creation.py
[2023-12-09T23:56:31.216+0000] {processor.py:829} INFO - Processing file /opt/airflow/dags/clean_up_after_star_schema_creation.py for tasks to queue
[2023-12-09T23:56:31.217+0000] {logging_mixin.py:154} INFO - [2023-12-09T23:56:31.217+0000] {dagbag.py:536} INFO - Filling up the DagBag from /opt/airflow/dags/clean_up_after_star_schema_creation.py
[2023-12-09T23:56:31.222+0000] {processor.py:841} WARNING - No viable dags retrieved from /opt/airflow/dags/clean_up_after_star_schema_creation.py
[2023-12-09T23:56:31.233+0000] {processor.py:179} INFO - Processing /opt/airflow/dags/clean_up_after_star_schema_creation.py took 0.019 seconds
[2023-12-09T23:57:01.589+0000] {processor.py:157} INFO - Started process (PID=1193) to work on /opt/airflow/dags/clean_up_after_star_schema_creation.py
[2023-12-09T23:57:01.590+0000] {processor.py:829} INFO - Processing file /opt/airflow/dags/clean_up_after_star_schema_creation.py for tasks to queue
[2023-12-09T23:57:01.591+0000] {logging_mixin.py:154} INFO - [2023-12-09T23:57:01.591+0000] {dagbag.py:536} INFO - Filling up the DagBag from /opt/airflow/dags/clean_up_after_star_schema_creation.py
[2023-12-09T23:57:01.596+0000] {processor.py:841} WARNING - No viable dags retrieved from /opt/airflow/dags/clean_up_after_star_schema_creation.py
[2023-12-09T23:57:01.607+0000] {processor.py:179} INFO - Processing /opt/airflow/dags/clean_up_after_star_schema_creation.py took 0.019 seconds
[2023-12-09T23:57:31.989+0000] {processor.py:157} INFO - Started process (PID=1226) to work on /opt/airflow/dags/clean_up_after_star_schema_creation.py
[2023-12-09T23:57:31.990+0000] {processor.py:829} INFO - Processing file /opt/airflow/dags/clean_up_after_star_schema_creation.py for tasks to queue
[2023-12-09T23:57:31.990+0000] {logging_mixin.py:154} INFO - [2023-12-09T23:57:31.990+0000] {dagbag.py:536} INFO - Filling up the DagBag from /opt/airflow/dags/clean_up_after_star_schema_creation.py
[2023-12-09T23:57:31.994+0000] {processor.py:841} WARNING - No viable dags retrieved from /opt/airflow/dags/clean_up_after_star_schema_creation.py
[2023-12-09T23:57:32.003+0000] {processor.py:179} INFO - Processing /opt/airflow/dags/clean_up_after_star_schema_creation.py took 0.016 seconds
[2023-12-09T23:58:02.398+0000] {processor.py:157} INFO - Started process (PID=1259) to work on /opt/airflow/dags/clean_up_after_star_schema_creation.py
[2023-12-09T23:58:02.399+0000] {processor.py:829} INFO - Processing file /opt/airflow/dags/clean_up_after_star_schema_creation.py for tasks to queue
[2023-12-09T23:58:02.399+0000] {logging_mixin.py:154} INFO - [2023-12-09T23:58:02.399+0000] {dagbag.py:536} INFO - Filling up the DagBag from /opt/airflow/dags/clean_up_after_star_schema_creation.py
[2023-12-09T23:58:02.403+0000] {processor.py:841} WARNING - No viable dags retrieved from /opt/airflow/dags/clean_up_after_star_schema_creation.py
[2023-12-09T23:58:02.413+0000] {processor.py:179} INFO - Processing /opt/airflow/dags/clean_up_after_star_schema_creation.py took 0.016 seconds
[2023-12-09T23:58:32.869+0000] {processor.py:157} INFO - Started process (PID=1292) to work on /opt/airflow/dags/clean_up_after_star_schema_creation.py
[2023-12-09T23:58:32.869+0000] {processor.py:829} INFO - Processing file /opt/airflow/dags/clean_up_after_star_schema_creation.py for tasks to queue
[2023-12-09T23:58:32.870+0000] {logging_mixin.py:154} INFO - [2023-12-09T23:58:32.870+0000] {dagbag.py:536} INFO - Filling up the DagBag from /opt/airflow/dags/clean_up_after_star_schema_creation.py
[2023-12-09T23:58:32.874+0000] {processor.py:841} WARNING - No viable dags retrieved from /opt/airflow/dags/clean_up_after_star_schema_creation.py
[2023-12-09T23:58:32.883+0000] {processor.py:179} INFO - Processing /opt/airflow/dags/clean_up_after_star_schema_creation.py took 0.016 seconds
[2023-12-09T23:59:03.301+0000] {processor.py:157} INFO - Started process (PID=1325) to work on /opt/airflow/dags/clean_up_after_star_schema_creation.py
[2023-12-09T23:59:03.302+0000] {processor.py:829} INFO - Processing file /opt/airflow/dags/clean_up_after_star_schema_creation.py for tasks to queue
[2023-12-09T23:59:03.302+0000] {logging_mixin.py:154} INFO - [2023-12-09T23:59:03.302+0000] {dagbag.py:536} INFO - Filling up the DagBag from /opt/airflow/dags/clean_up_after_star_schema_creation.py
[2023-12-09T23:59:03.306+0000] {processor.py:841} WARNING - No viable dags retrieved from /opt/airflow/dags/clean_up_after_star_schema_creation.py
[2023-12-09T23:59:03.315+0000] {processor.py:179} INFO - Processing /opt/airflow/dags/clean_up_after_star_schema_creation.py took 0.016 seconds
[2023-12-09T23:59:33.737+0000] {processor.py:157} INFO - Started process (PID=1358) to work on /opt/airflow/dags/clean_up_after_star_schema_creation.py
[2023-12-09T23:59:33.738+0000] {processor.py:829} INFO - Processing file /opt/airflow/dags/clean_up_after_star_schema_creation.py for tasks to queue
[2023-12-09T23:59:33.738+0000] {logging_mixin.py:154} INFO - [2023-12-09T23:59:33.738+0000] {dagbag.py:536} INFO - Filling up the DagBag from /opt/airflow/dags/clean_up_after_star_schema_creation.py
[2023-12-09T23:59:33.742+0000] {processor.py:841} WARNING - No viable dags retrieved from /opt/airflow/dags/clean_up_after_star_schema_creation.py
[2023-12-09T23:59:33.751+0000] {processor.py:179} INFO - Processing /opt/airflow/dags/clean_up_after_star_schema_creation.py took 0.016 seconds
