[2023-12-09T23:41:49.562+0000] {processor.py:157} INFO - Started process (PID=171) to work on /opt/airflow/dags/remove_outliers_1_5_iqr.py
[2023-12-09T23:41:49.563+0000] {processor.py:829} INFO - Processing file /opt/airflow/dags/remove_outliers_1_5_iqr.py for tasks to queue
[2023-12-09T23:41:49.563+0000] {logging_mixin.py:154} INFO - [2023-12-09T23:41:49.563+0000] {dagbag.py:536} INFO - Filling up the DagBag from /opt/airflow/dags/remove_outliers_1_5_iqr.py
[2023-12-09T23:41:49.568+0000] {processor.py:841} WARNING - No viable dags retrieved from /opt/airflow/dags/remove_outliers_1_5_iqr.py
[2023-12-09T23:41:49.583+0000] {processor.py:179} INFO - Processing /opt/airflow/dags/remove_outliers_1_5_iqr.py took 0.022 seconds
[2023-12-09T23:42:19.686+0000] {processor.py:157} INFO - Started process (PID=201) to work on /opt/airflow/dags/remove_outliers_1_5_iqr.py
[2023-12-09T23:42:19.687+0000] {processor.py:829} INFO - Processing file /opt/airflow/dags/remove_outliers_1_5_iqr.py for tasks to queue
[2023-12-09T23:42:19.688+0000] {logging_mixin.py:154} INFO - [2023-12-09T23:42:19.688+0000] {dagbag.py:536} INFO - Filling up the DagBag from /opt/airflow/dags/remove_outliers_1_5_iqr.py
[2023-12-09T23:42:19.694+0000] {processor.py:841} WARNING - No viable dags retrieved from /opt/airflow/dags/remove_outliers_1_5_iqr.py
[2023-12-09T23:42:19.708+0000] {processor.py:179} INFO - Processing /opt/airflow/dags/remove_outliers_1_5_iqr.py took 0.025 seconds
[2023-12-09T23:42:50.108+0000] {processor.py:157} INFO - Started process (PID=234) to work on /opt/airflow/dags/remove_outliers_1_5_iqr.py
[2023-12-09T23:42:50.110+0000] {processor.py:829} INFO - Processing file /opt/airflow/dags/remove_outliers_1_5_iqr.py for tasks to queue
[2023-12-09T23:42:50.111+0000] {logging_mixin.py:154} INFO - [2023-12-09T23:42:50.111+0000] {dagbag.py:536} INFO - Filling up the DagBag from /opt/airflow/dags/remove_outliers_1_5_iqr.py
[2023-12-09T23:42:50.118+0000] {processor.py:841} WARNING - No viable dags retrieved from /opt/airflow/dags/remove_outliers_1_5_iqr.py
[2023-12-09T23:42:50.132+0000] {processor.py:179} INFO - Processing /opt/airflow/dags/remove_outliers_1_5_iqr.py took 0.029 seconds
[2023-12-09T23:43:20.506+0000] {processor.py:157} INFO - Started process (PID=267) to work on /opt/airflow/dags/remove_outliers_1_5_iqr.py
[2023-12-09T23:43:20.507+0000] {processor.py:829} INFO - Processing file /opt/airflow/dags/remove_outliers_1_5_iqr.py for tasks to queue
[2023-12-09T23:43:20.509+0000] {logging_mixin.py:154} INFO - [2023-12-09T23:43:20.509+0000] {dagbag.py:536} INFO - Filling up the DagBag from /opt/airflow/dags/remove_outliers_1_5_iqr.py
[2023-12-09T23:43:20.517+0000] {processor.py:841} WARNING - No viable dags retrieved from /opt/airflow/dags/remove_outliers_1_5_iqr.py
[2023-12-09T23:43:20.535+0000] {processor.py:179} INFO - Processing /opt/airflow/dags/remove_outliers_1_5_iqr.py took 0.035 seconds
[2023-12-09T23:43:50.959+0000] {processor.py:157} INFO - Started process (PID=300) to work on /opt/airflow/dags/remove_outliers_1_5_iqr.py
[2023-12-09T23:43:50.961+0000] {processor.py:829} INFO - Processing file /opt/airflow/dags/remove_outliers_1_5_iqr.py for tasks to queue
[2023-12-09T23:43:50.962+0000] {logging_mixin.py:154} INFO - [2023-12-09T23:43:50.962+0000] {dagbag.py:536} INFO - Filling up the DagBag from /opt/airflow/dags/remove_outliers_1_5_iqr.py
[2023-12-09T23:43:50.970+0000] {processor.py:841} WARNING - No viable dags retrieved from /opt/airflow/dags/remove_outliers_1_5_iqr.py
[2023-12-09T23:43:50.989+0000] {processor.py:179} INFO - Processing /opt/airflow/dags/remove_outliers_1_5_iqr.py took 0.036 seconds
[2023-12-09T23:44:21.424+0000] {processor.py:157} INFO - Started process (PID=333) to work on /opt/airflow/dags/remove_outliers_1_5_iqr.py
[2023-12-09T23:44:21.425+0000] {processor.py:829} INFO - Processing file /opt/airflow/dags/remove_outliers_1_5_iqr.py for tasks to queue
[2023-12-09T23:44:21.426+0000] {logging_mixin.py:154} INFO - [2023-12-09T23:44:21.426+0000] {dagbag.py:536} INFO - Filling up the DagBag from /opt/airflow/dags/remove_outliers_1_5_iqr.py
[2023-12-09T23:44:21.434+0000] {processor.py:841} WARNING - No viable dags retrieved from /opt/airflow/dags/remove_outliers_1_5_iqr.py
[2023-12-09T23:44:21.452+0000] {processor.py:179} INFO - Processing /opt/airflow/dags/remove_outliers_1_5_iqr.py took 0.034 seconds
[2023-12-09T23:44:51.870+0000] {processor.py:157} INFO - Started process (PID=365) to work on /opt/airflow/dags/remove_outliers_1_5_iqr.py
[2023-12-09T23:44:51.872+0000] {processor.py:829} INFO - Processing file /opt/airflow/dags/remove_outliers_1_5_iqr.py for tasks to queue
[2023-12-09T23:44:51.873+0000] {logging_mixin.py:154} INFO - [2023-12-09T23:44:51.873+0000] {dagbag.py:536} INFO - Filling up the DagBag from /opt/airflow/dags/remove_outliers_1_5_iqr.py
[2023-12-09T23:44:51.881+0000] {processor.py:841} WARNING - No viable dags retrieved from /opt/airflow/dags/remove_outliers_1_5_iqr.py
[2023-12-09T23:44:51.898+0000] {processor.py:179} INFO - Processing /opt/airflow/dags/remove_outliers_1_5_iqr.py took 0.033 seconds
[2023-12-09T23:45:22.311+0000] {processor.py:157} INFO - Started process (PID=398) to work on /opt/airflow/dags/remove_outliers_1_5_iqr.py
[2023-12-09T23:45:22.312+0000] {processor.py:829} INFO - Processing file /opt/airflow/dags/remove_outliers_1_5_iqr.py for tasks to queue
[2023-12-09T23:45:22.313+0000] {logging_mixin.py:154} INFO - [2023-12-09T23:45:22.313+0000] {dagbag.py:536} INFO - Filling up the DagBag from /opt/airflow/dags/remove_outliers_1_5_iqr.py
[2023-12-09T23:45:22.320+0000] {processor.py:841} WARNING - No viable dags retrieved from /opt/airflow/dags/remove_outliers_1_5_iqr.py
[2023-12-09T23:45:22.336+0000] {processor.py:179} INFO - Processing /opt/airflow/dags/remove_outliers_1_5_iqr.py took 0.030 seconds
[2023-12-09T23:45:52.757+0000] {processor.py:157} INFO - Started process (PID=431) to work on /opt/airflow/dags/remove_outliers_1_5_iqr.py
[2023-12-09T23:45:52.758+0000] {processor.py:829} INFO - Processing file /opt/airflow/dags/remove_outliers_1_5_iqr.py for tasks to queue
[2023-12-09T23:45:52.759+0000] {logging_mixin.py:154} INFO - [2023-12-09T23:45:52.759+0000] {dagbag.py:536} INFO - Filling up the DagBag from /opt/airflow/dags/remove_outliers_1_5_iqr.py
[2023-12-09T23:45:52.765+0000] {processor.py:841} WARNING - No viable dags retrieved from /opt/airflow/dags/remove_outliers_1_5_iqr.py
[2023-12-09T23:45:52.780+0000] {processor.py:179} INFO - Processing /opt/airflow/dags/remove_outliers_1_5_iqr.py took 0.028 seconds
[2023-12-09T23:46:23.181+0000] {processor.py:157} INFO - Started process (PID=464) to work on /opt/airflow/dags/remove_outliers_1_5_iqr.py
[2023-12-09T23:46:23.181+0000] {processor.py:829} INFO - Processing file /opt/airflow/dags/remove_outliers_1_5_iqr.py for tasks to queue
[2023-12-09T23:46:23.182+0000] {logging_mixin.py:154} INFO - [2023-12-09T23:46:23.182+0000] {dagbag.py:536} INFO - Filling up the DagBag from /opt/airflow/dags/remove_outliers_1_5_iqr.py
[2023-12-09T23:46:23.187+0000] {processor.py:841} WARNING - No viable dags retrieved from /opt/airflow/dags/remove_outliers_1_5_iqr.py
[2023-12-09T23:46:23.198+0000] {processor.py:179} INFO - Processing /opt/airflow/dags/remove_outliers_1_5_iqr.py took 0.019 seconds
[2023-12-09T23:46:53.614+0000] {processor.py:157} INFO - Started process (PID=497) to work on /opt/airflow/dags/remove_outliers_1_5_iqr.py
[2023-12-09T23:46:53.615+0000] {processor.py:829} INFO - Processing file /opt/airflow/dags/remove_outliers_1_5_iqr.py for tasks to queue
[2023-12-09T23:46:53.616+0000] {logging_mixin.py:154} INFO - [2023-12-09T23:46:53.616+0000] {dagbag.py:536} INFO - Filling up the DagBag from /opt/airflow/dags/remove_outliers_1_5_iqr.py
[2023-12-09T23:46:53.620+0000] {processor.py:841} WARNING - No viable dags retrieved from /opt/airflow/dags/remove_outliers_1_5_iqr.py
[2023-12-09T23:46:53.632+0000] {processor.py:179} INFO - Processing /opt/airflow/dags/remove_outliers_1_5_iqr.py took 0.022 seconds
[2023-12-09T23:47:23.986+0000] {processor.py:157} INFO - Started process (PID=539) to work on /opt/airflow/dags/remove_outliers_1_5_iqr.py
[2023-12-09T23:47:23.988+0000] {processor.py:829} INFO - Processing file /opt/airflow/dags/remove_outliers_1_5_iqr.py for tasks to queue
[2023-12-09T23:47:23.989+0000] {logging_mixin.py:154} INFO - [2023-12-09T23:47:23.989+0000] {dagbag.py:536} INFO - Filling up the DagBag from /opt/airflow/dags/remove_outliers_1_5_iqr.py
[2023-12-09T23:47:23.996+0000] {processor.py:841} WARNING - No viable dags retrieved from /opt/airflow/dags/remove_outliers_1_5_iqr.py
[2023-12-09T23:47:24.013+0000] {processor.py:179} INFO - Processing /opt/airflow/dags/remove_outliers_1_5_iqr.py took 0.031 seconds
[2023-12-09T23:47:54.420+0000] {processor.py:157} INFO - Started process (PID=572) to work on /opt/airflow/dags/remove_outliers_1_5_iqr.py
[2023-12-09T23:47:54.421+0000] {processor.py:829} INFO - Processing file /opt/airflow/dags/remove_outliers_1_5_iqr.py for tasks to queue
[2023-12-09T23:47:54.423+0000] {logging_mixin.py:154} INFO - [2023-12-09T23:47:54.422+0000] {dagbag.py:536} INFO - Filling up the DagBag from /opt/airflow/dags/remove_outliers_1_5_iqr.py
[2023-12-09T23:47:54.429+0000] {processor.py:841} WARNING - No viable dags retrieved from /opt/airflow/dags/remove_outliers_1_5_iqr.py
[2023-12-09T23:47:54.445+0000] {processor.py:179} INFO - Processing /opt/airflow/dags/remove_outliers_1_5_iqr.py took 0.029 seconds
[2023-12-09T23:48:24.790+0000] {processor.py:157} INFO - Started process (PID=611) to work on /opt/airflow/dags/remove_outliers_1_5_iqr.py
[2023-12-09T23:48:24.791+0000] {processor.py:829} INFO - Processing file /opt/airflow/dags/remove_outliers_1_5_iqr.py for tasks to queue
[2023-12-09T23:48:24.793+0000] {logging_mixin.py:154} INFO - [2023-12-09T23:48:24.792+0000] {dagbag.py:536} INFO - Filling up the DagBag from /opt/airflow/dags/remove_outliers_1_5_iqr.py
[2023-12-09T23:48:24.800+0000] {processor.py:841} WARNING - No viable dags retrieved from /opt/airflow/dags/remove_outliers_1_5_iqr.py
[2023-12-09T23:48:24.817+0000] {processor.py:179} INFO - Processing /opt/airflow/dags/remove_outliers_1_5_iqr.py took 0.032 seconds
[2023-12-09T23:48:55.229+0000] {processor.py:157} INFO - Started process (PID=644) to work on /opt/airflow/dags/remove_outliers_1_5_iqr.py
[2023-12-09T23:48:55.230+0000] {processor.py:829} INFO - Processing file /opt/airflow/dags/remove_outliers_1_5_iqr.py for tasks to queue
[2023-12-09T23:48:55.232+0000] {logging_mixin.py:154} INFO - [2023-12-09T23:48:55.231+0000] {dagbag.py:536} INFO - Filling up the DagBag from /opt/airflow/dags/remove_outliers_1_5_iqr.py
[2023-12-09T23:48:55.239+0000] {processor.py:841} WARNING - No viable dags retrieved from /opt/airflow/dags/remove_outliers_1_5_iqr.py
[2023-12-09T23:48:55.255+0000] {processor.py:179} INFO - Processing /opt/airflow/dags/remove_outliers_1_5_iqr.py took 0.031 seconds
[2023-12-09T23:49:25.628+0000] {processor.py:157} INFO - Started process (PID=680) to work on /opt/airflow/dags/remove_outliers_1_5_iqr.py
[2023-12-09T23:49:25.629+0000] {processor.py:829} INFO - Processing file /opt/airflow/dags/remove_outliers_1_5_iqr.py for tasks to queue
[2023-12-09T23:49:25.630+0000] {logging_mixin.py:154} INFO - [2023-12-09T23:49:25.630+0000] {dagbag.py:536} INFO - Filling up the DagBag from /opt/airflow/dags/remove_outliers_1_5_iqr.py
[2023-12-09T23:49:25.638+0000] {processor.py:841} WARNING - No viable dags retrieved from /opt/airflow/dags/remove_outliers_1_5_iqr.py
[2023-12-09T23:49:25.656+0000] {processor.py:179} INFO - Processing /opt/airflow/dags/remove_outliers_1_5_iqr.py took 0.032 seconds
[2023-12-09T23:49:56.059+0000] {processor.py:157} INFO - Started process (PID=713) to work on /opt/airflow/dags/remove_outliers_1_5_iqr.py
[2023-12-09T23:49:56.060+0000] {processor.py:829} INFO - Processing file /opt/airflow/dags/remove_outliers_1_5_iqr.py for tasks to queue
[2023-12-09T23:49:56.061+0000] {logging_mixin.py:154} INFO - [2023-12-09T23:49:56.061+0000] {dagbag.py:536} INFO - Filling up the DagBag from /opt/airflow/dags/remove_outliers_1_5_iqr.py
[2023-12-09T23:49:56.069+0000] {processor.py:841} WARNING - No viable dags retrieved from /opt/airflow/dags/remove_outliers_1_5_iqr.py
[2023-12-09T23:49:56.085+0000] {processor.py:179} INFO - Processing /opt/airflow/dags/remove_outliers_1_5_iqr.py took 0.032 seconds
[2023-12-09T23:50:26.460+0000] {processor.py:157} INFO - Started process (PID=749) to work on /opt/airflow/dags/remove_outliers_1_5_iqr.py
[2023-12-09T23:50:26.461+0000] {processor.py:829} INFO - Processing file /opt/airflow/dags/remove_outliers_1_5_iqr.py for tasks to queue
[2023-12-09T23:50:26.462+0000] {logging_mixin.py:154} INFO - [2023-12-09T23:50:26.462+0000] {dagbag.py:536} INFO - Filling up the DagBag from /opt/airflow/dags/remove_outliers_1_5_iqr.py
[2023-12-09T23:50:26.466+0000] {processor.py:841} WARNING - No viable dags retrieved from /opt/airflow/dags/remove_outliers_1_5_iqr.py
[2023-12-09T23:50:26.478+0000] {processor.py:179} INFO - Processing /opt/airflow/dags/remove_outliers_1_5_iqr.py took 0.020 seconds
[2023-12-09T23:50:56.872+0000] {processor.py:157} INFO - Started process (PID=782) to work on /opt/airflow/dags/remove_outliers_1_5_iqr.py
[2023-12-09T23:50:56.873+0000] {processor.py:829} INFO - Processing file /opt/airflow/dags/remove_outliers_1_5_iqr.py for tasks to queue
[2023-12-09T23:50:56.874+0000] {logging_mixin.py:154} INFO - [2023-12-09T23:50:56.874+0000] {dagbag.py:536} INFO - Filling up the DagBag from /opt/airflow/dags/remove_outliers_1_5_iqr.py
[2023-12-09T23:50:56.878+0000] {processor.py:841} WARNING - No viable dags retrieved from /opt/airflow/dags/remove_outliers_1_5_iqr.py
[2023-12-09T23:50:56.892+0000] {processor.py:179} INFO - Processing /opt/airflow/dags/remove_outliers_1_5_iqr.py took 0.022 seconds
[2023-12-09T23:51:27.239+0000] {processor.py:157} INFO - Started process (PID=815) to work on /opt/airflow/dags/remove_outliers_1_5_iqr.py
[2023-12-09T23:51:27.240+0000] {processor.py:829} INFO - Processing file /opt/airflow/dags/remove_outliers_1_5_iqr.py for tasks to queue
[2023-12-09T23:51:27.241+0000] {logging_mixin.py:154} INFO - [2023-12-09T23:51:27.241+0000] {dagbag.py:536} INFO - Filling up the DagBag from /opt/airflow/dags/remove_outliers_1_5_iqr.py
[2023-12-09T23:51:27.249+0000] {processor.py:841} WARNING - No viable dags retrieved from /opt/airflow/dags/remove_outliers_1_5_iqr.py
[2023-12-09T23:51:27.265+0000] {processor.py:179} INFO - Processing /opt/airflow/dags/remove_outliers_1_5_iqr.py took 0.031 seconds
[2023-12-09T23:51:57.665+0000] {processor.py:157} INFO - Started process (PID=848) to work on /opt/airflow/dags/remove_outliers_1_5_iqr.py
[2023-12-09T23:51:57.665+0000] {processor.py:829} INFO - Processing file /opt/airflow/dags/remove_outliers_1_5_iqr.py for tasks to queue
[2023-12-09T23:51:57.666+0000] {logging_mixin.py:154} INFO - [2023-12-09T23:51:57.666+0000] {dagbag.py:536} INFO - Filling up the DagBag from /opt/airflow/dags/remove_outliers_1_5_iqr.py
[2023-12-09T23:51:57.671+0000] {processor.py:841} WARNING - No viable dags retrieved from /opt/airflow/dags/remove_outliers_1_5_iqr.py
[2023-12-09T23:51:57.684+0000] {processor.py:179} INFO - Processing /opt/airflow/dags/remove_outliers_1_5_iqr.py took 0.023 seconds
[2023-12-09T23:52:28.065+0000] {processor.py:157} INFO - Started process (PID=881) to work on /opt/airflow/dags/remove_outliers_1_5_iqr.py
[2023-12-09T23:52:28.067+0000] {processor.py:829} INFO - Processing file /opt/airflow/dags/remove_outliers_1_5_iqr.py for tasks to queue
[2023-12-09T23:52:28.067+0000] {logging_mixin.py:154} INFO - [2023-12-09T23:52:28.067+0000] {dagbag.py:536} INFO - Filling up the DagBag from /opt/airflow/dags/remove_outliers_1_5_iqr.py
[2023-12-09T23:52:28.074+0000] {processor.py:841} WARNING - No viable dags retrieved from /opt/airflow/dags/remove_outliers_1_5_iqr.py
[2023-12-09T23:52:28.089+0000] {processor.py:179} INFO - Processing /opt/airflow/dags/remove_outliers_1_5_iqr.py took 0.028 seconds
[2023-12-09T23:52:58.456+0000] {processor.py:157} INFO - Started process (PID=914) to work on /opt/airflow/dags/remove_outliers_1_5_iqr.py
[2023-12-09T23:52:58.458+0000] {processor.py:829} INFO - Processing file /opt/airflow/dags/remove_outliers_1_5_iqr.py for tasks to queue
[2023-12-09T23:52:58.459+0000] {logging_mixin.py:154} INFO - [2023-12-09T23:52:58.459+0000] {dagbag.py:536} INFO - Filling up the DagBag from /opt/airflow/dags/remove_outliers_1_5_iqr.py
[2023-12-09T23:52:58.468+0000] {processor.py:841} WARNING - No viable dags retrieved from /opt/airflow/dags/remove_outliers_1_5_iqr.py
[2023-12-09T23:52:58.485+0000] {processor.py:179} INFO - Processing /opt/airflow/dags/remove_outliers_1_5_iqr.py took 0.034 seconds
[2023-12-09T23:53:28.832+0000] {processor.py:157} INFO - Started process (PID=947) to work on /opt/airflow/dags/remove_outliers_1_5_iqr.py
[2023-12-09T23:53:28.833+0000] {processor.py:829} INFO - Processing file /opt/airflow/dags/remove_outliers_1_5_iqr.py for tasks to queue
[2023-12-09T23:53:28.834+0000] {logging_mixin.py:154} INFO - [2023-12-09T23:53:28.834+0000] {dagbag.py:536} INFO - Filling up the DagBag from /opt/airflow/dags/remove_outliers_1_5_iqr.py
[2023-12-09T23:53:28.838+0000] {processor.py:841} WARNING - No viable dags retrieved from /opt/airflow/dags/remove_outliers_1_5_iqr.py
[2023-12-09T23:53:28.853+0000] {processor.py:179} INFO - Processing /opt/airflow/dags/remove_outliers_1_5_iqr.py took 0.024 seconds
[2023-12-09T23:53:59.223+0000] {processor.py:157} INFO - Started process (PID=980) to work on /opt/airflow/dags/remove_outliers_1_5_iqr.py
[2023-12-09T23:53:59.225+0000] {processor.py:829} INFO - Processing file /opt/airflow/dags/remove_outliers_1_5_iqr.py for tasks to queue
[2023-12-09T23:53:59.227+0000] {logging_mixin.py:154} INFO - [2023-12-09T23:53:59.226+0000] {dagbag.py:536} INFO - Filling up the DagBag from /opt/airflow/dags/remove_outliers_1_5_iqr.py
[2023-12-09T23:53:59.236+0000] {processor.py:841} WARNING - No viable dags retrieved from /opt/airflow/dags/remove_outliers_1_5_iqr.py
[2023-12-09T23:53:59.256+0000] {processor.py:179} INFO - Processing /opt/airflow/dags/remove_outliers_1_5_iqr.py took 0.041 seconds
[2023-12-09T23:54:29.595+0000] {processor.py:157} INFO - Started process (PID=1013) to work on /opt/airflow/dags/remove_outliers_1_5_iqr.py
[2023-12-09T23:54:29.596+0000] {processor.py:829} INFO - Processing file /opt/airflow/dags/remove_outliers_1_5_iqr.py for tasks to queue
[2023-12-09T23:54:29.598+0000] {logging_mixin.py:154} INFO - [2023-12-09T23:54:29.597+0000] {dagbag.py:536} INFO - Filling up the DagBag from /opt/airflow/dags/remove_outliers_1_5_iqr.py
[2023-12-09T23:54:29.606+0000] {processor.py:841} WARNING - No viable dags retrieved from /opt/airflow/dags/remove_outliers_1_5_iqr.py
[2023-12-09T23:54:29.627+0000] {processor.py:179} INFO - Processing /opt/airflow/dags/remove_outliers_1_5_iqr.py took 0.038 seconds
[2023-12-09T23:55:00.001+0000] {processor.py:157} INFO - Started process (PID=1046) to work on /opt/airflow/dags/remove_outliers_1_5_iqr.py
[2023-12-09T23:55:00.002+0000] {processor.py:829} INFO - Processing file /opt/airflow/dags/remove_outliers_1_5_iqr.py for tasks to queue
[2023-12-09T23:55:00.003+0000] {logging_mixin.py:154} INFO - [2023-12-09T23:55:00.003+0000] {dagbag.py:536} INFO - Filling up the DagBag from /opt/airflow/dags/remove_outliers_1_5_iqr.py
[2023-12-09T23:55:00.011+0000] {processor.py:841} WARNING - No viable dags retrieved from /opt/airflow/dags/remove_outliers_1_5_iqr.py
[2023-12-09T23:55:00.029+0000] {processor.py:179} INFO - Processing /opt/airflow/dags/remove_outliers_1_5_iqr.py took 0.032 seconds
[2023-12-09T23:55:30.376+0000] {processor.py:157} INFO - Started process (PID=1079) to work on /opt/airflow/dags/remove_outliers_1_5_iqr.py
[2023-12-09T23:55:30.377+0000] {processor.py:829} INFO - Processing file /opt/airflow/dags/remove_outliers_1_5_iqr.py for tasks to queue
[2023-12-09T23:55:30.378+0000] {logging_mixin.py:154} INFO - [2023-12-09T23:55:30.378+0000] {dagbag.py:536} INFO - Filling up the DagBag from /opt/airflow/dags/remove_outliers_1_5_iqr.py
[2023-12-09T23:55:30.386+0000] {processor.py:841} WARNING - No viable dags retrieved from /opt/airflow/dags/remove_outliers_1_5_iqr.py
[2023-12-09T23:55:30.404+0000] {processor.py:179} INFO - Processing /opt/airflow/dags/remove_outliers_1_5_iqr.py took 0.033 seconds
[2023-12-09T23:56:00.743+0000] {processor.py:157} INFO - Started process (PID=1112) to work on /opt/airflow/dags/remove_outliers_1_5_iqr.py
[2023-12-09T23:56:00.744+0000] {processor.py:829} INFO - Processing file /opt/airflow/dags/remove_outliers_1_5_iqr.py for tasks to queue
[2023-12-09T23:56:00.745+0000] {logging_mixin.py:154} INFO - [2023-12-09T23:56:00.745+0000] {dagbag.py:536} INFO - Filling up the DagBag from /opt/airflow/dags/remove_outliers_1_5_iqr.py
[2023-12-09T23:56:00.749+0000] {processor.py:841} WARNING - No viable dags retrieved from /opt/airflow/dags/remove_outliers_1_5_iqr.py
[2023-12-09T23:56:00.759+0000] {processor.py:179} INFO - Processing /opt/airflow/dags/remove_outliers_1_5_iqr.py took 0.018 seconds
[2023-12-09T23:56:31.116+0000] {processor.py:157} INFO - Started process (PID=1145) to work on /opt/airflow/dags/remove_outliers_1_5_iqr.py
[2023-12-09T23:56:31.117+0000] {processor.py:829} INFO - Processing file /opt/airflow/dags/remove_outliers_1_5_iqr.py for tasks to queue
[2023-12-09T23:56:31.118+0000] {logging_mixin.py:154} INFO - [2023-12-09T23:56:31.118+0000] {dagbag.py:536} INFO - Filling up the DagBag from /opt/airflow/dags/remove_outliers_1_5_iqr.py
[2023-12-09T23:56:31.124+0000] {processor.py:841} WARNING - No viable dags retrieved from /opt/airflow/dags/remove_outliers_1_5_iqr.py
[2023-12-09T23:56:31.142+0000] {processor.py:179} INFO - Processing /opt/airflow/dags/remove_outliers_1_5_iqr.py took 0.029 seconds
[2023-12-09T23:57:01.506+0000] {processor.py:157} INFO - Started process (PID=1178) to work on /opt/airflow/dags/remove_outliers_1_5_iqr.py
[2023-12-09T23:57:01.507+0000] {processor.py:829} INFO - Processing file /opt/airflow/dags/remove_outliers_1_5_iqr.py for tasks to queue
[2023-12-09T23:57:01.508+0000] {logging_mixin.py:154} INFO - [2023-12-09T23:57:01.508+0000] {dagbag.py:536} INFO - Filling up the DagBag from /opt/airflow/dags/remove_outliers_1_5_iqr.py
[2023-12-09T23:57:01.516+0000] {processor.py:841} WARNING - No viable dags retrieved from /opt/airflow/dags/remove_outliers_1_5_iqr.py
[2023-12-09T23:57:01.537+0000] {processor.py:179} INFO - Processing /opt/airflow/dags/remove_outliers_1_5_iqr.py took 0.036 seconds
[2023-12-09T23:57:31.917+0000] {processor.py:157} INFO - Started process (PID=1211) to work on /opt/airflow/dags/remove_outliers_1_5_iqr.py
[2023-12-09T23:57:31.919+0000] {processor.py:829} INFO - Processing file /opt/airflow/dags/remove_outliers_1_5_iqr.py for tasks to queue
[2023-12-09T23:57:31.920+0000] {logging_mixin.py:154} INFO - [2023-12-09T23:57:31.920+0000] {dagbag.py:536} INFO - Filling up the DagBag from /opt/airflow/dags/remove_outliers_1_5_iqr.py
[2023-12-09T23:57:31.928+0000] {processor.py:841} WARNING - No viable dags retrieved from /opt/airflow/dags/remove_outliers_1_5_iqr.py
[2023-12-09T23:57:31.944+0000] {processor.py:179} INFO - Processing /opt/airflow/dags/remove_outliers_1_5_iqr.py took 0.032 seconds
[2023-12-09T23:58:02.326+0000] {processor.py:157} INFO - Started process (PID=1244) to work on /opt/airflow/dags/remove_outliers_1_5_iqr.py
[2023-12-09T23:58:02.327+0000] {processor.py:829} INFO - Processing file /opt/airflow/dags/remove_outliers_1_5_iqr.py for tasks to queue
[2023-12-09T23:58:02.328+0000] {logging_mixin.py:154} INFO - [2023-12-09T23:58:02.328+0000] {dagbag.py:536} INFO - Filling up the DagBag from /opt/airflow/dags/remove_outliers_1_5_iqr.py
[2023-12-09T23:58:02.335+0000] {processor.py:841} WARNING - No viable dags retrieved from /opt/airflow/dags/remove_outliers_1_5_iqr.py
[2023-12-09T23:58:02.352+0000] {processor.py:179} INFO - Processing /opt/airflow/dags/remove_outliers_1_5_iqr.py took 0.031 seconds
[2023-12-09T23:58:32.795+0000] {processor.py:157} INFO - Started process (PID=1277) to work on /opt/airflow/dags/remove_outliers_1_5_iqr.py
[2023-12-09T23:58:32.796+0000] {processor.py:829} INFO - Processing file /opt/airflow/dags/remove_outliers_1_5_iqr.py for tasks to queue
[2023-12-09T23:58:32.797+0000] {logging_mixin.py:154} INFO - [2023-12-09T23:58:32.797+0000] {dagbag.py:536} INFO - Filling up the DagBag from /opt/airflow/dags/remove_outliers_1_5_iqr.py
[2023-12-09T23:58:32.805+0000] {processor.py:841} WARNING - No viable dags retrieved from /opt/airflow/dags/remove_outliers_1_5_iqr.py
[2023-12-09T23:58:32.821+0000] {processor.py:179} INFO - Processing /opt/airflow/dags/remove_outliers_1_5_iqr.py took 0.032 seconds
[2023-12-09T23:59:03.227+0000] {processor.py:157} INFO - Started process (PID=1310) to work on /opt/airflow/dags/remove_outliers_1_5_iqr.py
[2023-12-09T23:59:03.228+0000] {processor.py:829} INFO - Processing file /opt/airflow/dags/remove_outliers_1_5_iqr.py for tasks to queue
[2023-12-09T23:59:03.230+0000] {logging_mixin.py:154} INFO - [2023-12-09T23:59:03.229+0000] {dagbag.py:536} INFO - Filling up the DagBag from /opt/airflow/dags/remove_outliers_1_5_iqr.py
[2023-12-09T23:59:03.238+0000] {processor.py:841} WARNING - No viable dags retrieved from /opt/airflow/dags/remove_outliers_1_5_iqr.py
[2023-12-09T23:59:03.255+0000] {processor.py:179} INFO - Processing /opt/airflow/dags/remove_outliers_1_5_iqr.py took 0.034 seconds
[2023-12-09T23:59:33.666+0000] {processor.py:157} INFO - Started process (PID=1343) to work on /opt/airflow/dags/remove_outliers_1_5_iqr.py
[2023-12-09T23:59:33.667+0000] {processor.py:829} INFO - Processing file /opt/airflow/dags/remove_outliers_1_5_iqr.py for tasks to queue
[2023-12-09T23:59:33.669+0000] {logging_mixin.py:154} INFO - [2023-12-09T23:59:33.668+0000] {dagbag.py:536} INFO - Filling up the DagBag from /opt/airflow/dags/remove_outliers_1_5_iqr.py
[2023-12-09T23:59:33.675+0000] {processor.py:841} WARNING - No viable dags retrieved from /opt/airflow/dags/remove_outliers_1_5_iqr.py
[2023-12-09T23:59:33.691+0000] {processor.py:179} INFO - Processing /opt/airflow/dags/remove_outliers_1_5_iqr.py took 0.030 seconds
