[2023-12-11T20:25:57.459+0000] {taskinstance.py:1159} INFO - Dependencies all met for dep_context=non-requeueable deps ti=<TaskInstance: home_insurance_ds-v01.create_copy_of_postgres_table scheduled__2023-12-01T00:00:00+00:00 [queued]>
[2023-12-11T20:25:57.463+0000] {taskinstance.py:1159} INFO - Dependencies all met for dep_context=requeueable deps ti=<TaskInstance: home_insurance_ds-v01.create_copy_of_postgres_table scheduled__2023-12-01T00:00:00+00:00 [queued]>
[2023-12-11T20:25:57.463+0000] {taskinstance.py:1361} INFO - Starting attempt 1 of 6
[2023-12-11T20:25:57.468+0000] {taskinstance.py:1382} INFO - Executing <Task(PostgresOperator): create_copy_of_postgres_table> on 2023-12-01 00:00:00+00:00
[2023-12-11T20:25:57.471+0000] {standard_task_runner.py:57} INFO - Started process 3639 to run task
[2023-12-11T20:25:57.473+0000] {standard_task_runner.py:84} INFO - Running: ['***', 'tasks', 'run', 'home_insurance_ds-v01', 'create_copy_of_postgres_table', 'scheduled__2023-12-01T00:00:00+00:00', '--job-id', '3', '--raw', '--subdir', 'DAGS_FOLDER/home_insurance_dataset.py', '--cfg-path', '/tmp/tmp4osp0w5g']
[2023-12-11T20:25:57.475+0000] {standard_task_runner.py:85} INFO - Job 3: Subtask create_copy_of_postgres_table
[2023-12-11T20:25:57.504+0000] {task_command.py:416} INFO - Running <TaskInstance: home_insurance_ds-v01.create_copy_of_postgres_table scheduled__2023-12-01T00:00:00+00:00 [running]> on host 3c22c084dafc
[2023-12-11T20:25:57.550+0000] {taskinstance.py:1662} INFO - Exporting env vars: AIRFLOW_CTX_DAG_OWNER='dunnbc22' AIRFLOW_CTX_DAG_ID='home_insurance_ds-v01' AIRFLOW_CTX_TASK_ID='create_copy_of_postgres_table' AIRFLOW_CTX_EXECUTION_DATE='2023-12-01T00:00:00+00:00' AIRFLOW_CTX_TRY_NUMBER='1' AIRFLOW_CTX_DAG_RUN_ID='scheduled__2023-12-01T00:00:00+00:00'
[2023-12-11T20:25:57.551+0000] {sql.py:274} INFO - Executing: -- params: new_table_name, orig_table_name

-- Drop the copy of the table, if it already exists
DROP TABLE IF EXISTS home_insurance_ds_pipeline;

-- Create copy of table
CREATE TABLE home_insurance_ds_pipeline AS
SELECT * 
FROM home_insurance_ds;

-- Grant additional permissions on the table
GRANT SELECT, INSERT, UPDATE, DELETE ON home_insurance_ds_pipeline TO ***;
[2023-12-11T20:25:57.557+0000] {base.py:73} INFO - Using connection ID 'postgres_conn' for task execution.
[2023-12-11T20:25:57.564+0000] {base.py:73} INFO - Using connection ID 'postgres_conn' for task execution.
[2023-12-11T20:25:57.576+0000] {sql.py:418} INFO - Running statement: -- params: new_table_name, orig_table_name

-- Drop the copy of the table, if it already exists
DROP TABLE IF EXISTS home_insurance_ds_pipeline;

-- Create copy of table
CREATE TABLE home_insurance_ds_pipeline AS
SELECT * 
FROM home_insurance_ds;

-- Grant additional permissions on the table
GRANT SELECT, INSERT, UPDATE, DELETE ON home_insurance_ds_pipeline TO ***;, parameters: None
[2023-12-11T20:25:57.585+0000] {taskinstance.py:1937} ERROR - Task failed with exception
Traceback (most recent call last):
  File "/home/airflow/.local/lib/python3.8/site-packages/airflow/providers/common/sql/operators/sql.py", line 280, in execute
    output = hook.run(
  File "/home/airflow/.local/lib/python3.8/site-packages/airflow/providers/common/sql/hooks/sql.py", line 392, in run
    self._run_command(cur, sql_statement, parameters)
  File "/home/airflow/.local/lib/python3.8/site-packages/airflow/providers/common/sql/hooks/sql.py", line 423, in _run_command
    cur.execute(sql_statement)
psycopg2.errors.UndefinedTable: relation "home_insurance_ds" does not exist
LINE 9: FROM home_insurance_ds;
             ^

[2023-12-11T20:25:57.592+0000] {taskinstance.py:1400} INFO - Marking task as UP_FOR_RETRY. dag_id=home_insurance_ds-v01, task_id=create_copy_of_postgres_table, execution_date=20231201T000000, start_date=20231211T202557, end_date=20231211T202557
[2023-12-11T20:25:57.597+0000] {standard_task_runner.py:104} ERROR - Failed to execute job 3 for task create_copy_of_postgres_table (relation "home_insurance_ds" does not exist
LINE 9: FROM home_insurance_ds;
             ^
; 3639)
[2023-12-11T20:25:57.609+0000] {local_task_job_runner.py:228} INFO - Task exited with return code 1
[2023-12-11T20:25:57.640+0000] {taskinstance.py:2778} INFO - 0 downstream tasks scheduled from follow-on schedule check
[2023-12-12T21:11:10.257+0000] {taskinstance.py:1159} INFO - Dependencies all met for dep_context=non-requeueable deps ti=<TaskInstance: home_insurance_ds-v01.create_copy_of_postgres_table scheduled__2023-12-01T00:00:00+00:00 [queued]>
[2023-12-12T21:11:10.260+0000] {taskinstance.py:1159} INFO - Dependencies all met for dep_context=requeueable deps ti=<TaskInstance: home_insurance_ds-v01.create_copy_of_postgres_table scheduled__2023-12-01T00:00:00+00:00 [queued]>
[2023-12-12T21:11:10.261+0000] {taskinstance.py:1361} INFO - Starting attempt 1 of 6
[2023-12-12T21:11:10.267+0000] {taskinstance.py:1382} INFO - Executing <Task(PostgresOperator): create_copy_of_postgres_table> on 2023-12-01 00:00:00+00:00
[2023-12-12T21:11:10.271+0000] {standard_task_runner.py:57} INFO - Started process 307 to run task
[2023-12-12T21:11:10.273+0000] {standard_task_runner.py:84} INFO - Running: ['***', 'tasks', 'run', 'home_insurance_ds-v01', 'create_copy_of_postgres_table', 'scheduled__2023-12-01T00:00:00+00:00', '--job-id', '3', '--raw', '--subdir', 'DAGS_FOLDER/home_insurance_dataset.py', '--cfg-path', '/tmp/tmpcnecynr5']
[2023-12-12T21:11:10.275+0000] {standard_task_runner.py:85} INFO - Job 3: Subtask create_copy_of_postgres_table
[2023-12-12T21:11:10.306+0000] {task_command.py:416} INFO - Running <TaskInstance: home_insurance_ds-v01.create_copy_of_postgres_table scheduled__2023-12-01T00:00:00+00:00 [running]> on host 7a94ca99eac6
[2023-12-12T21:11:10.350+0000] {taskinstance.py:1662} INFO - Exporting env vars: AIRFLOW_CTX_DAG_OWNER='dunnbc22' AIRFLOW_CTX_DAG_ID='home_insurance_ds-v01' AIRFLOW_CTX_TASK_ID='create_copy_of_postgres_table' AIRFLOW_CTX_EXECUTION_DATE='2023-12-01T00:00:00+00:00' AIRFLOW_CTX_TRY_NUMBER='1' AIRFLOW_CTX_DAG_RUN_ID='scheduled__2023-12-01T00:00:00+00:00'
[2023-12-12T21:11:10.351+0000] {sql.py:274} INFO - Executing: -- params: new_table_name, orig_table_name

-- Drop the copy of the table, if it already exists
DROP TABLE IF EXISTS home_insurance_ds_pipeline;

-- Create copy of table
CREATE TABLE home_insurance_ds_pipeline AS
SELECT * 
FROM home_insurance_ds;

-- Grant additional permissions on the table
GRANT SELECT, INSERT, UPDATE, DELETE ON home_insurance_ds_pipeline TO ***;
[2023-12-12T21:11:10.357+0000] {base.py:73} INFO - Using connection ID 'postgres_conn' for task execution.
[2023-12-12T21:11:10.363+0000] {base.py:73} INFO - Using connection ID 'postgres_conn' for task execution.
[2023-12-12T21:11:10.368+0000] {sql.py:418} INFO - Running statement: -- params: new_table_name, orig_table_name

-- Drop the copy of the table, if it already exists
DROP TABLE IF EXISTS home_insurance_ds_pipeline;

-- Create copy of table
CREATE TABLE home_insurance_ds_pipeline AS
SELECT * 
FROM home_insurance_ds;

-- Grant additional permissions on the table
GRANT SELECT, INSERT, UPDATE, DELETE ON home_insurance_ds_pipeline TO ***;, parameters: None
[2023-12-12T21:11:11.408+0000] {taskinstance.py:1400} INFO - Marking task as SUCCESS. dag_id=home_insurance_ds-v01, task_id=create_copy_of_postgres_table, execution_date=20231201T000000, start_date=20231212T211110, end_date=20231212T211111
[2023-12-12T21:11:11.462+0000] {local_task_job_runner.py:228} INFO - Task exited with return code 0
[2023-12-12T21:11:11.526+0000] {taskinstance.py:2778} INFO - 1 downstream tasks scheduled from follow-on schedule check
