[2023-12-12T00:15:15.495+0000] {taskinstance.py:1159} INFO - Dependencies all met for dep_context=non-requeueable deps ti=<TaskInstance: Online_Shopping_Dataset-v01.insert_fk_into_fact_table.insert_fk_col_in_fact_table_Coupon_Status scheduled__2023-12-01T00:00:00+00:00 [queued]>
[2023-12-12T00:15:15.506+0000] {taskinstance.py:1159} INFO - Dependencies all met for dep_context=requeueable deps ti=<TaskInstance: Online_Shopping_Dataset-v01.insert_fk_into_fact_table.insert_fk_col_in_fact_table_Coupon_Status scheduled__2023-12-01T00:00:00+00:00 [queued]>
[2023-12-12T00:15:15.507+0000] {taskinstance.py:1361} INFO - Starting attempt 1 of 6
[2023-12-12T00:15:15.520+0000] {taskinstance.py:1382} INFO - Executing <Task(PostgresOperator): insert_fk_col_in_fact_table_Coupon_Status> on 2023-12-01 00:00:00+00:00
[2023-12-12T00:15:15.530+0000] {standard_task_runner.py:57} INFO - Started process 933 to run task
[2023-12-12T00:15:15.536+0000] {standard_task_runner.py:84} INFO - Running: ['***', 'tasks', 'run', 'Online_Shopping_Dataset-v01.insert_fk_into_fact_table', 'insert_fk_col_in_fact_table_Coupon_Status', 'scheduled__2023-12-01T00:00:00+00:00', '--job-id', '44', '--raw', '--subdir', 'DAGS_FOLDER/Online_Shopping_Dataset.py', '--cfg-path', '/tmp/tmptwi2tajd']
[2023-12-12T00:15:15.543+0000] {standard_task_runner.py:85} INFO - Job 44: Subtask insert_fk_col_in_fact_table_Coupon_Status
[2023-12-12T00:15:15.652+0000] {task_command.py:416} INFO - Running <TaskInstance: Online_Shopping_Dataset-v01.insert_fk_into_fact_table.insert_fk_col_in_fact_table_Coupon_Status scheduled__2023-12-01T00:00:00+00:00 [running]> on host 79f7e52c702e
[2023-12-12T00:15:15.756+0000] {taskinstance.py:1662} INFO - Exporting env vars: AIRFLOW_CTX_DAG_OWNER='dunnbc22' AIRFLOW_CTX_DAG_ID='Online_Shopping_Dataset-v01.insert_fk_into_fact_table' AIRFLOW_CTX_TASK_ID='insert_fk_col_in_fact_table_Coupon_Status' AIRFLOW_CTX_EXECUTION_DATE='2023-12-01T00:00:00+00:00' AIRFLOW_CTX_TRY_NUMBER='1' AIRFLOW_CTX_DAG_RUN_ID='scheduled__2023-12-01T00:00:00+00:00'
[2023-12-12T00:15:15.759+0000] {sql.py:274} INFO - Executing: -- params: table_name, dimension_col

/*
Steps 1-3 were completed in the create_dim_table.sql 
file & associated PostgresOperator
*/


-- Step 4: Add foreign key column to fact table
ALTER TABLE online_shopping_dataset_pipe
ADD COLUMN Coupon_Status_id INTEGER;

-- Step 4: Update foreign key column to fact table with 
-- appropriate id (that matches with dim table)
UPDATE online_shopping_dataset_pipe
SET Coupon_Status_id = dimension_table_Coupon_Status.id
FROM dimension_table_Coupon_Status
WHERE COALESCE(online_shopping_dataset_pipe.Coupon_Status::text, '') = COALESCE(dimension_table_Coupon_Status.Coupon_Status::text, '');
[2023-12-12T00:15:15.767+0000] {base.py:73} INFO - Using connection ID 'postgres_conn' for task execution.
[2023-12-12T00:15:15.778+0000] {base.py:73} INFO - Using connection ID 'postgres_conn' for task execution.
[2023-12-12T00:15:15.784+0000] {sql.py:418} INFO - Running statement: -- params: table_name, dimension_col

/*
Steps 1-3 were completed in the create_dim_table.sql 
file & associated PostgresOperator
*/


-- Step 4: Add foreign key column to fact table
ALTER TABLE online_shopping_dataset_pipe
ADD COLUMN Coupon_Status_id INTEGER;

-- Step 4: Update foreign key column to fact table with 
-- appropriate id (that matches with dim table)
UPDATE online_shopping_dataset_pipe
SET Coupon_Status_id = dimension_table_Coupon_Status.id
FROM dimension_table_Coupon_Status
WHERE COALESCE(online_shopping_dataset_pipe.Coupon_Status::text, '') = COALESCE(dimension_table_Coupon_Status.Coupon_Status::text, '');, parameters: None
[2023-12-12T00:15:16.872+0000] {sql.py:427} INFO - Rows affected: 37457
[2023-12-12T00:15:16.889+0000] {taskinstance.py:1400} INFO - Marking task as SUCCESS. dag_id=Online_Shopping_Dataset-v01.insert_fk_into_fact_table, task_id=insert_fk_col_in_fact_table_Coupon_Status, execution_date=20231201T000000, start_date=20231212T001515, end_date=20231212T001516
[2023-12-12T00:15:16.909+0000] {local_task_job_runner.py:228} INFO - Task exited with return code 0
[2023-12-12T00:15:16.937+0000] {taskinstance.py:2778} INFO - 0 downstream tasks scheduled from follow-on schedule check
