[2023-12-11T05:52:11.204+0000] {taskinstance.py:1159} INFO - Dependencies all met for dep_context=non-requeueable deps ti=<TaskInstance: Electric_Vehicle_Population-v01.remove_replaced_dim_cols.remove_original_ElectricUtility_in_fact_table scheduled__2023-12-01T00:00:00+00:00 [queued]>
[2023-12-11T05:52:11.209+0000] {taskinstance.py:1159} INFO - Dependencies all met for dep_context=requeueable deps ti=<TaskInstance: Electric_Vehicle_Population-v01.remove_replaced_dim_cols.remove_original_ElectricUtility_in_fact_table scheduled__2023-12-01T00:00:00+00:00 [queued]>
[2023-12-11T05:52:11.210+0000] {taskinstance.py:1361} INFO - Starting attempt 1 of 6
[2023-12-11T05:52:11.229+0000] {taskinstance.py:1382} INFO - Executing <Task(PostgresOperator): remove_original_ElectricUtility_in_fact_table> on 2023-12-01 00:00:00+00:00
[2023-12-11T05:52:11.240+0000] {standard_task_runner.py:57} INFO - Started process 829 to run task
[2023-12-11T05:52:11.244+0000] {standard_task_runner.py:84} INFO - Running: ['***', 'tasks', 'run', 'Electric_Vehicle_Population-v01.remove_replaced_dim_cols', 'remove_original_ElectricUtility_in_fact_table', 'scheduled__2023-12-01T00:00:00+00:00', '--job-id', '38', '--raw', '--subdir', 'DAGS_FOLDER/EV_Population.py', '--cfg-path', '/tmp/tmp9aytzs5k']
[2023-12-11T05:52:11.249+0000] {standard_task_runner.py:85} INFO - Job 38: Subtask remove_original_ElectricUtility_in_fact_table
[2023-12-11T05:52:11.324+0000] {task_command.py:416} INFO - Running <TaskInstance: Electric_Vehicle_Population-v01.remove_replaced_dim_cols.remove_original_ElectricUtility_in_fact_table scheduled__2023-12-01T00:00:00+00:00 [running]> on host c7d0b77d8cb9
[2023-12-11T05:52:11.422+0000] {taskinstance.py:1662} INFO - Exporting env vars: AIRFLOW_CTX_DAG_OWNER='dunnbc22' AIRFLOW_CTX_DAG_ID='Electric_Vehicle_Population-v01.remove_replaced_dim_cols' AIRFLOW_CTX_TASK_ID='remove_original_ElectricUtility_in_fact_table' AIRFLOW_CTX_EXECUTION_DATE='2023-12-01T00:00:00+00:00' AIRFLOW_CTX_TRY_NUMBER='1' AIRFLOW_CTX_DAG_RUN_ID='scheduled__2023-12-01T00:00:00+00:00'
[2023-12-11T05:52:11.423+0000] {sql.py:274} INFO - Executing: -- table_name, column_name
ALTER TABLE ev_pop_pipe
DROP COLUMN ElectricUtility;
[2023-12-11T05:52:11.439+0000] {base.py:73} INFO - Using connection ID 'postgres_conn' for task execution.
[2023-12-11T05:52:11.458+0000] {base.py:73} INFO - Using connection ID 'postgres_conn' for task execution.
[2023-12-11T05:52:11.479+0000] {sql.py:418} INFO - Running statement: -- table_name, column_name
ALTER TABLE ev_pop_pipe
DROP COLUMN ElectricUtility;, parameters: None
[2023-12-11T05:52:12.495+0000] {taskinstance.py:1400} INFO - Marking task as SUCCESS. dag_id=Electric_Vehicle_Population-v01.remove_replaced_dim_cols, task_id=remove_original_ElectricUtility_in_fact_table, execution_date=20231201T000000, start_date=20231211T055211, end_date=20231211T055212
[2023-12-11T05:52:12.546+0000] {local_task_job_runner.py:228} INFO - Task exited with return code 0
[2023-12-11T05:52:12.580+0000] {taskinstance.py:2778} INFO - 0 downstream tasks scheduled from follow-on schedule check
