[2023-12-19T05:01:14.215+0000] {taskinstance.py:1159} INFO - Dependencies all met for dep_context=non-requeueable deps ti=<TaskInstance: bank_and_cc_complaints-v01.remove_replaced_dim_cols scheduled__2023-12-01T00:00:00+00:00 [queued]>
[2023-12-19T05:01:14.220+0000] {taskinstance.py:1159} INFO - Dependencies all met for dep_context=requeueable deps ti=<TaskInstance: bank_and_cc_complaints-v01.remove_replaced_dim_cols scheduled__2023-12-01T00:00:00+00:00 [queued]>
[2023-12-19T05:01:14.220+0000] {taskinstance.py:1361} INFO - Starting attempt 1 of 6
[2023-12-19T05:01:14.226+0000] {taskinstance.py:1382} INFO - Executing <Task(SubDagOperator): remove_replaced_dim_cols> on 2023-12-01 00:00:00+00:00
[2023-12-19T05:01:14.228+0000] {standard_task_runner.py:57} INFO - Started process 1127 to run task
[2023-12-19T05:01:14.231+0000] {standard_task_runner.py:84} INFO - Running: ['***', 'tasks', 'run', 'bank_and_cc_complaints-v01', 'remove_replaced_dim_cols', 'scheduled__2023-12-01T00:00:00+00:00', '--job-id', '36', '--raw', '--subdir', 'DAGS_FOLDER/bank_and_cc_complaints.py', '--cfg-path', '/tmp/tmpmsy1875a']
[2023-12-19T05:01:14.233+0000] {standard_task_runner.py:85} INFO - Job 36: Subtask remove_replaced_dim_cols
[2023-12-19T05:01:14.265+0000] {task_command.py:416} INFO - Running <TaskInstance: bank_and_cc_complaints-v01.remove_replaced_dim_cols scheduled__2023-12-01T00:00:00+00:00 [running]> on host 2ee4b7dc3cc7
[2023-12-19T05:01:14.308+0000] {taskinstance.py:1662} INFO - Exporting env vars: AIRFLOW_CTX_DAG_OWNER='dunnbc22' AIRFLOW_CTX_DAG_ID='bank_and_cc_complaints-v01' AIRFLOW_CTX_TASK_ID='remove_replaced_dim_cols' AIRFLOW_CTX_EXECUTION_DATE='2023-12-01T00:00:00+00:00' AIRFLOW_CTX_TRY_NUMBER='1' AIRFLOW_CTX_DAG_RUN_ID='scheduled__2023-12-01T00:00:00+00:00'
[2023-12-19T05:01:14.312+0000] {logging_mixin.py:154} WARNING - /home/***/.local/lib/python3.8/site-packages/***/utils/context.py:206 AirflowContextDeprecationWarning: Accessing 'execution_date' from the template is deprecated and will be removed in a future version. Please use 'data_interval_start' or 'logical_date' instead.
[2023-12-19T05:01:14.318+0000] {subdag.py:174} INFO - Found existing DagRun: backfill__2023-12-01T00:00:00+00:00
[2023-12-19T05:01:59.612+0000] {local_task_job_runner.py:294} WARNING - State of this instance has been externally set to None. Terminating instance.
[2023-12-19T05:01:59.613+0000] {process_utils.py:131} INFO - Sending 15 to group 1127. PIDs of all processes in the group: [1127]
[2023-12-19T05:01:59.613+0000] {process_utils.py:86} INFO - Sending the signal 15 to group 1127
[2023-12-19T05:01:59.613+0000] {taskinstance.py:1632} ERROR - Received SIGTERM. Terminating subprocesses.
[2023-12-19T05:01:59.619+0000] {taskinstance.py:1937} ERROR - Task failed with exception
Traceback (most recent call last):
  File "/home/airflow/.local/lib/python3.8/site-packages/airflow/sensors/base.py", line 285, in execute
    time.sleep(self._get_next_poke_interval(started_at, run_duration, try_number))
  File "/home/airflow/.local/lib/python3.8/site-packages/airflow/models/taskinstance.py", line 1634, in signal_handler
    raise AirflowException("Task received SIGTERM signal")
airflow.exceptions.AirflowException: Task received SIGTERM signal
[2023-12-19T05:01:59.621+0000] {taskinstance.py:1400} INFO - Marking task as UP_FOR_RETRY. dag_id=bank_and_cc_complaints-v01, task_id=remove_replaced_dim_cols, execution_date=20231201T000000, start_date=20231219T050114, end_date=20231219T050159
[2023-12-19T05:01:59.626+0000] {standard_task_runner.py:104} ERROR - Failed to execute job 36 for task remove_replaced_dim_cols (Task received SIGTERM signal; 1127)
[2023-12-19T05:01:59.640+0000] {process_utils.py:79} INFO - Process psutil.Process(pid=1127, status='terminated', exitcode=1, started='05:01:13') (1127) terminated with exit code 1
