[2023-12-09T19:38:21.953+0000] {taskinstance.py:1159} INFO - Dependencies all met for dep_context=non-requeueable deps ti=<TaskInstance: california_housing_data-v01.remove_unnecessary_columns.remove_unnecessary_columns.remove_SOLD_DATE_col scheduled__2023-12-01T00:00:00+00:00 [queued]>
[2023-12-09T19:38:21.975+0000] {taskinstance.py:1159} INFO - Dependencies all met for dep_context=requeueable deps ti=<TaskInstance: california_housing_data-v01.remove_unnecessary_columns.remove_unnecessary_columns.remove_SOLD_DATE_col scheduled__2023-12-01T00:00:00+00:00 [queued]>
[2023-12-09T19:38:21.985+0000] {taskinstance.py:1361} INFO - Starting attempt 1 of 6
[2023-12-09T19:38:22.019+0000] {taskinstance.py:1382} INFO - Executing <Task(PostgresOperator): remove_unnecessary_columns.remove_SOLD_DATE_col> on 2023-12-01 00:00:00+00:00
[2023-12-09T19:38:22.036+0000] {standard_task_runner.py:57} INFO - Started process 397 to run task
[2023-12-09T19:38:22.041+0000] {standard_task_runner.py:84} INFO - Running: ['***', 'tasks', 'run', 'california_housing_data-v01.remove_unnecessary_columns', 'remove_unnecessary_columns.remove_SOLD_DATE_col', 'scheduled__2023-12-01T00:00:00+00:00', '--job-id', '16', '--raw', '--subdir', 'DAGS_FOLDER/ca_housing_data.py', '--cfg-path', '/tmp/tmpktr0nfa5']
[2023-12-09T19:38:22.046+0000] {standard_task_runner.py:85} INFO - Job 16: Subtask remove_unnecessary_columns.remove_SOLD_DATE_col
[2023-12-09T19:38:22.149+0000] {task_command.py:416} INFO - Running <TaskInstance: california_housing_data-v01.remove_unnecessary_columns.remove_unnecessary_columns.remove_SOLD_DATE_col scheduled__2023-12-01T00:00:00+00:00 [running]> on host d5ea29713edc
[2023-12-09T19:38:22.244+0000] {taskinstance.py:1662} INFO - Exporting env vars: AIRFLOW_CTX_DAG_OWNER='dunnbc22' AIRFLOW_CTX_DAG_ID='california_housing_data-v01.remove_unnecessary_columns' AIRFLOW_CTX_TASK_ID='remove_unnecessary_columns.remove_SOLD_DATE_col' AIRFLOW_CTX_EXECUTION_DATE='2023-12-01T00:00:00+00:00' AIRFLOW_CTX_TRY_NUMBER='1' AIRFLOW_CTX_DAG_RUN_ID='scheduled__2023-12-01T00:00:00+00:00'
[2023-12-09T19:38:22.245+0000] {sql.py:274} INFO - Executing: -- table_name, column_name
ALTER TABLE pipeline_ca_housing
DROP COLUMN SOLD_DATE;
[2023-12-09T19:38:22.259+0000] {base.py:73} INFO - Using connection ID 'postgres_conn' for task execution.
[2023-12-09T19:38:22.278+0000] {base.py:73} INFO - Using connection ID 'postgres_conn' for task execution.
[2023-12-09T19:38:22.292+0000] {sql.py:418} INFO - Running statement: -- table_name, column_name
ALTER TABLE pipeline_ca_housing
DROP COLUMN SOLD_DATE;, parameters: None
[2023-12-09T19:38:22.308+0000] {taskinstance.py:1400} INFO - Marking task as SUCCESS. dag_id=california_housing_data-v01.remove_unnecessary_columns, task_id=remove_unnecessary_columns.remove_SOLD_DATE_col, execution_date=20231201T000000, start_date=20231209T193821, end_date=20231209T193822
[2023-12-09T19:38:22.343+0000] {local_task_job_runner.py:228} INFO - Task exited with return code 0
[2023-12-09T19:38:22.370+0000] {taskinstance.py:2778} INFO - 0 downstream tasks scheduled from follow-on schedule check
