[2023-12-19T19:24:54.180+0000] {taskinstance.py:1159} INFO - Dependencies all met for dep_context=non-requeueable deps ti=<TaskInstance: Auto_Insurance-v01.generate_date_parts scheduled__2023-12-01T00:00:00+00:00 [queued]>
[2023-12-19T19:24:54.185+0000] {taskinstance.py:1159} INFO - Dependencies all met for dep_context=requeueable deps ti=<TaskInstance: Auto_Insurance-v01.generate_date_parts scheduled__2023-12-01T00:00:00+00:00 [queued]>
[2023-12-19T19:24:54.185+0000] {taskinstance.py:1361} INFO - Starting attempt 3 of 6
[2023-12-19T19:24:54.191+0000] {taskinstance.py:1382} INFO - Executing <Task(PostgresOperator): generate_date_parts> on 2023-12-01 00:00:00+00:00
[2023-12-19T19:24:54.193+0000] {standard_task_runner.py:57} INFO - Started process 1027 to run task
[2023-12-19T19:24:54.195+0000] {standard_task_runner.py:84} INFO - Running: ['***', 'tasks', 'run', 'Auto_Insurance-v01', 'generate_date_parts', 'scheduled__2023-12-01T00:00:00+00:00', '--job-id', '11', '--raw', '--subdir', 'DAGS_FOLDER/Auto_Insurance.py', '--cfg-path', '/tmp/tmpoisfq022']
[2023-12-19T19:24:54.197+0000] {standard_task_runner.py:85} INFO - Job 11: Subtask generate_date_parts
[2023-12-19T19:24:54.229+0000] {task_command.py:416} INFO - Running <TaskInstance: Auto_Insurance-v01.generate_date_parts scheduled__2023-12-01T00:00:00+00:00 [running]> on host 757899fef296
[2023-12-19T19:24:54.273+0000] {taskinstance.py:1662} INFO - Exporting env vars: AIRFLOW_CTX_DAG_OWNER='dunnbc22' AIRFLOW_CTX_DAG_ID='Auto_Insurance-v01' AIRFLOW_CTX_TASK_ID='generate_date_parts' AIRFLOW_CTX_EXECUTION_DATE='2023-12-01T00:00:00+00:00' AIRFLOW_CTX_TRY_NUMBER='3' AIRFLOW_CTX_DAG_RUN_ID='scheduled__2023-12-01T00:00:00+00:00'
[2023-12-19T19:24:54.273+0000] {sql.py:274} INFO - Executing: -- params: table_name, col_name, month_col_name, year_col_name, dom_col_name

-- Add columns
ALTER TABLE auto_insurance_pipe
ADD COLUMN IF NOT EXISTS Month_of_Effective_To_Date INTEGER, 
ADD COLUMN IF NOT EXISTS Year_of_Effective_To_Date INTEGER, 
ADD COLUMN IF NOT EXISTS D_o_M_of_Effective_To_Date INTEGER;

-- fill columns with their proper values
UPDATE auto_insurance_pipe
SET 
    Month_of_Effective_To_Date = EXTRACT(MONTH FROM Effective_To_Date),
    Year_of_Effective_To_Date = EXTRACT(YEAR FROM Effective_To_Date),
    D_o_M_of_Effective_To_Date = EXTRACT(DAY FROM Effective_To_Date);
[2023-12-19T19:24:54.279+0000] {base.py:73} INFO - Using connection ID 'postgres_conn' for task execution.
[2023-12-19T19:24:54.285+0000] {base.py:73} INFO - Using connection ID 'postgres_conn' for task execution.
[2023-12-19T19:24:54.291+0000] {sql.py:418} INFO - Running statement: -- params: table_name, col_name, month_col_name, year_col_name, dom_col_name

-- Add columns
ALTER TABLE auto_insurance_pipe
ADD COLUMN IF NOT EXISTS Month_of_Effective_To_Date INTEGER, 
ADD COLUMN IF NOT EXISTS Year_of_Effective_To_Date INTEGER, 
ADD COLUMN IF NOT EXISTS D_o_M_of_Effective_To_Date INTEGER;

-- fill columns with their proper values
UPDATE auto_insurance_pipe
SET 
    Month_of_Effective_To_Date = EXTRACT(MONTH FROM Effective_To_Date),
    Year_of_Effective_To_Date = EXTRACT(YEAR FROM Effective_To_Date),
    D_o_M_of_Effective_To_Date = EXTRACT(DAY FROM Effective_To_Date);, parameters: None
[2023-12-19T19:24:54.322+0000] {sql.py:427} INFO - Rows affected: 9134
[2023-12-19T19:24:54.332+0000] {taskinstance.py:1400} INFO - Marking task as SUCCESS. dag_id=Auto_Insurance-v01, task_id=generate_date_parts, execution_date=20231201T000000, start_date=20231219T192454, end_date=20231219T192454
[2023-12-19T19:24:54.379+0000] {local_task_job_runner.py:228} INFO - Task exited with return code 0
[2023-12-19T19:24:54.402+0000] {taskinstance.py:2778} INFO - 1 downstream tasks scheduled from follow-on schedule check
