[2023-12-08T17:18:42.180+0000] {taskinstance.py:1159} INFO - Dependencies all met for dep_context=non-requeueable deps ti=<TaskInstance: Allegheny_Co_Property_Sale_Transactions-v01.create_dim_tables.create_dim_PROPERTYFRACTION_table scheduled__2023-12-01T00:00:00+00:00 [queued]>
[2023-12-08T17:18:42.189+0000] {taskinstance.py:1159} INFO - Dependencies all met for dep_context=requeueable deps ti=<TaskInstance: Allegheny_Co_Property_Sale_Transactions-v01.create_dim_tables.create_dim_PROPERTYFRACTION_table scheduled__2023-12-01T00:00:00+00:00 [queued]>
[2023-12-08T17:18:42.191+0000] {taskinstance.py:1361} INFO - Starting attempt 1 of 6
[2023-12-08T17:18:42.211+0000] {taskinstance.py:1382} INFO - Executing <Task(PostgresOperator): create_dim_PROPERTYFRACTION_table> on 2023-12-01 00:00:00+00:00
[2023-12-08T17:18:42.217+0000] {standard_task_runner.py:57} INFO - Started process 3189 to run task
[2023-12-08T17:18:42.224+0000] {standard_task_runner.py:84} INFO - Running: ['***', 'tasks', 'run', 'Allegheny_Co_Property_Sale_Transactions-v01.create_dim_tables', 'create_dim_PROPERTYFRACTION_table', 'scheduled__2023-12-01T00:00:00+00:00', '--job-id', '30', '--raw', '--subdir', 'DAGS_FOLDER/Allegheny Co Property Sale Transactions.py', '--cfg-path', '/tmp/tmp1pwzg77u']
[2023-12-08T17:18:42.227+0000] {standard_task_runner.py:85} INFO - Job 30: Subtask create_dim_PROPERTYFRACTION_table
[2023-12-08T17:18:42.350+0000] {task_command.py:416} INFO - Running <TaskInstance: Allegheny_Co_Property_Sale_Transactions-v01.create_dim_tables.create_dim_PROPERTYFRACTION_table scheduled__2023-12-01T00:00:00+00:00 [running]> on host 1fc866509645
[2023-12-08T17:18:42.471+0000] {taskinstance.py:1662} INFO - Exporting env vars: AIRFLOW_CTX_DAG_OWNER='dunnbc22' AIRFLOW_CTX_DAG_ID='Allegheny_Co_Property_Sale_Transactions-v01.create_dim_tables' AIRFLOW_CTX_TASK_ID='create_dim_PROPERTYFRACTION_table' AIRFLOW_CTX_EXECUTION_DATE='2023-12-01T00:00:00+00:00' AIRFLOW_CTX_TRY_NUMBER='1' AIRFLOW_CTX_DAG_RUN_ID='scheduled__2023-12-01T00:00:00+00:00'
[2023-12-08T17:18:42.474+0000] {sql.py:274} INFO - Executing: -- params: table_name, dimension_col, data_type

-- Step 1: Extract Unique Values
CREATE TEMPORARY TABLE unique_values_PROPERTYFRACTION AS
SELECT DISTINCT PROPERTYFRACTION FROM allegheny_co_property_sale_transactions;

-- Step 2: Create Dimension Table
DROP TABLE IF EXISTS dimension_table_PROPERTYFRACTION;
CREATE TABLE dimension_table_PROPERTYFRACTION (
    id SERIAL PRIMARY KEY,
    PROPERTYFRACTION VARCHAR
);

-- Step 3: Insert unique values into dimension table
INSERT INTO dimension_table_PROPERTYFRACTION (PROPERTYFRACTION)
SELECT * FROM unique_values_PROPERTYFRACTION;
[2023-12-08T17:18:42.500+0000] {base.py:73} INFO - Using connection ID 'postgres_conn' for task execution.
[2023-12-08T17:18:42.520+0000] {base.py:73} INFO - Using connection ID 'postgres_conn' for task execution.
[2023-12-08T17:18:42.538+0000] {sql.py:418} INFO - Running statement: -- params: table_name, dimension_col, data_type

-- Step 1: Extract Unique Values
CREATE TEMPORARY TABLE unique_values_PROPERTYFRACTION AS
SELECT DISTINCT PROPERTYFRACTION FROM allegheny_co_property_sale_transactions;

-- Step 2: Create Dimension Table
DROP TABLE IF EXISTS dimension_table_PROPERTYFRACTION;
CREATE TABLE dimension_table_PROPERTYFRACTION (
    id SERIAL PRIMARY KEY,
    PROPERTYFRACTION VARCHAR
);

-- Step 3: Insert unique values into dimension table
INSERT INTO dimension_table_PROPERTYFRACTION (PROPERTYFRACTION)
SELECT * FROM unique_values_PROPERTYFRACTION;, parameters: None
[2023-12-08T17:18:42.627+0000] {sql.py:427} INFO - Rows affected: 1519
[2023-12-08T17:18:42.677+0000] {taskinstance.py:1400} INFO - Marking task as SUCCESS. dag_id=Allegheny_Co_Property_Sale_Transactions-v01.create_dim_tables, task_id=create_dim_PROPERTYFRACTION_table, execution_date=20231201T000000, start_date=20231208T171842, end_date=20231208T171842
[2023-12-08T17:18:42.787+0000] {local_task_job_runner.py:228} INFO - Task exited with return code 0
[2023-12-08T17:18:42.837+0000] {taskinstance.py:2778} INFO - 0 downstream tasks scheduled from follow-on schedule check
[2023-12-08T18:06:05.290+0000] {taskinstance.py:1159} INFO - Dependencies all met for dep_context=non-requeueable deps ti=<TaskInstance: Allegheny_Co_Property_Sale_Transactions-v01.create_dim_tables.create_dim_PROPERTYFRACTION_table scheduled__2023-12-01T00:00:00+00:00 [queued]>
[2023-12-08T18:06:05.300+0000] {taskinstance.py:1159} INFO - Dependencies all met for dep_context=requeueable deps ti=<TaskInstance: Allegheny_Co_Property_Sale_Transactions-v01.create_dim_tables.create_dim_PROPERTYFRACTION_table scheduled__2023-12-01T00:00:00+00:00 [queued]>
[2023-12-08T18:06:05.301+0000] {taskinstance.py:1361} INFO - Starting attempt 1 of 6
[2023-12-08T18:06:05.311+0000] {taskinstance.py:1382} INFO - Executing <Task(PostgresOperator): create_dim_PROPERTYFRACTION_table> on 2023-12-01 00:00:00+00:00
[2023-12-08T18:06:05.318+0000] {standard_task_runner.py:57} INFO - Started process 7223 to run task
[2023-12-08T18:06:05.325+0000] {standard_task_runner.py:84} INFO - Running: ['***', 'tasks', 'run', 'Allegheny_Co_Property_Sale_Transactions-v01.create_dim_tables', 'create_dim_PROPERTYFRACTION_table', 'scheduled__2023-12-01T00:00:00+00:00', '--job-id', '107', '--raw', '--subdir', 'DAGS_FOLDER/Allegheny Co Property Sale Transactions.py', '--cfg-path', '/tmp/tmpydjzm6ya']
[2023-12-08T18:06:05.328+0000] {standard_task_runner.py:85} INFO - Job 107: Subtask create_dim_PROPERTYFRACTION_table
[2023-12-08T18:06:05.433+0000] {task_command.py:416} INFO - Running <TaskInstance: Allegheny_Co_Property_Sale_Transactions-v01.create_dim_tables.create_dim_PROPERTYFRACTION_table scheduled__2023-12-01T00:00:00+00:00 [running]> on host 1fc866509645
[2023-12-08T18:06:05.549+0000] {taskinstance.py:1662} INFO - Exporting env vars: AIRFLOW_CTX_DAG_OWNER='dunnbc22' AIRFLOW_CTX_DAG_ID='Allegheny_Co_Property_Sale_Transactions-v01.create_dim_tables' AIRFLOW_CTX_TASK_ID='create_dim_PROPERTYFRACTION_table' AIRFLOW_CTX_EXECUTION_DATE='2023-12-01T00:00:00+00:00' AIRFLOW_CTX_TRY_NUMBER='1' AIRFLOW_CTX_DAG_RUN_ID='scheduled__2023-12-01T00:00:00+00:00'
[2023-12-08T18:06:05.553+0000] {sql.py:274} INFO - Executing: -- params: table_name, dimension_col, data_type

-- Step 1: Extract Unique Values
CREATE TEMPORARY TABLE unique_values_PROPERTYFRACTION AS
SELECT DISTINCT PROPERTYFRACTION FROM allegheny_co_property_sale_transactions;

-- Step 2: Create Dimension Table
DROP TABLE IF EXISTS dimension_table_PROPERTYFRACTION;
CREATE TABLE dimension_table_PROPERTYFRACTION (
    id SERIAL PRIMARY KEY,
    PROPERTYFRACTION VARCHAR
);

-- Step 3: Insert unique values into dimension table
INSERT INTO dimension_table_PROPERTYFRACTION (PROPERTYFRACTION)
SELECT * FROM unique_values_PROPERTYFRACTION;
[2023-12-08T18:06:05.569+0000] {base.py:73} INFO - Using connection ID 'postgres_conn' for task execution.
[2023-12-08T18:06:05.588+0000] {base.py:73} INFO - Using connection ID 'postgres_conn' for task execution.
[2023-12-08T18:06:05.603+0000] {sql.py:418} INFO - Running statement: -- params: table_name, dimension_col, data_type

-- Step 1: Extract Unique Values
CREATE TEMPORARY TABLE unique_values_PROPERTYFRACTION AS
SELECT DISTINCT PROPERTYFRACTION FROM allegheny_co_property_sale_transactions;

-- Step 2: Create Dimension Table
DROP TABLE IF EXISTS dimension_table_PROPERTYFRACTION;
CREATE TABLE dimension_table_PROPERTYFRACTION (
    id SERIAL PRIMARY KEY,
    PROPERTYFRACTION VARCHAR
);

-- Step 3: Insert unique values into dimension table
INSERT INTO dimension_table_PROPERTYFRACTION (PROPERTYFRACTION)
SELECT * FROM unique_values_PROPERTYFRACTION;, parameters: None
[2023-12-08T18:06:05.763+0000] {sql.py:427} INFO - Rows affected: 1519
[2023-12-08T18:06:05.787+0000] {taskinstance.py:1400} INFO - Marking task as SUCCESS. dag_id=Allegheny_Co_Property_Sale_Transactions-v01.create_dim_tables, task_id=create_dim_PROPERTYFRACTION_table, execution_date=20231201T000000, start_date=20231208T180605, end_date=20231208T180605
[2023-12-08T18:06:05.812+0000] {local_task_job_runner.py:228} INFO - Task exited with return code 0
[2023-12-08T18:06:05.877+0000] {taskinstance.py:2778} INFO - 0 downstream tasks scheduled from follow-on schedule check
