[2023-12-19T04:46:20.339+0000] {taskinstance.py:1159} INFO - Dependencies all met for dep_context=non-requeueable deps ti=<TaskInstance: Automobile_Insurance-v01.insert_fk_into_fact_table.insert_fk_col_in_fact_table_policy_csl scheduled__2023-12-01T00:00:00+00:00 [queued]>
[2023-12-19T04:46:20.357+0000] {taskinstance.py:1159} INFO - Dependencies all met for dep_context=requeueable deps ti=<TaskInstance: Automobile_Insurance-v01.insert_fk_into_fact_table.insert_fk_col_in_fact_table_policy_csl scheduled__2023-12-01T00:00:00+00:00 [queued]>
[2023-12-19T04:46:20.358+0000] {taskinstance.py:1361} INFO - Starting attempt 1 of 6
[2023-12-19T04:46:20.380+0000] {taskinstance.py:1382} INFO - Executing <Task(PostgresOperator): insert_fk_col_in_fact_table_policy_csl> on 2023-12-01 00:00:00+00:00
[2023-12-19T04:46:20.392+0000] {standard_task_runner.py:57} INFO - Started process 1264 to run task
[2023-12-19T04:46:20.396+0000] {standard_task_runner.py:84} INFO - Running: ['***', 'tasks', 'run', 'Automobile_Insurance-v01.insert_fk_into_fact_table', 'insert_fk_col_in_fact_table_policy_csl', 'scheduled__2023-12-01T00:00:00+00:00', '--job-id', '45', '--raw', '--subdir', 'DAGS_FOLDER/Automobile Insurance.py', '--cfg-path', '/tmp/tmp66n_xc9h']
[2023-12-19T04:46:20.422+0000] {standard_task_runner.py:85} INFO - Job 45: Subtask insert_fk_col_in_fact_table_policy_csl
[2023-12-19T04:46:20.549+0000] {task_command.py:416} INFO - Running <TaskInstance: Automobile_Insurance-v01.insert_fk_into_fact_table.insert_fk_col_in_fact_table_policy_csl scheduled__2023-12-01T00:00:00+00:00 [running]> on host 07f4bc2fb49b
[2023-12-19T04:46:20.775+0000] {taskinstance.py:1662} INFO - Exporting env vars: AIRFLOW_CTX_DAG_OWNER='dunnbc22' AIRFLOW_CTX_DAG_ID='Automobile_Insurance-v01.insert_fk_into_fact_table' AIRFLOW_CTX_TASK_ID='insert_fk_col_in_fact_table_policy_csl' AIRFLOW_CTX_EXECUTION_DATE='2023-12-01T00:00:00+00:00' AIRFLOW_CTX_TRY_NUMBER='1' AIRFLOW_CTX_DAG_RUN_ID='scheduled__2023-12-01T00:00:00+00:00'
[2023-12-19T04:46:20.778+0000] {sql.py:274} INFO - Executing: -- params: table_name, dimension_col

/*
Steps 1-3 were completed in the create_dim_table.sql 
file & associated PostgresOperator
*/


-- Step 4: Add foreign key column to fact table
ALTER TABLE automobile_insurance
ADD COLUMN policy_csl_id INTEGER;

-- Step 4: Update foreign key column to fact table with 
-- appropriate id (that matches with dim table)
UPDATE automobile_insurance
SET policy_csl_id = dimension_table_policy_csl.id
FROM dimension_table_policy_csl
WHERE COALESCE(automobile_insurance.policy_csl::text, '') = COALESCE(dimension_table_policy_csl.policy_csl::text, '');
[2023-12-19T04:46:20.815+0000] {base.py:73} INFO - Using connection ID 'postgres_conn' for task execution.
[2023-12-19T04:46:20.888+0000] {base.py:73} INFO - Using connection ID 'postgres_conn' for task execution.
[2023-12-19T04:46:20.913+0000] {sql.py:418} INFO - Running statement: -- params: table_name, dimension_col

/*
Steps 1-3 were completed in the create_dim_table.sql 
file & associated PostgresOperator
*/


-- Step 4: Add foreign key column to fact table
ALTER TABLE automobile_insurance
ADD COLUMN policy_csl_id INTEGER;

-- Step 4: Update foreign key column to fact table with 
-- appropriate id (that matches with dim table)
UPDATE automobile_insurance
SET policy_csl_id = dimension_table_policy_csl.id
FROM dimension_table_policy_csl
WHERE COALESCE(automobile_insurance.policy_csl::text, '') = COALESCE(dimension_table_policy_csl.policy_csl::text, '');, parameters: None
[2023-12-19T04:46:20.933+0000] {sql.py:427} INFO - Rows affected: 1000
[2023-12-19T04:46:20.962+0000] {taskinstance.py:1400} INFO - Marking task as SUCCESS. dag_id=Automobile_Insurance-v01.insert_fk_into_fact_table, task_id=insert_fk_col_in_fact_table_policy_csl, execution_date=20231201T000000, start_date=20231219T044620, end_date=20231219T044620
[2023-12-19T04:46:21.007+0000] {local_task_job_runner.py:228} INFO - Task exited with return code 0
[2023-12-19T04:46:21.155+0000] {taskinstance.py:2778} INFO - 0 downstream tasks scheduled from follow-on schedule check
