[2023-12-12T22:50:03.410+0000] {taskinstance.py:1159} INFO - Dependencies all met for dep_context=non-requeueable deps ti=<TaskInstance: Cyclistic_Summary_Data-v01.insert_fk_into_fact_table.insert_fk_col_in_fact_table_borough_end scheduled__2023-12-01T00:00:00+00:00 [queued]>
[2023-12-12T22:50:03.417+0000] {taskinstance.py:1159} INFO - Dependencies all met for dep_context=requeueable deps ti=<TaskInstance: Cyclistic_Summary_Data-v01.insert_fk_into_fact_table.insert_fk_col_in_fact_table_borough_end scheduled__2023-12-01T00:00:00+00:00 [queued]>
[2023-12-12T22:50:03.418+0000] {taskinstance.py:1361} INFO - Starting attempt 1 of 6
[2023-12-12T22:50:03.429+0000] {taskinstance.py:1382} INFO - Executing <Task(PostgresOperator): insert_fk_col_in_fact_table_borough_end> on 2023-12-01 00:00:00+00:00
[2023-12-12T22:50:03.433+0000] {standard_task_runner.py:57} INFO - Started process 1595 to run task
[2023-12-12T22:50:03.435+0000] {standard_task_runner.py:84} INFO - Running: ['***', 'tasks', 'run', 'Cyclistic_Summary_Data-v01.insert_fk_into_fact_table', 'insert_fk_col_in_fact_table_borough_end', 'scheduled__2023-12-01T00:00:00+00:00', '--job-id', '22', '--raw', '--subdir', 'DAGS_FOLDER/Cyclistic_All_Year_Summary.py', '--cfg-path', '/tmp/tmp9n_d8ebf']
[2023-12-12T22:50:03.438+0000] {standard_task_runner.py:85} INFO - Job 22: Subtask insert_fk_col_in_fact_table_borough_end
[2023-12-12T22:50:03.485+0000] {task_command.py:416} INFO - Running <TaskInstance: Cyclistic_Summary_Data-v01.insert_fk_into_fact_table.insert_fk_col_in_fact_table_borough_end scheduled__2023-12-01T00:00:00+00:00 [running]> on host 858cc19b7838
[2023-12-12T22:50:03.545+0000] {taskinstance.py:1662} INFO - Exporting env vars: AIRFLOW_CTX_DAG_OWNER='dunnbc22' AIRFLOW_CTX_DAG_ID='Cyclistic_Summary_Data-v01.insert_fk_into_fact_table' AIRFLOW_CTX_TASK_ID='insert_fk_col_in_fact_table_borough_end' AIRFLOW_CTX_EXECUTION_DATE='2023-12-01T00:00:00+00:00' AIRFLOW_CTX_TRY_NUMBER='1' AIRFLOW_CTX_DAG_RUN_ID='scheduled__2023-12-01T00:00:00+00:00'
[2023-12-12T22:50:03.547+0000] {sql.py:274} INFO - Executing: -- params: table_name, dimension_col

/*
Steps 1-3 were completed in the create_dim_table.sql 
file & associated PostgresOperator
*/


-- Step 4: Add foreign key column to fact table
ALTER TABLE cyclistic_summary_data_pipe
ADD COLUMN borough_end_id INTEGER;

-- Step 4: Update foreign key column to fact table with 
-- appropriate id (that matches with dim table)
UPDATE cyclistic_summary_data_pipe
SET borough_end_id = dimension_table_borough_end.id
FROM dimension_table_borough_end
WHERE COALESCE(cyclistic_summary_data_pipe.borough_end::text, '') = COALESCE(dimension_table_borough_end.borough_end::text, '');
[2023-12-12T22:50:03.555+0000] {base.py:73} INFO - Using connection ID 'postgres_conn' for task execution.
[2023-12-12T22:50:03.565+0000] {base.py:73} INFO - Using connection ID 'postgres_conn' for task execution.
[2023-12-12T22:50:03.574+0000] {sql.py:418} INFO - Running statement: -- params: table_name, dimension_col

/*
Steps 1-3 were completed in the create_dim_table.sql 
file & associated PostgresOperator
*/


-- Step 4: Add foreign key column to fact table
ALTER TABLE cyclistic_summary_data_pipe
ADD COLUMN borough_end_id INTEGER;

-- Step 4: Update foreign key column to fact table with 
-- appropriate id (that matches with dim table)
UPDATE cyclistic_summary_data_pipe
SET borough_end_id = dimension_table_borough_end.id
FROM dimension_table_borough_end
WHERE COALESCE(cyclistic_summary_data_pipe.borough_end::text, '') = COALESCE(dimension_table_borough_end.borough_end::text, '');, parameters: None
[2023-12-12T22:51:07.660+0000] {sql.py:427} INFO - Rows affected: 2166332
[2023-12-12T22:51:07.680+0000] {taskinstance.py:1400} INFO - Marking task as SUCCESS. dag_id=Cyclistic_Summary_Data-v01.insert_fk_into_fact_table, task_id=insert_fk_col_in_fact_table_borough_end, execution_date=20231201T000000, start_date=20231212T225003, end_date=20231212T225107
[2023-12-12T22:51:07.718+0000] {local_task_job_runner.py:228} INFO - Task exited with return code 0
[2023-12-12T22:51:07.735+0000] {taskinstance.py:2778} INFO - 0 downstream tasks scheduled from follow-on schedule check
