[2023-12-11T19:30:29.930+0000] {taskinstance.py:1159} INFO - Dependencies all met for dep_context=non-requeueable deps ti=<TaskInstance: house_price_prediction-v01.insert_fk_into_fact_table.insert_fk_col_in_fact_table_Area_Type scheduled__2023-12-01T00:00:00+00:00 [queued]>
[2023-12-11T19:30:29.945+0000] {taskinstance.py:1159} INFO - Dependencies all met for dep_context=requeueable deps ti=<TaskInstance: house_price_prediction-v01.insert_fk_into_fact_table.insert_fk_col_in_fact_table_Area_Type scheduled__2023-12-01T00:00:00+00:00 [queued]>
[2023-12-11T19:30:29.947+0000] {taskinstance.py:1361} INFO - Starting attempt 1 of 6
[2023-12-11T19:30:29.970+0000] {taskinstance.py:1382} INFO - Executing <Task(PostgresOperator): insert_fk_col_in_fact_table_Area_Type> on 2023-12-01 00:00:00+00:00
[2023-12-11T19:30:29.984+0000] {standard_task_runner.py:57} INFO - Started process 732 to run task
[2023-12-11T19:30:29.990+0000] {standard_task_runner.py:84} INFO - Running: ['***', 'tasks', 'run', 'house_price_prediction-v01.insert_fk_into_fact_table', 'insert_fk_col_in_fact_table_Area_Type', 'scheduled__2023-12-01T00:00:00+00:00', '--job-id', '30', '--raw', '--subdir', 'DAGS_FOLDER/House Price Prediction.py', '--cfg-path', '/tmp/tmpt9b16b8w']
[2023-12-11T19:30:29.997+0000] {standard_task_runner.py:85} INFO - Job 30: Subtask insert_fk_col_in_fact_table_Area_Type
[2023-12-11T19:30:30.184+0000] {task_command.py:416} INFO - Running <TaskInstance: house_price_prediction-v01.insert_fk_into_fact_table.insert_fk_col_in_fact_table_Area_Type scheduled__2023-12-01T00:00:00+00:00 [running]> on host 10d408a63f6e
[2023-12-11T19:30:30.474+0000] {taskinstance.py:1662} INFO - Exporting env vars: AIRFLOW_CTX_DAG_OWNER='dunnbc22' AIRFLOW_CTX_DAG_ID='house_price_prediction-v01.insert_fk_into_fact_table' AIRFLOW_CTX_TASK_ID='insert_fk_col_in_fact_table_Area_Type' AIRFLOW_CTX_EXECUTION_DATE='2023-12-01T00:00:00+00:00' AIRFLOW_CTX_TRY_NUMBER='1' AIRFLOW_CTX_DAG_RUN_ID='scheduled__2023-12-01T00:00:00+00:00'
[2023-12-11T19:30:30.485+0000] {sql.py:274} INFO - Executing: -- params: table_name, dimension_col

/*
Steps 1-3 were completed in the create_dim_table.sql 
file & associated PostgresOperator
*/


-- Step 4: Add foreign key column to fact table
ALTER TABLE house_price_pred_pipe
ADD COLUMN Area_Type_id INTEGER;

-- Step 4: Update foreign key column to fact table with 
-- appropriate id (that matches with dim table)
UPDATE house_price_pred_pipe
SET Area_Type_id = dimension_table_Area_Type.id
FROM dimension_table_Area_Type
WHERE COALESCE(house_price_pred_pipe.Area_Type::text, '') = COALESCE(dimension_table_Area_Type.Area_Type::text, '');
[2023-12-11T19:30:30.504+0000] {base.py:73} INFO - Using connection ID 'postgres_conn' for task execution.
[2023-12-11T19:30:30.528+0000] {base.py:73} INFO - Using connection ID 'postgres_conn' for task execution.
[2023-12-11T19:30:30.574+0000] {sql.py:418} INFO - Running statement: -- params: table_name, dimension_col

/*
Steps 1-3 were completed in the create_dim_table.sql 
file & associated PostgresOperator
*/


-- Step 4: Add foreign key column to fact table
ALTER TABLE house_price_pred_pipe
ADD COLUMN Area_Type_id INTEGER;

-- Step 4: Update foreign key column to fact table with 
-- appropriate id (that matches with dim table)
UPDATE house_price_pred_pipe
SET Area_Type_id = dimension_table_Area_Type.id
FROM dimension_table_Area_Type
WHERE COALESCE(house_price_pred_pipe.Area_Type::text, '') = COALESCE(dimension_table_Area_Type.Area_Type::text, '');, parameters: None
[2023-12-11T19:30:33.119+0000] {sql.py:427} INFO - Rows affected: 162004
[2023-12-11T19:30:33.144+0000] {taskinstance.py:1400} INFO - Marking task as SUCCESS. dag_id=house_price_prediction-v01.insert_fk_into_fact_table, task_id=insert_fk_col_in_fact_table_Area_Type, execution_date=20231201T000000, start_date=20231211T193029, end_date=20231211T193033
[2023-12-11T19:30:33.200+0000] {local_task_job_runner.py:228} INFO - Task exited with return code 0
[2023-12-11T19:30:33.233+0000] {taskinstance.py:2778} INFO - 0 downstream tasks scheduled from follow-on schedule check
