[2023-12-09T21:36:55.244+0000] {taskinstance.py:1159} INFO - Dependencies all met for dep_context=non-requeueable deps ti=<TaskInstance: consumer_behavior_and_shopping_habits_trends-v01.remove_unnecessary_columns.remove_unnecessary_columns.remove_CustomerID_col scheduled__2023-11-09T00:00:00+00:00 [queued]>
[2023-12-09T21:36:55.248+0000] {taskinstance.py:1159} INFO - Dependencies all met for dep_context=requeueable deps ti=<TaskInstance: consumer_behavior_and_shopping_habits_trends-v01.remove_unnecessary_columns.remove_unnecessary_columns.remove_CustomerID_col scheduled__2023-11-09T00:00:00+00:00 [queued]>
[2023-12-09T21:36:55.248+0000] {taskinstance.py:1361} INFO - Starting attempt 1 of 6
[2023-12-09T21:36:55.254+0000] {taskinstance.py:1382} INFO - Executing <Task(PostgresOperator): remove_unnecessary_columns.remove_CustomerID_col> on 2023-11-09 00:00:00+00:00
[2023-12-09T21:36:55.257+0000] {standard_task_runner.py:57} INFO - Started process 511 to run task
[2023-12-09T21:36:55.260+0000] {standard_task_runner.py:84} INFO - Running: ['***', 'tasks', 'run', 'consumer_behavior_and_shopping_habits_trends-v01.remove_unnecessary_columns', 'remove_unnecessary_columns.remove_CustomerID_col', 'scheduled__2023-11-09T00:00:00+00:00', '--job-id', '5', '--raw', '--subdir', 'DAGS_FOLDER/Consumer Behavior & Shopping Habits Trends.py', '--cfg-path', '/tmp/tmppr2d6fxr']
[2023-12-09T21:36:55.262+0000] {standard_task_runner.py:85} INFO - Job 5: Subtask remove_unnecessary_columns.remove_CustomerID_col
[2023-12-09T21:36:55.303+0000] {task_command.py:416} INFO - Running <TaskInstance: consumer_behavior_and_shopping_habits_trends-v01.remove_unnecessary_columns.remove_unnecessary_columns.remove_CustomerID_col scheduled__2023-11-09T00:00:00+00:00 [running]> on host e19f9af04035
[2023-12-09T21:36:55.351+0000] {taskinstance.py:1662} INFO - Exporting env vars: AIRFLOW_CTX_DAG_OWNER='dunnbc22' AIRFLOW_CTX_DAG_ID='consumer_behavior_and_shopping_habits_trends-v01.remove_unnecessary_columns' AIRFLOW_CTX_TASK_ID='remove_unnecessary_columns.remove_CustomerID_col' AIRFLOW_CTX_EXECUTION_DATE='2023-11-09T00:00:00+00:00' AIRFLOW_CTX_TRY_NUMBER='1' AIRFLOW_CTX_DAG_RUN_ID='scheduled__2023-11-09T00:00:00+00:00'
[2023-12-09T21:36:55.352+0000] {sql.py:274} INFO - Executing: -- table_name, column_name
ALTER TABLE consumer_behavior_shop_habits_trends
DROP COLUMN CustomerID;
[2023-12-09T21:36:55.358+0000] {base.py:73} INFO - Using connection ID 'postgres_conn' for task execution.
[2023-12-09T21:36:55.364+0000] {base.py:73} INFO - Using connection ID 'postgres_conn' for task execution.
[2023-12-09T21:36:55.374+0000] {sql.py:418} INFO - Running statement: -- table_name, column_name
ALTER TABLE consumer_behavior_shop_habits_trends
DROP COLUMN CustomerID;, parameters: None
[2023-12-09T21:36:55.383+0000] {taskinstance.py:1400} INFO - Marking task as SUCCESS. dag_id=consumer_behavior_and_shopping_habits_trends-v01.remove_unnecessary_columns, task_id=remove_unnecessary_columns.remove_CustomerID_col, execution_date=20231109T000000, start_date=20231209T213655, end_date=20231209T213655
[2023-12-09T21:36:55.396+0000] {local_task_job_runner.py:228} INFO - Task exited with return code 0
[2023-12-09T21:36:55.415+0000] {taskinstance.py:2778} INFO - 0 downstream tasks scheduled from follow-on schedule check
