[2023-12-11T20:50:16.319+0000] {taskinstance.py:1159} INFO - Dependencies all met for dep_context=non-requeueable deps ti=<TaskInstance: Insurance_Prod_Purchase_Pred-v01.remove_samples_with_outliers scheduled__2023-12-01T00:00:00+00:00 [queued]>
[2023-12-11T20:50:16.323+0000] {taskinstance.py:1159} INFO - Dependencies all met for dep_context=requeueable deps ti=<TaskInstance: Insurance_Prod_Purchase_Pred-v01.remove_samples_with_outliers scheduled__2023-12-01T00:00:00+00:00 [queued]>
[2023-12-11T20:50:16.323+0000] {taskinstance.py:1361} INFO - Starting attempt 1 of 6
[2023-12-11T20:50:16.330+0000] {taskinstance.py:1382} INFO - Executing <Task(SubDagOperator): remove_samples_with_outliers> on 2023-12-01 00:00:00+00:00
[2023-12-11T20:50:16.334+0000] {standard_task_runner.py:57} INFO - Started process 1139 to run task
[2023-12-11T20:50:16.338+0000] {standard_task_runner.py:84} INFO - Running: ['***', 'tasks', 'run', 'Insurance_Prod_Purchase_Pred-v01', 'remove_samples_with_outliers', 'scheduled__2023-12-01T00:00:00+00:00', '--job-id', '11', '--raw', '--subdir', 'DAGS_FOLDER/Insurance_Product_Purchase_Pred.py', '--cfg-path', '/tmp/tmp97lif5oh']
[2023-12-11T20:50:16.341+0000] {standard_task_runner.py:85} INFO - Job 11: Subtask remove_samples_with_outliers
[2023-12-11T20:50:16.375+0000] {task_command.py:416} INFO - Running <TaskInstance: Insurance_Prod_Purchase_Pred-v01.remove_samples_with_outliers scheduled__2023-12-01T00:00:00+00:00 [running]> on host 290fb0bf7dfd
[2023-12-11T20:50:16.419+0000] {taskinstance.py:1662} INFO - Exporting env vars: AIRFLOW_CTX_DAG_OWNER='dunnbc22' AIRFLOW_CTX_DAG_ID='Insurance_Prod_Purchase_Pred-v01' AIRFLOW_CTX_TASK_ID='remove_samples_with_outliers' AIRFLOW_CTX_EXECUTION_DATE='2023-12-01T00:00:00+00:00' AIRFLOW_CTX_TRY_NUMBER='1' AIRFLOW_CTX_DAG_RUN_ID='scheduled__2023-12-01T00:00:00+00:00'
[2023-12-11T20:50:16.423+0000] {logging_mixin.py:154} WARNING - /home/***/.local/lib/python3.8/site-packages/***/utils/context.py:206 AirflowContextDeprecationWarning: Accessing 'execution_date' from the template is deprecated and will be removed in a future version. Please use 'data_interval_start' or 'logical_date' instead.
[2023-12-11T20:50:16.442+0000] {subdag.py:172} INFO - Created DagRun: scheduled__2023-12-01T00:00:00+00:00
[2023-12-11T20:51:16.530+0000] {base.py:287} INFO - Success criteria met. Exiting.
[2023-12-11T20:51:16.548+0000] {subdag.py:187} INFO - Execution finished. State is success
[2023-12-11T20:51:16.562+0000] {taskinstance.py:1400} INFO - Marking task as SUCCESS. dag_id=Insurance_Prod_Purchase_Pred-v01, task_id=remove_samples_with_outliers, execution_date=20231201T000000, start_date=20231211T205016, end_date=20231211T205116
[2023-12-11T20:51:16.605+0000] {local_task_job_runner.py:228} INFO - Task exited with return code 0
[2023-12-11T20:51:16.626+0000] {taskinstance.py:2778} INFO - 0 downstream tasks scheduled from follow-on schedule check
[2023-12-11T20:57:33.101+0000] {taskinstance.py:1159} INFO - Dependencies all met for dep_context=non-requeueable deps ti=<TaskInstance: Insurance_Prod_Purchase_Pred-v01.remove_samples_with_outliers scheduled__2023-12-01T00:00:00+00:00 [queued]>
[2023-12-11T20:57:33.105+0000] {taskinstance.py:1159} INFO - Dependencies all met for dep_context=requeueable deps ti=<TaskInstance: Insurance_Prod_Purchase_Pred-v01.remove_samples_with_outliers scheduled__2023-12-01T00:00:00+00:00 [queued]>
[2023-12-11T20:57:33.106+0000] {taskinstance.py:1361} INFO - Starting attempt 1 of 6
[2023-12-11T20:57:33.111+0000] {taskinstance.py:1382} INFO - Executing <Task(SubDagOperator): remove_samples_with_outliers> on 2023-12-01 00:00:00+00:00
[2023-12-11T20:57:33.114+0000] {standard_task_runner.py:57} INFO - Started process 1726 to run task
[2023-12-11T20:57:33.116+0000] {standard_task_runner.py:84} INFO - Running: ['***', 'tasks', 'run', 'Insurance_Prod_Purchase_Pred-v01', 'remove_samples_with_outliers', 'scheduled__2023-12-01T00:00:00+00:00', '--job-id', '27', '--raw', '--subdir', 'DAGS_FOLDER/Insurance_Product_Purchase_Pred.py', '--cfg-path', '/tmp/tmp905qt5fh']
[2023-12-11T20:57:33.118+0000] {standard_task_runner.py:85} INFO - Job 27: Subtask remove_samples_with_outliers
[2023-12-11T20:57:33.146+0000] {task_command.py:416} INFO - Running <TaskInstance: Insurance_Prod_Purchase_Pred-v01.remove_samples_with_outliers scheduled__2023-12-01T00:00:00+00:00 [running]> on host 290fb0bf7dfd
[2023-12-11T20:57:33.185+0000] {taskinstance.py:1662} INFO - Exporting env vars: AIRFLOW_CTX_DAG_OWNER='dunnbc22' AIRFLOW_CTX_DAG_ID='Insurance_Prod_Purchase_Pred-v01' AIRFLOW_CTX_TASK_ID='remove_samples_with_outliers' AIRFLOW_CTX_EXECUTION_DATE='2023-12-01T00:00:00+00:00' AIRFLOW_CTX_TRY_NUMBER='1' AIRFLOW_CTX_DAG_RUN_ID='scheduled__2023-12-01T00:00:00+00:00'
[2023-12-11T20:57:33.188+0000] {logging_mixin.py:154} WARNING - /home/***/.local/lib/python3.8/site-packages/***/utils/context.py:206 AirflowContextDeprecationWarning: Accessing 'execution_date' from the template is deprecated and will be removed in a future version. Please use 'data_interval_start' or 'logical_date' instead.
[2023-12-11T20:57:33.194+0000] {subdag.py:174} INFO - Found existing DagRun: scheduled__2023-12-01T00:00:00+00:00
[2023-12-11T20:57:33.199+0000] {base.py:287} INFO - Success criteria met. Exiting.
[2023-12-11T20:57:33.204+0000] {subdag.py:187} INFO - Execution finished. State is success
[2023-12-11T20:57:33.210+0000] {taskinstance.py:1400} INFO - Marking task as SUCCESS. dag_id=Insurance_Prod_Purchase_Pred-v01, task_id=remove_samples_with_outliers, execution_date=20231201T000000, start_date=20231211T205733, end_date=20231211T205733
[2023-12-11T20:57:33.256+0000] {local_task_job_runner.py:228} INFO - Task exited with return code 0
[2023-12-11T20:57:33.281+0000] {taskinstance.py:2778} INFO - 1 downstream tasks scheduled from follow-on schedule check
