[2023-12-21T16:49:55.119+0000] {taskinstance.py:1159} INFO - Dependencies all met for dep_context=non-requeueable deps ti=<TaskInstance: Indicators_of_Heart_Disease_2022-v01.remove_samples_with_nulls.remove_samples_with_nulls.remove_SleepHours_col scheduled__2023-12-01T00:00:00+00:00 [queued]>
[2023-12-21T16:49:55.134+0000] {taskinstance.py:1159} INFO - Dependencies all met for dep_context=requeueable deps ti=<TaskInstance: Indicators_of_Heart_Disease_2022-v01.remove_samples_with_nulls.remove_samples_with_nulls.remove_SleepHours_col scheduled__2023-12-01T00:00:00+00:00 [queued]>
[2023-12-21T16:49:55.135+0000] {taskinstance.py:1361} INFO - Starting attempt 1 of 6
[2023-12-21T16:49:55.165+0000] {taskinstance.py:1382} INFO - Executing <Task(PostgresOperator): remove_samples_with_nulls.remove_SleepHours_col> on 2023-12-01 00:00:00+00:00
[2023-12-21T16:49:55.185+0000] {standard_task_runner.py:57} INFO - Started process 527 to run task
[2023-12-21T16:49:55.194+0000] {standard_task_runner.py:84} INFO - Running: ['***', 'tasks', 'run', 'Indicators_of_Heart_Disease_2022-v01.remove_samples_with_nulls', 'remove_samples_with_nulls.remove_SleepHours_col', 'scheduled__2023-12-01T00:00:00+00:00', '--job-id', '15', '--raw', '--subdir', 'DAGS_FOLDER/Indicators_of_Heart_Disease_2022.py', '--cfg-path', '/tmp/tmpndfhgx4b']
[2023-12-21T16:49:55.200+0000] {standard_task_runner.py:85} INFO - Job 15: Subtask remove_samples_with_nulls.remove_SleepHours_col
[2023-12-21T16:49:55.290+0000] {task_command.py:416} INFO - Running <TaskInstance: Indicators_of_Heart_Disease_2022-v01.remove_samples_with_nulls.remove_samples_with_nulls.remove_SleepHours_col scheduled__2023-12-01T00:00:00+00:00 [running]> on host 8e01071a5eb3
[2023-12-21T16:49:55.469+0000] {taskinstance.py:1662} INFO - Exporting env vars: AIRFLOW_CTX_DAG_OWNER='dunnbc22' AIRFLOW_CTX_DAG_ID='Indicators_of_Heart_Disease_2022-v01.remove_samples_with_nulls' AIRFLOW_CTX_TASK_ID='remove_samples_with_nulls.remove_SleepHours_col' AIRFLOW_CTX_EXECUTION_DATE='2023-12-01T00:00:00+00:00' AIRFLOW_CTX_TRY_NUMBER='1' AIRFLOW_CTX_DAG_RUN_ID='scheduled__2023-12-01T00:00:00+00:00'
[2023-12-21T16:49:55.477+0000] {sql.py:274} INFO - Executing: -- params: table_name, column_name
DELETE FROM indicators_of_heart_disease_2022_pipe
WHERE SleepHours is NULL;
[2023-12-21T16:49:55.502+0000] {base.py:73} INFO - Using connection ID 'postgres_conn' for task execution.
[2023-12-21T16:49:55.514+0000] {base.py:73} INFO - Using connection ID 'postgres_conn' for task execution.
[2023-12-21T16:49:55.526+0000] {sql.py:418} INFO - Running statement: -- params: table_name, column_name
DELETE FROM indicators_of_heart_disease_2022_pipe
WHERE SleepHours is NULL;, parameters: None
[2023-12-21T16:50:01.918+0000] {taskinstance.py:1937} ERROR - Task failed with exception
Traceback (most recent call last):
  File "/home/airflow/.local/lib/python3.8/site-packages/airflow/providers/common/sql/operators/sql.py", line 280, in execute
    output = hook.run(
  File "/home/airflow/.local/lib/python3.8/site-packages/airflow/providers/common/sql/hooks/sql.py", line 392, in run
    self._run_command(cur, sql_statement, parameters)
  File "/home/airflow/.local/lib/python3.8/site-packages/airflow/providers/common/sql/hooks/sql.py", line 423, in _run_command
    cur.execute(sql_statement)
psycopg2.errors.DeadlockDetected: deadlock detected
DETAIL:  Process 73962 waits for ShareLock on transaction 1141731; blocked by process 73966.
Process 73966 waits for ShareLock on transaction 1141729; blocked by process 73964.
Process 73964 waits for AccessExclusiveLock on tuple (4840,15) of relation 101237 of database 25886; blocked by process 73963.
Process 73963 waits for ShareLock on transaction 1141727; blocked by process 73962.
HINT:  See server log for query details.
CONTEXT:  while deleting tuple (5146,7) in relation "indicators_of_heart_disease_2022_pipe"

[2023-12-21T16:50:01.934+0000] {taskinstance.py:1400} INFO - Marking task as UP_FOR_RETRY. dag_id=Indicators_of_Heart_Disease_2022-v01.remove_samples_with_nulls, task_id=remove_samples_with_nulls.remove_SleepHours_col, execution_date=20231201T000000, start_date=20231221T164955, end_date=20231221T165001
[2023-12-21T16:50:01.946+0000] {standard_task_runner.py:104} ERROR - Failed to execute job 15 for task remove_samples_with_nulls.remove_SleepHours_col (deadlock detected
DETAIL:  Process 73962 waits for ShareLock on transaction 1141731; blocked by process 73966.
Process 73966 waits for ShareLock on transaction 1141729; blocked by process 73964.
Process 73964 waits for AccessExclusiveLock on tuple (4840,15) of relation 101237 of database 25886; blocked by process 73963.
Process 73963 waits for ShareLock on transaction 1141727; blocked by process 73962.
HINT:  See server log for query details.
CONTEXT:  while deleting tuple (5146,7) in relation "indicators_of_heart_disease_2022_pipe"
; 527)
[2023-12-21T16:50:01.955+0000] {local_task_job_runner.py:228} INFO - Task exited with return code 1
[2023-12-21T16:50:01.990+0000] {taskinstance.py:2778} INFO - 0 downstream tasks scheduled from follow-on schedule check
