[2023-12-20T01:50:16.561+0000] {manager.py:487} INFO - Processing files using up to 2 processes at a time 
[2023-12-20T01:50:16.562+0000] {manager.py:488} INFO - Process each file at most once every 30 seconds
[2023-12-20T01:50:16.562+0000] {manager.py:489} INFO - Checking for new files in /opt/airflow/dags every 300 seconds
[2023-12-20T01:50:16.563+0000] {manager.py:755} INFO - Searching for files in /opt/airflow/dags
[2023-12-20T01:50:16.570+0000] {manager.py:758} INFO - There are 3 files in /opt/airflow/dags
[2023-12-20T01:50:16.661+0000] {manager.py:887} INFO - 
================================================================================
DAG File Processing Stats

File Path                                               PID  Runtime      # DAGs    # Errors  Last Runtime    Last Run
----------------------------------------------------  -----  ---------  --------  ----------  --------------  ----------
/opt/airflow/dags/sub_dag_remove_multiple_columns.py    171  0.03s             0           0
/opt/airflow/dags/Caravan Insurance Challenge.py        168  0.03s             0           0
/opt/airflow/dags/remove_single_value_columns.py                               0           0
================================================================================
[2023-12-20T01:50:46.928+0000] {manager.py:887} INFO - 
================================================================================
DAG File Processing Stats

File Path                                               PID  Runtime      # DAGs    # Errors  Last Runtime    Last Run
----------------------------------------------------  -----  ---------  --------  ----------  --------------  -------------------
/opt/airflow/dags/sub_dag_remove_multiple_columns.py    193  0.01s             0           0  0.04s           2023-12-20T01:50:16
/opt/airflow/dags/Caravan Insurance Challenge.py        190  0.01s             0           1  0.06s           2023-12-20T01:50:16
/opt/airflow/dags/remove_single_value_columns.py                               0           1  0.06s           2023-12-20T01:50:16
================================================================================
[2023-12-20T01:51:17.233+0000] {manager.py:887} INFO - 
================================================================================
DAG File Processing Stats

File Path                                               PID  Runtime      # DAGs    # Errors  Last Runtime    Last Run
----------------------------------------------------  -----  ---------  --------  ----------  --------------  -------------------
/opt/airflow/dags/sub_dag_remove_multiple_columns.py    215  0.00s             0           0  0.04s           2023-12-20T01:50:46
/opt/airflow/dags/Caravan Insurance Challenge.py        212  0.02s             0           1  0.06s           2023-12-20T01:50:46
/opt/airflow/dags/remove_single_value_columns.py                               0           1  0.03s           2023-12-20T01:50:47
================================================================================
[2023-12-20T01:51:47.542+0000] {manager.py:887} INFO - 
================================================================================
DAG File Processing Stats

File Path                                               PID  Runtime      # DAGs    # Errors  Last Runtime    Last Run
----------------------------------------------------  -----  ---------  --------  ----------  --------------  -------------------
/opt/airflow/dags/sub_dag_remove_multiple_columns.py    241  0.01s             0           0  0.04s           2023-12-20T01:51:17
/opt/airflow/dags/Caravan Insurance Challenge.py        239  0.02s             0           1  0.06s           2023-12-20T01:51:17
/opt/airflow/dags/remove_single_value_columns.py                               0           0  0.03s           2023-12-20T01:51:42
================================================================================
[2023-12-20T01:52:17.828+0000] {manager.py:887} INFO - 
================================================================================
DAG File Processing Stats

File Path                                               PID  Runtime      # DAGs    # Errors  Last Runtime    Last Run
----------------------------------------------------  -----  ---------  --------  ----------  --------------  -------------------
/opt/airflow/dags/sub_dag_remove_multiple_columns.py    262  0.01s             0           0  0.05s           2023-12-20T01:51:47
/opt/airflow/dags/remove_single_value_columns.py                               0           0  0.04s           2023-12-20T01:52:05
/opt/airflow/dags/Caravan Insurance Challenge.py                               3           0  0.87s           2023-12-20T01:51:48
================================================================================
[2023-12-20T01:52:48.123+0000] {manager.py:887} INFO - 
================================================================================
DAG File Processing Stats

File Path                                               PID  Runtime      # DAGs    # Errors  Last Runtime    Last Run
----------------------------------------------------  -----  ---------  --------  ----------  --------------  -------------------
/opt/airflow/dags/sub_dag_remove_multiple_columns.py    285  0.01s             0           0  0.05s           2023-12-20T01:52:17
/opt/airflow/dags/remove_single_value_columns.py                               0           0  0.06s           2023-12-20T01:52:36
/opt/airflow/dags/Caravan Insurance Challenge.py                               3           0  0.33s           2023-12-20T01:52:19
================================================================================
[2023-12-20T01:53:18.448+0000] {manager.py:887} INFO - 
================================================================================
DAG File Processing Stats

File Path                                               PID  Runtime      # DAGs    # Errors  Last Runtime    Last Run
----------------------------------------------------  -----  ---------  --------  ----------  --------------  -------------------
/opt/airflow/dags/sub_dag_remove_multiple_columns.py    311  0.00s             0           0  0.06s           2023-12-20T01:52:48
/opt/airflow/dags/remove_single_value_columns.py                               0           0  0.06s           2023-12-20T01:53:06
/opt/airflow/dags/Caravan Insurance Challenge.py                               3           0  0.31s           2023-12-20T01:52:49
================================================================================
[2023-12-20T01:53:48.788+0000] {manager.py:887} INFO - 
================================================================================
DAG File Processing Stats

File Path                                               PID  Runtime      # DAGs    # Errors  Last Runtime    Last Run
----------------------------------------------------  -----  ---------  --------  ----------  --------------  -------------------
/opt/airflow/dags/sub_dag_remove_multiple_columns.py    334  0.01s             0           0  0.04s           2023-12-20T01:53:18
/opt/airflow/dags/remove_single_value_columns.py                               0           0  0.06s           2023-12-20T01:53:36
/opt/airflow/dags/Caravan Insurance Challenge.py                               3           0  0.31s           2023-12-20T01:53:20
================================================================================
[2023-12-20T01:54:19.107+0000] {manager.py:887} INFO - 
================================================================================
DAG File Processing Stats

File Path                                               PID  Runtime      # DAGs    # Errors  Last Runtime    Last Run
----------------------------------------------------  -----  ---------  --------  ----------  --------------  -------------------
/opt/airflow/dags/sub_dag_remove_multiple_columns.py    359  0.00s             0           0  0.06s           2023-12-20T01:53:48
/opt/airflow/dags/remove_single_value_columns.py                               0           0  0.06s           2023-12-20T01:54:07
/opt/airflow/dags/Caravan Insurance Challenge.py        356  0.01s             3           0  0.30s           2023-12-20T01:53:51
================================================================================
[2023-12-20T01:54:49.431+0000] {manager.py:887} INFO - 
================================================================================
DAG File Processing Stats

File Path                                               PID  Runtime      # DAGs    # Errors  Last Runtime    Last Run
----------------------------------------------------  -----  ---------  --------  ----------  --------------  -------------------
/opt/airflow/dags/sub_dag_remove_multiple_columns.py    379  0.01s             0           0  0.03s           2023-12-20T01:54:19
/opt/airflow/dags/remove_single_value_columns.py                               0           0  0.06s           2023-12-20T01:54:37
/opt/airflow/dags/Caravan Insurance Challenge.py                               3           0  0.41s           2023-12-20T01:54:19
================================================================================
[2023-12-20T01:55:16.976+0000] {manager.py:755} INFO - Searching for files in /opt/airflow/dags
[2023-12-20T01:55:16.997+0000] {manager.py:758} INFO - There are 3 files in /opt/airflow/dags
[2023-12-20T01:55:20.052+0000] {manager.py:887} INFO - 
================================================================================
DAG File Processing Stats

File Path                                               PID  Runtime      # DAGs    # Errors  Last Runtime    Last Run
----------------------------------------------------  -----  ---------  --------  ----------  --------------  -------------------
/opt/airflow/dags/sub_dag_remove_multiple_columns.py    411  0.01s             0           0  0.06s           2023-12-20T01:54:49
/opt/airflow/dags/remove_single_value_columns.py                               0           0  0.04s           2023-12-20T01:55:07
/opt/airflow/dags/Caravan Insurance Challenge.py                               3           0  0.35s           2023-12-20T01:55:03
================================================================================
[2023-12-20T01:55:50.362+0000] {manager.py:887} INFO - 
================================================================================
DAG File Processing Stats

File Path                                               PID  Runtime      # DAGs    # Errors  Last Runtime    Last Run
----------------------------------------------------  -----  ---------  --------  ----------  --------------  -------------------
/opt/airflow/dags/sub_dag_remove_multiple_columns.py    434  0.01s             0           0  0.04s           2023-12-20T01:55:20
/opt/airflow/dags/remove_single_value_columns.py                               0           0  0.05s           2023-12-20T01:55:38
/opt/airflow/dags/Caravan Insurance Challenge.py                               3           0  0.31s           2023-12-20T01:55:34
================================================================================
[2023-12-20T01:56:20.667+0000] {manager.py:887} INFO - 
================================================================================
DAG File Processing Stats

File Path                                               PID  Runtime      # DAGs    # Errors  Last Runtime    Last Run
----------------------------------------------------  -----  ---------  --------  ----------  --------------  -------------------
/opt/airflow/dags/sub_dag_remove_multiple_columns.py    457  0.00s             0           0  0.05s           2023-12-20T01:55:50
/opt/airflow/dags/remove_single_value_columns.py                               0           0  0.06s           2023-12-20T01:56:08
/opt/airflow/dags/Caravan Insurance Challenge.py                               3           0  0.31s           2023-12-20T01:56:05
================================================================================
[2023-12-20T01:56:50.930+0000] {manager.py:887} INFO - 
================================================================================
DAG File Processing Stats

File Path                                               PID  Runtime      # DAGs    # Errors  Last Runtime    Last Run
----------------------------------------------------  -----  ---------  --------  ----------  --------------  -------------------
/opt/airflow/dags/sub_dag_remove_multiple_columns.py    480  0.00s             0           0  0.03s           2023-12-20T01:56:20
/opt/airflow/dags/remove_single_value_columns.py                               0           0  0.05s           2023-12-20T01:56:38
/opt/airflow/dags/Caravan Insurance Challenge.py                               3           0  0.33s           2023-12-20T01:56:37
================================================================================
[2023-12-20T01:57:21.230+0000] {manager.py:887} INFO - 
================================================================================
DAG File Processing Stats

File Path                                               PID  Runtime      # DAGs    # Errors  Last Runtime    Last Run
----------------------------------------------------  -----  ---------  --------  ----------  --------------  -------------------
/opt/airflow/dags/sub_dag_remove_multiple_columns.py    512  0.00s             0           0  0.05s           2023-12-20T01:56:50
/opt/airflow/dags/remove_single_value_columns.py                               0           0  0.05s           2023-12-20T01:57:09
/opt/airflow/dags/Caravan Insurance Challenge.py                               3           0  0.37s           2023-12-20T01:57:08
================================================================================
[2023-12-20T01:57:51.574+0000] {manager.py:887} INFO - 
================================================================================
DAG File Processing Stats

File Path                                               PID  Runtime      # DAGs    # Errors  Last Runtime    Last Run
----------------------------------------------------  -----  ---------  --------  ----------  --------------  -------------------
/opt/airflow/dags/sub_dag_remove_multiple_columns.py    535  0.00s             0           0  0.04s           2023-12-20T01:57:21
/opt/airflow/dags/remove_single_value_columns.py                               0           0  0.04s           2023-12-20T01:57:39
/opt/airflow/dags/Caravan Insurance Challenge.py                               3           0  0.32s           2023-12-20T01:57:39
================================================================================
[2023-12-20T01:58:21.882+0000] {manager.py:887} INFO - 
================================================================================
DAG File Processing Stats

File Path                                               PID  Runtime      # DAGs    # Errors  Last Runtime    Last Run
----------------------------------------------------  -----  ---------  --------  ----------  --------------  -------------------
/opt/airflow/dags/sub_dag_remove_multiple_columns.py    564  0.01s             0           0  0.04s           2023-12-20T01:57:51
/opt/airflow/dags/remove_single_value_columns.py                               0           0  0.05s           2023-12-20T01:58:09
/opt/airflow/dags/Caravan Insurance Challenge.py                               3           0  0.29s           2023-12-20T01:58:10
================================================================================
[2023-12-20T01:58:52.143+0000] {manager.py:887} INFO - 
================================================================================
DAG File Processing Stats

File Path                                               PID  Runtime      # DAGs    # Errors  Last Runtime    Last Run
----------------------------------------------------  -----  ---------  --------  ----------  --------------  -------------------
/opt/airflow/dags/sub_dag_remove_multiple_columns.py    587  0.01s             0           0  0.05s           2023-12-20T01:58:21
/opt/airflow/dags/remove_single_value_columns.py                               0           0  0.03s           2023-12-20T01:58:40
/opt/airflow/dags/Caravan Insurance Challenge.py                               3           0  0.29s           2023-12-20T01:58:41
================================================================================
[2023-12-20T01:59:22.494+0000] {manager.py:887} INFO - 
================================================================================
DAG File Processing Stats

File Path                                               PID  Runtime      # DAGs    # Errors  Last Runtime    Last Run
----------------------------------------------------  -----  ---------  --------  ----------  --------------  -------------------
/opt/airflow/dags/sub_dag_remove_multiple_columns.py    610  0.01s             0           0  0.06s           2023-12-20T01:58:52
/opt/airflow/dags/remove_single_value_columns.py                               0           0  0.06s           2023-12-20T01:59:10
/opt/airflow/dags/Caravan Insurance Challenge.py                               3           0  0.30s           2023-12-20T01:59:11
================================================================================
[2023-12-20T01:59:52.843+0000] {manager.py:887} INFO - 
================================================================================
DAG File Processing Stats

File Path                                               PID  Runtime      # DAGs    # Errors  Last Runtime    Last Run
----------------------------------------------------  -----  ---------  --------  ----------  --------------  -------------------
/opt/airflow/dags/sub_dag_remove_multiple_columns.py    637  0.01s             0           0  0.06s           2023-12-20T01:59:22
/opt/airflow/dags/Caravan Insurance Challenge.py                               0           1  0.05s           2023-12-20T01:59:37
/opt/airflow/dags/remove_single_value_columns.py                               0           0  0.06s           2023-12-20T01:59:40
================================================================================
[2023-12-20T02:00:17.134+0000] {manager.py:755} INFO - Searching for files in /opt/airflow/dags
[2023-12-20T02:00:17.159+0000] {manager.py:758} INFO - There are 3 files in /opt/airflow/dags
[2023-12-20T02:00:23.249+0000] {manager.py:887} INFO - 
================================================================================
DAG File Processing Stats

File Path                                               PID  Runtime      # DAGs    # Errors  Last Runtime    Last Run
----------------------------------------------------  -----  ---------  --------  ----------  --------------  -------------------
/opt/airflow/dags/sub_dag_remove_multiple_columns.py    668  0.00s             0           0  0.05s           2023-12-20T01:59:52
/opt/airflow/dags/Caravan Insurance Challenge.py        665  0.01s             0           1  0.03s           2023-12-20T02:00:02
/opt/airflow/dags/remove_single_value_columns.py                               0           0  0.07s           2023-12-20T02:00:11
================================================================================
[2023-12-20T02:00:53.901+0000] {manager.py:887} INFO - 
================================================================================
DAG File Processing Stats

File Path                                               PID  Runtime      # DAGs    # Errors  Last Runtime    Last Run
----------------------------------------------------  -----  ---------  --------  ----------  --------------  -------------------
/opt/airflow/dags/sub_dag_remove_multiple_columns.py    694  0.01s             0           0  0.04s           2023-12-20T02:00:23
/opt/airflow/dags/remove_single_value_columns.py                               0           0  0.06s           2023-12-20T02:00:41
/opt/airflow/dags/Caravan Insurance Challenge.py                               3           0  0.32s           2023-12-20T02:00:27
================================================================================
[2023-12-20T02:01:24.239+0000] {manager.py:887} INFO - 
================================================================================
DAG File Processing Stats

File Path                                               PID  Runtime      # DAGs    # Errors  Last Runtime    Last Run
----------------------------------------------------  -----  ---------  --------  ----------  --------------  -------------------
/opt/airflow/dags/sub_dag_remove_multiple_columns.py    717  0.01s             0           0  0.06s           2023-12-20T02:00:53
/opt/airflow/dags/remove_single_value_columns.py                               0           0  0.04s           2023-12-20T02:01:12
/opt/airflow/dags/Caravan Insurance Challenge.py                               3           0  0.36s           2023-12-20T02:00:58
================================================================================
[2023-12-20T02:01:54.547+0000] {manager.py:887} INFO - 
================================================================================
DAG File Processing Stats

File Path                                               PID  Runtime      # DAGs    # Errors  Last Runtime    Last Run
----------------------------------------------------  -----  ---------  --------  ----------  --------------  -------------------
/opt/airflow/dags/sub_dag_remove_multiple_columns.py    740  0.01s             0           0  0.05s           2023-12-20T02:01:24
/opt/airflow/dags/remove_single_value_columns.py                               0           0  0.04s           2023-12-20T02:01:42
/opt/airflow/dags/Caravan Insurance Challenge.py                               3           0  0.29s           2023-12-20T02:01:29
================================================================================
[2023-12-20T02:02:24.870+0000] {manager.py:887} INFO - 
================================================================================
DAG File Processing Stats

File Path                                               PID  Runtime      # DAGs    # Errors  Last Runtime    Last Run
----------------------------------------------------  -----  ---------  --------  ----------  --------------  -------------------
/opt/airflow/dags/sub_dag_remove_multiple_columns.py    766  0.01s             0           0  0.06s           2023-12-20T02:01:54
/opt/airflow/dags/remove_single_value_columns.py                               0           0  0.06s           2023-12-20T02:02:12
/opt/airflow/dags/Caravan Insurance Challenge.py                               3           0  0.35s           2023-12-20T02:01:59
================================================================================
[2023-12-20T02:02:55.395+0000] {manager.py:887} INFO - 
================================================================================
DAG File Processing Stats

File Path                                               PID  Runtime      # DAGs    # Errors  Last Runtime    Last Run
----------------------------------------------------  -----  ---------  --------  ----------  --------------  -------------------
/opt/airflow/dags/sub_dag_remove_multiple_columns.py    804  0.01s             0           0  0.06s           2023-12-20T02:02:24
/opt/airflow/dags/remove_single_value_columns.py                               0           0  0.05s           2023-12-20T02:02:52
/opt/airflow/dags/Caravan Insurance Challenge.py                               3           0  0.31s           2023-12-20T02:02:31
================================================================================
[2023-12-20T02:03:25.760+0000] {manager.py:887} INFO - 
================================================================================
DAG File Processing Stats

File Path                                               PID  Runtime      # DAGs    # Errors  Last Runtime    Last Run
----------------------------------------------------  -----  ---------  --------  ----------  --------------  -------------------
/opt/airflow/dags/sub_dag_remove_multiple_columns.py    827  0.01s             0           0  0.05s           2023-12-20T02:02:55
/opt/airflow/dags/remove_single_value_columns.py                               0           0  0.06s           2023-12-20T02:03:20
/opt/airflow/dags/Caravan Insurance Challenge.py                               3           0  0.34s           2023-12-20T02:03:01
================================================================================
[2023-12-20T02:03:56.085+0000] {manager.py:887} INFO - 
================================================================================
DAG File Processing Stats

File Path                                               PID  Runtime      # DAGs    # Errors  Last Runtime    Last Run
----------------------------------------------------  -----  ---------  --------  ----------  --------------  -------------------
/opt/airflow/dags/sub_dag_remove_multiple_columns.py    850  0.01s             0           0  0.04s           2023-12-20T02:03:25
/opt/airflow/dags/remove_single_value_columns.py                               0           0  0.06s           2023-12-20T02:03:51
/opt/airflow/dags/Caravan Insurance Challenge.py                               3           0  0.32s           2023-12-20T02:03:32
================================================================================
[2023-12-20T02:04:26.754+0000] {manager.py:887} INFO - 
================================================================================
DAG File Processing Stats

File Path                                               PID  Runtime      # DAGs    # Errors  Last Runtime    Last Run
----------------------------------------------------  -----  ---------  --------  ----------  --------------  -------------------
/opt/airflow/dags/sub_dag_remove_multiple_columns.py    885  0.01s             0           0  0.06s           2023-12-20T02:03:56
/opt/airflow/dags/remove_single_value_columns.py                               0           0  0.06s           2023-12-20T02:04:21
/opt/airflow/dags/Caravan Insurance Challenge.py                               3           0  0.33s           2023-12-20T02:04:17
================================================================================
[2023-12-20T02:04:57.099+0000] {manager.py:887} INFO - 
================================================================================
DAG File Processing Stats

File Path                                               PID  Runtime      # DAGs    # Errors  Last Runtime    Last Run
----------------------------------------------------  -----  ---------  --------  ----------  --------------  -------------------
/opt/airflow/dags/sub_dag_remove_multiple_columns.py    908  0.01s             0           0  0.05s           2023-12-20T02:04:26
/opt/airflow/dags/remove_single_value_columns.py                               0           0  0.04s           2023-12-20T02:04:52
/opt/airflow/dags/Caravan Insurance Challenge.py                               3           0  0.30s           2023-12-20T02:04:48
================================================================================
[2023-12-20T02:05:17.260+0000] {manager.py:755} INFO - Searching for files in /opt/airflow/dags
[2023-12-20T02:05:17.284+0000] {manager.py:758} INFO - There are 3 files in /opt/airflow/dags
[2023-12-20T02:05:27.418+0000] {manager.py:887} INFO - 
================================================================================
DAG File Processing Stats

File Path                                               PID  Runtime      # DAGs    # Errors  Last Runtime    Last Run
----------------------------------------------------  -----  ---------  --------  ----------  --------------  -------------------
/opt/airflow/dags/sub_dag_remove_multiple_columns.py    931  0.01s             0           0  0.05s           2023-12-20T02:04:57
/opt/airflow/dags/remove_single_value_columns.py                               0           0  0.05s           2023-12-20T02:05:22
/opt/airflow/dags/Caravan Insurance Challenge.py                               3           0  0.33s           2023-12-20T02:05:18
================================================================================
[2023-12-20T02:05:58.070+0000] {manager.py:887} INFO - 
================================================================================
DAG File Processing Stats

File Path                                               PID  Runtime      # DAGs    # Errors  Last Runtime    Last Run
----------------------------------------------------  -----  ---------  --------  ----------  --------------  -------------------
/opt/airflow/dags/sub_dag_remove_multiple_columns.py    954  0.01s             0           0  0.05s           2023-12-20T02:05:27
/opt/airflow/dags/remove_single_value_columns.py                               0           0  0.05s           2023-12-20T02:05:51
/opt/airflow/dags/Caravan Insurance Challenge.py                               3           0  0.30s           2023-12-20T02:05:48
================================================================================
[2023-12-20T02:06:28.398+0000] {manager.py:887} INFO - 
================================================================================
DAG File Processing Stats

File Path                                               PID  Runtime      # DAGs    # Errors  Last Runtime    Last Run
----------------------------------------------------  -----  ---------  --------  ----------  --------------  -------------------
/opt/airflow/dags/sub_dag_remove_multiple_columns.py    977  0.01s             0           0  0.03s           2023-12-20T02:05:58
/opt/airflow/dags/remove_single_value_columns.py                               0           0  0.06s           2023-12-20T02:06:21
/opt/airflow/dags/Caravan Insurance Challenge.py                               3           0  0.31s           2023-12-20T02:06:19
================================================================================
[2023-12-20T02:06:58.787+0000] {manager.py:887} INFO - 
================================================================================
DAG File Processing Stats

File Path                                               PID  Runtime      # DAGs    # Errors  Last Runtime    Last Run
----------------------------------------------------  -----  ---------  --------  ----------  --------------  -------------------
/opt/airflow/dags/sub_dag_remove_multiple_columns.py   1002  0.01s             0           0  0.05s           2023-12-20T02:06:28
/opt/airflow/dags/Caravan Insurance Challenge.py                               0           1  0.27s           2023-12-20T02:06:49
/opt/airflow/dags/remove_single_value_columns.py                               0           0  0.05s           2023-12-20T02:06:49
================================================================================
[2023-12-20T02:07:29.085+0000] {manager.py:887} INFO - 
================================================================================
DAG File Processing Stats

File Path                                               PID  Runtime      # DAGs    # Errors  Last Runtime    Last Run
----------------------------------------------------  -----  ---------  --------  ----------  --------------  -------------------
/opt/airflow/dags/sub_dag_remove_multiple_columns.py   1025  0.01s             0           0  0.06s           2023-12-20T02:06:58
/opt/airflow/dags/Caravan Insurance Challenge.py                               0           1  0.25s           2023-12-20T02:07:20
/opt/airflow/dags/remove_single_value_columns.py                               0           0  0.04s           2023-12-20T02:07:19
================================================================================
[2023-12-20T02:07:59.401+0000] {manager.py:887} INFO - 
================================================================================
DAG File Processing Stats

File Path                                               PID  Runtime      # DAGs    # Errors  Last Runtime    Last Run
----------------------------------------------------  -----  ---------  --------  ----------  --------------  -------------------
/opt/airflow/dags/sub_dag_remove_multiple_columns.py   1048  0.01s             0           0  0.06s           2023-12-20T02:07:29
/opt/airflow/dags/Caravan Insurance Challenge.py                               0           1  0.28s           2023-12-20T02:07:50
/opt/airflow/dags/remove_single_value_columns.py                               0           0  0.04s           2023-12-20T02:07:50
================================================================================
[2023-12-20T02:08:29.742+0000] {manager.py:887} INFO - 
================================================================================
DAG File Processing Stats

File Path                                               PID  Runtime      # DAGs    # Errors  Last Runtime    Last Run
----------------------------------------------------  -----  ---------  --------  ----------  --------------  -------------------
/opt/airflow/dags/sub_dag_remove_multiple_columns.py   1071  0.01s             0           0  0.06s           2023-12-20T02:07:59
/opt/airflow/dags/Caravan Insurance Challenge.py                               0           1  0.28s           2023-12-20T02:08:20
/opt/airflow/dags/remove_single_value_columns.py                               0           0  0.03s           2023-12-20T02:08:20
================================================================================
[2023-12-20T02:09:00.123+0000] {manager.py:887} INFO - 
================================================================================
DAG File Processing Stats

File Path                                               PID  Runtime      # DAGs    # Errors  Last Runtime    Last Run
----------------------------------------------------  -----  ---------  --------  ----------  --------------  -------------------
/opt/airflow/dags/sub_dag_remove_multiple_columns.py   1094  0.01s             0           0  0.06s           2023-12-20T02:08:29
/opt/airflow/dags/Caravan Insurance Challenge.py                               0           1  0.27s           2023-12-20T02:08:51
/opt/airflow/dags/remove_single_value_columns.py                               0           0  0.06s           2023-12-20T02:08:51
================================================================================
[2023-12-20T02:09:30.442+0000] {manager.py:887} INFO - 
================================================================================
DAG File Processing Stats

File Path                                               PID  Runtime      # DAGs    # Errors  Last Runtime    Last Run
----------------------------------------------------  -----  ---------  --------  ----------  --------------  -------------------
/opt/airflow/dags/sub_dag_remove_multiple_columns.py   1117  0.01s             0           0  0.06s           2023-12-20T02:09:00
/opt/airflow/dags/Caravan Insurance Challenge.py                               0           1  0.27s           2023-12-20T02:09:21
/opt/airflow/dags/remove_single_value_columns.py                               0           0  0.06s           2023-12-20T02:09:21
================================================================================
[2023-12-20T02:10:00.831+0000] {manager.py:887} INFO - 
================================================================================
DAG File Processing Stats

File Path                                               PID  Runtime      # DAGs    # Errors  Last Runtime    Last Run
----------------------------------------------------  -----  ---------  --------  ----------  --------------  -------------------
/opt/airflow/dags/sub_dag_remove_multiple_columns.py   1140  0.01s             0           0  0.06s           2023-12-20T02:09:30
/opt/airflow/dags/remove_single_value_columns.py                               0           0  0.06s           2023-12-20T02:09:43
/opt/airflow/dags/Caravan Insurance Challenge.py                               3           0  0.35s           2023-12-20T02:09:52
================================================================================
[2023-12-20T02:10:18.023+0000] {manager.py:755} INFO - Searching for files in /opt/airflow/dags
[2023-12-20T02:10:18.048+0000] {manager.py:758} INFO - There are 3 files in /opt/airflow/dags
[2023-12-20T02:10:31.309+0000] {manager.py:887} INFO - 
================================================================================
DAG File Processing Stats

File Path                                               PID  Runtime      # DAGs    # Errors  Last Runtime    Last Run
----------------------------------------------------  -----  ---------  --------  ----------  --------------  -------------------
/opt/airflow/dags/sub_dag_remove_multiple_columns.py   1178  0.01s             0           0  0.06s           2023-12-20T02:10:00
/opt/airflow/dags/remove_single_value_columns.py                               0           0  0.06s           2023-12-20T02:10:29
/opt/airflow/dags/Caravan Insurance Challenge.py                               3           0  0.30s           2023-12-20T02:10:22
================================================================================
[2023-12-20T02:11:01.623+0000] {manager.py:887} INFO - 
================================================================================
DAG File Processing Stats

File Path                                               PID  Runtime      # DAGs    # Errors  Last Runtime    Last Run
----------------------------------------------------  -----  ---------  --------  ----------  --------------  -------------------
/opt/airflow/dags/sub_dag_remove_multiple_columns.py   1204  0.00s             0           0  0.06s           2023-12-20T02:10:31
/opt/airflow/dags/remove_single_value_columns.py                               0           0  0.06s           2023-12-20T02:10:59
/opt/airflow/dags/Caravan Insurance Challenge.py                               3           0  0.31s           2023-12-20T02:10:52
================================================================================
[2023-12-20T02:11:31.929+0000] {manager.py:887} INFO - 
================================================================================
DAG File Processing Stats

File Path                                               PID  Runtime      # DAGs    # Errors  Last Runtime    Last Run
----------------------------------------------------  -----  ---------  --------  ----------  --------------  -------------------
/opt/airflow/dags/sub_dag_remove_multiple_columns.py   1227  0.00s             0           0  0.04s           2023-12-20T02:11:01
/opt/airflow/dags/remove_single_value_columns.py                               0           0  0.05s           2023-12-20T02:11:29
/opt/airflow/dags/Caravan Insurance Challenge.py                               3           0  0.31s           2023-12-20T02:11:24
================================================================================
[2023-12-20T02:12:02.262+0000] {manager.py:887} INFO - 
================================================================================
DAG File Processing Stats

File Path                                               PID  Runtime      # DAGs    # Errors  Last Runtime    Last Run
----------------------------------------------------  -----  ---------  --------  ----------  --------------  -------------------
/opt/airflow/dags/sub_dag_remove_multiple_columns.py   1250  0.00s             0           0  0.04s           2023-12-20T02:11:31
/opt/airflow/dags/remove_single_value_columns.py                               0           0  0.05s           2023-12-20T02:12:00
/opt/airflow/dags/Caravan Insurance Challenge.py                               3           0  0.31s           2023-12-20T02:11:54
================================================================================
[2023-12-20T02:12:32.512+0000] {manager.py:887} INFO - 
================================================================================
DAG File Processing Stats

File Path                                               PID  Runtime      # DAGs    # Errors  Last Runtime    Last Run
----------------------------------------------------  -----  ---------  --------  ----------  --------------  -------------------
/opt/airflow/dags/sub_dag_remove_multiple_columns.py   1273  0.01s             0           0  0.04s           2023-12-20T02:12:02
/opt/airflow/dags/remove_single_value_columns.py                               0           0  0.03s           2023-12-20T02:12:30
/opt/airflow/dags/Caravan Insurance Challenge.py                               3           0  0.30s           2023-12-20T02:12:25
================================================================================
[2023-12-20T02:13:02.827+0000] {manager.py:887} INFO - 
================================================================================
DAG File Processing Stats

File Path                                               PID  Runtime      # DAGs    # Errors  Last Runtime    Last Run
----------------------------------------------------  -----  ---------  --------  ----------  --------------  -------------------
/opt/airflow/dags/sub_dag_remove_multiple_columns.py   1299  0.00s             0           0  0.06s           2023-12-20T02:12:32
/opt/airflow/dags/remove_single_value_columns.py                               0           0  0.06s           2023-12-20T02:12:35
/opt/airflow/dags/Caravan Insurance Challenge.py                               3           0  0.30s           2023-12-20T02:12:56
================================================================================
[2023-12-20T02:13:33.217+0000] {manager.py:887} INFO - 
================================================================================
DAG File Processing Stats

File Path                                               PID  Runtime      # DAGs    # Errors  Last Runtime    Last Run
----------------------------------------------------  -----  ---------  --------  ----------  --------------  -------------------
/opt/airflow/dags/sub_dag_remove_multiple_columns.py   1322  0.00s             0           0  0.04s           2023-12-20T02:13:02
/opt/airflow/dags/remove_single_value_columns.py                               0           0  0.04s           2023-12-20T02:13:05
/opt/airflow/dags/Caravan Insurance Challenge.py                               3           0  0.29s           2023-12-20T02:13:26
================================================================================
[2023-12-20T02:14:03.491+0000] {manager.py:887} INFO - 
================================================================================
DAG File Processing Stats

File Path                                               PID  Runtime      # DAGs    # Errors  Last Runtime    Last Run
----------------------------------------------------  -----  ---------  --------  ----------  --------------  -------------------
/opt/airflow/dags/sub_dag_remove_multiple_columns.py   1345  0.01s             0           0  0.03s           2023-12-20T02:13:33
/opt/airflow/dags/remove_single_value_columns.py                               0           0  0.05s           2023-12-20T02:13:36
/opt/airflow/dags/Caravan Insurance Challenge.py                               3           0  0.35s           2023-12-20T02:13:56
================================================================================
[2023-12-20T02:14:33.755+0000] {manager.py:887} INFO - 
================================================================================
DAG File Processing Stats

File Path                                               PID  Runtime      # DAGs    # Errors  Last Runtime    Last Run
----------------------------------------------------  -----  ---------  --------  ----------  --------------  -------------------
/opt/airflow/dags/sub_dag_remove_multiple_columns.py   1368  0.01s             0           0  0.07s           2023-12-20T02:14:03
/opt/airflow/dags/remove_single_value_columns.py                               0           0  0.04s           2023-12-20T02:14:06
/opt/airflow/dags/Caravan Insurance Challenge.py                               3           0  0.48s           2023-12-20T02:14:28
================================================================================
[2023-12-20T02:15:04.131+0000] {manager.py:887} INFO - 
================================================================================
DAG File Processing Stats

File Path                                               PID  Runtime      # DAGs    # Errors  Last Runtime    Last Run
----------------------------------------------------  -----  ---------  --------  ----------  --------------  -------------------
/opt/airflow/dags/sub_dag_remove_multiple_columns.py   1397  0.01s             0           0  0.07s           2023-12-20T02:14:33
/opt/airflow/dags/remove_single_value_columns.py                               0           0  0.06s           2023-12-20T02:14:36
/opt/airflow/dags/Caravan Insurance Challenge.py                               3           0  0.37s           2023-12-20T02:14:59
================================================================================
[2023-12-20T02:15:18.265+0000] {manager.py:755} INFO - Searching for files in /opt/airflow/dags
[2023-12-20T02:15:18.295+0000] {manager.py:758} INFO - There are 3 files in /opt/airflow/dags
[2023-12-20T02:15:34.450+0000] {manager.py:887} INFO - 
================================================================================
DAG File Processing Stats

File Path                                               PID  Runtime      # DAGs    # Errors  Last Runtime    Last Run
----------------------------------------------------  -----  ---------  --------  ----------  --------------  -------------------
/opt/airflow/dags/sub_dag_remove_multiple_columns.py   1420  0.01s             0           0  0.06s           2023-12-20T02:15:04
/opt/airflow/dags/remove_single_value_columns.py                               0           0  0.03s           2023-12-20T02:15:07
/opt/airflow/dags/Caravan Insurance Challenge.py                               3           0  0.30s           2023-12-20T02:15:30
================================================================================
[2023-12-20T02:16:04.769+0000] {manager.py:887} INFO - 
================================================================================
DAG File Processing Stats

File Path                                               PID  Runtime      # DAGs    # Errors  Last Runtime    Last Run
----------------------------------------------------  -----  ---------  --------  ----------  --------------  -------------------
/opt/airflow/dags/sub_dag_remove_multiple_columns.py   1443  0.01s             0           0  0.05s           2023-12-20T02:15:34
/opt/airflow/dags/remove_single_value_columns.py                               0           0  0.06s           2023-12-20T02:15:37
/opt/airflow/dags/Caravan Insurance Challenge.py                               3           0  0.29s           2023-12-20T02:16:01
================================================================================
[2023-12-20T02:16:15.682+0000] {manager.py:469} INFO - Exiting gracefully upon receiving signal 15
