[2023-12-12T21:27:25.204+0000] {taskinstance.py:1159} INFO - Dependencies all met for dep_context=non-requeueable deps ti=<TaskInstance: home_insurance_ds-v01.create_dim_tables.create_dim_NEIGH_WATCH_table scheduled__2023-12-01T00:00:00+00:00 [queued]>
[2023-12-12T21:27:25.229+0000] {taskinstance.py:1159} INFO - Dependencies all met for dep_context=requeueable deps ti=<TaskInstance: home_insurance_ds-v01.create_dim_tables.create_dim_NEIGH_WATCH_table scheduled__2023-12-01T00:00:00+00:00 [queued]>
[2023-12-12T21:27:25.237+0000] {taskinstance.py:1361} INFO - Starting attempt 1 of 6
[2023-12-12T21:27:25.273+0000] {taskinstance.py:1382} INFO - Executing <Task(PostgresOperator): create_dim_NEIGH_WATCH_table> on 2023-12-01 00:00:00+00:00
[2023-12-12T21:27:25.284+0000] {standard_task_runner.py:57} INFO - Started process 1966 to run task
[2023-12-12T21:27:25.288+0000] {standard_task_runner.py:84} INFO - Running: ['***', 'tasks', 'run', 'home_insurance_ds-v01.create_dim_tables', 'create_dim_NEIGH_WATCH_table', 'scheduled__2023-12-01T00:00:00+00:00', '--job-id', '29', '--raw', '--subdir', 'DAGS_FOLDER/home_insurance_dataset.py', '--cfg-path', '/tmp/tmpd7tqa_t_']
[2023-12-12T21:27:25.299+0000] {standard_task_runner.py:85} INFO - Job 29: Subtask create_dim_NEIGH_WATCH_table
[2023-12-12T21:27:25.440+0000] {task_command.py:416} INFO - Running <TaskInstance: home_insurance_ds-v01.create_dim_tables.create_dim_NEIGH_WATCH_table scheduled__2023-12-01T00:00:00+00:00 [running]> on host 7a94ca99eac6
[2023-12-12T21:27:25.774+0000] {taskinstance.py:1662} INFO - Exporting env vars: AIRFLOW_CTX_DAG_OWNER='dunnbc22' AIRFLOW_CTX_DAG_ID='home_insurance_ds-v01.create_dim_tables' AIRFLOW_CTX_TASK_ID='create_dim_NEIGH_WATCH_table' AIRFLOW_CTX_EXECUTION_DATE='2023-12-01T00:00:00+00:00' AIRFLOW_CTX_TRY_NUMBER='1' AIRFLOW_CTX_DAG_RUN_ID='scheduled__2023-12-01T00:00:00+00:00'
[2023-12-12T21:27:25.781+0000] {sql.py:274} INFO - Executing: -- params: table_name, dimension_col, data_type

-- Step 1: Extract Unique Values
CREATE TEMPORARY TABLE unique_values_NEIGH_WATCH AS
SELECT DISTINCT NEIGH_WATCH FROM home_insurance_ds_pipeline;

-- Step 2: Create Dimension Table
DROP TABLE IF EXISTS dimension_table_NEIGH_WATCH;
CREATE TABLE dimension_table_NEIGH_WATCH (
    id SERIAL PRIMARY KEY,
    NEIGH_WATCH VARCHAR
);

-- Step 3: Insert unique values into dimension table
INSERT INTO dimension_table_NEIGH_WATCH (NEIGH_WATCH)
SELECT * FROM unique_values_NEIGH_WATCH;
[2023-12-12T21:27:25.810+0000] {base.py:73} INFO - Using connection ID 'postgres_conn' for task execution.
[2023-12-12T21:27:25.830+0000] {base.py:73} INFO - Using connection ID 'postgres_conn' for task execution.
[2023-12-12T21:27:25.859+0000] {sql.py:418} INFO - Running statement: -- params: table_name, dimension_col, data_type

-- Step 1: Extract Unique Values
CREATE TEMPORARY TABLE unique_values_NEIGH_WATCH AS
SELECT DISTINCT NEIGH_WATCH FROM home_insurance_ds_pipeline;

-- Step 2: Create Dimension Table
DROP TABLE IF EXISTS dimension_table_NEIGH_WATCH;
CREATE TABLE dimension_table_NEIGH_WATCH (
    id SERIAL PRIMARY KEY,
    NEIGH_WATCH VARCHAR
);

-- Step 3: Insert unique values into dimension table
INSERT INTO dimension_table_NEIGH_WATCH (NEIGH_WATCH)
SELECT * FROM unique_values_NEIGH_WATCH;, parameters: None
[2023-12-12T21:27:25.979+0000] {sql.py:427} INFO - Rows affected: 2
[2023-12-12T21:27:26.000+0000] {taskinstance.py:1400} INFO - Marking task as SUCCESS. dag_id=home_insurance_ds-v01.create_dim_tables, task_id=create_dim_NEIGH_WATCH_table, execution_date=20231201T000000, start_date=20231212T212725, end_date=20231212T212726
[2023-12-12T21:27:26.283+0000] {local_task_job_runner.py:228} INFO - Task exited with return code 0
[2023-12-12T21:27:26.376+0000] {taskinstance.py:2778} INFO - 0 downstream tasks scheduled from follow-on schedule check
