[2023-12-19T19:34:34.209+0000] {taskinstance.py:1159} INFO - Dependencies all met for dep_context=non-requeueable deps ti=<TaskInstance: Auto_Insurance-v01.insert_fk_into_fact_table.insert_fk_col_in_fact_table_Policy_Name scheduled__2023-12-01T00:00:00+00:00 [queued]>
[2023-12-19T19:34:34.217+0000] {taskinstance.py:1159} INFO - Dependencies all met for dep_context=requeueable deps ti=<TaskInstance: Auto_Insurance-v01.insert_fk_into_fact_table.insert_fk_col_in_fact_table_Policy_Name scheduled__2023-12-01T00:00:00+00:00 [queued]>
[2023-12-19T19:34:34.217+0000] {taskinstance.py:1361} INFO - Starting attempt 1 of 6
[2023-12-19T19:34:34.234+0000] {taskinstance.py:1382} INFO - Executing <Task(PostgresOperator): insert_fk_col_in_fact_table_Policy_Name> on 2023-12-01 00:00:00+00:00
[2023-12-19T19:34:34.241+0000] {standard_task_runner.py:57} INFO - Started process 1708 to run task
[2023-12-19T19:34:34.245+0000] {standard_task_runner.py:84} INFO - Running: ['***', 'tasks', 'run', 'Auto_Insurance-v01.insert_fk_into_fact_table', 'insert_fk_col_in_fact_table_Policy_Name', 'scheduled__2023-12-01T00:00:00+00:00', '--job-id', '39', '--raw', '--subdir', 'DAGS_FOLDER/Auto_Insurance.py', '--cfg-path', '/tmp/tmpwx3lsec7']
[2023-12-19T19:34:34.249+0000] {standard_task_runner.py:85} INFO - Job 39: Subtask insert_fk_col_in_fact_table_Policy_Name
[2023-12-19T19:34:34.357+0000] {task_command.py:416} INFO - Running <TaskInstance: Auto_Insurance-v01.insert_fk_into_fact_table.insert_fk_col_in_fact_table_Policy_Name scheduled__2023-12-01T00:00:00+00:00 [running]> on host 757899fef296
[2023-12-19T19:34:34.488+0000] {taskinstance.py:1662} INFO - Exporting env vars: AIRFLOW_CTX_DAG_OWNER='dunnbc22' AIRFLOW_CTX_DAG_ID='Auto_Insurance-v01.insert_fk_into_fact_table' AIRFLOW_CTX_TASK_ID='insert_fk_col_in_fact_table_Policy_Name' AIRFLOW_CTX_EXECUTION_DATE='2023-12-01T00:00:00+00:00' AIRFLOW_CTX_TRY_NUMBER='1' AIRFLOW_CTX_DAG_RUN_ID='scheduled__2023-12-01T00:00:00+00:00'
[2023-12-19T19:34:34.493+0000] {sql.py:274} INFO - Executing: -- params: table_name, dimension_col

/*
Steps 1-3 were completed in the create_dim_table.sql 
file & associated PostgresOperator
*/


-- Step 4: Add foreign key column to fact table
ALTER TABLE auto_insurance_pipe
ADD COLUMN Policy_Name_id INTEGER;

-- Step 4: Update foreign key column to fact table with 
-- appropriate id (that matches with dim table)
UPDATE auto_insurance_pipe
SET Policy_Name_id = dimension_table_Policy_Name.id
FROM dimension_table_Policy_Name
WHERE COALESCE(auto_insurance_pipe.Policy_Name::text, '') = COALESCE(dimension_table_Policy_Name.Policy_Name::text, '');
[2023-12-19T19:34:34.513+0000] {base.py:73} INFO - Using connection ID 'postgres_conn' for task execution.
[2023-12-19T19:34:34.530+0000] {base.py:73} INFO - Using connection ID 'postgres_conn' for task execution.
[2023-12-19T19:34:34.551+0000] {sql.py:418} INFO - Running statement: -- params: table_name, dimension_col

/*
Steps 1-3 were completed in the create_dim_table.sql 
file & associated PostgresOperator
*/


-- Step 4: Add foreign key column to fact table
ALTER TABLE auto_insurance_pipe
ADD COLUMN Policy_Name_id INTEGER;

-- Step 4: Update foreign key column to fact table with 
-- appropriate id (that matches with dim table)
UPDATE auto_insurance_pipe
SET Policy_Name_id = dimension_table_Policy_Name.id
FROM dimension_table_Policy_Name
WHERE COALESCE(auto_insurance_pipe.Policy_Name::text, '') = COALESCE(dimension_table_Policy_Name.Policy_Name::text, '');, parameters: None
[2023-12-19T19:34:34.735+0000] {sql.py:427} INFO - Rows affected: 8900
[2023-12-19T19:34:34.757+0000] {taskinstance.py:1400} INFO - Marking task as SUCCESS. dag_id=Auto_Insurance-v01.insert_fk_into_fact_table, task_id=insert_fk_col_in_fact_table_Policy_Name, execution_date=20231201T000000, start_date=20231219T193434, end_date=20231219T193434
[2023-12-19T19:34:34.801+0000] {local_task_job_runner.py:228} INFO - Task exited with return code 0
[2023-12-19T19:34:34.878+0000] {taskinstance.py:2778} INFO - 0 downstream tasks scheduled from follow-on schedule check
