[2023-12-21T17:06:15.969+0000] {taskinstance.py:1159} INFO - Dependencies all met for dep_context=non-requeueable deps ti=<TaskInstance: Indicators_of_Heart_Disease_2022-v01.remove_replaced_dim_cols.remove_original_HadAngina_in_fact_table scheduled__2023-12-01T00:00:00+00:00 [queued]>
[2023-12-21T17:06:15.994+0000] {taskinstance.py:1159} INFO - Dependencies all met for dep_context=requeueable deps ti=<TaskInstance: Indicators_of_Heart_Disease_2022-v01.remove_replaced_dim_cols.remove_original_HadAngina_in_fact_table scheduled__2023-12-01T00:00:00+00:00 [queued]>
[2023-12-21T17:06:15.995+0000] {taskinstance.py:1361} INFO - Starting attempt 1 of 6
[2023-12-21T17:06:16.015+0000] {taskinstance.py:1382} INFO - Executing <Task(PostgresOperator): remove_original_HadAngina_in_fact_table> on 2023-12-01 00:00:00+00:00
[2023-12-21T17:06:16.020+0000] {standard_task_runner.py:57} INFO - Started process 2755 to run task
[2023-12-21T17:06:16.028+0000] {standard_task_runner.py:84} INFO - Running: ['***', 'tasks', 'run', 'Indicators_of_Heart_Disease_2022-v01.remove_replaced_dim_cols', 'remove_original_HadAngina_in_fact_table', 'scheduled__2023-12-01T00:00:00+00:00', '--job-id', '193', '--raw', '--subdir', 'DAGS_FOLDER/Indicators_of_Heart_Disease_2022.py', '--cfg-path', '/tmp/tmps3o4i8di']
[2023-12-21T17:06:16.034+0000] {standard_task_runner.py:85} INFO - Job 193: Subtask remove_original_HadAngina_in_fact_table
[2023-12-21T17:06:16.135+0000] {task_command.py:416} INFO - Running <TaskInstance: Indicators_of_Heart_Disease_2022-v01.remove_replaced_dim_cols.remove_original_HadAngina_in_fact_table scheduled__2023-12-01T00:00:00+00:00 [running]> on host 8e01071a5eb3
[2023-12-21T17:06:16.231+0000] {taskinstance.py:1662} INFO - Exporting env vars: AIRFLOW_CTX_DAG_OWNER='dunnbc22' AIRFLOW_CTX_DAG_ID='Indicators_of_Heart_Disease_2022-v01.remove_replaced_dim_cols' AIRFLOW_CTX_TASK_ID='remove_original_HadAngina_in_fact_table' AIRFLOW_CTX_EXECUTION_DATE='2023-12-01T00:00:00+00:00' AIRFLOW_CTX_TRY_NUMBER='1' AIRFLOW_CTX_DAG_RUN_ID='scheduled__2023-12-01T00:00:00+00:00'
[2023-12-21T17:06:16.233+0000] {sql.py:274} INFO - Executing: -- table_name, column_name
ALTER TABLE indicators_of_heart_disease_2022_pipe
DROP COLUMN HadAngina;
[2023-12-21T17:06:16.248+0000] {base.py:73} INFO - Using connection ID 'postgres_conn' for task execution.
[2023-12-21T17:06:16.271+0000] {base.py:73} INFO - Using connection ID 'postgres_conn' for task execution.
[2023-12-21T17:06:16.281+0000] {sql.py:418} INFO - Running statement: -- table_name, column_name
ALTER TABLE indicators_of_heart_disease_2022_pipe
DROP COLUMN HadAngina;, parameters: None
[2023-12-21T17:06:16.299+0000] {taskinstance.py:1400} INFO - Marking task as SUCCESS. dag_id=Indicators_of_Heart_Disease_2022-v01.remove_replaced_dim_cols, task_id=remove_original_HadAngina_in_fact_table, execution_date=20231201T000000, start_date=20231221T170615, end_date=20231221T170616
[2023-12-21T17:06:16.341+0000] {local_task_job_runner.py:228} INFO - Task exited with return code 0
[2023-12-21T17:06:16.464+0000] {taskinstance.py:2778} INFO - 0 downstream tasks scheduled from follow-on schedule check
