[2023-12-11T22:06:15.692+0000] {taskinstance.py:1159} INFO - Dependencies all met for dep_context=non-requeueable deps ti=<TaskInstance: NY_Motor_Vehicle_Collisions-v01.remove_replaced_dim_cols.remove_original_VEHICLE_TYPE_CODE_1_in_fact_table scheduled__2023-12-01T00:00:00+00:00 [queued]>
[2023-12-11T22:06:15.698+0000] {taskinstance.py:1159} INFO - Dependencies all met for dep_context=requeueable deps ti=<TaskInstance: NY_Motor_Vehicle_Collisions-v01.remove_replaced_dim_cols.remove_original_VEHICLE_TYPE_CODE_1_in_fact_table scheduled__2023-12-01T00:00:00+00:00 [queued]>
[2023-12-11T22:06:15.699+0000] {taskinstance.py:1361} INFO - Starting attempt 1 of 6
[2023-12-11T22:06:15.708+0000] {taskinstance.py:1382} INFO - Executing <Task(PostgresOperator): remove_original_VEHICLE_TYPE_CODE_1_in_fact_table> on 2023-12-01 00:00:00+00:00
[2023-12-11T22:06:15.711+0000] {standard_task_runner.py:57} INFO - Started process 1153 to run task
[2023-12-11T22:06:15.714+0000] {standard_task_runner.py:84} INFO - Running: ['***', 'tasks', 'run', 'NY_Motor_Vehicle_Collisions-v01.remove_replaced_dim_cols', 'remove_original_VEHICLE_TYPE_CODE_1_in_fact_table', 'scheduled__2023-12-01T00:00:00+00:00', '--job-id', '54', '--raw', '--subdir', 'DAGS_FOLDER/NY_Motor_Vehicle_Collisions.py', '--cfg-path', '/tmp/tmpwbud8b3j']
[2023-12-11T22:06:15.716+0000] {standard_task_runner.py:85} INFO - Job 54: Subtask remove_original_VEHICLE_TYPE_CODE_1_in_fact_table
[2023-12-11T22:06:15.757+0000] {task_command.py:416} INFO - Running <TaskInstance: NY_Motor_Vehicle_Collisions-v01.remove_replaced_dim_cols.remove_original_VEHICLE_TYPE_CODE_1_in_fact_table scheduled__2023-12-01T00:00:00+00:00 [running]> on host bebedc023197
[2023-12-11T22:06:15.824+0000] {taskinstance.py:1662} INFO - Exporting env vars: AIRFLOW_CTX_DAG_OWNER='dunnbc22' AIRFLOW_CTX_DAG_ID='NY_Motor_Vehicle_Collisions-v01.remove_replaced_dim_cols' AIRFLOW_CTX_TASK_ID='remove_original_VEHICLE_TYPE_CODE_1_in_fact_table' AIRFLOW_CTX_EXECUTION_DATE='2023-12-01T00:00:00+00:00' AIRFLOW_CTX_TRY_NUMBER='1' AIRFLOW_CTX_DAG_RUN_ID='scheduled__2023-12-01T00:00:00+00:00'
[2023-12-11T22:06:15.826+0000] {sql.py:274} INFO - Executing: -- table_name, column_name
ALTER TABLE ny_vehicle_colls_pipe
DROP COLUMN VEHICLE_TYPE_CODE_1;
[2023-12-11T22:06:15.838+0000] {base.py:73} INFO - Using connection ID 'postgres_conn' for task execution.
[2023-12-11T22:06:15.848+0000] {base.py:73} INFO - Using connection ID 'postgres_conn' for task execution.
[2023-12-11T22:06:15.857+0000] {sql.py:418} INFO - Running statement: -- table_name, column_name
ALTER TABLE ny_vehicle_colls_pipe
DROP COLUMN VEHICLE_TYPE_CODE_1;, parameters: None
[2023-12-11T22:06:15.873+0000] {taskinstance.py:1400} INFO - Marking task as SUCCESS. dag_id=NY_Motor_Vehicle_Collisions-v01.remove_replaced_dim_cols, task_id=remove_original_VEHICLE_TYPE_CODE_1_in_fact_table, execution_date=20231201T000000, start_date=20231211T220615, end_date=20231211T220615
[2023-12-11T22:06:15.928+0000] {local_task_job_runner.py:228} INFO - Task exited with return code 0
[2023-12-11T22:06:15.961+0000] {taskinstance.py:2778} INFO - 0 downstream tasks scheduled from follow-on schedule check
