[2023-12-08T17:14:38.883+0000] {taskinstance.py:1159} INFO - Dependencies all met for dep_context=non-requeueable deps ti=<TaskInstance: Allegheny_Co_Property_Sale_Transactions-v01.remove_samples_with_nulls.remove_samples_with_nulls.remove_RECORDDATE_col scheduled__2023-12-01T00:00:00+00:00 [queued]>
[2023-12-08T17:14:38.888+0000] {taskinstance.py:1159} INFO - Dependencies all met for dep_context=requeueable deps ti=<TaskInstance: Allegheny_Co_Property_Sale_Transactions-v01.remove_samples_with_nulls.remove_samples_with_nulls.remove_RECORDDATE_col scheduled__2023-12-01T00:00:00+00:00 [queued]>
[2023-12-08T17:14:38.889+0000] {taskinstance.py:1361} INFO - Starting attempt 1 of 6
[2023-12-08T17:14:38.900+0000] {taskinstance.py:1382} INFO - Executing <Task(PostgresOperator): remove_samples_with_nulls.remove_RECORDDATE_col> on 2023-12-01 00:00:00+00:00
[2023-12-08T17:14:38.904+0000] {standard_task_runner.py:57} INFO - Started process 2855 to run task
[2023-12-08T17:14:38.912+0000] {standard_task_runner.py:84} INFO - Running: ['***', 'tasks', 'run', 'Allegheny_Co_Property_Sale_Transactions-v01.remove_samples_with_nulls', 'remove_samples_with_nulls.remove_RECORDDATE_col', 'scheduled__2023-12-01T00:00:00+00:00', '--job-id', '19', '--raw', '--subdir', 'DAGS_FOLDER/Allegheny Co Property Sale Transactions.py', '--cfg-path', '/tmp/tmpdxzs53hp']
[2023-12-08T17:14:38.915+0000] {standard_task_runner.py:85} INFO - Job 19: Subtask remove_samples_with_nulls.remove_RECORDDATE_col
[2023-12-08T17:14:38.970+0000] {task_command.py:416} INFO - Running <TaskInstance: Allegheny_Co_Property_Sale_Transactions-v01.remove_samples_with_nulls.remove_samples_with_nulls.remove_RECORDDATE_col scheduled__2023-12-01T00:00:00+00:00 [running]> on host 1fc866509645
[2023-12-08T17:14:39.056+0000] {taskinstance.py:1662} INFO - Exporting env vars: AIRFLOW_CTX_DAG_OWNER='dunnbc22' AIRFLOW_CTX_DAG_ID='Allegheny_Co_Property_Sale_Transactions-v01.remove_samples_with_nulls' AIRFLOW_CTX_TASK_ID='remove_samples_with_nulls.remove_RECORDDATE_col' AIRFLOW_CTX_EXECUTION_DATE='2023-12-01T00:00:00+00:00' AIRFLOW_CTX_TRY_NUMBER='1' AIRFLOW_CTX_DAG_RUN_ID='scheduled__2023-12-01T00:00:00+00:00'
[2023-12-08T17:14:39.058+0000] {sql.py:274} INFO - Executing: -- params: table_name, column_name
DELETE FROM allegheny_co_property_sale_transactions
WHERE RECORDDATE is NULL;
[2023-12-08T17:14:39.067+0000] {base.py:73} INFO - Using connection ID 'postgres_conn' for task execution.
[2023-12-08T17:14:39.078+0000] {base.py:73} INFO - Using connection ID 'postgres_conn' for task execution.
[2023-12-08T17:14:39.082+0000] {sql.py:418} INFO - Running statement: -- params: table_name, column_name
DELETE FROM allegheny_co_property_sale_transactions
WHERE RECORDDATE is NULL;, parameters: None
[2023-12-08T17:14:41.104+0000] {taskinstance.py:1937} ERROR - Task failed with exception
Traceback (most recent call last):
  File "/home/airflow/.local/lib/python3.8/site-packages/airflow/providers/common/sql/operators/sql.py", line 280, in execute
    output = hook.run(
  File "/home/airflow/.local/lib/python3.8/site-packages/airflow/providers/common/sql/hooks/sql.py", line 392, in run
    self._run_command(cur, sql_statement, parameters)
  File "/home/airflow/.local/lib/python3.8/site-packages/airflow/providers/common/sql/hooks/sql.py", line 423, in _run_command
    cur.execute(sql_statement)
psycopg2.errors.DeadlockDetected: deadlock detected
DETAIL:  Process 79181 waits for ShareLock on transaction 1684; blocked by process 79176.
Process 79176 waits for ShareLock on transaction 1686; blocked by process 79180.
Process 79180 waits for ShareLock on transaction 1689; blocked by process 79181.
HINT:  See server log for query details.
CONTEXT:  while deleting tuple (1229,23) in relation "allegheny_co_property_sale_transactions"

[2023-12-08T17:14:41.127+0000] {taskinstance.py:1400} INFO - Marking task as UP_FOR_RETRY. dag_id=Allegheny_Co_Property_Sale_Transactions-v01.remove_samples_with_nulls, task_id=remove_samples_with_nulls.remove_RECORDDATE_col, execution_date=20231201T000000, start_date=20231208T171438, end_date=20231208T171441
[2023-12-08T17:14:41.141+0000] {standard_task_runner.py:104} ERROR - Failed to execute job 19 for task remove_samples_with_nulls.remove_RECORDDATE_col (deadlock detected
DETAIL:  Process 79181 waits for ShareLock on transaction 1684; blocked by process 79176.
Process 79176 waits for ShareLock on transaction 1686; blocked by process 79180.
Process 79180 waits for ShareLock on transaction 1689; blocked by process 79181.
HINT:  See server log for query details.
CONTEXT:  while deleting tuple (1229,23) in relation "allegheny_co_property_sale_transactions"
; 2855)
[2023-12-08T17:14:41.151+0000] {local_task_job_runner.py:228} INFO - Task exited with return code 1
[2023-12-08T17:14:41.178+0000] {taskinstance.py:2778} INFO - 0 downstream tasks scheduled from follow-on schedule check
[2023-12-08T18:02:01.132+0000] {taskinstance.py:1159} INFO - Dependencies all met for dep_context=non-requeueable deps ti=<TaskInstance: Allegheny_Co_Property_Sale_Transactions-v01.remove_samples_with_nulls.remove_samples_with_nulls.remove_RECORDDATE_col scheduled__2023-12-01T00:00:00+00:00 [queued]>
[2023-12-08T18:02:01.144+0000] {taskinstance.py:1159} INFO - Dependencies all met for dep_context=requeueable deps ti=<TaskInstance: Allegheny_Co_Property_Sale_Transactions-v01.remove_samples_with_nulls.remove_samples_with_nulls.remove_RECORDDATE_col scheduled__2023-12-01T00:00:00+00:00 [queued]>
[2023-12-08T18:02:01.145+0000] {taskinstance.py:1361} INFO - Starting attempt 1 of 6
[2023-12-08T18:02:01.164+0000] {taskinstance.py:1382} INFO - Executing <Task(PostgresOperator): remove_samples_with_nulls.remove_RECORDDATE_col> on 2023-12-01 00:00:00+00:00
[2023-12-08T18:02:01.173+0000] {standard_task_runner.py:57} INFO - Started process 6857 to run task
[2023-12-08T18:02:01.176+0000] {standard_task_runner.py:84} INFO - Running: ['***', 'tasks', 'run', 'Allegheny_Co_Property_Sale_Transactions-v01.remove_samples_with_nulls', 'remove_samples_with_nulls.remove_RECORDDATE_col', 'scheduled__2023-12-01T00:00:00+00:00', '--job-id', '90', '--raw', '--subdir', 'DAGS_FOLDER/Allegheny Co Property Sale Transactions.py', '--cfg-path', '/tmp/tmpgdz7_u8v']
[2023-12-08T18:02:01.179+0000] {standard_task_runner.py:85} INFO - Job 90: Subtask remove_samples_with_nulls.remove_RECORDDATE_col
[2023-12-08T18:02:01.263+0000] {task_command.py:416} INFO - Running <TaskInstance: Allegheny_Co_Property_Sale_Transactions-v01.remove_samples_with_nulls.remove_samples_with_nulls.remove_RECORDDATE_col scheduled__2023-12-01T00:00:00+00:00 [running]> on host 1fc866509645
[2023-12-08T18:02:01.354+0000] {taskinstance.py:1662} INFO - Exporting env vars: AIRFLOW_CTX_DAG_OWNER='dunnbc22' AIRFLOW_CTX_DAG_ID='Allegheny_Co_Property_Sale_Transactions-v01.remove_samples_with_nulls' AIRFLOW_CTX_TASK_ID='remove_samples_with_nulls.remove_RECORDDATE_col' AIRFLOW_CTX_EXECUTION_DATE='2023-12-01T00:00:00+00:00' AIRFLOW_CTX_TRY_NUMBER='1' AIRFLOW_CTX_DAG_RUN_ID='scheduled__2023-12-01T00:00:00+00:00'
[2023-12-08T18:02:01.354+0000] {sql.py:274} INFO - Executing: -- params: table_name, column_name
DELETE FROM allegheny_co_property_sale_transactions
WHERE RECORDDATE is NULL;
[2023-12-08T18:02:01.366+0000] {base.py:73} INFO - Using connection ID 'postgres_conn' for task execution.
[2023-12-08T18:02:01.380+0000] {base.py:73} INFO - Using connection ID 'postgres_conn' for task execution.
[2023-12-08T18:02:01.390+0000] {sql.py:418} INFO - Running statement: -- params: table_name, column_name
DELETE FROM allegheny_co_property_sale_transactions
WHERE RECORDDATE is NULL;, parameters: None
[2023-12-08T18:02:02.407+0000] {taskinstance.py:1937} ERROR - Task failed with exception
Traceback (most recent call last):
  File "/home/airflow/.local/lib/python3.8/site-packages/airflow/providers/common/sql/operators/sql.py", line 280, in execute
    output = hook.run(
  File "/home/airflow/.local/lib/python3.8/site-packages/airflow/providers/common/sql/hooks/sql.py", line 392, in run
    self._run_command(cur, sql_statement, parameters)
  File "/home/airflow/.local/lib/python3.8/site-packages/airflow/providers/common/sql/hooks/sql.py", line 423, in _run_command
    cur.execute(sql_statement)
psycopg2.errors.DeadlockDetected: deadlock detected
DETAIL:  Process 80396 waits for ShareLock on transaction 1776; blocked by process 80397.
Process 80397 waits for ShareLock on transaction 1772; blocked by process 80395.
Process 80395 waits for ShareLock on transaction 1775; blocked by process 80396.
HINT:  See server log for query details.
CONTEXT:  while deleting tuple (673,2) in relation "allegheny_co_property_sale_transactions"

[2023-12-08T18:02:02.427+0000] {taskinstance.py:1400} INFO - Marking task as UP_FOR_RETRY. dag_id=Allegheny_Co_Property_Sale_Transactions-v01.remove_samples_with_nulls, task_id=remove_samples_with_nulls.remove_RECORDDATE_col, execution_date=20231201T000000, start_date=20231208T180201, end_date=20231208T180202
[2023-12-08T18:02:02.442+0000] {standard_task_runner.py:104} ERROR - Failed to execute job 90 for task remove_samples_with_nulls.remove_RECORDDATE_col (deadlock detected
DETAIL:  Process 80396 waits for ShareLock on transaction 1776; blocked by process 80397.
Process 80397 waits for ShareLock on transaction 1772; blocked by process 80395.
Process 80395 waits for ShareLock on transaction 1775; blocked by process 80396.
HINT:  See server log for query details.
CONTEXT:  while deleting tuple (673,2) in relation "allegheny_co_property_sale_transactions"
; 6857)
[2023-12-08T18:02:02.474+0000] {local_task_job_runner.py:228} INFO - Task exited with return code 1
[2023-12-08T18:02:02.504+0000] {taskinstance.py:2778} INFO - 0 downstream tasks scheduled from follow-on schedule check
