[2023-12-21T16:43:34.872+0000] {taskinstance.py:1159} INFO - Dependencies all met for dep_context=non-requeueable deps ti=<TaskInstance: Loan_Prediction-v01.insert_fk_into_fact_table.insert_fk_col_in_fact_table_Dependents scheduled__2023-12-01T00:00:00+00:00 [queued]>
[2023-12-21T16:43:34.880+0000] {taskinstance.py:1159} INFO - Dependencies all met for dep_context=requeueable deps ti=<TaskInstance: Loan_Prediction-v01.insert_fk_into_fact_table.insert_fk_col_in_fact_table_Dependents scheduled__2023-12-01T00:00:00+00:00 [queued]>
[2023-12-21T16:43:34.881+0000] {taskinstance.py:1361} INFO - Starting attempt 1 of 6
[2023-12-21T16:43:34.889+0000] {taskinstance.py:1382} INFO - Executing <Task(PostgresOperator): insert_fk_col_in_fact_table_Dependents> on 2023-12-01 00:00:00+00:00
[2023-12-21T16:43:34.892+0000] {standard_task_runner.py:57} INFO - Started process 2266 to run task
[2023-12-21T16:43:34.895+0000] {standard_task_runner.py:84} INFO - Running: ['***', 'tasks', 'run', 'Loan_Prediction-v01.insert_fk_into_fact_table', 'insert_fk_col_in_fact_table_Dependents', 'scheduled__2023-12-01T00:00:00+00:00', '--job-id', '38', '--raw', '--subdir', 'DAGS_FOLDER/Loan_Prediction.py', '--cfg-path', '/tmp/tmptvx4wq6r']
[2023-12-21T16:43:34.897+0000] {standard_task_runner.py:85} INFO - Job 38: Subtask insert_fk_col_in_fact_table_Dependents
[2023-12-21T16:43:34.951+0000] {task_command.py:416} INFO - Running <TaskInstance: Loan_Prediction-v01.insert_fk_into_fact_table.insert_fk_col_in_fact_table_Dependents scheduled__2023-12-01T00:00:00+00:00 [running]> on host 56b600c92613
[2023-12-21T16:43:35.025+0000] {taskinstance.py:1662} INFO - Exporting env vars: AIRFLOW_CTX_DAG_OWNER='dunnbc22' AIRFLOW_CTX_DAG_ID='Loan_Prediction-v01.insert_fk_into_fact_table' AIRFLOW_CTX_TASK_ID='insert_fk_col_in_fact_table_Dependents' AIRFLOW_CTX_EXECUTION_DATE='2023-12-01T00:00:00+00:00' AIRFLOW_CTX_TRY_NUMBER='1' AIRFLOW_CTX_DAG_RUN_ID='scheduled__2023-12-01T00:00:00+00:00'
[2023-12-21T16:43:35.026+0000] {sql.py:274} INFO - Executing: -- params: table_name, dimension_col

/*
Steps 1-3 were completed in the create_dim_table.sql 
file & associated PostgresOperator
*/


-- Step 4: Add foreign key column to fact table
ALTER TABLE loan_prediction_pipe
ADD COLUMN Dependents_id INTEGER;

-- Step 4: Update foreign key column to fact table with 
-- appropriate id (that matches with dim table)
UPDATE loan_prediction_pipe
SET Dependents_id = dimension_table_Dependents.id
FROM dimension_table_Dependents
WHERE COALESCE(loan_prediction_pipe.Dependents::text, '') = COALESCE(dimension_table_Dependents.Dependents::text, '');
[2023-12-21T16:43:35.036+0000] {base.py:73} INFO - Using connection ID 'postgres_conn' for task execution.
[2023-12-21T16:43:35.043+0000] {base.py:73} INFO - Using connection ID 'postgres_conn' for task execution.
[2023-12-21T16:43:35.050+0000] {sql.py:418} INFO - Running statement: -- params: table_name, dimension_col

/*
Steps 1-3 were completed in the create_dim_table.sql 
file & associated PostgresOperator
*/


-- Step 4: Add foreign key column to fact table
ALTER TABLE loan_prediction_pipe
ADD COLUMN Dependents_id INTEGER;

-- Step 4: Update foreign key column to fact table with 
-- appropriate id (that matches with dim table)
UPDATE loan_prediction_pipe
SET Dependents_id = dimension_table_Dependents.id
FROM dimension_table_Dependents
WHERE COALESCE(loan_prediction_pipe.Dependents::text, '') = COALESCE(dimension_table_Dependents.Dependents::text, '');, parameters: None
[2023-12-21T16:43:35.061+0000] {sql.py:427} INFO - Rows affected: 554
[2023-12-21T16:43:35.069+0000] {taskinstance.py:1400} INFO - Marking task as SUCCESS. dag_id=Loan_Prediction-v01.insert_fk_into_fact_table, task_id=insert_fk_col_in_fact_table_Dependents, execution_date=20231201T000000, start_date=20231221T164334, end_date=20231221T164335
[2023-12-21T16:43:35.109+0000] {local_task_job_runner.py:228} INFO - Task exited with return code 0
[2023-12-21T16:43:35.136+0000] {taskinstance.py:2778} INFO - 0 downstream tasks scheduled from follow-on schedule check
