[2023-12-12T00:16:15.616+0000] {taskinstance.py:1159} INFO - Dependencies all met for dep_context=non-requeueable deps ti=<TaskInstance: Online_Shopping_Dataset-v01.remove_replaced_dim_cols.remove_original_Product_Category_in_fact_table scheduled__2023-12-01T00:00:00+00:00 [queued]>
[2023-12-12T00:16:15.624+0000] {taskinstance.py:1159} INFO - Dependencies all met for dep_context=requeueable deps ti=<TaskInstance: Online_Shopping_Dataset-v01.remove_replaced_dim_cols.remove_original_Product_Category_in_fact_table scheduled__2023-12-01T00:00:00+00:00 [queued]>
[2023-12-12T00:16:15.626+0000] {taskinstance.py:1361} INFO - Starting attempt 1 of 6
[2023-12-12T00:16:15.637+0000] {taskinstance.py:1382} INFO - Executing <Task(PostgresOperator): remove_original_Product_Category_in_fact_table> on 2023-12-01 00:00:00+00:00
[2023-12-12T00:16:15.645+0000] {standard_task_runner.py:57} INFO - Started process 1043 to run task
[2023-12-12T00:16:15.651+0000] {standard_task_runner.py:84} INFO - Running: ['***', 'tasks', 'run', 'Online_Shopping_Dataset-v01.remove_replaced_dim_cols', 'remove_original_Product_Category_in_fact_table', 'scheduled__2023-12-01T00:00:00+00:00', '--job-id', '49', '--raw', '--subdir', 'DAGS_FOLDER/Online_Shopping_Dataset.py', '--cfg-path', '/tmp/tmpea5vfq3p']
[2023-12-12T00:16:15.657+0000] {standard_task_runner.py:85} INFO - Job 49: Subtask remove_original_Product_Category_in_fact_table
[2023-12-12T00:16:15.721+0000] {task_command.py:416} INFO - Running <TaskInstance: Online_Shopping_Dataset-v01.remove_replaced_dim_cols.remove_original_Product_Category_in_fact_table scheduled__2023-12-01T00:00:00+00:00 [running]> on host 79f7e52c702e
[2023-12-12T00:16:15.809+0000] {taskinstance.py:1662} INFO - Exporting env vars: AIRFLOW_CTX_DAG_OWNER='dunnbc22' AIRFLOW_CTX_DAG_ID='Online_Shopping_Dataset-v01.remove_replaced_dim_cols' AIRFLOW_CTX_TASK_ID='remove_original_Product_Category_in_fact_table' AIRFLOW_CTX_EXECUTION_DATE='2023-12-01T00:00:00+00:00' AIRFLOW_CTX_TRY_NUMBER='1' AIRFLOW_CTX_DAG_RUN_ID='scheduled__2023-12-01T00:00:00+00:00'
[2023-12-12T00:16:15.813+0000] {sql.py:274} INFO - Executing: -- table_name, column_name
ALTER TABLE online_shopping_dataset_pipe
DROP COLUMN Product_Category;
[2023-12-12T00:16:15.821+0000] {base.py:73} INFO - Using connection ID 'postgres_conn' for task execution.
[2023-12-12T00:16:15.838+0000] {base.py:73} INFO - Using connection ID 'postgres_conn' for task execution.
[2023-12-12T00:16:15.858+0000] {sql.py:418} INFO - Running statement: -- table_name, column_name
ALTER TABLE online_shopping_dataset_pipe
DROP COLUMN Product_Category;, parameters: None
[2023-12-12T00:16:15.877+0000] {taskinstance.py:1400} INFO - Marking task as SUCCESS. dag_id=Online_Shopping_Dataset-v01.remove_replaced_dim_cols, task_id=remove_original_Product_Category_in_fact_table, execution_date=20231201T000000, start_date=20231212T001615, end_date=20231212T001615
[2023-12-12T00:16:15.916+0000] {local_task_job_runner.py:228} INFO - Task exited with return code 0
[2023-12-12T00:16:15.946+0000] {taskinstance.py:2778} INFO - 0 downstream tasks scheduled from follow-on schedule check
