[2023-12-11T22:01:16.733+0000] {taskinstance.py:1159} INFO - Dependencies all met for dep_context=non-requeueable deps ti=<TaskInstance: NY_Motor_Vehicle_Collisions-v01.remove_samples_with_nulls.remove_samples_with_nulls.remove_CONTRIBUTING_FACTOR_VEHICLE_1_col scheduled__2023-12-01T00:00:00+00:00 [queued]>
[2023-12-11T22:01:16.737+0000] {taskinstance.py:1159} INFO - Dependencies all met for dep_context=requeueable deps ti=<TaskInstance: NY_Motor_Vehicle_Collisions-v01.remove_samples_with_nulls.remove_samples_with_nulls.remove_CONTRIBUTING_FACTOR_VEHICLE_1_col scheduled__2023-12-01T00:00:00+00:00 [queued]>
[2023-12-11T22:01:16.737+0000] {taskinstance.py:1361} INFO - Starting attempt 2 of 6
[2023-12-11T22:01:16.743+0000] {taskinstance.py:1382} INFO - Executing <Task(PostgresOperator): remove_samples_with_nulls.remove_CONTRIBUTING_FACTOR_VEHICLE_1_col> on 2023-12-01 00:00:00+00:00
[2023-12-11T22:01:16.745+0000] {standard_task_runner.py:57} INFO - Started process 685 to run task
[2023-12-11T22:01:16.747+0000] {standard_task_runner.py:84} INFO - Running: ['***', 'tasks', 'run', 'NY_Motor_Vehicle_Collisions-v01.remove_samples_with_nulls', 'remove_samples_with_nulls.remove_CONTRIBUTING_FACTOR_VEHICLE_1_col', 'scheduled__2023-12-01T00:00:00+00:00', '--job-id', '30', '--raw', '--subdir', 'DAGS_FOLDER/NY_Motor_Vehicle_Collisions.py', '--cfg-path', '/tmp/tmp61zxuib6']
[2023-12-11T22:01:16.748+0000] {standard_task_runner.py:85} INFO - Job 30: Subtask remove_samples_with_nulls.remove_CONTRIBUTING_FACTOR_VEHICLE_1_col
[2023-12-11T22:01:16.776+0000] {task_command.py:416} INFO - Running <TaskInstance: NY_Motor_Vehicle_Collisions-v01.remove_samples_with_nulls.remove_samples_with_nulls.remove_CONTRIBUTING_FACTOR_VEHICLE_1_col scheduled__2023-12-01T00:00:00+00:00 [running]> on host bebedc023197
[2023-12-11T22:01:16.815+0000] {taskinstance.py:1662} INFO - Exporting env vars: AIRFLOW_CTX_DAG_OWNER='dunnbc22' AIRFLOW_CTX_DAG_ID='NY_Motor_Vehicle_Collisions-v01.remove_samples_with_nulls' AIRFLOW_CTX_TASK_ID='remove_samples_with_nulls.remove_CONTRIBUTING_FACTOR_VEHICLE_1_col' AIRFLOW_CTX_EXECUTION_DATE='2023-12-01T00:00:00+00:00' AIRFLOW_CTX_TRY_NUMBER='2' AIRFLOW_CTX_DAG_RUN_ID='scheduled__2023-12-01T00:00:00+00:00'
[2023-12-11T22:01:16.815+0000] {sql.py:274} INFO - Executing: -- params: table_name, column_name
DELETE FROM ny_vehicle_colls_pipe
WHERE CONTRIBUTING_FACTOR_VEHICLE_1 is NULL;
[2023-12-11T22:01:16.821+0000] {base.py:73} INFO - Using connection ID 'postgres_conn' for task execution.
[2023-12-11T22:01:16.827+0000] {base.py:73} INFO - Using connection ID 'postgres_conn' for task execution.
[2023-12-11T22:01:16.832+0000] {sql.py:418} INFO - Running statement: -- params: table_name, column_name
DELETE FROM ny_vehicle_colls_pipe
WHERE CONTRIBUTING_FACTOR_VEHICLE_1 is NULL;, parameters: None
[2023-12-11T22:01:17.207+0000] {sql.py:427} INFO - Rows affected: 2704
[2023-12-11T22:01:17.233+0000] {taskinstance.py:1400} INFO - Marking task as SUCCESS. dag_id=NY_Motor_Vehicle_Collisions-v01.remove_samples_with_nulls, task_id=remove_samples_with_nulls.remove_CONTRIBUTING_FACTOR_VEHICLE_1_col, execution_date=20231201T000000, start_date=20231211T220116, end_date=20231211T220117
[2023-12-11T22:01:17.264+0000] {local_task_job_runner.py:228} INFO - Task exited with return code 0
[2023-12-11T22:01:17.294+0000] {taskinstance.py:2778} INFO - 0 downstream tasks scheduled from follow-on schedule check
