[2023-12-21T16:57:56.322+0000] {taskinstance.py:1159} INFO - Dependencies all met for dep_context=non-requeueable deps ti=<TaskInstance: Indicators_of_Heart_Disease_2022-v01.impute_missing_values_numbers.impute_missing_values_in_MentalHealthDays_with_median scheduled__2023-12-01T00:00:00+00:00 [queued]>
[2023-12-21T16:57:56.327+0000] {taskinstance.py:1159} INFO - Dependencies all met for dep_context=requeueable deps ti=<TaskInstance: Indicators_of_Heart_Disease_2022-v01.impute_missing_values_numbers.impute_missing_values_in_MentalHealthDays_with_median scheduled__2023-12-01T00:00:00+00:00 [queued]>
[2023-12-21T16:57:56.328+0000] {taskinstance.py:1361} INFO - Starting attempt 1 of 6
[2023-12-21T16:57:56.338+0000] {taskinstance.py:1382} INFO - Executing <Task(PostgresOperator): impute_missing_values_in_MentalHealthDays_with_median> on 2023-12-01 00:00:00+00:00
[2023-12-21T16:57:56.342+0000] {standard_task_runner.py:57} INFO - Started process 1587 to run task
[2023-12-21T16:57:56.345+0000] {standard_task_runner.py:84} INFO - Running: ['***', 'tasks', 'run', 'Indicators_of_Heart_Disease_2022-v01.impute_missing_values_numbers', 'impute_missing_values_in_MentalHealthDays_with_median', 'scheduled__2023-12-01T00:00:00+00:00', '--job-id', '91', '--raw', '--subdir', 'DAGS_FOLDER/Indicators_of_Heart_Disease_2022.py', '--cfg-path', '/tmp/tmp9q0buuq4']
[2023-12-21T16:57:56.347+0000] {standard_task_runner.py:85} INFO - Job 91: Subtask impute_missing_values_in_MentalHealthDays_with_median
[2023-12-21T16:57:56.391+0000] {task_command.py:416} INFO - Running <TaskInstance: Indicators_of_Heart_Disease_2022-v01.impute_missing_values_numbers.impute_missing_values_in_MentalHealthDays_with_median scheduled__2023-12-01T00:00:00+00:00 [running]> on host 8e01071a5eb3
[2023-12-21T16:57:56.448+0000] {taskinstance.py:1662} INFO - Exporting env vars: AIRFLOW_CTX_DAG_OWNER='dunnbc22' AIRFLOW_CTX_DAG_ID='Indicators_of_Heart_Disease_2022-v01.impute_missing_values_numbers' AIRFLOW_CTX_TASK_ID='impute_missing_values_in_MentalHealthDays_with_median' AIRFLOW_CTX_EXECUTION_DATE='2023-12-01T00:00:00+00:00' AIRFLOW_CTX_TRY_NUMBER='1' AIRFLOW_CTX_DAG_RUN_ID='scheduled__2023-12-01T00:00:00+00:00'
[2023-12-21T16:57:56.449+0000] {sql.py:274} INFO - Executing: -- params: table_name, column_name

UPDATE indicators_of_heart_disease_2022_pipe
SET MentalHealthDays = subquery.median_value
FROM (
    SELECT 
        MentalHealthDays,
        CASE 
            WHEN COUNT(*) % 2 = 1 THEN percentile_cont(0.5) WITHIN GROUP (ORDER BY MentalHealthDays::numeric) 
            ELSE AVG(CASE WHEN MentalHealthDays IS NOT NULL THEN MentalHealthDays END)
        END AS median_value
    FROM indicators_of_heart_disease_2022_pipe
    WHERE indicators_of_heart_disease_2022_pipe.MentalHealthDays IS NOT NULL
    GROUP BY indicators_of_heart_disease_2022_pipe.MentalHealthDays
) AS subquery
WHERE indicators_of_heart_disease_2022_pipe.MentalHealthDays IS NULL;
[2023-12-21T16:57:56.458+0000] {base.py:73} INFO - Using connection ID 'postgres_conn' for task execution.
[2023-12-21T16:57:56.466+0000] {base.py:73} INFO - Using connection ID 'postgres_conn' for task execution.
[2023-12-21T16:57:56.471+0000] {sql.py:418} INFO - Running statement: -- params: table_name, column_name

UPDATE indicators_of_heart_disease_2022_pipe
SET MentalHealthDays = subquery.median_value
FROM (
    SELECT 
        MentalHealthDays,
        CASE 
            WHEN COUNT(*) % 2 = 1 THEN percentile_cont(0.5) WITHIN GROUP (ORDER BY MentalHealthDays::numeric) 
            ELSE AVG(CASE WHEN MentalHealthDays IS NOT NULL THEN MentalHealthDays END)
        END AS median_value
    FROM indicators_of_heart_disease_2022_pipe
    WHERE indicators_of_heart_disease_2022_pipe.MentalHealthDays IS NOT NULL
    GROUP BY indicators_of_heart_disease_2022_pipe.MentalHealthDays
) AS subquery
WHERE indicators_of_heart_disease_2022_pipe.MentalHealthDays IS NULL;, parameters: None
[2023-12-21T16:57:57.724+0000] {sql.py:427} INFO - Rows affected: 7062
[2023-12-21T16:57:57.741+0000] {taskinstance.py:1400} INFO - Marking task as SUCCESS. dag_id=Indicators_of_Heart_Disease_2022-v01.impute_missing_values_numbers, task_id=impute_missing_values_in_MentalHealthDays_with_median, execution_date=20231201T000000, start_date=20231221T165756, end_date=20231221T165757
[2023-12-21T16:57:57.785+0000] {local_task_job_runner.py:228} INFO - Task exited with return code 0
[2023-12-21T16:57:57.831+0000] {taskinstance.py:2778} INFO - 0 downstream tasks scheduled from follow-on schedule check
