[2023-12-21T16:16:12.267+0000] {taskinstance.py:1159} INFO - Dependencies all met for dep_context=non-requeueable deps ti=<TaskInstance: Insurance_Fraud-v01.remove_replaced_dim_cols.remove_original_PastNumberOfClaims_in_fact_table scheduled__2023-12-01T00:00:00+00:00 [queued]>
[2023-12-21T16:16:12.283+0000] {taskinstance.py:1159} INFO - Dependencies all met for dep_context=requeueable deps ti=<TaskInstance: Insurance_Fraud-v01.remove_replaced_dim_cols.remove_original_PastNumberOfClaims_in_fact_table scheduled__2023-12-01T00:00:00+00:00 [queued]>
[2023-12-21T16:16:12.291+0000] {taskinstance.py:1361} INFO - Starting attempt 1 of 6
[2023-12-21T16:16:12.333+0000] {taskinstance.py:1382} INFO - Executing <Task(PostgresOperator): remove_original_PastNumberOfClaims_in_fact_table> on 2023-12-01 00:00:00+00:00
[2023-12-21T16:16:12.340+0000] {standard_task_runner.py:57} INFO - Started process 1047 to run task
[2023-12-21T16:16:12.366+0000] {standard_task_runner.py:84} INFO - Running: ['***', 'tasks', 'run', 'Insurance_Fraud-v01.remove_replaced_dim_cols', 'remove_original_PastNumberOfClaims_in_fact_table', 'scheduled__2023-12-01T00:00:00+00:00', '--job-id', '73', '--raw', '--subdir', 'DAGS_FOLDER/Insurance_Fraud.py', '--cfg-path', '/tmp/tmp2m41mpab']
[2023-12-21T16:16:12.387+0000] {standard_task_runner.py:85} INFO - Job 73: Subtask remove_original_PastNumberOfClaims_in_fact_table
[2023-12-21T16:16:12.455+0000] {task_command.py:416} INFO - Running <TaskInstance: Insurance_Fraud-v01.remove_replaced_dim_cols.remove_original_PastNumberOfClaims_in_fact_table scheduled__2023-12-01T00:00:00+00:00 [running]> on host 8e15cdf87c56
[2023-12-21T16:16:12.636+0000] {taskinstance.py:1662} INFO - Exporting env vars: AIRFLOW_CTX_DAG_OWNER='dunnbc22' AIRFLOW_CTX_DAG_ID='Insurance_Fraud-v01.remove_replaced_dim_cols' AIRFLOW_CTX_TASK_ID='remove_original_PastNumberOfClaims_in_fact_table' AIRFLOW_CTX_EXECUTION_DATE='2023-12-01T00:00:00+00:00' AIRFLOW_CTX_TRY_NUMBER='1' AIRFLOW_CTX_DAG_RUN_ID='scheduled__2023-12-01T00:00:00+00:00'
[2023-12-21T16:16:12.640+0000] {sql.py:274} INFO - Executing: -- table_name, column_name
ALTER TABLE insurance_fraud_pipeline
DROP COLUMN PastNumberOfClaims;
[2023-12-21T16:16:12.674+0000] {base.py:73} INFO - Using connection ID 'postgres_conn' for task execution.
[2023-12-21T16:16:12.691+0000] {base.py:73} INFO - Using connection ID 'postgres_conn' for task execution.
[2023-12-21T16:16:12.743+0000] {sql.py:418} INFO - Running statement: -- table_name, column_name
ALTER TABLE insurance_fraud_pipeline
DROP COLUMN PastNumberOfClaims;, parameters: None
[2023-12-21T16:16:12.793+0000] {taskinstance.py:1400} INFO - Marking task as SUCCESS. dag_id=Insurance_Fraud-v01.remove_replaced_dim_cols, task_id=remove_original_PastNumberOfClaims_in_fact_table, execution_date=20231201T000000, start_date=20231221T161612, end_date=20231221T161612
[2023-12-21T16:16:12.853+0000] {local_task_job_runner.py:228} INFO - Task exited with return code 0
[2023-12-21T16:16:12.909+0000] {taskinstance.py:2778} INFO - 0 downstream tasks scheduled from follow-on schedule check
