[2023-12-12T19:35:04.244+0000] {taskinstance.py:1159} INFO - Dependencies all met for dep_context=non-requeueable deps ti=<TaskInstance: pred_accident_risk_score_unique_postcodes-v01.create_dim_tables.create_dim_Road_Type_table scheduled__2023-12-01T00:00:00+00:00 [queued]>
[2023-12-12T19:35:04.256+0000] {taskinstance.py:1159} INFO - Dependencies all met for dep_context=requeueable deps ti=<TaskInstance: pred_accident_risk_score_unique_postcodes-v01.create_dim_tables.create_dim_Road_Type_table scheduled__2023-12-01T00:00:00+00:00 [queued]>
[2023-12-12T19:35:04.256+0000] {taskinstance.py:1361} INFO - Starting attempt 1 of 6
[2023-12-12T19:35:04.307+0000] {taskinstance.py:1382} INFO - Executing <Task(PostgresOperator): create_dim_Road_Type_table> on 2023-12-01 00:00:00+00:00
[2023-12-12T19:35:04.314+0000] {standard_task_runner.py:57} INFO - Started process 458 to run task
[2023-12-12T19:35:04.320+0000] {standard_task_runner.py:84} INFO - Running: ['***', 'tasks', 'run', 'pred_accident_risk_score_unique_postcodes-v01.create_dim_tables', 'create_dim_Road_Type_table', 'scheduled__2023-12-01T00:00:00+00:00', '--job-id', '16', '--raw', '--subdir', 'DAGS_FOLDER/Predict_Accident_Risk_Score_For_Unique_Postcodes.py', '--cfg-path', '/tmp/tmpxrqjlj5e']
[2023-12-12T19:35:04.340+0000] {standard_task_runner.py:85} INFO - Job 16: Subtask create_dim_Road_Type_table
[2023-12-12T19:35:04.453+0000] {task_command.py:416} INFO - Running <TaskInstance: pred_accident_risk_score_unique_postcodes-v01.create_dim_tables.create_dim_Road_Type_table scheduled__2023-12-01T00:00:00+00:00 [running]> on host 79e6b838224c
[2023-12-12T19:35:04.634+0000] {taskinstance.py:1662} INFO - Exporting env vars: AIRFLOW_CTX_DAG_OWNER='dunnbc22' AIRFLOW_CTX_DAG_ID='pred_accident_risk_score_unique_postcodes-v01.create_dim_tables' AIRFLOW_CTX_TASK_ID='create_dim_Road_Type_table' AIRFLOW_CTX_EXECUTION_DATE='2023-12-01T00:00:00+00:00' AIRFLOW_CTX_TRY_NUMBER='1' AIRFLOW_CTX_DAG_RUN_ID='scheduled__2023-12-01T00:00:00+00:00'
[2023-12-12T19:35:04.635+0000] {sql.py:274} INFO - Executing: -- params: table_name, dimension_col, data_type

-- Step 1: Extract Unique Values
CREATE TEMPORARY TABLE unique_values_Road_Type AS
SELECT DISTINCT Road_Type FROM predict_accident_risk_pipe;

-- Step 2: Create Dimension Table
DROP TABLE IF EXISTS dimension_table_Road_Type;
CREATE TABLE dimension_table_Road_Type (
    id SERIAL PRIMARY KEY,
    Road_Type VARCHAR
);

-- Step 3: Insert unique values into dimension table
INSERT INTO dimension_table_Road_Type (Road_Type)
SELECT * FROM unique_values_Road_Type;
[2023-12-12T19:35:04.667+0000] {base.py:73} INFO - Using connection ID 'postgres_conn' for task execution.
[2023-12-12T19:35:04.692+0000] {base.py:73} INFO - Using connection ID 'postgres_conn' for task execution.
[2023-12-12T19:35:04.711+0000] {sql.py:418} INFO - Running statement: -- params: table_name, dimension_col, data_type

-- Step 1: Extract Unique Values
CREATE TEMPORARY TABLE unique_values_Road_Type AS
SELECT DISTINCT Road_Type FROM predict_accident_risk_pipe;

-- Step 2: Create Dimension Table
DROP TABLE IF EXISTS dimension_table_Road_Type;
CREATE TABLE dimension_table_Road_Type (
    id SERIAL PRIMARY KEY,
    Road_Type VARCHAR
);

-- Step 3: Insert unique values into dimension table
INSERT INTO dimension_table_Road_Type (Road_Type)
SELECT * FROM unique_values_Road_Type;, parameters: None
[2023-12-12T19:35:05.181+0000] {sql.py:427} INFO - Rows affected: 6
[2023-12-12T19:35:05.195+0000] {taskinstance.py:1400} INFO - Marking task as SUCCESS. dag_id=pred_accident_risk_score_unique_postcodes-v01.create_dim_tables, task_id=create_dim_Road_Type_table, execution_date=20231201T000000, start_date=20231212T193504, end_date=20231212T193505
[2023-12-12T19:35:05.239+0000] {local_task_job_runner.py:228} INFO - Task exited with return code 0
[2023-12-12T19:35:05.262+0000] {taskinstance.py:2778} INFO - 0 downstream tasks scheduled from follow-on schedule check
