[2023-12-21T16:55:08.156+0000] {taskinstance.py:1159} INFO - Dependencies all met for dep_context=non-requeueable deps ti=<TaskInstance: Indicators_of_Heart_Disease_2022-v01.impute_missing_values_strings.impute_LastCheckupTime_with_mode scheduled__2023-12-01T00:00:00+00:00 [queued]>
[2023-12-21T16:55:08.161+0000] {taskinstance.py:1159} INFO - Dependencies all met for dep_context=requeueable deps ti=<TaskInstance: Indicators_of_Heart_Disease_2022-v01.impute_missing_values_strings.impute_LastCheckupTime_with_mode scheduled__2023-12-01T00:00:00+00:00 [queued]>
[2023-12-21T16:55:08.161+0000] {taskinstance.py:1361} INFO - Starting attempt 2 of 6
[2023-12-21T16:55:08.167+0000] {taskinstance.py:1382} INFO - Executing <Task(PostgresOperator): impute_LastCheckupTime_with_mode> on 2023-12-01 00:00:00+00:00
[2023-12-21T16:55:08.171+0000] {standard_task_runner.py:57} INFO - Started process 1227 to run task
[2023-12-21T16:55:08.173+0000] {standard_task_runner.py:84} INFO - Running: ['***', 'tasks', 'run', 'Indicators_of_Heart_Disease_2022-v01.impute_missing_values_strings', 'impute_LastCheckupTime_with_mode', 'scheduled__2023-12-01T00:00:00+00:00', '--job-id', '75', '--raw', '--subdir', 'DAGS_FOLDER/Indicators_of_Heart_Disease_2022.py', '--cfg-path', '/tmp/tmpav3kbr9b']
[2023-12-21T16:55:08.174+0000] {standard_task_runner.py:85} INFO - Job 75: Subtask impute_LastCheckupTime_with_mode
[2023-12-21T16:55:08.206+0000] {task_command.py:416} INFO - Running <TaskInstance: Indicators_of_Heart_Disease_2022-v01.impute_missing_values_strings.impute_LastCheckupTime_with_mode scheduled__2023-12-01T00:00:00+00:00 [running]> on host 8e01071a5eb3
[2023-12-21T16:55:08.251+0000] {taskinstance.py:1662} INFO - Exporting env vars: AIRFLOW_CTX_DAG_OWNER='dunnbc22' AIRFLOW_CTX_DAG_ID='Indicators_of_Heart_Disease_2022-v01.impute_missing_values_strings' AIRFLOW_CTX_TASK_ID='impute_LastCheckupTime_with_mode' AIRFLOW_CTX_EXECUTION_DATE='2023-12-01T00:00:00+00:00' AIRFLOW_CTX_TRY_NUMBER='2' AIRFLOW_CTX_DAG_RUN_ID='scheduled__2023-12-01T00:00:00+00:00'
[2023-12-21T16:55:08.252+0000] {sql.py:274} INFO - Executing: -- params: table_name, column_name

UPDATE indicators_of_heart_disease_2022_pipe
SET LastCheckupTime = (
    SELECT LastCheckupTime 
    FROM indicators_of_heart_disease_2022_pipe
    WHERE LastCheckupTime IS NOT NULL
    GROUP BY LastCheckupTime
    ORDER BY COUNT(*) DESC
    LIMIT 1
)
WHERE LastCheckupTime IS NULL;
[2023-12-21T16:55:08.258+0000] {base.py:73} INFO - Using connection ID 'postgres_conn' for task execution.
[2023-12-21T16:55:08.264+0000] {base.py:73} INFO - Using connection ID 'postgres_conn' for task execution.
[2023-12-21T16:55:08.268+0000] {sql.py:418} INFO - Running statement: -- params: table_name, column_name

UPDATE indicators_of_heart_disease_2022_pipe
SET LastCheckupTime = (
    SELECT LastCheckupTime 
    FROM indicators_of_heart_disease_2022_pipe
    WHERE LastCheckupTime IS NOT NULL
    GROUP BY LastCheckupTime
    ORDER BY COUNT(*) DESC
    LIMIT 1
)
WHERE LastCheckupTime IS NULL;, parameters: None
[2023-12-21T16:55:08.516+0000] {sql.py:427} INFO - Rows affected: 6964
[2023-12-21T16:55:08.524+0000] {taskinstance.py:1400} INFO - Marking task as SUCCESS. dag_id=Indicators_of_Heart_Disease_2022-v01.impute_missing_values_strings, task_id=impute_LastCheckupTime_with_mode, execution_date=20231201T000000, start_date=20231221T165508, end_date=20231221T165508
[2023-12-21T16:55:08.555+0000] {local_task_job_runner.py:228} INFO - Task exited with return code 0
[2023-12-21T16:55:08.584+0000] {taskinstance.py:2778} INFO - 0 downstream tasks scheduled from follow-on schedule check
