[2023-12-19T19:35:34.462+0000] {taskinstance.py:1159} INFO - Dependencies all met for dep_context=non-requeueable deps ti=<TaskInstance: Auto_Insurance-v01.remove_replaced_dim_cols.remove_original_Location_Code_in_fact_table scheduled__2023-12-01T00:00:00+00:00 [queued]>
[2023-12-19T19:35:34.482+0000] {taskinstance.py:1159} INFO - Dependencies all met for dep_context=requeueable deps ti=<TaskInstance: Auto_Insurance-v01.remove_replaced_dim_cols.remove_original_Location_Code_in_fact_table scheduled__2023-12-01T00:00:00+00:00 [queued]>
[2023-12-19T19:35:34.486+0000] {taskinstance.py:1361} INFO - Starting attempt 1 of 6
[2023-12-19T19:35:34.550+0000] {taskinstance.py:1382} INFO - Executing <Task(PostgresOperator): remove_original_Location_Code_in_fact_table> on 2023-12-01 00:00:00+00:00
[2023-12-19T19:35:34.557+0000] {standard_task_runner.py:57} INFO - Started process 1798 to run task
[2023-12-19T19:35:34.565+0000] {standard_task_runner.py:84} INFO - Running: ['***', 'tasks', 'run', 'Auto_Insurance-v01.remove_replaced_dim_cols', 'remove_original_Location_Code_in_fact_table', 'scheduled__2023-12-01T00:00:00+00:00', '--job-id', '47', '--raw', '--subdir', 'DAGS_FOLDER/Auto_Insurance.py', '--cfg-path', '/tmp/tmpyw0ccf4z']
[2023-12-19T19:35:34.594+0000] {standard_task_runner.py:85} INFO - Job 47: Subtask remove_original_Location_Code_in_fact_table
[2023-12-19T19:35:34.724+0000] {task_command.py:416} INFO - Running <TaskInstance: Auto_Insurance-v01.remove_replaced_dim_cols.remove_original_Location_Code_in_fact_table scheduled__2023-12-01T00:00:00+00:00 [running]> on host 757899fef296
[2023-12-19T19:35:34.852+0000] {taskinstance.py:1662} INFO - Exporting env vars: AIRFLOW_CTX_DAG_OWNER='dunnbc22' AIRFLOW_CTX_DAG_ID='Auto_Insurance-v01.remove_replaced_dim_cols' AIRFLOW_CTX_TASK_ID='remove_original_Location_Code_in_fact_table' AIRFLOW_CTX_EXECUTION_DATE='2023-12-01T00:00:00+00:00' AIRFLOW_CTX_TRY_NUMBER='1' AIRFLOW_CTX_DAG_RUN_ID='scheduled__2023-12-01T00:00:00+00:00'
[2023-12-19T19:35:34.857+0000] {sql.py:274} INFO - Executing: -- table_name, column_name
ALTER TABLE auto_insurance_pipe
DROP COLUMN Location_Code;
[2023-12-19T19:35:34.875+0000] {base.py:73} INFO - Using connection ID 'postgres_conn' for task execution.
[2023-12-19T19:35:34.898+0000] {base.py:73} INFO - Using connection ID 'postgres_conn' for task execution.
[2023-12-19T19:35:34.912+0000] {sql.py:418} INFO - Running statement: -- table_name, column_name
ALTER TABLE auto_insurance_pipe
DROP COLUMN Location_Code;, parameters: None
[2023-12-19T19:35:34.942+0000] {taskinstance.py:1400} INFO - Marking task as SUCCESS. dag_id=Auto_Insurance-v01.remove_replaced_dim_cols, task_id=remove_original_Location_Code_in_fact_table, execution_date=20231201T000000, start_date=20231219T193534, end_date=20231219T193534
[2023-12-19T19:35:35.015+0000] {local_task_job_runner.py:228} INFO - Task exited with return code 0
[2023-12-19T19:35:35.101+0000] {taskinstance.py:2778} INFO - 0 downstream tasks scheduled from follow-on schedule check
