[2023-12-19T04:06:19.147+0000] {taskinstance.py:1159} INFO - Dependencies all met for dep_context=non-requeueable deps ti=<TaskInstance: analytics_olympiad-v01.add_id_column scheduled__2023-12-01T00:00:00+00:00 [queued]>
[2023-12-19T04:06:19.151+0000] {taskinstance.py:1159} INFO - Dependencies all met for dep_context=requeueable deps ti=<TaskInstance: analytics_olympiad-v01.add_id_column scheduled__2023-12-01T00:00:00+00:00 [queued]>
[2023-12-19T04:06:19.151+0000] {taskinstance.py:1361} INFO - Starting attempt 1 of 6
[2023-12-19T04:06:19.157+0000] {taskinstance.py:1382} INFO - Executing <Task(PostgresOperator): add_id_column> on 2023-12-01 00:00:00+00:00
[2023-12-19T04:06:19.159+0000] {standard_task_runner.py:57} INFO - Started process 733 to run task
[2023-12-19T04:06:19.162+0000] {standard_task_runner.py:84} INFO - Running: ['***', 'tasks', 'run', 'analytics_olympiad-v01', 'add_id_column', 'scheduled__2023-12-01T00:00:00+00:00', '--job-id', '6', '--raw', '--subdir', 'DAGS_FOLDER/Analytics Olympiad 2022.py', '--cfg-path', '/tmp/tmp9qkabpzg']
[2023-12-19T04:06:19.163+0000] {standard_task_runner.py:85} INFO - Job 6: Subtask add_id_column
[2023-12-19T04:06:19.194+0000] {task_command.py:416} INFO - Running <TaskInstance: analytics_olympiad-v01.add_id_column scheduled__2023-12-01T00:00:00+00:00 [running]> on host 7b1718a25f0c
[2023-12-19T04:06:19.234+0000] {taskinstance.py:1662} INFO - Exporting env vars: AIRFLOW_CTX_DAG_OWNER='dunnbc22' AIRFLOW_CTX_DAG_ID='analytics_olympiad-v01' AIRFLOW_CTX_TASK_ID='add_id_column' AIRFLOW_CTX_EXECUTION_DATE='2023-12-01T00:00:00+00:00' AIRFLOW_CTX_TRY_NUMBER='1' AIRFLOW_CTX_DAG_RUN_ID='scheduled__2023-12-01T00:00:00+00:00'
[2023-12-19T04:06:19.235+0000] {sql.py:274} INFO - Executing: 
        ALTER TABLE analytics_olympiad_pipeline
        ADD COLUMN id_col SERIAL PRIMARY KEY;
        
[2023-12-19T04:06:19.241+0000] {base.py:73} INFO - Using connection ID 'postgres_conn' for task execution.
[2023-12-19T04:06:19.247+0000] {base.py:73} INFO - Using connection ID 'postgres_conn' for task execution.
[2023-12-19T04:06:19.252+0000] {sql.py:418} INFO - Running statement: 
        ALTER TABLE analytics_olympiad_pipeline
        ADD COLUMN id_col SERIAL PRIMARY KEY;
        , parameters: None
[2023-12-19T04:06:19.685+0000] {taskinstance.py:1400} INFO - Marking task as SUCCESS. dag_id=analytics_olympiad-v01, task_id=add_id_column, execution_date=20231201T000000, start_date=20231219T040619, end_date=20231219T040619
[2023-12-19T04:06:19.735+0000] {local_task_job_runner.py:228} INFO - Task exited with return code 0
[2023-12-19T04:06:19.776+0000] {taskinstance.py:2778} INFO - 1 downstream tasks scheduled from follow-on schedule check
