[2023-12-12T18:00:01.467+0000] {taskinstance.py:1159} INFO - Dependencies all met for dep_context=non-requeueable deps ti=<TaskInstance: ppp_via_foia-v01.insert_fk_into_fact_table.insert_fk_col_in_fact_table_ProcessingMethod scheduled__2023-12-01T00:00:00+00:00 [queued]>
[2023-12-12T18:00:01.487+0000] {taskinstance.py:1159} INFO - Dependencies all met for dep_context=requeueable deps ti=<TaskInstance: ppp_via_foia-v01.insert_fk_into_fact_table.insert_fk_col_in_fact_table_ProcessingMethod scheduled__2023-12-01T00:00:00+00:00 [queued]>
[2023-12-12T18:00:01.488+0000] {taskinstance.py:1361} INFO - Starting attempt 1 of 6
[2023-12-12T18:00:01.513+0000] {taskinstance.py:1382} INFO - Executing <Task(PostgresOperator): insert_fk_col_in_fact_table_ProcessingMethod> on 2023-12-01 00:00:00+00:00
[2023-12-12T18:00:01.516+0000] {standard_task_runner.py:57} INFO - Started process 1996 to run task
[2023-12-12T18:00:01.524+0000] {standard_task_runner.py:84} INFO - Running: ['***', 'tasks', 'run', 'ppp_via_foia-v01.insert_fk_into_fact_table', 'insert_fk_col_in_fact_table_ProcessingMethod', 'scheduled__2023-12-01T00:00:00+00:00', '--job-id', '80', '--raw', '--subdir', 'DAGS_FOLDER/ppp_via_foia.py', '--cfg-path', '/tmp/tmpzw6kqt36']
[2023-12-12T18:00:01.540+0000] {standard_task_runner.py:85} INFO - Job 80: Subtask insert_fk_col_in_fact_table_ProcessingMethod
[2023-12-12T18:00:01.657+0000] {task_command.py:416} INFO - Running <TaskInstance: ppp_via_foia-v01.insert_fk_into_fact_table.insert_fk_col_in_fact_table_ProcessingMethod scheduled__2023-12-01T00:00:00+00:00 [running]> on host edee10095410
[2023-12-12T18:00:01.810+0000] {taskinstance.py:1662} INFO - Exporting env vars: AIRFLOW_CTX_DAG_OWNER='dunnbc22' AIRFLOW_CTX_DAG_ID='ppp_via_foia-v01.insert_fk_into_fact_table' AIRFLOW_CTX_TASK_ID='insert_fk_col_in_fact_table_ProcessingMethod' AIRFLOW_CTX_EXECUTION_DATE='2023-12-01T00:00:00+00:00' AIRFLOW_CTX_TRY_NUMBER='1' AIRFLOW_CTX_DAG_RUN_ID='scheduled__2023-12-01T00:00:00+00:00'
[2023-12-12T18:00:01.813+0000] {sql.py:274} INFO - Executing: -- params: table_name, dimension_col

/*
Steps 1-3 were completed in the create_dim_table.sql 
file & associated PostgresOperator
*/


-- Step 4: Add foreign key column to fact table
ALTER TABLE ppp_via_foia_pipe
ADD COLUMN ProcessingMethod_id INTEGER;

-- Step 4: Update foreign key column to fact table with 
-- appropriate id (that matches with dim table)
UPDATE ppp_via_foia_pipe
SET ProcessingMethod_id = dimension_table_ProcessingMethod.id
FROM dimension_table_ProcessingMethod
WHERE COALESCE(ppp_via_foia_pipe.ProcessingMethod::text, '') = COALESCE(dimension_table_ProcessingMethod.ProcessingMethod::text, '');
[2023-12-12T18:00:01.831+0000] {base.py:73} INFO - Using connection ID 'postgres_conn' for task execution.
[2023-12-12T18:00:01.852+0000] {base.py:73} INFO - Using connection ID 'postgres_conn' for task execution.
[2023-12-12T18:00:01.864+0000] {sql.py:418} INFO - Running statement: -- params: table_name, dimension_col

/*
Steps 1-3 were completed in the create_dim_table.sql 
file & associated PostgresOperator
*/


-- Step 4: Add foreign key column to fact table
ALTER TABLE ppp_via_foia_pipe
ADD COLUMN ProcessingMethod_id INTEGER;

-- Step 4: Update foreign key column to fact table with 
-- appropriate id (that matches with dim table)
UPDATE ppp_via_foia_pipe
SET ProcessingMethod_id = dimension_table_ProcessingMethod.id
FROM dimension_table_ProcessingMethod
WHERE COALESCE(ppp_via_foia_pipe.ProcessingMethod::text, '') = COALESCE(dimension_table_ProcessingMethod.ProcessingMethod::text, '');, parameters: None
[2023-12-12T18:01:58.905+0000] {sql.py:427} INFO - Rows affected: 808164
[2023-12-12T18:01:58.934+0000] {taskinstance.py:1400} INFO - Marking task as SUCCESS. dag_id=ppp_via_foia-v01.insert_fk_into_fact_table, task_id=insert_fk_col_in_fact_table_ProcessingMethod, execution_date=20231201T000000, start_date=20231212T180001, end_date=20231212T180158
[2023-12-12T18:01:58.968+0000] {local_task_job_runner.py:228} INFO - Task exited with return code 0
[2023-12-12T18:01:58.994+0000] {taskinstance.py:2778} INFO - 0 downstream tasks scheduled from follow-on schedule check
