[2023-12-12T17:59:00.833+0000] {taskinstance.py:1159} INFO - Dependencies all met for dep_context=non-requeueable deps ti=<TaskInstance: ppp_via_foia-v01.create_dim_tables.create_dim_Gender_table scheduled__2023-12-01T00:00:00+00:00 [queued]>
[2023-12-12T17:59:00.845+0000] {taskinstance.py:1159} INFO - Dependencies all met for dep_context=requeueable deps ti=<TaskInstance: ppp_via_foia-v01.create_dim_tables.create_dim_Gender_table scheduled__2023-12-01T00:00:00+00:00 [queued]>
[2023-12-12T17:59:00.846+0000] {taskinstance.py:1361} INFO - Starting attempt 1 of 6
[2023-12-12T17:59:00.867+0000] {taskinstance.py:1382} INFO - Executing <Task(PostgresOperator): create_dim_Gender_table> on 2023-12-01 00:00:00+00:00
[2023-12-12T17:59:00.872+0000] {standard_task_runner.py:57} INFO - Started process 1856 to run task
[2023-12-12T17:59:00.881+0000] {standard_task_runner.py:84} INFO - Running: ['***', 'tasks', 'run', 'ppp_via_foia-v01.create_dim_tables', 'create_dim_Gender_table', 'scheduled__2023-12-01T00:00:00+00:00', '--job-id', '62', '--raw', '--subdir', 'DAGS_FOLDER/ppp_via_foia.py', '--cfg-path', '/tmp/tmpl6y56imr']
[2023-12-12T17:59:00.902+0000] {standard_task_runner.py:85} INFO - Job 62: Subtask create_dim_Gender_table
[2023-12-12T17:59:01.075+0000] {task_command.py:416} INFO - Running <TaskInstance: ppp_via_foia-v01.create_dim_tables.create_dim_Gender_table scheduled__2023-12-01T00:00:00+00:00 [running]> on host edee10095410
[2023-12-12T17:59:01.332+0000] {taskinstance.py:1662} INFO - Exporting env vars: AIRFLOW_CTX_DAG_OWNER='dunnbc22' AIRFLOW_CTX_DAG_ID='ppp_via_foia-v01.create_dim_tables' AIRFLOW_CTX_TASK_ID='create_dim_Gender_table' AIRFLOW_CTX_EXECUTION_DATE='2023-12-01T00:00:00+00:00' AIRFLOW_CTX_TRY_NUMBER='1' AIRFLOW_CTX_DAG_RUN_ID='scheduled__2023-12-01T00:00:00+00:00'
[2023-12-12T17:59:01.335+0000] {sql.py:274} INFO - Executing: -- params: table_name, dimension_col, data_type

-- Step 1: Extract Unique Values
CREATE TEMPORARY TABLE unique_values_Gender AS
SELECT DISTINCT Gender FROM ppp_via_foia_pipe;

-- Step 2: Create Dimension Table
DROP TABLE IF EXISTS dimension_table_Gender;
CREATE TABLE dimension_table_Gender (
    id SERIAL PRIMARY KEY,
    Gender VARCHAR
);

-- Step 3: Insert unique values into dimension table
INSERT INTO dimension_table_Gender (Gender)
SELECT * FROM unique_values_Gender;
[2023-12-12T17:59:01.355+0000] {base.py:73} INFO - Using connection ID 'postgres_conn' for task execution.
[2023-12-12T17:59:01.372+0000] {base.py:73} INFO - Using connection ID 'postgres_conn' for task execution.
[2023-12-12T17:59:01.389+0000] {sql.py:418} INFO - Running statement: -- params: table_name, dimension_col, data_type

-- Step 1: Extract Unique Values
CREATE TEMPORARY TABLE unique_values_Gender AS
SELECT DISTINCT Gender FROM ppp_via_foia_pipe;

-- Step 2: Create Dimension Table
DROP TABLE IF EXISTS dimension_table_Gender;
CREATE TABLE dimension_table_Gender (
    id SERIAL PRIMARY KEY,
    Gender VARCHAR
);

-- Step 3: Insert unique values into dimension table
INSERT INTO dimension_table_Gender (Gender)
SELECT * FROM unique_values_Gender;, parameters: None
[2023-12-12T17:59:03.320+0000] {sql.py:427} INFO - Rows affected: 3
[2023-12-12T17:59:03.336+0000] {taskinstance.py:1400} INFO - Marking task as SUCCESS. dag_id=ppp_via_foia-v01.create_dim_tables, task_id=create_dim_Gender_table, execution_date=20231201T000000, start_date=20231212T175900, end_date=20231212T175903
[2023-12-12T17:59:03.373+0000] {local_task_job_runner.py:228} INFO - Task exited with return code 0
[2023-12-12T17:59:03.461+0000] {taskinstance.py:2778} INFO - 0 downstream tasks scheduled from follow-on schedule check
