[2023-12-19T04:55:11.199+0000] {taskinstance.py:1159} INFO - Dependencies all met for dep_context=non-requeueable deps ti=<TaskInstance: bank_and_cc_complaints-v01.remove_samples_with_nulls_in_particular_columns.remove_samples_with_nulls_in_particular_columns.remove_zip_code_col scheduled__2023-12-01T00:00:00+00:00 [queued]>
[2023-12-19T04:55:11.203+0000] {taskinstance.py:1159} INFO - Dependencies all met for dep_context=requeueable deps ti=<TaskInstance: bank_and_cc_complaints-v01.remove_samples_with_nulls_in_particular_columns.remove_samples_with_nulls_in_particular_columns.remove_zip_code_col scheduled__2023-12-01T00:00:00+00:00 [queued]>
[2023-12-19T04:55:11.204+0000] {taskinstance.py:1361} INFO - Starting attempt 1 of 6
[2023-12-19T04:55:11.211+0000] {taskinstance.py:1382} INFO - Executing <Task(PostgresOperator): remove_samples_with_nulls_in_particular_columns.remove_zip_code_col> on 2023-12-01 00:00:00+00:00
[2023-12-19T04:55:11.214+0000] {standard_task_runner.py:57} INFO - Started process 575 to run task
[2023-12-19T04:55:11.217+0000] {standard_task_runner.py:84} INFO - Running: ['***', 'tasks', 'run', 'bank_and_cc_complaints-v01.remove_samples_with_nulls_in_particular_columns', 'remove_samples_with_nulls_in_particular_columns.remove_zip_code_col', 'scheduled__2023-12-01T00:00:00+00:00', '--job-id', '14', '--raw', '--subdir', 'DAGS_FOLDER/bank_and_cc_complaints.py', '--cfg-path', '/tmp/tmphlb5j61f']
[2023-12-19T04:55:11.219+0000] {standard_task_runner.py:85} INFO - Job 14: Subtask remove_samples_with_nulls_in_particular_columns.remove_zip_code_col
[2023-12-19T04:55:11.251+0000] {task_command.py:416} INFO - Running <TaskInstance: bank_and_cc_complaints-v01.remove_samples_with_nulls_in_particular_columns.remove_samples_with_nulls_in_particular_columns.remove_zip_code_col scheduled__2023-12-01T00:00:00+00:00 [running]> on host 2ee4b7dc3cc7
[2023-12-19T04:55:11.299+0000] {taskinstance.py:1662} INFO - Exporting env vars: AIRFLOW_CTX_DAG_OWNER='dunnbc22' AIRFLOW_CTX_DAG_ID='bank_and_cc_complaints-v01.remove_samples_with_nulls_in_particular_columns' AIRFLOW_CTX_TASK_ID='remove_samples_with_nulls_in_particular_columns.remove_zip_code_col' AIRFLOW_CTX_EXECUTION_DATE='2023-12-01T00:00:00+00:00' AIRFLOW_CTX_TRY_NUMBER='1' AIRFLOW_CTX_DAG_RUN_ID='scheduled__2023-12-01T00:00:00+00:00'
[2023-12-19T04:55:11.300+0000] {sql.py:274} INFO - Executing: -- params: table_name, column_name
DELETE FROM ***_complaints
WHERE zip_code is NULL;
[2023-12-19T04:55:11.306+0000] {base.py:73} INFO - Using connection ID 'postgres_conn' for task execution.
[2023-12-19T04:55:11.313+0000] {base.py:73} INFO - Using connection ID 'postgres_conn' for task execution.
[2023-12-19T04:55:11.319+0000] {sql.py:418} INFO - Running statement: -- params: table_name, column_name
DELETE FROM ***_complaints
WHERE zip_code is NULL;, parameters: None
[2023-12-19T04:55:11.365+0000] {sql.py:427} INFO - Rows affected: 2288
[2023-12-19T04:55:11.372+0000] {taskinstance.py:1400} INFO - Marking task as SUCCESS. dag_id=bank_and_cc_complaints-v01.remove_samples_with_nulls_in_particular_columns, task_id=remove_samples_with_nulls_in_particular_columns.remove_zip_code_col, execution_date=20231201T000000, start_date=20231219T045511, end_date=20231219T045511
[2023-12-19T04:55:11.389+0000] {local_task_job_runner.py:228} INFO - Task exited with return code 0
[2023-12-19T04:55:11.405+0000] {taskinstance.py:2778} INFO - 0 downstream tasks scheduled from follow-on schedule check
