[2023-12-11T19:48:52.002+0000] {processor.py:157} INFO - Started process (PID=186) to work on /opt/airflow/dags/clean_up_after_star_schema_creation.py
[2023-12-11T19:48:52.003+0000] {processor.py:829} INFO - Processing file /opt/airflow/dags/clean_up_after_star_schema_creation.py for tasks to queue
[2023-12-11T19:48:52.004+0000] {logging_mixin.py:154} INFO - [2023-12-11T19:48:52.004+0000] {dagbag.py:536} INFO - Filling up the DagBag from /opt/airflow/dags/clean_up_after_star_schema_creation.py
[2023-12-11T19:48:52.011+0000] {processor.py:841} WARNING - No viable dags retrieved from /opt/airflow/dags/clean_up_after_star_schema_creation.py
[2023-12-11T19:48:52.026+0000] {processor.py:179} INFO - Processing /opt/airflow/dags/clean_up_after_star_schema_creation.py took 0.027 seconds
[2023-12-11T19:49:23.486+0000] {processor.py:157} INFO - Started process (PID=233) to work on /opt/airflow/dags/clean_up_after_star_schema_creation.py
[2023-12-11T19:49:23.491+0000] {processor.py:829} INFO - Processing file /opt/airflow/dags/clean_up_after_star_schema_creation.py for tasks to queue
[2023-12-11T19:49:23.501+0000] {logging_mixin.py:154} INFO - [2023-12-11T19:49:23.493+0000] {dagbag.py:536} INFO - Filling up the DagBag from /opt/airflow/dags/clean_up_after_star_schema_creation.py
[2023-12-11T19:49:23.589+0000] {processor.py:841} WARNING - No viable dags retrieved from /opt/airflow/dags/clean_up_after_star_schema_creation.py
[2023-12-11T19:49:23.672+0000] {processor.py:179} INFO - Processing /opt/airflow/dags/clean_up_after_star_schema_creation.py took 0.192 seconds
[2023-12-11T19:49:54.397+0000] {processor.py:157} INFO - Started process (PID=282) to work on /opt/airflow/dags/clean_up_after_star_schema_creation.py
[2023-12-11T19:49:54.398+0000] {processor.py:829} INFO - Processing file /opt/airflow/dags/clean_up_after_star_schema_creation.py for tasks to queue
[2023-12-11T19:49:54.399+0000] {logging_mixin.py:154} INFO - [2023-12-11T19:49:54.398+0000] {dagbag.py:536} INFO - Filling up the DagBag from /opt/airflow/dags/clean_up_after_star_schema_creation.py
[2023-12-11T19:49:54.403+0000] {processor.py:841} WARNING - No viable dags retrieved from /opt/airflow/dags/clean_up_after_star_schema_creation.py
[2023-12-11T19:49:54.413+0000] {processor.py:179} INFO - Processing /opt/airflow/dags/clean_up_after_star_schema_creation.py took 0.018 seconds
[2023-12-11T19:50:24.860+0000] {processor.py:157} INFO - Started process (PID=329) to work on /opt/airflow/dags/clean_up_after_star_schema_creation.py
[2023-12-11T19:50:24.861+0000] {processor.py:829} INFO - Processing file /opt/airflow/dags/clean_up_after_star_schema_creation.py for tasks to queue
[2023-12-11T19:50:24.862+0000] {logging_mixin.py:154} INFO - [2023-12-11T19:50:24.862+0000] {dagbag.py:536} INFO - Filling up the DagBag from /opt/airflow/dags/clean_up_after_star_schema_creation.py
[2023-12-11T19:50:24.866+0000] {processor.py:841} WARNING - No viable dags retrieved from /opt/airflow/dags/clean_up_after_star_schema_creation.py
[2023-12-11T19:50:24.878+0000] {processor.py:179} INFO - Processing /opt/airflow/dags/clean_up_after_star_schema_creation.py took 0.021 seconds
[2023-12-11T19:50:55.458+0000] {processor.py:157} INFO - Started process (PID=376) to work on /opt/airflow/dags/clean_up_after_star_schema_creation.py
[2023-12-11T19:50:55.459+0000] {processor.py:829} INFO - Processing file /opt/airflow/dags/clean_up_after_star_schema_creation.py for tasks to queue
[2023-12-11T19:50:55.460+0000] {logging_mixin.py:154} INFO - [2023-12-11T19:50:55.460+0000] {dagbag.py:536} INFO - Filling up the DagBag from /opt/airflow/dags/clean_up_after_star_schema_creation.py
[2023-12-11T19:50:55.464+0000] {processor.py:841} WARNING - No viable dags retrieved from /opt/airflow/dags/clean_up_after_star_schema_creation.py
[2023-12-11T19:50:55.474+0000] {processor.py:179} INFO - Processing /opt/airflow/dags/clean_up_after_star_schema_creation.py took 0.018 seconds
[2023-12-11T19:51:26.077+0000] {processor.py:157} INFO - Started process (PID=423) to work on /opt/airflow/dags/clean_up_after_star_schema_creation.py
[2023-12-11T19:51:26.078+0000] {processor.py:829} INFO - Processing file /opt/airflow/dags/clean_up_after_star_schema_creation.py for tasks to queue
[2023-12-11T19:51:26.078+0000] {logging_mixin.py:154} INFO - [2023-12-11T19:51:26.078+0000] {dagbag.py:536} INFO - Filling up the DagBag from /opt/airflow/dags/clean_up_after_star_schema_creation.py
[2023-12-11T19:51:26.082+0000] {processor.py:841} WARNING - No viable dags retrieved from /opt/airflow/dags/clean_up_after_star_schema_creation.py
[2023-12-11T19:51:26.092+0000] {processor.py:179} INFO - Processing /opt/airflow/dags/clean_up_after_star_schema_creation.py took 0.018 seconds
[2023-12-11T19:51:56.562+0000] {processor.py:157} INFO - Started process (PID=470) to work on /opt/airflow/dags/clean_up_after_star_schema_creation.py
[2023-12-11T19:51:56.563+0000] {processor.py:829} INFO - Processing file /opt/airflow/dags/clean_up_after_star_schema_creation.py for tasks to queue
[2023-12-11T19:51:56.563+0000] {logging_mixin.py:154} INFO - [2023-12-11T19:51:56.563+0000] {dagbag.py:536} INFO - Filling up the DagBag from /opt/airflow/dags/clean_up_after_star_schema_creation.py
[2023-12-11T19:51:56.567+0000] {processor.py:841} WARNING - No viable dags retrieved from /opt/airflow/dags/clean_up_after_star_schema_creation.py
[2023-12-11T19:51:56.576+0000] {processor.py:179} INFO - Processing /opt/airflow/dags/clean_up_after_star_schema_creation.py took 0.016 seconds
[2023-12-11T19:52:27.155+0000] {processor.py:157} INFO - Started process (PID=517) to work on /opt/airflow/dags/clean_up_after_star_schema_creation.py
[2023-12-11T19:52:27.156+0000] {processor.py:829} INFO - Processing file /opt/airflow/dags/clean_up_after_star_schema_creation.py for tasks to queue
[2023-12-11T19:52:27.157+0000] {logging_mixin.py:154} INFO - [2023-12-11T19:52:27.157+0000] {dagbag.py:536} INFO - Filling up the DagBag from /opt/airflow/dags/clean_up_after_star_schema_creation.py
[2023-12-11T19:52:27.161+0000] {processor.py:841} WARNING - No viable dags retrieved from /opt/airflow/dags/clean_up_after_star_schema_creation.py
[2023-12-11T19:52:27.171+0000] {processor.py:179} INFO - Processing /opt/airflow/dags/clean_up_after_star_schema_creation.py took 0.018 seconds
[2023-12-11T19:52:57.782+0000] {processor.py:157} INFO - Started process (PID=564) to work on /opt/airflow/dags/clean_up_after_star_schema_creation.py
[2023-12-11T19:52:57.783+0000] {processor.py:829} INFO - Processing file /opt/airflow/dags/clean_up_after_star_schema_creation.py for tasks to queue
[2023-12-11T19:52:57.784+0000] {logging_mixin.py:154} INFO - [2023-12-11T19:52:57.783+0000] {dagbag.py:536} INFO - Filling up the DagBag from /opt/airflow/dags/clean_up_after_star_schema_creation.py
[2023-12-11T19:52:57.788+0000] {processor.py:841} WARNING - No viable dags retrieved from /opt/airflow/dags/clean_up_after_star_schema_creation.py
[2023-12-11T19:52:57.798+0000] {processor.py:179} INFO - Processing /opt/airflow/dags/clean_up_after_star_schema_creation.py took 0.018 seconds
[2023-12-11T19:53:28.339+0000] {processor.py:157} INFO - Started process (PID=611) to work on /opt/airflow/dags/clean_up_after_star_schema_creation.py
[2023-12-11T19:53:28.340+0000] {processor.py:829} INFO - Processing file /opt/airflow/dags/clean_up_after_star_schema_creation.py for tasks to queue
[2023-12-11T19:53:28.341+0000] {logging_mixin.py:154} INFO - [2023-12-11T19:53:28.340+0000] {dagbag.py:536} INFO - Filling up the DagBag from /opt/airflow/dags/clean_up_after_star_schema_creation.py
[2023-12-11T19:53:28.345+0000] {processor.py:841} WARNING - No viable dags retrieved from /opt/airflow/dags/clean_up_after_star_schema_creation.py
[2023-12-11T19:53:28.355+0000] {processor.py:179} INFO - Processing /opt/airflow/dags/clean_up_after_star_schema_creation.py took 0.018 seconds
[2023-12-11T19:53:58.991+0000] {processor.py:157} INFO - Started process (PID=658) to work on /opt/airflow/dags/clean_up_after_star_schema_creation.py
[2023-12-11T19:53:58.991+0000] {processor.py:829} INFO - Processing file /opt/airflow/dags/clean_up_after_star_schema_creation.py for tasks to queue
[2023-12-11T19:53:58.992+0000] {logging_mixin.py:154} INFO - [2023-12-11T19:53:58.992+0000] {dagbag.py:536} INFO - Filling up the DagBag from /opt/airflow/dags/clean_up_after_star_schema_creation.py
[2023-12-11T19:53:58.996+0000] {processor.py:841} WARNING - No viable dags retrieved from /opt/airflow/dags/clean_up_after_star_schema_creation.py
[2023-12-11T19:53:59.006+0000] {processor.py:179} INFO - Processing /opt/airflow/dags/clean_up_after_star_schema_creation.py took 0.017 seconds
[2023-12-11T19:54:29.674+0000] {processor.py:157} INFO - Started process (PID=705) to work on /opt/airflow/dags/clean_up_after_star_schema_creation.py
[2023-12-11T19:54:29.675+0000] {processor.py:829} INFO - Processing file /opt/airflow/dags/clean_up_after_star_schema_creation.py for tasks to queue
[2023-12-11T19:54:29.675+0000] {logging_mixin.py:154} INFO - [2023-12-11T19:54:29.675+0000] {dagbag.py:536} INFO - Filling up the DagBag from /opt/airflow/dags/clean_up_after_star_schema_creation.py
[2023-12-11T19:54:29.680+0000] {processor.py:841} WARNING - No viable dags retrieved from /opt/airflow/dags/clean_up_after_star_schema_creation.py
[2023-12-11T19:54:29.690+0000] {processor.py:179} INFO - Processing /opt/airflow/dags/clean_up_after_star_schema_creation.py took 0.018 seconds
[2023-12-11T19:55:00.311+0000] {processor.py:157} INFO - Started process (PID=752) to work on /opt/airflow/dags/clean_up_after_star_schema_creation.py
[2023-12-11T19:55:00.312+0000] {processor.py:829} INFO - Processing file /opt/airflow/dags/clean_up_after_star_schema_creation.py for tasks to queue
[2023-12-11T19:55:00.312+0000] {logging_mixin.py:154} INFO - [2023-12-11T19:55:00.312+0000] {dagbag.py:536} INFO - Filling up the DagBag from /opt/airflow/dags/clean_up_after_star_schema_creation.py
[2023-12-11T19:55:00.316+0000] {processor.py:841} WARNING - No viable dags retrieved from /opt/airflow/dags/clean_up_after_star_schema_creation.py
[2023-12-11T19:55:00.326+0000] {processor.py:179} INFO - Processing /opt/airflow/dags/clean_up_after_star_schema_creation.py took 0.017 seconds
[2023-12-11T19:55:30.897+0000] {processor.py:157} INFO - Started process (PID=799) to work on /opt/airflow/dags/clean_up_after_star_schema_creation.py
[2023-12-11T19:55:30.897+0000] {processor.py:829} INFO - Processing file /opt/airflow/dags/clean_up_after_star_schema_creation.py for tasks to queue
[2023-12-11T19:55:30.898+0000] {logging_mixin.py:154} INFO - [2023-12-11T19:55:30.898+0000] {dagbag.py:536} INFO - Filling up the DagBag from /opt/airflow/dags/clean_up_after_star_schema_creation.py
[2023-12-11T19:55:30.902+0000] {processor.py:841} WARNING - No viable dags retrieved from /opt/airflow/dags/clean_up_after_star_schema_creation.py
[2023-12-11T19:55:30.911+0000] {processor.py:179} INFO - Processing /opt/airflow/dags/clean_up_after_star_schema_creation.py took 0.017 seconds
[2023-12-11T19:56:01.533+0000] {processor.py:157} INFO - Started process (PID=846) to work on /opt/airflow/dags/clean_up_after_star_schema_creation.py
[2023-12-11T19:56:01.534+0000] {processor.py:829} INFO - Processing file /opt/airflow/dags/clean_up_after_star_schema_creation.py for tasks to queue
[2023-12-11T19:56:01.535+0000] {logging_mixin.py:154} INFO - [2023-12-11T19:56:01.534+0000] {dagbag.py:536} INFO - Filling up the DagBag from /opt/airflow/dags/clean_up_after_star_schema_creation.py
[2023-12-11T19:56:01.539+0000] {processor.py:841} WARNING - No viable dags retrieved from /opt/airflow/dags/clean_up_after_star_schema_creation.py
[2023-12-11T19:56:01.550+0000] {processor.py:179} INFO - Processing /opt/airflow/dags/clean_up_after_star_schema_creation.py took 0.020 seconds
[2023-12-11T19:56:32.206+0000] {processor.py:157} INFO - Started process (PID=893) to work on /opt/airflow/dags/clean_up_after_star_schema_creation.py
[2023-12-11T19:56:32.206+0000] {processor.py:829} INFO - Processing file /opt/airflow/dags/clean_up_after_star_schema_creation.py for tasks to queue
[2023-12-11T19:56:32.207+0000] {logging_mixin.py:154} INFO - [2023-12-11T19:56:32.207+0000] {dagbag.py:536} INFO - Filling up the DagBag from /opt/airflow/dags/clean_up_after_star_schema_creation.py
[2023-12-11T19:56:32.211+0000] {processor.py:841} WARNING - No viable dags retrieved from /opt/airflow/dags/clean_up_after_star_schema_creation.py
[2023-12-11T19:56:32.221+0000] {processor.py:179} INFO - Processing /opt/airflow/dags/clean_up_after_star_schema_creation.py took 0.017 seconds
[2023-12-11T19:57:02.852+0000] {processor.py:157} INFO - Started process (PID=940) to work on /opt/airflow/dags/clean_up_after_star_schema_creation.py
[2023-12-11T19:57:02.853+0000] {processor.py:829} INFO - Processing file /opt/airflow/dags/clean_up_after_star_schema_creation.py for tasks to queue
[2023-12-11T19:57:02.853+0000] {logging_mixin.py:154} INFO - [2023-12-11T19:57:02.853+0000] {dagbag.py:536} INFO - Filling up the DagBag from /opt/airflow/dags/clean_up_after_star_schema_creation.py
[2023-12-11T19:57:02.858+0000] {processor.py:841} WARNING - No viable dags retrieved from /opt/airflow/dags/clean_up_after_star_schema_creation.py
[2023-12-11T19:57:02.867+0000] {processor.py:179} INFO - Processing /opt/airflow/dags/clean_up_after_star_schema_creation.py took 0.017 seconds
[2023-12-11T19:57:33.510+0000] {processor.py:157} INFO - Started process (PID=987) to work on /opt/airflow/dags/clean_up_after_star_schema_creation.py
[2023-12-11T19:57:33.511+0000] {processor.py:829} INFO - Processing file /opt/airflow/dags/clean_up_after_star_schema_creation.py for tasks to queue
[2023-12-11T19:57:33.512+0000] {logging_mixin.py:154} INFO - [2023-12-11T19:57:33.512+0000] {dagbag.py:536} INFO - Filling up the DagBag from /opt/airflow/dags/clean_up_after_star_schema_creation.py
[2023-12-11T19:57:33.516+0000] {processor.py:841} WARNING - No viable dags retrieved from /opt/airflow/dags/clean_up_after_star_schema_creation.py
[2023-12-11T19:57:33.526+0000] {processor.py:179} INFO - Processing /opt/airflow/dags/clean_up_after_star_schema_creation.py took 0.018 seconds
[2023-12-11T19:58:04.223+0000] {processor.py:157} INFO - Started process (PID=1034) to work on /opt/airflow/dags/clean_up_after_star_schema_creation.py
[2023-12-11T19:58:04.224+0000] {processor.py:829} INFO - Processing file /opt/airflow/dags/clean_up_after_star_schema_creation.py for tasks to queue
[2023-12-11T19:58:04.224+0000] {logging_mixin.py:154} INFO - [2023-12-11T19:58:04.224+0000] {dagbag.py:536} INFO - Filling up the DagBag from /opt/airflow/dags/clean_up_after_star_schema_creation.py
[2023-12-11T19:58:04.229+0000] {processor.py:841} WARNING - No viable dags retrieved from /opt/airflow/dags/clean_up_after_star_schema_creation.py
[2023-12-11T19:58:04.239+0000] {processor.py:179} INFO - Processing /opt/airflow/dags/clean_up_after_star_schema_creation.py took 0.018 seconds
[2023-12-11T19:58:34.876+0000] {processor.py:157} INFO - Started process (PID=1081) to work on /opt/airflow/dags/clean_up_after_star_schema_creation.py
[2023-12-11T19:58:34.877+0000] {processor.py:829} INFO - Processing file /opt/airflow/dags/clean_up_after_star_schema_creation.py for tasks to queue
[2023-12-11T19:58:34.878+0000] {logging_mixin.py:154} INFO - [2023-12-11T19:58:34.877+0000] {dagbag.py:536} INFO - Filling up the DagBag from /opt/airflow/dags/clean_up_after_star_schema_creation.py
[2023-12-11T19:58:34.882+0000] {processor.py:841} WARNING - No viable dags retrieved from /opt/airflow/dags/clean_up_after_star_schema_creation.py
[2023-12-11T19:58:34.891+0000] {processor.py:179} INFO - Processing /opt/airflow/dags/clean_up_after_star_schema_creation.py took 0.017 seconds
[2023-12-11T19:59:05.568+0000] {processor.py:157} INFO - Started process (PID=1128) to work on /opt/airflow/dags/clean_up_after_star_schema_creation.py
[2023-12-11T19:59:05.569+0000] {processor.py:829} INFO - Processing file /opt/airflow/dags/clean_up_after_star_schema_creation.py for tasks to queue
[2023-12-11T19:59:05.569+0000] {logging_mixin.py:154} INFO - [2023-12-11T19:59:05.569+0000] {dagbag.py:536} INFO - Filling up the DagBag from /opt/airflow/dags/clean_up_after_star_schema_creation.py
[2023-12-11T19:59:05.573+0000] {processor.py:841} WARNING - No viable dags retrieved from /opt/airflow/dags/clean_up_after_star_schema_creation.py
[2023-12-11T19:59:05.583+0000] {processor.py:179} INFO - Processing /opt/airflow/dags/clean_up_after_star_schema_creation.py took 0.017 seconds
[2023-12-11T19:59:36.138+0000] {processor.py:157} INFO - Started process (PID=1175) to work on /opt/airflow/dags/clean_up_after_star_schema_creation.py
[2023-12-11T19:59:36.139+0000] {processor.py:829} INFO - Processing file /opt/airflow/dags/clean_up_after_star_schema_creation.py for tasks to queue
[2023-12-11T19:59:36.140+0000] {logging_mixin.py:154} INFO - [2023-12-11T19:59:36.139+0000] {dagbag.py:536} INFO - Filling up the DagBag from /opt/airflow/dags/clean_up_after_star_schema_creation.py
[2023-12-11T19:59:36.144+0000] {processor.py:841} WARNING - No viable dags retrieved from /opt/airflow/dags/clean_up_after_star_schema_creation.py
[2023-12-11T19:59:36.154+0000] {processor.py:179} INFO - Processing /opt/airflow/dags/clean_up_after_star_schema_creation.py took 0.018 seconds
[2023-12-11T20:00:06.828+0000] {processor.py:157} INFO - Started process (PID=1222) to work on /opt/airflow/dags/clean_up_after_star_schema_creation.py
[2023-12-11T20:00:06.828+0000] {processor.py:829} INFO - Processing file /opt/airflow/dags/clean_up_after_star_schema_creation.py for tasks to queue
[2023-12-11T20:00:06.829+0000] {logging_mixin.py:154} INFO - [2023-12-11T20:00:06.829+0000] {dagbag.py:536} INFO - Filling up the DagBag from /opt/airflow/dags/clean_up_after_star_schema_creation.py
[2023-12-11T20:00:06.833+0000] {processor.py:841} WARNING - No viable dags retrieved from /opt/airflow/dags/clean_up_after_star_schema_creation.py
[2023-12-11T20:00:06.843+0000] {processor.py:179} INFO - Processing /opt/airflow/dags/clean_up_after_star_schema_creation.py took 0.018 seconds
[2023-12-11T20:00:37.477+0000] {processor.py:157} INFO - Started process (PID=1269) to work on /opt/airflow/dags/clean_up_after_star_schema_creation.py
[2023-12-11T20:00:37.477+0000] {processor.py:829} INFO - Processing file /opt/airflow/dags/clean_up_after_star_schema_creation.py for tasks to queue
[2023-12-11T20:00:37.478+0000] {logging_mixin.py:154} INFO - [2023-12-11T20:00:37.478+0000] {dagbag.py:536} INFO - Filling up the DagBag from /opt/airflow/dags/clean_up_after_star_schema_creation.py
[2023-12-11T20:00:37.482+0000] {processor.py:841} WARNING - No viable dags retrieved from /opt/airflow/dags/clean_up_after_star_schema_creation.py
[2023-12-11T20:00:37.492+0000] {processor.py:179} INFO - Processing /opt/airflow/dags/clean_up_after_star_schema_creation.py took 0.018 seconds
[2023-12-11T20:01:08.129+0000] {processor.py:157} INFO - Started process (PID=1316) to work on /opt/airflow/dags/clean_up_after_star_schema_creation.py
[2023-12-11T20:01:08.130+0000] {processor.py:829} INFO - Processing file /opt/airflow/dags/clean_up_after_star_schema_creation.py for tasks to queue
[2023-12-11T20:01:08.130+0000] {logging_mixin.py:154} INFO - [2023-12-11T20:01:08.130+0000] {dagbag.py:536} INFO - Filling up the DagBag from /opt/airflow/dags/clean_up_after_star_schema_creation.py
[2023-12-11T20:01:08.135+0000] {processor.py:841} WARNING - No viable dags retrieved from /opt/airflow/dags/clean_up_after_star_schema_creation.py
[2023-12-11T20:01:08.145+0000] {processor.py:179} INFO - Processing /opt/airflow/dags/clean_up_after_star_schema_creation.py took 0.018 seconds
[2023-12-11T20:01:38.794+0000] {processor.py:157} INFO - Started process (PID=1363) to work on /opt/airflow/dags/clean_up_after_star_schema_creation.py
[2023-12-11T20:01:38.795+0000] {processor.py:829} INFO - Processing file /opt/airflow/dags/clean_up_after_star_schema_creation.py for tasks to queue
[2023-12-11T20:01:38.795+0000] {logging_mixin.py:154} INFO - [2023-12-11T20:01:38.795+0000] {dagbag.py:536} INFO - Filling up the DagBag from /opt/airflow/dags/clean_up_after_star_schema_creation.py
[2023-12-11T20:01:38.800+0000] {processor.py:841} WARNING - No viable dags retrieved from /opt/airflow/dags/clean_up_after_star_schema_creation.py
[2023-12-11T20:01:38.810+0000] {processor.py:179} INFO - Processing /opt/airflow/dags/clean_up_after_star_schema_creation.py took 0.018 seconds
[2023-12-11T20:02:09.445+0000] {processor.py:157} INFO - Started process (PID=1410) to work on /opt/airflow/dags/clean_up_after_star_schema_creation.py
[2023-12-11T20:02:09.446+0000] {processor.py:829} INFO - Processing file /opt/airflow/dags/clean_up_after_star_schema_creation.py for tasks to queue
[2023-12-11T20:02:09.447+0000] {logging_mixin.py:154} INFO - [2023-12-11T20:02:09.446+0000] {dagbag.py:536} INFO - Filling up the DagBag from /opt/airflow/dags/clean_up_after_star_schema_creation.py
[2023-12-11T20:02:09.451+0000] {processor.py:841} WARNING - No viable dags retrieved from /opt/airflow/dags/clean_up_after_star_schema_creation.py
[2023-12-11T20:02:09.461+0000] {processor.py:179} INFO - Processing /opt/airflow/dags/clean_up_after_star_schema_creation.py took 0.018 seconds
[2023-12-11T20:02:40.153+0000] {processor.py:157} INFO - Started process (PID=1457) to work on /opt/airflow/dags/clean_up_after_star_schema_creation.py
[2023-12-11T20:02:40.154+0000] {processor.py:829} INFO - Processing file /opt/airflow/dags/clean_up_after_star_schema_creation.py for tasks to queue
[2023-12-11T20:02:40.155+0000] {logging_mixin.py:154} INFO - [2023-12-11T20:02:40.155+0000] {dagbag.py:536} INFO - Filling up the DagBag from /opt/airflow/dags/clean_up_after_star_schema_creation.py
[2023-12-11T20:02:40.159+0000] {processor.py:841} WARNING - No viable dags retrieved from /opt/airflow/dags/clean_up_after_star_schema_creation.py
[2023-12-11T20:02:40.169+0000] {processor.py:179} INFO - Processing /opt/airflow/dags/clean_up_after_star_schema_creation.py took 0.018 seconds
[2023-12-11T20:03:10.783+0000] {processor.py:157} INFO - Started process (PID=1504) to work on /opt/airflow/dags/clean_up_after_star_schema_creation.py
[2023-12-11T20:03:10.784+0000] {processor.py:829} INFO - Processing file /opt/airflow/dags/clean_up_after_star_schema_creation.py for tasks to queue
[2023-12-11T20:03:10.784+0000] {logging_mixin.py:154} INFO - [2023-12-11T20:03:10.784+0000] {dagbag.py:536} INFO - Filling up the DagBag from /opt/airflow/dags/clean_up_after_star_schema_creation.py
[2023-12-11T20:03:10.788+0000] {processor.py:841} WARNING - No viable dags retrieved from /opt/airflow/dags/clean_up_after_star_schema_creation.py
[2023-12-11T20:03:10.799+0000] {processor.py:179} INFO - Processing /opt/airflow/dags/clean_up_after_star_schema_creation.py took 0.018 seconds
[2023-12-11T20:03:41.403+0000] {processor.py:157} INFO - Started process (PID=1551) to work on /opt/airflow/dags/clean_up_after_star_schema_creation.py
[2023-12-11T20:03:41.404+0000] {processor.py:829} INFO - Processing file /opt/airflow/dags/clean_up_after_star_schema_creation.py for tasks to queue
[2023-12-11T20:03:41.404+0000] {logging_mixin.py:154} INFO - [2023-12-11T20:03:41.404+0000] {dagbag.py:536} INFO - Filling up the DagBag from /opt/airflow/dags/clean_up_after_star_schema_creation.py
[2023-12-11T20:03:41.409+0000] {processor.py:841} WARNING - No viable dags retrieved from /opt/airflow/dags/clean_up_after_star_schema_creation.py
[2023-12-11T20:03:41.418+0000] {processor.py:179} INFO - Processing /opt/airflow/dags/clean_up_after_star_schema_creation.py took 0.018 seconds
[2023-12-11T20:04:12.117+0000] {processor.py:157} INFO - Started process (PID=1598) to work on /opt/airflow/dags/clean_up_after_star_schema_creation.py
[2023-12-11T20:04:12.118+0000] {processor.py:829} INFO - Processing file /opt/airflow/dags/clean_up_after_star_schema_creation.py for tasks to queue
[2023-12-11T20:04:12.119+0000] {logging_mixin.py:154} INFO - [2023-12-11T20:04:12.118+0000] {dagbag.py:536} INFO - Filling up the DagBag from /opt/airflow/dags/clean_up_after_star_schema_creation.py
[2023-12-11T20:04:12.123+0000] {processor.py:841} WARNING - No viable dags retrieved from /opt/airflow/dags/clean_up_after_star_schema_creation.py
[2023-12-11T20:04:12.133+0000] {processor.py:179} INFO - Processing /opt/airflow/dags/clean_up_after_star_schema_creation.py took 0.018 seconds
[2023-12-11T20:04:42.806+0000] {processor.py:157} INFO - Started process (PID=1645) to work on /opt/airflow/dags/clean_up_after_star_schema_creation.py
[2023-12-11T20:04:42.807+0000] {processor.py:829} INFO - Processing file /opt/airflow/dags/clean_up_after_star_schema_creation.py for tasks to queue
[2023-12-11T20:04:42.808+0000] {logging_mixin.py:154} INFO - [2023-12-11T20:04:42.808+0000] {dagbag.py:536} INFO - Filling up the DagBag from /opt/airflow/dags/clean_up_after_star_schema_creation.py
[2023-12-11T20:04:42.812+0000] {processor.py:841} WARNING - No viable dags retrieved from /opt/airflow/dags/clean_up_after_star_schema_creation.py
[2023-12-11T20:04:42.822+0000] {processor.py:179} INFO - Processing /opt/airflow/dags/clean_up_after_star_schema_creation.py took 0.018 seconds
[2023-12-11T20:05:13.414+0000] {processor.py:157} INFO - Started process (PID=1692) to work on /opt/airflow/dags/clean_up_after_star_schema_creation.py
[2023-12-11T20:05:13.415+0000] {processor.py:829} INFO - Processing file /opt/airflow/dags/clean_up_after_star_schema_creation.py for tasks to queue
[2023-12-11T20:05:13.415+0000] {logging_mixin.py:154} INFO - [2023-12-11T20:05:13.415+0000] {dagbag.py:536} INFO - Filling up the DagBag from /opt/airflow/dags/clean_up_after_star_schema_creation.py
[2023-12-11T20:05:13.419+0000] {processor.py:841} WARNING - No viable dags retrieved from /opt/airflow/dags/clean_up_after_star_schema_creation.py
[2023-12-11T20:05:13.428+0000] {processor.py:179} INFO - Processing /opt/airflow/dags/clean_up_after_star_schema_creation.py took 0.016 seconds
[2023-12-11T20:05:44.110+0000] {processor.py:157} INFO - Started process (PID=1739) to work on /opt/airflow/dags/clean_up_after_star_schema_creation.py
[2023-12-11T20:05:44.111+0000] {processor.py:829} INFO - Processing file /opt/airflow/dags/clean_up_after_star_schema_creation.py for tasks to queue
[2023-12-11T20:05:44.111+0000] {logging_mixin.py:154} INFO - [2023-12-11T20:05:44.111+0000] {dagbag.py:536} INFO - Filling up the DagBag from /opt/airflow/dags/clean_up_after_star_schema_creation.py
[2023-12-11T20:05:44.115+0000] {processor.py:841} WARNING - No viable dags retrieved from /opt/airflow/dags/clean_up_after_star_schema_creation.py
[2023-12-11T20:05:44.125+0000] {processor.py:179} INFO - Processing /opt/airflow/dags/clean_up_after_star_schema_creation.py took 0.018 seconds
[2023-12-11T20:06:14.734+0000] {processor.py:157} INFO - Started process (PID=1793) to work on /opt/airflow/dags/clean_up_after_star_schema_creation.py
[2023-12-11T20:06:14.734+0000] {processor.py:829} INFO - Processing file /opt/airflow/dags/clean_up_after_star_schema_creation.py for tasks to queue
[2023-12-11T20:06:14.735+0000] {logging_mixin.py:154} INFO - [2023-12-11T20:06:14.735+0000] {dagbag.py:536} INFO - Filling up the DagBag from /opt/airflow/dags/clean_up_after_star_schema_creation.py
[2023-12-11T20:06:14.739+0000] {processor.py:841} WARNING - No viable dags retrieved from /opt/airflow/dags/clean_up_after_star_schema_creation.py
[2023-12-11T20:06:14.748+0000] {processor.py:179} INFO - Processing /opt/airflow/dags/clean_up_after_star_schema_creation.py took 0.017 seconds
[2023-12-11T20:06:45.438+0000] {processor.py:157} INFO - Started process (PID=1840) to work on /opt/airflow/dags/clean_up_after_star_schema_creation.py
[2023-12-11T20:06:45.439+0000] {processor.py:829} INFO - Processing file /opt/airflow/dags/clean_up_after_star_schema_creation.py for tasks to queue
[2023-12-11T20:06:45.440+0000] {logging_mixin.py:154} INFO - [2023-12-11T20:06:45.440+0000] {dagbag.py:536} INFO - Filling up the DagBag from /opt/airflow/dags/clean_up_after_star_schema_creation.py
[2023-12-11T20:06:45.444+0000] {processor.py:841} WARNING - No viable dags retrieved from /opt/airflow/dags/clean_up_after_star_schema_creation.py
[2023-12-11T20:06:45.453+0000] {processor.py:179} INFO - Processing /opt/airflow/dags/clean_up_after_star_schema_creation.py took 0.017 seconds
[2023-12-11T20:07:16.048+0000] {processor.py:157} INFO - Started process (PID=1887) to work on /opt/airflow/dags/clean_up_after_star_schema_creation.py
[2023-12-11T20:07:16.049+0000] {processor.py:829} INFO - Processing file /opt/airflow/dags/clean_up_after_star_schema_creation.py for tasks to queue
[2023-12-11T20:07:16.049+0000] {logging_mixin.py:154} INFO - [2023-12-11T20:07:16.049+0000] {dagbag.py:536} INFO - Filling up the DagBag from /opt/airflow/dags/clean_up_after_star_schema_creation.py
[2023-12-11T20:07:16.053+0000] {processor.py:841} WARNING - No viable dags retrieved from /opt/airflow/dags/clean_up_after_star_schema_creation.py
[2023-12-11T20:07:16.063+0000] {processor.py:179} INFO - Processing /opt/airflow/dags/clean_up_after_star_schema_creation.py took 0.017 seconds
[2023-12-11T20:07:46.714+0000] {processor.py:157} INFO - Started process (PID=1934) to work on /opt/airflow/dags/clean_up_after_star_schema_creation.py
[2023-12-11T20:07:46.714+0000] {processor.py:829} INFO - Processing file /opt/airflow/dags/clean_up_after_star_schema_creation.py for tasks to queue
[2023-12-11T20:07:46.715+0000] {logging_mixin.py:154} INFO - [2023-12-11T20:07:46.715+0000] {dagbag.py:536} INFO - Filling up the DagBag from /opt/airflow/dags/clean_up_after_star_schema_creation.py
[2023-12-11T20:07:46.719+0000] {processor.py:841} WARNING - No viable dags retrieved from /opt/airflow/dags/clean_up_after_star_schema_creation.py
[2023-12-11T20:07:46.729+0000] {processor.py:179} INFO - Processing /opt/airflow/dags/clean_up_after_star_schema_creation.py took 0.018 seconds
[2023-12-11T20:08:17.421+0000] {processor.py:157} INFO - Started process (PID=1981) to work on /opt/airflow/dags/clean_up_after_star_schema_creation.py
[2023-12-11T20:08:17.422+0000] {processor.py:829} INFO - Processing file /opt/airflow/dags/clean_up_after_star_schema_creation.py for tasks to queue
[2023-12-11T20:08:17.423+0000] {logging_mixin.py:154} INFO - [2023-12-11T20:08:17.423+0000] {dagbag.py:536} INFO - Filling up the DagBag from /opt/airflow/dags/clean_up_after_star_schema_creation.py
[2023-12-11T20:08:17.427+0000] {processor.py:841} WARNING - No viable dags retrieved from /opt/airflow/dags/clean_up_after_star_schema_creation.py
[2023-12-11T20:08:17.437+0000] {processor.py:179} INFO - Processing /opt/airflow/dags/clean_up_after_star_schema_creation.py took 0.018 seconds
[2023-12-11T20:08:48.034+0000] {processor.py:157} INFO - Started process (PID=2028) to work on /opt/airflow/dags/clean_up_after_star_schema_creation.py
[2023-12-11T20:08:48.035+0000] {processor.py:829} INFO - Processing file /opt/airflow/dags/clean_up_after_star_schema_creation.py for tasks to queue
[2023-12-11T20:08:48.036+0000] {logging_mixin.py:154} INFO - [2023-12-11T20:08:48.036+0000] {dagbag.py:536} INFO - Filling up the DagBag from /opt/airflow/dags/clean_up_after_star_schema_creation.py
[2023-12-11T20:08:48.040+0000] {processor.py:841} WARNING - No viable dags retrieved from /opt/airflow/dags/clean_up_after_star_schema_creation.py
[2023-12-11T20:08:48.050+0000] {processor.py:179} INFO - Processing /opt/airflow/dags/clean_up_after_star_schema_creation.py took 0.018 seconds
[2023-12-11T20:09:18.721+0000] {processor.py:157} INFO - Started process (PID=2075) to work on /opt/airflow/dags/clean_up_after_star_schema_creation.py
[2023-12-11T20:09:18.722+0000] {processor.py:829} INFO - Processing file /opt/airflow/dags/clean_up_after_star_schema_creation.py for tasks to queue
[2023-12-11T20:09:18.722+0000] {logging_mixin.py:154} INFO - [2023-12-11T20:09:18.722+0000] {dagbag.py:536} INFO - Filling up the DagBag from /opt/airflow/dags/clean_up_after_star_schema_creation.py
[2023-12-11T20:09:18.726+0000] {processor.py:841} WARNING - No viable dags retrieved from /opt/airflow/dags/clean_up_after_star_schema_creation.py
[2023-12-11T20:09:18.736+0000] {processor.py:179} INFO - Processing /opt/airflow/dags/clean_up_after_star_schema_creation.py took 0.017 seconds
[2023-12-11T20:09:49.447+0000] {processor.py:157} INFO - Started process (PID=2122) to work on /opt/airflow/dags/clean_up_after_star_schema_creation.py
[2023-12-11T20:09:49.448+0000] {processor.py:829} INFO - Processing file /opt/airflow/dags/clean_up_after_star_schema_creation.py for tasks to queue
[2023-12-11T20:09:49.448+0000] {logging_mixin.py:154} INFO - [2023-12-11T20:09:49.448+0000] {dagbag.py:536} INFO - Filling up the DagBag from /opt/airflow/dags/clean_up_after_star_schema_creation.py
[2023-12-11T20:09:49.453+0000] {processor.py:841} WARNING - No viable dags retrieved from /opt/airflow/dags/clean_up_after_star_schema_creation.py
[2023-12-11T20:09:49.462+0000] {processor.py:179} INFO - Processing /opt/airflow/dags/clean_up_after_star_schema_creation.py took 0.017 seconds
[2023-12-11T20:10:20.132+0000] {processor.py:157} INFO - Started process (PID=2169) to work on /opt/airflow/dags/clean_up_after_star_schema_creation.py
[2023-12-11T20:10:20.132+0000] {processor.py:829} INFO - Processing file /opt/airflow/dags/clean_up_after_star_schema_creation.py for tasks to queue
[2023-12-11T20:10:20.133+0000] {logging_mixin.py:154} INFO - [2023-12-11T20:10:20.133+0000] {dagbag.py:536} INFO - Filling up the DagBag from /opt/airflow/dags/clean_up_after_star_schema_creation.py
[2023-12-11T20:10:20.137+0000] {processor.py:841} WARNING - No viable dags retrieved from /opt/airflow/dags/clean_up_after_star_schema_creation.py
[2023-12-11T20:10:20.147+0000] {processor.py:179} INFO - Processing /opt/airflow/dags/clean_up_after_star_schema_creation.py took 0.018 seconds
[2023-12-11T20:10:50.793+0000] {processor.py:157} INFO - Started process (PID=2216) to work on /opt/airflow/dags/clean_up_after_star_schema_creation.py
[2023-12-11T20:10:50.794+0000] {processor.py:829} INFO - Processing file /opt/airflow/dags/clean_up_after_star_schema_creation.py for tasks to queue
[2023-12-11T20:10:50.794+0000] {logging_mixin.py:154} INFO - [2023-12-11T20:10:50.794+0000] {dagbag.py:536} INFO - Filling up the DagBag from /opt/airflow/dags/clean_up_after_star_schema_creation.py
[2023-12-11T20:10:50.799+0000] {processor.py:841} WARNING - No viable dags retrieved from /opt/airflow/dags/clean_up_after_star_schema_creation.py
[2023-12-11T20:10:50.808+0000] {processor.py:179} INFO - Processing /opt/airflow/dags/clean_up_after_star_schema_creation.py took 0.018 seconds
[2023-12-11T20:11:21.452+0000] {processor.py:157} INFO - Started process (PID=2263) to work on /opt/airflow/dags/clean_up_after_star_schema_creation.py
[2023-12-11T20:11:21.453+0000] {processor.py:829} INFO - Processing file /opt/airflow/dags/clean_up_after_star_schema_creation.py for tasks to queue
[2023-12-11T20:11:21.454+0000] {logging_mixin.py:154} INFO - [2023-12-11T20:11:21.454+0000] {dagbag.py:536} INFO - Filling up the DagBag from /opt/airflow/dags/clean_up_after_star_schema_creation.py
[2023-12-11T20:11:21.458+0000] {processor.py:841} WARNING - No viable dags retrieved from /opt/airflow/dags/clean_up_after_star_schema_creation.py
[2023-12-11T20:11:21.468+0000] {processor.py:179} INFO - Processing /opt/airflow/dags/clean_up_after_star_schema_creation.py took 0.018 seconds
[2023-12-11T20:11:52.164+0000] {processor.py:157} INFO - Started process (PID=2310) to work on /opt/airflow/dags/clean_up_after_star_schema_creation.py
[2023-12-11T20:11:52.165+0000] {processor.py:829} INFO - Processing file /opt/airflow/dags/clean_up_after_star_schema_creation.py for tasks to queue
[2023-12-11T20:11:52.166+0000] {logging_mixin.py:154} INFO - [2023-12-11T20:11:52.165+0000] {dagbag.py:536} INFO - Filling up the DagBag from /opt/airflow/dags/clean_up_after_star_schema_creation.py
[2023-12-11T20:11:52.170+0000] {processor.py:841} WARNING - No viable dags retrieved from /opt/airflow/dags/clean_up_after_star_schema_creation.py
[2023-12-11T20:11:52.179+0000] {processor.py:179} INFO - Processing /opt/airflow/dags/clean_up_after_star_schema_creation.py took 0.017 seconds
[2023-12-11T20:12:22.826+0000] {processor.py:157} INFO - Started process (PID=2357) to work on /opt/airflow/dags/clean_up_after_star_schema_creation.py
[2023-12-11T20:12:22.827+0000] {processor.py:829} INFO - Processing file /opt/airflow/dags/clean_up_after_star_schema_creation.py for tasks to queue
[2023-12-11T20:12:22.828+0000] {logging_mixin.py:154} INFO - [2023-12-11T20:12:22.827+0000] {dagbag.py:536} INFO - Filling up the DagBag from /opt/airflow/dags/clean_up_after_star_schema_creation.py
[2023-12-11T20:12:22.833+0000] {processor.py:841} WARNING - No viable dags retrieved from /opt/airflow/dags/clean_up_after_star_schema_creation.py
[2023-12-11T20:12:22.843+0000] {processor.py:179} INFO - Processing /opt/airflow/dags/clean_up_after_star_schema_creation.py took 0.019 seconds
[2023-12-11T20:12:53.431+0000] {processor.py:157} INFO - Started process (PID=2404) to work on /opt/airflow/dags/clean_up_after_star_schema_creation.py
[2023-12-11T20:12:53.432+0000] {processor.py:829} INFO - Processing file /opt/airflow/dags/clean_up_after_star_schema_creation.py for tasks to queue
[2023-12-11T20:12:53.432+0000] {logging_mixin.py:154} INFO - [2023-12-11T20:12:53.432+0000] {dagbag.py:536} INFO - Filling up the DagBag from /opt/airflow/dags/clean_up_after_star_schema_creation.py
[2023-12-11T20:12:53.437+0000] {processor.py:841} WARNING - No viable dags retrieved from /opt/airflow/dags/clean_up_after_star_schema_creation.py
[2023-12-11T20:12:53.447+0000] {processor.py:179} INFO - Processing /opt/airflow/dags/clean_up_after_star_schema_creation.py took 0.018 seconds
[2023-12-11T20:13:24.154+0000] {processor.py:157} INFO - Started process (PID=2451) to work on /opt/airflow/dags/clean_up_after_star_schema_creation.py
[2023-12-11T20:13:24.154+0000] {processor.py:829} INFO - Processing file /opt/airflow/dags/clean_up_after_star_schema_creation.py for tasks to queue
[2023-12-11T20:13:24.155+0000] {logging_mixin.py:154} INFO - [2023-12-11T20:13:24.155+0000] {dagbag.py:536} INFO - Filling up the DagBag from /opt/airflow/dags/clean_up_after_star_schema_creation.py
[2023-12-11T20:13:24.159+0000] {processor.py:841} WARNING - No viable dags retrieved from /opt/airflow/dags/clean_up_after_star_schema_creation.py
[2023-12-11T20:13:24.169+0000] {processor.py:179} INFO - Processing /opt/airflow/dags/clean_up_after_star_schema_creation.py took 0.018 seconds
[2023-12-11T20:13:54.824+0000] {processor.py:157} INFO - Started process (PID=2498) to work on /opt/airflow/dags/clean_up_after_star_schema_creation.py
[2023-12-11T20:13:54.825+0000] {processor.py:829} INFO - Processing file /opt/airflow/dags/clean_up_after_star_schema_creation.py for tasks to queue
[2023-12-11T20:13:54.825+0000] {logging_mixin.py:154} INFO - [2023-12-11T20:13:54.825+0000] {dagbag.py:536} INFO - Filling up the DagBag from /opt/airflow/dags/clean_up_after_star_schema_creation.py
[2023-12-11T20:13:54.829+0000] {processor.py:841} WARNING - No viable dags retrieved from /opt/airflow/dags/clean_up_after_star_schema_creation.py
[2023-12-11T20:13:54.838+0000] {processor.py:179} INFO - Processing /opt/airflow/dags/clean_up_after_star_schema_creation.py took 0.016 seconds
[2023-12-11T20:14:25.436+0000] {processor.py:157} INFO - Started process (PID=2545) to work on /opt/airflow/dags/clean_up_after_star_schema_creation.py
[2023-12-11T20:14:25.436+0000] {processor.py:829} INFO - Processing file /opt/airflow/dags/clean_up_after_star_schema_creation.py for tasks to queue
[2023-12-11T20:14:25.437+0000] {logging_mixin.py:154} INFO - [2023-12-11T20:14:25.437+0000] {dagbag.py:536} INFO - Filling up the DagBag from /opt/airflow/dags/clean_up_after_star_schema_creation.py
[2023-12-11T20:14:25.441+0000] {processor.py:841} WARNING - No viable dags retrieved from /opt/airflow/dags/clean_up_after_star_schema_creation.py
[2023-12-11T20:14:25.451+0000] {processor.py:179} INFO - Processing /opt/airflow/dags/clean_up_after_star_schema_creation.py took 0.017 seconds
[2023-12-11T20:14:56.132+0000] {processor.py:157} INFO - Started process (PID=2592) to work on /opt/airflow/dags/clean_up_after_star_schema_creation.py
[2023-12-11T20:14:56.133+0000] {processor.py:829} INFO - Processing file /opt/airflow/dags/clean_up_after_star_schema_creation.py for tasks to queue
[2023-12-11T20:14:56.133+0000] {logging_mixin.py:154} INFO - [2023-12-11T20:14:56.133+0000] {dagbag.py:536} INFO - Filling up the DagBag from /opt/airflow/dags/clean_up_after_star_schema_creation.py
[2023-12-11T20:14:56.137+0000] {processor.py:841} WARNING - No viable dags retrieved from /opt/airflow/dags/clean_up_after_star_schema_creation.py
[2023-12-11T20:14:56.147+0000] {processor.py:179} INFO - Processing /opt/airflow/dags/clean_up_after_star_schema_creation.py took 0.017 seconds
[2023-12-11T20:15:26.771+0000] {processor.py:157} INFO - Started process (PID=2639) to work on /opt/airflow/dags/clean_up_after_star_schema_creation.py
[2023-12-11T20:15:26.772+0000] {processor.py:829} INFO - Processing file /opt/airflow/dags/clean_up_after_star_schema_creation.py for tasks to queue
[2023-12-11T20:15:26.772+0000] {logging_mixin.py:154} INFO - [2023-12-11T20:15:26.772+0000] {dagbag.py:536} INFO - Filling up the DagBag from /opt/airflow/dags/clean_up_after_star_schema_creation.py
[2023-12-11T20:15:26.776+0000] {processor.py:841} WARNING - No viable dags retrieved from /opt/airflow/dags/clean_up_after_star_schema_creation.py
[2023-12-11T20:15:26.787+0000] {processor.py:179} INFO - Processing /opt/airflow/dags/clean_up_after_star_schema_creation.py took 0.018 seconds
[2023-12-11T20:15:57.451+0000] {processor.py:157} INFO - Started process (PID=2686) to work on /opt/airflow/dags/clean_up_after_star_schema_creation.py
[2023-12-11T20:15:57.451+0000] {processor.py:829} INFO - Processing file /opt/airflow/dags/clean_up_after_star_schema_creation.py for tasks to queue
[2023-12-11T20:15:57.452+0000] {logging_mixin.py:154} INFO - [2023-12-11T20:15:57.452+0000] {dagbag.py:536} INFO - Filling up the DagBag from /opt/airflow/dags/clean_up_after_star_schema_creation.py
[2023-12-11T20:15:57.456+0000] {processor.py:841} WARNING - No viable dags retrieved from /opt/airflow/dags/clean_up_after_star_schema_creation.py
[2023-12-11T20:15:57.466+0000] {processor.py:179} INFO - Processing /opt/airflow/dags/clean_up_after_star_schema_creation.py took 0.018 seconds
[2023-12-11T20:16:28.037+0000] {processor.py:157} INFO - Started process (PID=2733) to work on /opt/airflow/dags/clean_up_after_star_schema_creation.py
[2023-12-11T20:16:28.038+0000] {processor.py:829} INFO - Processing file /opt/airflow/dags/clean_up_after_star_schema_creation.py for tasks to queue
[2023-12-11T20:16:28.038+0000] {logging_mixin.py:154} INFO - [2023-12-11T20:16:28.038+0000] {dagbag.py:536} INFO - Filling up the DagBag from /opt/airflow/dags/clean_up_after_star_schema_creation.py
[2023-12-11T20:16:28.042+0000] {processor.py:841} WARNING - No viable dags retrieved from /opt/airflow/dags/clean_up_after_star_schema_creation.py
[2023-12-11T20:16:28.052+0000] {processor.py:179} INFO - Processing /opt/airflow/dags/clean_up_after_star_schema_creation.py took 0.018 seconds
[2023-12-11T20:16:58.725+0000] {processor.py:157} INFO - Started process (PID=2780) to work on /opt/airflow/dags/clean_up_after_star_schema_creation.py
[2023-12-11T20:16:58.725+0000] {processor.py:829} INFO - Processing file /opt/airflow/dags/clean_up_after_star_schema_creation.py for tasks to queue
[2023-12-11T20:16:58.726+0000] {logging_mixin.py:154} INFO - [2023-12-11T20:16:58.726+0000] {dagbag.py:536} INFO - Filling up the DagBag from /opt/airflow/dags/clean_up_after_star_schema_creation.py
[2023-12-11T20:16:58.730+0000] {processor.py:841} WARNING - No viable dags retrieved from /opt/airflow/dags/clean_up_after_star_schema_creation.py
[2023-12-11T20:16:58.739+0000] {processor.py:179} INFO - Processing /opt/airflow/dags/clean_up_after_star_schema_creation.py took 0.017 seconds
[2023-12-11T20:17:29.408+0000] {processor.py:157} INFO - Started process (PID=2827) to work on /opt/airflow/dags/clean_up_after_star_schema_creation.py
[2023-12-11T20:17:29.409+0000] {processor.py:829} INFO - Processing file /opt/airflow/dags/clean_up_after_star_schema_creation.py for tasks to queue
[2023-12-11T20:17:29.409+0000] {logging_mixin.py:154} INFO - [2023-12-11T20:17:29.409+0000] {dagbag.py:536} INFO - Filling up the DagBag from /opt/airflow/dags/clean_up_after_star_schema_creation.py
[2023-12-11T20:17:29.414+0000] {processor.py:841} WARNING - No viable dags retrieved from /opt/airflow/dags/clean_up_after_star_schema_creation.py
[2023-12-11T20:17:29.424+0000] {processor.py:179} INFO - Processing /opt/airflow/dags/clean_up_after_star_schema_creation.py took 0.018 seconds
[2023-12-11T20:17:59.942+0000] {processor.py:157} INFO - Started process (PID=2874) to work on /opt/airflow/dags/clean_up_after_star_schema_creation.py
[2023-12-11T20:17:59.943+0000] {processor.py:829} INFO - Processing file /opt/airflow/dags/clean_up_after_star_schema_creation.py for tasks to queue
[2023-12-11T20:17:59.944+0000] {logging_mixin.py:154} INFO - [2023-12-11T20:17:59.944+0000] {dagbag.py:536} INFO - Filling up the DagBag from /opt/airflow/dags/clean_up_after_star_schema_creation.py
[2023-12-11T20:17:59.948+0000] {processor.py:841} WARNING - No viable dags retrieved from /opt/airflow/dags/clean_up_after_star_schema_creation.py
[2023-12-11T20:17:59.957+0000] {processor.py:179} INFO - Processing /opt/airflow/dags/clean_up_after_star_schema_creation.py took 0.017 seconds
[2023-12-11T20:18:30.629+0000] {processor.py:157} INFO - Started process (PID=2921) to work on /opt/airflow/dags/clean_up_after_star_schema_creation.py
[2023-12-11T20:18:30.629+0000] {processor.py:829} INFO - Processing file /opt/airflow/dags/clean_up_after_star_schema_creation.py for tasks to queue
[2023-12-11T20:18:30.630+0000] {logging_mixin.py:154} INFO - [2023-12-11T20:18:30.630+0000] {dagbag.py:536} INFO - Filling up the DagBag from /opt/airflow/dags/clean_up_after_star_schema_creation.py
[2023-12-11T20:18:30.634+0000] {processor.py:841} WARNING - No viable dags retrieved from /opt/airflow/dags/clean_up_after_star_schema_creation.py
[2023-12-11T20:18:30.644+0000] {processor.py:179} INFO - Processing /opt/airflow/dags/clean_up_after_star_schema_creation.py took 0.018 seconds
[2023-12-11T20:19:01.317+0000] {processor.py:157} INFO - Started process (PID=2968) to work on /opt/airflow/dags/clean_up_after_star_schema_creation.py
[2023-12-11T20:19:01.318+0000] {processor.py:829} INFO - Processing file /opt/airflow/dags/clean_up_after_star_schema_creation.py for tasks to queue
[2023-12-11T20:19:01.319+0000] {logging_mixin.py:154} INFO - [2023-12-11T20:19:01.319+0000] {dagbag.py:536} INFO - Filling up the DagBag from /opt/airflow/dags/clean_up_after_star_schema_creation.py
[2023-12-11T20:19:01.323+0000] {processor.py:841} WARNING - No viable dags retrieved from /opt/airflow/dags/clean_up_after_star_schema_creation.py
[2023-12-11T20:19:01.333+0000] {processor.py:179} INFO - Processing /opt/airflow/dags/clean_up_after_star_schema_creation.py took 0.018 seconds
[2023-12-11T20:19:32.013+0000] {processor.py:157} INFO - Started process (PID=3015) to work on /opt/airflow/dags/clean_up_after_star_schema_creation.py
[2023-12-11T20:19:32.014+0000] {processor.py:829} INFO - Processing file /opt/airflow/dags/clean_up_after_star_schema_creation.py for tasks to queue
[2023-12-11T20:19:32.015+0000] {logging_mixin.py:154} INFO - [2023-12-11T20:19:32.015+0000] {dagbag.py:536} INFO - Filling up the DagBag from /opt/airflow/dags/clean_up_after_star_schema_creation.py
[2023-12-11T20:19:32.019+0000] {processor.py:841} WARNING - No viable dags retrieved from /opt/airflow/dags/clean_up_after_star_schema_creation.py
[2023-12-11T20:19:32.029+0000] {processor.py:179} INFO - Processing /opt/airflow/dags/clean_up_after_star_schema_creation.py took 0.018 seconds
[2023-12-11T20:20:02.694+0000] {processor.py:157} INFO - Started process (PID=3062) to work on /opt/airflow/dags/clean_up_after_star_schema_creation.py
[2023-12-11T20:20:02.695+0000] {processor.py:829} INFO - Processing file /opt/airflow/dags/clean_up_after_star_schema_creation.py for tasks to queue
[2023-12-11T20:20:02.695+0000] {logging_mixin.py:154} INFO - [2023-12-11T20:20:02.695+0000] {dagbag.py:536} INFO - Filling up the DagBag from /opt/airflow/dags/clean_up_after_star_schema_creation.py
[2023-12-11T20:20:02.700+0000] {processor.py:841} WARNING - No viable dags retrieved from /opt/airflow/dags/clean_up_after_star_schema_creation.py
[2023-12-11T20:20:02.709+0000] {processor.py:179} INFO - Processing /opt/airflow/dags/clean_up_after_star_schema_creation.py took 0.018 seconds
[2023-12-11T20:20:33.347+0000] {processor.py:157} INFO - Started process (PID=3109) to work on /opt/airflow/dags/clean_up_after_star_schema_creation.py
[2023-12-11T20:20:33.348+0000] {processor.py:829} INFO - Processing file /opt/airflow/dags/clean_up_after_star_schema_creation.py for tasks to queue
[2023-12-11T20:20:33.348+0000] {logging_mixin.py:154} INFO - [2023-12-11T20:20:33.348+0000] {dagbag.py:536} INFO - Filling up the DagBag from /opt/airflow/dags/clean_up_after_star_schema_creation.py
[2023-12-11T20:20:33.353+0000] {processor.py:841} WARNING - No viable dags retrieved from /opt/airflow/dags/clean_up_after_star_schema_creation.py
[2023-12-11T20:20:33.363+0000] {processor.py:179} INFO - Processing /opt/airflow/dags/clean_up_after_star_schema_creation.py took 0.018 seconds
[2023-12-11T20:21:03.974+0000] {processor.py:157} INFO - Started process (PID=3156) to work on /opt/airflow/dags/clean_up_after_star_schema_creation.py
[2023-12-11T20:21:03.974+0000] {processor.py:829} INFO - Processing file /opt/airflow/dags/clean_up_after_star_schema_creation.py for tasks to queue
[2023-12-11T20:21:03.975+0000] {logging_mixin.py:154} INFO - [2023-12-11T20:21:03.975+0000] {dagbag.py:536} INFO - Filling up the DagBag from /opt/airflow/dags/clean_up_after_star_schema_creation.py
[2023-12-11T20:21:03.979+0000] {processor.py:841} WARNING - No viable dags retrieved from /opt/airflow/dags/clean_up_after_star_schema_creation.py
[2023-12-11T20:21:03.988+0000] {processor.py:179} INFO - Processing /opt/airflow/dags/clean_up_after_star_schema_creation.py took 0.017 seconds
[2023-12-11T20:21:34.542+0000] {processor.py:157} INFO - Started process (PID=3203) to work on /opt/airflow/dags/clean_up_after_star_schema_creation.py
[2023-12-11T20:21:34.543+0000] {processor.py:829} INFO - Processing file /opt/airflow/dags/clean_up_after_star_schema_creation.py for tasks to queue
[2023-12-11T20:21:34.543+0000] {logging_mixin.py:154} INFO - [2023-12-11T20:21:34.543+0000] {dagbag.py:536} INFO - Filling up the DagBag from /opt/airflow/dags/clean_up_after_star_schema_creation.py
[2023-12-11T20:21:34.547+0000] {processor.py:841} WARNING - No viable dags retrieved from /opt/airflow/dags/clean_up_after_star_schema_creation.py
[2023-12-11T20:21:34.557+0000] {processor.py:179} INFO - Processing /opt/airflow/dags/clean_up_after_star_schema_creation.py took 0.017 seconds
[2023-12-11T20:22:05.105+0000] {processor.py:157} INFO - Started process (PID=3255) to work on /opt/airflow/dags/clean_up_after_star_schema_creation.py
[2023-12-11T20:22:05.106+0000] {processor.py:829} INFO - Processing file /opt/airflow/dags/clean_up_after_star_schema_creation.py for tasks to queue
[2023-12-11T20:22:05.107+0000] {logging_mixin.py:154} INFO - [2023-12-11T20:22:05.107+0000] {dagbag.py:536} INFO - Filling up the DagBag from /opt/airflow/dags/clean_up_after_star_schema_creation.py
[2023-12-11T20:22:05.111+0000] {processor.py:841} WARNING - No viable dags retrieved from /opt/airflow/dags/clean_up_after_star_schema_creation.py
[2023-12-11T20:22:05.121+0000] {processor.py:179} INFO - Processing /opt/airflow/dags/clean_up_after_star_schema_creation.py took 0.018 seconds
[2023-12-11T20:22:35.663+0000] {processor.py:157} INFO - Started process (PID=3302) to work on /opt/airflow/dags/clean_up_after_star_schema_creation.py
[2023-12-11T20:22:35.664+0000] {processor.py:829} INFO - Processing file /opt/airflow/dags/clean_up_after_star_schema_creation.py for tasks to queue
[2023-12-11T20:22:35.664+0000] {logging_mixin.py:154} INFO - [2023-12-11T20:22:35.664+0000] {dagbag.py:536} INFO - Filling up the DagBag from /opt/airflow/dags/clean_up_after_star_schema_creation.py
[2023-12-11T20:22:35.668+0000] {processor.py:841} WARNING - No viable dags retrieved from /opt/airflow/dags/clean_up_after_star_schema_creation.py
[2023-12-11T20:22:35.678+0000] {processor.py:179} INFO - Processing /opt/airflow/dags/clean_up_after_star_schema_creation.py took 0.018 seconds
[2023-12-11T20:23:06.055+0000] {processor.py:157} INFO - Started process (PID=3365) to work on /opt/airflow/dags/clean_up_after_star_schema_creation.py
[2023-12-11T20:23:06.056+0000] {processor.py:829} INFO - Processing file /opt/airflow/dags/clean_up_after_star_schema_creation.py for tasks to queue
[2023-12-11T20:23:06.057+0000] {logging_mixin.py:154} INFO - [2023-12-11T20:23:06.057+0000] {dagbag.py:536} INFO - Filling up the DagBag from /opt/airflow/dags/clean_up_after_star_schema_creation.py
[2023-12-11T20:23:06.061+0000] {processor.py:841} WARNING - No viable dags retrieved from /opt/airflow/dags/clean_up_after_star_schema_creation.py
[2023-12-11T20:23:06.071+0000] {processor.py:179} INFO - Processing /opt/airflow/dags/clean_up_after_star_schema_creation.py took 0.018 seconds
[2023-12-11T20:23:36.581+0000] {processor.py:157} INFO - Started process (PID=3413) to work on /opt/airflow/dags/clean_up_after_star_schema_creation.py
[2023-12-11T20:23:36.581+0000] {processor.py:829} INFO - Processing file /opt/airflow/dags/clean_up_after_star_schema_creation.py for tasks to queue
[2023-12-11T20:23:36.582+0000] {logging_mixin.py:154} INFO - [2023-12-11T20:23:36.582+0000] {dagbag.py:536} INFO - Filling up the DagBag from /opt/airflow/dags/clean_up_after_star_schema_creation.py
[2023-12-11T20:23:36.586+0000] {processor.py:841} WARNING - No viable dags retrieved from /opt/airflow/dags/clean_up_after_star_schema_creation.py
[2023-12-11T20:23:36.596+0000] {processor.py:179} INFO - Processing /opt/airflow/dags/clean_up_after_star_schema_creation.py took 0.018 seconds
[2023-12-11T20:23:43.720+0000] {processor.py:157} INFO - Started process (PID=3423) to work on /opt/airflow/dags/clean_up_after_star_schema_creation.py
[2023-12-11T20:23:43.721+0000] {processor.py:829} INFO - Processing file /opt/airflow/dags/clean_up_after_star_schema_creation.py for tasks to queue
[2023-12-11T20:23:43.723+0000] {logging_mixin.py:154} INFO - [2023-12-11T20:23:43.722+0000] {dagbag.py:536} INFO - Filling up the DagBag from /opt/airflow/dags/clean_up_after_star_schema_creation.py
[2023-12-11T20:23:43.734+0000] {processor.py:841} WARNING - No viable dags retrieved from /opt/airflow/dags/clean_up_after_star_schema_creation.py
[2023-12-11T20:23:43.752+0000] {processor.py:179} INFO - Processing /opt/airflow/dags/clean_up_after_star_schema_creation.py took 0.039 seconds
[2023-12-11T20:23:45.811+0000] {processor.py:157} INFO - Started process (PID=3428) to work on /opt/airflow/dags/clean_up_after_star_schema_creation.py
[2023-12-11T20:23:45.812+0000] {processor.py:829} INFO - Processing file /opt/airflow/dags/clean_up_after_star_schema_creation.py for tasks to queue
[2023-12-11T20:23:45.813+0000] {logging_mixin.py:154} INFO - [2023-12-11T20:23:45.813+0000] {dagbag.py:536} INFO - Filling up the DagBag from /opt/airflow/dags/clean_up_after_star_schema_creation.py
[2023-12-11T20:23:45.824+0000] {processor.py:841} WARNING - No viable dags retrieved from /opt/airflow/dags/clean_up_after_star_schema_creation.py
[2023-12-11T20:23:45.841+0000] {processor.py:179} INFO - Processing /opt/airflow/dags/clean_up_after_star_schema_creation.py took 0.036 seconds
[2023-12-11T20:24:16.005+0000] {processor.py:157} INFO - Started process (PID=3476) to work on /opt/airflow/dags/clean_up_after_star_schema_creation.py
[2023-12-11T20:24:16.006+0000] {processor.py:829} INFO - Processing file /opt/airflow/dags/clean_up_after_star_schema_creation.py for tasks to queue
[2023-12-11T20:24:16.007+0000] {logging_mixin.py:154} INFO - [2023-12-11T20:24:16.007+0000] {dagbag.py:536} INFO - Filling up the DagBag from /opt/airflow/dags/clean_up_after_star_schema_creation.py
[2023-12-11T20:24:16.015+0000] {processor.py:841} WARNING - No viable dags retrieved from /opt/airflow/dags/clean_up_after_star_schema_creation.py
[2023-12-11T20:24:16.031+0000] {processor.py:179} INFO - Processing /opt/airflow/dags/clean_up_after_star_schema_creation.py took 0.031 seconds
[2023-12-11T20:24:46.511+0000] {processor.py:157} INFO - Started process (PID=3524) to work on /opt/airflow/dags/clean_up_after_star_schema_creation.py
[2023-12-11T20:24:46.513+0000] {processor.py:829} INFO - Processing file /opt/airflow/dags/clean_up_after_star_schema_creation.py for tasks to queue
[2023-12-11T20:24:46.514+0000] {logging_mixin.py:154} INFO - [2023-12-11T20:24:46.513+0000] {dagbag.py:536} INFO - Filling up the DagBag from /opt/airflow/dags/clean_up_after_star_schema_creation.py
[2023-12-11T20:24:46.523+0000] {processor.py:841} WARNING - No viable dags retrieved from /opt/airflow/dags/clean_up_after_star_schema_creation.py
[2023-12-11T20:24:46.540+0000] {processor.py:179} INFO - Processing /opt/airflow/dags/clean_up_after_star_schema_creation.py took 0.034 seconds
[2023-12-11T20:25:17.059+0000] {processor.py:157} INFO - Started process (PID=3572) to work on /opt/airflow/dags/clean_up_after_star_schema_creation.py
[2023-12-11T20:25:17.061+0000] {processor.py:829} INFO - Processing file /opt/airflow/dags/clean_up_after_star_schema_creation.py for tasks to queue
[2023-12-11T20:25:17.062+0000] {logging_mixin.py:154} INFO - [2023-12-11T20:25:17.061+0000] {dagbag.py:536} INFO - Filling up the DagBag from /opt/airflow/dags/clean_up_after_star_schema_creation.py
[2023-12-11T20:25:17.070+0000] {processor.py:841} WARNING - No viable dags retrieved from /opt/airflow/dags/clean_up_after_star_schema_creation.py
[2023-12-11T20:25:17.087+0000] {processor.py:179} INFO - Processing /opt/airflow/dags/clean_up_after_star_schema_creation.py took 0.033 seconds
[2023-12-11T20:25:47.633+0000] {processor.py:157} INFO - Started process (PID=3627) to work on /opt/airflow/dags/clean_up_after_star_schema_creation.py
[2023-12-11T20:25:47.634+0000] {processor.py:829} INFO - Processing file /opt/airflow/dags/clean_up_after_star_schema_creation.py for tasks to queue
[2023-12-11T20:25:47.635+0000] {logging_mixin.py:154} INFO - [2023-12-11T20:25:47.635+0000] {dagbag.py:536} INFO - Filling up the DagBag from /opt/airflow/dags/clean_up_after_star_schema_creation.py
[2023-12-11T20:25:47.644+0000] {processor.py:841} WARNING - No viable dags retrieved from /opt/airflow/dags/clean_up_after_star_schema_creation.py
[2023-12-11T20:25:47.659+0000] {processor.py:179} INFO - Processing /opt/airflow/dags/clean_up_after_star_schema_creation.py took 0.032 seconds
[2023-12-11T20:26:18.166+0000] {processor.py:157} INFO - Started process (PID=3678) to work on /opt/airflow/dags/clean_up_after_star_schema_creation.py
[2023-12-11T20:26:18.167+0000] {processor.py:829} INFO - Processing file /opt/airflow/dags/clean_up_after_star_schema_creation.py for tasks to queue
[2023-12-11T20:26:18.168+0000] {logging_mixin.py:154} INFO - [2023-12-11T20:26:18.168+0000] {dagbag.py:536} INFO - Filling up the DagBag from /opt/airflow/dags/clean_up_after_star_schema_creation.py
[2023-12-11T20:26:18.176+0000] {processor.py:841} WARNING - No viable dags retrieved from /opt/airflow/dags/clean_up_after_star_schema_creation.py
[2023-12-11T20:26:18.193+0000] {processor.py:179} INFO - Processing /opt/airflow/dags/clean_up_after_star_schema_creation.py took 0.031 seconds
[2023-12-11T20:26:48.667+0000] {processor.py:157} INFO - Started process (PID=3726) to work on /opt/airflow/dags/clean_up_after_star_schema_creation.py
[2023-12-11T20:26:48.668+0000] {processor.py:829} INFO - Processing file /opt/airflow/dags/clean_up_after_star_schema_creation.py for tasks to queue
[2023-12-11T20:26:48.669+0000] {logging_mixin.py:154} INFO - [2023-12-11T20:26:48.669+0000] {dagbag.py:536} INFO - Filling up the DagBag from /opt/airflow/dags/clean_up_after_star_schema_creation.py
[2023-12-11T20:26:48.676+0000] {processor.py:841} WARNING - No viable dags retrieved from /opt/airflow/dags/clean_up_after_star_schema_creation.py
[2023-12-11T20:26:48.690+0000] {processor.py:179} INFO - Processing /opt/airflow/dags/clean_up_after_star_schema_creation.py took 0.027 seconds
[2023-12-11T20:27:19.194+0000] {processor.py:157} INFO - Started process (PID=3774) to work on /opt/airflow/dags/clean_up_after_star_schema_creation.py
[2023-12-11T20:27:19.195+0000] {processor.py:829} INFO - Processing file /opt/airflow/dags/clean_up_after_star_schema_creation.py for tasks to queue
[2023-12-11T20:27:19.197+0000] {logging_mixin.py:154} INFO - [2023-12-11T20:27:19.196+0000] {dagbag.py:536} INFO - Filling up the DagBag from /opt/airflow/dags/clean_up_after_star_schema_creation.py
[2023-12-11T20:27:19.205+0000] {processor.py:841} WARNING - No viable dags retrieved from /opt/airflow/dags/clean_up_after_star_schema_creation.py
[2023-12-11T20:27:19.221+0000] {processor.py:179} INFO - Processing /opt/airflow/dags/clean_up_after_star_schema_creation.py took 0.031 seconds
