[2023-12-11T19:48:51.943+0000] {processor.py:157} INFO - Started process (PID=176) to work on /opt/airflow/dags/create_star_schema_part_2.py
[2023-12-11T19:48:51.945+0000] {processor.py:829} INFO - Processing file /opt/airflow/dags/create_star_schema_part_2.py for tasks to queue
[2023-12-11T19:48:51.946+0000] {logging_mixin.py:154} INFO - [2023-12-11T19:48:51.945+0000] {dagbag.py:536} INFO - Filling up the DagBag from /opt/airflow/dags/create_star_schema_part_2.py
[2023-12-11T19:48:51.957+0000] {processor.py:841} WARNING - No viable dags retrieved from /opt/airflow/dags/create_star_schema_part_2.py
[2023-12-11T19:48:51.971+0000] {processor.py:179} INFO - Processing /opt/airflow/dags/create_star_schema_part_2.py took 0.029 seconds
[2023-12-11T19:49:23.270+0000] {processor.py:157} INFO - Started process (PID=223) to work on /opt/airflow/dags/create_star_schema_part_2.py
[2023-12-11T19:49:23.287+0000] {processor.py:829} INFO - Processing file /opt/airflow/dags/create_star_schema_part_2.py for tasks to queue
[2023-12-11T19:49:23.292+0000] {logging_mixin.py:154} INFO - [2023-12-11T19:49:23.291+0000] {dagbag.py:536} INFO - Filling up the DagBag from /opt/airflow/dags/create_star_schema_part_2.py
[2023-12-11T19:49:23.369+0000] {processor.py:841} WARNING - No viable dags retrieved from /opt/airflow/dags/create_star_schema_part_2.py
[2023-12-11T19:49:23.420+0000] {processor.py:179} INFO - Processing /opt/airflow/dags/create_star_schema_part_2.py took 0.159 seconds
[2023-12-11T19:49:54.343+0000] {processor.py:157} INFO - Started process (PID=272) to work on /opt/airflow/dags/create_star_schema_part_2.py
[2023-12-11T19:49:54.351+0000] {processor.py:829} INFO - Processing file /opt/airflow/dags/create_star_schema_part_2.py for tasks to queue
[2023-12-11T19:49:54.353+0000] {logging_mixin.py:154} INFO - [2023-12-11T19:49:54.352+0000] {dagbag.py:536} INFO - Filling up the DagBag from /opt/airflow/dags/create_star_schema_part_2.py
[2023-12-11T19:49:54.367+0000] {processor.py:841} WARNING - No viable dags retrieved from /opt/airflow/dags/create_star_schema_part_2.py
[2023-12-11T19:49:54.381+0000] {processor.py:179} INFO - Processing /opt/airflow/dags/create_star_schema_part_2.py took 0.043 seconds
[2023-12-11T19:50:24.817+0000] {processor.py:157} INFO - Started process (PID=319) to work on /opt/airflow/dags/create_star_schema_part_2.py
[2023-12-11T19:50:24.818+0000] {processor.py:829} INFO - Processing file /opt/airflow/dags/create_star_schema_part_2.py for tasks to queue
[2023-12-11T19:50:24.819+0000] {logging_mixin.py:154} INFO - [2023-12-11T19:50:24.819+0000] {dagbag.py:536} INFO - Filling up the DagBag from /opt/airflow/dags/create_star_schema_part_2.py
[2023-12-11T19:50:24.825+0000] {processor.py:841} WARNING - No viable dags retrieved from /opt/airflow/dags/create_star_schema_part_2.py
[2023-12-11T19:50:24.841+0000] {processor.py:179} INFO - Processing /opt/airflow/dags/create_star_schema_part_2.py took 0.028 seconds
[2023-12-11T19:50:55.415+0000] {processor.py:157} INFO - Started process (PID=366) to work on /opt/airflow/dags/create_star_schema_part_2.py
[2023-12-11T19:50:55.417+0000] {processor.py:829} INFO - Processing file /opt/airflow/dags/create_star_schema_part_2.py for tasks to queue
[2023-12-11T19:50:55.418+0000] {logging_mixin.py:154} INFO - [2023-12-11T19:50:55.418+0000] {dagbag.py:536} INFO - Filling up the DagBag from /opt/airflow/dags/create_star_schema_part_2.py
[2023-12-11T19:50:55.426+0000] {processor.py:841} WARNING - No viable dags retrieved from /opt/airflow/dags/create_star_schema_part_2.py
[2023-12-11T19:50:55.442+0000] {processor.py:179} INFO - Processing /opt/airflow/dags/create_star_schema_part_2.py took 0.033 seconds
[2023-12-11T19:51:26.032+0000] {processor.py:157} INFO - Started process (PID=413) to work on /opt/airflow/dags/create_star_schema_part_2.py
[2023-12-11T19:51:26.034+0000] {processor.py:829} INFO - Processing file /opt/airflow/dags/create_star_schema_part_2.py for tasks to queue
[2023-12-11T19:51:26.035+0000] {logging_mixin.py:154} INFO - [2023-12-11T19:51:26.035+0000] {dagbag.py:536} INFO - Filling up the DagBag from /opt/airflow/dags/create_star_schema_part_2.py
[2023-12-11T19:51:26.044+0000] {processor.py:841} WARNING - No viable dags retrieved from /opt/airflow/dags/create_star_schema_part_2.py
[2023-12-11T19:51:26.060+0000] {processor.py:179} INFO - Processing /opt/airflow/dags/create_star_schema_part_2.py took 0.033 seconds
[2023-12-11T19:51:56.531+0000] {processor.py:157} INFO - Started process (PID=460) to work on /opt/airflow/dags/create_star_schema_part_2.py
[2023-12-11T19:51:56.532+0000] {processor.py:829} INFO - Processing file /opt/airflow/dags/create_star_schema_part_2.py for tasks to queue
[2023-12-11T19:51:56.532+0000] {logging_mixin.py:154} INFO - [2023-12-11T19:51:56.532+0000] {dagbag.py:536} INFO - Filling up the DagBag from /opt/airflow/dags/create_star_schema_part_2.py
[2023-12-11T19:51:56.537+0000] {processor.py:841} WARNING - No viable dags retrieved from /opt/airflow/dags/create_star_schema_part_2.py
[2023-12-11T19:51:56.548+0000] {processor.py:179} INFO - Processing /opt/airflow/dags/create_star_schema_part_2.py took 0.021 seconds
[2023-12-11T19:52:27.111+0000] {processor.py:157} INFO - Started process (PID=507) to work on /opt/airflow/dags/create_star_schema_part_2.py
[2023-12-11T19:52:27.113+0000] {processor.py:829} INFO - Processing file /opt/airflow/dags/create_star_schema_part_2.py for tasks to queue
[2023-12-11T19:52:27.114+0000] {logging_mixin.py:154} INFO - [2023-12-11T19:52:27.114+0000] {dagbag.py:536} INFO - Filling up the DagBag from /opt/airflow/dags/create_star_schema_part_2.py
[2023-12-11T19:52:27.123+0000] {processor.py:841} WARNING - No viable dags retrieved from /opt/airflow/dags/create_star_schema_part_2.py
[2023-12-11T19:52:27.139+0000] {processor.py:179} INFO - Processing /opt/airflow/dags/create_star_schema_part_2.py took 0.033 seconds
[2023-12-11T19:52:57.738+0000] {processor.py:157} INFO - Started process (PID=554) to work on /opt/airflow/dags/create_star_schema_part_2.py
[2023-12-11T19:52:57.740+0000] {processor.py:829} INFO - Processing file /opt/airflow/dags/create_star_schema_part_2.py for tasks to queue
[2023-12-11T19:52:57.741+0000] {logging_mixin.py:154} INFO - [2023-12-11T19:52:57.741+0000] {dagbag.py:536} INFO - Filling up the DagBag from /opt/airflow/dags/create_star_schema_part_2.py
[2023-12-11T19:52:57.749+0000] {processor.py:841} WARNING - No viable dags retrieved from /opt/airflow/dags/create_star_schema_part_2.py
[2023-12-11T19:52:57.766+0000] {processor.py:179} INFO - Processing /opt/airflow/dags/create_star_schema_part_2.py took 0.033 seconds
[2023-12-11T19:53:28.296+0000] {processor.py:157} INFO - Started process (PID=601) to work on /opt/airflow/dags/create_star_schema_part_2.py
[2023-12-11T19:53:28.298+0000] {processor.py:829} INFO - Processing file /opt/airflow/dags/create_star_schema_part_2.py for tasks to queue
[2023-12-11T19:53:28.299+0000] {logging_mixin.py:154} INFO - [2023-12-11T19:53:28.299+0000] {dagbag.py:536} INFO - Filling up the DagBag from /opt/airflow/dags/create_star_schema_part_2.py
[2023-12-11T19:53:28.307+0000] {processor.py:841} WARNING - No viable dags retrieved from /opt/airflow/dags/create_star_schema_part_2.py
[2023-12-11T19:53:28.323+0000] {processor.py:179} INFO - Processing /opt/airflow/dags/create_star_schema_part_2.py took 0.032 seconds
[2023-12-11T19:53:58.948+0000] {processor.py:157} INFO - Started process (PID=648) to work on /opt/airflow/dags/create_star_schema_part_2.py
[2023-12-11T19:53:58.950+0000] {processor.py:829} INFO - Processing file /opt/airflow/dags/create_star_schema_part_2.py for tasks to queue
[2023-12-11T19:53:58.951+0000] {logging_mixin.py:154} INFO - [2023-12-11T19:53:58.951+0000] {dagbag.py:536} INFO - Filling up the DagBag from /opt/airflow/dags/create_star_schema_part_2.py
[2023-12-11T19:53:58.959+0000] {processor.py:841} WARNING - No viable dags retrieved from /opt/airflow/dags/create_star_schema_part_2.py
[2023-12-11T19:53:58.974+0000] {processor.py:179} INFO - Processing /opt/airflow/dags/create_star_schema_part_2.py took 0.031 seconds
[2023-12-11T19:54:29.630+0000] {processor.py:157} INFO - Started process (PID=695) to work on /opt/airflow/dags/create_star_schema_part_2.py
[2023-12-11T19:54:29.632+0000] {processor.py:829} INFO - Processing file /opt/airflow/dags/create_star_schema_part_2.py for tasks to queue
[2023-12-11T19:54:29.633+0000] {logging_mixin.py:154} INFO - [2023-12-11T19:54:29.633+0000] {dagbag.py:536} INFO - Filling up the DagBag from /opt/airflow/dags/create_star_schema_part_2.py
[2023-12-11T19:54:29.642+0000] {processor.py:841} WARNING - No viable dags retrieved from /opt/airflow/dags/create_star_schema_part_2.py
[2023-12-11T19:54:29.658+0000] {processor.py:179} INFO - Processing /opt/airflow/dags/create_star_schema_part_2.py took 0.033 seconds
[2023-12-11T19:55:00.267+0000] {processor.py:157} INFO - Started process (PID=742) to work on /opt/airflow/dags/create_star_schema_part_2.py
[2023-12-11T19:55:00.268+0000] {processor.py:829} INFO - Processing file /opt/airflow/dags/create_star_schema_part_2.py for tasks to queue
[2023-12-11T19:55:00.270+0000] {logging_mixin.py:154} INFO - [2023-12-11T19:55:00.269+0000] {dagbag.py:536} INFO - Filling up the DagBag from /opt/airflow/dags/create_star_schema_part_2.py
[2023-12-11T19:55:00.278+0000] {processor.py:841} WARNING - No viable dags retrieved from /opt/airflow/dags/create_star_schema_part_2.py
[2023-12-11T19:55:00.294+0000] {processor.py:179} INFO - Processing /opt/airflow/dags/create_star_schema_part_2.py took 0.033 seconds
[2023-12-11T19:55:30.859+0000] {processor.py:157} INFO - Started process (PID=789) to work on /opt/airflow/dags/create_star_schema_part_2.py
[2023-12-11T19:55:30.860+0000] {processor.py:829} INFO - Processing file /opt/airflow/dags/create_star_schema_part_2.py for tasks to queue
[2023-12-11T19:55:30.861+0000] {logging_mixin.py:154} INFO - [2023-12-11T19:55:30.861+0000] {dagbag.py:536} INFO - Filling up the DagBag from /opt/airflow/dags/create_star_schema_part_2.py
[2023-12-11T19:55:30.867+0000] {processor.py:841} WARNING - No viable dags retrieved from /opt/airflow/dags/create_star_schema_part_2.py
[2023-12-11T19:55:30.881+0000] {processor.py:179} INFO - Processing /opt/airflow/dags/create_star_schema_part_2.py took 0.027 seconds
[2023-12-11T19:56:01.498+0000] {processor.py:157} INFO - Started process (PID=836) to work on /opt/airflow/dags/create_star_schema_part_2.py
[2023-12-11T19:56:01.499+0000] {processor.py:829} INFO - Processing file /opt/airflow/dags/create_star_schema_part_2.py for tasks to queue
[2023-12-11T19:56:01.500+0000] {logging_mixin.py:154} INFO - [2023-12-11T19:56:01.499+0000] {dagbag.py:536} INFO - Filling up the DagBag from /opt/airflow/dags/create_star_schema_part_2.py
[2023-12-11T19:56:01.504+0000] {processor.py:841} WARNING - No viable dags retrieved from /opt/airflow/dags/create_star_schema_part_2.py
[2023-12-11T19:56:01.516+0000] {processor.py:179} INFO - Processing /opt/airflow/dags/create_star_schema_part_2.py took 0.021 seconds
[2023-12-11T19:56:32.176+0000] {processor.py:157} INFO - Started process (PID=883) to work on /opt/airflow/dags/create_star_schema_part_2.py
[2023-12-11T19:56:32.176+0000] {processor.py:829} INFO - Processing file /opt/airflow/dags/create_star_schema_part_2.py for tasks to queue
[2023-12-11T19:56:32.177+0000] {logging_mixin.py:154} INFO - [2023-12-11T19:56:32.177+0000] {dagbag.py:536} INFO - Filling up the DagBag from /opt/airflow/dags/create_star_schema_part_2.py
[2023-12-11T19:56:32.181+0000] {processor.py:841} WARNING - No viable dags retrieved from /opt/airflow/dags/create_star_schema_part_2.py
[2023-12-11T19:56:32.191+0000] {processor.py:179} INFO - Processing /opt/airflow/dags/create_star_schema_part_2.py took 0.018 seconds
[2023-12-11T19:57:02.822+0000] {processor.py:157} INFO - Started process (PID=930) to work on /opt/airflow/dags/create_star_schema_part_2.py
[2023-12-11T19:57:02.822+0000] {processor.py:829} INFO - Processing file /opt/airflow/dags/create_star_schema_part_2.py for tasks to queue
[2023-12-11T19:57:02.823+0000] {logging_mixin.py:154} INFO - [2023-12-11T19:57:02.823+0000] {dagbag.py:536} INFO - Filling up the DagBag from /opt/airflow/dags/create_star_schema_part_2.py
[2023-12-11T19:57:02.827+0000] {processor.py:841} WARNING - No viable dags retrieved from /opt/airflow/dags/create_star_schema_part_2.py
[2023-12-11T19:57:02.838+0000] {processor.py:179} INFO - Processing /opt/airflow/dags/create_star_schema_part_2.py took 0.019 seconds
[2023-12-11T19:57:33.466+0000] {processor.py:157} INFO - Started process (PID=977) to work on /opt/airflow/dags/create_star_schema_part_2.py
[2023-12-11T19:57:33.467+0000] {processor.py:829} INFO - Processing file /opt/airflow/dags/create_star_schema_part_2.py for tasks to queue
[2023-12-11T19:57:33.469+0000] {logging_mixin.py:154} INFO - [2023-12-11T19:57:33.468+0000] {dagbag.py:536} INFO - Filling up the DagBag from /opt/airflow/dags/create_star_schema_part_2.py
[2023-12-11T19:57:33.477+0000] {processor.py:841} WARNING - No viable dags retrieved from /opt/airflow/dags/create_star_schema_part_2.py
[2023-12-11T19:57:33.494+0000] {processor.py:179} INFO - Processing /opt/airflow/dags/create_star_schema_part_2.py took 0.033 seconds
[2023-12-11T19:58:04.180+0000] {processor.py:157} INFO - Started process (PID=1024) to work on /opt/airflow/dags/create_star_schema_part_2.py
[2023-12-11T19:58:04.181+0000] {processor.py:829} INFO - Processing file /opt/airflow/dags/create_star_schema_part_2.py for tasks to queue
[2023-12-11T19:58:04.183+0000] {logging_mixin.py:154} INFO - [2023-12-11T19:58:04.182+0000] {dagbag.py:536} INFO - Filling up the DagBag from /opt/airflow/dags/create_star_schema_part_2.py
[2023-12-11T19:58:04.191+0000] {processor.py:841} WARNING - No viable dags retrieved from /opt/airflow/dags/create_star_schema_part_2.py
[2023-12-11T19:58:04.207+0000] {processor.py:179} INFO - Processing /opt/airflow/dags/create_star_schema_part_2.py took 0.033 seconds
[2023-12-11T19:58:34.837+0000] {processor.py:157} INFO - Started process (PID=1071) to work on /opt/airflow/dags/create_star_schema_part_2.py
[2023-12-11T19:58:34.838+0000] {processor.py:829} INFO - Processing file /opt/airflow/dags/create_star_schema_part_2.py for tasks to queue
[2023-12-11T19:58:34.839+0000] {logging_mixin.py:154} INFO - [2023-12-11T19:58:34.839+0000] {dagbag.py:536} INFO - Filling up the DagBag from /opt/airflow/dags/create_star_schema_part_2.py
[2023-12-11T19:58:34.846+0000] {processor.py:841} WARNING - No viable dags retrieved from /opt/airflow/dags/create_star_schema_part_2.py
[2023-12-11T19:58:34.861+0000] {processor.py:179} INFO - Processing /opt/airflow/dags/create_star_schema_part_2.py took 0.028 seconds
[2023-12-11T19:59:05.528+0000] {processor.py:157} INFO - Started process (PID=1118) to work on /opt/airflow/dags/create_star_schema_part_2.py
[2023-12-11T19:59:05.529+0000] {processor.py:829} INFO - Processing file /opt/airflow/dags/create_star_schema_part_2.py for tasks to queue
[2023-12-11T19:59:05.530+0000] {logging_mixin.py:154} INFO - [2023-12-11T19:59:05.530+0000] {dagbag.py:536} INFO - Filling up the DagBag from /opt/airflow/dags/create_star_schema_part_2.py
[2023-12-11T19:59:05.537+0000] {processor.py:841} WARNING - No viable dags retrieved from /opt/airflow/dags/create_star_schema_part_2.py
[2023-12-11T19:59:05.552+0000] {processor.py:179} INFO - Processing /opt/airflow/dags/create_star_schema_part_2.py took 0.029 seconds
[2023-12-11T19:59:36.094+0000] {processor.py:157} INFO - Started process (PID=1165) to work on /opt/airflow/dags/create_star_schema_part_2.py
[2023-12-11T19:59:36.095+0000] {processor.py:829} INFO - Processing file /opt/airflow/dags/create_star_schema_part_2.py for tasks to queue
[2023-12-11T19:59:36.097+0000] {logging_mixin.py:154} INFO - [2023-12-11T19:59:36.096+0000] {dagbag.py:536} INFO - Filling up the DagBag from /opt/airflow/dags/create_star_schema_part_2.py
[2023-12-11T19:59:36.104+0000] {processor.py:841} WARNING - No viable dags retrieved from /opt/airflow/dags/create_star_schema_part_2.py
[2023-12-11T19:59:36.122+0000] {processor.py:179} INFO - Processing /opt/airflow/dags/create_star_schema_part_2.py took 0.033 seconds
[2023-12-11T20:00:06.784+0000] {processor.py:157} INFO - Started process (PID=1212) to work on /opt/airflow/dags/create_star_schema_part_2.py
[2023-12-11T20:00:06.786+0000] {processor.py:829} INFO - Processing file /opt/airflow/dags/create_star_schema_part_2.py for tasks to queue
[2023-12-11T20:00:06.787+0000] {logging_mixin.py:154} INFO - [2023-12-11T20:00:06.787+0000] {dagbag.py:536} INFO - Filling up the DagBag from /opt/airflow/dags/create_star_schema_part_2.py
[2023-12-11T20:00:06.795+0000] {processor.py:841} WARNING - No viable dags retrieved from /opt/airflow/dags/create_star_schema_part_2.py
[2023-12-11T20:00:06.811+0000] {processor.py:179} INFO - Processing /opt/airflow/dags/create_star_schema_part_2.py took 0.032 seconds
[2023-12-11T20:00:37.430+0000] {processor.py:157} INFO - Started process (PID=1259) to work on /opt/airflow/dags/create_star_schema_part_2.py
[2023-12-11T20:00:37.432+0000] {processor.py:829} INFO - Processing file /opt/airflow/dags/create_star_schema_part_2.py for tasks to queue
[2023-12-11T20:00:37.434+0000] {logging_mixin.py:154} INFO - [2023-12-11T20:00:37.433+0000] {dagbag.py:536} INFO - Filling up the DagBag from /opt/airflow/dags/create_star_schema_part_2.py
[2023-12-11T20:00:37.443+0000] {processor.py:841} WARNING - No viable dags retrieved from /opt/airflow/dags/create_star_schema_part_2.py
[2023-12-11T20:00:37.460+0000] {processor.py:179} INFO - Processing /opt/airflow/dags/create_star_schema_part_2.py took 0.035 seconds
[2023-12-11T20:01:08.087+0000] {processor.py:157} INFO - Started process (PID=1306) to work on /opt/airflow/dags/create_star_schema_part_2.py
[2023-12-11T20:01:08.088+0000] {processor.py:829} INFO - Processing file /opt/airflow/dags/create_star_schema_part_2.py for tasks to queue
[2023-12-11T20:01:08.089+0000] {logging_mixin.py:154} INFO - [2023-12-11T20:01:08.089+0000] {dagbag.py:536} INFO - Filling up the DagBag from /opt/airflow/dags/create_star_schema_part_2.py
[2023-12-11T20:01:08.097+0000] {processor.py:841} WARNING - No viable dags retrieved from /opt/airflow/dags/create_star_schema_part_2.py
[2023-12-11T20:01:08.113+0000] {processor.py:179} INFO - Processing /opt/airflow/dags/create_star_schema_part_2.py took 0.031 seconds
[2023-12-11T20:01:38.751+0000] {processor.py:157} INFO - Started process (PID=1353) to work on /opt/airflow/dags/create_star_schema_part_2.py
[2023-12-11T20:01:38.753+0000] {processor.py:829} INFO - Processing file /opt/airflow/dags/create_star_schema_part_2.py for tasks to queue
[2023-12-11T20:01:38.754+0000] {logging_mixin.py:154} INFO - [2023-12-11T20:01:38.753+0000] {dagbag.py:536} INFO - Filling up the DagBag from /opt/airflow/dags/create_star_schema_part_2.py
[2023-12-11T20:01:38.762+0000] {processor.py:841} WARNING - No viable dags retrieved from /opt/airflow/dags/create_star_schema_part_2.py
[2023-12-11T20:01:38.778+0000] {processor.py:179} INFO - Processing /opt/airflow/dags/create_star_schema_part_2.py took 0.033 seconds
[2023-12-11T20:02:09.402+0000] {processor.py:157} INFO - Started process (PID=1400) to work on /opt/airflow/dags/create_star_schema_part_2.py
[2023-12-11T20:02:09.404+0000] {processor.py:829} INFO - Processing file /opt/airflow/dags/create_star_schema_part_2.py for tasks to queue
[2023-12-11T20:02:09.405+0000] {logging_mixin.py:154} INFO - [2023-12-11T20:02:09.405+0000] {dagbag.py:536} INFO - Filling up the DagBag from /opt/airflow/dags/create_star_schema_part_2.py
[2023-12-11T20:02:09.413+0000] {processor.py:841} WARNING - No viable dags retrieved from /opt/airflow/dags/create_star_schema_part_2.py
[2023-12-11T20:02:09.429+0000] {processor.py:179} INFO - Processing /opt/airflow/dags/create_star_schema_part_2.py took 0.032 seconds
[2023-12-11T20:02:40.109+0000] {processor.py:157} INFO - Started process (PID=1447) to work on /opt/airflow/dags/create_star_schema_part_2.py
[2023-12-11T20:02:40.110+0000] {processor.py:829} INFO - Processing file /opt/airflow/dags/create_star_schema_part_2.py for tasks to queue
[2023-12-11T20:02:40.112+0000] {logging_mixin.py:154} INFO - [2023-12-11T20:02:40.111+0000] {dagbag.py:536} INFO - Filling up the DagBag from /opt/airflow/dags/create_star_schema_part_2.py
[2023-12-11T20:02:40.120+0000] {processor.py:841} WARNING - No viable dags retrieved from /opt/airflow/dags/create_star_schema_part_2.py
[2023-12-11T20:02:40.136+0000] {processor.py:179} INFO - Processing /opt/airflow/dags/create_star_schema_part_2.py took 0.033 seconds
[2023-12-11T20:03:10.740+0000] {processor.py:157} INFO - Started process (PID=1494) to work on /opt/airflow/dags/create_star_schema_part_2.py
[2023-12-11T20:03:10.742+0000] {processor.py:829} INFO - Processing file /opt/airflow/dags/create_star_schema_part_2.py for tasks to queue
[2023-12-11T20:03:10.743+0000] {logging_mixin.py:154} INFO - [2023-12-11T20:03:10.743+0000] {dagbag.py:536} INFO - Filling up the DagBag from /opt/airflow/dags/create_star_schema_part_2.py
[2023-12-11T20:03:10.750+0000] {processor.py:841} WARNING - No viable dags retrieved from /opt/airflow/dags/create_star_schema_part_2.py
[2023-12-11T20:03:10.766+0000] {processor.py:179} INFO - Processing /opt/airflow/dags/create_star_schema_part_2.py took 0.032 seconds
[2023-12-11T20:03:41.361+0000] {processor.py:157} INFO - Started process (PID=1541) to work on /opt/airflow/dags/create_star_schema_part_2.py
[2023-12-11T20:03:41.363+0000] {processor.py:829} INFO - Processing file /opt/airflow/dags/create_star_schema_part_2.py for tasks to queue
[2023-12-11T20:03:41.364+0000] {logging_mixin.py:154} INFO - [2023-12-11T20:03:41.364+0000] {dagbag.py:536} INFO - Filling up the DagBag from /opt/airflow/dags/create_star_schema_part_2.py
[2023-12-11T20:03:41.372+0000] {processor.py:841} WARNING - No viable dags retrieved from /opt/airflow/dags/create_star_schema_part_2.py
[2023-12-11T20:03:41.387+0000] {processor.py:179} INFO - Processing /opt/airflow/dags/create_star_schema_part_2.py took 0.031 seconds
[2023-12-11T20:04:12.074+0000] {processor.py:157} INFO - Started process (PID=1588) to work on /opt/airflow/dags/create_star_schema_part_2.py
[2023-12-11T20:04:12.076+0000] {processor.py:829} INFO - Processing file /opt/airflow/dags/create_star_schema_part_2.py for tasks to queue
[2023-12-11T20:04:12.077+0000] {logging_mixin.py:154} INFO - [2023-12-11T20:04:12.077+0000] {dagbag.py:536} INFO - Filling up the DagBag from /opt/airflow/dags/create_star_schema_part_2.py
[2023-12-11T20:04:12.085+0000] {processor.py:841} WARNING - No viable dags retrieved from /opt/airflow/dags/create_star_schema_part_2.py
[2023-12-11T20:04:12.101+0000] {processor.py:179} INFO - Processing /opt/airflow/dags/create_star_schema_part_2.py took 0.032 seconds
[2023-12-11T20:04:42.763+0000] {processor.py:157} INFO - Started process (PID=1635) to work on /opt/airflow/dags/create_star_schema_part_2.py
[2023-12-11T20:04:42.764+0000] {processor.py:829} INFO - Processing file /opt/airflow/dags/create_star_schema_part_2.py for tasks to queue
[2023-12-11T20:04:42.766+0000] {logging_mixin.py:154} INFO - [2023-12-11T20:04:42.765+0000] {dagbag.py:536} INFO - Filling up the DagBag from /opt/airflow/dags/create_star_schema_part_2.py
[2023-12-11T20:04:42.774+0000] {processor.py:841} WARNING - No viable dags retrieved from /opt/airflow/dags/create_star_schema_part_2.py
[2023-12-11T20:04:42.790+0000] {processor.py:179} INFO - Processing /opt/airflow/dags/create_star_schema_part_2.py took 0.033 seconds
[2023-12-11T20:05:13.385+0000] {processor.py:157} INFO - Started process (PID=1682) to work on /opt/airflow/dags/create_star_schema_part_2.py
[2023-12-11T20:05:13.386+0000] {processor.py:829} INFO - Processing file /opt/airflow/dags/create_star_schema_part_2.py for tasks to queue
[2023-12-11T20:05:13.386+0000] {logging_mixin.py:154} INFO - [2023-12-11T20:05:13.386+0000] {dagbag.py:536} INFO - Filling up the DagBag from /opt/airflow/dags/create_star_schema_part_2.py
[2023-12-11T20:05:13.391+0000] {processor.py:841} WARNING - No viable dags retrieved from /opt/airflow/dags/create_star_schema_part_2.py
[2023-12-11T20:05:13.401+0000] {processor.py:179} INFO - Processing /opt/airflow/dags/create_star_schema_part_2.py took 0.019 seconds
[2023-12-11T20:05:44.066+0000] {processor.py:157} INFO - Started process (PID=1729) to work on /opt/airflow/dags/create_star_schema_part_2.py
[2023-12-11T20:05:44.068+0000] {processor.py:829} INFO - Processing file /opt/airflow/dags/create_star_schema_part_2.py for tasks to queue
[2023-12-11T20:05:44.069+0000] {logging_mixin.py:154} INFO - [2023-12-11T20:05:44.069+0000] {dagbag.py:536} INFO - Filling up the DagBag from /opt/airflow/dags/create_star_schema_part_2.py
[2023-12-11T20:05:44.077+0000] {processor.py:841} WARNING - No viable dags retrieved from /opt/airflow/dags/create_star_schema_part_2.py
[2023-12-11T20:05:44.094+0000] {processor.py:179} INFO - Processing /opt/airflow/dags/create_star_schema_part_2.py took 0.033 seconds
[2023-12-11T20:06:14.699+0000] {processor.py:157} INFO - Started process (PID=1782) to work on /opt/airflow/dags/create_star_schema_part_2.py
[2023-12-11T20:06:14.700+0000] {processor.py:829} INFO - Processing file /opt/airflow/dags/create_star_schema_part_2.py for tasks to queue
[2023-12-11T20:06:14.701+0000] {logging_mixin.py:154} INFO - [2023-12-11T20:06:14.701+0000] {dagbag.py:536} INFO - Filling up the DagBag from /opt/airflow/dags/create_star_schema_part_2.py
[2023-12-11T20:06:14.708+0000] {processor.py:841} WARNING - No viable dags retrieved from /opt/airflow/dags/create_star_schema_part_2.py
[2023-12-11T20:06:14.720+0000] {processor.py:179} INFO - Processing /opt/airflow/dags/create_star_schema_part_2.py took 0.024 seconds
[2023-12-11T20:06:45.395+0000] {processor.py:157} INFO - Started process (PID=1830) to work on /opt/airflow/dags/create_star_schema_part_2.py
[2023-12-11T20:06:45.396+0000] {processor.py:829} INFO - Processing file /opt/airflow/dags/create_star_schema_part_2.py for tasks to queue
[2023-12-11T20:06:45.398+0000] {logging_mixin.py:154} INFO - [2023-12-11T20:06:45.397+0000] {dagbag.py:536} INFO - Filling up the DagBag from /opt/airflow/dags/create_star_schema_part_2.py
[2023-12-11T20:06:45.406+0000] {processor.py:841} WARNING - No viable dags retrieved from /opt/airflow/dags/create_star_schema_part_2.py
[2023-12-11T20:06:45.422+0000] {processor.py:179} INFO - Processing /opt/airflow/dags/create_star_schema_part_2.py took 0.032 seconds
[2023-12-11T20:07:16.004+0000] {processor.py:157} INFO - Started process (PID=1877) to work on /opt/airflow/dags/create_star_schema_part_2.py
[2023-12-11T20:07:16.005+0000] {processor.py:829} INFO - Processing file /opt/airflow/dags/create_star_schema_part_2.py for tasks to queue
[2023-12-11T20:07:16.007+0000] {logging_mixin.py:154} INFO - [2023-12-11T20:07:16.006+0000] {dagbag.py:536} INFO - Filling up the DagBag from /opt/airflow/dags/create_star_schema_part_2.py
[2023-12-11T20:07:16.015+0000] {processor.py:841} WARNING - No viable dags retrieved from /opt/airflow/dags/create_star_schema_part_2.py
[2023-12-11T20:07:16.031+0000] {processor.py:179} INFO - Processing /opt/airflow/dags/create_star_schema_part_2.py took 0.033 seconds
[2023-12-11T20:07:46.670+0000] {processor.py:157} INFO - Started process (PID=1924) to work on /opt/airflow/dags/create_star_schema_part_2.py
[2023-12-11T20:07:46.671+0000] {processor.py:829} INFO - Processing file /opt/airflow/dags/create_star_schema_part_2.py for tasks to queue
[2023-12-11T20:07:46.672+0000] {logging_mixin.py:154} INFO - [2023-12-11T20:07:46.672+0000] {dagbag.py:536} INFO - Filling up the DagBag from /opt/airflow/dags/create_star_schema_part_2.py
[2023-12-11T20:07:46.681+0000] {processor.py:841} WARNING - No viable dags retrieved from /opt/airflow/dags/create_star_schema_part_2.py
[2023-12-11T20:07:46.697+0000] {processor.py:179} INFO - Processing /opt/airflow/dags/create_star_schema_part_2.py took 0.033 seconds
[2023-12-11T20:08:17.378+0000] {processor.py:157} INFO - Started process (PID=1971) to work on /opt/airflow/dags/create_star_schema_part_2.py
[2023-12-11T20:08:17.380+0000] {processor.py:829} INFO - Processing file /opt/airflow/dags/create_star_schema_part_2.py for tasks to queue
[2023-12-11T20:08:17.381+0000] {logging_mixin.py:154} INFO - [2023-12-11T20:08:17.381+0000] {dagbag.py:536} INFO - Filling up the DagBag from /opt/airflow/dags/create_star_schema_part_2.py
[2023-12-11T20:08:17.389+0000] {processor.py:841} WARNING - No viable dags retrieved from /opt/airflow/dags/create_star_schema_part_2.py
[2023-12-11T20:08:17.405+0000] {processor.py:179} INFO - Processing /opt/airflow/dags/create_star_schema_part_2.py took 0.032 seconds
[2023-12-11T20:08:47.991+0000] {processor.py:157} INFO - Started process (PID=2018) to work on /opt/airflow/dags/create_star_schema_part_2.py
[2023-12-11T20:08:47.993+0000] {processor.py:829} INFO - Processing file /opt/airflow/dags/create_star_schema_part_2.py for tasks to queue
[2023-12-11T20:08:47.994+0000] {logging_mixin.py:154} INFO - [2023-12-11T20:08:47.994+0000] {dagbag.py:536} INFO - Filling up the DagBag from /opt/airflow/dags/create_star_schema_part_2.py
[2023-12-11T20:08:48.002+0000] {processor.py:841} WARNING - No viable dags retrieved from /opt/airflow/dags/create_star_schema_part_2.py
[2023-12-11T20:08:48.018+0000] {processor.py:179} INFO - Processing /opt/airflow/dags/create_star_schema_part_2.py took 0.032 seconds
[2023-12-11T20:09:18.677+0000] {processor.py:157} INFO - Started process (PID=2065) to work on /opt/airflow/dags/create_star_schema_part_2.py
[2023-12-11T20:09:18.679+0000] {processor.py:829} INFO - Processing file /opt/airflow/dags/create_star_schema_part_2.py for tasks to queue
[2023-12-11T20:09:18.680+0000] {logging_mixin.py:154} INFO - [2023-12-11T20:09:18.680+0000] {dagbag.py:536} INFO - Filling up the DagBag from /opt/airflow/dags/create_star_schema_part_2.py
[2023-12-11T20:09:18.688+0000] {processor.py:841} WARNING - No viable dags retrieved from /opt/airflow/dags/create_star_schema_part_2.py
[2023-12-11T20:09:18.704+0000] {processor.py:179} INFO - Processing /opt/airflow/dags/create_star_schema_part_2.py took 0.032 seconds
[2023-12-11T20:09:49.404+0000] {processor.py:157} INFO - Started process (PID=2112) to work on /opt/airflow/dags/create_star_schema_part_2.py
[2023-12-11T20:09:49.405+0000] {processor.py:829} INFO - Processing file /opt/airflow/dags/create_star_schema_part_2.py for tasks to queue
[2023-12-11T20:09:49.406+0000] {logging_mixin.py:154} INFO - [2023-12-11T20:09:49.406+0000] {dagbag.py:536} INFO - Filling up the DagBag from /opt/airflow/dags/create_star_schema_part_2.py
[2023-12-11T20:09:49.414+0000] {processor.py:841} WARNING - No viable dags retrieved from /opt/airflow/dags/create_star_schema_part_2.py
[2023-12-11T20:09:49.431+0000] {processor.py:179} INFO - Processing /opt/airflow/dags/create_star_schema_part_2.py took 0.032 seconds
[2023-12-11T20:10:20.088+0000] {processor.py:157} INFO - Started process (PID=2159) to work on /opt/airflow/dags/create_star_schema_part_2.py
[2023-12-11T20:10:20.089+0000] {processor.py:829} INFO - Processing file /opt/airflow/dags/create_star_schema_part_2.py for tasks to queue
[2023-12-11T20:10:20.091+0000] {logging_mixin.py:154} INFO - [2023-12-11T20:10:20.090+0000] {dagbag.py:536} INFO - Filling up the DagBag from /opt/airflow/dags/create_star_schema_part_2.py
[2023-12-11T20:10:20.099+0000] {processor.py:841} WARNING - No viable dags retrieved from /opt/airflow/dags/create_star_schema_part_2.py
[2023-12-11T20:10:20.115+0000] {processor.py:179} INFO - Processing /opt/airflow/dags/create_star_schema_part_2.py took 0.032 seconds
[2023-12-11T20:10:50.751+0000] {processor.py:157} INFO - Started process (PID=2206) to work on /opt/airflow/dags/create_star_schema_part_2.py
[2023-12-11T20:10:50.752+0000] {processor.py:829} INFO - Processing file /opt/airflow/dags/create_star_schema_part_2.py for tasks to queue
[2023-12-11T20:10:50.753+0000] {logging_mixin.py:154} INFO - [2023-12-11T20:10:50.753+0000] {dagbag.py:536} INFO - Filling up the DagBag from /opt/airflow/dags/create_star_schema_part_2.py
[2023-12-11T20:10:50.761+0000] {processor.py:841} WARNING - No viable dags retrieved from /opt/airflow/dags/create_star_schema_part_2.py
[2023-12-11T20:10:50.776+0000] {processor.py:179} INFO - Processing /opt/airflow/dags/create_star_schema_part_2.py took 0.031 seconds
[2023-12-11T20:11:21.410+0000] {processor.py:157} INFO - Started process (PID=2253) to work on /opt/airflow/dags/create_star_schema_part_2.py
[2023-12-11T20:11:21.412+0000] {processor.py:829} INFO - Processing file /opt/airflow/dags/create_star_schema_part_2.py for tasks to queue
[2023-12-11T20:11:21.413+0000] {logging_mixin.py:154} INFO - [2023-12-11T20:11:21.413+0000] {dagbag.py:536} INFO - Filling up the DagBag from /opt/airflow/dags/create_star_schema_part_2.py
[2023-12-11T20:11:21.421+0000] {processor.py:841} WARNING - No viable dags retrieved from /opt/airflow/dags/create_star_schema_part_2.py
[2023-12-11T20:11:21.436+0000] {processor.py:179} INFO - Processing /opt/airflow/dags/create_star_schema_part_2.py took 0.031 seconds
[2023-12-11T20:11:52.121+0000] {processor.py:157} INFO - Started process (PID=2300) to work on /opt/airflow/dags/create_star_schema_part_2.py
[2023-12-11T20:11:52.123+0000] {processor.py:829} INFO - Processing file /opt/airflow/dags/create_star_schema_part_2.py for tasks to queue
[2023-12-11T20:11:52.124+0000] {logging_mixin.py:154} INFO - [2023-12-11T20:11:52.124+0000] {dagbag.py:536} INFO - Filling up the DagBag from /opt/airflow/dags/create_star_schema_part_2.py
[2023-12-11T20:11:52.132+0000] {processor.py:841} WARNING - No viable dags retrieved from /opt/airflow/dags/create_star_schema_part_2.py
[2023-12-11T20:11:52.148+0000] {processor.py:179} INFO - Processing /opt/airflow/dags/create_star_schema_part_2.py took 0.032 seconds
[2023-12-11T20:12:22.784+0000] {processor.py:157} INFO - Started process (PID=2347) to work on /opt/airflow/dags/create_star_schema_part_2.py
[2023-12-11T20:12:22.785+0000] {processor.py:829} INFO - Processing file /opt/airflow/dags/create_star_schema_part_2.py for tasks to queue
[2023-12-11T20:12:22.787+0000] {logging_mixin.py:154} INFO - [2023-12-11T20:12:22.786+0000] {dagbag.py:536} INFO - Filling up the DagBag from /opt/airflow/dags/create_star_schema_part_2.py
[2023-12-11T20:12:22.795+0000] {processor.py:841} WARNING - No viable dags retrieved from /opt/airflow/dags/create_star_schema_part_2.py
[2023-12-11T20:12:22.810+0000] {processor.py:179} INFO - Processing /opt/airflow/dags/create_star_schema_part_2.py took 0.031 seconds
[2023-12-11T20:12:53.389+0000] {processor.py:157} INFO - Started process (PID=2394) to work on /opt/airflow/dags/create_star_schema_part_2.py
[2023-12-11T20:12:53.390+0000] {processor.py:829} INFO - Processing file /opt/airflow/dags/create_star_schema_part_2.py for tasks to queue
[2023-12-11T20:12:53.391+0000] {logging_mixin.py:154} INFO - [2023-12-11T20:12:53.391+0000] {dagbag.py:536} INFO - Filling up the DagBag from /opt/airflow/dags/create_star_schema_part_2.py
[2023-12-11T20:12:53.399+0000] {processor.py:841} WARNING - No viable dags retrieved from /opt/airflow/dags/create_star_schema_part_2.py
[2023-12-11T20:12:53.415+0000] {processor.py:179} INFO - Processing /opt/airflow/dags/create_star_schema_part_2.py took 0.031 seconds
[2023-12-11T20:13:24.110+0000] {processor.py:157} INFO - Started process (PID=2441) to work on /opt/airflow/dags/create_star_schema_part_2.py
[2023-12-11T20:13:24.112+0000] {processor.py:829} INFO - Processing file /opt/airflow/dags/create_star_schema_part_2.py for tasks to queue
[2023-12-11T20:13:24.113+0000] {logging_mixin.py:154} INFO - [2023-12-11T20:13:24.113+0000] {dagbag.py:536} INFO - Filling up the DagBag from /opt/airflow/dags/create_star_schema_part_2.py
[2023-12-11T20:13:24.121+0000] {processor.py:841} WARNING - No viable dags retrieved from /opt/airflow/dags/create_star_schema_part_2.py
[2023-12-11T20:13:24.137+0000] {processor.py:179} INFO - Processing /opt/airflow/dags/create_star_schema_part_2.py took 0.032 seconds
[2023-12-11T20:13:54.792+0000] {processor.py:157} INFO - Started process (PID=2488) to work on /opt/airflow/dags/create_star_schema_part_2.py
[2023-12-11T20:13:54.793+0000] {processor.py:829} INFO - Processing file /opt/airflow/dags/create_star_schema_part_2.py for tasks to queue
[2023-12-11T20:13:54.794+0000] {logging_mixin.py:154} INFO - [2023-12-11T20:13:54.794+0000] {dagbag.py:536} INFO - Filling up the DagBag from /opt/airflow/dags/create_star_schema_part_2.py
[2023-12-11T20:13:54.799+0000] {processor.py:841} WARNING - No viable dags retrieved from /opt/airflow/dags/create_star_schema_part_2.py
[2023-12-11T20:13:54.811+0000] {processor.py:179} INFO - Processing /opt/airflow/dags/create_star_schema_part_2.py took 0.022 seconds
[2023-12-11T20:14:25.395+0000] {processor.py:157} INFO - Started process (PID=2535) to work on /opt/airflow/dags/create_star_schema_part_2.py
[2023-12-11T20:14:25.396+0000] {processor.py:829} INFO - Processing file /opt/airflow/dags/create_star_schema_part_2.py for tasks to queue
[2023-12-11T20:14:25.397+0000] {logging_mixin.py:154} INFO - [2023-12-11T20:14:25.397+0000] {dagbag.py:536} INFO - Filling up the DagBag from /opt/airflow/dags/create_star_schema_part_2.py
[2023-12-11T20:14:25.404+0000] {processor.py:841} WARNING - No viable dags retrieved from /opt/airflow/dags/create_star_schema_part_2.py
[2023-12-11T20:14:25.419+0000] {processor.py:179} INFO - Processing /opt/airflow/dags/create_star_schema_part_2.py took 0.030 seconds
[2023-12-11T20:14:56.088+0000] {processor.py:157} INFO - Started process (PID=2582) to work on /opt/airflow/dags/create_star_schema_part_2.py
[2023-12-11T20:14:56.089+0000] {processor.py:829} INFO - Processing file /opt/airflow/dags/create_star_schema_part_2.py for tasks to queue
[2023-12-11T20:14:56.090+0000] {logging_mixin.py:154} INFO - [2023-12-11T20:14:56.090+0000] {dagbag.py:536} INFO - Filling up the DagBag from /opt/airflow/dags/create_star_schema_part_2.py
[2023-12-11T20:14:56.099+0000] {processor.py:841} WARNING - No viable dags retrieved from /opt/airflow/dags/create_star_schema_part_2.py
[2023-12-11T20:14:56.115+0000] {processor.py:179} INFO - Processing /opt/airflow/dags/create_star_schema_part_2.py took 0.033 seconds
[2023-12-11T20:15:26.728+0000] {processor.py:157} INFO - Started process (PID=2629) to work on /opt/airflow/dags/create_star_schema_part_2.py
[2023-12-11T20:15:26.729+0000] {processor.py:829} INFO - Processing file /opt/airflow/dags/create_star_schema_part_2.py for tasks to queue
[2023-12-11T20:15:26.730+0000] {logging_mixin.py:154} INFO - [2023-12-11T20:15:26.730+0000] {dagbag.py:536} INFO - Filling up the DagBag from /opt/airflow/dags/create_star_schema_part_2.py
[2023-12-11T20:15:26.738+0000] {processor.py:841} WARNING - No viable dags retrieved from /opt/airflow/dags/create_star_schema_part_2.py
[2023-12-11T20:15:26.754+0000] {processor.py:179} INFO - Processing /opt/airflow/dags/create_star_schema_part_2.py took 0.032 seconds
[2023-12-11T20:15:57.407+0000] {processor.py:157} INFO - Started process (PID=2676) to work on /opt/airflow/dags/create_star_schema_part_2.py
[2023-12-11T20:15:57.409+0000] {processor.py:829} INFO - Processing file /opt/airflow/dags/create_star_schema_part_2.py for tasks to queue
[2023-12-11T20:15:57.410+0000] {logging_mixin.py:154} INFO - [2023-12-11T20:15:57.410+0000] {dagbag.py:536} INFO - Filling up the DagBag from /opt/airflow/dags/create_star_schema_part_2.py
[2023-12-11T20:15:57.418+0000] {processor.py:841} WARNING - No viable dags retrieved from /opt/airflow/dags/create_star_schema_part_2.py
[2023-12-11T20:15:57.434+0000] {processor.py:179} INFO - Processing /opt/airflow/dags/create_star_schema_part_2.py took 0.033 seconds
[2023-12-11T20:16:27.993+0000] {processor.py:157} INFO - Started process (PID=2723) to work on /opt/airflow/dags/create_star_schema_part_2.py
[2023-12-11T20:16:27.995+0000] {processor.py:829} INFO - Processing file /opt/airflow/dags/create_star_schema_part_2.py for tasks to queue
[2023-12-11T20:16:27.996+0000] {logging_mixin.py:154} INFO - [2023-12-11T20:16:27.996+0000] {dagbag.py:536} INFO - Filling up the DagBag from /opt/airflow/dags/create_star_schema_part_2.py
[2023-12-11T20:16:28.004+0000] {processor.py:841} WARNING - No viable dags retrieved from /opt/airflow/dags/create_star_schema_part_2.py
[2023-12-11T20:16:28.021+0000] {processor.py:179} INFO - Processing /opt/airflow/dags/create_star_schema_part_2.py took 0.033 seconds
[2023-12-11T20:16:58.681+0000] {processor.py:157} INFO - Started process (PID=2770) to work on /opt/airflow/dags/create_star_schema_part_2.py
[2023-12-11T20:16:58.682+0000] {processor.py:829} INFO - Processing file /opt/airflow/dags/create_star_schema_part_2.py for tasks to queue
[2023-12-11T20:16:58.684+0000] {logging_mixin.py:154} INFO - [2023-12-11T20:16:58.684+0000] {dagbag.py:536} INFO - Filling up the DagBag from /opt/airflow/dags/create_star_schema_part_2.py
[2023-12-11T20:16:58.692+0000] {processor.py:841} WARNING - No viable dags retrieved from /opt/airflow/dags/create_star_schema_part_2.py
[2023-12-11T20:16:58.708+0000] {processor.py:179} INFO - Processing /opt/airflow/dags/create_star_schema_part_2.py took 0.033 seconds
[2023-12-11T20:17:29.365+0000] {processor.py:157} INFO - Started process (PID=2817) to work on /opt/airflow/dags/create_star_schema_part_2.py
[2023-12-11T20:17:29.367+0000] {processor.py:829} INFO - Processing file /opt/airflow/dags/create_star_schema_part_2.py for tasks to queue
[2023-12-11T20:17:29.368+0000] {logging_mixin.py:154} INFO - [2023-12-11T20:17:29.367+0000] {dagbag.py:536} INFO - Filling up the DagBag from /opt/airflow/dags/create_star_schema_part_2.py
[2023-12-11T20:17:29.376+0000] {processor.py:841} WARNING - No viable dags retrieved from /opt/airflow/dags/create_star_schema_part_2.py
[2023-12-11T20:17:29.392+0000] {processor.py:179} INFO - Processing /opt/airflow/dags/create_star_schema_part_2.py took 0.032 seconds
[2023-12-11T20:17:59.904+0000] {processor.py:157} INFO - Started process (PID=2864) to work on /opt/airflow/dags/create_star_schema_part_2.py
[2023-12-11T20:17:59.905+0000] {processor.py:829} INFO - Processing file /opt/airflow/dags/create_star_schema_part_2.py for tasks to queue
[2023-12-11T20:17:59.906+0000] {logging_mixin.py:154} INFO - [2023-12-11T20:17:59.906+0000] {dagbag.py:536} INFO - Filling up the DagBag from /opt/airflow/dags/create_star_schema_part_2.py
[2023-12-11T20:17:59.913+0000] {processor.py:841} WARNING - No viable dags retrieved from /opt/airflow/dags/create_star_schema_part_2.py
[2023-12-11T20:17:59.927+0000] {processor.py:179} INFO - Processing /opt/airflow/dags/create_star_schema_part_2.py took 0.027 seconds
[2023-12-11T20:18:30.583+0000] {processor.py:157} INFO - Started process (PID=2911) to work on /opt/airflow/dags/create_star_schema_part_2.py
[2023-12-11T20:18:30.585+0000] {processor.py:829} INFO - Processing file /opt/airflow/dags/create_star_schema_part_2.py for tasks to queue
[2023-12-11T20:18:30.586+0000] {logging_mixin.py:154} INFO - [2023-12-11T20:18:30.586+0000] {dagbag.py:536} INFO - Filling up the DagBag from /opt/airflow/dags/create_star_schema_part_2.py
[2023-12-11T20:18:30.595+0000] {processor.py:841} WARNING - No viable dags retrieved from /opt/airflow/dags/create_star_schema_part_2.py
[2023-12-11T20:18:30.612+0000] {processor.py:179} INFO - Processing /opt/airflow/dags/create_star_schema_part_2.py took 0.035 seconds
[2023-12-11T20:19:01.275+0000] {processor.py:157} INFO - Started process (PID=2958) to work on /opt/airflow/dags/create_star_schema_part_2.py
[2023-12-11T20:19:01.277+0000] {processor.py:829} INFO - Processing file /opt/airflow/dags/create_star_schema_part_2.py for tasks to queue
[2023-12-11T20:19:01.278+0000] {logging_mixin.py:154} INFO - [2023-12-11T20:19:01.278+0000] {dagbag.py:536} INFO - Filling up the DagBag from /opt/airflow/dags/create_star_schema_part_2.py
[2023-12-11T20:19:01.286+0000] {processor.py:841} WARNING - No viable dags retrieved from /opt/airflow/dags/create_star_schema_part_2.py
[2023-12-11T20:19:01.301+0000] {processor.py:179} INFO - Processing /opt/airflow/dags/create_star_schema_part_2.py took 0.031 seconds
[2023-12-11T20:19:31.970+0000] {processor.py:157} INFO - Started process (PID=3005) to work on /opt/airflow/dags/create_star_schema_part_2.py
[2023-12-11T20:19:31.971+0000] {processor.py:829} INFO - Processing file /opt/airflow/dags/create_star_schema_part_2.py for tasks to queue
[2023-12-11T20:19:31.972+0000] {logging_mixin.py:154} INFO - [2023-12-11T20:19:31.972+0000] {dagbag.py:536} INFO - Filling up the DagBag from /opt/airflow/dags/create_star_schema_part_2.py
[2023-12-11T20:19:31.981+0000] {processor.py:841} WARNING - No viable dags retrieved from /opt/airflow/dags/create_star_schema_part_2.py
[2023-12-11T20:19:31.997+0000] {processor.py:179} INFO - Processing /opt/airflow/dags/create_star_schema_part_2.py took 0.032 seconds
[2023-12-11T20:20:02.651+0000] {processor.py:157} INFO - Started process (PID=3052) to work on /opt/airflow/dags/create_star_schema_part_2.py
[2023-12-11T20:20:02.653+0000] {processor.py:829} INFO - Processing file /opt/airflow/dags/create_star_schema_part_2.py for tasks to queue
[2023-12-11T20:20:02.654+0000] {logging_mixin.py:154} INFO - [2023-12-11T20:20:02.653+0000] {dagbag.py:536} INFO - Filling up the DagBag from /opt/airflow/dags/create_star_schema_part_2.py
[2023-12-11T20:20:02.662+0000] {processor.py:841} WARNING - No viable dags retrieved from /opt/airflow/dags/create_star_schema_part_2.py
[2023-12-11T20:20:02.678+0000] {processor.py:179} INFO - Processing /opt/airflow/dags/create_star_schema_part_2.py took 0.032 seconds
[2023-12-11T20:20:33.304+0000] {processor.py:157} INFO - Started process (PID=3099) to work on /opt/airflow/dags/create_star_schema_part_2.py
[2023-12-11T20:20:33.305+0000] {processor.py:829} INFO - Processing file /opt/airflow/dags/create_star_schema_part_2.py for tasks to queue
[2023-12-11T20:20:33.307+0000] {logging_mixin.py:154} INFO - [2023-12-11T20:20:33.306+0000] {dagbag.py:536} INFO - Filling up the DagBag from /opt/airflow/dags/create_star_schema_part_2.py
[2023-12-11T20:20:33.315+0000] {processor.py:841} WARNING - No viable dags retrieved from /opt/airflow/dags/create_star_schema_part_2.py
[2023-12-11T20:20:33.331+0000] {processor.py:179} INFO - Processing /opt/airflow/dags/create_star_schema_part_2.py took 0.033 seconds
[2023-12-11T20:21:03.937+0000] {processor.py:157} INFO - Started process (PID=3146) to work on /opt/airflow/dags/create_star_schema_part_2.py
[2023-12-11T20:21:03.938+0000] {processor.py:829} INFO - Processing file /opt/airflow/dags/create_star_schema_part_2.py for tasks to queue
[2023-12-11T20:21:03.939+0000] {logging_mixin.py:154} INFO - [2023-12-11T20:21:03.939+0000] {dagbag.py:536} INFO - Filling up the DagBag from /opt/airflow/dags/create_star_schema_part_2.py
[2023-12-11T20:21:03.945+0000] {processor.py:841} WARNING - No viable dags retrieved from /opt/airflow/dags/create_star_schema_part_2.py
[2023-12-11T20:21:03.959+0000] {processor.py:179} INFO - Processing /opt/airflow/dags/create_star_schema_part_2.py took 0.026 seconds
[2023-12-11T20:21:34.502+0000] {processor.py:157} INFO - Started process (PID=3193) to work on /opt/airflow/dags/create_star_schema_part_2.py
[2023-12-11T20:21:34.503+0000] {processor.py:829} INFO - Processing file /opt/airflow/dags/create_star_schema_part_2.py for tasks to queue
[2023-12-11T20:21:34.504+0000] {logging_mixin.py:154} INFO - [2023-12-11T20:21:34.504+0000] {dagbag.py:536} INFO - Filling up the DagBag from /opt/airflow/dags/create_star_schema_part_2.py
[2023-12-11T20:21:34.512+0000] {processor.py:841} WARNING - No viable dags retrieved from /opt/airflow/dags/create_star_schema_part_2.py
[2023-12-11T20:21:34.526+0000] {processor.py:179} INFO - Processing /opt/airflow/dags/create_star_schema_part_2.py took 0.028 seconds
[2023-12-11T20:22:05.061+0000] {processor.py:157} INFO - Started process (PID=3245) to work on /opt/airflow/dags/create_star_schema_part_2.py
[2023-12-11T20:22:05.063+0000] {processor.py:829} INFO - Processing file /opt/airflow/dags/create_star_schema_part_2.py for tasks to queue
[2023-12-11T20:22:05.064+0000] {logging_mixin.py:154} INFO - [2023-12-11T20:22:05.064+0000] {dagbag.py:536} INFO - Filling up the DagBag from /opt/airflow/dags/create_star_schema_part_2.py
[2023-12-11T20:22:05.072+0000] {processor.py:841} WARNING - No viable dags retrieved from /opt/airflow/dags/create_star_schema_part_2.py
[2023-12-11T20:22:05.089+0000] {processor.py:179} INFO - Processing /opt/airflow/dags/create_star_schema_part_2.py took 0.033 seconds
[2023-12-11T20:22:35.618+0000] {processor.py:157} INFO - Started process (PID=3292) to work on /opt/airflow/dags/create_star_schema_part_2.py
[2023-12-11T20:22:35.620+0000] {processor.py:829} INFO - Processing file /opt/airflow/dags/create_star_schema_part_2.py for tasks to queue
[2023-12-11T20:22:35.621+0000] {logging_mixin.py:154} INFO - [2023-12-11T20:22:35.621+0000] {dagbag.py:536} INFO - Filling up the DagBag from /opt/airflow/dags/create_star_schema_part_2.py
[2023-12-11T20:22:35.630+0000] {processor.py:841} WARNING - No viable dags retrieved from /opt/airflow/dags/create_star_schema_part_2.py
[2023-12-11T20:22:35.646+0000] {processor.py:179} INFO - Processing /opt/airflow/dags/create_star_schema_part_2.py took 0.033 seconds
[2023-12-11T20:23:06.012+0000] {processor.py:157} INFO - Started process (PID=3355) to work on /opt/airflow/dags/create_star_schema_part_2.py
[2023-12-11T20:23:06.013+0000] {processor.py:829} INFO - Processing file /opt/airflow/dags/create_star_schema_part_2.py for tasks to queue
[2023-12-11T20:23:06.015+0000] {logging_mixin.py:154} INFO - [2023-12-11T20:23:06.014+0000] {dagbag.py:536} INFO - Filling up the DagBag from /opt/airflow/dags/create_star_schema_part_2.py
[2023-12-11T20:23:06.023+0000] {processor.py:841} WARNING - No viable dags retrieved from /opt/airflow/dags/create_star_schema_part_2.py
[2023-12-11T20:23:06.039+0000] {processor.py:179} INFO - Processing /opt/airflow/dags/create_star_schema_part_2.py took 0.032 seconds
[2023-12-11T20:23:36.537+0000] {processor.py:157} INFO - Started process (PID=3403) to work on /opt/airflow/dags/create_star_schema_part_2.py
[2023-12-11T20:23:36.539+0000] {processor.py:829} INFO - Processing file /opt/airflow/dags/create_star_schema_part_2.py for tasks to queue
[2023-12-11T20:23:36.540+0000] {logging_mixin.py:154} INFO - [2023-12-11T20:23:36.540+0000] {dagbag.py:536} INFO - Filling up the DagBag from /opt/airflow/dags/create_star_schema_part_2.py
[2023-12-11T20:23:36.548+0000] {processor.py:841} WARNING - No viable dags retrieved from /opt/airflow/dags/create_star_schema_part_2.py
[2023-12-11T20:23:36.564+0000] {processor.py:179} INFO - Processing /opt/airflow/dags/create_star_schema_part_2.py took 0.032 seconds
[2023-12-11T20:24:06.854+0000] {processor.py:157} INFO - Started process (PID=3461) to work on /opt/airflow/dags/create_star_schema_part_2.py
[2023-12-11T20:24:06.857+0000] {processor.py:829} INFO - Processing file /opt/airflow/dags/create_star_schema_part_2.py for tasks to queue
[2023-12-11T20:24:06.859+0000] {logging_mixin.py:154} INFO - [2023-12-11T20:24:06.859+0000] {dagbag.py:536} INFO - Filling up the DagBag from /opt/airflow/dags/create_star_schema_part_2.py
[2023-12-11T20:24:06.869+0000] {processor.py:841} WARNING - No viable dags retrieved from /opt/airflow/dags/create_star_schema_part_2.py
[2023-12-11T20:24:06.885+0000] {processor.py:179} INFO - Processing /opt/airflow/dags/create_star_schema_part_2.py took 0.038 seconds
[2023-12-11T20:24:37.343+0000] {processor.py:157} INFO - Started process (PID=3509) to work on /opt/airflow/dags/create_star_schema_part_2.py
[2023-12-11T20:24:37.344+0000] {processor.py:829} INFO - Processing file /opt/airflow/dags/create_star_schema_part_2.py for tasks to queue
[2023-12-11T20:24:37.345+0000] {logging_mixin.py:154} INFO - [2023-12-11T20:24:37.345+0000] {dagbag.py:536} INFO - Filling up the DagBag from /opt/airflow/dags/create_star_schema_part_2.py
[2023-12-11T20:24:37.353+0000] {processor.py:841} WARNING - No viable dags retrieved from /opt/airflow/dags/create_star_schema_part_2.py
[2023-12-11T20:24:37.368+0000] {processor.py:179} INFO - Processing /opt/airflow/dags/create_star_schema_part_2.py took 0.028 seconds
[2023-12-11T20:25:07.889+0000] {processor.py:157} INFO - Started process (PID=3557) to work on /opt/airflow/dags/create_star_schema_part_2.py
[2023-12-11T20:25:07.891+0000] {processor.py:829} INFO - Processing file /opt/airflow/dags/create_star_schema_part_2.py for tasks to queue
[2023-12-11T20:25:07.892+0000] {logging_mixin.py:154} INFO - [2023-12-11T20:25:07.892+0000] {dagbag.py:536} INFO - Filling up the DagBag from /opt/airflow/dags/create_star_schema_part_2.py
[2023-12-11T20:25:07.901+0000] {processor.py:841} WARNING - No viable dags retrieved from /opt/airflow/dags/create_star_schema_part_2.py
[2023-12-11T20:25:07.918+0000] {processor.py:179} INFO - Processing /opt/airflow/dags/create_star_schema_part_2.py took 0.034 seconds
[2023-12-11T20:25:38.451+0000] {processor.py:157} INFO - Started process (PID=3605) to work on /opt/airflow/dags/create_star_schema_part_2.py
[2023-12-11T20:25:38.453+0000] {processor.py:829} INFO - Processing file /opt/airflow/dags/create_star_schema_part_2.py for tasks to queue
[2023-12-11T20:25:38.454+0000] {logging_mixin.py:154} INFO - [2023-12-11T20:25:38.454+0000] {dagbag.py:536} INFO - Filling up the DagBag from /opt/airflow/dags/create_star_schema_part_2.py
[2023-12-11T20:25:38.463+0000] {processor.py:841} WARNING - No viable dags retrieved from /opt/airflow/dags/create_star_schema_part_2.py
[2023-12-11T20:25:38.480+0000] {processor.py:179} INFO - Processing /opt/airflow/dags/create_star_schema_part_2.py took 0.034 seconds
[2023-12-11T20:26:08.989+0000] {processor.py:157} INFO - Started process (PID=3656) to work on /opt/airflow/dags/create_star_schema_part_2.py
[2023-12-11T20:26:08.990+0000] {processor.py:829} INFO - Processing file /opt/airflow/dags/create_star_schema_part_2.py for tasks to queue
[2023-12-11T20:26:08.992+0000] {logging_mixin.py:154} INFO - [2023-12-11T20:26:08.991+0000] {dagbag.py:536} INFO - Filling up the DagBag from /opt/airflow/dags/create_star_schema_part_2.py
[2023-12-11T20:26:09.004+0000] {processor.py:841} WARNING - No viable dags retrieved from /opt/airflow/dags/create_star_schema_part_2.py
[2023-12-11T20:26:09.020+0000] {processor.py:179} INFO - Processing /opt/airflow/dags/create_star_schema_part_2.py took 0.037 seconds
[2023-12-11T20:26:39.529+0000] {processor.py:157} INFO - Started process (PID=3704) to work on /opt/airflow/dags/create_star_schema_part_2.py
[2023-12-11T20:26:39.531+0000] {processor.py:829} INFO - Processing file /opt/airflow/dags/create_star_schema_part_2.py for tasks to queue
[2023-12-11T20:26:39.532+0000] {logging_mixin.py:154} INFO - [2023-12-11T20:26:39.531+0000] {dagbag.py:536} INFO - Filling up the DagBag from /opt/airflow/dags/create_star_schema_part_2.py
[2023-12-11T20:26:39.541+0000] {processor.py:841} WARNING - No viable dags retrieved from /opt/airflow/dags/create_star_schema_part_2.py
[2023-12-11T20:26:39.557+0000] {processor.py:179} INFO - Processing /opt/airflow/dags/create_star_schema_part_2.py took 0.034 seconds
[2023-12-11T20:27:10.013+0000] {processor.py:157} INFO - Started process (PID=3752) to work on /opt/airflow/dags/create_star_schema_part_2.py
[2023-12-11T20:27:10.014+0000] {processor.py:829} INFO - Processing file /opt/airflow/dags/create_star_schema_part_2.py for tasks to queue
[2023-12-11T20:27:10.015+0000] {logging_mixin.py:154} INFO - [2023-12-11T20:27:10.015+0000] {dagbag.py:536} INFO - Filling up the DagBag from /opt/airflow/dags/create_star_schema_part_2.py
[2023-12-11T20:27:10.020+0000] {processor.py:841} WARNING - No viable dags retrieved from /opt/airflow/dags/create_star_schema_part_2.py
[2023-12-11T20:27:10.035+0000] {processor.py:179} INFO - Processing /opt/airflow/dags/create_star_schema_part_2.py took 0.027 seconds
