[2023-12-11T19:48:51.883+0000] {processor.py:157} INFO - Started process (PID=171) to work on /opt/airflow/dags/remove_outliers_1_5_iqr.py
[2023-12-11T19:48:51.884+0000] {processor.py:829} INFO - Processing file /opt/airflow/dags/remove_outliers_1_5_iqr.py for tasks to queue
[2023-12-11T19:48:51.892+0000] {logging_mixin.py:154} INFO - [2023-12-11T19:48:51.891+0000] {dagbag.py:536} INFO - Filling up the DagBag from /opt/airflow/dags/remove_outliers_1_5_iqr.py
[2023-12-11T19:48:51.899+0000] {processor.py:841} WARNING - No viable dags retrieved from /opt/airflow/dags/remove_outliers_1_5_iqr.py
[2023-12-11T19:48:51.916+0000] {processor.py:179} INFO - Processing /opt/airflow/dags/remove_outliers_1_5_iqr.py took 0.037 seconds
[2023-12-11T19:49:22.987+0000] {processor.py:157} INFO - Started process (PID=217) to work on /opt/airflow/dags/remove_outliers_1_5_iqr.py
[2023-12-11T19:49:22.995+0000] {processor.py:829} INFO - Processing file /opt/airflow/dags/remove_outliers_1_5_iqr.py for tasks to queue
[2023-12-11T19:49:23.007+0000] {logging_mixin.py:154} INFO - [2023-12-11T19:49:23.001+0000] {dagbag.py:536} INFO - Filling up the DagBag from /opt/airflow/dags/remove_outliers_1_5_iqr.py
[2023-12-11T19:49:23.073+0000] {processor.py:841} WARNING - No viable dags retrieved from /opt/airflow/dags/remove_outliers_1_5_iqr.py
[2023-12-11T19:49:23.166+0000] {processor.py:179} INFO - Processing /opt/airflow/dags/remove_outliers_1_5_iqr.py took 0.278 seconds
[2023-12-11T19:49:53.297+0000] {processor.py:157} INFO - Started process (PID=262) to work on /opt/airflow/dags/remove_outliers_1_5_iqr.py
[2023-12-11T19:49:53.298+0000] {processor.py:829} INFO - Processing file /opt/airflow/dags/remove_outliers_1_5_iqr.py for tasks to queue
[2023-12-11T19:49:53.300+0000] {logging_mixin.py:154} INFO - [2023-12-11T19:49:53.299+0000] {dagbag.py:536} INFO - Filling up the DagBag from /opt/airflow/dags/remove_outliers_1_5_iqr.py
[2023-12-11T19:49:53.312+0000] {processor.py:841} WARNING - No viable dags retrieved from /opt/airflow/dags/remove_outliers_1_5_iqr.py
[2023-12-11T19:49:53.334+0000] {processor.py:179} INFO - Processing /opt/airflow/dags/remove_outliers_1_5_iqr.py took 0.044 seconds
[2023-12-11T19:50:23.760+0000] {processor.py:157} INFO - Started process (PID=312) to work on /opt/airflow/dags/remove_outliers_1_5_iqr.py
[2023-12-11T19:50:23.760+0000] {processor.py:829} INFO - Processing file /opt/airflow/dags/remove_outliers_1_5_iqr.py for tasks to queue
[2023-12-11T19:50:23.761+0000] {logging_mixin.py:154} INFO - [2023-12-11T19:50:23.761+0000] {dagbag.py:536} INFO - Filling up the DagBag from /opt/airflow/dags/remove_outliers_1_5_iqr.py
[2023-12-11T19:50:23.764+0000] {processor.py:841} WARNING - No viable dags retrieved from /opt/airflow/dags/remove_outliers_1_5_iqr.py
[2023-12-11T19:50:23.776+0000] {processor.py:179} INFO - Processing /opt/airflow/dags/remove_outliers_1_5_iqr.py took 0.019 seconds
[2023-12-11T19:50:54.340+0000] {processor.py:157} INFO - Started process (PID=359) to work on /opt/airflow/dags/remove_outliers_1_5_iqr.py
[2023-12-11T19:50:54.341+0000] {processor.py:829} INFO - Processing file /opt/airflow/dags/remove_outliers_1_5_iqr.py for tasks to queue
[2023-12-11T19:50:54.342+0000] {logging_mixin.py:154} INFO - [2023-12-11T19:50:54.342+0000] {dagbag.py:536} INFO - Filling up the DagBag from /opt/airflow/dags/remove_outliers_1_5_iqr.py
[2023-12-11T19:50:54.347+0000] {processor.py:841} WARNING - No viable dags retrieved from /opt/airflow/dags/remove_outliers_1_5_iqr.py
[2023-12-11T19:50:54.362+0000] {processor.py:179} INFO - Processing /opt/airflow/dags/remove_outliers_1_5_iqr.py took 0.026 seconds
[2023-12-11T19:51:24.959+0000] {processor.py:157} INFO - Started process (PID=406) to work on /opt/airflow/dags/remove_outliers_1_5_iqr.py
[2023-12-11T19:51:24.960+0000] {processor.py:829} INFO - Processing file /opt/airflow/dags/remove_outliers_1_5_iqr.py for tasks to queue
[2023-12-11T19:51:24.961+0000] {logging_mixin.py:154} INFO - [2023-12-11T19:51:24.961+0000] {dagbag.py:536} INFO - Filling up the DagBag from /opt/airflow/dags/remove_outliers_1_5_iqr.py
[2023-12-11T19:51:24.968+0000] {processor.py:841} WARNING - No viable dags retrieved from /opt/airflow/dags/remove_outliers_1_5_iqr.py
[2023-12-11T19:51:24.982+0000] {processor.py:179} INFO - Processing /opt/airflow/dags/remove_outliers_1_5_iqr.py took 0.027 seconds
[2023-12-11T19:51:55.484+0000] {processor.py:157} INFO - Started process (PID=453) to work on /opt/airflow/dags/remove_outliers_1_5_iqr.py
[2023-12-11T19:51:55.486+0000] {processor.py:829} INFO - Processing file /opt/airflow/dags/remove_outliers_1_5_iqr.py for tasks to queue
[2023-12-11T19:51:55.487+0000] {logging_mixin.py:154} INFO - [2023-12-11T19:51:55.486+0000] {dagbag.py:536} INFO - Filling up the DagBag from /opt/airflow/dags/remove_outliers_1_5_iqr.py
[2023-12-11T19:51:55.492+0000] {processor.py:841} WARNING - No viable dags retrieved from /opt/airflow/dags/remove_outliers_1_5_iqr.py
[2023-12-11T19:51:55.507+0000] {processor.py:179} INFO - Processing /opt/airflow/dags/remove_outliers_1_5_iqr.py took 0.026 seconds
[2023-12-11T19:52:26.040+0000] {processor.py:157} INFO - Started process (PID=500) to work on /opt/airflow/dags/remove_outliers_1_5_iqr.py
[2023-12-11T19:52:26.042+0000] {processor.py:829} INFO - Processing file /opt/airflow/dags/remove_outliers_1_5_iqr.py for tasks to queue
[2023-12-11T19:52:26.043+0000] {logging_mixin.py:154} INFO - [2023-12-11T19:52:26.043+0000] {dagbag.py:536} INFO - Filling up the DagBag from /opt/airflow/dags/remove_outliers_1_5_iqr.py
[2023-12-11T19:52:26.048+0000] {processor.py:841} WARNING - No viable dags retrieved from /opt/airflow/dags/remove_outliers_1_5_iqr.py
[2023-12-11T19:52:26.063+0000] {processor.py:179} INFO - Processing /opt/airflow/dags/remove_outliers_1_5_iqr.py took 0.026 seconds
[2023-12-11T19:52:56.664+0000] {processor.py:157} INFO - Started process (PID=547) to work on /opt/airflow/dags/remove_outliers_1_5_iqr.py
[2023-12-11T19:52:56.665+0000] {processor.py:829} INFO - Processing file /opt/airflow/dags/remove_outliers_1_5_iqr.py for tasks to queue
[2023-12-11T19:52:56.666+0000] {logging_mixin.py:154} INFO - [2023-12-11T19:52:56.666+0000] {dagbag.py:536} INFO - Filling up the DagBag from /opt/airflow/dags/remove_outliers_1_5_iqr.py
[2023-12-11T19:52:56.672+0000] {processor.py:841} WARNING - No viable dags retrieved from /opt/airflow/dags/remove_outliers_1_5_iqr.py
[2023-12-11T19:52:56.686+0000] {processor.py:179} INFO - Processing /opt/airflow/dags/remove_outliers_1_5_iqr.py took 0.025 seconds
[2023-12-11T19:53:27.235+0000] {processor.py:157} INFO - Started process (PID=594) to work on /opt/airflow/dags/remove_outliers_1_5_iqr.py
[2023-12-11T19:53:27.235+0000] {processor.py:829} INFO - Processing file /opt/airflow/dags/remove_outliers_1_5_iqr.py for tasks to queue
[2023-12-11T19:53:27.236+0000] {logging_mixin.py:154} INFO - [2023-12-11T19:53:27.236+0000] {dagbag.py:536} INFO - Filling up the DagBag from /opt/airflow/dags/remove_outliers_1_5_iqr.py
[2023-12-11T19:53:27.239+0000] {processor.py:841} WARNING - No viable dags retrieved from /opt/airflow/dags/remove_outliers_1_5_iqr.py
[2023-12-11T19:53:27.249+0000] {processor.py:179} INFO - Processing /opt/airflow/dags/remove_outliers_1_5_iqr.py took 0.016 seconds
[2023-12-11T19:53:57.885+0000] {processor.py:157} INFO - Started process (PID=641) to work on /opt/airflow/dags/remove_outliers_1_5_iqr.py
[2023-12-11T19:53:57.886+0000] {processor.py:829} INFO - Processing file /opt/airflow/dags/remove_outliers_1_5_iqr.py for tasks to queue
[2023-12-11T19:53:57.887+0000] {logging_mixin.py:154} INFO - [2023-12-11T19:53:57.887+0000] {dagbag.py:536} INFO - Filling up the DagBag from /opt/airflow/dags/remove_outliers_1_5_iqr.py
[2023-12-11T19:53:57.892+0000] {processor.py:841} WARNING - No viable dags retrieved from /opt/airflow/dags/remove_outliers_1_5_iqr.py
[2023-12-11T19:53:57.906+0000] {processor.py:179} INFO - Processing /opt/airflow/dags/remove_outliers_1_5_iqr.py took 0.025 seconds
[2023-12-11T19:54:28.551+0000] {processor.py:157} INFO - Started process (PID=688) to work on /opt/airflow/dags/remove_outliers_1_5_iqr.py
[2023-12-11T19:54:28.552+0000] {processor.py:829} INFO - Processing file /opt/airflow/dags/remove_outliers_1_5_iqr.py for tasks to queue
[2023-12-11T19:54:28.553+0000] {logging_mixin.py:154} INFO - [2023-12-11T19:54:28.553+0000] {dagbag.py:536} INFO - Filling up the DagBag from /opt/airflow/dags/remove_outliers_1_5_iqr.py
[2023-12-11T19:54:28.559+0000] {processor.py:841} WARNING - No viable dags retrieved from /opt/airflow/dags/remove_outliers_1_5_iqr.py
[2023-12-11T19:54:28.574+0000] {processor.py:179} INFO - Processing /opt/airflow/dags/remove_outliers_1_5_iqr.py took 0.026 seconds
[2023-12-11T19:54:59.202+0000] {processor.py:157} INFO - Started process (PID=735) to work on /opt/airflow/dags/remove_outliers_1_5_iqr.py
[2023-12-11T19:54:59.202+0000] {processor.py:829} INFO - Processing file /opt/airflow/dags/remove_outliers_1_5_iqr.py for tasks to queue
[2023-12-11T19:54:59.203+0000] {logging_mixin.py:154} INFO - [2023-12-11T19:54:59.203+0000] {dagbag.py:536} INFO - Filling up the DagBag from /opt/airflow/dags/remove_outliers_1_5_iqr.py
[2023-12-11T19:54:59.206+0000] {processor.py:841} WARNING - No viable dags retrieved from /opt/airflow/dags/remove_outliers_1_5_iqr.py
[2023-12-11T19:54:59.217+0000] {processor.py:179} INFO - Processing /opt/airflow/dags/remove_outliers_1_5_iqr.py took 0.018 seconds
[2023-12-11T19:55:29.814+0000] {processor.py:157} INFO - Started process (PID=782) to work on /opt/airflow/dags/remove_outliers_1_5_iqr.py
[2023-12-11T19:55:29.814+0000] {processor.py:829} INFO - Processing file /opt/airflow/dags/remove_outliers_1_5_iqr.py for tasks to queue
[2023-12-11T19:55:29.815+0000] {logging_mixin.py:154} INFO - [2023-12-11T19:55:29.815+0000] {dagbag.py:536} INFO - Filling up the DagBag from /opt/airflow/dags/remove_outliers_1_5_iqr.py
[2023-12-11T19:55:29.818+0000] {processor.py:841} WARNING - No viable dags retrieved from /opt/airflow/dags/remove_outliers_1_5_iqr.py
[2023-12-11T19:55:29.828+0000] {processor.py:179} INFO - Processing /opt/airflow/dags/remove_outliers_1_5_iqr.py took 0.016 seconds
[2023-12-11T19:56:00.443+0000] {processor.py:157} INFO - Started process (PID=829) to work on /opt/airflow/dags/remove_outliers_1_5_iqr.py
[2023-12-11T19:56:00.444+0000] {processor.py:829} INFO - Processing file /opt/airflow/dags/remove_outliers_1_5_iqr.py for tasks to queue
[2023-12-11T19:56:00.445+0000] {logging_mixin.py:154} INFO - [2023-12-11T19:56:00.445+0000] {dagbag.py:536} INFO - Filling up the DagBag from /opt/airflow/dags/remove_outliers_1_5_iqr.py
[2023-12-11T19:56:00.451+0000] {processor.py:841} WARNING - No viable dags retrieved from /opt/airflow/dags/remove_outliers_1_5_iqr.py
[2023-12-11T19:56:00.466+0000] {processor.py:179} INFO - Processing /opt/airflow/dags/remove_outliers_1_5_iqr.py took 0.028 seconds
[2023-12-11T19:56:31.135+0000] {processor.py:157} INFO - Started process (PID=876) to work on /opt/airflow/dags/remove_outliers_1_5_iqr.py
[2023-12-11T19:56:31.137+0000] {processor.py:829} INFO - Processing file /opt/airflow/dags/remove_outliers_1_5_iqr.py for tasks to queue
[2023-12-11T19:56:31.137+0000] {logging_mixin.py:154} INFO - [2023-12-11T19:56:31.137+0000] {dagbag.py:536} INFO - Filling up the DagBag from /opt/airflow/dags/remove_outliers_1_5_iqr.py
[2023-12-11T19:56:31.143+0000] {processor.py:841} WARNING - No viable dags retrieved from /opt/airflow/dags/remove_outliers_1_5_iqr.py
[2023-12-11T19:56:31.157+0000] {processor.py:179} INFO - Processing /opt/airflow/dags/remove_outliers_1_5_iqr.py took 0.026 seconds
[2023-12-11T19:57:01.782+0000] {processor.py:157} INFO - Started process (PID=923) to work on /opt/airflow/dags/remove_outliers_1_5_iqr.py
[2023-12-11T19:57:01.783+0000] {processor.py:829} INFO - Processing file /opt/airflow/dags/remove_outliers_1_5_iqr.py for tasks to queue
[2023-12-11T19:57:01.784+0000] {logging_mixin.py:154} INFO - [2023-12-11T19:57:01.783+0000] {dagbag.py:536} INFO - Filling up the DagBag from /opt/airflow/dags/remove_outliers_1_5_iqr.py
[2023-12-11T19:57:01.789+0000] {processor.py:841} WARNING - No viable dags retrieved from /opt/airflow/dags/remove_outliers_1_5_iqr.py
[2023-12-11T19:57:01.803+0000] {processor.py:179} INFO - Processing /opt/airflow/dags/remove_outliers_1_5_iqr.py took 0.025 seconds
[2023-12-11T19:57:32.391+0000] {processor.py:157} INFO - Started process (PID=970) to work on /opt/airflow/dags/remove_outliers_1_5_iqr.py
[2023-12-11T19:57:32.393+0000] {processor.py:829} INFO - Processing file /opt/airflow/dags/remove_outliers_1_5_iqr.py for tasks to queue
[2023-12-11T19:57:32.393+0000] {logging_mixin.py:154} INFO - [2023-12-11T19:57:32.393+0000] {dagbag.py:536} INFO - Filling up the DagBag from /opt/airflow/dags/remove_outliers_1_5_iqr.py
[2023-12-11T19:57:32.399+0000] {processor.py:841} WARNING - No viable dags retrieved from /opt/airflow/dags/remove_outliers_1_5_iqr.py
[2023-12-11T19:57:32.413+0000] {processor.py:179} INFO - Processing /opt/airflow/dags/remove_outliers_1_5_iqr.py took 0.026 seconds
[2023-12-11T19:58:03.109+0000] {processor.py:157} INFO - Started process (PID=1017) to work on /opt/airflow/dags/remove_outliers_1_5_iqr.py
[2023-12-11T19:58:03.110+0000] {processor.py:829} INFO - Processing file /opt/airflow/dags/remove_outliers_1_5_iqr.py for tasks to queue
[2023-12-11T19:58:03.111+0000] {logging_mixin.py:154} INFO - [2023-12-11T19:58:03.111+0000] {dagbag.py:536} INFO - Filling up the DagBag from /opt/airflow/dags/remove_outliers_1_5_iqr.py
[2023-12-11T19:58:03.117+0000] {processor.py:841} WARNING - No viable dags retrieved from /opt/airflow/dags/remove_outliers_1_5_iqr.py
[2023-12-11T19:58:03.131+0000] {processor.py:179} INFO - Processing /opt/airflow/dags/remove_outliers_1_5_iqr.py took 0.026 seconds
[2023-12-11T19:58:33.777+0000] {processor.py:157} INFO - Started process (PID=1064) to work on /opt/airflow/dags/remove_outliers_1_5_iqr.py
[2023-12-11T19:58:33.778+0000] {processor.py:829} INFO - Processing file /opt/airflow/dags/remove_outliers_1_5_iqr.py for tasks to queue
[2023-12-11T19:58:33.779+0000] {logging_mixin.py:154} INFO - [2023-12-11T19:58:33.779+0000] {dagbag.py:536} INFO - Filling up the DagBag from /opt/airflow/dags/remove_outliers_1_5_iqr.py
[2023-12-11T19:58:33.785+0000] {processor.py:841} WARNING - No viable dags retrieved from /opt/airflow/dags/remove_outliers_1_5_iqr.py
[2023-12-11T19:58:33.799+0000] {processor.py:179} INFO - Processing /opt/airflow/dags/remove_outliers_1_5_iqr.py took 0.026 seconds
[2023-12-11T19:59:04.466+0000] {processor.py:157} INFO - Started process (PID=1111) to work on /opt/airflow/dags/remove_outliers_1_5_iqr.py
[2023-12-11T19:59:04.467+0000] {processor.py:829} INFO - Processing file /opt/airflow/dags/remove_outliers_1_5_iqr.py for tasks to queue
[2023-12-11T19:59:04.468+0000] {logging_mixin.py:154} INFO - [2023-12-11T19:59:04.468+0000] {dagbag.py:536} INFO - Filling up the DagBag from /opt/airflow/dags/remove_outliers_1_5_iqr.py
[2023-12-11T19:59:04.474+0000] {processor.py:841} WARNING - No viable dags retrieved from /opt/airflow/dags/remove_outliers_1_5_iqr.py
[2023-12-11T19:59:04.488+0000] {processor.py:179} INFO - Processing /opt/airflow/dags/remove_outliers_1_5_iqr.py took 0.026 seconds
[2023-12-11T19:59:35.020+0000] {processor.py:157} INFO - Started process (PID=1158) to work on /opt/airflow/dags/remove_outliers_1_5_iqr.py
[2023-12-11T19:59:35.021+0000] {processor.py:829} INFO - Processing file /opt/airflow/dags/remove_outliers_1_5_iqr.py for tasks to queue
[2023-12-11T19:59:35.022+0000] {logging_mixin.py:154} INFO - [2023-12-11T19:59:35.022+0000] {dagbag.py:536} INFO - Filling up the DagBag from /opt/airflow/dags/remove_outliers_1_5_iqr.py
[2023-12-11T19:59:35.028+0000] {processor.py:841} WARNING - No viable dags retrieved from /opt/airflow/dags/remove_outliers_1_5_iqr.py
[2023-12-11T19:59:35.042+0000] {processor.py:179} INFO - Processing /opt/airflow/dags/remove_outliers_1_5_iqr.py took 0.025 seconds
[2023-12-11T20:00:05.704+0000] {processor.py:157} INFO - Started process (PID=1205) to work on /opt/airflow/dags/remove_outliers_1_5_iqr.py
[2023-12-11T20:00:05.705+0000] {processor.py:829} INFO - Processing file /opt/airflow/dags/remove_outliers_1_5_iqr.py for tasks to queue
[2023-12-11T20:00:05.706+0000] {logging_mixin.py:154} INFO - [2023-12-11T20:00:05.705+0000] {dagbag.py:536} INFO - Filling up the DagBag from /opt/airflow/dags/remove_outliers_1_5_iqr.py
[2023-12-11T20:00:05.712+0000] {processor.py:841} WARNING - No viable dags retrieved from /opt/airflow/dags/remove_outliers_1_5_iqr.py
[2023-12-11T20:00:05.726+0000] {processor.py:179} INFO - Processing /opt/airflow/dags/remove_outliers_1_5_iqr.py took 0.026 seconds
[2023-12-11T20:00:36.362+0000] {processor.py:157} INFO - Started process (PID=1252) to work on /opt/airflow/dags/remove_outliers_1_5_iqr.py
[2023-12-11T20:00:36.363+0000] {processor.py:829} INFO - Processing file /opt/airflow/dags/remove_outliers_1_5_iqr.py for tasks to queue
[2023-12-11T20:00:36.364+0000] {logging_mixin.py:154} INFO - [2023-12-11T20:00:36.363+0000] {dagbag.py:536} INFO - Filling up the DagBag from /opt/airflow/dags/remove_outliers_1_5_iqr.py
[2023-12-11T20:00:36.369+0000] {processor.py:841} WARNING - No viable dags retrieved from /opt/airflow/dags/remove_outliers_1_5_iqr.py
[2023-12-11T20:00:36.384+0000] {processor.py:179} INFO - Processing /opt/airflow/dags/remove_outliers_1_5_iqr.py took 0.026 seconds
[2023-12-11T20:01:07.007+0000] {processor.py:157} INFO - Started process (PID=1299) to work on /opt/airflow/dags/remove_outliers_1_5_iqr.py
[2023-12-11T20:01:07.008+0000] {processor.py:829} INFO - Processing file /opt/airflow/dags/remove_outliers_1_5_iqr.py for tasks to queue
[2023-12-11T20:01:07.009+0000] {logging_mixin.py:154} INFO - [2023-12-11T20:01:07.008+0000] {dagbag.py:536} INFO - Filling up the DagBag from /opt/airflow/dags/remove_outliers_1_5_iqr.py
[2023-12-11T20:01:07.016+0000] {processor.py:841} WARNING - No viable dags retrieved from /opt/airflow/dags/remove_outliers_1_5_iqr.py
[2023-12-11T20:01:07.030+0000] {processor.py:179} INFO - Processing /opt/airflow/dags/remove_outliers_1_5_iqr.py took 0.027 seconds
[2023-12-11T20:01:37.677+0000] {processor.py:157} INFO - Started process (PID=1346) to work on /opt/airflow/dags/remove_outliers_1_5_iqr.py
[2023-12-11T20:01:37.678+0000] {processor.py:829} INFO - Processing file /opt/airflow/dags/remove_outliers_1_5_iqr.py for tasks to queue
[2023-12-11T20:01:37.679+0000] {logging_mixin.py:154} INFO - [2023-12-11T20:01:37.679+0000] {dagbag.py:536} INFO - Filling up the DagBag from /opt/airflow/dags/remove_outliers_1_5_iqr.py
[2023-12-11T20:01:37.684+0000] {processor.py:841} WARNING - No viable dags retrieved from /opt/airflow/dags/remove_outliers_1_5_iqr.py
[2023-12-11T20:01:37.699+0000] {processor.py:179} INFO - Processing /opt/airflow/dags/remove_outliers_1_5_iqr.py took 0.026 seconds
[2023-12-11T20:02:08.334+0000] {processor.py:157} INFO - Started process (PID=1393) to work on /opt/airflow/dags/remove_outliers_1_5_iqr.py
[2023-12-11T20:02:08.335+0000] {processor.py:829} INFO - Processing file /opt/airflow/dags/remove_outliers_1_5_iqr.py for tasks to queue
[2023-12-11T20:02:08.336+0000] {logging_mixin.py:154} INFO - [2023-12-11T20:02:08.335+0000] {dagbag.py:536} INFO - Filling up the DagBag from /opt/airflow/dags/remove_outliers_1_5_iqr.py
[2023-12-11T20:02:08.341+0000] {processor.py:841} WARNING - No viable dags retrieved from /opt/airflow/dags/remove_outliers_1_5_iqr.py
[2023-12-11T20:02:08.355+0000] {processor.py:179} INFO - Processing /opt/airflow/dags/remove_outliers_1_5_iqr.py took 0.026 seconds
[2023-12-11T20:02:39.028+0000] {processor.py:157} INFO - Started process (PID=1440) to work on /opt/airflow/dags/remove_outliers_1_5_iqr.py
[2023-12-11T20:02:39.029+0000] {processor.py:829} INFO - Processing file /opt/airflow/dags/remove_outliers_1_5_iqr.py for tasks to queue
[2023-12-11T20:02:39.030+0000] {logging_mixin.py:154} INFO - [2023-12-11T20:02:39.030+0000] {dagbag.py:536} INFO - Filling up the DagBag from /opt/airflow/dags/remove_outliers_1_5_iqr.py
[2023-12-11T20:02:39.036+0000] {processor.py:841} WARNING - No viable dags retrieved from /opt/airflow/dags/remove_outliers_1_5_iqr.py
[2023-12-11T20:02:39.050+0000] {processor.py:179} INFO - Processing /opt/airflow/dags/remove_outliers_1_5_iqr.py took 0.026 seconds
[2023-12-11T20:03:09.667+0000] {processor.py:157} INFO - Started process (PID=1487) to work on /opt/airflow/dags/remove_outliers_1_5_iqr.py
[2023-12-11T20:03:09.668+0000] {processor.py:829} INFO - Processing file /opt/airflow/dags/remove_outliers_1_5_iqr.py for tasks to queue
[2023-12-11T20:03:09.669+0000] {logging_mixin.py:154} INFO - [2023-12-11T20:03:09.669+0000] {dagbag.py:536} INFO - Filling up the DagBag from /opt/airflow/dags/remove_outliers_1_5_iqr.py
[2023-12-11T20:03:09.674+0000] {processor.py:841} WARNING - No viable dags retrieved from /opt/airflow/dags/remove_outliers_1_5_iqr.py
[2023-12-11T20:03:09.687+0000] {processor.py:179} INFO - Processing /opt/airflow/dags/remove_outliers_1_5_iqr.py took 0.023 seconds
[2023-12-11T20:03:40.293+0000] {processor.py:157} INFO - Started process (PID=1534) to work on /opt/airflow/dags/remove_outliers_1_5_iqr.py
[2023-12-11T20:03:40.294+0000] {processor.py:829} INFO - Processing file /opt/airflow/dags/remove_outliers_1_5_iqr.py for tasks to queue
[2023-12-11T20:03:40.295+0000] {logging_mixin.py:154} INFO - [2023-12-11T20:03:40.295+0000] {dagbag.py:536} INFO - Filling up the DagBag from /opt/airflow/dags/remove_outliers_1_5_iqr.py
[2023-12-11T20:03:40.301+0000] {processor.py:841} WARNING - No viable dags retrieved from /opt/airflow/dags/remove_outliers_1_5_iqr.py
[2023-12-11T20:03:40.315+0000] {processor.py:179} INFO - Processing /opt/airflow/dags/remove_outliers_1_5_iqr.py took 0.026 seconds
[2023-12-11T20:04:11.003+0000] {processor.py:157} INFO - Started process (PID=1581) to work on /opt/airflow/dags/remove_outliers_1_5_iqr.py
[2023-12-11T20:04:11.004+0000] {processor.py:829} INFO - Processing file /opt/airflow/dags/remove_outliers_1_5_iqr.py for tasks to queue
[2023-12-11T20:04:11.004+0000] {logging_mixin.py:154} INFO - [2023-12-11T20:04:11.004+0000] {dagbag.py:536} INFO - Filling up the DagBag from /opt/airflow/dags/remove_outliers_1_5_iqr.py
[2023-12-11T20:04:11.009+0000] {processor.py:841} WARNING - No viable dags retrieved from /opt/airflow/dags/remove_outliers_1_5_iqr.py
[2023-12-11T20:04:11.022+0000] {processor.py:179} INFO - Processing /opt/airflow/dags/remove_outliers_1_5_iqr.py took 0.022 seconds
[2023-12-11T20:04:41.689+0000] {processor.py:157} INFO - Started process (PID=1628) to work on /opt/airflow/dags/remove_outliers_1_5_iqr.py
[2023-12-11T20:04:41.690+0000] {processor.py:829} INFO - Processing file /opt/airflow/dags/remove_outliers_1_5_iqr.py for tasks to queue
[2023-12-11T20:04:41.691+0000] {logging_mixin.py:154} INFO - [2023-12-11T20:04:41.690+0000] {dagbag.py:536} INFO - Filling up the DagBag from /opt/airflow/dags/remove_outliers_1_5_iqr.py
[2023-12-11T20:04:41.696+0000] {processor.py:841} WARNING - No viable dags retrieved from /opt/airflow/dags/remove_outliers_1_5_iqr.py
[2023-12-11T20:04:41.711+0000] {processor.py:179} INFO - Processing /opt/airflow/dags/remove_outliers_1_5_iqr.py took 0.025 seconds
[2023-12-11T20:05:12.345+0000] {processor.py:157} INFO - Started process (PID=1675) to work on /opt/airflow/dags/remove_outliers_1_5_iqr.py
[2023-12-11T20:05:12.345+0000] {processor.py:829} INFO - Processing file /opt/airflow/dags/remove_outliers_1_5_iqr.py for tasks to queue
[2023-12-11T20:05:12.346+0000] {logging_mixin.py:154} INFO - [2023-12-11T20:05:12.346+0000] {dagbag.py:536} INFO - Filling up the DagBag from /opt/airflow/dags/remove_outliers_1_5_iqr.py
[2023-12-11T20:05:12.350+0000] {processor.py:841} WARNING - No viable dags retrieved from /opt/airflow/dags/remove_outliers_1_5_iqr.py
[2023-12-11T20:05:12.362+0000] {processor.py:179} INFO - Processing /opt/airflow/dags/remove_outliers_1_5_iqr.py took 0.020 seconds
[2023-12-11T20:05:42.991+0000] {processor.py:157} INFO - Started process (PID=1722) to work on /opt/airflow/dags/remove_outliers_1_5_iqr.py
[2023-12-11T20:05:42.992+0000] {processor.py:829} INFO - Processing file /opt/airflow/dags/remove_outliers_1_5_iqr.py for tasks to queue
[2023-12-11T20:05:42.993+0000] {logging_mixin.py:154} INFO - [2023-12-11T20:05:42.993+0000] {dagbag.py:536} INFO - Filling up the DagBag from /opt/airflow/dags/remove_outliers_1_5_iqr.py
[2023-12-11T20:05:42.998+0000] {processor.py:841} WARNING - No viable dags retrieved from /opt/airflow/dags/remove_outliers_1_5_iqr.py
[2023-12-11T20:05:43.013+0000] {processor.py:179} INFO - Processing /opt/airflow/dags/remove_outliers_1_5_iqr.py took 0.026 seconds
[2023-12-11T20:06:13.648+0000] {processor.py:157} INFO - Started process (PID=1769) to work on /opt/airflow/dags/remove_outliers_1_5_iqr.py
[2023-12-11T20:06:13.649+0000] {processor.py:829} INFO - Processing file /opt/airflow/dags/remove_outliers_1_5_iqr.py for tasks to queue
[2023-12-11T20:06:13.650+0000] {logging_mixin.py:154} INFO - [2023-12-11T20:06:13.650+0000] {dagbag.py:536} INFO - Filling up the DagBag from /opt/airflow/dags/remove_outliers_1_5_iqr.py
[2023-12-11T20:06:13.656+0000] {processor.py:841} WARNING - No viable dags retrieved from /opt/airflow/dags/remove_outliers_1_5_iqr.py
[2023-12-11T20:06:13.670+0000] {processor.py:179} INFO - Processing /opt/airflow/dags/remove_outliers_1_5_iqr.py took 0.026 seconds
[2023-12-11T20:06:44.317+0000] {processor.py:157} INFO - Started process (PID=1816) to work on /opt/airflow/dags/remove_outliers_1_5_iqr.py
[2023-12-11T20:06:44.318+0000] {processor.py:829} INFO - Processing file /opt/airflow/dags/remove_outliers_1_5_iqr.py for tasks to queue
[2023-12-11T20:06:44.319+0000] {logging_mixin.py:154} INFO - [2023-12-11T20:06:44.318+0000] {dagbag.py:536} INFO - Filling up the DagBag from /opt/airflow/dags/remove_outliers_1_5_iqr.py
[2023-12-11T20:06:44.324+0000] {processor.py:841} WARNING - No viable dags retrieved from /opt/airflow/dags/remove_outliers_1_5_iqr.py
[2023-12-11T20:06:44.339+0000] {processor.py:179} INFO - Processing /opt/airflow/dags/remove_outliers_1_5_iqr.py took 0.026 seconds
[2023-12-11T20:07:14.926+0000] {processor.py:157} INFO - Started process (PID=1870) to work on /opt/airflow/dags/remove_outliers_1_5_iqr.py
[2023-12-11T20:07:14.927+0000] {processor.py:829} INFO - Processing file /opt/airflow/dags/remove_outliers_1_5_iqr.py for tasks to queue
[2023-12-11T20:07:14.928+0000] {logging_mixin.py:154} INFO - [2023-12-11T20:07:14.928+0000] {dagbag.py:536} INFO - Filling up the DagBag from /opt/airflow/dags/remove_outliers_1_5_iqr.py
[2023-12-11T20:07:14.933+0000] {processor.py:841} WARNING - No viable dags retrieved from /opt/airflow/dags/remove_outliers_1_5_iqr.py
[2023-12-11T20:07:14.946+0000] {processor.py:179} INFO - Processing /opt/airflow/dags/remove_outliers_1_5_iqr.py took 0.023 seconds
[2023-12-11T20:07:45.593+0000] {processor.py:157} INFO - Started process (PID=1917) to work on /opt/airflow/dags/remove_outliers_1_5_iqr.py
[2023-12-11T20:07:45.594+0000] {processor.py:829} INFO - Processing file /opt/airflow/dags/remove_outliers_1_5_iqr.py for tasks to queue
[2023-12-11T20:07:45.595+0000] {logging_mixin.py:154} INFO - [2023-12-11T20:07:45.595+0000] {dagbag.py:536} INFO - Filling up the DagBag from /opt/airflow/dags/remove_outliers_1_5_iqr.py
[2023-12-11T20:07:45.601+0000] {processor.py:841} WARNING - No viable dags retrieved from /opt/airflow/dags/remove_outliers_1_5_iqr.py
[2023-12-11T20:07:45.615+0000] {processor.py:179} INFO - Processing /opt/airflow/dags/remove_outliers_1_5_iqr.py took 0.026 seconds
[2023-12-11T20:08:16.301+0000] {processor.py:157} INFO - Started process (PID=1964) to work on /opt/airflow/dags/remove_outliers_1_5_iqr.py
[2023-12-11T20:08:16.302+0000] {processor.py:829} INFO - Processing file /opt/airflow/dags/remove_outliers_1_5_iqr.py for tasks to queue
[2023-12-11T20:08:16.303+0000] {logging_mixin.py:154} INFO - [2023-12-11T20:08:16.303+0000] {dagbag.py:536} INFO - Filling up the DagBag from /opt/airflow/dags/remove_outliers_1_5_iqr.py
[2023-12-11T20:08:16.309+0000] {processor.py:841} WARNING - No viable dags retrieved from /opt/airflow/dags/remove_outliers_1_5_iqr.py
[2023-12-11T20:08:16.324+0000] {processor.py:179} INFO - Processing /opt/airflow/dags/remove_outliers_1_5_iqr.py took 0.026 seconds
[2023-12-11T20:08:46.916+0000] {processor.py:157} INFO - Started process (PID=2011) to work on /opt/airflow/dags/remove_outliers_1_5_iqr.py
[2023-12-11T20:08:46.917+0000] {processor.py:829} INFO - Processing file /opt/airflow/dags/remove_outliers_1_5_iqr.py for tasks to queue
[2023-12-11T20:08:46.918+0000] {logging_mixin.py:154} INFO - [2023-12-11T20:08:46.918+0000] {dagbag.py:536} INFO - Filling up the DagBag from /opt/airflow/dags/remove_outliers_1_5_iqr.py
[2023-12-11T20:08:46.924+0000] {processor.py:841} WARNING - No viable dags retrieved from /opt/airflow/dags/remove_outliers_1_5_iqr.py
[2023-12-11T20:08:46.938+0000] {processor.py:179} INFO - Processing /opt/airflow/dags/remove_outliers_1_5_iqr.py took 0.025 seconds
[2023-12-11T20:09:17.609+0000] {processor.py:157} INFO - Started process (PID=2058) to work on /opt/airflow/dags/remove_outliers_1_5_iqr.py
[2023-12-11T20:09:17.610+0000] {processor.py:829} INFO - Processing file /opt/airflow/dags/remove_outliers_1_5_iqr.py for tasks to queue
[2023-12-11T20:09:17.611+0000] {logging_mixin.py:154} INFO - [2023-12-11T20:09:17.611+0000] {dagbag.py:536} INFO - Filling up the DagBag from /opt/airflow/dags/remove_outliers_1_5_iqr.py
[2023-12-11T20:09:17.616+0000] {processor.py:841} WARNING - No viable dags retrieved from /opt/airflow/dags/remove_outliers_1_5_iqr.py
[2023-12-11T20:09:17.631+0000] {processor.py:179} INFO - Processing /opt/airflow/dags/remove_outliers_1_5_iqr.py took 0.026 seconds
[2023-12-11T20:09:48.325+0000] {processor.py:157} INFO - Started process (PID=2105) to work on /opt/airflow/dags/remove_outliers_1_5_iqr.py
[2023-12-11T20:09:48.326+0000] {processor.py:829} INFO - Processing file /opt/airflow/dags/remove_outliers_1_5_iqr.py for tasks to queue
[2023-12-11T20:09:48.328+0000] {logging_mixin.py:154} INFO - [2023-12-11T20:09:48.327+0000] {dagbag.py:536} INFO - Filling up the DagBag from /opt/airflow/dags/remove_outliers_1_5_iqr.py
[2023-12-11T20:09:48.333+0000] {processor.py:841} WARNING - No viable dags retrieved from /opt/airflow/dags/remove_outliers_1_5_iqr.py
[2023-12-11T20:09:48.348+0000] {processor.py:179} INFO - Processing /opt/airflow/dags/remove_outliers_1_5_iqr.py took 0.026 seconds
[2023-12-11T20:10:19.014+0000] {processor.py:157} INFO - Started process (PID=2152) to work on /opt/airflow/dags/remove_outliers_1_5_iqr.py
[2023-12-11T20:10:19.015+0000] {processor.py:829} INFO - Processing file /opt/airflow/dags/remove_outliers_1_5_iqr.py for tasks to queue
[2023-12-11T20:10:19.016+0000] {logging_mixin.py:154} INFO - [2023-12-11T20:10:19.015+0000] {dagbag.py:536} INFO - Filling up the DagBag from /opt/airflow/dags/remove_outliers_1_5_iqr.py
[2023-12-11T20:10:19.021+0000] {processor.py:841} WARNING - No viable dags retrieved from /opt/airflow/dags/remove_outliers_1_5_iqr.py
[2023-12-11T20:10:19.036+0000] {processor.py:179} INFO - Processing /opt/airflow/dags/remove_outliers_1_5_iqr.py took 0.026 seconds
[2023-12-11T20:10:49.678+0000] {processor.py:157} INFO - Started process (PID=2199) to work on /opt/airflow/dags/remove_outliers_1_5_iqr.py
[2023-12-11T20:10:49.679+0000] {processor.py:829} INFO - Processing file /opt/airflow/dags/remove_outliers_1_5_iqr.py for tasks to queue
[2023-12-11T20:10:49.680+0000] {logging_mixin.py:154} INFO - [2023-12-11T20:10:49.680+0000] {dagbag.py:536} INFO - Filling up the DagBag from /opt/airflow/dags/remove_outliers_1_5_iqr.py
[2023-12-11T20:10:49.685+0000] {processor.py:841} WARNING - No viable dags retrieved from /opt/airflow/dags/remove_outliers_1_5_iqr.py
[2023-12-11T20:10:49.698+0000] {processor.py:179} INFO - Processing /opt/airflow/dags/remove_outliers_1_5_iqr.py took 0.024 seconds
[2023-12-11T20:11:20.343+0000] {processor.py:157} INFO - Started process (PID=2246) to work on /opt/airflow/dags/remove_outliers_1_5_iqr.py
[2023-12-11T20:11:20.344+0000] {processor.py:829} INFO - Processing file /opt/airflow/dags/remove_outliers_1_5_iqr.py for tasks to queue
[2023-12-11T20:11:20.345+0000] {logging_mixin.py:154} INFO - [2023-12-11T20:11:20.345+0000] {dagbag.py:536} INFO - Filling up the DagBag from /opt/airflow/dags/remove_outliers_1_5_iqr.py
[2023-12-11T20:11:20.351+0000] {processor.py:841} WARNING - No viable dags retrieved from /opt/airflow/dags/remove_outliers_1_5_iqr.py
[2023-12-11T20:11:20.366+0000] {processor.py:179} INFO - Processing /opt/airflow/dags/remove_outliers_1_5_iqr.py took 0.027 seconds
[2023-12-11T20:11:51.045+0000] {processor.py:157} INFO - Started process (PID=2293) to work on /opt/airflow/dags/remove_outliers_1_5_iqr.py
[2023-12-11T20:11:51.046+0000] {processor.py:829} INFO - Processing file /opt/airflow/dags/remove_outliers_1_5_iqr.py for tasks to queue
[2023-12-11T20:11:51.047+0000] {logging_mixin.py:154} INFO - [2023-12-11T20:11:51.046+0000] {dagbag.py:536} INFO - Filling up the DagBag from /opt/airflow/dags/remove_outliers_1_5_iqr.py
[2023-12-11T20:11:51.052+0000] {processor.py:841} WARNING - No viable dags retrieved from /opt/airflow/dags/remove_outliers_1_5_iqr.py
[2023-12-11T20:11:51.066+0000] {processor.py:179} INFO - Processing /opt/airflow/dags/remove_outliers_1_5_iqr.py took 0.025 seconds
[2023-12-11T20:12:21.714+0000] {processor.py:157} INFO - Started process (PID=2340) to work on /opt/airflow/dags/remove_outliers_1_5_iqr.py
[2023-12-11T20:12:21.715+0000] {processor.py:829} INFO - Processing file /opt/airflow/dags/remove_outliers_1_5_iqr.py for tasks to queue
[2023-12-11T20:12:21.716+0000] {logging_mixin.py:154} INFO - [2023-12-11T20:12:21.716+0000] {dagbag.py:536} INFO - Filling up the DagBag from /opt/airflow/dags/remove_outliers_1_5_iqr.py
[2023-12-11T20:12:21.722+0000] {processor.py:841} WARNING - No viable dags retrieved from /opt/airflow/dags/remove_outliers_1_5_iqr.py
[2023-12-11T20:12:21.737+0000] {processor.py:179} INFO - Processing /opt/airflow/dags/remove_outliers_1_5_iqr.py took 0.026 seconds
[2023-12-11T20:12:52.325+0000] {processor.py:157} INFO - Started process (PID=2387) to work on /opt/airflow/dags/remove_outliers_1_5_iqr.py
[2023-12-11T20:12:52.326+0000] {processor.py:829} INFO - Processing file /opt/airflow/dags/remove_outliers_1_5_iqr.py for tasks to queue
[2023-12-11T20:12:52.327+0000] {logging_mixin.py:154} INFO - [2023-12-11T20:12:52.327+0000] {dagbag.py:536} INFO - Filling up the DagBag from /opt/airflow/dags/remove_outliers_1_5_iqr.py
[2023-12-11T20:12:52.331+0000] {processor.py:841} WARNING - No viable dags retrieved from /opt/airflow/dags/remove_outliers_1_5_iqr.py
[2023-12-11T20:12:52.343+0000] {processor.py:179} INFO - Processing /opt/airflow/dags/remove_outliers_1_5_iqr.py took 0.020 seconds
[2023-12-11T20:13:23.033+0000] {processor.py:157} INFO - Started process (PID=2434) to work on /opt/airflow/dags/remove_outliers_1_5_iqr.py
[2023-12-11T20:13:23.034+0000] {processor.py:829} INFO - Processing file /opt/airflow/dags/remove_outliers_1_5_iqr.py for tasks to queue
[2023-12-11T20:13:23.035+0000] {logging_mixin.py:154} INFO - [2023-12-11T20:13:23.035+0000] {dagbag.py:536} INFO - Filling up the DagBag from /opt/airflow/dags/remove_outliers_1_5_iqr.py
[2023-12-11T20:13:23.041+0000] {processor.py:841} WARNING - No viable dags retrieved from /opt/airflow/dags/remove_outliers_1_5_iqr.py
[2023-12-11T20:13:23.056+0000] {processor.py:179} INFO - Processing /opt/airflow/dags/remove_outliers_1_5_iqr.py took 0.026 seconds
[2023-12-11T20:13:53.700+0000] {processor.py:157} INFO - Started process (PID=2481) to work on /opt/airflow/dags/remove_outliers_1_5_iqr.py
[2023-12-11T20:13:53.701+0000] {processor.py:829} INFO - Processing file /opt/airflow/dags/remove_outliers_1_5_iqr.py for tasks to queue
[2023-12-11T20:13:53.701+0000] {logging_mixin.py:154} INFO - [2023-12-11T20:13:53.701+0000] {dagbag.py:536} INFO - Filling up the DagBag from /opt/airflow/dags/remove_outliers_1_5_iqr.py
[2023-12-11T20:13:53.706+0000] {processor.py:841} WARNING - No viable dags retrieved from /opt/airflow/dags/remove_outliers_1_5_iqr.py
[2023-12-11T20:13:53.718+0000] {processor.py:179} INFO - Processing /opt/airflow/dags/remove_outliers_1_5_iqr.py took 0.021 seconds
[2023-12-11T20:14:24.336+0000] {processor.py:157} INFO - Started process (PID=2528) to work on /opt/airflow/dags/remove_outliers_1_5_iqr.py
[2023-12-11T20:14:24.337+0000] {processor.py:829} INFO - Processing file /opt/airflow/dags/remove_outliers_1_5_iqr.py for tasks to queue
[2023-12-11T20:14:24.338+0000] {logging_mixin.py:154} INFO - [2023-12-11T20:14:24.338+0000] {dagbag.py:536} INFO - Filling up the DagBag from /opt/airflow/dags/remove_outliers_1_5_iqr.py
[2023-12-11T20:14:24.343+0000] {processor.py:841} WARNING - No viable dags retrieved from /opt/airflow/dags/remove_outliers_1_5_iqr.py
[2023-12-11T20:14:24.356+0000] {processor.py:179} INFO - Processing /opt/airflow/dags/remove_outliers_1_5_iqr.py took 0.023 seconds
[2023-12-11T20:14:55.012+0000] {processor.py:157} INFO - Started process (PID=2575) to work on /opt/airflow/dags/remove_outliers_1_5_iqr.py
[2023-12-11T20:14:55.013+0000] {processor.py:829} INFO - Processing file /opt/airflow/dags/remove_outliers_1_5_iqr.py for tasks to queue
[2023-12-11T20:14:55.014+0000] {logging_mixin.py:154} INFO - [2023-12-11T20:14:55.014+0000] {dagbag.py:536} INFO - Filling up the DagBag from /opt/airflow/dags/remove_outliers_1_5_iqr.py
[2023-12-11T20:14:55.020+0000] {processor.py:841} WARNING - No viable dags retrieved from /opt/airflow/dags/remove_outliers_1_5_iqr.py
[2023-12-11T20:14:55.034+0000] {processor.py:179} INFO - Processing /opt/airflow/dags/remove_outliers_1_5_iqr.py took 0.025 seconds
[2023-12-11T20:15:25.657+0000] {processor.py:157} INFO - Started process (PID=2622) to work on /opt/airflow/dags/remove_outliers_1_5_iqr.py
[2023-12-11T20:15:25.658+0000] {processor.py:829} INFO - Processing file /opt/airflow/dags/remove_outliers_1_5_iqr.py for tasks to queue
[2023-12-11T20:15:25.659+0000] {logging_mixin.py:154} INFO - [2023-12-11T20:15:25.658+0000] {dagbag.py:536} INFO - Filling up the DagBag from /opt/airflow/dags/remove_outliers_1_5_iqr.py
[2023-12-11T20:15:25.664+0000] {processor.py:841} WARNING - No viable dags retrieved from /opt/airflow/dags/remove_outliers_1_5_iqr.py
[2023-12-11T20:15:25.678+0000] {processor.py:179} INFO - Processing /opt/airflow/dags/remove_outliers_1_5_iqr.py took 0.025 seconds
[2023-12-11T20:15:56.331+0000] {processor.py:157} INFO - Started process (PID=2669) to work on /opt/airflow/dags/remove_outliers_1_5_iqr.py
[2023-12-11T20:15:56.332+0000] {processor.py:829} INFO - Processing file /opt/airflow/dags/remove_outliers_1_5_iqr.py for tasks to queue
[2023-12-11T20:15:56.333+0000] {logging_mixin.py:154} INFO - [2023-12-11T20:15:56.332+0000] {dagbag.py:536} INFO - Filling up the DagBag from /opt/airflow/dags/remove_outliers_1_5_iqr.py
[2023-12-11T20:15:56.338+0000] {processor.py:841} WARNING - No viable dags retrieved from /opt/airflow/dags/remove_outliers_1_5_iqr.py
[2023-12-11T20:15:56.353+0000] {processor.py:179} INFO - Processing /opt/airflow/dags/remove_outliers_1_5_iqr.py took 0.025 seconds
[2023-12-11T20:16:26.918+0000] {processor.py:157} INFO - Started process (PID=2716) to work on /opt/airflow/dags/remove_outliers_1_5_iqr.py
[2023-12-11T20:16:26.919+0000] {processor.py:829} INFO - Processing file /opt/airflow/dags/remove_outliers_1_5_iqr.py for tasks to queue
[2023-12-11T20:16:26.920+0000] {logging_mixin.py:154} INFO - [2023-12-11T20:16:26.920+0000] {dagbag.py:536} INFO - Filling up the DagBag from /opt/airflow/dags/remove_outliers_1_5_iqr.py
[2023-12-11T20:16:26.925+0000] {processor.py:841} WARNING - No viable dags retrieved from /opt/airflow/dags/remove_outliers_1_5_iqr.py
[2023-12-11T20:16:26.940+0000] {processor.py:179} INFO - Processing /opt/airflow/dags/remove_outliers_1_5_iqr.py took 0.025 seconds
[2023-12-11T20:16:57.606+0000] {processor.py:157} INFO - Started process (PID=2763) to work on /opt/airflow/dags/remove_outliers_1_5_iqr.py
[2023-12-11T20:16:57.607+0000] {processor.py:829} INFO - Processing file /opt/airflow/dags/remove_outliers_1_5_iqr.py for tasks to queue
[2023-12-11T20:16:57.608+0000] {logging_mixin.py:154} INFO - [2023-12-11T20:16:57.608+0000] {dagbag.py:536} INFO - Filling up the DagBag from /opt/airflow/dags/remove_outliers_1_5_iqr.py
[2023-12-11T20:16:57.613+0000] {processor.py:841} WARNING - No viable dags retrieved from /opt/airflow/dags/remove_outliers_1_5_iqr.py
[2023-12-11T20:16:57.627+0000] {processor.py:179} INFO - Processing /opt/airflow/dags/remove_outliers_1_5_iqr.py took 0.025 seconds
[2023-12-11T20:17:28.290+0000] {processor.py:157} INFO - Started process (PID=2810) to work on /opt/airflow/dags/remove_outliers_1_5_iqr.py
[2023-12-11T20:17:28.292+0000] {processor.py:829} INFO - Processing file /opt/airflow/dags/remove_outliers_1_5_iqr.py for tasks to queue
[2023-12-11T20:17:28.293+0000] {logging_mixin.py:154} INFO - [2023-12-11T20:17:28.292+0000] {dagbag.py:536} INFO - Filling up the DagBag from /opt/airflow/dags/remove_outliers_1_5_iqr.py
[2023-12-11T20:17:28.298+0000] {processor.py:841} WARNING - No viable dags retrieved from /opt/airflow/dags/remove_outliers_1_5_iqr.py
[2023-12-11T20:17:28.312+0000] {processor.py:179} INFO - Processing /opt/airflow/dags/remove_outliers_1_5_iqr.py took 0.026 seconds
[2023-12-11T20:17:58.833+0000] {processor.py:157} INFO - Started process (PID=2857) to work on /opt/airflow/dags/remove_outliers_1_5_iqr.py
[2023-12-11T20:17:58.834+0000] {processor.py:829} INFO - Processing file /opt/airflow/dags/remove_outliers_1_5_iqr.py for tasks to queue
[2023-12-11T20:17:58.835+0000] {logging_mixin.py:154} INFO - [2023-12-11T20:17:58.835+0000] {dagbag.py:536} INFO - Filling up the DagBag from /opt/airflow/dags/remove_outliers_1_5_iqr.py
[2023-12-11T20:17:58.841+0000] {processor.py:841} WARNING - No viable dags retrieved from /opt/airflow/dags/remove_outliers_1_5_iqr.py
[2023-12-11T20:17:58.855+0000] {processor.py:179} INFO - Processing /opt/airflow/dags/remove_outliers_1_5_iqr.py took 0.026 seconds
[2023-12-11T20:18:29.509+0000] {processor.py:157} INFO - Started process (PID=2904) to work on /opt/airflow/dags/remove_outliers_1_5_iqr.py
[2023-12-11T20:18:29.510+0000] {processor.py:829} INFO - Processing file /opt/airflow/dags/remove_outliers_1_5_iqr.py for tasks to queue
[2023-12-11T20:18:29.511+0000] {logging_mixin.py:154} INFO - [2023-12-11T20:18:29.511+0000] {dagbag.py:536} INFO - Filling up the DagBag from /opt/airflow/dags/remove_outliers_1_5_iqr.py
[2023-12-11T20:18:29.516+0000] {processor.py:841} WARNING - No viable dags retrieved from /opt/airflow/dags/remove_outliers_1_5_iqr.py
[2023-12-11T20:18:29.530+0000] {processor.py:179} INFO - Processing /opt/airflow/dags/remove_outliers_1_5_iqr.py took 0.025 seconds
[2023-12-11T20:19:00.206+0000] {processor.py:157} INFO - Started process (PID=2951) to work on /opt/airflow/dags/remove_outliers_1_5_iqr.py
[2023-12-11T20:19:00.207+0000] {processor.py:829} INFO - Processing file /opt/airflow/dags/remove_outliers_1_5_iqr.py for tasks to queue
[2023-12-11T20:19:00.208+0000] {logging_mixin.py:154} INFO - [2023-12-11T20:19:00.208+0000] {dagbag.py:536} INFO - Filling up the DagBag from /opt/airflow/dags/remove_outliers_1_5_iqr.py
[2023-12-11T20:19:00.213+0000] {processor.py:841} WARNING - No viable dags retrieved from /opt/airflow/dags/remove_outliers_1_5_iqr.py
[2023-12-11T20:19:00.227+0000] {processor.py:179} INFO - Processing /opt/airflow/dags/remove_outliers_1_5_iqr.py took 0.025 seconds
[2023-12-11T20:19:30.890+0000] {processor.py:157} INFO - Started process (PID=2998) to work on /opt/airflow/dags/remove_outliers_1_5_iqr.py
[2023-12-11T20:19:30.891+0000] {processor.py:829} INFO - Processing file /opt/airflow/dags/remove_outliers_1_5_iqr.py for tasks to queue
[2023-12-11T20:19:30.892+0000] {logging_mixin.py:154} INFO - [2023-12-11T20:19:30.892+0000] {dagbag.py:536} INFO - Filling up the DagBag from /opt/airflow/dags/remove_outliers_1_5_iqr.py
[2023-12-11T20:19:30.898+0000] {processor.py:841} WARNING - No viable dags retrieved from /opt/airflow/dags/remove_outliers_1_5_iqr.py
[2023-12-11T20:19:30.912+0000] {processor.py:179} INFO - Processing /opt/airflow/dags/remove_outliers_1_5_iqr.py took 0.025 seconds
[2023-12-11T20:20:01.571+0000] {processor.py:157} INFO - Started process (PID=3045) to work on /opt/airflow/dags/remove_outliers_1_5_iqr.py
[2023-12-11T20:20:01.572+0000] {processor.py:829} INFO - Processing file /opt/airflow/dags/remove_outliers_1_5_iqr.py for tasks to queue
[2023-12-11T20:20:01.573+0000] {logging_mixin.py:154} INFO - [2023-12-11T20:20:01.573+0000] {dagbag.py:536} INFO - Filling up the DagBag from /opt/airflow/dags/remove_outliers_1_5_iqr.py
[2023-12-11T20:20:01.578+0000] {processor.py:841} WARNING - No viable dags retrieved from /opt/airflow/dags/remove_outliers_1_5_iqr.py
[2023-12-11T20:20:01.593+0000] {processor.py:179} INFO - Processing /opt/airflow/dags/remove_outliers_1_5_iqr.py took 0.025 seconds
[2023-12-11T20:20:32.230+0000] {processor.py:157} INFO - Started process (PID=3092) to work on /opt/airflow/dags/remove_outliers_1_5_iqr.py
[2023-12-11T20:20:32.231+0000] {processor.py:829} INFO - Processing file /opt/airflow/dags/remove_outliers_1_5_iqr.py for tasks to queue
[2023-12-11T20:20:32.231+0000] {logging_mixin.py:154} INFO - [2023-12-11T20:20:32.231+0000] {dagbag.py:536} INFO - Filling up the DagBag from /opt/airflow/dags/remove_outliers_1_5_iqr.py
[2023-12-11T20:20:32.236+0000] {processor.py:841} WARNING - No viable dags retrieved from /opt/airflow/dags/remove_outliers_1_5_iqr.py
[2023-12-11T20:20:32.250+0000] {processor.py:179} INFO - Processing /opt/airflow/dags/remove_outliers_1_5_iqr.py took 0.023 seconds
[2023-12-11T20:21:02.880+0000] {processor.py:157} INFO - Started process (PID=3139) to work on /opt/airflow/dags/remove_outliers_1_5_iqr.py
[2023-12-11T20:21:02.881+0000] {processor.py:829} INFO - Processing file /opt/airflow/dags/remove_outliers_1_5_iqr.py for tasks to queue
[2023-12-11T20:21:02.882+0000] {logging_mixin.py:154} INFO - [2023-12-11T20:21:02.882+0000] {dagbag.py:536} INFO - Filling up the DagBag from /opt/airflow/dags/remove_outliers_1_5_iqr.py
[2023-12-11T20:21:02.886+0000] {processor.py:841} WARNING - No viable dags retrieved from /opt/airflow/dags/remove_outliers_1_5_iqr.py
[2023-12-11T20:21:02.899+0000] {processor.py:179} INFO - Processing /opt/airflow/dags/remove_outliers_1_5_iqr.py took 0.022 seconds
[2023-12-11T20:21:33.442+0000] {processor.py:157} INFO - Started process (PID=3186) to work on /opt/airflow/dags/remove_outliers_1_5_iqr.py
[2023-12-11T20:21:33.443+0000] {processor.py:829} INFO - Processing file /opt/airflow/dags/remove_outliers_1_5_iqr.py for tasks to queue
[2023-12-11T20:21:33.444+0000] {logging_mixin.py:154} INFO - [2023-12-11T20:21:33.443+0000] {dagbag.py:536} INFO - Filling up the DagBag from /opt/airflow/dags/remove_outliers_1_5_iqr.py
[2023-12-11T20:21:33.449+0000] {processor.py:841} WARNING - No viable dags retrieved from /opt/airflow/dags/remove_outliers_1_5_iqr.py
[2023-12-11T20:21:33.463+0000] {processor.py:179} INFO - Processing /opt/airflow/dags/remove_outliers_1_5_iqr.py took 0.026 seconds
[2023-12-11T20:22:03.987+0000] {processor.py:157} INFO - Started process (PID=3238) to work on /opt/airflow/dags/remove_outliers_1_5_iqr.py
[2023-12-11T20:22:03.988+0000] {processor.py:829} INFO - Processing file /opt/airflow/dags/remove_outliers_1_5_iqr.py for tasks to queue
[2023-12-11T20:22:03.990+0000] {logging_mixin.py:154} INFO - [2023-12-11T20:22:03.989+0000] {dagbag.py:536} INFO - Filling up the DagBag from /opt/airflow/dags/remove_outliers_1_5_iqr.py
[2023-12-11T20:22:03.995+0000] {processor.py:841} WARNING - No viable dags retrieved from /opt/airflow/dags/remove_outliers_1_5_iqr.py
[2023-12-11T20:22:04.011+0000] {processor.py:179} INFO - Processing /opt/airflow/dags/remove_outliers_1_5_iqr.py took 0.028 seconds
[2023-12-11T20:22:34.547+0000] {processor.py:157} INFO - Started process (PID=3285) to work on /opt/airflow/dags/remove_outliers_1_5_iqr.py
[2023-12-11T20:22:34.548+0000] {processor.py:829} INFO - Processing file /opt/airflow/dags/remove_outliers_1_5_iqr.py for tasks to queue
[2023-12-11T20:22:34.549+0000] {logging_mixin.py:154} INFO - [2023-12-11T20:22:34.549+0000] {dagbag.py:536} INFO - Filling up the DagBag from /opt/airflow/dags/remove_outliers_1_5_iqr.py
[2023-12-11T20:22:34.555+0000] {processor.py:841} WARNING - No viable dags retrieved from /opt/airflow/dags/remove_outliers_1_5_iqr.py
[2023-12-11T20:22:34.571+0000] {processor.py:179} INFO - Processing /opt/airflow/dags/remove_outliers_1_5_iqr.py took 0.028 seconds
[2023-12-11T20:23:04.976+0000] {processor.py:157} INFO - Started process (PID=3350) to work on /opt/airflow/dags/remove_outliers_1_5_iqr.py
[2023-12-11T20:23:04.977+0000] {processor.py:829} INFO - Processing file /opt/airflow/dags/remove_outliers_1_5_iqr.py for tasks to queue
[2023-12-11T20:23:04.979+0000] {logging_mixin.py:154} INFO - [2023-12-11T20:23:04.978+0000] {dagbag.py:536} INFO - Filling up the DagBag from /opt/airflow/dags/remove_outliers_1_5_iqr.py
[2023-12-11T20:23:04.986+0000] {processor.py:841} WARNING - No viable dags retrieved from /opt/airflow/dags/remove_outliers_1_5_iqr.py
[2023-12-11T20:23:05.003+0000] {processor.py:179} INFO - Processing /opt/airflow/dags/remove_outliers_1_5_iqr.py took 0.032 seconds
[2023-12-11T20:23:35.503+0000] {processor.py:157} INFO - Started process (PID=3398) to work on /opt/airflow/dags/remove_outliers_1_5_iqr.py
[2023-12-11T20:23:35.504+0000] {processor.py:829} INFO - Processing file /opt/airflow/dags/remove_outliers_1_5_iqr.py for tasks to queue
[2023-12-11T20:23:35.505+0000] {logging_mixin.py:154} INFO - [2023-12-11T20:23:35.505+0000] {dagbag.py:536} INFO - Filling up the DagBag from /opt/airflow/dags/remove_outliers_1_5_iqr.py
[2023-12-11T20:23:35.512+0000] {processor.py:841} WARNING - No viable dags retrieved from /opt/airflow/dags/remove_outliers_1_5_iqr.py
[2023-12-11T20:23:35.528+0000] {processor.py:179} INFO - Processing /opt/airflow/dags/remove_outliers_1_5_iqr.py took 0.029 seconds
[2023-12-11T20:24:05.822+0000] {processor.py:157} INFO - Started process (PID=3456) to work on /opt/airflow/dags/remove_outliers_1_5_iqr.py
[2023-12-11T20:24:05.823+0000] {processor.py:829} INFO - Processing file /opt/airflow/dags/remove_outliers_1_5_iqr.py for tasks to queue
[2023-12-11T20:24:05.824+0000] {logging_mixin.py:154} INFO - [2023-12-11T20:24:05.824+0000] {dagbag.py:536} INFO - Filling up the DagBag from /opt/airflow/dags/remove_outliers_1_5_iqr.py
[2023-12-11T20:24:05.831+0000] {processor.py:841} WARNING - No viable dags retrieved from /opt/airflow/dags/remove_outliers_1_5_iqr.py
[2023-12-11T20:24:05.847+0000] {processor.py:179} INFO - Processing /opt/airflow/dags/remove_outliers_1_5_iqr.py took 0.030 seconds
[2023-12-11T20:24:36.315+0000] {processor.py:157} INFO - Started process (PID=3504) to work on /opt/airflow/dags/remove_outliers_1_5_iqr.py
[2023-12-11T20:24:36.316+0000] {processor.py:829} INFO - Processing file /opt/airflow/dags/remove_outliers_1_5_iqr.py for tasks to queue
[2023-12-11T20:24:36.316+0000] {logging_mixin.py:154} INFO - [2023-12-11T20:24:36.316+0000] {dagbag.py:536} INFO - Filling up the DagBag from /opt/airflow/dags/remove_outliers_1_5_iqr.py
[2023-12-11T20:24:36.322+0000] {processor.py:841} WARNING - No viable dags retrieved from /opt/airflow/dags/remove_outliers_1_5_iqr.py
[2023-12-11T20:24:36.334+0000] {processor.py:179} INFO - Processing /opt/airflow/dags/remove_outliers_1_5_iqr.py took 0.022 seconds
[2023-12-11T20:25:06.852+0000] {processor.py:157} INFO - Started process (PID=3552) to work on /opt/airflow/dags/remove_outliers_1_5_iqr.py
[2023-12-11T20:25:06.853+0000] {processor.py:829} INFO - Processing file /opt/airflow/dags/remove_outliers_1_5_iqr.py for tasks to queue
[2023-12-11T20:25:06.855+0000] {logging_mixin.py:154} INFO - [2023-12-11T20:25:06.854+0000] {dagbag.py:536} INFO - Filling up the DagBag from /opt/airflow/dags/remove_outliers_1_5_iqr.py
[2023-12-11T20:25:06.862+0000] {processor.py:841} WARNING - No viable dags retrieved from /opt/airflow/dags/remove_outliers_1_5_iqr.py
[2023-12-11T20:25:06.880+0000] {processor.py:179} INFO - Processing /opt/airflow/dags/remove_outliers_1_5_iqr.py took 0.033 seconds
[2023-12-11T20:25:37.415+0000] {processor.py:157} INFO - Started process (PID=3600) to work on /opt/airflow/dags/remove_outliers_1_5_iqr.py
[2023-12-11T20:25:37.417+0000] {processor.py:829} INFO - Processing file /opt/airflow/dags/remove_outliers_1_5_iqr.py for tasks to queue
[2023-12-11T20:25:37.418+0000] {logging_mixin.py:154} INFO - [2023-12-11T20:25:37.417+0000] {dagbag.py:536} INFO - Filling up the DagBag from /opt/airflow/dags/remove_outliers_1_5_iqr.py
[2023-12-11T20:25:37.425+0000] {processor.py:841} WARNING - No viable dags retrieved from /opt/airflow/dags/remove_outliers_1_5_iqr.py
[2023-12-11T20:25:37.443+0000] {processor.py:179} INFO - Processing /opt/airflow/dags/remove_outliers_1_5_iqr.py took 0.033 seconds
[2023-12-11T20:26:07.955+0000] {processor.py:157} INFO - Started process (PID=3651) to work on /opt/airflow/dags/remove_outliers_1_5_iqr.py
[2023-12-11T20:26:07.956+0000] {processor.py:829} INFO - Processing file /opt/airflow/dags/remove_outliers_1_5_iqr.py for tasks to queue
[2023-12-11T20:26:07.957+0000] {logging_mixin.py:154} INFO - [2023-12-11T20:26:07.956+0000] {dagbag.py:536} INFO - Filling up the DagBag from /opt/airflow/dags/remove_outliers_1_5_iqr.py
[2023-12-11T20:26:07.964+0000] {processor.py:841} WARNING - No viable dags retrieved from /opt/airflow/dags/remove_outliers_1_5_iqr.py
[2023-12-11T20:26:07.981+0000] {processor.py:179} INFO - Processing /opt/airflow/dags/remove_outliers_1_5_iqr.py took 0.031 seconds
[2023-12-11T20:26:38.495+0000] {processor.py:157} INFO - Started process (PID=3699) to work on /opt/airflow/dags/remove_outliers_1_5_iqr.py
[2023-12-11T20:26:38.497+0000] {processor.py:829} INFO - Processing file /opt/airflow/dags/remove_outliers_1_5_iqr.py for tasks to queue
[2023-12-11T20:26:38.498+0000] {logging_mixin.py:154} INFO - [2023-12-11T20:26:38.498+0000] {dagbag.py:536} INFO - Filling up the DagBag from /opt/airflow/dags/remove_outliers_1_5_iqr.py
[2023-12-11T20:26:38.506+0000] {processor.py:841} WARNING - No viable dags retrieved from /opt/airflow/dags/remove_outliers_1_5_iqr.py
[2023-12-11T20:26:38.524+0000] {processor.py:179} INFO - Processing /opt/airflow/dags/remove_outliers_1_5_iqr.py took 0.033 seconds
[2023-12-11T20:27:08.990+0000] {processor.py:157} INFO - Started process (PID=3747) to work on /opt/airflow/dags/remove_outliers_1_5_iqr.py
[2023-12-11T20:27:08.990+0000] {processor.py:829} INFO - Processing file /opt/airflow/dags/remove_outliers_1_5_iqr.py for tasks to queue
[2023-12-11T20:27:08.991+0000] {logging_mixin.py:154} INFO - [2023-12-11T20:27:08.990+0000] {dagbag.py:536} INFO - Filling up the DagBag from /opt/airflow/dags/remove_outliers_1_5_iqr.py
[2023-12-11T20:27:08.994+0000] {processor.py:841} WARNING - No viable dags retrieved from /opt/airflow/dags/remove_outliers_1_5_iqr.py
[2023-12-11T20:27:09.003+0000] {processor.py:179} INFO - Processing /opt/airflow/dags/remove_outliers_1_5_iqr.py took 0.015 seconds
[2023-12-11T20:27:39.541+0000] {processor.py:157} INFO - Started process (PID=3796) to work on /opt/airflow/dags/remove_outliers_1_5_iqr.py
[2023-12-11T20:27:39.542+0000] {processor.py:829} INFO - Processing file /opt/airflow/dags/remove_outliers_1_5_iqr.py for tasks to queue
[2023-12-11T20:27:39.543+0000] {logging_mixin.py:154} INFO - [2023-12-11T20:27:39.543+0000] {dagbag.py:536} INFO - Filling up the DagBag from /opt/airflow/dags/remove_outliers_1_5_iqr.py
[2023-12-11T20:27:39.552+0000] {processor.py:841} WARNING - No viable dags retrieved from /opt/airflow/dags/remove_outliers_1_5_iqr.py
[2023-12-11T20:27:39.572+0000] {processor.py:179} INFO - Processing /opt/airflow/dags/remove_outliers_1_5_iqr.py took 0.034 seconds
