[2023-12-21T16:08:05.909+0000] {processor.py:157} INFO - Started process (PID=181) to work on /opt/airflow/dags/create_star_schema_part_2.py
[2023-12-21T16:08:05.910+0000] {processor.py:829} INFO - Processing file /opt/airflow/dags/create_star_schema_part_2.py for tasks to queue
[2023-12-21T16:08:05.911+0000] {logging_mixin.py:154} INFO - [2023-12-21T16:08:05.911+0000] {dagbag.py:536} INFO - Filling up the DagBag from /opt/airflow/dags/create_star_schema_part_2.py
[2023-12-21T16:08:05.928+0000] {processor.py:841} WARNING - No viable dags retrieved from /opt/airflow/dags/create_star_schema_part_2.py
[2023-12-21T16:08:05.946+0000] {processor.py:179} INFO - Processing /opt/airflow/dags/create_star_schema_part_2.py took 0.040 seconds
[2023-12-21T16:08:37.278+0000] {processor.py:157} INFO - Started process (PID=218) to work on /opt/airflow/dags/create_star_schema_part_2.py
[2023-12-21T16:08:37.280+0000] {processor.py:829} INFO - Processing file /opt/airflow/dags/create_star_schema_part_2.py for tasks to queue
[2023-12-21T16:08:37.281+0000] {logging_mixin.py:154} INFO - [2023-12-21T16:08:37.281+0000] {dagbag.py:536} INFO - Filling up the DagBag from /opt/airflow/dags/create_star_schema_part_2.py
[2023-12-21T16:08:37.305+0000] {processor.py:841} WARNING - No viable dags retrieved from /opt/airflow/dags/create_star_schema_part_2.py
[2023-12-21T16:08:37.332+0000] {processor.py:179} INFO - Processing /opt/airflow/dags/create_star_schema_part_2.py took 0.058 seconds
[2023-12-21T16:09:07.820+0000] {processor.py:157} INFO - Started process (PID=255) to work on /opt/airflow/dags/create_star_schema_part_2.py
[2023-12-21T16:09:07.821+0000] {processor.py:829} INFO - Processing file /opt/airflow/dags/create_star_schema_part_2.py for tasks to queue
[2023-12-21T16:09:07.822+0000] {logging_mixin.py:154} INFO - [2023-12-21T16:09:07.822+0000] {dagbag.py:536} INFO - Filling up the DagBag from /opt/airflow/dags/create_star_schema_part_2.py
[2023-12-21T16:09:07.826+0000] {processor.py:841} WARNING - No viable dags retrieved from /opt/airflow/dags/create_star_schema_part_2.py
[2023-12-21T16:09:07.857+0000] {processor.py:179} INFO - Processing /opt/airflow/dags/create_star_schema_part_2.py took 0.039 seconds
[2023-12-21T16:09:38.186+0000] {processor.py:157} INFO - Started process (PID=288) to work on /opt/airflow/dags/create_star_schema_part_2.py
[2023-12-21T16:09:38.188+0000] {processor.py:829} INFO - Processing file /opt/airflow/dags/create_star_schema_part_2.py for tasks to queue
[2023-12-21T16:09:38.189+0000] {logging_mixin.py:154} INFO - [2023-12-21T16:09:38.188+0000] {dagbag.py:536} INFO - Filling up the DagBag from /opt/airflow/dags/create_star_schema_part_2.py
[2023-12-21T16:09:38.197+0000] {processor.py:841} WARNING - No viable dags retrieved from /opt/airflow/dags/create_star_schema_part_2.py
[2023-12-21T16:09:38.219+0000] {processor.py:179} INFO - Processing /opt/airflow/dags/create_star_schema_part_2.py took 0.039 seconds
[2023-12-21T16:10:08.702+0000] {processor.py:157} INFO - Started process (PID=335) to work on /opt/airflow/dags/create_star_schema_part_2.py
[2023-12-21T16:10:08.703+0000] {processor.py:829} INFO - Processing file /opt/airflow/dags/create_star_schema_part_2.py for tasks to queue
[2023-12-21T16:10:08.704+0000] {logging_mixin.py:154} INFO - [2023-12-21T16:10:08.704+0000] {dagbag.py:536} INFO - Filling up the DagBag from /opt/airflow/dags/create_star_schema_part_2.py
[2023-12-21T16:10:08.710+0000] {processor.py:841} WARNING - No viable dags retrieved from /opt/airflow/dags/create_star_schema_part_2.py
[2023-12-21T16:10:08.723+0000] {processor.py:179} INFO - Processing /opt/airflow/dags/create_star_schema_part_2.py took 0.025 seconds
[2023-12-21T16:10:39.117+0000] {processor.py:157} INFO - Started process (PID=373) to work on /opt/airflow/dags/create_star_schema_part_2.py
[2023-12-21T16:10:39.118+0000] {processor.py:829} INFO - Processing file /opt/airflow/dags/create_star_schema_part_2.py for tasks to queue
[2023-12-21T16:10:39.119+0000] {logging_mixin.py:154} INFO - [2023-12-21T16:10:39.119+0000] {dagbag.py:536} INFO - Filling up the DagBag from /opt/airflow/dags/create_star_schema_part_2.py
[2023-12-21T16:10:39.125+0000] {processor.py:841} WARNING - No viable dags retrieved from /opt/airflow/dags/create_star_schema_part_2.py
[2023-12-21T16:10:39.138+0000] {processor.py:179} INFO - Processing /opt/airflow/dags/create_star_schema_part_2.py took 0.025 seconds
[2023-12-21T16:11:09.563+0000] {processor.py:157} INFO - Started process (PID=420) to work on /opt/airflow/dags/create_star_schema_part_2.py
[2023-12-21T16:11:09.564+0000] {processor.py:829} INFO - Processing file /opt/airflow/dags/create_star_schema_part_2.py for tasks to queue
[2023-12-21T16:11:09.565+0000] {logging_mixin.py:154} INFO - [2023-12-21T16:11:09.565+0000] {dagbag.py:536} INFO - Filling up the DagBag from /opt/airflow/dags/create_star_schema_part_2.py
[2023-12-21T16:11:09.572+0000] {processor.py:841} WARNING - No viable dags retrieved from /opt/airflow/dags/create_star_schema_part_2.py
[2023-12-21T16:11:09.585+0000] {processor.py:179} INFO - Processing /opt/airflow/dags/create_star_schema_part_2.py took 0.026 seconds
[2023-12-21T16:11:39.978+0000] {processor.py:157} INFO - Started process (PID=458) to work on /opt/airflow/dags/create_star_schema_part_2.py
[2023-12-21T16:11:39.979+0000] {processor.py:829} INFO - Processing file /opt/airflow/dags/create_star_schema_part_2.py for tasks to queue
[2023-12-21T16:11:39.980+0000] {logging_mixin.py:154} INFO - [2023-12-21T16:11:39.980+0000] {dagbag.py:536} INFO - Filling up the DagBag from /opt/airflow/dags/create_star_schema_part_2.py
[2023-12-21T16:11:39.987+0000] {processor.py:841} WARNING - No viable dags retrieved from /opt/airflow/dags/create_star_schema_part_2.py
[2023-12-21T16:11:40.001+0000] {processor.py:179} INFO - Processing /opt/airflow/dags/create_star_schema_part_2.py took 0.026 seconds
[2023-12-21T16:12:10.372+0000] {processor.py:157} INFO - Started process (PID=496) to work on /opt/airflow/dags/create_star_schema_part_2.py
[2023-12-21T16:12:10.373+0000] {processor.py:829} INFO - Processing file /opt/airflow/dags/create_star_schema_part_2.py for tasks to queue
[2023-12-21T16:12:10.374+0000] {logging_mixin.py:154} INFO - [2023-12-21T16:12:10.373+0000] {dagbag.py:536} INFO - Filling up the DagBag from /opt/airflow/dags/create_star_schema_part_2.py
[2023-12-21T16:12:10.379+0000] {processor.py:841} WARNING - No viable dags retrieved from /opt/airflow/dags/create_star_schema_part_2.py
[2023-12-21T16:12:10.392+0000] {processor.py:179} INFO - Processing /opt/airflow/dags/create_star_schema_part_2.py took 0.023 seconds
[2023-12-21T16:12:40.776+0000] {processor.py:157} INFO - Started process (PID=534) to work on /opt/airflow/dags/create_star_schema_part_2.py
[2023-12-21T16:12:40.778+0000] {processor.py:829} INFO - Processing file /opt/airflow/dags/create_star_schema_part_2.py for tasks to queue
[2023-12-21T16:12:40.779+0000] {logging_mixin.py:154} INFO - [2023-12-21T16:12:40.778+0000] {dagbag.py:536} INFO - Filling up the DagBag from /opt/airflow/dags/create_star_schema_part_2.py
[2023-12-21T16:12:40.786+0000] {processor.py:841} WARNING - No viable dags retrieved from /opt/airflow/dags/create_star_schema_part_2.py
[2023-12-21T16:12:40.800+0000] {processor.py:179} INFO - Processing /opt/airflow/dags/create_star_schema_part_2.py took 0.028 seconds
[2023-12-21T16:13:11.693+0000] {processor.py:157} INFO - Started process (PID=586) to work on /opt/airflow/dags/create_star_schema_part_2.py
[2023-12-21T16:13:11.694+0000] {processor.py:829} INFO - Processing file /opt/airflow/dags/create_star_schema_part_2.py for tasks to queue
[2023-12-21T16:13:11.695+0000] {logging_mixin.py:154} INFO - [2023-12-21T16:13:11.695+0000] {dagbag.py:536} INFO - Filling up the DagBag from /opt/airflow/dags/create_star_schema_part_2.py
[2023-12-21T16:13:11.699+0000] {processor.py:841} WARNING - No viable dags retrieved from /opt/airflow/dags/create_star_schema_part_2.py
[2023-12-21T16:13:11.708+0000] {processor.py:179} INFO - Processing /opt/airflow/dags/create_star_schema_part_2.py took 0.017 seconds
[2023-12-21T16:13:42.153+0000] {processor.py:157} INFO - Started process (PID=629) to work on /opt/airflow/dags/create_star_schema_part_2.py
[2023-12-21T16:13:42.154+0000] {processor.py:829} INFO - Processing file /opt/airflow/dags/create_star_schema_part_2.py for tasks to queue
[2023-12-21T16:13:42.154+0000] {logging_mixin.py:154} INFO - [2023-12-21T16:13:42.154+0000] {dagbag.py:536} INFO - Filling up the DagBag from /opt/airflow/dags/create_star_schema_part_2.py
[2023-12-21T16:13:42.158+0000] {processor.py:841} WARNING - No viable dags retrieved from /opt/airflow/dags/create_star_schema_part_2.py
[2023-12-21T16:13:42.170+0000] {processor.py:179} INFO - Processing /opt/airflow/dags/create_star_schema_part_2.py took 0.019 seconds
[2023-12-21T16:14:12.675+0000] {processor.py:157} INFO - Started process (PID=756) to work on /opt/airflow/dags/create_star_schema_part_2.py
[2023-12-21T16:14:12.676+0000] {processor.py:829} INFO - Processing file /opt/airflow/dags/create_star_schema_part_2.py for tasks to queue
[2023-12-21T16:14:12.677+0000] {logging_mixin.py:154} INFO - [2023-12-21T16:14:12.677+0000] {dagbag.py:536} INFO - Filling up the DagBag from /opt/airflow/dags/create_star_schema_part_2.py
[2023-12-21T16:14:12.690+0000] {processor.py:841} WARNING - No viable dags retrieved from /opt/airflow/dags/create_star_schema_part_2.py
[2023-12-21T16:14:12.708+0000] {processor.py:179} INFO - Processing /opt/airflow/dags/create_star_schema_part_2.py took 0.036 seconds
[2023-12-21T16:14:43.198+0000] {processor.py:157} INFO - Started process (PID=799) to work on /opt/airflow/dags/create_star_schema_part_2.py
[2023-12-21T16:14:43.199+0000] {processor.py:829} INFO - Processing file /opt/airflow/dags/create_star_schema_part_2.py for tasks to queue
[2023-12-21T16:14:43.200+0000] {logging_mixin.py:154} INFO - [2023-12-21T16:14:43.200+0000] {dagbag.py:536} INFO - Filling up the DagBag from /opt/airflow/dags/create_star_schema_part_2.py
[2023-12-21T16:14:43.209+0000] {processor.py:841} WARNING - No viable dags retrieved from /opt/airflow/dags/create_star_schema_part_2.py
[2023-12-21T16:14:43.223+0000] {processor.py:179} INFO - Processing /opt/airflow/dags/create_star_schema_part_2.py took 0.030 seconds
[2023-12-21T16:15:13.724+0000] {processor.py:157} INFO - Started process (PID=915) to work on /opt/airflow/dags/create_star_schema_part_2.py
[2023-12-21T16:15:13.734+0000] {processor.py:829} INFO - Processing file /opt/airflow/dags/create_star_schema_part_2.py for tasks to queue
[2023-12-21T16:15:13.740+0000] {logging_mixin.py:154} INFO - [2023-12-21T16:15:13.740+0000] {dagbag.py:536} INFO - Filling up the DagBag from /opt/airflow/dags/create_star_schema_part_2.py
[2023-12-21T16:15:13.786+0000] {processor.py:841} WARNING - No viable dags retrieved from /opt/airflow/dags/create_star_schema_part_2.py
[2023-12-21T16:15:13.820+0000] {processor.py:179} INFO - Processing /opt/airflow/dags/create_star_schema_part_2.py took 0.104 seconds
[2023-12-21T16:15:44.835+0000] {processor.py:157} INFO - Started process (PID=966) to work on /opt/airflow/dags/create_star_schema_part_2.py
[2023-12-21T16:15:44.837+0000] {processor.py:829} INFO - Processing file /opt/airflow/dags/create_star_schema_part_2.py for tasks to queue
[2023-12-21T16:15:44.838+0000] {logging_mixin.py:154} INFO - [2023-12-21T16:15:44.837+0000] {dagbag.py:536} INFO - Filling up the DagBag from /opt/airflow/dags/create_star_schema_part_2.py
[2023-12-21T16:15:44.845+0000] {processor.py:841} WARNING - No viable dags retrieved from /opt/airflow/dags/create_star_schema_part_2.py
[2023-12-21T16:15:44.859+0000] {processor.py:179} INFO - Processing /opt/airflow/dags/create_star_schema_part_2.py took 0.028 seconds
[2023-12-21T16:16:15.264+0000] {processor.py:157} INFO - Started process (PID=1090) to work on /opt/airflow/dags/create_star_schema_part_2.py
[2023-12-21T16:16:15.264+0000] {processor.py:829} INFO - Processing file /opt/airflow/dags/create_star_schema_part_2.py for tasks to queue
[2023-12-21T16:16:15.265+0000] {logging_mixin.py:154} INFO - [2023-12-21T16:16:15.265+0000] {dagbag.py:536} INFO - Filling up the DagBag from /opt/airflow/dags/create_star_schema_part_2.py
[2023-12-21T16:16:15.271+0000] {processor.py:841} WARNING - No viable dags retrieved from /opt/airflow/dags/create_star_schema_part_2.py
[2023-12-21T16:16:15.285+0000] {processor.py:179} INFO - Processing /opt/airflow/dags/create_star_schema_part_2.py took 0.023 seconds
[2023-12-21T16:16:45.714+0000] {processor.py:157} INFO - Started process (PID=1133) to work on /opt/airflow/dags/create_star_schema_part_2.py
[2023-12-21T16:16:45.715+0000] {processor.py:829} INFO - Processing file /opt/airflow/dags/create_star_schema_part_2.py for tasks to queue
[2023-12-21T16:16:45.716+0000] {logging_mixin.py:154} INFO - [2023-12-21T16:16:45.716+0000] {dagbag.py:536} INFO - Filling up the DagBag from /opt/airflow/dags/create_star_schema_part_2.py
[2023-12-21T16:16:45.723+0000] {processor.py:841} WARNING - No viable dags retrieved from /opt/airflow/dags/create_star_schema_part_2.py
[2023-12-21T16:16:45.737+0000] {processor.py:179} INFO - Processing /opt/airflow/dags/create_star_schema_part_2.py took 0.026 seconds
[2023-12-21T16:17:16.163+0000] {processor.py:157} INFO - Started process (PID=1176) to work on /opt/airflow/dags/create_star_schema_part_2.py
[2023-12-21T16:17:16.164+0000] {processor.py:829} INFO - Processing file /opt/airflow/dags/create_star_schema_part_2.py for tasks to queue
[2023-12-21T16:17:16.165+0000] {logging_mixin.py:154} INFO - [2023-12-21T16:17:16.165+0000] {dagbag.py:536} INFO - Filling up the DagBag from /opt/airflow/dags/create_star_schema_part_2.py
[2023-12-21T16:17:16.170+0000] {processor.py:841} WARNING - No viable dags retrieved from /opt/airflow/dags/create_star_schema_part_2.py
[2023-12-21T16:17:16.183+0000] {processor.py:179} INFO - Processing /opt/airflow/dags/create_star_schema_part_2.py took 0.023 seconds
