[2023-12-21T16:08:05.966+0000] {processor.py:157} INFO - Started process (PID=188) to work on /opt/airflow/dags/create_star_schema_part_1.py
[2023-12-21T16:08:05.967+0000] {processor.py:829} INFO - Processing file /opt/airflow/dags/create_star_schema_part_1.py for tasks to queue
[2023-12-21T16:08:05.969+0000] {logging_mixin.py:154} INFO - [2023-12-21T16:08:05.969+0000] {dagbag.py:536} INFO - Filling up the DagBag from /opt/airflow/dags/create_star_schema_part_1.py
[2023-12-21T16:08:05.984+0000] {processor.py:841} WARNING - No viable dags retrieved from /opt/airflow/dags/create_star_schema_part_1.py
[2023-12-21T16:08:06.022+0000] {processor.py:179} INFO - Processing /opt/airflow/dags/create_star_schema_part_1.py took 0.059 seconds
[2023-12-21T16:08:37.317+0000] {processor.py:157} INFO - Started process (PID=223) to work on /opt/airflow/dags/create_star_schema_part_1.py
[2023-12-21T16:08:37.320+0000] {processor.py:829} INFO - Processing file /opt/airflow/dags/create_star_schema_part_1.py for tasks to queue
[2023-12-21T16:08:37.321+0000] {logging_mixin.py:154} INFO - [2023-12-21T16:08:37.321+0000] {dagbag.py:536} INFO - Filling up the DagBag from /opt/airflow/dags/create_star_schema_part_1.py
[2023-12-21T16:08:37.333+0000] {processor.py:841} WARNING - No viable dags retrieved from /opt/airflow/dags/create_star_schema_part_1.py
[2023-12-21T16:08:37.365+0000] {processor.py:179} INFO - Processing /opt/airflow/dags/create_star_schema_part_1.py took 0.053 seconds
[2023-12-21T16:09:07.874+0000] {processor.py:157} INFO - Started process (PID=260) to work on /opt/airflow/dags/create_star_schema_part_1.py
[2023-12-21T16:09:07.875+0000] {processor.py:829} INFO - Processing file /opt/airflow/dags/create_star_schema_part_1.py for tasks to queue
[2023-12-21T16:09:07.876+0000] {logging_mixin.py:154} INFO - [2023-12-21T16:09:07.876+0000] {dagbag.py:536} INFO - Filling up the DagBag from /opt/airflow/dags/create_star_schema_part_1.py
[2023-12-21T16:09:07.881+0000] {processor.py:841} WARNING - No viable dags retrieved from /opt/airflow/dags/create_star_schema_part_1.py
[2023-12-21T16:09:07.900+0000] {processor.py:179} INFO - Processing /opt/airflow/dags/create_star_schema_part_1.py took 0.029 seconds
[2023-12-21T16:09:38.232+0000] {processor.py:157} INFO - Started process (PID=295) to work on /opt/airflow/dags/create_star_schema_part_1.py
[2023-12-21T16:09:38.233+0000] {processor.py:829} INFO - Processing file /opt/airflow/dags/create_star_schema_part_1.py for tasks to queue
[2023-12-21T16:09:38.234+0000] {logging_mixin.py:154} INFO - [2023-12-21T16:09:38.233+0000] {dagbag.py:536} INFO - Filling up the DagBag from /opt/airflow/dags/create_star_schema_part_1.py
[2023-12-21T16:09:38.237+0000] {processor.py:841} WARNING - No viable dags retrieved from /opt/airflow/dags/create_star_schema_part_1.py
[2023-12-21T16:09:38.248+0000] {processor.py:179} INFO - Processing /opt/airflow/dags/create_star_schema_part_1.py took 0.017 seconds
[2023-12-21T16:10:08.735+0000] {processor.py:157} INFO - Started process (PID=342) to work on /opt/airflow/dags/create_star_schema_part_1.py
[2023-12-21T16:10:08.736+0000] {processor.py:829} INFO - Processing file /opt/airflow/dags/create_star_schema_part_1.py for tasks to queue
[2023-12-21T16:10:08.737+0000] {logging_mixin.py:154} INFO - [2023-12-21T16:10:08.736+0000] {dagbag.py:536} INFO - Filling up the DagBag from /opt/airflow/dags/create_star_schema_part_1.py
[2023-12-21T16:10:08.740+0000] {processor.py:841} WARNING - No viable dags retrieved from /opt/airflow/dags/create_star_schema_part_1.py
[2023-12-21T16:10:08.749+0000] {processor.py:179} INFO - Processing /opt/airflow/dags/create_star_schema_part_1.py took 0.017 seconds
[2023-12-21T16:10:39.151+0000] {processor.py:157} INFO - Started process (PID=380) to work on /opt/airflow/dags/create_star_schema_part_1.py
[2023-12-21T16:10:39.152+0000] {processor.py:829} INFO - Processing file /opt/airflow/dags/create_star_schema_part_1.py for tasks to queue
[2023-12-21T16:10:39.152+0000] {logging_mixin.py:154} INFO - [2023-12-21T16:10:39.152+0000] {dagbag.py:536} INFO - Filling up the DagBag from /opt/airflow/dags/create_star_schema_part_1.py
[2023-12-21T16:10:39.156+0000] {processor.py:841} WARNING - No viable dags retrieved from /opt/airflow/dags/create_star_schema_part_1.py
[2023-12-21T16:10:39.166+0000] {processor.py:179} INFO - Processing /opt/airflow/dags/create_star_schema_part_1.py took 0.017 seconds
[2023-12-21T16:11:09.598+0000] {processor.py:157} INFO - Started process (PID=427) to work on /opt/airflow/dags/create_star_schema_part_1.py
[2023-12-21T16:11:09.599+0000] {processor.py:829} INFO - Processing file /opt/airflow/dags/create_star_schema_part_1.py for tasks to queue
[2023-12-21T16:11:09.599+0000] {logging_mixin.py:154} INFO - [2023-12-21T16:11:09.599+0000] {dagbag.py:536} INFO - Filling up the DagBag from /opt/airflow/dags/create_star_schema_part_1.py
[2023-12-21T16:11:09.603+0000] {processor.py:841} WARNING - No viable dags retrieved from /opt/airflow/dags/create_star_schema_part_1.py
[2023-12-21T16:11:09.613+0000] {processor.py:179} INFO - Processing /opt/airflow/dags/create_star_schema_part_1.py took 0.018 seconds
[2023-12-21T16:11:40.012+0000] {processor.py:157} INFO - Started process (PID=465) to work on /opt/airflow/dags/create_star_schema_part_1.py
[2023-12-21T16:11:40.013+0000] {processor.py:829} INFO - Processing file /opt/airflow/dags/create_star_schema_part_1.py for tasks to queue
[2023-12-21T16:11:40.014+0000] {logging_mixin.py:154} INFO - [2023-12-21T16:11:40.014+0000] {dagbag.py:536} INFO - Filling up the DagBag from /opt/airflow/dags/create_star_schema_part_1.py
[2023-12-21T16:11:40.018+0000] {processor.py:841} WARNING - No viable dags retrieved from /opt/airflow/dags/create_star_schema_part_1.py
[2023-12-21T16:11:40.028+0000] {processor.py:179} INFO - Processing /opt/airflow/dags/create_star_schema_part_1.py took 0.017 seconds
[2023-12-21T16:12:10.402+0000] {processor.py:157} INFO - Started process (PID=503) to work on /opt/airflow/dags/create_star_schema_part_1.py
[2023-12-21T16:12:10.403+0000] {processor.py:829} INFO - Processing file /opt/airflow/dags/create_star_schema_part_1.py for tasks to queue
[2023-12-21T16:12:10.404+0000] {logging_mixin.py:154} INFO - [2023-12-21T16:12:10.404+0000] {dagbag.py:536} INFO - Filling up the DagBag from /opt/airflow/dags/create_star_schema_part_1.py
[2023-12-21T16:12:10.408+0000] {processor.py:841} WARNING - No viable dags retrieved from /opt/airflow/dags/create_star_schema_part_1.py
[2023-12-21T16:12:10.417+0000] {processor.py:179} INFO - Processing /opt/airflow/dags/create_star_schema_part_1.py took 0.017 seconds
[2023-12-21T16:12:40.812+0000] {processor.py:157} INFO - Started process (PID=541) to work on /opt/airflow/dags/create_star_schema_part_1.py
[2023-12-21T16:12:40.813+0000] {processor.py:829} INFO - Processing file /opt/airflow/dags/create_star_schema_part_1.py for tasks to queue
[2023-12-21T16:12:40.814+0000] {logging_mixin.py:154} INFO - [2023-12-21T16:12:40.813+0000] {dagbag.py:536} INFO - Filling up the DagBag from /opt/airflow/dags/create_star_schema_part_1.py
[2023-12-21T16:12:40.817+0000] {processor.py:841} WARNING - No viable dags retrieved from /opt/airflow/dags/create_star_schema_part_1.py
[2023-12-21T16:12:40.827+0000] {processor.py:179} INFO - Processing /opt/airflow/dags/create_star_schema_part_1.py took 0.017 seconds
[2023-12-21T16:13:11.719+0000] {processor.py:157} INFO - Started process (PID=593) to work on /opt/airflow/dags/create_star_schema_part_1.py
[2023-12-21T16:13:11.720+0000] {processor.py:829} INFO - Processing file /opt/airflow/dags/create_star_schema_part_1.py for tasks to queue
[2023-12-21T16:13:11.720+0000] {logging_mixin.py:154} INFO - [2023-12-21T16:13:11.720+0000] {dagbag.py:536} INFO - Filling up the DagBag from /opt/airflow/dags/create_star_schema_part_1.py
[2023-12-21T16:13:11.724+0000] {processor.py:841} WARNING - No viable dags retrieved from /opt/airflow/dags/create_star_schema_part_1.py
[2023-12-21T16:13:11.733+0000] {processor.py:179} INFO - Processing /opt/airflow/dags/create_star_schema_part_1.py took 0.016 seconds
[2023-12-21T16:13:42.184+0000] {processor.py:157} INFO - Started process (PID=636) to work on /opt/airflow/dags/create_star_schema_part_1.py
[2023-12-21T16:13:42.185+0000] {processor.py:829} INFO - Processing file /opt/airflow/dags/create_star_schema_part_1.py for tasks to queue
[2023-12-21T16:13:42.185+0000] {logging_mixin.py:154} INFO - [2023-12-21T16:13:42.185+0000] {dagbag.py:536} INFO - Filling up the DagBag from /opt/airflow/dags/create_star_schema_part_1.py
[2023-12-21T16:13:42.188+0000] {processor.py:841} WARNING - No viable dags retrieved from /opt/airflow/dags/create_star_schema_part_1.py
[2023-12-21T16:13:42.198+0000] {processor.py:179} INFO - Processing /opt/airflow/dags/create_star_schema_part_1.py took 0.016 seconds
[2023-12-21T16:14:12.728+0000] {processor.py:157} INFO - Started process (PID=763) to work on /opt/airflow/dags/create_star_schema_part_1.py
[2023-12-21T16:14:12.729+0000] {processor.py:829} INFO - Processing file /opt/airflow/dags/create_star_schema_part_1.py for tasks to queue
[2023-12-21T16:14:12.730+0000] {logging_mixin.py:154} INFO - [2023-12-21T16:14:12.730+0000] {dagbag.py:536} INFO - Filling up the DagBag from /opt/airflow/dags/create_star_schema_part_1.py
[2023-12-21T16:14:12.743+0000] {processor.py:841} WARNING - No viable dags retrieved from /opt/airflow/dags/create_star_schema_part_1.py
[2023-12-21T16:14:12.759+0000] {processor.py:179} INFO - Processing /opt/airflow/dags/create_star_schema_part_1.py took 0.033 seconds
[2023-12-21T16:14:43.235+0000] {processor.py:157} INFO - Started process (PID=806) to work on /opt/airflow/dags/create_star_schema_part_1.py
[2023-12-21T16:14:43.236+0000] {processor.py:829} INFO - Processing file /opt/airflow/dags/create_star_schema_part_1.py for tasks to queue
[2023-12-21T16:14:43.237+0000] {logging_mixin.py:154} INFO - [2023-12-21T16:14:43.236+0000] {dagbag.py:536} INFO - Filling up the DagBag from /opt/airflow/dags/create_star_schema_part_1.py
[2023-12-21T16:14:43.241+0000] {processor.py:841} WARNING - No viable dags retrieved from /opt/airflow/dags/create_star_schema_part_1.py
[2023-12-21T16:14:43.251+0000] {processor.py:179} INFO - Processing /opt/airflow/dags/create_star_schema_part_1.py took 0.018 seconds
[2023-12-21T16:15:13.880+0000] {processor.py:157} INFO - Started process (PID=923) to work on /opt/airflow/dags/create_star_schema_part_1.py
[2023-12-21T16:15:13.883+0000] {processor.py:829} INFO - Processing file /opt/airflow/dags/create_star_schema_part_1.py for tasks to queue
[2023-12-21T16:15:13.885+0000] {logging_mixin.py:154} INFO - [2023-12-21T16:15:13.884+0000] {dagbag.py:536} INFO - Filling up the DagBag from /opt/airflow/dags/create_star_schema_part_1.py
[2023-12-21T16:15:13.895+0000] {processor.py:841} WARNING - No viable dags retrieved from /opt/airflow/dags/create_star_schema_part_1.py
[2023-12-21T16:15:13.917+0000] {processor.py:179} INFO - Processing /opt/airflow/dags/create_star_schema_part_1.py took 0.046 seconds
[2023-12-21T16:15:44.873+0000] {processor.py:157} INFO - Started process (PID=973) to work on /opt/airflow/dags/create_star_schema_part_1.py
[2023-12-21T16:15:44.873+0000] {processor.py:829} INFO - Processing file /opt/airflow/dags/create_star_schema_part_1.py for tasks to queue
[2023-12-21T16:15:44.874+0000] {logging_mixin.py:154} INFO - [2023-12-21T16:15:44.874+0000] {dagbag.py:536} INFO - Filling up the DagBag from /opt/airflow/dags/create_star_schema_part_1.py
[2023-12-21T16:15:44.878+0000] {processor.py:841} WARNING - No viable dags retrieved from /opt/airflow/dags/create_star_schema_part_1.py
[2023-12-21T16:15:44.888+0000] {processor.py:179} INFO - Processing /opt/airflow/dags/create_star_schema_part_1.py took 0.017 seconds
[2023-12-21T16:16:15.301+0000] {processor.py:157} INFO - Started process (PID=1097) to work on /opt/airflow/dags/create_star_schema_part_1.py
[2023-12-21T16:16:15.302+0000] {processor.py:829} INFO - Processing file /opt/airflow/dags/create_star_schema_part_1.py for tasks to queue
[2023-12-21T16:16:15.302+0000] {logging_mixin.py:154} INFO - [2023-12-21T16:16:15.302+0000] {dagbag.py:536} INFO - Filling up the DagBag from /opt/airflow/dags/create_star_schema_part_1.py
[2023-12-21T16:16:15.307+0000] {processor.py:841} WARNING - No viable dags retrieved from /opt/airflow/dags/create_star_schema_part_1.py
[2023-12-21T16:16:15.321+0000] {processor.py:179} INFO - Processing /opt/airflow/dags/create_star_schema_part_1.py took 0.024 seconds
[2023-12-21T16:16:45.749+0000] {processor.py:157} INFO - Started process (PID=1140) to work on /opt/airflow/dags/create_star_schema_part_1.py
[2023-12-21T16:16:45.750+0000] {processor.py:829} INFO - Processing file /opt/airflow/dags/create_star_schema_part_1.py for tasks to queue
[2023-12-21T16:16:45.751+0000] {logging_mixin.py:154} INFO - [2023-12-21T16:16:45.750+0000] {dagbag.py:536} INFO - Filling up the DagBag from /opt/airflow/dags/create_star_schema_part_1.py
[2023-12-21T16:16:45.755+0000] {processor.py:841} WARNING - No viable dags retrieved from /opt/airflow/dags/create_star_schema_part_1.py
[2023-12-21T16:16:45.764+0000] {processor.py:179} INFO - Processing /opt/airflow/dags/create_star_schema_part_1.py took 0.017 seconds
[2023-12-21T16:17:16.197+0000] {processor.py:157} INFO - Started process (PID=1183) to work on /opt/airflow/dags/create_star_schema_part_1.py
[2023-12-21T16:17:16.198+0000] {processor.py:829} INFO - Processing file /opt/airflow/dags/create_star_schema_part_1.py for tasks to queue
[2023-12-21T16:17:16.199+0000] {logging_mixin.py:154} INFO - [2023-12-21T16:17:16.198+0000] {dagbag.py:536} INFO - Filling up the DagBag from /opt/airflow/dags/create_star_schema_part_1.py
[2023-12-21T16:17:16.204+0000] {processor.py:841} WARNING - No viable dags retrieved from /opt/airflow/dags/create_star_schema_part_1.py
[2023-12-21T16:17:16.216+0000] {processor.py:179} INFO - Processing /opt/airflow/dags/create_star_schema_part_1.py took 0.022 seconds
