[2023-12-21T16:08:05.885+0000] {processor.py:157} INFO - Started process (PID=178) to work on /opt/airflow/dags/impute_with_median.py
[2023-12-21T16:08:05.893+0000] {processor.py:829} INFO - Processing file /opt/airflow/dags/impute_with_median.py for tasks to queue
[2023-12-21T16:08:05.897+0000] {logging_mixin.py:154} INFO - [2023-12-21T16:08:05.896+0000] {dagbag.py:536} INFO - Filling up the DagBag from /opt/airflow/dags/impute_with_median.py
[2023-12-21T16:08:05.913+0000] {logging_mixin.py:154} INFO - [2023-12-21T16:08:05.911+0000] {dagbag.py:346} ERROR - Failed to import: /opt/airflow/dags/impute_with_median.py
Traceback (most recent call last):
  File "/home/airflow/.local/lib/python3.8/site-packages/airflow/models/dagbag.py", line 342, in parse
    loader.exec_module(new_module)
  File "<frozen importlib._bootstrap_external>", line 843, in exec_module
  File "<frozen importlib._bootstrap>", line 219, in _call_with_frames_removed
  File "/opt/airflow/dags/impute_with_median.py", line 26, in <module>
    from airflow.providers.operators.postgres import PostgresOperator
ModuleNotFoundError: No module named 'airflow.providers.operators'
[2023-12-21T16:08:05.914+0000] {processor.py:841} WARNING - No viable dags retrieved from /opt/airflow/dags/impute_with_median.py
[2023-12-21T16:08:05.935+0000] {processor.py:179} INFO - Processing /opt/airflow/dags/impute_with_median.py took 0.055 seconds
[2023-12-21T16:08:37.232+0000] {processor.py:157} INFO - Started process (PID=213) to work on /opt/airflow/dags/impute_with_median.py
[2023-12-21T16:08:37.233+0000] {processor.py:829} INFO - Processing file /opt/airflow/dags/impute_with_median.py for tasks to queue
[2023-12-21T16:08:37.234+0000] {logging_mixin.py:154} INFO - [2023-12-21T16:08:37.234+0000] {dagbag.py:536} INFO - Filling up the DagBag from /opt/airflow/dags/impute_with_median.py
[2023-12-21T16:08:37.246+0000] {logging_mixin.py:154} INFO - [2023-12-21T16:08:37.244+0000] {dagbag.py:346} ERROR - Failed to import: /opt/airflow/dags/impute_with_median.py
Traceback (most recent call last):
  File "/home/airflow/.local/lib/python3.8/site-packages/airflow/models/dagbag.py", line 342, in parse
    loader.exec_module(new_module)
  File "<frozen importlib._bootstrap_external>", line 843, in exec_module
  File "<frozen importlib._bootstrap>", line 219, in _call_with_frames_removed
  File "/opt/airflow/dags/impute_with_median.py", line 26, in <module>
    from airflow.providers.operators.postgres import PostgresOperator
ModuleNotFoundError: No module named 'airflow.providers.operators'
[2023-12-21T16:08:37.247+0000] {processor.py:841} WARNING - No viable dags retrieved from /opt/airflow/dags/impute_with_median.py
[2023-12-21T16:08:37.271+0000] {processor.py:179} INFO - Processing /opt/airflow/dags/impute_with_median.py took 0.044 seconds
[2023-12-21T16:09:07.768+0000] {processor.py:157} INFO - Started process (PID=250) to work on /opt/airflow/dags/impute_with_median.py
[2023-12-21T16:09:07.769+0000] {processor.py:829} INFO - Processing file /opt/airflow/dags/impute_with_median.py for tasks to queue
[2023-12-21T16:09:07.769+0000] {logging_mixin.py:154} INFO - [2023-12-21T16:09:07.769+0000] {dagbag.py:536} INFO - Filling up the DagBag from /opt/airflow/dags/impute_with_median.py
[2023-12-21T16:09:07.773+0000] {logging_mixin.py:154} INFO - [2023-12-21T16:09:07.772+0000] {dagbag.py:346} ERROR - Failed to import: /opt/airflow/dags/impute_with_median.py
Traceback (most recent call last):
  File "/home/airflow/.local/lib/python3.8/site-packages/airflow/models/dagbag.py", line 342, in parse
    loader.exec_module(new_module)
  File "<frozen importlib._bootstrap_external>", line 843, in exec_module
  File "<frozen importlib._bootstrap>", line 219, in _call_with_frames_removed
  File "/opt/airflow/dags/impute_with_median.py", line 26, in <module>
    from airflow.providers.operators.postgres import PostgresOperator
ModuleNotFoundError: No module named 'airflow.providers.operators'
[2023-12-21T16:09:07.773+0000] {processor.py:841} WARNING - No viable dags retrieved from /opt/airflow/dags/impute_with_median.py
[2023-12-21T16:09:07.803+0000] {processor.py:179} INFO - Processing /opt/airflow/dags/impute_with_median.py took 0.038 seconds
[2023-12-21T16:09:22.065+0000] {processor.py:157} INFO - Started process (PID=273) to work on /opt/airflow/dags/impute_with_median.py
[2023-12-21T16:09:22.067+0000] {processor.py:829} INFO - Processing file /opt/airflow/dags/impute_with_median.py for tasks to queue
[2023-12-21T16:09:22.068+0000] {logging_mixin.py:154} INFO - [2023-12-21T16:09:22.068+0000] {dagbag.py:536} INFO - Filling up the DagBag from /opt/airflow/dags/impute_with_median.py
[2023-12-21T16:09:22.094+0000] {processor.py:841} WARNING - No viable dags retrieved from /opt/airflow/dags/impute_with_median.py
[2023-12-21T16:09:22.268+0000] {processor.py:179} INFO - Processing /opt/airflow/dags/impute_with_median.py took 0.205 seconds
[2023-12-21T16:09:52.488+0000] {processor.py:157} INFO - Started process (PID=311) to work on /opt/airflow/dags/impute_with_median.py
[2023-12-21T16:09:52.491+0000] {processor.py:829} INFO - Processing file /opt/airflow/dags/impute_with_median.py for tasks to queue
[2023-12-21T16:09:52.493+0000] {logging_mixin.py:154} INFO - [2023-12-21T16:09:52.492+0000] {dagbag.py:536} INFO - Filling up the DagBag from /opt/airflow/dags/impute_with_median.py
[2023-12-21T16:09:52.502+0000] {processor.py:841} WARNING - No viable dags retrieved from /opt/airflow/dags/impute_with_median.py
[2023-12-21T16:09:52.524+0000] {processor.py:179} INFO - Processing /opt/airflow/dags/impute_with_median.py took 0.047 seconds
[2023-12-21T16:10:22.940+0000] {processor.py:157} INFO - Started process (PID=358) to work on /opt/airflow/dags/impute_with_median.py
[2023-12-21T16:10:22.942+0000] {processor.py:829} INFO - Processing file /opt/airflow/dags/impute_with_median.py for tasks to queue
[2023-12-21T16:10:22.943+0000] {logging_mixin.py:154} INFO - [2023-12-21T16:10:22.942+0000] {dagbag.py:536} INFO - Filling up the DagBag from /opt/airflow/dags/impute_with_median.py
[2023-12-21T16:10:22.953+0000] {processor.py:841} WARNING - No viable dags retrieved from /opt/airflow/dags/impute_with_median.py
[2023-12-21T16:10:22.970+0000] {processor.py:179} INFO - Processing /opt/airflow/dags/impute_with_median.py took 0.038 seconds
[2023-12-21T16:10:53.352+0000] {processor.py:157} INFO - Started process (PID=396) to work on /opt/airflow/dags/impute_with_median.py
[2023-12-21T16:10:53.353+0000] {processor.py:829} INFO - Processing file /opt/airflow/dags/impute_with_median.py for tasks to queue
[2023-12-21T16:10:53.354+0000] {logging_mixin.py:154} INFO - [2023-12-21T16:10:53.354+0000] {dagbag.py:536} INFO - Filling up the DagBag from /opt/airflow/dags/impute_with_median.py
[2023-12-21T16:10:53.358+0000] {processor.py:841} WARNING - No viable dags retrieved from /opt/airflow/dags/impute_with_median.py
[2023-12-21T16:10:53.370+0000] {processor.py:179} INFO - Processing /opt/airflow/dags/impute_with_median.py took 0.023 seconds
[2023-12-21T16:11:23.817+0000] {processor.py:157} INFO - Started process (PID=443) to work on /opt/airflow/dags/impute_with_median.py
[2023-12-21T16:11:23.818+0000] {processor.py:829} INFO - Processing file /opt/airflow/dags/impute_with_median.py for tasks to queue
[2023-12-21T16:11:23.819+0000] {logging_mixin.py:154} INFO - [2023-12-21T16:11:23.818+0000] {dagbag.py:536} INFO - Filling up the DagBag from /opt/airflow/dags/impute_with_median.py
[2023-12-21T16:11:23.822+0000] {processor.py:841} WARNING - No viable dags retrieved from /opt/airflow/dags/impute_with_median.py
[2023-12-21T16:11:23.836+0000] {processor.py:179} INFO - Processing /opt/airflow/dags/impute_with_median.py took 0.023 seconds
[2023-12-21T16:11:54.221+0000] {processor.py:157} INFO - Started process (PID=481) to work on /opt/airflow/dags/impute_with_median.py
[2023-12-21T16:11:54.222+0000] {processor.py:829} INFO - Processing file /opt/airflow/dags/impute_with_median.py for tasks to queue
[2023-12-21T16:11:54.223+0000] {logging_mixin.py:154} INFO - [2023-12-21T16:11:54.222+0000] {dagbag.py:536} INFO - Filling up the DagBag from /opt/airflow/dags/impute_with_median.py
[2023-12-21T16:11:54.227+0000] {processor.py:841} WARNING - No viable dags retrieved from /opt/airflow/dags/impute_with_median.py
[2023-12-21T16:11:54.240+0000] {processor.py:179} INFO - Processing /opt/airflow/dags/impute_with_median.py took 0.023 seconds
[2023-12-21T16:12:24.570+0000] {processor.py:157} INFO - Started process (PID=519) to work on /opt/airflow/dags/impute_with_median.py
[2023-12-21T16:12:24.571+0000] {processor.py:829} INFO - Processing file /opt/airflow/dags/impute_with_median.py for tasks to queue
[2023-12-21T16:12:24.572+0000] {logging_mixin.py:154} INFO - [2023-12-21T16:12:24.572+0000] {dagbag.py:536} INFO - Filling up the DagBag from /opt/airflow/dags/impute_with_median.py
[2023-12-21T16:12:24.576+0000] {processor.py:841} WARNING - No viable dags retrieved from /opt/airflow/dags/impute_with_median.py
[2023-12-21T16:12:24.587+0000] {processor.py:179} INFO - Processing /opt/airflow/dags/impute_with_median.py took 0.020 seconds
[2023-12-21T16:12:54.988+0000] {processor.py:157} INFO - Started process (PID=563) to work on /opt/airflow/dags/impute_with_median.py
[2023-12-21T16:12:54.989+0000] {processor.py:829} INFO - Processing file /opt/airflow/dags/impute_with_median.py for tasks to queue
[2023-12-21T16:12:54.990+0000] {logging_mixin.py:154} INFO - [2023-12-21T16:12:54.990+0000] {dagbag.py:536} INFO - Filling up the DagBag from /opt/airflow/dags/impute_with_median.py
[2023-12-21T16:12:54.995+0000] {processor.py:841} WARNING - No viable dags retrieved from /opt/airflow/dags/impute_with_median.py
[2023-12-21T16:12:55.008+0000] {processor.py:179} INFO - Processing /opt/airflow/dags/impute_with_median.py took 0.025 seconds
[2023-12-21T16:13:25.926+0000] {processor.py:157} INFO - Started process (PID=610) to work on /opt/airflow/dags/impute_with_median.py
[2023-12-21T16:13:25.927+0000] {processor.py:829} INFO - Processing file /opt/airflow/dags/impute_with_median.py for tasks to queue
[2023-12-21T16:13:25.928+0000] {logging_mixin.py:154} INFO - [2023-12-21T16:13:25.928+0000] {dagbag.py:536} INFO - Filling up the DagBag from /opt/airflow/dags/impute_with_median.py
[2023-12-21T16:13:25.935+0000] {processor.py:841} WARNING - No viable dags retrieved from /opt/airflow/dags/impute_with_median.py
[2023-12-21T16:13:25.950+0000] {processor.py:179} INFO - Processing /opt/airflow/dags/impute_with_median.py took 0.029 seconds
[2023-12-21T16:13:56.415+0000] {processor.py:157} INFO - Started process (PID=653) to work on /opt/airflow/dags/impute_with_median.py
[2023-12-21T16:13:56.416+0000] {processor.py:829} INFO - Processing file /opt/airflow/dags/impute_with_median.py for tasks to queue
[2023-12-21T16:13:56.417+0000] {logging_mixin.py:154} INFO - [2023-12-21T16:13:56.417+0000] {dagbag.py:536} INFO - Filling up the DagBag from /opt/airflow/dags/impute_with_median.py
[2023-12-21T16:13:56.424+0000] {processor.py:841} WARNING - No viable dags retrieved from /opt/airflow/dags/impute_with_median.py
[2023-12-21T16:13:56.442+0000] {processor.py:179} INFO - Processing /opt/airflow/dags/impute_with_median.py took 0.031 seconds
[2023-12-21T16:14:26.973+0000] {processor.py:157} INFO - Started process (PID=780) to work on /opt/airflow/dags/impute_with_median.py
[2023-12-21T16:14:26.974+0000] {processor.py:829} INFO - Processing file /opt/airflow/dags/impute_with_median.py for tasks to queue
[2023-12-21T16:14:26.975+0000] {logging_mixin.py:154} INFO - [2023-12-21T16:14:26.974+0000] {dagbag.py:536} INFO - Filling up the DagBag from /opt/airflow/dags/impute_with_median.py
[2023-12-21T16:14:26.979+0000] {processor.py:841} WARNING - No viable dags retrieved from /opt/airflow/dags/impute_with_median.py
[2023-12-21T16:14:26.992+0000] {processor.py:179} INFO - Processing /opt/airflow/dags/impute_with_median.py took 0.023 seconds
[2023-12-21T16:14:57.459+0000] {processor.py:157} INFO - Started process (PID=823) to work on /opt/airflow/dags/impute_with_median.py
[2023-12-21T16:14:57.461+0000] {processor.py:829} INFO - Processing file /opt/airflow/dags/impute_with_median.py for tasks to queue
[2023-12-21T16:14:57.462+0000] {logging_mixin.py:154} INFO - [2023-12-21T16:14:57.462+0000] {dagbag.py:536} INFO - Filling up the DagBag from /opt/airflow/dags/impute_with_median.py
[2023-12-21T16:14:57.469+0000] {processor.py:841} WARNING - No viable dags retrieved from /opt/airflow/dags/impute_with_median.py
[2023-12-21T16:14:57.487+0000] {processor.py:179} INFO - Processing /opt/airflow/dags/impute_with_median.py took 0.033 seconds
[2023-12-21T16:15:28.107+0000] {processor.py:157} INFO - Started process (PID=947) to work on /opt/airflow/dags/impute_with_median.py
[2023-12-21T16:15:28.109+0000] {processor.py:829} INFO - Processing file /opt/airflow/dags/impute_with_median.py for tasks to queue
[2023-12-21T16:15:28.111+0000] {logging_mixin.py:154} INFO - [2023-12-21T16:15:28.110+0000] {dagbag.py:536} INFO - Filling up the DagBag from /opt/airflow/dags/impute_with_median.py
[2023-12-21T16:15:28.119+0000] {processor.py:841} WARNING - No viable dags retrieved from /opt/airflow/dags/impute_with_median.py
[2023-12-21T16:15:28.137+0000] {processor.py:179} INFO - Processing /opt/airflow/dags/impute_with_median.py took 0.035 seconds
[2023-12-21T16:15:59.054+0000] {processor.py:157} INFO - Started process (PID=990) to work on /opt/airflow/dags/impute_with_median.py
[2023-12-21T16:15:59.055+0000] {processor.py:829} INFO - Processing file /opt/airflow/dags/impute_with_median.py for tasks to queue
[2023-12-21T16:15:59.057+0000] {logging_mixin.py:154} INFO - [2023-12-21T16:15:59.056+0000] {dagbag.py:536} INFO - Filling up the DagBag from /opt/airflow/dags/impute_with_median.py
[2023-12-21T16:15:59.064+0000] {processor.py:841} WARNING - No viable dags retrieved from /opt/airflow/dags/impute_with_median.py
[2023-12-21T16:15:59.080+0000] {processor.py:179} INFO - Processing /opt/airflow/dags/impute_with_median.py took 0.030 seconds
[2023-12-21T16:16:29.466+0000] {processor.py:157} INFO - Started process (PID=1114) to work on /opt/airflow/dags/impute_with_median.py
[2023-12-21T16:16:29.468+0000] {processor.py:829} INFO - Processing file /opt/airflow/dags/impute_with_median.py for tasks to queue
[2023-12-21T16:16:29.468+0000] {logging_mixin.py:154} INFO - [2023-12-21T16:16:29.468+0000] {dagbag.py:536} INFO - Filling up the DagBag from /opt/airflow/dags/impute_with_median.py
[2023-12-21T16:16:29.475+0000] {processor.py:841} WARNING - No viable dags retrieved from /opt/airflow/dags/impute_with_median.py
[2023-12-21T16:16:29.493+0000] {processor.py:179} INFO - Processing /opt/airflow/dags/impute_with_median.py took 0.029 seconds
[2023-12-21T16:16:59.922+0000] {processor.py:157} INFO - Started process (PID=1157) to work on /opt/airflow/dags/impute_with_median.py
[2023-12-21T16:16:59.923+0000] {processor.py:829} INFO - Processing file /opt/airflow/dags/impute_with_median.py for tasks to queue
[2023-12-21T16:16:59.924+0000] {logging_mixin.py:154} INFO - [2023-12-21T16:16:59.924+0000] {dagbag.py:536} INFO - Filling up the DagBag from /opt/airflow/dags/impute_with_median.py
[2023-12-21T16:16:59.931+0000] {processor.py:841} WARNING - No viable dags retrieved from /opt/airflow/dags/impute_with_median.py
[2023-12-21T16:16:59.949+0000] {processor.py:179} INFO - Processing /opt/airflow/dags/impute_with_median.py took 0.032 seconds
