[2023-12-20T02:44:57.865+0000] {taskinstance.py:1159} INFO - Dependencies all met for dep_context=non-requeueable deps ti=<TaskInstance: Gourmet_Food_Procurement_Data-v01.create_copy_of_postgres_table scheduled__2023-12-01T00:00:00+00:00 [queued]>
[2023-12-20T02:44:57.869+0000] {taskinstance.py:1159} INFO - Dependencies all met for dep_context=requeueable deps ti=<TaskInstance: Gourmet_Food_Procurement_Data-v01.create_copy_of_postgres_table scheduled__2023-12-01T00:00:00+00:00 [queued]>
[2023-12-20T02:44:57.869+0000] {taskinstance.py:1361} INFO - Starting attempt 1 of 6
[2023-12-20T02:44:57.875+0000] {taskinstance.py:1382} INFO - Executing <Task(PostgresOperator): create_copy_of_postgres_table> on 2023-12-01 00:00:00+00:00
[2023-12-20T02:44:57.878+0000] {standard_task_runner.py:57} INFO - Started process 554 to run task
[2023-12-20T02:44:57.880+0000] {standard_task_runner.py:84} INFO - Running: ['***', 'tasks', 'run', 'Gourmet_Food_Procurement_Data-v01', 'create_copy_of_postgres_table', 'scheduled__2023-12-01T00:00:00+00:00', '--job-id', '3', '--raw', '--subdir', 'DAGS_FOLDER/Gourmet_Food_Procurement_Data.py', '--cfg-path', '/tmp/tmp5_o2ewbu']
[2023-12-20T02:44:57.882+0000] {standard_task_runner.py:85} INFO - Job 3: Subtask create_copy_of_postgres_table
[2023-12-20T02:44:57.919+0000] {task_command.py:416} INFO - Running <TaskInstance: Gourmet_Food_Procurement_Data-v01.create_copy_of_postgres_table scheduled__2023-12-01T00:00:00+00:00 [running]> on host 069170cec93a
[2023-12-20T02:44:57.967+0000] {taskinstance.py:1662} INFO - Exporting env vars: AIRFLOW_CTX_DAG_OWNER='dunnbc22' AIRFLOW_CTX_DAG_ID='Gourmet_Food_Procurement_Data-v01' AIRFLOW_CTX_TASK_ID='create_copy_of_postgres_table' AIRFLOW_CTX_EXECUTION_DATE='2023-12-01T00:00:00+00:00' AIRFLOW_CTX_TRY_NUMBER='1' AIRFLOW_CTX_DAG_RUN_ID='scheduled__2023-12-01T00:00:00+00:00'
[2023-12-20T02:44:57.968+0000] {sql.py:274} INFO - Executing: -- params: new_table_name, orig_table_name

-- Drop the copy of the table, if it already exists
DROP TABLE IF EXISTS gourmet_food_procurement_data_pipeline;

-- Create copy of table
CREATE TABLE gourmet_food_procurement_data_pipeline AS
SELECT * 
FROM gourmet_food_procurement;

-- Grant additional permissions on the table
GRANT SELECT, INSERT, UPDATE, DELETE ON gourmet_food_procurement_data_pipeline TO ***;
[2023-12-20T02:44:57.974+0000] {base.py:73} INFO - Using connection ID 'postgres_conn' for task execution.
[2023-12-20T02:44:57.981+0000] {base.py:73} INFO - Using connection ID 'postgres_conn' for task execution.
[2023-12-20T02:44:57.997+0000] {sql.py:418} INFO - Running statement: -- params: new_table_name, orig_table_name

-- Drop the copy of the table, if it already exists
DROP TABLE IF EXISTS gourmet_food_procurement_data_pipeline;

-- Create copy of table
CREATE TABLE gourmet_food_procurement_data_pipeline AS
SELECT * 
FROM gourmet_food_procurement;

-- Grant additional permissions on the table
GRANT SELECT, INSERT, UPDATE, DELETE ON gourmet_food_procurement_data_pipeline TO ***;, parameters: None
[2023-12-20T02:44:58.098+0000] {taskinstance.py:1400} INFO - Marking task as SUCCESS. dag_id=Gourmet_Food_Procurement_Data-v01, task_id=create_copy_of_postgres_table, execution_date=20231201T000000, start_date=20231220T024457, end_date=20231220T024458
[2023-12-20T02:44:58.137+0000] {local_task_job_runner.py:228} INFO - Task exited with return code 0
[2023-12-20T02:44:58.166+0000] {taskinstance.py:2778} INFO - 1 downstream tasks scheduled from follow-on schedule check
[2023-12-20T17:52:44.954+0000] {taskinstance.py:1159} INFO - Dependencies all met for dep_context=non-requeueable deps ti=<TaskInstance: Gourmet_Food_Procurement_Data-v01.create_copy_of_postgres_table scheduled__2023-12-01T00:00:00+00:00 [queued]>
[2023-12-20T17:52:44.958+0000] {taskinstance.py:1159} INFO - Dependencies all met for dep_context=requeueable deps ti=<TaskInstance: Gourmet_Food_Procurement_Data-v01.create_copy_of_postgres_table scheduled__2023-12-01T00:00:00+00:00 [queued]>
[2023-12-20T17:52:44.958+0000] {taskinstance.py:1361} INFO - Starting attempt 1 of 6
[2023-12-20T17:52:44.964+0000] {taskinstance.py:1382} INFO - Executing <Task(PostgresOperator): create_copy_of_postgres_table> on 2023-12-01 00:00:00+00:00
[2023-12-20T17:52:44.967+0000] {standard_task_runner.py:57} INFO - Started process 328 to run task
[2023-12-20T17:52:44.969+0000] {standard_task_runner.py:84} INFO - Running: ['***', 'tasks', 'run', 'Gourmet_Food_Procurement_Data-v01', 'create_copy_of_postgres_table', 'scheduled__2023-12-01T00:00:00+00:00', '--job-id', '3', '--raw', '--subdir', 'DAGS_FOLDER/Gourmet_Food_Procurement_Data.py', '--cfg-path', '/tmp/tmp6ujmtdlx']
[2023-12-20T17:52:44.972+0000] {standard_task_runner.py:85} INFO - Job 3: Subtask create_copy_of_postgres_table
[2023-12-20T17:52:45.009+0000] {task_command.py:416} INFO - Running <TaskInstance: Gourmet_Food_Procurement_Data-v01.create_copy_of_postgres_table scheduled__2023-12-01T00:00:00+00:00 [running]> on host 064e84e7d61d
[2023-12-20T17:52:45.053+0000] {taskinstance.py:1662} INFO - Exporting env vars: AIRFLOW_CTX_DAG_OWNER='dunnbc22' AIRFLOW_CTX_DAG_ID='Gourmet_Food_Procurement_Data-v01' AIRFLOW_CTX_TASK_ID='create_copy_of_postgres_table' AIRFLOW_CTX_EXECUTION_DATE='2023-12-01T00:00:00+00:00' AIRFLOW_CTX_TRY_NUMBER='1' AIRFLOW_CTX_DAG_RUN_ID='scheduled__2023-12-01T00:00:00+00:00'
[2023-12-20T17:52:45.054+0000] {sql.py:274} INFO - Executing: -- params: new_table_name, orig_table_name

-- Drop the copy of the table, if it already exists
DROP TABLE IF EXISTS gourmet_food_procurement_data_pipeline;

-- Create copy of table
CREATE TABLE gourmet_food_procurement_data_pipeline AS
SELECT * 
FROM gourmet_food_procurement;

-- Grant additional permissions on the table
GRANT SELECT, INSERT, UPDATE, DELETE ON gourmet_food_procurement_data_pipeline TO ***;
[2023-12-20T17:52:45.060+0000] {base.py:73} INFO - Using connection ID 'postgres_conn' for task execution.
[2023-12-20T17:52:45.066+0000] {base.py:73} INFO - Using connection ID 'postgres_conn' for task execution.
[2023-12-20T17:52:45.073+0000] {sql.py:418} INFO - Running statement: -- params: new_table_name, orig_table_name

-- Drop the copy of the table, if it already exists
DROP TABLE IF EXISTS gourmet_food_procurement_data_pipeline;

-- Create copy of table
CREATE TABLE gourmet_food_procurement_data_pipeline AS
SELECT * 
FROM gourmet_food_procurement;

-- Grant additional permissions on the table
GRANT SELECT, INSERT, UPDATE, DELETE ON gourmet_food_procurement_data_pipeline TO ***;, parameters: None
[2023-12-20T17:52:45.161+0000] {taskinstance.py:1400} INFO - Marking task as SUCCESS. dag_id=Gourmet_Food_Procurement_Data-v01, task_id=create_copy_of_postgres_table, execution_date=20231201T000000, start_date=20231220T175244, end_date=20231220T175245
[2023-12-20T17:52:45.191+0000] {local_task_job_runner.py:228} INFO - Task exited with return code 0
[2023-12-20T17:52:45.219+0000] {taskinstance.py:2778} INFO - 1 downstream tasks scheduled from follow-on schedule check
