[2023-12-19T19:33:34.142+0000] {taskinstance.py:1159} INFO - Dependencies all met for dep_context=non-requeueable deps ti=<TaskInstance: Auto_Insurance-v01.create_dim_tables.create_dim_Renew_Offer_type_table scheduled__2023-12-01T00:00:00+00:00 [queued]>
[2023-12-19T19:33:34.164+0000] {taskinstance.py:1159} INFO - Dependencies all met for dep_context=requeueable deps ti=<TaskInstance: Auto_Insurance-v01.create_dim_tables.create_dim_Renew_Offer_type_table scheduled__2023-12-01T00:00:00+00:00 [queued]>
[2023-12-19T19:33:34.170+0000] {taskinstance.py:1361} INFO - Starting attempt 1 of 6
[2023-12-19T19:33:34.209+0000] {taskinstance.py:1382} INFO - Executing <Task(PostgresOperator): create_dim_Renew_Offer_type_table> on 2023-12-01 00:00:00+00:00
[2023-12-19T19:33:34.227+0000] {standard_task_runner.py:57} INFO - Started process 1621 to run task
[2023-12-19T19:33:34.252+0000] {standard_task_runner.py:84} INFO - Running: ['***', 'tasks', 'run', 'Auto_Insurance-v01.create_dim_tables', 'create_dim_Renew_Offer_type_table', 'scheduled__2023-12-01T00:00:00+00:00', '--job-id', '24', '--raw', '--subdir', 'DAGS_FOLDER/Auto_Insurance.py', '--cfg-path', '/tmp/tmpo_lltm8m']
[2023-12-19T19:33:34.257+0000] {standard_task_runner.py:85} INFO - Job 24: Subtask create_dim_Renew_Offer_type_table
[2023-12-19T19:33:34.435+0000] {task_command.py:416} INFO - Running <TaskInstance: Auto_Insurance-v01.create_dim_tables.create_dim_Renew_Offer_type_table scheduled__2023-12-01T00:00:00+00:00 [running]> on host 757899fef296
[2023-12-19T19:33:34.637+0000] {taskinstance.py:1662} INFO - Exporting env vars: AIRFLOW_CTX_DAG_OWNER='dunnbc22' AIRFLOW_CTX_DAG_ID='Auto_Insurance-v01.create_dim_tables' AIRFLOW_CTX_TASK_ID='create_dim_Renew_Offer_type_table' AIRFLOW_CTX_EXECUTION_DATE='2023-12-01T00:00:00+00:00' AIRFLOW_CTX_TRY_NUMBER='1' AIRFLOW_CTX_DAG_RUN_ID='scheduled__2023-12-01T00:00:00+00:00'
[2023-12-19T19:33:34.646+0000] {sql.py:274} INFO - Executing: -- params: table_name, dimension_col, data_type

-- Step 1: Extract Unique Values
CREATE TEMPORARY TABLE unique_values_Renew_Offer_type AS
SELECT DISTINCT Renew_Offer_type FROM auto_insurance_pipe;

-- Step 2: Create Dimension Table
DROP TABLE IF EXISTS dimension_table_Renew_Offer_type;
CREATE TABLE dimension_table_Renew_Offer_type (
    id SERIAL PRIMARY KEY,
    Renew_Offer_type VARCHAR
);

-- Step 3: Insert unique values into dimension table
INSERT INTO dimension_table_Renew_Offer_type (Renew_Offer_type)
SELECT * FROM unique_values_Renew_Offer_type;
[2023-12-19T19:33:34.671+0000] {base.py:73} INFO - Using connection ID 'postgres_conn' for task execution.
[2023-12-19T19:33:34.700+0000] {base.py:73} INFO - Using connection ID 'postgres_conn' for task execution.
[2023-12-19T19:33:34.727+0000] {sql.py:418} INFO - Running statement: -- params: table_name, dimension_col, data_type

-- Step 1: Extract Unique Values
CREATE TEMPORARY TABLE unique_values_Renew_Offer_type AS
SELECT DISTINCT Renew_Offer_type FROM auto_insurance_pipe;

-- Step 2: Create Dimension Table
DROP TABLE IF EXISTS dimension_table_Renew_Offer_type;
CREATE TABLE dimension_table_Renew_Offer_type (
    id SERIAL PRIMARY KEY,
    Renew_Offer_type VARCHAR
);

-- Step 3: Insert unique values into dimension table
INSERT INTO dimension_table_Renew_Offer_type (Renew_Offer_type)
SELECT * FROM unique_values_Renew_Offer_type;, parameters: None
[2023-12-19T19:33:34.742+0000] {sql.py:427} INFO - Rows affected: 4
[2023-12-19T19:33:34.760+0000] {taskinstance.py:1400} INFO - Marking task as SUCCESS. dag_id=Auto_Insurance-v01.create_dim_tables, task_id=create_dim_Renew_Offer_type_table, execution_date=20231201T000000, start_date=20231219T193334, end_date=20231219T193334
[2023-12-19T19:33:34.806+0000] {local_task_job_runner.py:228} INFO - Task exited with return code 0
[2023-12-19T19:33:34.890+0000] {taskinstance.py:2778} INFO - 0 downstream tasks scheduled from follow-on schedule check
