[2023-12-11T19:41:42.254+0000] {taskinstance.py:1159} INFO - Dependencies all met for dep_context=non-requeueable deps ti=<TaskInstance: house_price_prediction-v01.remove_replaced_dim_cols.remove_original_Property_Type_in_fact_table scheduled__2023-12-01T00:00:00+00:00 [queued]>
[2023-12-11T19:41:42.266+0000] {taskinstance.py:1159} INFO - Dependencies all met for dep_context=requeueable deps ti=<TaskInstance: house_price_prediction-v01.remove_replaced_dim_cols.remove_original_Property_Type_in_fact_table scheduled__2023-12-01T00:00:00+00:00 [queued]>
[2023-12-11T19:41:42.268+0000] {taskinstance.py:1361} INFO - Starting attempt 1 of 6
[2023-12-11T19:41:42.283+0000] {taskinstance.py:1382} INFO - Executing <Task(PostgresOperator): remove_original_Property_Type_in_fact_table> on 2023-12-01 00:00:00+00:00
[2023-12-11T19:41:42.290+0000] {standard_task_runner.py:57} INFO - Started process 1712 to run task
[2023-12-11T19:41:42.301+0000] {standard_task_runner.py:84} INFO - Running: ['***', 'tasks', 'run', 'house_price_prediction-v01.remove_replaced_dim_cols', 'remove_original_Property_Type_in_fact_table', 'scheduled__2023-12-01T00:00:00+00:00', '--job-id', '41', '--raw', '--subdir', 'DAGS_FOLDER/House Price Prediction.py', '--cfg-path', '/tmp/tmpwuvwqf1n']
[2023-12-11T19:41:42.307+0000] {standard_task_runner.py:85} INFO - Job 41: Subtask remove_original_Property_Type_in_fact_table
[2023-12-11T19:41:42.411+0000] {task_command.py:416} INFO - Running <TaskInstance: house_price_prediction-v01.remove_replaced_dim_cols.remove_original_Property_Type_in_fact_table scheduled__2023-12-01T00:00:00+00:00 [running]> on host 10d408a63f6e
[2023-12-11T19:41:42.518+0000] {taskinstance.py:1662} INFO - Exporting env vars: AIRFLOW_CTX_DAG_OWNER='dunnbc22' AIRFLOW_CTX_DAG_ID='house_price_prediction-v01.remove_replaced_dim_cols' AIRFLOW_CTX_TASK_ID='remove_original_Property_Type_in_fact_table' AIRFLOW_CTX_EXECUTION_DATE='2023-12-01T00:00:00+00:00' AIRFLOW_CTX_TRY_NUMBER='1' AIRFLOW_CTX_DAG_RUN_ID='scheduled__2023-12-01T00:00:00+00:00'
[2023-12-11T19:41:42.519+0000] {sql.py:274} INFO - Executing: -- table_name, column_name
ALTER TABLE house_price_pred_pipe
DROP COLUMN Property_Type;
[2023-12-11T19:41:42.534+0000] {base.py:73} INFO - Using connection ID 'postgres_conn' for task execution.
[2023-12-11T19:41:42.548+0000] {base.py:73} INFO - Using connection ID 'postgres_conn' for task execution.
[2023-12-11T19:41:42.561+0000] {sql.py:418} INFO - Running statement: -- table_name, column_name
ALTER TABLE house_price_pred_pipe
DROP COLUMN Property_Type;, parameters: None
[2023-12-11T19:41:42.579+0000] {taskinstance.py:1400} INFO - Marking task as SUCCESS. dag_id=house_price_prediction-v01.remove_replaced_dim_cols, task_id=remove_original_Property_Type_in_fact_table, execution_date=20231201T000000, start_date=20231211T194142, end_date=20231211T194142
[2023-12-11T19:41:42.632+0000] {local_task_job_runner.py:228} INFO - Task exited with return code 0
[2023-12-11T19:41:42.668+0000] {taskinstance.py:2778} INFO - 0 downstream tasks scheduled from follow-on schedule check
