[2023-12-19T16:24:46.772+0000] {taskinstance.py:1159} INFO - Dependencies all met for dep_context=non-requeueable deps ti=<TaskInstance: Illinois_Insurance_Producers_Data-v01.remove_unnecessary_columns.remove_unnecessary_columns.remove_index_id_col scheduled__2023-12-01T00:00:00+00:00 [queued]>
[2023-12-19T16:24:46.780+0000] {taskinstance.py:1159} INFO - Dependencies all met for dep_context=requeueable deps ti=<TaskInstance: Illinois_Insurance_Producers_Data-v01.remove_unnecessary_columns.remove_unnecessary_columns.remove_index_id_col scheduled__2023-12-01T00:00:00+00:00 [queued]>
[2023-12-19T16:24:46.782+0000] {taskinstance.py:1361} INFO - Starting attempt 1 of 6
[2023-12-19T16:24:46.795+0000] {taskinstance.py:1382} INFO - Executing <Task(PostgresOperator): remove_unnecessary_columns.remove_index_id_col> on 2023-12-01 00:00:00+00:00
[2023-12-19T16:24:46.800+0000] {standard_task_runner.py:57} INFO - Started process 319 to run task
[2023-12-19T16:24:46.802+0000] {standard_task_runner.py:84} INFO - Running: ['***', 'tasks', 'run', 'Illinois_Insurance_Producers_Data-v01.remove_unnecessary_columns', 'remove_unnecessary_columns.remove_index_id_col', 'scheduled__2023-12-01T00:00:00+00:00', '--job-id', '6', '--raw', '--subdir', 'DAGS_FOLDER/il_insurance_producers.py', '--cfg-path', '/tmp/tmphddz4_n0']
[2023-12-19T16:24:46.807+0000] {standard_task_runner.py:85} INFO - Job 6: Subtask remove_unnecessary_columns.remove_index_id_col
[2023-12-19T16:24:46.863+0000] {task_command.py:416} INFO - Running <TaskInstance: Illinois_Insurance_Producers_Data-v01.remove_unnecessary_columns.remove_unnecessary_columns.remove_index_id_col scheduled__2023-12-01T00:00:00+00:00 [running]> on host 4ef4480639fc
[2023-12-19T16:24:46.926+0000] {taskinstance.py:1662} INFO - Exporting env vars: AIRFLOW_CTX_DAG_OWNER='dunnbc22' AIRFLOW_CTX_DAG_ID='Illinois_Insurance_Producers_Data-v01.remove_unnecessary_columns' AIRFLOW_CTX_TASK_ID='remove_unnecessary_columns.remove_index_id_col' AIRFLOW_CTX_EXECUTION_DATE='2023-12-01T00:00:00+00:00' AIRFLOW_CTX_TRY_NUMBER='1' AIRFLOW_CTX_DAG_RUN_ID='scheduled__2023-12-01T00:00:00+00:00'
[2023-12-19T16:24:46.928+0000] {sql.py:274} INFO - Executing: -- table_name, column_name
ALTER TABLE ***_complaints
DROP COLUMN index_id;
[2023-12-19T16:24:46.938+0000] {base.py:73} INFO - Using connection ID 'postgres_conn' for task execution.
[2023-12-19T16:24:46.948+0000] {base.py:73} INFO - Using connection ID 'postgres_conn' for task execution.
[2023-12-19T16:24:46.954+0000] {sql.py:418} INFO - Running statement: -- table_name, column_name
ALTER TABLE ***_complaints
DROP COLUMN index_id;, parameters: None
[2023-12-19T16:24:46.956+0000] {taskinstance.py:1937} ERROR - Task failed with exception
Traceback (most recent call last):
  File "/home/airflow/.local/lib/python3.8/site-packages/airflow/providers/common/sql/operators/sql.py", line 280, in execute
    output = hook.run(
  File "/home/airflow/.local/lib/python3.8/site-packages/airflow/providers/common/sql/hooks/sql.py", line 392, in run
    self._run_command(cur, sql_statement, parameters)
  File "/home/airflow/.local/lib/python3.8/site-packages/airflow/providers/common/sql/hooks/sql.py", line 423, in _run_command
    cur.execute(sql_statement)
psycopg2.errors.UndefinedTable: relation "***_complaints" does not exist

[2023-12-19T16:24:46.966+0000] {taskinstance.py:1400} INFO - Marking task as UP_FOR_RETRY. dag_id=Illinois_Insurance_Producers_Data-v01.remove_unnecessary_columns, task_id=remove_unnecessary_columns.remove_index_id_col, execution_date=20231201T000000, start_date=20231219T162446, end_date=20231219T162446
[2023-12-19T16:24:46.978+0000] {standard_task_runner.py:104} ERROR - Failed to execute job 6 for task remove_unnecessary_columns.remove_index_id_col (relation "***_complaints" does not exist
; 319)
[2023-12-19T16:24:47.017+0000] {local_task_job_runner.py:228} INFO - Task exited with return code 1
[2023-12-19T16:24:47.042+0000] {taskinstance.py:2778} INFO - 0 downstream tasks scheduled from follow-on schedule check
