[2023-12-09T19:43:29.223+0000] {taskinstance.py:1159} INFO - Dependencies all met for dep_context=non-requeueable deps ti=<TaskInstance: california_housing_data-v01.remove_replaced_dim_cols.remove_original_PROPERTY_TYPE_in_fact_table scheduled__2023-12-01T00:00:00+00:00 [queued]>
[2023-12-09T19:43:29.233+0000] {taskinstance.py:1159} INFO - Dependencies all met for dep_context=requeueable deps ti=<TaskInstance: california_housing_data-v01.remove_replaced_dim_cols.remove_original_PROPERTY_TYPE_in_fact_table scheduled__2023-12-01T00:00:00+00:00 [queued]>
[2023-12-09T19:43:29.234+0000] {taskinstance.py:1361} INFO - Starting attempt 1 of 6
[2023-12-09T19:43:29.251+0000] {taskinstance.py:1382} INFO - Executing <Task(PostgresOperator): remove_original_PROPERTY_TYPE_in_fact_table> on 2023-12-01 00:00:00+00:00
[2023-12-09T19:43:29.261+0000] {standard_task_runner.py:57} INFO - Started process 995 to run task
[2023-12-09T19:43:29.276+0000] {standard_task_runner.py:84} INFO - Running: ['***', 'tasks', 'run', 'california_housing_data-v01.remove_replaced_dim_cols', 'remove_original_PROPERTY_TYPE_in_fact_table', 'scheduled__2023-12-01T00:00:00+00:00', '--job-id', '56', '--raw', '--subdir', 'DAGS_FOLDER/ca_housing_data.py', '--cfg-path', '/tmp/tmp75b0gagv']
[2023-12-09T19:43:29.279+0000] {standard_task_runner.py:85} INFO - Job 56: Subtask remove_original_PROPERTY_TYPE_in_fact_table
[2023-12-09T19:43:29.341+0000] {task_command.py:416} INFO - Running <TaskInstance: california_housing_data-v01.remove_replaced_dim_cols.remove_original_PROPERTY_TYPE_in_fact_table scheduled__2023-12-01T00:00:00+00:00 [running]> on host d5ea29713edc
[2023-12-09T19:43:29.423+0000] {taskinstance.py:1662} INFO - Exporting env vars: AIRFLOW_CTX_DAG_OWNER='dunnbc22' AIRFLOW_CTX_DAG_ID='california_housing_data-v01.remove_replaced_dim_cols' AIRFLOW_CTX_TASK_ID='remove_original_PROPERTY_TYPE_in_fact_table' AIRFLOW_CTX_EXECUTION_DATE='2023-12-01T00:00:00+00:00' AIRFLOW_CTX_TRY_NUMBER='1' AIRFLOW_CTX_DAG_RUN_ID='scheduled__2023-12-01T00:00:00+00:00'
[2023-12-09T19:43:29.425+0000] {sql.py:274} INFO - Executing: -- table_name, column_name
ALTER TABLE pipeline_ca_housing
DROP COLUMN PROPERTY_TYPE;
[2023-12-09T19:43:29.435+0000] {base.py:73} INFO - Using connection ID 'postgres_conn' for task execution.
[2023-12-09T19:43:29.446+0000] {base.py:73} INFO - Using connection ID 'postgres_conn' for task execution.
[2023-12-09T19:43:29.453+0000] {sql.py:418} INFO - Running statement: -- table_name, column_name
ALTER TABLE pipeline_ca_housing
DROP COLUMN PROPERTY_TYPE;, parameters: None
[2023-12-09T19:43:29.466+0000] {taskinstance.py:1400} INFO - Marking task as SUCCESS. dag_id=california_housing_data-v01.remove_replaced_dim_cols, task_id=remove_original_PROPERTY_TYPE_in_fact_table, execution_date=20231201T000000, start_date=20231209T194329, end_date=20231209T194329
[2023-12-09T19:43:29.485+0000] {local_task_job_runner.py:228} INFO - Task exited with return code 0
[2023-12-09T19:43:29.562+0000] {taskinstance.py:2778} INFO - 0 downstream tasks scheduled from follow-on schedule check
