[2023-12-12T17:54:59.431+0000] {taskinstance.py:1159} INFO - Dependencies all met for dep_context=non-requeueable deps ti=<TaskInstance: ppp_via_foia-v01.remove_samples_with_nulls.remove_samples_with_nulls.remove_ForgivenessAmount_col scheduled__2023-12-01T00:00:00+00:00 [queued]>
[2023-12-12T17:54:59.435+0000] {taskinstance.py:1159} INFO - Dependencies all met for dep_context=requeueable deps ti=<TaskInstance: ppp_via_foia-v01.remove_samples_with_nulls.remove_samples_with_nulls.remove_ForgivenessAmount_col scheduled__2023-12-01T00:00:00+00:00 [queued]>
[2023-12-12T17:54:59.435+0000] {taskinstance.py:1361} INFO - Starting attempt 2 of 6
[2023-12-12T17:54:59.440+0000] {taskinstance.py:1382} INFO - Executing <Task(PostgresOperator): remove_samples_with_nulls.remove_ForgivenessAmount_col> on 2023-12-01 00:00:00+00:00
[2023-12-12T17:54:59.443+0000] {standard_task_runner.py:57} INFO - Started process 1395 to run task
[2023-12-12T17:54:59.445+0000] {standard_task_runner.py:84} INFO - Running: ['***', 'tasks', 'run', 'ppp_via_foia-v01.remove_samples_with_nulls', 'remove_samples_with_nulls.remove_ForgivenessAmount_col', 'scheduled__2023-12-01T00:00:00+00:00', '--job-id', '44', '--raw', '--subdir', 'DAGS_FOLDER/ppp_via_foia.py', '--cfg-path', '/tmp/tmp4tkp10eu']
[2023-12-12T17:54:59.446+0000] {standard_task_runner.py:85} INFO - Job 44: Subtask remove_samples_with_nulls.remove_ForgivenessAmount_col
[2023-12-12T17:54:59.476+0000] {task_command.py:416} INFO - Running <TaskInstance: ppp_via_foia-v01.remove_samples_with_nulls.remove_samples_with_nulls.remove_ForgivenessAmount_col scheduled__2023-12-01T00:00:00+00:00 [running]> on host edee10095410
[2023-12-12T17:54:59.514+0000] {taskinstance.py:1662} INFO - Exporting env vars: AIRFLOW_CTX_DAG_OWNER='dunnbc22' AIRFLOW_CTX_DAG_ID='ppp_via_foia-v01.remove_samples_with_nulls' AIRFLOW_CTX_TASK_ID='remove_samples_with_nulls.remove_ForgivenessAmount_col' AIRFLOW_CTX_EXECUTION_DATE='2023-12-01T00:00:00+00:00' AIRFLOW_CTX_TRY_NUMBER='2' AIRFLOW_CTX_DAG_RUN_ID='scheduled__2023-12-01T00:00:00+00:00'
[2023-12-12T17:54:59.514+0000] {sql.py:274} INFO - Executing: -- params: table_name, column_name
DELETE FROM ppp_via_foia_pipe
WHERE ForgivenessAmount is NULL;
[2023-12-12T17:54:59.520+0000] {base.py:73} INFO - Using connection ID 'postgres_conn' for task execution.
[2023-12-12T17:54:59.526+0000] {base.py:73} INFO - Using connection ID 'postgres_conn' for task execution.
[2023-12-12T17:54:59.531+0000] {sql.py:418} INFO - Running statement: -- params: table_name, column_name
DELETE FROM ppp_via_foia_pipe
WHERE ForgivenessAmount is NULL;, parameters: None
[2023-12-12T17:54:59.813+0000] {sql.py:427} INFO - Rows affected: 0
[2023-12-12T17:54:59.836+0000] {taskinstance.py:1400} INFO - Marking task as SUCCESS. dag_id=ppp_via_foia-v01.remove_samples_with_nulls, task_id=remove_samples_with_nulls.remove_ForgivenessAmount_col, execution_date=20231201T000000, start_date=20231212T175459, end_date=20231212T175459
[2023-12-12T17:54:59.864+0000] {local_task_job_runner.py:228} INFO - Task exited with return code 0
[2023-12-12T17:54:59.901+0000] {taskinstance.py:2778} INFO - 0 downstream tasks scheduled from follow-on schedule check
