[2023-12-19T04:54:03.880+0000] {taskinstance.py:1159} INFO - Dependencies all met for dep_context=non-requeueable deps ti=<TaskInstance: bank_and_cc_complaints-v01.create_copy_of_postgres_table scheduled__2023-12-01T00:00:00+00:00 [queued]>
[2023-12-19T04:54:03.885+0000] {taskinstance.py:1159} INFO - Dependencies all met for dep_context=requeueable deps ti=<TaskInstance: bank_and_cc_complaints-v01.create_copy_of_postgres_table scheduled__2023-12-01T00:00:00+00:00 [queued]>
[2023-12-19T04:54:03.886+0000] {taskinstance.py:1361} INFO - Starting attempt 1 of 6
[2023-12-19T04:54:03.893+0000] {taskinstance.py:1382} INFO - Executing <Task(PostgresOperator): create_copy_of_postgres_table> on 2023-12-01 00:00:00+00:00
[2023-12-19T04:54:03.899+0000] {standard_task_runner.py:57} INFO - Started process 461 to run task
[2023-12-19T04:54:03.901+0000] {standard_task_runner.py:84} INFO - Running: ['***', 'tasks', 'run', 'bank_and_cc_complaints-v01', 'create_copy_of_postgres_table', 'scheduled__2023-12-01T00:00:00+00:00', '--job-id', '3', '--raw', '--subdir', 'DAGS_FOLDER/bank_and_cc_complaints.py', '--cfg-path', '/tmp/tmpefrbj0z6']
[2023-12-19T04:54:03.903+0000] {standard_task_runner.py:85} INFO - Job 3: Subtask create_copy_of_postgres_table
[2023-12-19T04:54:03.954+0000] {task_command.py:416} INFO - Running <TaskInstance: bank_and_cc_complaints-v01.create_copy_of_postgres_table scheduled__2023-12-01T00:00:00+00:00 [running]> on host 2ee4b7dc3cc7
[2023-12-19T04:54:04.039+0000] {taskinstance.py:1662} INFO - Exporting env vars: AIRFLOW_CTX_DAG_OWNER='dunnbc22' AIRFLOW_CTX_DAG_ID='bank_and_cc_complaints-v01' AIRFLOW_CTX_TASK_ID='create_copy_of_postgres_table' AIRFLOW_CTX_EXECUTION_DATE='2023-12-01T00:00:00+00:00' AIRFLOW_CTX_TRY_NUMBER='1' AIRFLOW_CTX_DAG_RUN_ID='scheduled__2023-12-01T00:00:00+00:00'
[2023-12-19T04:54:04.040+0000] {sql.py:274} INFO - Executing: -- params: new_table_name, orig_table_name

-- Drop the copy of the table, if it already exists
DROP TABLE IF EXISTS ***_complaints;

-- Create copy of table
CREATE TABLE ***_complaints AS
SELECT * 
FROM complaints;

-- Grant additional permissions on the table
GRANT SELECT, INSERT, UPDATE, DELETE ON ***_complaints TO ***;
[2023-12-19T04:54:04.048+0000] {base.py:73} INFO - Using connection ID 'postgres_conn' for task execution.
[2023-12-19T04:54:04.059+0000] {base.py:73} INFO - Using connection ID 'postgres_conn' for task execution.
[2023-12-19T04:54:04.076+0000] {sql.py:418} INFO - Running statement: -- params: new_table_name, orig_table_name

-- Drop the copy of the table, if it already exists
DROP TABLE IF EXISTS ***_complaints;

-- Create copy of table
CREATE TABLE ***_complaints AS
SELECT * 
FROM complaints;

-- Grant additional permissions on the table
GRANT SELECT, INSERT, UPDATE, DELETE ON ***_complaints TO ***;, parameters: None
[2023-12-19T04:54:05.166+0000] {taskinstance.py:1400} INFO - Marking task as SUCCESS. dag_id=bank_and_cc_complaints-v01, task_id=create_copy_of_postgres_table, execution_date=20231201T000000, start_date=20231219T045403, end_date=20231219T045405
[2023-12-19T04:54:05.208+0000] {local_task_job_runner.py:228} INFO - Task exited with return code 0
[2023-12-19T04:54:05.252+0000] {taskinstance.py:2778} INFO - 1 downstream tasks scheduled from follow-on schedule check
