[2023-12-11T20:43:03.528+0000] {taskinstance.py:1159} INFO - Dependencies all met for dep_context=non-requeueable deps ti=<TaskInstance: Insurance_Prod_Purchase_Pred-v01.create_copy_of_postgres_table scheduled__2023-12-01T00:00:00+00:00 [queued]>
[2023-12-11T20:43:03.531+0000] {taskinstance.py:1159} INFO - Dependencies all met for dep_context=requeueable deps ti=<TaskInstance: Insurance_Prod_Purchase_Pred-v01.create_copy_of_postgres_table scheduled__2023-12-01T00:00:00+00:00 [queued]>
[2023-12-11T20:43:03.531+0000] {taskinstance.py:1361} INFO - Starting attempt 1 of 6
[2023-12-11T20:43:03.537+0000] {taskinstance.py:1382} INFO - Executing <Task(PostgresOperator): create_copy_of_postgres_table> on 2023-12-01 00:00:00+00:00
[2023-12-11T20:43:03.540+0000] {standard_task_runner.py:57} INFO - Started process 553 to run task
[2023-12-11T20:43:03.542+0000] {standard_task_runner.py:84} INFO - Running: ['***', 'tasks', 'run', 'Insurance_Prod_Purchase_Pred-v01', 'create_copy_of_postgres_table', 'scheduled__2023-12-01T00:00:00+00:00', '--job-id', '3', '--raw', '--subdir', 'DAGS_FOLDER/Insurance_Product_Purchase_Pred.py', '--cfg-path', '/tmp/tmpsfpulfjx']
[2023-12-11T20:43:03.544+0000] {standard_task_runner.py:85} INFO - Job 3: Subtask create_copy_of_postgres_table
[2023-12-11T20:43:03.579+0000] {task_command.py:416} INFO - Running <TaskInstance: Insurance_Prod_Purchase_Pred-v01.create_copy_of_postgres_table scheduled__2023-12-01T00:00:00+00:00 [running]> on host 290fb0bf7dfd
[2023-12-11T20:43:03.625+0000] {taskinstance.py:1662} INFO - Exporting env vars: AIRFLOW_CTX_DAG_OWNER='dunnbc22' AIRFLOW_CTX_DAG_ID='Insurance_Prod_Purchase_Pred-v01' AIRFLOW_CTX_TASK_ID='create_copy_of_postgres_table' AIRFLOW_CTX_EXECUTION_DATE='2023-12-01T00:00:00+00:00' AIRFLOW_CTX_TRY_NUMBER='1' AIRFLOW_CTX_DAG_RUN_ID='scheduled__2023-12-01T00:00:00+00:00'
[2023-12-11T20:43:03.626+0000] {sql.py:274} INFO - Executing: -- params: new_table_name, orig_table_name

-- Drop the copy of the table, if it already exists
DROP TABLE IF EXISTS insurance_prod_pur_pred;

-- Create copy of table
CREATE TABLE insurance_prod_pur_pred AS
SELECT * 
FROM insur_prod_pur_pred;

-- Grant additional permissions on the table
GRANT SELECT, INSERT, UPDATE, DELETE ON insurance_prod_pur_pred TO ***;
[2023-12-11T20:43:03.632+0000] {base.py:73} INFO - Using connection ID 'postgres_conn' for task execution.
[2023-12-11T20:43:03.637+0000] {base.py:73} INFO - Using connection ID 'postgres_conn' for task execution.
[2023-12-11T20:43:03.651+0000] {sql.py:418} INFO - Running statement: -- params: new_table_name, orig_table_name

-- Drop the copy of the table, if it already exists
DROP TABLE IF EXISTS insurance_prod_pur_pred;

-- Create copy of table
CREATE TABLE insurance_prod_pur_pred AS
SELECT * 
FROM insur_prod_pur_pred;

-- Grant additional permissions on the table
GRANT SELECT, INSERT, UPDATE, DELETE ON insurance_prod_pur_pred TO ***;, parameters: None
[2023-12-11T20:43:05.371+0000] {taskinstance.py:1400} INFO - Marking task as SUCCESS. dag_id=Insurance_Prod_Purchase_Pred-v01, task_id=create_copy_of_postgres_table, execution_date=20231201T000000, start_date=20231211T204303, end_date=20231211T204305
[2023-12-11T20:43:05.423+0000] {local_task_job_runner.py:228} INFO - Task exited with return code 0
[2023-12-11T20:43:05.460+0000] {taskinstance.py:2778} INFO - 1 downstream tasks scheduled from follow-on schedule check
[2023-12-11T20:57:23.780+0000] {taskinstance.py:1159} INFO - Dependencies all met for dep_context=non-requeueable deps ti=<TaskInstance: Insurance_Prod_Purchase_Pred-v01.create_copy_of_postgres_table scheduled__2023-12-01T00:00:00+00:00 [queued]>
[2023-12-11T20:57:23.784+0000] {taskinstance.py:1159} INFO - Dependencies all met for dep_context=requeueable deps ti=<TaskInstance: Insurance_Prod_Purchase_Pred-v01.create_copy_of_postgres_table scheduled__2023-12-01T00:00:00+00:00 [queued]>
[2023-12-11T20:57:23.784+0000] {taskinstance.py:1361} INFO - Starting attempt 1 of 6
[2023-12-11T20:57:23.790+0000] {taskinstance.py:1382} INFO - Executing <Task(PostgresOperator): create_copy_of_postgres_table> on 2023-12-01 00:00:00+00:00
[2023-12-11T20:57:23.793+0000] {standard_task_runner.py:57} INFO - Started process 1714 to run task
[2023-12-11T20:57:23.797+0000] {standard_task_runner.py:84} INFO - Running: ['***', 'tasks', 'run', 'Insurance_Prod_Purchase_Pred-v01', 'create_copy_of_postgres_table', 'scheduled__2023-12-01T00:00:00+00:00', '--job-id', '23', '--raw', '--subdir', 'DAGS_FOLDER/Insurance_Product_Purchase_Pred.py', '--cfg-path', '/tmp/tmpzvvtxgyc']
[2023-12-11T20:57:23.799+0000] {standard_task_runner.py:85} INFO - Job 23: Subtask create_copy_of_postgres_table
[2023-12-11T20:57:23.837+0000] {task_command.py:416} INFO - Running <TaskInstance: Insurance_Prod_Purchase_Pred-v01.create_copy_of_postgres_table scheduled__2023-12-01T00:00:00+00:00 [running]> on host 290fb0bf7dfd
[2023-12-11T20:57:23.884+0000] {taskinstance.py:1662} INFO - Exporting env vars: AIRFLOW_CTX_DAG_OWNER='dunnbc22' AIRFLOW_CTX_DAG_ID='Insurance_Prod_Purchase_Pred-v01' AIRFLOW_CTX_TASK_ID='create_copy_of_postgres_table' AIRFLOW_CTX_EXECUTION_DATE='2023-12-01T00:00:00+00:00' AIRFLOW_CTX_TRY_NUMBER='1' AIRFLOW_CTX_DAG_RUN_ID='scheduled__2023-12-01T00:00:00+00:00'
[2023-12-11T20:57:23.885+0000] {sql.py:274} INFO - Executing: -- params: new_table_name, orig_table_name

-- Drop the copy of the table, if it already exists
DROP TABLE IF EXISTS insurance_prod_pur_pred;

-- Create copy of table
CREATE TABLE insurance_prod_pur_pred AS
SELECT * 
FROM insur_prod_pur_pred;

-- Grant additional permissions on the table
GRANT SELECT, INSERT, UPDATE, DELETE ON insurance_prod_pur_pred TO ***;
[2023-12-11T20:57:23.892+0000] {base.py:73} INFO - Using connection ID 'postgres_conn' for task execution.
[2023-12-11T20:57:23.897+0000] {base.py:73} INFO - Using connection ID 'postgres_conn' for task execution.
[2023-12-11T20:57:23.905+0000] {sql.py:418} INFO - Running statement: -- params: new_table_name, orig_table_name

-- Drop the copy of the table, if it already exists
DROP TABLE IF EXISTS insurance_prod_pur_pred;

-- Create copy of table
CREATE TABLE insurance_prod_pur_pred AS
SELECT * 
FROM insur_prod_pur_pred;

-- Grant additional permissions on the table
GRANT SELECT, INSERT, UPDATE, DELETE ON insurance_prod_pur_pred TO ***;, parameters: None
[2023-12-11T20:57:25.228+0000] {taskinstance.py:1400} INFO - Marking task as SUCCESS. dag_id=Insurance_Prod_Purchase_Pred-v01, task_id=create_copy_of_postgres_table, execution_date=20231201T000000, start_date=20231211T205723, end_date=20231211T205725
[2023-12-11T20:57:25.264+0000] {local_task_job_runner.py:228} INFO - Task exited with return code 0
[2023-12-11T20:57:25.295+0000] {taskinstance.py:2778} INFO - 1 downstream tasks scheduled from follow-on schedule check
