[2023-12-20T02:58:52.171+0000] {taskinstance.py:1159} INFO - Dependencies all met for dep_context=non-requeueable deps ti=<TaskInstance: Gourmet_Food_Procurement_Data-v01.create_dim_tables.create_dim_Agency_table scheduled__2023-12-01T00:00:00+00:00 [queued]>
[2023-12-20T02:58:52.181+0000] {taskinstance.py:1159} INFO - Dependencies all met for dep_context=requeueable deps ti=<TaskInstance: Gourmet_Food_Procurement_Data-v01.create_dim_tables.create_dim_Agency_table scheduled__2023-12-01T00:00:00+00:00 [queued]>
[2023-12-20T02:58:52.182+0000] {taskinstance.py:1361} INFO - Starting attempt 1 of 6
[2023-12-20T02:58:52.193+0000] {taskinstance.py:1382} INFO - Executing <Task(PostgresOperator): create_dim_Agency_table> on 2023-12-01 00:00:00+00:00
[2023-12-20T02:58:52.197+0000] {standard_task_runner.py:57} INFO - Started process 2175 to run task
[2023-12-20T02:58:52.201+0000] {standard_task_runner.py:84} INFO - Running: ['***', 'tasks', 'run', 'Gourmet_Food_Procurement_Data-v01.create_dim_tables', 'create_dim_Agency_table', 'scheduled__2023-12-01T00:00:00+00:00', '--job-id', '41', '--raw', '--subdir', 'DAGS_FOLDER/Gourmet_Food_Procurement_Data.py', '--cfg-path', '/tmp/tmpnsaq0k90']
[2023-12-20T02:58:52.203+0000] {standard_task_runner.py:85} INFO - Job 41: Subtask create_dim_Agency_table
[2023-12-20T02:58:52.254+0000] {task_command.py:416} INFO - Running <TaskInstance: Gourmet_Food_Procurement_Data-v01.create_dim_tables.create_dim_Agency_table scheduled__2023-12-01T00:00:00+00:00 [running]> on host 069170cec93a
[2023-12-20T02:58:52.327+0000] {taskinstance.py:1662} INFO - Exporting env vars: AIRFLOW_CTX_DAG_OWNER='dunnbc22' AIRFLOW_CTX_DAG_ID='Gourmet_Food_Procurement_Data-v01.create_dim_tables' AIRFLOW_CTX_TASK_ID='create_dim_Agency_table' AIRFLOW_CTX_EXECUTION_DATE='2023-12-01T00:00:00+00:00' AIRFLOW_CTX_TRY_NUMBER='1' AIRFLOW_CTX_DAG_RUN_ID='scheduled__2023-12-01T00:00:00+00:00'
[2023-12-20T02:58:52.329+0000] {sql.py:274} INFO - Executing: -- params: table_name, dimension_col, data_type

-- Step 1: Extract Unique Values
CREATE TEMPORARY TABLE unique_values_Agency AS
SELECT DISTINCT Agency FROM gourmet_food_procurement_data_pipeline;

-- Step 2: Create Dimension Table
DROP TABLE IF EXISTS dimension_table_Agency;
CREATE TABLE dimension_table_Agency (
    id SERIAL PRIMARY KEY,
    Agency VARCHAR
);

-- Step 3: Insert unique values into dimension table
INSERT INTO dimension_table_Agency (Agency)
SELECT * FROM unique_values_Agency;
[2023-12-20T02:58:52.336+0000] {base.py:73} INFO - Using connection ID 'postgres_conn' for task execution.
[2023-12-20T02:58:52.342+0000] {base.py:73} INFO - Using connection ID 'postgres_conn' for task execution.
[2023-12-20T02:58:52.352+0000] {sql.py:418} INFO - Running statement: -- params: table_name, dimension_col, data_type

-- Step 1: Extract Unique Values
CREATE TEMPORARY TABLE unique_values_Agency AS
SELECT DISTINCT Agency FROM gourmet_food_procurement_data_pipeline;

-- Step 2: Create Dimension Table
DROP TABLE IF EXISTS dimension_table_Agency;
CREATE TABLE dimension_table_Agency (
    id SERIAL PRIMARY KEY,
    Agency VARCHAR
);

-- Step 3: Insert unique values into dimension table
INSERT INTO dimension_table_Agency (Agency)
SELECT * FROM unique_values_Agency;, parameters: None
[2023-12-20T02:58:52.361+0000] {sql.py:427} INFO - Rows affected: 7
[2023-12-20T02:58:52.373+0000] {taskinstance.py:1400} INFO - Marking task as SUCCESS. dag_id=Gourmet_Food_Procurement_Data-v01.create_dim_tables, task_id=create_dim_Agency_table, execution_date=20231201T000000, start_date=20231220T025852, end_date=20231220T025852
[2023-12-20T02:58:52.417+0000] {local_task_job_runner.py:228} INFO - Task exited with return code 0
[2023-12-20T02:58:52.462+0000] {taskinstance.py:2778} INFO - 0 downstream tasks scheduled from follow-on schedule check
[2023-12-20T18:05:56.376+0000] {taskinstance.py:1159} INFO - Dependencies all met for dep_context=non-requeueable deps ti=<TaskInstance: Gourmet_Food_Procurement_Data-v01.create_dim_tables.create_dim_Agency_table scheduled__2023-12-01T00:00:00+00:00 [queued]>
[2023-12-20T18:05:56.383+0000] {taskinstance.py:1159} INFO - Dependencies all met for dep_context=requeueable deps ti=<TaskInstance: Gourmet_Food_Procurement_Data-v01.create_dim_tables.create_dim_Agency_table scheduled__2023-12-01T00:00:00+00:00 [queued]>
[2023-12-20T18:05:56.384+0000] {taskinstance.py:1361} INFO - Starting attempt 1 of 6
[2023-12-20T18:05:56.393+0000] {taskinstance.py:1382} INFO - Executing <Task(PostgresOperator): create_dim_Agency_table> on 2023-12-01 00:00:00+00:00
[2023-12-20T18:05:56.401+0000] {standard_task_runner.py:57} INFO - Started process 1791 to run task
[2023-12-20T18:05:56.404+0000] {standard_task_runner.py:84} INFO - Running: ['***', 'tasks', 'run', 'Gourmet_Food_Procurement_Data-v01.create_dim_tables', 'create_dim_Agency_table', 'scheduled__2023-12-01T00:00:00+00:00', '--job-id', '31', '--raw', '--subdir', 'DAGS_FOLDER/Gourmet_Food_Procurement_Data.py', '--cfg-path', '/tmp/tmp1n0nncqa']
[2023-12-20T18:05:56.407+0000] {standard_task_runner.py:85} INFO - Job 31: Subtask create_dim_Agency_table
[2023-12-20T18:05:56.515+0000] {task_command.py:416} INFO - Running <TaskInstance: Gourmet_Food_Procurement_Data-v01.create_dim_tables.create_dim_Agency_table scheduled__2023-12-01T00:00:00+00:00 [running]> on host 064e84e7d61d
[2023-12-20T18:05:56.609+0000] {taskinstance.py:1662} INFO - Exporting env vars: AIRFLOW_CTX_DAG_OWNER='dunnbc22' AIRFLOW_CTX_DAG_ID='Gourmet_Food_Procurement_Data-v01.create_dim_tables' AIRFLOW_CTX_TASK_ID='create_dim_Agency_table' AIRFLOW_CTX_EXECUTION_DATE='2023-12-01T00:00:00+00:00' AIRFLOW_CTX_TRY_NUMBER='1' AIRFLOW_CTX_DAG_RUN_ID='scheduled__2023-12-01T00:00:00+00:00'
[2023-12-20T18:05:56.611+0000] {sql.py:274} INFO - Executing: -- params: table_name, dimension_col, data_type

-- Step 1: Extract Unique Values
CREATE TEMPORARY TABLE unique_values_Agency AS
SELECT DISTINCT Agency FROM gourmet_food_procurement_data_pipeline;

-- Step 2: Create Dimension Table
DROP TABLE IF EXISTS dimension_table_Agency;
CREATE TABLE dimension_table_Agency (
    id SERIAL PRIMARY KEY,
    Agency VARCHAR
);

-- Step 3: Insert unique values into dimension table
INSERT INTO dimension_table_Agency (Agency)
SELECT * FROM unique_values_Agency;
[2023-12-20T18:05:56.622+0000] {base.py:73} INFO - Using connection ID 'postgres_conn' for task execution.
[2023-12-20T18:05:56.628+0000] {base.py:73} INFO - Using connection ID 'postgres_conn' for task execution.
[2023-12-20T18:05:56.638+0000] {sql.py:418} INFO - Running statement: -- params: table_name, dimension_col, data_type

-- Step 1: Extract Unique Values
CREATE TEMPORARY TABLE unique_values_Agency AS
SELECT DISTINCT Agency FROM gourmet_food_procurement_data_pipeline;

-- Step 2: Create Dimension Table
DROP TABLE IF EXISTS dimension_table_Agency;
CREATE TABLE dimension_table_Agency (
    id SERIAL PRIMARY KEY,
    Agency VARCHAR
);

-- Step 3: Insert unique values into dimension table
INSERT INTO dimension_table_Agency (Agency)
SELECT * FROM unique_values_Agency;, parameters: None
[2023-12-20T18:05:56.658+0000] {sql.py:427} INFO - Rows affected: 7
[2023-12-20T18:05:56.681+0000] {taskinstance.py:1400} INFO - Marking task as SUCCESS. dag_id=Gourmet_Food_Procurement_Data-v01.create_dim_tables, task_id=create_dim_Agency_table, execution_date=20231201T000000, start_date=20231220T180556, end_date=20231220T180556
[2023-12-20T18:05:56.701+0000] {local_task_job_runner.py:228} INFO - Task exited with return code 0
[2023-12-20T18:05:56.723+0000] {taskinstance.py:2778} INFO - 0 downstream tasks scheduled from follow-on schedule check
