[2023-12-19T04:21:03.330+0000] {taskinstance.py:1159} INFO - Dependencies all met for dep_context=non-requeueable deps ti=<TaskInstance: analytics_olympiad-v01.insert_fk_into_fact_table.insert_fk_col_in_fact_table_AGE scheduled__2023-12-01T00:00:00+00:00 [queued]>
[2023-12-19T04:21:03.339+0000] {taskinstance.py:1159} INFO - Dependencies all met for dep_context=requeueable deps ti=<TaskInstance: analytics_olympiad-v01.insert_fk_into_fact_table.insert_fk_col_in_fact_table_AGE scheduled__2023-12-01T00:00:00+00:00 [queued]>
[2023-12-19T04:21:03.340+0000] {taskinstance.py:1361} INFO - Starting attempt 1 of 6
[2023-12-19T04:21:03.352+0000] {taskinstance.py:1382} INFO - Executing <Task(PostgresOperator): insert_fk_col_in_fact_table_AGE> on 2023-12-01 00:00:00+00:00
[2023-12-19T04:21:03.358+0000] {standard_task_runner.py:57} INFO - Started process 2095 to run task
[2023-12-19T04:21:03.364+0000] {standard_task_runner.py:84} INFO - Running: ['***', 'tasks', 'run', 'analytics_olympiad-v01.insert_fk_into_fact_table', 'insert_fk_col_in_fact_table_AGE', 'scheduled__2023-12-01T00:00:00+00:00', '--job-id', '38', '--raw', '--subdir', 'DAGS_FOLDER/Analytics Olympiad 2022.py', '--cfg-path', '/tmp/tmp92esvqqo']
[2023-12-19T04:21:03.366+0000] {standard_task_runner.py:85} INFO - Job 38: Subtask insert_fk_col_in_fact_table_AGE
[2023-12-19T04:21:03.417+0000] {task_command.py:416} INFO - Running <TaskInstance: analytics_olympiad-v01.insert_fk_into_fact_table.insert_fk_col_in_fact_table_AGE scheduled__2023-12-01T00:00:00+00:00 [running]> on host 7b1718a25f0c
[2023-12-19T04:21:03.489+0000] {taskinstance.py:1662} INFO - Exporting env vars: AIRFLOW_CTX_DAG_OWNER='dunnbc22' AIRFLOW_CTX_DAG_ID='analytics_olympiad-v01.insert_fk_into_fact_table' AIRFLOW_CTX_TASK_ID='insert_fk_col_in_fact_table_AGE' AIRFLOW_CTX_EXECUTION_DATE='2023-12-01T00:00:00+00:00' AIRFLOW_CTX_TRY_NUMBER='1' AIRFLOW_CTX_DAG_RUN_ID='scheduled__2023-12-01T00:00:00+00:00'
[2023-12-19T04:21:03.490+0000] {sql.py:274} INFO - Executing: -- params: table_name, dimension_col

/*
Steps 1-3 were completed in the create_dim_table.sql 
file & associated PostgresOperator
*/


-- Step 4: Add foreign key column to fact table
ALTER TABLE analytics_olympiad_pipeline
ADD COLUMN AGE_id INTEGER;

-- Step 4: Update foreign key column to fact table with 
-- appropriate id (that matches with dim table)
UPDATE analytics_olympiad_pipeline
SET AGE_id = dimension_table_AGE.id
FROM dimension_table_AGE
WHERE COALESCE(analytics_olympiad_pipeline.AGE::text, '') = COALESCE(dimension_table_AGE.AGE::text, '');
[2023-12-19T04:21:03.503+0000] {base.py:73} INFO - Using connection ID 'postgres_conn' for task execution.
[2023-12-19T04:21:03.513+0000] {base.py:73} INFO - Using connection ID 'postgres_conn' for task execution.
[2023-12-19T04:21:03.519+0000] {sql.py:418} INFO - Running statement: -- params: table_name, dimension_col

/*
Steps 1-3 were completed in the create_dim_table.sql 
file & associated PostgresOperator
*/


-- Step 4: Add foreign key column to fact table
ALTER TABLE analytics_olympiad_pipeline
ADD COLUMN AGE_id INTEGER;

-- Step 4: Update foreign key column to fact table with 
-- appropriate id (that matches with dim table)
UPDATE analytics_olympiad_pipeline
SET AGE_id = dimension_table_AGE.id
FROM dimension_table_AGE
WHERE COALESCE(analytics_olympiad_pipeline.AGE::text, '') = COALESCE(dimension_table_AGE.AGE::text, '');, parameters: None
[2023-12-19T04:21:06.074+0000] {sql.py:427} INFO - Rows affected: 99832
[2023-12-19T04:21:06.099+0000] {taskinstance.py:1400} INFO - Marking task as SUCCESS. dag_id=analytics_olympiad-v01.insert_fk_into_fact_table, task_id=insert_fk_col_in_fact_table_AGE, execution_date=20231201T000000, start_date=20231219T042103, end_date=20231219T042106
[2023-12-19T04:21:06.145+0000] {local_task_job_runner.py:228} INFO - Task exited with return code 0
[2023-12-19T04:21:06.166+0000] {taskinstance.py:2778} INFO - 0 downstream tasks scheduled from follow-on schedule check
