[2023-12-12T00:15:15.469+0000] {taskinstance.py:1159} INFO - Dependencies all met for dep_context=non-requeueable deps ti=<TaskInstance: Online_Shopping_Dataset-v01.insert_fk_into_fact_table.insert_fk_col_in_fact_table_Coupon_Code scheduled__2023-12-01T00:00:00+00:00 [queued]>
[2023-12-12T00:15:15.482+0000] {taskinstance.py:1159} INFO - Dependencies all met for dep_context=requeueable deps ti=<TaskInstance: Online_Shopping_Dataset-v01.insert_fk_into_fact_table.insert_fk_col_in_fact_table_Coupon_Code scheduled__2023-12-01T00:00:00+00:00 [queued]>
[2023-12-12T00:15:15.483+0000] {taskinstance.py:1361} INFO - Starting attempt 1 of 6
[2023-12-12T00:15:15.494+0000] {taskinstance.py:1382} INFO - Executing <Task(PostgresOperator): insert_fk_col_in_fact_table_Coupon_Code> on 2023-12-01 00:00:00+00:00
[2023-12-12T00:15:15.498+0000] {standard_task_runner.py:57} INFO - Started process 932 to run task
[2023-12-12T00:15:15.507+0000] {standard_task_runner.py:84} INFO - Running: ['***', 'tasks', 'run', 'Online_Shopping_Dataset-v01.insert_fk_into_fact_table', 'insert_fk_col_in_fact_table_Coupon_Code', 'scheduled__2023-12-01T00:00:00+00:00', '--job-id', '43', '--raw', '--subdir', 'DAGS_FOLDER/Online_Shopping_Dataset.py', '--cfg-path', '/tmp/tmpsfaeox1k']
[2023-12-12T00:15:15.510+0000] {standard_task_runner.py:85} INFO - Job 43: Subtask insert_fk_col_in_fact_table_Coupon_Code
[2023-12-12T00:15:15.627+0000] {task_command.py:416} INFO - Running <TaskInstance: Online_Shopping_Dataset-v01.insert_fk_into_fact_table.insert_fk_col_in_fact_table_Coupon_Code scheduled__2023-12-01T00:00:00+00:00 [running]> on host 79f7e52c702e
[2023-12-12T00:15:15.727+0000] {taskinstance.py:1662} INFO - Exporting env vars: AIRFLOW_CTX_DAG_OWNER='dunnbc22' AIRFLOW_CTX_DAG_ID='Online_Shopping_Dataset-v01.insert_fk_into_fact_table' AIRFLOW_CTX_TASK_ID='insert_fk_col_in_fact_table_Coupon_Code' AIRFLOW_CTX_EXECUTION_DATE='2023-12-01T00:00:00+00:00' AIRFLOW_CTX_TRY_NUMBER='1' AIRFLOW_CTX_DAG_RUN_ID='scheduled__2023-12-01T00:00:00+00:00'
[2023-12-12T00:15:15.729+0000] {sql.py:274} INFO - Executing: -- params: table_name, dimension_col

/*
Steps 1-3 were completed in the create_dim_table.sql 
file & associated PostgresOperator
*/


-- Step 4: Add foreign key column to fact table
ALTER TABLE online_shopping_dataset_pipe
ADD COLUMN Coupon_Code_id INTEGER;

-- Step 4: Update foreign key column to fact table with 
-- appropriate id (that matches with dim table)
UPDATE online_shopping_dataset_pipe
SET Coupon_Code_id = dimension_table_Coupon_Code.id
FROM dimension_table_Coupon_Code
WHERE COALESCE(online_shopping_dataset_pipe.Coupon_Code::text, '') = COALESCE(dimension_table_Coupon_Code.Coupon_Code::text, '');
[2023-12-12T00:15:15.747+0000] {base.py:73} INFO - Using connection ID 'postgres_conn' for task execution.
[2023-12-12T00:15:15.761+0000] {base.py:73} INFO - Using connection ID 'postgres_conn' for task execution.
[2023-12-12T00:15:15.768+0000] {sql.py:418} INFO - Running statement: -- params: table_name, dimension_col

/*
Steps 1-3 were completed in the create_dim_table.sql 
file & associated PostgresOperator
*/


-- Step 4: Add foreign key column to fact table
ALTER TABLE online_shopping_dataset_pipe
ADD COLUMN Coupon_Code_id INTEGER;

-- Step 4: Update foreign key column to fact table with 
-- appropriate id (that matches with dim table)
UPDATE online_shopping_dataset_pipe
SET Coupon_Code_id = dimension_table_Coupon_Code.id
FROM dimension_table_Coupon_Code
WHERE COALESCE(online_shopping_dataset_pipe.Coupon_Code::text, '') = COALESCE(dimension_table_Coupon_Code.Coupon_Code::text, '');, parameters: None
[2023-12-12T00:15:16.666+0000] {sql.py:427} INFO - Rows affected: 37457
[2023-12-12T00:15:16.678+0000] {taskinstance.py:1400} INFO - Marking task as SUCCESS. dag_id=Online_Shopping_Dataset-v01.insert_fk_into_fact_table, task_id=insert_fk_col_in_fact_table_Coupon_Code, execution_date=20231201T000000, start_date=20231212T001515, end_date=20231212T001516
[2023-12-12T00:15:16.716+0000] {local_task_job_runner.py:228} INFO - Task exited with return code 0
[2023-12-12T00:15:16.742+0000] {taskinstance.py:2778} INFO - 0 downstream tasks scheduled from follow-on schedule check
