[2023-12-08T17:13:34.248+0000] {taskinstance.py:1159} INFO - Dependencies all met for dep_context=non-requeueable deps ti=<TaskInstance: Allegheny_Co_Property_Sale_Transactions-v01.create_copy_of_postgres_table scheduled__2023-12-01T00:00:00+00:00 [queued]>
[2023-12-08T17:13:34.251+0000] {taskinstance.py:1159} INFO - Dependencies all met for dep_context=requeueable deps ti=<TaskInstance: Allegheny_Co_Property_Sale_Transactions-v01.create_copy_of_postgres_table scheduled__2023-12-01T00:00:00+00:00 [queued]>
[2023-12-08T17:13:34.251+0000] {taskinstance.py:1361} INFO - Starting attempt 1 of 6
[2023-12-08T17:13:34.257+0000] {taskinstance.py:1382} INFO - Executing <Task(PostgresOperator): create_copy_of_postgres_table> on 2023-12-01 00:00:00+00:00
[2023-12-08T17:13:34.259+0000] {standard_task_runner.py:57} INFO - Started process 2750 to run task
[2023-12-08T17:13:34.260+0000] {standard_task_runner.py:84} INFO - Running: ['***', 'tasks', 'run', 'Allegheny_Co_Property_Sale_Transactions-v01', 'create_copy_of_postgres_table', 'scheduled__2023-12-01T00:00:00+00:00', '--job-id', '3', '--raw', '--subdir', 'DAGS_FOLDER/Allegheny Co Property Sale Transactions.py', '--cfg-path', '/tmp/tmpze14ovbw']
[2023-12-08T17:13:34.262+0000] {standard_task_runner.py:85} INFO - Job 3: Subtask create_copy_of_postgres_table
[2023-12-08T17:13:34.288+0000] {task_command.py:416} INFO - Running <TaskInstance: Allegheny_Co_Property_Sale_Transactions-v01.create_copy_of_postgres_table scheduled__2023-12-01T00:00:00+00:00 [running]> on host 1fc866509645
[2023-12-08T17:13:34.327+0000] {taskinstance.py:1662} INFO - Exporting env vars: AIRFLOW_CTX_DAG_OWNER='dunnbc22' AIRFLOW_CTX_DAG_ID='Allegheny_Co_Property_Sale_Transactions-v01' AIRFLOW_CTX_TASK_ID='create_copy_of_postgres_table' AIRFLOW_CTX_EXECUTION_DATE='2023-12-01T00:00:00+00:00' AIRFLOW_CTX_TRY_NUMBER='1' AIRFLOW_CTX_DAG_RUN_ID='scheduled__2023-12-01T00:00:00+00:00'
[2023-12-08T17:13:34.328+0000] {sql.py:274} INFO - Executing: -- params: new_table_name, orig_table_name

-- Drop the copy of the table, if it already exists
DROP TABLE IF EXISTS allegheny_co_property_sale_transactions;

-- Create copy of table
CREATE TABLE allegheny_co_property_sale_transactions AS
SELECT * 
FROM allegheny;

-- Grant additional permissions on the table
GRANT SELECT, INSERT, UPDATE, DELETE ON allegheny_co_property_sale_transactions TO ***;
[2023-12-08T17:13:34.333+0000] {base.py:73} INFO - Using connection ID 'postgres_conn' for task execution.
[2023-12-08T17:13:34.340+0000] {base.py:73} INFO - Using connection ID 'postgres_conn' for task execution.
[2023-12-08T17:13:34.345+0000] {sql.py:418} INFO - Running statement: -- params: new_table_name, orig_table_name

-- Drop the copy of the table, if it already exists
DROP TABLE IF EXISTS allegheny_co_property_sale_transactions;

-- Create copy of table
CREATE TABLE allegheny_co_property_sale_transactions AS
SELECT * 
FROM allegheny;

-- Grant additional permissions on the table
GRANT SELECT, INSERT, UPDATE, DELETE ON allegheny_co_property_sale_transactions TO ***;, parameters: None
[2023-12-08T17:13:35.206+0000] {taskinstance.py:1400} INFO - Marking task as SUCCESS. dag_id=Allegheny_Co_Property_Sale_Transactions-v01, task_id=create_copy_of_postgres_table, execution_date=20231201T000000, start_date=20231208T171334, end_date=20231208T171335
[2023-12-08T17:13:35.248+0000] {local_task_job_runner.py:228} INFO - Task exited with return code 0
[2023-12-08T17:13:35.284+0000] {taskinstance.py:2778} INFO - 1 downstream tasks scheduled from follow-on schedule check
[2023-12-08T18:00:58.240+0000] {taskinstance.py:1159} INFO - Dependencies all met for dep_context=non-requeueable deps ti=<TaskInstance: Allegheny_Co_Property_Sale_Transactions-v01.create_copy_of_postgres_table scheduled__2023-12-01T00:00:00+00:00 [queued]>
[2023-12-08T18:00:58.244+0000] {taskinstance.py:1159} INFO - Dependencies all met for dep_context=requeueable deps ti=<TaskInstance: Allegheny_Co_Property_Sale_Transactions-v01.create_copy_of_postgres_table scheduled__2023-12-01T00:00:00+00:00 [queued]>
[2023-12-08T18:00:58.244+0000] {taskinstance.py:1361} INFO - Starting attempt 1 of 6
[2023-12-08T18:00:58.250+0000] {taskinstance.py:1382} INFO - Executing <Task(PostgresOperator): create_copy_of_postgres_table> on 2023-12-01 00:00:00+00:00
[2023-12-08T18:00:58.252+0000] {standard_task_runner.py:57} INFO - Started process 6739 to run task
[2023-12-08T18:00:58.254+0000] {standard_task_runner.py:84} INFO - Running: ['***', 'tasks', 'run', 'Allegheny_Co_Property_Sale_Transactions-v01', 'create_copy_of_postgres_table', 'scheduled__2023-12-01T00:00:00+00:00', '--job-id', '73', '--raw', '--subdir', 'DAGS_FOLDER/Allegheny Co Property Sale Transactions.py', '--cfg-path', '/tmp/tmpcrmtqgym']
[2023-12-08T18:00:58.256+0000] {standard_task_runner.py:85} INFO - Job 73: Subtask create_copy_of_postgres_table
[2023-12-08T18:00:58.283+0000] {task_command.py:416} INFO - Running <TaskInstance: Allegheny_Co_Property_Sale_Transactions-v01.create_copy_of_postgres_table scheduled__2023-12-01T00:00:00+00:00 [running]> on host 1fc866509645
[2023-12-08T18:00:58.323+0000] {taskinstance.py:1662} INFO - Exporting env vars: AIRFLOW_CTX_DAG_OWNER='dunnbc22' AIRFLOW_CTX_DAG_ID='Allegheny_Co_Property_Sale_Transactions-v01' AIRFLOW_CTX_TASK_ID='create_copy_of_postgres_table' AIRFLOW_CTX_EXECUTION_DATE='2023-12-01T00:00:00+00:00' AIRFLOW_CTX_TRY_NUMBER='1' AIRFLOW_CTX_DAG_RUN_ID='scheduled__2023-12-01T00:00:00+00:00'
[2023-12-08T18:00:58.324+0000] {sql.py:274} INFO - Executing: -- params: new_table_name, orig_table_name

-- Drop the copy of the table, if it already exists
DROP TABLE IF EXISTS allegheny_co_property_sale_transactions;

-- Create copy of table
CREATE TABLE allegheny_co_property_sale_transactions AS
SELECT * 
FROM allegheny;

-- Grant additional permissions on the table
GRANT SELECT, INSERT, UPDATE, DELETE ON allegheny_co_property_sale_transactions TO ***;
[2023-12-08T18:00:58.329+0000] {base.py:73} INFO - Using connection ID 'postgres_conn' for task execution.
[2023-12-08T18:00:58.335+0000] {base.py:73} INFO - Using connection ID 'postgres_conn' for task execution.
[2023-12-08T18:00:58.341+0000] {sql.py:418} INFO - Running statement: -- params: new_table_name, orig_table_name

-- Drop the copy of the table, if it already exists
DROP TABLE IF EXISTS allegheny_co_property_sale_transactions;

-- Create copy of table
CREATE TABLE allegheny_co_property_sale_transactions AS
SELECT * 
FROM allegheny;

-- Grant additional permissions on the table
GRANT SELECT, INSERT, UPDATE, DELETE ON allegheny_co_property_sale_transactions TO ***;, parameters: None
[2023-12-08T18:00:59.203+0000] {taskinstance.py:1400} INFO - Marking task as SUCCESS. dag_id=Allegheny_Co_Property_Sale_Transactions-v01, task_id=create_copy_of_postgres_table, execution_date=20231201T000000, start_date=20231208T180058, end_date=20231208T180059
[2023-12-08T18:00:59.239+0000] {local_task_job_runner.py:228} INFO - Task exited with return code 0
[2023-12-08T18:00:59.271+0000] {taskinstance.py:2778} INFO - 0 downstream tasks scheduled from follow-on schedule check
