[2023-12-19T19:11:59.114+0000] {processor.py:157} INFO - Started process (PID=181) to work on /opt/airflow/dags/create_star_schema_part_1.py
[2023-12-19T19:11:59.116+0000] {processor.py:829} INFO - Processing file /opt/airflow/dags/create_star_schema_part_1.py for tasks to queue
[2023-12-19T19:11:59.119+0000] {logging_mixin.py:154} INFO - [2023-12-19T19:11:59.119+0000] {dagbag.py:536} INFO - Filling up the DagBag from /opt/airflow/dags/create_star_schema_part_1.py
[2023-12-19T19:11:59.129+0000] {processor.py:841} WARNING - No viable dags retrieved from /opt/airflow/dags/create_star_schema_part_1.py
[2023-12-19T19:11:59.146+0000] {processor.py:179} INFO - Processing /opt/airflow/dags/create_star_schema_part_1.py took 0.033 seconds
[2023-12-19T19:12:30.217+0000] {processor.py:157} INFO - Started process (PID=213) to work on /opt/airflow/dags/create_star_schema_part_1.py
[2023-12-19T19:12:30.221+0000] {processor.py:829} INFO - Processing file /opt/airflow/dags/create_star_schema_part_1.py for tasks to queue
[2023-12-19T19:12:30.223+0000] {logging_mixin.py:154} INFO - [2023-12-19T19:12:30.223+0000] {dagbag.py:536} INFO - Filling up the DagBag from /opt/airflow/dags/create_star_schema_part_1.py
[2023-12-19T19:12:30.239+0000] {processor.py:841} WARNING - No viable dags retrieved from /opt/airflow/dags/create_star_schema_part_1.py
[2023-12-19T19:12:30.258+0000] {processor.py:179} INFO - Processing /opt/airflow/dags/create_star_schema_part_1.py took 0.055 seconds
[2023-12-19T19:13:01.098+0000] {processor.py:157} INFO - Started process (PID=245) to work on /opt/airflow/dags/create_star_schema_part_1.py
[2023-12-19T19:13:01.099+0000] {processor.py:829} INFO - Processing file /opt/airflow/dags/create_star_schema_part_1.py for tasks to queue
[2023-12-19T19:13:01.099+0000] {logging_mixin.py:154} INFO - [2023-12-19T19:13:01.099+0000] {dagbag.py:536} INFO - Filling up the DagBag from /opt/airflow/dags/create_star_schema_part_1.py
[2023-12-19T19:13:01.103+0000] {processor.py:841} WARNING - No viable dags retrieved from /opt/airflow/dags/create_star_schema_part_1.py
[2023-12-19T19:13:01.128+0000] {processor.py:179} INFO - Processing /opt/airflow/dags/create_star_schema_part_1.py took 0.032 seconds
[2023-12-19T19:13:31.562+0000] {processor.py:157} INFO - Started process (PID=274) to work on /opt/airflow/dags/create_star_schema_part_1.py
[2023-12-19T19:13:31.563+0000] {processor.py:829} INFO - Processing file /opt/airflow/dags/create_star_schema_part_1.py for tasks to queue
[2023-12-19T19:13:31.563+0000] {logging_mixin.py:154} INFO - [2023-12-19T19:13:31.563+0000] {dagbag.py:536} INFO - Filling up the DagBag from /opt/airflow/dags/create_star_schema_part_1.py
[2023-12-19T19:13:31.568+0000] {processor.py:841} WARNING - No viable dags retrieved from /opt/airflow/dags/create_star_schema_part_1.py
[2023-12-19T19:13:31.580+0000] {processor.py:179} INFO - Processing /opt/airflow/dags/create_star_schema_part_1.py took 0.022 seconds
[2023-12-19T19:14:02.083+0000] {processor.py:157} INFO - Started process (PID=311) to work on /opt/airflow/dags/create_star_schema_part_1.py
[2023-12-19T19:14:02.084+0000] {processor.py:829} INFO - Processing file /opt/airflow/dags/create_star_schema_part_1.py for tasks to queue
[2023-12-19T19:14:02.084+0000] {logging_mixin.py:154} INFO - [2023-12-19T19:14:02.084+0000] {dagbag.py:536} INFO - Filling up the DagBag from /opt/airflow/dags/create_star_schema_part_1.py
[2023-12-19T19:14:02.088+0000] {processor.py:841} WARNING - No viable dags retrieved from /opt/airflow/dags/create_star_schema_part_1.py
[2023-12-19T19:14:02.097+0000] {processor.py:179} INFO - Processing /opt/airflow/dags/create_star_schema_part_1.py took 0.016 seconds
[2023-12-19T19:14:32.500+0000] {processor.py:157} INFO - Started process (PID=343) to work on /opt/airflow/dags/create_star_schema_part_1.py
[2023-12-19T19:14:32.500+0000] {processor.py:829} INFO - Processing file /opt/airflow/dags/create_star_schema_part_1.py for tasks to queue
[2023-12-19T19:14:32.501+0000] {logging_mixin.py:154} INFO - [2023-12-19T19:14:32.501+0000] {dagbag.py:536} INFO - Filling up the DagBag from /opt/airflow/dags/create_star_schema_part_1.py
[2023-12-19T19:14:32.505+0000] {processor.py:841} WARNING - No viable dags retrieved from /opt/airflow/dags/create_star_schema_part_1.py
[2023-12-19T19:14:32.515+0000] {processor.py:179} INFO - Processing /opt/airflow/dags/create_star_schema_part_1.py took 0.017 seconds
[2023-12-19T19:15:02.923+0000] {processor.py:157} INFO - Started process (PID=375) to work on /opt/airflow/dags/create_star_schema_part_1.py
[2023-12-19T19:15:02.924+0000] {processor.py:829} INFO - Processing file /opt/airflow/dags/create_star_schema_part_1.py for tasks to queue
[2023-12-19T19:15:02.924+0000] {logging_mixin.py:154} INFO - [2023-12-19T19:15:02.924+0000] {dagbag.py:536} INFO - Filling up the DagBag from /opt/airflow/dags/create_star_schema_part_1.py
[2023-12-19T19:15:02.928+0000] {processor.py:841} WARNING - No viable dags retrieved from /opt/airflow/dags/create_star_schema_part_1.py
[2023-12-19T19:15:02.938+0000] {processor.py:179} INFO - Processing /opt/airflow/dags/create_star_schema_part_1.py took 0.018 seconds
[2023-12-19T19:15:33.360+0000] {processor.py:157} INFO - Started process (PID=407) to work on /opt/airflow/dags/create_star_schema_part_1.py
[2023-12-19T19:15:33.361+0000] {processor.py:829} INFO - Processing file /opt/airflow/dags/create_star_schema_part_1.py for tasks to queue
[2023-12-19T19:15:33.361+0000] {logging_mixin.py:154} INFO - [2023-12-19T19:15:33.361+0000] {dagbag.py:536} INFO - Filling up the DagBag from /opt/airflow/dags/create_star_schema_part_1.py
[2023-12-19T19:15:33.365+0000] {processor.py:841} WARNING - No viable dags retrieved from /opt/airflow/dags/create_star_schema_part_1.py
[2023-12-19T19:15:33.376+0000] {processor.py:179} INFO - Processing /opt/airflow/dags/create_star_schema_part_1.py took 0.018 seconds
[2023-12-19T19:16:03.750+0000] {processor.py:157} INFO - Started process (PID=441) to work on /opt/airflow/dags/create_star_schema_part_1.py
[2023-12-19T19:16:03.751+0000] {processor.py:829} INFO - Processing file /opt/airflow/dags/create_star_schema_part_1.py for tasks to queue
[2023-12-19T19:16:03.752+0000] {logging_mixin.py:154} INFO - [2023-12-19T19:16:03.752+0000] {dagbag.py:536} INFO - Filling up the DagBag from /opt/airflow/dags/create_star_schema_part_1.py
[2023-12-19T19:16:03.757+0000] {processor.py:841} WARNING - No viable dags retrieved from /opt/airflow/dags/create_star_schema_part_1.py
[2023-12-19T19:16:03.769+0000] {processor.py:179} INFO - Processing /opt/airflow/dags/create_star_schema_part_1.py took 0.021 seconds
[2023-12-19T19:16:34.215+0000] {processor.py:157} INFO - Started process (PID=473) to work on /opt/airflow/dags/create_star_schema_part_1.py
[2023-12-19T19:16:34.216+0000] {processor.py:829} INFO - Processing file /opt/airflow/dags/create_star_schema_part_1.py for tasks to queue
[2023-12-19T19:16:34.216+0000] {logging_mixin.py:154} INFO - [2023-12-19T19:16:34.216+0000] {dagbag.py:536} INFO - Filling up the DagBag from /opt/airflow/dags/create_star_schema_part_1.py
[2023-12-19T19:16:34.221+0000] {processor.py:841} WARNING - No viable dags retrieved from /opt/airflow/dags/create_star_schema_part_1.py
[2023-12-19T19:16:34.231+0000] {processor.py:179} INFO - Processing /opt/airflow/dags/create_star_schema_part_1.py took 0.018 seconds
[2023-12-19T19:17:04.730+0000] {processor.py:157} INFO - Started process (PID=505) to work on /opt/airflow/dags/create_star_schema_part_1.py
[2023-12-19T19:17:04.731+0000] {processor.py:829} INFO - Processing file /opt/airflow/dags/create_star_schema_part_1.py for tasks to queue
[2023-12-19T19:17:04.731+0000] {logging_mixin.py:154} INFO - [2023-12-19T19:17:04.731+0000] {dagbag.py:536} INFO - Filling up the DagBag from /opt/airflow/dags/create_star_schema_part_1.py
[2023-12-19T19:17:04.736+0000] {processor.py:841} WARNING - No viable dags retrieved from /opt/airflow/dags/create_star_schema_part_1.py
[2023-12-19T19:17:04.746+0000] {processor.py:179} INFO - Processing /opt/airflow/dags/create_star_schema_part_1.py took 0.018 seconds
[2023-12-19T19:17:35.176+0000] {processor.py:157} INFO - Started process (PID=537) to work on /opt/airflow/dags/create_star_schema_part_1.py
[2023-12-19T19:17:35.177+0000] {processor.py:829} INFO - Processing file /opt/airflow/dags/create_star_schema_part_1.py for tasks to queue
[2023-12-19T19:17:35.177+0000] {logging_mixin.py:154} INFO - [2023-12-19T19:17:35.177+0000] {dagbag.py:536} INFO - Filling up the DagBag from /opt/airflow/dags/create_star_schema_part_1.py
[2023-12-19T19:17:35.182+0000] {processor.py:841} WARNING - No viable dags retrieved from /opt/airflow/dags/create_star_schema_part_1.py
[2023-12-19T19:17:35.196+0000] {processor.py:179} INFO - Processing /opt/airflow/dags/create_star_schema_part_1.py took 0.022 seconds
[2023-12-19T19:18:05.673+0000] {processor.py:157} INFO - Started process (PID=571) to work on /opt/airflow/dags/create_star_schema_part_1.py
[2023-12-19T19:18:05.673+0000] {processor.py:829} INFO - Processing file /opt/airflow/dags/create_star_schema_part_1.py for tasks to queue
[2023-12-19T19:18:05.674+0000] {logging_mixin.py:154} INFO - [2023-12-19T19:18:05.674+0000] {dagbag.py:536} INFO - Filling up the DagBag from /opt/airflow/dags/create_star_schema_part_1.py
[2023-12-19T19:18:05.678+0000] {processor.py:841} WARNING - No viable dags retrieved from /opt/airflow/dags/create_star_schema_part_1.py
[2023-12-19T19:18:05.689+0000] {processor.py:179} INFO - Processing /opt/airflow/dags/create_star_schema_part_1.py took 0.018 seconds
[2023-12-19T19:18:36.145+0000] {processor.py:157} INFO - Started process (PID=603) to work on /opt/airflow/dags/create_star_schema_part_1.py
[2023-12-19T19:18:36.146+0000] {processor.py:829} INFO - Processing file /opt/airflow/dags/create_star_schema_part_1.py for tasks to queue
[2023-12-19T19:18:36.147+0000] {logging_mixin.py:154} INFO - [2023-12-19T19:18:36.146+0000] {dagbag.py:536} INFO - Filling up the DagBag from /opt/airflow/dags/create_star_schema_part_1.py
[2023-12-19T19:18:36.150+0000] {processor.py:841} WARNING - No viable dags retrieved from /opt/airflow/dags/create_star_schema_part_1.py
[2023-12-19T19:18:36.160+0000] {processor.py:179} INFO - Processing /opt/airflow/dags/create_star_schema_part_1.py took 0.017 seconds
[2023-12-19T19:19:06.758+0000] {processor.py:157} INFO - Started process (PID=642) to work on /opt/airflow/dags/create_star_schema_part_1.py
[2023-12-19T19:19:06.759+0000] {processor.py:829} INFO - Processing file /opt/airflow/dags/create_star_schema_part_1.py for tasks to queue
[2023-12-19T19:19:06.759+0000] {logging_mixin.py:154} INFO - [2023-12-19T19:19:06.759+0000] {dagbag.py:536} INFO - Filling up the DagBag from /opt/airflow/dags/create_star_schema_part_1.py
[2023-12-19T19:19:06.763+0000] {processor.py:841} WARNING - No viable dags retrieved from /opt/airflow/dags/create_star_schema_part_1.py
[2023-12-19T19:19:06.774+0000] {processor.py:179} INFO - Processing /opt/airflow/dags/create_star_schema_part_1.py took 0.019 seconds
[2023-12-19T19:19:37.155+0000] {processor.py:157} INFO - Started process (PID=674) to work on /opt/airflow/dags/create_star_schema_part_1.py
[2023-12-19T19:19:37.156+0000] {processor.py:829} INFO - Processing file /opt/airflow/dags/create_star_schema_part_1.py for tasks to queue
[2023-12-19T19:19:37.156+0000] {logging_mixin.py:154} INFO - [2023-12-19T19:19:37.156+0000] {dagbag.py:536} INFO - Filling up the DagBag from /opt/airflow/dags/create_star_schema_part_1.py
[2023-12-19T19:19:37.160+0000] {processor.py:841} WARNING - No viable dags retrieved from /opt/airflow/dags/create_star_schema_part_1.py
[2023-12-19T19:19:37.172+0000] {processor.py:179} INFO - Processing /opt/airflow/dags/create_star_schema_part_1.py took 0.019 seconds
[2023-12-19T19:20:07.548+0000] {processor.py:157} INFO - Started process (PID=712) to work on /opt/airflow/dags/create_star_schema_part_1.py
[2023-12-19T19:20:07.549+0000] {processor.py:829} INFO - Processing file /opt/airflow/dags/create_star_schema_part_1.py for tasks to queue
[2023-12-19T19:20:07.550+0000] {logging_mixin.py:154} INFO - [2023-12-19T19:20:07.550+0000] {dagbag.py:536} INFO - Filling up the DagBag from /opt/airflow/dags/create_star_schema_part_1.py
[2023-12-19T19:20:07.555+0000] {processor.py:841} WARNING - No viable dags retrieved from /opt/airflow/dags/create_star_schema_part_1.py
[2023-12-19T19:20:07.567+0000] {processor.py:179} INFO - Processing /opt/airflow/dags/create_star_schema_part_1.py took 0.021 seconds
[2023-12-19T19:20:37.948+0000] {processor.py:157} INFO - Started process (PID=744) to work on /opt/airflow/dags/create_star_schema_part_1.py
[2023-12-19T19:20:37.949+0000] {processor.py:829} INFO - Processing file /opt/airflow/dags/create_star_schema_part_1.py for tasks to queue
[2023-12-19T19:20:37.949+0000] {logging_mixin.py:154} INFO - [2023-12-19T19:20:37.949+0000] {dagbag.py:536} INFO - Filling up the DagBag from /opt/airflow/dags/create_star_schema_part_1.py
[2023-12-19T19:20:37.953+0000] {processor.py:841} WARNING - No viable dags retrieved from /opt/airflow/dags/create_star_schema_part_1.py
[2023-12-19T19:20:37.965+0000] {processor.py:179} INFO - Processing /opt/airflow/dags/create_star_schema_part_1.py took 0.019 seconds
[2023-12-19T19:21:08.407+0000] {processor.py:157} INFO - Started process (PID=778) to work on /opt/airflow/dags/create_star_schema_part_1.py
[2023-12-19T19:21:08.407+0000] {processor.py:829} INFO - Processing file /opt/airflow/dags/create_star_schema_part_1.py for tasks to queue
[2023-12-19T19:21:08.408+0000] {logging_mixin.py:154} INFO - [2023-12-19T19:21:08.408+0000] {dagbag.py:536} INFO - Filling up the DagBag from /opt/airflow/dags/create_star_schema_part_1.py
[2023-12-19T19:21:08.412+0000] {processor.py:841} WARNING - No viable dags retrieved from /opt/airflow/dags/create_star_schema_part_1.py
[2023-12-19T19:21:08.422+0000] {processor.py:179} INFO - Processing /opt/airflow/dags/create_star_schema_part_1.py took 0.017 seconds
[2023-12-19T19:21:38.875+0000] {processor.py:157} INFO - Started process (PID=810) to work on /opt/airflow/dags/create_star_schema_part_1.py
[2023-12-19T19:21:38.875+0000] {processor.py:829} INFO - Processing file /opt/airflow/dags/create_star_schema_part_1.py for tasks to queue
[2023-12-19T19:21:38.876+0000] {logging_mixin.py:154} INFO - [2023-12-19T19:21:38.876+0000] {dagbag.py:536} INFO - Filling up the DagBag from /opt/airflow/dags/create_star_schema_part_1.py
[2023-12-19T19:21:38.880+0000] {processor.py:841} WARNING - No viable dags retrieved from /opt/airflow/dags/create_star_schema_part_1.py
[2023-12-19T19:21:38.890+0000] {processor.py:179} INFO - Processing /opt/airflow/dags/create_star_schema_part_1.py took 0.017 seconds
[2023-12-19T19:22:09.323+0000] {processor.py:157} INFO - Started process (PID=842) to work on /opt/airflow/dags/create_star_schema_part_1.py
[2023-12-19T19:22:09.323+0000] {processor.py:829} INFO - Processing file /opt/airflow/dags/create_star_schema_part_1.py for tasks to queue
[2023-12-19T19:22:09.324+0000] {logging_mixin.py:154} INFO - [2023-12-19T19:22:09.324+0000] {dagbag.py:536} INFO - Filling up the DagBag from /opt/airflow/dags/create_star_schema_part_1.py
[2023-12-19T19:22:09.328+0000] {processor.py:841} WARNING - No viable dags retrieved from /opt/airflow/dags/create_star_schema_part_1.py
[2023-12-19T19:22:09.339+0000] {processor.py:179} INFO - Processing /opt/airflow/dags/create_star_schema_part_1.py took 0.019 seconds
[2023-12-19T19:22:39.709+0000] {processor.py:157} INFO - Started process (PID=874) to work on /opt/airflow/dags/create_star_schema_part_1.py
[2023-12-19T19:22:39.710+0000] {processor.py:829} INFO - Processing file /opt/airflow/dags/create_star_schema_part_1.py for tasks to queue
[2023-12-19T19:22:39.711+0000] {logging_mixin.py:154} INFO - [2023-12-19T19:22:39.710+0000] {dagbag.py:536} INFO - Filling up the DagBag from /opt/airflow/dags/create_star_schema_part_1.py
[2023-12-19T19:22:39.715+0000] {processor.py:841} WARNING - No viable dags retrieved from /opt/airflow/dags/create_star_schema_part_1.py
[2023-12-19T19:22:39.727+0000] {processor.py:179} INFO - Processing /opt/airflow/dags/create_star_schema_part_1.py took 0.021 seconds
[2023-12-19T19:23:10.108+0000] {processor.py:157} INFO - Started process (PID=908) to work on /opt/airflow/dags/create_star_schema_part_1.py
[2023-12-19T19:23:10.109+0000] {processor.py:829} INFO - Processing file /opt/airflow/dags/create_star_schema_part_1.py for tasks to queue
[2023-12-19T19:23:10.110+0000] {logging_mixin.py:154} INFO - [2023-12-19T19:23:10.110+0000] {dagbag.py:536} INFO - Filling up the DagBag from /opt/airflow/dags/create_star_schema_part_1.py
[2023-12-19T19:23:10.114+0000] {processor.py:841} WARNING - No viable dags retrieved from /opt/airflow/dags/create_star_schema_part_1.py
[2023-12-19T19:23:10.124+0000] {processor.py:179} INFO - Processing /opt/airflow/dags/create_star_schema_part_1.py took 0.018 seconds
[2023-12-19T19:23:40.545+0000] {processor.py:157} INFO - Started process (PID=940) to work on /opt/airflow/dags/create_star_schema_part_1.py
[2023-12-19T19:23:40.546+0000] {processor.py:829} INFO - Processing file /opt/airflow/dags/create_star_schema_part_1.py for tasks to queue
[2023-12-19T19:23:40.546+0000] {logging_mixin.py:154} INFO - [2023-12-19T19:23:40.546+0000] {dagbag.py:536} INFO - Filling up the DagBag from /opt/airflow/dags/create_star_schema_part_1.py
[2023-12-19T19:23:40.551+0000] {processor.py:841} WARNING - No viable dags retrieved from /opt/airflow/dags/create_star_schema_part_1.py
[2023-12-19T19:23:40.561+0000] {processor.py:179} INFO - Processing /opt/airflow/dags/create_star_schema_part_1.py took 0.019 seconds
[2023-12-19T19:24:10.960+0000] {processor.py:157} INFO - Started process (PID=972) to work on /opt/airflow/dags/create_star_schema_part_1.py
[2023-12-19T19:24:10.961+0000] {processor.py:829} INFO - Processing file /opt/airflow/dags/create_star_schema_part_1.py for tasks to queue
[2023-12-19T19:24:10.961+0000] {logging_mixin.py:154} INFO - [2023-12-19T19:24:10.961+0000] {dagbag.py:536} INFO - Filling up the DagBag from /opt/airflow/dags/create_star_schema_part_1.py
[2023-12-19T19:24:10.967+0000] {processor.py:841} WARNING - No viable dags retrieved from /opt/airflow/dags/create_star_schema_part_1.py
[2023-12-19T19:24:10.979+0000] {processor.py:179} INFO - Processing /opt/airflow/dags/create_star_schema_part_1.py took 0.022 seconds
[2023-12-19T19:24:41.365+0000] {processor.py:157} INFO - Started process (PID=1004) to work on /opt/airflow/dags/create_star_schema_part_1.py
[2023-12-19T19:24:41.366+0000] {processor.py:829} INFO - Processing file /opt/airflow/dags/create_star_schema_part_1.py for tasks to queue
[2023-12-19T19:24:41.366+0000] {logging_mixin.py:154} INFO - [2023-12-19T19:24:41.366+0000] {dagbag.py:536} INFO - Filling up the DagBag from /opt/airflow/dags/create_star_schema_part_1.py
[2023-12-19T19:24:41.370+0000] {processor.py:841} WARNING - No viable dags retrieved from /opt/airflow/dags/create_star_schema_part_1.py
[2023-12-19T19:24:41.380+0000] {processor.py:179} INFO - Processing /opt/airflow/dags/create_star_schema_part_1.py took 0.016 seconds
[2023-12-19T19:25:11.770+0000] {processor.py:157} INFO - Started process (PID=1040) to work on /opt/airflow/dags/create_star_schema_part_1.py
[2023-12-19T19:25:11.771+0000] {processor.py:829} INFO - Processing file /opt/airflow/dags/create_star_schema_part_1.py for tasks to queue
[2023-12-19T19:25:11.772+0000] {logging_mixin.py:154} INFO - [2023-12-19T19:25:11.771+0000] {dagbag.py:536} INFO - Filling up the DagBag from /opt/airflow/dags/create_star_schema_part_1.py
[2023-12-19T19:25:11.775+0000] {processor.py:841} WARNING - No viable dags retrieved from /opt/airflow/dags/create_star_schema_part_1.py
[2023-12-19T19:25:11.785+0000] {processor.py:179} INFO - Processing /opt/airflow/dags/create_star_schema_part_1.py took 0.017 seconds
[2023-12-19T19:25:42.605+0000] {processor.py:157} INFO - Started process (PID=1092) to work on /opt/airflow/dags/create_star_schema_part_1.py
[2023-12-19T19:25:42.606+0000] {processor.py:829} INFO - Processing file /opt/airflow/dags/create_star_schema_part_1.py for tasks to queue
[2023-12-19T19:25:42.606+0000] {logging_mixin.py:154} INFO - [2023-12-19T19:25:42.606+0000] {dagbag.py:536} INFO - Filling up the DagBag from /opt/airflow/dags/create_star_schema_part_1.py
[2023-12-19T19:25:42.611+0000] {processor.py:841} WARNING - No viable dags retrieved from /opt/airflow/dags/create_star_schema_part_1.py
[2023-12-19T19:25:42.623+0000] {processor.py:179} INFO - Processing /opt/airflow/dags/create_star_schema_part_1.py took 0.021 seconds
[2023-12-19T19:26:13.101+0000] {processor.py:157} INFO - Started process (PID=1124) to work on /opt/airflow/dags/create_star_schema_part_1.py
[2023-12-19T19:26:13.101+0000] {processor.py:829} INFO - Processing file /opt/airflow/dags/create_star_schema_part_1.py for tasks to queue
[2023-12-19T19:26:13.102+0000] {logging_mixin.py:154} INFO - [2023-12-19T19:26:13.102+0000] {dagbag.py:536} INFO - Filling up the DagBag from /opt/airflow/dags/create_star_schema_part_1.py
[2023-12-19T19:26:13.106+0000] {processor.py:841} WARNING - No viable dags retrieved from /opt/airflow/dags/create_star_schema_part_1.py
[2023-12-19T19:26:13.116+0000] {processor.py:179} INFO - Processing /opt/airflow/dags/create_star_schema_part_1.py took 0.018 seconds
[2023-12-19T19:26:43.523+0000] {processor.py:157} INFO - Started process (PID=1156) to work on /opt/airflow/dags/create_star_schema_part_1.py
[2023-12-19T19:26:43.524+0000] {processor.py:829} INFO - Processing file /opt/airflow/dags/create_star_schema_part_1.py for tasks to queue
[2023-12-19T19:26:43.524+0000] {logging_mixin.py:154} INFO - [2023-12-19T19:26:43.524+0000] {dagbag.py:536} INFO - Filling up the DagBag from /opt/airflow/dags/create_star_schema_part_1.py
[2023-12-19T19:26:43.528+0000] {processor.py:841} WARNING - No viable dags retrieved from /opt/airflow/dags/create_star_schema_part_1.py
[2023-12-19T19:26:43.538+0000] {processor.py:179} INFO - Processing /opt/airflow/dags/create_star_schema_part_1.py took 0.018 seconds
[2023-12-19T19:27:13.954+0000] {processor.py:157} INFO - Started process (PID=1196) to work on /opt/airflow/dags/create_star_schema_part_1.py
[2023-12-19T19:27:13.955+0000] {processor.py:829} INFO - Processing file /opt/airflow/dags/create_star_schema_part_1.py for tasks to queue
[2023-12-19T19:27:13.955+0000] {logging_mixin.py:154} INFO - [2023-12-19T19:27:13.955+0000] {dagbag.py:536} INFO - Filling up the DagBag from /opt/airflow/dags/create_star_schema_part_1.py
[2023-12-19T19:27:13.959+0000] {processor.py:841} WARNING - No viable dags retrieved from /opt/airflow/dags/create_star_schema_part_1.py
[2023-12-19T19:27:13.969+0000] {processor.py:179} INFO - Processing /opt/airflow/dags/create_star_schema_part_1.py took 0.017 seconds
[2023-12-19T19:27:44.321+0000] {processor.py:157} INFO - Started process (PID=1228) to work on /opt/airflow/dags/create_star_schema_part_1.py
[2023-12-19T19:27:44.322+0000] {processor.py:829} INFO - Processing file /opt/airflow/dags/create_star_schema_part_1.py for tasks to queue
[2023-12-19T19:27:44.322+0000] {logging_mixin.py:154} INFO - [2023-12-19T19:27:44.322+0000] {dagbag.py:536} INFO - Filling up the DagBag from /opt/airflow/dags/create_star_schema_part_1.py
[2023-12-19T19:27:44.327+0000] {processor.py:841} WARNING - No viable dags retrieved from /opt/airflow/dags/create_star_schema_part_1.py
[2023-12-19T19:27:44.339+0000] {processor.py:179} INFO - Processing /opt/airflow/dags/create_star_schema_part_1.py took 0.020 seconds
[2023-12-19T19:28:14.723+0000] {processor.py:157} INFO - Started process (PID=1260) to work on /opt/airflow/dags/create_star_schema_part_1.py
[2023-12-19T19:28:14.724+0000] {processor.py:829} INFO - Processing file /opt/airflow/dags/create_star_schema_part_1.py for tasks to queue
[2023-12-19T19:28:14.725+0000] {logging_mixin.py:154} INFO - [2023-12-19T19:28:14.725+0000] {dagbag.py:536} INFO - Filling up the DagBag from /opt/airflow/dags/create_star_schema_part_1.py
[2023-12-19T19:28:14.729+0000] {processor.py:841} WARNING - No viable dags retrieved from /opt/airflow/dags/create_star_schema_part_1.py
[2023-12-19T19:28:14.739+0000] {processor.py:179} INFO - Processing /opt/airflow/dags/create_star_schema_part_1.py took 0.018 seconds
[2023-12-19T19:28:45.138+0000] {processor.py:157} INFO - Started process (PID=1292) to work on /opt/airflow/dags/create_star_schema_part_1.py
[2023-12-19T19:28:45.139+0000] {processor.py:829} INFO - Processing file /opt/airflow/dags/create_star_schema_part_1.py for tasks to queue
[2023-12-19T19:28:45.140+0000] {logging_mixin.py:154} INFO - [2023-12-19T19:28:45.140+0000] {dagbag.py:536} INFO - Filling up the DagBag from /opt/airflow/dags/create_star_schema_part_1.py
[2023-12-19T19:28:45.144+0000] {processor.py:841} WARNING - No viable dags retrieved from /opt/airflow/dags/create_star_schema_part_1.py
[2023-12-19T19:28:45.154+0000] {processor.py:179} INFO - Processing /opt/airflow/dags/create_star_schema_part_1.py took 0.018 seconds
[2023-12-19T19:29:15.620+0000] {processor.py:157} INFO - Started process (PID=1324) to work on /opt/airflow/dags/create_star_schema_part_1.py
[2023-12-19T19:29:15.620+0000] {processor.py:829} INFO - Processing file /opt/airflow/dags/create_star_schema_part_1.py for tasks to queue
[2023-12-19T19:29:15.621+0000] {logging_mixin.py:154} INFO - [2023-12-19T19:29:15.621+0000] {dagbag.py:536} INFO - Filling up the DagBag from /opt/airflow/dags/create_star_schema_part_1.py
[2023-12-19T19:29:15.625+0000] {processor.py:841} WARNING - No viable dags retrieved from /opt/airflow/dags/create_star_schema_part_1.py
[2023-12-19T19:29:15.635+0000] {processor.py:179} INFO - Processing /opt/airflow/dags/create_star_schema_part_1.py took 0.018 seconds
[2023-12-19T19:29:46.069+0000] {processor.py:157} INFO - Started process (PID=1356) to work on /opt/airflow/dags/create_star_schema_part_1.py
[2023-12-19T19:29:46.070+0000] {processor.py:829} INFO - Processing file /opt/airflow/dags/create_star_schema_part_1.py for tasks to queue
[2023-12-19T19:29:46.071+0000] {logging_mixin.py:154} INFO - [2023-12-19T19:29:46.071+0000] {dagbag.py:536} INFO - Filling up the DagBag from /opt/airflow/dags/create_star_schema_part_1.py
[2023-12-19T19:29:46.075+0000] {processor.py:841} WARNING - No viable dags retrieved from /opt/airflow/dags/create_star_schema_part_1.py
[2023-12-19T19:29:46.085+0000] {processor.py:179} INFO - Processing /opt/airflow/dags/create_star_schema_part_1.py took 0.018 seconds
[2023-12-19T19:30:16.519+0000] {processor.py:157} INFO - Started process (PID=1388) to work on /opt/airflow/dags/create_star_schema_part_1.py
[2023-12-19T19:30:16.520+0000] {processor.py:829} INFO - Processing file /opt/airflow/dags/create_star_schema_part_1.py for tasks to queue
[2023-12-19T19:30:16.521+0000] {logging_mixin.py:154} INFO - [2023-12-19T19:30:16.520+0000] {dagbag.py:536} INFO - Filling up the DagBag from /opt/airflow/dags/create_star_schema_part_1.py
[2023-12-19T19:30:16.525+0000] {processor.py:841} WARNING - No viable dags retrieved from /opt/airflow/dags/create_star_schema_part_1.py
[2023-12-19T19:30:16.534+0000] {processor.py:179} INFO - Processing /opt/airflow/dags/create_star_schema_part_1.py took 0.018 seconds
[2023-12-19T19:30:47.004+0000] {processor.py:157} INFO - Started process (PID=1420) to work on /opt/airflow/dags/create_star_schema_part_1.py
[2023-12-19T19:30:47.005+0000] {processor.py:829} INFO - Processing file /opt/airflow/dags/create_star_schema_part_1.py for tasks to queue
[2023-12-19T19:30:47.005+0000] {logging_mixin.py:154} INFO - [2023-12-19T19:30:47.005+0000] {dagbag.py:536} INFO - Filling up the DagBag from /opt/airflow/dags/create_star_schema_part_1.py
[2023-12-19T19:30:47.010+0000] {processor.py:841} WARNING - No viable dags retrieved from /opt/airflow/dags/create_star_schema_part_1.py
[2023-12-19T19:30:47.019+0000] {processor.py:179} INFO - Processing /opt/airflow/dags/create_star_schema_part_1.py took 0.018 seconds
[2023-12-19T19:31:17.397+0000] {processor.py:157} INFO - Started process (PID=1452) to work on /opt/airflow/dags/create_star_schema_part_1.py
[2023-12-19T19:31:17.398+0000] {processor.py:829} INFO - Processing file /opt/airflow/dags/create_star_schema_part_1.py for tasks to queue
[2023-12-19T19:31:17.399+0000] {logging_mixin.py:154} INFO - [2023-12-19T19:31:17.399+0000] {dagbag.py:536} INFO - Filling up the DagBag from /opt/airflow/dags/create_star_schema_part_1.py
[2023-12-19T19:31:17.405+0000] {processor.py:841} WARNING - No viable dags retrieved from /opt/airflow/dags/create_star_schema_part_1.py
[2023-12-19T19:31:17.415+0000] {processor.py:179} INFO - Processing /opt/airflow/dags/create_star_schema_part_1.py took 0.020 seconds
[2023-12-19T19:31:47.766+0000] {processor.py:157} INFO - Started process (PID=1484) to work on /opt/airflow/dags/create_star_schema_part_1.py
[2023-12-19T19:31:47.767+0000] {processor.py:829} INFO - Processing file /opt/airflow/dags/create_star_schema_part_1.py for tasks to queue
[2023-12-19T19:31:47.768+0000] {logging_mixin.py:154} INFO - [2023-12-19T19:31:47.767+0000] {dagbag.py:536} INFO - Filling up the DagBag from /opt/airflow/dags/create_star_schema_part_1.py
[2023-12-19T19:31:47.772+0000] {processor.py:841} WARNING - No viable dags retrieved from /opt/airflow/dags/create_star_schema_part_1.py
[2023-12-19T19:31:47.785+0000] {processor.py:179} INFO - Processing /opt/airflow/dags/create_star_schema_part_1.py took 0.021 seconds
[2023-12-19T19:32:18.251+0000] {processor.py:157} INFO - Started process (PID=1516) to work on /opt/airflow/dags/create_star_schema_part_1.py
[2023-12-19T19:32:18.251+0000] {processor.py:829} INFO - Processing file /opt/airflow/dags/create_star_schema_part_1.py for tasks to queue
[2023-12-19T19:32:18.252+0000] {logging_mixin.py:154} INFO - [2023-12-19T19:32:18.252+0000] {dagbag.py:536} INFO - Filling up the DagBag from /opt/airflow/dags/create_star_schema_part_1.py
[2023-12-19T19:32:18.256+0000] {processor.py:841} WARNING - No viable dags retrieved from /opt/airflow/dags/create_star_schema_part_1.py
[2023-12-19T19:32:18.266+0000] {processor.py:179} INFO - Processing /opt/airflow/dags/create_star_schema_part_1.py took 0.018 seconds
[2023-12-19T19:32:48.648+0000] {processor.py:157} INFO - Started process (PID=1548) to work on /opt/airflow/dags/create_star_schema_part_1.py
[2023-12-19T19:32:48.649+0000] {processor.py:829} INFO - Processing file /opt/airflow/dags/create_star_schema_part_1.py for tasks to queue
[2023-12-19T19:32:48.649+0000] {logging_mixin.py:154} INFO - [2023-12-19T19:32:48.649+0000] {dagbag.py:536} INFO - Filling up the DagBag from /opt/airflow/dags/create_star_schema_part_1.py
[2023-12-19T19:32:48.654+0000] {processor.py:841} WARNING - No viable dags retrieved from /opt/airflow/dags/create_star_schema_part_1.py
[2023-12-19T19:32:48.667+0000] {processor.py:179} INFO - Processing /opt/airflow/dags/create_star_schema_part_1.py took 0.021 seconds
[2023-12-19T19:33:19.013+0000] {processor.py:157} INFO - Started process (PID=1587) to work on /opt/airflow/dags/create_star_schema_part_1.py
[2023-12-19T19:33:19.014+0000] {processor.py:829} INFO - Processing file /opt/airflow/dags/create_star_schema_part_1.py for tasks to queue
[2023-12-19T19:33:19.015+0000] {logging_mixin.py:154} INFO - [2023-12-19T19:33:19.014+0000] {dagbag.py:536} INFO - Filling up the DagBag from /opt/airflow/dags/create_star_schema_part_1.py
[2023-12-19T19:33:19.018+0000] {processor.py:841} WARNING - No viable dags retrieved from /opt/airflow/dags/create_star_schema_part_1.py
[2023-12-19T19:33:19.030+0000] {processor.py:179} INFO - Processing /opt/airflow/dags/create_star_schema_part_1.py took 0.019 seconds
[2023-12-19T19:33:49.424+0000] {processor.py:157} INFO - Started process (PID=1647) to work on /opt/airflow/dags/create_star_schema_part_1.py
[2023-12-19T19:33:49.425+0000] {processor.py:829} INFO - Processing file /opt/airflow/dags/create_star_schema_part_1.py for tasks to queue
[2023-12-19T19:33:49.426+0000] {logging_mixin.py:154} INFO - [2023-12-19T19:33:49.425+0000] {dagbag.py:536} INFO - Filling up the DagBag from /opt/airflow/dags/create_star_schema_part_1.py
[2023-12-19T19:33:49.430+0000] {processor.py:841} WARNING - No viable dags retrieved from /opt/airflow/dags/create_star_schema_part_1.py
[2023-12-19T19:33:49.442+0000] {processor.py:179} INFO - Processing /opt/airflow/dags/create_star_schema_part_1.py took 0.020 seconds
[2023-12-19T19:34:19.848+0000] {processor.py:157} INFO - Started process (PID=1679) to work on /opt/airflow/dags/create_star_schema_part_1.py
[2023-12-19T19:34:19.849+0000] {processor.py:829} INFO - Processing file /opt/airflow/dags/create_star_schema_part_1.py for tasks to queue
[2023-12-19T19:34:19.849+0000] {logging_mixin.py:154} INFO - [2023-12-19T19:34:19.849+0000] {dagbag.py:536} INFO - Filling up the DagBag from /opt/airflow/dags/create_star_schema_part_1.py
[2023-12-19T19:34:19.854+0000] {processor.py:841} WARNING - No viable dags retrieved from /opt/airflow/dags/create_star_schema_part_1.py
[2023-12-19T19:34:19.865+0000] {processor.py:179} INFO - Processing /opt/airflow/dags/create_star_schema_part_1.py took 0.019 seconds
[2023-12-19T19:34:50.245+0000] {processor.py:157} INFO - Started process (PID=1739) to work on /opt/airflow/dags/create_star_schema_part_1.py
[2023-12-19T19:34:50.246+0000] {processor.py:829} INFO - Processing file /opt/airflow/dags/create_star_schema_part_1.py for tasks to queue
[2023-12-19T19:34:50.246+0000] {logging_mixin.py:154} INFO - [2023-12-19T19:34:50.246+0000] {dagbag.py:536} INFO - Filling up the DagBag from /opt/airflow/dags/create_star_schema_part_1.py
[2023-12-19T19:34:50.250+0000] {processor.py:841} WARNING - No viable dags retrieved from /opt/airflow/dags/create_star_schema_part_1.py
[2023-12-19T19:34:50.260+0000] {processor.py:179} INFO - Processing /opt/airflow/dags/create_star_schema_part_1.py took 0.018 seconds
[2023-12-19T19:35:20.693+0000] {processor.py:157} INFO - Started process (PID=1771) to work on /opt/airflow/dags/create_star_schema_part_1.py
[2023-12-19T19:35:20.694+0000] {processor.py:829} INFO - Processing file /opt/airflow/dags/create_star_schema_part_1.py for tasks to queue
[2023-12-19T19:35:20.695+0000] {logging_mixin.py:154} INFO - [2023-12-19T19:35:20.695+0000] {dagbag.py:536} INFO - Filling up the DagBag from /opt/airflow/dags/create_star_schema_part_1.py
[2023-12-19T19:35:20.699+0000] {processor.py:841} WARNING - No viable dags retrieved from /opt/airflow/dags/create_star_schema_part_1.py
[2023-12-19T19:35:20.710+0000] {processor.py:179} INFO - Processing /opt/airflow/dags/create_star_schema_part_1.py took 0.020 seconds
[2023-12-19T19:35:51.092+0000] {processor.py:157} INFO - Started process (PID=1831) to work on /opt/airflow/dags/create_star_schema_part_1.py
[2023-12-19T19:35:51.093+0000] {processor.py:829} INFO - Processing file /opt/airflow/dags/create_star_schema_part_1.py for tasks to queue
[2023-12-19T19:35:51.094+0000] {logging_mixin.py:154} INFO - [2023-12-19T19:35:51.093+0000] {dagbag.py:536} INFO - Filling up the DagBag from /opt/airflow/dags/create_star_schema_part_1.py
[2023-12-19T19:35:51.099+0000] {processor.py:841} WARNING - No viable dags retrieved from /opt/airflow/dags/create_star_schema_part_1.py
[2023-12-19T19:35:51.110+0000] {processor.py:179} INFO - Processing /opt/airflow/dags/create_star_schema_part_1.py took 0.021 seconds
[2023-12-19T19:36:21.499+0000] {processor.py:157} INFO - Started process (PID=1863) to work on /opt/airflow/dags/create_star_schema_part_1.py
[2023-12-19T19:36:21.500+0000] {processor.py:829} INFO - Processing file /opt/airflow/dags/create_star_schema_part_1.py for tasks to queue
[2023-12-19T19:36:21.500+0000] {logging_mixin.py:154} INFO - [2023-12-19T19:36:21.500+0000] {dagbag.py:536} INFO - Filling up the DagBag from /opt/airflow/dags/create_star_schema_part_1.py
[2023-12-19T19:36:21.504+0000] {processor.py:841} WARNING - No viable dags retrieved from /opt/airflow/dags/create_star_schema_part_1.py
[2023-12-19T19:36:21.515+0000] {processor.py:179} INFO - Processing /opt/airflow/dags/create_star_schema_part_1.py took 0.019 seconds
[2023-12-19T19:36:51.883+0000] {processor.py:157} INFO - Started process (PID=1895) to work on /opt/airflow/dags/create_star_schema_part_1.py
[2023-12-19T19:36:51.883+0000] {processor.py:829} INFO - Processing file /opt/airflow/dags/create_star_schema_part_1.py for tasks to queue
[2023-12-19T19:36:51.884+0000] {logging_mixin.py:154} INFO - [2023-12-19T19:36:51.884+0000] {dagbag.py:536} INFO - Filling up the DagBag from /opt/airflow/dags/create_star_schema_part_1.py
[2023-12-19T19:36:51.888+0000] {processor.py:841} WARNING - No viable dags retrieved from /opt/airflow/dags/create_star_schema_part_1.py
[2023-12-19T19:36:51.900+0000] {processor.py:179} INFO - Processing /opt/airflow/dags/create_star_schema_part_1.py took 0.020 seconds
[2023-12-19T19:37:22.305+0000] {processor.py:157} INFO - Started process (PID=1927) to work on /opt/airflow/dags/create_star_schema_part_1.py
[2023-12-19T19:37:22.306+0000] {processor.py:829} INFO - Processing file /opt/airflow/dags/create_star_schema_part_1.py for tasks to queue
[2023-12-19T19:37:22.306+0000] {logging_mixin.py:154} INFO - [2023-12-19T19:37:22.306+0000] {dagbag.py:536} INFO - Filling up the DagBag from /opt/airflow/dags/create_star_schema_part_1.py
[2023-12-19T19:37:22.311+0000] {processor.py:841} WARNING - No viable dags retrieved from /opt/airflow/dags/create_star_schema_part_1.py
[2023-12-19T19:37:22.322+0000] {processor.py:179} INFO - Processing /opt/airflow/dags/create_star_schema_part_1.py took 0.019 seconds
[2023-12-19T19:37:52.687+0000] {processor.py:157} INFO - Started process (PID=1959) to work on /opt/airflow/dags/create_star_schema_part_1.py
[2023-12-19T19:37:52.687+0000] {processor.py:829} INFO - Processing file /opt/airflow/dags/create_star_schema_part_1.py for tasks to queue
[2023-12-19T19:37:52.688+0000] {logging_mixin.py:154} INFO - [2023-12-19T19:37:52.688+0000] {dagbag.py:536} INFO - Filling up the DagBag from /opt/airflow/dags/create_star_schema_part_1.py
[2023-12-19T19:37:52.692+0000] {processor.py:841} WARNING - No viable dags retrieved from /opt/airflow/dags/create_star_schema_part_1.py
[2023-12-19T19:37:52.705+0000] {processor.py:179} INFO - Processing /opt/airflow/dags/create_star_schema_part_1.py took 0.021 seconds
[2023-12-19T19:38:23.062+0000] {processor.py:157} INFO - Started process (PID=1991) to work on /opt/airflow/dags/create_star_schema_part_1.py
[2023-12-19T19:38:23.063+0000] {processor.py:829} INFO - Processing file /opt/airflow/dags/create_star_schema_part_1.py for tasks to queue
[2023-12-19T19:38:23.064+0000] {logging_mixin.py:154} INFO - [2023-12-19T19:38:23.064+0000] {dagbag.py:536} INFO - Filling up the DagBag from /opt/airflow/dags/create_star_schema_part_1.py
[2023-12-19T19:38:23.070+0000] {processor.py:841} WARNING - No viable dags retrieved from /opt/airflow/dags/create_star_schema_part_1.py
[2023-12-19T19:38:23.083+0000] {processor.py:179} INFO - Processing /opt/airflow/dags/create_star_schema_part_1.py took 0.024 seconds
[2023-12-19T19:38:53.432+0000] {processor.py:157} INFO - Started process (PID=2023) to work on /opt/airflow/dags/create_star_schema_part_1.py
[2023-12-19T19:38:53.433+0000] {processor.py:829} INFO - Processing file /opt/airflow/dags/create_star_schema_part_1.py for tasks to queue
[2023-12-19T19:38:53.433+0000] {logging_mixin.py:154} INFO - [2023-12-19T19:38:53.433+0000] {dagbag.py:536} INFO - Filling up the DagBag from /opt/airflow/dags/create_star_schema_part_1.py
[2023-12-19T19:38:53.437+0000] {processor.py:841} WARNING - No viable dags retrieved from /opt/airflow/dags/create_star_schema_part_1.py
[2023-12-19T19:38:53.447+0000] {processor.py:179} INFO - Processing /opt/airflow/dags/create_star_schema_part_1.py took 0.018 seconds
[2023-12-19T19:39:23.846+0000] {processor.py:157} INFO - Started process (PID=2055) to work on /opt/airflow/dags/create_star_schema_part_1.py
[2023-12-19T19:39:23.846+0000] {processor.py:829} INFO - Processing file /opt/airflow/dags/create_star_schema_part_1.py for tasks to queue
[2023-12-19T19:39:23.847+0000] {logging_mixin.py:154} INFO - [2023-12-19T19:39:23.847+0000] {dagbag.py:536} INFO - Filling up the DagBag from /opt/airflow/dags/create_star_schema_part_1.py
[2023-12-19T19:39:23.851+0000] {processor.py:841} WARNING - No viable dags retrieved from /opt/airflow/dags/create_star_schema_part_1.py
[2023-12-19T19:39:23.861+0000] {processor.py:179} INFO - Processing /opt/airflow/dags/create_star_schema_part_1.py took 0.018 seconds
[2023-12-19T19:39:54.270+0000] {processor.py:157} INFO - Started process (PID=2087) to work on /opt/airflow/dags/create_star_schema_part_1.py
[2023-12-19T19:39:54.271+0000] {processor.py:829} INFO - Processing file /opt/airflow/dags/create_star_schema_part_1.py for tasks to queue
[2023-12-19T19:39:54.271+0000] {logging_mixin.py:154} INFO - [2023-12-19T19:39:54.271+0000] {dagbag.py:536} INFO - Filling up the DagBag from /opt/airflow/dags/create_star_schema_part_1.py
[2023-12-19T19:39:54.276+0000] {processor.py:841} WARNING - No viable dags retrieved from /opt/airflow/dags/create_star_schema_part_1.py
[2023-12-19T19:39:54.287+0000] {processor.py:179} INFO - Processing /opt/airflow/dags/create_star_schema_part_1.py took 0.020 seconds
[2023-12-19T19:40:24.658+0000] {processor.py:157} INFO - Started process (PID=2119) to work on /opt/airflow/dags/create_star_schema_part_1.py
[2023-12-19T19:40:24.660+0000] {processor.py:829} INFO - Processing file /opt/airflow/dags/create_star_schema_part_1.py for tasks to queue
[2023-12-19T19:40:24.661+0000] {logging_mixin.py:154} INFO - [2023-12-19T19:40:24.660+0000] {dagbag.py:536} INFO - Filling up the DagBag from /opt/airflow/dags/create_star_schema_part_1.py
[2023-12-19T19:40:24.666+0000] {processor.py:841} WARNING - No viable dags retrieved from /opt/airflow/dags/create_star_schema_part_1.py
[2023-12-19T19:40:24.679+0000] {processor.py:179} INFO - Processing /opt/airflow/dags/create_star_schema_part_1.py took 0.024 seconds
[2023-12-19T19:40:55.076+0000] {processor.py:157} INFO - Started process (PID=2151) to work on /opt/airflow/dags/create_star_schema_part_1.py
[2023-12-19T19:40:55.077+0000] {processor.py:829} INFO - Processing file /opt/airflow/dags/create_star_schema_part_1.py for tasks to queue
[2023-12-19T19:40:55.078+0000] {logging_mixin.py:154} INFO - [2023-12-19T19:40:55.078+0000] {dagbag.py:536} INFO - Filling up the DagBag from /opt/airflow/dags/create_star_schema_part_1.py
[2023-12-19T19:40:55.083+0000] {processor.py:841} WARNING - No viable dags retrieved from /opt/airflow/dags/create_star_schema_part_1.py
[2023-12-19T19:40:55.095+0000] {processor.py:179} INFO - Processing /opt/airflow/dags/create_star_schema_part_1.py took 0.022 seconds
[2023-12-19T19:41:25.482+0000] {processor.py:157} INFO - Started process (PID=2182) to work on /opt/airflow/dags/create_star_schema_part_1.py
[2023-12-19T19:41:25.483+0000] {processor.py:829} INFO - Processing file /opt/airflow/dags/create_star_schema_part_1.py for tasks to queue
[2023-12-19T19:41:25.483+0000] {logging_mixin.py:154} INFO - [2023-12-19T19:41:25.483+0000] {dagbag.py:536} INFO - Filling up the DagBag from /opt/airflow/dags/create_star_schema_part_1.py
[2023-12-19T19:41:25.488+0000] {processor.py:841} WARNING - No viable dags retrieved from /opt/airflow/dags/create_star_schema_part_1.py
[2023-12-19T19:41:25.499+0000] {processor.py:179} INFO - Processing /opt/airflow/dags/create_star_schema_part_1.py took 0.021 seconds
[2023-12-19T19:41:55.914+0000] {processor.py:157} INFO - Started process (PID=2214) to work on /opt/airflow/dags/create_star_schema_part_1.py
[2023-12-19T19:41:55.914+0000] {processor.py:829} INFO - Processing file /opt/airflow/dags/create_star_schema_part_1.py for tasks to queue
[2023-12-19T19:41:55.915+0000] {logging_mixin.py:154} INFO - [2023-12-19T19:41:55.915+0000] {dagbag.py:536} INFO - Filling up the DagBag from /opt/airflow/dags/create_star_schema_part_1.py
[2023-12-19T19:41:55.919+0000] {processor.py:841} WARNING - No viable dags retrieved from /opt/airflow/dags/create_star_schema_part_1.py
[2023-12-19T19:41:55.930+0000] {processor.py:179} INFO - Processing /opt/airflow/dags/create_star_schema_part_1.py took 0.019 seconds
