[2023-12-13T02:17:43.315+0000] {processor.py:157} INFO - Started process (PID=197) to work on /opt/airflow/dags/clean_up_after_star_schema_creation.py
[2023-12-13T02:17:43.315+0000] {processor.py:829} INFO - Processing file /opt/airflow/dags/clean_up_after_star_schema_creation.py for tasks to queue
[2023-12-13T02:17:43.316+0000] {logging_mixin.py:154} INFO - [2023-12-13T02:17:43.316+0000] {dagbag.py:536} INFO - Filling up the DagBag from /opt/airflow/dags/clean_up_after_star_schema_creation.py
[2023-12-13T02:17:43.319+0000] {processor.py:841} WARNING - No viable dags retrieved from /opt/airflow/dags/clean_up_after_star_schema_creation.py
[2023-12-13T02:17:43.332+0000] {processor.py:179} INFO - Processing /opt/airflow/dags/clean_up_after_star_schema_creation.py took 0.019 seconds
[2023-12-13T02:18:13.580+0000] {processor.py:157} INFO - Started process (PID=241) to work on /opt/airflow/dags/clean_up_after_star_schema_creation.py
[2023-12-13T02:18:13.581+0000] {processor.py:829} INFO - Processing file /opt/airflow/dags/clean_up_after_star_schema_creation.py for tasks to queue
[2023-12-13T02:18:13.582+0000] {logging_mixin.py:154} INFO - [2023-12-13T02:18:13.581+0000] {dagbag.py:536} INFO - Filling up the DagBag from /opt/airflow/dags/clean_up_after_star_schema_creation.py
[2023-12-13T02:18:13.585+0000] {processor.py:841} WARNING - No viable dags retrieved from /opt/airflow/dags/clean_up_after_star_schema_creation.py
[2023-12-13T02:18:13.596+0000] {processor.py:179} INFO - Processing /opt/airflow/dags/clean_up_after_star_schema_creation.py took 0.019 seconds
[2023-12-13T02:18:44.032+0000] {processor.py:157} INFO - Started process (PID=287) to work on /opt/airflow/dags/clean_up_after_star_schema_creation.py
[2023-12-13T02:18:44.033+0000] {processor.py:829} INFO - Processing file /opt/airflow/dags/clean_up_after_star_schema_creation.py for tasks to queue
[2023-12-13T02:18:44.034+0000] {logging_mixin.py:154} INFO - [2023-12-13T02:18:44.033+0000] {dagbag.py:536} INFO - Filling up the DagBag from /opt/airflow/dags/clean_up_after_star_schema_creation.py
[2023-12-13T02:18:44.037+0000] {processor.py:841} WARNING - No viable dags retrieved from /opt/airflow/dags/clean_up_after_star_schema_creation.py
[2023-12-13T02:18:44.048+0000] {processor.py:179} INFO - Processing /opt/airflow/dags/clean_up_after_star_schema_creation.py took 0.017 seconds
[2023-12-13T02:19:14.454+0000] {processor.py:157} INFO - Started process (PID=337) to work on /opt/airflow/dags/clean_up_after_star_schema_creation.py
[2023-12-13T02:19:14.455+0000] {processor.py:829} INFO - Processing file /opt/airflow/dags/clean_up_after_star_schema_creation.py for tasks to queue
[2023-12-13T02:19:14.456+0000] {logging_mixin.py:154} INFO - [2023-12-13T02:19:14.455+0000] {dagbag.py:536} INFO - Filling up the DagBag from /opt/airflow/dags/clean_up_after_star_schema_creation.py
[2023-12-13T02:19:14.459+0000] {processor.py:841} WARNING - No viable dags retrieved from /opt/airflow/dags/clean_up_after_star_schema_creation.py
[2023-12-13T02:19:14.468+0000] {processor.py:179} INFO - Processing /opt/airflow/dags/clean_up_after_star_schema_creation.py took 0.015 seconds
[2023-12-13T02:19:44.893+0000] {processor.py:157} INFO - Started process (PID=385) to work on /opt/airflow/dags/clean_up_after_star_schema_creation.py
[2023-12-13T02:19:44.893+0000] {processor.py:829} INFO - Processing file /opt/airflow/dags/clean_up_after_star_schema_creation.py for tasks to queue
[2023-12-13T02:19:44.894+0000] {logging_mixin.py:154} INFO - [2023-12-13T02:19:44.894+0000] {dagbag.py:536} INFO - Filling up the DagBag from /opt/airflow/dags/clean_up_after_star_schema_creation.py
[2023-12-13T02:19:44.897+0000] {processor.py:841} WARNING - No viable dags retrieved from /opt/airflow/dags/clean_up_after_star_schema_creation.py
[2023-12-13T02:19:44.906+0000] {processor.py:179} INFO - Processing /opt/airflow/dags/clean_up_after_star_schema_creation.py took 0.015 seconds
[2023-12-13T02:20:15.396+0000] {processor.py:157} INFO - Started process (PID=433) to work on /opt/airflow/dags/clean_up_after_star_schema_creation.py
[2023-12-13T02:20:15.396+0000] {processor.py:829} INFO - Processing file /opt/airflow/dags/clean_up_after_star_schema_creation.py for tasks to queue
[2023-12-13T02:20:15.397+0000] {logging_mixin.py:154} INFO - [2023-12-13T02:20:15.397+0000] {dagbag.py:536} INFO - Filling up the DagBag from /opt/airflow/dags/clean_up_after_star_schema_creation.py
[2023-12-13T02:20:15.399+0000] {processor.py:841} WARNING - No viable dags retrieved from /opt/airflow/dags/clean_up_after_star_schema_creation.py
[2023-12-13T02:20:15.409+0000] {processor.py:179} INFO - Processing /opt/airflow/dags/clean_up_after_star_schema_creation.py took 0.015 seconds
[2023-12-13T02:20:45.847+0000] {processor.py:157} INFO - Started process (PID=481) to work on /opt/airflow/dags/clean_up_after_star_schema_creation.py
[2023-12-13T02:20:45.848+0000] {processor.py:829} INFO - Processing file /opt/airflow/dags/clean_up_after_star_schema_creation.py for tasks to queue
[2023-12-13T02:20:45.848+0000] {logging_mixin.py:154} INFO - [2023-12-13T02:20:45.848+0000] {dagbag.py:536} INFO - Filling up the DagBag from /opt/airflow/dags/clean_up_after_star_schema_creation.py
[2023-12-13T02:20:45.852+0000] {processor.py:841} WARNING - No viable dags retrieved from /opt/airflow/dags/clean_up_after_star_schema_creation.py
[2023-12-13T02:20:45.861+0000] {processor.py:179} INFO - Processing /opt/airflow/dags/clean_up_after_star_schema_creation.py took 0.015 seconds
[2023-12-13T02:21:16.286+0000] {processor.py:157} INFO - Started process (PID=529) to work on /opt/airflow/dags/clean_up_after_star_schema_creation.py
[2023-12-13T02:21:16.287+0000] {processor.py:829} INFO - Processing file /opt/airflow/dags/clean_up_after_star_schema_creation.py for tasks to queue
[2023-12-13T02:21:16.287+0000] {logging_mixin.py:154} INFO - [2023-12-13T02:21:16.287+0000] {dagbag.py:536} INFO - Filling up the DagBag from /opt/airflow/dags/clean_up_after_star_schema_creation.py
[2023-12-13T02:21:16.291+0000] {processor.py:841} WARNING - No viable dags retrieved from /opt/airflow/dags/clean_up_after_star_schema_creation.py
[2023-12-13T02:21:16.300+0000] {processor.py:179} INFO - Processing /opt/airflow/dags/clean_up_after_star_schema_creation.py took 0.016 seconds
[2023-12-13T02:21:46.790+0000] {processor.py:157} INFO - Started process (PID=577) to work on /opt/airflow/dags/clean_up_after_star_schema_creation.py
[2023-12-13T02:21:46.791+0000] {processor.py:829} INFO - Processing file /opt/airflow/dags/clean_up_after_star_schema_creation.py for tasks to queue
[2023-12-13T02:21:46.791+0000] {logging_mixin.py:154} INFO - [2023-12-13T02:21:46.791+0000] {dagbag.py:536} INFO - Filling up the DagBag from /opt/airflow/dags/clean_up_after_star_schema_creation.py
[2023-12-13T02:21:46.795+0000] {processor.py:841} WARNING - No viable dags retrieved from /opt/airflow/dags/clean_up_after_star_schema_creation.py
[2023-12-13T02:21:46.804+0000] {processor.py:179} INFO - Processing /opt/airflow/dags/clean_up_after_star_schema_creation.py took 0.015 seconds
[2023-12-13T02:22:17.084+0000] {processor.py:157} INFO - Started process (PID=631) to work on /opt/airflow/dags/clean_up_after_star_schema_creation.py
[2023-12-13T02:22:17.084+0000] {processor.py:829} INFO - Processing file /opt/airflow/dags/clean_up_after_star_schema_creation.py for tasks to queue
[2023-12-13T02:22:17.085+0000] {logging_mixin.py:154} INFO - [2023-12-13T02:22:17.084+0000] {dagbag.py:536} INFO - Filling up the DagBag from /opt/airflow/dags/clean_up_after_star_schema_creation.py
[2023-12-13T02:22:17.088+0000] {processor.py:841} WARNING - No viable dags retrieved from /opt/airflow/dags/clean_up_after_star_schema_creation.py
[2023-12-13T02:22:17.097+0000] {processor.py:179} INFO - Processing /opt/airflow/dags/clean_up_after_star_schema_creation.py took 0.015 seconds
[2023-12-13T02:22:47.543+0000] {processor.py:157} INFO - Started process (PID=688) to work on /opt/airflow/dags/clean_up_after_star_schema_creation.py
[2023-12-13T02:22:47.544+0000] {processor.py:829} INFO - Processing file /opt/airflow/dags/clean_up_after_star_schema_creation.py for tasks to queue
[2023-12-13T02:22:47.545+0000] {logging_mixin.py:154} INFO - [2023-12-13T02:22:47.545+0000] {dagbag.py:536} INFO - Filling up the DagBag from /opt/airflow/dags/clean_up_after_star_schema_creation.py
[2023-12-13T02:22:47.548+0000] {processor.py:841} WARNING - No viable dags retrieved from /opt/airflow/dags/clean_up_after_star_schema_creation.py
[2023-12-13T02:22:47.557+0000] {processor.py:179} INFO - Processing /opt/airflow/dags/clean_up_after_star_schema_creation.py took 0.016 seconds
[2023-12-13T02:23:18.026+0000] {processor.py:157} INFO - Started process (PID=736) to work on /opt/airflow/dags/clean_up_after_star_schema_creation.py
[2023-12-13T02:23:18.028+0000] {processor.py:829} INFO - Processing file /opt/airflow/dags/clean_up_after_star_schema_creation.py for tasks to queue
[2023-12-13T02:23:18.029+0000] {logging_mixin.py:154} INFO - [2023-12-13T02:23:18.028+0000] {dagbag.py:536} INFO - Filling up the DagBag from /opt/airflow/dags/clean_up_after_star_schema_creation.py
[2023-12-13T02:23:18.035+0000] {processor.py:841} WARNING - No viable dags retrieved from /opt/airflow/dags/clean_up_after_star_schema_creation.py
[2023-12-13T02:23:18.052+0000] {processor.py:179} INFO - Processing /opt/airflow/dags/clean_up_after_star_schema_creation.py took 0.029 seconds
[2023-12-13T02:23:48.451+0000] {processor.py:157} INFO - Started process (PID=790) to work on /opt/airflow/dags/clean_up_after_star_schema_creation.py
[2023-12-13T02:23:48.456+0000] {processor.py:829} INFO - Processing file /opt/airflow/dags/clean_up_after_star_schema_creation.py for tasks to queue
[2023-12-13T02:23:48.457+0000] {logging_mixin.py:154} INFO - [2023-12-13T02:23:48.457+0000] {dagbag.py:536} INFO - Filling up the DagBag from /opt/airflow/dags/clean_up_after_star_schema_creation.py
[2023-12-13T02:23:48.460+0000] {processor.py:841} WARNING - No viable dags retrieved from /opt/airflow/dags/clean_up_after_star_schema_creation.py
[2023-12-13T02:23:48.472+0000] {processor.py:179} INFO - Processing /opt/airflow/dags/clean_up_after_star_schema_creation.py took 0.024 seconds
[2023-12-13T02:24:18.899+0000] {processor.py:157} INFO - Started process (PID=838) to work on /opt/airflow/dags/clean_up_after_star_schema_creation.py
[2023-12-13T02:24:18.900+0000] {processor.py:829} INFO - Processing file /opt/airflow/dags/clean_up_after_star_schema_creation.py for tasks to queue
[2023-12-13T02:24:18.900+0000] {logging_mixin.py:154} INFO - [2023-12-13T02:24:18.900+0000] {dagbag.py:536} INFO - Filling up the DagBag from /opt/airflow/dags/clean_up_after_star_schema_creation.py
[2023-12-13T02:24:18.903+0000] {processor.py:841} WARNING - No viable dags retrieved from /opt/airflow/dags/clean_up_after_star_schema_creation.py
[2023-12-13T02:24:18.913+0000] {processor.py:179} INFO - Processing /opt/airflow/dags/clean_up_after_star_schema_creation.py took 0.016 seconds
[2023-12-13T02:24:49.326+0000] {processor.py:157} INFO - Started process (PID=895) to work on /opt/airflow/dags/clean_up_after_star_schema_creation.py
[2023-12-13T02:24:49.327+0000] {processor.py:829} INFO - Processing file /opt/airflow/dags/clean_up_after_star_schema_creation.py for tasks to queue
[2023-12-13T02:24:49.327+0000] {logging_mixin.py:154} INFO - [2023-12-13T02:24:49.327+0000] {dagbag.py:536} INFO - Filling up the DagBag from /opt/airflow/dags/clean_up_after_star_schema_creation.py
[2023-12-13T02:24:49.330+0000] {processor.py:841} WARNING - No viable dags retrieved from /opt/airflow/dags/clean_up_after_star_schema_creation.py
[2023-12-13T02:24:49.340+0000] {processor.py:179} INFO - Processing /opt/airflow/dags/clean_up_after_star_schema_creation.py took 0.016 seconds
[2023-12-13T02:25:19.766+0000] {processor.py:157} INFO - Started process (PID=943) to work on /opt/airflow/dags/clean_up_after_star_schema_creation.py
[2023-12-13T02:25:19.767+0000] {processor.py:829} INFO - Processing file /opt/airflow/dags/clean_up_after_star_schema_creation.py for tasks to queue
[2023-12-13T02:25:19.767+0000] {logging_mixin.py:154} INFO - [2023-12-13T02:25:19.767+0000] {dagbag.py:536} INFO - Filling up the DagBag from /opt/airflow/dags/clean_up_after_star_schema_creation.py
[2023-12-13T02:25:19.770+0000] {processor.py:841} WARNING - No viable dags retrieved from /opt/airflow/dags/clean_up_after_star_schema_creation.py
[2023-12-13T02:25:19.780+0000] {processor.py:179} INFO - Processing /opt/airflow/dags/clean_up_after_star_schema_creation.py took 0.016 seconds
[2023-12-13T02:25:49.937+0000] {processor.py:157} INFO - Started process (PID=1012) to work on /opt/airflow/dags/clean_up_after_star_schema_creation.py
[2023-12-13T02:25:49.937+0000] {processor.py:829} INFO - Processing file /opt/airflow/dags/clean_up_after_star_schema_creation.py for tasks to queue
[2023-12-13T02:25:49.938+0000] {logging_mixin.py:154} INFO - [2023-12-13T02:25:49.938+0000] {dagbag.py:536} INFO - Filling up the DagBag from /opt/airflow/dags/clean_up_after_star_schema_creation.py
[2023-12-13T02:25:49.942+0000] {processor.py:841} WARNING - No viable dags retrieved from /opt/airflow/dags/clean_up_after_star_schema_creation.py
[2023-12-13T02:25:49.955+0000] {processor.py:179} INFO - Processing /opt/airflow/dags/clean_up_after_star_schema_creation.py took 0.021 seconds
[2023-12-13T02:26:20.375+0000] {processor.py:157} INFO - Started process (PID=1060) to work on /opt/airflow/dags/clean_up_after_star_schema_creation.py
[2023-12-13T02:26:20.376+0000] {processor.py:829} INFO - Processing file /opt/airflow/dags/clean_up_after_star_schema_creation.py for tasks to queue
[2023-12-13T02:26:20.377+0000] {logging_mixin.py:154} INFO - [2023-12-13T02:26:20.377+0000] {dagbag.py:536} INFO - Filling up the DagBag from /opt/airflow/dags/clean_up_after_star_schema_creation.py
[2023-12-13T02:26:20.380+0000] {processor.py:841} WARNING - No viable dags retrieved from /opt/airflow/dags/clean_up_after_star_schema_creation.py
[2023-12-13T02:26:20.390+0000] {processor.py:179} INFO - Processing /opt/airflow/dags/clean_up_after_star_schema_creation.py took 0.016 seconds
[2023-12-13T02:26:50.448+0000] {processor.py:157} INFO - Started process (PID=1124) to work on /opt/airflow/dags/clean_up_after_star_schema_creation.py
[2023-12-13T02:26:50.448+0000] {processor.py:829} INFO - Processing file /opt/airflow/dags/clean_up_after_star_schema_creation.py for tasks to queue
[2023-12-13T02:26:50.449+0000] {logging_mixin.py:154} INFO - [2023-12-13T02:26:50.449+0000] {dagbag.py:536} INFO - Filling up the DagBag from /opt/airflow/dags/clean_up_after_star_schema_creation.py
[2023-12-13T02:26:50.452+0000] {processor.py:841} WARNING - No viable dags retrieved from /opt/airflow/dags/clean_up_after_star_schema_creation.py
[2023-12-13T02:26:50.463+0000] {processor.py:179} INFO - Processing /opt/airflow/dags/clean_up_after_star_schema_creation.py took 0.018 seconds
[2023-12-13T02:27:20.852+0000] {processor.py:157} INFO - Started process (PID=1174) to work on /opt/airflow/dags/clean_up_after_star_schema_creation.py
[2023-12-13T02:27:20.853+0000] {processor.py:829} INFO - Processing file /opt/airflow/dags/clean_up_after_star_schema_creation.py for tasks to queue
[2023-12-13T02:27:20.853+0000] {logging_mixin.py:154} INFO - [2023-12-13T02:27:20.853+0000] {dagbag.py:536} INFO - Filling up the DagBag from /opt/airflow/dags/clean_up_after_star_schema_creation.py
[2023-12-13T02:27:20.857+0000] {processor.py:841} WARNING - No viable dags retrieved from /opt/airflow/dags/clean_up_after_star_schema_creation.py
[2023-12-13T02:27:20.866+0000] {processor.py:179} INFO - Processing /opt/airflow/dags/clean_up_after_star_schema_creation.py took 0.016 seconds
[2023-12-13T02:27:51.249+0000] {processor.py:157} INFO - Started process (PID=1240) to work on /opt/airflow/dags/clean_up_after_star_schema_creation.py
[2023-12-13T02:27:51.250+0000] {processor.py:829} INFO - Processing file /opt/airflow/dags/clean_up_after_star_schema_creation.py for tasks to queue
[2023-12-13T02:27:51.250+0000] {logging_mixin.py:154} INFO - [2023-12-13T02:27:51.250+0000] {dagbag.py:536} INFO - Filling up the DagBag from /opt/airflow/dags/clean_up_after_star_schema_creation.py
[2023-12-13T02:27:51.253+0000] {processor.py:841} WARNING - No viable dags retrieved from /opt/airflow/dags/clean_up_after_star_schema_creation.py
[2023-12-13T02:27:51.264+0000] {processor.py:179} INFO - Processing /opt/airflow/dags/clean_up_after_star_schema_creation.py took 0.017 seconds
[2023-12-13T02:28:21.696+0000] {processor.py:157} INFO - Started process (PID=1288) to work on /opt/airflow/dags/clean_up_after_star_schema_creation.py
[2023-12-13T02:28:21.697+0000] {processor.py:829} INFO - Processing file /opt/airflow/dags/clean_up_after_star_schema_creation.py for tasks to queue
[2023-12-13T02:28:21.697+0000] {logging_mixin.py:154} INFO - [2023-12-13T02:28:21.697+0000] {dagbag.py:536} INFO - Filling up the DagBag from /opt/airflow/dags/clean_up_after_star_schema_creation.py
[2023-12-13T02:28:21.702+0000] {processor.py:841} WARNING - No viable dags retrieved from /opt/airflow/dags/clean_up_after_star_schema_creation.py
[2023-12-13T02:28:21.711+0000] {processor.py:179} INFO - Processing /opt/airflow/dags/clean_up_after_star_schema_creation.py took 0.017 seconds
[2023-12-13T02:28:52.107+0000] {processor.py:157} INFO - Started process (PID=1336) to work on /opt/airflow/dags/clean_up_after_star_schema_creation.py
[2023-12-13T02:28:52.108+0000] {processor.py:829} INFO - Processing file /opt/airflow/dags/clean_up_after_star_schema_creation.py for tasks to queue
[2023-12-13T02:28:52.108+0000] {logging_mixin.py:154} INFO - [2023-12-13T02:28:52.108+0000] {dagbag.py:536} INFO - Filling up the DagBag from /opt/airflow/dags/clean_up_after_star_schema_creation.py
[2023-12-13T02:28:52.113+0000] {processor.py:841} WARNING - No viable dags retrieved from /opt/airflow/dags/clean_up_after_star_schema_creation.py
[2023-12-13T02:28:52.123+0000] {processor.py:179} INFO - Processing /opt/airflow/dags/clean_up_after_star_schema_creation.py took 0.018 seconds
