[2023-12-13T02:17:43.230+0000] {processor.py:157} INFO - Started process (PID=187) to work on /opt/airflow/dags/create_star_schema_part_2.py
[2023-12-13T02:17:43.231+0000] {processor.py:829} INFO - Processing file /opt/airflow/dags/create_star_schema_part_2.py for tasks to queue
[2023-12-13T02:17:43.231+0000] {logging_mixin.py:154} INFO - [2023-12-13T02:17:43.231+0000] {dagbag.py:536} INFO - Filling up the DagBag from /opt/airflow/dags/create_star_schema_part_2.py
[2023-12-13T02:17:43.235+0000] {processor.py:841} WARNING - No viable dags retrieved from /opt/airflow/dags/create_star_schema_part_2.py
[2023-12-13T02:17:43.250+0000] {processor.py:179} INFO - Processing /opt/airflow/dags/create_star_schema_part_2.py took 0.022 seconds
[2023-12-13T02:18:13.545+0000] {processor.py:157} INFO - Started process (PID=231) to work on /opt/airflow/dags/create_star_schema_part_2.py
[2023-12-13T02:18:13.546+0000] {processor.py:829} INFO - Processing file /opt/airflow/dags/create_star_schema_part_2.py for tasks to queue
[2023-12-13T02:18:13.547+0000] {logging_mixin.py:154} INFO - [2023-12-13T02:18:13.547+0000] {dagbag.py:536} INFO - Filling up the DagBag from /opt/airflow/dags/create_star_schema_part_2.py
[2023-12-13T02:18:13.551+0000] {processor.py:841} WARNING - No viable dags retrieved from /opt/airflow/dags/create_star_schema_part_2.py
[2023-12-13T02:18:13.562+0000] {processor.py:179} INFO - Processing /opt/airflow/dags/create_star_schema_part_2.py took 0.019 seconds
[2023-12-13T02:18:43.999+0000] {processor.py:157} INFO - Started process (PID=277) to work on /opt/airflow/dags/create_star_schema_part_2.py
[2023-12-13T02:18:43.999+0000] {processor.py:829} INFO - Processing file /opt/airflow/dags/create_star_schema_part_2.py for tasks to queue
[2023-12-13T02:18:44.000+0000] {logging_mixin.py:154} INFO - [2023-12-13T02:18:44.000+0000] {dagbag.py:536} INFO - Filling up the DagBag from /opt/airflow/dags/create_star_schema_part_2.py
[2023-12-13T02:18:44.004+0000] {processor.py:841} WARNING - No viable dags retrieved from /opt/airflow/dags/create_star_schema_part_2.py
[2023-12-13T02:18:44.016+0000] {processor.py:179} INFO - Processing /opt/airflow/dags/create_star_schema_part_2.py took 0.019 seconds
[2023-12-13T02:19:14.425+0000] {processor.py:157} INFO - Started process (PID=327) to work on /opt/airflow/dags/create_star_schema_part_2.py
[2023-12-13T02:19:14.425+0000] {processor.py:829} INFO - Processing file /opt/airflow/dags/create_star_schema_part_2.py for tasks to queue
[2023-12-13T02:19:14.426+0000] {logging_mixin.py:154} INFO - [2023-12-13T02:19:14.426+0000] {dagbag.py:536} INFO - Filling up the DagBag from /opt/airflow/dags/create_star_schema_part_2.py
[2023-12-13T02:19:14.430+0000] {processor.py:841} WARNING - No viable dags retrieved from /opt/airflow/dags/create_star_schema_part_2.py
[2023-12-13T02:19:14.440+0000] {processor.py:179} INFO - Processing /opt/airflow/dags/create_star_schema_part_2.py took 0.017 seconds
[2023-12-13T02:19:44.863+0000] {processor.py:157} INFO - Started process (PID=375) to work on /opt/airflow/dags/create_star_schema_part_2.py
[2023-12-13T02:19:44.864+0000] {processor.py:829} INFO - Processing file /opt/airflow/dags/create_star_schema_part_2.py for tasks to queue
[2023-12-13T02:19:44.864+0000] {logging_mixin.py:154} INFO - [2023-12-13T02:19:44.864+0000] {dagbag.py:536} INFO - Filling up the DagBag from /opt/airflow/dags/create_star_schema_part_2.py
[2023-12-13T02:19:44.869+0000] {processor.py:841} WARNING - No viable dags retrieved from /opt/airflow/dags/create_star_schema_part_2.py
[2023-12-13T02:19:44.878+0000] {processor.py:179} INFO - Processing /opt/airflow/dags/create_star_schema_part_2.py took 0.017 seconds
[2023-12-13T02:20:15.364+0000] {processor.py:157} INFO - Started process (PID=423) to work on /opt/airflow/dags/create_star_schema_part_2.py
[2023-12-13T02:20:15.365+0000] {processor.py:829} INFO - Processing file /opt/airflow/dags/create_star_schema_part_2.py for tasks to queue
[2023-12-13T02:20:15.366+0000] {logging_mixin.py:154} INFO - [2023-12-13T02:20:15.366+0000] {dagbag.py:536} INFO - Filling up the DagBag from /opt/airflow/dags/create_star_schema_part_2.py
[2023-12-13T02:20:15.370+0000] {processor.py:841} WARNING - No viable dags retrieved from /opt/airflow/dags/create_star_schema_part_2.py
[2023-12-13T02:20:15.381+0000] {processor.py:179} INFO - Processing /opt/airflow/dags/create_star_schema_part_2.py took 0.018 seconds
[2023-12-13T02:20:45.817+0000] {processor.py:157} INFO - Started process (PID=471) to work on /opt/airflow/dags/create_star_schema_part_2.py
[2023-12-13T02:20:45.818+0000] {processor.py:829} INFO - Processing file /opt/airflow/dags/create_star_schema_part_2.py for tasks to queue
[2023-12-13T02:20:45.819+0000] {logging_mixin.py:154} INFO - [2023-12-13T02:20:45.818+0000] {dagbag.py:536} INFO - Filling up the DagBag from /opt/airflow/dags/create_star_schema_part_2.py
[2023-12-13T02:20:45.823+0000] {processor.py:841} WARNING - No viable dags retrieved from /opt/airflow/dags/create_star_schema_part_2.py
[2023-12-13T02:20:45.833+0000] {processor.py:179} INFO - Processing /opt/airflow/dags/create_star_schema_part_2.py took 0.017 seconds
[2023-12-13T02:21:16.256+0000] {processor.py:157} INFO - Started process (PID=519) to work on /opt/airflow/dags/create_star_schema_part_2.py
[2023-12-13T02:21:16.256+0000] {processor.py:829} INFO - Processing file /opt/airflow/dags/create_star_schema_part_2.py for tasks to queue
[2023-12-13T02:21:16.257+0000] {logging_mixin.py:154} INFO - [2023-12-13T02:21:16.257+0000] {dagbag.py:536} INFO - Filling up the DagBag from /opt/airflow/dags/create_star_schema_part_2.py
[2023-12-13T02:21:16.262+0000] {processor.py:841} WARNING - No viable dags retrieved from /opt/airflow/dags/create_star_schema_part_2.py
[2023-12-13T02:21:16.271+0000] {processor.py:179} INFO - Processing /opt/airflow/dags/create_star_schema_part_2.py took 0.018 seconds
[2023-12-13T02:21:46.761+0000] {processor.py:157} INFO - Started process (PID=567) to work on /opt/airflow/dags/create_star_schema_part_2.py
[2023-12-13T02:21:46.762+0000] {processor.py:829} INFO - Processing file /opt/airflow/dags/create_star_schema_part_2.py for tasks to queue
[2023-12-13T02:21:46.763+0000] {logging_mixin.py:154} INFO - [2023-12-13T02:21:46.763+0000] {dagbag.py:536} INFO - Filling up the DagBag from /opt/airflow/dags/create_star_schema_part_2.py
[2023-12-13T02:21:46.767+0000] {processor.py:841} WARNING - No viable dags retrieved from /opt/airflow/dags/create_star_schema_part_2.py
[2023-12-13T02:21:46.776+0000] {processor.py:179} INFO - Processing /opt/airflow/dags/create_star_schema_part_2.py took 0.017 seconds
[2023-12-13T02:22:17.054+0000] {processor.py:157} INFO - Started process (PID=621) to work on /opt/airflow/dags/create_star_schema_part_2.py
[2023-12-13T02:22:17.055+0000] {processor.py:829} INFO - Processing file /opt/airflow/dags/create_star_schema_part_2.py for tasks to queue
[2023-12-13T02:22:17.055+0000] {logging_mixin.py:154} INFO - [2023-12-13T02:22:17.055+0000] {dagbag.py:536} INFO - Filling up the DagBag from /opt/airflow/dags/create_star_schema_part_2.py
[2023-12-13T02:22:17.060+0000] {processor.py:841} WARNING - No viable dags retrieved from /opt/airflow/dags/create_star_schema_part_2.py
[2023-12-13T02:22:17.069+0000] {processor.py:179} INFO - Processing /opt/airflow/dags/create_star_schema_part_2.py took 0.017 seconds
[2023-12-13T02:22:47.511+0000] {processor.py:157} INFO - Started process (PID=678) to work on /opt/airflow/dags/create_star_schema_part_2.py
[2023-12-13T02:22:47.512+0000] {processor.py:829} INFO - Processing file /opt/airflow/dags/create_star_schema_part_2.py for tasks to queue
[2023-12-13T02:22:47.512+0000] {logging_mixin.py:154} INFO - [2023-12-13T02:22:47.512+0000] {dagbag.py:536} INFO - Filling up the DagBag from /opt/airflow/dags/create_star_schema_part_2.py
[2023-12-13T02:22:47.517+0000] {processor.py:841} WARNING - No viable dags retrieved from /opt/airflow/dags/create_star_schema_part_2.py
[2023-12-13T02:22:47.527+0000] {processor.py:179} INFO - Processing /opt/airflow/dags/create_star_schema_part_2.py took 0.018 seconds
[2023-12-13T02:23:17.973+0000] {processor.py:157} INFO - Started process (PID=726) to work on /opt/airflow/dags/create_star_schema_part_2.py
[2023-12-13T02:23:17.975+0000] {processor.py:829} INFO - Processing file /opt/airflow/dags/create_star_schema_part_2.py for tasks to queue
[2023-12-13T02:23:17.976+0000] {logging_mixin.py:154} INFO - [2023-12-13T02:23:17.975+0000] {dagbag.py:536} INFO - Filling up the DagBag from /opt/airflow/dags/create_star_schema_part_2.py
[2023-12-13T02:23:17.981+0000] {processor.py:841} WARNING - No viable dags retrieved from /opt/airflow/dags/create_star_schema_part_2.py
[2023-12-13T02:23:17.998+0000] {processor.py:179} INFO - Processing /opt/airflow/dags/create_star_schema_part_2.py took 0.027 seconds
[2023-12-13T02:23:48.412+0000] {processor.py:157} INFO - Started process (PID=780) to work on /opt/airflow/dags/create_star_schema_part_2.py
[2023-12-13T02:23:48.412+0000] {processor.py:829} INFO - Processing file /opt/airflow/dags/create_star_schema_part_2.py for tasks to queue
[2023-12-13T02:23:48.413+0000] {logging_mixin.py:154} INFO - [2023-12-13T02:23:48.413+0000] {dagbag.py:536} INFO - Filling up the DagBag from /opt/airflow/dags/create_star_schema_part_2.py
[2023-12-13T02:23:48.419+0000] {processor.py:841} WARNING - No viable dags retrieved from /opt/airflow/dags/create_star_schema_part_2.py
[2023-12-13T02:23:48.431+0000] {processor.py:179} INFO - Processing /opt/airflow/dags/create_star_schema_part_2.py took 0.022 seconds
[2023-12-13T02:24:18.869+0000] {processor.py:157} INFO - Started process (PID=828) to work on /opt/airflow/dags/create_star_schema_part_2.py
[2023-12-13T02:24:18.870+0000] {processor.py:829} INFO - Processing file /opt/airflow/dags/create_star_schema_part_2.py for tasks to queue
[2023-12-13T02:24:18.870+0000] {logging_mixin.py:154} INFO - [2023-12-13T02:24:18.870+0000] {dagbag.py:536} INFO - Filling up the DagBag from /opt/airflow/dags/create_star_schema_part_2.py
[2023-12-13T02:24:18.875+0000] {processor.py:841} WARNING - No viable dags retrieved from /opt/airflow/dags/create_star_schema_part_2.py
[2023-12-13T02:24:18.885+0000] {processor.py:179} INFO - Processing /opt/airflow/dags/create_star_schema_part_2.py took 0.018 seconds
[2023-12-13T02:24:49.294+0000] {processor.py:157} INFO - Started process (PID=885) to work on /opt/airflow/dags/create_star_schema_part_2.py
[2023-12-13T02:24:49.295+0000] {processor.py:829} INFO - Processing file /opt/airflow/dags/create_star_schema_part_2.py for tasks to queue
[2023-12-13T02:24:49.295+0000] {logging_mixin.py:154} INFO - [2023-12-13T02:24:49.295+0000] {dagbag.py:536} INFO - Filling up the DagBag from /opt/airflow/dags/create_star_schema_part_2.py
[2023-12-13T02:24:49.300+0000] {processor.py:841} WARNING - No viable dags retrieved from /opt/airflow/dags/create_star_schema_part_2.py
[2023-12-13T02:24:49.311+0000] {processor.py:179} INFO - Processing /opt/airflow/dags/create_star_schema_part_2.py took 0.019 seconds
[2023-12-13T02:25:19.736+0000] {processor.py:157} INFO - Started process (PID=933) to work on /opt/airflow/dags/create_star_schema_part_2.py
[2023-12-13T02:25:19.736+0000] {processor.py:829} INFO - Processing file /opt/airflow/dags/create_star_schema_part_2.py for tasks to queue
[2023-12-13T02:25:19.737+0000] {logging_mixin.py:154} INFO - [2023-12-13T02:25:19.737+0000] {dagbag.py:536} INFO - Filling up the DagBag from /opt/airflow/dags/create_star_schema_part_2.py
[2023-12-13T02:25:19.741+0000] {processor.py:841} WARNING - No viable dags retrieved from /opt/airflow/dags/create_star_schema_part_2.py
[2023-12-13T02:25:19.751+0000] {processor.py:179} INFO - Processing /opt/airflow/dags/create_star_schema_part_2.py took 0.018 seconds
[2023-12-13T02:25:49.876+0000] {processor.py:157} INFO - Started process (PID=1002) to work on /opt/airflow/dags/create_star_schema_part_2.py
[2023-12-13T02:25:49.877+0000] {processor.py:829} INFO - Processing file /opt/airflow/dags/create_star_schema_part_2.py for tasks to queue
[2023-12-13T02:25:49.877+0000] {logging_mixin.py:154} INFO - [2023-12-13T02:25:49.877+0000] {dagbag.py:536} INFO - Filling up the DagBag from /opt/airflow/dags/create_star_schema_part_2.py
[2023-12-13T02:25:49.888+0000] {processor.py:841} WARNING - No viable dags retrieved from /opt/airflow/dags/create_star_schema_part_2.py
[2023-12-13T02:25:49.909+0000] {processor.py:179} INFO - Processing /opt/airflow/dags/create_star_schema_part_2.py took 0.036 seconds
[2023-12-13T02:26:20.341+0000] {processor.py:157} INFO - Started process (PID=1050) to work on /opt/airflow/dags/create_star_schema_part_2.py
[2023-12-13T02:26:20.342+0000] {processor.py:829} INFO - Processing file /opt/airflow/dags/create_star_schema_part_2.py for tasks to queue
[2023-12-13T02:26:20.343+0000] {logging_mixin.py:154} INFO - [2023-12-13T02:26:20.343+0000] {dagbag.py:536} INFO - Filling up the DagBag from /opt/airflow/dags/create_star_schema_part_2.py
[2023-12-13T02:26:20.348+0000] {processor.py:841} WARNING - No viable dags retrieved from /opt/airflow/dags/create_star_schema_part_2.py
[2023-12-13T02:26:20.359+0000] {processor.py:179} INFO - Processing /opt/airflow/dags/create_star_schema_part_2.py took 0.020 seconds
[2023-12-13T02:26:50.410+0000] {processor.py:157} INFO - Started process (PID=1116) to work on /opt/airflow/dags/create_star_schema_part_2.py
[2023-12-13T02:26:50.411+0000] {processor.py:829} INFO - Processing file /opt/airflow/dags/create_star_schema_part_2.py for tasks to queue
[2023-12-13T02:26:50.412+0000] {logging_mixin.py:154} INFO - [2023-12-13T02:26:50.411+0000] {dagbag.py:536} INFO - Filling up the DagBag from /opt/airflow/dags/create_star_schema_part_2.py
[2023-12-13T02:26:50.416+0000] {processor.py:841} WARNING - No viable dags retrieved from /opt/airflow/dags/create_star_schema_part_2.py
[2023-12-13T02:26:50.426+0000] {processor.py:179} INFO - Processing /opt/airflow/dags/create_star_schema_part_2.py took 0.019 seconds
[2023-12-13T02:27:20.819+0000] {processor.py:157} INFO - Started process (PID=1164) to work on /opt/airflow/dags/create_star_schema_part_2.py
[2023-12-13T02:27:20.820+0000] {processor.py:829} INFO - Processing file /opt/airflow/dags/create_star_schema_part_2.py for tasks to queue
[2023-12-13T02:27:20.821+0000] {logging_mixin.py:154} INFO - [2023-12-13T02:27:20.820+0000] {dagbag.py:536} INFO - Filling up the DagBag from /opt/airflow/dags/create_star_schema_part_2.py
[2023-12-13T02:27:20.826+0000] {processor.py:841} WARNING - No viable dags retrieved from /opt/airflow/dags/create_star_schema_part_2.py
[2023-12-13T02:27:20.836+0000] {processor.py:179} INFO - Processing /opt/airflow/dags/create_star_schema_part_2.py took 0.019 seconds
[2023-12-13T02:27:51.215+0000] {processor.py:157} INFO - Started process (PID=1230) to work on /opt/airflow/dags/create_star_schema_part_2.py
[2023-12-13T02:27:51.215+0000] {processor.py:829} INFO - Processing file /opt/airflow/dags/create_star_schema_part_2.py for tasks to queue
[2023-12-13T02:27:51.216+0000] {logging_mixin.py:154} INFO - [2023-12-13T02:27:51.216+0000] {dagbag.py:536} INFO - Filling up the DagBag from /opt/airflow/dags/create_star_schema_part_2.py
[2023-12-13T02:27:51.220+0000] {processor.py:841} WARNING - No viable dags retrieved from /opt/airflow/dags/create_star_schema_part_2.py
[2023-12-13T02:27:51.232+0000] {processor.py:179} INFO - Processing /opt/airflow/dags/create_star_schema_part_2.py took 0.019 seconds
[2023-12-13T02:28:21.663+0000] {processor.py:157} INFO - Started process (PID=1278) to work on /opt/airflow/dags/create_star_schema_part_2.py
[2023-12-13T02:28:21.664+0000] {processor.py:829} INFO - Processing file /opt/airflow/dags/create_star_schema_part_2.py for tasks to queue
[2023-12-13T02:28:21.664+0000] {logging_mixin.py:154} INFO - [2023-12-13T02:28:21.664+0000] {dagbag.py:536} INFO - Filling up the DagBag from /opt/airflow/dags/create_star_schema_part_2.py
[2023-12-13T02:28:21.669+0000] {processor.py:841} WARNING - No viable dags retrieved from /opt/airflow/dags/create_star_schema_part_2.py
[2023-12-13T02:28:21.679+0000] {processor.py:179} INFO - Processing /opt/airflow/dags/create_star_schema_part_2.py took 0.019 seconds
[2023-12-13T02:28:52.076+0000] {processor.py:157} INFO - Started process (PID=1326) to work on /opt/airflow/dags/create_star_schema_part_2.py
[2023-12-13T02:28:52.077+0000] {processor.py:829} INFO - Processing file /opt/airflow/dags/create_star_schema_part_2.py for tasks to queue
[2023-12-13T02:28:52.078+0000] {logging_mixin.py:154} INFO - [2023-12-13T02:28:52.077+0000] {dagbag.py:536} INFO - Filling up the DagBag from /opt/airflow/dags/create_star_schema_part_2.py
[2023-12-13T02:28:52.082+0000] {processor.py:841} WARNING - No viable dags retrieved from /opt/airflow/dags/create_star_schema_part_2.py
[2023-12-13T02:28:52.092+0000] {processor.py:179} INFO - Processing /opt/airflow/dags/create_star_schema_part_2.py took 0.018 seconds
