[2023-12-13T02:17:43.270+0000] {processor.py:157} INFO - Started process (PID=192) to work on /opt/airflow/dags/create_star_schema_part_1.py
[2023-12-13T02:17:43.271+0000] {processor.py:829} INFO - Processing file /opt/airflow/dags/create_star_schema_part_1.py for tasks to queue
[2023-12-13T02:17:43.272+0000] {logging_mixin.py:154} INFO - [2023-12-13T02:17:43.272+0000] {dagbag.py:536} INFO - Filling up the DagBag from /opt/airflow/dags/create_star_schema_part_1.py
[2023-12-13T02:17:43.279+0000] {processor.py:841} WARNING - No viable dags retrieved from /opt/airflow/dags/create_star_schema_part_1.py
[2023-12-13T02:17:43.294+0000] {processor.py:179} INFO - Processing /opt/airflow/dags/create_star_schema_part_1.py took 0.026 seconds
[2023-12-13T02:18:13.550+0000] {processor.py:157} INFO - Started process (PID=234) to work on /opt/airflow/dags/create_star_schema_part_1.py
[2023-12-13T02:18:13.550+0000] {processor.py:829} INFO - Processing file /opt/airflow/dags/create_star_schema_part_1.py for tasks to queue
[2023-12-13T02:18:13.551+0000] {logging_mixin.py:154} INFO - [2023-12-13T02:18:13.551+0000] {dagbag.py:536} INFO - Filling up the DagBag from /opt/airflow/dags/create_star_schema_part_1.py
[2023-12-13T02:18:13.555+0000] {processor.py:841} WARNING - No viable dags retrieved from /opt/airflow/dags/create_star_schema_part_1.py
[2023-12-13T02:18:13.565+0000] {processor.py:179} INFO - Processing /opt/airflow/dags/create_star_schema_part_1.py took 0.018 seconds
[2023-12-13T02:18:44.023+0000] {processor.py:157} INFO - Started process (PID=284) to work on /opt/airflow/dags/create_star_schema_part_1.py
[2023-12-13T02:18:44.024+0000] {processor.py:829} INFO - Processing file /opt/airflow/dags/create_star_schema_part_1.py for tasks to queue
[2023-12-13T02:18:44.025+0000] {logging_mixin.py:154} INFO - [2023-12-13T02:18:44.025+0000] {dagbag.py:536} INFO - Filling up the DagBag from /opt/airflow/dags/create_star_schema_part_1.py
[2023-12-13T02:18:44.029+0000] {processor.py:841} WARNING - No viable dags retrieved from /opt/airflow/dags/create_star_schema_part_1.py
[2023-12-13T02:18:44.040+0000] {processor.py:179} INFO - Processing /opt/airflow/dags/create_star_schema_part_1.py took 0.019 seconds
[2023-12-13T02:19:14.429+0000] {processor.py:157} INFO - Started process (PID=330) to work on /opt/airflow/dags/create_star_schema_part_1.py
[2023-12-13T02:19:14.430+0000] {processor.py:829} INFO - Processing file /opt/airflow/dags/create_star_schema_part_1.py for tasks to queue
[2023-12-13T02:19:14.430+0000] {logging_mixin.py:154} INFO - [2023-12-13T02:19:14.430+0000] {dagbag.py:536} INFO - Filling up the DagBag from /opt/airflow/dags/create_star_schema_part_1.py
[2023-12-13T02:19:14.434+0000] {processor.py:841} WARNING - No viable dags retrieved from /opt/airflow/dags/create_star_schema_part_1.py
[2023-12-13T02:19:14.443+0000] {processor.py:179} INFO - Processing /opt/airflow/dags/create_star_schema_part_1.py took 0.017 seconds
[2023-12-13T02:19:44.867+0000] {processor.py:157} INFO - Started process (PID=378) to work on /opt/airflow/dags/create_star_schema_part_1.py
[2023-12-13T02:19:44.868+0000] {processor.py:829} INFO - Processing file /opt/airflow/dags/create_star_schema_part_1.py for tasks to queue
[2023-12-13T02:19:44.868+0000] {logging_mixin.py:154} INFO - [2023-12-13T02:19:44.868+0000] {dagbag.py:536} INFO - Filling up the DagBag from /opt/airflow/dags/create_star_schema_part_1.py
[2023-12-13T02:19:44.872+0000] {processor.py:841} WARNING - No viable dags retrieved from /opt/airflow/dags/create_star_schema_part_1.py
[2023-12-13T02:19:44.881+0000] {processor.py:179} INFO - Processing /opt/airflow/dags/create_star_schema_part_1.py took 0.016 seconds
[2023-12-13T02:20:15.369+0000] {processor.py:157} INFO - Started process (PID=426) to work on /opt/airflow/dags/create_star_schema_part_1.py
[2023-12-13T02:20:15.369+0000] {processor.py:829} INFO - Processing file /opt/airflow/dags/create_star_schema_part_1.py for tasks to queue
[2023-12-13T02:20:15.370+0000] {logging_mixin.py:154} INFO - [2023-12-13T02:20:15.370+0000] {dagbag.py:536} INFO - Filling up the DagBag from /opt/airflow/dags/create_star_schema_part_1.py
[2023-12-13T02:20:15.375+0000] {processor.py:841} WARNING - No viable dags retrieved from /opt/airflow/dags/create_star_schema_part_1.py
[2023-12-13T02:20:15.385+0000] {processor.py:179} INFO - Processing /opt/airflow/dags/create_star_schema_part_1.py took 0.018 seconds
[2023-12-13T02:20:45.821+0000] {processor.py:157} INFO - Started process (PID=474) to work on /opt/airflow/dags/create_star_schema_part_1.py
[2023-12-13T02:20:45.822+0000] {processor.py:829} INFO - Processing file /opt/airflow/dags/create_star_schema_part_1.py for tasks to queue
[2023-12-13T02:20:45.822+0000] {logging_mixin.py:154} INFO - [2023-12-13T02:20:45.822+0000] {dagbag.py:536} INFO - Filling up the DagBag from /opt/airflow/dags/create_star_schema_part_1.py
[2023-12-13T02:20:45.826+0000] {processor.py:841} WARNING - No viable dags retrieved from /opt/airflow/dags/create_star_schema_part_1.py
[2023-12-13T02:20:45.835+0000] {processor.py:179} INFO - Processing /opt/airflow/dags/create_star_schema_part_1.py took 0.016 seconds
[2023-12-13T02:21:16.260+0000] {processor.py:157} INFO - Started process (PID=522) to work on /opt/airflow/dags/create_star_schema_part_1.py
[2023-12-13T02:21:16.260+0000] {processor.py:829} INFO - Processing file /opt/airflow/dags/create_star_schema_part_1.py for tasks to queue
[2023-12-13T02:21:16.261+0000] {logging_mixin.py:154} INFO - [2023-12-13T02:21:16.261+0000] {dagbag.py:536} INFO - Filling up the DagBag from /opt/airflow/dags/create_star_schema_part_1.py
[2023-12-13T02:21:16.265+0000] {processor.py:841} WARNING - No viable dags retrieved from /opt/airflow/dags/create_star_schema_part_1.py
[2023-12-13T02:21:16.274+0000] {processor.py:179} INFO - Processing /opt/airflow/dags/create_star_schema_part_1.py took 0.016 seconds
[2023-12-13T02:21:46.765+0000] {processor.py:157} INFO - Started process (PID=570) to work on /opt/airflow/dags/create_star_schema_part_1.py
[2023-12-13T02:21:46.766+0000] {processor.py:829} INFO - Processing file /opt/airflow/dags/create_star_schema_part_1.py for tasks to queue
[2023-12-13T02:21:46.766+0000] {logging_mixin.py:154} INFO - [2023-12-13T02:21:46.766+0000] {dagbag.py:536} INFO - Filling up the DagBag from /opt/airflow/dags/create_star_schema_part_1.py
[2023-12-13T02:21:46.770+0000] {processor.py:841} WARNING - No viable dags retrieved from /opt/airflow/dags/create_star_schema_part_1.py
[2023-12-13T02:21:46.779+0000] {processor.py:179} INFO - Processing /opt/airflow/dags/create_star_schema_part_1.py took 0.015 seconds
[2023-12-13T02:22:17.058+0000] {processor.py:157} INFO - Started process (PID=624) to work on /opt/airflow/dags/create_star_schema_part_1.py
[2023-12-13T02:22:17.058+0000] {processor.py:829} INFO - Processing file /opt/airflow/dags/create_star_schema_part_1.py for tasks to queue
[2023-12-13T02:22:17.059+0000] {logging_mixin.py:154} INFO - [2023-12-13T02:22:17.059+0000] {dagbag.py:536} INFO - Filling up the DagBag from /opt/airflow/dags/create_star_schema_part_1.py
[2023-12-13T02:22:17.063+0000] {processor.py:841} WARNING - No viable dags retrieved from /opt/airflow/dags/create_star_schema_part_1.py
[2023-12-13T02:22:17.071+0000] {processor.py:179} INFO - Processing /opt/airflow/dags/create_star_schema_part_1.py took 0.016 seconds
[2023-12-13T02:22:47.515+0000] {processor.py:157} INFO - Started process (PID=681) to work on /opt/airflow/dags/create_star_schema_part_1.py
[2023-12-13T02:22:47.516+0000] {processor.py:829} INFO - Processing file /opt/airflow/dags/create_star_schema_part_1.py for tasks to queue
[2023-12-13T02:22:47.516+0000] {logging_mixin.py:154} INFO - [2023-12-13T02:22:47.516+0000] {dagbag.py:536} INFO - Filling up the DagBag from /opt/airflow/dags/create_star_schema_part_1.py
[2023-12-13T02:22:47.521+0000] {processor.py:841} WARNING - No viable dags retrieved from /opt/airflow/dags/create_star_schema_part_1.py
[2023-12-13T02:22:47.531+0000] {processor.py:179} INFO - Processing /opt/airflow/dags/create_star_schema_part_1.py took 0.018 seconds
[2023-12-13T02:23:17.980+0000] {processor.py:157} INFO - Started process (PID=729) to work on /opt/airflow/dags/create_star_schema_part_1.py
[2023-12-13T02:23:17.981+0000] {processor.py:829} INFO - Processing file /opt/airflow/dags/create_star_schema_part_1.py for tasks to queue
[2023-12-13T02:23:17.982+0000] {logging_mixin.py:154} INFO - [2023-12-13T02:23:17.981+0000] {dagbag.py:536} INFO - Filling up the DagBag from /opt/airflow/dags/create_star_schema_part_1.py
[2023-12-13T02:23:17.990+0000] {processor.py:841} WARNING - No viable dags retrieved from /opt/airflow/dags/create_star_schema_part_1.py
[2023-12-13T02:23:18.010+0000] {processor.py:179} INFO - Processing /opt/airflow/dags/create_star_schema_part_1.py took 0.032 seconds
[2023-12-13T02:23:48.416+0000] {processor.py:157} INFO - Started process (PID=783) to work on /opt/airflow/dags/create_star_schema_part_1.py
[2023-12-13T02:23:48.417+0000] {processor.py:829} INFO - Processing file /opt/airflow/dags/create_star_schema_part_1.py for tasks to queue
[2023-12-13T02:23:48.418+0000] {logging_mixin.py:154} INFO - [2023-12-13T02:23:48.418+0000] {dagbag.py:536} INFO - Filling up the DagBag from /opt/airflow/dags/create_star_schema_part_1.py
[2023-12-13T02:23:48.424+0000] {processor.py:841} WARNING - No viable dags retrieved from /opt/airflow/dags/create_star_schema_part_1.py
[2023-12-13T02:23:48.437+0000] {processor.py:179} INFO - Processing /opt/airflow/dags/create_star_schema_part_1.py took 0.023 seconds
[2023-12-13T02:24:18.874+0000] {processor.py:157} INFO - Started process (PID=831) to work on /opt/airflow/dags/create_star_schema_part_1.py
[2023-12-13T02:24:18.874+0000] {processor.py:829} INFO - Processing file /opt/airflow/dags/create_star_schema_part_1.py for tasks to queue
[2023-12-13T02:24:18.875+0000] {logging_mixin.py:154} INFO - [2023-12-13T02:24:18.875+0000] {dagbag.py:536} INFO - Filling up the DagBag from /opt/airflow/dags/create_star_schema_part_1.py
[2023-12-13T02:24:18.879+0000] {processor.py:841} WARNING - No viable dags retrieved from /opt/airflow/dags/create_star_schema_part_1.py
[2023-12-13T02:24:18.888+0000] {processor.py:179} INFO - Processing /opt/airflow/dags/create_star_schema_part_1.py took 0.016 seconds
[2023-12-13T02:24:49.298+0000] {processor.py:157} INFO - Started process (PID=888) to work on /opt/airflow/dags/create_star_schema_part_1.py
[2023-12-13T02:24:49.299+0000] {processor.py:829} INFO - Processing file /opt/airflow/dags/create_star_schema_part_1.py for tasks to queue
[2023-12-13T02:24:49.300+0000] {logging_mixin.py:154} INFO - [2023-12-13T02:24:49.299+0000] {dagbag.py:536} INFO - Filling up the DagBag from /opt/airflow/dags/create_star_schema_part_1.py
[2023-12-13T02:24:49.304+0000] {processor.py:841} WARNING - No viable dags retrieved from /opt/airflow/dags/create_star_schema_part_1.py
[2023-12-13T02:24:49.314+0000] {processor.py:179} INFO - Processing /opt/airflow/dags/create_star_schema_part_1.py took 0.018 seconds
[2023-12-13T02:25:19.739+0000] {processor.py:157} INFO - Started process (PID=936) to work on /opt/airflow/dags/create_star_schema_part_1.py
[2023-12-13T02:25:19.740+0000] {processor.py:829} INFO - Processing file /opt/airflow/dags/create_star_schema_part_1.py for tasks to queue
[2023-12-13T02:25:19.741+0000] {logging_mixin.py:154} INFO - [2023-12-13T02:25:19.741+0000] {dagbag.py:536} INFO - Filling up the DagBag from /opt/airflow/dags/create_star_schema_part_1.py
[2023-12-13T02:25:19.744+0000] {processor.py:841} WARNING - No viable dags retrieved from /opt/airflow/dags/create_star_schema_part_1.py
[2023-12-13T02:25:19.754+0000] {processor.py:179} INFO - Processing /opt/airflow/dags/create_star_schema_part_1.py took 0.016 seconds
[2023-12-13T02:25:49.884+0000] {processor.py:157} INFO - Started process (PID=1005) to work on /opt/airflow/dags/create_star_schema_part_1.py
[2023-12-13T02:25:49.885+0000] {processor.py:829} INFO - Processing file /opt/airflow/dags/create_star_schema_part_1.py for tasks to queue
[2023-12-13T02:25:49.887+0000] {logging_mixin.py:154} INFO - [2023-12-13T02:25:49.887+0000] {dagbag.py:536} INFO - Filling up the DagBag from /opt/airflow/dags/create_star_schema_part_1.py
[2023-12-13T02:25:49.898+0000] {processor.py:841} WARNING - No viable dags retrieved from /opt/airflow/dags/create_star_schema_part_1.py
[2023-12-13T02:25:49.917+0000] {processor.py:179} INFO - Processing /opt/airflow/dags/create_star_schema_part_1.py took 0.037 seconds
[2023-12-13T02:26:20.346+0000] {processor.py:157} INFO - Started process (PID=1053) to work on /opt/airflow/dags/create_star_schema_part_1.py
[2023-12-13T02:26:20.347+0000] {processor.py:829} INFO - Processing file /opt/airflow/dags/create_star_schema_part_1.py for tasks to queue
[2023-12-13T02:26:20.348+0000] {logging_mixin.py:154} INFO - [2023-12-13T02:26:20.347+0000] {dagbag.py:536} INFO - Filling up the DagBag from /opt/airflow/dags/create_star_schema_part_1.py
[2023-12-13T02:26:20.351+0000] {processor.py:841} WARNING - No viable dags retrieved from /opt/airflow/dags/create_star_schema_part_1.py
[2023-12-13T02:26:20.363+0000] {processor.py:179} INFO - Processing /opt/airflow/dags/create_star_schema_part_1.py took 0.020 seconds
[2023-12-13T02:26:50.442+0000] {processor.py:157} INFO - Started process (PID=1121) to work on /opt/airflow/dags/create_star_schema_part_1.py
[2023-12-13T02:26:50.443+0000] {processor.py:829} INFO - Processing file /opt/airflow/dags/create_star_schema_part_1.py for tasks to queue
[2023-12-13T02:26:50.444+0000] {logging_mixin.py:154} INFO - [2023-12-13T02:26:50.444+0000] {dagbag.py:536} INFO - Filling up the DagBag from /opt/airflow/dags/create_star_schema_part_1.py
[2023-12-13T02:26:50.448+0000] {processor.py:841} WARNING - No viable dags retrieved from /opt/airflow/dags/create_star_schema_part_1.py
[2023-12-13T02:26:50.460+0000] {processor.py:179} INFO - Processing /opt/airflow/dags/create_star_schema_part_1.py took 0.021 seconds
[2023-12-13T02:27:20.825+0000] {processor.py:157} INFO - Started process (PID=1167) to work on /opt/airflow/dags/create_star_schema_part_1.py
[2023-12-13T02:27:20.825+0000] {processor.py:829} INFO - Processing file /opt/airflow/dags/create_star_schema_part_1.py for tasks to queue
[2023-12-13T02:27:20.826+0000] {logging_mixin.py:154} INFO - [2023-12-13T02:27:20.826+0000] {dagbag.py:536} INFO - Filling up the DagBag from /opt/airflow/dags/create_star_schema_part_1.py
[2023-12-13T02:27:20.830+0000] {processor.py:841} WARNING - No viable dags retrieved from /opt/airflow/dags/create_star_schema_part_1.py
[2023-12-13T02:27:20.840+0000] {processor.py:179} INFO - Processing /opt/airflow/dags/create_star_schema_part_1.py took 0.018 seconds
[2023-12-13T02:27:51.219+0000] {processor.py:157} INFO - Started process (PID=1233) to work on /opt/airflow/dags/create_star_schema_part_1.py
[2023-12-13T02:27:51.220+0000] {processor.py:829} INFO - Processing file /opt/airflow/dags/create_star_schema_part_1.py for tasks to queue
[2023-12-13T02:27:51.221+0000] {logging_mixin.py:154} INFO - [2023-12-13T02:27:51.221+0000] {dagbag.py:536} INFO - Filling up the DagBag from /opt/airflow/dags/create_star_schema_part_1.py
[2023-12-13T02:27:51.226+0000] {processor.py:841} WARNING - No viable dags retrieved from /opt/airflow/dags/create_star_schema_part_1.py
[2023-12-13T02:27:51.236+0000] {processor.py:179} INFO - Processing /opt/airflow/dags/create_star_schema_part_1.py took 0.019 seconds
[2023-12-13T02:28:21.668+0000] {processor.py:157} INFO - Started process (PID=1281) to work on /opt/airflow/dags/create_star_schema_part_1.py
[2023-12-13T02:28:21.669+0000] {processor.py:829} INFO - Processing file /opt/airflow/dags/create_star_schema_part_1.py for tasks to queue
[2023-12-13T02:28:21.669+0000] {logging_mixin.py:154} INFO - [2023-12-13T02:28:21.669+0000] {dagbag.py:536} INFO - Filling up the DagBag from /opt/airflow/dags/create_star_schema_part_1.py
[2023-12-13T02:28:21.673+0000] {processor.py:841} WARNING - No viable dags retrieved from /opt/airflow/dags/create_star_schema_part_1.py
[2023-12-13T02:28:21.684+0000] {processor.py:179} INFO - Processing /opt/airflow/dags/create_star_schema_part_1.py took 0.019 seconds
[2023-12-13T02:28:52.081+0000] {processor.py:157} INFO - Started process (PID=1329) to work on /opt/airflow/dags/create_star_schema_part_1.py
[2023-12-13T02:28:52.081+0000] {processor.py:829} INFO - Processing file /opt/airflow/dags/create_star_schema_part_1.py for tasks to queue
[2023-12-13T02:28:52.082+0000] {logging_mixin.py:154} INFO - [2023-12-13T02:28:52.082+0000] {dagbag.py:536} INFO - Filling up the DagBag from /opt/airflow/dags/create_star_schema_part_1.py
[2023-12-13T02:28:52.086+0000] {processor.py:841} WARNING - No viable dags retrieved from /opt/airflow/dags/create_star_schema_part_1.py
[2023-12-13T02:28:52.096+0000] {processor.py:179} INFO - Processing /opt/airflow/dags/create_star_schema_part_1.py took 0.018 seconds
