[2023-12-21T16:29:39.337+0000] {taskinstance.py:1159} INFO - Dependencies all met for dep_context=non-requeueable deps ti=<TaskInstance: Loan_Prediction-v01.create_copy_of_postgres_table scheduled__2023-12-01T00:00:00+00:00 [queued]>
[2023-12-21T16:29:39.343+0000] {taskinstance.py:1159} INFO - Dependencies all met for dep_context=requeueable deps ti=<TaskInstance: Loan_Prediction-v01.create_copy_of_postgres_table scheduled__2023-12-01T00:00:00+00:00 [queued]>
[2023-12-21T16:29:39.343+0000] {taskinstance.py:1361} INFO - Starting attempt 1 of 6
[2023-12-21T16:29:39.351+0000] {taskinstance.py:1382} INFO - Executing <Task(PostgresOperator): create_copy_of_postgres_table> on 2023-12-01 00:00:00+00:00
[2023-12-21T16:29:39.355+0000] {standard_task_runner.py:57} INFO - Started process 1018 to run task
[2023-12-21T16:29:39.357+0000] {standard_task_runner.py:84} INFO - Running: ['***', 'tasks', 'run', 'Loan_Prediction-v01', 'create_copy_of_postgres_table', 'scheduled__2023-12-01T00:00:00+00:00', '--job-id', '3', '--raw', '--subdir', 'DAGS_FOLDER/Loan_Prediction.py', '--cfg-path', '/tmp/tmpqc34p9vk']
[2023-12-21T16:29:39.359+0000] {standard_task_runner.py:85} INFO - Job 3: Subtask create_copy_of_postgres_table
[2023-12-21T16:29:39.397+0000] {task_command.py:416} INFO - Running <TaskInstance: Loan_Prediction-v01.create_copy_of_postgres_table scheduled__2023-12-01T00:00:00+00:00 [running]> on host 56b600c92613
[2023-12-21T16:29:39.452+0000] {taskinstance.py:1662} INFO - Exporting env vars: AIRFLOW_CTX_DAG_OWNER='dunnbc22' AIRFLOW_CTX_DAG_ID='Loan_Prediction-v01' AIRFLOW_CTX_TASK_ID='create_copy_of_postgres_table' AIRFLOW_CTX_EXECUTION_DATE='2023-12-01T00:00:00+00:00' AIRFLOW_CTX_TRY_NUMBER='1' AIRFLOW_CTX_DAG_RUN_ID='scheduled__2023-12-01T00:00:00+00:00'
[2023-12-21T16:29:39.454+0000] {sql.py:274} INFO - Executing: -- params: new_table_name, orig_table_name

-- Drop the copy of the table, if it already exists
DROP TABLE IF EXISTS loan_prediction_pipe;

-- Create copy of table
CREATE TABLE loan_prediction_pipe AS
SELECT * 
FROM loan_pred;

-- Grant additional permissions on the table
GRANT SELECT, INSERT, UPDATE, DELETE ON loan_prediction_pipe TO ***;
[2023-12-21T16:29:39.465+0000] {base.py:73} INFO - Using connection ID 'postgres_conn' for task execution.
[2023-12-21T16:29:39.482+0000] {base.py:73} INFO - Using connection ID 'postgres_conn' for task execution.
[2023-12-21T16:29:39.500+0000] {sql.py:418} INFO - Running statement: -- params: new_table_name, orig_table_name

-- Drop the copy of the table, if it already exists
DROP TABLE IF EXISTS loan_prediction_pipe;

-- Create copy of table
CREATE TABLE loan_prediction_pipe AS
SELECT * 
FROM loan_pred;

-- Grant additional permissions on the table
GRANT SELECT, INSERT, UPDATE, DELETE ON loan_prediction_pipe TO ***;, parameters: None
[2023-12-21T16:29:39.545+0000] {taskinstance.py:1400} INFO - Marking task as SUCCESS. dag_id=Loan_Prediction-v01, task_id=create_copy_of_postgres_table, execution_date=20231201T000000, start_date=20231221T162939, end_date=20231221T162939
[2023-12-21T16:29:39.572+0000] {local_task_job_runner.py:228} INFO - Task exited with return code 0
[2023-12-21T16:29:39.594+0000] {taskinstance.py:2778} INFO - 1 downstream tasks scheduled from follow-on schedule check
