[2023-12-19T05:00:15.806+0000] {taskinstance.py:1159} INFO - Dependencies all met for dep_context=non-requeueable deps ti=<TaskInstance: bank_and_cc_complaints-v01.insert_fk_into_fact_table.insert_fk_col_in_fact_table_company scheduled__2023-12-01T00:00:00+00:00 [queued]>
[2023-12-19T05:00:15.818+0000] {taskinstance.py:1159} INFO - Dependencies all met for dep_context=requeueable deps ti=<TaskInstance: bank_and_cc_complaints-v01.insert_fk_into_fact_table.insert_fk_col_in_fact_table_company scheduled__2023-12-01T00:00:00+00:00 [queued]>
[2023-12-19T05:00:15.819+0000] {taskinstance.py:1361} INFO - Starting attempt 1 of 6
[2023-12-19T05:00:15.840+0000] {taskinstance.py:1382} INFO - Executing <Task(PostgresOperator): insert_fk_col_in_fact_table_company> on 2023-12-01 00:00:00+00:00
[2023-12-19T05:00:15.845+0000] {standard_task_runner.py:57} INFO - Started process 1046 to run task
[2023-12-19T05:00:15.852+0000] {standard_task_runner.py:84} INFO - Running: ['***', 'tasks', 'run', 'bank_and_cc_complaints-v01.insert_fk_into_fact_table', 'insert_fk_col_in_fact_table_company', 'scheduled__2023-12-01T00:00:00+00:00', '--job-id', '35', '--raw', '--subdir', 'DAGS_FOLDER/bank_and_cc_complaints.py', '--cfg-path', '/tmp/tmpmrtnk6ii']
[2023-12-19T05:00:15.856+0000] {standard_task_runner.py:85} INFO - Job 35: Subtask insert_fk_col_in_fact_table_company
[2023-12-19T05:00:15.916+0000] {task_command.py:416} INFO - Running <TaskInstance: bank_and_cc_complaints-v01.insert_fk_into_fact_table.insert_fk_col_in_fact_table_company scheduled__2023-12-01T00:00:00+00:00 [running]> on host 2ee4b7dc3cc7
[2023-12-19T05:00:15.992+0000] {taskinstance.py:1662} INFO - Exporting env vars: AIRFLOW_CTX_DAG_OWNER='dunnbc22' AIRFLOW_CTX_DAG_ID='bank_and_cc_complaints-v01.insert_fk_into_fact_table' AIRFLOW_CTX_TASK_ID='insert_fk_col_in_fact_table_company' AIRFLOW_CTX_EXECUTION_DATE='2023-12-01T00:00:00+00:00' AIRFLOW_CTX_TRY_NUMBER='1' AIRFLOW_CTX_DAG_RUN_ID='scheduled__2023-12-01T00:00:00+00:00'
[2023-12-19T05:00:15.993+0000] {sql.py:274} INFO - Executing: -- params: table_name, dimension_col

/*
Steps 1-3 were completed in the create_dim_table.sql 
file & associated PostgresOperator
*/


-- Step 4: Add foreign key column to fact table
ALTER TABLE ***_complaints
ADD COLUMN company_id INTEGER;

-- Step 4: Update foreign key column to fact table with 
-- appropriate id (that matches with dim table)
UPDATE ***_complaints
SET company_id = dimension_table_company.id
FROM dimension_table_company
WHERE COALESCE(***_complaints.company::text, '') = COALESCE(dimension_table_company.company::text, '');
[2023-12-19T05:00:16.001+0000] {base.py:73} INFO - Using connection ID 'postgres_conn' for task execution.
[2023-12-19T05:00:16.007+0000] {base.py:73} INFO - Using connection ID 'postgres_conn' for task execution.
[2023-12-19T05:00:16.011+0000] {sql.py:418} INFO - Running statement: -- params: table_name, dimension_col

/*
Steps 1-3 were completed in the create_dim_table.sql 
file & associated PostgresOperator
*/


-- Step 4: Add foreign key column to fact table
ALTER TABLE ***_complaints
ADD COLUMN company_id INTEGER;

-- Step 4: Update foreign key column to fact table with 
-- appropriate id (that matches with dim table)
UPDATE ***_complaints
SET company_id = dimension_table_company.id
FROM dimension_table_company
WHERE COALESCE(***_complaints.company::text, '') = COALESCE(dimension_table_company.company::text, '');, parameters: None
[2023-12-19T05:00:21.500+0000] {sql.py:427} INFO - Rows affected: 170241
[2023-12-19T05:00:21.522+0000] {taskinstance.py:1400} INFO - Marking task as SUCCESS. dag_id=bank_and_cc_complaints-v01.insert_fk_into_fact_table, task_id=insert_fk_col_in_fact_table_company, execution_date=20231201T000000, start_date=20231219T050015, end_date=20231219T050021
[2023-12-19T05:00:21.549+0000] {local_task_job_runner.py:228} INFO - Task exited with return code 0
[2023-12-19T05:00:21.576+0000] {taskinstance.py:2778} INFO - 0 downstream tasks scheduled from follow-on schedule check
