[2023-12-21T20:39:31.976+0000] {taskinstance.py:1159} INFO - Dependencies all met for dep_context=non-requeueable deps ti=<TaskInstance: Prop_Sales_Data_Real_Estate_Trends-v01.insert_fk_into_fact_table.insert_fk_col_in_fact_table_House_style scheduled__2023-12-01T00:00:00+00:00 [queued]>
[2023-12-21T20:39:31.982+0000] {taskinstance.py:1159} INFO - Dependencies all met for dep_context=requeueable deps ti=<TaskInstance: Prop_Sales_Data_Real_Estate_Trends-v01.insert_fk_into_fact_table.insert_fk_col_in_fact_table_House_style scheduled__2023-12-01T00:00:00+00:00 [queued]>
[2023-12-21T20:39:31.982+0000] {taskinstance.py:1361} INFO - Starting attempt 1 of 6
[2023-12-21T20:39:31.994+0000] {taskinstance.py:1382} INFO - Executing <Task(PostgresOperator): insert_fk_col_in_fact_table_House_style> on 2023-12-01 00:00:00+00:00
[2023-12-21T20:39:31.999+0000] {standard_task_runner.py:57} INFO - Started process 894 to run task
[2023-12-21T20:39:32.002+0000] {standard_task_runner.py:84} INFO - Running: ['***', 'tasks', 'run', 'Prop_Sales_Data_Real_Estate_Trends-v01.insert_fk_into_fact_table', 'insert_fk_col_in_fact_table_House_style', 'scheduled__2023-12-01T00:00:00+00:00', '--job-id', '29', '--raw', '--subdir', 'DAGS_FOLDER/Prop_Sales_Data_Real_Estate_Trends.py', '--cfg-path', '/tmp/tmp46c_2tls']
[2023-12-21T20:39:32.004+0000] {standard_task_runner.py:85} INFO - Job 29: Subtask insert_fk_col_in_fact_table_House_style
[2023-12-21T20:39:32.053+0000] {task_command.py:416} INFO - Running <TaskInstance: Prop_Sales_Data_Real_Estate_Trends-v01.insert_fk_into_fact_table.insert_fk_col_in_fact_table_House_style scheduled__2023-12-01T00:00:00+00:00 [running]> on host aab5f6d62a77
[2023-12-21T20:39:32.114+0000] {taskinstance.py:1662} INFO - Exporting env vars: AIRFLOW_CTX_DAG_OWNER='dunnbc22' AIRFLOW_CTX_DAG_ID='Prop_Sales_Data_Real_Estate_Trends-v01.insert_fk_into_fact_table' AIRFLOW_CTX_TASK_ID='insert_fk_col_in_fact_table_House_style' AIRFLOW_CTX_EXECUTION_DATE='2023-12-01T00:00:00+00:00' AIRFLOW_CTX_TRY_NUMBER='1' AIRFLOW_CTX_DAG_RUN_ID='scheduled__2023-12-01T00:00:00+00:00'
[2023-12-21T20:39:32.116+0000] {sql.py:274} INFO - Executing: -- params: table_name, dimension_col

/*
Steps 1-3 were completed in the create_dim_table.sql 
file & associated PostgresOperator
*/


-- Step 4: Add foreign key column to fact table
ALTER TABLE prop_sales_data_real_estate_trends_pipe
ADD COLUMN House_style_id INTEGER;

-- Step 4: Update foreign key column to fact table with 
-- appropriate id (that matches with dim table)
UPDATE prop_sales_data_real_estate_trends_pipe
SET House_style_id = dimension_table_House_style.id
FROM dimension_table_House_style
WHERE COALESCE(prop_sales_data_real_estate_trends_pipe.House_style::text, '') = COALESCE(dimension_table_House_style.House_style::text, '');
[2023-12-21T20:39:32.124+0000] {base.py:73} INFO - Using connection ID 'postgres_conn' for task execution.
[2023-12-21T20:39:32.134+0000] {base.py:73} INFO - Using connection ID 'postgres_conn' for task execution.
[2023-12-21T20:39:32.143+0000] {sql.py:418} INFO - Running statement: -- params: table_name, dimension_col

/*
Steps 1-3 were completed in the create_dim_table.sql 
file & associated PostgresOperator
*/


-- Step 4: Add foreign key column to fact table
ALTER TABLE prop_sales_data_real_estate_trends_pipe
ADD COLUMN House_style_id INTEGER;

-- Step 4: Update foreign key column to fact table with 
-- appropriate id (that matches with dim table)
UPDATE prop_sales_data_real_estate_trends_pipe
SET House_style_id = dimension_table_House_style.id
FROM dimension_table_House_style
WHERE COALESCE(prop_sales_data_real_estate_trends_pipe.House_style::text, '') = COALESCE(dimension_table_House_style.House_style::text, '');, parameters: None
[2023-12-21T20:39:32.631+0000] {sql.py:427} INFO - Rows affected: 28848
[2023-12-21T20:39:32.641+0000] {taskinstance.py:1400} INFO - Marking task as SUCCESS. dag_id=Prop_Sales_Data_Real_Estate_Trends-v01.insert_fk_into_fact_table, task_id=insert_fk_col_in_fact_table_House_style, execution_date=20231201T000000, start_date=20231221T203931, end_date=20231221T203932
[2023-12-21T20:39:32.675+0000] {local_task_job_runner.py:228} INFO - Task exited with return code 0
[2023-12-21T20:39:32.689+0000] {taskinstance.py:2778} INFO - 0 downstream tasks scheduled from follow-on schedule check
