[2023-12-08T17:42:49.342+0000] {taskinstance.py:1159} INFO - Dependencies all met for dep_context=non-requeueable deps ti=<TaskInstance: Allegheny_Co_Property_Sale_Transactions-v01.remove_unnecessary_columns.remove_unnecessary_columns.remove_PROPERTYUNITNO_col scheduled__2023-12-08T17:42:45.621722+00:00 [queued]>
[2023-12-08T17:42:49.351+0000] {taskinstance.py:1159} INFO - Dependencies all met for dep_context=requeueable deps ti=<TaskInstance: Allegheny_Co_Property_Sale_Transactions-v01.remove_unnecessary_columns.remove_unnecessary_columns.remove_PROPERTYUNITNO_col scheduled__2023-12-08T17:42:45.621722+00:00 [queued]>
[2023-12-08T17:42:49.353+0000] {taskinstance.py:1361} INFO - Starting attempt 1 of 6
[2023-12-08T17:42:49.363+0000] {taskinstance.py:1382} INFO - Executing <Task(PostgresOperator): remove_unnecessary_columns.remove_PROPERTYUNITNO_col> on 2023-12-08 17:42:45.621722+00:00
[2023-12-08T17:42:49.368+0000] {standard_task_runner.py:57} INFO - Started process 5217 to run task
[2023-12-08T17:42:49.371+0000] {standard_task_runner.py:84} INFO - Running: ['***', 'tasks', 'run', 'Allegheny_Co_Property_Sale_Transactions-v01.remove_unnecessary_columns', 'remove_unnecessary_columns.remove_PROPERTYUNITNO_col', 'scheduled__2023-12-08T17:42:45.621722+00:00', '--job-id', '55', '--raw', '--subdir', 'DAGS_FOLDER/Allegheny Co Property Sale Transactions.py', '--cfg-path', '/tmp/tmp6m6w1z1a']
[2023-12-08T17:42:49.377+0000] {standard_task_runner.py:85} INFO - Job 55: Subtask remove_unnecessary_columns.remove_PROPERTYUNITNO_col
[2023-12-08T17:42:49.433+0000] {task_command.py:416} INFO - Running <TaskInstance: Allegheny_Co_Property_Sale_Transactions-v01.remove_unnecessary_columns.remove_unnecessary_columns.remove_PROPERTYUNITNO_col scheduled__2023-12-08T17:42:45.621722+00:00 [running]> on host 1fc866509645
[2023-12-08T17:42:49.508+0000] {taskinstance.py:1662} INFO - Exporting env vars: AIRFLOW_CTX_DAG_OWNER='dunnbc22' AIRFLOW_CTX_DAG_ID='Allegheny_Co_Property_Sale_Transactions-v01.remove_unnecessary_columns' AIRFLOW_CTX_TASK_ID='remove_unnecessary_columns.remove_PROPERTYUNITNO_col' AIRFLOW_CTX_EXECUTION_DATE='2023-12-08T17:42:45.621722+00:00' AIRFLOW_CTX_TRY_NUMBER='1' AIRFLOW_CTX_DAG_RUN_ID='scheduled__2023-12-08T17:42:45.621722+00:00'
[2023-12-08T17:42:49.511+0000] {sql.py:274} INFO - Executing: -- table_name, column_name
ALTER TABLE allegheny_co_property_sale_transactions
DROP COLUMN PROPERTYUNITNO;
[2023-12-08T17:42:49.521+0000] {base.py:73} INFO - Using connection ID 'postgres_conn' for task execution.
[2023-12-08T17:42:49.531+0000] {base.py:73} INFO - Using connection ID 'postgres_conn' for task execution.
[2023-12-08T17:42:49.548+0000] {sql.py:418} INFO - Running statement: -- table_name, column_name
ALTER TABLE allegheny_co_property_sale_transactions
DROP COLUMN PROPERTYUNITNO;, parameters: None
[2023-12-08T17:42:49.571+0000] {taskinstance.py:1400} INFO - Marking task as SUCCESS. dag_id=Allegheny_Co_Property_Sale_Transactions-v01.remove_unnecessary_columns, task_id=remove_unnecessary_columns.remove_PROPERTYUNITNO_col, execution_date=20231208T174245, start_date=20231208T174249, end_date=20231208T174249
[2023-12-08T17:42:49.587+0000] {local_task_job_runner.py:228} INFO - Task exited with return code 0
[2023-12-08T17:42:49.611+0000] {taskinstance.py:2778} INFO - 0 downstream tasks scheduled from follow-on schedule check
