[2023-12-12T21:11:13.523+0000] {taskinstance.py:1159} INFO - Dependencies all met for dep_context=non-requeueable deps ti=<TaskInstance: home_insurance_ds-v01.remove_unnecessary_columns.remove_unnecessary_columns.remove_Police_col scheduled__2023-12-01T00:00:00+00:00 [queued]>
[2023-12-12T21:11:13.527+0000] {taskinstance.py:1159} INFO - Dependencies all met for dep_context=requeueable deps ti=<TaskInstance: home_insurance_ds-v01.remove_unnecessary_columns.remove_unnecessary_columns.remove_Police_col scheduled__2023-12-01T00:00:00+00:00 [queued]>
[2023-12-12T21:11:13.527+0000] {taskinstance.py:1361} INFO - Starting attempt 1 of 6
[2023-12-12T21:11:13.533+0000] {taskinstance.py:1382} INFO - Executing <Task(PostgresOperator): remove_unnecessary_columns.remove_Police_col> on 2023-12-01 00:00:00+00:00
[2023-12-12T21:11:13.537+0000] {standard_task_runner.py:57} INFO - Started process 316 to run task
[2023-12-12T21:11:13.539+0000] {standard_task_runner.py:84} INFO - Running: ['***', 'tasks', 'run', 'home_insurance_ds-v01.remove_unnecessary_columns', 'remove_unnecessary_columns.remove_Police_col', 'scheduled__2023-12-01T00:00:00+00:00', '--job-id', '5', '--raw', '--subdir', 'DAGS_FOLDER/home_insurance_dataset.py', '--cfg-path', '/tmp/tmpbslmb7ps']
[2023-12-12T21:11:13.541+0000] {standard_task_runner.py:85} INFO - Job 5: Subtask remove_unnecessary_columns.remove_Police_col
[2023-12-12T21:11:13.577+0000] {task_command.py:416} INFO - Running <TaskInstance: home_insurance_ds-v01.remove_unnecessary_columns.remove_unnecessary_columns.remove_Police_col scheduled__2023-12-01T00:00:00+00:00 [running]> on host 7a94ca99eac6
[2023-12-12T21:11:13.622+0000] {taskinstance.py:1662} INFO - Exporting env vars: AIRFLOW_CTX_DAG_OWNER='dunnbc22' AIRFLOW_CTX_DAG_ID='home_insurance_ds-v01.remove_unnecessary_columns' AIRFLOW_CTX_TASK_ID='remove_unnecessary_columns.remove_Police_col' AIRFLOW_CTX_EXECUTION_DATE='2023-12-01T00:00:00+00:00' AIRFLOW_CTX_TRY_NUMBER='1' AIRFLOW_CTX_DAG_RUN_ID='scheduled__2023-12-01T00:00:00+00:00'
[2023-12-12T21:11:13.623+0000] {sql.py:274} INFO - Executing: -- table_name, column_name
ALTER TABLE home_insurance_ds_pipeline
DROP COLUMN Police;
[2023-12-12T21:11:13.629+0000] {base.py:73} INFO - Using connection ID 'postgres_conn' for task execution.
[2023-12-12T21:11:13.635+0000] {base.py:73} INFO - Using connection ID 'postgres_conn' for task execution.
[2023-12-12T21:11:13.641+0000] {sql.py:418} INFO - Running statement: -- table_name, column_name
ALTER TABLE home_insurance_ds_pipeline
DROP COLUMN Police;, parameters: None
[2023-12-12T21:11:13.651+0000] {taskinstance.py:1400} INFO - Marking task as SUCCESS. dag_id=home_insurance_ds-v01.remove_unnecessary_columns, task_id=remove_unnecessary_columns.remove_Police_col, execution_date=20231201T000000, start_date=20231212T211113, end_date=20231212T211113
[2023-12-12T21:11:13.672+0000] {local_task_job_runner.py:228} INFO - Task exited with return code 0
[2023-12-12T21:11:13.698+0000] {taskinstance.py:2778} INFO - 0 downstream tasks scheduled from follow-on schedule check
