[2023-12-20T03:00:53.763+0000] {taskinstance.py:1159} INFO - Dependencies all met for dep_context=non-requeueable deps ti=<TaskInstance: Gourmet_Food_Procurement_Data-v01.remove_replaced_dim_cols.remove_original_Food_Product_Group_in_fact_table scheduled__2023-12-01T00:00:00+00:00 [queued]>
[2023-12-20T03:00:53.777+0000] {taskinstance.py:1159} INFO - Dependencies all met for dep_context=requeueable deps ti=<TaskInstance: Gourmet_Food_Procurement_Data-v01.remove_replaced_dim_cols.remove_original_Food_Product_Group_in_fact_table scheduled__2023-12-01T00:00:00+00:00 [queued]>
[2023-12-20T03:00:53.778+0000] {taskinstance.py:1361} INFO - Starting attempt 1 of 6
[2023-12-20T03:00:53.788+0000] {taskinstance.py:1382} INFO - Executing <Task(PostgresOperator): remove_original_Food_Product_Group_in_fact_table> on 2023-12-01 00:00:00+00:00
[2023-12-20T03:00:53.793+0000] {standard_task_runner.py:57} INFO - Started process 2429 to run task
[2023-12-20T03:00:53.798+0000] {standard_task_runner.py:84} INFO - Running: ['***', 'tasks', 'run', 'Gourmet_Food_Procurement_Data-v01.remove_replaced_dim_cols', 'remove_original_Food_Product_Group_in_fact_table', 'scheduled__2023-12-01T00:00:00+00:00', '--job-id', '55', '--raw', '--subdir', 'DAGS_FOLDER/Gourmet_Food_Procurement_Data.py', '--cfg-path', '/tmp/tmpse2yodma']
[2023-12-20T03:00:53.801+0000] {standard_task_runner.py:85} INFO - Job 55: Subtask remove_original_Food_Product_Group_in_fact_table
[2023-12-20T03:00:53.868+0000] {task_command.py:416} INFO - Running <TaskInstance: Gourmet_Food_Procurement_Data-v01.remove_replaced_dim_cols.remove_original_Food_Product_Group_in_fact_table scheduled__2023-12-01T00:00:00+00:00 [running]> on host 069170cec93a
[2023-12-20T03:00:53.929+0000] {taskinstance.py:1662} INFO - Exporting env vars: AIRFLOW_CTX_DAG_OWNER='dunnbc22' AIRFLOW_CTX_DAG_ID='Gourmet_Food_Procurement_Data-v01.remove_replaced_dim_cols' AIRFLOW_CTX_TASK_ID='remove_original_Food_Product_Group_in_fact_table' AIRFLOW_CTX_EXECUTION_DATE='2023-12-01T00:00:00+00:00' AIRFLOW_CTX_TRY_NUMBER='1' AIRFLOW_CTX_DAG_RUN_ID='scheduled__2023-12-01T00:00:00+00:00'
[2023-12-20T03:00:53.931+0000] {sql.py:274} INFO - Executing: -- table_name, column_name
ALTER TABLE gourmet_food_procurement_data_pipeline
DROP COLUMN Food_Product_Group;
[2023-12-20T03:00:53.941+0000] {base.py:73} INFO - Using connection ID 'postgres_conn' for task execution.
[2023-12-20T03:00:53.955+0000] {base.py:73} INFO - Using connection ID 'postgres_conn' for task execution.
[2023-12-20T03:00:53.962+0000] {sql.py:418} INFO - Running statement: -- table_name, column_name
ALTER TABLE gourmet_food_procurement_data_pipeline
DROP COLUMN Food_Product_Group;, parameters: None
[2023-12-20T03:00:53.971+0000] {taskinstance.py:1400} INFO - Marking task as SUCCESS. dag_id=Gourmet_Food_Procurement_Data-v01.remove_replaced_dim_cols, task_id=remove_original_Food_Product_Group_in_fact_table, execution_date=20231201T000000, start_date=20231220T030053, end_date=20231220T030053
[2023-12-20T03:00:54.014+0000] {local_task_job_runner.py:228} INFO - Task exited with return code 0
[2023-12-20T03:00:54.034+0000] {taskinstance.py:2778} INFO - 0 downstream tasks scheduled from follow-on schedule check
[2023-12-20T18:07:56.814+0000] {taskinstance.py:1159} INFO - Dependencies all met for dep_context=non-requeueable deps ti=<TaskInstance: Gourmet_Food_Procurement_Data-v01.remove_replaced_dim_cols.remove_original_Food_Product_Group_in_fact_table scheduled__2023-12-01T00:00:00+00:00 [queued]>
[2023-12-20T18:07:56.823+0000] {taskinstance.py:1159} INFO - Dependencies all met for dep_context=requeueable deps ti=<TaskInstance: Gourmet_Food_Procurement_Data-v01.remove_replaced_dim_cols.remove_original_Food_Product_Group_in_fact_table scheduled__2023-12-01T00:00:00+00:00 [queued]>
[2023-12-20T18:07:56.824+0000] {taskinstance.py:1361} INFO - Starting attempt 1 of 6
[2023-12-20T18:07:56.836+0000] {taskinstance.py:1382} INFO - Executing <Task(PostgresOperator): remove_original_Food_Product_Group_in_fact_table> on 2023-12-01 00:00:00+00:00
[2023-12-20T18:07:56.841+0000] {standard_task_runner.py:57} INFO - Started process 2045 to run task
[2023-12-20T18:07:56.849+0000] {standard_task_runner.py:84} INFO - Running: ['***', 'tasks', 'run', 'Gourmet_Food_Procurement_Data-v01.remove_replaced_dim_cols', 'remove_original_Food_Product_Group_in_fact_table', 'scheduled__2023-12-01T00:00:00+00:00', '--job-id', '45', '--raw', '--subdir', 'DAGS_FOLDER/Gourmet_Food_Procurement_Data.py', '--cfg-path', '/tmp/tmpntrj42ig']
[2023-12-20T18:07:56.851+0000] {standard_task_runner.py:85} INFO - Job 45: Subtask remove_original_Food_Product_Group_in_fact_table
[2023-12-20T18:07:56.912+0000] {task_command.py:416} INFO - Running <TaskInstance: Gourmet_Food_Procurement_Data-v01.remove_replaced_dim_cols.remove_original_Food_Product_Group_in_fact_table scheduled__2023-12-01T00:00:00+00:00 [running]> on host 064e84e7d61d
[2023-12-20T18:07:56.979+0000] {taskinstance.py:1662} INFO - Exporting env vars: AIRFLOW_CTX_DAG_OWNER='dunnbc22' AIRFLOW_CTX_DAG_ID='Gourmet_Food_Procurement_Data-v01.remove_replaced_dim_cols' AIRFLOW_CTX_TASK_ID='remove_original_Food_Product_Group_in_fact_table' AIRFLOW_CTX_EXECUTION_DATE='2023-12-01T00:00:00+00:00' AIRFLOW_CTX_TRY_NUMBER='1' AIRFLOW_CTX_DAG_RUN_ID='scheduled__2023-12-01T00:00:00+00:00'
[2023-12-20T18:07:56.979+0000] {sql.py:274} INFO - Executing: -- table_name, column_name
ALTER TABLE gourmet_food_procurement_data_pipeline
DROP COLUMN Food_Product_Group;
[2023-12-20T18:07:56.991+0000] {base.py:73} INFO - Using connection ID 'postgres_conn' for task execution.
[2023-12-20T18:07:57.002+0000] {base.py:73} INFO - Using connection ID 'postgres_conn' for task execution.
[2023-12-20T18:07:57.009+0000] {sql.py:418} INFO - Running statement: -- table_name, column_name
ALTER TABLE gourmet_food_procurement_data_pipeline
DROP COLUMN Food_Product_Group;, parameters: None
[2023-12-20T18:07:57.020+0000] {taskinstance.py:1400} INFO - Marking task as SUCCESS. dag_id=Gourmet_Food_Procurement_Data-v01.remove_replaced_dim_cols, task_id=remove_original_Food_Product_Group_in_fact_table, execution_date=20231201T000000, start_date=20231220T180756, end_date=20231220T180757
[2023-12-20T18:07:57.060+0000] {local_task_job_runner.py:228} INFO - Task exited with return code 0
[2023-12-20T18:07:57.095+0000] {taskinstance.py:2778} INFO - 0 downstream tasks scheduled from follow-on schedule check
