[2023-12-21T16:15:11.795+0000] {taskinstance.py:1159} INFO - Dependencies all met for dep_context=non-requeueable deps ti=<TaskInstance: Insurance_Fraud-v01.insert_fk_into_fact_table.insert_fk_col_in_fact_table_PolicyType scheduled__2023-12-01T00:00:00+00:00 [queued]>
[2023-12-21T16:15:11.811+0000] {taskinstance.py:1159} INFO - Dependencies all met for dep_context=requeueable deps ti=<TaskInstance: Insurance_Fraud-v01.insert_fk_into_fact_table.insert_fk_col_in_fact_table_PolicyType scheduled__2023-12-01T00:00:00+00:00 [queued]>
[2023-12-21T16:15:11.812+0000] {taskinstance.py:1361} INFO - Starting attempt 1 of 6
[2023-12-21T16:15:11.838+0000] {taskinstance.py:1382} INFO - Executing <Task(PostgresOperator): insert_fk_col_in_fact_table_PolicyType> on 2023-12-01 00:00:00+00:00
[2023-12-21T16:15:11.845+0000] {standard_task_runner.py:57} INFO - Started process 878 to run task
[2023-12-21T16:15:11.852+0000] {standard_task_runner.py:84} INFO - Running: ['***', 'tasks', 'run', 'Insurance_Fraud-v01.insert_fk_into_fact_table', 'insert_fk_col_in_fact_table_PolicyType', 'scheduled__2023-12-01T00:00:00+00:00', '--job-id', '43', '--raw', '--subdir', 'DAGS_FOLDER/Insurance_Fraud.py', '--cfg-path', '/tmp/tmp8y99qqh0']
[2023-12-21T16:15:11.857+0000] {standard_task_runner.py:85} INFO - Job 43: Subtask insert_fk_col_in_fact_table_PolicyType
[2023-12-21T16:15:11.965+0000] {task_command.py:416} INFO - Running <TaskInstance: Insurance_Fraud-v01.insert_fk_into_fact_table.insert_fk_col_in_fact_table_PolicyType scheduled__2023-12-01T00:00:00+00:00 [running]> on host 8e15cdf87c56
[2023-12-21T16:15:12.164+0000] {taskinstance.py:1662} INFO - Exporting env vars: AIRFLOW_CTX_DAG_OWNER='dunnbc22' AIRFLOW_CTX_DAG_ID='Insurance_Fraud-v01.insert_fk_into_fact_table' AIRFLOW_CTX_TASK_ID='insert_fk_col_in_fact_table_PolicyType' AIRFLOW_CTX_EXECUTION_DATE='2023-12-01T00:00:00+00:00' AIRFLOW_CTX_TRY_NUMBER='1' AIRFLOW_CTX_DAG_RUN_ID='scheduled__2023-12-01T00:00:00+00:00'
[2023-12-21T16:15:12.165+0000] {sql.py:274} INFO - Executing: -- params: table_name, dimension_col

/*
Steps 1-3 were completed in the create_dim_table.sql 
file & associated PostgresOperator
*/


-- Step 4: Add foreign key column to fact table
ALTER TABLE insurance_fraud_pipeline
ADD COLUMN PolicyType_id INTEGER;

-- Step 4: Update foreign key column to fact table with 
-- appropriate id (that matches with dim table)
UPDATE insurance_fraud_pipeline
SET PolicyType_id = dimension_table_PolicyType.id
FROM dimension_table_PolicyType
WHERE COALESCE(insurance_fraud_pipeline.PolicyType::text, '') = COALESCE(dimension_table_PolicyType.PolicyType::text, '');
[2023-12-21T16:15:12.188+0000] {base.py:73} INFO - Using connection ID 'postgres_conn' for task execution.
[2023-12-21T16:15:12.206+0000] {base.py:73} INFO - Using connection ID 'postgres_conn' for task execution.
[2023-12-21T16:15:12.240+0000] {sql.py:418} INFO - Running statement: -- params: table_name, dimension_col

/*
Steps 1-3 were completed in the create_dim_table.sql 
file & associated PostgresOperator
*/


-- Step 4: Add foreign key column to fact table
ALTER TABLE insurance_fraud_pipeline
ADD COLUMN PolicyType_id INTEGER;

-- Step 4: Update foreign key column to fact table with 
-- appropriate id (that matches with dim table)
UPDATE insurance_fraud_pipeline
SET PolicyType_id = dimension_table_PolicyType.id
FROM dimension_table_PolicyType
WHERE COALESCE(insurance_fraud_pipeline.PolicyType::text, '') = COALESCE(dimension_table_PolicyType.PolicyType::text, '');, parameters: None
[2023-12-21T16:15:12.315+0000] {sql.py:427} INFO - Rows affected: 14873
[2023-12-21T16:15:12.342+0000] {taskinstance.py:1400} INFO - Marking task as SUCCESS. dag_id=Insurance_Fraud-v01.insert_fk_into_fact_table, task_id=insert_fk_col_in_fact_table_PolicyType, execution_date=20231201T000000, start_date=20231221T161511, end_date=20231221T161512
[2023-12-21T16:15:12.407+0000] {local_task_job_runner.py:228} INFO - Task exited with return code 0
[2023-12-21T16:15:12.492+0000] {taskinstance.py:2778} INFO - 0 downstream tasks scheduled from follow-on schedule check
