[2023-12-12T19:38:06.446+0000] {taskinstance.py:1159} INFO - Dependencies all met for dep_context=non-requeueable deps ti=<TaskInstance: pred_accident_risk_score_unique_postcodes-v01.remove_replaced_dim_cols.remove_original_Local_Authority_Highway_in_fact_table scheduled__2023-12-01T00:00:00+00:00 [queued]>
[2023-12-12T19:38:06.455+0000] {taskinstance.py:1159} INFO - Dependencies all met for dep_context=requeueable deps ti=<TaskInstance: pred_accident_risk_score_unique_postcodes-v01.remove_replaced_dim_cols.remove_original_Local_Authority_Highway_in_fact_table scheduled__2023-12-01T00:00:00+00:00 [queued]>
[2023-12-12T19:38:06.456+0000] {taskinstance.py:1361} INFO - Starting attempt 1 of 6
[2023-12-12T19:38:06.470+0000] {taskinstance.py:1382} INFO - Executing <Task(PostgresOperator): remove_original_Local_Authority_Highway_in_fact_table> on 2023-12-01 00:00:00+00:00
[2023-12-12T19:38:06.479+0000] {standard_task_runner.py:57} INFO - Started process 744 to run task
[2023-12-12T19:38:06.485+0000] {standard_task_runner.py:84} INFO - Running: ['***', 'tasks', 'run', 'pred_accident_risk_score_unique_postcodes-v01.remove_replaced_dim_cols', 'remove_original_Local_Authority_Highway_in_fact_table', 'scheduled__2023-12-01T00:00:00+00:00', '--job-id', '53', '--raw', '--subdir', 'DAGS_FOLDER/Predict_Accident_Risk_Score_For_Unique_Postcodes.py', '--cfg-path', '/tmp/tmpkp4d1cws']
[2023-12-12T19:38:06.493+0000] {standard_task_runner.py:85} INFO - Job 53: Subtask remove_original_Local_Authority_Highway_in_fact_table
[2023-12-12T19:38:06.568+0000] {task_command.py:416} INFO - Running <TaskInstance: pred_accident_risk_score_unique_postcodes-v01.remove_replaced_dim_cols.remove_original_Local_Authority_Highway_in_fact_table scheduled__2023-12-01T00:00:00+00:00 [running]> on host 79e6b838224c
[2023-12-12T19:38:06.682+0000] {taskinstance.py:1662} INFO - Exporting env vars: AIRFLOW_CTX_DAG_OWNER='dunnbc22' AIRFLOW_CTX_DAG_ID='pred_accident_risk_score_unique_postcodes-v01.remove_replaced_dim_cols' AIRFLOW_CTX_TASK_ID='remove_original_Local_Authority_Highway_in_fact_table' AIRFLOW_CTX_EXECUTION_DATE='2023-12-01T00:00:00+00:00' AIRFLOW_CTX_TRY_NUMBER='1' AIRFLOW_CTX_DAG_RUN_ID='scheduled__2023-12-01T00:00:00+00:00'
[2023-12-12T19:38:06.685+0000] {sql.py:274} INFO - Executing: -- table_name, column_name
ALTER TABLE predict_accident_risk_pipe
DROP COLUMN Local_Authority_Highway;
[2023-12-12T19:38:06.695+0000] {base.py:73} INFO - Using connection ID 'postgres_conn' for task execution.
[2023-12-12T19:38:06.706+0000] {base.py:73} INFO - Using connection ID 'postgres_conn' for task execution.
[2023-12-12T19:38:06.713+0000] {sql.py:418} INFO - Running statement: -- table_name, column_name
ALTER TABLE predict_accident_risk_pipe
DROP COLUMN Local_Authority_Highway;, parameters: None
[2023-12-12T19:38:07.661+0000] {taskinstance.py:1400} INFO - Marking task as SUCCESS. dag_id=pred_accident_risk_score_unique_postcodes-v01.remove_replaced_dim_cols, task_id=remove_original_Local_Authority_Highway_in_fact_table, execution_date=20231201T000000, start_date=20231212T193806, end_date=20231212T193807
[2023-12-12T19:38:07.718+0000] {local_task_job_runner.py:228} INFO - Task exited with return code 0
[2023-12-12T19:38:07.791+0000] {taskinstance.py:2778} INFO - 0 downstream tasks scheduled from follow-on schedule check
