[2023-12-19T04:46:20.386+0000] {taskinstance.py:1159} INFO - Dependencies all met for dep_context=non-requeueable deps ti=<TaskInstance: Automobile_Insurance-v01.insert_fk_into_fact_table.insert_fk_col_in_fact_table_incident_type scheduled__2023-12-01T00:00:00+00:00 [queued]>
[2023-12-19T04:46:20.410+0000] {taskinstance.py:1159} INFO - Dependencies all met for dep_context=requeueable deps ti=<TaskInstance: Automobile_Insurance-v01.insert_fk_into_fact_table.insert_fk_col_in_fact_table_incident_type scheduled__2023-12-01T00:00:00+00:00 [queued]>
[2023-12-19T04:46:20.422+0000] {taskinstance.py:1361} INFO - Starting attempt 1 of 6
[2023-12-19T04:46:20.447+0000] {taskinstance.py:1382} INFO - Executing <Task(PostgresOperator): insert_fk_col_in_fact_table_incident_type> on 2023-12-01 00:00:00+00:00
[2023-12-19T04:46:20.473+0000] {standard_task_runner.py:57} INFO - Started process 1271 to run task
[2023-12-19T04:46:20.488+0000] {standard_task_runner.py:84} INFO - Running: ['***', 'tasks', 'run', 'Automobile_Insurance-v01.insert_fk_into_fact_table', 'insert_fk_col_in_fact_table_incident_type', 'scheduled__2023-12-01T00:00:00+00:00', '--job-id', '48', '--raw', '--subdir', 'DAGS_FOLDER/Automobile Insurance.py', '--cfg-path', '/tmp/tmpt3a30o0o']
[2023-12-19T04:46:20.501+0000] {standard_task_runner.py:85} INFO - Job 48: Subtask insert_fk_col_in_fact_table_incident_type
[2023-12-19T04:46:20.607+0000] {task_command.py:416} INFO - Running <TaskInstance: Automobile_Insurance-v01.insert_fk_into_fact_table.insert_fk_col_in_fact_table_incident_type scheduled__2023-12-01T00:00:00+00:00 [running]> on host 07f4bc2fb49b
[2023-12-19T04:46:20.827+0000] {taskinstance.py:1662} INFO - Exporting env vars: AIRFLOW_CTX_DAG_OWNER='dunnbc22' AIRFLOW_CTX_DAG_ID='Automobile_Insurance-v01.insert_fk_into_fact_table' AIRFLOW_CTX_TASK_ID='insert_fk_col_in_fact_table_incident_type' AIRFLOW_CTX_EXECUTION_DATE='2023-12-01T00:00:00+00:00' AIRFLOW_CTX_TRY_NUMBER='1' AIRFLOW_CTX_DAG_RUN_ID='scheduled__2023-12-01T00:00:00+00:00'
[2023-12-19T04:46:20.838+0000] {sql.py:274} INFO - Executing: -- params: table_name, dimension_col

/*
Steps 1-3 were completed in the create_dim_table.sql 
file & associated PostgresOperator
*/


-- Step 4: Add foreign key column to fact table
ALTER TABLE automobile_insurance
ADD COLUMN incident_type_id INTEGER;

-- Step 4: Update foreign key column to fact table with 
-- appropriate id (that matches with dim table)
UPDATE automobile_insurance
SET incident_type_id = dimension_table_incident_type.id
FROM dimension_table_incident_type
WHERE COALESCE(automobile_insurance.incident_type::text, '') = COALESCE(dimension_table_incident_type.incident_type::text, '');
[2023-12-19T04:46:20.868+0000] {base.py:73} INFO - Using connection ID 'postgres_conn' for task execution.
[2023-12-19T04:46:20.901+0000] {base.py:73} INFO - Using connection ID 'postgres_conn' for task execution.
[2023-12-19T04:46:20.922+0000] {sql.py:418} INFO - Running statement: -- params: table_name, dimension_col

/*
Steps 1-3 were completed in the create_dim_table.sql 
file & associated PostgresOperator
*/


-- Step 4: Add foreign key column to fact table
ALTER TABLE automobile_insurance
ADD COLUMN incident_type_id INTEGER;

-- Step 4: Update foreign key column to fact table with 
-- appropriate id (that matches with dim table)
UPDATE automobile_insurance
SET incident_type_id = dimension_table_incident_type.id
FROM dimension_table_incident_type
WHERE COALESCE(automobile_insurance.incident_type::text, '') = COALESCE(dimension_table_incident_type.incident_type::text, '');, parameters: None
[2023-12-19T04:46:20.955+0000] {sql.py:427} INFO - Rows affected: 1000
[2023-12-19T04:46:20.981+0000] {taskinstance.py:1400} INFO - Marking task as SUCCESS. dag_id=Automobile_Insurance-v01.insert_fk_into_fact_table, task_id=insert_fk_col_in_fact_table_incident_type, execution_date=20231201T000000, start_date=20231219T044620, end_date=20231219T044620
[2023-12-19T04:46:21.004+0000] {local_task_job_runner.py:228} INFO - Task exited with return code 0
[2023-12-19T04:46:21.125+0000] {taskinstance.py:2778} INFO - 0 downstream tasks scheduled from follow-on schedule check
