[2023-12-20T02:46:44.160+0000] {taskinstance.py:1159} INFO - Dependencies all met for dep_context=non-requeueable deps ti=<TaskInstance: Gourmet_Food_Procurement_Data-v01.add_id_column scheduled__2023-12-01T00:00:00+00:00 [queued]>
[2023-12-20T02:46:44.164+0000] {taskinstance.py:1159} INFO - Dependencies all met for dep_context=requeueable deps ti=<TaskInstance: Gourmet_Food_Procurement_Data-v01.add_id_column scheduled__2023-12-01T00:00:00+00:00 [queued]>
[2023-12-20T02:46:44.164+0000] {taskinstance.py:1361} INFO - Starting attempt 1 of 6
[2023-12-20T02:46:44.170+0000] {taskinstance.py:1382} INFO - Executing <Task(PostgresOperator): add_id_column> on 2023-12-01 00:00:00+00:00
[2023-12-20T02:46:44.172+0000] {standard_task_runner.py:57} INFO - Started process 773 to run task
[2023-12-20T02:46:44.175+0000] {standard_task_runner.py:84} INFO - Running: ['***', 'tasks', 'run', 'Gourmet_Food_Procurement_Data-v01', 'add_id_column', 'scheduled__2023-12-01T00:00:00+00:00', '--job-id', '9', '--raw', '--subdir', 'DAGS_FOLDER/Gourmet_Food_Procurement_Data.py', '--cfg-path', '/tmp/tmpp08j7ja6']
[2023-12-20T02:46:44.176+0000] {standard_task_runner.py:85} INFO - Job 9: Subtask add_id_column
[2023-12-20T02:46:44.206+0000] {task_command.py:416} INFO - Running <TaskInstance: Gourmet_Food_Procurement_Data-v01.add_id_column scheduled__2023-12-01T00:00:00+00:00 [running]> on host 069170cec93a
[2023-12-20T02:46:44.244+0000] {taskinstance.py:1662} INFO - Exporting env vars: AIRFLOW_CTX_DAG_OWNER='dunnbc22' AIRFLOW_CTX_DAG_ID='Gourmet_Food_Procurement_Data-v01' AIRFLOW_CTX_TASK_ID='add_id_column' AIRFLOW_CTX_EXECUTION_DATE='2023-12-01T00:00:00+00:00' AIRFLOW_CTX_TRY_NUMBER='1' AIRFLOW_CTX_DAG_RUN_ID='scheduled__2023-12-01T00:00:00+00:00'
[2023-12-20T02:46:44.245+0000] {sql.py:274} INFO - Executing: 
        ALTER TABLE gourmet_food_procurement_data_pipeline
        ADD COLUMN id_col SERIAL PRIMARY KEY;
        
[2023-12-20T02:46:44.250+0000] {base.py:73} INFO - Using connection ID 'postgres_conn' for task execution.
[2023-12-20T02:46:44.256+0000] {base.py:73} INFO - Using connection ID 'postgres_conn' for task execution.
[2023-12-20T02:46:44.262+0000] {sql.py:418} INFO - Running statement: 
        ALTER TABLE gourmet_food_procurement_data_pipeline
        ADD COLUMN id_col SERIAL PRIMARY KEY;
        , parameters: None
[2023-12-20T02:46:44.340+0000] {taskinstance.py:1400} INFO - Marking task as SUCCESS. dag_id=Gourmet_Food_Procurement_Data-v01, task_id=add_id_column, execution_date=20231201T000000, start_date=20231220T024644, end_date=20231220T024644
[2023-12-20T02:46:44.348+0000] {local_task_job_runner.py:228} INFO - Task exited with return code 0
[2023-12-20T02:46:44.369+0000] {taskinstance.py:2778} INFO - 1 downstream tasks scheduled from follow-on schedule check
[2023-12-20T18:02:47.571+0000] {taskinstance.py:1159} INFO - Dependencies all met for dep_context=non-requeueable deps ti=<TaskInstance: Gourmet_Food_Procurement_Data-v01.add_id_column scheduled__2023-12-01T00:00:00+00:00 [queued]>
[2023-12-20T18:02:47.576+0000] {taskinstance.py:1159} INFO - Dependencies all met for dep_context=requeueable deps ti=<TaskInstance: Gourmet_Food_Procurement_Data-v01.add_id_column scheduled__2023-12-01T00:00:00+00:00 [queued]>
[2023-12-20T18:02:47.576+0000] {taskinstance.py:1361} INFO - Starting attempt 1 of 6
[2023-12-20T18:02:47.583+0000] {taskinstance.py:1382} INFO - Executing <Task(PostgresOperator): add_id_column> on 2023-12-01 00:00:00+00:00
[2023-12-20T18:02:47.586+0000] {standard_task_runner.py:57} INFO - Started process 1418 to run task
[2023-12-20T18:02:47.588+0000] {standard_task_runner.py:84} INFO - Running: ['***', 'tasks', 'run', 'Gourmet_Food_Procurement_Data-v01', 'add_id_column', 'scheduled__2023-12-01T00:00:00+00:00', '--job-id', '13', '--raw', '--subdir', 'DAGS_FOLDER/Gourmet_Food_Procurement_Data.py', '--cfg-path', '/tmp/tmp_f_c7ae_']
[2023-12-20T18:02:47.590+0000] {standard_task_runner.py:85} INFO - Job 13: Subtask add_id_column
[2023-12-20T18:02:47.624+0000] {task_command.py:416} INFO - Running <TaskInstance: Gourmet_Food_Procurement_Data-v01.add_id_column scheduled__2023-12-01T00:00:00+00:00 [running]> on host 064e84e7d61d
[2023-12-20T18:02:47.669+0000] {taskinstance.py:1662} INFO - Exporting env vars: AIRFLOW_CTX_DAG_OWNER='dunnbc22' AIRFLOW_CTX_DAG_ID='Gourmet_Food_Procurement_Data-v01' AIRFLOW_CTX_TASK_ID='add_id_column' AIRFLOW_CTX_EXECUTION_DATE='2023-12-01T00:00:00+00:00' AIRFLOW_CTX_TRY_NUMBER='1' AIRFLOW_CTX_DAG_RUN_ID='scheduled__2023-12-01T00:00:00+00:00'
[2023-12-20T18:02:47.670+0000] {sql.py:274} INFO - Executing: 
        ALTER TABLE gourmet_food_procurement_data_pipeline
        ADD COLUMN id_col SERIAL PRIMARY KEY;
        
[2023-12-20T18:02:47.676+0000] {base.py:73} INFO - Using connection ID 'postgres_conn' for task execution.
[2023-12-20T18:02:47.682+0000] {base.py:73} INFO - Using connection ID 'postgres_conn' for task execution.
[2023-12-20T18:02:47.688+0000] {sql.py:418} INFO - Running statement: 
        ALTER TABLE gourmet_food_procurement_data_pipeline
        ADD COLUMN id_col SERIAL PRIMARY KEY;
        , parameters: None
[2023-12-20T18:02:47.755+0000] {taskinstance.py:1400} INFO - Marking task as SUCCESS. dag_id=Gourmet_Food_Procurement_Data-v01, task_id=add_id_column, execution_date=20231201T000000, start_date=20231220T180247, end_date=20231220T180247
[2023-12-20T18:02:47.767+0000] {local_task_job_runner.py:228} INFO - Task exited with return code 0
[2023-12-20T18:02:47.790+0000] {taskinstance.py:2778} INFO - 1 downstream tasks scheduled from follow-on schedule check
