[2023-12-21T17:02:11.460+0000] {taskinstance.py:1159} INFO - Dependencies all met for dep_context=non-requeueable deps ti=<TaskInstance: Indicators_of_Heart_Disease_2022-v01.create_dim_tables.create_dim_DeafOrHardOfHearing_table scheduled__2023-12-01T00:00:00+00:00 [queued]>
[2023-12-21T17:02:11.470+0000] {taskinstance.py:1159} INFO - Dependencies all met for dep_context=requeueable deps ti=<TaskInstance: Indicators_of_Heart_Disease_2022-v01.create_dim_tables.create_dim_DeafOrHardOfHearing_table scheduled__2023-12-01T00:00:00+00:00 [queued]>
[2023-12-21T17:02:11.471+0000] {taskinstance.py:1361} INFO - Starting attempt 1 of 6
[2023-12-21T17:02:11.479+0000] {taskinstance.py:1382} INFO - Executing <Task(PostgresOperator): create_dim_DeafOrHardOfHearing_table> on 2023-12-01 00:00:00+00:00
[2023-12-21T17:02:11.485+0000] {standard_task_runner.py:57} INFO - Started process 2089 to run task
[2023-12-21T17:02:11.487+0000] {standard_task_runner.py:84} INFO - Running: ['***', 'tasks', 'run', 'Indicators_of_Heart_Disease_2022-v01.create_dim_tables', 'create_dim_DeafOrHardOfHearing_table', 'scheduled__2023-12-01T00:00:00+00:00', '--job-id', '117', '--raw', '--subdir', 'DAGS_FOLDER/Indicators_of_Heart_Disease_2022.py', '--cfg-path', '/tmp/tmpdsrrloqe']
[2023-12-21T17:02:11.489+0000] {standard_task_runner.py:85} INFO - Job 117: Subtask create_dim_DeafOrHardOfHearing_table
[2023-12-21T17:02:11.530+0000] {task_command.py:416} INFO - Running <TaskInstance: Indicators_of_Heart_Disease_2022-v01.create_dim_tables.create_dim_DeafOrHardOfHearing_table scheduled__2023-12-01T00:00:00+00:00 [running]> on host 8e01071a5eb3
[2023-12-21T17:02:11.584+0000] {taskinstance.py:1662} INFO - Exporting env vars: AIRFLOW_CTX_DAG_OWNER='dunnbc22' AIRFLOW_CTX_DAG_ID='Indicators_of_Heart_Disease_2022-v01.create_dim_tables' AIRFLOW_CTX_TASK_ID='create_dim_DeafOrHardOfHearing_table' AIRFLOW_CTX_EXECUTION_DATE='2023-12-01T00:00:00+00:00' AIRFLOW_CTX_TRY_NUMBER='1' AIRFLOW_CTX_DAG_RUN_ID='scheduled__2023-12-01T00:00:00+00:00'
[2023-12-21T17:02:11.586+0000] {sql.py:274} INFO - Executing: -- params: table_name, dimension_col, data_type

-- Step 1: Extract Unique Values
CREATE TEMPORARY TABLE unique_values_DeafOrHardOfHearing AS
SELECT DISTINCT DeafOrHardOfHearing FROM indicators_of_heart_disease_2022_pipe;

-- Step 2: Create Dimension Table
DROP TABLE IF EXISTS dimension_table_DeafOrHardOfHearing;
CREATE TABLE dimension_table_DeafOrHardOfHearing (
    id SERIAL PRIMARY KEY,
    DeafOrHardOfHearing VARCHAR
);

-- Step 3: Insert unique values into dimension table
INSERT INTO dimension_table_DeafOrHardOfHearing (DeafOrHardOfHearing)
SELECT * FROM unique_values_DeafOrHardOfHearing;
[2023-12-21T17:02:11.593+0000] {base.py:73} INFO - Using connection ID 'postgres_conn' for task execution.
[2023-12-21T17:02:11.601+0000] {base.py:73} INFO - Using connection ID 'postgres_conn' for task execution.
[2023-12-21T17:02:11.608+0000] {sql.py:418} INFO - Running statement: -- params: table_name, dimension_col, data_type

-- Step 1: Extract Unique Values
CREATE TEMPORARY TABLE unique_values_DeafOrHardOfHearing AS
SELECT DISTINCT DeafOrHardOfHearing FROM indicators_of_heart_disease_2022_pipe;

-- Step 2: Create Dimension Table
DROP TABLE IF EXISTS dimension_table_DeafOrHardOfHearing;
CREATE TABLE dimension_table_DeafOrHardOfHearing (
    id SERIAL PRIMARY KEY,
    DeafOrHardOfHearing VARCHAR
);

-- Step 3: Insert unique values into dimension table
INSERT INTO dimension_table_DeafOrHardOfHearing (DeafOrHardOfHearing)
SELECT * FROM unique_values_DeafOrHardOfHearing;, parameters: None
[2023-12-21T17:02:11.732+0000] {sql.py:427} INFO - Rows affected: 2
[2023-12-21T17:02:11.756+0000] {taskinstance.py:1400} INFO - Marking task as SUCCESS. dag_id=Indicators_of_Heart_Disease_2022-v01.create_dim_tables, task_id=create_dim_DeafOrHardOfHearing_table, execution_date=20231201T000000, start_date=20231221T170211, end_date=20231221T170211
[2023-12-21T17:02:11.822+0000] {local_task_job_runner.py:228} INFO - Task exited with return code 0
[2023-12-21T17:02:12.021+0000] {taskinstance.py:2778} INFO - 0 downstream tasks scheduled from follow-on schedule check
