[2023-12-11T22:01:25.727+0000] {taskinstance.py:1159} INFO - Dependencies all met for dep_context=non-requeueable deps ti=<TaskInstance: NY_Motor_Vehicle_Collisions-v01.remove_samples_with_nulls.remove_samples_with_nulls.remove_CONTRIBUTING_FACTOR_VEHICLE_2_col scheduled__2023-12-01T00:00:00+00:00 [queued]>
[2023-12-11T22:01:25.731+0000] {taskinstance.py:1159} INFO - Dependencies all met for dep_context=requeueable deps ti=<TaskInstance: NY_Motor_Vehicle_Collisions-v01.remove_samples_with_nulls.remove_samples_with_nulls.remove_CONTRIBUTING_FACTOR_VEHICLE_2_col scheduled__2023-12-01T00:00:00+00:00 [queued]>
[2023-12-11T22:01:25.732+0000] {taskinstance.py:1361} INFO - Starting attempt 2 of 6
[2023-12-11T22:01:25.738+0000] {taskinstance.py:1382} INFO - Executing <Task(PostgresOperator): remove_samples_with_nulls.remove_CONTRIBUTING_FACTOR_VEHICLE_2_col> on 2023-12-01 00:00:00+00:00
[2023-12-11T22:01:25.740+0000] {standard_task_runner.py:57} INFO - Started process 732 to run task
[2023-12-11T22:01:25.742+0000] {standard_task_runner.py:84} INFO - Running: ['***', 'tasks', 'run', 'NY_Motor_Vehicle_Collisions-v01.remove_samples_with_nulls', 'remove_samples_with_nulls.remove_CONTRIBUTING_FACTOR_VEHICLE_2_col', 'scheduled__2023-12-01T00:00:00+00:00', '--job-id', '36', '--raw', '--subdir', 'DAGS_FOLDER/NY_Motor_Vehicle_Collisions.py', '--cfg-path', '/tmp/tmpsu_5cxri']
[2023-12-11T22:01:25.744+0000] {standard_task_runner.py:85} INFO - Job 36: Subtask remove_samples_with_nulls.remove_CONTRIBUTING_FACTOR_VEHICLE_2_col
[2023-12-11T22:01:25.776+0000] {task_command.py:416} INFO - Running <TaskInstance: NY_Motor_Vehicle_Collisions-v01.remove_samples_with_nulls.remove_samples_with_nulls.remove_CONTRIBUTING_FACTOR_VEHICLE_2_col scheduled__2023-12-01T00:00:00+00:00 [running]> on host bebedc023197
[2023-12-11T22:01:25.821+0000] {taskinstance.py:1662} INFO - Exporting env vars: AIRFLOW_CTX_DAG_OWNER='dunnbc22' AIRFLOW_CTX_DAG_ID='NY_Motor_Vehicle_Collisions-v01.remove_samples_with_nulls' AIRFLOW_CTX_TASK_ID='remove_samples_with_nulls.remove_CONTRIBUTING_FACTOR_VEHICLE_2_col' AIRFLOW_CTX_EXECUTION_DATE='2023-12-01T00:00:00+00:00' AIRFLOW_CTX_TRY_NUMBER='2' AIRFLOW_CTX_DAG_RUN_ID='scheduled__2023-12-01T00:00:00+00:00'
[2023-12-11T22:01:25.821+0000] {sql.py:274} INFO - Executing: -- params: table_name, column_name
DELETE FROM ny_vehicle_colls_pipe
WHERE CONTRIBUTING_FACTOR_VEHICLE_2 is NULL;
[2023-12-11T22:01:25.828+0000] {base.py:73} INFO - Using connection ID 'postgres_conn' for task execution.
[2023-12-11T22:01:25.835+0000] {base.py:73} INFO - Using connection ID 'postgres_conn' for task execution.
[2023-12-11T22:01:25.839+0000] {sql.py:418} INFO - Running statement: -- params: table_name, column_name
DELETE FROM ny_vehicle_colls_pipe
WHERE CONTRIBUTING_FACTOR_VEHICLE_2 is NULL;, parameters: None
[2023-12-11T22:01:26.308+0000] {sql.py:427} INFO - Rows affected: 19665
[2023-12-11T22:01:26.331+0000] {taskinstance.py:1400} INFO - Marking task as SUCCESS. dag_id=NY_Motor_Vehicle_Collisions-v01.remove_samples_with_nulls, task_id=remove_samples_with_nulls.remove_CONTRIBUTING_FACTOR_VEHICLE_2_col, execution_date=20231201T000000, start_date=20231211T220125, end_date=20231211T220126
[2023-12-11T22:01:26.389+0000] {local_task_job_runner.py:228} INFO - Task exited with return code 0
[2023-12-11T22:01:26.422+0000] {taskinstance.py:2778} INFO - 0 downstream tasks scheduled from follow-on schedule check
