[2023-12-11T20:51:19.197+0000] {taskinstance.py:1159} INFO - Dependencies all met for dep_context=non-requeueable deps ti=<TaskInstance: Insurance_Prod_Purchase_Pred-v01.create_dim_tables scheduled__2023-12-01T00:00:00+00:00 [queued]>
[2023-12-11T20:51:19.204+0000] {taskinstance.py:1159} INFO - Dependencies all met for dep_context=requeueable deps ti=<TaskInstance: Insurance_Prod_Purchase_Pred-v01.create_dim_tables scheduled__2023-12-01T00:00:00+00:00 [queued]>
[2023-12-11T20:51:19.205+0000] {taskinstance.py:1361} INFO - Starting attempt 1 of 6
[2023-12-11T20:51:19.212+0000] {taskinstance.py:1382} INFO - Executing <Task(SubDagOperator): create_dim_tables> on 2023-12-01 00:00:00+00:00
[2023-12-11T20:51:19.215+0000] {standard_task_runner.py:57} INFO - Started process 1224 to run task
[2023-12-11T20:51:19.218+0000] {standard_task_runner.py:84} INFO - Running: ['***', 'tasks', 'run', 'Insurance_Prod_Purchase_Pred-v01', 'create_dim_tables', 'scheduled__2023-12-01T00:00:00+00:00', '--job-id', '14', '--raw', '--subdir', 'DAGS_FOLDER/Insurance_Product_Purchase_Pred.py', '--cfg-path', '/tmp/tmpc6ipclw4']
[2023-12-11T20:51:19.221+0000] {standard_task_runner.py:85} INFO - Job 14: Subtask create_dim_tables
[2023-12-11T20:51:19.254+0000] {task_command.py:416} INFO - Running <TaskInstance: Insurance_Prod_Purchase_Pred-v01.create_dim_tables scheduled__2023-12-01T00:00:00+00:00 [running]> on host 290fb0bf7dfd
[2023-12-11T20:51:19.300+0000] {taskinstance.py:1662} INFO - Exporting env vars: AIRFLOW_CTX_DAG_OWNER='dunnbc22' AIRFLOW_CTX_DAG_ID='Insurance_Prod_Purchase_Pred-v01' AIRFLOW_CTX_TASK_ID='create_dim_tables' AIRFLOW_CTX_EXECUTION_DATE='2023-12-01T00:00:00+00:00' AIRFLOW_CTX_TRY_NUMBER='1' AIRFLOW_CTX_DAG_RUN_ID='scheduled__2023-12-01T00:00:00+00:00'
[2023-12-11T20:51:19.303+0000] {logging_mixin.py:154} WARNING - /home/***/.local/lib/python3.8/site-packages/***/utils/context.py:206 AirflowContextDeprecationWarning: Accessing 'execution_date' from the template is deprecated and will be removed in a future version. Please use 'data_interval_start' or 'logical_date' instead.
[2023-12-11T20:51:19.324+0000] {subdag.py:172} INFO - Created DagRun: scheduled__2023-12-01T00:00:00+00:00
[2023-12-11T20:52:19.357+0000] {base.py:287} INFO - Success criteria met. Exiting.
[2023-12-11T20:52:19.368+0000] {subdag.py:187} INFO - Execution finished. State is success
[2023-12-11T20:52:19.379+0000] {taskinstance.py:1400} INFO - Marking task as SUCCESS. dag_id=Insurance_Prod_Purchase_Pred-v01, task_id=create_dim_tables, execution_date=20231201T000000, start_date=20231211T205119, end_date=20231211T205219
[2023-12-11T20:52:19.408+0000] {local_task_job_runner.py:228} INFO - Task exited with return code 0
[2023-12-11T20:52:19.446+0000] {taskinstance.py:2778} INFO - 0 downstream tasks scheduled from follow-on schedule check
[2023-12-11T20:57:35.297+0000] {taskinstance.py:1159} INFO - Dependencies all met for dep_context=non-requeueable deps ti=<TaskInstance: Insurance_Prod_Purchase_Pred-v01.create_dim_tables scheduled__2023-12-01T00:00:00+00:00 [queued]>
[2023-12-11T20:57:35.301+0000] {taskinstance.py:1159} INFO - Dependencies all met for dep_context=requeueable deps ti=<TaskInstance: Insurance_Prod_Purchase_Pred-v01.create_dim_tables scheduled__2023-12-01T00:00:00+00:00 [queued]>
[2023-12-11T20:57:35.301+0000] {taskinstance.py:1361} INFO - Starting attempt 1 of 6
[2023-12-11T20:57:35.306+0000] {taskinstance.py:1382} INFO - Executing <Task(SubDagOperator): create_dim_tables> on 2023-12-01 00:00:00+00:00
[2023-12-11T20:57:35.309+0000] {standard_task_runner.py:57} INFO - Started process 1732 to run task
[2023-12-11T20:57:35.311+0000] {standard_task_runner.py:84} INFO - Running: ['***', 'tasks', 'run', 'Insurance_Prod_Purchase_Pred-v01', 'create_dim_tables', 'scheduled__2023-12-01T00:00:00+00:00', '--job-id', '29', '--raw', '--subdir', 'DAGS_FOLDER/Insurance_Product_Purchase_Pred.py', '--cfg-path', '/tmp/tmpa554beed']
[2023-12-11T20:57:35.313+0000] {standard_task_runner.py:85} INFO - Job 29: Subtask create_dim_tables
[2023-12-11T20:57:35.341+0000] {task_command.py:416} INFO - Running <TaskInstance: Insurance_Prod_Purchase_Pred-v01.create_dim_tables scheduled__2023-12-01T00:00:00+00:00 [running]> on host 290fb0bf7dfd
[2023-12-11T20:57:35.380+0000] {taskinstance.py:1662} INFO - Exporting env vars: AIRFLOW_CTX_DAG_OWNER='dunnbc22' AIRFLOW_CTX_DAG_ID='Insurance_Prod_Purchase_Pred-v01' AIRFLOW_CTX_TASK_ID='create_dim_tables' AIRFLOW_CTX_EXECUTION_DATE='2023-12-01T00:00:00+00:00' AIRFLOW_CTX_TRY_NUMBER='1' AIRFLOW_CTX_DAG_RUN_ID='scheduled__2023-12-01T00:00:00+00:00'
[2023-12-11T20:57:35.384+0000] {logging_mixin.py:154} WARNING - /home/***/.local/lib/python3.8/site-packages/***/utils/context.py:206 AirflowContextDeprecationWarning: Accessing 'execution_date' from the template is deprecated and will be removed in a future version. Please use 'data_interval_start' or 'logical_date' instead.
[2023-12-11T20:57:35.389+0000] {subdag.py:174} INFO - Found existing DagRun: scheduled__2023-12-01T00:00:00+00:00
[2023-12-11T20:57:35.394+0000] {base.py:287} INFO - Success criteria met. Exiting.
[2023-12-11T20:57:35.399+0000] {subdag.py:187} INFO - Execution finished. State is success
[2023-12-11T20:57:35.405+0000] {taskinstance.py:1400} INFO - Marking task as SUCCESS. dag_id=Insurance_Prod_Purchase_Pred-v01, task_id=create_dim_tables, execution_date=20231201T000000, start_date=20231211T205735, end_date=20231211T205735
[2023-12-11T20:57:35.447+0000] {local_task_job_runner.py:228} INFO - Task exited with return code 0
[2023-12-11T20:57:35.467+0000] {taskinstance.py:2778} INFO - 1 downstream tasks scheduled from follow-on schedule check
