[2023-12-21T16:10:04.307+0000] {taskinstance.py:1159} INFO - Dependencies all met for dep_context=non-requeueable deps ti=<TaskInstance: Insurance_Fraud-v01.remove_unnecessary_columns.remove_unnecessary_columns.remove_PolicyNumber_col scheduled__2023-12-01T00:00:00+00:00 [queued]>
[2023-12-21T16:10:04.311+0000] {taskinstance.py:1159} INFO - Dependencies all met for dep_context=requeueable deps ti=<TaskInstance: Insurance_Fraud-v01.remove_unnecessary_columns.remove_unnecessary_columns.remove_PolicyNumber_col scheduled__2023-12-01T00:00:00+00:00 [queued]>
[2023-12-21T16:10:04.311+0000] {taskinstance.py:1361} INFO - Starting attempt 1 of 6
[2023-12-21T16:10:04.318+0000] {taskinstance.py:1382} INFO - Executing <Task(PostgresOperator): remove_unnecessary_columns.remove_PolicyNumber_col> on 2023-12-01 00:00:00+00:00
[2023-12-21T16:10:04.321+0000] {standard_task_runner.py:57} INFO - Started process 331 to run task
[2023-12-21T16:10:04.324+0000] {standard_task_runner.py:84} INFO - Running: ['***', 'tasks', 'run', 'Insurance_Fraud-v01.remove_unnecessary_columns', 'remove_unnecessary_columns.remove_PolicyNumber_col', 'scheduled__2023-12-01T00:00:00+00:00', '--job-id', '5', '--raw', '--subdir', 'DAGS_FOLDER/Insurance_Fraud.py', '--cfg-path', '/tmp/tmp7asojbm2']
[2023-12-21T16:10:04.325+0000] {standard_task_runner.py:85} INFO - Job 5: Subtask remove_unnecessary_columns.remove_PolicyNumber_col
[2023-12-21T16:10:04.366+0000] {task_command.py:416} INFO - Running <TaskInstance: Insurance_Fraud-v01.remove_unnecessary_columns.remove_unnecessary_columns.remove_PolicyNumber_col scheduled__2023-12-01T00:00:00+00:00 [running]> on host 8e15cdf87c56
[2023-12-21T16:10:04.436+0000] {taskinstance.py:1662} INFO - Exporting env vars: AIRFLOW_CTX_DAG_OWNER='dunnbc22' AIRFLOW_CTX_DAG_ID='Insurance_Fraud-v01.remove_unnecessary_columns' AIRFLOW_CTX_TASK_ID='remove_unnecessary_columns.remove_PolicyNumber_col' AIRFLOW_CTX_EXECUTION_DATE='2023-12-01T00:00:00+00:00' AIRFLOW_CTX_TRY_NUMBER='1' AIRFLOW_CTX_DAG_RUN_ID='scheduled__2023-12-01T00:00:00+00:00'
[2023-12-21T16:10:04.438+0000] {sql.py:274} INFO - Executing: -- table_name, column_name
ALTER TABLE insurance_fraud_pipeline
DROP COLUMN PolicyNumber;
[2023-12-21T16:10:04.445+0000] {base.py:73} INFO - Using connection ID 'postgres_conn' for task execution.
[2023-12-21T16:10:04.453+0000] {base.py:73} INFO - Using connection ID 'postgres_conn' for task execution.
[2023-12-21T16:10:04.459+0000] {sql.py:418} INFO - Running statement: -- table_name, column_name
ALTER TABLE insurance_fraud_pipeline
DROP COLUMN PolicyNumber;, parameters: None
[2023-12-21T16:10:04.471+0000] {taskinstance.py:1400} INFO - Marking task as SUCCESS. dag_id=Insurance_Fraud-v01.remove_unnecessary_columns, task_id=remove_unnecessary_columns.remove_PolicyNumber_col, execution_date=20231201T000000, start_date=20231221T161004, end_date=20231221T161004
[2023-12-21T16:10:04.499+0000] {local_task_job_runner.py:228} INFO - Task exited with return code 0
[2023-12-21T16:10:04.525+0000] {taskinstance.py:2778} INFO - 0 downstream tasks scheduled from follow-on schedule check
