[2023-12-19T23:02:22.537+0000] {taskinstance.py:1159} INFO - Dependencies all met for dep_context=non-requeueable deps ti=<TaskInstance: hosp_insur_claim_fraud-v01.insert_fk_into_fact_table.insert_fk_col_in_fact_table_Gender scheduled__2023-12-01T00:00:00+00:00 [queued]>
[2023-12-19T23:02:22.555+0000] {taskinstance.py:1159} INFO - Dependencies all met for dep_context=requeueable deps ti=<TaskInstance: hosp_insur_claim_fraud-v01.insert_fk_into_fact_table.insert_fk_col_in_fact_table_Gender scheduled__2023-12-01T00:00:00+00:00 [queued]>
[2023-12-19T23:02:22.556+0000] {taskinstance.py:1361} INFO - Starting attempt 1 of 6
[2023-12-19T23:02:22.581+0000] {taskinstance.py:1382} INFO - Executing <Task(PostgresOperator): insert_fk_col_in_fact_table_Gender> on 2023-12-01 00:00:00+00:00
[2023-12-19T23:02:22.592+0000] {standard_task_runner.py:57} INFO - Started process 3721 to run task
[2023-12-19T23:02:22.611+0000] {standard_task_runner.py:84} INFO - Running: ['***', 'tasks', 'run', 'hosp_insur_claim_fraud-v01.insert_fk_into_fact_table', 'insert_fk_col_in_fact_table_Gender', 'scheduled__2023-12-01T00:00:00+00:00', '--job-id', '35', '--raw', '--subdir', 'DAGS_FOLDER/Hospital_Insurance_Claim_Fraud.py', '--cfg-path', '/tmp/tmpbs7rue08']
[2023-12-19T23:02:22.626+0000] {standard_task_runner.py:85} INFO - Job 35: Subtask insert_fk_col_in_fact_table_Gender
[2023-12-19T23:02:22.728+0000] {task_command.py:416} INFO - Running <TaskInstance: hosp_insur_claim_fraud-v01.insert_fk_into_fact_table.insert_fk_col_in_fact_table_Gender scheduled__2023-12-01T00:00:00+00:00 [running]> on host 183042dfa495
[2023-12-19T23:02:22.877+0000] {taskinstance.py:1662} INFO - Exporting env vars: AIRFLOW_CTX_DAG_OWNER='dunnbc22' AIRFLOW_CTX_DAG_ID='hosp_insur_claim_fraud-v01.insert_fk_into_fact_table' AIRFLOW_CTX_TASK_ID='insert_fk_col_in_fact_table_Gender' AIRFLOW_CTX_EXECUTION_DATE='2023-12-01T00:00:00+00:00' AIRFLOW_CTX_TRY_NUMBER='1' AIRFLOW_CTX_DAG_RUN_ID='scheduled__2023-12-01T00:00:00+00:00'
[2023-12-19T23:02:22.883+0000] {sql.py:274} INFO - Executing: -- params: table_name, dimension_col

/*
Steps 1-3 were completed in the create_dim_table.sql 
file & associated PostgresOperator
*/


-- Step 4: Add foreign key column to fact table
ALTER TABLE hosp_insur_claim_fraud_pipeline
ADD COLUMN Gender_id INTEGER;

-- Step 4: Update foreign key column to fact table with 
-- appropriate id (that matches with dim table)
UPDATE hosp_insur_claim_fraud_pipeline
SET Gender_id = dimension_table_Gender.id
FROM dimension_table_Gender
WHERE COALESCE(hosp_insur_claim_fraud_pipeline.Gender::text, '') = COALESCE(dimension_table_Gender.Gender::text, '');
[2023-12-19T23:02:22.911+0000] {base.py:73} INFO - Using connection ID 'postgres_conn' for task execution.
[2023-12-19T23:02:22.949+0000] {base.py:73} INFO - Using connection ID 'postgres_conn' for task execution.
[2023-12-19T23:02:22.977+0000] {sql.py:418} INFO - Running statement: -- params: table_name, dimension_col

/*
Steps 1-3 were completed in the create_dim_table.sql 
file & associated PostgresOperator
*/


-- Step 4: Add foreign key column to fact table
ALTER TABLE hosp_insur_claim_fraud_pipeline
ADD COLUMN Gender_id INTEGER;

-- Step 4: Update foreign key column to fact table with 
-- appropriate id (that matches with dim table)
UPDATE hosp_insur_claim_fraud_pipeline
SET Gender_id = dimension_table_Gender.id
FROM dimension_table_Gender
WHERE COALESCE(hosp_insur_claim_fraud_pipeline.Gender::text, '') = COALESCE(dimension_table_Gender.Gender::text, '');, parameters: None
[2023-12-19T23:02:47.935+0000] {sql.py:427} INFO - Rows affected: 770347
[2023-12-19T23:02:47.947+0000] {taskinstance.py:1400} INFO - Marking task as SUCCESS. dag_id=hosp_insur_claim_fraud-v01.insert_fk_into_fact_table, task_id=insert_fk_col_in_fact_table_Gender, execution_date=20231201T000000, start_date=20231219T230222, end_date=20231219T230247
[2023-12-19T23:02:47.994+0000] {local_task_job_runner.py:228} INFO - Task exited with return code 0
[2023-12-19T23:02:48.014+0000] {taskinstance.py:2778} INFO - 0 downstream tasks scheduled from follow-on schedule check
