[2023-12-12T00:13:10.630+0000] {taskinstance.py:1159} INFO - Dependencies all met for dep_context=non-requeueable deps ti=<TaskInstance: Online_Shopping_Dataset-v01.remove_id_column scheduled__2023-12-01T00:00:00+00:00 [queued]>
[2023-12-12T00:13:10.634+0000] {taskinstance.py:1159} INFO - Dependencies all met for dep_context=requeueable deps ti=<TaskInstance: Online_Shopping_Dataset-v01.remove_id_column scheduled__2023-12-01T00:00:00+00:00 [queued]>
[2023-12-12T00:13:10.635+0000] {taskinstance.py:1361} INFO - Starting attempt 1 of 6
[2023-12-12T00:13:10.644+0000] {taskinstance.py:1382} INFO - Executing <Task(PostgresOperator): remove_id_column> on 2023-12-01 00:00:00+00:00
[2023-12-12T00:13:10.647+0000] {standard_task_runner.py:57} INFO - Started process 659 to run task
[2023-12-12T00:13:10.649+0000] {standard_task_runner.py:84} INFO - Running: ['***', 'tasks', 'run', 'Online_Shopping_Dataset-v01', 'remove_id_column', 'scheduled__2023-12-01T00:00:00+00:00', '--job-id', '11', '--raw', '--subdir', 'DAGS_FOLDER/Online_Shopping_Dataset.py', '--cfg-path', '/tmp/tmp0rkk9hnz']
[2023-12-12T00:13:10.651+0000] {standard_task_runner.py:85} INFO - Job 11: Subtask remove_id_column
[2023-12-12T00:13:10.684+0000] {task_command.py:416} INFO - Running <TaskInstance: Online_Shopping_Dataset-v01.remove_id_column scheduled__2023-12-01T00:00:00+00:00 [running]> on host 79f7e52c702e
[2023-12-12T00:13:10.730+0000] {taskinstance.py:1662} INFO - Exporting env vars: AIRFLOW_CTX_DAG_OWNER='dunnbc22' AIRFLOW_CTX_DAG_ID='Online_Shopping_Dataset-v01' AIRFLOW_CTX_TASK_ID='remove_id_column' AIRFLOW_CTX_EXECUTION_DATE='2023-12-01T00:00:00+00:00' AIRFLOW_CTX_TRY_NUMBER='1' AIRFLOW_CTX_DAG_RUN_ID='scheduled__2023-12-01T00:00:00+00:00'
[2023-12-12T00:13:10.731+0000] {sql.py:274} INFO - Executing: 
        ALTER TABLE online_shopping_dataset_pipe
        DROP COLUMN id_col;
        
[2023-12-12T00:13:10.738+0000] {base.py:73} INFO - Using connection ID 'postgres_conn' for task execution.
[2023-12-12T00:13:10.744+0000] {base.py:73} INFO - Using connection ID 'postgres_conn' for task execution.
[2023-12-12T00:13:10.756+0000] {sql.py:418} INFO - Running statement: 
        ALTER TABLE online_shopping_dataset_pipe
        DROP COLUMN id_col;
        , parameters: None
[2023-12-12T00:13:10.766+0000] {taskinstance.py:1400} INFO - Marking task as SUCCESS. dag_id=Online_Shopping_Dataset-v01, task_id=remove_id_column, execution_date=20231201T000000, start_date=20231212T001310, end_date=20231212T001310
[2023-12-12T00:13:10.781+0000] {local_task_job_runner.py:228} INFO - Task exited with return code 0
[2023-12-12T00:13:10.804+0000] {taskinstance.py:2778} INFO - 1 downstream tasks scheduled from follow-on schedule check
