[2023-12-11T05:49:09.025+0000] {taskinstance.py:1159} INFO - Dependencies all met for dep_context=non-requeueable deps ti=<TaskInstance: Electric_Vehicle_Population-v01.remove_samples_with_nulls.remove_samples_with_nulls.remove_VehicleLocation_col scheduled__2023-12-01T00:00:00+00:00 [queued]>
[2023-12-11T05:49:09.031+0000] {taskinstance.py:1159} INFO - Dependencies all met for dep_context=requeueable deps ti=<TaskInstance: Electric_Vehicle_Population-v01.remove_samples_with_nulls.remove_samples_with_nulls.remove_VehicleLocation_col scheduled__2023-12-01T00:00:00+00:00 [queued]>
[2023-12-11T05:49:09.031+0000] {taskinstance.py:1361} INFO - Starting attempt 1 of 6
[2023-12-11T05:49:09.042+0000] {taskinstance.py:1382} INFO - Executing <Task(PostgresOperator): remove_samples_with_nulls.remove_VehicleLocation_col> on 2023-12-01 00:00:00+00:00
[2023-12-11T05:49:09.046+0000] {standard_task_runner.py:57} INFO - Started process 550 to run task
[2023-12-11T05:49:09.049+0000] {standard_task_runner.py:84} INFO - Running: ['***', 'tasks', 'run', 'Electric_Vehicle_Population-v01.remove_samples_with_nulls', 'remove_samples_with_nulls.remove_VehicleLocation_col', 'scheduled__2023-12-01T00:00:00+00:00', '--job-id', '11', '--raw', '--subdir', 'DAGS_FOLDER/EV_Population.py', '--cfg-path', '/tmp/tmptlnweze_']
[2023-12-11T05:49:09.052+0000] {standard_task_runner.py:85} INFO - Job 11: Subtask remove_samples_with_nulls.remove_VehicleLocation_col
[2023-12-11T05:49:09.103+0000] {task_command.py:416} INFO - Running <TaskInstance: Electric_Vehicle_Population-v01.remove_samples_with_nulls.remove_samples_with_nulls.remove_VehicleLocation_col scheduled__2023-12-01T00:00:00+00:00 [running]> on host c7d0b77d8cb9
[2023-12-11T05:49:09.173+0000] {taskinstance.py:1662} INFO - Exporting env vars: AIRFLOW_CTX_DAG_OWNER='dunnbc22' AIRFLOW_CTX_DAG_ID='Electric_Vehicle_Population-v01.remove_samples_with_nulls' AIRFLOW_CTX_TASK_ID='remove_samples_with_nulls.remove_VehicleLocation_col' AIRFLOW_CTX_EXECUTION_DATE='2023-12-01T00:00:00+00:00' AIRFLOW_CTX_TRY_NUMBER='1' AIRFLOW_CTX_DAG_RUN_ID='scheduled__2023-12-01T00:00:00+00:00'
[2023-12-11T05:49:09.175+0000] {sql.py:274} INFO - Executing: -- params: table_name, column_name
DELETE FROM ev_pop_pipe
WHERE VehicleLocation is NULL;
[2023-12-11T05:49:09.184+0000] {base.py:73} INFO - Using connection ID 'postgres_conn' for task execution.
[2023-12-11T05:49:09.197+0000] {base.py:73} INFO - Using connection ID 'postgres_conn' for task execution.
[2023-12-11T05:49:09.207+0000] {sql.py:418} INFO - Running statement: -- params: table_name, column_name
DELETE FROM ev_pop_pipe
WHERE VehicleLocation is NULL;, parameters: None
[2023-12-11T05:49:09.265+0000] {sql.py:427} INFO - Rows affected: 4
[2023-12-11T05:49:09.276+0000] {taskinstance.py:1400} INFO - Marking task as SUCCESS. dag_id=Electric_Vehicle_Population-v01.remove_samples_with_nulls, task_id=remove_samples_with_nulls.remove_VehicleLocation_col, execution_date=20231201T000000, start_date=20231211T054909, end_date=20231211T054909
[2023-12-11T05:49:09.306+0000] {local_task_job_runner.py:228} INFO - Task exited with return code 0
[2023-12-11T05:49:09.331+0000] {taskinstance.py:2778} INFO - 0 downstream tasks scheduled from follow-on schedule check
