[2024-02-02T17:16:23.093+0000] {taskinstance.py:1159} INFO - Dependencies all met for dep_context=non-requeueable deps ti=<TaskInstance: flight_data_postgres_to_mysql.mysql_bulk_load scheduled__2024-01-01T00:00:00+00:00 [queued]>
[2024-02-02T17:16:23.098+0000] {taskinstance.py:1159} INFO - Dependencies all met for dep_context=requeueable deps ti=<TaskInstance: flight_data_postgres_to_mysql.mysql_bulk_load scheduled__2024-01-01T00:00:00+00:00 [queued]>
[2024-02-02T17:16:23.098+0000] {taskinstance.py:1361} INFO - Starting attempt 1 of 6
[2024-02-02T17:16:23.103+0000] {taskinstance.py:1382} INFO - Executing <Task(SubDagOperator): mysql_bulk_load> on 2024-01-01 00:00:00+00:00
[2024-02-02T17:16:23.105+0000] {standard_task_runner.py:57} INFO - Started process 874 to run task
[2024-02-02T17:16:23.107+0000] {standard_task_runner.py:84} INFO - Running: ['***', 'tasks', 'run', 'flight_data_postgres_to_mysql', 'mysql_bulk_load', 'scheduled__2024-01-01T00:00:00+00:00', '--job-id', '18', '--raw', '--subdir', 'DAGS_FOLDER/Flight_Files_Analysis.py', '--cfg-path', '/tmp/tmp2f5pcghu']
[2024-02-02T17:16:23.109+0000] {standard_task_runner.py:85} INFO - Job 18: Subtask mysql_bulk_load
[2024-02-02T17:16:23.136+0000] {task_command.py:416} INFO - Running <TaskInstance: flight_data_postgres_to_mysql.mysql_bulk_load scheduled__2024-01-01T00:00:00+00:00 [running]> on host 122144057b92
[2024-02-02T17:16:23.173+0000] {taskinstance.py:1662} INFO - Exporting env vars: AIRFLOW_CTX_DAG_OWNER='dunnbc22' AIRFLOW_CTX_DAG_ID='flight_data_postgres_to_mysql' AIRFLOW_CTX_TASK_ID='mysql_bulk_load' AIRFLOW_CTX_EXECUTION_DATE='2024-01-01T00:00:00+00:00' AIRFLOW_CTX_TRY_NUMBER='1' AIRFLOW_CTX_DAG_RUN_ID='scheduled__2024-01-01T00:00:00+00:00'
[2024-02-02T17:16:23.176+0000] {logging_mixin.py:154} WARNING - /home/***/.local/lib/python3.8/site-packages/***/utils/context.py:206 AirflowContextDeprecationWarning: Accessing 'execution_date' from the template is deprecated and will be removed in a future version. Please use 'data_interval_start' or 'logical_date' instead.
[2024-02-02T17:16:23.181+0000] {subdag.py:174} INFO - Found existing DagRun: backfill__2024-01-01T00:00:00+00:00
[2024-02-02T17:17:23.266+0000] {taskinstance.py:1937} ERROR - Task failed with exception
Traceback (most recent call last):
  File "/home/airflow/.local/lib/python3.8/site-packages/airflow/sensors/base.py", line 257, in execute
    raise e
  File "/home/airflow/.local/lib/python3.8/site-packages/airflow/sensors/base.py", line 239, in execute
    poke_return = self.poke(context)
  File "/home/airflow/.local/lib/python3.8/site-packages/airflow/operators/subdag.py", line 181, in poke
    return dag_run.state != DagRunState.RUNNING
AttributeError: 'NoneType' object has no attribute 'state'
[2024-02-02T17:17:23.279+0000] {taskinstance.py:1400} INFO - Marking task as UP_FOR_RETRY. dag_id=flight_data_postgres_to_mysql, task_id=mysql_bulk_load, execution_date=20240101T000000, start_date=20240202T171623, end_date=20240202T171723
[2024-02-02T17:17:23.290+0000] {standard_task_runner.py:104} ERROR - Failed to execute job 18 for task mysql_bulk_load ('NoneType' object has no attribute 'state'; 874)
[2024-02-02T17:17:23.326+0000] {local_task_job_runner.py:228} INFO - Task exited with return code 1
[2024-02-02T17:17:23.345+0000] {taskinstance.py:2778} INFO - 0 downstream tasks scheduled from follow-on schedule check
