[2023-12-19T04:00:04.579+0000] {processor.py:157} INFO - Started process (PID=186) to work on /opt/airflow/dags/create_star_schema_part_1.py
[2023-12-19T04:00:04.580+0000] {processor.py:829} INFO - Processing file /opt/airflow/dags/create_star_schema_part_1.py for tasks to queue
[2023-12-19T04:00:04.582+0000] {logging_mixin.py:154} INFO - [2023-12-19T04:00:04.581+0000] {dagbag.py:536} INFO - Filling up the DagBag from /opt/airflow/dags/create_star_schema_part_1.py
[2023-12-19T04:00:04.590+0000] {processor.py:841} WARNING - No viable dags retrieved from /opt/airflow/dags/create_star_schema_part_1.py
[2023-12-19T04:00:04.613+0000] {processor.py:179} INFO - Processing /opt/airflow/dags/create_star_schema_part_1.py took 0.040 seconds
[2023-12-19T04:00:35.176+0000] {processor.py:157} INFO - Started process (PID=228) to work on /opt/airflow/dags/create_star_schema_part_1.py
[2023-12-19T04:00:35.178+0000] {processor.py:829} INFO - Processing file /opt/airflow/dags/create_star_schema_part_1.py for tasks to queue
[2023-12-19T04:00:35.178+0000] {logging_mixin.py:154} INFO - [2023-12-19T04:00:35.178+0000] {dagbag.py:536} INFO - Filling up the DagBag from /opt/airflow/dags/create_star_schema_part_1.py
[2023-12-19T04:00:35.185+0000] {processor.py:841} WARNING - No viable dags retrieved from /opt/airflow/dags/create_star_schema_part_1.py
[2023-12-19T04:00:35.200+0000] {processor.py:179} INFO - Processing /opt/airflow/dags/create_star_schema_part_1.py took 0.028 seconds
[2023-12-19T04:01:05.910+0000] {processor.py:157} INFO - Started process (PID=270) to work on /opt/airflow/dags/create_star_schema_part_1.py
[2023-12-19T04:01:05.912+0000] {processor.py:829} INFO - Processing file /opt/airflow/dags/create_star_schema_part_1.py for tasks to queue
[2023-12-19T04:01:05.913+0000] {logging_mixin.py:154} INFO - [2023-12-19T04:01:05.912+0000] {dagbag.py:536} INFO - Filling up the DagBag from /opt/airflow/dags/create_star_schema_part_1.py
[2023-12-19T04:01:05.917+0000] {processor.py:841} WARNING - No viable dags retrieved from /opt/airflow/dags/create_star_schema_part_1.py
[2023-12-19T04:01:05.929+0000] {processor.py:179} INFO - Processing /opt/airflow/dags/create_star_schema_part_1.py took 0.022 seconds
[2023-12-19T04:01:36.260+0000] {processor.py:157} INFO - Started process (PID=312) to work on /opt/airflow/dags/create_star_schema_part_1.py
[2023-12-19T04:01:36.260+0000] {processor.py:829} INFO - Processing file /opt/airflow/dags/create_star_schema_part_1.py for tasks to queue
[2023-12-19T04:01:36.261+0000] {logging_mixin.py:154} INFO - [2023-12-19T04:01:36.261+0000] {dagbag.py:536} INFO - Filling up the DagBag from /opt/airflow/dags/create_star_schema_part_1.py
[2023-12-19T04:01:36.264+0000] {processor.py:841} WARNING - No viable dags retrieved from /opt/airflow/dags/create_star_schema_part_1.py
[2023-12-19T04:01:36.273+0000] {processor.py:179} INFO - Processing /opt/airflow/dags/create_star_schema_part_1.py took 0.016 seconds
[2023-12-19T04:02:06.753+0000] {processor.py:157} INFO - Started process (PID=356) to work on /opt/airflow/dags/create_star_schema_part_1.py
[2023-12-19T04:02:06.754+0000] {processor.py:829} INFO - Processing file /opt/airflow/dags/create_star_schema_part_1.py for tasks to queue
[2023-12-19T04:02:06.754+0000] {logging_mixin.py:154} INFO - [2023-12-19T04:02:06.754+0000] {dagbag.py:536} INFO - Filling up the DagBag from /opt/airflow/dags/create_star_schema_part_1.py
[2023-12-19T04:02:06.758+0000] {processor.py:841} WARNING - No viable dags retrieved from /opt/airflow/dags/create_star_schema_part_1.py
[2023-12-19T04:02:06.767+0000] {processor.py:179} INFO - Processing /opt/airflow/dags/create_star_schema_part_1.py took 0.016 seconds
[2023-12-19T04:02:37.223+0000] {processor.py:157} INFO - Started process (PID=401) to work on /opt/airflow/dags/create_star_schema_part_1.py
[2023-12-19T04:02:37.224+0000] {processor.py:829} INFO - Processing file /opt/airflow/dags/create_star_schema_part_1.py for tasks to queue
[2023-12-19T04:02:37.224+0000] {logging_mixin.py:154} INFO - [2023-12-19T04:02:37.224+0000] {dagbag.py:536} INFO - Filling up the DagBag from /opt/airflow/dags/create_star_schema_part_1.py
[2023-12-19T04:02:37.228+0000] {processor.py:841} WARNING - No viable dags retrieved from /opt/airflow/dags/create_star_schema_part_1.py
[2023-12-19T04:02:37.238+0000] {processor.py:179} INFO - Processing /opt/airflow/dags/create_star_schema_part_1.py took 0.017 seconds
[2023-12-19T04:03:07.728+0000] {processor.py:157} INFO - Started process (PID=445) to work on /opt/airflow/dags/create_star_schema_part_1.py
[2023-12-19T04:03:07.729+0000] {processor.py:829} INFO - Processing file /opt/airflow/dags/create_star_schema_part_1.py for tasks to queue
[2023-12-19T04:03:07.729+0000] {logging_mixin.py:154} INFO - [2023-12-19T04:03:07.729+0000] {dagbag.py:536} INFO - Filling up the DagBag from /opt/airflow/dags/create_star_schema_part_1.py
[2023-12-19T04:03:07.734+0000] {processor.py:841} WARNING - No viable dags retrieved from /opt/airflow/dags/create_star_schema_part_1.py
[2023-12-19T04:03:07.744+0000] {processor.py:179} INFO - Processing /opt/airflow/dags/create_star_schema_part_1.py took 0.018 seconds
[2023-12-19T04:03:38.192+0000] {processor.py:157} INFO - Started process (PID=490) to work on /opt/airflow/dags/create_star_schema_part_1.py
[2023-12-19T04:03:38.193+0000] {processor.py:829} INFO - Processing file /opt/airflow/dags/create_star_schema_part_1.py for tasks to queue
[2023-12-19T04:03:38.193+0000] {logging_mixin.py:154} INFO - [2023-12-19T04:03:38.193+0000] {dagbag.py:536} INFO - Filling up the DagBag from /opt/airflow/dags/create_star_schema_part_1.py
[2023-12-19T04:03:38.198+0000] {processor.py:841} WARNING - No viable dags retrieved from /opt/airflow/dags/create_star_schema_part_1.py
[2023-12-19T04:03:38.208+0000] {processor.py:179} INFO - Processing /opt/airflow/dags/create_star_schema_part_1.py took 0.018 seconds
[2023-12-19T04:04:08.681+0000] {processor.py:157} INFO - Started process (PID=537) to work on /opt/airflow/dags/create_star_schema_part_1.py
[2023-12-19T04:04:08.681+0000] {processor.py:829} INFO - Processing file /opt/airflow/dags/create_star_schema_part_1.py for tasks to queue
[2023-12-19T04:04:08.682+0000] {logging_mixin.py:154} INFO - [2023-12-19T04:04:08.682+0000] {dagbag.py:536} INFO - Filling up the DagBag from /opt/airflow/dags/create_star_schema_part_1.py
[2023-12-19T04:04:08.686+0000] {processor.py:841} WARNING - No viable dags retrieved from /opt/airflow/dags/create_star_schema_part_1.py
[2023-12-19T04:04:08.695+0000] {processor.py:179} INFO - Processing /opt/airflow/dags/create_star_schema_part_1.py took 0.017 seconds
[2023-12-19T04:04:39.090+0000] {processor.py:157} INFO - Started process (PID=577) to work on /opt/airflow/dags/create_star_schema_part_1.py
[2023-12-19T04:04:39.091+0000] {processor.py:829} INFO - Processing file /opt/airflow/dags/create_star_schema_part_1.py for tasks to queue
[2023-12-19T04:04:39.091+0000] {logging_mixin.py:154} INFO - [2023-12-19T04:04:39.091+0000] {dagbag.py:536} INFO - Filling up the DagBag from /opt/airflow/dags/create_star_schema_part_1.py
[2023-12-19T04:04:39.095+0000] {processor.py:841} WARNING - No viable dags retrieved from /opt/airflow/dags/create_star_schema_part_1.py
[2023-12-19T04:04:39.104+0000] {processor.py:179} INFO - Processing /opt/airflow/dags/create_star_schema_part_1.py took 0.016 seconds
[2023-12-19T04:05:09.587+0000] {processor.py:157} INFO - Started process (PID=620) to work on /opt/airflow/dags/create_star_schema_part_1.py
[2023-12-19T04:05:09.588+0000] {processor.py:829} INFO - Processing file /opt/airflow/dags/create_star_schema_part_1.py for tasks to queue
[2023-12-19T04:05:09.588+0000] {logging_mixin.py:154} INFO - [2023-12-19T04:05:09.588+0000] {dagbag.py:536} INFO - Filling up the DagBag from /opt/airflow/dags/create_star_schema_part_1.py
[2023-12-19T04:05:09.593+0000] {processor.py:841} WARNING - No viable dags retrieved from /opt/airflow/dags/create_star_schema_part_1.py
[2023-12-19T04:05:09.602+0000] {processor.py:179} INFO - Processing /opt/airflow/dags/create_star_schema_part_1.py took 0.017 seconds
[2023-12-19T04:05:40.052+0000] {processor.py:157} INFO - Started process (PID=672) to work on /opt/airflow/dags/create_star_schema_part_1.py
[2023-12-19T04:05:40.053+0000] {processor.py:829} INFO - Processing file /opt/airflow/dags/create_star_schema_part_1.py for tasks to queue
[2023-12-19T04:05:40.054+0000] {logging_mixin.py:154} INFO - [2023-12-19T04:05:40.053+0000] {dagbag.py:536} INFO - Filling up the DagBag from /opt/airflow/dags/create_star_schema_part_1.py
[2023-12-19T04:05:40.058+0000] {processor.py:841} WARNING - No viable dags retrieved from /opt/airflow/dags/create_star_schema_part_1.py
[2023-12-19T04:05:40.069+0000] {processor.py:179} INFO - Processing /opt/airflow/dags/create_star_schema_part_1.py took 0.020 seconds
[2023-12-19T04:06:10.441+0000] {processor.py:157} INFO - Started process (PID=715) to work on /opt/airflow/dags/create_star_schema_part_1.py
[2023-12-19T04:06:10.442+0000] {processor.py:829} INFO - Processing file /opt/airflow/dags/create_star_schema_part_1.py for tasks to queue
[2023-12-19T04:06:10.442+0000] {logging_mixin.py:154} INFO - [2023-12-19T04:06:10.442+0000] {dagbag.py:536} INFO - Filling up the DagBag from /opt/airflow/dags/create_star_schema_part_1.py
[2023-12-19T04:06:10.446+0000] {processor.py:841} WARNING - No viable dags retrieved from /opt/airflow/dags/create_star_schema_part_1.py
[2023-12-19T04:06:10.454+0000] {processor.py:179} INFO - Processing /opt/airflow/dags/create_star_schema_part_1.py took 0.015 seconds
[2023-12-19T04:06:40.903+0000] {processor.py:157} INFO - Started process (PID=767) to work on /opt/airflow/dags/create_star_schema_part_1.py
[2023-12-19T04:06:40.903+0000] {processor.py:829} INFO - Processing file /opt/airflow/dags/create_star_schema_part_1.py for tasks to queue
[2023-12-19T04:06:40.904+0000] {logging_mixin.py:154} INFO - [2023-12-19T04:06:40.904+0000] {dagbag.py:536} INFO - Filling up the DagBag from /opt/airflow/dags/create_star_schema_part_1.py
[2023-12-19T04:06:40.908+0000] {processor.py:841} WARNING - No viable dags retrieved from /opt/airflow/dags/create_star_schema_part_1.py
[2023-12-19T04:06:40.916+0000] {processor.py:179} INFO - Processing /opt/airflow/dags/create_star_schema_part_1.py took 0.015 seconds
[2023-12-19T04:07:11.387+0000] {processor.py:157} INFO - Started process (PID=810) to work on /opt/airflow/dags/create_star_schema_part_1.py
[2023-12-19T04:07:11.388+0000] {processor.py:829} INFO - Processing file /opt/airflow/dags/create_star_schema_part_1.py for tasks to queue
[2023-12-19T04:07:11.388+0000] {logging_mixin.py:154} INFO - [2023-12-19T04:07:11.388+0000] {dagbag.py:536} INFO - Filling up the DagBag from /opt/airflow/dags/create_star_schema_part_1.py
[2023-12-19T04:07:11.392+0000] {processor.py:841} WARNING - No viable dags retrieved from /opt/airflow/dags/create_star_schema_part_1.py
[2023-12-19T04:07:11.401+0000] {processor.py:179} INFO - Processing /opt/airflow/dags/create_star_schema_part_1.py took 0.016 seconds
[2023-12-19T04:07:41.843+0000] {processor.py:157} INFO - Started process (PID=853) to work on /opt/airflow/dags/create_star_schema_part_1.py
[2023-12-19T04:07:41.844+0000] {processor.py:829} INFO - Processing file /opt/airflow/dags/create_star_schema_part_1.py for tasks to queue
[2023-12-19T04:07:41.844+0000] {logging_mixin.py:154} INFO - [2023-12-19T04:07:41.844+0000] {dagbag.py:536} INFO - Filling up the DagBag from /opt/airflow/dags/create_star_schema_part_1.py
[2023-12-19T04:07:41.848+0000] {processor.py:841} WARNING - No viable dags retrieved from /opt/airflow/dags/create_star_schema_part_1.py
[2023-12-19T04:07:41.857+0000] {processor.py:179} INFO - Processing /opt/airflow/dags/create_star_schema_part_1.py took 0.016 seconds
[2023-12-19T04:08:12.236+0000] {processor.py:157} INFO - Started process (PID=896) to work on /opt/airflow/dags/create_star_schema_part_1.py
[2023-12-19T04:08:12.237+0000] {processor.py:829} INFO - Processing file /opt/airflow/dags/create_star_schema_part_1.py for tasks to queue
[2023-12-19T04:08:12.237+0000] {logging_mixin.py:154} INFO - [2023-12-19T04:08:12.237+0000] {dagbag.py:536} INFO - Filling up the DagBag from /opt/airflow/dags/create_star_schema_part_1.py
[2023-12-19T04:08:12.241+0000] {processor.py:841} WARNING - No viable dags retrieved from /opt/airflow/dags/create_star_schema_part_1.py
[2023-12-19T04:08:12.251+0000] {processor.py:179} INFO - Processing /opt/airflow/dags/create_star_schema_part_1.py took 0.016 seconds
[2023-12-19T04:08:42.614+0000] {processor.py:157} INFO - Started process (PID=942) to work on /opt/airflow/dags/create_star_schema_part_1.py
[2023-12-19T04:08:42.615+0000] {processor.py:829} INFO - Processing file /opt/airflow/dags/create_star_schema_part_1.py for tasks to queue
[2023-12-19T04:08:42.616+0000] {logging_mixin.py:154} INFO - [2023-12-19T04:08:42.616+0000] {dagbag.py:536} INFO - Filling up the DagBag from /opt/airflow/dags/create_star_schema_part_1.py
[2023-12-19T04:08:42.621+0000] {processor.py:841} WARNING - No viable dags retrieved from /opt/airflow/dags/create_star_schema_part_1.py
[2023-12-19T04:08:42.632+0000] {processor.py:179} INFO - Processing /opt/airflow/dags/create_star_schema_part_1.py took 0.020 seconds
[2023-12-19T04:09:13.023+0000] {processor.py:157} INFO - Started process (PID=991) to work on /opt/airflow/dags/create_star_schema_part_1.py
[2023-12-19T04:09:13.024+0000] {processor.py:829} INFO - Processing file /opt/airflow/dags/create_star_schema_part_1.py for tasks to queue
[2023-12-19T04:09:13.025+0000] {logging_mixin.py:154} INFO - [2023-12-19T04:09:13.024+0000] {dagbag.py:536} INFO - Filling up the DagBag from /opt/airflow/dags/create_star_schema_part_1.py
[2023-12-19T04:09:13.028+0000] {processor.py:841} WARNING - No viable dags retrieved from /opt/airflow/dags/create_star_schema_part_1.py
[2023-12-19T04:09:13.037+0000] {processor.py:179} INFO - Processing /opt/airflow/dags/create_star_schema_part_1.py took 0.017 seconds
[2023-12-19T04:09:43.444+0000] {processor.py:157} INFO - Started process (PID=1034) to work on /opt/airflow/dags/create_star_schema_part_1.py
[2023-12-19T04:09:43.445+0000] {processor.py:829} INFO - Processing file /opt/airflow/dags/create_star_schema_part_1.py for tasks to queue
[2023-12-19T04:09:43.445+0000] {logging_mixin.py:154} INFO - [2023-12-19T04:09:43.445+0000] {dagbag.py:536} INFO - Filling up the DagBag from /opt/airflow/dags/create_star_schema_part_1.py
[2023-12-19T04:09:43.449+0000] {processor.py:841} WARNING - No viable dags retrieved from /opt/airflow/dags/create_star_schema_part_1.py
[2023-12-19T04:09:43.458+0000] {processor.py:179} INFO - Processing /opt/airflow/dags/create_star_schema_part_1.py took 0.016 seconds
[2023-12-19T04:10:13.968+0000] {processor.py:157} INFO - Started process (PID=1077) to work on /opt/airflow/dags/create_star_schema_part_1.py
[2023-12-19T04:10:13.968+0000] {processor.py:829} INFO - Processing file /opt/airflow/dags/create_star_schema_part_1.py for tasks to queue
[2023-12-19T04:10:13.969+0000] {logging_mixin.py:154} INFO - [2023-12-19T04:10:13.969+0000] {dagbag.py:536} INFO - Filling up the DagBag from /opt/airflow/dags/create_star_schema_part_1.py
[2023-12-19T04:10:13.973+0000] {processor.py:841} WARNING - No viable dags retrieved from /opt/airflow/dags/create_star_schema_part_1.py
[2023-12-19T04:10:13.982+0000] {processor.py:179} INFO - Processing /opt/airflow/dags/create_star_schema_part_1.py took 0.016 seconds
[2023-12-19T04:10:44.340+0000] {processor.py:157} INFO - Started process (PID=1121) to work on /opt/airflow/dags/create_star_schema_part_1.py
[2023-12-19T04:10:44.341+0000] {processor.py:829} INFO - Processing file /opt/airflow/dags/create_star_schema_part_1.py for tasks to queue
[2023-12-19T04:10:44.342+0000] {logging_mixin.py:154} INFO - [2023-12-19T04:10:44.342+0000] {dagbag.py:536} INFO - Filling up the DagBag from /opt/airflow/dags/create_star_schema_part_1.py
[2023-12-19T04:10:44.346+0000] {processor.py:841} WARNING - No viable dags retrieved from /opt/airflow/dags/create_star_schema_part_1.py
[2023-12-19T04:10:44.356+0000] {processor.py:179} INFO - Processing /opt/airflow/dags/create_star_schema_part_1.py took 0.018 seconds
[2023-12-19T04:11:14.432+0000] {processor.py:157} INFO - Started process (PID=1172) to work on /opt/airflow/dags/create_star_schema_part_1.py
[2023-12-19T04:11:14.433+0000] {processor.py:829} INFO - Processing file /opt/airflow/dags/create_star_schema_part_1.py for tasks to queue
[2023-12-19T04:11:14.433+0000] {logging_mixin.py:154} INFO - [2023-12-19T04:11:14.433+0000] {dagbag.py:536} INFO - Filling up the DagBag from /opt/airflow/dags/create_star_schema_part_1.py
[2023-12-19T04:11:14.437+0000] {processor.py:841} WARNING - No viable dags retrieved from /opt/airflow/dags/create_star_schema_part_1.py
[2023-12-19T04:11:14.446+0000] {processor.py:179} INFO - Processing /opt/airflow/dags/create_star_schema_part_1.py took 0.016 seconds
[2023-12-19T04:11:44.981+0000] {processor.py:157} INFO - Started process (PID=1215) to work on /opt/airflow/dags/create_star_schema_part_1.py
[2023-12-19T04:11:44.981+0000] {processor.py:829} INFO - Processing file /opt/airflow/dags/create_star_schema_part_1.py for tasks to queue
[2023-12-19T04:11:44.982+0000] {logging_mixin.py:154} INFO - [2023-12-19T04:11:44.982+0000] {dagbag.py:536} INFO - Filling up the DagBag from /opt/airflow/dags/create_star_schema_part_1.py
[2023-12-19T04:11:44.986+0000] {processor.py:841} WARNING - No viable dags retrieved from /opt/airflow/dags/create_star_schema_part_1.py
[2023-12-19T04:11:44.995+0000] {processor.py:179} INFO - Processing /opt/airflow/dags/create_star_schema_part_1.py took 0.016 seconds
[2023-12-19T04:12:15.435+0000] {processor.py:157} INFO - Started process (PID=1258) to work on /opt/airflow/dags/create_star_schema_part_1.py
[2023-12-19T04:12:15.436+0000] {processor.py:829} INFO - Processing file /opt/airflow/dags/create_star_schema_part_1.py for tasks to queue
[2023-12-19T04:12:15.436+0000] {logging_mixin.py:154} INFO - [2023-12-19T04:12:15.436+0000] {dagbag.py:536} INFO - Filling up the DagBag from /opt/airflow/dags/create_star_schema_part_1.py
[2023-12-19T04:12:15.440+0000] {processor.py:841} WARNING - No viable dags retrieved from /opt/airflow/dags/create_star_schema_part_1.py
[2023-12-19T04:12:15.449+0000] {processor.py:179} INFO - Processing /opt/airflow/dags/create_star_schema_part_1.py took 0.016 seconds
[2023-12-19T04:12:45.837+0000] {processor.py:157} INFO - Started process (PID=1304) to work on /opt/airflow/dags/create_star_schema_part_1.py
[2023-12-19T04:12:45.838+0000] {processor.py:829} INFO - Processing file /opt/airflow/dags/create_star_schema_part_1.py for tasks to queue
[2023-12-19T04:12:45.839+0000] {logging_mixin.py:154} INFO - [2023-12-19T04:12:45.839+0000] {dagbag.py:536} INFO - Filling up the DagBag from /opt/airflow/dags/create_star_schema_part_1.py
[2023-12-19T04:12:45.843+0000] {processor.py:841} WARNING - No viable dags retrieved from /opt/airflow/dags/create_star_schema_part_1.py
[2023-12-19T04:12:45.853+0000] {processor.py:179} INFO - Processing /opt/airflow/dags/create_star_schema_part_1.py took 0.018 seconds
[2023-12-19T04:13:16.323+0000] {processor.py:157} INFO - Started process (PID=1347) to work on /opt/airflow/dags/create_star_schema_part_1.py
[2023-12-19T04:13:16.324+0000] {processor.py:829} INFO - Processing file /opt/airflow/dags/create_star_schema_part_1.py for tasks to queue
[2023-12-19T04:13:16.325+0000] {logging_mixin.py:154} INFO - [2023-12-19T04:13:16.324+0000] {dagbag.py:536} INFO - Filling up the DagBag from /opt/airflow/dags/create_star_schema_part_1.py
[2023-12-19T04:13:16.329+0000] {processor.py:841} WARNING - No viable dags retrieved from /opt/airflow/dags/create_star_schema_part_1.py
[2023-12-19T04:13:16.338+0000] {processor.py:179} INFO - Processing /opt/airflow/dags/create_star_schema_part_1.py took 0.017 seconds
[2023-12-19T04:13:46.763+0000] {processor.py:157} INFO - Started process (PID=1396) to work on /opt/airflow/dags/create_star_schema_part_1.py
[2023-12-19T04:13:46.763+0000] {processor.py:829} INFO - Processing file /opt/airflow/dags/create_star_schema_part_1.py for tasks to queue
[2023-12-19T04:13:46.764+0000] {logging_mixin.py:154} INFO - [2023-12-19T04:13:46.764+0000] {dagbag.py:536} INFO - Filling up the DagBag from /opt/airflow/dags/create_star_schema_part_1.py
[2023-12-19T04:13:46.768+0000] {processor.py:841} WARNING - No viable dags retrieved from /opt/airflow/dags/create_star_schema_part_1.py
[2023-12-19T04:13:46.777+0000] {processor.py:179} INFO - Processing /opt/airflow/dags/create_star_schema_part_1.py took 0.016 seconds
[2023-12-19T04:14:17.262+0000] {processor.py:157} INFO - Started process (PID=1439) to work on /opt/airflow/dags/create_star_schema_part_1.py
[2023-12-19T04:14:17.263+0000] {processor.py:829} INFO - Processing file /opt/airflow/dags/create_star_schema_part_1.py for tasks to queue
[2023-12-19T04:14:17.263+0000] {logging_mixin.py:154} INFO - [2023-12-19T04:14:17.263+0000] {dagbag.py:536} INFO - Filling up the DagBag from /opt/airflow/dags/create_star_schema_part_1.py
[2023-12-19T04:14:17.267+0000] {processor.py:841} WARNING - No viable dags retrieved from /opt/airflow/dags/create_star_schema_part_1.py
[2023-12-19T04:14:17.276+0000] {processor.py:179} INFO - Processing /opt/airflow/dags/create_star_schema_part_1.py took 0.016 seconds
[2023-12-19T04:14:47.747+0000] {processor.py:157} INFO - Started process (PID=1482) to work on /opt/airflow/dags/create_star_schema_part_1.py
[2023-12-19T04:14:47.748+0000] {processor.py:829} INFO - Processing file /opt/airflow/dags/create_star_schema_part_1.py for tasks to queue
[2023-12-19T04:14:47.748+0000] {logging_mixin.py:154} INFO - [2023-12-19T04:14:47.748+0000] {dagbag.py:536} INFO - Filling up the DagBag from /opt/airflow/dags/create_star_schema_part_1.py
[2023-12-19T04:14:47.752+0000] {processor.py:841} WARNING - No viable dags retrieved from /opt/airflow/dags/create_star_schema_part_1.py
[2023-12-19T04:14:47.762+0000] {processor.py:179} INFO - Processing /opt/airflow/dags/create_star_schema_part_1.py took 0.016 seconds
[2023-12-19T04:15:18.303+0000] {processor.py:157} INFO - Started process (PID=1525) to work on /opt/airflow/dags/create_star_schema_part_1.py
[2023-12-19T04:15:18.304+0000] {processor.py:829} INFO - Processing file /opt/airflow/dags/create_star_schema_part_1.py for tasks to queue
[2023-12-19T04:15:18.304+0000] {logging_mixin.py:154} INFO - [2023-12-19T04:15:18.304+0000] {dagbag.py:536} INFO - Filling up the DagBag from /opt/airflow/dags/create_star_schema_part_1.py
[2023-12-19T04:15:18.308+0000] {processor.py:841} WARNING - No viable dags retrieved from /opt/airflow/dags/create_star_schema_part_1.py
[2023-12-19T04:15:18.318+0000] {processor.py:179} INFO - Processing /opt/airflow/dags/create_star_schema_part_1.py took 0.016 seconds
[2023-12-19T04:15:48.772+0000] {processor.py:157} INFO - Started process (PID=1580) to work on /opt/airflow/dags/create_star_schema_part_1.py
[2023-12-19T04:15:48.772+0000] {processor.py:829} INFO - Processing file /opt/airflow/dags/create_star_schema_part_1.py for tasks to queue
[2023-12-19T04:15:48.773+0000] {logging_mixin.py:154} INFO - [2023-12-19T04:15:48.773+0000] {dagbag.py:536} INFO - Filling up the DagBag from /opt/airflow/dags/create_star_schema_part_1.py
[2023-12-19T04:15:48.777+0000] {processor.py:841} WARNING - No viable dags retrieved from /opt/airflow/dags/create_star_schema_part_1.py
[2023-12-19T04:15:48.785+0000] {processor.py:179} INFO - Processing /opt/airflow/dags/create_star_schema_part_1.py took 0.016 seconds
[2023-12-19T04:16:19.309+0000] {processor.py:157} INFO - Started process (PID=1623) to work on /opt/airflow/dags/create_star_schema_part_1.py
[2023-12-19T04:16:19.310+0000] {processor.py:829} INFO - Processing file /opt/airflow/dags/create_star_schema_part_1.py for tasks to queue
[2023-12-19T04:16:19.311+0000] {logging_mixin.py:154} INFO - [2023-12-19T04:16:19.310+0000] {dagbag.py:536} INFO - Filling up the DagBag from /opt/airflow/dags/create_star_schema_part_1.py
[2023-12-19T04:16:19.315+0000] {processor.py:841} WARNING - No viable dags retrieved from /opt/airflow/dags/create_star_schema_part_1.py
[2023-12-19T04:16:19.323+0000] {processor.py:179} INFO - Processing /opt/airflow/dags/create_star_schema_part_1.py took 0.016 seconds
[2023-12-19T04:16:49.753+0000] {processor.py:157} INFO - Started process (PID=1666) to work on /opt/airflow/dags/create_star_schema_part_1.py
[2023-12-19T04:16:49.754+0000] {processor.py:829} INFO - Processing file /opt/airflow/dags/create_star_schema_part_1.py for tasks to queue
[2023-12-19T04:16:49.754+0000] {logging_mixin.py:154} INFO - [2023-12-19T04:16:49.754+0000] {dagbag.py:536} INFO - Filling up the DagBag from /opt/airflow/dags/create_star_schema_part_1.py
[2023-12-19T04:16:49.759+0000] {processor.py:841} WARNING - No viable dags retrieved from /opt/airflow/dags/create_star_schema_part_1.py
[2023-12-19T04:16:49.767+0000] {processor.py:179} INFO - Processing /opt/airflow/dags/create_star_schema_part_1.py took 0.017 seconds
[2023-12-19T04:17:20.211+0000] {processor.py:157} INFO - Started process (PID=1709) to work on /opt/airflow/dags/create_star_schema_part_1.py
[2023-12-19T04:17:20.211+0000] {processor.py:829} INFO - Processing file /opt/airflow/dags/create_star_schema_part_1.py for tasks to queue
[2023-12-19T04:17:20.212+0000] {logging_mixin.py:154} INFO - [2023-12-19T04:17:20.212+0000] {dagbag.py:536} INFO - Filling up the DagBag from /opt/airflow/dags/create_star_schema_part_1.py
[2023-12-19T04:17:20.216+0000] {processor.py:841} WARNING - No viable dags retrieved from /opt/airflow/dags/create_star_schema_part_1.py
[2023-12-19T04:17:20.225+0000] {processor.py:179} INFO - Processing /opt/airflow/dags/create_star_schema_part_1.py took 0.016 seconds
[2023-12-19T04:17:50.700+0000] {processor.py:157} INFO - Started process (PID=1752) to work on /opt/airflow/dags/create_star_schema_part_1.py
[2023-12-19T04:17:50.701+0000] {processor.py:829} INFO - Processing file /opt/airflow/dags/create_star_schema_part_1.py for tasks to queue
[2023-12-19T04:17:50.702+0000] {logging_mixin.py:154} INFO - [2023-12-19T04:17:50.701+0000] {dagbag.py:536} INFO - Filling up the DagBag from /opt/airflow/dags/create_star_schema_part_1.py
[2023-12-19T04:17:50.706+0000] {processor.py:841} WARNING - No viable dags retrieved from /opt/airflow/dags/create_star_schema_part_1.py
[2023-12-19T04:17:50.715+0000] {processor.py:179} INFO - Processing /opt/airflow/dags/create_star_schema_part_1.py took 0.016 seconds
[2023-12-19T04:18:21.206+0000] {processor.py:157} INFO - Started process (PID=1795) to work on /opt/airflow/dags/create_star_schema_part_1.py
[2023-12-19T04:18:21.208+0000] {processor.py:829} INFO - Processing file /opt/airflow/dags/create_star_schema_part_1.py for tasks to queue
[2023-12-19T04:18:21.208+0000] {logging_mixin.py:154} INFO - [2023-12-19T04:18:21.208+0000] {dagbag.py:536} INFO - Filling up the DagBag from /opt/airflow/dags/create_star_schema_part_1.py
[2023-12-19T04:18:21.216+0000] {processor.py:841} WARNING - No viable dags retrieved from /opt/airflow/dags/create_star_schema_part_1.py
[2023-12-19T04:18:21.231+0000] {processor.py:179} INFO - Processing /opt/airflow/dags/create_star_schema_part_1.py took 0.028 seconds
[2023-12-19T04:18:51.684+0000] {processor.py:157} INFO - Started process (PID=1838) to work on /opt/airflow/dags/create_star_schema_part_1.py
[2023-12-19T04:18:51.685+0000] {processor.py:829} INFO - Processing file /opt/airflow/dags/create_star_schema_part_1.py for tasks to queue
[2023-12-19T04:18:51.685+0000] {logging_mixin.py:154} INFO - [2023-12-19T04:18:51.685+0000] {dagbag.py:536} INFO - Filling up the DagBag from /opt/airflow/dags/create_star_schema_part_1.py
[2023-12-19T04:18:51.691+0000] {processor.py:841} WARNING - No viable dags retrieved from /opt/airflow/dags/create_star_schema_part_1.py
[2023-12-19T04:18:51.701+0000] {processor.py:179} INFO - Processing /opt/airflow/dags/create_star_schema_part_1.py took 0.019 seconds
[2023-12-19T04:19:22.091+0000] {processor.py:157} INFO - Started process (PID=1896) to work on /opt/airflow/dags/create_star_schema_part_1.py
[2023-12-19T04:19:22.091+0000] {processor.py:829} INFO - Processing file /opt/airflow/dags/create_star_schema_part_1.py for tasks to queue
[2023-12-19T04:19:22.092+0000] {logging_mixin.py:154} INFO - [2023-12-19T04:19:22.091+0000] {dagbag.py:536} INFO - Filling up the DagBag from /opt/airflow/dags/create_star_schema_part_1.py
[2023-12-19T04:19:22.096+0000] {processor.py:841} WARNING - No viable dags retrieved from /opt/airflow/dags/create_star_schema_part_1.py
[2023-12-19T04:19:22.105+0000] {processor.py:179} INFO - Processing /opt/airflow/dags/create_star_schema_part_1.py took 0.016 seconds
[2023-12-19T04:19:52.558+0000] {processor.py:157} INFO - Started process (PID=1939) to work on /opt/airflow/dags/create_star_schema_part_1.py
[2023-12-19T04:19:52.559+0000] {processor.py:829} INFO - Processing file /opt/airflow/dags/create_star_schema_part_1.py for tasks to queue
[2023-12-19T04:19:52.559+0000] {logging_mixin.py:154} INFO - [2023-12-19T04:19:52.559+0000] {dagbag.py:536} INFO - Filling up the DagBag from /opt/airflow/dags/create_star_schema_part_1.py
[2023-12-19T04:19:52.563+0000] {processor.py:841} WARNING - No viable dags retrieved from /opt/airflow/dags/create_star_schema_part_1.py
[2023-12-19T04:19:52.572+0000] {processor.py:179} INFO - Processing /opt/airflow/dags/create_star_schema_part_1.py took 0.016 seconds
[2023-12-19T04:20:22.981+0000] {processor.py:157} INFO - Started process (PID=2006) to work on /opt/airflow/dags/create_star_schema_part_1.py
[2023-12-19T04:20:22.981+0000] {processor.py:829} INFO - Processing file /opt/airflow/dags/create_star_schema_part_1.py for tasks to queue
[2023-12-19T04:20:22.982+0000] {logging_mixin.py:154} INFO - [2023-12-19T04:20:22.982+0000] {dagbag.py:536} INFO - Filling up the DagBag from /opt/airflow/dags/create_star_schema_part_1.py
[2023-12-19T04:20:22.986+0000] {processor.py:841} WARNING - No viable dags retrieved from /opt/airflow/dags/create_star_schema_part_1.py
[2023-12-19T04:20:22.995+0000] {processor.py:179} INFO - Processing /opt/airflow/dags/create_star_schema_part_1.py took 0.016 seconds
[2023-12-19T04:20:53.453+0000] {processor.py:157} INFO - Started process (PID=2049) to work on /opt/airflow/dags/create_star_schema_part_1.py
[2023-12-19T04:20:53.453+0000] {processor.py:829} INFO - Processing file /opt/airflow/dags/create_star_schema_part_1.py for tasks to queue
[2023-12-19T04:20:53.454+0000] {logging_mixin.py:154} INFO - [2023-12-19T04:20:53.454+0000] {dagbag.py:536} INFO - Filling up the DagBag from /opt/airflow/dags/create_star_schema_part_1.py
[2023-12-19T04:20:53.458+0000] {processor.py:841} WARNING - No viable dags retrieved from /opt/airflow/dags/create_star_schema_part_1.py
[2023-12-19T04:20:53.467+0000] {processor.py:179} INFO - Processing /opt/airflow/dags/create_star_schema_part_1.py took 0.016 seconds
[2023-12-19T04:21:23.886+0000] {processor.py:157} INFO - Started process (PID=2116) to work on /opt/airflow/dags/create_star_schema_part_1.py
[2023-12-19T04:21:23.887+0000] {processor.py:829} INFO - Processing file /opt/airflow/dags/create_star_schema_part_1.py for tasks to queue
[2023-12-19T04:21:23.887+0000] {logging_mixin.py:154} INFO - [2023-12-19T04:21:23.887+0000] {dagbag.py:536} INFO - Filling up the DagBag from /opt/airflow/dags/create_star_schema_part_1.py
[2023-12-19T04:21:23.891+0000] {processor.py:841} WARNING - No viable dags retrieved from /opt/airflow/dags/create_star_schema_part_1.py
[2023-12-19T04:21:23.900+0000] {processor.py:179} INFO - Processing /opt/airflow/dags/create_star_schema_part_1.py took 0.016 seconds
[2023-12-19T04:21:54.331+0000] {processor.py:157} INFO - Started process (PID=2159) to work on /opt/airflow/dags/create_star_schema_part_1.py
[2023-12-19T04:21:54.331+0000] {processor.py:829} INFO - Processing file /opt/airflow/dags/create_star_schema_part_1.py for tasks to queue
[2023-12-19T04:21:54.332+0000] {logging_mixin.py:154} INFO - [2023-12-19T04:21:54.331+0000] {dagbag.py:536} INFO - Filling up the DagBag from /opt/airflow/dags/create_star_schema_part_1.py
[2023-12-19T04:21:54.336+0000] {processor.py:841} WARNING - No viable dags retrieved from /opt/airflow/dags/create_star_schema_part_1.py
[2023-12-19T04:21:54.345+0000] {processor.py:179} INFO - Processing /opt/airflow/dags/create_star_schema_part_1.py took 0.016 seconds
[2023-12-19T04:22:24.779+0000] {processor.py:157} INFO - Started process (PID=2205) to work on /opt/airflow/dags/create_star_schema_part_1.py
[2023-12-19T04:22:24.780+0000] {processor.py:829} INFO - Processing file /opt/airflow/dags/create_star_schema_part_1.py for tasks to queue
[2023-12-19T04:22:24.780+0000] {logging_mixin.py:154} INFO - [2023-12-19T04:22:24.780+0000] {dagbag.py:536} INFO - Filling up the DagBag from /opt/airflow/dags/create_star_schema_part_1.py
[2023-12-19T04:22:24.784+0000] {processor.py:841} WARNING - No viable dags retrieved from /opt/airflow/dags/create_star_schema_part_1.py
[2023-12-19T04:22:24.793+0000] {processor.py:179} INFO - Processing /opt/airflow/dags/create_star_schema_part_1.py took 0.016 seconds
[2023-12-19T04:22:55.294+0000] {processor.py:157} INFO - Started process (PID=2248) to work on /opt/airflow/dags/create_star_schema_part_1.py
[2023-12-19T04:22:55.295+0000] {processor.py:829} INFO - Processing file /opt/airflow/dags/create_star_schema_part_1.py for tasks to queue
[2023-12-19T04:22:55.295+0000] {logging_mixin.py:154} INFO - [2023-12-19T04:22:55.295+0000] {dagbag.py:536} INFO - Filling up the DagBag from /opt/airflow/dags/create_star_schema_part_1.py
[2023-12-19T04:22:55.299+0000] {processor.py:841} WARNING - No viable dags retrieved from /opt/airflow/dags/create_star_schema_part_1.py
[2023-12-19T04:22:55.308+0000] {processor.py:179} INFO - Processing /opt/airflow/dags/create_star_schema_part_1.py took 0.016 seconds
[2023-12-19T04:23:25.715+0000] {processor.py:157} INFO - Started process (PID=2291) to work on /opt/airflow/dags/create_star_schema_part_1.py
[2023-12-19T04:23:25.715+0000] {processor.py:829} INFO - Processing file /opt/airflow/dags/create_star_schema_part_1.py for tasks to queue
[2023-12-19T04:23:25.716+0000] {logging_mixin.py:154} INFO - [2023-12-19T04:23:25.716+0000] {dagbag.py:536} INFO - Filling up the DagBag from /opt/airflow/dags/create_star_schema_part_1.py
[2023-12-19T04:23:25.720+0000] {processor.py:841} WARNING - No viable dags retrieved from /opt/airflow/dags/create_star_schema_part_1.py
[2023-12-19T04:23:25.729+0000] {processor.py:179} INFO - Processing /opt/airflow/dags/create_star_schema_part_1.py took 0.016 seconds
[2023-12-19T04:23:56.249+0000] {processor.py:157} INFO - Started process (PID=2334) to work on /opt/airflow/dags/create_star_schema_part_1.py
[2023-12-19T04:23:56.250+0000] {processor.py:829} INFO - Processing file /opt/airflow/dags/create_star_schema_part_1.py for tasks to queue
[2023-12-19T04:23:56.251+0000] {logging_mixin.py:154} INFO - [2023-12-19T04:23:56.250+0000] {dagbag.py:536} INFO - Filling up the DagBag from /opt/airflow/dags/create_star_schema_part_1.py
[2023-12-19T04:23:56.255+0000] {processor.py:841} WARNING - No viable dags retrieved from /opt/airflow/dags/create_star_schema_part_1.py
[2023-12-19T04:23:56.264+0000] {processor.py:179} INFO - Processing /opt/airflow/dags/create_star_schema_part_1.py took 0.017 seconds
[2023-12-19T04:24:26.686+0000] {processor.py:157} INFO - Started process (PID=2377) to work on /opt/airflow/dags/create_star_schema_part_1.py
[2023-12-19T04:24:26.687+0000] {processor.py:829} INFO - Processing file /opt/airflow/dags/create_star_schema_part_1.py for tasks to queue
[2023-12-19T04:24:26.688+0000] {logging_mixin.py:154} INFO - [2023-12-19T04:24:26.688+0000] {dagbag.py:536} INFO - Filling up the DagBag from /opt/airflow/dags/create_star_schema_part_1.py
[2023-12-19T04:24:26.692+0000] {processor.py:841} WARNING - No viable dags retrieved from /opt/airflow/dags/create_star_schema_part_1.py
[2023-12-19T04:24:26.702+0000] {processor.py:179} INFO - Processing /opt/airflow/dags/create_star_schema_part_1.py took 0.018 seconds
[2023-12-19T04:24:57.134+0000] {processor.py:157} INFO - Started process (PID=2420) to work on /opt/airflow/dags/create_star_schema_part_1.py
[2023-12-19T04:24:57.135+0000] {processor.py:829} INFO - Processing file /opt/airflow/dags/create_star_schema_part_1.py for tasks to queue
[2023-12-19T04:24:57.135+0000] {logging_mixin.py:154} INFO - [2023-12-19T04:24:57.135+0000] {dagbag.py:536} INFO - Filling up the DagBag from /opt/airflow/dags/create_star_schema_part_1.py
[2023-12-19T04:24:57.139+0000] {processor.py:841} WARNING - No viable dags retrieved from /opt/airflow/dags/create_star_schema_part_1.py
[2023-12-19T04:24:57.149+0000] {processor.py:179} INFO - Processing /opt/airflow/dags/create_star_schema_part_1.py took 0.017 seconds
[2023-12-19T04:25:27.520+0000] {processor.py:157} INFO - Started process (PID=2461) to work on /opt/airflow/dags/create_star_schema_part_1.py
[2023-12-19T04:25:27.521+0000] {processor.py:829} INFO - Processing file /opt/airflow/dags/create_star_schema_part_1.py for tasks to queue
[2023-12-19T04:25:27.521+0000] {logging_mixin.py:154} INFO - [2023-12-19T04:25:27.521+0000] {dagbag.py:536} INFO - Filling up the DagBag from /opt/airflow/dags/create_star_schema_part_1.py
[2023-12-19T04:25:27.527+0000] {processor.py:841} WARNING - No viable dags retrieved from /opt/airflow/dags/create_star_schema_part_1.py
[2023-12-19T04:25:27.538+0000] {processor.py:179} INFO - Processing /opt/airflow/dags/create_star_schema_part_1.py took 0.020 seconds
[2023-12-19T04:25:57.948+0000] {processor.py:157} INFO - Started process (PID=2506) to work on /opt/airflow/dags/create_star_schema_part_1.py
[2023-12-19T04:25:57.948+0000] {processor.py:829} INFO - Processing file /opt/airflow/dags/create_star_schema_part_1.py for tasks to queue
[2023-12-19T04:25:57.949+0000] {logging_mixin.py:154} INFO - [2023-12-19T04:25:57.949+0000] {dagbag.py:536} INFO - Filling up the DagBag from /opt/airflow/dags/create_star_schema_part_1.py
[2023-12-19T04:25:57.953+0000] {processor.py:841} WARNING - No viable dags retrieved from /opt/airflow/dags/create_star_schema_part_1.py
[2023-12-19T04:25:57.963+0000] {processor.py:179} INFO - Processing /opt/airflow/dags/create_star_schema_part_1.py took 0.018 seconds
[2023-12-19T04:26:28.333+0000] {processor.py:157} INFO - Started process (PID=2552) to work on /opt/airflow/dags/create_star_schema_part_1.py
[2023-12-19T04:26:28.334+0000] {processor.py:829} INFO - Processing file /opt/airflow/dags/create_star_schema_part_1.py for tasks to queue
[2023-12-19T04:26:28.335+0000] {logging_mixin.py:154} INFO - [2023-12-19T04:26:28.335+0000] {dagbag.py:536} INFO - Filling up the DagBag from /opt/airflow/dags/create_star_schema_part_1.py
[2023-12-19T04:26:28.339+0000] {processor.py:841} WARNING - No viable dags retrieved from /opt/airflow/dags/create_star_schema_part_1.py
[2023-12-19T04:26:28.349+0000] {processor.py:179} INFO - Processing /opt/airflow/dags/create_star_schema_part_1.py took 0.017 seconds
[2023-12-19T04:26:58.706+0000] {processor.py:157} INFO - Started process (PID=2600) to work on /opt/airflow/dags/create_star_schema_part_1.py
[2023-12-19T04:26:58.707+0000] {processor.py:829} INFO - Processing file /opt/airflow/dags/create_star_schema_part_1.py for tasks to queue
[2023-12-19T04:26:58.707+0000] {logging_mixin.py:154} INFO - [2023-12-19T04:26:58.707+0000] {dagbag.py:536} INFO - Filling up the DagBag from /opt/airflow/dags/create_star_schema_part_1.py
[2023-12-19T04:26:58.712+0000] {processor.py:841} WARNING - No viable dags retrieved from /opt/airflow/dags/create_star_schema_part_1.py
[2023-12-19T04:26:58.723+0000] {processor.py:179} INFO - Processing /opt/airflow/dags/create_star_schema_part_1.py took 0.019 seconds
[2023-12-19T04:27:29.194+0000] {processor.py:157} INFO - Started process (PID=2645) to work on /opt/airflow/dags/create_star_schema_part_1.py
[2023-12-19T04:27:29.195+0000] {processor.py:829} INFO - Processing file /opt/airflow/dags/create_star_schema_part_1.py for tasks to queue
[2023-12-19T04:27:29.195+0000] {logging_mixin.py:154} INFO - [2023-12-19T04:27:29.195+0000] {dagbag.py:536} INFO - Filling up the DagBag from /opt/airflow/dags/create_star_schema_part_1.py
[2023-12-19T04:27:29.200+0000] {processor.py:841} WARNING - No viable dags retrieved from /opt/airflow/dags/create_star_schema_part_1.py
[2023-12-19T04:27:29.209+0000] {processor.py:179} INFO - Processing /opt/airflow/dags/create_star_schema_part_1.py took 0.017 seconds
[2023-12-19T04:27:59.664+0000] {processor.py:157} INFO - Started process (PID=2688) to work on /opt/airflow/dags/create_star_schema_part_1.py
[2023-12-19T04:27:59.665+0000] {processor.py:829} INFO - Processing file /opt/airflow/dags/create_star_schema_part_1.py for tasks to queue
[2023-12-19T04:27:59.666+0000] {logging_mixin.py:154} INFO - [2023-12-19T04:27:59.666+0000] {dagbag.py:536} INFO - Filling up the DagBag from /opt/airflow/dags/create_star_schema_part_1.py
[2023-12-19T04:27:59.670+0000] {processor.py:841} WARNING - No viable dags retrieved from /opt/airflow/dags/create_star_schema_part_1.py
[2023-12-19T04:27:59.679+0000] {processor.py:179} INFO - Processing /opt/airflow/dags/create_star_schema_part_1.py took 0.017 seconds
[2023-12-19T04:28:30.081+0000] {processor.py:157} INFO - Started process (PID=2731) to work on /opt/airflow/dags/create_star_schema_part_1.py
[2023-12-19T04:28:30.081+0000] {processor.py:829} INFO - Processing file /opt/airflow/dags/create_star_schema_part_1.py for tasks to queue
[2023-12-19T04:28:30.082+0000] {logging_mixin.py:154} INFO - [2023-12-19T04:28:30.082+0000] {dagbag.py:536} INFO - Filling up the DagBag from /opt/airflow/dags/create_star_schema_part_1.py
[2023-12-19T04:28:30.086+0000] {processor.py:841} WARNING - No viable dags retrieved from /opt/airflow/dags/create_star_schema_part_1.py
[2023-12-19T04:28:30.096+0000] {processor.py:179} INFO - Processing /opt/airflow/dags/create_star_schema_part_1.py took 0.017 seconds
[2023-12-19T04:29:00.500+0000] {processor.py:157} INFO - Started process (PID=2774) to work on /opt/airflow/dags/create_star_schema_part_1.py
[2023-12-19T04:29:00.501+0000] {processor.py:829} INFO - Processing file /opt/airflow/dags/create_star_schema_part_1.py for tasks to queue
[2023-12-19T04:29:00.502+0000] {logging_mixin.py:154} INFO - [2023-12-19T04:29:00.501+0000] {dagbag.py:536} INFO - Filling up the DagBag from /opt/airflow/dags/create_star_schema_part_1.py
[2023-12-19T04:29:00.505+0000] {processor.py:841} WARNING - No viable dags retrieved from /opt/airflow/dags/create_star_schema_part_1.py
[2023-12-19T04:29:00.515+0000] {processor.py:179} INFO - Processing /opt/airflow/dags/create_star_schema_part_1.py took 0.017 seconds
[2023-12-19T04:29:30.948+0000] {processor.py:157} INFO - Started process (PID=2817) to work on /opt/airflow/dags/create_star_schema_part_1.py
[2023-12-19T04:29:30.949+0000] {processor.py:829} INFO - Processing file /opt/airflow/dags/create_star_schema_part_1.py for tasks to queue
[2023-12-19T04:29:30.949+0000] {logging_mixin.py:154} INFO - [2023-12-19T04:29:30.949+0000] {dagbag.py:536} INFO - Filling up the DagBag from /opt/airflow/dags/create_star_schema_part_1.py
[2023-12-19T04:29:30.953+0000] {processor.py:841} WARNING - No viable dags retrieved from /opt/airflow/dags/create_star_schema_part_1.py
[2023-12-19T04:29:30.963+0000] {processor.py:179} INFO - Processing /opt/airflow/dags/create_star_schema_part_1.py took 0.017 seconds
[2023-12-19T04:30:01.388+0000] {processor.py:157} INFO - Started process (PID=2884) to work on /opt/airflow/dags/create_star_schema_part_1.py
[2023-12-19T04:30:01.389+0000] {processor.py:829} INFO - Processing file /opt/airflow/dags/create_star_schema_part_1.py for tasks to queue
[2023-12-19T04:30:01.390+0000] {logging_mixin.py:154} INFO - [2023-12-19T04:30:01.390+0000] {dagbag.py:536} INFO - Filling up the DagBag from /opt/airflow/dags/create_star_schema_part_1.py
[2023-12-19T04:30:01.395+0000] {processor.py:841} WARNING - No viable dags retrieved from /opt/airflow/dags/create_star_schema_part_1.py
[2023-12-19T04:30:01.404+0000] {processor.py:179} INFO - Processing /opt/airflow/dags/create_star_schema_part_1.py took 0.018 seconds
[2023-12-19T04:30:31.819+0000] {processor.py:157} INFO - Started process (PID=2927) to work on /opt/airflow/dags/create_star_schema_part_1.py
[2023-12-19T04:30:31.820+0000] {processor.py:829} INFO - Processing file /opt/airflow/dags/create_star_schema_part_1.py for tasks to queue
[2023-12-19T04:30:31.820+0000] {logging_mixin.py:154} INFO - [2023-12-19T04:30:31.820+0000] {dagbag.py:536} INFO - Filling up the DagBag from /opt/airflow/dags/create_star_schema_part_1.py
[2023-12-19T04:30:31.824+0000] {processor.py:841} WARNING - No viable dags retrieved from /opt/airflow/dags/create_star_schema_part_1.py
[2023-12-19T04:30:31.833+0000] {processor.py:179} INFO - Processing /opt/airflow/dags/create_star_schema_part_1.py took 0.016 seconds
[2023-12-19T04:31:02.194+0000] {processor.py:157} INFO - Started process (PID=2970) to work on /opt/airflow/dags/create_star_schema_part_1.py
[2023-12-19T04:31:02.195+0000] {processor.py:829} INFO - Processing file /opt/airflow/dags/create_star_schema_part_1.py for tasks to queue
[2023-12-19T04:31:02.195+0000] {logging_mixin.py:154} INFO - [2023-12-19T04:31:02.195+0000] {dagbag.py:536} INFO - Filling up the DagBag from /opt/airflow/dags/create_star_schema_part_1.py
[2023-12-19T04:31:02.199+0000] {processor.py:841} WARNING - No viable dags retrieved from /opt/airflow/dags/create_star_schema_part_1.py
[2023-12-19T04:31:02.208+0000] {processor.py:179} INFO - Processing /opt/airflow/dags/create_star_schema_part_1.py took 0.016 seconds
[2023-12-19T04:31:32.649+0000] {processor.py:157} INFO - Started process (PID=3013) to work on /opt/airflow/dags/create_star_schema_part_1.py
[2023-12-19T04:31:32.649+0000] {processor.py:829} INFO - Processing file /opt/airflow/dags/create_star_schema_part_1.py for tasks to queue
[2023-12-19T04:31:32.650+0000] {logging_mixin.py:154} INFO - [2023-12-19T04:31:32.650+0000] {dagbag.py:536} INFO - Filling up the DagBag from /opt/airflow/dags/create_star_schema_part_1.py
[2023-12-19T04:31:32.654+0000] {processor.py:841} WARNING - No viable dags retrieved from /opt/airflow/dags/create_star_schema_part_1.py
[2023-12-19T04:31:32.663+0000] {processor.py:179} INFO - Processing /opt/airflow/dags/create_star_schema_part_1.py took 0.016 seconds
