[2023-12-19T04:00:04.466+0000] {processor.py:157} INFO - Started process (PID=176) to work on /opt/airflow/dags/remove_outliers_1_5_iqr.py
[2023-12-19T04:00:04.468+0000] {processor.py:829} INFO - Processing file /opt/airflow/dags/remove_outliers_1_5_iqr.py for tasks to queue
[2023-12-19T04:00:04.470+0000] {logging_mixin.py:154} INFO - [2023-12-19T04:00:04.469+0000] {dagbag.py:536} INFO - Filling up the DagBag from /opt/airflow/dags/remove_outliers_1_5_iqr.py
[2023-12-19T04:00:04.486+0000] {processor.py:841} WARNING - No viable dags retrieved from /opt/airflow/dags/remove_outliers_1_5_iqr.py
[2023-12-19T04:00:04.531+0000] {processor.py:179} INFO - Processing /opt/airflow/dags/remove_outliers_1_5_iqr.py took 0.074 seconds
[2023-12-19T04:00:35.128+0000] {processor.py:157} INFO - Started process (PID=220) to work on /opt/airflow/dags/remove_outliers_1_5_iqr.py
[2023-12-19T04:00:35.130+0000] {processor.py:829} INFO - Processing file /opt/airflow/dags/remove_outliers_1_5_iqr.py for tasks to queue
[2023-12-19T04:00:35.133+0000] {logging_mixin.py:154} INFO - [2023-12-19T04:00:35.132+0000] {dagbag.py:536} INFO - Filling up the DagBag from /opt/airflow/dags/remove_outliers_1_5_iqr.py
[2023-12-19T04:00:35.138+0000] {processor.py:841} WARNING - No viable dags retrieved from /opt/airflow/dags/remove_outliers_1_5_iqr.py
[2023-12-19T04:00:35.151+0000] {processor.py:179} INFO - Processing /opt/airflow/dags/remove_outliers_1_5_iqr.py took 0.029 seconds
[2023-12-19T04:01:05.837+0000] {processor.py:157} INFO - Started process (PID=262) to work on /opt/airflow/dags/remove_outliers_1_5_iqr.py
[2023-12-19T04:01:05.839+0000] {processor.py:829} INFO - Processing file /opt/airflow/dags/remove_outliers_1_5_iqr.py for tasks to queue
[2023-12-19T04:01:05.840+0000] {logging_mixin.py:154} INFO - [2023-12-19T04:01:05.840+0000] {dagbag.py:536} INFO - Filling up the DagBag from /opt/airflow/dags/remove_outliers_1_5_iqr.py
[2023-12-19T04:01:05.853+0000] {processor.py:841} WARNING - No viable dags retrieved from /opt/airflow/dags/remove_outliers_1_5_iqr.py
[2023-12-19T04:01:05.868+0000] {processor.py:179} INFO - Processing /opt/airflow/dags/remove_outliers_1_5_iqr.py took 0.034 seconds
[2023-12-19T04:01:36.228+0000] {processor.py:157} INFO - Started process (PID=304) to work on /opt/airflow/dags/remove_outliers_1_5_iqr.py
[2023-12-19T04:01:36.229+0000] {processor.py:829} INFO - Processing file /opt/airflow/dags/remove_outliers_1_5_iqr.py for tasks to queue
[2023-12-19T04:01:36.229+0000] {logging_mixin.py:154} INFO - [2023-12-19T04:01:36.229+0000] {dagbag.py:536} INFO - Filling up the DagBag from /opt/airflow/dags/remove_outliers_1_5_iqr.py
[2023-12-19T04:01:36.232+0000] {processor.py:841} WARNING - No viable dags retrieved from /opt/airflow/dags/remove_outliers_1_5_iqr.py
[2023-12-19T04:01:36.241+0000] {processor.py:179} INFO - Processing /opt/airflow/dags/remove_outliers_1_5_iqr.py took 0.015 seconds
[2023-12-19T04:02:06.724+0000] {processor.py:157} INFO - Started process (PID=346) to work on /opt/airflow/dags/remove_outliers_1_5_iqr.py
[2023-12-19T04:02:06.725+0000] {processor.py:829} INFO - Processing file /opt/airflow/dags/remove_outliers_1_5_iqr.py for tasks to queue
[2023-12-19T04:02:06.725+0000] {logging_mixin.py:154} INFO - [2023-12-19T04:02:06.725+0000] {dagbag.py:536} INFO - Filling up the DagBag from /opt/airflow/dags/remove_outliers_1_5_iqr.py
[2023-12-19T04:02:06.729+0000] {processor.py:841} WARNING - No viable dags retrieved from /opt/airflow/dags/remove_outliers_1_5_iqr.py
[2023-12-19T04:02:06.739+0000] {processor.py:179} INFO - Processing /opt/airflow/dags/remove_outliers_1_5_iqr.py took 0.017 seconds
[2023-12-19T04:02:37.188+0000] {processor.py:157} INFO - Started process (PID=391) to work on /opt/airflow/dags/remove_outliers_1_5_iqr.py
[2023-12-19T04:02:37.189+0000] {processor.py:829} INFO - Processing file /opt/airflow/dags/remove_outliers_1_5_iqr.py for tasks to queue
[2023-12-19T04:02:37.190+0000] {logging_mixin.py:154} INFO - [2023-12-19T04:02:37.190+0000] {dagbag.py:536} INFO - Filling up the DagBag from /opt/airflow/dags/remove_outliers_1_5_iqr.py
[2023-12-19T04:02:37.193+0000] {processor.py:841} WARNING - No viable dags retrieved from /opt/airflow/dags/remove_outliers_1_5_iqr.py
[2023-12-19T04:02:37.204+0000] {processor.py:179} INFO - Processing /opt/airflow/dags/remove_outliers_1_5_iqr.py took 0.019 seconds
[2023-12-19T04:03:07.665+0000] {processor.py:157} INFO - Started process (PID=433) to work on /opt/airflow/dags/remove_outliers_1_5_iqr.py
[2023-12-19T04:03:07.666+0000] {processor.py:829} INFO - Processing file /opt/airflow/dags/remove_outliers_1_5_iqr.py for tasks to queue
[2023-12-19T04:03:07.666+0000] {logging_mixin.py:154} INFO - [2023-12-19T04:03:07.666+0000] {dagbag.py:536} INFO - Filling up the DagBag from /opt/airflow/dags/remove_outliers_1_5_iqr.py
[2023-12-19T04:03:07.672+0000] {processor.py:841} WARNING - No viable dags retrieved from /opt/airflow/dags/remove_outliers_1_5_iqr.py
[2023-12-19T04:03:07.682+0000] {processor.py:179} INFO - Processing /opt/airflow/dags/remove_outliers_1_5_iqr.py took 0.021 seconds
[2023-12-19T04:03:38.159+0000] {processor.py:157} INFO - Started process (PID=480) to work on /opt/airflow/dags/remove_outliers_1_5_iqr.py
[2023-12-19T04:03:38.160+0000] {processor.py:829} INFO - Processing file /opt/airflow/dags/remove_outliers_1_5_iqr.py for tasks to queue
[2023-12-19T04:03:38.161+0000] {logging_mixin.py:154} INFO - [2023-12-19T04:03:38.161+0000] {dagbag.py:536} INFO - Filling up the DagBag from /opt/airflow/dags/remove_outliers_1_5_iqr.py
[2023-12-19T04:03:38.166+0000] {processor.py:841} WARNING - No viable dags retrieved from /opt/airflow/dags/remove_outliers_1_5_iqr.py
[2023-12-19T04:03:38.176+0000] {processor.py:179} INFO - Processing /opt/airflow/dags/remove_outliers_1_5_iqr.py took 0.020 seconds
[2023-12-19T04:04:08.620+0000] {processor.py:157} INFO - Started process (PID=527) to work on /opt/airflow/dags/remove_outliers_1_5_iqr.py
[2023-12-19T04:04:08.620+0000] {processor.py:829} INFO - Processing file /opt/airflow/dags/remove_outliers_1_5_iqr.py for tasks to queue
[2023-12-19T04:04:08.621+0000] {logging_mixin.py:154} INFO - [2023-12-19T04:04:08.621+0000] {dagbag.py:536} INFO - Filling up the DagBag from /opt/airflow/dags/remove_outliers_1_5_iqr.py
[2023-12-19T04:04:08.625+0000] {processor.py:841} WARNING - No viable dags retrieved from /opt/airflow/dags/remove_outliers_1_5_iqr.py
[2023-12-19T04:04:08.634+0000] {processor.py:179} INFO - Processing /opt/airflow/dags/remove_outliers_1_5_iqr.py took 0.017 seconds
[2023-12-19T04:04:39.037+0000] {processor.py:157} INFO - Started process (PID=565) to work on /opt/airflow/dags/remove_outliers_1_5_iqr.py
[2023-12-19T04:04:39.037+0000] {processor.py:829} INFO - Processing file /opt/airflow/dags/remove_outliers_1_5_iqr.py for tasks to queue
[2023-12-19T04:04:39.038+0000] {logging_mixin.py:154} INFO - [2023-12-19T04:04:39.038+0000] {dagbag.py:536} INFO - Filling up the DagBag from /opt/airflow/dags/remove_outliers_1_5_iqr.py
[2023-12-19T04:04:39.041+0000] {processor.py:841} WARNING - No viable dags retrieved from /opt/airflow/dags/remove_outliers_1_5_iqr.py
[2023-12-19T04:04:39.051+0000] {processor.py:179} INFO - Processing /opt/airflow/dags/remove_outliers_1_5_iqr.py took 0.016 seconds
[2023-12-19T04:05:09.517+0000] {processor.py:157} INFO - Started process (PID=608) to work on /opt/airflow/dags/remove_outliers_1_5_iqr.py
[2023-12-19T04:05:09.519+0000] {processor.py:829} INFO - Processing file /opt/airflow/dags/remove_outliers_1_5_iqr.py for tasks to queue
[2023-12-19T04:05:09.520+0000] {logging_mixin.py:154} INFO - [2023-12-19T04:05:09.520+0000] {dagbag.py:536} INFO - Filling up the DagBag from /opt/airflow/dags/remove_outliers_1_5_iqr.py
[2023-12-19T04:05:09.528+0000] {processor.py:841} WARNING - No viable dags retrieved from /opt/airflow/dags/remove_outliers_1_5_iqr.py
[2023-12-19T04:05:09.543+0000] {processor.py:179} INFO - Processing /opt/airflow/dags/remove_outliers_1_5_iqr.py took 0.031 seconds
[2023-12-19T04:05:39.981+0000] {processor.py:157} INFO - Started process (PID=660) to work on /opt/airflow/dags/remove_outliers_1_5_iqr.py
[2023-12-19T04:05:39.982+0000] {processor.py:829} INFO - Processing file /opt/airflow/dags/remove_outliers_1_5_iqr.py for tasks to queue
[2023-12-19T04:05:39.983+0000] {logging_mixin.py:154} INFO - [2023-12-19T04:05:39.982+0000] {dagbag.py:536} INFO - Filling up the DagBag from /opt/airflow/dags/remove_outliers_1_5_iqr.py
[2023-12-19T04:05:39.988+0000] {processor.py:841} WARNING - No viable dags retrieved from /opt/airflow/dags/remove_outliers_1_5_iqr.py
[2023-12-19T04:05:40.003+0000] {processor.py:179} INFO - Processing /opt/airflow/dags/remove_outliers_1_5_iqr.py took 0.025 seconds
[2023-12-19T04:06:10.383+0000] {processor.py:157} INFO - Started process (PID=703) to work on /opt/airflow/dags/remove_outliers_1_5_iqr.py
[2023-12-19T04:06:10.384+0000] {processor.py:829} INFO - Processing file /opt/airflow/dags/remove_outliers_1_5_iqr.py for tasks to queue
[2023-12-19T04:06:10.384+0000] {logging_mixin.py:154} INFO - [2023-12-19T04:06:10.384+0000] {dagbag.py:536} INFO - Filling up the DagBag from /opt/airflow/dags/remove_outliers_1_5_iqr.py
[2023-12-19T04:06:10.390+0000] {processor.py:841} WARNING - No viable dags retrieved from /opt/airflow/dags/remove_outliers_1_5_iqr.py
[2023-12-19T04:06:10.402+0000] {processor.py:179} INFO - Processing /opt/airflow/dags/remove_outliers_1_5_iqr.py took 0.022 seconds
[2023-12-19T04:06:40.841+0000] {processor.py:157} INFO - Started process (PID=755) to work on /opt/airflow/dags/remove_outliers_1_5_iqr.py
[2023-12-19T04:06:40.842+0000] {processor.py:829} INFO - Processing file /opt/airflow/dags/remove_outliers_1_5_iqr.py for tasks to queue
[2023-12-19T04:06:40.843+0000] {logging_mixin.py:154} INFO - [2023-12-19T04:06:40.843+0000] {dagbag.py:536} INFO - Filling up the DagBag from /opt/airflow/dags/remove_outliers_1_5_iqr.py
[2023-12-19T04:06:40.849+0000] {processor.py:841} WARNING - No viable dags retrieved from /opt/airflow/dags/remove_outliers_1_5_iqr.py
[2023-12-19T04:06:40.862+0000] {processor.py:179} INFO - Processing /opt/airflow/dags/remove_outliers_1_5_iqr.py took 0.024 seconds
[2023-12-19T04:07:11.326+0000] {processor.py:157} INFO - Started process (PID=798) to work on /opt/airflow/dags/remove_outliers_1_5_iqr.py
[2023-12-19T04:07:11.327+0000] {processor.py:829} INFO - Processing file /opt/airflow/dags/remove_outliers_1_5_iqr.py for tasks to queue
[2023-12-19T04:07:11.328+0000] {logging_mixin.py:154} INFO - [2023-12-19T04:07:11.328+0000] {dagbag.py:536} INFO - Filling up the DagBag from /opt/airflow/dags/remove_outliers_1_5_iqr.py
[2023-12-19T04:07:11.335+0000] {processor.py:841} WARNING - No viable dags retrieved from /opt/airflow/dags/remove_outliers_1_5_iqr.py
[2023-12-19T04:07:11.348+0000] {processor.py:179} INFO - Processing /opt/airflow/dags/remove_outliers_1_5_iqr.py took 0.027 seconds
[2023-12-19T04:07:41.777+0000] {processor.py:157} INFO - Started process (PID=841) to work on /opt/airflow/dags/remove_outliers_1_5_iqr.py
[2023-12-19T04:07:41.778+0000] {processor.py:829} INFO - Processing file /opt/airflow/dags/remove_outliers_1_5_iqr.py for tasks to queue
[2023-12-19T04:07:41.779+0000] {logging_mixin.py:154} INFO - [2023-12-19T04:07:41.778+0000] {dagbag.py:536} INFO - Filling up the DagBag from /opt/airflow/dags/remove_outliers_1_5_iqr.py
[2023-12-19T04:07:41.786+0000] {processor.py:841} WARNING - No viable dags retrieved from /opt/airflow/dags/remove_outliers_1_5_iqr.py
[2023-12-19T04:07:41.801+0000] {processor.py:179} INFO - Processing /opt/airflow/dags/remove_outliers_1_5_iqr.py took 0.028 seconds
[2023-12-19T04:08:12.175+0000] {processor.py:157} INFO - Started process (PID=884) to work on /opt/airflow/dags/remove_outliers_1_5_iqr.py
[2023-12-19T04:08:12.176+0000] {processor.py:829} INFO - Processing file /opt/airflow/dags/remove_outliers_1_5_iqr.py for tasks to queue
[2023-12-19T04:08:12.177+0000] {logging_mixin.py:154} INFO - [2023-12-19T04:08:12.177+0000] {dagbag.py:536} INFO - Filling up the DagBag from /opt/airflow/dags/remove_outliers_1_5_iqr.py
[2023-12-19T04:08:12.183+0000] {processor.py:841} WARNING - No viable dags retrieved from /opt/airflow/dags/remove_outliers_1_5_iqr.py
[2023-12-19T04:08:12.195+0000] {processor.py:179} INFO - Processing /opt/airflow/dags/remove_outliers_1_5_iqr.py took 0.024 seconds
[2023-12-19T04:08:42.549+0000] {processor.py:157} INFO - Started process (PID=930) to work on /opt/airflow/dags/remove_outliers_1_5_iqr.py
[2023-12-19T04:08:42.549+0000] {processor.py:829} INFO - Processing file /opt/airflow/dags/remove_outliers_1_5_iqr.py for tasks to queue
[2023-12-19T04:08:42.550+0000] {logging_mixin.py:154} INFO - [2023-12-19T04:08:42.550+0000] {dagbag.py:536} INFO - Filling up the DagBag from /opt/airflow/dags/remove_outliers_1_5_iqr.py
[2023-12-19T04:08:42.554+0000] {processor.py:841} WARNING - No viable dags retrieved from /opt/airflow/dags/remove_outliers_1_5_iqr.py
[2023-12-19T04:08:42.567+0000] {processor.py:179} INFO - Processing /opt/airflow/dags/remove_outliers_1_5_iqr.py took 0.020 seconds
[2023-12-19T04:09:12.955+0000] {processor.py:157} INFO - Started process (PID=979) to work on /opt/airflow/dags/remove_outliers_1_5_iqr.py
[2023-12-19T04:09:12.955+0000] {processor.py:829} INFO - Processing file /opt/airflow/dags/remove_outliers_1_5_iqr.py for tasks to queue
[2023-12-19T04:09:12.956+0000] {logging_mixin.py:154} INFO - [2023-12-19T04:09:12.956+0000] {dagbag.py:536} INFO - Filling up the DagBag from /opt/airflow/dags/remove_outliers_1_5_iqr.py
[2023-12-19T04:09:12.961+0000] {processor.py:841} WARNING - No viable dags retrieved from /opt/airflow/dags/remove_outliers_1_5_iqr.py
[2023-12-19T04:09:12.973+0000] {processor.py:179} INFO - Processing /opt/airflow/dags/remove_outliers_1_5_iqr.py took 0.021 seconds
[2023-12-19T04:09:43.378+0000] {processor.py:157} INFO - Started process (PID=1022) to work on /opt/airflow/dags/remove_outliers_1_5_iqr.py
[2023-12-19T04:09:43.380+0000] {processor.py:829} INFO - Processing file /opt/airflow/dags/remove_outliers_1_5_iqr.py for tasks to queue
[2023-12-19T04:09:43.381+0000] {logging_mixin.py:154} INFO - [2023-12-19T04:09:43.381+0000] {dagbag.py:536} INFO - Filling up the DagBag from /opt/airflow/dags/remove_outliers_1_5_iqr.py
[2023-12-19T04:09:43.388+0000] {processor.py:841} WARNING - No viable dags retrieved from /opt/airflow/dags/remove_outliers_1_5_iqr.py
[2023-12-19T04:09:43.402+0000] {processor.py:179} INFO - Processing /opt/airflow/dags/remove_outliers_1_5_iqr.py took 0.028 seconds
[2023-12-19T04:10:13.901+0000] {processor.py:157} INFO - Started process (PID=1065) to work on /opt/airflow/dags/remove_outliers_1_5_iqr.py
[2023-12-19T04:10:13.902+0000] {processor.py:829} INFO - Processing file /opt/airflow/dags/remove_outliers_1_5_iqr.py for tasks to queue
[2023-12-19T04:10:13.903+0000] {logging_mixin.py:154} INFO - [2023-12-19T04:10:13.903+0000] {dagbag.py:536} INFO - Filling up the DagBag from /opt/airflow/dags/remove_outliers_1_5_iqr.py
[2023-12-19T04:10:13.911+0000] {processor.py:841} WARNING - No viable dags retrieved from /opt/airflow/dags/remove_outliers_1_5_iqr.py
[2023-12-19T04:10:13.926+0000] {processor.py:179} INFO - Processing /opt/airflow/dags/remove_outliers_1_5_iqr.py took 0.029 seconds
[2023-12-19T04:10:44.294+0000] {processor.py:157} INFO - Started process (PID=1111) to work on /opt/airflow/dags/remove_outliers_1_5_iqr.py
[2023-12-19T04:10:44.294+0000] {processor.py:829} INFO - Processing file /opt/airflow/dags/remove_outliers_1_5_iqr.py for tasks to queue
[2023-12-19T04:10:44.295+0000] {logging_mixin.py:154} INFO - [2023-12-19T04:10:44.295+0000] {dagbag.py:536} INFO - Filling up the DagBag from /opt/airflow/dags/remove_outliers_1_5_iqr.py
[2023-12-19T04:10:44.303+0000] {processor.py:841} WARNING - No viable dags retrieved from /opt/airflow/dags/remove_outliers_1_5_iqr.py
[2023-12-19T04:10:44.319+0000] {processor.py:179} INFO - Processing /opt/airflow/dags/remove_outliers_1_5_iqr.py took 0.029 seconds
[2023-12-19T04:11:14.380+0000] {processor.py:157} INFO - Started process (PID=1160) to work on /opt/airflow/dags/remove_outliers_1_5_iqr.py
[2023-12-19T04:11:14.380+0000] {processor.py:829} INFO - Processing file /opt/airflow/dags/remove_outliers_1_5_iqr.py for tasks to queue
[2023-12-19T04:11:14.381+0000] {logging_mixin.py:154} INFO - [2023-12-19T04:11:14.380+0000] {dagbag.py:536} INFO - Filling up the DagBag from /opt/airflow/dags/remove_outliers_1_5_iqr.py
[2023-12-19T04:11:14.384+0000] {processor.py:841} WARNING - No viable dags retrieved from /opt/airflow/dags/remove_outliers_1_5_iqr.py
[2023-12-19T04:11:14.394+0000] {processor.py:179} INFO - Processing /opt/airflow/dags/remove_outliers_1_5_iqr.py took 0.017 seconds
[2023-12-19T04:11:44.919+0000] {processor.py:157} INFO - Started process (PID=1203) to work on /opt/airflow/dags/remove_outliers_1_5_iqr.py
[2023-12-19T04:11:44.920+0000] {processor.py:829} INFO - Processing file /opt/airflow/dags/remove_outliers_1_5_iqr.py for tasks to queue
[2023-12-19T04:11:44.921+0000] {logging_mixin.py:154} INFO - [2023-12-19T04:11:44.920+0000] {dagbag.py:536} INFO - Filling up the DagBag from /opt/airflow/dags/remove_outliers_1_5_iqr.py
[2023-12-19T04:11:44.926+0000] {processor.py:841} WARNING - No viable dags retrieved from /opt/airflow/dags/remove_outliers_1_5_iqr.py
[2023-12-19T04:11:44.939+0000] {processor.py:179} INFO - Processing /opt/airflow/dags/remove_outliers_1_5_iqr.py took 0.025 seconds
[2023-12-19T04:12:15.380+0000] {processor.py:157} INFO - Started process (PID=1246) to work on /opt/airflow/dags/remove_outliers_1_5_iqr.py
[2023-12-19T04:12:15.381+0000] {processor.py:829} INFO - Processing file /opt/airflow/dags/remove_outliers_1_5_iqr.py for tasks to queue
[2023-12-19T04:12:15.382+0000] {logging_mixin.py:154} INFO - [2023-12-19T04:12:15.382+0000] {dagbag.py:536} INFO - Filling up the DagBag from /opt/airflow/dags/remove_outliers_1_5_iqr.py
[2023-12-19T04:12:15.386+0000] {processor.py:841} WARNING - No viable dags retrieved from /opt/airflow/dags/remove_outliers_1_5_iqr.py
[2023-12-19T04:12:15.397+0000] {processor.py:179} INFO - Processing /opt/airflow/dags/remove_outliers_1_5_iqr.py took 0.020 seconds
[2023-12-19T04:12:45.763+0000] {processor.py:157} INFO - Started process (PID=1292) to work on /opt/airflow/dags/remove_outliers_1_5_iqr.py
[2023-12-19T04:12:45.764+0000] {processor.py:829} INFO - Processing file /opt/airflow/dags/remove_outliers_1_5_iqr.py for tasks to queue
[2023-12-19T04:12:45.765+0000] {logging_mixin.py:154} INFO - [2023-12-19T04:12:45.765+0000] {dagbag.py:536} INFO - Filling up the DagBag from /opt/airflow/dags/remove_outliers_1_5_iqr.py
[2023-12-19T04:12:45.774+0000] {processor.py:841} WARNING - No viable dags retrieved from /opt/airflow/dags/remove_outliers_1_5_iqr.py
[2023-12-19T04:12:45.790+0000] {processor.py:179} INFO - Processing /opt/airflow/dags/remove_outliers_1_5_iqr.py took 0.031 seconds
[2023-12-19T04:13:16.260+0000] {processor.py:157} INFO - Started process (PID=1335) to work on /opt/airflow/dags/remove_outliers_1_5_iqr.py
[2023-12-19T04:13:16.261+0000] {processor.py:829} INFO - Processing file /opt/airflow/dags/remove_outliers_1_5_iqr.py for tasks to queue
[2023-12-19T04:13:16.262+0000] {logging_mixin.py:154} INFO - [2023-12-19T04:13:16.262+0000] {dagbag.py:536} INFO - Filling up the DagBag from /opt/airflow/dags/remove_outliers_1_5_iqr.py
[2023-12-19T04:13:16.268+0000] {processor.py:841} WARNING - No viable dags retrieved from /opt/airflow/dags/remove_outliers_1_5_iqr.py
[2023-12-19T04:13:16.281+0000] {processor.py:179} INFO - Processing /opt/airflow/dags/remove_outliers_1_5_iqr.py took 0.025 seconds
[2023-12-19T04:13:46.697+0000] {processor.py:157} INFO - Started process (PID=1384) to work on /opt/airflow/dags/remove_outliers_1_5_iqr.py
[2023-12-19T04:13:46.698+0000] {processor.py:829} INFO - Processing file /opt/airflow/dags/remove_outliers_1_5_iqr.py for tasks to queue
[2023-12-19T04:13:46.699+0000] {logging_mixin.py:154} INFO - [2023-12-19T04:13:46.699+0000] {dagbag.py:536} INFO - Filling up the DagBag from /opt/airflow/dags/remove_outliers_1_5_iqr.py
[2023-12-19T04:13:46.706+0000] {processor.py:841} WARNING - No viable dags retrieved from /opt/airflow/dags/remove_outliers_1_5_iqr.py
[2023-12-19T04:13:46.721+0000] {processor.py:179} INFO - Processing /opt/airflow/dags/remove_outliers_1_5_iqr.py took 0.028 seconds
[2023-12-19T04:14:17.197+0000] {processor.py:157} INFO - Started process (PID=1427) to work on /opt/airflow/dags/remove_outliers_1_5_iqr.py
[2023-12-19T04:14:17.198+0000] {processor.py:829} INFO - Processing file /opt/airflow/dags/remove_outliers_1_5_iqr.py for tasks to queue
[2023-12-19T04:14:17.199+0000] {logging_mixin.py:154} INFO - [2023-12-19T04:14:17.199+0000] {dagbag.py:536} INFO - Filling up the DagBag from /opt/airflow/dags/remove_outliers_1_5_iqr.py
[2023-12-19T04:14:17.205+0000] {processor.py:841} WARNING - No viable dags retrieved from /opt/airflow/dags/remove_outliers_1_5_iqr.py
[2023-12-19T04:14:17.218+0000] {processor.py:179} INFO - Processing /opt/airflow/dags/remove_outliers_1_5_iqr.py took 0.025 seconds
[2023-12-19T04:14:47.679+0000] {processor.py:157} INFO - Started process (PID=1470) to work on /opt/airflow/dags/remove_outliers_1_5_iqr.py
[2023-12-19T04:14:47.681+0000] {processor.py:829} INFO - Processing file /opt/airflow/dags/remove_outliers_1_5_iqr.py for tasks to queue
[2023-12-19T04:14:47.682+0000] {logging_mixin.py:154} INFO - [2023-12-19T04:14:47.682+0000] {dagbag.py:536} INFO - Filling up the DagBag from /opt/airflow/dags/remove_outliers_1_5_iqr.py
[2023-12-19T04:14:47.689+0000] {processor.py:841} WARNING - No viable dags retrieved from /opt/airflow/dags/remove_outliers_1_5_iqr.py
[2023-12-19T04:14:47.703+0000] {processor.py:179} INFO - Processing /opt/airflow/dags/remove_outliers_1_5_iqr.py took 0.029 seconds
[2023-12-19T04:15:18.241+0000] {processor.py:157} INFO - Started process (PID=1513) to work on /opt/airflow/dags/remove_outliers_1_5_iqr.py
[2023-12-19T04:15:18.242+0000] {processor.py:829} INFO - Processing file /opt/airflow/dags/remove_outliers_1_5_iqr.py for tasks to queue
[2023-12-19T04:15:18.243+0000] {logging_mixin.py:154} INFO - [2023-12-19T04:15:18.242+0000] {dagbag.py:536} INFO - Filling up the DagBag from /opt/airflow/dags/remove_outliers_1_5_iqr.py
[2023-12-19T04:15:18.248+0000] {processor.py:841} WARNING - No viable dags retrieved from /opt/airflow/dags/remove_outliers_1_5_iqr.py
[2023-12-19T04:15:18.261+0000] {processor.py:179} INFO - Processing /opt/airflow/dags/remove_outliers_1_5_iqr.py took 0.024 seconds
[2023-12-19T04:15:48.709+0000] {processor.py:157} INFO - Started process (PID=1568) to work on /opt/airflow/dags/remove_outliers_1_5_iqr.py
[2023-12-19T04:15:48.710+0000] {processor.py:829} INFO - Processing file /opt/airflow/dags/remove_outliers_1_5_iqr.py for tasks to queue
[2023-12-19T04:15:48.711+0000] {logging_mixin.py:154} INFO - [2023-12-19T04:15:48.711+0000] {dagbag.py:536} INFO - Filling up the DagBag from /opt/airflow/dags/remove_outliers_1_5_iqr.py
[2023-12-19T04:15:48.717+0000] {processor.py:841} WARNING - No viable dags retrieved from /opt/airflow/dags/remove_outliers_1_5_iqr.py
[2023-12-19T04:15:48.731+0000] {processor.py:179} INFO - Processing /opt/airflow/dags/remove_outliers_1_5_iqr.py took 0.025 seconds
[2023-12-19T04:16:19.246+0000] {processor.py:157} INFO - Started process (PID=1611) to work on /opt/airflow/dags/remove_outliers_1_5_iqr.py
[2023-12-19T04:16:19.247+0000] {processor.py:829} INFO - Processing file /opt/airflow/dags/remove_outliers_1_5_iqr.py for tasks to queue
[2023-12-19T04:16:19.248+0000] {logging_mixin.py:154} INFO - [2023-12-19T04:16:19.248+0000] {dagbag.py:536} INFO - Filling up the DagBag from /opt/airflow/dags/remove_outliers_1_5_iqr.py
[2023-12-19T04:16:19.254+0000] {processor.py:841} WARNING - No viable dags retrieved from /opt/airflow/dags/remove_outliers_1_5_iqr.py
[2023-12-19T04:16:19.267+0000] {processor.py:179} INFO - Processing /opt/airflow/dags/remove_outliers_1_5_iqr.py took 0.025 seconds
[2023-12-19T04:16:49.686+0000] {processor.py:157} INFO - Started process (PID=1654) to work on /opt/airflow/dags/remove_outliers_1_5_iqr.py
[2023-12-19T04:16:49.687+0000] {processor.py:829} INFO - Processing file /opt/airflow/dags/remove_outliers_1_5_iqr.py for tasks to queue
[2023-12-19T04:16:49.688+0000] {logging_mixin.py:154} INFO - [2023-12-19T04:16:49.688+0000] {dagbag.py:536} INFO - Filling up the DagBag from /opt/airflow/dags/remove_outliers_1_5_iqr.py
[2023-12-19T04:16:49.695+0000] {processor.py:841} WARNING - No viable dags retrieved from /opt/airflow/dags/remove_outliers_1_5_iqr.py
[2023-12-19T04:16:49.709+0000] {processor.py:179} INFO - Processing /opt/airflow/dags/remove_outliers_1_5_iqr.py took 0.027 seconds
[2023-12-19T04:17:20.150+0000] {processor.py:157} INFO - Started process (PID=1697) to work on /opt/airflow/dags/remove_outliers_1_5_iqr.py
[2023-12-19T04:17:20.151+0000] {processor.py:829} INFO - Processing file /opt/airflow/dags/remove_outliers_1_5_iqr.py for tasks to queue
[2023-12-19T04:17:20.152+0000] {logging_mixin.py:154} INFO - [2023-12-19T04:17:20.152+0000] {dagbag.py:536} INFO - Filling up the DagBag from /opt/airflow/dags/remove_outliers_1_5_iqr.py
[2023-12-19T04:17:20.157+0000] {processor.py:841} WARNING - No viable dags retrieved from /opt/airflow/dags/remove_outliers_1_5_iqr.py
[2023-12-19T04:17:20.169+0000] {processor.py:179} INFO - Processing /opt/airflow/dags/remove_outliers_1_5_iqr.py took 0.022 seconds
[2023-12-19T04:17:50.633+0000] {processor.py:157} INFO - Started process (PID=1740) to work on /opt/airflow/dags/remove_outliers_1_5_iqr.py
[2023-12-19T04:17:50.634+0000] {processor.py:829} INFO - Processing file /opt/airflow/dags/remove_outliers_1_5_iqr.py for tasks to queue
[2023-12-19T04:17:50.635+0000] {logging_mixin.py:154} INFO - [2023-12-19T04:17:50.635+0000] {dagbag.py:536} INFO - Filling up the DagBag from /opt/airflow/dags/remove_outliers_1_5_iqr.py
[2023-12-19T04:17:50.642+0000] {processor.py:841} WARNING - No viable dags retrieved from /opt/airflow/dags/remove_outliers_1_5_iqr.py
[2023-12-19T04:17:50.657+0000] {processor.py:179} INFO - Processing /opt/airflow/dags/remove_outliers_1_5_iqr.py took 0.029 seconds
[2023-12-19T04:18:21.105+0000] {processor.py:157} INFO - Started process (PID=1783) to work on /opt/airflow/dags/remove_outliers_1_5_iqr.py
[2023-12-19T04:18:21.106+0000] {processor.py:829} INFO - Processing file /opt/airflow/dags/remove_outliers_1_5_iqr.py for tasks to queue
[2023-12-19T04:18:21.107+0000] {logging_mixin.py:154} INFO - [2023-12-19T04:18:21.107+0000] {dagbag.py:536} INFO - Filling up the DagBag from /opt/airflow/dags/remove_outliers_1_5_iqr.py
[2023-12-19T04:18:21.114+0000] {processor.py:841} WARNING - No viable dags retrieved from /opt/airflow/dags/remove_outliers_1_5_iqr.py
[2023-12-19T04:18:21.137+0000] {processor.py:179} INFO - Processing /opt/airflow/dags/remove_outliers_1_5_iqr.py took 0.035 seconds
[2023-12-19T04:18:51.621+0000] {processor.py:157} INFO - Started process (PID=1826) to work on /opt/airflow/dags/remove_outliers_1_5_iqr.py
[2023-12-19T04:18:51.622+0000] {processor.py:829} INFO - Processing file /opt/airflow/dags/remove_outliers_1_5_iqr.py for tasks to queue
[2023-12-19T04:18:51.622+0000] {logging_mixin.py:154} INFO - [2023-12-19T04:18:51.622+0000] {dagbag.py:536} INFO - Filling up the DagBag from /opt/airflow/dags/remove_outliers_1_5_iqr.py
[2023-12-19T04:18:51.626+0000] {processor.py:841} WARNING - No viable dags retrieved from /opt/airflow/dags/remove_outliers_1_5_iqr.py
[2023-12-19T04:18:51.637+0000] {processor.py:179} INFO - Processing /opt/airflow/dags/remove_outliers_1_5_iqr.py took 0.018 seconds
[2023-12-19T04:19:22.033+0000] {processor.py:157} INFO - Started process (PID=1884) to work on /opt/airflow/dags/remove_outliers_1_5_iqr.py
[2023-12-19T04:19:22.034+0000] {processor.py:829} INFO - Processing file /opt/airflow/dags/remove_outliers_1_5_iqr.py for tasks to queue
[2023-12-19T04:19:22.035+0000] {logging_mixin.py:154} INFO - [2023-12-19T04:19:22.035+0000] {dagbag.py:536} INFO - Filling up the DagBag from /opt/airflow/dags/remove_outliers_1_5_iqr.py
[2023-12-19T04:19:22.040+0000] {processor.py:841} WARNING - No viable dags retrieved from /opt/airflow/dags/remove_outliers_1_5_iqr.py
[2023-12-19T04:19:22.051+0000] {processor.py:179} INFO - Processing /opt/airflow/dags/remove_outliers_1_5_iqr.py took 0.020 seconds
[2023-12-19T04:19:52.495+0000] {processor.py:157} INFO - Started process (PID=1927) to work on /opt/airflow/dags/remove_outliers_1_5_iqr.py
[2023-12-19T04:19:52.496+0000] {processor.py:829} INFO - Processing file /opt/airflow/dags/remove_outliers_1_5_iqr.py for tasks to queue
[2023-12-19T04:19:52.497+0000] {logging_mixin.py:154} INFO - [2023-12-19T04:19:52.497+0000] {dagbag.py:536} INFO - Filling up the DagBag from /opt/airflow/dags/remove_outliers_1_5_iqr.py
[2023-12-19T04:19:52.503+0000] {processor.py:841} WARNING - No viable dags retrieved from /opt/airflow/dags/remove_outliers_1_5_iqr.py
[2023-12-19T04:19:52.517+0000] {processor.py:179} INFO - Processing /opt/airflow/dags/remove_outliers_1_5_iqr.py took 0.026 seconds
[2023-12-19T04:20:22.930+0000] {processor.py:157} INFO - Started process (PID=1994) to work on /opt/airflow/dags/remove_outliers_1_5_iqr.py
[2023-12-19T04:20:22.931+0000] {processor.py:829} INFO - Processing file /opt/airflow/dags/remove_outliers_1_5_iqr.py for tasks to queue
[2023-12-19T04:20:22.931+0000] {logging_mixin.py:154} INFO - [2023-12-19T04:20:22.931+0000] {dagbag.py:536} INFO - Filling up the DagBag from /opt/airflow/dags/remove_outliers_1_5_iqr.py
[2023-12-19T04:20:22.934+0000] {processor.py:841} WARNING - No viable dags retrieved from /opt/airflow/dags/remove_outliers_1_5_iqr.py
[2023-12-19T04:20:22.943+0000] {processor.py:179} INFO - Processing /opt/airflow/dags/remove_outliers_1_5_iqr.py took 0.016 seconds
[2023-12-19T04:20:53.391+0000] {processor.py:157} INFO - Started process (PID=2037) to work on /opt/airflow/dags/remove_outliers_1_5_iqr.py
[2023-12-19T04:20:53.392+0000] {processor.py:829} INFO - Processing file /opt/airflow/dags/remove_outliers_1_5_iqr.py for tasks to queue
[2023-12-19T04:20:53.393+0000] {logging_mixin.py:154} INFO - [2023-12-19T04:20:53.393+0000] {dagbag.py:536} INFO - Filling up the DagBag from /opt/airflow/dags/remove_outliers_1_5_iqr.py
[2023-12-19T04:20:53.399+0000] {processor.py:841} WARNING - No viable dags retrieved from /opt/airflow/dags/remove_outliers_1_5_iqr.py
[2023-12-19T04:20:53.412+0000] {processor.py:179} INFO - Processing /opt/airflow/dags/remove_outliers_1_5_iqr.py took 0.024 seconds
[2023-12-19T04:21:23.823+0000] {processor.py:157} INFO - Started process (PID=2104) to work on /opt/airflow/dags/remove_outliers_1_5_iqr.py
[2023-12-19T04:21:23.824+0000] {processor.py:829} INFO - Processing file /opt/airflow/dags/remove_outliers_1_5_iqr.py for tasks to queue
[2023-12-19T04:21:23.825+0000] {logging_mixin.py:154} INFO - [2023-12-19T04:21:23.825+0000] {dagbag.py:536} INFO - Filling up the DagBag from /opt/airflow/dags/remove_outliers_1_5_iqr.py
[2023-12-19T04:21:23.831+0000] {processor.py:841} WARNING - No viable dags retrieved from /opt/airflow/dags/remove_outliers_1_5_iqr.py
[2023-12-19T04:21:23.844+0000] {processor.py:179} INFO - Processing /opt/airflow/dags/remove_outliers_1_5_iqr.py took 0.026 seconds
[2023-12-19T04:21:54.266+0000] {processor.py:157} INFO - Started process (PID=2147) to work on /opt/airflow/dags/remove_outliers_1_5_iqr.py
[2023-12-19T04:21:54.267+0000] {processor.py:829} INFO - Processing file /opt/airflow/dags/remove_outliers_1_5_iqr.py for tasks to queue
[2023-12-19T04:21:54.268+0000] {logging_mixin.py:154} INFO - [2023-12-19T04:21:54.268+0000] {dagbag.py:536} INFO - Filling up the DagBag from /opt/airflow/dags/remove_outliers_1_5_iqr.py
[2023-12-19T04:21:54.274+0000] {processor.py:841} WARNING - No viable dags retrieved from /opt/airflow/dags/remove_outliers_1_5_iqr.py
[2023-12-19T04:21:54.287+0000] {processor.py:179} INFO - Processing /opt/airflow/dags/remove_outliers_1_5_iqr.py took 0.025 seconds
[2023-12-19T04:22:24.717+0000] {processor.py:157} INFO - Started process (PID=2193) to work on /opt/airflow/dags/remove_outliers_1_5_iqr.py
[2023-12-19T04:22:24.718+0000] {processor.py:829} INFO - Processing file /opt/airflow/dags/remove_outliers_1_5_iqr.py for tasks to queue
[2023-12-19T04:22:24.719+0000] {logging_mixin.py:154} INFO - [2023-12-19T04:22:24.718+0000] {dagbag.py:536} INFO - Filling up the DagBag from /opt/airflow/dags/remove_outliers_1_5_iqr.py
[2023-12-19T04:22:24.725+0000] {processor.py:841} WARNING - No viable dags retrieved from /opt/airflow/dags/remove_outliers_1_5_iqr.py
[2023-12-19T04:22:24.738+0000] {processor.py:179} INFO - Processing /opt/airflow/dags/remove_outliers_1_5_iqr.py took 0.025 seconds
[2023-12-19T04:22:55.233+0000] {processor.py:157} INFO - Started process (PID=2236) to work on /opt/airflow/dags/remove_outliers_1_5_iqr.py
[2023-12-19T04:22:55.234+0000] {processor.py:829} INFO - Processing file /opt/airflow/dags/remove_outliers_1_5_iqr.py for tasks to queue
[2023-12-19T04:22:55.235+0000] {logging_mixin.py:154} INFO - [2023-12-19T04:22:55.234+0000] {dagbag.py:536} INFO - Filling up the DagBag from /opt/airflow/dags/remove_outliers_1_5_iqr.py
[2023-12-19T04:22:55.240+0000] {processor.py:841} WARNING - No viable dags retrieved from /opt/airflow/dags/remove_outliers_1_5_iqr.py
[2023-12-19T04:22:55.253+0000] {processor.py:179} INFO - Processing /opt/airflow/dags/remove_outliers_1_5_iqr.py took 0.024 seconds
[2023-12-19T04:23:25.660+0000] {processor.py:157} INFO - Started process (PID=2279) to work on /opt/airflow/dags/remove_outliers_1_5_iqr.py
[2023-12-19T04:23:25.660+0000] {processor.py:829} INFO - Processing file /opt/airflow/dags/remove_outliers_1_5_iqr.py for tasks to queue
[2023-12-19T04:23:25.661+0000] {logging_mixin.py:154} INFO - [2023-12-19T04:23:25.661+0000] {dagbag.py:536} INFO - Filling up the DagBag from /opt/airflow/dags/remove_outliers_1_5_iqr.py
[2023-12-19T04:23:25.665+0000] {processor.py:841} WARNING - No viable dags retrieved from /opt/airflow/dags/remove_outliers_1_5_iqr.py
[2023-12-19T04:23:25.676+0000] {processor.py:179} INFO - Processing /opt/airflow/dags/remove_outliers_1_5_iqr.py took 0.019 seconds
[2023-12-19T04:23:56.165+0000] {processor.py:157} INFO - Started process (PID=2322) to work on /opt/airflow/dags/remove_outliers_1_5_iqr.py
[2023-12-19T04:23:56.166+0000] {processor.py:829} INFO - Processing file /opt/airflow/dags/remove_outliers_1_5_iqr.py for tasks to queue
[2023-12-19T04:23:56.166+0000] {logging_mixin.py:154} INFO - [2023-12-19T04:23:56.166+0000] {dagbag.py:536} INFO - Filling up the DagBag from /opt/airflow/dags/remove_outliers_1_5_iqr.py
[2023-12-19T04:23:56.172+0000] {processor.py:841} WARNING - No viable dags retrieved from /opt/airflow/dags/remove_outliers_1_5_iqr.py
[2023-12-19T04:23:56.186+0000] {processor.py:179} INFO - Processing /opt/airflow/dags/remove_outliers_1_5_iqr.py took 0.025 seconds
[2023-12-19T04:24:26.617+0000] {processor.py:157} INFO - Started process (PID=2365) to work on /opt/airflow/dags/remove_outliers_1_5_iqr.py
[2023-12-19T04:24:26.618+0000] {processor.py:829} INFO - Processing file /opt/airflow/dags/remove_outliers_1_5_iqr.py for tasks to queue
[2023-12-19T04:24:26.619+0000] {logging_mixin.py:154} INFO - [2023-12-19T04:24:26.619+0000] {dagbag.py:536} INFO - Filling up the DagBag from /opt/airflow/dags/remove_outliers_1_5_iqr.py
[2023-12-19T04:24:26.626+0000] {processor.py:841} WARNING - No viable dags retrieved from /opt/airflow/dags/remove_outliers_1_5_iqr.py
[2023-12-19T04:24:26.642+0000] {processor.py:179} INFO - Processing /opt/airflow/dags/remove_outliers_1_5_iqr.py took 0.030 seconds
[2023-12-19T04:24:57.064+0000] {processor.py:157} INFO - Started process (PID=2408) to work on /opt/airflow/dags/remove_outliers_1_5_iqr.py
[2023-12-19T04:24:57.065+0000] {processor.py:829} INFO - Processing file /opt/airflow/dags/remove_outliers_1_5_iqr.py for tasks to queue
[2023-12-19T04:24:57.065+0000] {logging_mixin.py:154} INFO - [2023-12-19T04:24:57.065+0000] {dagbag.py:536} INFO - Filling up the DagBag from /opt/airflow/dags/remove_outliers_1_5_iqr.py
[2023-12-19T04:24:57.071+0000] {processor.py:841} WARNING - No viable dags retrieved from /opt/airflow/dags/remove_outliers_1_5_iqr.py
[2023-12-19T04:24:57.085+0000] {processor.py:179} INFO - Processing /opt/airflow/dags/remove_outliers_1_5_iqr.py took 0.024 seconds
[2023-12-19T04:25:27.477+0000] {processor.py:157} INFO - Started process (PID=2451) to work on /opt/airflow/dags/remove_outliers_1_5_iqr.py
[2023-12-19T04:25:27.478+0000] {processor.py:829} INFO - Processing file /opt/airflow/dags/remove_outliers_1_5_iqr.py for tasks to queue
[2023-12-19T04:25:27.479+0000] {logging_mixin.py:154} INFO - [2023-12-19T04:25:27.479+0000] {dagbag.py:536} INFO - Filling up the DagBag from /opt/airflow/dags/remove_outliers_1_5_iqr.py
[2023-12-19T04:25:27.484+0000] {processor.py:841} WARNING - No viable dags retrieved from /opt/airflow/dags/remove_outliers_1_5_iqr.py
[2023-12-19T04:25:27.499+0000] {processor.py:179} INFO - Processing /opt/airflow/dags/remove_outliers_1_5_iqr.py took 0.024 seconds
[2023-12-19T04:25:57.883+0000] {processor.py:157} INFO - Started process (PID=2494) to work on /opt/airflow/dags/remove_outliers_1_5_iqr.py
[2023-12-19T04:25:57.883+0000] {processor.py:829} INFO - Processing file /opt/airflow/dags/remove_outliers_1_5_iqr.py for tasks to queue
[2023-12-19T04:25:57.884+0000] {logging_mixin.py:154} INFO - [2023-12-19T04:25:57.884+0000] {dagbag.py:536} INFO - Filling up the DagBag from /opt/airflow/dags/remove_outliers_1_5_iqr.py
[2023-12-19T04:25:57.888+0000] {processor.py:841} WARNING - No viable dags retrieved from /opt/airflow/dags/remove_outliers_1_5_iqr.py
[2023-12-19T04:25:57.901+0000] {processor.py:179} INFO - Processing /opt/airflow/dags/remove_outliers_1_5_iqr.py took 0.022 seconds
[2023-12-19T04:26:28.276+0000] {processor.py:157} INFO - Started process (PID=2540) to work on /opt/airflow/dags/remove_outliers_1_5_iqr.py
[2023-12-19T04:26:28.277+0000] {processor.py:829} INFO - Processing file /opt/airflow/dags/remove_outliers_1_5_iqr.py for tasks to queue
[2023-12-19T04:26:28.278+0000] {logging_mixin.py:154} INFO - [2023-12-19T04:26:28.278+0000] {dagbag.py:536} INFO - Filling up the DagBag from /opt/airflow/dags/remove_outliers_1_5_iqr.py
[2023-12-19T04:26:28.282+0000] {processor.py:841} WARNING - No viable dags retrieved from /opt/airflow/dags/remove_outliers_1_5_iqr.py
[2023-12-19T04:26:28.292+0000] {processor.py:179} INFO - Processing /opt/airflow/dags/remove_outliers_1_5_iqr.py took 0.017 seconds
[2023-12-19T04:26:58.671+0000] {processor.py:157} INFO - Started process (PID=2590) to work on /opt/airflow/dags/remove_outliers_1_5_iqr.py
[2023-12-19T04:26:58.671+0000] {processor.py:829} INFO - Processing file /opt/airflow/dags/remove_outliers_1_5_iqr.py for tasks to queue
[2023-12-19T04:26:58.672+0000] {logging_mixin.py:154} INFO - [2023-12-19T04:26:58.672+0000] {dagbag.py:536} INFO - Filling up the DagBag from /opt/airflow/dags/remove_outliers_1_5_iqr.py
[2023-12-19T04:26:58.676+0000] {processor.py:841} WARNING - No viable dags retrieved from /opt/airflow/dags/remove_outliers_1_5_iqr.py
[2023-12-19T04:26:58.687+0000] {processor.py:179} INFO - Processing /opt/airflow/dags/remove_outliers_1_5_iqr.py took 0.018 seconds
[2023-12-19T04:27:29.126+0000] {processor.py:157} INFO - Started process (PID=2633) to work on /opt/airflow/dags/remove_outliers_1_5_iqr.py
[2023-12-19T04:27:29.127+0000] {processor.py:829} INFO - Processing file /opt/airflow/dags/remove_outliers_1_5_iqr.py for tasks to queue
[2023-12-19T04:27:29.127+0000] {logging_mixin.py:154} INFO - [2023-12-19T04:27:29.127+0000] {dagbag.py:536} INFO - Filling up the DagBag from /opt/airflow/dags/remove_outliers_1_5_iqr.py
[2023-12-19T04:27:29.134+0000] {processor.py:841} WARNING - No viable dags retrieved from /opt/airflow/dags/remove_outliers_1_5_iqr.py
[2023-12-19T04:27:29.151+0000] {processor.py:179} INFO - Processing /opt/airflow/dags/remove_outliers_1_5_iqr.py took 0.028 seconds
[2023-12-19T04:27:59.595+0000] {processor.py:157} INFO - Started process (PID=2676) to work on /opt/airflow/dags/remove_outliers_1_5_iqr.py
[2023-12-19T04:27:59.596+0000] {processor.py:829} INFO - Processing file /opt/airflow/dags/remove_outliers_1_5_iqr.py for tasks to queue
[2023-12-19T04:27:59.597+0000] {logging_mixin.py:154} INFO - [2023-12-19T04:27:59.597+0000] {dagbag.py:536} INFO - Filling up the DagBag from /opt/airflow/dags/remove_outliers_1_5_iqr.py
[2023-12-19T04:27:59.604+0000] {processor.py:841} WARNING - No viable dags retrieved from /opt/airflow/dags/remove_outliers_1_5_iqr.py
[2023-12-19T04:27:59.618+0000] {processor.py:179} INFO - Processing /opt/airflow/dags/remove_outliers_1_5_iqr.py took 0.027 seconds
[2023-12-19T04:28:30.014+0000] {processor.py:157} INFO - Started process (PID=2719) to work on /opt/airflow/dags/remove_outliers_1_5_iqr.py
[2023-12-19T04:28:30.015+0000] {processor.py:829} INFO - Processing file /opt/airflow/dags/remove_outliers_1_5_iqr.py for tasks to queue
[2023-12-19T04:28:30.016+0000] {logging_mixin.py:154} INFO - [2023-12-19T04:28:30.016+0000] {dagbag.py:536} INFO - Filling up the DagBag from /opt/airflow/dags/remove_outliers_1_5_iqr.py
[2023-12-19T04:28:30.021+0000] {processor.py:841} WARNING - No viable dags retrieved from /opt/airflow/dags/remove_outliers_1_5_iqr.py
[2023-12-19T04:28:30.036+0000] {processor.py:179} INFO - Processing /opt/airflow/dags/remove_outliers_1_5_iqr.py took 0.025 seconds
[2023-12-19T04:29:00.432+0000] {processor.py:157} INFO - Started process (PID=2762) to work on /opt/airflow/dags/remove_outliers_1_5_iqr.py
[2023-12-19T04:29:00.433+0000] {processor.py:829} INFO - Processing file /opt/airflow/dags/remove_outliers_1_5_iqr.py for tasks to queue
[2023-12-19T04:29:00.434+0000] {logging_mixin.py:154} INFO - [2023-12-19T04:29:00.434+0000] {dagbag.py:536} INFO - Filling up the DagBag from /opt/airflow/dags/remove_outliers_1_5_iqr.py
[2023-12-19T04:29:00.439+0000] {processor.py:841} WARNING - No viable dags retrieved from /opt/airflow/dags/remove_outliers_1_5_iqr.py
[2023-12-19T04:29:00.453+0000] {processor.py:179} INFO - Processing /opt/airflow/dags/remove_outliers_1_5_iqr.py took 0.024 seconds
[2023-12-19T04:29:30.877+0000] {processor.py:157} INFO - Started process (PID=2805) to work on /opt/airflow/dags/remove_outliers_1_5_iqr.py
[2023-12-19T04:29:30.878+0000] {processor.py:829} INFO - Processing file /opt/airflow/dags/remove_outliers_1_5_iqr.py for tasks to queue
[2023-12-19T04:29:30.878+0000] {logging_mixin.py:154} INFO - [2023-12-19T04:29:30.878+0000] {dagbag.py:536} INFO - Filling up the DagBag from /opt/airflow/dags/remove_outliers_1_5_iqr.py
[2023-12-19T04:29:30.884+0000] {processor.py:841} WARNING - No viable dags retrieved from /opt/airflow/dags/remove_outliers_1_5_iqr.py
[2023-12-19T04:29:30.899+0000] {processor.py:179} INFO - Processing /opt/airflow/dags/remove_outliers_1_5_iqr.py took 0.026 seconds
[2023-12-19T04:30:01.320+0000] {processor.py:157} INFO - Started process (PID=2872) to work on /opt/airflow/dags/remove_outliers_1_5_iqr.py
[2023-12-19T04:30:01.321+0000] {processor.py:829} INFO - Processing file /opt/airflow/dags/remove_outliers_1_5_iqr.py for tasks to queue
[2023-12-19T04:30:01.322+0000] {logging_mixin.py:154} INFO - [2023-12-19T04:30:01.322+0000] {dagbag.py:536} INFO - Filling up the DagBag from /opt/airflow/dags/remove_outliers_1_5_iqr.py
[2023-12-19T04:30:01.328+0000] {processor.py:841} WARNING - No viable dags retrieved from /opt/airflow/dags/remove_outliers_1_5_iqr.py
[2023-12-19T04:30:01.341+0000] {processor.py:179} INFO - Processing /opt/airflow/dags/remove_outliers_1_5_iqr.py took 0.024 seconds
[2023-12-19T04:30:31.758+0000] {processor.py:157} INFO - Started process (PID=2915) to work on /opt/airflow/dags/remove_outliers_1_5_iqr.py
[2023-12-19T04:30:31.759+0000] {processor.py:829} INFO - Processing file /opt/airflow/dags/remove_outliers_1_5_iqr.py for tasks to queue
[2023-12-19T04:30:31.760+0000] {logging_mixin.py:154} INFO - [2023-12-19T04:30:31.759+0000] {dagbag.py:536} INFO - Filling up the DagBag from /opt/airflow/dags/remove_outliers_1_5_iqr.py
[2023-12-19T04:30:31.766+0000] {processor.py:841} WARNING - No viable dags retrieved from /opt/airflow/dags/remove_outliers_1_5_iqr.py
[2023-12-19T04:30:31.779+0000] {processor.py:179} INFO - Processing /opt/airflow/dags/remove_outliers_1_5_iqr.py took 0.026 seconds
[2023-12-19T04:31:02.133+0000] {processor.py:157} INFO - Started process (PID=2958) to work on /opt/airflow/dags/remove_outliers_1_5_iqr.py
[2023-12-19T04:31:02.134+0000] {processor.py:829} INFO - Processing file /opt/airflow/dags/remove_outliers_1_5_iqr.py for tasks to queue
[2023-12-19T04:31:02.135+0000] {logging_mixin.py:154} INFO - [2023-12-19T04:31:02.135+0000] {dagbag.py:536} INFO - Filling up the DagBag from /opt/airflow/dags/remove_outliers_1_5_iqr.py
[2023-12-19T04:31:02.141+0000] {processor.py:841} WARNING - No viable dags retrieved from /opt/airflow/dags/remove_outliers_1_5_iqr.py
[2023-12-19T04:31:02.153+0000] {processor.py:179} INFO - Processing /opt/airflow/dags/remove_outliers_1_5_iqr.py took 0.023 seconds
[2023-12-19T04:31:32.587+0000] {processor.py:157} INFO - Started process (PID=3001) to work on /opt/airflow/dags/remove_outliers_1_5_iqr.py
[2023-12-19T04:31:32.589+0000] {processor.py:829} INFO - Processing file /opt/airflow/dags/remove_outliers_1_5_iqr.py for tasks to queue
[2023-12-19T04:31:32.590+0000] {logging_mixin.py:154} INFO - [2023-12-19T04:31:32.590+0000] {dagbag.py:536} INFO - Filling up the DagBag from /opt/airflow/dags/remove_outliers_1_5_iqr.py
[2023-12-19T04:31:32.596+0000] {processor.py:841} WARNING - No viable dags retrieved from /opt/airflow/dags/remove_outliers_1_5_iqr.py
[2023-12-19T04:31:32.608+0000] {processor.py:179} INFO - Processing /opt/airflow/dags/remove_outliers_1_5_iqr.py took 0.026 seconds
