[2023-12-19T04:45:20.818+0000] {taskinstance.py:1159} INFO - Dependencies all met for dep_context=non-requeueable deps ti=<TaskInstance: Automobile_Insurance-v01.create_dim_tables.create_dim_auto_year_table scheduled__2023-12-01T00:00:00+00:00 [queued]>
[2023-12-19T04:45:20.829+0000] {taskinstance.py:1159} INFO - Dependencies all met for dep_context=requeueable deps ti=<TaskInstance: Automobile_Insurance-v01.create_dim_tables.create_dim_auto_year_table scheduled__2023-12-01T00:00:00+00:00 [queued]>
[2023-12-19T04:45:20.829+0000] {taskinstance.py:1361} INFO - Starting attempt 1 of 6
[2023-12-19T04:45:20.841+0000] {taskinstance.py:1382} INFO - Executing <Task(PostgresOperator): create_dim_auto_year_table> on 2023-12-01 00:00:00+00:00
[2023-12-19T04:45:20.846+0000] {standard_task_runner.py:57} INFO - Started process 1181 to run task
[2023-12-19T04:45:20.849+0000] {standard_task_runner.py:84} INFO - Running: ['***', 'tasks', 'run', 'Automobile_Insurance-v01.create_dim_tables', 'create_dim_auto_year_table', 'scheduled__2023-12-01T00:00:00+00:00', '--job-id', '35', '--raw', '--subdir', 'DAGS_FOLDER/Automobile Insurance.py', '--cfg-path', '/tmp/tmppxxvmqpz']
[2023-12-19T04:45:20.852+0000] {standard_task_runner.py:85} INFO - Job 35: Subtask create_dim_auto_year_table
[2023-12-19T04:45:20.900+0000] {task_command.py:416} INFO - Running <TaskInstance: Automobile_Insurance-v01.create_dim_tables.create_dim_auto_year_table scheduled__2023-12-01T00:00:00+00:00 [running]> on host 07f4bc2fb49b
[2023-12-19T04:45:20.962+0000] {taskinstance.py:1662} INFO - Exporting env vars: AIRFLOW_CTX_DAG_OWNER='dunnbc22' AIRFLOW_CTX_DAG_ID='Automobile_Insurance-v01.create_dim_tables' AIRFLOW_CTX_TASK_ID='create_dim_auto_year_table' AIRFLOW_CTX_EXECUTION_DATE='2023-12-01T00:00:00+00:00' AIRFLOW_CTX_TRY_NUMBER='1' AIRFLOW_CTX_DAG_RUN_ID='scheduled__2023-12-01T00:00:00+00:00'
[2023-12-19T04:45:20.963+0000] {sql.py:274} INFO - Executing: -- params: table_name, dimension_col, data_type

-- Step 1: Extract Unique Values
CREATE TEMPORARY TABLE unique_values_auto_year AS
SELECT DISTINCT auto_year FROM automobile_insurance;

-- Step 2: Create Dimension Table
DROP TABLE IF EXISTS dimension_table_auto_year;
CREATE TABLE dimension_table_auto_year (
    id SERIAL PRIMARY KEY,
    auto_year INTEGER
);

-- Step 3: Insert unique values into dimension table
INSERT INTO dimension_table_auto_year (auto_year)
SELECT * FROM unique_values_auto_year;
[2023-12-19T04:45:20.972+0000] {base.py:73} INFO - Using connection ID 'postgres_conn' for task execution.
[2023-12-19T04:45:20.981+0000] {base.py:73} INFO - Using connection ID 'postgres_conn' for task execution.
[2023-12-19T04:45:20.994+0000] {sql.py:418} INFO - Running statement: -- params: table_name, dimension_col, data_type

-- Step 1: Extract Unique Values
CREATE TEMPORARY TABLE unique_values_auto_year AS
SELECT DISTINCT auto_year FROM automobile_insurance;

-- Step 2: Create Dimension Table
DROP TABLE IF EXISTS dimension_table_auto_year;
CREATE TABLE dimension_table_auto_year (
    id SERIAL PRIMARY KEY,
    auto_year INTEGER
);

-- Step 3: Insert unique values into dimension table
INSERT INTO dimension_table_auto_year (auto_year)
SELECT * FROM unique_values_auto_year;, parameters: None
[2023-12-19T04:45:21.004+0000] {sql.py:427} INFO - Rows affected: 21
[2023-12-19T04:45:21.012+0000] {taskinstance.py:1400} INFO - Marking task as SUCCESS. dag_id=Automobile_Insurance-v01.create_dim_tables, task_id=create_dim_auto_year_table, execution_date=20231201T000000, start_date=20231219T044520, end_date=20231219T044521
[2023-12-19T04:45:21.023+0000] {local_task_job_runner.py:228} INFO - Task exited with return code 0
[2023-12-19T04:45:21.048+0000] {taskinstance.py:2778} INFO - 0 downstream tasks scheduled from follow-on schedule check
