[2023-12-08T17:18:42.224+0000] {taskinstance.py:1159} INFO - Dependencies all met for dep_context=non-requeueable deps ti=<TaskInstance: Allegheny_Co_Property_Sale_Transactions-v01.create_dim_tables.create_dim_PROPERTYZIP_table scheduled__2023-12-01T00:00:00+00:00 [queued]>
[2023-12-08T17:18:42.237+0000] {taskinstance.py:1159} INFO - Dependencies all met for dep_context=requeueable deps ti=<TaskInstance: Allegheny_Co_Property_Sale_Transactions-v01.create_dim_tables.create_dim_PROPERTYZIP_table scheduled__2023-12-01T00:00:00+00:00 [queued]>
[2023-12-08T17:18:42.239+0000] {taskinstance.py:1361} INFO - Starting attempt 1 of 6
[2023-12-08T17:18:42.255+0000] {taskinstance.py:1382} INFO - Executing <Task(PostgresOperator): create_dim_PROPERTYZIP_table> on 2023-12-01 00:00:00+00:00
[2023-12-08T17:18:42.258+0000] {standard_task_runner.py:57} INFO - Started process 3194 to run task
[2023-12-08T17:18:42.265+0000] {standard_task_runner.py:84} INFO - Running: ['***', 'tasks', 'run', 'Allegheny_Co_Property_Sale_Transactions-v01.create_dim_tables', 'create_dim_PROPERTYZIP_table', 'scheduled__2023-12-01T00:00:00+00:00', '--job-id', '33', '--raw', '--subdir', 'DAGS_FOLDER/Allegheny Co Property Sale Transactions.py', '--cfg-path', '/tmp/tmpgv7i9_c4']
[2023-12-08T17:18:42.272+0000] {standard_task_runner.py:85} INFO - Job 33: Subtask create_dim_PROPERTYZIP_table
[2023-12-08T17:18:42.394+0000] {task_command.py:416} INFO - Running <TaskInstance: Allegheny_Co_Property_Sale_Transactions-v01.create_dim_tables.create_dim_PROPERTYZIP_table scheduled__2023-12-01T00:00:00+00:00 [running]> on host 1fc866509645
[2023-12-08T17:18:42.527+0000] {taskinstance.py:1662} INFO - Exporting env vars: AIRFLOW_CTX_DAG_OWNER='dunnbc22' AIRFLOW_CTX_DAG_ID='Allegheny_Co_Property_Sale_Transactions-v01.create_dim_tables' AIRFLOW_CTX_TASK_ID='create_dim_PROPERTYZIP_table' AIRFLOW_CTX_EXECUTION_DATE='2023-12-01T00:00:00+00:00' AIRFLOW_CTX_TRY_NUMBER='1' AIRFLOW_CTX_DAG_RUN_ID='scheduled__2023-12-01T00:00:00+00:00'
[2023-12-08T17:18:42.531+0000] {sql.py:274} INFO - Executing: -- params: table_name, dimension_col, data_type

-- Step 1: Extract Unique Values
CREATE TEMPORARY TABLE unique_values_PROPERTYZIP AS
SELECT DISTINCT PROPERTYZIP FROM allegheny_co_property_sale_transactions;

-- Step 2: Create Dimension Table
DROP TABLE IF EXISTS dimension_table_PROPERTYZIP;
CREATE TABLE dimension_table_PROPERTYZIP (
    id SERIAL PRIMARY KEY,
    PROPERTYZIP INTEGER
);

-- Step 3: Insert unique values into dimension table
INSERT INTO dimension_table_PROPERTYZIP (PROPERTYZIP)
SELECT * FROM unique_values_PROPERTYZIP;
[2023-12-08T17:18:42.549+0000] {base.py:73} INFO - Using connection ID 'postgres_conn' for task execution.
[2023-12-08T17:18:42.573+0000] {base.py:73} INFO - Using connection ID 'postgres_conn' for task execution.
[2023-12-08T17:18:42.595+0000] {sql.py:418} INFO - Running statement: -- params: table_name, dimension_col, data_type

-- Step 1: Extract Unique Values
CREATE TEMPORARY TABLE unique_values_PROPERTYZIP AS
SELECT DISTINCT PROPERTYZIP FROM allegheny_co_property_sale_transactions;

-- Step 2: Create Dimension Table
DROP TABLE IF EXISTS dimension_table_PROPERTYZIP;
CREATE TABLE dimension_table_PROPERTYZIP (
    id SERIAL PRIMARY KEY,
    PROPERTYZIP INTEGER
);

-- Step 3: Insert unique values into dimension table
INSERT INTO dimension_table_PROPERTYZIP (PROPERTYZIP)
SELECT * FROM unique_values_PROPERTYZIP;, parameters: None
[2023-12-08T17:18:42.719+0000] {sql.py:427} INFO - Rows affected: 117
[2023-12-08T17:18:42.751+0000] {taskinstance.py:1400} INFO - Marking task as SUCCESS. dag_id=Allegheny_Co_Property_Sale_Transactions-v01.create_dim_tables, task_id=create_dim_PROPERTYZIP_table, execution_date=20231201T000000, start_date=20231208T171842, end_date=20231208T171842
[2023-12-08T17:18:42.788+0000] {local_task_job_runner.py:228} INFO - Task exited with return code 0
[2023-12-08T17:18:42.822+0000] {taskinstance.py:2778} INFO - 0 downstream tasks scheduled from follow-on schedule check
[2023-12-08T18:06:05.246+0000] {taskinstance.py:1159} INFO - Dependencies all met for dep_context=non-requeueable deps ti=<TaskInstance: Allegheny_Co_Property_Sale_Transactions-v01.create_dim_tables.create_dim_PROPERTYZIP_table scheduled__2023-12-01T00:00:00+00:00 [queued]>
[2023-12-08T18:06:05.260+0000] {taskinstance.py:1159} INFO - Dependencies all met for dep_context=requeueable deps ti=<TaskInstance: Allegheny_Co_Property_Sale_Transactions-v01.create_dim_tables.create_dim_PROPERTYZIP_table scheduled__2023-12-01T00:00:00+00:00 [queued]>
[2023-12-08T18:06:05.261+0000] {taskinstance.py:1361} INFO - Starting attempt 1 of 6
[2023-12-08T18:06:05.276+0000] {taskinstance.py:1382} INFO - Executing <Task(PostgresOperator): create_dim_PROPERTYZIP_table> on 2023-12-01 00:00:00+00:00
[2023-12-08T18:06:05.284+0000] {standard_task_runner.py:57} INFO - Started process 7219 to run task
[2023-12-08T18:06:05.288+0000] {standard_task_runner.py:84} INFO - Running: ['***', 'tasks', 'run', 'Allegheny_Co_Property_Sale_Transactions-v01.create_dim_tables', 'create_dim_PROPERTYZIP_table', 'scheduled__2023-12-01T00:00:00+00:00', '--job-id', '99', '--raw', '--subdir', 'DAGS_FOLDER/Allegheny Co Property Sale Transactions.py', '--cfg-path', '/tmp/tmp3hhxuk79']
[2023-12-08T18:06:05.295+0000] {standard_task_runner.py:85} INFO - Job 99: Subtask create_dim_PROPERTYZIP_table
[2023-12-08T18:06:05.423+0000] {task_command.py:416} INFO - Running <TaskInstance: Allegheny_Co_Property_Sale_Transactions-v01.create_dim_tables.create_dim_PROPERTYZIP_table scheduled__2023-12-01T00:00:00+00:00 [running]> on host 1fc866509645
[2023-12-08T18:06:05.541+0000] {taskinstance.py:1662} INFO - Exporting env vars: AIRFLOW_CTX_DAG_OWNER='dunnbc22' AIRFLOW_CTX_DAG_ID='Allegheny_Co_Property_Sale_Transactions-v01.create_dim_tables' AIRFLOW_CTX_TASK_ID='create_dim_PROPERTYZIP_table' AIRFLOW_CTX_EXECUTION_DATE='2023-12-01T00:00:00+00:00' AIRFLOW_CTX_TRY_NUMBER='1' AIRFLOW_CTX_DAG_RUN_ID='scheduled__2023-12-01T00:00:00+00:00'
[2023-12-08T18:06:05.547+0000] {sql.py:274} INFO - Executing: -- params: table_name, dimension_col, data_type

-- Step 1: Extract Unique Values
CREATE TEMPORARY TABLE unique_values_PROPERTYZIP AS
SELECT DISTINCT PROPERTYZIP FROM allegheny_co_property_sale_transactions;

-- Step 2: Create Dimension Table
DROP TABLE IF EXISTS dimension_table_PROPERTYZIP;
CREATE TABLE dimension_table_PROPERTYZIP (
    id SERIAL PRIMARY KEY,
    PROPERTYZIP INTEGER
);

-- Step 3: Insert unique values into dimension table
INSERT INTO dimension_table_PROPERTYZIP (PROPERTYZIP)
SELECT * FROM unique_values_PROPERTYZIP;
[2023-12-08T18:06:05.567+0000] {base.py:73} INFO - Using connection ID 'postgres_conn' for task execution.
[2023-12-08T18:06:05.591+0000] {base.py:73} INFO - Using connection ID 'postgres_conn' for task execution.
[2023-12-08T18:06:05.604+0000] {sql.py:418} INFO - Running statement: -- params: table_name, dimension_col, data_type

-- Step 1: Extract Unique Values
CREATE TEMPORARY TABLE unique_values_PROPERTYZIP AS
SELECT DISTINCT PROPERTYZIP FROM allegheny_co_property_sale_transactions;

-- Step 2: Create Dimension Table
DROP TABLE IF EXISTS dimension_table_PROPERTYZIP;
CREATE TABLE dimension_table_PROPERTYZIP (
    id SERIAL PRIMARY KEY,
    PROPERTYZIP INTEGER
);

-- Step 3: Insert unique values into dimension table
INSERT INTO dimension_table_PROPERTYZIP (PROPERTYZIP)
SELECT * FROM unique_values_PROPERTYZIP;, parameters: None
[2023-12-08T18:06:05.725+0000] {sql.py:427} INFO - Rows affected: 117
[2023-12-08T18:06:05.752+0000] {taskinstance.py:1400} INFO - Marking task as SUCCESS. dag_id=Allegheny_Co_Property_Sale_Transactions-v01.create_dim_tables, task_id=create_dim_PROPERTYZIP_table, execution_date=20231201T000000, start_date=20231208T180605, end_date=20231208T180605
[2023-12-08T18:06:05.789+0000] {local_task_job_runner.py:228} INFO - Task exited with return code 0
[2023-12-08T18:06:05.827+0000] {taskinstance.py:2778} INFO - 0 downstream tasks scheduled from follow-on schedule check
