[2023-12-11T03:16:27.696+0000] {processor.py:157} INFO - Started process (PID=187) to work on /opt/airflow/dags/remove_outliers_1_5_iqr.py
[2023-12-11T03:16:27.697+0000] {processor.py:829} INFO - Processing file /opt/airflow/dags/remove_outliers_1_5_iqr.py for tasks to queue
[2023-12-11T03:16:27.697+0000] {logging_mixin.py:154} INFO - [2023-12-11T03:16:27.697+0000] {dagbag.py:536} INFO - Filling up the DagBag from /opt/airflow/dags/remove_outliers_1_5_iqr.py
[2023-12-11T03:16:27.701+0000] {processor.py:841} WARNING - No viable dags retrieved from /opt/airflow/dags/remove_outliers_1_5_iqr.py
[2023-12-11T03:16:27.712+0000] {processor.py:179} INFO - Processing /opt/airflow/dags/remove_outliers_1_5_iqr.py took 0.019 seconds
[2023-12-11T03:16:57.875+0000] {processor.py:157} INFO - Started process (PID=216) to work on /opt/airflow/dags/remove_outliers_1_5_iqr.py
[2023-12-11T03:16:57.876+0000] {processor.py:829} INFO - Processing file /opt/airflow/dags/remove_outliers_1_5_iqr.py for tasks to queue
[2023-12-11T03:16:57.876+0000] {logging_mixin.py:154} INFO - [2023-12-11T03:16:57.876+0000] {dagbag.py:536} INFO - Filling up the DagBag from /opt/airflow/dags/remove_outliers_1_5_iqr.py
[2023-12-11T03:16:57.880+0000] {processor.py:841} WARNING - No viable dags retrieved from /opt/airflow/dags/remove_outliers_1_5_iqr.py
[2023-12-11T03:16:57.889+0000] {processor.py:179} INFO - Processing /opt/airflow/dags/remove_outliers_1_5_iqr.py took 0.016 seconds
[2023-12-11T03:17:28.265+0000] {processor.py:157} INFO - Started process (PID=249) to work on /opt/airflow/dags/remove_outliers_1_5_iqr.py
[2023-12-11T03:17:28.266+0000] {processor.py:829} INFO - Processing file /opt/airflow/dags/remove_outliers_1_5_iqr.py for tasks to queue
[2023-12-11T03:17:28.266+0000] {logging_mixin.py:154} INFO - [2023-12-11T03:17:28.266+0000] {dagbag.py:536} INFO - Filling up the DagBag from /opt/airflow/dags/remove_outliers_1_5_iqr.py
[2023-12-11T03:17:28.270+0000] {processor.py:841} WARNING - No viable dags retrieved from /opt/airflow/dags/remove_outliers_1_5_iqr.py
[2023-12-11T03:17:28.279+0000] {processor.py:179} INFO - Processing /opt/airflow/dags/remove_outliers_1_5_iqr.py took 0.015 seconds
[2023-12-11T03:17:58.702+0000] {processor.py:157} INFO - Started process (PID=282) to work on /opt/airflow/dags/remove_outliers_1_5_iqr.py
[2023-12-11T03:17:58.703+0000] {processor.py:829} INFO - Processing file /opt/airflow/dags/remove_outliers_1_5_iqr.py for tasks to queue
[2023-12-11T03:17:58.703+0000] {logging_mixin.py:154} INFO - [2023-12-11T03:17:58.703+0000] {dagbag.py:536} INFO - Filling up the DagBag from /opt/airflow/dags/remove_outliers_1_5_iqr.py
[2023-12-11T03:17:58.707+0000] {processor.py:841} WARNING - No viable dags retrieved from /opt/airflow/dags/remove_outliers_1_5_iqr.py
[2023-12-11T03:17:58.716+0000] {processor.py:179} INFO - Processing /opt/airflow/dags/remove_outliers_1_5_iqr.py took 0.016 seconds
[2023-12-11T03:18:29.148+0000] {processor.py:157} INFO - Started process (PID=315) to work on /opt/airflow/dags/remove_outliers_1_5_iqr.py
[2023-12-11T03:18:29.149+0000] {processor.py:829} INFO - Processing file /opt/airflow/dags/remove_outliers_1_5_iqr.py for tasks to queue
[2023-12-11T03:18:29.149+0000] {logging_mixin.py:154} INFO - [2023-12-11T03:18:29.149+0000] {dagbag.py:536} INFO - Filling up the DagBag from /opt/airflow/dags/remove_outliers_1_5_iqr.py
[2023-12-11T03:18:29.153+0000] {processor.py:841} WARNING - No viable dags retrieved from /opt/airflow/dags/remove_outliers_1_5_iqr.py
[2023-12-11T03:18:29.162+0000] {processor.py:179} INFO - Processing /opt/airflow/dags/remove_outliers_1_5_iqr.py took 0.015 seconds
[2023-12-11T03:18:59.577+0000] {processor.py:157} INFO - Started process (PID=360) to work on /opt/airflow/dags/remove_outliers_1_5_iqr.py
[2023-12-11T03:18:59.578+0000] {processor.py:829} INFO - Processing file /opt/airflow/dags/remove_outliers_1_5_iqr.py for tasks to queue
[2023-12-11T03:18:59.578+0000] {logging_mixin.py:154} INFO - [2023-12-11T03:18:59.578+0000] {dagbag.py:536} INFO - Filling up the DagBag from /opt/airflow/dags/remove_outliers_1_5_iqr.py
[2023-12-11T03:18:59.582+0000] {processor.py:841} WARNING - No viable dags retrieved from /opt/airflow/dags/remove_outliers_1_5_iqr.py
[2023-12-11T03:18:59.591+0000] {processor.py:179} INFO - Processing /opt/airflow/dags/remove_outliers_1_5_iqr.py took 0.016 seconds
[2023-12-11T03:19:30.028+0000] {processor.py:157} INFO - Started process (PID=393) to work on /opt/airflow/dags/remove_outliers_1_5_iqr.py
[2023-12-11T03:19:30.028+0000] {processor.py:829} INFO - Processing file /opt/airflow/dags/remove_outliers_1_5_iqr.py for tasks to queue
[2023-12-11T03:19:30.029+0000] {logging_mixin.py:154} INFO - [2023-12-11T03:19:30.029+0000] {dagbag.py:536} INFO - Filling up the DagBag from /opt/airflow/dags/remove_outliers_1_5_iqr.py
[2023-12-11T03:19:30.032+0000] {processor.py:841} WARNING - No viable dags retrieved from /opt/airflow/dags/remove_outliers_1_5_iqr.py
[2023-12-11T03:19:30.041+0000] {processor.py:179} INFO - Processing /opt/airflow/dags/remove_outliers_1_5_iqr.py took 0.015 seconds
[2023-12-11T03:20:00.438+0000] {processor.py:157} INFO - Started process (PID=441) to work on /opt/airflow/dags/remove_outliers_1_5_iqr.py
[2023-12-11T03:20:00.438+0000] {processor.py:829} INFO - Processing file /opt/airflow/dags/remove_outliers_1_5_iqr.py for tasks to queue
[2023-12-11T03:20:00.439+0000] {logging_mixin.py:154} INFO - [2023-12-11T03:20:00.439+0000] {dagbag.py:536} INFO - Filling up the DagBag from /opt/airflow/dags/remove_outliers_1_5_iqr.py
[2023-12-11T03:20:00.442+0000] {processor.py:841} WARNING - No viable dags retrieved from /opt/airflow/dags/remove_outliers_1_5_iqr.py
[2023-12-11T03:20:00.453+0000] {processor.py:179} INFO - Processing /opt/airflow/dags/remove_outliers_1_5_iqr.py took 0.017 seconds
[2023-12-11T03:20:30.919+0000] {processor.py:157} INFO - Started process (PID=474) to work on /opt/airflow/dags/remove_outliers_1_5_iqr.py
[2023-12-11T03:20:30.920+0000] {processor.py:829} INFO - Processing file /opt/airflow/dags/remove_outliers_1_5_iqr.py for tasks to queue
[2023-12-11T03:20:30.920+0000] {logging_mixin.py:154} INFO - [2023-12-11T03:20:30.920+0000] {dagbag.py:536} INFO - Filling up the DagBag from /opt/airflow/dags/remove_outliers_1_5_iqr.py
[2023-12-11T03:20:30.924+0000] {processor.py:841} WARNING - No viable dags retrieved from /opt/airflow/dags/remove_outliers_1_5_iqr.py
[2023-12-11T03:20:30.933+0000] {processor.py:179} INFO - Processing /opt/airflow/dags/remove_outliers_1_5_iqr.py took 0.016 seconds
[2023-12-11T03:21:01.313+0000] {processor.py:157} INFO - Started process (PID=519) to work on /opt/airflow/dags/remove_outliers_1_5_iqr.py
[2023-12-11T03:21:01.314+0000] {processor.py:829} INFO - Processing file /opt/airflow/dags/remove_outliers_1_5_iqr.py for tasks to queue
[2023-12-11T03:21:01.315+0000] {logging_mixin.py:154} INFO - [2023-12-11T03:21:01.314+0000] {dagbag.py:536} INFO - Filling up the DagBag from /opt/airflow/dags/remove_outliers_1_5_iqr.py
[2023-12-11T03:21:01.319+0000] {processor.py:841} WARNING - No viable dags retrieved from /opt/airflow/dags/remove_outliers_1_5_iqr.py
[2023-12-11T03:21:01.328+0000] {processor.py:179} INFO - Processing /opt/airflow/dags/remove_outliers_1_5_iqr.py took 0.018 seconds
[2023-12-11T03:21:31.773+0000] {processor.py:157} INFO - Started process (PID=552) to work on /opt/airflow/dags/remove_outliers_1_5_iqr.py
[2023-12-11T03:21:31.773+0000] {processor.py:829} INFO - Processing file /opt/airflow/dags/remove_outliers_1_5_iqr.py for tasks to queue
[2023-12-11T03:21:31.774+0000] {logging_mixin.py:154} INFO - [2023-12-11T03:21:31.774+0000] {dagbag.py:536} INFO - Filling up the DagBag from /opt/airflow/dags/remove_outliers_1_5_iqr.py
[2023-12-11T03:21:31.777+0000] {processor.py:841} WARNING - No viable dags retrieved from /opt/airflow/dags/remove_outliers_1_5_iqr.py
[2023-12-11T03:21:31.787+0000] {processor.py:179} INFO - Processing /opt/airflow/dags/remove_outliers_1_5_iqr.py took 0.017 seconds
[2023-12-11T03:22:02.201+0000] {processor.py:157} INFO - Started process (PID=597) to work on /opt/airflow/dags/remove_outliers_1_5_iqr.py
[2023-12-11T03:22:02.202+0000] {processor.py:829} INFO - Processing file /opt/airflow/dags/remove_outliers_1_5_iqr.py for tasks to queue
[2023-12-11T03:22:02.202+0000] {logging_mixin.py:154} INFO - [2023-12-11T03:22:02.202+0000] {dagbag.py:536} INFO - Filling up the DagBag from /opt/airflow/dags/remove_outliers_1_5_iqr.py
[2023-12-11T03:22:02.206+0000] {processor.py:841} WARNING - No viable dags retrieved from /opt/airflow/dags/remove_outliers_1_5_iqr.py
[2023-12-11T03:22:02.215+0000] {processor.py:179} INFO - Processing /opt/airflow/dags/remove_outliers_1_5_iqr.py took 0.016 seconds
[2023-12-11T03:22:32.609+0000] {processor.py:157} INFO - Started process (PID=630) to work on /opt/airflow/dags/remove_outliers_1_5_iqr.py
[2023-12-11T03:22:32.610+0000] {processor.py:829} INFO - Processing file /opt/airflow/dags/remove_outliers_1_5_iqr.py for tasks to queue
[2023-12-11T03:22:32.610+0000] {logging_mixin.py:154} INFO - [2023-12-11T03:22:32.610+0000] {dagbag.py:536} INFO - Filling up the DagBag from /opt/airflow/dags/remove_outliers_1_5_iqr.py
[2023-12-11T03:22:32.613+0000] {processor.py:841} WARNING - No viable dags retrieved from /opt/airflow/dags/remove_outliers_1_5_iqr.py
[2023-12-11T03:22:32.622+0000] {processor.py:179} INFO - Processing /opt/airflow/dags/remove_outliers_1_5_iqr.py took 0.015 seconds
[2023-12-11T03:23:02.999+0000] {processor.py:157} INFO - Started process (PID=663) to work on /opt/airflow/dags/remove_outliers_1_5_iqr.py
[2023-12-11T03:23:02.999+0000] {processor.py:829} INFO - Processing file /opt/airflow/dags/remove_outliers_1_5_iqr.py for tasks to queue
[2023-12-11T03:23:03.000+0000] {logging_mixin.py:154} INFO - [2023-12-11T03:23:03.000+0000] {dagbag.py:536} INFO - Filling up the DagBag from /opt/airflow/dags/remove_outliers_1_5_iqr.py
[2023-12-11T03:23:03.003+0000] {processor.py:841} WARNING - No viable dags retrieved from /opt/airflow/dags/remove_outliers_1_5_iqr.py
[2023-12-11T03:23:03.012+0000] {processor.py:179} INFO - Processing /opt/airflow/dags/remove_outliers_1_5_iqr.py took 0.016 seconds
[2023-12-11T03:23:33.463+0000] {processor.py:157} INFO - Started process (PID=696) to work on /opt/airflow/dags/remove_outliers_1_5_iqr.py
[2023-12-11T03:23:33.463+0000] {processor.py:829} INFO - Processing file /opt/airflow/dags/remove_outliers_1_5_iqr.py for tasks to queue
[2023-12-11T03:23:33.464+0000] {logging_mixin.py:154} INFO - [2023-12-11T03:23:33.464+0000] {dagbag.py:536} INFO - Filling up the DagBag from /opt/airflow/dags/remove_outliers_1_5_iqr.py
[2023-12-11T03:23:33.467+0000] {processor.py:841} WARNING - No viable dags retrieved from /opt/airflow/dags/remove_outliers_1_5_iqr.py
[2023-12-11T03:23:33.476+0000] {processor.py:179} INFO - Processing /opt/airflow/dags/remove_outliers_1_5_iqr.py took 0.016 seconds
