[2023-12-20T02:52:51.040+0000] {taskinstance.py:1159} INFO - Dependencies all met for dep_context=non-requeueable deps ti=<TaskInstance: Gourmet_Food_Procurement_Data-v01.remove_samples_with_nulls.remove_samples_with_nulls.remove_Total_Weight_in_lbs_col scheduled__2023-12-01T00:00:00+00:00 [queued]>
[2023-12-20T02:52:51.045+0000] {taskinstance.py:1159} INFO - Dependencies all met for dep_context=requeueable deps ti=<TaskInstance: Gourmet_Food_Procurement_Data-v01.remove_samples_with_nulls.remove_samples_with_nulls.remove_Total_Weight_in_lbs_col scheduled__2023-12-01T00:00:00+00:00 [queued]>
[2023-12-20T02:52:51.046+0000] {taskinstance.py:1361} INFO - Starting attempt 2 of 6
[2023-12-20T02:52:51.054+0000] {taskinstance.py:1382} INFO - Executing <Task(PostgresOperator): remove_samples_with_nulls.remove_Total_Weight_in_lbs_col> on 2023-12-01 00:00:00+00:00
[2023-12-20T02:52:51.059+0000] {standard_task_runner.py:57} INFO - Started process 1476 to run task
[2023-12-20T02:52:51.062+0000] {standard_task_runner.py:84} INFO - Running: ['***', 'tasks', 'run', 'Gourmet_Food_Procurement_Data-v01.remove_samples_with_nulls', 'remove_samples_with_nulls.remove_Total_Weight_in_lbs_col', 'scheduled__2023-12-01T00:00:00+00:00', '--job-id', '24', '--raw', '--subdir', 'DAGS_FOLDER/Gourmet_Food_Procurement_Data.py', '--cfg-path', '/tmp/tmpjr378kmw']
[2023-12-20T02:52:51.065+0000] {standard_task_runner.py:85} INFO - Job 24: Subtask remove_samples_with_nulls.remove_Total_Weight_in_lbs_col
[2023-12-20T02:52:51.118+0000] {task_command.py:416} INFO - Running <TaskInstance: Gourmet_Food_Procurement_Data-v01.remove_samples_with_nulls.remove_samples_with_nulls.remove_Total_Weight_in_lbs_col scheduled__2023-12-01T00:00:00+00:00 [running]> on host 069170cec93a
[2023-12-20T02:52:51.206+0000] {taskinstance.py:1662} INFO - Exporting env vars: AIRFLOW_CTX_DAG_OWNER='dunnbc22' AIRFLOW_CTX_DAG_ID='Gourmet_Food_Procurement_Data-v01.remove_samples_with_nulls' AIRFLOW_CTX_TASK_ID='remove_samples_with_nulls.remove_Total_Weight_in_lbs_col' AIRFLOW_CTX_EXECUTION_DATE='2023-12-01T00:00:00+00:00' AIRFLOW_CTX_TRY_NUMBER='2' AIRFLOW_CTX_DAG_RUN_ID='scheduled__2023-12-01T00:00:00+00:00'
[2023-12-20T02:52:51.209+0000] {sql.py:274} INFO - Executing: -- params: table_name, column_name
DELETE FROM ***_complaints
WHERE Total_Weight_in_lbs is NULL;
[2023-12-20T02:52:51.221+0000] {base.py:73} INFO - Using connection ID 'postgres_conn' for task execution.
[2023-12-20T02:52:51.231+0000] {base.py:73} INFO - Using connection ID 'postgres_conn' for task execution.
[2023-12-20T02:52:51.241+0000] {sql.py:418} INFO - Running statement: -- params: table_name, column_name
DELETE FROM ***_complaints
WHERE Total_Weight_in_lbs is NULL;, parameters: None
[2023-12-20T02:52:51.244+0000] {taskinstance.py:1937} ERROR - Task failed with exception
Traceback (most recent call last):
  File "/home/airflow/.local/lib/python3.8/site-packages/airflow/providers/common/sql/operators/sql.py", line 280, in execute
    output = hook.run(
  File "/home/airflow/.local/lib/python3.8/site-packages/airflow/providers/common/sql/hooks/sql.py", line 392, in run
    self._run_command(cur, sql_statement, parameters)
  File "/home/airflow/.local/lib/python3.8/site-packages/airflow/providers/common/sql/hooks/sql.py", line 423, in _run_command
    cur.execute(sql_statement)
psycopg2.errors.UndefinedTable: relation "***_complaints" does not exist
LINE 2: DELETE FROM ***_complaints
                    ^

[2023-12-20T02:52:51.253+0000] {taskinstance.py:1400} INFO - Marking task as UP_FOR_RETRY. dag_id=Gourmet_Food_Procurement_Data-v01.remove_samples_with_nulls, task_id=remove_samples_with_nulls.remove_Total_Weight_in_lbs_col, execution_date=20231201T000000, start_date=20231220T025251, end_date=20231220T025251
[2023-12-20T02:52:51.264+0000] {standard_task_runner.py:104} ERROR - Failed to execute job 24 for task remove_samples_with_nulls.remove_Total_Weight_in_lbs_col (relation "***_complaints" does not exist
LINE 2: DELETE FROM ***_complaints
                    ^
; 1476)
[2023-12-20T02:52:51.278+0000] {local_task_job_runner.py:228} INFO - Task exited with return code 1
[2023-12-20T02:52:51.298+0000] {taskinstance.py:2778} INFO - 0 downstream tasks scheduled from follow-on schedule check
