[2023-12-12T00:14:14.979+0000] {taskinstance.py:1159} INFO - Dependencies all met for dep_context=non-requeueable deps ti=<TaskInstance: Online_Shopping_Dataset-v01.create_dim_tables.create_dim_Coupon_Code_table scheduled__2023-12-01T00:00:00+00:00 [queued]>
[2023-12-12T00:14:14.993+0000] {taskinstance.py:1159} INFO - Dependencies all met for dep_context=requeueable deps ti=<TaskInstance: Online_Shopping_Dataset-v01.create_dim_tables.create_dim_Coupon_Code_table scheduled__2023-12-01T00:00:00+00:00 [queued]>
[2023-12-12T00:14:14.993+0000] {taskinstance.py:1361} INFO - Starting attempt 1 of 6
[2023-12-12T00:14:15.008+0000] {taskinstance.py:1382} INFO - Executing <Task(PostgresOperator): create_dim_Coupon_Code_table> on 2023-12-01 00:00:00+00:00
[2023-12-12T00:14:15.018+0000] {standard_task_runner.py:57} INFO - Started process 817 to run task
[2023-12-12T00:14:15.025+0000] {standard_task_runner.py:84} INFO - Running: ['***', 'tasks', 'run', 'Online_Shopping_Dataset-v01.create_dim_tables', 'create_dim_Coupon_Code_table', 'scheduled__2023-12-01T00:00:00+00:00', '--job-id', '32', '--raw', '--subdir', 'DAGS_FOLDER/Online_Shopping_Dataset.py', '--cfg-path', '/tmp/tmpqnpva09a']
[2023-12-12T00:14:15.029+0000] {standard_task_runner.py:85} INFO - Job 32: Subtask create_dim_Coupon_Code_table
[2023-12-12T00:14:15.113+0000] {task_command.py:416} INFO - Running <TaskInstance: Online_Shopping_Dataset-v01.create_dim_tables.create_dim_Coupon_Code_table scheduled__2023-12-01T00:00:00+00:00 [running]> on host 79f7e52c702e
[2023-12-12T00:14:15.203+0000] {taskinstance.py:1662} INFO - Exporting env vars: AIRFLOW_CTX_DAG_OWNER='dunnbc22' AIRFLOW_CTX_DAG_ID='Online_Shopping_Dataset-v01.create_dim_tables' AIRFLOW_CTX_TASK_ID='create_dim_Coupon_Code_table' AIRFLOW_CTX_EXECUTION_DATE='2023-12-01T00:00:00+00:00' AIRFLOW_CTX_TRY_NUMBER='1' AIRFLOW_CTX_DAG_RUN_ID='scheduled__2023-12-01T00:00:00+00:00'
[2023-12-12T00:14:15.209+0000] {sql.py:274} INFO - Executing: -- params: table_name, dimension_col, data_type

-- Step 1: Extract Unique Values
CREATE TEMPORARY TABLE unique_values_Coupon_Code AS
SELECT DISTINCT Coupon_Code FROM online_shopping_dataset_pipe;

-- Step 2: Create Dimension Table
DROP TABLE IF EXISTS dimension_table_Coupon_Code;
CREATE TABLE dimension_table_Coupon_Code (
    id SERIAL PRIMARY KEY,
    Coupon_Code VARCHAR
);

-- Step 3: Insert unique values into dimension table
INSERT INTO dimension_table_Coupon_Code (Coupon_Code)
SELECT * FROM unique_values_Coupon_Code;
[2023-12-12T00:14:15.225+0000] {base.py:73} INFO - Using connection ID 'postgres_conn' for task execution.
[2023-12-12T00:14:15.244+0000] {base.py:73} INFO - Using connection ID 'postgres_conn' for task execution.
[2023-12-12T00:14:15.261+0000] {sql.py:418} INFO - Running statement: -- params: table_name, dimension_col, data_type

-- Step 1: Extract Unique Values
CREATE TEMPORARY TABLE unique_values_Coupon_Code AS
SELECT DISTINCT Coupon_Code FROM online_shopping_dataset_pipe;

-- Step 2: Create Dimension Table
DROP TABLE IF EXISTS dimension_table_Coupon_Code;
CREATE TABLE dimension_table_Coupon_Code (
    id SERIAL PRIMARY KEY,
    Coupon_Code VARCHAR
);

-- Step 3: Insert unique values into dimension table
INSERT INTO dimension_table_Coupon_Code (Coupon_Code)
SELECT * FROM unique_values_Coupon_Code;, parameters: None
[2023-12-12T00:14:15.284+0000] {sql.py:427} INFO - Rows affected: 39
[2023-12-12T00:14:15.308+0000] {taskinstance.py:1400} INFO - Marking task as SUCCESS. dag_id=Online_Shopping_Dataset-v01.create_dim_tables, task_id=create_dim_Coupon_Code_table, execution_date=20231201T000000, start_date=20231212T001414, end_date=20231212T001415
[2023-12-12T00:14:15.370+0000] {local_task_job_runner.py:228} INFO - Task exited with return code 0
[2023-12-12T00:14:15.442+0000] {taskinstance.py:2778} INFO - 0 downstream tasks scheduled from follow-on schedule check
