[2023-12-08T17:18:42.197+0000] {taskinstance.py:1159} INFO - Dependencies all met for dep_context=non-requeueable deps ti=<TaskInstance: Allegheny_Co_Property_Sale_Transactions-v01.create_dim_tables.create_dim_PROPERTYCITY_table scheduled__2023-12-01T00:00:00+00:00 [queued]>
[2023-12-08T17:18:42.210+0000] {taskinstance.py:1159} INFO - Dependencies all met for dep_context=requeueable deps ti=<TaskInstance: Allegheny_Co_Property_Sale_Transactions-v01.create_dim_tables.create_dim_PROPERTYCITY_table scheduled__2023-12-01T00:00:00+00:00 [queued]>
[2023-12-08T17:18:42.211+0000] {taskinstance.py:1361} INFO - Starting attempt 1 of 6
[2023-12-08T17:18:42.228+0000] {taskinstance.py:1382} INFO - Executing <Task(PostgresOperator): create_dim_PROPERTYCITY_table> on 2023-12-01 00:00:00+00:00
[2023-12-08T17:18:42.238+0000] {standard_task_runner.py:57} INFO - Started process 3190 to run task
[2023-12-08T17:18:42.245+0000] {standard_task_runner.py:84} INFO - Running: ['***', 'tasks', 'run', 'Allegheny_Co_Property_Sale_Transactions-v01.create_dim_tables', 'create_dim_PROPERTYCITY_table', 'scheduled__2023-12-01T00:00:00+00:00', '--job-id', '29', '--raw', '--subdir', 'DAGS_FOLDER/Allegheny Co Property Sale Transactions.py', '--cfg-path', '/tmp/tmpcpg1r2hy']
[2023-12-08T17:18:42.247+0000] {standard_task_runner.py:85} INFO - Job 29: Subtask create_dim_PROPERTYCITY_table
[2023-12-08T17:18:42.355+0000] {task_command.py:416} INFO - Running <TaskInstance: Allegheny_Co_Property_Sale_Transactions-v01.create_dim_tables.create_dim_PROPERTYCITY_table scheduled__2023-12-01T00:00:00+00:00 [running]> on host 1fc866509645
[2023-12-08T17:18:42.527+0000] {taskinstance.py:1662} INFO - Exporting env vars: AIRFLOW_CTX_DAG_OWNER='dunnbc22' AIRFLOW_CTX_DAG_ID='Allegheny_Co_Property_Sale_Transactions-v01.create_dim_tables' AIRFLOW_CTX_TASK_ID='create_dim_PROPERTYCITY_table' AIRFLOW_CTX_EXECUTION_DATE='2023-12-01T00:00:00+00:00' AIRFLOW_CTX_TRY_NUMBER='1' AIRFLOW_CTX_DAG_RUN_ID='scheduled__2023-12-01T00:00:00+00:00'
[2023-12-08T17:18:42.531+0000] {sql.py:274} INFO - Executing: -- params: table_name, dimension_col, data_type

-- Step 1: Extract Unique Values
CREATE TEMPORARY TABLE unique_values_PROPERTYCITY AS
SELECT DISTINCT PROPERTYCITY FROM allegheny_co_property_sale_transactions;

-- Step 2: Create Dimension Table
DROP TABLE IF EXISTS dimension_table_PROPERTYCITY;
CREATE TABLE dimension_table_PROPERTYCITY (
    id SERIAL PRIMARY KEY,
    PROPERTYCITY VARCHAR
);

-- Step 3: Insert unique values into dimension table
INSERT INTO dimension_table_PROPERTYCITY (PROPERTYCITY)
SELECT * FROM unique_values_PROPERTYCITY;
[2023-12-08T17:18:42.542+0000] {base.py:73} INFO - Using connection ID 'postgres_conn' for task execution.
[2023-12-08T17:18:42.565+0000] {base.py:73} INFO - Using connection ID 'postgres_conn' for task execution.
[2023-12-08T17:18:42.594+0000] {sql.py:418} INFO - Running statement: -- params: table_name, dimension_col, data_type

-- Step 1: Extract Unique Values
CREATE TEMPORARY TABLE unique_values_PROPERTYCITY AS
SELECT DISTINCT PROPERTYCITY FROM allegheny_co_property_sale_transactions;

-- Step 2: Create Dimension Table
DROP TABLE IF EXISTS dimension_table_PROPERTYCITY;
CREATE TABLE dimension_table_PROPERTYCITY (
    id SERIAL PRIMARY KEY,
    PROPERTYCITY VARCHAR
);

-- Step 3: Insert unique values into dimension table
INSERT INTO dimension_table_PROPERTYCITY (PROPERTYCITY)
SELECT * FROM unique_values_PROPERTYCITY;, parameters: None
[2023-12-08T17:18:42.692+0000] {sql.py:427} INFO - Rows affected: 97
[2023-12-08T17:18:42.742+0000] {taskinstance.py:1400} INFO - Marking task as SUCCESS. dag_id=Allegheny_Co_Property_Sale_Transactions-v01.create_dim_tables, task_id=create_dim_PROPERTYCITY_table, execution_date=20231201T000000, start_date=20231208T171842, end_date=20231208T171842
[2023-12-08T17:18:42.803+0000] {local_task_job_runner.py:228} INFO - Task exited with return code 0
[2023-12-08T17:18:42.873+0000] {taskinstance.py:2778} INFO - 0 downstream tasks scheduled from follow-on schedule check
[2023-12-08T18:06:05.259+0000] {taskinstance.py:1159} INFO - Dependencies all met for dep_context=non-requeueable deps ti=<TaskInstance: Allegheny_Co_Property_Sale_Transactions-v01.create_dim_tables.create_dim_PROPERTYCITY_table scheduled__2023-12-01T00:00:00+00:00 [queued]>
[2023-12-08T18:06:05.274+0000] {taskinstance.py:1159} INFO - Dependencies all met for dep_context=requeueable deps ti=<TaskInstance: Allegheny_Co_Property_Sale_Transactions-v01.create_dim_tables.create_dim_PROPERTYCITY_table scheduled__2023-12-01T00:00:00+00:00 [queued]>
[2023-12-08T18:06:05.275+0000] {taskinstance.py:1361} INFO - Starting attempt 1 of 6
[2023-12-08T18:06:05.294+0000] {taskinstance.py:1382} INFO - Executing <Task(PostgresOperator): create_dim_PROPERTYCITY_table> on 2023-12-01 00:00:00+00:00
[2023-12-08T18:06:05.307+0000] {standard_task_runner.py:57} INFO - Started process 7221 to run task
[2023-12-08T18:06:05.315+0000] {standard_task_runner.py:84} INFO - Running: ['***', 'tasks', 'run', 'Allegheny_Co_Property_Sale_Transactions-v01.create_dim_tables', 'create_dim_PROPERTYCITY_table', 'scheduled__2023-12-01T00:00:00+00:00', '--job-id', '101', '--raw', '--subdir', 'DAGS_FOLDER/Allegheny Co Property Sale Transactions.py', '--cfg-path', '/tmp/tmpxz4ldqwc']
[2023-12-08T18:06:05.322+0000] {standard_task_runner.py:85} INFO - Job 101: Subtask create_dim_PROPERTYCITY_table
[2023-12-08T18:06:05.436+0000] {task_command.py:416} INFO - Running <TaskInstance: Allegheny_Co_Property_Sale_Transactions-v01.create_dim_tables.create_dim_PROPERTYCITY_table scheduled__2023-12-01T00:00:00+00:00 [running]> on host 1fc866509645
[2023-12-08T18:06:05.563+0000] {taskinstance.py:1662} INFO - Exporting env vars: AIRFLOW_CTX_DAG_OWNER='dunnbc22' AIRFLOW_CTX_DAG_ID='Allegheny_Co_Property_Sale_Transactions-v01.create_dim_tables' AIRFLOW_CTX_TASK_ID='create_dim_PROPERTYCITY_table' AIRFLOW_CTX_EXECUTION_DATE='2023-12-01T00:00:00+00:00' AIRFLOW_CTX_TRY_NUMBER='1' AIRFLOW_CTX_DAG_RUN_ID='scheduled__2023-12-01T00:00:00+00:00'
[2023-12-08T18:06:05.568+0000] {sql.py:274} INFO - Executing: -- params: table_name, dimension_col, data_type

-- Step 1: Extract Unique Values
CREATE TEMPORARY TABLE unique_values_PROPERTYCITY AS
SELECT DISTINCT PROPERTYCITY FROM allegheny_co_property_sale_transactions;

-- Step 2: Create Dimension Table
DROP TABLE IF EXISTS dimension_table_PROPERTYCITY;
CREATE TABLE dimension_table_PROPERTYCITY (
    id SERIAL PRIMARY KEY,
    PROPERTYCITY VARCHAR
);

-- Step 3: Insert unique values into dimension table
INSERT INTO dimension_table_PROPERTYCITY (PROPERTYCITY)
SELECT * FROM unique_values_PROPERTYCITY;
[2023-12-08T18:06:05.594+0000] {base.py:73} INFO - Using connection ID 'postgres_conn' for task execution.
[2023-12-08T18:06:05.609+0000] {base.py:73} INFO - Using connection ID 'postgres_conn' for task execution.
[2023-12-08T18:06:05.618+0000] {sql.py:418} INFO - Running statement: -- params: table_name, dimension_col, data_type

-- Step 1: Extract Unique Values
CREATE TEMPORARY TABLE unique_values_PROPERTYCITY AS
SELECT DISTINCT PROPERTYCITY FROM allegheny_co_property_sale_transactions;

-- Step 2: Create Dimension Table
DROP TABLE IF EXISTS dimension_table_PROPERTYCITY;
CREATE TABLE dimension_table_PROPERTYCITY (
    id SERIAL PRIMARY KEY,
    PROPERTYCITY VARCHAR
);

-- Step 3: Insert unique values into dimension table
INSERT INTO dimension_table_PROPERTYCITY (PROPERTYCITY)
SELECT * FROM unique_values_PROPERTYCITY;, parameters: None
[2023-12-08T18:06:05.732+0000] {sql.py:427} INFO - Rows affected: 97
[2023-12-08T18:06:05.755+0000] {taskinstance.py:1400} INFO - Marking task as SUCCESS. dag_id=Allegheny_Co_Property_Sale_Transactions-v01.create_dim_tables, task_id=create_dim_PROPERTYCITY_table, execution_date=20231201T000000, start_date=20231208T180605, end_date=20231208T180605
[2023-12-08T18:06:05.773+0000] {local_task_job_runner.py:228} INFO - Task exited with return code 0
[2023-12-08T18:06:05.810+0000] {taskinstance.py:2778} INFO - 0 downstream tasks scheduled from follow-on schedule check
