[2023-12-19T04:29:57.073+0000] {taskinstance.py:1159} INFO - Dependencies all met for dep_context=non-requeueable deps ti=<TaskInstance: analytics_olympiad-v01.remove_replaced_dim_cols.remove_original_TYPE_OF_VEHICLE_in_fact_table scheduled__2023-12-01T00:00:00+00:00 [queued]>
[2023-12-19T04:29:57.081+0000] {taskinstance.py:1159} INFO - Dependencies all met for dep_context=requeueable deps ti=<TaskInstance: analytics_olympiad-v01.remove_replaced_dim_cols.remove_original_TYPE_OF_VEHICLE_in_fact_table scheduled__2023-12-01T00:00:00+00:00 [queued]>
[2023-12-19T04:29:57.082+0000] {taskinstance.py:1361} INFO - Starting attempt 1 of 6
[2023-12-19T04:29:57.099+0000] {taskinstance.py:1382} INFO - Executing <Task(PostgresOperator): remove_original_TYPE_OF_VEHICLE_in_fact_table> on 2023-12-01 00:00:00+00:00
[2023-12-19T04:29:57.110+0000] {standard_task_runner.py:57} INFO - Started process 2861 to run task
[2023-12-19T04:29:57.120+0000] {standard_task_runner.py:84} INFO - Running: ['***', 'tasks', 'run', 'analytics_olympiad-v01.remove_replaced_dim_cols', 'remove_original_TYPE_OF_VEHICLE_in_fact_table', 'scheduled__2023-12-01T00:00:00+00:00', '--job-id', '47', '--raw', '--subdir', 'DAGS_FOLDER/Analytics Olympiad 2022.py', '--cfg-path', '/tmp/tmpglucq79n']
[2023-12-19T04:29:57.123+0000] {standard_task_runner.py:85} INFO - Job 47: Subtask remove_original_TYPE_OF_VEHICLE_in_fact_table
[2023-12-19T04:29:57.186+0000] {task_command.py:416} INFO - Running <TaskInstance: analytics_olympiad-v01.remove_replaced_dim_cols.remove_original_TYPE_OF_VEHICLE_in_fact_table scheduled__2023-12-01T00:00:00+00:00 [running]> on host 7b1718a25f0c
[2023-12-19T04:29:57.260+0000] {taskinstance.py:1662} INFO - Exporting env vars: AIRFLOW_CTX_DAG_OWNER='dunnbc22' AIRFLOW_CTX_DAG_ID='analytics_olympiad-v01.remove_replaced_dim_cols' AIRFLOW_CTX_TASK_ID='remove_original_TYPE_OF_VEHICLE_in_fact_table' AIRFLOW_CTX_EXECUTION_DATE='2023-12-01T00:00:00+00:00' AIRFLOW_CTX_TRY_NUMBER='1' AIRFLOW_CTX_DAG_RUN_ID='scheduled__2023-12-01T00:00:00+00:00'
[2023-12-19T04:29:57.261+0000] {sql.py:274} INFO - Executing: -- table_name, column_name
ALTER TABLE analytics_olympiad_pipeline
DROP COLUMN TYPE_OF_VEHICLE;
[2023-12-19T04:29:57.269+0000] {base.py:73} INFO - Using connection ID 'postgres_conn' for task execution.
[2023-12-19T04:29:57.276+0000] {base.py:73} INFO - Using connection ID 'postgres_conn' for task execution.
[2023-12-19T04:29:57.282+0000] {sql.py:418} INFO - Running statement: -- table_name, column_name
ALTER TABLE analytics_olympiad_pipeline
DROP COLUMN TYPE_OF_VEHICLE;, parameters: None
[2023-12-19T04:29:57.304+0000] {taskinstance.py:1400} INFO - Marking task as SUCCESS. dag_id=analytics_olympiad-v01.remove_replaced_dim_cols, task_id=remove_original_TYPE_OF_VEHICLE_in_fact_table, execution_date=20231201T000000, start_date=20231219T042957, end_date=20231219T042957
[2023-12-19T04:29:57.336+0000] {local_task_job_runner.py:228} INFO - Task exited with return code 0
[2023-12-19T04:29:57.371+0000] {taskinstance.py:2778} INFO - 0 downstream tasks scheduled from follow-on schedule check
