[2023-12-21T17:02:09.389+0000] {taskinstance.py:1159} INFO - Dependencies all met for dep_context=non-requeueable deps ti=<TaskInstance: Indicators_of_Heart_Disease_2022-v01.create_dim_tables.create_dim_StateName_table scheduled__2023-12-01T00:00:00+00:00 [queued]>
[2023-12-21T17:02:09.400+0000] {taskinstance.py:1159} INFO - Dependencies all met for dep_context=requeueable deps ti=<TaskInstance: Indicators_of_Heart_Disease_2022-v01.create_dim_tables.create_dim_StateName_table scheduled__2023-12-01T00:00:00+00:00 [queued]>
[2023-12-21T17:02:09.402+0000] {taskinstance.py:1361} INFO - Starting attempt 1 of 6
[2023-12-21T17:02:09.442+0000] {taskinstance.py:1382} INFO - Executing <Task(PostgresOperator): create_dim_StateName_table> on 2023-12-01 00:00:00+00:00
[2023-12-21T17:02:09.454+0000] {standard_task_runner.py:57} INFO - Started process 2065 to run task
[2023-12-21T17:02:09.465+0000] {standard_task_runner.py:84} INFO - Running: ['***', 'tasks', 'run', 'Indicators_of_Heart_Disease_2022-v01.create_dim_tables', 'create_dim_StateName_table', 'scheduled__2023-12-01T00:00:00+00:00', '--job-id', '99', '--raw', '--subdir', 'DAGS_FOLDER/Indicators_of_Heart_Disease_2022.py', '--cfg-path', '/tmp/tmpg9gi8eqn']
[2023-12-21T17:02:09.476+0000] {standard_task_runner.py:85} INFO - Job 99: Subtask create_dim_StateName_table
[2023-12-21T17:02:09.543+0000] {task_command.py:416} INFO - Running <TaskInstance: Indicators_of_Heart_Disease_2022-v01.create_dim_tables.create_dim_StateName_table scheduled__2023-12-01T00:00:00+00:00 [running]> on host 8e01071a5eb3
[2023-12-21T17:02:09.663+0000] {taskinstance.py:1662} INFO - Exporting env vars: AIRFLOW_CTX_DAG_OWNER='dunnbc22' AIRFLOW_CTX_DAG_ID='Indicators_of_Heart_Disease_2022-v01.create_dim_tables' AIRFLOW_CTX_TASK_ID='create_dim_StateName_table' AIRFLOW_CTX_EXECUTION_DATE='2023-12-01T00:00:00+00:00' AIRFLOW_CTX_TRY_NUMBER='1' AIRFLOW_CTX_DAG_RUN_ID='scheduled__2023-12-01T00:00:00+00:00'
[2023-12-21T17:02:09.665+0000] {sql.py:274} INFO - Executing: -- params: table_name, dimension_col, data_type

-- Step 1: Extract Unique Values
CREATE TEMPORARY TABLE unique_values_StateName AS
SELECT DISTINCT StateName FROM indicators_of_heart_disease_2022_pipe;

-- Step 2: Create Dimension Table
DROP TABLE IF EXISTS dimension_table_StateName;
CREATE TABLE dimension_table_StateName (
    id SERIAL PRIMARY KEY,
    StateName VARCHAR
);

-- Step 3: Insert unique values into dimension table
INSERT INTO dimension_table_StateName (StateName)
SELECT * FROM unique_values_StateName;
[2023-12-21T17:02:09.674+0000] {base.py:73} INFO - Using connection ID 'postgres_conn' for task execution.
[2023-12-21T17:02:09.683+0000] {base.py:73} INFO - Using connection ID 'postgres_conn' for task execution.
[2023-12-21T17:02:09.691+0000] {sql.py:418} INFO - Running statement: -- params: table_name, dimension_col, data_type

-- Step 1: Extract Unique Values
CREATE TEMPORARY TABLE unique_values_StateName AS
SELECT DISTINCT StateName FROM indicators_of_heart_disease_2022_pipe;

-- Step 2: Create Dimension Table
DROP TABLE IF EXISTS dimension_table_StateName;
CREATE TABLE dimension_table_StateName (
    id SERIAL PRIMARY KEY,
    StateName VARCHAR
);

-- Step 3: Insert unique values into dimension table
INSERT INTO dimension_table_StateName (StateName)
SELECT * FROM unique_values_StateName;, parameters: None
[2023-12-21T17:02:09.816+0000] {sql.py:427} INFO - Rows affected: 54
[2023-12-21T17:02:09.846+0000] {taskinstance.py:1400} INFO - Marking task as SUCCESS. dag_id=Indicators_of_Heart_Disease_2022-v01.create_dim_tables, task_id=create_dim_StateName_table, execution_date=20231201T000000, start_date=20231221T170209, end_date=20231221T170209
[2023-12-21T17:02:09.904+0000] {local_task_job_runner.py:228} INFO - Task exited with return code 0
[2023-12-21T17:02:09.975+0000] {taskinstance.py:2778} INFO - 0 downstream tasks scheduled from follow-on schedule check
