[2023-12-20T03:20:40.569+0000] {taskinstance.py:1159} INFO - Dependencies all met for dep_context=non-requeueable deps ti=<TaskInstance: facebook_Google_Store_Reviews_4_1_million-v01.add_id_column scheduled__2023-12-01T00:00:00+00:00 [queued]>
[2023-12-20T03:20:40.573+0000] {taskinstance.py:1159} INFO - Dependencies all met for dep_context=requeueable deps ti=<TaskInstance: facebook_Google_Store_Reviews_4_1_million-v01.add_id_column scheduled__2023-12-01T00:00:00+00:00 [queued]>
[2023-12-20T03:20:40.573+0000] {taskinstance.py:1361} INFO - Starting attempt 1 of 6
[2023-12-20T03:20:40.578+0000] {taskinstance.py:1382} INFO - Executing <Task(PostgresOperator): add_id_column> on 2023-12-01 00:00:00+00:00
[2023-12-20T03:20:40.581+0000] {standard_task_runner.py:57} INFO - Started process 1419 to run task
[2023-12-20T03:20:40.583+0000] {standard_task_runner.py:84} INFO - Running: ['***', 'tasks', 'run', 'facebook_Google_Store_Reviews_4_1_million-v01', 'add_id_column', 'scheduled__2023-12-01T00:00:00+00:00', '--job-id', '15', '--raw', '--subdir', 'DAGS_FOLDER/Facebook_Google_Store_Reviews_4_1_M.py', '--cfg-path', '/tmp/tmpavy1ln26']
[2023-12-20T03:20:40.585+0000] {standard_task_runner.py:85} INFO - Job 15: Subtask add_id_column
[2023-12-20T03:20:40.614+0000] {task_command.py:416} INFO - Running <TaskInstance: facebook_Google_Store_Reviews_4_1_million-v01.add_id_column scheduled__2023-12-01T00:00:00+00:00 [running]> on host 73e2c4cb0331
[2023-12-20T03:20:40.655+0000] {taskinstance.py:1662} INFO - Exporting env vars: AIRFLOW_CTX_DAG_OWNER='dunnbc22' AIRFLOW_CTX_DAG_ID='facebook_Google_Store_Reviews_4_1_million-v01' AIRFLOW_CTX_TASK_ID='add_id_column' AIRFLOW_CTX_EXECUTION_DATE='2023-12-01T00:00:00+00:00' AIRFLOW_CTX_TRY_NUMBER='1' AIRFLOW_CTX_DAG_RUN_ID='scheduled__2023-12-01T00:00:00+00:00'
[2023-12-20T03:20:40.655+0000] {sql.py:274} INFO - Executing: 
        ALTER TABLE fb_gs_reviews_pipeline
        ADD COLUMN id_col SERIAL PRIMARY KEY;
        
[2023-12-20T03:20:40.661+0000] {base.py:73} INFO - Using connection ID 'postgres_conn' for task execution.
[2023-12-20T03:20:40.666+0000] {base.py:73} INFO - Using connection ID 'postgres_conn' for task execution.
[2023-12-20T03:20:40.671+0000] {sql.py:418} INFO - Running statement: 
        ALTER TABLE fb_gs_reviews_pipeline
        ADD COLUMN id_col SERIAL PRIMARY KEY;
        , parameters: None
[2023-12-20T03:20:51.798+0000] {taskinstance.py:1400} INFO - Marking task as SUCCESS. dag_id=facebook_Google_Store_Reviews_4_1_million-v01, task_id=add_id_column, execution_date=20231201T000000, start_date=20231220T032040, end_date=20231220T032051
[2023-12-20T03:20:51.836+0000] {local_task_job_runner.py:228} INFO - Task exited with return code 0
[2023-12-20T03:20:51.870+0000] {taskinstance.py:2778} INFO - 1 downstream tasks scheduled from follow-on schedule check
