[2023-12-21T22:42:59.617+0000] {taskinstance.py:1159} INFO - Dependencies all met for dep_context=non-requeueable deps ti=<TaskInstance: market_segmentation-v01.create_copy_of_postgres_table scheduled__2023-12-01T00:00:00+00:00 [queued]>
[2023-12-21T22:42:59.621+0000] {taskinstance.py:1159} INFO - Dependencies all met for dep_context=requeueable deps ti=<TaskInstance: market_segmentation-v01.create_copy_of_postgres_table scheduled__2023-12-01T00:00:00+00:00 [queued]>
[2023-12-21T22:42:59.621+0000] {taskinstance.py:1361} INFO - Starting attempt 1 of 6
[2023-12-21T22:42:59.626+0000] {taskinstance.py:1382} INFO - Executing <Task(PostgresOperator): create_copy_of_postgres_table> on 2023-12-01 00:00:00+00:00
[2023-12-21T22:42:59.629+0000] {standard_task_runner.py:57} INFO - Started process 492 to run task
[2023-12-21T22:42:59.631+0000] {standard_task_runner.py:84} INFO - Running: ['***', 'tasks', 'run', 'market_segmentation-v01', 'create_copy_of_postgres_table', 'scheduled__2023-12-01T00:00:00+00:00', '--job-id', '3', '--raw', '--subdir', 'DAGS_FOLDER/market_seg.py', '--cfg-path', '/tmp/tmphw446gc2']
[2023-12-21T22:42:59.633+0000] {standard_task_runner.py:85} INFO - Job 3: Subtask create_copy_of_postgres_table
[2023-12-21T22:42:59.662+0000] {task_command.py:416} INFO - Running <TaskInstance: market_segmentation-v01.create_copy_of_postgres_table scheduled__2023-12-01T00:00:00+00:00 [running]> on host e6e35bdeae40
[2023-12-21T22:42:59.703+0000] {taskinstance.py:1662} INFO - Exporting env vars: AIRFLOW_CTX_DAG_OWNER='dunnbc22' AIRFLOW_CTX_DAG_ID='market_segmentation-v01' AIRFLOW_CTX_TASK_ID='create_copy_of_postgres_table' AIRFLOW_CTX_EXECUTION_DATE='2023-12-01T00:00:00+00:00' AIRFLOW_CTX_TRY_NUMBER='1' AIRFLOW_CTX_DAG_RUN_ID='scheduled__2023-12-01T00:00:00+00:00'
[2023-12-21T22:42:59.704+0000] {sql.py:274} INFO - Executing: -- params: new_table_name, orig_table_name

-- Drop the copy of the table, if it already exists
DROP TABLE IF EXISTS market_segm_pipe;

-- Create copy of table
CREATE TABLE market_segm_pipe AS
SELECT * 
FROM market_seg;

-- Grant additional permissions on the table
GRANT SELECT, INSERT, UPDATE, DELETE ON market_segm_pipe TO ***;
[2023-12-21T22:42:59.710+0000] {base.py:73} INFO - Using connection ID 'postgres_conn' for task execution.
[2023-12-21T22:42:59.718+0000] {base.py:73} INFO - Using connection ID 'postgres_conn' for task execution.
[2023-12-21T22:42:59.734+0000] {sql.py:418} INFO - Running statement: -- params: new_table_name, orig_table_name

-- Drop the copy of the table, if it already exists
DROP TABLE IF EXISTS market_segm_pipe;

-- Create copy of table
CREATE TABLE market_segm_pipe AS
SELECT * 
FROM market_seg;

-- Grant additional permissions on the table
GRANT SELECT, INSERT, UPDATE, DELETE ON market_segm_pipe TO ***;, parameters: None
[2023-12-21T22:42:59.825+0000] {taskinstance.py:1400} INFO - Marking task as SUCCESS. dag_id=market_segmentation-v01, task_id=create_copy_of_postgres_table, execution_date=20231201T000000, start_date=20231221T224259, end_date=20231221T224259
[2023-12-21T22:42:59.851+0000] {local_task_job_runner.py:228} INFO - Task exited with return code 0
[2023-12-21T22:42:59.869+0000] {taskinstance.py:2778} INFO - 1 downstream tasks scheduled from follow-on schedule check
