[2023-12-21T19:26:05.585+0000] {processor.py:157} INFO - Started process (PID=177) to work on /opt/airflow/dags/create_star_schema_part_2.py
[2023-12-21T19:26:05.586+0000] {processor.py:829} INFO - Processing file /opt/airflow/dags/create_star_schema_part_2.py for tasks to queue
[2023-12-21T19:26:05.586+0000] {logging_mixin.py:154} INFO - [2023-12-21T19:26:05.586+0000] {dagbag.py:536} INFO - Filling up the DagBag from /opt/airflow/dags/create_star_schema_part_2.py
[2023-12-21T19:26:05.590+0000] {processor.py:841} WARNING - No viable dags retrieved from /opt/airflow/dags/create_star_schema_part_2.py
[2023-12-21T19:26:05.601+0000] {processor.py:179} INFO - Processing /opt/airflow/dags/create_star_schema_part_2.py took 0.018 seconds
[2023-12-21T19:26:35.924+0000] {processor.py:157} INFO - Started process (PID=205) to work on /opt/airflow/dags/create_star_schema_part_2.py
[2023-12-21T19:26:35.926+0000] {processor.py:829} INFO - Processing file /opt/airflow/dags/create_star_schema_part_2.py for tasks to queue
[2023-12-21T19:26:35.927+0000] {logging_mixin.py:154} INFO - [2023-12-21T19:26:35.926+0000] {dagbag.py:536} INFO - Filling up the DagBag from /opt/airflow/dags/create_star_schema_part_2.py
[2023-12-21T19:26:35.934+0000] {processor.py:841} WARNING - No viable dags retrieved from /opt/airflow/dags/create_star_schema_part_2.py
[2023-12-21T19:26:35.948+0000] {processor.py:179} INFO - Processing /opt/airflow/dags/create_star_schema_part_2.py took 0.028 seconds
[2023-12-21T19:27:06.343+0000] {processor.py:157} INFO - Started process (PID=238) to work on /opt/airflow/dags/create_star_schema_part_2.py
[2023-12-21T19:27:06.344+0000] {processor.py:829} INFO - Processing file /opt/airflow/dags/create_star_schema_part_2.py for tasks to queue
[2023-12-21T19:27:06.345+0000] {logging_mixin.py:154} INFO - [2023-12-21T19:27:06.345+0000] {dagbag.py:536} INFO - Filling up the DagBag from /opt/airflow/dags/create_star_schema_part_2.py
[2023-12-21T19:27:06.353+0000] {processor.py:841} WARNING - No viable dags retrieved from /opt/airflow/dags/create_star_schema_part_2.py
[2023-12-21T19:27:06.367+0000] {processor.py:179} INFO - Processing /opt/airflow/dags/create_star_schema_part_2.py took 0.028 seconds
[2023-12-21T19:27:36.773+0000] {processor.py:157} INFO - Started process (PID=271) to work on /opt/airflow/dags/create_star_schema_part_2.py
[2023-12-21T19:27:36.774+0000] {processor.py:829} INFO - Processing file /opt/airflow/dags/create_star_schema_part_2.py for tasks to queue
[2023-12-21T19:27:36.775+0000] {logging_mixin.py:154} INFO - [2023-12-21T19:27:36.775+0000] {dagbag.py:536} INFO - Filling up the DagBag from /opt/airflow/dags/create_star_schema_part_2.py
[2023-12-21T19:27:36.782+0000] {processor.py:841} WARNING - No viable dags retrieved from /opt/airflow/dags/create_star_schema_part_2.py
[2023-12-21T19:27:36.796+0000] {processor.py:179} INFO - Processing /opt/airflow/dags/create_star_schema_part_2.py took 0.027 seconds
[2023-12-21T19:28:07.196+0000] {processor.py:157} INFO - Started process (PID=304) to work on /opt/airflow/dags/create_star_schema_part_2.py
[2023-12-21T19:28:07.197+0000] {processor.py:829} INFO - Processing file /opt/airflow/dags/create_star_schema_part_2.py for tasks to queue
[2023-12-21T19:28:07.198+0000] {logging_mixin.py:154} INFO - [2023-12-21T19:28:07.198+0000] {dagbag.py:536} INFO - Filling up the DagBag from /opt/airflow/dags/create_star_schema_part_2.py
[2023-12-21T19:28:07.205+0000] {processor.py:841} WARNING - No viable dags retrieved from /opt/airflow/dags/create_star_schema_part_2.py
[2023-12-21T19:28:07.219+0000] {processor.py:179} INFO - Processing /opt/airflow/dags/create_star_schema_part_2.py took 0.027 seconds
[2023-12-21T19:28:37.631+0000] {processor.py:157} INFO - Started process (PID=337) to work on /opt/airflow/dags/create_star_schema_part_2.py
[2023-12-21T19:28:37.632+0000] {processor.py:829} INFO - Processing file /opt/airflow/dags/create_star_schema_part_2.py for tasks to queue
[2023-12-21T19:28:37.633+0000] {logging_mixin.py:154} INFO - [2023-12-21T19:28:37.633+0000] {dagbag.py:536} INFO - Filling up the DagBag from /opt/airflow/dags/create_star_schema_part_2.py
[2023-12-21T19:28:37.640+0000] {processor.py:841} WARNING - No viable dags retrieved from /opt/airflow/dags/create_star_schema_part_2.py
[2023-12-21T19:28:37.655+0000] {processor.py:179} INFO - Processing /opt/airflow/dags/create_star_schema_part_2.py took 0.028 seconds
[2023-12-21T19:29:08.057+0000] {processor.py:157} INFO - Started process (PID=370) to work on /opt/airflow/dags/create_star_schema_part_2.py
[2023-12-21T19:29:08.059+0000] {processor.py:829} INFO - Processing file /opt/airflow/dags/create_star_schema_part_2.py for tasks to queue
[2023-12-21T19:29:08.060+0000] {logging_mixin.py:154} INFO - [2023-12-21T19:29:08.059+0000] {dagbag.py:536} INFO - Filling up the DagBag from /opt/airflow/dags/create_star_schema_part_2.py
[2023-12-21T19:29:08.067+0000] {processor.py:841} WARNING - No viable dags retrieved from /opt/airflow/dags/create_star_schema_part_2.py
[2023-12-21T19:29:08.082+0000] {processor.py:179} INFO - Processing /opt/airflow/dags/create_star_schema_part_2.py took 0.028 seconds
[2023-12-21T19:29:38.444+0000] {processor.py:157} INFO - Started process (PID=403) to work on /opt/airflow/dags/create_star_schema_part_2.py
[2023-12-21T19:29:38.445+0000] {processor.py:829} INFO - Processing file /opt/airflow/dags/create_star_schema_part_2.py for tasks to queue
[2023-12-21T19:29:38.446+0000] {logging_mixin.py:154} INFO - [2023-12-21T19:29:38.446+0000] {dagbag.py:536} INFO - Filling up the DagBag from /opt/airflow/dags/create_star_schema_part_2.py
[2023-12-21T19:29:38.455+0000] {processor.py:841} WARNING - No viable dags retrieved from /opt/airflow/dags/create_star_schema_part_2.py
[2023-12-21T19:29:38.471+0000] {processor.py:179} INFO - Processing /opt/airflow/dags/create_star_schema_part_2.py took 0.031 seconds
[2023-12-21T19:30:08.837+0000] {processor.py:157} INFO - Started process (PID=436) to work on /opt/airflow/dags/create_star_schema_part_2.py
[2023-12-21T19:30:08.838+0000] {processor.py:829} INFO - Processing file /opt/airflow/dags/create_star_schema_part_2.py for tasks to queue
[2023-12-21T19:30:08.839+0000] {logging_mixin.py:154} INFO - [2023-12-21T19:30:08.839+0000] {dagbag.py:536} INFO - Filling up the DagBag from /opt/airflow/dags/create_star_schema_part_2.py
[2023-12-21T19:30:08.846+0000] {processor.py:841} WARNING - No viable dags retrieved from /opt/airflow/dags/create_star_schema_part_2.py
[2023-12-21T19:30:08.860+0000] {processor.py:179} INFO - Processing /opt/airflow/dags/create_star_schema_part_2.py took 0.027 seconds
[2023-12-21T19:30:39.265+0000] {processor.py:157} INFO - Started process (PID=469) to work on /opt/airflow/dags/create_star_schema_part_2.py
[2023-12-21T19:30:39.265+0000] {processor.py:829} INFO - Processing file /opt/airflow/dags/create_star_schema_part_2.py for tasks to queue
[2023-12-21T19:30:39.266+0000] {logging_mixin.py:154} INFO - [2023-12-21T19:30:39.266+0000] {dagbag.py:536} INFO - Filling up the DagBag from /opt/airflow/dags/create_star_schema_part_2.py
[2023-12-21T19:30:39.270+0000] {processor.py:841} WARNING - No viable dags retrieved from /opt/airflow/dags/create_star_schema_part_2.py
[2023-12-21T19:30:39.279+0000] {processor.py:179} INFO - Processing /opt/airflow/dags/create_star_schema_part_2.py took 0.016 seconds
[2023-12-21T19:31:09.721+0000] {processor.py:157} INFO - Started process (PID=502) to work on /opt/airflow/dags/create_star_schema_part_2.py
[2023-12-21T19:31:09.722+0000] {processor.py:829} INFO - Processing file /opt/airflow/dags/create_star_schema_part_2.py for tasks to queue
[2023-12-21T19:31:09.723+0000] {logging_mixin.py:154} INFO - [2023-12-21T19:31:09.722+0000] {dagbag.py:536} INFO - Filling up the DagBag from /opt/airflow/dags/create_star_schema_part_2.py
[2023-12-21T19:31:09.728+0000] {processor.py:841} WARNING - No viable dags retrieved from /opt/airflow/dags/create_star_schema_part_2.py
[2023-12-21T19:31:09.741+0000] {processor.py:179} INFO - Processing /opt/airflow/dags/create_star_schema_part_2.py took 0.023 seconds
[2023-12-21T19:31:40.214+0000] {processor.py:157} INFO - Started process (PID=535) to work on /opt/airflow/dags/create_star_schema_part_2.py
[2023-12-21T19:31:40.215+0000] {processor.py:829} INFO - Processing file /opt/airflow/dags/create_star_schema_part_2.py for tasks to queue
[2023-12-21T19:31:40.216+0000] {logging_mixin.py:154} INFO - [2023-12-21T19:31:40.216+0000] {dagbag.py:536} INFO - Filling up the DagBag from /opt/airflow/dags/create_star_schema_part_2.py
[2023-12-21T19:31:40.224+0000] {processor.py:841} WARNING - No viable dags retrieved from /opt/airflow/dags/create_star_schema_part_2.py
[2023-12-21T19:31:40.238+0000] {processor.py:179} INFO - Processing /opt/airflow/dags/create_star_schema_part_2.py took 0.028 seconds
[2023-12-21T19:32:10.663+0000] {processor.py:157} INFO - Started process (PID=568) to work on /opt/airflow/dags/create_star_schema_part_2.py
[2023-12-21T19:32:10.664+0000] {processor.py:829} INFO - Processing file /opt/airflow/dags/create_star_schema_part_2.py for tasks to queue
[2023-12-21T19:32:10.665+0000] {logging_mixin.py:154} INFO - [2023-12-21T19:32:10.665+0000] {dagbag.py:536} INFO - Filling up the DagBag from /opt/airflow/dags/create_star_schema_part_2.py
[2023-12-21T19:32:10.672+0000] {processor.py:841} WARNING - No viable dags retrieved from /opt/airflow/dags/create_star_schema_part_2.py
[2023-12-21T19:32:10.686+0000] {processor.py:179} INFO - Processing /opt/airflow/dags/create_star_schema_part_2.py took 0.027 seconds
[2023-12-21T19:32:41.033+0000] {processor.py:157} INFO - Started process (PID=601) to work on /opt/airflow/dags/create_star_schema_part_2.py
[2023-12-21T19:32:41.035+0000] {processor.py:829} INFO - Processing file /opt/airflow/dags/create_star_schema_part_2.py for tasks to queue
[2023-12-21T19:32:41.036+0000] {logging_mixin.py:154} INFO - [2023-12-21T19:32:41.035+0000] {dagbag.py:536} INFO - Filling up the DagBag from /opt/airflow/dags/create_star_schema_part_2.py
[2023-12-21T19:32:41.042+0000] {processor.py:841} WARNING - No viable dags retrieved from /opt/airflow/dags/create_star_schema_part_2.py
[2023-12-21T19:32:41.056+0000] {processor.py:179} INFO - Processing /opt/airflow/dags/create_star_schema_part_2.py took 0.027 seconds
[2023-12-21T19:33:11.466+0000] {processor.py:157} INFO - Started process (PID=634) to work on /opt/airflow/dags/create_star_schema_part_2.py
[2023-12-21T19:33:11.467+0000] {processor.py:829} INFO - Processing file /opt/airflow/dags/create_star_schema_part_2.py for tasks to queue
[2023-12-21T19:33:11.469+0000] {logging_mixin.py:154} INFO - [2023-12-21T19:33:11.468+0000] {dagbag.py:536} INFO - Filling up the DagBag from /opt/airflow/dags/create_star_schema_part_2.py
[2023-12-21T19:33:11.477+0000] {processor.py:841} WARNING - No viable dags retrieved from /opt/airflow/dags/create_star_schema_part_2.py
[2023-12-21T19:33:11.492+0000] {processor.py:179} INFO - Processing /opt/airflow/dags/create_star_schema_part_2.py took 0.031 seconds
[2023-12-21T19:33:41.853+0000] {processor.py:157} INFO - Started process (PID=679) to work on /opt/airflow/dags/create_star_schema_part_2.py
[2023-12-21T19:33:41.854+0000] {processor.py:829} INFO - Processing file /opt/airflow/dags/create_star_schema_part_2.py for tasks to queue
[2023-12-21T19:33:41.857+0000] {logging_mixin.py:154} INFO - [2023-12-21T19:33:41.856+0000] {dagbag.py:536} INFO - Filling up the DagBag from /opt/airflow/dags/create_star_schema_part_2.py
[2023-12-21T19:33:41.864+0000] {processor.py:841} WARNING - No viable dags retrieved from /opt/airflow/dags/create_star_schema_part_2.py
[2023-12-21T19:33:41.879+0000] {processor.py:179} INFO - Processing /opt/airflow/dags/create_star_schema_part_2.py took 0.030 seconds
[2023-12-21T19:34:12.204+0000] {processor.py:157} INFO - Started process (PID=712) to work on /opt/airflow/dags/create_star_schema_part_2.py
[2023-12-21T19:34:12.205+0000] {processor.py:829} INFO - Processing file /opt/airflow/dags/create_star_schema_part_2.py for tasks to queue
[2023-12-21T19:34:12.206+0000] {logging_mixin.py:154} INFO - [2023-12-21T19:34:12.206+0000] {dagbag.py:536} INFO - Filling up the DagBag from /opt/airflow/dags/create_star_schema_part_2.py
[2023-12-21T19:34:12.214+0000] {processor.py:841} WARNING - No viable dags retrieved from /opt/airflow/dags/create_star_schema_part_2.py
[2023-12-21T19:34:12.233+0000] {processor.py:179} INFO - Processing /opt/airflow/dags/create_star_schema_part_2.py took 0.033 seconds
[2023-12-21T19:34:42.634+0000] {processor.py:157} INFO - Started process (PID=760) to work on /opt/airflow/dags/create_star_schema_part_2.py
[2023-12-21T19:34:42.640+0000] {processor.py:829} INFO - Processing file /opt/airflow/dags/create_star_schema_part_2.py for tasks to queue
[2023-12-21T19:34:42.641+0000] {logging_mixin.py:154} INFO - [2023-12-21T19:34:42.641+0000] {dagbag.py:536} INFO - Filling up the DagBag from /opt/airflow/dags/create_star_schema_part_2.py
[2023-12-21T19:34:42.650+0000] {processor.py:841} WARNING - No viable dags retrieved from /opt/airflow/dags/create_star_schema_part_2.py
[2023-12-21T19:34:42.665+0000] {processor.py:179} INFO - Processing /opt/airflow/dags/create_star_schema_part_2.py took 0.035 seconds
[2023-12-21T19:35:13.090+0000] {processor.py:157} INFO - Started process (PID=793) to work on /opt/airflow/dags/create_star_schema_part_2.py
[2023-12-21T19:35:13.091+0000] {processor.py:829} INFO - Processing file /opt/airflow/dags/create_star_schema_part_2.py for tasks to queue
[2023-12-21T19:35:13.092+0000] {logging_mixin.py:154} INFO - [2023-12-21T19:35:13.092+0000] {dagbag.py:536} INFO - Filling up the DagBag from /opt/airflow/dags/create_star_schema_part_2.py
[2023-12-21T19:35:13.099+0000] {processor.py:841} WARNING - No viable dags retrieved from /opt/airflow/dags/create_star_schema_part_2.py
[2023-12-21T19:35:13.112+0000] {processor.py:179} INFO - Processing /opt/airflow/dags/create_star_schema_part_2.py took 0.026 seconds
[2023-12-21T19:35:43.489+0000] {processor.py:157} INFO - Started process (PID=838) to work on /opt/airflow/dags/create_star_schema_part_2.py
[2023-12-21T19:35:43.490+0000] {processor.py:829} INFO - Processing file /opt/airflow/dags/create_star_schema_part_2.py for tasks to queue
[2023-12-21T19:35:43.491+0000] {logging_mixin.py:154} INFO - [2023-12-21T19:35:43.490+0000] {dagbag.py:536} INFO - Filling up the DagBag from /opt/airflow/dags/create_star_schema_part_2.py
[2023-12-21T19:35:43.498+0000] {processor.py:841} WARNING - No viable dags retrieved from /opt/airflow/dags/create_star_schema_part_2.py
[2023-12-21T19:35:43.511+0000] {processor.py:179} INFO - Processing /opt/airflow/dags/create_star_schema_part_2.py took 0.026 seconds
[2023-12-21T19:36:13.917+0000] {processor.py:157} INFO - Started process (PID=871) to work on /opt/airflow/dags/create_star_schema_part_2.py
[2023-12-21T19:36:13.918+0000] {processor.py:829} INFO - Processing file /opt/airflow/dags/create_star_schema_part_2.py for tasks to queue
[2023-12-21T19:36:13.919+0000] {logging_mixin.py:154} INFO - [2023-12-21T19:36:13.919+0000] {dagbag.py:536} INFO - Filling up the DagBag from /opt/airflow/dags/create_star_schema_part_2.py
[2023-12-21T19:36:13.926+0000] {processor.py:841} WARNING - No viable dags retrieved from /opt/airflow/dags/create_star_schema_part_2.py
[2023-12-21T19:36:13.939+0000] {processor.py:179} INFO - Processing /opt/airflow/dags/create_star_schema_part_2.py took 0.026 seconds
[2023-12-21T19:36:44.301+0000] {processor.py:157} INFO - Started process (PID=916) to work on /opt/airflow/dags/create_star_schema_part_2.py
[2023-12-21T19:36:44.302+0000] {processor.py:829} INFO - Processing file /opt/airflow/dags/create_star_schema_part_2.py for tasks to queue
[2023-12-21T19:36:44.303+0000] {logging_mixin.py:154} INFO - [2023-12-21T19:36:44.303+0000] {dagbag.py:536} INFO - Filling up the DagBag from /opt/airflow/dags/create_star_schema_part_2.py
[2023-12-21T19:36:44.308+0000] {processor.py:841} WARNING - No viable dags retrieved from /opt/airflow/dags/create_star_schema_part_2.py
[2023-12-21T19:36:44.323+0000] {processor.py:179} INFO - Processing /opt/airflow/dags/create_star_schema_part_2.py took 0.024 seconds
[2023-12-21T19:37:14.734+0000] {processor.py:157} INFO - Started process (PID=949) to work on /opt/airflow/dags/create_star_schema_part_2.py
[2023-12-21T19:37:14.735+0000] {processor.py:829} INFO - Processing file /opt/airflow/dags/create_star_schema_part_2.py for tasks to queue
[2023-12-21T19:37:14.736+0000] {logging_mixin.py:154} INFO - [2023-12-21T19:37:14.736+0000] {dagbag.py:536} INFO - Filling up the DagBag from /opt/airflow/dags/create_star_schema_part_2.py
[2023-12-21T19:37:14.744+0000] {processor.py:841} WARNING - No viable dags retrieved from /opt/airflow/dags/create_star_schema_part_2.py
[2023-12-21T19:37:14.758+0000] {processor.py:179} INFO - Processing /opt/airflow/dags/create_star_schema_part_2.py took 0.029 seconds
[2023-12-21T19:37:45.158+0000] {processor.py:157} INFO - Started process (PID=982) to work on /opt/airflow/dags/create_star_schema_part_2.py
[2023-12-21T19:37:45.159+0000] {processor.py:829} INFO - Processing file /opt/airflow/dags/create_star_schema_part_2.py for tasks to queue
[2023-12-21T19:37:45.160+0000] {logging_mixin.py:154} INFO - [2023-12-21T19:37:45.160+0000] {dagbag.py:536} INFO - Filling up the DagBag from /opt/airflow/dags/create_star_schema_part_2.py
[2023-12-21T19:37:45.167+0000] {processor.py:841} WARNING - No viable dags retrieved from /opt/airflow/dags/create_star_schema_part_2.py
[2023-12-21T19:37:45.182+0000] {processor.py:179} INFO - Processing /opt/airflow/dags/create_star_schema_part_2.py took 0.029 seconds
[2023-12-21T19:38:15.797+0000] {processor.py:157} INFO - Started process (PID=1021) to work on /opt/airflow/dags/create_star_schema_part_2.py
[2023-12-21T19:38:15.798+0000] {processor.py:829} INFO - Processing file /opt/airflow/dags/create_star_schema_part_2.py for tasks to queue
[2023-12-21T19:38:15.799+0000] {logging_mixin.py:154} INFO - [2023-12-21T19:38:15.799+0000] {dagbag.py:536} INFO - Filling up the DagBag from /opt/airflow/dags/create_star_schema_part_2.py
[2023-12-21T19:38:15.807+0000] {processor.py:841} WARNING - No viable dags retrieved from /opt/airflow/dags/create_star_schema_part_2.py
[2023-12-21T19:38:15.820+0000] {processor.py:179} INFO - Processing /opt/airflow/dags/create_star_schema_part_2.py took 0.026 seconds
