[2023-12-21T19:26:05.616+0000] {processor.py:157} INFO - Started process (PID=182) to work on /opt/airflow/dags/create_star_schema_part_1.py
[2023-12-21T19:26:05.617+0000] {processor.py:829} INFO - Processing file /opt/airflow/dags/create_star_schema_part_1.py for tasks to queue
[2023-12-21T19:26:05.617+0000] {logging_mixin.py:154} INFO - [2023-12-21T19:26:05.617+0000] {dagbag.py:536} INFO - Filling up the DagBag from /opt/airflow/dags/create_star_schema_part_1.py
[2023-12-21T19:26:05.621+0000] {processor.py:841} WARNING - No viable dags retrieved from /opt/airflow/dags/create_star_schema_part_1.py
[2023-12-21T19:26:05.632+0000] {processor.py:179} INFO - Processing /opt/airflow/dags/create_star_schema_part_1.py took 0.019 seconds
[2023-12-21T19:26:35.960+0000] {processor.py:157} INFO - Started process (PID=212) to work on /opt/airflow/dags/create_star_schema_part_1.py
[2023-12-21T19:26:35.961+0000] {processor.py:829} INFO - Processing file /opt/airflow/dags/create_star_schema_part_1.py for tasks to queue
[2023-12-21T19:26:35.962+0000] {logging_mixin.py:154} INFO - [2023-12-21T19:26:35.962+0000] {dagbag.py:536} INFO - Filling up the DagBag from /opt/airflow/dags/create_star_schema_part_1.py
[2023-12-21T19:26:35.966+0000] {processor.py:841} WARNING - No viable dags retrieved from /opt/airflow/dags/create_star_schema_part_1.py
[2023-12-21T19:26:35.975+0000] {processor.py:179} INFO - Processing /opt/airflow/dags/create_star_schema_part_1.py took 0.017 seconds
[2023-12-21T19:27:06.380+0000] {processor.py:157} INFO - Started process (PID=245) to work on /opt/airflow/dags/create_star_schema_part_1.py
[2023-12-21T19:27:06.381+0000] {processor.py:829} INFO - Processing file /opt/airflow/dags/create_star_schema_part_1.py for tasks to queue
[2023-12-21T19:27:06.381+0000] {logging_mixin.py:154} INFO - [2023-12-21T19:27:06.381+0000] {dagbag.py:536} INFO - Filling up the DagBag from /opt/airflow/dags/create_star_schema_part_1.py
[2023-12-21T19:27:06.385+0000] {processor.py:841} WARNING - No viable dags retrieved from /opt/airflow/dags/create_star_schema_part_1.py
[2023-12-21T19:27:06.395+0000] {processor.py:179} INFO - Processing /opt/airflow/dags/create_star_schema_part_1.py took 0.017 seconds
[2023-12-21T19:27:36.809+0000] {processor.py:157} INFO - Started process (PID=278) to work on /opt/airflow/dags/create_star_schema_part_1.py
[2023-12-21T19:27:36.809+0000] {processor.py:829} INFO - Processing file /opt/airflow/dags/create_star_schema_part_1.py for tasks to queue
[2023-12-21T19:27:36.810+0000] {logging_mixin.py:154} INFO - [2023-12-21T19:27:36.810+0000] {dagbag.py:536} INFO - Filling up the DagBag from /opt/airflow/dags/create_star_schema_part_1.py
[2023-12-21T19:27:36.814+0000] {processor.py:841} WARNING - No viable dags retrieved from /opt/airflow/dags/create_star_schema_part_1.py
[2023-12-21T19:27:36.824+0000] {processor.py:179} INFO - Processing /opt/airflow/dags/create_star_schema_part_1.py took 0.018 seconds
[2023-12-21T19:28:07.232+0000] {processor.py:157} INFO - Started process (PID=311) to work on /opt/airflow/dags/create_star_schema_part_1.py
[2023-12-21T19:28:07.233+0000] {processor.py:829} INFO - Processing file /opt/airflow/dags/create_star_schema_part_1.py for tasks to queue
[2023-12-21T19:28:07.233+0000] {logging_mixin.py:154} INFO - [2023-12-21T19:28:07.233+0000] {dagbag.py:536} INFO - Filling up the DagBag from /opt/airflow/dags/create_star_schema_part_1.py
[2023-12-21T19:28:07.237+0000] {processor.py:841} WARNING - No viable dags retrieved from /opt/airflow/dags/create_star_schema_part_1.py
[2023-12-21T19:28:07.247+0000] {processor.py:179} INFO - Processing /opt/airflow/dags/create_star_schema_part_1.py took 0.017 seconds
[2023-12-21T19:28:37.667+0000] {processor.py:157} INFO - Started process (PID=344) to work on /opt/airflow/dags/create_star_schema_part_1.py
[2023-12-21T19:28:37.668+0000] {processor.py:829} INFO - Processing file /opt/airflow/dags/create_star_schema_part_1.py for tasks to queue
[2023-12-21T19:28:37.668+0000] {logging_mixin.py:154} INFO - [2023-12-21T19:28:37.668+0000] {dagbag.py:536} INFO - Filling up the DagBag from /opt/airflow/dags/create_star_schema_part_1.py
[2023-12-21T19:28:37.672+0000] {processor.py:841} WARNING - No viable dags retrieved from /opt/airflow/dags/create_star_schema_part_1.py
[2023-12-21T19:28:37.682+0000] {processor.py:179} INFO - Processing /opt/airflow/dags/create_star_schema_part_1.py took 0.017 seconds
[2023-12-21T19:29:08.095+0000] {processor.py:157} INFO - Started process (PID=377) to work on /opt/airflow/dags/create_star_schema_part_1.py
[2023-12-21T19:29:08.095+0000] {processor.py:829} INFO - Processing file /opt/airflow/dags/create_star_schema_part_1.py for tasks to queue
[2023-12-21T19:29:08.096+0000] {logging_mixin.py:154} INFO - [2023-12-21T19:29:08.096+0000] {dagbag.py:536} INFO - Filling up the DagBag from /opt/airflow/dags/create_star_schema_part_1.py
[2023-12-21T19:29:08.100+0000] {processor.py:841} WARNING - No viable dags retrieved from /opt/airflow/dags/create_star_schema_part_1.py
[2023-12-21T19:29:08.110+0000] {processor.py:179} INFO - Processing /opt/airflow/dags/create_star_schema_part_1.py took 0.017 seconds
[2023-12-21T19:29:38.483+0000] {processor.py:157} INFO - Started process (PID=410) to work on /opt/airflow/dags/create_star_schema_part_1.py
[2023-12-21T19:29:38.484+0000] {processor.py:829} INFO - Processing file /opt/airflow/dags/create_star_schema_part_1.py for tasks to queue
[2023-12-21T19:29:38.485+0000] {logging_mixin.py:154} INFO - [2023-12-21T19:29:38.484+0000] {dagbag.py:536} INFO - Filling up the DagBag from /opt/airflow/dags/create_star_schema_part_1.py
[2023-12-21T19:29:38.489+0000] {processor.py:841} WARNING - No viable dags retrieved from /opt/airflow/dags/create_star_schema_part_1.py
[2023-12-21T19:29:38.499+0000] {processor.py:179} INFO - Processing /opt/airflow/dags/create_star_schema_part_1.py took 0.018 seconds
[2023-12-21T19:30:08.872+0000] {processor.py:157} INFO - Started process (PID=443) to work on /opt/airflow/dags/create_star_schema_part_1.py
[2023-12-21T19:30:08.873+0000] {processor.py:829} INFO - Processing file /opt/airflow/dags/create_star_schema_part_1.py for tasks to queue
[2023-12-21T19:30:08.873+0000] {logging_mixin.py:154} INFO - [2023-12-21T19:30:08.873+0000] {dagbag.py:536} INFO - Filling up the DagBag from /opt/airflow/dags/create_star_schema_part_1.py
[2023-12-21T19:30:08.877+0000] {processor.py:841} WARNING - No viable dags retrieved from /opt/airflow/dags/create_star_schema_part_1.py
[2023-12-21T19:30:08.887+0000] {processor.py:179} INFO - Processing /opt/airflow/dags/create_star_schema_part_1.py took 0.017 seconds
[2023-12-21T19:30:39.289+0000] {processor.py:157} INFO - Started process (PID=476) to work on /opt/airflow/dags/create_star_schema_part_1.py
[2023-12-21T19:30:39.290+0000] {processor.py:829} INFO - Processing file /opt/airflow/dags/create_star_schema_part_1.py for tasks to queue
[2023-12-21T19:30:39.291+0000] {logging_mixin.py:154} INFO - [2023-12-21T19:30:39.290+0000] {dagbag.py:536} INFO - Filling up the DagBag from /opt/airflow/dags/create_star_schema_part_1.py
[2023-12-21T19:30:39.295+0000] {processor.py:841} WARNING - No viable dags retrieved from /opt/airflow/dags/create_star_schema_part_1.py
[2023-12-21T19:30:39.306+0000] {processor.py:179} INFO - Processing /opt/airflow/dags/create_star_schema_part_1.py took 0.019 seconds
[2023-12-21T19:31:09.753+0000] {processor.py:157} INFO - Started process (PID=509) to work on /opt/airflow/dags/create_star_schema_part_1.py
[2023-12-21T19:31:09.754+0000] {processor.py:829} INFO - Processing file /opt/airflow/dags/create_star_schema_part_1.py for tasks to queue
[2023-12-21T19:31:09.754+0000] {logging_mixin.py:154} INFO - [2023-12-21T19:31:09.754+0000] {dagbag.py:536} INFO - Filling up the DagBag from /opt/airflow/dags/create_star_schema_part_1.py
[2023-12-21T19:31:09.758+0000] {processor.py:841} WARNING - No viable dags retrieved from /opt/airflow/dags/create_star_schema_part_1.py
[2023-12-21T19:31:09.767+0000] {processor.py:179} INFO - Processing /opt/airflow/dags/create_star_schema_part_1.py took 0.016 seconds
[2023-12-21T19:31:40.251+0000] {processor.py:157} INFO - Started process (PID=542) to work on /opt/airflow/dags/create_star_schema_part_1.py
[2023-12-21T19:31:40.251+0000] {processor.py:829} INFO - Processing file /opt/airflow/dags/create_star_schema_part_1.py for tasks to queue
[2023-12-21T19:31:40.252+0000] {logging_mixin.py:154} INFO - [2023-12-21T19:31:40.252+0000] {dagbag.py:536} INFO - Filling up the DagBag from /opt/airflow/dags/create_star_schema_part_1.py
[2023-12-21T19:31:40.256+0000] {processor.py:841} WARNING - No viable dags retrieved from /opt/airflow/dags/create_star_schema_part_1.py
[2023-12-21T19:31:40.266+0000] {processor.py:179} INFO - Processing /opt/airflow/dags/create_star_schema_part_1.py took 0.017 seconds
[2023-12-21T19:32:10.699+0000] {processor.py:157} INFO - Started process (PID=575) to work on /opt/airflow/dags/create_star_schema_part_1.py
[2023-12-21T19:32:10.700+0000] {processor.py:829} INFO - Processing file /opt/airflow/dags/create_star_schema_part_1.py for tasks to queue
[2023-12-21T19:32:10.701+0000] {logging_mixin.py:154} INFO - [2023-12-21T19:32:10.700+0000] {dagbag.py:536} INFO - Filling up the DagBag from /opt/airflow/dags/create_star_schema_part_1.py
[2023-12-21T19:32:10.705+0000] {processor.py:841} WARNING - No viable dags retrieved from /opt/airflow/dags/create_star_schema_part_1.py
[2023-12-21T19:32:10.714+0000] {processor.py:179} INFO - Processing /opt/airflow/dags/create_star_schema_part_1.py took 0.017 seconds
[2023-12-21T19:32:41.068+0000] {processor.py:157} INFO - Started process (PID=608) to work on /opt/airflow/dags/create_star_schema_part_1.py
[2023-12-21T19:32:41.069+0000] {processor.py:829} INFO - Processing file /opt/airflow/dags/create_star_schema_part_1.py for tasks to queue
[2023-12-21T19:32:41.069+0000] {logging_mixin.py:154} INFO - [2023-12-21T19:32:41.069+0000] {dagbag.py:536} INFO - Filling up the DagBag from /opt/airflow/dags/create_star_schema_part_1.py
[2023-12-21T19:32:41.073+0000] {processor.py:841} WARNING - No viable dags retrieved from /opt/airflow/dags/create_star_schema_part_1.py
[2023-12-21T19:32:41.083+0000] {processor.py:179} INFO - Processing /opt/airflow/dags/create_star_schema_part_1.py took 0.017 seconds
[2023-12-21T19:33:11.504+0000] {processor.py:157} INFO - Started process (PID=641) to work on /opt/airflow/dags/create_star_schema_part_1.py
[2023-12-21T19:33:11.505+0000] {processor.py:829} INFO - Processing file /opt/airflow/dags/create_star_schema_part_1.py for tasks to queue
[2023-12-21T19:33:11.506+0000] {logging_mixin.py:154} INFO - [2023-12-21T19:33:11.505+0000] {dagbag.py:536} INFO - Filling up the DagBag from /opt/airflow/dags/create_star_schema_part_1.py
[2023-12-21T19:33:11.510+0000] {processor.py:841} WARNING - No viable dags retrieved from /opt/airflow/dags/create_star_schema_part_1.py
[2023-12-21T19:33:11.520+0000] {processor.py:179} INFO - Processing /opt/airflow/dags/create_star_schema_part_1.py took 0.017 seconds
[2023-12-21T19:33:41.891+0000] {processor.py:157} INFO - Started process (PID=686) to work on /opt/airflow/dags/create_star_schema_part_1.py
[2023-12-21T19:33:41.892+0000] {processor.py:829} INFO - Processing file /opt/airflow/dags/create_star_schema_part_1.py for tasks to queue
[2023-12-21T19:33:41.892+0000] {logging_mixin.py:154} INFO - [2023-12-21T19:33:41.892+0000] {dagbag.py:536} INFO - Filling up the DagBag from /opt/airflow/dags/create_star_schema_part_1.py
[2023-12-21T19:33:41.895+0000] {processor.py:841} WARNING - No viable dags retrieved from /opt/airflow/dags/create_star_schema_part_1.py
[2023-12-21T19:33:41.905+0000] {processor.py:179} INFO - Processing /opt/airflow/dags/create_star_schema_part_1.py took 0.016 seconds
[2023-12-21T19:34:12.247+0000] {processor.py:157} INFO - Started process (PID=719) to work on /opt/airflow/dags/create_star_schema_part_1.py
[2023-12-21T19:34:12.248+0000] {processor.py:829} INFO - Processing file /opt/airflow/dags/create_star_schema_part_1.py for tasks to queue
[2023-12-21T19:34:12.249+0000] {logging_mixin.py:154} INFO - [2023-12-21T19:34:12.249+0000] {dagbag.py:536} INFO - Filling up the DagBag from /opt/airflow/dags/create_star_schema_part_1.py
[2023-12-21T19:34:12.256+0000] {processor.py:841} WARNING - No viable dags retrieved from /opt/airflow/dags/create_star_schema_part_1.py
[2023-12-21T19:34:12.266+0000] {processor.py:179} INFO - Processing /opt/airflow/dags/create_star_schema_part_1.py took 0.022 seconds
[2023-12-21T19:34:42.686+0000] {processor.py:157} INFO - Started process (PID=767) to work on /opt/airflow/dags/create_star_schema_part_1.py
[2023-12-21T19:34:42.687+0000] {processor.py:829} INFO - Processing file /opt/airflow/dags/create_star_schema_part_1.py for tasks to queue
[2023-12-21T19:34:42.687+0000] {logging_mixin.py:154} INFO - [2023-12-21T19:34:42.687+0000] {dagbag.py:536} INFO - Filling up the DagBag from /opt/airflow/dags/create_star_schema_part_1.py
[2023-12-21T19:34:42.692+0000] {processor.py:841} WARNING - No viable dags retrieved from /opt/airflow/dags/create_star_schema_part_1.py
[2023-12-21T19:34:42.702+0000] {processor.py:179} INFO - Processing /opt/airflow/dags/create_star_schema_part_1.py took 0.019 seconds
[2023-12-21T19:35:13.124+0000] {processor.py:157} INFO - Started process (PID=800) to work on /opt/airflow/dags/create_star_schema_part_1.py
[2023-12-21T19:35:13.125+0000] {processor.py:829} INFO - Processing file /opt/airflow/dags/create_star_schema_part_1.py for tasks to queue
[2023-12-21T19:35:13.126+0000] {logging_mixin.py:154} INFO - [2023-12-21T19:35:13.126+0000] {dagbag.py:536} INFO - Filling up the DagBag from /opt/airflow/dags/create_star_schema_part_1.py
[2023-12-21T19:35:13.130+0000] {processor.py:841} WARNING - No viable dags retrieved from /opt/airflow/dags/create_star_schema_part_1.py
[2023-12-21T19:35:13.139+0000] {processor.py:179} INFO - Processing /opt/airflow/dags/create_star_schema_part_1.py took 0.017 seconds
[2023-12-21T19:35:43.524+0000] {processor.py:157} INFO - Started process (PID=845) to work on /opt/airflow/dags/create_star_schema_part_1.py
[2023-12-21T19:35:43.524+0000] {processor.py:829} INFO - Processing file /opt/airflow/dags/create_star_schema_part_1.py for tasks to queue
[2023-12-21T19:35:43.525+0000] {logging_mixin.py:154} INFO - [2023-12-21T19:35:43.525+0000] {dagbag.py:536} INFO - Filling up the DagBag from /opt/airflow/dags/create_star_schema_part_1.py
[2023-12-21T19:35:43.529+0000] {processor.py:841} WARNING - No viable dags retrieved from /opt/airflow/dags/create_star_schema_part_1.py
[2023-12-21T19:35:43.539+0000] {processor.py:179} INFO - Processing /opt/airflow/dags/create_star_schema_part_1.py took 0.017 seconds
[2023-12-21T19:36:13.952+0000] {processor.py:157} INFO - Started process (PID=878) to work on /opt/airflow/dags/create_star_schema_part_1.py
[2023-12-21T19:36:13.953+0000] {processor.py:829} INFO - Processing file /opt/airflow/dags/create_star_schema_part_1.py for tasks to queue
[2023-12-21T19:36:13.953+0000] {logging_mixin.py:154} INFO - [2023-12-21T19:36:13.953+0000] {dagbag.py:536} INFO - Filling up the DagBag from /opt/airflow/dags/create_star_schema_part_1.py
[2023-12-21T19:36:13.957+0000] {processor.py:841} WARNING - No viable dags retrieved from /opt/airflow/dags/create_star_schema_part_1.py
[2023-12-21T19:36:13.967+0000] {processor.py:179} INFO - Processing /opt/airflow/dags/create_star_schema_part_1.py took 0.017 seconds
[2023-12-21T19:36:44.338+0000] {processor.py:157} INFO - Started process (PID=923) to work on /opt/airflow/dags/create_star_schema_part_1.py
[2023-12-21T19:36:44.339+0000] {processor.py:829} INFO - Processing file /opt/airflow/dags/create_star_schema_part_1.py for tasks to queue
[2023-12-21T19:36:44.339+0000] {logging_mixin.py:154} INFO - [2023-12-21T19:36:44.339+0000] {dagbag.py:536} INFO - Filling up the DagBag from /opt/airflow/dags/create_star_schema_part_1.py
[2023-12-21T19:36:44.343+0000] {processor.py:841} WARNING - No viable dags retrieved from /opt/airflow/dags/create_star_schema_part_1.py
[2023-12-21T19:36:44.356+0000] {processor.py:179} INFO - Processing /opt/airflow/dags/create_star_schema_part_1.py took 0.021 seconds
[2023-12-21T19:37:14.770+0000] {processor.py:157} INFO - Started process (PID=956) to work on /opt/airflow/dags/create_star_schema_part_1.py
[2023-12-21T19:37:14.771+0000] {processor.py:829} INFO - Processing file /opt/airflow/dags/create_star_schema_part_1.py for tasks to queue
[2023-12-21T19:37:14.771+0000] {logging_mixin.py:154} INFO - [2023-12-21T19:37:14.771+0000] {dagbag.py:536} INFO - Filling up the DagBag from /opt/airflow/dags/create_star_schema_part_1.py
[2023-12-21T19:37:14.775+0000] {processor.py:841} WARNING - No viable dags retrieved from /opt/airflow/dags/create_star_schema_part_1.py
[2023-12-21T19:37:14.785+0000] {processor.py:179} INFO - Processing /opt/airflow/dags/create_star_schema_part_1.py took 0.017 seconds
[2023-12-21T19:37:45.195+0000] {processor.py:157} INFO - Started process (PID=989) to work on /opt/airflow/dags/create_star_schema_part_1.py
[2023-12-21T19:37:45.196+0000] {processor.py:829} INFO - Processing file /opt/airflow/dags/create_star_schema_part_1.py for tasks to queue
[2023-12-21T19:37:45.196+0000] {logging_mixin.py:154} INFO - [2023-12-21T19:37:45.196+0000] {dagbag.py:536} INFO - Filling up the DagBag from /opt/airflow/dags/create_star_schema_part_1.py
[2023-12-21T19:37:45.200+0000] {processor.py:841} WARNING - No viable dags retrieved from /opt/airflow/dags/create_star_schema_part_1.py
[2023-12-21T19:37:45.210+0000] {processor.py:179} INFO - Processing /opt/airflow/dags/create_star_schema_part_1.py took 0.017 seconds
[2023-12-21T19:38:15.831+0000] {processor.py:157} INFO - Started process (PID=1028) to work on /opt/airflow/dags/create_star_schema_part_1.py
[2023-12-21T19:38:15.832+0000] {processor.py:829} INFO - Processing file /opt/airflow/dags/create_star_schema_part_1.py for tasks to queue
[2023-12-21T19:38:15.832+0000] {logging_mixin.py:154} INFO - [2023-12-21T19:38:15.832+0000] {dagbag.py:536} INFO - Filling up the DagBag from /opt/airflow/dags/create_star_schema_part_1.py
[2023-12-21T19:38:15.837+0000] {processor.py:841} WARNING - No viable dags retrieved from /opt/airflow/dags/create_star_schema_part_1.py
[2023-12-21T19:38:15.845+0000] {processor.py:179} INFO - Processing /opt/airflow/dags/create_star_schema_part_1.py took 0.016 seconds
