[2023-12-21T19:26:05.526+0000] {processor.py:157} INFO - Started process (PID=169) to work on /opt/airflow/dags/med_insurance_prem_pred.py
[2023-12-21T19:26:05.527+0000] {processor.py:829} INFO - Processing file /opt/airflow/dags/med_insurance_prem_pred.py for tasks to queue
[2023-12-21T19:26:05.528+0000] {logging_mixin.py:154} INFO - [2023-12-21T19:26:05.528+0000] {dagbag.py:536} INFO - Filling up the DagBag from /opt/airflow/dags/med_insurance_prem_pred.py
[2023-12-21T19:26:06.457+0000] {processor.py:839} INFO - DAG(s) dict_keys(['med_ins_prem_pred-v01.remove_samples_with_outliers', 'med_ins_prem_pred-v01.create_dim_tables', 'med_ins_prem_pred-v01.insert_fk_into_fact_table', 'med_ins_prem_pred-v01.remove_replaced_dim_cols', 'med_ins_prem_pred-v01']) retrieved from /opt/airflow/dags/med_insurance_prem_pred.py
[2023-12-21T19:26:06.567+0000] {logging_mixin.py:154} INFO - [2023-12-21T19:26:06.567+0000] {manager.py:499} INFO - Created Permission View: %s
[2023-12-21T19:26:06.571+0000] {logging_mixin.py:154} INFO - [2023-12-21T19:26:06.571+0000] {manager.py:499} INFO - Created Permission View: %s
[2023-12-21T19:26:06.574+0000] {logging_mixin.py:154} INFO - [2023-12-21T19:26:06.574+0000] {manager.py:499} INFO - Created Permission View: %s
[2023-12-21T19:26:06.574+0000] {logging_mixin.py:154} INFO - [2023-12-21T19:26:06.574+0000] {dag.py:2941} INFO - Sync 5 DAGs
[2023-12-21T19:26:06.581+0000] {logging_mixin.py:154} INFO - [2023-12-21T19:26:06.580+0000] {dag.py:2963} INFO - Creating ORM DAG for med_ins_prem_pred-v01.insert_fk_into_fact_table
[2023-12-21T19:26:06.581+0000] {logging_mixin.py:154} INFO - [2023-12-21T19:26:06.581+0000] {dag.py:2963} INFO - Creating ORM DAG for med_ins_prem_pred-v01.remove_samples_with_outliers
[2023-12-21T19:26:06.581+0000] {logging_mixin.py:154} INFO - [2023-12-21T19:26:06.581+0000] {dag.py:2963} INFO - Creating ORM DAG for med_ins_prem_pred-v01.remove_replaced_dim_cols
[2023-12-21T19:26:06.581+0000] {logging_mixin.py:154} INFO - [2023-12-21T19:26:06.581+0000] {dag.py:2963} INFO - Creating ORM DAG for med_ins_prem_pred-v01
[2023-12-21T19:26:06.582+0000] {logging_mixin.py:154} INFO - [2023-12-21T19:26:06.582+0000] {dag.py:2963} INFO - Creating ORM DAG for med_ins_prem_pred-v01.create_dim_tables
[2023-12-21T19:26:06.586+0000] {logging_mixin.py:154} INFO - [2023-12-21T19:26:06.586+0000] {dag.py:3722} INFO - Setting next_dagrun for med_ins_prem_pred-v01 to 2023-12-01T00:00:00+00:00, run_after=2023-12-01T00:00:00+00:00
[2023-12-21T19:26:06.587+0000] {logging_mixin.py:154} INFO - [2023-12-21T19:26:06.587+0000] {dag.py:3722} INFO - Setting next_dagrun for med_ins_prem_pred-v01.create_dim_tables to None, run_after=None
[2023-12-21T19:26:06.587+0000] {logging_mixin.py:154} INFO - [2023-12-21T19:26:06.587+0000] {dag.py:3722} INFO - Setting next_dagrun for med_ins_prem_pred-v01.insert_fk_into_fact_table to None, run_after=None
[2023-12-21T19:26:06.587+0000] {logging_mixin.py:154} INFO - [2023-12-21T19:26:06.587+0000] {dag.py:3722} INFO - Setting next_dagrun for med_ins_prem_pred-v01.remove_replaced_dim_cols to None, run_after=None
[2023-12-21T19:26:06.587+0000] {logging_mixin.py:154} INFO - [2023-12-21T19:26:06.587+0000] {dag.py:3722} INFO - Setting next_dagrun for med_ins_prem_pred-v01.remove_samples_with_outliers to None, run_after=None
[2023-12-21T19:26:06.594+0000] {logging_mixin.py:154} INFO - [2023-12-21T19:26:06.594+0000] {dag.py:2941} INFO - Sync 4 DAGs
[2023-12-21T19:26:06.597+0000] {logging_mixin.py:154} INFO - [2023-12-21T19:26:06.597+0000] {dag.py:3722} INFO - Setting next_dagrun for med_ins_prem_pred-v01.create_dim_tables to None, run_after=None
[2023-12-21T19:26:06.598+0000] {logging_mixin.py:154} INFO - [2023-12-21T19:26:06.598+0000] {dag.py:3722} INFO - Setting next_dagrun for med_ins_prem_pred-v01.insert_fk_into_fact_table to None, run_after=None
[2023-12-21T19:26:06.598+0000] {logging_mixin.py:154} INFO - [2023-12-21T19:26:06.598+0000] {dag.py:3722} INFO - Setting next_dagrun for med_ins_prem_pred-v01.remove_replaced_dim_cols to None, run_after=None
[2023-12-21T19:26:06.599+0000] {logging_mixin.py:154} INFO - [2023-12-21T19:26:06.599+0000] {dag.py:3722} INFO - Setting next_dagrun for med_ins_prem_pred-v01.remove_samples_with_outliers to None, run_after=None
[2023-12-21T19:26:06.605+0000] {processor.py:179} INFO - Processing /opt/airflow/dags/med_insurance_prem_pred.py took 1.082 seconds
[2023-12-21T19:26:37.028+0000] {processor.py:157} INFO - Started process (PID=222) to work on /opt/airflow/dags/med_insurance_prem_pred.py
[2023-12-21T19:26:37.029+0000] {processor.py:829} INFO - Processing file /opt/airflow/dags/med_insurance_prem_pred.py for tasks to queue
[2023-12-21T19:26:37.030+0000] {logging_mixin.py:154} INFO - [2023-12-21T19:26:37.030+0000] {dagbag.py:536} INFO - Filling up the DagBag from /opt/airflow/dags/med_insurance_prem_pred.py
[2023-12-21T19:26:37.284+0000] {processor.py:839} INFO - DAG(s) dict_keys(['med_ins_prem_pred-v01.remove_samples_with_outliers', 'med_ins_prem_pred-v01.create_dim_tables', 'med_ins_prem_pred-v01.insert_fk_into_fact_table', 'med_ins_prem_pred-v01.remove_replaced_dim_cols', 'med_ins_prem_pred-v01']) retrieved from /opt/airflow/dags/med_insurance_prem_pred.py
[2023-12-21T19:26:37.305+0000] {logging_mixin.py:154} INFO - [2023-12-21T19:26:37.305+0000] {dag.py:2941} INFO - Sync 5 DAGs
[2023-12-21T19:26:37.314+0000] {logging_mixin.py:154} INFO - [2023-12-21T19:26:37.314+0000] {dag.py:3722} INFO - Setting next_dagrun for med_ins_prem_pred-v01 to 2023-12-01T00:00:00+00:00, run_after=2023-12-01T00:00:00+00:00
[2023-12-21T19:26:37.316+0000] {logging_mixin.py:154} INFO - [2023-12-21T19:26:37.316+0000] {dag.py:3722} INFO - Setting next_dagrun for med_ins_prem_pred-v01.create_dim_tables to None, run_after=None
[2023-12-21T19:26:37.317+0000] {logging_mixin.py:154} INFO - [2023-12-21T19:26:37.317+0000] {dag.py:3722} INFO - Setting next_dagrun for med_ins_prem_pred-v01.insert_fk_into_fact_table to None, run_after=None
[2023-12-21T19:26:37.317+0000] {logging_mixin.py:154} INFO - [2023-12-21T19:26:37.317+0000] {dag.py:3722} INFO - Setting next_dagrun for med_ins_prem_pred-v01.remove_replaced_dim_cols to None, run_after=None
[2023-12-21T19:26:37.318+0000] {logging_mixin.py:154} INFO - [2023-12-21T19:26:37.318+0000] {dag.py:3722} INFO - Setting next_dagrun for med_ins_prem_pred-v01.remove_samples_with_outliers to None, run_after=None
[2023-12-21T19:26:37.322+0000] {logging_mixin.py:154} INFO - [2023-12-21T19:26:37.322+0000] {dag.py:2941} INFO - Sync 4 DAGs
[2023-12-21T19:26:37.324+0000] {logging_mixin.py:154} INFO - [2023-12-21T19:26:37.324+0000] {dag.py:3722} INFO - Setting next_dagrun for med_ins_prem_pred-v01.create_dim_tables to None, run_after=None
[2023-12-21T19:26:37.324+0000] {logging_mixin.py:154} INFO - [2023-12-21T19:26:37.324+0000] {dag.py:3722} INFO - Setting next_dagrun for med_ins_prem_pred-v01.insert_fk_into_fact_table to None, run_after=None
[2023-12-21T19:26:37.325+0000] {logging_mixin.py:154} INFO - [2023-12-21T19:26:37.325+0000] {dag.py:3722} INFO - Setting next_dagrun for med_ins_prem_pred-v01.remove_replaced_dim_cols to None, run_after=None
[2023-12-21T19:26:37.325+0000] {logging_mixin.py:154} INFO - [2023-12-21T19:26:37.325+0000] {dag.py:3722} INFO - Setting next_dagrun for med_ins_prem_pred-v01.remove_samples_with_outliers to None, run_after=None
[2023-12-21T19:26:37.330+0000] {processor.py:179} INFO - Processing /opt/airflow/dags/med_insurance_prem_pred.py took 0.306 seconds
[2023-12-21T19:27:07.445+0000] {processor.py:157} INFO - Started process (PID=255) to work on /opt/airflow/dags/med_insurance_prem_pred.py
[2023-12-21T19:27:07.446+0000] {processor.py:829} INFO - Processing file /opt/airflow/dags/med_insurance_prem_pred.py for tasks to queue
[2023-12-21T19:27:07.447+0000] {logging_mixin.py:154} INFO - [2023-12-21T19:27:07.447+0000] {dagbag.py:536} INFO - Filling up the DagBag from /opt/airflow/dags/med_insurance_prem_pred.py
[2023-12-21T19:27:07.697+0000] {processor.py:839} INFO - DAG(s) dict_keys(['med_ins_prem_pred-v01.remove_samples_with_outliers', 'med_ins_prem_pred-v01.create_dim_tables', 'med_ins_prem_pred-v01.insert_fk_into_fact_table', 'med_ins_prem_pred-v01.remove_replaced_dim_cols', 'med_ins_prem_pred-v01']) retrieved from /opt/airflow/dags/med_insurance_prem_pred.py
[2023-12-21T19:27:07.718+0000] {logging_mixin.py:154} INFO - [2023-12-21T19:27:07.718+0000] {dag.py:2941} INFO - Sync 5 DAGs
[2023-12-21T19:27:07.728+0000] {logging_mixin.py:154} INFO - [2023-12-21T19:27:07.728+0000] {dag.py:3722} INFO - Setting next_dagrun for med_ins_prem_pred-v01 to 2023-12-01T00:00:00+00:00, run_after=2023-12-01T00:00:00+00:00
[2023-12-21T19:27:07.730+0000] {logging_mixin.py:154} INFO - [2023-12-21T19:27:07.729+0000] {dag.py:3722} INFO - Setting next_dagrun for med_ins_prem_pred-v01.create_dim_tables to None, run_after=None
[2023-12-21T19:27:07.730+0000] {logging_mixin.py:154} INFO - [2023-12-21T19:27:07.730+0000] {dag.py:3722} INFO - Setting next_dagrun for med_ins_prem_pred-v01.insert_fk_into_fact_table to None, run_after=None
[2023-12-21T19:27:07.731+0000] {logging_mixin.py:154} INFO - [2023-12-21T19:27:07.731+0000] {dag.py:3722} INFO - Setting next_dagrun for med_ins_prem_pred-v01.remove_replaced_dim_cols to None, run_after=None
[2023-12-21T19:27:07.731+0000] {logging_mixin.py:154} INFO - [2023-12-21T19:27:07.731+0000] {dag.py:3722} INFO - Setting next_dagrun for med_ins_prem_pred-v01.remove_samples_with_outliers to None, run_after=None
[2023-12-21T19:27:07.735+0000] {logging_mixin.py:154} INFO - [2023-12-21T19:27:07.735+0000] {dag.py:2941} INFO - Sync 4 DAGs
[2023-12-21T19:27:07.737+0000] {logging_mixin.py:154} INFO - [2023-12-21T19:27:07.737+0000] {dag.py:3722} INFO - Setting next_dagrun for med_ins_prem_pred-v01.create_dim_tables to None, run_after=None
[2023-12-21T19:27:07.737+0000] {logging_mixin.py:154} INFO - [2023-12-21T19:27:07.737+0000] {dag.py:3722} INFO - Setting next_dagrun for med_ins_prem_pred-v01.insert_fk_into_fact_table to None, run_after=None
[2023-12-21T19:27:07.738+0000] {logging_mixin.py:154} INFO - [2023-12-21T19:27:07.738+0000] {dag.py:3722} INFO - Setting next_dagrun for med_ins_prem_pred-v01.remove_replaced_dim_cols to None, run_after=None
[2023-12-21T19:27:07.738+0000] {logging_mixin.py:154} INFO - [2023-12-21T19:27:07.738+0000] {dag.py:3722} INFO - Setting next_dagrun for med_ins_prem_pred-v01.remove_samples_with_outliers to None, run_after=None
[2023-12-21T19:27:07.742+0000] {processor.py:179} INFO - Processing /opt/airflow/dags/med_insurance_prem_pred.py took 0.302 seconds
[2023-12-21T19:27:37.875+0000] {processor.py:157} INFO - Started process (PID=288) to work on /opt/airflow/dags/med_insurance_prem_pred.py
[2023-12-21T19:27:37.876+0000] {processor.py:829} INFO - Processing file /opt/airflow/dags/med_insurance_prem_pred.py for tasks to queue
[2023-12-21T19:27:37.877+0000] {logging_mixin.py:154} INFO - [2023-12-21T19:27:37.877+0000] {dagbag.py:536} INFO - Filling up the DagBag from /opt/airflow/dags/med_insurance_prem_pred.py
[2023-12-21T19:27:38.121+0000] {processor.py:839} INFO - DAG(s) dict_keys(['med_ins_prem_pred-v01.remove_samples_with_outliers', 'med_ins_prem_pred-v01.create_dim_tables', 'med_ins_prem_pred-v01.insert_fk_into_fact_table', 'med_ins_prem_pred-v01.remove_replaced_dim_cols', 'med_ins_prem_pred-v01']) retrieved from /opt/airflow/dags/med_insurance_prem_pred.py
[2023-12-21T19:27:38.142+0000] {logging_mixin.py:154} INFO - [2023-12-21T19:27:38.142+0000] {dag.py:2941} INFO - Sync 5 DAGs
[2023-12-21T19:27:38.152+0000] {logging_mixin.py:154} INFO - [2023-12-21T19:27:38.152+0000] {dag.py:3722} INFO - Setting next_dagrun for med_ins_prem_pred-v01 to 2023-12-01T00:00:00+00:00, run_after=2023-12-01T00:00:00+00:00
[2023-12-21T19:27:38.154+0000] {logging_mixin.py:154} INFO - [2023-12-21T19:27:38.153+0000] {dag.py:3722} INFO - Setting next_dagrun for med_ins_prem_pred-v01.create_dim_tables to None, run_after=None
[2023-12-21T19:27:38.154+0000] {logging_mixin.py:154} INFO - [2023-12-21T19:27:38.154+0000] {dag.py:3722} INFO - Setting next_dagrun for med_ins_prem_pred-v01.insert_fk_into_fact_table to None, run_after=None
[2023-12-21T19:27:38.155+0000] {logging_mixin.py:154} INFO - [2023-12-21T19:27:38.155+0000] {dag.py:3722} INFO - Setting next_dagrun for med_ins_prem_pred-v01.remove_replaced_dim_cols to None, run_after=None
[2023-12-21T19:27:38.155+0000] {logging_mixin.py:154} INFO - [2023-12-21T19:27:38.155+0000] {dag.py:3722} INFO - Setting next_dagrun for med_ins_prem_pred-v01.remove_samples_with_outliers to None, run_after=None
[2023-12-21T19:27:38.159+0000] {logging_mixin.py:154} INFO - [2023-12-21T19:27:38.159+0000] {dag.py:2941} INFO - Sync 4 DAGs
[2023-12-21T19:27:38.161+0000] {logging_mixin.py:154} INFO - [2023-12-21T19:27:38.161+0000] {dag.py:3722} INFO - Setting next_dagrun for med_ins_prem_pred-v01.create_dim_tables to None, run_after=None
[2023-12-21T19:27:38.161+0000] {logging_mixin.py:154} INFO - [2023-12-21T19:27:38.161+0000] {dag.py:3722} INFO - Setting next_dagrun for med_ins_prem_pred-v01.insert_fk_into_fact_table to None, run_after=None
[2023-12-21T19:27:38.162+0000] {logging_mixin.py:154} INFO - [2023-12-21T19:27:38.162+0000] {dag.py:3722} INFO - Setting next_dagrun for med_ins_prem_pred-v01.remove_replaced_dim_cols to None, run_after=None
[2023-12-21T19:27:38.162+0000] {logging_mixin.py:154} INFO - [2023-12-21T19:27:38.162+0000] {dag.py:3722} INFO - Setting next_dagrun for med_ins_prem_pred-v01.remove_samples_with_outliers to None, run_after=None
[2023-12-21T19:27:38.168+0000] {processor.py:179} INFO - Processing /opt/airflow/dags/med_insurance_prem_pred.py took 0.297 seconds
[2023-12-21T19:28:08.294+0000] {processor.py:157} INFO - Started process (PID=321) to work on /opt/airflow/dags/med_insurance_prem_pred.py
[2023-12-21T19:28:08.295+0000] {processor.py:829} INFO - Processing file /opt/airflow/dags/med_insurance_prem_pred.py for tasks to queue
[2023-12-21T19:28:08.296+0000] {logging_mixin.py:154} INFO - [2023-12-21T19:28:08.296+0000] {dagbag.py:536} INFO - Filling up the DagBag from /opt/airflow/dags/med_insurance_prem_pred.py
[2023-12-21T19:28:08.540+0000] {processor.py:839} INFO - DAG(s) dict_keys(['med_ins_prem_pred-v01.remove_samples_with_outliers', 'med_ins_prem_pred-v01.create_dim_tables', 'med_ins_prem_pred-v01.insert_fk_into_fact_table', 'med_ins_prem_pred-v01.remove_replaced_dim_cols', 'med_ins_prem_pred-v01']) retrieved from /opt/airflow/dags/med_insurance_prem_pred.py
[2023-12-21T19:28:08.561+0000] {logging_mixin.py:154} INFO - [2023-12-21T19:28:08.561+0000] {dag.py:2941} INFO - Sync 5 DAGs
[2023-12-21T19:28:08.569+0000] {logging_mixin.py:154} INFO - [2023-12-21T19:28:08.569+0000] {dag.py:3722} INFO - Setting next_dagrun for med_ins_prem_pred-v01 to 2023-12-01T00:00:00+00:00, run_after=2023-12-01T00:00:00+00:00
[2023-12-21T19:28:08.571+0000] {logging_mixin.py:154} INFO - [2023-12-21T19:28:08.571+0000] {dag.py:3722} INFO - Setting next_dagrun for med_ins_prem_pred-v01.create_dim_tables to None, run_after=None
[2023-12-21T19:28:08.572+0000] {logging_mixin.py:154} INFO - [2023-12-21T19:28:08.572+0000] {dag.py:3722} INFO - Setting next_dagrun for med_ins_prem_pred-v01.insert_fk_into_fact_table to None, run_after=None
[2023-12-21T19:28:08.572+0000] {logging_mixin.py:154} INFO - [2023-12-21T19:28:08.572+0000] {dag.py:3722} INFO - Setting next_dagrun for med_ins_prem_pred-v01.remove_replaced_dim_cols to None, run_after=None
[2023-12-21T19:28:08.573+0000] {logging_mixin.py:154} INFO - [2023-12-21T19:28:08.573+0000] {dag.py:3722} INFO - Setting next_dagrun for med_ins_prem_pred-v01.remove_samples_with_outliers to None, run_after=None
[2023-12-21T19:28:08.576+0000] {logging_mixin.py:154} INFO - [2023-12-21T19:28:08.576+0000] {dag.py:2941} INFO - Sync 4 DAGs
[2023-12-21T19:28:08.578+0000] {logging_mixin.py:154} INFO - [2023-12-21T19:28:08.578+0000] {dag.py:3722} INFO - Setting next_dagrun for med_ins_prem_pred-v01.create_dim_tables to None, run_after=None
[2023-12-21T19:28:08.578+0000] {logging_mixin.py:154} INFO - [2023-12-21T19:28:08.578+0000] {dag.py:3722} INFO - Setting next_dagrun for med_ins_prem_pred-v01.insert_fk_into_fact_table to None, run_after=None
[2023-12-21T19:28:08.579+0000] {logging_mixin.py:154} INFO - [2023-12-21T19:28:08.579+0000] {dag.py:3722} INFO - Setting next_dagrun for med_ins_prem_pred-v01.remove_replaced_dim_cols to None, run_after=None
[2023-12-21T19:28:08.579+0000] {logging_mixin.py:154} INFO - [2023-12-21T19:28:08.579+0000] {dag.py:3722} INFO - Setting next_dagrun for med_ins_prem_pred-v01.remove_samples_with_outliers to None, run_after=None
[2023-12-21T19:28:08.584+0000] {processor.py:179} INFO - Processing /opt/airflow/dags/med_insurance_prem_pred.py took 0.295 seconds
[2023-12-21T19:28:38.732+0000] {processor.py:157} INFO - Started process (PID=354) to work on /opt/airflow/dags/med_insurance_prem_pred.py
[2023-12-21T19:28:38.733+0000] {processor.py:829} INFO - Processing file /opt/airflow/dags/med_insurance_prem_pred.py for tasks to queue
[2023-12-21T19:28:38.735+0000] {logging_mixin.py:154} INFO - [2023-12-21T19:28:38.734+0000] {dagbag.py:536} INFO - Filling up the DagBag from /opt/airflow/dags/med_insurance_prem_pred.py
[2023-12-21T19:28:38.986+0000] {processor.py:839} INFO - DAG(s) dict_keys(['med_ins_prem_pred-v01.remove_samples_with_outliers', 'med_ins_prem_pred-v01.create_dim_tables', 'med_ins_prem_pred-v01.insert_fk_into_fact_table', 'med_ins_prem_pred-v01.remove_replaced_dim_cols', 'med_ins_prem_pred-v01']) retrieved from /opt/airflow/dags/med_insurance_prem_pred.py
[2023-12-21T19:28:39.008+0000] {logging_mixin.py:154} INFO - [2023-12-21T19:28:39.007+0000] {dag.py:2941} INFO - Sync 5 DAGs
[2023-12-21T19:28:39.017+0000] {logging_mixin.py:154} INFO - [2023-12-21T19:28:39.016+0000] {dag.py:3722} INFO - Setting next_dagrun for med_ins_prem_pred-v01 to 2023-12-01T00:00:00+00:00, run_after=2023-12-01T00:00:00+00:00
[2023-12-21T19:28:39.018+0000] {logging_mixin.py:154} INFO - [2023-12-21T19:28:39.018+0000] {dag.py:3722} INFO - Setting next_dagrun for med_ins_prem_pred-v01.create_dim_tables to None, run_after=None
[2023-12-21T19:28:39.019+0000] {logging_mixin.py:154} INFO - [2023-12-21T19:28:39.019+0000] {dag.py:3722} INFO - Setting next_dagrun for med_ins_prem_pred-v01.insert_fk_into_fact_table to None, run_after=None
[2023-12-21T19:28:39.020+0000] {logging_mixin.py:154} INFO - [2023-12-21T19:28:39.019+0000] {dag.py:3722} INFO - Setting next_dagrun for med_ins_prem_pred-v01.remove_replaced_dim_cols to None, run_after=None
[2023-12-21T19:28:39.020+0000] {logging_mixin.py:154} INFO - [2023-12-21T19:28:39.020+0000] {dag.py:3722} INFO - Setting next_dagrun for med_ins_prem_pred-v01.remove_samples_with_outliers to None, run_after=None
[2023-12-21T19:28:39.024+0000] {logging_mixin.py:154} INFO - [2023-12-21T19:28:39.024+0000] {dag.py:2941} INFO - Sync 4 DAGs
[2023-12-21T19:28:39.026+0000] {logging_mixin.py:154} INFO - [2023-12-21T19:28:39.026+0000] {dag.py:3722} INFO - Setting next_dagrun for med_ins_prem_pred-v01.create_dim_tables to None, run_after=None
[2023-12-21T19:28:39.026+0000] {logging_mixin.py:154} INFO - [2023-12-21T19:28:39.026+0000] {dag.py:3722} INFO - Setting next_dagrun for med_ins_prem_pred-v01.insert_fk_into_fact_table to None, run_after=None
[2023-12-21T19:28:39.026+0000] {logging_mixin.py:154} INFO - [2023-12-21T19:28:39.026+0000] {dag.py:3722} INFO - Setting next_dagrun for med_ins_prem_pred-v01.remove_replaced_dim_cols to None, run_after=None
[2023-12-21T19:28:39.027+0000] {logging_mixin.py:154} INFO - [2023-12-21T19:28:39.026+0000] {dag.py:3722} INFO - Setting next_dagrun for med_ins_prem_pred-v01.remove_samples_with_outliers to None, run_after=None
[2023-12-21T19:28:39.031+0000] {processor.py:179} INFO - Processing /opt/airflow/dags/med_insurance_prem_pred.py took 0.304 seconds
[2023-12-21T19:29:09.161+0000] {processor.py:157} INFO - Started process (PID=387) to work on /opt/airflow/dags/med_insurance_prem_pred.py
[2023-12-21T19:29:09.162+0000] {processor.py:829} INFO - Processing file /opt/airflow/dags/med_insurance_prem_pred.py for tasks to queue
[2023-12-21T19:29:09.163+0000] {logging_mixin.py:154} INFO - [2023-12-21T19:29:09.163+0000] {dagbag.py:536} INFO - Filling up the DagBag from /opt/airflow/dags/med_insurance_prem_pred.py
[2023-12-21T19:29:09.407+0000] {processor.py:839} INFO - DAG(s) dict_keys(['med_ins_prem_pred-v01.remove_samples_with_outliers', 'med_ins_prem_pred-v01.create_dim_tables', 'med_ins_prem_pred-v01.insert_fk_into_fact_table', 'med_ins_prem_pred-v01.remove_replaced_dim_cols', 'med_ins_prem_pred-v01']) retrieved from /opt/airflow/dags/med_insurance_prem_pred.py
[2023-12-21T19:29:09.428+0000] {logging_mixin.py:154} INFO - [2023-12-21T19:29:09.428+0000] {dag.py:2941} INFO - Sync 5 DAGs
[2023-12-21T19:29:09.436+0000] {logging_mixin.py:154} INFO - [2023-12-21T19:29:09.436+0000] {dag.py:3722} INFO - Setting next_dagrun for med_ins_prem_pred-v01 to 2023-12-01T00:00:00+00:00, run_after=2023-12-01T00:00:00+00:00
[2023-12-21T19:29:09.438+0000] {logging_mixin.py:154} INFO - [2023-12-21T19:29:09.438+0000] {dag.py:3722} INFO - Setting next_dagrun for med_ins_prem_pred-v01.create_dim_tables to None, run_after=None
[2023-12-21T19:29:09.439+0000] {logging_mixin.py:154} INFO - [2023-12-21T19:29:09.439+0000] {dag.py:3722} INFO - Setting next_dagrun for med_ins_prem_pred-v01.insert_fk_into_fact_table to None, run_after=None
[2023-12-21T19:29:09.439+0000] {logging_mixin.py:154} INFO - [2023-12-21T19:29:09.439+0000] {dag.py:3722} INFO - Setting next_dagrun for med_ins_prem_pred-v01.remove_replaced_dim_cols to None, run_after=None
[2023-12-21T19:29:09.440+0000] {logging_mixin.py:154} INFO - [2023-12-21T19:29:09.440+0000] {dag.py:3722} INFO - Setting next_dagrun for med_ins_prem_pred-v01.remove_samples_with_outliers to None, run_after=None
[2023-12-21T19:29:09.444+0000] {logging_mixin.py:154} INFO - [2023-12-21T19:29:09.444+0000] {dag.py:2941} INFO - Sync 4 DAGs
[2023-12-21T19:29:09.446+0000] {logging_mixin.py:154} INFO - [2023-12-21T19:29:09.446+0000] {dag.py:3722} INFO - Setting next_dagrun for med_ins_prem_pred-v01.create_dim_tables to None, run_after=None
[2023-12-21T19:29:09.446+0000] {logging_mixin.py:154} INFO - [2023-12-21T19:29:09.446+0000] {dag.py:3722} INFO - Setting next_dagrun for med_ins_prem_pred-v01.insert_fk_into_fact_table to None, run_after=None
[2023-12-21T19:29:09.446+0000] {logging_mixin.py:154} INFO - [2023-12-21T19:29:09.446+0000] {dag.py:3722} INFO - Setting next_dagrun for med_ins_prem_pred-v01.remove_replaced_dim_cols to None, run_after=None
[2023-12-21T19:29:09.447+0000] {logging_mixin.py:154} INFO - [2023-12-21T19:29:09.447+0000] {dag.py:3722} INFO - Setting next_dagrun for med_ins_prem_pred-v01.remove_samples_with_outliers to None, run_after=None
[2023-12-21T19:29:09.452+0000] {processor.py:179} INFO - Processing /opt/airflow/dags/med_insurance_prem_pred.py took 0.295 seconds
[2023-12-21T19:29:39.531+0000] {processor.py:157} INFO - Started process (PID=420) to work on /opt/airflow/dags/med_insurance_prem_pred.py
[2023-12-21T19:29:39.533+0000] {processor.py:829} INFO - Processing file /opt/airflow/dags/med_insurance_prem_pred.py for tasks to queue
[2023-12-21T19:29:39.534+0000] {logging_mixin.py:154} INFO - [2023-12-21T19:29:39.533+0000] {dagbag.py:536} INFO - Filling up the DagBag from /opt/airflow/dags/med_insurance_prem_pred.py
[2023-12-21T19:29:39.780+0000] {processor.py:839} INFO - DAG(s) dict_keys(['med_ins_prem_pred-v01.remove_samples_with_outliers', 'med_ins_prem_pred-v01.create_dim_tables', 'med_ins_prem_pred-v01.insert_fk_into_fact_table', 'med_ins_prem_pred-v01.remove_replaced_dim_cols', 'med_ins_prem_pred-v01']) retrieved from /opt/airflow/dags/med_insurance_prem_pred.py
[2023-12-21T19:29:39.801+0000] {logging_mixin.py:154} INFO - [2023-12-21T19:29:39.801+0000] {dag.py:2941} INFO - Sync 5 DAGs
[2023-12-21T19:29:39.810+0000] {logging_mixin.py:154} INFO - [2023-12-21T19:29:39.810+0000] {dag.py:3722} INFO - Setting next_dagrun for med_ins_prem_pred-v01 to 2023-12-01T00:00:00+00:00, run_after=2023-12-01T00:00:00+00:00
[2023-12-21T19:29:39.812+0000] {logging_mixin.py:154} INFO - [2023-12-21T19:29:39.812+0000] {dag.py:3722} INFO - Setting next_dagrun for med_ins_prem_pred-v01.create_dim_tables to None, run_after=None
[2023-12-21T19:29:39.813+0000] {logging_mixin.py:154} INFO - [2023-12-21T19:29:39.812+0000] {dag.py:3722} INFO - Setting next_dagrun for med_ins_prem_pred-v01.insert_fk_into_fact_table to None, run_after=None
[2023-12-21T19:29:39.813+0000] {logging_mixin.py:154} INFO - [2023-12-21T19:29:39.813+0000] {dag.py:3722} INFO - Setting next_dagrun for med_ins_prem_pred-v01.remove_replaced_dim_cols to None, run_after=None
[2023-12-21T19:29:39.814+0000] {logging_mixin.py:154} INFO - [2023-12-21T19:29:39.814+0000] {dag.py:3722} INFO - Setting next_dagrun for med_ins_prem_pred-v01.remove_samples_with_outliers to None, run_after=None
[2023-12-21T19:29:39.817+0000] {logging_mixin.py:154} INFO - [2023-12-21T19:29:39.817+0000] {dag.py:2941} INFO - Sync 4 DAGs
[2023-12-21T19:29:39.820+0000] {logging_mixin.py:154} INFO - [2023-12-21T19:29:39.820+0000] {dag.py:3722} INFO - Setting next_dagrun for med_ins_prem_pred-v01.create_dim_tables to None, run_after=None
[2023-12-21T19:29:39.820+0000] {logging_mixin.py:154} INFO - [2023-12-21T19:29:39.820+0000] {dag.py:3722} INFO - Setting next_dagrun for med_ins_prem_pred-v01.insert_fk_into_fact_table to None, run_after=None
[2023-12-21T19:29:39.820+0000] {logging_mixin.py:154} INFO - [2023-12-21T19:29:39.820+0000] {dag.py:3722} INFO - Setting next_dagrun for med_ins_prem_pred-v01.remove_replaced_dim_cols to None, run_after=None
[2023-12-21T19:29:39.820+0000] {logging_mixin.py:154} INFO - [2023-12-21T19:29:39.820+0000] {dag.py:3722} INFO - Setting next_dagrun for med_ins_prem_pred-v01.remove_samples_with_outliers to None, run_after=None
[2023-12-21T19:29:39.826+0000] {processor.py:179} INFO - Processing /opt/airflow/dags/med_insurance_prem_pred.py took 0.299 seconds
[2023-12-21T19:30:09.939+0000] {processor.py:157} INFO - Started process (PID=453) to work on /opt/airflow/dags/med_insurance_prem_pred.py
[2023-12-21T19:30:09.941+0000] {processor.py:829} INFO - Processing file /opt/airflow/dags/med_insurance_prem_pred.py for tasks to queue
[2023-12-21T19:30:09.942+0000] {logging_mixin.py:154} INFO - [2023-12-21T19:30:09.941+0000] {dagbag.py:536} INFO - Filling up the DagBag from /opt/airflow/dags/med_insurance_prem_pred.py
[2023-12-21T19:30:10.187+0000] {processor.py:839} INFO - DAG(s) dict_keys(['med_ins_prem_pred-v01.remove_samples_with_outliers', 'med_ins_prem_pred-v01.create_dim_tables', 'med_ins_prem_pred-v01.insert_fk_into_fact_table', 'med_ins_prem_pred-v01.remove_replaced_dim_cols', 'med_ins_prem_pred-v01']) retrieved from /opt/airflow/dags/med_insurance_prem_pred.py
[2023-12-21T19:30:10.208+0000] {logging_mixin.py:154} INFO - [2023-12-21T19:30:10.208+0000] {dag.py:2941} INFO - Sync 5 DAGs
[2023-12-21T19:30:10.217+0000] {logging_mixin.py:154} INFO - [2023-12-21T19:30:10.217+0000] {dag.py:3722} INFO - Setting next_dagrun for med_ins_prem_pred-v01 to 2023-12-01T00:00:00+00:00, run_after=2023-12-01T00:00:00+00:00
[2023-12-21T19:30:10.218+0000] {logging_mixin.py:154} INFO - [2023-12-21T19:30:10.218+0000] {dag.py:3722} INFO - Setting next_dagrun for med_ins_prem_pred-v01.create_dim_tables to None, run_after=None
[2023-12-21T19:30:10.219+0000] {logging_mixin.py:154} INFO - [2023-12-21T19:30:10.219+0000] {dag.py:3722} INFO - Setting next_dagrun for med_ins_prem_pred-v01.insert_fk_into_fact_table to None, run_after=None
[2023-12-21T19:30:10.220+0000] {logging_mixin.py:154} INFO - [2023-12-21T19:30:10.219+0000] {dag.py:3722} INFO - Setting next_dagrun for med_ins_prem_pred-v01.remove_replaced_dim_cols to None, run_after=None
[2023-12-21T19:30:10.220+0000] {logging_mixin.py:154} INFO - [2023-12-21T19:30:10.220+0000] {dag.py:3722} INFO - Setting next_dagrun for med_ins_prem_pred-v01.remove_samples_with_outliers to None, run_after=None
[2023-12-21T19:30:10.224+0000] {logging_mixin.py:154} INFO - [2023-12-21T19:30:10.223+0000] {dag.py:2941} INFO - Sync 4 DAGs
[2023-12-21T19:30:10.226+0000] {logging_mixin.py:154} INFO - [2023-12-21T19:30:10.226+0000] {dag.py:3722} INFO - Setting next_dagrun for med_ins_prem_pred-v01.create_dim_tables to None, run_after=None
[2023-12-21T19:30:10.226+0000] {logging_mixin.py:154} INFO - [2023-12-21T19:30:10.226+0000] {dag.py:3722} INFO - Setting next_dagrun for med_ins_prem_pred-v01.insert_fk_into_fact_table to None, run_after=None
[2023-12-21T19:30:10.226+0000] {logging_mixin.py:154} INFO - [2023-12-21T19:30:10.226+0000] {dag.py:3722} INFO - Setting next_dagrun for med_ins_prem_pred-v01.remove_replaced_dim_cols to None, run_after=None
[2023-12-21T19:30:10.226+0000] {logging_mixin.py:154} INFO - [2023-12-21T19:30:10.226+0000] {dag.py:3722} INFO - Setting next_dagrun for med_ins_prem_pred-v01.remove_samples_with_outliers to None, run_after=None
[2023-12-21T19:30:10.231+0000] {processor.py:179} INFO - Processing /opt/airflow/dags/med_insurance_prem_pred.py took 0.297 seconds
[2023-12-21T19:30:40.360+0000] {processor.py:157} INFO - Started process (PID=486) to work on /opt/airflow/dags/med_insurance_prem_pred.py
[2023-12-21T19:30:40.362+0000] {processor.py:829} INFO - Processing file /opt/airflow/dags/med_insurance_prem_pred.py for tasks to queue
[2023-12-21T19:30:40.363+0000] {logging_mixin.py:154} INFO - [2023-12-21T19:30:40.363+0000] {dagbag.py:536} INFO - Filling up the DagBag from /opt/airflow/dags/med_insurance_prem_pred.py
[2023-12-21T19:30:40.614+0000] {processor.py:839} INFO - DAG(s) dict_keys(['med_ins_prem_pred-v01.remove_samples_with_outliers', 'med_ins_prem_pred-v01.create_dim_tables', 'med_ins_prem_pred-v01.insert_fk_into_fact_table', 'med_ins_prem_pred-v01.remove_replaced_dim_cols', 'med_ins_prem_pred-v01']) retrieved from /opt/airflow/dags/med_insurance_prem_pred.py
[2023-12-21T19:30:40.638+0000] {logging_mixin.py:154} INFO - [2023-12-21T19:30:40.638+0000] {dag.py:2941} INFO - Sync 5 DAGs
[2023-12-21T19:30:40.648+0000] {logging_mixin.py:154} INFO - [2023-12-21T19:30:40.648+0000] {dag.py:3722} INFO - Setting next_dagrun for med_ins_prem_pred-v01 to 2023-12-01T00:00:00+00:00, run_after=2023-12-01T00:00:00+00:00
[2023-12-21T19:30:40.650+0000] {logging_mixin.py:154} INFO - [2023-12-21T19:30:40.650+0000] {dag.py:3722} INFO - Setting next_dagrun for med_ins_prem_pred-v01.create_dim_tables to None, run_after=None
[2023-12-21T19:30:40.650+0000] {logging_mixin.py:154} INFO - [2023-12-21T19:30:40.650+0000] {dag.py:3722} INFO - Setting next_dagrun for med_ins_prem_pred-v01.insert_fk_into_fact_table to None, run_after=None
[2023-12-21T19:30:40.651+0000] {logging_mixin.py:154} INFO - [2023-12-21T19:30:40.651+0000] {dag.py:3722} INFO - Setting next_dagrun for med_ins_prem_pred-v01.remove_replaced_dim_cols to None, run_after=None
[2023-12-21T19:30:40.651+0000] {logging_mixin.py:154} INFO - [2023-12-21T19:30:40.651+0000] {dag.py:3722} INFO - Setting next_dagrun for med_ins_prem_pred-v01.remove_samples_with_outliers to None, run_after=None
[2023-12-21T19:30:40.655+0000] {logging_mixin.py:154} INFO - [2023-12-21T19:30:40.655+0000] {dag.py:2941} INFO - Sync 4 DAGs
[2023-12-21T19:30:40.657+0000] {logging_mixin.py:154} INFO - [2023-12-21T19:30:40.657+0000] {dag.py:3722} INFO - Setting next_dagrun for med_ins_prem_pred-v01.create_dim_tables to None, run_after=None
[2023-12-21T19:30:40.658+0000] {logging_mixin.py:154} INFO - [2023-12-21T19:30:40.658+0000] {dag.py:3722} INFO - Setting next_dagrun for med_ins_prem_pred-v01.insert_fk_into_fact_table to None, run_after=None
[2023-12-21T19:30:40.658+0000] {logging_mixin.py:154} INFO - [2023-12-21T19:30:40.658+0000] {dag.py:3722} INFO - Setting next_dagrun for med_ins_prem_pred-v01.remove_replaced_dim_cols to None, run_after=None
[2023-12-21T19:30:40.658+0000] {logging_mixin.py:154} INFO - [2023-12-21T19:30:40.658+0000] {dag.py:3722} INFO - Setting next_dagrun for med_ins_prem_pred-v01.remove_samples_with_outliers to None, run_after=None
[2023-12-21T19:30:40.662+0000] {processor.py:179} INFO - Processing /opt/airflow/dags/med_insurance_prem_pred.py took 0.307 seconds
[2023-12-21T19:31:10.787+0000] {processor.py:157} INFO - Started process (PID=519) to work on /opt/airflow/dags/med_insurance_prem_pred.py
[2023-12-21T19:31:10.788+0000] {processor.py:829} INFO - Processing file /opt/airflow/dags/med_insurance_prem_pred.py for tasks to queue
[2023-12-21T19:31:10.788+0000] {logging_mixin.py:154} INFO - [2023-12-21T19:31:10.788+0000] {dagbag.py:536} INFO - Filling up the DagBag from /opt/airflow/dags/med_insurance_prem_pred.py
[2023-12-21T19:31:11.010+0000] {processor.py:839} INFO - DAG(s) dict_keys(['med_ins_prem_pred-v01.remove_samples_with_outliers', 'med_ins_prem_pred-v01.create_dim_tables', 'med_ins_prem_pred-v01.insert_fk_into_fact_table', 'med_ins_prem_pred-v01.remove_replaced_dim_cols', 'med_ins_prem_pred-v01']) retrieved from /opt/airflow/dags/med_insurance_prem_pred.py
[2023-12-21T19:31:11.031+0000] {logging_mixin.py:154} INFO - [2023-12-21T19:31:11.031+0000] {dag.py:2941} INFO - Sync 5 DAGs
[2023-12-21T19:31:11.040+0000] {logging_mixin.py:154} INFO - [2023-12-21T19:31:11.040+0000] {dag.py:3722} INFO - Setting next_dagrun for med_ins_prem_pred-v01 to 2023-12-01T00:00:00+00:00, run_after=2023-12-01T00:00:00+00:00
[2023-12-21T19:31:11.041+0000] {logging_mixin.py:154} INFO - [2023-12-21T19:31:11.041+0000] {dag.py:3722} INFO - Setting next_dagrun for med_ins_prem_pred-v01.create_dim_tables to None, run_after=None
[2023-12-21T19:31:11.042+0000] {logging_mixin.py:154} INFO - [2023-12-21T19:31:11.042+0000] {dag.py:3722} INFO - Setting next_dagrun for med_ins_prem_pred-v01.insert_fk_into_fact_table to None, run_after=None
[2023-12-21T19:31:11.043+0000] {logging_mixin.py:154} INFO - [2023-12-21T19:31:11.043+0000] {dag.py:3722} INFO - Setting next_dagrun for med_ins_prem_pred-v01.remove_replaced_dim_cols to None, run_after=None
[2023-12-21T19:31:11.044+0000] {logging_mixin.py:154} INFO - [2023-12-21T19:31:11.044+0000] {dag.py:3722} INFO - Setting next_dagrun for med_ins_prem_pred-v01.remove_samples_with_outliers to None, run_after=None
[2023-12-21T19:31:11.048+0000] {logging_mixin.py:154} INFO - [2023-12-21T19:31:11.048+0000] {dag.py:2941} INFO - Sync 4 DAGs
[2023-12-21T19:31:11.050+0000] {logging_mixin.py:154} INFO - [2023-12-21T19:31:11.050+0000] {dag.py:3722} INFO - Setting next_dagrun for med_ins_prem_pred-v01.create_dim_tables to None, run_after=None
[2023-12-21T19:31:11.050+0000] {logging_mixin.py:154} INFO - [2023-12-21T19:31:11.050+0000] {dag.py:3722} INFO - Setting next_dagrun for med_ins_prem_pred-v01.insert_fk_into_fact_table to None, run_after=None
[2023-12-21T19:31:11.050+0000] {logging_mixin.py:154} INFO - [2023-12-21T19:31:11.050+0000] {dag.py:3722} INFO - Setting next_dagrun for med_ins_prem_pred-v01.remove_replaced_dim_cols to None, run_after=None
[2023-12-21T19:31:11.051+0000] {logging_mixin.py:154} INFO - [2023-12-21T19:31:11.051+0000] {dag.py:3722} INFO - Setting next_dagrun for med_ins_prem_pred-v01.remove_samples_with_outliers to None, run_after=None
[2023-12-21T19:31:11.056+0000] {processor.py:179} INFO - Processing /opt/airflow/dags/med_insurance_prem_pred.py took 0.270 seconds
[2023-12-21T19:31:41.291+0000] {processor.py:157} INFO - Started process (PID=552) to work on /opt/airflow/dags/med_insurance_prem_pred.py
[2023-12-21T19:31:41.291+0000] {processor.py:829} INFO - Processing file /opt/airflow/dags/med_insurance_prem_pred.py for tasks to queue
[2023-12-21T19:31:41.292+0000] {logging_mixin.py:154} INFO - [2023-12-21T19:31:41.292+0000] {dagbag.py:536} INFO - Filling up the DagBag from /opt/airflow/dags/med_insurance_prem_pred.py
[2023-12-21T19:31:41.544+0000] {processor.py:839} INFO - DAG(s) dict_keys(['med_ins_prem_pred-v01.remove_samples_with_outliers', 'med_ins_prem_pred-v01.create_dim_tables', 'med_ins_prem_pred-v01.insert_fk_into_fact_table', 'med_ins_prem_pred-v01.remove_replaced_dim_cols', 'med_ins_prem_pred-v01']) retrieved from /opt/airflow/dags/med_insurance_prem_pred.py
[2023-12-21T19:31:41.566+0000] {logging_mixin.py:154} INFO - [2023-12-21T19:31:41.565+0000] {dag.py:2941} INFO - Sync 5 DAGs
[2023-12-21T19:31:41.574+0000] {logging_mixin.py:154} INFO - [2023-12-21T19:31:41.574+0000] {dag.py:3722} INFO - Setting next_dagrun for med_ins_prem_pred-v01 to 2023-12-01T00:00:00+00:00, run_after=2023-12-01T00:00:00+00:00
[2023-12-21T19:31:41.576+0000] {logging_mixin.py:154} INFO - [2023-12-21T19:31:41.576+0000] {dag.py:3722} INFO - Setting next_dagrun for med_ins_prem_pred-v01.create_dim_tables to None, run_after=None
[2023-12-21T19:31:41.578+0000] {logging_mixin.py:154} INFO - [2023-12-21T19:31:41.578+0000] {dag.py:3722} INFO - Setting next_dagrun for med_ins_prem_pred-v01.insert_fk_into_fact_table to None, run_after=None
[2023-12-21T19:31:41.579+0000] {logging_mixin.py:154} INFO - [2023-12-21T19:31:41.579+0000] {dag.py:3722} INFO - Setting next_dagrun for med_ins_prem_pred-v01.remove_replaced_dim_cols to None, run_after=None
[2023-12-21T19:31:41.579+0000] {logging_mixin.py:154} INFO - [2023-12-21T19:31:41.579+0000] {dag.py:3722} INFO - Setting next_dagrun for med_ins_prem_pred-v01.remove_samples_with_outliers to None, run_after=None
[2023-12-21T19:31:41.585+0000] {logging_mixin.py:154} INFO - [2023-12-21T19:31:41.585+0000] {dag.py:2941} INFO - Sync 4 DAGs
[2023-12-21T19:31:41.588+0000] {logging_mixin.py:154} INFO - [2023-12-21T19:31:41.588+0000] {dag.py:3722} INFO - Setting next_dagrun for med_ins_prem_pred-v01.create_dim_tables to None, run_after=None
[2023-12-21T19:31:41.588+0000] {logging_mixin.py:154} INFO - [2023-12-21T19:31:41.588+0000] {dag.py:3722} INFO - Setting next_dagrun for med_ins_prem_pred-v01.insert_fk_into_fact_table to None, run_after=None
[2023-12-21T19:31:41.589+0000] {logging_mixin.py:154} INFO - [2023-12-21T19:31:41.589+0000] {dag.py:3722} INFO - Setting next_dagrun for med_ins_prem_pred-v01.remove_replaced_dim_cols to None, run_after=None
[2023-12-21T19:31:41.589+0000] {logging_mixin.py:154} INFO - [2023-12-21T19:31:41.589+0000] {dag.py:3722} INFO - Setting next_dagrun for med_ins_prem_pred-v01.remove_samples_with_outliers to None, run_after=None
[2023-12-21T19:31:41.595+0000] {processor.py:179} INFO - Processing /opt/airflow/dags/med_insurance_prem_pred.py took 0.307 seconds
[2023-12-21T19:32:11.760+0000] {processor.py:157} INFO - Started process (PID=585) to work on /opt/airflow/dags/med_insurance_prem_pred.py
[2023-12-21T19:32:11.762+0000] {processor.py:829} INFO - Processing file /opt/airflow/dags/med_insurance_prem_pred.py for tasks to queue
[2023-12-21T19:32:11.763+0000] {logging_mixin.py:154} INFO - [2023-12-21T19:32:11.762+0000] {dagbag.py:536} INFO - Filling up the DagBag from /opt/airflow/dags/med_insurance_prem_pred.py
[2023-12-21T19:32:12.019+0000] {processor.py:839} INFO - DAG(s) dict_keys(['med_ins_prem_pred-v01.remove_samples_with_outliers', 'med_ins_prem_pred-v01.create_dim_tables', 'med_ins_prem_pred-v01.insert_fk_into_fact_table', 'med_ins_prem_pred-v01.remove_replaced_dim_cols', 'med_ins_prem_pred-v01']) retrieved from /opt/airflow/dags/med_insurance_prem_pred.py
[2023-12-21T19:32:12.041+0000] {logging_mixin.py:154} INFO - [2023-12-21T19:32:12.040+0000] {dag.py:2941} INFO - Sync 5 DAGs
[2023-12-21T19:32:12.050+0000] {logging_mixin.py:154} INFO - [2023-12-21T19:32:12.050+0000] {dag.py:3722} INFO - Setting next_dagrun for med_ins_prem_pred-v01 to 2023-12-01T00:00:00+00:00, run_after=2023-12-01T00:00:00+00:00
[2023-12-21T19:32:12.052+0000] {logging_mixin.py:154} INFO - [2023-12-21T19:32:12.052+0000] {dag.py:3722} INFO - Setting next_dagrun for med_ins_prem_pred-v01.create_dim_tables to None, run_after=None
[2023-12-21T19:32:12.053+0000] {logging_mixin.py:154} INFO - [2023-12-21T19:32:12.053+0000] {dag.py:3722} INFO - Setting next_dagrun for med_ins_prem_pred-v01.insert_fk_into_fact_table to None, run_after=None
[2023-12-21T19:32:12.053+0000] {logging_mixin.py:154} INFO - [2023-12-21T19:32:12.053+0000] {dag.py:3722} INFO - Setting next_dagrun for med_ins_prem_pred-v01.remove_replaced_dim_cols to None, run_after=None
[2023-12-21T19:32:12.054+0000] {logging_mixin.py:154} INFO - [2023-12-21T19:32:12.054+0000] {dag.py:3722} INFO - Setting next_dagrun for med_ins_prem_pred-v01.remove_samples_with_outliers to None, run_after=None
[2023-12-21T19:32:12.057+0000] {logging_mixin.py:154} INFO - [2023-12-21T19:32:12.057+0000] {dag.py:2941} INFO - Sync 4 DAGs
[2023-12-21T19:32:12.060+0000] {logging_mixin.py:154} INFO - [2023-12-21T19:32:12.060+0000] {dag.py:3722} INFO - Setting next_dagrun for med_ins_prem_pred-v01.create_dim_tables to None, run_after=None
[2023-12-21T19:32:12.060+0000] {logging_mixin.py:154} INFO - [2023-12-21T19:32:12.060+0000] {dag.py:3722} INFO - Setting next_dagrun for med_ins_prem_pred-v01.insert_fk_into_fact_table to None, run_after=None
[2023-12-21T19:32:12.060+0000] {logging_mixin.py:154} INFO - [2023-12-21T19:32:12.060+0000] {dag.py:3722} INFO - Setting next_dagrun for med_ins_prem_pred-v01.remove_replaced_dim_cols to None, run_after=None
[2023-12-21T19:32:12.061+0000] {logging_mixin.py:154} INFO - [2023-12-21T19:32:12.061+0000] {dag.py:3722} INFO - Setting next_dagrun for med_ins_prem_pred-v01.remove_samples_with_outliers to None, run_after=None
[2023-12-21T19:32:12.066+0000] {processor.py:179} INFO - Processing /opt/airflow/dags/med_insurance_prem_pred.py took 0.310 seconds
[2023-12-21T19:32:42.119+0000] {processor.py:157} INFO - Started process (PID=618) to work on /opt/airflow/dags/med_insurance_prem_pred.py
[2023-12-21T19:32:42.120+0000] {processor.py:829} INFO - Processing file /opt/airflow/dags/med_insurance_prem_pred.py for tasks to queue
[2023-12-21T19:32:42.121+0000] {logging_mixin.py:154} INFO - [2023-12-21T19:32:42.121+0000] {dagbag.py:536} INFO - Filling up the DagBag from /opt/airflow/dags/med_insurance_prem_pred.py
[2023-12-21T19:32:42.367+0000] {processor.py:839} INFO - DAG(s) dict_keys(['med_ins_prem_pred-v01.remove_samples_with_outliers', 'med_ins_prem_pred-v01.create_dim_tables', 'med_ins_prem_pred-v01.insert_fk_into_fact_table', 'med_ins_prem_pred-v01.remove_replaced_dim_cols', 'med_ins_prem_pred-v01']) retrieved from /opt/airflow/dags/med_insurance_prem_pred.py
[2023-12-21T19:32:42.388+0000] {logging_mixin.py:154} INFO - [2023-12-21T19:32:42.388+0000] {dag.py:2941} INFO - Sync 5 DAGs
[2023-12-21T19:32:42.397+0000] {logging_mixin.py:154} INFO - [2023-12-21T19:32:42.397+0000] {dag.py:3722} INFO - Setting next_dagrun for med_ins_prem_pred-v01 to 2023-12-01T00:00:00+00:00, run_after=2023-12-01T00:00:00+00:00
[2023-12-21T19:32:42.399+0000] {logging_mixin.py:154} INFO - [2023-12-21T19:32:42.399+0000] {dag.py:3722} INFO - Setting next_dagrun for med_ins_prem_pred-v01.create_dim_tables to None, run_after=None
[2023-12-21T19:32:42.399+0000] {logging_mixin.py:154} INFO - [2023-12-21T19:32:42.399+0000] {dag.py:3722} INFO - Setting next_dagrun for med_ins_prem_pred-v01.insert_fk_into_fact_table to None, run_after=None
[2023-12-21T19:32:42.400+0000] {logging_mixin.py:154} INFO - [2023-12-21T19:32:42.400+0000] {dag.py:3722} INFO - Setting next_dagrun for med_ins_prem_pred-v01.remove_replaced_dim_cols to None, run_after=None
[2023-12-21T19:32:42.400+0000] {logging_mixin.py:154} INFO - [2023-12-21T19:32:42.400+0000] {dag.py:3722} INFO - Setting next_dagrun for med_ins_prem_pred-v01.remove_samples_with_outliers to None, run_after=None
[2023-12-21T19:32:42.404+0000] {logging_mixin.py:154} INFO - [2023-12-21T19:32:42.404+0000] {dag.py:2941} INFO - Sync 4 DAGs
[2023-12-21T19:32:42.406+0000] {logging_mixin.py:154} INFO - [2023-12-21T19:32:42.406+0000] {dag.py:3722} INFO - Setting next_dagrun for med_ins_prem_pred-v01.create_dim_tables to None, run_after=None
[2023-12-21T19:32:42.406+0000] {logging_mixin.py:154} INFO - [2023-12-21T19:32:42.406+0000] {dag.py:3722} INFO - Setting next_dagrun for med_ins_prem_pred-v01.insert_fk_into_fact_table to None, run_after=None
[2023-12-21T19:32:42.406+0000] {logging_mixin.py:154} INFO - [2023-12-21T19:32:42.406+0000] {dag.py:3722} INFO - Setting next_dagrun for med_ins_prem_pred-v01.remove_replaced_dim_cols to None, run_after=None
[2023-12-21T19:32:42.407+0000] {logging_mixin.py:154} INFO - [2023-12-21T19:32:42.407+0000] {dag.py:3722} INFO - Setting next_dagrun for med_ins_prem_pred-v01.remove_samples_with_outliers to None, run_after=None
[2023-12-21T19:32:42.411+0000] {processor.py:179} INFO - Processing /opt/airflow/dags/med_insurance_prem_pred.py took 0.297 seconds
[2023-12-21T19:33:12.556+0000] {processor.py:157} INFO - Started process (PID=651) to work on /opt/airflow/dags/med_insurance_prem_pred.py
[2023-12-21T19:33:12.557+0000] {processor.py:829} INFO - Processing file /opt/airflow/dags/med_insurance_prem_pred.py for tasks to queue
[2023-12-21T19:33:12.558+0000] {logging_mixin.py:154} INFO - [2023-12-21T19:33:12.558+0000] {dagbag.py:536} INFO - Filling up the DagBag from /opt/airflow/dags/med_insurance_prem_pred.py
[2023-12-21T19:33:12.810+0000] {processor.py:839} INFO - DAG(s) dict_keys(['med_ins_prem_pred-v01.remove_samples_with_outliers', 'med_ins_prem_pred-v01.create_dim_tables', 'med_ins_prem_pred-v01.insert_fk_into_fact_table', 'med_ins_prem_pred-v01.remove_replaced_dim_cols', 'med_ins_prem_pred-v01']) retrieved from /opt/airflow/dags/med_insurance_prem_pred.py
[2023-12-21T19:33:12.832+0000] {logging_mixin.py:154} INFO - [2023-12-21T19:33:12.832+0000] {dag.py:2941} INFO - Sync 5 DAGs
[2023-12-21T19:33:12.841+0000] {logging_mixin.py:154} INFO - [2023-12-21T19:33:12.841+0000] {dag.py:3722} INFO - Setting next_dagrun for med_ins_prem_pred-v01 to 2023-12-01T00:00:00+00:00, run_after=2023-12-01T00:00:00+00:00
[2023-12-21T19:33:12.843+0000] {logging_mixin.py:154} INFO - [2023-12-21T19:33:12.843+0000] {dag.py:3722} INFO - Setting next_dagrun for med_ins_prem_pred-v01.create_dim_tables to None, run_after=None
[2023-12-21T19:33:12.843+0000] {logging_mixin.py:154} INFO - [2023-12-21T19:33:12.843+0000] {dag.py:3722} INFO - Setting next_dagrun for med_ins_prem_pred-v01.insert_fk_into_fact_table to None, run_after=None
[2023-12-21T19:33:12.844+0000] {logging_mixin.py:154} INFO - [2023-12-21T19:33:12.844+0000] {dag.py:3722} INFO - Setting next_dagrun for med_ins_prem_pred-v01.remove_replaced_dim_cols to None, run_after=None
[2023-12-21T19:33:12.845+0000] {logging_mixin.py:154} INFO - [2023-12-21T19:33:12.844+0000] {dag.py:3722} INFO - Setting next_dagrun for med_ins_prem_pred-v01.remove_samples_with_outliers to None, run_after=None
[2023-12-21T19:33:12.848+0000] {logging_mixin.py:154} INFO - [2023-12-21T19:33:12.848+0000] {dag.py:2941} INFO - Sync 4 DAGs
[2023-12-21T19:33:12.850+0000] {logging_mixin.py:154} INFO - [2023-12-21T19:33:12.850+0000] {dag.py:3722} INFO - Setting next_dagrun for med_ins_prem_pred-v01.create_dim_tables to None, run_after=None
[2023-12-21T19:33:12.851+0000] {logging_mixin.py:154} INFO - [2023-12-21T19:33:12.851+0000] {dag.py:3722} INFO - Setting next_dagrun for med_ins_prem_pred-v01.insert_fk_into_fact_table to None, run_after=None
[2023-12-21T19:33:12.851+0000] {logging_mixin.py:154} INFO - [2023-12-21T19:33:12.851+0000] {dag.py:3722} INFO - Setting next_dagrun for med_ins_prem_pred-v01.remove_replaced_dim_cols to None, run_after=None
[2023-12-21T19:33:12.851+0000] {logging_mixin.py:154} INFO - [2023-12-21T19:33:12.851+0000] {dag.py:3722} INFO - Setting next_dagrun for med_ins_prem_pred-v01.remove_samples_with_outliers to None, run_after=None
[2023-12-21T19:33:12.856+0000] {processor.py:179} INFO - Processing /opt/airflow/dags/med_insurance_prem_pred.py took 0.304 seconds
[2023-12-21T19:33:42.957+0000] {processor.py:157} INFO - Started process (PID=696) to work on /opt/airflow/dags/med_insurance_prem_pred.py
[2023-12-21T19:33:42.958+0000] {processor.py:829} INFO - Processing file /opt/airflow/dags/med_insurance_prem_pred.py for tasks to queue
[2023-12-21T19:33:42.959+0000] {logging_mixin.py:154} INFO - [2023-12-21T19:33:42.959+0000] {dagbag.py:536} INFO - Filling up the DagBag from /opt/airflow/dags/med_insurance_prem_pred.py
[2023-12-21T19:33:43.226+0000] {processor.py:839} INFO - DAG(s) dict_keys(['med_ins_prem_pred-v01.remove_samples_with_outliers', 'med_ins_prem_pred-v01.create_dim_tables', 'med_ins_prem_pred-v01.insert_fk_into_fact_table', 'med_ins_prem_pred-v01.remove_replaced_dim_cols', 'med_ins_prem_pred-v01']) retrieved from /opt/airflow/dags/med_insurance_prem_pred.py
[2023-12-21T19:33:43.248+0000] {logging_mixin.py:154} INFO - [2023-12-21T19:33:43.248+0000] {dag.py:2941} INFO - Sync 5 DAGs
[2023-12-21T19:33:43.257+0000] {logging_mixin.py:154} INFO - [2023-12-21T19:33:43.257+0000] {dag.py:3722} INFO - Setting next_dagrun for med_ins_prem_pred-v01 to None, run_after=None
[2023-12-21T19:33:43.258+0000] {logging_mixin.py:154} INFO - [2023-12-21T19:33:43.258+0000] {dag.py:3722} INFO - Setting next_dagrun for med_ins_prem_pred-v01.create_dim_tables to None, run_after=None
[2023-12-21T19:33:43.259+0000] {logging_mixin.py:154} INFO - [2023-12-21T19:33:43.259+0000] {dag.py:3722} INFO - Setting next_dagrun for med_ins_prem_pred-v01.insert_fk_into_fact_table to None, run_after=None
[2023-12-21T19:33:43.260+0000] {logging_mixin.py:154} INFO - [2023-12-21T19:33:43.259+0000] {dag.py:3722} INFO - Setting next_dagrun for med_ins_prem_pred-v01.remove_replaced_dim_cols to None, run_after=None
[2023-12-21T19:33:43.260+0000] {logging_mixin.py:154} INFO - [2023-12-21T19:33:43.260+0000] {dag.py:3722} INFO - Setting next_dagrun for med_ins_prem_pred-v01.remove_samples_with_outliers to None, run_after=None
[2023-12-21T19:33:43.264+0000] {logging_mixin.py:154} INFO - [2023-12-21T19:33:43.264+0000] {dag.py:2941} INFO - Sync 4 DAGs
[2023-12-21T19:33:43.266+0000] {logging_mixin.py:154} INFO - [2023-12-21T19:33:43.266+0000] {dag.py:3722} INFO - Setting next_dagrun for med_ins_prem_pred-v01.create_dim_tables to None, run_after=None
[2023-12-21T19:33:43.266+0000] {logging_mixin.py:154} INFO - [2023-12-21T19:33:43.266+0000] {dag.py:3722} INFO - Setting next_dagrun for med_ins_prem_pred-v01.insert_fk_into_fact_table to None, run_after=None
[2023-12-21T19:33:43.266+0000] {logging_mixin.py:154} INFO - [2023-12-21T19:33:43.266+0000] {dag.py:3722} INFO - Setting next_dagrun for med_ins_prem_pred-v01.remove_replaced_dim_cols to None, run_after=None
[2023-12-21T19:33:43.267+0000] {logging_mixin.py:154} INFO - [2023-12-21T19:33:43.267+0000] {dag.py:3722} INFO - Setting next_dagrun for med_ins_prem_pred-v01.remove_samples_with_outliers to None, run_after=None
[2023-12-21T19:33:43.271+0000] {processor.py:179} INFO - Processing /opt/airflow/dags/med_insurance_prem_pred.py took 0.319 seconds
[2023-12-21T19:34:13.306+0000] {processor.py:157} INFO - Started process (PID=729) to work on /opt/airflow/dags/med_insurance_prem_pred.py
[2023-12-21T19:34:13.306+0000] {processor.py:829} INFO - Processing file /opt/airflow/dags/med_insurance_prem_pred.py for tasks to queue
[2023-12-21T19:34:13.307+0000] {logging_mixin.py:154} INFO - [2023-12-21T19:34:13.307+0000] {dagbag.py:536} INFO - Filling up the DagBag from /opt/airflow/dags/med_insurance_prem_pred.py
[2023-12-21T19:34:13.623+0000] {processor.py:839} INFO - DAG(s) dict_keys(['med_ins_prem_pred-v01.remove_samples_with_outliers', 'med_ins_prem_pred-v01.create_dim_tables', 'med_ins_prem_pred-v01.insert_fk_into_fact_table', 'med_ins_prem_pred-v01.remove_replaced_dim_cols', 'med_ins_prem_pred-v01']) retrieved from /opt/airflow/dags/med_insurance_prem_pred.py
[2023-12-21T19:34:13.660+0000] {logging_mixin.py:154} INFO - [2023-12-21T19:34:13.659+0000] {dag.py:2941} INFO - Sync 5 DAGs
[2023-12-21T19:34:13.673+0000] {logging_mixin.py:154} INFO - [2023-12-21T19:34:13.672+0000] {dag.py:3722} INFO - Setting next_dagrun for med_ins_prem_pred-v01 to None, run_after=None
[2023-12-21T19:34:13.676+0000] {logging_mixin.py:154} INFO - [2023-12-21T19:34:13.676+0000] {dag.py:3722} INFO - Setting next_dagrun for med_ins_prem_pred-v01.create_dim_tables to None, run_after=None
[2023-12-21T19:34:13.677+0000] {logging_mixin.py:154} INFO - [2023-12-21T19:34:13.677+0000] {dag.py:3722} INFO - Setting next_dagrun for med_ins_prem_pred-v01.insert_fk_into_fact_table to None, run_after=None
[2023-12-21T19:34:13.679+0000] {logging_mixin.py:154} INFO - [2023-12-21T19:34:13.679+0000] {dag.py:3722} INFO - Setting next_dagrun for med_ins_prem_pred-v01.remove_replaced_dim_cols to None, run_after=None
[2023-12-21T19:34:13.681+0000] {logging_mixin.py:154} INFO - [2023-12-21T19:34:13.680+0000] {dag.py:3722} INFO - Setting next_dagrun for med_ins_prem_pred-v01.remove_samples_with_outliers to None, run_after=None
[2023-12-21T19:34:13.688+0000] {logging_mixin.py:154} INFO - [2023-12-21T19:34:13.688+0000] {dag.py:2941} INFO - Sync 4 DAGs
[2023-12-21T19:34:13.692+0000] {logging_mixin.py:154} INFO - [2023-12-21T19:34:13.692+0000] {dag.py:3722} INFO - Setting next_dagrun for med_ins_prem_pred-v01.create_dim_tables to None, run_after=None
[2023-12-21T19:34:13.693+0000] {logging_mixin.py:154} INFO - [2023-12-21T19:34:13.693+0000] {dag.py:3722} INFO - Setting next_dagrun for med_ins_prem_pred-v01.insert_fk_into_fact_table to None, run_after=None
[2023-12-21T19:34:13.693+0000] {logging_mixin.py:154} INFO - [2023-12-21T19:34:13.693+0000] {dag.py:3722} INFO - Setting next_dagrun for med_ins_prem_pred-v01.remove_replaced_dim_cols to None, run_after=None
[2023-12-21T19:34:13.694+0000] {logging_mixin.py:154} INFO - [2023-12-21T19:34:13.693+0000] {dag.py:3722} INFO - Setting next_dagrun for med_ins_prem_pred-v01.remove_samples_with_outliers to None, run_after=None
[2023-12-21T19:34:13.701+0000] {processor.py:179} INFO - Processing /opt/airflow/dags/med_insurance_prem_pred.py took 0.399 seconds
[2023-12-21T19:34:43.750+0000] {processor.py:157} INFO - Started process (PID=777) to work on /opt/airflow/dags/med_insurance_prem_pred.py
[2023-12-21T19:34:43.751+0000] {processor.py:829} INFO - Processing file /opt/airflow/dags/med_insurance_prem_pred.py for tasks to queue
[2023-12-21T19:34:43.752+0000] {logging_mixin.py:154} INFO - [2023-12-21T19:34:43.752+0000] {dagbag.py:536} INFO - Filling up the DagBag from /opt/airflow/dags/med_insurance_prem_pred.py
[2023-12-21T19:34:44.004+0000] {processor.py:839} INFO - DAG(s) dict_keys(['med_ins_prem_pred-v01.remove_samples_with_outliers', 'med_ins_prem_pred-v01.create_dim_tables', 'med_ins_prem_pred-v01.insert_fk_into_fact_table', 'med_ins_prem_pred-v01.remove_replaced_dim_cols', 'med_ins_prem_pred-v01']) retrieved from /opt/airflow/dags/med_insurance_prem_pred.py
[2023-12-21T19:34:44.025+0000] {logging_mixin.py:154} INFO - [2023-12-21T19:34:44.025+0000] {dag.py:2941} INFO - Sync 5 DAGs
[2023-12-21T19:34:44.035+0000] {logging_mixin.py:154} INFO - [2023-12-21T19:34:44.034+0000] {dag.py:3722} INFO - Setting next_dagrun for med_ins_prem_pred-v01 to None, run_after=None
[2023-12-21T19:34:44.036+0000] {logging_mixin.py:154} INFO - [2023-12-21T19:34:44.036+0000] {dag.py:3722} INFO - Setting next_dagrun for med_ins_prem_pred-v01.create_dim_tables to None, run_after=None
[2023-12-21T19:34:44.037+0000] {logging_mixin.py:154} INFO - [2023-12-21T19:34:44.037+0000] {dag.py:3722} INFO - Setting next_dagrun for med_ins_prem_pred-v01.insert_fk_into_fact_table to None, run_after=None
[2023-12-21T19:34:44.038+0000] {logging_mixin.py:154} INFO - [2023-12-21T19:34:44.038+0000] {dag.py:3722} INFO - Setting next_dagrun for med_ins_prem_pred-v01.remove_replaced_dim_cols to None, run_after=None
[2023-12-21T19:34:44.038+0000] {logging_mixin.py:154} INFO - [2023-12-21T19:34:44.038+0000] {dag.py:3722} INFO - Setting next_dagrun for med_ins_prem_pred-v01.remove_samples_with_outliers to None, run_after=None
[2023-12-21T19:34:44.042+0000] {logging_mixin.py:154} INFO - [2023-12-21T19:34:44.042+0000] {dag.py:2941} INFO - Sync 4 DAGs
[2023-12-21T19:34:44.045+0000] {logging_mixin.py:154} INFO - [2023-12-21T19:34:44.045+0000] {dag.py:3722} INFO - Setting next_dagrun for med_ins_prem_pred-v01.create_dim_tables to None, run_after=None
[2023-12-21T19:34:44.045+0000] {logging_mixin.py:154} INFO - [2023-12-21T19:34:44.045+0000] {dag.py:3722} INFO - Setting next_dagrun for med_ins_prem_pred-v01.insert_fk_into_fact_table to None, run_after=None
[2023-12-21T19:34:44.045+0000] {logging_mixin.py:154} INFO - [2023-12-21T19:34:44.045+0000] {dag.py:3722} INFO - Setting next_dagrun for med_ins_prem_pred-v01.remove_replaced_dim_cols to None, run_after=None
[2023-12-21T19:34:44.045+0000] {logging_mixin.py:154} INFO - [2023-12-21T19:34:44.045+0000] {dag.py:3722} INFO - Setting next_dagrun for med_ins_prem_pred-v01.remove_samples_with_outliers to None, run_after=None
[2023-12-21T19:34:44.050+0000] {processor.py:179} INFO - Processing /opt/airflow/dags/med_insurance_prem_pred.py took 0.305 seconds
[2023-12-21T19:35:14.185+0000] {processor.py:157} INFO - Started process (PID=810) to work on /opt/airflow/dags/med_insurance_prem_pred.py
[2023-12-21T19:35:14.187+0000] {processor.py:829} INFO - Processing file /opt/airflow/dags/med_insurance_prem_pred.py for tasks to queue
[2023-12-21T19:35:14.188+0000] {logging_mixin.py:154} INFO - [2023-12-21T19:35:14.187+0000] {dagbag.py:536} INFO - Filling up the DagBag from /opt/airflow/dags/med_insurance_prem_pred.py
[2023-12-21T19:35:14.440+0000] {processor.py:839} INFO - DAG(s) dict_keys(['med_ins_prem_pred-v01.remove_samples_with_outliers', 'med_ins_prem_pred-v01.create_dim_tables', 'med_ins_prem_pred-v01.insert_fk_into_fact_table', 'med_ins_prem_pred-v01.remove_replaced_dim_cols', 'med_ins_prem_pred-v01']) retrieved from /opt/airflow/dags/med_insurance_prem_pred.py
[2023-12-21T19:35:14.463+0000] {logging_mixin.py:154} INFO - [2023-12-21T19:35:14.463+0000] {dag.py:2941} INFO - Sync 5 DAGs
[2023-12-21T19:35:14.475+0000] {logging_mixin.py:154} INFO - [2023-12-21T19:35:14.475+0000] {dag.py:3722} INFO - Setting next_dagrun for med_ins_prem_pred-v01 to None, run_after=None
[2023-12-21T19:35:14.477+0000] {logging_mixin.py:154} INFO - [2023-12-21T19:35:14.477+0000] {dag.py:3722} INFO - Setting next_dagrun for med_ins_prem_pred-v01.create_dim_tables to None, run_after=None
[2023-12-21T19:35:14.478+0000] {logging_mixin.py:154} INFO - [2023-12-21T19:35:14.478+0000] {dag.py:3722} INFO - Setting next_dagrun for med_ins_prem_pred-v01.insert_fk_into_fact_table to None, run_after=None
[2023-12-21T19:35:14.478+0000] {logging_mixin.py:154} INFO - [2023-12-21T19:35:14.478+0000] {dag.py:3722} INFO - Setting next_dagrun for med_ins_prem_pred-v01.remove_replaced_dim_cols to None, run_after=None
[2023-12-21T19:35:14.479+0000] {logging_mixin.py:154} INFO - [2023-12-21T19:35:14.479+0000] {dag.py:3722} INFO - Setting next_dagrun for med_ins_prem_pred-v01.remove_samples_with_outliers to None, run_after=None
[2023-12-21T19:35:14.484+0000] {logging_mixin.py:154} INFO - [2023-12-21T19:35:14.483+0000] {dag.py:2941} INFO - Sync 4 DAGs
[2023-12-21T19:35:14.488+0000] {logging_mixin.py:154} INFO - [2023-12-21T19:35:14.487+0000] {dag.py:3722} INFO - Setting next_dagrun for med_ins_prem_pred-v01.create_dim_tables to None, run_after=None
[2023-12-21T19:35:14.488+0000] {logging_mixin.py:154} INFO - [2023-12-21T19:35:14.488+0000] {dag.py:3722} INFO - Setting next_dagrun for med_ins_prem_pred-v01.insert_fk_into_fact_table to None, run_after=None
[2023-12-21T19:35:14.488+0000] {logging_mixin.py:154} INFO - [2023-12-21T19:35:14.488+0000] {dag.py:3722} INFO - Setting next_dagrun for med_ins_prem_pred-v01.remove_replaced_dim_cols to None, run_after=None
[2023-12-21T19:35:14.488+0000] {logging_mixin.py:154} INFO - [2023-12-21T19:35:14.488+0000] {dag.py:3722} INFO - Setting next_dagrun for med_ins_prem_pred-v01.remove_samples_with_outliers to None, run_after=None
[2023-12-21T19:35:14.497+0000] {processor.py:179} INFO - Processing /opt/airflow/dags/med_insurance_prem_pred.py took 0.316 seconds
[2023-12-21T19:35:44.580+0000] {processor.py:157} INFO - Started process (PID=855) to work on /opt/airflow/dags/med_insurance_prem_pred.py
[2023-12-21T19:35:44.581+0000] {processor.py:829} INFO - Processing file /opt/airflow/dags/med_insurance_prem_pred.py for tasks to queue
[2023-12-21T19:35:44.583+0000] {logging_mixin.py:154} INFO - [2023-12-21T19:35:44.582+0000] {dagbag.py:536} INFO - Filling up the DagBag from /opt/airflow/dags/med_insurance_prem_pred.py
[2023-12-21T19:35:44.838+0000] {processor.py:839} INFO - DAG(s) dict_keys(['med_ins_prem_pred-v01.remove_samples_with_outliers', 'med_ins_prem_pred-v01.create_dim_tables', 'med_ins_prem_pred-v01.insert_fk_into_fact_table', 'med_ins_prem_pred-v01.remove_replaced_dim_cols', 'med_ins_prem_pred-v01']) retrieved from /opt/airflow/dags/med_insurance_prem_pred.py
[2023-12-21T19:35:44.860+0000] {logging_mixin.py:154} INFO - [2023-12-21T19:35:44.860+0000] {dag.py:2941} INFO - Sync 5 DAGs
[2023-12-21T19:35:44.870+0000] {logging_mixin.py:154} INFO - [2023-12-21T19:35:44.870+0000] {dag.py:3722} INFO - Setting next_dagrun for med_ins_prem_pred-v01 to None, run_after=None
[2023-12-21T19:35:44.872+0000] {logging_mixin.py:154} INFO - [2023-12-21T19:35:44.872+0000] {dag.py:3722} INFO - Setting next_dagrun for med_ins_prem_pred-v01.create_dim_tables to None, run_after=None
[2023-12-21T19:35:44.873+0000] {logging_mixin.py:154} INFO - [2023-12-21T19:35:44.872+0000] {dag.py:3722} INFO - Setting next_dagrun for med_ins_prem_pred-v01.insert_fk_into_fact_table to None, run_after=None
[2023-12-21T19:35:44.873+0000] {logging_mixin.py:154} INFO - [2023-12-21T19:35:44.873+0000] {dag.py:3722} INFO - Setting next_dagrun for med_ins_prem_pred-v01.remove_replaced_dim_cols to None, run_after=None
[2023-12-21T19:35:44.874+0000] {logging_mixin.py:154} INFO - [2023-12-21T19:35:44.874+0000] {dag.py:3722} INFO - Setting next_dagrun for med_ins_prem_pred-v01.remove_samples_with_outliers to None, run_after=None
[2023-12-21T19:35:44.878+0000] {logging_mixin.py:154} INFO - [2023-12-21T19:35:44.877+0000] {dag.py:2941} INFO - Sync 4 DAGs
[2023-12-21T19:35:44.880+0000] {logging_mixin.py:154} INFO - [2023-12-21T19:35:44.880+0000] {dag.py:3722} INFO - Setting next_dagrun for med_ins_prem_pred-v01.create_dim_tables to None, run_after=None
[2023-12-21T19:35:44.880+0000] {logging_mixin.py:154} INFO - [2023-12-21T19:35:44.880+0000] {dag.py:3722} INFO - Setting next_dagrun for med_ins_prem_pred-v01.insert_fk_into_fact_table to None, run_after=None
[2023-12-21T19:35:44.881+0000] {logging_mixin.py:154} INFO - [2023-12-21T19:35:44.881+0000] {dag.py:3722} INFO - Setting next_dagrun for med_ins_prem_pred-v01.remove_replaced_dim_cols to None, run_after=None
[2023-12-21T19:35:44.881+0000] {logging_mixin.py:154} INFO - [2023-12-21T19:35:44.881+0000] {dag.py:3722} INFO - Setting next_dagrun for med_ins_prem_pred-v01.remove_samples_with_outliers to None, run_after=None
[2023-12-21T19:35:44.887+0000] {processor.py:179} INFO - Processing /opt/airflow/dags/med_insurance_prem_pred.py took 0.311 seconds
[2023-12-21T19:36:15.018+0000] {processor.py:157} INFO - Started process (PID=888) to work on /opt/airflow/dags/med_insurance_prem_pred.py
[2023-12-21T19:36:15.020+0000] {processor.py:829} INFO - Processing file /opt/airflow/dags/med_insurance_prem_pred.py for tasks to queue
[2023-12-21T19:36:15.021+0000] {logging_mixin.py:154} INFO - [2023-12-21T19:36:15.020+0000] {dagbag.py:536} INFO - Filling up the DagBag from /opt/airflow/dags/med_insurance_prem_pred.py
[2023-12-21T19:36:15.265+0000] {processor.py:839} INFO - DAG(s) dict_keys(['med_ins_prem_pred-v01.remove_samples_with_outliers', 'med_ins_prem_pred-v01.create_dim_tables', 'med_ins_prem_pred-v01.insert_fk_into_fact_table', 'med_ins_prem_pred-v01.remove_replaced_dim_cols', 'med_ins_prem_pred-v01']) retrieved from /opt/airflow/dags/med_insurance_prem_pred.py
[2023-12-21T19:36:15.286+0000] {logging_mixin.py:154} INFO - [2023-12-21T19:36:15.286+0000] {dag.py:2941} INFO - Sync 5 DAGs
[2023-12-21T19:36:15.295+0000] {logging_mixin.py:154} INFO - [2023-12-21T19:36:15.295+0000] {dag.py:3722} INFO - Setting next_dagrun for med_ins_prem_pred-v01 to None, run_after=None
[2023-12-21T19:36:15.297+0000] {logging_mixin.py:154} INFO - [2023-12-21T19:36:15.297+0000] {dag.py:3722} INFO - Setting next_dagrun for med_ins_prem_pred-v01.create_dim_tables to None, run_after=None
[2023-12-21T19:36:15.297+0000] {logging_mixin.py:154} INFO - [2023-12-21T19:36:15.297+0000] {dag.py:3722} INFO - Setting next_dagrun for med_ins_prem_pred-v01.insert_fk_into_fact_table to None, run_after=None
[2023-12-21T19:36:15.298+0000] {logging_mixin.py:154} INFO - [2023-12-21T19:36:15.298+0000] {dag.py:3722} INFO - Setting next_dagrun for med_ins_prem_pred-v01.remove_replaced_dim_cols to None, run_after=None
[2023-12-21T19:36:15.298+0000] {logging_mixin.py:154} INFO - [2023-12-21T19:36:15.298+0000] {dag.py:3722} INFO - Setting next_dagrun for med_ins_prem_pred-v01.remove_samples_with_outliers to None, run_after=None
[2023-12-21T19:36:15.302+0000] {logging_mixin.py:154} INFO - [2023-12-21T19:36:15.302+0000] {dag.py:2941} INFO - Sync 4 DAGs
[2023-12-21T19:36:15.304+0000] {logging_mixin.py:154} INFO - [2023-12-21T19:36:15.304+0000] {dag.py:3722} INFO - Setting next_dagrun for med_ins_prem_pred-v01.create_dim_tables to None, run_after=None
[2023-12-21T19:36:15.304+0000] {logging_mixin.py:154} INFO - [2023-12-21T19:36:15.304+0000] {dag.py:3722} INFO - Setting next_dagrun for med_ins_prem_pred-v01.insert_fk_into_fact_table to None, run_after=None
[2023-12-21T19:36:15.305+0000] {logging_mixin.py:154} INFO - [2023-12-21T19:36:15.305+0000] {dag.py:3722} INFO - Setting next_dagrun for med_ins_prem_pred-v01.remove_replaced_dim_cols to None, run_after=None
[2023-12-21T19:36:15.305+0000] {logging_mixin.py:154} INFO - [2023-12-21T19:36:15.305+0000] {dag.py:3722} INFO - Setting next_dagrun for med_ins_prem_pred-v01.remove_samples_with_outliers to None, run_after=None
[2023-12-21T19:36:15.310+0000] {processor.py:179} INFO - Processing /opt/airflow/dags/med_insurance_prem_pred.py took 0.296 seconds
[2023-12-21T19:36:45.392+0000] {processor.py:157} INFO - Started process (PID=933) to work on /opt/airflow/dags/med_insurance_prem_pred.py
[2023-12-21T19:36:45.394+0000] {processor.py:829} INFO - Processing file /opt/airflow/dags/med_insurance_prem_pred.py for tasks to queue
[2023-12-21T19:36:45.395+0000] {logging_mixin.py:154} INFO - [2023-12-21T19:36:45.395+0000] {dagbag.py:536} INFO - Filling up the DagBag from /opt/airflow/dags/med_insurance_prem_pred.py
[2023-12-21T19:36:45.653+0000] {processor.py:839} INFO - DAG(s) dict_keys(['med_ins_prem_pred-v01.remove_samples_with_outliers', 'med_ins_prem_pred-v01.create_dim_tables', 'med_ins_prem_pred-v01.insert_fk_into_fact_table', 'med_ins_prem_pred-v01.remove_replaced_dim_cols', 'med_ins_prem_pred-v01']) retrieved from /opt/airflow/dags/med_insurance_prem_pred.py
[2023-12-21T19:36:45.676+0000] {logging_mixin.py:154} INFO - [2023-12-21T19:36:45.676+0000] {dag.py:2941} INFO - Sync 5 DAGs
[2023-12-21T19:36:45.686+0000] {logging_mixin.py:154} INFO - [2023-12-21T19:36:45.686+0000] {dag.py:3722} INFO - Setting next_dagrun for med_ins_prem_pred-v01 to None, run_after=None
[2023-12-21T19:36:45.689+0000] {logging_mixin.py:154} INFO - [2023-12-21T19:36:45.689+0000] {dag.py:3722} INFO - Setting next_dagrun for med_ins_prem_pred-v01.create_dim_tables to None, run_after=None
[2023-12-21T19:36:45.689+0000] {logging_mixin.py:154} INFO - [2023-12-21T19:36:45.689+0000] {dag.py:3722} INFO - Setting next_dagrun for med_ins_prem_pred-v01.insert_fk_into_fact_table to None, run_after=None
[2023-12-21T19:36:45.690+0000] {logging_mixin.py:154} INFO - [2023-12-21T19:36:45.690+0000] {dag.py:3722} INFO - Setting next_dagrun for med_ins_prem_pred-v01.remove_replaced_dim_cols to None, run_after=None
[2023-12-21T19:36:45.691+0000] {logging_mixin.py:154} INFO - [2023-12-21T19:36:45.690+0000] {dag.py:3722} INFO - Setting next_dagrun for med_ins_prem_pred-v01.remove_samples_with_outliers to None, run_after=None
[2023-12-21T19:36:45.694+0000] {logging_mixin.py:154} INFO - [2023-12-21T19:36:45.694+0000] {dag.py:2941} INFO - Sync 4 DAGs
[2023-12-21T19:36:45.697+0000] {logging_mixin.py:154} INFO - [2023-12-21T19:36:45.697+0000] {dag.py:3722} INFO - Setting next_dagrun for med_ins_prem_pred-v01.create_dim_tables to None, run_after=None
[2023-12-21T19:36:45.697+0000] {logging_mixin.py:154} INFO - [2023-12-21T19:36:45.697+0000] {dag.py:3722} INFO - Setting next_dagrun for med_ins_prem_pred-v01.insert_fk_into_fact_table to None, run_after=None
[2023-12-21T19:36:45.698+0000] {logging_mixin.py:154} INFO - [2023-12-21T19:36:45.697+0000] {dag.py:3722} INFO - Setting next_dagrun for med_ins_prem_pred-v01.remove_replaced_dim_cols to None, run_after=None
[2023-12-21T19:36:45.698+0000] {logging_mixin.py:154} INFO - [2023-12-21T19:36:45.698+0000] {dag.py:3722} INFO - Setting next_dagrun for med_ins_prem_pred-v01.remove_samples_with_outliers to None, run_after=None
[2023-12-21T19:36:45.705+0000] {processor.py:179} INFO - Processing /opt/airflow/dags/med_insurance_prem_pred.py took 0.316 seconds
[2023-12-21T19:37:15.825+0000] {processor.py:157} INFO - Started process (PID=966) to work on /opt/airflow/dags/med_insurance_prem_pred.py
[2023-12-21T19:37:15.827+0000] {processor.py:829} INFO - Processing file /opt/airflow/dags/med_insurance_prem_pred.py for tasks to queue
[2023-12-21T19:37:15.828+0000] {logging_mixin.py:154} INFO - [2023-12-21T19:37:15.827+0000] {dagbag.py:536} INFO - Filling up the DagBag from /opt/airflow/dags/med_insurance_prem_pred.py
[2023-12-21T19:37:16.089+0000] {processor.py:839} INFO - DAG(s) dict_keys(['med_ins_prem_pred-v01.remove_samples_with_outliers', 'med_ins_prem_pred-v01.create_dim_tables', 'med_ins_prem_pred-v01.insert_fk_into_fact_table', 'med_ins_prem_pred-v01.remove_replaced_dim_cols', 'med_ins_prem_pred-v01']) retrieved from /opt/airflow/dags/med_insurance_prem_pred.py
[2023-12-21T19:37:16.110+0000] {logging_mixin.py:154} INFO - [2023-12-21T19:37:16.110+0000] {dag.py:2941} INFO - Sync 5 DAGs
[2023-12-21T19:37:16.119+0000] {logging_mixin.py:154} INFO - [2023-12-21T19:37:16.119+0000] {dag.py:3722} INFO - Setting next_dagrun for med_ins_prem_pred-v01 to None, run_after=None
[2023-12-21T19:37:16.121+0000] {logging_mixin.py:154} INFO - [2023-12-21T19:37:16.121+0000] {dag.py:3722} INFO - Setting next_dagrun for med_ins_prem_pred-v01.create_dim_tables to None, run_after=None
[2023-12-21T19:37:16.122+0000] {logging_mixin.py:154} INFO - [2023-12-21T19:37:16.122+0000] {dag.py:3722} INFO - Setting next_dagrun for med_ins_prem_pred-v01.insert_fk_into_fact_table to None, run_after=None
[2023-12-21T19:37:16.122+0000] {logging_mixin.py:154} INFO - [2023-12-21T19:37:16.122+0000] {dag.py:3722} INFO - Setting next_dagrun for med_ins_prem_pred-v01.remove_replaced_dim_cols to None, run_after=None
[2023-12-21T19:37:16.123+0000] {logging_mixin.py:154} INFO - [2023-12-21T19:37:16.123+0000] {dag.py:3722} INFO - Setting next_dagrun for med_ins_prem_pred-v01.remove_samples_with_outliers to None, run_after=None
[2023-12-21T19:37:16.126+0000] {logging_mixin.py:154} INFO - [2023-12-21T19:37:16.126+0000] {dag.py:2941} INFO - Sync 4 DAGs
[2023-12-21T19:37:16.128+0000] {logging_mixin.py:154} INFO - [2023-12-21T19:37:16.128+0000] {dag.py:3722} INFO - Setting next_dagrun for med_ins_prem_pred-v01.create_dim_tables to None, run_after=None
[2023-12-21T19:37:16.129+0000] {logging_mixin.py:154} INFO - [2023-12-21T19:37:16.129+0000] {dag.py:3722} INFO - Setting next_dagrun for med_ins_prem_pred-v01.insert_fk_into_fact_table to None, run_after=None
[2023-12-21T19:37:16.129+0000] {logging_mixin.py:154} INFO - [2023-12-21T19:37:16.129+0000] {dag.py:3722} INFO - Setting next_dagrun for med_ins_prem_pred-v01.remove_replaced_dim_cols to None, run_after=None
[2023-12-21T19:37:16.129+0000] {logging_mixin.py:154} INFO - [2023-12-21T19:37:16.129+0000] {dag.py:3722} INFO - Setting next_dagrun for med_ins_prem_pred-v01.remove_samples_with_outliers to None, run_after=None
[2023-12-21T19:37:16.134+0000] {processor.py:179} INFO - Processing /opt/airflow/dags/med_insurance_prem_pred.py took 0.313 seconds
[2023-12-21T19:37:46.238+0000] {processor.py:157} INFO - Started process (PID=999) to work on /opt/airflow/dags/med_insurance_prem_pred.py
[2023-12-21T19:37:46.239+0000] {processor.py:829} INFO - Processing file /opt/airflow/dags/med_insurance_prem_pred.py for tasks to queue
[2023-12-21T19:37:46.239+0000] {logging_mixin.py:154} INFO - [2023-12-21T19:37:46.239+0000] {dagbag.py:536} INFO - Filling up the DagBag from /opt/airflow/dags/med_insurance_prem_pred.py
[2023-12-21T19:37:46.479+0000] {processor.py:839} INFO - DAG(s) dict_keys(['med_ins_prem_pred-v01.remove_samples_with_outliers', 'med_ins_prem_pred-v01.create_dim_tables', 'med_ins_prem_pred-v01.insert_fk_into_fact_table', 'med_ins_prem_pred-v01.remove_replaced_dim_cols', 'med_ins_prem_pred-v01']) retrieved from /opt/airflow/dags/med_insurance_prem_pred.py
[2023-12-21T19:37:46.501+0000] {logging_mixin.py:154} INFO - [2023-12-21T19:37:46.500+0000] {dag.py:2941} INFO - Sync 5 DAGs
[2023-12-21T19:37:46.510+0000] {logging_mixin.py:154} INFO - [2023-12-21T19:37:46.510+0000] {dag.py:3722} INFO - Setting next_dagrun for med_ins_prem_pred-v01 to None, run_after=None
[2023-12-21T19:37:46.512+0000] {logging_mixin.py:154} INFO - [2023-12-21T19:37:46.511+0000] {dag.py:3722} INFO - Setting next_dagrun for med_ins_prem_pred-v01.create_dim_tables to None, run_after=None
[2023-12-21T19:37:46.512+0000] {logging_mixin.py:154} INFO - [2023-12-21T19:37:46.512+0000] {dag.py:3722} INFO - Setting next_dagrun for med_ins_prem_pred-v01.insert_fk_into_fact_table to None, run_after=None
[2023-12-21T19:37:46.513+0000] {logging_mixin.py:154} INFO - [2023-12-21T19:37:46.513+0000] {dag.py:3722} INFO - Setting next_dagrun for med_ins_prem_pred-v01.remove_replaced_dim_cols to None, run_after=None
[2023-12-21T19:37:46.513+0000] {logging_mixin.py:154} INFO - [2023-12-21T19:37:46.513+0000] {dag.py:3722} INFO - Setting next_dagrun for med_ins_prem_pred-v01.remove_samples_with_outliers to None, run_after=None
[2023-12-21T19:37:46.517+0000] {logging_mixin.py:154} INFO - [2023-12-21T19:37:46.517+0000] {dag.py:2941} INFO - Sync 4 DAGs
[2023-12-21T19:37:46.520+0000] {logging_mixin.py:154} INFO - [2023-12-21T19:37:46.520+0000] {dag.py:3722} INFO - Setting next_dagrun for med_ins_prem_pred-v01.create_dim_tables to None, run_after=None
[2023-12-21T19:37:46.520+0000] {logging_mixin.py:154} INFO - [2023-12-21T19:37:46.520+0000] {dag.py:3722} INFO - Setting next_dagrun for med_ins_prem_pred-v01.insert_fk_into_fact_table to None, run_after=None
[2023-12-21T19:37:46.520+0000] {logging_mixin.py:154} INFO - [2023-12-21T19:37:46.520+0000] {dag.py:3722} INFO - Setting next_dagrun for med_ins_prem_pred-v01.remove_replaced_dim_cols to None, run_after=None
[2023-12-21T19:37:46.520+0000] {logging_mixin.py:154} INFO - [2023-12-21T19:37:46.520+0000] {dag.py:3722} INFO - Setting next_dagrun for med_ins_prem_pred-v01.remove_samples_with_outliers to None, run_after=None
[2023-12-21T19:37:46.525+0000] {processor.py:179} INFO - Processing /opt/airflow/dags/med_insurance_prem_pred.py took 0.291 seconds
[2023-12-21T19:38:09.514+0000] {processor.py:157} INFO - Started process (PID=1012) to work on /opt/airflow/dags/med_insurance_prem_pred.py
[2023-12-21T19:38:09.515+0000] {processor.py:829} INFO - Processing file /opt/airflow/dags/med_insurance_prem_pred.py for tasks to queue
[2023-12-21T19:38:09.516+0000] {logging_mixin.py:154} INFO - [2023-12-21T19:38:09.516+0000] {dagbag.py:536} INFO - Filling up the DagBag from /opt/airflow/dags/med_insurance_prem_pred.py
[2023-12-21T19:38:09.766+0000] {processor.py:839} INFO - DAG(s) dict_keys(['med_ins_prem_pred-v01.remove_samples_with_outliers', 'med_ins_prem_pred-v01.create_dim_tables', 'med_ins_prem_pred-v01.insert_fk_into_fact_table', 'med_ins_prem_pred-v01.remove_replaced_dim_cols', 'med_ins_prem_pred-v01']) retrieved from /opt/airflow/dags/med_insurance_prem_pred.py
[2023-12-21T19:38:09.787+0000] {logging_mixin.py:154} INFO - [2023-12-21T19:38:09.787+0000] {dag.py:2941} INFO - Sync 5 DAGs
[2023-12-21T19:38:09.796+0000] {logging_mixin.py:154} INFO - [2023-12-21T19:38:09.796+0000] {dag.py:3722} INFO - Setting next_dagrun for med_ins_prem_pred-v01 to None, run_after=None
[2023-12-21T19:38:09.798+0000] {logging_mixin.py:154} INFO - [2023-12-21T19:38:09.798+0000] {dag.py:3722} INFO - Setting next_dagrun for med_ins_prem_pred-v01.create_dim_tables to None, run_after=None
[2023-12-21T19:38:09.798+0000] {logging_mixin.py:154} INFO - [2023-12-21T19:38:09.798+0000] {dag.py:3722} INFO - Setting next_dagrun for med_ins_prem_pred-v01.insert_fk_into_fact_table to None, run_after=None
[2023-12-21T19:38:09.799+0000] {logging_mixin.py:154} INFO - [2023-12-21T19:38:09.799+0000] {dag.py:3722} INFO - Setting next_dagrun for med_ins_prem_pred-v01.remove_replaced_dim_cols to None, run_after=None
[2023-12-21T19:38:09.800+0000] {logging_mixin.py:154} INFO - [2023-12-21T19:38:09.800+0000] {dag.py:3722} INFO - Setting next_dagrun for med_ins_prem_pred-v01.remove_samples_with_outliers to None, run_after=None
[2023-12-21T19:38:09.804+0000] {logging_mixin.py:154} INFO - [2023-12-21T19:38:09.804+0000] {dag.py:2941} INFO - Sync 4 DAGs
[2023-12-21T19:38:09.806+0000] {logging_mixin.py:154} INFO - [2023-12-21T19:38:09.806+0000] {dag.py:3722} INFO - Setting next_dagrun for med_ins_prem_pred-v01.create_dim_tables to None, run_after=None
[2023-12-21T19:38:09.807+0000] {logging_mixin.py:154} INFO - [2023-12-21T19:38:09.807+0000] {dag.py:3722} INFO - Setting next_dagrun for med_ins_prem_pred-v01.insert_fk_into_fact_table to None, run_after=None
[2023-12-21T19:38:09.807+0000] {logging_mixin.py:154} INFO - [2023-12-21T19:38:09.807+0000] {dag.py:3722} INFO - Setting next_dagrun for med_ins_prem_pred-v01.remove_replaced_dim_cols to None, run_after=None
[2023-12-21T19:38:09.807+0000] {logging_mixin.py:154} INFO - [2023-12-21T19:38:09.807+0000] {dag.py:3722} INFO - Setting next_dagrun for med_ins_prem_pred-v01.remove_samples_with_outliers to None, run_after=None
[2023-12-21T19:38:09.812+0000] {processor.py:179} INFO - Processing /opt/airflow/dags/med_insurance_prem_pred.py took 0.304 seconds
[2023-12-21T19:38:20.934+0000] {processor.py:157} INFO - Started process (PID=1038) to work on /opt/airflow/dags/med_insurance_prem_pred.py
[2023-12-21T19:38:20.935+0000] {processor.py:829} INFO - Processing file /opt/airflow/dags/med_insurance_prem_pred.py for tasks to queue
[2023-12-21T19:38:20.936+0000] {logging_mixin.py:154} INFO - [2023-12-21T19:38:20.936+0000] {dagbag.py:536} INFO - Filling up the DagBag from /opt/airflow/dags/med_insurance_prem_pred.py
[2023-12-21T19:38:21.205+0000] {processor.py:839} INFO - DAG(s) dict_keys(['med_ins_prem_pred-v01.remove_samples_with_outliers', 'med_ins_prem_pred-v01.create_dim_tables', 'med_ins_prem_pred-v01.insert_fk_into_fact_table', 'med_ins_prem_pred-v01.remove_replaced_dim_cols', 'med_ins_prem_pred-v01']) retrieved from /opt/airflow/dags/med_insurance_prem_pred.py
[2023-12-21T19:38:21.240+0000] {logging_mixin.py:154} INFO - [2023-12-21T19:38:21.239+0000] {dag.py:2941} INFO - Sync 5 DAGs
[2023-12-21T19:38:21.249+0000] {logging_mixin.py:154} INFO - [2023-12-21T19:38:21.249+0000] {dag.py:3722} INFO - Setting next_dagrun for med_ins_prem_pred-v01 to None, run_after=None
[2023-12-21T19:38:21.251+0000] {logging_mixin.py:154} INFO - [2023-12-21T19:38:21.251+0000] {dag.py:3722} INFO - Setting next_dagrun for med_ins_prem_pred-v01.create_dim_tables to None, run_after=None
[2023-12-21T19:38:21.252+0000] {logging_mixin.py:154} INFO - [2023-12-21T19:38:21.252+0000] {dag.py:3722} INFO - Setting next_dagrun for med_ins_prem_pred-v01.insert_fk_into_fact_table to None, run_after=None
[2023-12-21T19:38:21.253+0000] {logging_mixin.py:154} INFO - [2023-12-21T19:38:21.253+0000] {dag.py:3722} INFO - Setting next_dagrun for med_ins_prem_pred-v01.remove_replaced_dim_cols to None, run_after=None
[2023-12-21T19:38:21.254+0000] {logging_mixin.py:154} INFO - [2023-12-21T19:38:21.254+0000] {dag.py:3722} INFO - Setting next_dagrun for med_ins_prem_pred-v01.remove_samples_with_outliers to None, run_after=None
[2023-12-21T19:38:21.259+0000] {logging_mixin.py:154} INFO - [2023-12-21T19:38:21.259+0000] {dag.py:2941} INFO - Sync 4 DAGs
[2023-12-21T19:38:21.261+0000] {logging_mixin.py:154} INFO - [2023-12-21T19:38:21.261+0000] {dag.py:3722} INFO - Setting next_dagrun for med_ins_prem_pred-v01.create_dim_tables to None, run_after=None
[2023-12-21T19:38:21.262+0000] {logging_mixin.py:154} INFO - [2023-12-21T19:38:21.262+0000] {dag.py:3722} INFO - Setting next_dagrun for med_ins_prem_pred-v01.insert_fk_into_fact_table to None, run_after=None
[2023-12-21T19:38:21.262+0000] {logging_mixin.py:154} INFO - [2023-12-21T19:38:21.262+0000] {dag.py:3722} INFO - Setting next_dagrun for med_ins_prem_pred-v01.remove_replaced_dim_cols to None, run_after=None
[2023-12-21T19:38:21.262+0000] {logging_mixin.py:154} INFO - [2023-12-21T19:38:21.262+0000] {dag.py:3722} INFO - Setting next_dagrun for med_ins_prem_pred-v01.remove_samples_with_outliers to None, run_after=None
[2023-12-21T19:38:21.267+0000] {processor.py:179} INFO - Processing /opt/airflow/dags/med_insurance_prem_pred.py took 0.338 seconds
