[2023-12-21T16:20:00.974+0000] {processor.py:157} INFO - Started process (PID=193) to work on /opt/airflow/dags/clean_up_after_star_schema_creation.py
[2023-12-21T16:20:00.982+0000] {processor.py:829} INFO - Processing file /opt/airflow/dags/clean_up_after_star_schema_creation.py for tasks to queue
[2023-12-21T16:20:00.989+0000] {logging_mixin.py:154} INFO - [2023-12-21T16:20:00.989+0000] {dagbag.py:536} INFO - Filling up the DagBag from /opt/airflow/dags/clean_up_after_star_schema_creation.py
[2023-12-21T16:20:01.031+0000] {processor.py:841} WARNING - No viable dags retrieved from /opt/airflow/dags/clean_up_after_star_schema_creation.py
[2023-12-21T16:20:01.053+0000] {processor.py:179} INFO - Processing /opt/airflow/dags/clean_up_after_star_schema_creation.py took 0.084 seconds
[2023-12-21T16:20:31.163+0000] {processor.py:157} INFO - Started process (PID=234) to work on /opt/airflow/dags/clean_up_after_star_schema_creation.py
[2023-12-21T16:20:31.167+0000] {processor.py:829} INFO - Processing file /opt/airflow/dags/clean_up_after_star_schema_creation.py for tasks to queue
[2023-12-21T16:20:31.183+0000] {logging_mixin.py:154} INFO - [2023-12-21T16:20:31.183+0000] {dagbag.py:536} INFO - Filling up the DagBag from /opt/airflow/dags/clean_up_after_star_schema_creation.py
[2023-12-21T16:20:31.223+0000] {processor.py:841} WARNING - No viable dags retrieved from /opt/airflow/dags/clean_up_after_star_schema_creation.py
[2023-12-21T16:20:31.252+0000] {processor.py:179} INFO - Processing /opt/airflow/dags/clean_up_after_star_schema_creation.py took 0.092 seconds
[2023-12-21T16:21:01.937+0000] {processor.py:157} INFO - Started process (PID=271) to work on /opt/airflow/dags/clean_up_after_star_schema_creation.py
[2023-12-21T16:21:01.938+0000] {processor.py:829} INFO - Processing file /opt/airflow/dags/clean_up_after_star_schema_creation.py for tasks to queue
[2023-12-21T16:21:01.938+0000] {logging_mixin.py:154} INFO - [2023-12-21T16:21:01.938+0000] {dagbag.py:536} INFO - Filling up the DagBag from /opt/airflow/dags/clean_up_after_star_schema_creation.py
[2023-12-21T16:21:01.944+0000] {processor.py:841} WARNING - No viable dags retrieved from /opt/airflow/dags/clean_up_after_star_schema_creation.py
[2023-12-21T16:21:01.954+0000] {processor.py:179} INFO - Processing /opt/airflow/dags/clean_up_after_star_schema_creation.py took 0.020 seconds
[2023-12-21T16:21:32.238+0000] {processor.py:157} INFO - Started process (PID=308) to work on /opt/airflow/dags/clean_up_after_star_schema_creation.py
[2023-12-21T16:21:32.239+0000] {processor.py:829} INFO - Processing file /opt/airflow/dags/clean_up_after_star_schema_creation.py for tasks to queue
[2023-12-21T16:21:32.241+0000] {logging_mixin.py:154} INFO - [2023-12-21T16:21:32.241+0000] {dagbag.py:536} INFO - Filling up the DagBag from /opt/airflow/dags/clean_up_after_star_schema_creation.py
[2023-12-21T16:21:32.248+0000] {processor.py:841} WARNING - No viable dags retrieved from /opt/airflow/dags/clean_up_after_star_schema_creation.py
[2023-12-21T16:21:32.260+0000] {processor.py:179} INFO - Processing /opt/airflow/dags/clean_up_after_star_schema_creation.py took 0.024 seconds
[2023-12-21T16:22:02.797+0000] {processor.py:157} INFO - Started process (PID=355) to work on /opt/airflow/dags/clean_up_after_star_schema_creation.py
[2023-12-21T16:22:02.801+0000] {processor.py:829} INFO - Processing file /opt/airflow/dags/clean_up_after_star_schema_creation.py for tasks to queue
[2023-12-21T16:22:02.801+0000] {logging_mixin.py:154} INFO - [2023-12-21T16:22:02.801+0000] {dagbag.py:536} INFO - Filling up the DagBag from /opt/airflow/dags/clean_up_after_star_schema_creation.py
[2023-12-21T16:22:02.805+0000] {processor.py:841} WARNING - No viable dags retrieved from /opt/airflow/dags/clean_up_after_star_schema_creation.py
[2023-12-21T16:22:02.816+0000] {processor.py:179} INFO - Processing /opt/airflow/dags/clean_up_after_star_schema_creation.py took 0.021 seconds
[2023-12-21T16:22:33.255+0000] {processor.py:157} INFO - Started process (PID=397) to work on /opt/airflow/dags/clean_up_after_star_schema_creation.py
[2023-12-21T16:22:33.255+0000] {processor.py:829} INFO - Processing file /opt/airflow/dags/clean_up_after_star_schema_creation.py for tasks to queue
[2023-12-21T16:22:33.256+0000] {logging_mixin.py:154} INFO - [2023-12-21T16:22:33.256+0000] {dagbag.py:536} INFO - Filling up the DagBag from /opt/airflow/dags/clean_up_after_star_schema_creation.py
[2023-12-21T16:22:33.260+0000] {processor.py:841} WARNING - No viable dags retrieved from /opt/airflow/dags/clean_up_after_star_schema_creation.py
[2023-12-21T16:22:33.270+0000] {processor.py:179} INFO - Processing /opt/airflow/dags/clean_up_after_star_schema_creation.py took 0.017 seconds
[2023-12-21T16:23:03.735+0000] {processor.py:157} INFO - Started process (PID=434) to work on /opt/airflow/dags/clean_up_after_star_schema_creation.py
[2023-12-21T16:23:03.736+0000] {processor.py:829} INFO - Processing file /opt/airflow/dags/clean_up_after_star_schema_creation.py for tasks to queue
[2023-12-21T16:23:03.737+0000] {logging_mixin.py:154} INFO - [2023-12-21T16:23:03.736+0000] {dagbag.py:536} INFO - Filling up the DagBag from /opt/airflow/dags/clean_up_after_star_schema_creation.py
[2023-12-21T16:23:03.741+0000] {processor.py:841} WARNING - No viable dags retrieved from /opt/airflow/dags/clean_up_after_star_schema_creation.py
[2023-12-21T16:23:03.751+0000] {processor.py:179} INFO - Processing /opt/airflow/dags/clean_up_after_star_schema_creation.py took 0.018 seconds
[2023-12-21T16:23:34.199+0000] {processor.py:157} INFO - Started process (PID=471) to work on /opt/airflow/dags/clean_up_after_star_schema_creation.py
[2023-12-21T16:23:34.200+0000] {processor.py:829} INFO - Processing file /opt/airflow/dags/clean_up_after_star_schema_creation.py for tasks to queue
[2023-12-21T16:23:34.200+0000] {logging_mixin.py:154} INFO - [2023-12-21T16:23:34.200+0000] {dagbag.py:536} INFO - Filling up the DagBag from /opt/airflow/dags/clean_up_after_star_schema_creation.py
[2023-12-21T16:23:34.204+0000] {processor.py:841} WARNING - No viable dags retrieved from /opt/airflow/dags/clean_up_after_star_schema_creation.py
[2023-12-21T16:23:34.215+0000] {processor.py:179} INFO - Processing /opt/airflow/dags/clean_up_after_star_schema_creation.py took 0.017 seconds
[2023-12-21T16:24:04.693+0000] {processor.py:157} INFO - Started process (PID=511) to work on /opt/airflow/dags/clean_up_after_star_schema_creation.py
[2023-12-21T16:24:04.694+0000] {processor.py:829} INFO - Processing file /opt/airflow/dags/clean_up_after_star_schema_creation.py for tasks to queue
[2023-12-21T16:24:04.694+0000] {logging_mixin.py:154} INFO - [2023-12-21T16:24:04.694+0000] {dagbag.py:536} INFO - Filling up the DagBag from /opt/airflow/dags/clean_up_after_star_schema_creation.py
[2023-12-21T16:24:04.698+0000] {processor.py:841} WARNING - No viable dags retrieved from /opt/airflow/dags/clean_up_after_star_schema_creation.py
[2023-12-21T16:24:04.709+0000] {processor.py:179} INFO - Processing /opt/airflow/dags/clean_up_after_star_schema_creation.py took 0.019 seconds
[2023-12-21T16:24:35.200+0000] {processor.py:157} INFO - Started process (PID=553) to work on /opt/airflow/dags/clean_up_after_star_schema_creation.py
[2023-12-21T16:24:35.200+0000] {processor.py:829} INFO - Processing file /opt/airflow/dags/clean_up_after_star_schema_creation.py for tasks to queue
[2023-12-21T16:24:35.201+0000] {logging_mixin.py:154} INFO - [2023-12-21T16:24:35.200+0000] {dagbag.py:536} INFO - Filling up the DagBag from /opt/airflow/dags/clean_up_after_star_schema_creation.py
[2023-12-21T16:24:35.204+0000] {processor.py:841} WARNING - No viable dags retrieved from /opt/airflow/dags/clean_up_after_star_schema_creation.py
[2023-12-21T16:24:35.214+0000] {processor.py:179} INFO - Processing /opt/airflow/dags/clean_up_after_star_schema_creation.py took 0.016 seconds
[2023-12-21T16:25:05.744+0000] {processor.py:157} INFO - Started process (PID=595) to work on /opt/airflow/dags/clean_up_after_star_schema_creation.py
[2023-12-21T16:25:05.745+0000] {processor.py:829} INFO - Processing file /opt/airflow/dags/clean_up_after_star_schema_creation.py for tasks to queue
[2023-12-21T16:25:05.745+0000] {logging_mixin.py:154} INFO - [2023-12-21T16:25:05.745+0000] {dagbag.py:536} INFO - Filling up the DagBag from /opt/airflow/dags/clean_up_after_star_schema_creation.py
[2023-12-21T16:25:05.749+0000] {processor.py:841} WARNING - No viable dags retrieved from /opt/airflow/dags/clean_up_after_star_schema_creation.py
[2023-12-21T16:25:05.758+0000] {processor.py:179} INFO - Processing /opt/airflow/dags/clean_up_after_star_schema_creation.py took 0.016 seconds
[2023-12-21T16:25:36.312+0000] {processor.py:157} INFO - Started process (PID=642) to work on /opt/airflow/dags/clean_up_after_star_schema_creation.py
[2023-12-21T16:25:36.312+0000] {processor.py:829} INFO - Processing file /opt/airflow/dags/clean_up_after_star_schema_creation.py for tasks to queue
[2023-12-21T16:25:36.313+0000] {logging_mixin.py:154} INFO - [2023-12-21T16:25:36.313+0000] {dagbag.py:536} INFO - Filling up the DagBag from /opt/airflow/dags/clean_up_after_star_schema_creation.py
[2023-12-21T16:25:36.317+0000] {processor.py:841} WARNING - No viable dags retrieved from /opt/airflow/dags/clean_up_after_star_schema_creation.py
[2023-12-21T16:25:36.333+0000] {processor.py:179} INFO - Processing /opt/airflow/dags/clean_up_after_star_schema_creation.py took 0.024 seconds
[2023-12-21T16:26:06.946+0000] {processor.py:157} INFO - Started process (PID=704) to work on /opt/airflow/dags/clean_up_after_star_schema_creation.py
[2023-12-21T16:26:06.947+0000] {processor.py:829} INFO - Processing file /opt/airflow/dags/clean_up_after_star_schema_creation.py for tasks to queue
[2023-12-21T16:26:06.947+0000] {logging_mixin.py:154} INFO - [2023-12-21T16:26:06.947+0000] {dagbag.py:536} INFO - Filling up the DagBag from /opt/airflow/dags/clean_up_after_star_schema_creation.py
[2023-12-21T16:26:06.951+0000] {processor.py:841} WARNING - No viable dags retrieved from /opt/airflow/dags/clean_up_after_star_schema_creation.py
[2023-12-21T16:26:06.962+0000] {processor.py:179} INFO - Processing /opt/airflow/dags/clean_up_after_star_schema_creation.py took 0.018 seconds
[2023-12-21T16:26:37.545+0000] {processor.py:157} INFO - Started process (PID=753) to work on /opt/airflow/dags/clean_up_after_star_schema_creation.py
[2023-12-21T16:26:37.545+0000] {processor.py:829} INFO - Processing file /opt/airflow/dags/clean_up_after_star_schema_creation.py for tasks to queue
[2023-12-21T16:26:37.546+0000] {logging_mixin.py:154} INFO - [2023-12-21T16:26:37.546+0000] {dagbag.py:536} INFO - Filling up the DagBag from /opt/airflow/dags/clean_up_after_star_schema_creation.py
[2023-12-21T16:26:37.550+0000] {processor.py:841} WARNING - No viable dags retrieved from /opt/airflow/dags/clean_up_after_star_schema_creation.py
[2023-12-21T16:26:37.559+0000] {processor.py:179} INFO - Processing /opt/airflow/dags/clean_up_after_star_schema_creation.py took 0.016 seconds
[2023-12-21T16:27:08.248+0000] {processor.py:157} INFO - Started process (PID=805) to work on /opt/airflow/dags/clean_up_after_star_schema_creation.py
[2023-12-21T16:27:08.248+0000] {processor.py:829} INFO - Processing file /opt/airflow/dags/clean_up_after_star_schema_creation.py for tasks to queue
[2023-12-21T16:27:08.249+0000] {logging_mixin.py:154} INFO - [2023-12-21T16:27:08.249+0000] {dagbag.py:536} INFO - Filling up the DagBag from /opt/airflow/dags/clean_up_after_star_schema_creation.py
[2023-12-21T16:27:08.253+0000] {processor.py:841} WARNING - No viable dags retrieved from /opt/airflow/dags/clean_up_after_star_schema_creation.py
[2023-12-21T16:27:08.262+0000] {processor.py:179} INFO - Processing /opt/airflow/dags/clean_up_after_star_schema_creation.py took 0.017 seconds
[2023-12-21T16:27:38.955+0000] {processor.py:157} INFO - Started process (PID=852) to work on /opt/airflow/dags/clean_up_after_star_schema_creation.py
[2023-12-21T16:27:38.956+0000] {processor.py:829} INFO - Processing file /opt/airflow/dags/clean_up_after_star_schema_creation.py for tasks to queue
[2023-12-21T16:27:38.956+0000] {logging_mixin.py:154} INFO - [2023-12-21T16:27:38.956+0000] {dagbag.py:536} INFO - Filling up the DagBag from /opt/airflow/dags/clean_up_after_star_schema_creation.py
[2023-12-21T16:27:38.961+0000] {processor.py:841} WARNING - No viable dags retrieved from /opt/airflow/dags/clean_up_after_star_schema_creation.py
[2023-12-21T16:27:38.970+0000] {processor.py:179} INFO - Processing /opt/airflow/dags/clean_up_after_star_schema_creation.py took 0.017 seconds
[2023-12-21T16:28:09.641+0000] {processor.py:157} INFO - Started process (PID=899) to work on /opt/airflow/dags/clean_up_after_star_schema_creation.py
[2023-12-21T16:28:09.642+0000] {processor.py:829} INFO - Processing file /opt/airflow/dags/clean_up_after_star_schema_creation.py for tasks to queue
[2023-12-21T16:28:09.642+0000] {logging_mixin.py:154} INFO - [2023-12-21T16:28:09.642+0000] {dagbag.py:536} INFO - Filling up the DagBag from /opt/airflow/dags/clean_up_after_star_schema_creation.py
[2023-12-21T16:28:09.646+0000] {processor.py:841} WARNING - No viable dags retrieved from /opt/airflow/dags/clean_up_after_star_schema_creation.py
[2023-12-21T16:28:09.655+0000] {processor.py:179} INFO - Processing /opt/airflow/dags/clean_up_after_star_schema_creation.py took 0.016 seconds
[2023-12-21T16:28:40.235+0000] {processor.py:157} INFO - Started process (PID=951) to work on /opt/airflow/dags/clean_up_after_star_schema_creation.py
[2023-12-21T16:28:40.236+0000] {processor.py:829} INFO - Processing file /opt/airflow/dags/clean_up_after_star_schema_creation.py for tasks to queue
[2023-12-21T16:28:40.236+0000] {logging_mixin.py:154} INFO - [2023-12-21T16:28:40.236+0000] {dagbag.py:536} INFO - Filling up the DagBag from /opt/airflow/dags/clean_up_after_star_schema_creation.py
[2023-12-21T16:28:40.240+0000] {processor.py:841} WARNING - No viable dags retrieved from /opt/airflow/dags/clean_up_after_star_schema_creation.py
[2023-12-21T16:28:40.249+0000] {processor.py:179} INFO - Processing /opt/airflow/dags/clean_up_after_star_schema_creation.py took 0.016 seconds
[2023-12-21T16:29:10.715+0000] {processor.py:157} INFO - Started process (PID=991) to work on /opt/airflow/dags/clean_up_after_star_schema_creation.py
[2023-12-21T16:29:10.715+0000] {processor.py:829} INFO - Processing file /opt/airflow/dags/clean_up_after_star_schema_creation.py for tasks to queue
[2023-12-21T16:29:10.716+0000] {logging_mixin.py:154} INFO - [2023-12-21T16:29:10.716+0000] {dagbag.py:536} INFO - Filling up the DagBag from /opt/airflow/dags/clean_up_after_star_schema_creation.py
[2023-12-21T16:29:10.720+0000] {processor.py:841} WARNING - No viable dags retrieved from /opt/airflow/dags/clean_up_after_star_schema_creation.py
[2023-12-21T16:29:10.729+0000] {processor.py:179} INFO - Processing /opt/airflow/dags/clean_up_after_star_schema_creation.py took 0.017 seconds
[2023-12-21T16:29:41.233+0000] {processor.py:157} INFO - Started process (PID=1049) to work on /opt/airflow/dags/clean_up_after_star_schema_creation.py
[2023-12-21T16:29:41.234+0000] {processor.py:829} INFO - Processing file /opt/airflow/dags/clean_up_after_star_schema_creation.py for tasks to queue
[2023-12-21T16:29:41.234+0000] {logging_mixin.py:154} INFO - [2023-12-21T16:29:41.234+0000] {dagbag.py:536} INFO - Filling up the DagBag from /opt/airflow/dags/clean_up_after_star_schema_creation.py
[2023-12-21T16:29:41.238+0000] {processor.py:841} WARNING - No viable dags retrieved from /opt/airflow/dags/clean_up_after_star_schema_creation.py
[2023-12-21T16:29:41.247+0000] {processor.py:179} INFO - Processing /opt/airflow/dags/clean_up_after_star_schema_creation.py took 0.017 seconds
[2023-12-21T16:30:11.810+0000] {processor.py:157} INFO - Started process (PID=1093) to work on /opt/airflow/dags/clean_up_after_star_schema_creation.py
[2023-12-21T16:30:11.811+0000] {processor.py:829} INFO - Processing file /opt/airflow/dags/clean_up_after_star_schema_creation.py for tasks to queue
[2023-12-21T16:30:11.811+0000] {logging_mixin.py:154} INFO - [2023-12-21T16:30:11.811+0000] {dagbag.py:536} INFO - Filling up the DagBag from /opt/airflow/dags/clean_up_after_star_schema_creation.py
[2023-12-21T16:30:11.815+0000] {processor.py:841} WARNING - No viable dags retrieved from /opt/airflow/dags/clean_up_after_star_schema_creation.py
[2023-12-21T16:30:11.824+0000] {processor.py:179} INFO - Processing /opt/airflow/dags/clean_up_after_star_schema_creation.py took 0.016 seconds
[2023-12-21T16:30:42.273+0000] {processor.py:157} INFO - Started process (PID=1143) to work on /opt/airflow/dags/clean_up_after_star_schema_creation.py
[2023-12-21T16:30:42.274+0000] {processor.py:829} INFO - Processing file /opt/airflow/dags/clean_up_after_star_schema_creation.py for tasks to queue
[2023-12-21T16:30:42.274+0000] {logging_mixin.py:154} INFO - [2023-12-21T16:30:42.274+0000] {dagbag.py:536} INFO - Filling up the DagBag from /opt/airflow/dags/clean_up_after_star_schema_creation.py
[2023-12-21T16:30:42.279+0000] {processor.py:841} WARNING - No viable dags retrieved from /opt/airflow/dags/clean_up_after_star_schema_creation.py
[2023-12-21T16:30:42.289+0000] {processor.py:179} INFO - Processing /opt/airflow/dags/clean_up_after_star_schema_creation.py took 0.018 seconds
[2023-12-21T16:31:12.784+0000] {processor.py:157} INFO - Started process (PID=1185) to work on /opt/airflow/dags/clean_up_after_star_schema_creation.py
[2023-12-21T16:31:12.784+0000] {processor.py:829} INFO - Processing file /opt/airflow/dags/clean_up_after_star_schema_creation.py for tasks to queue
[2023-12-21T16:31:12.785+0000] {logging_mixin.py:154} INFO - [2023-12-21T16:31:12.785+0000] {dagbag.py:536} INFO - Filling up the DagBag from /opt/airflow/dags/clean_up_after_star_schema_creation.py
[2023-12-21T16:31:12.789+0000] {processor.py:841} WARNING - No viable dags retrieved from /opt/airflow/dags/clean_up_after_star_schema_creation.py
[2023-12-21T16:31:12.798+0000] {processor.py:179} INFO - Processing /opt/airflow/dags/clean_up_after_star_schema_creation.py took 0.016 seconds
[2023-12-21T16:31:43.372+0000] {processor.py:157} INFO - Started process (PID=1233) to work on /opt/airflow/dags/clean_up_after_star_schema_creation.py
[2023-12-21T16:31:43.373+0000] {processor.py:829} INFO - Processing file /opt/airflow/dags/clean_up_after_star_schema_creation.py for tasks to queue
[2023-12-21T16:31:43.373+0000] {logging_mixin.py:154} INFO - [2023-12-21T16:31:43.373+0000] {dagbag.py:536} INFO - Filling up the DagBag from /opt/airflow/dags/clean_up_after_star_schema_creation.py
[2023-12-21T16:31:43.377+0000] {processor.py:841} WARNING - No viable dags retrieved from /opt/airflow/dags/clean_up_after_star_schema_creation.py
[2023-12-21T16:31:43.387+0000] {processor.py:179} INFO - Processing /opt/airflow/dags/clean_up_after_star_schema_creation.py took 0.017 seconds
[2023-12-21T16:32:13.867+0000] {processor.py:157} INFO - Started process (PID=1275) to work on /opt/airflow/dags/clean_up_after_star_schema_creation.py
[2023-12-21T16:32:13.868+0000] {processor.py:829} INFO - Processing file /opt/airflow/dags/clean_up_after_star_schema_creation.py for tasks to queue
[2023-12-21T16:32:13.868+0000] {logging_mixin.py:154} INFO - [2023-12-21T16:32:13.868+0000] {dagbag.py:536} INFO - Filling up the DagBag from /opt/airflow/dags/clean_up_after_star_schema_creation.py
[2023-12-21T16:32:13.872+0000] {processor.py:841} WARNING - No viable dags retrieved from /opt/airflow/dags/clean_up_after_star_schema_creation.py
[2023-12-21T16:32:13.881+0000] {processor.py:179} INFO - Processing /opt/airflow/dags/clean_up_after_star_schema_creation.py took 0.016 seconds
[2023-12-21T16:32:44.271+0000] {processor.py:157} INFO - Started process (PID=1323) to work on /opt/airflow/dags/clean_up_after_star_schema_creation.py
[2023-12-21T16:32:44.271+0000] {processor.py:829} INFO - Processing file /opt/airflow/dags/clean_up_after_star_schema_creation.py for tasks to queue
[2023-12-21T16:32:44.272+0000] {logging_mixin.py:154} INFO - [2023-12-21T16:32:44.272+0000] {dagbag.py:536} INFO - Filling up the DagBag from /opt/airflow/dags/clean_up_after_star_schema_creation.py
[2023-12-21T16:32:44.276+0000] {processor.py:841} WARNING - No viable dags retrieved from /opt/airflow/dags/clean_up_after_star_schema_creation.py
[2023-12-21T16:32:44.285+0000] {processor.py:179} INFO - Processing /opt/airflow/dags/clean_up_after_star_schema_creation.py took 0.016 seconds
[2023-12-21T16:33:14.690+0000] {processor.py:157} INFO - Started process (PID=1365) to work on /opt/airflow/dags/clean_up_after_star_schema_creation.py
[2023-12-21T16:33:14.690+0000] {processor.py:829} INFO - Processing file /opt/airflow/dags/clean_up_after_star_schema_creation.py for tasks to queue
[2023-12-21T16:33:14.691+0000] {logging_mixin.py:154} INFO - [2023-12-21T16:33:14.691+0000] {dagbag.py:536} INFO - Filling up the DagBag from /opt/airflow/dags/clean_up_after_star_schema_creation.py
[2023-12-21T16:33:14.695+0000] {processor.py:841} WARNING - No viable dags retrieved from /opt/airflow/dags/clean_up_after_star_schema_creation.py
[2023-12-21T16:33:14.704+0000] {processor.py:179} INFO - Processing /opt/airflow/dags/clean_up_after_star_schema_creation.py took 0.016 seconds
[2023-12-21T16:33:45.134+0000] {processor.py:157} INFO - Started process (PID=1407) to work on /opt/airflow/dags/clean_up_after_star_schema_creation.py
[2023-12-21T16:33:45.135+0000] {processor.py:829} INFO - Processing file /opt/airflow/dags/clean_up_after_star_schema_creation.py for tasks to queue
[2023-12-21T16:33:45.135+0000] {logging_mixin.py:154} INFO - [2023-12-21T16:33:45.135+0000] {dagbag.py:536} INFO - Filling up the DagBag from /opt/airflow/dags/clean_up_after_star_schema_creation.py
[2023-12-21T16:33:45.139+0000] {processor.py:841} WARNING - No viable dags retrieved from /opt/airflow/dags/clean_up_after_star_schema_creation.py
[2023-12-21T16:33:45.149+0000] {processor.py:179} INFO - Processing /opt/airflow/dags/clean_up_after_star_schema_creation.py took 0.016 seconds
[2023-12-21T16:34:15.569+0000] {processor.py:157} INFO - Started process (PID=1449) to work on /opt/airflow/dags/clean_up_after_star_schema_creation.py
[2023-12-21T16:34:15.569+0000] {processor.py:829} INFO - Processing file /opt/airflow/dags/clean_up_after_star_schema_creation.py for tasks to queue
[2023-12-21T16:34:15.570+0000] {logging_mixin.py:154} INFO - [2023-12-21T16:34:15.570+0000] {dagbag.py:536} INFO - Filling up the DagBag from /opt/airflow/dags/clean_up_after_star_schema_creation.py
[2023-12-21T16:34:15.573+0000] {processor.py:841} WARNING - No viable dags retrieved from /opt/airflow/dags/clean_up_after_star_schema_creation.py
[2023-12-21T16:34:15.583+0000] {processor.py:179} INFO - Processing /opt/airflow/dags/clean_up_after_star_schema_creation.py took 0.016 seconds
[2023-12-21T16:34:45.973+0000] {processor.py:157} INFO - Started process (PID=1497) to work on /opt/airflow/dags/clean_up_after_star_schema_creation.py
[2023-12-21T16:34:45.974+0000] {processor.py:829} INFO - Processing file /opt/airflow/dags/clean_up_after_star_schema_creation.py for tasks to queue
[2023-12-21T16:34:45.974+0000] {logging_mixin.py:154} INFO - [2023-12-21T16:34:45.974+0000] {dagbag.py:536} INFO - Filling up the DagBag from /opt/airflow/dags/clean_up_after_star_schema_creation.py
[2023-12-21T16:34:45.978+0000] {processor.py:841} WARNING - No viable dags retrieved from /opt/airflow/dags/clean_up_after_star_schema_creation.py
[2023-12-21T16:34:45.988+0000] {processor.py:179} INFO - Processing /opt/airflow/dags/clean_up_after_star_schema_creation.py took 0.016 seconds
[2023-12-21T16:35:16.457+0000] {processor.py:157} INFO - Started process (PID=1539) to work on /opt/airflow/dags/clean_up_after_star_schema_creation.py
[2023-12-21T16:35:16.458+0000] {processor.py:829} INFO - Processing file /opt/airflow/dags/clean_up_after_star_schema_creation.py for tasks to queue
[2023-12-21T16:35:16.458+0000] {logging_mixin.py:154} INFO - [2023-12-21T16:35:16.458+0000] {dagbag.py:536} INFO - Filling up the DagBag from /opt/airflow/dags/clean_up_after_star_schema_creation.py
[2023-12-21T16:35:16.462+0000] {processor.py:841} WARNING - No viable dags retrieved from /opt/airflow/dags/clean_up_after_star_schema_creation.py
[2023-12-21T16:35:16.472+0000] {processor.py:179} INFO - Processing /opt/airflow/dags/clean_up_after_star_schema_creation.py took 0.016 seconds
[2023-12-21T16:35:46.932+0000] {processor.py:157} INFO - Started process (PID=1581) to work on /opt/airflow/dags/clean_up_after_star_schema_creation.py
[2023-12-21T16:35:46.933+0000] {processor.py:829} INFO - Processing file /opt/airflow/dags/clean_up_after_star_schema_creation.py for tasks to queue
[2023-12-21T16:35:46.933+0000] {logging_mixin.py:154} INFO - [2023-12-21T16:35:46.933+0000] {dagbag.py:536} INFO - Filling up the DagBag from /opt/airflow/dags/clean_up_after_star_schema_creation.py
[2023-12-21T16:35:46.937+0000] {processor.py:841} WARNING - No viable dags retrieved from /opt/airflow/dags/clean_up_after_star_schema_creation.py
[2023-12-21T16:35:46.947+0000] {processor.py:179} INFO - Processing /opt/airflow/dags/clean_up_after_star_schema_creation.py took 0.016 seconds
[2023-12-21T16:36:17.442+0000] {processor.py:157} INFO - Started process (PID=1623) to work on /opt/airflow/dags/clean_up_after_star_schema_creation.py
[2023-12-21T16:36:17.443+0000] {processor.py:829} INFO - Processing file /opt/airflow/dags/clean_up_after_star_schema_creation.py for tasks to queue
[2023-12-21T16:36:17.443+0000] {logging_mixin.py:154} INFO - [2023-12-21T16:36:17.443+0000] {dagbag.py:536} INFO - Filling up the DagBag from /opt/airflow/dags/clean_up_after_star_schema_creation.py
[2023-12-21T16:36:17.447+0000] {processor.py:841} WARNING - No viable dags retrieved from /opt/airflow/dags/clean_up_after_star_schema_creation.py
[2023-12-21T16:36:17.456+0000] {processor.py:179} INFO - Processing /opt/airflow/dags/clean_up_after_star_schema_creation.py took 0.016 seconds
[2023-12-21T16:36:47.946+0000] {processor.py:157} INFO - Started process (PID=1671) to work on /opt/airflow/dags/clean_up_after_star_schema_creation.py
[2023-12-21T16:36:47.946+0000] {processor.py:829} INFO - Processing file /opt/airflow/dags/clean_up_after_star_schema_creation.py for tasks to queue
[2023-12-21T16:36:47.947+0000] {logging_mixin.py:154} INFO - [2023-12-21T16:36:47.947+0000] {dagbag.py:536} INFO - Filling up the DagBag from /opt/airflow/dags/clean_up_after_star_schema_creation.py
[2023-12-21T16:36:47.951+0000] {processor.py:841} WARNING - No viable dags retrieved from /opt/airflow/dags/clean_up_after_star_schema_creation.py
[2023-12-21T16:36:47.960+0000] {processor.py:179} INFO - Processing /opt/airflow/dags/clean_up_after_star_schema_creation.py took 0.016 seconds
[2023-12-21T16:37:18.479+0000] {processor.py:157} INFO - Started process (PID=1713) to work on /opt/airflow/dags/clean_up_after_star_schema_creation.py
[2023-12-21T16:37:18.479+0000] {processor.py:829} INFO - Processing file /opt/airflow/dags/clean_up_after_star_schema_creation.py for tasks to queue
[2023-12-21T16:37:18.480+0000] {logging_mixin.py:154} INFO - [2023-12-21T16:37:18.480+0000] {dagbag.py:536} INFO - Filling up the DagBag from /opt/airflow/dags/clean_up_after_star_schema_creation.py
[2023-12-21T16:37:18.483+0000] {processor.py:841} WARNING - No viable dags retrieved from /opt/airflow/dags/clean_up_after_star_schema_creation.py
[2023-12-21T16:37:18.493+0000] {processor.py:179} INFO - Processing /opt/airflow/dags/clean_up_after_star_schema_creation.py took 0.016 seconds
[2023-12-21T16:37:49.016+0000] {processor.py:157} INFO - Started process (PID=1755) to work on /opt/airflow/dags/clean_up_after_star_schema_creation.py
[2023-12-21T16:37:49.017+0000] {processor.py:829} INFO - Processing file /opt/airflow/dags/clean_up_after_star_schema_creation.py for tasks to queue
[2023-12-21T16:37:49.017+0000] {logging_mixin.py:154} INFO - [2023-12-21T16:37:49.017+0000] {dagbag.py:536} INFO - Filling up the DagBag from /opt/airflow/dags/clean_up_after_star_schema_creation.py
[2023-12-21T16:37:49.021+0000] {processor.py:841} WARNING - No viable dags retrieved from /opt/airflow/dags/clean_up_after_star_schema_creation.py
[2023-12-21T16:37:49.030+0000] {processor.py:179} INFO - Processing /opt/airflow/dags/clean_up_after_star_schema_creation.py took 0.016 seconds
[2023-12-21T16:38:19.478+0000] {processor.py:157} INFO - Started process (PID=1797) to work on /opt/airflow/dags/clean_up_after_star_schema_creation.py
[2023-12-21T16:38:19.479+0000] {processor.py:829} INFO - Processing file /opt/airflow/dags/clean_up_after_star_schema_creation.py for tasks to queue
[2023-12-21T16:38:19.480+0000] {logging_mixin.py:154} INFO - [2023-12-21T16:38:19.479+0000] {dagbag.py:536} INFO - Filling up the DagBag from /opt/airflow/dags/clean_up_after_star_schema_creation.py
[2023-12-21T16:38:19.483+0000] {processor.py:841} WARNING - No viable dags retrieved from /opt/airflow/dags/clean_up_after_star_schema_creation.py
[2023-12-21T16:38:19.492+0000] {processor.py:179} INFO - Processing /opt/airflow/dags/clean_up_after_star_schema_creation.py took 0.016 seconds
[2023-12-21T16:38:49.999+0000] {processor.py:157} INFO - Started process (PID=1845) to work on /opt/airflow/dags/clean_up_after_star_schema_creation.py
[2023-12-21T16:38:49.999+0000] {processor.py:829} INFO - Processing file /opt/airflow/dags/clean_up_after_star_schema_creation.py for tasks to queue
[2023-12-21T16:38:50.000+0000] {logging_mixin.py:154} INFO - [2023-12-21T16:38:50.000+0000] {dagbag.py:536} INFO - Filling up the DagBag from /opt/airflow/dags/clean_up_after_star_schema_creation.py
[2023-12-21T16:38:50.004+0000] {processor.py:841} WARNING - No viable dags retrieved from /opt/airflow/dags/clean_up_after_star_schema_creation.py
[2023-12-21T16:38:50.013+0000] {processor.py:179} INFO - Processing /opt/airflow/dags/clean_up_after_star_schema_creation.py took 0.016 seconds
[2023-12-21T16:39:20.482+0000] {processor.py:157} INFO - Started process (PID=1887) to work on /opt/airflow/dags/clean_up_after_star_schema_creation.py
[2023-12-21T16:39:20.482+0000] {processor.py:829} INFO - Processing file /opt/airflow/dags/clean_up_after_star_schema_creation.py for tasks to queue
[2023-12-21T16:39:20.483+0000] {logging_mixin.py:154} INFO - [2023-12-21T16:39:20.483+0000] {dagbag.py:536} INFO - Filling up the DagBag from /opt/airflow/dags/clean_up_after_star_schema_creation.py
[2023-12-21T16:39:20.487+0000] {processor.py:841} WARNING - No viable dags retrieved from /opt/airflow/dags/clean_up_after_star_schema_creation.py
[2023-12-21T16:39:20.496+0000] {processor.py:179} INFO - Processing /opt/airflow/dags/clean_up_after_star_schema_creation.py took 0.016 seconds
[2023-12-21T16:39:50.903+0000] {processor.py:157} INFO - Started process (PID=1931) to work on /opt/airflow/dags/clean_up_after_star_schema_creation.py
[2023-12-21T16:39:50.903+0000] {processor.py:829} INFO - Processing file /opt/airflow/dags/clean_up_after_star_schema_creation.py for tasks to queue
[2023-12-21T16:39:50.904+0000] {logging_mixin.py:154} INFO - [2023-12-21T16:39:50.904+0000] {dagbag.py:536} INFO - Filling up the DagBag from /opt/airflow/dags/clean_up_after_star_schema_creation.py
[2023-12-21T16:39:50.907+0000] {processor.py:841} WARNING - No viable dags retrieved from /opt/airflow/dags/clean_up_after_star_schema_creation.py
[2023-12-21T16:39:50.916+0000] {processor.py:179} INFO - Processing /opt/airflow/dags/clean_up_after_star_schema_creation.py took 0.015 seconds
[2023-12-21T16:40:21.308+0000] {processor.py:157} INFO - Started process (PID=1973) to work on /opt/airflow/dags/clean_up_after_star_schema_creation.py
[2023-12-21T16:40:21.309+0000] {processor.py:829} INFO - Processing file /opt/airflow/dags/clean_up_after_star_schema_creation.py for tasks to queue
[2023-12-21T16:40:21.310+0000] {logging_mixin.py:154} INFO - [2023-12-21T16:40:21.310+0000] {dagbag.py:536} INFO - Filling up the DagBag from /opt/airflow/dags/clean_up_after_star_schema_creation.py
[2023-12-21T16:40:21.314+0000] {processor.py:841} WARNING - No viable dags retrieved from /opt/airflow/dags/clean_up_after_star_schema_creation.py
[2023-12-21T16:40:21.324+0000] {processor.py:179} INFO - Processing /opt/airflow/dags/clean_up_after_star_schema_creation.py took 0.018 seconds
[2023-12-21T16:40:51.782+0000] {processor.py:157} INFO - Started process (PID=2015) to work on /opt/airflow/dags/clean_up_after_star_schema_creation.py
[2023-12-21T16:40:51.783+0000] {processor.py:829} INFO - Processing file /opt/airflow/dags/clean_up_after_star_schema_creation.py for tasks to queue
[2023-12-21T16:40:51.783+0000] {logging_mixin.py:154} INFO - [2023-12-21T16:40:51.783+0000] {dagbag.py:536} INFO - Filling up the DagBag from /opt/airflow/dags/clean_up_after_star_schema_creation.py
[2023-12-21T16:40:51.787+0000] {processor.py:841} WARNING - No viable dags retrieved from /opt/airflow/dags/clean_up_after_star_schema_creation.py
[2023-12-21T16:40:51.796+0000] {processor.py:179} INFO - Processing /opt/airflow/dags/clean_up_after_star_schema_creation.py took 0.016 seconds
[2023-12-21T16:41:22.323+0000] {processor.py:157} INFO - Started process (PID=2057) to work on /opt/airflow/dags/clean_up_after_star_schema_creation.py
[2023-12-21T16:41:22.323+0000] {processor.py:829} INFO - Processing file /opt/airflow/dags/clean_up_after_star_schema_creation.py for tasks to queue
[2023-12-21T16:41:22.324+0000] {logging_mixin.py:154} INFO - [2023-12-21T16:41:22.324+0000] {dagbag.py:536} INFO - Filling up the DagBag from /opt/airflow/dags/clean_up_after_star_schema_creation.py
[2023-12-21T16:41:22.328+0000] {processor.py:841} WARNING - No viable dags retrieved from /opt/airflow/dags/clean_up_after_star_schema_creation.py
[2023-12-21T16:41:22.337+0000] {processor.py:179} INFO - Processing /opt/airflow/dags/clean_up_after_star_schema_creation.py took 0.016 seconds
[2023-12-21T16:41:52.850+0000] {processor.py:157} INFO - Started process (PID=2099) to work on /opt/airflow/dags/clean_up_after_star_schema_creation.py
[2023-12-21T16:41:52.850+0000] {processor.py:829} INFO - Processing file /opt/airflow/dags/clean_up_after_star_schema_creation.py for tasks to queue
[2023-12-21T16:41:52.851+0000] {logging_mixin.py:154} INFO - [2023-12-21T16:41:52.851+0000] {dagbag.py:536} INFO - Filling up the DagBag from /opt/airflow/dags/clean_up_after_star_schema_creation.py
[2023-12-21T16:41:52.855+0000] {processor.py:841} WARNING - No viable dags retrieved from /opt/airflow/dags/clean_up_after_star_schema_creation.py
[2023-12-21T16:41:52.864+0000] {processor.py:179} INFO - Processing /opt/airflow/dags/clean_up_after_star_schema_creation.py took 0.016 seconds
[2023-12-21T16:42:23.319+0000] {processor.py:157} INFO - Started process (PID=2148) to work on /opt/airflow/dags/clean_up_after_star_schema_creation.py
[2023-12-21T16:42:23.319+0000] {processor.py:829} INFO - Processing file /opt/airflow/dags/clean_up_after_star_schema_creation.py for tasks to queue
[2023-12-21T16:42:23.320+0000] {logging_mixin.py:154} INFO - [2023-12-21T16:42:23.320+0000] {dagbag.py:536} INFO - Filling up the DagBag from /opt/airflow/dags/clean_up_after_star_schema_creation.py
[2023-12-21T16:42:23.324+0000] {processor.py:841} WARNING - No viable dags retrieved from /opt/airflow/dags/clean_up_after_star_schema_creation.py
[2023-12-21T16:42:23.333+0000] {processor.py:179} INFO - Processing /opt/airflow/dags/clean_up_after_star_schema_creation.py took 0.016 seconds
[2023-12-21T16:42:53.822+0000] {processor.py:157} INFO - Started process (PID=2204) to work on /opt/airflow/dags/clean_up_after_star_schema_creation.py
[2023-12-21T16:42:53.823+0000] {processor.py:829} INFO - Processing file /opt/airflow/dags/clean_up_after_star_schema_creation.py for tasks to queue
[2023-12-21T16:42:53.823+0000] {logging_mixin.py:154} INFO - [2023-12-21T16:42:53.823+0000] {dagbag.py:536} INFO - Filling up the DagBag from /opt/airflow/dags/clean_up_after_star_schema_creation.py
[2023-12-21T16:42:53.827+0000] {processor.py:841} WARNING - No viable dags retrieved from /opt/airflow/dags/clean_up_after_star_schema_creation.py
[2023-12-21T16:42:53.836+0000] {processor.py:179} INFO - Processing /opt/airflow/dags/clean_up_after_star_schema_creation.py took 0.016 seconds
[2023-12-21T16:43:24.375+0000] {processor.py:157} INFO - Started process (PID=2246) to work on /opt/airflow/dags/clean_up_after_star_schema_creation.py
[2023-12-21T16:43:24.376+0000] {processor.py:829} INFO - Processing file /opt/airflow/dags/clean_up_after_star_schema_creation.py for tasks to queue
[2023-12-21T16:43:24.376+0000] {logging_mixin.py:154} INFO - [2023-12-21T16:43:24.376+0000] {dagbag.py:536} INFO - Filling up the DagBag from /opt/airflow/dags/clean_up_after_star_schema_creation.py
[2023-12-21T16:43:24.380+0000] {processor.py:841} WARNING - No viable dags retrieved from /opt/airflow/dags/clean_up_after_star_schema_creation.py
[2023-12-21T16:43:24.389+0000] {processor.py:179} INFO - Processing /opt/airflow/dags/clean_up_after_star_schema_creation.py took 0.016 seconds
[2023-12-21T16:43:54.854+0000] {processor.py:157} INFO - Started process (PID=2302) to work on /opt/airflow/dags/clean_up_after_star_schema_creation.py
[2023-12-21T16:43:54.854+0000] {processor.py:829} INFO - Processing file /opt/airflow/dags/clean_up_after_star_schema_creation.py for tasks to queue
[2023-12-21T16:43:54.855+0000] {logging_mixin.py:154} INFO - [2023-12-21T16:43:54.855+0000] {dagbag.py:536} INFO - Filling up the DagBag from /opt/airflow/dags/clean_up_after_star_schema_creation.py
[2023-12-21T16:43:54.860+0000] {processor.py:841} WARNING - No viable dags retrieved from /opt/airflow/dags/clean_up_after_star_schema_creation.py
[2023-12-21T16:43:54.869+0000] {processor.py:179} INFO - Processing /opt/airflow/dags/clean_up_after_star_schema_creation.py took 0.017 seconds
[2023-12-21T16:44:25.248+0000] {processor.py:157} INFO - Started process (PID=2344) to work on /opt/airflow/dags/clean_up_after_star_schema_creation.py
[2023-12-21T16:44:25.248+0000] {processor.py:829} INFO - Processing file /opt/airflow/dags/clean_up_after_star_schema_creation.py for tasks to queue
[2023-12-21T16:44:25.249+0000] {logging_mixin.py:154} INFO - [2023-12-21T16:44:25.249+0000] {dagbag.py:536} INFO - Filling up the DagBag from /opt/airflow/dags/clean_up_after_star_schema_creation.py
[2023-12-21T16:44:25.253+0000] {processor.py:841} WARNING - No viable dags retrieved from /opt/airflow/dags/clean_up_after_star_schema_creation.py
[2023-12-21T16:44:25.262+0000] {processor.py:179} INFO - Processing /opt/airflow/dags/clean_up_after_star_schema_creation.py took 0.016 seconds
[2023-12-21T16:44:55.631+0000] {processor.py:157} INFO - Started process (PID=2400) to work on /opt/airflow/dags/clean_up_after_star_schema_creation.py
[2023-12-21T16:44:55.632+0000] {processor.py:829} INFO - Processing file /opt/airflow/dags/clean_up_after_star_schema_creation.py for tasks to queue
[2023-12-21T16:44:55.632+0000] {logging_mixin.py:154} INFO - [2023-12-21T16:44:55.632+0000] {dagbag.py:536} INFO - Filling up the DagBag from /opt/airflow/dags/clean_up_after_star_schema_creation.py
[2023-12-21T16:44:55.636+0000] {processor.py:841} WARNING - No viable dags retrieved from /opt/airflow/dags/clean_up_after_star_schema_creation.py
[2023-12-21T16:44:55.645+0000] {processor.py:179} INFO - Processing /opt/airflow/dags/clean_up_after_star_schema_creation.py took 0.016 seconds
[2023-12-21T16:45:26.144+0000] {processor.py:157} INFO - Started process (PID=2442) to work on /opt/airflow/dags/clean_up_after_star_schema_creation.py
[2023-12-21T16:45:26.144+0000] {processor.py:829} INFO - Processing file /opt/airflow/dags/clean_up_after_star_schema_creation.py for tasks to queue
[2023-12-21T16:45:26.145+0000] {logging_mixin.py:154} INFO - [2023-12-21T16:45:26.145+0000] {dagbag.py:536} INFO - Filling up the DagBag from /opt/airflow/dags/clean_up_after_star_schema_creation.py
[2023-12-21T16:45:26.149+0000] {processor.py:841} WARNING - No viable dags retrieved from /opt/airflow/dags/clean_up_after_star_schema_creation.py
[2023-12-21T16:45:26.158+0000] {processor.py:179} INFO - Processing /opt/airflow/dags/clean_up_after_star_schema_creation.py took 0.016 seconds
