[2023-12-08T17:19:43.002+0000] {taskinstance.py:1159} INFO - Dependencies all met for dep_context=non-requeueable deps ti=<TaskInstance: Allegheny_Co_Property_Sale_Transactions-v01.insert_fk_into_fact_table.insert_fk_col_in_fact_table_SALEDESC scheduled__2023-12-01T00:00:00+00:00 [queued]>
[2023-12-08T17:19:43.022+0000] {taskinstance.py:1159} INFO - Dependencies all met for dep_context=requeueable deps ti=<TaskInstance: Allegheny_Co_Property_Sale_Transactions-v01.insert_fk_into_fact_table.insert_fk_col_in_fact_table_SALEDESC scheduled__2023-12-01T00:00:00+00:00 [queued]>
[2023-12-08T17:19:43.023+0000] {taskinstance.py:1361} INFO - Starting attempt 1 of 6
[2023-12-08T17:19:43.044+0000] {taskinstance.py:1382} INFO - Executing <Task(PostgresOperator): insert_fk_col_in_fact_table_SALEDESC> on 2023-12-01 00:00:00+00:00
[2023-12-08T17:19:43.053+0000] {standard_task_runner.py:57} INFO - Started process 3294 to run task
[2023-12-08T17:19:43.057+0000] {standard_task_runner.py:84} INFO - Running: ['***', 'tasks', 'run', 'Allegheny_Co_Property_Sale_Transactions-v01.insert_fk_into_fact_table', 'insert_fk_col_in_fact_table_SALEDESC', 'scheduled__2023-12-01T00:00:00+00:00', '--job-id', '47', '--raw', '--subdir', 'DAGS_FOLDER/Allegheny Co Property Sale Transactions.py', '--cfg-path', '/tmp/tmpynn8gieb']
[2023-12-08T17:19:43.074+0000] {standard_task_runner.py:85} INFO - Job 47: Subtask insert_fk_col_in_fact_table_SALEDESC
[2023-12-08T17:19:43.175+0000] {task_command.py:416} INFO - Running <TaskInstance: Allegheny_Co_Property_Sale_Transactions-v01.insert_fk_into_fact_table.insert_fk_col_in_fact_table_SALEDESC scheduled__2023-12-01T00:00:00+00:00 [running]> on host 1fc866509645
[2023-12-08T17:19:43.264+0000] {taskinstance.py:1662} INFO - Exporting env vars: AIRFLOW_CTX_DAG_OWNER='dunnbc22' AIRFLOW_CTX_DAG_ID='Allegheny_Co_Property_Sale_Transactions-v01.insert_fk_into_fact_table' AIRFLOW_CTX_TASK_ID='insert_fk_col_in_fact_table_SALEDESC' AIRFLOW_CTX_EXECUTION_DATE='2023-12-01T00:00:00+00:00' AIRFLOW_CTX_TRY_NUMBER='1' AIRFLOW_CTX_DAG_RUN_ID='scheduled__2023-12-01T00:00:00+00:00'
[2023-12-08T17:19:43.265+0000] {sql.py:274} INFO - Executing: -- params: table_name, dimension_col

/*
Steps 1-3 were completed in the create_dim_table.sql 
file & associated PostgresOperator
*/


-- Step 4: Add foreign key column to fact table
ALTER TABLE allegheny_co_property_sale_transactions
ADD COLUMN SALEDESC_id INTEGER;

-- Step 4: Update foreign key column to fact table with 
-- appropriate id (that matches with dim table)
UPDATE allegheny_co_property_sale_transactions
SET SALEDESC_id = dimension_table_SALEDESC.id
FROM dimension_table_SALEDESC
WHERE COALESCE(allegheny_co_property_sale_transactions.SALEDESC::text, '') = COALESCE(dimension_table_SALEDESC.SALEDESC::text, '');


/*
-- this could be the template code for step 4 above to manage columns with both integer & varchar dtypes
UPDATE your_table
SET your_column =
  CASE
    WHEN pg_attribute.attnum > 0 AND pg_attribute.atttypid = 'integer'::regtype THEN your_column::integer + 1
    WHEN pg_attribute.attnum > 0 AND pg_attribute.atttypid = 'character varying'::regtype THEN your_column || '_updated'
    ELSE your_column
  END
FROM pg_attribute
WHERE
  pg_attribute.attname = 'your_column'
  AND pg_attribute.attrelid = 'your_table'::regclass;

*/
[2023-12-08T17:19:43.280+0000] {base.py:73} INFO - Using connection ID 'postgres_conn' for task execution.
[2023-12-08T17:19:43.290+0000] {base.py:73} INFO - Using connection ID 'postgres_conn' for task execution.
[2023-12-08T17:19:43.294+0000] {sql.py:418} INFO - Running statement: -- params: table_name, dimension_col

/*
Steps 1-3 were completed in the create_dim_table.sql 
file & associated PostgresOperator
*/


-- Step 4: Add foreign key column to fact table
ALTER TABLE allegheny_co_property_sale_transactions
ADD COLUMN SALEDESC_id INTEGER;

-- Step 4: Update foreign key column to fact table with 
-- appropriate id (that matches with dim table)
UPDATE allegheny_co_property_sale_transactions
SET SALEDESC_id = dimension_table_SALEDESC.id
FROM dimension_table_SALEDESC
WHERE COALESCE(allegheny_co_property_sale_transactions.SALEDESC::text, '') = COALESCE(dimension_table_SALEDESC.SALEDESC::text, '');


/*
-- this could be the template code for step 4 above to manage columns with both integer & varchar dtypes
UPDATE your_table
SET your_column =
  CASE
    WHEN pg_attribute.attnum > 0 AND pg_attribute.atttypid = 'integer'::regtype THEN your_column::integer + 1
    WHEN pg_attribute.attnum > 0 AND pg_attribute.atttypid = 'character varying'::regtype THEN your_column || '_updated'
    ELSE your_column
  END
FROM pg_attribute
WHERE
  pg_attribute.attname = 'your_column'
  AND pg_attribute.attrelid = 'your_table'::regclass;

*/, parameters: None
[2023-12-08T17:19:58.573+0000] {sql.py:427} INFO - Rows affected: 303837
[2023-12-08T17:19:58.600+0000] {taskinstance.py:1400} INFO - Marking task as SUCCESS. dag_id=Allegheny_Co_Property_Sale_Transactions-v01.insert_fk_into_fact_table, task_id=insert_fk_col_in_fact_table_SALEDESC, execution_date=20231201T000000, start_date=20231208T171943, end_date=20231208T171958
[2023-12-08T17:19:58.639+0000] {local_task_job_runner.py:228} INFO - Task exited with return code 0
[2023-12-08T17:19:58.658+0000] {taskinstance.py:2778} INFO - 0 downstream tasks scheduled from follow-on schedule check
[2023-12-08T18:07:05.929+0000] {taskinstance.py:1159} INFO - Dependencies all met for dep_context=non-requeueable deps ti=<TaskInstance: Allegheny_Co_Property_Sale_Transactions-v01.insert_fk_into_fact_table.insert_fk_col_in_fact_table_SALEDESC scheduled__2023-12-01T00:00:00+00:00 [queued]>
[2023-12-08T18:07:05.941+0000] {taskinstance.py:1159} INFO - Dependencies all met for dep_context=requeueable deps ti=<TaskInstance: Allegheny_Co_Property_Sale_Transactions-v01.insert_fk_into_fact_table.insert_fk_col_in_fact_table_SALEDESC scheduled__2023-12-01T00:00:00+00:00 [queued]>
[2023-12-08T18:07:05.943+0000] {taskinstance.py:1361} INFO - Starting attempt 1 of 6
[2023-12-08T18:07:05.963+0000] {taskinstance.py:1382} INFO - Executing <Task(PostgresOperator): insert_fk_col_in_fact_table_SALEDESC> on 2023-12-01 00:00:00+00:00
[2023-12-08T18:07:05.971+0000] {standard_task_runner.py:57} INFO - Started process 7329 to run task
[2023-12-08T18:07:05.981+0000] {standard_task_runner.py:84} INFO - Running: ['***', 'tasks', 'run', 'Allegheny_Co_Property_Sale_Transactions-v01.insert_fk_into_fact_table', 'insert_fk_col_in_fact_table_SALEDESC', 'scheduled__2023-12-01T00:00:00+00:00', '--job-id', '111', '--raw', '--subdir', 'DAGS_FOLDER/Allegheny Co Property Sale Transactions.py', '--cfg-path', '/tmp/tmpiycaapi5']
[2023-12-08T18:07:05.983+0000] {standard_task_runner.py:85} INFO - Job 111: Subtask insert_fk_col_in_fact_table_SALEDESC
[2023-12-08T18:07:06.075+0000] {task_command.py:416} INFO - Running <TaskInstance: Allegheny_Co_Property_Sale_Transactions-v01.insert_fk_into_fact_table.insert_fk_col_in_fact_table_SALEDESC scheduled__2023-12-01T00:00:00+00:00 [running]> on host 1fc866509645
[2023-12-08T18:07:06.177+0000] {taskinstance.py:1662} INFO - Exporting env vars: AIRFLOW_CTX_DAG_OWNER='dunnbc22' AIRFLOW_CTX_DAG_ID='Allegheny_Co_Property_Sale_Transactions-v01.insert_fk_into_fact_table' AIRFLOW_CTX_TASK_ID='insert_fk_col_in_fact_table_SALEDESC' AIRFLOW_CTX_EXECUTION_DATE='2023-12-01T00:00:00+00:00' AIRFLOW_CTX_TRY_NUMBER='1' AIRFLOW_CTX_DAG_RUN_ID='scheduled__2023-12-01T00:00:00+00:00'
[2023-12-08T18:07:06.185+0000] {sql.py:274} INFO - Executing: -- params: table_name, dimension_col

/*
Steps 1-3 were completed in the create_dim_table.sql 
file & associated PostgresOperator
*/


-- Step 4: Add foreign key column to fact table
ALTER TABLE allegheny_co_property_sale_transactions
ADD COLUMN SALEDESC_id INTEGER;

-- Step 4: Update foreign key column to fact table with 
-- appropriate id (that matches with dim table)
UPDATE allegheny_co_property_sale_transactions
SET SALEDESC_id = dimension_table_SALEDESC.id
FROM dimension_table_SALEDESC
WHERE COALESCE(allegheny_co_property_sale_transactions.SALEDESC::text, '') = COALESCE(dimension_table_SALEDESC.SALEDESC::text, '');
[2023-12-08T18:07:06.204+0000] {base.py:73} INFO - Using connection ID 'postgres_conn' for task execution.
[2023-12-08T18:07:06.224+0000] {base.py:73} INFO - Using connection ID 'postgres_conn' for task execution.
[2023-12-08T18:07:06.237+0000] {sql.py:418} INFO - Running statement: -- params: table_name, dimension_col

/*
Steps 1-3 were completed in the create_dim_table.sql 
file & associated PostgresOperator
*/


-- Step 4: Add foreign key column to fact table
ALTER TABLE allegheny_co_property_sale_transactions
ADD COLUMN SALEDESC_id INTEGER;

-- Step 4: Update foreign key column to fact table with 
-- appropriate id (that matches with dim table)
UPDATE allegheny_co_property_sale_transactions
SET SALEDESC_id = dimension_table_SALEDESC.id
FROM dimension_table_SALEDESC
WHERE COALESCE(allegheny_co_property_sale_transactions.SALEDESC::text, '') = COALESCE(dimension_table_SALEDESC.SALEDESC::text, '');, parameters: None
[2023-12-08T18:07:13.048+0000] {sql.py:427} INFO - Rows affected: 303837
[2023-12-08T18:07:13.075+0000] {taskinstance.py:1400} INFO - Marking task as SUCCESS. dag_id=Allegheny_Co_Property_Sale_Transactions-v01.insert_fk_into_fact_table, task_id=insert_fk_col_in_fact_table_SALEDESC, execution_date=20231201T000000, start_date=20231208T180705, end_date=20231208T180713
[2023-12-08T18:07:13.128+0000] {local_task_job_runner.py:228} INFO - Task exited with return code 0
[2023-12-08T18:07:13.149+0000] {taskinstance.py:2778} INFO - 0 downstream tasks scheduled from follow-on schedule check
