[2023-12-20T03:00:52.725+0000] {taskinstance.py:1159} INFO - Dependencies all met for dep_context=non-requeueable deps ti=<TaskInstance: Gourmet_Food_Procurement_Data-v01.remove_replaced_dim_cols scheduled__2023-12-01T00:00:00+00:00 [queued]>
[2023-12-20T03:00:52.729+0000] {taskinstance.py:1159} INFO - Dependencies all met for dep_context=requeueable deps ti=<TaskInstance: Gourmet_Food_Procurement_Data-v01.remove_replaced_dim_cols scheduled__2023-12-01T00:00:00+00:00 [queued]>
[2023-12-20T03:00:52.729+0000] {taskinstance.py:1361} INFO - Starting attempt 1 of 6
[2023-12-20T03:00:52.735+0000] {taskinstance.py:1382} INFO - Executing <Task(SubDagOperator): remove_replaced_dim_cols> on 2023-12-01 00:00:00+00:00
[2023-12-20T03:00:52.737+0000] {standard_task_runner.py:57} INFO - Started process 2413 to run task
[2023-12-20T03:00:52.739+0000] {standard_task_runner.py:84} INFO - Running: ['***', 'tasks', 'run', 'Gourmet_Food_Procurement_Data-v01', 'remove_replaced_dim_cols', 'scheduled__2023-12-01T00:00:00+00:00', '--job-id', '51', '--raw', '--subdir', 'DAGS_FOLDER/Gourmet_Food_Procurement_Data.py', '--cfg-path', '/tmp/tmpmjefw9jw']
[2023-12-20T03:00:52.741+0000] {standard_task_runner.py:85} INFO - Job 51: Subtask remove_replaced_dim_cols
[2023-12-20T03:00:52.771+0000] {task_command.py:416} INFO - Running <TaskInstance: Gourmet_Food_Procurement_Data-v01.remove_replaced_dim_cols scheduled__2023-12-01T00:00:00+00:00 [running]> on host 069170cec93a
[2023-12-20T03:00:52.808+0000] {taskinstance.py:1662} INFO - Exporting env vars: AIRFLOW_CTX_DAG_OWNER='dunnbc22' AIRFLOW_CTX_DAG_ID='Gourmet_Food_Procurement_Data-v01' AIRFLOW_CTX_TASK_ID='remove_replaced_dim_cols' AIRFLOW_CTX_EXECUTION_DATE='2023-12-01T00:00:00+00:00' AIRFLOW_CTX_TRY_NUMBER='1' AIRFLOW_CTX_DAG_RUN_ID='scheduled__2023-12-01T00:00:00+00:00'
[2023-12-20T03:00:52.811+0000] {logging_mixin.py:154} WARNING - /home/***/.local/lib/python3.8/site-packages/***/utils/context.py:206 AirflowContextDeprecationWarning: Accessing 'execution_date' from the template is deprecated and will be removed in a future version. Please use 'data_interval_start' or 'logical_date' instead.
[2023-12-20T03:00:52.827+0000] {subdag.py:172} INFO - Created DagRun: scheduled__2023-12-01T00:00:00+00:00
[2023-12-20T03:01:52.908+0000] {base.py:287} INFO - Success criteria met. Exiting.
[2023-12-20T03:01:52.922+0000] {subdag.py:187} INFO - Execution finished. State is success
[2023-12-20T03:01:52.934+0000] {taskinstance.py:1400} INFO - Marking task as SUCCESS. dag_id=Gourmet_Food_Procurement_Data-v01, task_id=remove_replaced_dim_cols, execution_date=20231201T000000, start_date=20231220T030052, end_date=20231220T030152
[2023-12-20T03:01:52.990+0000] {local_task_job_runner.py:228} INFO - Task exited with return code 0
[2023-12-20T03:01:53.006+0000] {taskinstance.py:2778} INFO - 0 downstream tasks scheduled from follow-on schedule check
[2023-12-20T18:07:55.715+0000] {taskinstance.py:1159} INFO - Dependencies all met for dep_context=non-requeueable deps ti=<TaskInstance: Gourmet_Food_Procurement_Data-v01.remove_replaced_dim_cols scheduled__2023-12-01T00:00:00+00:00 [queued]>
[2023-12-20T18:07:55.720+0000] {taskinstance.py:1159} INFO - Dependencies all met for dep_context=requeueable deps ti=<TaskInstance: Gourmet_Food_Procurement_Data-v01.remove_replaced_dim_cols scheduled__2023-12-01T00:00:00+00:00 [queued]>
[2023-12-20T18:07:55.720+0000] {taskinstance.py:1361} INFO - Starting attempt 1 of 6
[2023-12-20T18:07:55.725+0000] {taskinstance.py:1382} INFO - Executing <Task(SubDagOperator): remove_replaced_dim_cols> on 2023-12-01 00:00:00+00:00
[2023-12-20T18:07:55.728+0000] {standard_task_runner.py:57} INFO - Started process 2029 to run task
[2023-12-20T18:07:55.730+0000] {standard_task_runner.py:84} INFO - Running: ['***', 'tasks', 'run', 'Gourmet_Food_Procurement_Data-v01', 'remove_replaced_dim_cols', 'scheduled__2023-12-01T00:00:00+00:00', '--job-id', '40', '--raw', '--subdir', 'DAGS_FOLDER/Gourmet_Food_Procurement_Data.py', '--cfg-path', '/tmp/tmpwbumtw69']
[2023-12-20T18:07:55.734+0000] {standard_task_runner.py:85} INFO - Job 40: Subtask remove_replaced_dim_cols
[2023-12-20T18:07:55.762+0000] {task_command.py:416} INFO - Running <TaskInstance: Gourmet_Food_Procurement_Data-v01.remove_replaced_dim_cols scheduled__2023-12-01T00:00:00+00:00 [running]> on host 064e84e7d61d
[2023-12-20T18:07:55.799+0000] {taskinstance.py:1662} INFO - Exporting env vars: AIRFLOW_CTX_DAG_OWNER='dunnbc22' AIRFLOW_CTX_DAG_ID='Gourmet_Food_Procurement_Data-v01' AIRFLOW_CTX_TASK_ID='remove_replaced_dim_cols' AIRFLOW_CTX_EXECUTION_DATE='2023-12-01T00:00:00+00:00' AIRFLOW_CTX_TRY_NUMBER='1' AIRFLOW_CTX_DAG_RUN_ID='scheduled__2023-12-01T00:00:00+00:00'
[2023-12-20T18:07:55.802+0000] {logging_mixin.py:154} WARNING - /home/***/.local/lib/python3.8/site-packages/***/utils/context.py:206 AirflowContextDeprecationWarning: Accessing 'execution_date' from the template is deprecated and will be removed in a future version. Please use 'data_interval_start' or 'logical_date' instead.
[2023-12-20T18:07:55.818+0000] {subdag.py:172} INFO - Created DagRun: scheduled__2023-12-01T00:00:00+00:00
[2023-12-20T18:08:55.860+0000] {base.py:287} INFO - Success criteria met. Exiting.
[2023-12-20T18:08:55.876+0000] {subdag.py:187} INFO - Execution finished. State is success
[2023-12-20T18:08:55.889+0000] {taskinstance.py:1400} INFO - Marking task as SUCCESS. dag_id=Gourmet_Food_Procurement_Data-v01, task_id=remove_replaced_dim_cols, execution_date=20231201T000000, start_date=20231220T180755, end_date=20231220T180855
[2023-12-20T18:08:55.948+0000] {local_task_job_runner.py:228} INFO - Task exited with return code 0
[2023-12-20T18:08:55.963+0000] {taskinstance.py:2778} INFO - 0 downstream tasks scheduled from follow-on schedule check
