[2023-12-19T16:30:18.002+0000] {taskinstance.py:1159} INFO - Dependencies all met for dep_context=non-requeueable deps ti=<TaskInstance: Illinois_Insurance_Producers_Data-v01.remove_samples_with_null_values scheduled__2023-12-01T00:00:00+00:00 [queued]>
[2023-12-19T16:30:18.006+0000] {taskinstance.py:1159} INFO - Dependencies all met for dep_context=requeueable deps ti=<TaskInstance: Illinois_Insurance_Producers_Data-v01.remove_samples_with_null_values scheduled__2023-12-01T00:00:00+00:00 [queued]>
[2023-12-19T16:30:18.007+0000] {taskinstance.py:1361} INFO - Starting attempt 2 of 6
[2023-12-19T16:30:18.012+0000] {taskinstance.py:1382} INFO - Executing <Task(SubDagOperator): remove_samples_with_null_values> on 2023-12-01 00:00:00+00:00
[2023-12-19T16:30:18.015+0000] {standard_task_runner.py:57} INFO - Started process 739 to run task
[2023-12-19T16:30:18.017+0000] {standard_task_runner.py:84} INFO - Running: ['***', 'tasks', 'run', 'Illinois_Insurance_Producers_Data-v01', 'remove_samples_with_null_values', 'scheduled__2023-12-01T00:00:00+00:00', '--job-id', '14', '--raw', '--subdir', 'DAGS_FOLDER/il_insurance_producers.py', '--cfg-path', '/tmp/tmpemyp67b_']
[2023-12-19T16:30:18.019+0000] {standard_task_runner.py:85} INFO - Job 14: Subtask remove_samples_with_null_values
[2023-12-19T16:30:18.047+0000] {task_command.py:416} INFO - Running <TaskInstance: Illinois_Insurance_Producers_Data-v01.remove_samples_with_null_values scheduled__2023-12-01T00:00:00+00:00 [running]> on host 4ef4480639fc
[2023-12-19T16:30:18.085+0000] {taskinstance.py:1662} INFO - Exporting env vars: AIRFLOW_CTX_DAG_OWNER='dunnbc22' AIRFLOW_CTX_DAG_ID='Illinois_Insurance_Producers_Data-v01' AIRFLOW_CTX_TASK_ID='remove_samples_with_null_values' AIRFLOW_CTX_EXECUTION_DATE='2023-12-01T00:00:00+00:00' AIRFLOW_CTX_TRY_NUMBER='2' AIRFLOW_CTX_DAG_RUN_ID='scheduled__2023-12-01T00:00:00+00:00'
[2023-12-19T16:30:18.089+0000] {logging_mixin.py:154} WARNING - /home/***/.local/lib/python3.8/site-packages/***/utils/context.py:206 AirflowContextDeprecationWarning: Accessing 'execution_date' from the template is deprecated and will be removed in a future version. Please use 'data_interval_start' or 'logical_date' instead.
[2023-12-19T16:30:18.094+0000] {subdag.py:174} INFO - Found existing DagRun: backfill__2023-12-01T00:00:00+00:00
[2023-12-19T16:32:18.251+0000] {taskinstance.py:1937} ERROR - Task failed with exception
Traceback (most recent call last):
  File "/home/airflow/.local/lib/python3.8/site-packages/airflow/sensors/base.py", line 257, in execute
    raise e
  File "/home/airflow/.local/lib/python3.8/site-packages/airflow/sensors/base.py", line 239, in execute
    poke_return = self.poke(context)
  File "/home/airflow/.local/lib/python3.8/site-packages/airflow/operators/subdag.py", line 181, in poke
    return dag_run.state != DagRunState.RUNNING
AttributeError: 'NoneType' object has no attribute 'state'
[2023-12-19T16:32:18.267+0000] {taskinstance.py:1400} INFO - Marking task as UP_FOR_RETRY. dag_id=Illinois_Insurance_Producers_Data-v01, task_id=remove_samples_with_null_values, execution_date=20231201T000000, start_date=20231219T163018, end_date=20231219T163218
[2023-12-19T16:32:18.280+0000] {standard_task_runner.py:104} ERROR - Failed to execute job 14 for task remove_samples_with_null_values ('NoneType' object has no attribute 'state'; 739)
[2023-12-19T16:32:18.322+0000] {local_task_job_runner.py:228} INFO - Task exited with return code 1
[2023-12-19T16:32:18.351+0000] {taskinstance.py:2778} INFO - 0 downstream tasks scheduled from follow-on schedule check
