[2023-12-12T17:51:53.791+0000] {taskinstance.py:1159} INFO - Dependencies all met for dep_context=non-requeueable deps ti=<TaskInstance: ppp_via_foia-v01.remove_unnecessary_columns.remove_unnecessary_columns.remove_LoanNumber_col scheduled__2023-12-01T00:00:00+00:00 [queued]>
[2023-12-12T17:51:53.819+0000] {taskinstance.py:1159} INFO - Dependencies all met for dep_context=requeueable deps ti=<TaskInstance: ppp_via_foia-v01.remove_unnecessary_columns.remove_unnecessary_columns.remove_LoanNumber_col scheduled__2023-12-01T00:00:00+00:00 [queued]>
[2023-12-12T17:51:53.827+0000] {taskinstance.py:1361} INFO - Starting attempt 1 of 6
[2023-12-12T17:51:53.863+0000] {taskinstance.py:1382} INFO - Executing <Task(PostgresOperator): remove_unnecessary_columns.remove_LoanNumber_col> on 2023-12-01 00:00:00+00:00
[2023-12-12T17:51:53.872+0000] {standard_task_runner.py:57} INFO - Started process 1017 to run task
[2023-12-12T17:51:53.875+0000] {standard_task_runner.py:84} INFO - Running: ['***', 'tasks', 'run', 'ppp_via_foia-v01.remove_unnecessary_columns', 'remove_unnecessary_columns.remove_LoanNumber_col', 'scheduled__2023-12-01T00:00:00+00:00', '--job-id', '9', '--raw', '--subdir', 'DAGS_FOLDER/ppp_via_foia.py', '--cfg-path', '/tmp/tmpn0rfud65']
[2023-12-12T17:51:53.880+0000] {standard_task_runner.py:85} INFO - Job 9: Subtask remove_unnecessary_columns.remove_LoanNumber_col
[2023-12-12T17:51:54.046+0000] {task_command.py:416} INFO - Running <TaskInstance: ppp_via_foia-v01.remove_unnecessary_columns.remove_unnecessary_columns.remove_LoanNumber_col scheduled__2023-12-01T00:00:00+00:00 [running]> on host edee10095410
[2023-12-12T17:51:54.278+0000] {taskinstance.py:1662} INFO - Exporting env vars: AIRFLOW_CTX_DAG_OWNER='dunnbc22' AIRFLOW_CTX_DAG_ID='ppp_via_foia-v01.remove_unnecessary_columns' AIRFLOW_CTX_TASK_ID='remove_unnecessary_columns.remove_LoanNumber_col' AIRFLOW_CTX_EXECUTION_DATE='2023-12-01T00:00:00+00:00' AIRFLOW_CTX_TRY_NUMBER='1' AIRFLOW_CTX_DAG_RUN_ID='scheduled__2023-12-01T00:00:00+00:00'
[2023-12-12T17:51:54.282+0000] {sql.py:274} INFO - Executing: -- table_name, column_name
ALTER TABLE ppp_via_foia_pipe
DROP COLUMN LoanNumber;
[2023-12-12T17:51:54.304+0000] {base.py:73} INFO - Using connection ID 'postgres_conn' for task execution.
[2023-12-12T17:51:54.329+0000] {base.py:73} INFO - Using connection ID 'postgres_conn' for task execution.
[2023-12-12T17:51:54.359+0000] {sql.py:418} INFO - Running statement: -- table_name, column_name
ALTER TABLE ppp_via_foia_pipe
DROP COLUMN LoanNumber;, parameters: None
[2023-12-12T17:51:54.386+0000] {taskinstance.py:1400} INFO - Marking task as SUCCESS. dag_id=ppp_via_foia-v01.remove_unnecessary_columns, task_id=remove_unnecessary_columns.remove_LoanNumber_col, execution_date=20231201T000000, start_date=20231212T175153, end_date=20231212T175154
[2023-12-12T17:51:54.477+0000] {local_task_job_runner.py:228} INFO - Task exited with return code 0
[2023-12-12T17:51:54.598+0000] {taskinstance.py:2778} INFO - 0 downstream tasks scheduled from follow-on schedule check
