[2023-12-08T17:18:42.213+0000] {taskinstance.py:1159} INFO - Dependencies all met for dep_context=non-requeueable deps ti=<TaskInstance: Allegheny_Co_Property_Sale_Transactions-v01.create_dim_tables.create_dim_MUNIDESC_table scheduled__2023-12-01T00:00:00+00:00 [queued]>
[2023-12-08T17:18:42.234+0000] {taskinstance.py:1159} INFO - Dependencies all met for dep_context=requeueable deps ti=<TaskInstance: Allegheny_Co_Property_Sale_Transactions-v01.create_dim_tables.create_dim_MUNIDESC_table scheduled__2023-12-01T00:00:00+00:00 [queued]>
[2023-12-08T17:18:42.235+0000] {taskinstance.py:1361} INFO - Starting attempt 1 of 6
[2023-12-08T17:18:42.255+0000] {taskinstance.py:1382} INFO - Executing <Task(PostgresOperator): create_dim_MUNIDESC_table> on 2023-12-01 00:00:00+00:00
[2023-12-08T17:18:42.258+0000] {standard_task_runner.py:57} INFO - Started process 3195 to run task
[2023-12-08T17:18:42.261+0000] {standard_task_runner.py:84} INFO - Running: ['***', 'tasks', 'run', 'Allegheny_Co_Property_Sale_Transactions-v01.create_dim_tables', 'create_dim_MUNIDESC_table', 'scheduled__2023-12-01T00:00:00+00:00', '--job-id', '34', '--raw', '--subdir', 'DAGS_FOLDER/Allegheny Co Property Sale Transactions.py', '--cfg-path', '/tmp/tmpff42i5b0']
[2023-12-08T17:18:42.273+0000] {standard_task_runner.py:85} INFO - Job 34: Subtask create_dim_MUNIDESC_table
[2023-12-08T17:18:42.416+0000] {task_command.py:416} INFO - Running <TaskInstance: Allegheny_Co_Property_Sale_Transactions-v01.create_dim_tables.create_dim_MUNIDESC_table scheduled__2023-12-01T00:00:00+00:00 [running]> on host 1fc866509645
[2023-12-08T17:18:42.571+0000] {taskinstance.py:1662} INFO - Exporting env vars: AIRFLOW_CTX_DAG_OWNER='dunnbc22' AIRFLOW_CTX_DAG_ID='Allegheny_Co_Property_Sale_Transactions-v01.create_dim_tables' AIRFLOW_CTX_TASK_ID='create_dim_MUNIDESC_table' AIRFLOW_CTX_EXECUTION_DATE='2023-12-01T00:00:00+00:00' AIRFLOW_CTX_TRY_NUMBER='1' AIRFLOW_CTX_DAG_RUN_ID='scheduled__2023-12-01T00:00:00+00:00'
[2023-12-08T17:18:42.576+0000] {sql.py:274} INFO - Executing: -- params: table_name, dimension_col, data_type

-- Step 1: Extract Unique Values
CREATE TEMPORARY TABLE unique_values_MUNIDESC AS
SELECT DISTINCT MUNIDESC FROM allegheny_co_property_sale_transactions;

-- Step 2: Create Dimension Table
DROP TABLE IF EXISTS dimension_table_MUNIDESC;
CREATE TABLE dimension_table_MUNIDESC (
    id SERIAL PRIMARY KEY,
    MUNIDESC VARCHAR
);

-- Step 3: Insert unique values into dimension table
INSERT INTO dimension_table_MUNIDESC (MUNIDESC)
SELECT * FROM unique_values_MUNIDESC;
[2023-12-08T17:18:42.591+0000] {base.py:73} INFO - Using connection ID 'postgres_conn' for task execution.
[2023-12-08T17:18:42.604+0000] {base.py:73} INFO - Using connection ID 'postgres_conn' for task execution.
[2023-12-08T17:18:42.643+0000] {sql.py:418} INFO - Running statement: -- params: table_name, dimension_col, data_type

-- Step 1: Extract Unique Values
CREATE TEMPORARY TABLE unique_values_MUNIDESC AS
SELECT DISTINCT MUNIDESC FROM allegheny_co_property_sale_transactions;

-- Step 2: Create Dimension Table
DROP TABLE IF EXISTS dimension_table_MUNIDESC;
CREATE TABLE dimension_table_MUNIDESC (
    id SERIAL PRIMARY KEY,
    MUNIDESC VARCHAR
);

-- Step 3: Insert unique values into dimension table
INSERT INTO dimension_table_MUNIDESC (MUNIDESC)
SELECT * FROM unique_values_MUNIDESC;, parameters: None
[2023-12-08T17:18:42.751+0000] {sql.py:427} INFO - Rows affected: 175
[2023-12-08T17:18:42.775+0000] {taskinstance.py:1400} INFO - Marking task as SUCCESS. dag_id=Allegheny_Co_Property_Sale_Transactions-v01.create_dim_tables, task_id=create_dim_MUNIDESC_table, execution_date=20231201T000000, start_date=20231208T171842, end_date=20231208T171842
[2023-12-08T17:18:42.828+0000] {local_task_job_runner.py:228} INFO - Task exited with return code 0
[2023-12-08T17:18:42.899+0000] {taskinstance.py:2778} INFO - 0 downstream tasks scheduled from follow-on schedule check
[2023-12-08T18:06:05.241+0000] {taskinstance.py:1159} INFO - Dependencies all met for dep_context=non-requeueable deps ti=<TaskInstance: Allegheny_Co_Property_Sale_Transactions-v01.create_dim_tables.create_dim_MUNIDESC_table scheduled__2023-12-01T00:00:00+00:00 [queued]>
[2023-12-08T18:06:05.250+0000] {taskinstance.py:1159} INFO - Dependencies all met for dep_context=requeueable deps ti=<TaskInstance: Allegheny_Co_Property_Sale_Transactions-v01.create_dim_tables.create_dim_MUNIDESC_table scheduled__2023-12-01T00:00:00+00:00 [queued]>
[2023-12-08T18:06:05.251+0000] {taskinstance.py:1361} INFO - Starting attempt 1 of 6
[2023-12-08T18:06:05.270+0000] {taskinstance.py:1382} INFO - Executing <Task(PostgresOperator): create_dim_MUNIDESC_table> on 2023-12-01 00:00:00+00:00
[2023-12-08T18:06:05.279+0000] {standard_task_runner.py:57} INFO - Started process 7218 to run task
[2023-12-08T18:06:05.292+0000] {standard_task_runner.py:84} INFO - Running: ['***', 'tasks', 'run', 'Allegheny_Co_Property_Sale_Transactions-v01.create_dim_tables', 'create_dim_MUNIDESC_table', 'scheduled__2023-12-01T00:00:00+00:00', '--job-id', '98', '--raw', '--subdir', 'DAGS_FOLDER/Allegheny Co Property Sale Transactions.py', '--cfg-path', '/tmp/tmp1tmp5ddw']
[2023-12-08T18:06:05.297+0000] {standard_task_runner.py:85} INFO - Job 98: Subtask create_dim_MUNIDESC_table
[2023-12-08T18:06:05.412+0000] {task_command.py:416} INFO - Running <TaskInstance: Allegheny_Co_Property_Sale_Transactions-v01.create_dim_tables.create_dim_MUNIDESC_table scheduled__2023-12-01T00:00:00+00:00 [running]> on host 1fc866509645
[2023-12-08T18:06:05.526+0000] {taskinstance.py:1662} INFO - Exporting env vars: AIRFLOW_CTX_DAG_OWNER='dunnbc22' AIRFLOW_CTX_DAG_ID='Allegheny_Co_Property_Sale_Transactions-v01.create_dim_tables' AIRFLOW_CTX_TASK_ID='create_dim_MUNIDESC_table' AIRFLOW_CTX_EXECUTION_DATE='2023-12-01T00:00:00+00:00' AIRFLOW_CTX_TRY_NUMBER='1' AIRFLOW_CTX_DAG_RUN_ID='scheduled__2023-12-01T00:00:00+00:00'
[2023-12-08T18:06:05.529+0000] {sql.py:274} INFO - Executing: -- params: table_name, dimension_col, data_type

-- Step 1: Extract Unique Values
CREATE TEMPORARY TABLE unique_values_MUNIDESC AS
SELECT DISTINCT MUNIDESC FROM allegheny_co_property_sale_transactions;

-- Step 2: Create Dimension Table
DROP TABLE IF EXISTS dimension_table_MUNIDESC;
CREATE TABLE dimension_table_MUNIDESC (
    id SERIAL PRIMARY KEY,
    MUNIDESC VARCHAR
);

-- Step 3: Insert unique values into dimension table
INSERT INTO dimension_table_MUNIDESC (MUNIDESC)
SELECT * FROM unique_values_MUNIDESC;
[2023-12-08T18:06:05.564+0000] {base.py:73} INFO - Using connection ID 'postgres_conn' for task execution.
[2023-12-08T18:06:05.577+0000] {base.py:73} INFO - Using connection ID 'postgres_conn' for task execution.
[2023-12-08T18:06:05.598+0000] {sql.py:418} INFO - Running statement: -- params: table_name, dimension_col, data_type

-- Step 1: Extract Unique Values
CREATE TEMPORARY TABLE unique_values_MUNIDESC AS
SELECT DISTINCT MUNIDESC FROM allegheny_co_property_sale_transactions;

-- Step 2: Create Dimension Table
DROP TABLE IF EXISTS dimension_table_MUNIDESC;
CREATE TABLE dimension_table_MUNIDESC (
    id SERIAL PRIMARY KEY,
    MUNIDESC VARCHAR
);

-- Step 3: Insert unique values into dimension table
INSERT INTO dimension_table_MUNIDESC (MUNIDESC)
SELECT * FROM unique_values_MUNIDESC;, parameters: None
[2023-12-08T18:06:05.765+0000] {sql.py:427} INFO - Rows affected: 175
[2023-12-08T18:06:05.784+0000] {taskinstance.py:1400} INFO - Marking task as SUCCESS. dag_id=Allegheny_Co_Property_Sale_Transactions-v01.create_dim_tables, task_id=create_dim_MUNIDESC_table, execution_date=20231201T000000, start_date=20231208T180605, end_date=20231208T180605
[2023-12-08T18:06:05.814+0000] {local_task_job_runner.py:228} INFO - Task exited with return code 0
[2023-12-08T18:06:05.889+0000] {taskinstance.py:2778} INFO - 0 downstream tasks scheduled from follow-on schedule check
