[2023-12-21T17:02:12.916+0000] {taskinstance.py:1159} INFO - Dependencies all met for dep_context=non-requeueable deps ti=<TaskInstance: Indicators_of_Heart_Disease_2022-v01.create_dim_tables.create_dim_HadAngina_table scheduled__2023-12-01T00:00:00+00:00 [queued]>
[2023-12-21T17:02:12.924+0000] {taskinstance.py:1159} INFO - Dependencies all met for dep_context=requeueable deps ti=<TaskInstance: Indicators_of_Heart_Disease_2022-v01.create_dim_tables.create_dim_HadAngina_table scheduled__2023-12-01T00:00:00+00:00 [queued]>
[2023-12-21T17:02:12.925+0000] {taskinstance.py:1361} INFO - Starting attempt 1 of 6
[2023-12-21T17:02:12.933+0000] {taskinstance.py:1382} INFO - Executing <Task(PostgresOperator): create_dim_HadAngina_table> on 2023-12-01 00:00:00+00:00
[2023-12-21T17:02:12.937+0000] {standard_task_runner.py:57} INFO - Started process 2117 to run task
[2023-12-21T17:02:12.944+0000] {standard_task_runner.py:84} INFO - Running: ['***', 'tasks', 'run', 'Indicators_of_Heart_Disease_2022-v01.create_dim_tables', 'create_dim_HadAngina_table', 'scheduled__2023-12-01T00:00:00+00:00', '--job-id', '120', '--raw', '--subdir', 'DAGS_FOLDER/Indicators_of_Heart_Disease_2022.py', '--cfg-path', '/tmp/tmp2xk8m9jo']
[2023-12-21T17:02:12.949+0000] {standard_task_runner.py:85} INFO - Job 120: Subtask create_dim_HadAngina_table
[2023-12-21T17:02:13.010+0000] {task_command.py:416} INFO - Running <TaskInstance: Indicators_of_Heart_Disease_2022-v01.create_dim_tables.create_dim_HadAngina_table scheduled__2023-12-01T00:00:00+00:00 [running]> on host 8e01071a5eb3
[2023-12-21T17:02:13.071+0000] {taskinstance.py:1662} INFO - Exporting env vars: AIRFLOW_CTX_DAG_OWNER='dunnbc22' AIRFLOW_CTX_DAG_ID='Indicators_of_Heart_Disease_2022-v01.create_dim_tables' AIRFLOW_CTX_TASK_ID='create_dim_HadAngina_table' AIRFLOW_CTX_EXECUTION_DATE='2023-12-01T00:00:00+00:00' AIRFLOW_CTX_TRY_NUMBER='1' AIRFLOW_CTX_DAG_RUN_ID='scheduled__2023-12-01T00:00:00+00:00'
[2023-12-21T17:02:13.073+0000] {sql.py:274} INFO - Executing: -- params: table_name, dimension_col, data_type

-- Step 1: Extract Unique Values
CREATE TEMPORARY TABLE unique_values_HadAngina AS
SELECT DISTINCT HadAngina FROM indicators_of_heart_disease_2022_pipe;

-- Step 2: Create Dimension Table
DROP TABLE IF EXISTS dimension_table_HadAngina;
CREATE TABLE dimension_table_HadAngina (
    id SERIAL PRIMARY KEY,
    HadAngina VARCHAR
);

-- Step 3: Insert unique values into dimension table
INSERT INTO dimension_table_HadAngina (HadAngina)
SELECT * FROM unique_values_HadAngina;
[2023-12-21T17:02:13.085+0000] {base.py:73} INFO - Using connection ID 'postgres_conn' for task execution.
[2023-12-21T17:02:13.098+0000] {base.py:73} INFO - Using connection ID 'postgres_conn' for task execution.
[2023-12-21T17:02:13.114+0000] {sql.py:418} INFO - Running statement: -- params: table_name, dimension_col, data_type

-- Step 1: Extract Unique Values
CREATE TEMPORARY TABLE unique_values_HadAngina AS
SELECT DISTINCT HadAngina FROM indicators_of_heart_disease_2022_pipe;

-- Step 2: Create Dimension Table
DROP TABLE IF EXISTS dimension_table_HadAngina;
CREATE TABLE dimension_table_HadAngina (
    id SERIAL PRIMARY KEY,
    HadAngina VARCHAR
);

-- Step 3: Insert unique values into dimension table
INSERT INTO dimension_table_HadAngina (HadAngina)
SELECT * FROM unique_values_HadAngina;, parameters: None
[2023-12-21T17:02:13.223+0000] {sql.py:427} INFO - Rows affected: 2
[2023-12-21T17:02:13.242+0000] {taskinstance.py:1400} INFO - Marking task as SUCCESS. dag_id=Indicators_of_Heart_Disease_2022-v01.create_dim_tables, task_id=create_dim_HadAngina_table, execution_date=20231201T000000, start_date=20231221T170212, end_date=20231221T170213
[2023-12-21T17:02:13.281+0000] {local_task_job_runner.py:228} INFO - Task exited with return code 0
[2023-12-21T17:02:13.318+0000] {taskinstance.py:2778} INFO - 0 downstream tasks scheduled from follow-on schedule check
