[2023-12-12T17:51:54.964+0000] {taskinstance.py:1159} INFO - Dependencies all met for dep_context=non-requeueable deps ti=<TaskInstance: ppp_via_foia-v01.remove_unnecessary_columns.remove_unnecessary_columns.remove_ServicingLenderCity_col scheduled__2023-12-01T00:00:00+00:00 [queued]>
[2023-12-12T17:51:54.975+0000] {taskinstance.py:1159} INFO - Dependencies all met for dep_context=requeueable deps ti=<TaskInstance: ppp_via_foia-v01.remove_unnecessary_columns.remove_unnecessary_columns.remove_ServicingLenderCity_col scheduled__2023-12-01T00:00:00+00:00 [queued]>
[2023-12-12T17:51:54.977+0000] {taskinstance.py:1361} INFO - Starting attempt 1 of 6
[2023-12-12T17:51:54.992+0000] {taskinstance.py:1382} INFO - Executing <Task(PostgresOperator): remove_unnecessary_columns.remove_ServicingLenderCity_col> on 2023-12-01 00:00:00+00:00
[2023-12-12T17:51:55.000+0000] {standard_task_runner.py:57} INFO - Started process 1046 to run task
[2023-12-12T17:51:55.006+0000] {standard_task_runner.py:84} INFO - Running: ['***', 'tasks', 'run', 'ppp_via_foia-v01.remove_unnecessary_columns', 'remove_unnecessary_columns.remove_ServicingLenderCity_col', 'scheduled__2023-12-01T00:00:00+00:00', '--job-id', '29', '--raw', '--subdir', 'DAGS_FOLDER/ppp_via_foia.py', '--cfg-path', '/tmp/tmp06zmr4mp']
[2023-12-12T17:51:55.008+0000] {standard_task_runner.py:85} INFO - Job 29: Subtask remove_unnecessary_columns.remove_ServicingLenderCity_col
[2023-12-12T17:51:55.074+0000] {task_command.py:416} INFO - Running <TaskInstance: ppp_via_foia-v01.remove_unnecessary_columns.remove_unnecessary_columns.remove_ServicingLenderCity_col scheduled__2023-12-01T00:00:00+00:00 [running]> on host edee10095410
[2023-12-12T17:51:55.195+0000] {taskinstance.py:1662} INFO - Exporting env vars: AIRFLOW_CTX_DAG_OWNER='dunnbc22' AIRFLOW_CTX_DAG_ID='ppp_via_foia-v01.remove_unnecessary_columns' AIRFLOW_CTX_TASK_ID='remove_unnecessary_columns.remove_ServicingLenderCity_col' AIRFLOW_CTX_EXECUTION_DATE='2023-12-01T00:00:00+00:00' AIRFLOW_CTX_TRY_NUMBER='1' AIRFLOW_CTX_DAG_RUN_ID='scheduled__2023-12-01T00:00:00+00:00'
[2023-12-12T17:51:55.199+0000] {sql.py:274} INFO - Executing: -- table_name, column_name
ALTER TABLE ppp_via_foia_pipe
DROP COLUMN ServicingLenderCity;
[2023-12-12T17:51:55.210+0000] {base.py:73} INFO - Using connection ID 'postgres_conn' for task execution.
[2023-12-12T17:51:55.219+0000] {base.py:73} INFO - Using connection ID 'postgres_conn' for task execution.
[2023-12-12T17:51:55.231+0000] {sql.py:418} INFO - Running statement: -- table_name, column_name
ALTER TABLE ppp_via_foia_pipe
DROP COLUMN ServicingLenderCity;, parameters: None
[2023-12-12T17:51:55.248+0000] {taskinstance.py:1400} INFO - Marking task as SUCCESS. dag_id=ppp_via_foia-v01.remove_unnecessary_columns, task_id=remove_unnecessary_columns.remove_ServicingLenderCity_col, execution_date=20231201T000000, start_date=20231212T175154, end_date=20231212T175155
[2023-12-12T17:51:55.265+0000] {local_task_job_runner.py:228} INFO - Task exited with return code 0
[2023-12-12T17:51:55.314+0000] {taskinstance.py:2778} INFO - 0 downstream tasks scheduled from follow-on schedule check
