[2023-12-08T17:45:52.579+0000] {taskinstance.py:1159} INFO - Dependencies all met for dep_context=non-requeueable deps ti=<TaskInstance: Allegheny_Co_Property_Sale_Transactions-v01.remove_samples_with_nulls.remove_samples_with_nulls.remove_DEEDPAGE_col scheduled__2023-12-08T17:42:45.621722+00:00 [queued]>
[2023-12-08T17:45:52.583+0000] {taskinstance.py:1159} INFO - Dependencies all met for dep_context=requeueable deps ti=<TaskInstance: Allegheny_Co_Property_Sale_Transactions-v01.remove_samples_with_nulls.remove_samples_with_nulls.remove_DEEDPAGE_col scheduled__2023-12-08T17:42:45.621722+00:00 [queued]>
[2023-12-08T17:45:52.583+0000] {taskinstance.py:1361} INFO - Starting attempt 2 of 6
[2023-12-08T17:45:52.588+0000] {taskinstance.py:1382} INFO - Executing <Task(PostgresOperator): remove_samples_with_nulls.remove_DEEDPAGE_col> on 2023-12-08 17:42:45.621722+00:00
[2023-12-08T17:45:52.590+0000] {standard_task_runner.py:57} INFO - Started process 5493 to run task
[2023-12-08T17:45:52.592+0000] {standard_task_runner.py:84} INFO - Running: ['***', 'tasks', 'run', 'Allegheny_Co_Property_Sale_Transactions-v01.remove_samples_with_nulls', 'remove_samples_with_nulls.remove_DEEDPAGE_col', 'scheduled__2023-12-08T17:42:45.621722+00:00', '--job-id', '70', '--raw', '--subdir', 'DAGS_FOLDER/Allegheny Co Property Sale Transactions.py', '--cfg-path', '/tmp/tmppurxayct']
[2023-12-08T17:45:52.594+0000] {standard_task_runner.py:85} INFO - Job 70: Subtask remove_samples_with_nulls.remove_DEEDPAGE_col
[2023-12-08T17:45:52.621+0000] {task_command.py:416} INFO - Running <TaskInstance: Allegheny_Co_Property_Sale_Transactions-v01.remove_samples_with_nulls.remove_samples_with_nulls.remove_DEEDPAGE_col scheduled__2023-12-08T17:42:45.621722+00:00 [running]> on host 1fc866509645
[2023-12-08T17:45:52.662+0000] {taskinstance.py:1662} INFO - Exporting env vars: AIRFLOW_CTX_DAG_OWNER='dunnbc22' AIRFLOW_CTX_DAG_ID='Allegheny_Co_Property_Sale_Transactions-v01.remove_samples_with_nulls' AIRFLOW_CTX_TASK_ID='remove_samples_with_nulls.remove_DEEDPAGE_col' AIRFLOW_CTX_EXECUTION_DATE='2023-12-08T17:42:45.621722+00:00' AIRFLOW_CTX_TRY_NUMBER='2' AIRFLOW_CTX_DAG_RUN_ID='scheduled__2023-12-08T17:42:45.621722+00:00'
[2023-12-08T17:45:52.662+0000] {sql.py:274} INFO - Executing: -- params: table_name, column_name
DELETE FROM allegheny_co_property_sale_transactions
WHERE DEEDPAGE is NULL;
[2023-12-08T17:45:52.668+0000] {base.py:73} INFO - Using connection ID 'postgres_conn' for task execution.
[2023-12-08T17:45:52.673+0000] {base.py:73} INFO - Using connection ID 'postgres_conn' for task execution.
[2023-12-08T17:45:52.679+0000] {sql.py:418} INFO - Running statement: -- params: table_name, column_name
DELETE FROM allegheny_co_property_sale_transactions
WHERE DEEDPAGE is NULL;, parameters: None
[2023-12-08T17:45:52.879+0000] {sql.py:427} INFO - Rows affected: 20
[2023-12-08T17:45:52.888+0000] {taskinstance.py:1400} INFO - Marking task as SUCCESS. dag_id=Allegheny_Co_Property_Sale_Transactions-v01.remove_samples_with_nulls, task_id=remove_samples_with_nulls.remove_DEEDPAGE_col, execution_date=20231208T174245, start_date=20231208T174552, end_date=20231208T174552
[2023-12-08T17:45:52.940+0000] {local_task_job_runner.py:228} INFO - Task exited with return code 0
[2023-12-08T17:45:52.971+0000] {taskinstance.py:2778} INFO - 0 downstream tasks scheduled from follow-on schedule check
