[2023-12-19T19:35:34.535+0000] {taskinstance.py:1159} INFO - Dependencies all met for dep_context=non-requeueable deps ti=<TaskInstance: Auto_Insurance-v01.remove_replaced_dim_cols.remove_original_Education_in_fact_table scheduled__2023-12-01T00:00:00+00:00 [queued]>
[2023-12-19T19:35:34.548+0000] {taskinstance.py:1159} INFO - Dependencies all met for dep_context=requeueable deps ti=<TaskInstance: Auto_Insurance-v01.remove_replaced_dim_cols.remove_original_Education_in_fact_table scheduled__2023-12-01T00:00:00+00:00 [queued]>
[2023-12-19T19:35:34.563+0000] {taskinstance.py:1361} INFO - Starting attempt 1 of 6
[2023-12-19T19:35:34.625+0000] {taskinstance.py:1382} INFO - Executing <Task(PostgresOperator): remove_original_Education_in_fact_table> on 2023-12-01 00:00:00+00:00
[2023-12-19T19:35:34.633+0000] {standard_task_runner.py:57} INFO - Started process 1801 to run task
[2023-12-19T19:35:34.639+0000] {standard_task_runner.py:84} INFO - Running: ['***', 'tasks', 'run', 'Auto_Insurance-v01.remove_replaced_dim_cols', 'remove_original_Education_in_fact_table', 'scheduled__2023-12-01T00:00:00+00:00', '--job-id', '49', '--raw', '--subdir', 'DAGS_FOLDER/Auto_Insurance.py', '--cfg-path', '/tmp/tmpvjckrtz4']
[2023-12-19T19:35:34.654+0000] {standard_task_runner.py:85} INFO - Job 49: Subtask remove_original_Education_in_fact_table
[2023-12-19T19:35:34.775+0000] {task_command.py:416} INFO - Running <TaskInstance: Auto_Insurance-v01.remove_replaced_dim_cols.remove_original_Education_in_fact_table scheduled__2023-12-01T00:00:00+00:00 [running]> on host 757899fef296
[2023-12-19T19:35:34.926+0000] {taskinstance.py:1662} INFO - Exporting env vars: AIRFLOW_CTX_DAG_OWNER='dunnbc22' AIRFLOW_CTX_DAG_ID='Auto_Insurance-v01.remove_replaced_dim_cols' AIRFLOW_CTX_TASK_ID='remove_original_Education_in_fact_table' AIRFLOW_CTX_EXECUTION_DATE='2023-12-01T00:00:00+00:00' AIRFLOW_CTX_TRY_NUMBER='1' AIRFLOW_CTX_DAG_RUN_ID='scheduled__2023-12-01T00:00:00+00:00'
[2023-12-19T19:35:34.927+0000] {sql.py:274} INFO - Executing: -- table_name, column_name
ALTER TABLE auto_insurance_pipe
DROP COLUMN Education;
[2023-12-19T19:35:34.955+0000] {base.py:73} INFO - Using connection ID 'postgres_conn' for task execution.
[2023-12-19T19:35:35.001+0000] {base.py:73} INFO - Using connection ID 'postgres_conn' for task execution.
[2023-12-19T19:35:35.023+0000] {sql.py:418} INFO - Running statement: -- table_name, column_name
ALTER TABLE auto_insurance_pipe
DROP COLUMN Education;, parameters: None
[2023-12-19T19:35:35.052+0000] {taskinstance.py:1400} INFO - Marking task as SUCCESS. dag_id=Auto_Insurance-v01.remove_replaced_dim_cols, task_id=remove_original_Education_in_fact_table, execution_date=20231201T000000, start_date=20231219T193534, end_date=20231219T193535
[2023-12-19T19:35:35.115+0000] {local_task_job_runner.py:228} INFO - Task exited with return code 0
[2023-12-19T19:35:35.203+0000] {taskinstance.py:2778} INFO - 0 downstream tasks scheduled from follow-on schedule check
