[2023-12-19T04:50:46.880+0000] {manager.py:487} INFO - Processing files using up to 2 processes at a time 
[2023-12-19T04:50:46.885+0000] {manager.py:488} INFO - Process each file at most once every 30 seconds
[2023-12-19T04:50:46.890+0000] {manager.py:489} INFO - Checking for new files in /opt/airflow/dags every 300 seconds
[2023-12-19T04:50:46.894+0000] {manager.py:755} INFO - Searching for files in /opt/airflow/dags
[2023-12-19T04:50:47.022+0000] {manager.py:758} INFO - There are 7 files in /opt/airflow/dags
[2023-12-19T04:50:47.206+0000] {manager.py:887} INFO - 
================================================================================
DAG File Processing Stats

File Path                                                         PID  Runtime      # DAGs    # Errors  Last Runtime    Last Run
--------------------------------------------------------------  -----  ---------  --------  ----------  --------------  ----------
/opt/airflow/dags/sub_dag_remove_samples_with_nulls_in_cols.py                           0           0
/opt/airflow/dags/create_star_schema_part_1.py                                           0           0
/opt/airflow/dags/create_star_schema_part_2.py                                           0           0
/opt/airflow/dags/sub_dag_remove_multiple_columns.py                                     0           0
/opt/airflow/dags/sub_dag_clean_vals_and_update_dtypes.py         171  0.03s             0           0
/opt/airflow/dags/bank_and_cc_complaints.py                       168  0.04s             0           0
/opt/airflow/dags/clean_up_after_star_schema_creation.py                                 0           0
================================================================================
[2023-12-19T04:51:18.209+0000] {manager.py:887} INFO - 
================================================================================
DAG File Processing Stats

File Path                                                         PID  Runtime      # DAGs    # Errors  Last Runtime    Last Run
--------------------------------------------------------------  -----  ---------  --------  ----------  --------------  -------------------
/opt/airflow/dags/sub_dag_remove_samples_with_nulls_in_cols.py                           0           0  0.09s           2023-12-19T04:50:47
/opt/airflow/dags/create_star_schema_part_1.py                                           0           0  0.12s           2023-12-19T04:50:47
/opt/airflow/dags/create_star_schema_part_2.py                                           0           0  0.12s           2023-12-19T04:50:47
/opt/airflow/dags/sub_dag_remove_multiple_columns.py                                     0           0  0.07s           2023-12-19T04:50:47
/opt/airflow/dags/sub_dag_clean_vals_and_update_dtypes.py         213  0.05s             0           0  0.14s           2023-12-19T04:50:47
/opt/airflow/dags/bank_and_cc_complaints.py                       210  0.09s             0           1  0.29s           2023-12-19T04:50:47
/opt/airflow/dags/clean_up_after_star_schema_creation.py                                 0           0  0.06s           2023-12-19T04:50:47
================================================================================
[2023-12-19T04:51:49.016+0000] {manager.py:887} INFO - 
================================================================================
DAG File Processing Stats

File Path                                                         PID  Runtime      # DAGs    # Errors  Last Runtime    Last Run
--------------------------------------------------------------  -----  ---------  --------  ----------  --------------  -------------------
/opt/airflow/dags/sub_dag_remove_samples_with_nulls_in_cols.py                           0           0  0.08s           2023-12-19T04:51:18
/opt/airflow/dags/create_star_schema_part_1.py                                           0           0  0.06s           2023-12-19T04:51:18
/opt/airflow/dags/create_star_schema_part_2.py                                           0           0  0.07s           2023-12-19T04:51:18
/opt/airflow/dags/sub_dag_remove_multiple_columns.py                                     0           0  0.22s           2023-12-19T04:51:18
/opt/airflow/dags/sub_dag_clean_vals_and_update_dtypes.py         255  0.00s             0           0  0.21s           2023-12-19T04:51:18
/opt/airflow/dags/bank_and_cc_complaints.py                       252  0.02s             0           1  0.45s           2023-12-19T04:51:18
/opt/airflow/dags/clean_up_after_star_schema_creation.py                                 0           0  0.06s           2023-12-19T04:51:18
================================================================================
[2023-12-19T04:52:19.374+0000] {manager.py:887} INFO - 
================================================================================
DAG File Processing Stats

File Path                                                         PID  Runtime      # DAGs    # Errors  Last Runtime    Last Run
--------------------------------------------------------------  -----  ---------  --------  ----------  --------------  -------------------
/opt/airflow/dags/sub_dag_remove_samples_with_nulls_in_cols.py                           0           0  0.03s           2023-12-19T04:51:49
/opt/airflow/dags/create_star_schema_part_1.py                                           0           0  0.04s           2023-12-19T04:51:49
/opt/airflow/dags/create_star_schema_part_2.py                                           0           0  0.03s           2023-12-19T04:51:49
/opt/airflow/dags/sub_dag_remove_multiple_columns.py                                     0           0  0.03s           2023-12-19T04:51:49
/opt/airflow/dags/sub_dag_clean_vals_and_update_dtypes.py         297  0.00s             0           0  0.06s           2023-12-19T04:51:49
/opt/airflow/dags/bank_and_cc_complaints.py                       294  0.01s             0           1  0.09s           2023-12-19T04:51:49
/opt/airflow/dags/clean_up_after_star_schema_creation.py                                 0           0  0.04s           2023-12-19T04:51:49
================================================================================
[2023-12-19T04:52:49.902+0000] {manager.py:887} INFO - 
================================================================================
DAG File Processing Stats

File Path                                                         PID  Runtime      # DAGs    # Errors  Last Runtime    Last Run
--------------------------------------------------------------  -----  ---------  --------  ----------  --------------  -------------------
/opt/airflow/dags/sub_dag_remove_samples_with_nulls_in_cols.py                           0           0  0.03s           2023-12-19T04:52:19
/opt/airflow/dags/create_star_schema_part_1.py                                           0           0  0.03s           2023-12-19T04:52:19
/opt/airflow/dags/create_star_schema_part_2.py                                           0           0  0.03s           2023-12-19T04:52:19
/opt/airflow/dags/sub_dag_remove_multiple_columns.py                                     0           0  0.03s           2023-12-19T04:52:19
/opt/airflow/dags/sub_dag_clean_vals_and_update_dtypes.py         339  0.01s             0           0  0.03s           2023-12-19T04:52:19
/opt/airflow/dags/bank_and_cc_complaints.py                       336  0.03s             0           1  0.06s           2023-12-19T04:52:19
/opt/airflow/dags/clean_up_after_star_schema_creation.py                                 0           0  0.03s           2023-12-19T04:52:19
================================================================================
[2023-12-19T04:53:20.421+0000] {manager.py:887} INFO - 
================================================================================
DAG File Processing Stats

File Path                                                         PID  Runtime      # DAGs    # Errors  Last Runtime    Last Run
--------------------------------------------------------------  -----  ---------  --------  ----------  --------------  -------------------
/opt/airflow/dags/sub_dag_remove_samples_with_nulls_in_cols.py                           0           0  0.03s           2023-12-19T04:52:49
/opt/airflow/dags/create_star_schema_part_1.py                                           0           0  0.03s           2023-12-19T04:52:50
/opt/airflow/dags/create_star_schema_part_2.py                                           0           0  0.03s           2023-12-19T04:52:49
/opt/airflow/dags/sub_dag_remove_multiple_columns.py                                     0           0  0.03s           2023-12-19T04:52:49
/opt/airflow/dags/sub_dag_clean_vals_and_update_dtypes.py         381  0.00s             0           0  0.04s           2023-12-19T04:52:49
/opt/airflow/dags/bank_and_cc_complaints.py                       378  0.02s             0           1  0.09s           2023-12-19T04:52:49
/opt/airflow/dags/clean_up_after_star_schema_creation.py                                 0           0  0.03s           2023-12-19T04:52:50
================================================================================
[2023-12-19T04:53:50.828+0000] {manager.py:887} INFO - 
================================================================================
DAG File Processing Stats

File Path                                                         PID  Runtime      # DAGs    # Errors  Last Runtime    Last Run
--------------------------------------------------------------  -----  ---------  --------  ----------  --------------  -------------------
/opt/airflow/dags/sub_dag_remove_samples_with_nulls_in_cols.py                           0           0  0.03s           2023-12-19T04:53:20
/opt/airflow/dags/create_star_schema_part_1.py                                           0           0  0.03s           2023-12-19T04:53:20
/opt/airflow/dags/create_star_schema_part_2.py                                           0           0  0.03s           2023-12-19T04:53:20
/opt/airflow/dags/sub_dag_remove_multiple_columns.py              428  0.01s             0           0  0.03s           2023-12-19T04:53:20
/opt/airflow/dags/sub_dag_clean_vals_and_update_dtypes.py         425  0.02s             0           0  0.05s           2023-12-19T04:53:20
/opt/airflow/dags/clean_up_after_star_schema_creation.py                                 0           0  0.03s           2023-12-19T04:53:20
/opt/airflow/dags/bank_and_cc_complaints.py                                              7           0  0.36s           2023-12-19T04:53:27
================================================================================
[2023-12-19T04:54:21.213+0000] {manager.py:887} INFO - 
================================================================================
DAG File Processing Stats

File Path                                                         PID  Runtime      # DAGs    # Errors  Last Runtime    Last Run
--------------------------------------------------------------  -----  ---------  --------  ----------  --------------  -------------------
/opt/airflow/dags/sub_dag_remove_samples_with_nulls_in_cols.py                           0           0  0.03s           2023-12-19T04:53:50
/opt/airflow/dags/create_star_schema_part_1.py                                           0           0  0.03s           2023-12-19T04:53:50
/opt/airflow/dags/create_star_schema_part_2.py                                           0           0  0.03s           2023-12-19T04:53:50
/opt/airflow/dags/sub_dag_remove_multiple_columns.py              484  0.00s             0           0  0.05s           2023-12-19T04:53:50
/opt/airflow/dags/sub_dag_clean_vals_and_update_dtypes.py         481  0.01s             0           0  0.06s           2023-12-19T04:53:50
/opt/airflow/dags/clean_up_after_star_schema_creation.py                                 0           0  0.02s           2023-12-19T04:53:50
/opt/airflow/dags/bank_and_cc_complaints.py                                              7           0  0.16s           2023-12-19T04:53:58
================================================================================
[2023-12-19T04:54:51.638+0000] {manager.py:887} INFO - 
================================================================================
DAG File Processing Stats

File Path                                                         PID  Runtime      # DAGs    # Errors  Last Runtime    Last Run
--------------------------------------------------------------  -----  ---------  --------  ----------  --------------  -------------------
/opt/airflow/dags/sub_dag_remove_samples_with_nulls_in_cols.py                           0           0  0.02s           2023-12-19T04:54:21
/opt/airflow/dags/create_star_schema_part_1.py                                           0           0  0.04s           2023-12-19T04:54:21
/opt/airflow/dags/create_star_schema_part_2.py                                           0           0  0.04s           2023-12-19T04:54:21
/opt/airflow/dags/sub_dag_remove_multiple_columns.py              526  0.01s             0           0  0.03s           2023-12-19T04:54:21
/opt/airflow/dags/sub_dag_clean_vals_and_update_dtypes.py         523  0.02s             0           0  0.03s           2023-12-19T04:54:21
/opt/airflow/dags/clean_up_after_star_schema_creation.py                                 0           0  0.03s           2023-12-19T04:54:21
/opt/airflow/dags/bank_and_cc_complaints.py                                              7           0  0.17s           2023-12-19T04:54:28
================================================================================
[2023-12-19T04:55:22.040+0000] {manager.py:887} INFO - 
================================================================================
DAG File Processing Stats

File Path                                                         PID  Runtime      # DAGs    # Errors  Last Runtime    Last Run
--------------------------------------------------------------  -----  ---------  --------  ----------  --------------  -------------------
/opt/airflow/dags/sub_dag_remove_samples_with_nulls_in_cols.py                           0           0  0.03s           2023-12-19T04:54:51
/opt/airflow/dags/create_star_schema_part_1.py                                           0           0  0.03s           2023-12-19T04:54:51
/opt/airflow/dags/create_star_schema_part_2.py                                           0           0  0.03s           2023-12-19T04:54:51
/opt/airflow/dags/sub_dag_remove_multiple_columns.py              580  0.01s             0           0  0.04s           2023-12-19T04:54:51
/opt/airflow/dags/sub_dag_clean_vals_and_update_dtypes.py         577  0.02s             0           0  0.05s           2023-12-19T04:54:51
/opt/airflow/dags/clean_up_after_star_schema_creation.py                                 0           0  0.03s           2023-12-19T04:54:51
/opt/airflow/dags/bank_and_cc_complaints.py                                              7           0  0.17s           2023-12-19T04:54:58
================================================================================
[2023-12-19T04:55:47.388+0000] {manager.py:755} INFO - Searching for files in /opt/airflow/dags
[2023-12-19T04:55:47.424+0000] {manager.py:758} INFO - There are 7 files in /opt/airflow/dags
[2023-12-19T04:55:52.483+0000] {manager.py:887} INFO - 
================================================================================
DAG File Processing Stats

File Path                                                         PID  Runtime      # DAGs    # Errors  Last Runtime    Last Run
--------------------------------------------------------------  -----  ---------  --------  ----------  --------------  -------------------
/opt/airflow/dags/sub_dag_remove_samples_with_nulls_in_cols.py                           0           0  0.03s           2023-12-19T04:55:22
/opt/airflow/dags/create_star_schema_part_1.py                                           0           0  0.03s           2023-12-19T04:55:22
/opt/airflow/dags/create_star_schema_part_2.py                                           0           0  0.03s           2023-12-19T04:55:22
/opt/airflow/dags/sub_dag_remove_multiple_columns.py              622  0.00s             0           0  0.05s           2023-12-19T04:55:22
/opt/airflow/dags/sub_dag_clean_vals_and_update_dtypes.py         619  0.01s             0           0  0.06s           2023-12-19T04:55:22
/opt/airflow/dags/clean_up_after_star_schema_creation.py                                 0           0  0.02s           2023-12-19T04:55:22
/opt/airflow/dags/bank_and_cc_complaints.py                                              7           0  0.16s           2023-12-19T04:55:29
================================================================================
[2023-12-19T04:56:22.846+0000] {manager.py:887} INFO - 
================================================================================
DAG File Processing Stats

File Path                                                         PID  Runtime      # DAGs    # Errors  Last Runtime    Last Run
--------------------------------------------------------------  -----  ---------  --------  ----------  --------------  -------------------
/opt/airflow/dags/sub_dag_remove_samples_with_nulls_in_cols.py                           0           0  0.04s           2023-12-19T04:55:52
/opt/airflow/dags/create_star_schema_part_1.py                                           0           0  0.03s           2023-12-19T04:55:52
/opt/airflow/dags/create_star_schema_part_2.py                                           0           0  0.05s           2023-12-19T04:55:52
/opt/airflow/dags/sub_dag_remove_multiple_columns.py              664  0.00s             0           0  0.04s           2023-12-19T04:55:52
/opt/airflow/dags/sub_dag_clean_vals_and_update_dtypes.py         661  0.01s             0           0  0.03s           2023-12-19T04:55:52
/opt/airflow/dags/clean_up_after_star_schema_creation.py                                 0           0  0.03s           2023-12-19T04:55:52
/opt/airflow/dags/bank_and_cc_complaints.py                                              7           0  0.15s           2023-12-19T04:55:59
================================================================================
[2023-12-19T04:56:53.262+0000] {manager.py:887} INFO - 
================================================================================
DAG File Processing Stats

File Path                                                         PID  Runtime      # DAGs    # Errors  Last Runtime    Last Run
--------------------------------------------------------------  -----  ---------  --------  ----------  --------------  -------------------
/opt/airflow/dags/sub_dag_remove_samples_with_nulls_in_cols.py                           0           0  0.03s           2023-12-19T04:56:22
/opt/airflow/dags/create_star_schema_part_1.py                                           0           0  0.03s           2023-12-19T04:56:22
/opt/airflow/dags/create_star_schema_part_2.py                                           0           0  0.03s           2023-12-19T04:56:22
/opt/airflow/dags/sub_dag_remove_multiple_columns.py              706  0.00s             0           0  0.03s           2023-12-19T04:56:22
/opt/airflow/dags/sub_dag_clean_vals_and_update_dtypes.py         703  0.01s             0           0  0.03s           2023-12-19T04:56:22
/opt/airflow/dags/clean_up_after_star_schema_creation.py                                 0           0  0.02s           2023-12-19T04:56:22
/opt/airflow/dags/bank_and_cc_complaints.py                                              7           0  0.17s           2023-12-19T04:56:30
================================================================================
[2023-12-19T04:57:23.847+0000] {manager.py:887} INFO - 
================================================================================
DAG File Processing Stats

File Path                                                         PID  Runtime      # DAGs    # Errors  Last Runtime    Last Run
--------------------------------------------------------------  -----  ---------  --------  ----------  --------------  -------------------
/opt/airflow/dags/sub_dag_remove_samples_with_nulls_in_cols.py                           0           0  0.02s           2023-12-19T04:56:53
/opt/airflow/dags/create_star_schema_part_1.py                                           0           0  0.03s           2023-12-19T04:56:53
/opt/airflow/dags/create_star_schema_part_2.py                                           0           0  0.03s           2023-12-19T04:56:53
/opt/airflow/dags/sub_dag_remove_multiple_columns.py                                     0           0  0.04s           2023-12-19T04:56:53
/opt/airflow/dags/sub_dag_clean_vals_and_update_dtypes.py         755  0.00s             0           0  0.04s           2023-12-19T04:56:53
/opt/airflow/dags/clean_up_after_star_schema_creation.py                                 0           0  0.02s           2023-12-19T04:56:53
/opt/airflow/dags/bank_and_cc_complaints.py                       752  0.02s             7           0  0.15s           2023-12-19T04:57:08
================================================================================
[2023-12-19T04:57:54.382+0000] {manager.py:887} INFO - 
================================================================================
DAG File Processing Stats

File Path                                                         PID  Runtime      # DAGs    # Errors  Last Runtime    Last Run
--------------------------------------------------------------  -----  ---------  --------  ----------  --------------  -------------------
/opt/airflow/dags/sub_dag_remove_samples_with_nulls_in_cols.py                           0           0  0.03s           2023-12-19T04:57:23
/opt/airflow/dags/create_star_schema_part_1.py                                           0           0  0.03s           2023-12-19T04:57:24
/opt/airflow/dags/create_star_schema_part_2.py                                           0           0  0.03s           2023-12-19T04:57:24
/opt/airflow/dags/sub_dag_remove_multiple_columns.py                                     0           0  0.04s           2023-12-19T04:57:23
/opt/airflow/dags/sub_dag_clean_vals_and_update_dtypes.py         797  0.01s             0           0  0.05s           2023-12-19T04:57:23
/opt/airflow/dags/clean_up_after_star_schema_creation.py                                 0           0  0.03s           2023-12-19T04:57:24
/opt/airflow/dags/bank_and_cc_complaints.py                       794  0.02s             7           0  0.25s           2023-12-19T04:57:24
================================================================================
[2023-12-19T04:58:24.862+0000] {manager.py:887} INFO - 
================================================================================
DAG File Processing Stats

File Path                                                         PID  Runtime      # DAGs    # Errors  Last Runtime    Last Run
--------------------------------------------------------------  -----  ---------  --------  ----------  --------------  -------------------
/opt/airflow/dags/sub_dag_remove_samples_with_nulls_in_cols.py                           0           0  0.03s           2023-12-19T04:57:54
/opt/airflow/dags/create_star_schema_part_1.py                                           0           0  0.03s           2023-12-19T04:57:54
/opt/airflow/dags/create_star_schema_part_2.py                                           0           0  0.03s           2023-12-19T04:57:54
/opt/airflow/dags/sub_dag_remove_multiple_columns.py                                     0           0  0.03s           2023-12-19T04:57:54
/opt/airflow/dags/sub_dag_clean_vals_and_update_dtypes.py         845  0.00s             0           0  0.05s           2023-12-19T04:57:54
/opt/airflow/dags/clean_up_after_star_schema_creation.py                                 0           0  0.03s           2023-12-19T04:57:54
/opt/airflow/dags/bank_and_cc_complaints.py                       842  0.02s             7           0  0.18s           2023-12-19T04:57:54
================================================================================
[2023-12-19T04:58:55.408+0000] {manager.py:887} INFO - 
================================================================================
DAG File Processing Stats

File Path                                                         PID  Runtime      # DAGs    # Errors  Last Runtime    Last Run
--------------------------------------------------------------  -----  ---------  --------  ----------  --------------  -------------------
/opt/airflow/dags/sub_dag_remove_samples_with_nulls_in_cols.py                           0           0  0.03s           2023-12-19T04:58:24
/opt/airflow/dags/create_star_schema_part_1.py                                           0           0  0.03s           2023-12-19T04:58:25
/opt/airflow/dags/create_star_schema_part_2.py                                           0           0  0.03s           2023-12-19T04:58:24
/opt/airflow/dags/sub_dag_remove_multiple_columns.py              892  0.00s             0           0  0.03s           2023-12-19T04:58:24
/opt/airflow/dags/sub_dag_clean_vals_and_update_dtypes.py         889  0.02s             0           0  0.04s           2023-12-19T04:58:24
/opt/airflow/dags/clean_up_after_star_schema_creation.py                                 0           0  0.03s           2023-12-19T04:58:25
/opt/airflow/dags/bank_and_cc_complaints.py                                              7           0  0.21s           2023-12-19T04:58:42
================================================================================
[2023-12-19T04:59:25.850+0000] {manager.py:887} INFO - 
================================================================================
DAG File Processing Stats

File Path                                                         PID  Runtime      # DAGs    # Errors  Last Runtime    Last Run
--------------------------------------------------------------  -----  ---------  --------  ----------  --------------  -------------------
/opt/airflow/dags/sub_dag_remove_samples_with_nulls_in_cols.py                           0           0  0.03s           2023-12-19T04:58:55
/opt/airflow/dags/create_star_schema_part_1.py                                           0           0  0.03s           2023-12-19T04:58:55
/opt/airflow/dags/create_star_schema_part_2.py                                           0           0  0.03s           2023-12-19T04:58:55
/opt/airflow/dags/sub_dag_remove_multiple_columns.py              950  0.01s             0           0  0.05s           2023-12-19T04:58:55
/opt/airflow/dags/sub_dag_clean_vals_and_update_dtypes.py         947  0.02s             0           0  0.06s           2023-12-19T04:58:55
/opt/airflow/dags/clean_up_after_star_schema_creation.py                                 0           0  0.03s           2023-12-19T04:58:55
/opt/airflow/dags/bank_and_cc_complaints.py                                              7           0  0.18s           2023-12-19T04:59:12
================================================================================
[2023-12-19T04:59:56.231+0000] {manager.py:887} INFO - 
================================================================================
DAG File Processing Stats

File Path                                                         PID  Runtime      # DAGs    # Errors  Last Runtime    Last Run
--------------------------------------------------------------  -----  ---------  --------  ----------  --------------  -------------------
/opt/airflow/dags/sub_dag_remove_samples_with_nulls_in_cols.py                           0           0  0.03s           2023-12-19T04:59:25
/opt/airflow/dags/create_star_schema_part_1.py                                           0           0  0.03s           2023-12-19T04:59:25
/opt/airflow/dags/create_star_schema_part_2.py                                           0           0  0.03s           2023-12-19T04:59:25
/opt/airflow/dags/sub_dag_remove_multiple_columns.py              992  0.01s             0           0  0.04s           2023-12-19T04:59:25
/opt/airflow/dags/sub_dag_clean_vals_and_update_dtypes.py         989  0.02s             0           0  0.04s           2023-12-19T04:59:25
/opt/airflow/dags/clean_up_after_star_schema_creation.py                                 0           0  0.03s           2023-12-19T04:59:25
/opt/airflow/dags/bank_and_cc_complaints.py                                              7           0  0.15s           2023-12-19T04:59:43
================================================================================
[2023-12-19T05:00:26.627+0000] {manager.py:887} INFO - 
================================================================================
DAG File Processing Stats

File Path                                                         PID  Runtime      # DAGs    # Errors  Last Runtime    Last Run
--------------------------------------------------------------  -----  ---------  --------  ----------  --------------  -------------------
/opt/airflow/dags/sub_dag_remove_samples_with_nulls_in_cols.py                           0           0  0.03s           2023-12-19T04:59:56
/opt/airflow/dags/create_star_schema_part_1.py                                           0           0  0.03s           2023-12-19T04:59:56
/opt/airflow/dags/create_star_schema_part_2.py                                           0           0  0.03s           2023-12-19T04:59:56
/opt/airflow/dags/sub_dag_remove_multiple_columns.py             1050  0.00s             0           0  0.04s           2023-12-19T04:59:56
/opt/airflow/dags/sub_dag_clean_vals_and_update_dtypes.py        1047  0.02s             0           0  0.04s           2023-12-19T04:59:56
/opt/airflow/dags/clean_up_after_star_schema_creation.py                                 0           0  0.03s           2023-12-19T04:59:56
/opt/airflow/dags/bank_and_cc_complaints.py                                              7           0  0.14s           2023-12-19T05:00:13
================================================================================
[2023-12-19T05:00:47.984+0000] {manager.py:755} INFO - Searching for files in /opt/airflow/dags
[2023-12-19T05:00:48.022+0000] {manager.py:758} INFO - There are 7 files in /opt/airflow/dags
[2023-12-19T05:00:57.123+0000] {manager.py:887} INFO - 
================================================================================
DAG File Processing Stats

File Path                                                         PID  Runtime      # DAGs    # Errors  Last Runtime    Last Run
--------------------------------------------------------------  -----  ---------  --------  ----------  --------------  -------------------
/opt/airflow/dags/sub_dag_remove_samples_with_nulls_in_cols.py                           0           0  0.03s           2023-12-19T05:00:26
/opt/airflow/dags/create_star_schema_part_1.py                                           0           0  0.03s           2023-12-19T05:00:26
/opt/airflow/dags/create_star_schema_part_2.py                                           0           0  0.03s           2023-12-19T05:00:26
/opt/airflow/dags/sub_dag_remove_multiple_columns.py             1092  0.00s             0           0  0.05s           2023-12-19T05:00:26
/opt/airflow/dags/sub_dag_clean_vals_and_update_dtypes.py        1089  0.01s             0           0  0.06s           2023-12-19T05:00:26
/opt/airflow/dags/clean_up_after_star_schema_creation.py                                 0           0  0.03s           2023-12-19T05:00:26
/opt/airflow/dags/bank_and_cc_complaints.py                                              7           0  0.16s           2023-12-19T05:00:44
================================================================================
[2023-12-19T05:01:27.520+0000] {manager.py:887} INFO - 
================================================================================
DAG File Processing Stats

File Path                                                         PID  Runtime      # DAGs    # Errors  Last Runtime    Last Run
--------------------------------------------------------------  -----  ---------  --------  ----------  --------------  -------------------
/opt/airflow/dags/sub_dag_remove_samples_with_nulls_in_cols.py                           0           0  0.03s           2023-12-19T05:00:57
/opt/airflow/dags/create_star_schema_part_1.py                                           0           0  0.03s           2023-12-19T05:00:57
/opt/airflow/dags/create_star_schema_part_2.py                                           0           0  0.03s           2023-12-19T05:00:57
/opt/airflow/dags/sub_dag_remove_multiple_columns.py             1136  0.01s             0           0  0.04s           2023-12-19T05:00:57
/opt/airflow/dags/sub_dag_clean_vals_and_update_dtypes.py        1133  0.02s             0           0  0.04s           2023-12-19T05:00:57
/opt/airflow/dags/clean_up_after_star_schema_creation.py                                 0           0  0.03s           2023-12-19T05:00:57
/opt/airflow/dags/bank_and_cc_complaints.py                                              7           0  0.14s           2023-12-19T05:01:14
================================================================================
[2023-12-19T05:01:57.972+0000] {manager.py:887} INFO - 
================================================================================
DAG File Processing Stats

File Path                                                         PID  Runtime      # DAGs    # Errors  Last Runtime    Last Run
--------------------------------------------------------------  -----  ---------  --------  ----------  --------------  -------------------
/opt/airflow/dags/sub_dag_remove_samples_with_nulls_in_cols.py                           0           0  0.03s           2023-12-19T05:01:27
/opt/airflow/dags/create_star_schema_part_1.py                                           0           0  0.03s           2023-12-19T05:01:27
/opt/airflow/dags/create_star_schema_part_2.py                                           0           0  0.03s           2023-12-19T05:01:27
/opt/airflow/dags/sub_dag_remove_multiple_columns.py             1178  0.01s             0           0  0.05s           2023-12-19T05:01:27
/opt/airflow/dags/sub_dag_clean_vals_and_update_dtypes.py        1175  0.02s             0           0  0.06s           2023-12-19T05:01:27
/opt/airflow/dags/clean_up_after_star_schema_creation.py                                 0           0  0.03s           2023-12-19T05:01:27
/opt/airflow/dags/bank_and_cc_complaints.py                                              7           0  0.17s           2023-12-19T05:01:44
================================================================================
[2023-12-19T05:02:28.430+0000] {manager.py:887} INFO - 
================================================================================
DAG File Processing Stats

File Path                                                         PID  Runtime      # DAGs    # Errors  Last Runtime    Last Run
--------------------------------------------------------------  -----  ---------  --------  ----------  --------------  -------------------
/opt/airflow/dags/sub_dag_remove_samples_with_nulls_in_cols.py                           0           0  0.03s           2023-12-19T05:01:58
/opt/airflow/dags/create_star_schema_part_1.py                                           0           0  0.03s           2023-12-19T05:01:58
/opt/airflow/dags/create_star_schema_part_2.py                                           0           0  0.03s           2023-12-19T05:01:58
/opt/airflow/dags/sub_dag_remove_multiple_columns.py             1220  0.01s             0           0  0.04s           2023-12-19T05:01:58
/opt/airflow/dags/sub_dag_clean_vals_and_update_dtypes.py        1217  0.02s             0           0  0.05s           2023-12-19T05:01:58
/opt/airflow/dags/clean_up_after_star_schema_creation.py                                 0           0  0.02s           2023-12-19T05:01:58
/opt/airflow/dags/bank_and_cc_complaints.py                                              7           0  0.17s           2023-12-19T05:02:15
================================================================================
[2023-12-19T05:02:58.867+0000] {manager.py:887} INFO - 
================================================================================
DAG File Processing Stats

File Path                                                         PID  Runtime      # DAGs    # Errors  Last Runtime    Last Run
--------------------------------------------------------------  -----  ---------  --------  ----------  --------------  -------------------
/opt/airflow/dags/sub_dag_remove_samples_with_nulls_in_cols.py                           0           0  0.03s           2023-12-19T05:02:28
/opt/airflow/dags/create_star_schema_part_1.py                                           0           0  0.03s           2023-12-19T05:02:28
/opt/airflow/dags/create_star_schema_part_2.py                                           0           0  0.03s           2023-12-19T05:02:28
/opt/airflow/dags/sub_dag_remove_multiple_columns.py             1262  0.01s             0           0  0.05s           2023-12-19T05:02:28
/opt/airflow/dags/sub_dag_clean_vals_and_update_dtypes.py        1259  0.02s             0           0  0.05s           2023-12-19T05:02:28
/opt/airflow/dags/clean_up_after_star_schema_creation.py                                 0           0  0.03s           2023-12-19T05:02:28
/opt/airflow/dags/bank_and_cc_complaints.py                                              7           0  0.17s           2023-12-19T05:02:45
================================================================================
[2023-12-19T05:03:29.275+0000] {manager.py:887} INFO - 
================================================================================
DAG File Processing Stats

File Path                                                         PID  Runtime      # DAGs    # Errors  Last Runtime    Last Run
--------------------------------------------------------------  -----  ---------  --------  ----------  --------------  -------------------
/opt/airflow/dags/sub_dag_remove_samples_with_nulls_in_cols.py                           0           0  0.03s           2023-12-19T05:02:58
/opt/airflow/dags/create_star_schema_part_1.py                                           0           0  0.03s           2023-12-19T05:02:58
/opt/airflow/dags/create_star_schema_part_2.py                                           0           0  0.03s           2023-12-19T05:02:58
/opt/airflow/dags/sub_dag_remove_multiple_columns.py             1304  0.01s             0           0  0.05s           2023-12-19T05:02:58
/opt/airflow/dags/sub_dag_clean_vals_and_update_dtypes.py        1301  0.02s             0           0  0.06s           2023-12-19T05:02:58
/opt/airflow/dags/clean_up_after_star_schema_creation.py                                 0           0  0.02s           2023-12-19T05:02:58
/opt/airflow/dags/bank_and_cc_complaints.py                                              7           0  0.16s           2023-12-19T05:03:16
================================================================================
[2023-12-19T05:03:59.708+0000] {manager.py:887} INFO - 
================================================================================
DAG File Processing Stats

File Path                                                         PID  Runtime      # DAGs    # Errors  Last Runtime    Last Run
--------------------------------------------------------------  -----  ---------  --------  ----------  --------------  -------------------
/opt/airflow/dags/sub_dag_remove_samples_with_nulls_in_cols.py                           0           0  0.03s           2023-12-19T05:03:29
/opt/airflow/dags/create_star_schema_part_1.py                                           0           0  0.03s           2023-12-19T05:03:29
/opt/airflow/dags/create_star_schema_part_2.py                                           0           0  0.03s           2023-12-19T05:03:29
/opt/airflow/dags/sub_dag_remove_multiple_columns.py             1346  0.00s             0           0  0.05s           2023-12-19T05:03:29
/opt/airflow/dags/sub_dag_clean_vals_and_update_dtypes.py        1343  0.02s             0           0  0.05s           2023-12-19T05:03:29
/opt/airflow/dags/clean_up_after_star_schema_creation.py                                 0           0  0.03s           2023-12-19T05:03:29
/opt/airflow/dags/bank_and_cc_complaints.py                                              7           0  0.16s           2023-12-19T05:03:46
================================================================================
[2023-12-19T05:04:30.203+0000] {manager.py:887} INFO - 
================================================================================
DAG File Processing Stats

File Path                                                         PID  Runtime      # DAGs    # Errors  Last Runtime    Last Run
--------------------------------------------------------------  -----  ---------  --------  ----------  --------------  -------------------
/opt/airflow/dags/sub_dag_remove_samples_with_nulls_in_cols.py                           0           0  0.03s           2023-12-19T05:03:59
/opt/airflow/dags/create_star_schema_part_1.py                                           0           0  0.03s           2023-12-19T05:03:59
/opt/airflow/dags/create_star_schema_part_2.py                                           0           0  0.03s           2023-12-19T05:03:59
/opt/airflow/dags/sub_dag_remove_multiple_columns.py             1404  0.00s             0           0  0.05s           2023-12-19T05:03:59
/opt/airflow/dags/sub_dag_clean_vals_and_update_dtypes.py        1401  0.02s             0           0  0.06s           2023-12-19T05:03:59
/opt/airflow/dags/clean_up_after_star_schema_creation.py                                 0           0  0.03s           2023-12-19T05:03:59
/opt/airflow/dags/bank_and_cc_complaints.py                                              7           0  0.17s           2023-12-19T05:04:17
================================================================================
[2023-12-19T05:05:00.595+0000] {manager.py:887} INFO - 
================================================================================
DAG File Processing Stats

File Path                                                         PID  Runtime      # DAGs    # Errors  Last Runtime    Last Run
--------------------------------------------------------------  -----  ---------  --------  ----------  --------------  -------------------
/opt/airflow/dags/sub_dag_remove_samples_with_nulls_in_cols.py                           0           0  0.03s           2023-12-19T05:04:30
/opt/airflow/dags/create_star_schema_part_1.py                                           0           0  0.03s           2023-12-19T05:04:30
/opt/airflow/dags/create_star_schema_part_2.py                                           0           0  0.03s           2023-12-19T05:04:30
/opt/airflow/dags/sub_dag_remove_multiple_columns.py             1446  0.00s             0           0  0.05s           2023-12-19T05:04:30
/opt/airflow/dags/sub_dag_clean_vals_and_update_dtypes.py        1443  0.01s             0           0  0.06s           2023-12-19T05:04:30
/opt/airflow/dags/clean_up_after_star_schema_creation.py                                 0           0  0.02s           2023-12-19T05:04:30
/opt/airflow/dags/bank_and_cc_complaints.py                                              7           0  0.15s           2023-12-19T05:04:47
================================================================================
[2023-12-19T05:05:11.652+0000] {manager.py:469} INFO - Exiting gracefully upon receiving signal 15
