[2023-12-19T04:21:03.307+0000] {taskinstance.py:1159} INFO - Dependencies all met for dep_context=non-requeueable deps ti=<TaskInstance: analytics_olympiad-v01.insert_fk_into_fact_table.insert_fk_col_in_fact_table_DRIVING_EXPERIENCE scheduled__2023-12-01T00:00:00+00:00 [queued]>
[2023-12-19T04:21:03.316+0000] {taskinstance.py:1159} INFO - Dependencies all met for dep_context=requeueable deps ti=<TaskInstance: analytics_olympiad-v01.insert_fk_into_fact_table.insert_fk_col_in_fact_table_DRIVING_EXPERIENCE scheduled__2023-12-01T00:00:00+00:00 [queued]>
[2023-12-19T04:21:03.317+0000] {taskinstance.py:1361} INFO - Starting attempt 1 of 6
[2023-12-19T04:21:03.328+0000] {taskinstance.py:1382} INFO - Executing <Task(PostgresOperator): insert_fk_col_in_fact_table_DRIVING_EXPERIENCE> on 2023-12-01 00:00:00+00:00
[2023-12-19T04:21:03.333+0000] {standard_task_runner.py:57} INFO - Started process 2093 to run task
[2023-12-19T04:21:03.338+0000] {standard_task_runner.py:84} INFO - Running: ['***', 'tasks', 'run', 'analytics_olympiad-v01.insert_fk_into_fact_table', 'insert_fk_col_in_fact_table_DRIVING_EXPERIENCE', 'scheduled__2023-12-01T00:00:00+00:00', '--job-id', '36', '--raw', '--subdir', 'DAGS_FOLDER/Analytics Olympiad 2022.py', '--cfg-path', '/tmp/tmpu7a57znk']
[2023-12-19T04:21:03.340+0000] {standard_task_runner.py:85} INFO - Job 36: Subtask insert_fk_col_in_fact_table_DRIVING_EXPERIENCE
[2023-12-19T04:21:03.406+0000] {task_command.py:416} INFO - Running <TaskInstance: analytics_olympiad-v01.insert_fk_into_fact_table.insert_fk_col_in_fact_table_DRIVING_EXPERIENCE scheduled__2023-12-01T00:00:00+00:00 [running]> on host 7b1718a25f0c
[2023-12-19T04:21:03.485+0000] {taskinstance.py:1662} INFO - Exporting env vars: AIRFLOW_CTX_DAG_OWNER='dunnbc22' AIRFLOW_CTX_DAG_ID='analytics_olympiad-v01.insert_fk_into_fact_table' AIRFLOW_CTX_TASK_ID='insert_fk_col_in_fact_table_DRIVING_EXPERIENCE' AIRFLOW_CTX_EXECUTION_DATE='2023-12-01T00:00:00+00:00' AIRFLOW_CTX_TRY_NUMBER='1' AIRFLOW_CTX_DAG_RUN_ID='scheduled__2023-12-01T00:00:00+00:00'
[2023-12-19T04:21:03.487+0000] {sql.py:274} INFO - Executing: -- params: table_name, dimension_col

/*
Steps 1-3 were completed in the create_dim_table.sql 
file & associated PostgresOperator
*/


-- Step 4: Add foreign key column to fact table
ALTER TABLE analytics_olympiad_pipeline
ADD COLUMN DRIVING_EXPERIENCE_id INTEGER;

-- Step 4: Update foreign key column to fact table with 
-- appropriate id (that matches with dim table)
UPDATE analytics_olympiad_pipeline
SET DRIVING_EXPERIENCE_id = dimension_table_DRIVING_EXPERIENCE.id
FROM dimension_table_DRIVING_EXPERIENCE
WHERE COALESCE(analytics_olympiad_pipeline.DRIVING_EXPERIENCE::text, '') = COALESCE(dimension_table_DRIVING_EXPERIENCE.DRIVING_EXPERIENCE::text, '');
[2023-12-19T04:21:03.498+0000] {base.py:73} INFO - Using connection ID 'postgres_conn' for task execution.
[2023-12-19T04:21:03.509+0000] {base.py:73} INFO - Using connection ID 'postgres_conn' for task execution.
[2023-12-19T04:21:03.517+0000] {sql.py:418} INFO - Running statement: -- params: table_name, dimension_col

/*
Steps 1-3 were completed in the create_dim_table.sql 
file & associated PostgresOperator
*/


-- Step 4: Add foreign key column to fact table
ALTER TABLE analytics_olympiad_pipeline
ADD COLUMN DRIVING_EXPERIENCE_id INTEGER;

-- Step 4: Update foreign key column to fact table with 
-- appropriate id (that matches with dim table)
UPDATE analytics_olympiad_pipeline
SET DRIVING_EXPERIENCE_id = dimension_table_DRIVING_EXPERIENCE.id
FROM dimension_table_DRIVING_EXPERIENCE
WHERE COALESCE(analytics_olympiad_pipeline.DRIVING_EXPERIENCE::text, '') = COALESCE(dimension_table_DRIVING_EXPERIENCE.DRIVING_EXPERIENCE::text, '');, parameters: None
[2023-12-19T04:21:05.619+0000] {sql.py:427} INFO - Rows affected: 99832
[2023-12-19T04:21:05.638+0000] {taskinstance.py:1400} INFO - Marking task as SUCCESS. dag_id=analytics_olympiad-v01.insert_fk_into_fact_table, task_id=insert_fk_col_in_fact_table_DRIVING_EXPERIENCE, execution_date=20231201T000000, start_date=20231219T042103, end_date=20231219T042105
[2023-12-19T04:21:05.678+0000] {local_task_job_runner.py:228} INFO - Task exited with return code 0
[2023-12-19T04:21:05.695+0000] {taskinstance.py:2778} INFO - 0 downstream tasks scheduled from follow-on schedule check
