[2023-12-09T19:39:23.866+0000] {taskinstance.py:1159} INFO - Dependencies all met for dep_context=non-requeueable deps ti=<TaskInstance: california_housing_data-v01.remove_samples_w_nulls.remove_samples_w_nulls.remove_SQUARE_FEET_col scheduled__2023-12-01T00:00:00+00:00 [queued]>
[2023-12-09T19:39:23.894+0000] {taskinstance.py:1159} INFO - Dependencies all met for dep_context=requeueable deps ti=<TaskInstance: california_housing_data-v01.remove_samples_w_nulls.remove_samples_w_nulls.remove_SQUARE_FEET_col scheduled__2023-12-01T00:00:00+00:00 [queued]>
[2023-12-09T19:39:23.900+0000] {taskinstance.py:1361} INFO - Starting attempt 1 of 6
[2023-12-09T19:39:23.989+0000] {taskinstance.py:1382} INFO - Executing <Task(PostgresOperator): remove_samples_w_nulls.remove_SQUARE_FEET_col> on 2023-12-01 00:00:00+00:00
[2023-12-09T19:39:24.006+0000] {standard_task_runner.py:57} INFO - Started process 536 to run task
[2023-12-09T19:39:24.013+0000] {standard_task_runner.py:84} INFO - Running: ['***', 'tasks', 'run', 'california_housing_data-v01.remove_samples_w_nulls', 'remove_samples_w_nulls.remove_SQUARE_FEET_col', 'scheduled__2023-12-01T00:00:00+00:00', '--job-id', '31', '--raw', '--subdir', 'DAGS_FOLDER/ca_housing_data.py', '--cfg-path', '/tmp/tmp0vrce6rq']
[2023-12-09T19:39:24.019+0000] {standard_task_runner.py:85} INFO - Job 31: Subtask remove_samples_w_nulls.remove_SQUARE_FEET_col
[2023-12-09T19:39:24.127+0000] {task_command.py:416} INFO - Running <TaskInstance: california_housing_data-v01.remove_samples_w_nulls.remove_samples_w_nulls.remove_SQUARE_FEET_col scheduled__2023-12-01T00:00:00+00:00 [running]> on host d5ea29713edc
[2023-12-09T19:39:24.256+0000] {taskinstance.py:1662} INFO - Exporting env vars: AIRFLOW_CTX_DAG_OWNER='dunnbc22' AIRFLOW_CTX_DAG_ID='california_housing_data-v01.remove_samples_w_nulls' AIRFLOW_CTX_TASK_ID='remove_samples_w_nulls.remove_SQUARE_FEET_col' AIRFLOW_CTX_EXECUTION_DATE='2023-12-01T00:00:00+00:00' AIRFLOW_CTX_TRY_NUMBER='1' AIRFLOW_CTX_DAG_RUN_ID='scheduled__2023-12-01T00:00:00+00:00'
[2023-12-09T19:39:24.258+0000] {sql.py:274} INFO - Executing: -- params: table_name, column_name
DELETE FROM pipeline_ca_housing
WHERE SQUARE_FEET is NULL;
[2023-12-09T19:39:24.274+0000] {base.py:73} INFO - Using connection ID 'postgres_conn' for task execution.
[2023-12-09T19:39:24.285+0000] {base.py:73} INFO - Using connection ID 'postgres_conn' for task execution.
[2023-12-09T19:39:24.295+0000] {sql.py:418} INFO - Running statement: -- params: table_name, column_name
DELETE FROM pipeline_ca_housing
WHERE SQUARE_FEET is NULL;, parameters: None
[2023-12-09T19:39:24.312+0000] {sql.py:427} INFO - Rows affected: 377
[2023-12-09T19:39:24.322+0000] {taskinstance.py:1400} INFO - Marking task as SUCCESS. dag_id=california_housing_data-v01.remove_samples_w_nulls, task_id=remove_samples_w_nulls.remove_SQUARE_FEET_col, execution_date=20231201T000000, start_date=20231209T193923, end_date=20231209T193924
[2023-12-09T19:39:24.405+0000] {local_task_job_runner.py:228} INFO - Task exited with return code 0
[2023-12-09T19:39:24.429+0000] {taskinstance.py:2778} INFO - 0 downstream tasks scheduled from follow-on schedule check
