[2023-12-21T20:40:31.713+0000] {taskinstance.py:1159} INFO - Dependencies all met for dep_context=non-requeueable deps ti=<TaskInstance: Prop_Sales_Data_Real_Estate_Trends-v01.remove_replaced_dim_cols.remove_original_House_style_in_fact_table scheduled__2023-12-01T00:00:00+00:00 [queued]>
[2023-12-21T20:40:31.720+0000] {taskinstance.py:1159} INFO - Dependencies all met for dep_context=requeueable deps ti=<TaskInstance: Prop_Sales_Data_Real_Estate_Trends-v01.remove_replaced_dim_cols.remove_original_House_style_in_fact_table scheduled__2023-12-01T00:00:00+00:00 [queued]>
[2023-12-21T20:40:31.720+0000] {taskinstance.py:1361} INFO - Starting attempt 1 of 6
[2023-12-21T20:40:31.730+0000] {taskinstance.py:1382} INFO - Executing <Task(PostgresOperator): remove_original_House_style_in_fact_table> on 2023-12-01 00:00:00+00:00
[2023-12-21T20:40:31.734+0000] {standard_task_runner.py:57} INFO - Started process 998 to run task
[2023-12-21T20:40:31.737+0000] {standard_task_runner.py:84} INFO - Running: ['***', 'tasks', 'run', 'Prop_Sales_Data_Real_Estate_Trends-v01.remove_replaced_dim_cols', 'remove_original_House_style_in_fact_table', 'scheduled__2023-12-01T00:00:00+00:00', '--job-id', '34', '--raw', '--subdir', 'DAGS_FOLDER/Prop_Sales_Data_Real_Estate_Trends.py', '--cfg-path', '/tmp/tmpbl88fkxr']
[2023-12-21T20:40:31.740+0000] {standard_task_runner.py:85} INFO - Job 34: Subtask remove_original_House_style_in_fact_table
[2023-12-21T20:40:31.785+0000] {task_command.py:416} INFO - Running <TaskInstance: Prop_Sales_Data_Real_Estate_Trends-v01.remove_replaced_dim_cols.remove_original_House_style_in_fact_table scheduled__2023-12-01T00:00:00+00:00 [running]> on host aab5f6d62a77
[2023-12-21T20:40:31.847+0000] {taskinstance.py:1662} INFO - Exporting env vars: AIRFLOW_CTX_DAG_OWNER='dunnbc22' AIRFLOW_CTX_DAG_ID='Prop_Sales_Data_Real_Estate_Trends-v01.remove_replaced_dim_cols' AIRFLOW_CTX_TASK_ID='remove_original_House_style_in_fact_table' AIRFLOW_CTX_EXECUTION_DATE='2023-12-01T00:00:00+00:00' AIRFLOW_CTX_TRY_NUMBER='1' AIRFLOW_CTX_DAG_RUN_ID='scheduled__2023-12-01T00:00:00+00:00'
[2023-12-21T20:40:31.849+0000] {sql.py:274} INFO - Executing: -- table_name, column_name
ALTER TABLE prop_sales_data_real_estate_trends_pipe
DROP COLUMN House_style;
[2023-12-21T20:40:31.858+0000] {base.py:73} INFO - Using connection ID 'postgres_conn' for task execution.
[2023-12-21T20:40:31.865+0000] {base.py:73} INFO - Using connection ID 'postgres_conn' for task execution.
[2023-12-21T20:40:31.872+0000] {sql.py:418} INFO - Running statement: -- table_name, column_name
ALTER TABLE prop_sales_data_real_estate_trends_pipe
DROP COLUMN House_style;, parameters: None
[2023-12-21T20:40:31.883+0000] {taskinstance.py:1400} INFO - Marking task as SUCCESS. dag_id=Prop_Sales_Data_Real_Estate_Trends-v01.remove_replaced_dim_cols, task_id=remove_original_House_style_in_fact_table, execution_date=20231201T000000, start_date=20231221T204031, end_date=20231221T204031
[2023-12-21T20:40:31.913+0000] {local_task_job_runner.py:228} INFO - Task exited with return code 0
[2023-12-21T20:40:31.951+0000] {taskinstance.py:2778} INFO - 0 downstream tasks scheduled from follow-on schedule check
