[2023-12-21T16:36:42.505+0000] {taskinstance.py:1159} INFO - Dependencies all met for dep_context=non-requeueable deps ti=<TaskInstance: Loan_Prediction-v01.impute_missing_values.impute_missing_values_in_Credit_History_with_median scheduled__2023-12-01T00:00:00+00:00 [queued]>
[2023-12-21T16:36:42.509+0000] {taskinstance.py:1159} INFO - Dependencies all met for dep_context=requeueable deps ti=<TaskInstance: Loan_Prediction-v01.impute_missing_values.impute_missing_values_in_Credit_History_with_median scheduled__2023-12-01T00:00:00+00:00 [queued]>
[2023-12-21T16:36:42.510+0000] {taskinstance.py:1361} INFO - Starting attempt 4 of 6
[2023-12-21T16:36:42.517+0000] {taskinstance.py:1382} INFO - Executing <Task(PostgresOperator): impute_missing_values_in_Credit_History_with_median> on 2023-12-01 00:00:00+00:00
[2023-12-21T16:36:42.520+0000] {standard_task_runner.py:57} INFO - Started process 1645 to run task
[2023-12-21T16:36:42.523+0000] {standard_task_runner.py:84} INFO - Running: ['***', 'tasks', 'run', 'Loan_Prediction-v01.impute_missing_values', 'impute_missing_values_in_Credit_History_with_median', 'scheduled__2023-12-01T00:00:00+00:00', '--job-id', '23', '--raw', '--subdir', 'DAGS_FOLDER/Loan_Prediction.py', '--cfg-path', '/tmp/tmpmi24ns_o']
[2023-12-21T16:36:42.524+0000] {standard_task_runner.py:85} INFO - Job 23: Subtask impute_missing_values_in_Credit_History_with_median
[2023-12-21T16:36:42.557+0000] {task_command.py:416} INFO - Running <TaskInstance: Loan_Prediction-v01.impute_missing_values.impute_missing_values_in_Credit_History_with_median scheduled__2023-12-01T00:00:00+00:00 [running]> on host 56b600c92613
[2023-12-21T16:36:42.606+0000] {taskinstance.py:1662} INFO - Exporting env vars: AIRFLOW_CTX_DAG_OWNER='dunnbc22' AIRFLOW_CTX_DAG_ID='Loan_Prediction-v01.impute_missing_values' AIRFLOW_CTX_TASK_ID='impute_missing_values_in_Credit_History_with_median' AIRFLOW_CTX_EXECUTION_DATE='2023-12-01T00:00:00+00:00' AIRFLOW_CTX_TRY_NUMBER='4' AIRFLOW_CTX_DAG_RUN_ID='scheduled__2023-12-01T00:00:00+00:00'
[2023-12-21T16:36:42.607+0000] {sql.py:274} INFO - Executing: -- params: table_name, column_name

UPDATE loan_prediction_pipe
SET Credit_History = subquery.median_value
FROM (
    SELECT 
        Credit_History,
        CASE 
            WHEN COUNT(*) % 2 = 1 THEN percentile_cont(0.5) WITHIN GROUP (ORDER BY Credit_History::numeric) 
            ELSE AVG(CASE WHEN Credit_History ~ E'^\\d+(\\.\\d+)?$' THEN Credit_History::numeric END) 
            --ELSE AVG(Credit_History::numeric) 
        END AS median_value
    FROM loan_prediction_pipe
    WHERE loan_prediction_pipe.Credit_History IS NOT NULL
        AND Credit_History ~ E'^\\d+(\\.\\d+)?$' -- Exclude non-numeric values
    GROUP BY loan_prediction_pipe.Credit_History
) AS subquery
WHERE loan_prediction_pipe.Credit_History IS NULL;


--SET Credit_History = subquery.median_value
--FROM (
  --  SELECT 
    --    Credit_History,
      --  CASE 
        --    WHEN COUNT(*) % 2 = 1 THEN percentile_cont(0.5) WITHIN GROUP (ORDER BY Credit_History::numeric) 
            --ELSE AVG(CASE WHEN Credit_History ~ E'^\\d+(\\.\\d+)?$' THEN Credit_History::numeric END) 
        --END AS median_value
    --FROM loan_prediction_pipe
    --WHERE loan_prediction_pipe.Credit_History IS NOT NULL
      --AND Credit_History ~ E'^\\d+(\\.\\d+)?$' -- Exclude non-numeric values
    --GROUP BY loan_prediction_pipe.Credit_History
--) AS subquery
--WHERE loan_prediction_pipe.Credit_History IS NULL;
[2023-12-21T16:36:42.613+0000] {base.py:73} INFO - Using connection ID 'postgres_conn' for task execution.
[2023-12-21T16:36:42.620+0000] {base.py:73} INFO - Using connection ID 'postgres_conn' for task execution.
[2023-12-21T16:36:42.626+0000] {sql.py:418} INFO - Running statement: -- params: table_name, column_name

UPDATE loan_prediction_pipe
SET Credit_History = subquery.median_value
FROM (
    SELECT 
        Credit_History,
        CASE 
            WHEN COUNT(*) % 2 = 1 THEN percentile_cont(0.5) WITHIN GROUP (ORDER BY Credit_History::numeric) 
            ELSE AVG(CASE WHEN Credit_History ~ E'^\\d+(\\.\\d+)?$' THEN Credit_History::numeric END) 
            --ELSE AVG(Credit_History::numeric) 
        END AS median_value
    FROM loan_prediction_pipe
    WHERE loan_prediction_pipe.Credit_History IS NOT NULL
        AND Credit_History ~ E'^\\d+(\\.\\d+)?$' -- Exclude non-numeric values
    GROUP BY loan_prediction_pipe.Credit_History
) AS subquery
WHERE loan_prediction_pipe.Credit_History IS NULL;


--SET Credit_History = subquery.median_value
--FROM (
  --  SELECT 
    --    Credit_History,
      --  CASE 
        --    WHEN COUNT(*) % 2 = 1 THEN percentile_cont(0.5) WITHIN GROUP (ORDER BY Credit_History::numeric) 
            --ELSE AVG(CASE WHEN Credit_History ~ E'^\\d+(\\.\\d+)?$' THEN Credit_History::numeric END) 
        --END AS median_value
    --FROM loan_prediction_pipe
    --WHERE loan_prediction_pipe.Credit_History IS NOT NULL
      --AND Credit_History ~ E'^\\d+(\\.\\d+)?$' -- Exclude non-numeric values
    --GROUP BY loan_prediction_pipe.Credit_History
--) AS subquery
--WHERE loan_prediction_pipe.Credit_History IS NULL;, parameters: None
[2023-12-21T16:36:42.628+0000] {taskinstance.py:1937} ERROR - Task failed with exception
Traceback (most recent call last):
  File "/home/airflow/.local/lib/python3.8/site-packages/airflow/providers/common/sql/operators/sql.py", line 280, in execute
    output = hook.run(
  File "/home/airflow/.local/lib/python3.8/site-packages/airflow/providers/common/sql/hooks/sql.py", line 392, in run
    self._run_command(cur, sql_statement, parameters)
  File "/home/airflow/.local/lib/python3.8/site-packages/airflow/providers/common/sql/hooks/sql.py", line 423, in _run_command
    cur.execute(sql_statement)
psycopg2.errors.UndefinedFunction: operator does not exist: integer ~ unknown
LINE 10:             ELSE AVG(CASE WHEN Credit_History ~ E'^\\d+(\\.\...
                                                       ^
HINT:  No operator matches the given name and argument types. You might need to add explicit type casts.

[2023-12-21T16:36:42.635+0000] {taskinstance.py:1400} INFO - Marking task as UP_FOR_RETRY. dag_id=Loan_Prediction-v01.impute_missing_values, task_id=impute_missing_values_in_Credit_History_with_median, execution_date=20231201T000000, start_date=20231221T163642, end_date=20231221T163642
[2023-12-21T16:36:42.641+0000] {standard_task_runner.py:104} ERROR - Failed to execute job 23 for task impute_missing_values_in_Credit_History_with_median (operator does not exist: integer ~ unknown
LINE 10:             ELSE AVG(CASE WHEN Credit_History ~ E'^\\d+(\\.\...
                                                       ^
HINT:  No operator matches the given name and argument types. You might need to add explicit type casts.
; 1645)
[2023-12-21T16:36:42.655+0000] {local_task_job_runner.py:228} INFO - Task exited with return code 1
[2023-12-21T16:36:42.688+0000] {taskinstance.py:2778} INFO - 0 downstream tasks scheduled from follow-on schedule check
