[2023-12-21T16:43:34.876+0000] {taskinstance.py:1159} INFO - Dependencies all met for dep_context=non-requeueable deps ti=<TaskInstance: Loan_Prediction-v01.insert_fk_into_fact_table.insert_fk_col_in_fact_table_Property_Area scheduled__2023-12-01T00:00:00+00:00 [queued]>
[2023-12-21T16:43:34.883+0000] {taskinstance.py:1159} INFO - Dependencies all met for dep_context=requeueable deps ti=<TaskInstance: Loan_Prediction-v01.insert_fk_into_fact_table.insert_fk_col_in_fact_table_Property_Area scheduled__2023-12-01T00:00:00+00:00 [queued]>
[2023-12-21T16:43:34.883+0000] {taskinstance.py:1361} INFO - Starting attempt 1 of 6
[2023-12-21T16:43:34.898+0000] {taskinstance.py:1382} INFO - Executing <Task(PostgresOperator): insert_fk_col_in_fact_table_Property_Area> on 2023-12-01 00:00:00+00:00
[2023-12-21T16:43:34.901+0000] {standard_task_runner.py:57} INFO - Started process 2268 to run task
[2023-12-21T16:43:34.904+0000] {standard_task_runner.py:84} INFO - Running: ['***', 'tasks', 'run', 'Loan_Prediction-v01.insert_fk_into_fact_table', 'insert_fk_col_in_fact_table_Property_Area', 'scheduled__2023-12-01T00:00:00+00:00', '--job-id', '40', '--raw', '--subdir', 'DAGS_FOLDER/Loan_Prediction.py', '--cfg-path', '/tmp/tmp5l35s75x']
[2023-12-21T16:43:34.908+0000] {standard_task_runner.py:85} INFO - Job 40: Subtask insert_fk_col_in_fact_table_Property_Area
[2023-12-21T16:43:34.958+0000] {task_command.py:416} INFO - Running <TaskInstance: Loan_Prediction-v01.insert_fk_into_fact_table.insert_fk_col_in_fact_table_Property_Area scheduled__2023-12-01T00:00:00+00:00 [running]> on host 56b600c92613
[2023-12-21T16:43:35.027+0000] {taskinstance.py:1662} INFO - Exporting env vars: AIRFLOW_CTX_DAG_OWNER='dunnbc22' AIRFLOW_CTX_DAG_ID='Loan_Prediction-v01.insert_fk_into_fact_table' AIRFLOW_CTX_TASK_ID='insert_fk_col_in_fact_table_Property_Area' AIRFLOW_CTX_EXECUTION_DATE='2023-12-01T00:00:00+00:00' AIRFLOW_CTX_TRY_NUMBER='1' AIRFLOW_CTX_DAG_RUN_ID='scheduled__2023-12-01T00:00:00+00:00'
[2023-12-21T16:43:35.028+0000] {sql.py:274} INFO - Executing: -- params: table_name, dimension_col

/*
Steps 1-3 were completed in the create_dim_table.sql 
file & associated PostgresOperator
*/


-- Step 4: Add foreign key column to fact table
ALTER TABLE loan_prediction_pipe
ADD COLUMN Property_Area_id INTEGER;

-- Step 4: Update foreign key column to fact table with 
-- appropriate id (that matches with dim table)
UPDATE loan_prediction_pipe
SET Property_Area_id = dimension_table_Property_Area.id
FROM dimension_table_Property_Area
WHERE COALESCE(loan_prediction_pipe.Property_Area::text, '') = COALESCE(dimension_table_Property_Area.Property_Area::text, '');
[2023-12-21T16:43:35.037+0000] {base.py:73} INFO - Using connection ID 'postgres_conn' for task execution.
[2023-12-21T16:43:35.045+0000] {base.py:73} INFO - Using connection ID 'postgres_conn' for task execution.
[2023-12-21T16:43:35.052+0000] {sql.py:418} INFO - Running statement: -- params: table_name, dimension_col

/*
Steps 1-3 were completed in the create_dim_table.sql 
file & associated PostgresOperator
*/


-- Step 4: Add foreign key column to fact table
ALTER TABLE loan_prediction_pipe
ADD COLUMN Property_Area_id INTEGER;

-- Step 4: Update foreign key column to fact table with 
-- appropriate id (that matches with dim table)
UPDATE loan_prediction_pipe
SET Property_Area_id = dimension_table_Property_Area.id
FROM dimension_table_Property_Area
WHERE COALESCE(loan_prediction_pipe.Property_Area::text, '') = COALESCE(dimension_table_Property_Area.Property_Area::text, '');, parameters: None
[2023-12-21T16:43:35.066+0000] {sql.py:427} INFO - Rows affected: 554
[2023-12-21T16:43:35.074+0000] {taskinstance.py:1400} INFO - Marking task as SUCCESS. dag_id=Loan_Prediction-v01.insert_fk_into_fact_table, task_id=insert_fk_col_in_fact_table_Property_Area, execution_date=20231201T000000, start_date=20231221T164334, end_date=20231221T164335
[2023-12-21T16:43:35.119+0000] {local_task_job_runner.py:228} INFO - Task exited with return code 0
[2023-12-21T16:43:35.155+0000] {taskinstance.py:2778} INFO - 0 downstream tasks scheduled from follow-on schedule check
