[2023-12-20T17:31:32.525+0000] {processor.py:157} INFO - Started process (PID=181) to work on /opt/airflow/dags/clean_up_after_star_schema_creation.py
[2023-12-20T17:31:32.529+0000] {processor.py:829} INFO - Processing file /opt/airflow/dags/clean_up_after_star_schema_creation.py for tasks to queue
[2023-12-20T17:31:32.533+0000] {logging_mixin.py:154} INFO - [2023-12-20T17:31:32.531+0000] {dagbag.py:536} INFO - Filling up the DagBag from /opt/airflow/dags/clean_up_after_star_schema_creation.py
[2023-12-20T17:31:32.544+0000] {processor.py:841} WARNING - No viable dags retrieved from /opt/airflow/dags/clean_up_after_star_schema_creation.py
[2023-12-20T17:31:32.559+0000] {processor.py:179} INFO - Processing /opt/airflow/dags/clean_up_after_star_schema_creation.py took 0.037 seconds
[2023-12-20T17:32:03.019+0000] {processor.py:157} INFO - Started process (PID=208) to work on /opt/airflow/dags/clean_up_after_star_schema_creation.py
[2023-12-20T17:32:03.020+0000] {processor.py:829} INFO - Processing file /opt/airflow/dags/clean_up_after_star_schema_creation.py for tasks to queue
[2023-12-20T17:32:03.021+0000] {logging_mixin.py:154} INFO - [2023-12-20T17:32:03.021+0000] {dagbag.py:536} INFO - Filling up the DagBag from /opt/airflow/dags/clean_up_after_star_schema_creation.py
[2023-12-20T17:32:03.026+0000] {processor.py:841} WARNING - No viable dags retrieved from /opt/airflow/dags/clean_up_after_star_schema_creation.py
[2023-12-20T17:32:03.043+0000] {processor.py:179} INFO - Processing /opt/airflow/dags/clean_up_after_star_schema_creation.py took 0.026 seconds
[2023-12-20T17:32:33.562+0000] {processor.py:157} INFO - Started process (PID=235) to work on /opt/airflow/dags/clean_up_after_star_schema_creation.py
[2023-12-20T17:32:33.564+0000] {processor.py:829} INFO - Processing file /opt/airflow/dags/clean_up_after_star_schema_creation.py for tasks to queue
[2023-12-20T17:32:33.565+0000] {logging_mixin.py:154} INFO - [2023-12-20T17:32:33.565+0000] {dagbag.py:536} INFO - Filling up the DagBag from /opt/airflow/dags/clean_up_after_star_schema_creation.py
[2023-12-20T17:32:33.570+0000] {processor.py:841} WARNING - No viable dags retrieved from /opt/airflow/dags/clean_up_after_star_schema_creation.py
[2023-12-20T17:32:33.588+0000] {processor.py:179} INFO - Processing /opt/airflow/dags/clean_up_after_star_schema_creation.py took 0.029 seconds
[2023-12-20T17:33:03.940+0000] {processor.py:157} INFO - Started process (PID=262) to work on /opt/airflow/dags/clean_up_after_star_schema_creation.py
[2023-12-20T17:33:03.940+0000] {processor.py:829} INFO - Processing file /opt/airflow/dags/clean_up_after_star_schema_creation.py for tasks to queue
[2023-12-20T17:33:03.941+0000] {logging_mixin.py:154} INFO - [2023-12-20T17:33:03.941+0000] {dagbag.py:536} INFO - Filling up the DagBag from /opt/airflow/dags/clean_up_after_star_schema_creation.py
[2023-12-20T17:33:03.945+0000] {processor.py:841} WARNING - No viable dags retrieved from /opt/airflow/dags/clean_up_after_star_schema_creation.py
[2023-12-20T17:33:03.956+0000] {processor.py:179} INFO - Processing /opt/airflow/dags/clean_up_after_star_schema_creation.py took 0.019 seconds
[2023-12-20T17:33:34.437+0000] {processor.py:157} INFO - Started process (PID=289) to work on /opt/airflow/dags/clean_up_after_star_schema_creation.py
[2023-12-20T17:33:34.438+0000] {processor.py:829} INFO - Processing file /opt/airflow/dags/clean_up_after_star_schema_creation.py for tasks to queue
[2023-12-20T17:33:34.439+0000] {logging_mixin.py:154} INFO - [2023-12-20T17:33:34.438+0000] {dagbag.py:536} INFO - Filling up the DagBag from /opt/airflow/dags/clean_up_after_star_schema_creation.py
[2023-12-20T17:33:34.443+0000] {processor.py:841} WARNING - No viable dags retrieved from /opt/airflow/dags/clean_up_after_star_schema_creation.py
[2023-12-20T17:33:34.453+0000] {processor.py:179} INFO - Processing /opt/airflow/dags/clean_up_after_star_schema_creation.py took 0.017 seconds
[2023-12-20T17:34:04.876+0000] {processor.py:157} INFO - Started process (PID=316) to work on /opt/airflow/dags/clean_up_after_star_schema_creation.py
[2023-12-20T17:34:04.876+0000] {processor.py:829} INFO - Processing file /opt/airflow/dags/clean_up_after_star_schema_creation.py for tasks to queue
[2023-12-20T17:34:04.877+0000] {logging_mixin.py:154} INFO - [2023-12-20T17:34:04.877+0000] {dagbag.py:536} INFO - Filling up the DagBag from /opt/airflow/dags/clean_up_after_star_schema_creation.py
[2023-12-20T17:34:04.881+0000] {processor.py:841} WARNING - No viable dags retrieved from /opt/airflow/dags/clean_up_after_star_schema_creation.py
[2023-12-20T17:34:04.890+0000] {processor.py:179} INFO - Processing /opt/airflow/dags/clean_up_after_star_schema_creation.py took 0.016 seconds
[2023-12-20T17:34:35.273+0000] {processor.py:157} INFO - Started process (PID=345) to work on /opt/airflow/dags/clean_up_after_star_schema_creation.py
[2023-12-20T17:34:35.274+0000] {processor.py:829} INFO - Processing file /opt/airflow/dags/clean_up_after_star_schema_creation.py for tasks to queue
[2023-12-20T17:34:35.275+0000] {logging_mixin.py:154} INFO - [2023-12-20T17:34:35.275+0000] {dagbag.py:536} INFO - Filling up the DagBag from /opt/airflow/dags/clean_up_after_star_schema_creation.py
[2023-12-20T17:34:35.279+0000] {processor.py:841} WARNING - No viable dags retrieved from /opt/airflow/dags/clean_up_after_star_schema_creation.py
[2023-12-20T17:34:35.289+0000] {processor.py:179} INFO - Processing /opt/airflow/dags/clean_up_after_star_schema_creation.py took 0.018 seconds
[2023-12-20T17:35:05.896+0000] {processor.py:157} INFO - Started process (PID=379) to work on /opt/airflow/dags/clean_up_after_star_schema_creation.py
[2023-12-20T17:35:05.897+0000] {processor.py:829} INFO - Processing file /opt/airflow/dags/clean_up_after_star_schema_creation.py for tasks to queue
[2023-12-20T17:35:05.898+0000] {logging_mixin.py:154} INFO - [2023-12-20T17:35:05.898+0000] {dagbag.py:536} INFO - Filling up the DagBag from /opt/airflow/dags/clean_up_after_star_schema_creation.py
[2023-12-20T17:35:05.902+0000] {processor.py:841} WARNING - No viable dags retrieved from /opt/airflow/dags/clean_up_after_star_schema_creation.py
[2023-12-20T17:35:05.915+0000] {processor.py:179} INFO - Processing /opt/airflow/dags/clean_up_after_star_schema_creation.py took 0.022 seconds
[2023-12-20T17:35:36.317+0000] {processor.py:157} INFO - Started process (PID=406) to work on /opt/airflow/dags/clean_up_after_star_schema_creation.py
[2023-12-20T17:35:36.318+0000] {processor.py:829} INFO - Processing file /opt/airflow/dags/clean_up_after_star_schema_creation.py for tasks to queue
[2023-12-20T17:35:36.319+0000] {logging_mixin.py:154} INFO - [2023-12-20T17:35:36.318+0000] {dagbag.py:536} INFO - Filling up the DagBag from /opt/airflow/dags/clean_up_after_star_schema_creation.py
[2023-12-20T17:35:36.323+0000] {processor.py:841} WARNING - No viable dags retrieved from /opt/airflow/dags/clean_up_after_star_schema_creation.py
[2023-12-20T17:35:36.333+0000] {processor.py:179} INFO - Processing /opt/airflow/dags/clean_up_after_star_schema_creation.py took 0.018 seconds
[2023-12-20T17:36:06.669+0000] {processor.py:157} INFO - Started process (PID=433) to work on /opt/airflow/dags/clean_up_after_star_schema_creation.py
[2023-12-20T17:36:06.670+0000] {processor.py:829} INFO - Processing file /opt/airflow/dags/clean_up_after_star_schema_creation.py for tasks to queue
[2023-12-20T17:36:06.671+0000] {logging_mixin.py:154} INFO - [2023-12-20T17:36:06.671+0000] {dagbag.py:536} INFO - Filling up the DagBag from /opt/airflow/dags/clean_up_after_star_schema_creation.py
[2023-12-20T17:36:06.675+0000] {processor.py:841} WARNING - No viable dags retrieved from /opt/airflow/dags/clean_up_after_star_schema_creation.py
[2023-12-20T17:36:06.685+0000] {processor.py:179} INFO - Processing /opt/airflow/dags/clean_up_after_star_schema_creation.py took 0.018 seconds
[2023-12-20T17:36:37.063+0000] {processor.py:157} INFO - Started process (PID=476) to work on /opt/airflow/dags/clean_up_after_star_schema_creation.py
[2023-12-20T17:36:37.063+0000] {processor.py:829} INFO - Processing file /opt/airflow/dags/clean_up_after_star_schema_creation.py for tasks to queue
[2023-12-20T17:36:37.064+0000] {logging_mixin.py:154} INFO - [2023-12-20T17:36:37.064+0000] {dagbag.py:536} INFO - Filling up the DagBag from /opt/airflow/dags/clean_up_after_star_schema_creation.py
[2023-12-20T17:36:37.068+0000] {processor.py:841} WARNING - No viable dags retrieved from /opt/airflow/dags/clean_up_after_star_schema_creation.py
[2023-12-20T17:36:37.079+0000] {processor.py:179} INFO - Processing /opt/airflow/dags/clean_up_after_star_schema_creation.py took 0.018 seconds
[2023-12-20T17:37:07.417+0000] {processor.py:157} INFO - Started process (PID=503) to work on /opt/airflow/dags/clean_up_after_star_schema_creation.py
[2023-12-20T17:37:07.418+0000] {processor.py:829} INFO - Processing file /opt/airflow/dags/clean_up_after_star_schema_creation.py for tasks to queue
[2023-12-20T17:37:07.419+0000] {logging_mixin.py:154} INFO - [2023-12-20T17:37:07.419+0000] {dagbag.py:536} INFO - Filling up the DagBag from /opt/airflow/dags/clean_up_after_star_schema_creation.py
[2023-12-20T17:37:07.423+0000] {processor.py:841} WARNING - No viable dags retrieved from /opt/airflow/dags/clean_up_after_star_schema_creation.py
[2023-12-20T17:37:07.435+0000] {processor.py:179} INFO - Processing /opt/airflow/dags/clean_up_after_star_schema_creation.py took 0.020 seconds
[2023-12-20T17:37:37.844+0000] {processor.py:157} INFO - Started process (PID=532) to work on /opt/airflow/dags/clean_up_after_star_schema_creation.py
[2023-12-20T17:37:37.844+0000] {processor.py:829} INFO - Processing file /opt/airflow/dags/clean_up_after_star_schema_creation.py for tasks to queue
[2023-12-20T17:37:37.845+0000] {logging_mixin.py:154} INFO - [2023-12-20T17:37:37.845+0000] {dagbag.py:536} INFO - Filling up the DagBag from /opt/airflow/dags/clean_up_after_star_schema_creation.py
[2023-12-20T17:37:37.849+0000] {processor.py:841} WARNING - No viable dags retrieved from /opt/airflow/dags/clean_up_after_star_schema_creation.py
[2023-12-20T17:37:37.859+0000] {processor.py:179} INFO - Processing /opt/airflow/dags/clean_up_after_star_schema_creation.py took 0.017 seconds
[2023-12-20T17:38:08.221+0000] {processor.py:157} INFO - Started process (PID=559) to work on /opt/airflow/dags/clean_up_after_star_schema_creation.py
[2023-12-20T17:38:08.222+0000] {processor.py:829} INFO - Processing file /opt/airflow/dags/clean_up_after_star_schema_creation.py for tasks to queue
[2023-12-20T17:38:08.223+0000] {logging_mixin.py:154} INFO - [2023-12-20T17:38:08.222+0000] {dagbag.py:536} INFO - Filling up the DagBag from /opt/airflow/dags/clean_up_after_star_schema_creation.py
[2023-12-20T17:38:08.226+0000] {processor.py:841} WARNING - No viable dags retrieved from /opt/airflow/dags/clean_up_after_star_schema_creation.py
[2023-12-20T17:38:08.236+0000] {processor.py:179} INFO - Processing /opt/airflow/dags/clean_up_after_star_schema_creation.py took 0.017 seconds
[2023-12-20T17:38:38.685+0000] {processor.py:157} INFO - Started process (PID=586) to work on /opt/airflow/dags/clean_up_after_star_schema_creation.py
[2023-12-20T17:38:38.686+0000] {processor.py:829} INFO - Processing file /opt/airflow/dags/clean_up_after_star_schema_creation.py for tasks to queue
[2023-12-20T17:38:38.687+0000] {logging_mixin.py:154} INFO - [2023-12-20T17:38:38.687+0000] {dagbag.py:536} INFO - Filling up the DagBag from /opt/airflow/dags/clean_up_after_star_schema_creation.py
[2023-12-20T17:38:38.691+0000] {processor.py:841} WARNING - No viable dags retrieved from /opt/airflow/dags/clean_up_after_star_schema_creation.py
[2023-12-20T17:38:38.701+0000] {processor.py:179} INFO - Processing /opt/airflow/dags/clean_up_after_star_schema_creation.py took 0.018 seconds
[2023-12-20T17:39:09.133+0000] {processor.py:157} INFO - Started process (PID=613) to work on /opt/airflow/dags/clean_up_after_star_schema_creation.py
[2023-12-20T17:39:09.134+0000] {processor.py:829} INFO - Processing file /opt/airflow/dags/clean_up_after_star_schema_creation.py for tasks to queue
[2023-12-20T17:39:09.134+0000] {logging_mixin.py:154} INFO - [2023-12-20T17:39:09.134+0000] {dagbag.py:536} INFO - Filling up the DagBag from /opt/airflow/dags/clean_up_after_star_schema_creation.py
[2023-12-20T17:39:09.139+0000] {processor.py:841} WARNING - No viable dags retrieved from /opt/airflow/dags/clean_up_after_star_schema_creation.py
[2023-12-20T17:39:09.149+0000] {processor.py:179} INFO - Processing /opt/airflow/dags/clean_up_after_star_schema_creation.py took 0.018 seconds
[2023-12-20T17:39:39.575+0000] {processor.py:157} INFO - Started process (PID=640) to work on /opt/airflow/dags/clean_up_after_star_schema_creation.py
[2023-12-20T17:39:39.576+0000] {processor.py:829} INFO - Processing file /opt/airflow/dags/clean_up_after_star_schema_creation.py for tasks to queue
[2023-12-20T17:39:39.577+0000] {logging_mixin.py:154} INFO - [2023-12-20T17:39:39.576+0000] {dagbag.py:536} INFO - Filling up the DagBag from /opt/airflow/dags/clean_up_after_star_schema_creation.py
[2023-12-20T17:39:39.580+0000] {processor.py:841} WARNING - No viable dags retrieved from /opt/airflow/dags/clean_up_after_star_schema_creation.py
[2023-12-20T17:39:39.591+0000] {processor.py:179} INFO - Processing /opt/airflow/dags/clean_up_after_star_schema_creation.py took 0.018 seconds
[2023-12-20T17:40:09.945+0000] {processor.py:157} INFO - Started process (PID=667) to work on /opt/airflow/dags/clean_up_after_star_schema_creation.py
[2023-12-20T17:40:09.945+0000] {processor.py:829} INFO - Processing file /opt/airflow/dags/clean_up_after_star_schema_creation.py for tasks to queue
[2023-12-20T17:40:09.946+0000] {logging_mixin.py:154} INFO - [2023-12-20T17:40:09.946+0000] {dagbag.py:536} INFO - Filling up the DagBag from /opt/airflow/dags/clean_up_after_star_schema_creation.py
[2023-12-20T17:40:09.950+0000] {processor.py:841} WARNING - No viable dags retrieved from /opt/airflow/dags/clean_up_after_star_schema_creation.py
[2023-12-20T17:40:09.960+0000] {processor.py:179} INFO - Processing /opt/airflow/dags/clean_up_after_star_schema_creation.py took 0.018 seconds
[2023-12-20T17:40:40.328+0000] {processor.py:157} INFO - Started process (PID=694) to work on /opt/airflow/dags/clean_up_after_star_schema_creation.py
[2023-12-20T17:40:40.329+0000] {processor.py:829} INFO - Processing file /opt/airflow/dags/clean_up_after_star_schema_creation.py for tasks to queue
[2023-12-20T17:40:40.329+0000] {logging_mixin.py:154} INFO - [2023-12-20T17:40:40.329+0000] {dagbag.py:536} INFO - Filling up the DagBag from /opt/airflow/dags/clean_up_after_star_schema_creation.py
[2023-12-20T17:40:40.334+0000] {processor.py:841} WARNING - No viable dags retrieved from /opt/airflow/dags/clean_up_after_star_schema_creation.py
[2023-12-20T17:40:40.346+0000] {processor.py:179} INFO - Processing /opt/airflow/dags/clean_up_after_star_schema_creation.py took 0.020 seconds
[2023-12-20T17:41:10.714+0000] {processor.py:157} INFO - Started process (PID=721) to work on /opt/airflow/dags/clean_up_after_star_schema_creation.py
[2023-12-20T17:41:10.715+0000] {processor.py:829} INFO - Processing file /opt/airflow/dags/clean_up_after_star_schema_creation.py for tasks to queue
[2023-12-20T17:41:10.715+0000] {logging_mixin.py:154} INFO - [2023-12-20T17:41:10.715+0000] {dagbag.py:536} INFO - Filling up the DagBag from /opt/airflow/dags/clean_up_after_star_schema_creation.py
[2023-12-20T17:41:10.719+0000] {processor.py:841} WARNING - No viable dags retrieved from /opt/airflow/dags/clean_up_after_star_schema_creation.py
[2023-12-20T17:41:10.729+0000] {processor.py:179} INFO - Processing /opt/airflow/dags/clean_up_after_star_schema_creation.py took 0.017 seconds
[2023-12-20T17:41:41.140+0000] {processor.py:157} INFO - Started process (PID=748) to work on /opt/airflow/dags/clean_up_after_star_schema_creation.py
[2023-12-20T17:41:41.141+0000] {processor.py:829} INFO - Processing file /opt/airflow/dags/clean_up_after_star_schema_creation.py for tasks to queue
[2023-12-20T17:41:41.141+0000] {logging_mixin.py:154} INFO - [2023-12-20T17:41:41.141+0000] {dagbag.py:536} INFO - Filling up the DagBag from /opt/airflow/dags/clean_up_after_star_schema_creation.py
[2023-12-20T17:41:41.145+0000] {processor.py:841} WARNING - No viable dags retrieved from /opt/airflow/dags/clean_up_after_star_schema_creation.py
[2023-12-20T17:41:41.155+0000] {processor.py:179} INFO - Processing /opt/airflow/dags/clean_up_after_star_schema_creation.py took 0.017 seconds
[2023-12-20T17:42:11.496+0000] {processor.py:157} INFO - Started process (PID=775) to work on /opt/airflow/dags/clean_up_after_star_schema_creation.py
[2023-12-20T17:42:11.497+0000] {processor.py:829} INFO - Processing file /opt/airflow/dags/clean_up_after_star_schema_creation.py for tasks to queue
[2023-12-20T17:42:11.497+0000] {logging_mixin.py:154} INFO - [2023-12-20T17:42:11.497+0000] {dagbag.py:536} INFO - Filling up the DagBag from /opt/airflow/dags/clean_up_after_star_schema_creation.py
[2023-12-20T17:42:11.501+0000] {processor.py:841} WARNING - No viable dags retrieved from /opt/airflow/dags/clean_up_after_star_schema_creation.py
[2023-12-20T17:42:11.511+0000] {processor.py:179} INFO - Processing /opt/airflow/dags/clean_up_after_star_schema_creation.py took 0.017 seconds
[2023-12-20T17:42:41.835+0000] {processor.py:157} INFO - Started process (PID=802) to work on /opt/airflow/dags/clean_up_after_star_schema_creation.py
[2023-12-20T17:42:41.835+0000] {processor.py:829} INFO - Processing file /opt/airflow/dags/clean_up_after_star_schema_creation.py for tasks to queue
[2023-12-20T17:42:41.836+0000] {logging_mixin.py:154} INFO - [2023-12-20T17:42:41.836+0000] {dagbag.py:536} INFO - Filling up the DagBag from /opt/airflow/dags/clean_up_after_star_schema_creation.py
[2023-12-20T17:42:41.840+0000] {processor.py:841} WARNING - No viable dags retrieved from /opt/airflow/dags/clean_up_after_star_schema_creation.py
[2023-12-20T17:42:41.850+0000] {processor.py:179} INFO - Processing /opt/airflow/dags/clean_up_after_star_schema_creation.py took 0.017 seconds
[2023-12-20T17:43:12.240+0000] {processor.py:157} INFO - Started process (PID=829) to work on /opt/airflow/dags/clean_up_after_star_schema_creation.py
[2023-12-20T17:43:12.240+0000] {processor.py:829} INFO - Processing file /opt/airflow/dags/clean_up_after_star_schema_creation.py for tasks to queue
[2023-12-20T17:43:12.241+0000] {logging_mixin.py:154} INFO - [2023-12-20T17:43:12.241+0000] {dagbag.py:536} INFO - Filling up the DagBag from /opt/airflow/dags/clean_up_after_star_schema_creation.py
[2023-12-20T17:43:12.245+0000] {processor.py:841} WARNING - No viable dags retrieved from /opt/airflow/dags/clean_up_after_star_schema_creation.py
[2023-12-20T17:43:12.255+0000] {processor.py:179} INFO - Processing /opt/airflow/dags/clean_up_after_star_schema_creation.py took 0.018 seconds
[2023-12-20T17:43:42.569+0000] {processor.py:157} INFO - Started process (PID=856) to work on /opt/airflow/dags/clean_up_after_star_schema_creation.py
[2023-12-20T17:43:42.570+0000] {processor.py:829} INFO - Processing file /opt/airflow/dags/clean_up_after_star_schema_creation.py for tasks to queue
[2023-12-20T17:43:42.570+0000] {logging_mixin.py:154} INFO - [2023-12-20T17:43:42.570+0000] {dagbag.py:536} INFO - Filling up the DagBag from /opt/airflow/dags/clean_up_after_star_schema_creation.py
[2023-12-20T17:43:42.575+0000] {processor.py:841} WARNING - No viable dags retrieved from /opt/airflow/dags/clean_up_after_star_schema_creation.py
[2023-12-20T17:43:42.585+0000] {processor.py:179} INFO - Processing /opt/airflow/dags/clean_up_after_star_schema_creation.py took 0.018 seconds
[2023-12-20T17:44:12.894+0000] {processor.py:157} INFO - Started process (PID=883) to work on /opt/airflow/dags/clean_up_after_star_schema_creation.py
[2023-12-20T17:44:12.895+0000] {processor.py:829} INFO - Processing file /opt/airflow/dags/clean_up_after_star_schema_creation.py for tasks to queue
[2023-12-20T17:44:12.896+0000] {logging_mixin.py:154} INFO - [2023-12-20T17:44:12.896+0000] {dagbag.py:536} INFO - Filling up the DagBag from /opt/airflow/dags/clean_up_after_star_schema_creation.py
[2023-12-20T17:44:12.903+0000] {processor.py:841} WARNING - No viable dags retrieved from /opt/airflow/dags/clean_up_after_star_schema_creation.py
[2023-12-20T17:44:12.912+0000] {processor.py:179} INFO - Processing /opt/airflow/dags/clean_up_after_star_schema_creation.py took 0.021 seconds
[2023-12-20T17:44:43.333+0000] {processor.py:157} INFO - Started process (PID=910) to work on /opt/airflow/dags/clean_up_after_star_schema_creation.py
[2023-12-20T17:44:43.334+0000] {processor.py:829} INFO - Processing file /opt/airflow/dags/clean_up_after_star_schema_creation.py for tasks to queue
[2023-12-20T17:44:43.334+0000] {logging_mixin.py:154} INFO - [2023-12-20T17:44:43.334+0000] {dagbag.py:536} INFO - Filling up the DagBag from /opt/airflow/dags/clean_up_after_star_schema_creation.py
[2023-12-20T17:44:43.338+0000] {processor.py:841} WARNING - No viable dags retrieved from /opt/airflow/dags/clean_up_after_star_schema_creation.py
[2023-12-20T17:44:43.349+0000] {processor.py:179} INFO - Processing /opt/airflow/dags/clean_up_after_star_schema_creation.py took 0.018 seconds
[2023-12-20T17:45:13.697+0000] {processor.py:157} INFO - Started process (PID=937) to work on /opt/airflow/dags/clean_up_after_star_schema_creation.py
[2023-12-20T17:45:13.697+0000] {processor.py:829} INFO - Processing file /opt/airflow/dags/clean_up_after_star_schema_creation.py for tasks to queue
[2023-12-20T17:45:13.698+0000] {logging_mixin.py:154} INFO - [2023-12-20T17:45:13.698+0000] {dagbag.py:536} INFO - Filling up the DagBag from /opt/airflow/dags/clean_up_after_star_schema_creation.py
[2023-12-20T17:45:13.702+0000] {processor.py:841} WARNING - No viable dags retrieved from /opt/airflow/dags/clean_up_after_star_schema_creation.py
[2023-12-20T17:45:13.712+0000] {processor.py:179} INFO - Processing /opt/airflow/dags/clean_up_after_star_schema_creation.py took 0.017 seconds
[2023-12-20T17:45:44.108+0000] {processor.py:157} INFO - Started process (PID=964) to work on /opt/airflow/dags/clean_up_after_star_schema_creation.py
[2023-12-20T17:45:44.108+0000] {processor.py:829} INFO - Processing file /opt/airflow/dags/clean_up_after_star_schema_creation.py for tasks to queue
[2023-12-20T17:45:44.109+0000] {logging_mixin.py:154} INFO - [2023-12-20T17:45:44.109+0000] {dagbag.py:536} INFO - Filling up the DagBag from /opt/airflow/dags/clean_up_after_star_schema_creation.py
[2023-12-20T17:45:44.113+0000] {processor.py:841} WARNING - No viable dags retrieved from /opt/airflow/dags/clean_up_after_star_schema_creation.py
[2023-12-20T17:45:44.123+0000] {processor.py:179} INFO - Processing /opt/airflow/dags/clean_up_after_star_schema_creation.py took 0.018 seconds
[2023-12-20T17:46:14.479+0000] {processor.py:157} INFO - Started process (PID=1005) to work on /opt/airflow/dags/clean_up_after_star_schema_creation.py
[2023-12-20T17:46:14.480+0000] {processor.py:829} INFO - Processing file /opt/airflow/dags/clean_up_after_star_schema_creation.py for tasks to queue
[2023-12-20T17:46:14.480+0000] {logging_mixin.py:154} INFO - [2023-12-20T17:46:14.480+0000] {dagbag.py:536} INFO - Filling up the DagBag from /opt/airflow/dags/clean_up_after_star_schema_creation.py
[2023-12-20T17:46:14.485+0000] {processor.py:841} WARNING - No viable dags retrieved from /opt/airflow/dags/clean_up_after_star_schema_creation.py
[2023-12-20T17:46:14.497+0000] {processor.py:179} INFO - Processing /opt/airflow/dags/clean_up_after_star_schema_creation.py took 0.021 seconds
[2023-12-20T17:46:44.970+0000] {processor.py:157} INFO - Started process (PID=1032) to work on /opt/airflow/dags/clean_up_after_star_schema_creation.py
[2023-12-20T17:46:44.971+0000] {processor.py:829} INFO - Processing file /opt/airflow/dags/clean_up_after_star_schema_creation.py for tasks to queue
[2023-12-20T17:46:44.971+0000] {logging_mixin.py:154} INFO - [2023-12-20T17:46:44.971+0000] {dagbag.py:536} INFO - Filling up the DagBag from /opt/airflow/dags/clean_up_after_star_schema_creation.py
[2023-12-20T17:46:44.975+0000] {processor.py:841} WARNING - No viable dags retrieved from /opt/airflow/dags/clean_up_after_star_schema_creation.py
[2023-12-20T17:46:44.985+0000] {processor.py:179} INFO - Processing /opt/airflow/dags/clean_up_after_star_schema_creation.py took 0.018 seconds
[2023-12-20T17:47:15.314+0000] {processor.py:157} INFO - Started process (PID=1073) to work on /opt/airflow/dags/clean_up_after_star_schema_creation.py
[2023-12-20T17:47:15.315+0000] {processor.py:829} INFO - Processing file /opt/airflow/dags/clean_up_after_star_schema_creation.py for tasks to queue
[2023-12-20T17:47:15.316+0000] {logging_mixin.py:154} INFO - [2023-12-20T17:47:15.316+0000] {dagbag.py:536} INFO - Filling up the DagBag from /opt/airflow/dags/clean_up_after_star_schema_creation.py
[2023-12-20T17:47:15.320+0000] {processor.py:841} WARNING - No viable dags retrieved from /opt/airflow/dags/clean_up_after_star_schema_creation.py
[2023-12-20T17:47:15.331+0000] {processor.py:179} INFO - Processing /opt/airflow/dags/clean_up_after_star_schema_creation.py took 0.019 seconds
[2023-12-20T17:47:45.672+0000] {processor.py:157} INFO - Started process (PID=1100) to work on /opt/airflow/dags/clean_up_after_star_schema_creation.py
[2023-12-20T17:47:45.673+0000] {processor.py:829} INFO - Processing file /opt/airflow/dags/clean_up_after_star_schema_creation.py for tasks to queue
[2023-12-20T17:47:45.673+0000] {logging_mixin.py:154} INFO - [2023-12-20T17:47:45.673+0000] {dagbag.py:536} INFO - Filling up the DagBag from /opt/airflow/dags/clean_up_after_star_schema_creation.py
[2023-12-20T17:47:45.679+0000] {processor.py:841} WARNING - No viable dags retrieved from /opt/airflow/dags/clean_up_after_star_schema_creation.py
[2023-12-20T17:47:45.690+0000] {processor.py:179} INFO - Processing /opt/airflow/dags/clean_up_after_star_schema_creation.py took 0.020 seconds
[2023-12-20T17:48:16.087+0000] {processor.py:157} INFO - Started process (PID=1127) to work on /opt/airflow/dags/clean_up_after_star_schema_creation.py
[2023-12-20T17:48:16.087+0000] {processor.py:829} INFO - Processing file /opt/airflow/dags/clean_up_after_star_schema_creation.py for tasks to queue
[2023-12-20T17:48:16.088+0000] {logging_mixin.py:154} INFO - [2023-12-20T17:48:16.088+0000] {dagbag.py:536} INFO - Filling up the DagBag from /opt/airflow/dags/clean_up_after_star_schema_creation.py
[2023-12-20T17:48:16.092+0000] {processor.py:841} WARNING - No viable dags retrieved from /opt/airflow/dags/clean_up_after_star_schema_creation.py
[2023-12-20T17:48:16.102+0000] {processor.py:179} INFO - Processing /opt/airflow/dags/clean_up_after_star_schema_creation.py took 0.018 seconds
