[2023-12-20T17:31:32.376+0000] {processor.py:157} INFO - Started process (PID=171) to work on /opt/airflow/dags/create_star_schema_part_2.py
[2023-12-20T17:31:32.378+0000] {processor.py:829} INFO - Processing file /opt/airflow/dags/create_star_schema_part_2.py for tasks to queue
[2023-12-20T17:31:32.379+0000] {logging_mixin.py:154} INFO - [2023-12-20T17:31:32.378+0000] {dagbag.py:536} INFO - Filling up the DagBag from /opt/airflow/dags/create_star_schema_part_2.py
[2023-12-20T17:31:32.393+0000] {processor.py:841} WARNING - No viable dags retrieved from /opt/airflow/dags/create_star_schema_part_2.py
[2023-12-20T17:31:32.416+0000] {processor.py:179} INFO - Processing /opt/airflow/dags/create_star_schema_part_2.py took 0.043 seconds
[2023-12-20T17:32:02.896+0000] {processor.py:157} INFO - Started process (PID=197) to work on /opt/airflow/dags/create_star_schema_part_2.py
[2023-12-20T17:32:02.898+0000] {processor.py:829} INFO - Processing file /opt/airflow/dags/create_star_schema_part_2.py for tasks to queue
[2023-12-20T17:32:02.900+0000] {logging_mixin.py:154} INFO - [2023-12-20T17:32:02.899+0000] {dagbag.py:536} INFO - Filling up the DagBag from /opt/airflow/dags/create_star_schema_part_2.py
[2023-12-20T17:32:02.914+0000] {processor.py:841} WARNING - No viable dags retrieved from /opt/airflow/dags/create_star_schema_part_2.py
[2023-12-20T17:32:02.940+0000] {processor.py:179} INFO - Processing /opt/airflow/dags/create_star_schema_part_2.py took 0.051 seconds
[2023-12-20T17:32:33.433+0000] {processor.py:157} INFO - Started process (PID=225) to work on /opt/airflow/dags/create_star_schema_part_2.py
[2023-12-20T17:32:33.435+0000] {processor.py:829} INFO - Processing file /opt/airflow/dags/create_star_schema_part_2.py for tasks to queue
[2023-12-20T17:32:33.437+0000] {logging_mixin.py:154} INFO - [2023-12-20T17:32:33.437+0000] {dagbag.py:536} INFO - Filling up the DagBag from /opt/airflow/dags/create_star_schema_part_2.py
[2023-12-20T17:32:33.455+0000] {processor.py:841} WARNING - No viable dags retrieved from /opt/airflow/dags/create_star_schema_part_2.py
[2023-12-20T17:32:33.484+0000] {processor.py:179} INFO - Processing /opt/airflow/dags/create_star_schema_part_2.py took 0.065 seconds
[2023-12-20T17:33:03.863+0000] {processor.py:157} INFO - Started process (PID=252) to work on /opt/airflow/dags/create_star_schema_part_2.py
[2023-12-20T17:33:03.865+0000] {processor.py:829} INFO - Processing file /opt/airflow/dags/create_star_schema_part_2.py for tasks to queue
[2023-12-20T17:33:03.865+0000] {logging_mixin.py:154} INFO - [2023-12-20T17:33:03.865+0000] {dagbag.py:536} INFO - Filling up the DagBag from /opt/airflow/dags/create_star_schema_part_2.py
[2023-12-20T17:33:03.872+0000] {processor.py:841} WARNING - No viable dags retrieved from /opt/airflow/dags/create_star_schema_part_2.py
[2023-12-20T17:33:03.892+0000] {processor.py:179} INFO - Processing /opt/airflow/dags/create_star_schema_part_2.py took 0.033 seconds
[2023-12-20T17:33:34.363+0000] {processor.py:157} INFO - Started process (PID=279) to work on /opt/airflow/dags/create_star_schema_part_2.py
[2023-12-20T17:33:34.364+0000] {processor.py:829} INFO - Processing file /opt/airflow/dags/create_star_schema_part_2.py for tasks to queue
[2023-12-20T17:33:34.365+0000] {logging_mixin.py:154} INFO - [2023-12-20T17:33:34.365+0000] {dagbag.py:536} INFO - Filling up the DagBag from /opt/airflow/dags/create_star_schema_part_2.py
[2023-12-20T17:33:34.372+0000] {processor.py:841} WARNING - No viable dags retrieved from /opt/airflow/dags/create_star_schema_part_2.py
[2023-12-20T17:33:34.388+0000] {processor.py:179} INFO - Processing /opt/airflow/dags/create_star_schema_part_2.py took 0.028 seconds
[2023-12-20T17:34:04.807+0000] {processor.py:157} INFO - Started process (PID=306) to work on /opt/airflow/dags/create_star_schema_part_2.py
[2023-12-20T17:34:04.808+0000] {processor.py:829} INFO - Processing file /opt/airflow/dags/create_star_schema_part_2.py for tasks to queue
[2023-12-20T17:34:04.809+0000] {logging_mixin.py:154} INFO - [2023-12-20T17:34:04.809+0000] {dagbag.py:536} INFO - Filling up the DagBag from /opt/airflow/dags/create_star_schema_part_2.py
[2023-12-20T17:34:04.815+0000] {processor.py:841} WARNING - No viable dags retrieved from /opt/airflow/dags/create_star_schema_part_2.py
[2023-12-20T17:34:04.830+0000] {processor.py:179} INFO - Processing /opt/airflow/dags/create_star_schema_part_2.py took 0.026 seconds
[2023-12-20T17:34:35.201+0000] {processor.py:157} INFO - Started process (PID=335) to work on /opt/airflow/dags/create_star_schema_part_2.py
[2023-12-20T17:34:35.202+0000] {processor.py:829} INFO - Processing file /opt/airflow/dags/create_star_schema_part_2.py for tasks to queue
[2023-12-20T17:34:35.203+0000] {logging_mixin.py:154} INFO - [2023-12-20T17:34:35.202+0000] {dagbag.py:536} INFO - Filling up the DagBag from /opt/airflow/dags/create_star_schema_part_2.py
[2023-12-20T17:34:35.209+0000] {processor.py:841} WARNING - No viable dags retrieved from /opt/airflow/dags/create_star_schema_part_2.py
[2023-12-20T17:34:35.224+0000] {processor.py:179} INFO - Processing /opt/airflow/dags/create_star_schema_part_2.py took 0.025 seconds
[2023-12-20T17:35:05.856+0000] {processor.py:157} INFO - Started process (PID=369) to work on /opt/airflow/dags/create_star_schema_part_2.py
[2023-12-20T17:35:05.857+0000] {processor.py:829} INFO - Processing file /opt/airflow/dags/create_star_schema_part_2.py for tasks to queue
[2023-12-20T17:35:05.858+0000] {logging_mixin.py:154} INFO - [2023-12-20T17:35:05.858+0000] {dagbag.py:536} INFO - Filling up the DagBag from /opt/airflow/dags/create_star_schema_part_2.py
[2023-12-20T17:35:05.863+0000] {processor.py:841} WARNING - No viable dags retrieved from /opt/airflow/dags/create_star_schema_part_2.py
[2023-12-20T17:35:05.876+0000] {processor.py:179} INFO - Processing /opt/airflow/dags/create_star_schema_part_2.py took 0.023 seconds
[2023-12-20T17:35:36.272+0000] {processor.py:157} INFO - Started process (PID=396) to work on /opt/airflow/dags/create_star_schema_part_2.py
[2023-12-20T17:35:36.273+0000] {processor.py:829} INFO - Processing file /opt/airflow/dags/create_star_schema_part_2.py for tasks to queue
[2023-12-20T17:35:36.275+0000] {logging_mixin.py:154} INFO - [2023-12-20T17:35:36.274+0000] {dagbag.py:536} INFO - Filling up the DagBag from /opt/airflow/dags/create_star_schema_part_2.py
[2023-12-20T17:35:36.283+0000] {processor.py:841} WARNING - No viable dags retrieved from /opt/airflow/dags/create_star_schema_part_2.py
[2023-12-20T17:35:36.299+0000] {processor.py:179} INFO - Processing /opt/airflow/dags/create_star_schema_part_2.py took 0.031 seconds
[2023-12-20T17:36:06.625+0000] {processor.py:157} INFO - Started process (PID=423) to work on /opt/airflow/dags/create_star_schema_part_2.py
[2023-12-20T17:36:06.626+0000] {processor.py:829} INFO - Processing file /opt/airflow/dags/create_star_schema_part_2.py for tasks to queue
[2023-12-20T17:36:06.626+0000] {logging_mixin.py:154} INFO - [2023-12-20T17:36:06.626+0000] {dagbag.py:536} INFO - Filling up the DagBag from /opt/airflow/dags/create_star_schema_part_2.py
[2023-12-20T17:36:06.634+0000] {processor.py:841} WARNING - No viable dags retrieved from /opt/airflow/dags/create_star_schema_part_2.py
[2023-12-20T17:36:06.651+0000] {processor.py:179} INFO - Processing /opt/airflow/dags/create_star_schema_part_2.py took 0.030 seconds
[2023-12-20T17:36:37.031+0000] {processor.py:157} INFO - Started process (PID=466) to work on /opt/airflow/dags/create_star_schema_part_2.py
[2023-12-20T17:36:37.031+0000] {processor.py:829} INFO - Processing file /opt/airflow/dags/create_star_schema_part_2.py for tasks to queue
[2023-12-20T17:36:37.032+0000] {logging_mixin.py:154} INFO - [2023-12-20T17:36:37.032+0000] {dagbag.py:536} INFO - Filling up the DagBag from /opt/airflow/dags/create_star_schema_part_2.py
[2023-12-20T17:36:37.037+0000] {processor.py:841} WARNING - No viable dags retrieved from /opt/airflow/dags/create_star_schema_part_2.py
[2023-12-20T17:36:37.048+0000] {processor.py:179} INFO - Processing /opt/airflow/dags/create_star_schema_part_2.py took 0.020 seconds
[2023-12-20T17:37:07.382+0000] {processor.py:157} INFO - Started process (PID=493) to work on /opt/airflow/dags/create_star_schema_part_2.py
[2023-12-20T17:37:07.382+0000] {processor.py:829} INFO - Processing file /opt/airflow/dags/create_star_schema_part_2.py for tasks to queue
[2023-12-20T17:37:07.383+0000] {logging_mixin.py:154} INFO - [2023-12-20T17:37:07.383+0000] {dagbag.py:536} INFO - Filling up the DagBag from /opt/airflow/dags/create_star_schema_part_2.py
[2023-12-20T17:37:07.387+0000] {processor.py:841} WARNING - No viable dags retrieved from /opt/airflow/dags/create_star_schema_part_2.py
[2023-12-20T17:37:07.399+0000] {processor.py:179} INFO - Processing /opt/airflow/dags/create_star_schema_part_2.py took 0.020 seconds
[2023-12-20T17:37:37.809+0000] {processor.py:157} INFO - Started process (PID=522) to work on /opt/airflow/dags/create_star_schema_part_2.py
[2023-12-20T17:37:37.810+0000] {processor.py:829} INFO - Processing file /opt/airflow/dags/create_star_schema_part_2.py for tasks to queue
[2023-12-20T17:37:37.811+0000] {logging_mixin.py:154} INFO - [2023-12-20T17:37:37.810+0000] {dagbag.py:536} INFO - Filling up the DagBag from /opt/airflow/dags/create_star_schema_part_2.py
[2023-12-20T17:37:37.815+0000] {processor.py:841} WARNING - No viable dags retrieved from /opt/airflow/dags/create_star_schema_part_2.py
[2023-12-20T17:37:37.827+0000] {processor.py:179} INFO - Processing /opt/airflow/dags/create_star_schema_part_2.py took 0.020 seconds
[2023-12-20T17:38:08.190+0000] {processor.py:157} INFO - Started process (PID=549) to work on /opt/airflow/dags/create_star_schema_part_2.py
[2023-12-20T17:38:08.191+0000] {processor.py:829} INFO - Processing file /opt/airflow/dags/create_star_schema_part_2.py for tasks to queue
[2023-12-20T17:38:08.192+0000] {logging_mixin.py:154} INFO - [2023-12-20T17:38:08.191+0000] {dagbag.py:536} INFO - Filling up the DagBag from /opt/airflow/dags/create_star_schema_part_2.py
[2023-12-20T17:38:08.196+0000] {processor.py:841} WARNING - No viable dags retrieved from /opt/airflow/dags/create_star_schema_part_2.py
[2023-12-20T17:38:08.206+0000] {processor.py:179} INFO - Processing /opt/airflow/dags/create_star_schema_part_2.py took 0.019 seconds
[2023-12-20T17:38:38.639+0000] {processor.py:157} INFO - Started process (PID=576) to work on /opt/airflow/dags/create_star_schema_part_2.py
[2023-12-20T17:38:38.640+0000] {processor.py:829} INFO - Processing file /opt/airflow/dags/create_star_schema_part_2.py for tasks to queue
[2023-12-20T17:38:38.641+0000] {logging_mixin.py:154} INFO - [2023-12-20T17:38:38.641+0000] {dagbag.py:536} INFO - Filling up the DagBag from /opt/airflow/dags/create_star_schema_part_2.py
[2023-12-20T17:38:38.649+0000] {processor.py:841} WARNING - No viable dags retrieved from /opt/airflow/dags/create_star_schema_part_2.py
[2023-12-20T17:38:38.666+0000] {processor.py:179} INFO - Processing /opt/airflow/dags/create_star_schema_part_2.py took 0.032 seconds
[2023-12-20T17:39:09.088+0000] {processor.py:157} INFO - Started process (PID=603) to work on /opt/airflow/dags/create_star_schema_part_2.py
[2023-12-20T17:39:09.089+0000] {processor.py:829} INFO - Processing file /opt/airflow/dags/create_star_schema_part_2.py for tasks to queue
[2023-12-20T17:39:09.090+0000] {logging_mixin.py:154} INFO - [2023-12-20T17:39:09.090+0000] {dagbag.py:536} INFO - Filling up the DagBag from /opt/airflow/dags/create_star_schema_part_2.py
[2023-12-20T17:39:09.097+0000] {processor.py:841} WARNING - No viable dags retrieved from /opt/airflow/dags/create_star_schema_part_2.py
[2023-12-20T17:39:09.115+0000] {processor.py:179} INFO - Processing /opt/airflow/dags/create_star_schema_part_2.py took 0.032 seconds
[2023-12-20T17:39:39.528+0000] {processor.py:157} INFO - Started process (PID=630) to work on /opt/airflow/dags/create_star_schema_part_2.py
[2023-12-20T17:39:39.529+0000] {processor.py:829} INFO - Processing file /opt/airflow/dags/create_star_schema_part_2.py for tasks to queue
[2023-12-20T17:39:39.530+0000] {logging_mixin.py:154} INFO - [2023-12-20T17:39:39.530+0000] {dagbag.py:536} INFO - Filling up the DagBag from /opt/airflow/dags/create_star_schema_part_2.py
[2023-12-20T17:39:39.539+0000] {processor.py:841} WARNING - No viable dags retrieved from /opt/airflow/dags/create_star_schema_part_2.py
[2023-12-20T17:39:39.556+0000] {processor.py:179} INFO - Processing /opt/airflow/dags/create_star_schema_part_2.py took 0.032 seconds
[2023-12-20T17:40:09.898+0000] {processor.py:157} INFO - Started process (PID=657) to work on /opt/airflow/dags/create_star_schema_part_2.py
[2023-12-20T17:40:09.899+0000] {processor.py:829} INFO - Processing file /opt/airflow/dags/create_star_schema_part_2.py for tasks to queue
[2023-12-20T17:40:09.900+0000] {logging_mixin.py:154} INFO - [2023-12-20T17:40:09.899+0000] {dagbag.py:536} INFO - Filling up the DagBag from /opt/airflow/dags/create_star_schema_part_2.py
[2023-12-20T17:40:09.909+0000] {processor.py:841} WARNING - No viable dags retrieved from /opt/airflow/dags/create_star_schema_part_2.py
[2023-12-20T17:40:09.926+0000] {processor.py:179} INFO - Processing /opt/airflow/dags/create_star_schema_part_2.py took 0.034 seconds
[2023-12-20T17:40:40.285+0000] {processor.py:157} INFO - Started process (PID=684) to work on /opt/airflow/dags/create_star_schema_part_2.py
[2023-12-20T17:40:40.286+0000] {processor.py:829} INFO - Processing file /opt/airflow/dags/create_star_schema_part_2.py for tasks to queue
[2023-12-20T17:40:40.287+0000] {logging_mixin.py:154} INFO - [2023-12-20T17:40:40.287+0000] {dagbag.py:536} INFO - Filling up the DagBag from /opt/airflow/dags/create_star_schema_part_2.py
[2023-12-20T17:40:40.295+0000] {processor.py:841} WARNING - No viable dags retrieved from /opt/airflow/dags/create_star_schema_part_2.py
[2023-12-20T17:40:40.310+0000] {processor.py:179} INFO - Processing /opt/airflow/dags/create_star_schema_part_2.py took 0.030 seconds
[2023-12-20T17:41:10.669+0000] {processor.py:157} INFO - Started process (PID=711) to work on /opt/airflow/dags/create_star_schema_part_2.py
[2023-12-20T17:41:10.670+0000] {processor.py:829} INFO - Processing file /opt/airflow/dags/create_star_schema_part_2.py for tasks to queue
[2023-12-20T17:41:10.671+0000] {logging_mixin.py:154} INFO - [2023-12-20T17:41:10.671+0000] {dagbag.py:536} INFO - Filling up the DagBag from /opt/airflow/dags/create_star_schema_part_2.py
[2023-12-20T17:41:10.679+0000] {processor.py:841} WARNING - No viable dags retrieved from /opt/airflow/dags/create_star_schema_part_2.py
[2023-12-20T17:41:10.696+0000] {processor.py:179} INFO - Processing /opt/airflow/dags/create_star_schema_part_2.py took 0.032 seconds
[2023-12-20T17:41:41.096+0000] {processor.py:157} INFO - Started process (PID=738) to work on /opt/airflow/dags/create_star_schema_part_2.py
[2023-12-20T17:41:41.097+0000] {processor.py:829} INFO - Processing file /opt/airflow/dags/create_star_schema_part_2.py for tasks to queue
[2023-12-20T17:41:41.098+0000] {logging_mixin.py:154} INFO - [2023-12-20T17:41:41.098+0000] {dagbag.py:536} INFO - Filling up the DagBag from /opt/airflow/dags/create_star_schema_part_2.py
[2023-12-20T17:41:41.106+0000] {processor.py:841} WARNING - No viable dags retrieved from /opt/airflow/dags/create_star_schema_part_2.py
[2023-12-20T17:41:41.121+0000] {processor.py:179} INFO - Processing /opt/airflow/dags/create_star_schema_part_2.py took 0.030 seconds
[2023-12-20T17:42:11.454+0000] {processor.py:157} INFO - Started process (PID=765) to work on /opt/airflow/dags/create_star_schema_part_2.py
[2023-12-20T17:42:11.456+0000] {processor.py:829} INFO - Processing file /opt/airflow/dags/create_star_schema_part_2.py for tasks to queue
[2023-12-20T17:42:11.457+0000] {logging_mixin.py:154} INFO - [2023-12-20T17:42:11.456+0000] {dagbag.py:536} INFO - Filling up the DagBag from /opt/airflow/dags/create_star_schema_part_2.py
[2023-12-20T17:42:11.463+0000] {processor.py:841} WARNING - No viable dags retrieved from /opt/airflow/dags/create_star_schema_part_2.py
[2023-12-20T17:42:11.478+0000] {processor.py:179} INFO - Processing /opt/airflow/dags/create_star_schema_part_2.py took 0.028 seconds
[2023-12-20T17:42:41.791+0000] {processor.py:157} INFO - Started process (PID=792) to work on /opt/airflow/dags/create_star_schema_part_2.py
[2023-12-20T17:42:41.792+0000] {processor.py:829} INFO - Processing file /opt/airflow/dags/create_star_schema_part_2.py for tasks to queue
[2023-12-20T17:42:41.793+0000] {logging_mixin.py:154} INFO - [2023-12-20T17:42:41.793+0000] {dagbag.py:536} INFO - Filling up the DagBag from /opt/airflow/dags/create_star_schema_part_2.py
[2023-12-20T17:42:41.801+0000] {processor.py:841} WARNING - No viable dags retrieved from /opt/airflow/dags/create_star_schema_part_2.py
[2023-12-20T17:42:41.817+0000] {processor.py:179} INFO - Processing /opt/airflow/dags/create_star_schema_part_2.py took 0.030 seconds
[2023-12-20T17:43:12.192+0000] {processor.py:157} INFO - Started process (PID=819) to work on /opt/airflow/dags/create_star_schema_part_2.py
[2023-12-20T17:43:12.193+0000] {processor.py:829} INFO - Processing file /opt/airflow/dags/create_star_schema_part_2.py for tasks to queue
[2023-12-20T17:43:12.194+0000] {logging_mixin.py:154} INFO - [2023-12-20T17:43:12.194+0000] {dagbag.py:536} INFO - Filling up the DagBag from /opt/airflow/dags/create_star_schema_part_2.py
[2023-12-20T17:43:12.203+0000] {processor.py:841} WARNING - No viable dags retrieved from /opt/airflow/dags/create_star_schema_part_2.py
[2023-12-20T17:43:12.220+0000] {processor.py:179} INFO - Processing /opt/airflow/dags/create_star_schema_part_2.py took 0.033 seconds
[2023-12-20T17:43:42.523+0000] {processor.py:157} INFO - Started process (PID=846) to work on /opt/airflow/dags/create_star_schema_part_2.py
[2023-12-20T17:43:42.525+0000] {processor.py:829} INFO - Processing file /opt/airflow/dags/create_star_schema_part_2.py for tasks to queue
[2023-12-20T17:43:42.526+0000] {logging_mixin.py:154} INFO - [2023-12-20T17:43:42.526+0000] {dagbag.py:536} INFO - Filling up the DagBag from /opt/airflow/dags/create_star_schema_part_2.py
[2023-12-20T17:43:42.534+0000] {processor.py:841} WARNING - No viable dags retrieved from /opt/airflow/dags/create_star_schema_part_2.py
[2023-12-20T17:43:42.551+0000] {processor.py:179} INFO - Processing /opt/airflow/dags/create_star_schema_part_2.py took 0.032 seconds
[2023-12-20T17:44:12.861+0000] {processor.py:157} INFO - Started process (PID=873) to work on /opt/airflow/dags/create_star_schema_part_2.py
[2023-12-20T17:44:12.863+0000] {processor.py:829} INFO - Processing file /opt/airflow/dags/create_star_schema_part_2.py for tasks to queue
[2023-12-20T17:44:12.863+0000] {logging_mixin.py:154} INFO - [2023-12-20T17:44:12.863+0000] {dagbag.py:536} INFO - Filling up the DagBag from /opt/airflow/dags/create_star_schema_part_2.py
[2023-12-20T17:44:12.868+0000] {processor.py:841} WARNING - No viable dags retrieved from /opt/airflow/dags/create_star_schema_part_2.py
[2023-12-20T17:44:12.878+0000] {processor.py:179} INFO - Processing /opt/airflow/dags/create_star_schema_part_2.py took 0.020 seconds
[2023-12-20T17:44:43.289+0000] {processor.py:157} INFO - Started process (PID=900) to work on /opt/airflow/dags/create_star_schema_part_2.py
[2023-12-20T17:44:43.290+0000] {processor.py:829} INFO - Processing file /opt/airflow/dags/create_star_schema_part_2.py for tasks to queue
[2023-12-20T17:44:43.291+0000] {logging_mixin.py:154} INFO - [2023-12-20T17:44:43.291+0000] {dagbag.py:536} INFO - Filling up the DagBag from /opt/airflow/dags/create_star_schema_part_2.py
[2023-12-20T17:44:43.299+0000] {processor.py:841} WARNING - No viable dags retrieved from /opt/airflow/dags/create_star_schema_part_2.py
[2023-12-20T17:44:43.315+0000] {processor.py:179} INFO - Processing /opt/airflow/dags/create_star_schema_part_2.py took 0.030 seconds
[2023-12-20T17:45:13.646+0000] {processor.py:157} INFO - Started process (PID=927) to work on /opt/airflow/dags/create_star_schema_part_2.py
[2023-12-20T17:45:13.647+0000] {processor.py:829} INFO - Processing file /opt/airflow/dags/create_star_schema_part_2.py for tasks to queue
[2023-12-20T17:45:13.649+0000] {logging_mixin.py:154} INFO - [2023-12-20T17:45:13.648+0000] {dagbag.py:536} INFO - Filling up the DagBag from /opt/airflow/dags/create_star_schema_part_2.py
[2023-12-20T17:45:13.660+0000] {processor.py:841} WARNING - No viable dags retrieved from /opt/airflow/dags/create_star_schema_part_2.py
[2023-12-20T17:45:13.679+0000] {processor.py:179} INFO - Processing /opt/airflow/dags/create_star_schema_part_2.py took 0.041 seconds
[2023-12-20T17:45:44.063+0000] {processor.py:157} INFO - Started process (PID=954) to work on /opt/airflow/dags/create_star_schema_part_2.py
[2023-12-20T17:45:44.065+0000] {processor.py:829} INFO - Processing file /opt/airflow/dags/create_star_schema_part_2.py for tasks to queue
[2023-12-20T17:45:44.066+0000] {logging_mixin.py:154} INFO - [2023-12-20T17:45:44.065+0000] {dagbag.py:536} INFO - Filling up the DagBag from /opt/airflow/dags/create_star_schema_part_2.py
[2023-12-20T17:45:44.073+0000] {processor.py:841} WARNING - No viable dags retrieved from /opt/airflow/dags/create_star_schema_part_2.py
[2023-12-20T17:45:44.089+0000] {processor.py:179} INFO - Processing /opt/airflow/dags/create_star_schema_part_2.py took 0.030 seconds
[2023-12-20T17:46:14.436+0000] {processor.py:157} INFO - Started process (PID=995) to work on /opt/airflow/dags/create_star_schema_part_2.py
[2023-12-20T17:46:14.438+0000] {processor.py:829} INFO - Processing file /opt/airflow/dags/create_star_schema_part_2.py for tasks to queue
[2023-12-20T17:46:14.439+0000] {logging_mixin.py:154} INFO - [2023-12-20T17:46:14.439+0000] {dagbag.py:536} INFO - Filling up the DagBag from /opt/airflow/dags/create_star_schema_part_2.py
[2023-12-20T17:46:14.445+0000] {processor.py:841} WARNING - No viable dags retrieved from /opt/airflow/dags/create_star_schema_part_2.py
[2023-12-20T17:46:14.459+0000] {processor.py:179} INFO - Processing /opt/airflow/dags/create_star_schema_part_2.py took 0.027 seconds
[2023-12-20T17:46:44.925+0000] {processor.py:157} INFO - Started process (PID=1022) to work on /opt/airflow/dags/create_star_schema_part_2.py
[2023-12-20T17:46:44.927+0000] {processor.py:829} INFO - Processing file /opt/airflow/dags/create_star_schema_part_2.py for tasks to queue
[2023-12-20T17:46:44.928+0000] {logging_mixin.py:154} INFO - [2023-12-20T17:46:44.928+0000] {dagbag.py:536} INFO - Filling up the DagBag from /opt/airflow/dags/create_star_schema_part_2.py
[2023-12-20T17:46:44.935+0000] {processor.py:841} WARNING - No viable dags retrieved from /opt/airflow/dags/create_star_schema_part_2.py
[2023-12-20T17:46:44.953+0000] {processor.py:179} INFO - Processing /opt/airflow/dags/create_star_schema_part_2.py took 0.032 seconds
[2023-12-20T17:47:15.264+0000] {processor.py:157} INFO - Started process (PID=1063) to work on /opt/airflow/dags/create_star_schema_part_2.py
[2023-12-20T17:47:15.265+0000] {processor.py:829} INFO - Processing file /opt/airflow/dags/create_star_schema_part_2.py for tasks to queue
[2023-12-20T17:47:15.267+0000] {logging_mixin.py:154} INFO - [2023-12-20T17:47:15.267+0000] {dagbag.py:536} INFO - Filling up the DagBag from /opt/airflow/dags/create_star_schema_part_2.py
[2023-12-20T17:47:15.275+0000] {processor.py:841} WARNING - No viable dags retrieved from /opt/airflow/dags/create_star_schema_part_2.py
[2023-12-20T17:47:15.294+0000] {processor.py:179} INFO - Processing /opt/airflow/dags/create_star_schema_part_2.py took 0.036 seconds
[2023-12-20T17:47:45.633+0000] {processor.py:157} INFO - Started process (PID=1090) to work on /opt/airflow/dags/create_star_schema_part_2.py
[2023-12-20T17:47:45.635+0000] {processor.py:829} INFO - Processing file /opt/airflow/dags/create_star_schema_part_2.py for tasks to queue
[2023-12-20T17:47:45.636+0000] {logging_mixin.py:154} INFO - [2023-12-20T17:47:45.635+0000] {dagbag.py:536} INFO - Filling up the DagBag from /opt/airflow/dags/create_star_schema_part_2.py
[2023-12-20T17:47:45.642+0000] {processor.py:841} WARNING - No viable dags retrieved from /opt/airflow/dags/create_star_schema_part_2.py
[2023-12-20T17:47:45.655+0000] {processor.py:179} INFO - Processing /opt/airflow/dags/create_star_schema_part_2.py took 0.026 seconds
[2023-12-20T17:48:16.042+0000] {processor.py:157} INFO - Started process (PID=1117) to work on /opt/airflow/dags/create_star_schema_part_2.py
[2023-12-20T17:48:16.044+0000] {processor.py:829} INFO - Processing file /opt/airflow/dags/create_star_schema_part_2.py for tasks to queue
[2023-12-20T17:48:16.045+0000] {logging_mixin.py:154} INFO - [2023-12-20T17:48:16.044+0000] {dagbag.py:536} INFO - Filling up the DagBag from /opt/airflow/dags/create_star_schema_part_2.py
[2023-12-20T17:48:16.052+0000] {processor.py:841} WARNING - No viable dags retrieved from /opt/airflow/dags/create_star_schema_part_2.py
[2023-12-20T17:48:16.069+0000] {processor.py:179} INFO - Processing /opt/airflow/dags/create_star_schema_part_2.py took 0.032 seconds
