[2023-12-19T16:34:19.551+0000] {taskinstance.py:1159} INFO - Dependencies all met for dep_context=non-requeueable deps ti=<TaskInstance: Illinois_Insurance_Producers_Data-v01.remove_samples_with_null_values.remove_samples_with_null_values.remove_LAST_NAME_OR_BUSINESS_NAME_col scheduled__2023-12-01T00:00:00+00:00 [queued]>
[2023-12-19T16:34:19.555+0000] {taskinstance.py:1159} INFO - Dependencies all met for dep_context=requeueable deps ti=<TaskInstance: Illinois_Insurance_Producers_Data-v01.remove_samples_with_null_values.remove_samples_with_null_values.remove_LAST_NAME_OR_BUSINESS_NAME_col scheduled__2023-12-01T00:00:00+00:00 [queued]>
[2023-12-19T16:34:19.556+0000] {taskinstance.py:1361} INFO - Starting attempt 1 of 6
[2023-12-19T16:34:19.563+0000] {taskinstance.py:1382} INFO - Executing <Task(PostgresOperator): remove_samples_with_null_values.remove_LAST_NAME_OR_BUSINESS_NAME_col> on 2023-12-01 00:00:00+00:00
[2023-12-19T16:34:19.566+0000] {standard_task_runner.py:57} INFO - Started process 1043 to run task
[2023-12-19T16:34:19.569+0000] {standard_task_runner.py:84} INFO - Running: ['***', 'tasks', 'run', 'Illinois_Insurance_Producers_Data-v01.remove_samples_with_null_values', 'remove_samples_with_null_values.remove_LAST_NAME_OR_BUSINESS_NAME_col', 'scheduled__2023-12-01T00:00:00+00:00', '--job-id', '17', '--raw', '--subdir', 'DAGS_FOLDER/il_insurance_producers.py', '--cfg-path', '/tmp/tmpzkuovj1f']
[2023-12-19T16:34:19.571+0000] {standard_task_runner.py:85} INFO - Job 17: Subtask remove_samples_with_null_values.remove_LAST_NAME_OR_BUSINESS_NAME_col
[2023-12-19T16:34:19.605+0000] {task_command.py:416} INFO - Running <TaskInstance: Illinois_Insurance_Producers_Data-v01.remove_samples_with_null_values.remove_samples_with_null_values.remove_LAST_NAME_OR_BUSINESS_NAME_col scheduled__2023-12-01T00:00:00+00:00 [running]> on host 4ef4480639fc
[2023-12-19T16:34:19.652+0000] {taskinstance.py:1662} INFO - Exporting env vars: AIRFLOW_CTX_DAG_OWNER='dunnbc22' AIRFLOW_CTX_DAG_ID='Illinois_Insurance_Producers_Data-v01.remove_samples_with_null_values' AIRFLOW_CTX_TASK_ID='remove_samples_with_null_values.remove_LAST_NAME_OR_BUSINESS_NAME_col' AIRFLOW_CTX_EXECUTION_DATE='2023-12-01T00:00:00+00:00' AIRFLOW_CTX_TRY_NUMBER='1' AIRFLOW_CTX_DAG_RUN_ID='scheduled__2023-12-01T00:00:00+00:00'
[2023-12-19T16:34:19.653+0000] {sql.py:274} INFO - Executing: -- params: table_name, column_name
DELETE FROM iipd_pipeline
WHERE LAST_NAME_OR_BUSINESS_NAME is NULL;
[2023-12-19T16:34:19.660+0000] {base.py:73} INFO - Using connection ID 'postgres_conn' for task execution.
[2023-12-19T16:34:19.667+0000] {base.py:73} INFO - Using connection ID 'postgres_conn' for task execution.
[2023-12-19T16:34:19.673+0000] {sql.py:418} INFO - Running statement: -- params: table_name, column_name
DELETE FROM iipd_pipeline
WHERE LAST_NAME_OR_BUSINESS_NAME is NULL;, parameters: None
[2023-12-19T16:34:19.733+0000] {sql.py:427} INFO - Rows affected: 30
[2023-12-19T16:34:19.742+0000] {taskinstance.py:1400} INFO - Marking task as SUCCESS. dag_id=Illinois_Insurance_Producers_Data-v01.remove_samples_with_null_values, task_id=remove_samples_with_null_values.remove_LAST_NAME_OR_BUSINESS_NAME_col, execution_date=20231201T000000, start_date=20231219T163419, end_date=20231219T163419
[2023-12-19T16:34:19.784+0000] {local_task_job_runner.py:228} INFO - Task exited with return code 0
[2023-12-19T16:34:19.816+0000] {taskinstance.py:2778} INFO - 0 downstream tasks scheduled from follow-on schedule check
