[2023-12-12T22:48:59.492+0000] {taskinstance.py:1159} INFO - Dependencies all met for dep_context=non-requeueable deps ti=<TaskInstance: Cyclistic_Summary_Data-v01.remove_id_column scheduled__2023-12-01T00:00:00+00:00 [queued]>
[2023-12-12T22:48:59.497+0000] {taskinstance.py:1159} INFO - Dependencies all met for dep_context=requeueable deps ti=<TaskInstance: Cyclistic_Summary_Data-v01.remove_id_column scheduled__2023-12-01T00:00:00+00:00 [queued]>
[2023-12-12T22:48:59.497+0000] {taskinstance.py:1361} INFO - Starting attempt 1 of 6
[2023-12-12T22:48:59.503+0000] {taskinstance.py:1382} INFO - Executing <Task(PostgresOperator): remove_id_column> on 2023-12-01 00:00:00+00:00
[2023-12-12T22:48:59.507+0000] {standard_task_runner.py:57} INFO - Started process 1459 to run task
[2023-12-12T22:48:59.510+0000] {standard_task_runner.py:84} INFO - Running: ['***', 'tasks', 'run', 'Cyclistic_Summary_Data-v01', 'remove_id_column', 'scheduled__2023-12-01T00:00:00+00:00', '--job-id', '11', '--raw', '--subdir', 'DAGS_FOLDER/Cyclistic_All_Year_Summary.py', '--cfg-path', '/tmp/tmp04wrodr5']
[2023-12-12T22:48:59.512+0000] {standard_task_runner.py:85} INFO - Job 11: Subtask remove_id_column
[2023-12-12T22:48:59.551+0000] {task_command.py:416} INFO - Running <TaskInstance: Cyclistic_Summary_Data-v01.remove_id_column scheduled__2023-12-01T00:00:00+00:00 [running]> on host 858cc19b7838
[2023-12-12T22:48:59.595+0000] {taskinstance.py:1662} INFO - Exporting env vars: AIRFLOW_CTX_DAG_OWNER='dunnbc22' AIRFLOW_CTX_DAG_ID='Cyclistic_Summary_Data-v01' AIRFLOW_CTX_TASK_ID='remove_id_column' AIRFLOW_CTX_EXECUTION_DATE='2023-12-01T00:00:00+00:00' AIRFLOW_CTX_TRY_NUMBER='1' AIRFLOW_CTX_DAG_RUN_ID='scheduled__2023-12-01T00:00:00+00:00'
[2023-12-12T22:48:59.596+0000] {sql.py:274} INFO - Executing: 
        ALTER TABLE cyclistic_summary_data_pipe
        DROP COLUMN id_col;
        
[2023-12-12T22:48:59.603+0000] {base.py:73} INFO - Using connection ID 'postgres_conn' for task execution.
[2023-12-12T22:48:59.608+0000] {base.py:73} INFO - Using connection ID 'postgres_conn' for task execution.
[2023-12-12T22:48:59.616+0000] {sql.py:418} INFO - Running statement: 
        ALTER TABLE cyclistic_summary_data_pipe
        DROP COLUMN id_col;
        , parameters: None
[2023-12-12T22:48:59.643+0000] {taskinstance.py:1400} INFO - Marking task as SUCCESS. dag_id=Cyclistic_Summary_Data-v01, task_id=remove_id_column, execution_date=20231201T000000, start_date=20231212T224859, end_date=20231212T224859
[2023-12-12T22:48:59.691+0000] {local_task_job_runner.py:228} INFO - Task exited with return code 0
[2023-12-12T22:48:59.712+0000] {taskinstance.py:2778} INFO - 1 downstream tasks scheduled from follow-on schedule check
