[2023-12-12T00:14:14.991+0000] {taskinstance.py:1159} INFO - Dependencies all met for dep_context=non-requeueable deps ti=<TaskInstance: Online_Shopping_Dataset-v01.create_dim_tables.create_dim_Product_SKU_table scheduled__2023-12-01T00:00:00+00:00 [queued]>
[2023-12-12T00:14:14.998+0000] {taskinstance.py:1159} INFO - Dependencies all met for dep_context=requeueable deps ti=<TaskInstance: Online_Shopping_Dataset-v01.create_dim_tables.create_dim_Product_SKU_table scheduled__2023-12-01T00:00:00+00:00 [queued]>
[2023-12-12T00:14:15.003+0000] {taskinstance.py:1361} INFO - Starting attempt 1 of 6
[2023-12-12T00:14:15.017+0000] {taskinstance.py:1382} INFO - Executing <Task(PostgresOperator): create_dim_Product_SKU_table> on 2023-12-01 00:00:00+00:00
[2023-12-12T00:14:15.032+0000] {standard_task_runner.py:57} INFO - Started process 819 to run task
[2023-12-12T00:14:15.039+0000] {standard_task_runner.py:84} INFO - Running: ['***', 'tasks', 'run', 'Online_Shopping_Dataset-v01.create_dim_tables', 'create_dim_Product_SKU_table', 'scheduled__2023-12-01T00:00:00+00:00', '--job-id', '34', '--raw', '--subdir', 'DAGS_FOLDER/Online_Shopping_Dataset.py', '--cfg-path', '/tmp/tmprxlcekx3']
[2023-12-12T00:14:15.046+0000] {standard_task_runner.py:85} INFO - Job 34: Subtask create_dim_Product_SKU_table
[2023-12-12T00:14:15.129+0000] {task_command.py:416} INFO - Running <TaskInstance: Online_Shopping_Dataset-v01.create_dim_tables.create_dim_Product_SKU_table scheduled__2023-12-01T00:00:00+00:00 [running]> on host 79f7e52c702e
[2023-12-12T00:14:15.231+0000] {taskinstance.py:1662} INFO - Exporting env vars: AIRFLOW_CTX_DAG_OWNER='dunnbc22' AIRFLOW_CTX_DAG_ID='Online_Shopping_Dataset-v01.create_dim_tables' AIRFLOW_CTX_TASK_ID='create_dim_Product_SKU_table' AIRFLOW_CTX_EXECUTION_DATE='2023-12-01T00:00:00+00:00' AIRFLOW_CTX_TRY_NUMBER='1' AIRFLOW_CTX_DAG_RUN_ID='scheduled__2023-12-01T00:00:00+00:00'
[2023-12-12T00:14:15.234+0000] {sql.py:274} INFO - Executing: -- params: table_name, dimension_col, data_type

-- Step 1: Extract Unique Values
CREATE TEMPORARY TABLE unique_values_Product_SKU AS
SELECT DISTINCT Product_SKU FROM online_shopping_dataset_pipe;

-- Step 2: Create Dimension Table
DROP TABLE IF EXISTS dimension_table_Product_SKU;
CREATE TABLE dimension_table_Product_SKU (
    id SERIAL PRIMARY KEY,
    Product_SKU VARCHAR
);

-- Step 3: Insert unique values into dimension table
INSERT INTO dimension_table_Product_SKU (Product_SKU)
SELECT * FROM unique_values_Product_SKU;
[2023-12-12T00:14:15.246+0000] {base.py:73} INFO - Using connection ID 'postgres_conn' for task execution.
[2023-12-12T00:14:15.260+0000] {base.py:73} INFO - Using connection ID 'postgres_conn' for task execution.
[2023-12-12T00:14:15.269+0000] {sql.py:418} INFO - Running statement: -- params: table_name, dimension_col, data_type

-- Step 1: Extract Unique Values
CREATE TEMPORARY TABLE unique_values_Product_SKU AS
SELECT DISTINCT Product_SKU FROM online_shopping_dataset_pipe;

-- Step 2: Create Dimension Table
DROP TABLE IF EXISTS dimension_table_Product_SKU;
CREATE TABLE dimension_table_Product_SKU (
    id SERIAL PRIMARY KEY,
    Product_SKU VARCHAR
);

-- Step 3: Insert unique values into dimension table
INSERT INTO dimension_table_Product_SKU (Product_SKU)
SELECT * FROM unique_values_Product_SKU;, parameters: None
[2023-12-12T00:14:15.291+0000] {sql.py:427} INFO - Rows affected: 1088
[2023-12-12T00:14:15.309+0000] {taskinstance.py:1400} INFO - Marking task as SUCCESS. dag_id=Online_Shopping_Dataset-v01.create_dim_tables, task_id=create_dim_Product_SKU_table, execution_date=20231201T000000, start_date=20231212T001414, end_date=20231212T001415
[2023-12-12T00:14:15.344+0000] {local_task_job_runner.py:228} INFO - Task exited with return code 0
[2023-12-12T00:14:15.366+0000] {taskinstance.py:2778} INFO - 0 downstream tasks scheduled from follow-on schedule check
