[2023-12-12T21:21:20.991+0000] {taskinstance.py:1159} INFO - Dependencies all met for dep_context=non-requeueable deps ti=<TaskInstance: home_insurance_ds-v01.generate_date_parts.generate-date-parts-of-P1_DOB scheduled__2023-12-01T00:00:00+00:00 [queued]>
[2023-12-12T21:21:20.995+0000] {taskinstance.py:1159} INFO - Dependencies all met for dep_context=requeueable deps ti=<TaskInstance: home_insurance_ds-v01.generate_date_parts.generate-date-parts-of-P1_DOB scheduled__2023-12-01T00:00:00+00:00 [queued]>
[2023-12-12T21:21:20.995+0000] {taskinstance.py:1361} INFO - Starting attempt 3 of 6
[2023-12-12T21:21:21.000+0000] {taskinstance.py:1382} INFO - Executing <Task(PostgresOperator): generate-date-parts-of-P1_DOB> on 2023-12-01 00:00:00+00:00
[2023-12-12T21:21:21.003+0000] {standard_task_runner.py:57} INFO - Started process 1343 to run task
[2023-12-12T21:21:21.006+0000] {standard_task_runner.py:84} INFO - Running: ['***', 'tasks', 'run', 'home_insurance_ds-v01.generate_date_parts', 'generate-date-parts-of-P1_DOB', 'scheduled__2023-12-01T00:00:00+00:00', '--job-id', '18', '--raw', '--subdir', 'DAGS_FOLDER/home_insurance_dataset.py', '--cfg-path', '/tmp/tmpdhipm5sy']
[2023-12-12T21:21:21.008+0000] {standard_task_runner.py:85} INFO - Job 18: Subtask generate-date-parts-of-P1_DOB
[2023-12-12T21:21:21.039+0000] {task_command.py:416} INFO - Running <TaskInstance: home_insurance_ds-v01.generate_date_parts.generate-date-parts-of-P1_DOB scheduled__2023-12-01T00:00:00+00:00 [running]> on host 7a94ca99eac6
[2023-12-12T21:21:21.084+0000] {taskinstance.py:1662} INFO - Exporting env vars: AIRFLOW_CTX_DAG_OWNER='dunnbc22' AIRFLOW_CTX_DAG_ID='home_insurance_ds-v01.generate_date_parts' AIRFLOW_CTX_TASK_ID='generate-date-parts-of-P1_DOB' AIRFLOW_CTX_EXECUTION_DATE='2023-12-01T00:00:00+00:00' AIRFLOW_CTX_TRY_NUMBER='3' AIRFLOW_CTX_DAG_RUN_ID='scheduled__2023-12-01T00:00:00+00:00'
[2023-12-12T21:21:21.084+0000] {sql.py:274} INFO - Executing: -- params: table_name, col_name, month_col_name, year_col_name, dom_col_name

-- Add columns
ALTER TABLE home_insurance_ds_pipeline
ADD COLUMN IF NOT EXISTS P1_DOB_month INTEGER, 
ADD COLUMN IF NOT EXISTS P1_DOB_year INTEGER, 
ADD COLUMN IF NOT EXISTS P1_DOB_day_of_month INTEGER;

-- fill columns with their proper values
UPDATE home_insurance_ds_pipeline
SET 
    P1_DOB_month = EXTRACT(MONTH FROM P1_DOB),
    P1_DOB_year = EXTRACT(YEAR FROM P1_DOB),
    P1_DOB_day_of_month = EXTRACT(DAY FROM P1_DOB);
[2023-12-12T21:21:21.090+0000] {base.py:73} INFO - Using connection ID 'postgres_conn' for task execution.
[2023-12-12T21:21:21.096+0000] {base.py:73} INFO - Using connection ID 'postgres_conn' for task execution.
[2023-12-12T21:21:21.102+0000] {sql.py:418} INFO - Running statement: -- params: table_name, col_name, month_col_name, year_col_name, dom_col_name

-- Add columns
ALTER TABLE home_insurance_ds_pipeline
ADD COLUMN IF NOT EXISTS P1_DOB_month INTEGER, 
ADD COLUMN IF NOT EXISTS P1_DOB_year INTEGER, 
ADD COLUMN IF NOT EXISTS P1_DOB_day_of_month INTEGER;

-- fill columns with their proper values
UPDATE home_insurance_ds_pipeline
SET 
    P1_DOB_month = EXTRACT(MONTH FROM P1_DOB),
    P1_DOB_year = EXTRACT(YEAR FROM P1_DOB),
    P1_DOB_day_of_month = EXTRACT(DAY FROM P1_DOB);, parameters: None
[2023-12-12T21:21:22.496+0000] {sql.py:427} INFO - Rows affected: 183073
[2023-12-12T21:21:22.509+0000] {taskinstance.py:1400} INFO - Marking task as SUCCESS. dag_id=home_insurance_ds-v01.generate_date_parts, task_id=generate-date-parts-of-P1_DOB, execution_date=20231201T000000, start_date=20231212T212120, end_date=20231212T212122
[2023-12-12T21:21:22.546+0000] {local_task_job_runner.py:228} INFO - Task exited with return code 0
[2023-12-12T21:21:22.578+0000] {taskinstance.py:2778} INFO - 0 downstream tasks scheduled from follow-on schedule check
