[2023-12-11T21:56:58.978+0000] {taskinstance.py:1159} INFO - Dependencies all met for dep_context=non-requeueable deps ti=<TaskInstance: NY_Motor_Vehicle_Collisions-v01.remove_unnecessary_columns.remove_unnecessary_columns.remove_VEHICLE_TYPE_CODE_4_col scheduled__2023-12-01T00:00:00+00:00 [queued]>
[2023-12-11T21:56:58.989+0000] {taskinstance.py:1159} INFO - Dependencies all met for dep_context=requeueable deps ti=<TaskInstance: NY_Motor_Vehicle_Collisions-v01.remove_unnecessary_columns.remove_unnecessary_columns.remove_VEHICLE_TYPE_CODE_4_col scheduled__2023-12-01T00:00:00+00:00 [queued]>
[2023-12-11T21:56:58.995+0000] {taskinstance.py:1361} INFO - Starting attempt 1 of 6
[2023-12-11T21:56:59.021+0000] {taskinstance.py:1382} INFO - Executing <Task(PostgresOperator): remove_unnecessary_columns.remove_VEHICLE_TYPE_CODE_4_col> on 2023-12-01 00:00:00+00:00
[2023-12-11T21:56:59.030+0000] {standard_task_runner.py:57} INFO - Started process 311 to run task
[2023-12-11T21:56:59.034+0000] {standard_task_runner.py:84} INFO - Running: ['***', 'tasks', 'run', 'NY_Motor_Vehicle_Collisions-v01.remove_unnecessary_columns', 'remove_unnecessary_columns.remove_VEHICLE_TYPE_CODE_4_col', 'scheduled__2023-12-01T00:00:00+00:00', '--job-id', '14', '--raw', '--subdir', 'DAGS_FOLDER/NY_Motor_Vehicle_Collisions.py', '--cfg-path', '/tmp/tmp__9e11wg']
[2023-12-11T21:56:59.042+0000] {standard_task_runner.py:85} INFO - Job 14: Subtask remove_unnecessary_columns.remove_VEHICLE_TYPE_CODE_4_col
[2023-12-11T21:56:59.141+0000] {task_command.py:416} INFO - Running <TaskInstance: NY_Motor_Vehicle_Collisions-v01.remove_unnecessary_columns.remove_unnecessary_columns.remove_VEHICLE_TYPE_CODE_4_col scheduled__2023-12-01T00:00:00+00:00 [running]> on host bebedc023197
[2023-12-11T21:56:59.285+0000] {taskinstance.py:1662} INFO - Exporting env vars: AIRFLOW_CTX_DAG_OWNER='dunnbc22' AIRFLOW_CTX_DAG_ID='NY_Motor_Vehicle_Collisions-v01.remove_unnecessary_columns' AIRFLOW_CTX_TASK_ID='remove_unnecessary_columns.remove_VEHICLE_TYPE_CODE_4_col' AIRFLOW_CTX_EXECUTION_DATE='2023-12-01T00:00:00+00:00' AIRFLOW_CTX_TRY_NUMBER='1' AIRFLOW_CTX_DAG_RUN_ID='scheduled__2023-12-01T00:00:00+00:00'
[2023-12-11T21:56:59.296+0000] {sql.py:274} INFO - Executing: -- table_name, column_name
ALTER TABLE ny_vehicle_colls_pipe
DROP COLUMN VEHICLE_TYPE_CODE_4;
[2023-12-11T21:56:59.312+0000] {base.py:73} INFO - Using connection ID 'postgres_conn' for task execution.
[2023-12-11T21:56:59.325+0000] {base.py:73} INFO - Using connection ID 'postgres_conn' for task execution.
[2023-12-11T21:56:59.338+0000] {sql.py:418} INFO - Running statement: -- table_name, column_name
ALTER TABLE ny_vehicle_colls_pipe
DROP COLUMN VEHICLE_TYPE_CODE_4;, parameters: None
[2023-12-11T21:56:59.368+0000] {taskinstance.py:1400} INFO - Marking task as SUCCESS. dag_id=NY_Motor_Vehicle_Collisions-v01.remove_unnecessary_columns, task_id=remove_unnecessary_columns.remove_VEHICLE_TYPE_CODE_4_col, execution_date=20231201T000000, start_date=20231211T215658, end_date=20231211T215659
[2023-12-11T21:56:59.380+0000] {local_task_job_runner.py:228} INFO - Task exited with return code 0
[2023-12-11T21:56:59.434+0000] {taskinstance.py:2778} INFO - 0 downstream tasks scheduled from follow-on schedule check
