[2023-12-20T18:04:54.062+0000] {taskinstance.py:1159} INFO - Dependencies all met for dep_context=non-requeueable deps ti=<TaskInstance: Gourmet_Food_Procurement_Data-v01.remove_samples_with_nulls.remove_samples_with_nulls.remove_OriginDetail_col scheduled__2023-12-01T00:00:00+00:00 [queued]>
[2023-12-20T18:04:54.068+0000] {taskinstance.py:1159} INFO - Dependencies all met for dep_context=requeueable deps ti=<TaskInstance: Gourmet_Food_Procurement_Data-v01.remove_samples_with_nulls.remove_samples_with_nulls.remove_OriginDetail_col scheduled__2023-12-01T00:00:00+00:00 [queued]>
[2023-12-20T18:04:54.069+0000] {taskinstance.py:1361} INFO - Starting attempt 1 of 6
[2023-12-20T18:04:54.080+0000] {taskinstance.py:1382} INFO - Executing <Task(PostgresOperator): remove_samples_with_nulls.remove_OriginDetail_col> on 2023-12-01 00:00:00+00:00
[2023-12-20T18:04:54.086+0000] {standard_task_runner.py:57} INFO - Started process 1664 to run task
[2023-12-20T18:04:54.093+0000] {standard_task_runner.py:84} INFO - Running: ['***', 'tasks', 'run', 'Gourmet_Food_Procurement_Data-v01.remove_samples_with_nulls', 'remove_samples_with_nulls.remove_OriginDetail_col', 'scheduled__2023-12-01T00:00:00+00:00', '--job-id', '23', '--raw', '--subdir', 'DAGS_FOLDER/Gourmet_Food_Procurement_Data.py', '--cfg-path', '/tmp/tmp3e7f5bji']
[2023-12-20T18:04:54.097+0000] {standard_task_runner.py:85} INFO - Job 23: Subtask remove_samples_with_nulls.remove_OriginDetail_col
[2023-12-20T18:04:54.211+0000] {task_command.py:416} INFO - Running <TaskInstance: Gourmet_Food_Procurement_Data-v01.remove_samples_with_nulls.remove_samples_with_nulls.remove_OriginDetail_col scheduled__2023-12-01T00:00:00+00:00 [running]> on host 064e84e7d61d
[2023-12-20T18:04:54.309+0000] {taskinstance.py:1662} INFO - Exporting env vars: AIRFLOW_CTX_DAG_OWNER='dunnbc22' AIRFLOW_CTX_DAG_ID='Gourmet_Food_Procurement_Data-v01.remove_samples_with_nulls' AIRFLOW_CTX_TASK_ID='remove_samples_with_nulls.remove_OriginDetail_col' AIRFLOW_CTX_EXECUTION_DATE='2023-12-01T00:00:00+00:00' AIRFLOW_CTX_TRY_NUMBER='1' AIRFLOW_CTX_DAG_RUN_ID='scheduled__2023-12-01T00:00:00+00:00'
[2023-12-20T18:04:54.311+0000] {sql.py:274} INFO - Executing: -- params: table_name, column_name
DELETE FROM gourmet_food_procurement_data_pipeline
WHERE OriginDetail is NULL;
[2023-12-20T18:04:54.320+0000] {base.py:73} INFO - Using connection ID 'postgres_conn' for task execution.
[2023-12-20T18:04:54.327+0000] {base.py:73} INFO - Using connection ID 'postgres_conn' for task execution.
[2023-12-20T18:04:54.335+0000] {sql.py:418} INFO - Running statement: -- params: table_name, column_name
DELETE FROM gourmet_food_procurement_data_pipeline
WHERE OriginDetail is NULL;, parameters: None
[2023-12-20T18:04:54.340+0000] {sql.py:427} INFO - Rows affected: 1873
[2023-12-20T18:04:54.352+0000] {taskinstance.py:1400} INFO - Marking task as SUCCESS. dag_id=Gourmet_Food_Procurement_Data-v01.remove_samples_with_nulls, task_id=remove_samples_with_nulls.remove_OriginDetail_col, execution_date=20231201T000000, start_date=20231220T180454, end_date=20231220T180454
[2023-12-20T18:04:54.392+0000] {local_task_job_runner.py:228} INFO - Task exited with return code 0
[2023-12-20T18:04:54.411+0000] {taskinstance.py:2778} INFO - 0 downstream tasks scheduled from follow-on schedule check
