[2023-12-12T22:45:24.439+0000] {taskinstance.py:1159} INFO - Dependencies all met for dep_context=non-requeueable deps ti=<TaskInstance: Cyclistic_Summary_Data-v01.generate_date_parts.generate-date-parts-of-start_day scheduled__2023-12-01T00:00:00+00:00 [queued]>
[2023-12-12T22:45:24.443+0000] {taskinstance.py:1159} INFO - Dependencies all met for dep_context=requeueable deps ti=<TaskInstance: Cyclistic_Summary_Data-v01.generate_date_parts.generate-date-parts-of-start_day scheduled__2023-12-01T00:00:00+00:00 [queued]>
[2023-12-12T22:45:24.443+0000] {taskinstance.py:1361} INFO - Starting attempt 1 of 6
[2023-12-12T22:45:24.449+0000] {taskinstance.py:1382} INFO - Executing <Task(PostgresOperator): generate-date-parts-of-start_day> on 2023-12-01 00:00:00+00:00
[2023-12-12T22:45:24.453+0000] {standard_task_runner.py:57} INFO - Started process 1178 to run task
[2023-12-12T22:45:24.455+0000] {standard_task_runner.py:84} INFO - Running: ['***', 'tasks', 'run', 'Cyclistic_Summary_Data-v01.generate_date_parts', 'generate-date-parts-of-start_day', 'scheduled__2023-12-01T00:00:00+00:00', '--job-id', '5', '--raw', '--subdir', 'DAGS_FOLDER/Cyclistic_All_Year_Summary.py', '--cfg-path', '/tmp/tmpkr8kws94']
[2023-12-12T22:45:24.458+0000] {standard_task_runner.py:85} INFO - Job 5: Subtask generate-date-parts-of-start_day
[2023-12-12T22:45:24.495+0000] {task_command.py:416} INFO - Running <TaskInstance: Cyclistic_Summary_Data-v01.generate_date_parts.generate-date-parts-of-start_day scheduled__2023-12-01T00:00:00+00:00 [running]> on host 858cc19b7838
[2023-12-12T22:45:24.544+0000] {taskinstance.py:1662} INFO - Exporting env vars: AIRFLOW_CTX_DAG_OWNER='dunnbc22' AIRFLOW_CTX_DAG_ID='Cyclistic_Summary_Data-v01.generate_date_parts' AIRFLOW_CTX_TASK_ID='generate-date-parts-of-start_day' AIRFLOW_CTX_EXECUTION_DATE='2023-12-01T00:00:00+00:00' AIRFLOW_CTX_TRY_NUMBER='1' AIRFLOW_CTX_DAG_RUN_ID='scheduled__2023-12-01T00:00:00+00:00'
[2023-12-12T22:45:24.545+0000] {sql.py:274} INFO - Executing: -- params: table_name, col_name, month_col_name, year_col_name, dom_col_name

-- Add columns
ALTER TABLE cyclistic_summary_data_pipe
ADD COLUMN IF NOT EXISTS start_day_month INTEGER;

ALTER TABLE cyclistic_summary_data_pipe
ADD COLUMN IF NOT EXISTS start_day_year INTEGER;

ALTER TABLE cyclistic_summary_data_pipe
ADD COLUMN IF NOT EXISTS start_day_day_of_month INTEGER;

-- fill columns with their proper values
UPDATE cyclistic_summary_data_pipe
SET 
    start_day_month = EXTRACT(MONTH FROM start_day),
    start_day_year = EXTRACT(YEAR FROM start_day),
    start_day_day_of_month = EXTRACT(DAY FROM start_day);
[2023-12-12T22:45:24.550+0000] {base.py:73} INFO - Using connection ID 'postgres_conn' for task execution.
[2023-12-12T22:45:24.557+0000] {base.py:73} INFO - Using connection ID 'postgres_conn' for task execution.
[2023-12-12T22:45:24.564+0000] {sql.py:418} INFO - Running statement: -- params: table_name, col_name, month_col_name, year_col_name, dom_col_name

-- Add columns
ALTER TABLE cyclistic_summary_data_pipe
ADD COLUMN IF NOT EXISTS start_day_month INTEGER;

ALTER TABLE cyclistic_summary_data_pipe
ADD COLUMN IF NOT EXISTS start_day_year INTEGER;

ALTER TABLE cyclistic_summary_data_pipe
ADD COLUMN IF NOT EXISTS start_day_day_of_month INTEGER;

-- fill columns with their proper values
UPDATE cyclistic_summary_data_pipe
SET 
    start_day_month = EXTRACT(MONTH FROM start_day),
    start_day_year = EXTRACT(YEAR FROM start_day),
    start_day_day_of_month = EXTRACT(DAY FROM start_day);, parameters: None
[2023-12-12T22:45:40.422+0000] {sql.py:427} INFO - Rows affected: 2238203
[2023-12-12T22:45:40.434+0000] {taskinstance.py:1400} INFO - Marking task as SUCCESS. dag_id=Cyclistic_Summary_Data-v01.generate_date_parts, task_id=generate-date-parts-of-start_day, execution_date=20231201T000000, start_date=20231212T224524, end_date=20231212T224540
[2023-12-12T22:45:40.471+0000] {local_task_job_runner.py:228} INFO - Task exited with return code 0
[2023-12-12T22:45:40.486+0000] {taskinstance.py:2778} INFO - 0 downstream tasks scheduled from follow-on schedule check
