[2023-12-20T02:52:51.058+0000] {taskinstance.py:1159} INFO - Dependencies all met for dep_context=non-requeueable deps ti=<TaskInstance: Gourmet_Food_Procurement_Data-v01.remove_samples_with_nulls.remove_samples_with_nulls.remove_Num_Of_Units_col scheduled__2023-12-01T00:00:00+00:00 [queued]>
[2023-12-20T02:52:51.063+0000] {taskinstance.py:1159} INFO - Dependencies all met for dep_context=requeueable deps ti=<TaskInstance: Gourmet_Food_Procurement_Data-v01.remove_samples_with_nulls.remove_samples_with_nulls.remove_Num_Of_Units_col scheduled__2023-12-01T00:00:00+00:00 [queued]>
[2023-12-20T02:52:51.064+0000] {taskinstance.py:1361} INFO - Starting attempt 2 of 6
[2023-12-20T02:52:51.071+0000] {taskinstance.py:1382} INFO - Executing <Task(PostgresOperator): remove_samples_with_nulls.remove_Num_Of_Units_col> on 2023-12-01 00:00:00+00:00
[2023-12-20T02:52:51.075+0000] {standard_task_runner.py:57} INFO - Started process 1477 to run task
[2023-12-20T02:52:51.078+0000] {standard_task_runner.py:84} INFO - Running: ['***', 'tasks', 'run', 'Gourmet_Food_Procurement_Data-v01.remove_samples_with_nulls', 'remove_samples_with_nulls.remove_Num_Of_Units_col', 'scheduled__2023-12-01T00:00:00+00:00', '--job-id', '25', '--raw', '--subdir', 'DAGS_FOLDER/Gourmet_Food_Procurement_Data.py', '--cfg-path', '/tmp/tmps9z4hvi8']
[2023-12-20T02:52:51.081+0000] {standard_task_runner.py:85} INFO - Job 25: Subtask remove_samples_with_nulls.remove_Num_Of_Units_col
[2023-12-20T02:52:51.129+0000] {task_command.py:416} INFO - Running <TaskInstance: Gourmet_Food_Procurement_Data-v01.remove_samples_with_nulls.remove_samples_with_nulls.remove_Num_Of_Units_col scheduled__2023-12-01T00:00:00+00:00 [running]> on host 069170cec93a
[2023-12-20T02:52:51.209+0000] {taskinstance.py:1662} INFO - Exporting env vars: AIRFLOW_CTX_DAG_OWNER='dunnbc22' AIRFLOW_CTX_DAG_ID='Gourmet_Food_Procurement_Data-v01.remove_samples_with_nulls' AIRFLOW_CTX_TASK_ID='remove_samples_with_nulls.remove_Num_Of_Units_col' AIRFLOW_CTX_EXECUTION_DATE='2023-12-01T00:00:00+00:00' AIRFLOW_CTX_TRY_NUMBER='2' AIRFLOW_CTX_DAG_RUN_ID='scheduled__2023-12-01T00:00:00+00:00'
[2023-12-20T02:52:51.210+0000] {sql.py:274} INFO - Executing: -- params: table_name, column_name
DELETE FROM ***_complaints
WHERE Num_Of_Units is NULL;
[2023-12-20T02:52:51.221+0000] {base.py:73} INFO - Using connection ID 'postgres_conn' for task execution.
[2023-12-20T02:52:51.235+0000] {base.py:73} INFO - Using connection ID 'postgres_conn' for task execution.
[2023-12-20T02:52:51.242+0000] {sql.py:418} INFO - Running statement: -- params: table_name, column_name
DELETE FROM ***_complaints
WHERE Num_Of_Units is NULL;, parameters: None
[2023-12-20T02:52:51.245+0000] {taskinstance.py:1937} ERROR - Task failed with exception
Traceback (most recent call last):
  File "/home/airflow/.local/lib/python3.8/site-packages/airflow/providers/common/sql/operators/sql.py", line 280, in execute
    output = hook.run(
  File "/home/airflow/.local/lib/python3.8/site-packages/airflow/providers/common/sql/hooks/sql.py", line 392, in run
    self._run_command(cur, sql_statement, parameters)
  File "/home/airflow/.local/lib/python3.8/site-packages/airflow/providers/common/sql/hooks/sql.py", line 423, in _run_command
    cur.execute(sql_statement)
psycopg2.errors.UndefinedTable: relation "***_complaints" does not exist
LINE 2: DELETE FROM ***_complaints
                    ^

[2023-12-20T02:52:51.256+0000] {taskinstance.py:1400} INFO - Marking task as UP_FOR_RETRY. dag_id=Gourmet_Food_Procurement_Data-v01.remove_samples_with_nulls, task_id=remove_samples_with_nulls.remove_Num_Of_Units_col, execution_date=20231201T000000, start_date=20231220T025251, end_date=20231220T025251
[2023-12-20T02:52:51.265+0000] {standard_task_runner.py:104} ERROR - Failed to execute job 25 for task remove_samples_with_nulls.remove_Num_Of_Units_col (relation "***_complaints" does not exist
LINE 2: DELETE FROM ***_complaints
                    ^
; 1477)
[2023-12-20T02:52:51.291+0000] {local_task_job_runner.py:228} INFO - Task exited with return code 1
[2023-12-20T02:52:51.309+0000] {taskinstance.py:2778} INFO - 0 downstream tasks scheduled from follow-on schedule check
