[2023-12-09T23:47:59.908+0000] {taskinstance.py:1159} INFO - Dependencies all met for dep_context=non-requeueable deps ti=<TaskInstance: diamonds_price_prediction-v01.remove_id_column scheduled__2023-11-09T00:00:00+00:00 [queued]>
[2023-12-09T23:47:59.912+0000] {taskinstance.py:1159} INFO - Dependencies all met for dep_context=requeueable deps ti=<TaskInstance: diamonds_price_prediction-v01.remove_id_column scheduled__2023-11-09T00:00:00+00:00 [queued]>
[2023-12-09T23:47:59.912+0000] {taskinstance.py:1361} INFO - Starting attempt 1 of 6
[2023-12-09T23:47:59.917+0000] {taskinstance.py:1382} INFO - Executing <Task(PostgresOperator): remove_id_column> on 2023-11-09 00:00:00+00:00
[2023-12-09T23:47:59.920+0000] {standard_task_runner.py:57} INFO - Started process 600 to run task
[2023-12-09T23:47:59.922+0000] {standard_task_runner.py:84} INFO - Running: ['***', 'tasks', 'run', 'diamonds_price_prediction-v01', 'remove_id_column', 'scheduled__2023-11-09T00:00:00+00:00', '--job-id', '6', '--raw', '--subdir', 'DAGS_FOLDER/Diamonds.py', '--cfg-path', '/tmp/tmp46sfp6rf']
[2023-12-09T23:47:59.924+0000] {standard_task_runner.py:85} INFO - Job 6: Subtask remove_id_column
[2023-12-09T23:47:59.954+0000] {task_command.py:416} INFO - Running <TaskInstance: diamonds_price_prediction-v01.remove_id_column scheduled__2023-11-09T00:00:00+00:00 [running]> on host ac8b6f519699
[2023-12-09T23:47:59.993+0000] {taskinstance.py:1662} INFO - Exporting env vars: AIRFLOW_CTX_DAG_OWNER='dunnbc22' AIRFLOW_CTX_DAG_ID='diamonds_price_prediction-v01' AIRFLOW_CTX_TASK_ID='remove_id_column' AIRFLOW_CTX_EXECUTION_DATE='2023-11-09T00:00:00+00:00' AIRFLOW_CTX_TRY_NUMBER='1' AIRFLOW_CTX_DAG_RUN_ID='scheduled__2023-11-09T00:00:00+00:00'
[2023-12-09T23:47:59.994+0000] {sql.py:274} INFO - Executing: 
        ALTER TABLE diamonds_price_pred_pipe
        DROP COLUMN id_col;
        
[2023-12-09T23:48:00.000+0000] {base.py:73} INFO - Using connection ID 'postgres_conn' for task execution.
[2023-12-09T23:48:00.005+0000] {base.py:73} INFO - Using connection ID 'postgres_conn' for task execution.
[2023-12-09T23:48:00.010+0000] {sql.py:418} INFO - Running statement: 
        ALTER TABLE diamonds_price_pred_pipe
        DROP COLUMN id_col;
        , parameters: None
[2023-12-09T23:48:00.019+0000] {taskinstance.py:1400} INFO - Marking task as SUCCESS. dag_id=diamonds_price_prediction-v01, task_id=remove_id_column, execution_date=20231109T000000, start_date=20231209T234759, end_date=20231209T234800
[2023-12-09T23:48:00.060+0000] {local_task_job_runner.py:228} INFO - Task exited with return code 0
[2023-12-09T23:48:00.078+0000] {taskinstance.py:2778} INFO - 1 downstream tasks scheduled from follow-on schedule check
