[2023-12-19T23:02:22.653+0000] {taskinstance.py:1159} INFO - Dependencies all met for dep_context=non-requeueable deps ti=<TaskInstance: hosp_insur_claim_fraud-v01.insert_fk_into_fact_table.insert_fk_col_in_fact_table_area_Service scheduled__2023-12-01T00:00:00+00:00 [queued]>
[2023-12-19T23:02:22.673+0000] {taskinstance.py:1159} INFO - Dependencies all met for dep_context=requeueable deps ti=<TaskInstance: hosp_insur_claim_fraud-v01.insert_fk_into_fact_table.insert_fk_col_in_fact_table_area_Service scheduled__2023-12-01T00:00:00+00:00 [queued]>
[2023-12-19T23:02:22.675+0000] {taskinstance.py:1361} INFO - Starting attempt 1 of 6
[2023-12-19T23:02:22.706+0000] {taskinstance.py:1382} INFO - Executing <Task(PostgresOperator): insert_fk_col_in_fact_table_area_Service> on 2023-12-01 00:00:00+00:00
[2023-12-19T23:02:22.717+0000] {standard_task_runner.py:57} INFO - Started process 3726 to run task
[2023-12-19T23:02:22.725+0000] {standard_task_runner.py:84} INFO - Running: ['***', 'tasks', 'run', 'hosp_insur_claim_fraud-v01.insert_fk_into_fact_table', 'insert_fk_col_in_fact_table_area_Service', 'scheduled__2023-12-01T00:00:00+00:00', '--job-id', '40', '--raw', '--subdir', 'DAGS_FOLDER/Hospital_Insurance_Claim_Fraud.py', '--cfg-path', '/tmp/tmponzn7b_z']
[2023-12-19T23:02:22.746+0000] {standard_task_runner.py:85} INFO - Job 40: Subtask insert_fk_col_in_fact_table_area_Service
[2023-12-19T23:02:22.869+0000] {task_command.py:416} INFO - Running <TaskInstance: hosp_insur_claim_fraud-v01.insert_fk_into_fact_table.insert_fk_col_in_fact_table_area_Service scheduled__2023-12-01T00:00:00+00:00 [running]> on host 183042dfa495
[2023-12-19T23:02:22.999+0000] {taskinstance.py:1662} INFO - Exporting env vars: AIRFLOW_CTX_DAG_OWNER='dunnbc22' AIRFLOW_CTX_DAG_ID='hosp_insur_claim_fraud-v01.insert_fk_into_fact_table' AIRFLOW_CTX_TASK_ID='insert_fk_col_in_fact_table_area_Service' AIRFLOW_CTX_EXECUTION_DATE='2023-12-01T00:00:00+00:00' AIRFLOW_CTX_TRY_NUMBER='1' AIRFLOW_CTX_DAG_RUN_ID='scheduled__2023-12-01T00:00:00+00:00'
[2023-12-19T23:02:23.003+0000] {sql.py:274} INFO - Executing: -- params: table_name, dimension_col

/*
Steps 1-3 were completed in the create_dim_table.sql 
file & associated PostgresOperator
*/


-- Step 4: Add foreign key column to fact table
ALTER TABLE hosp_insur_claim_fraud_pipeline
ADD COLUMN area_Service_id INTEGER;

-- Step 4: Update foreign key column to fact table with 
-- appropriate id (that matches with dim table)
UPDATE hosp_insur_claim_fraud_pipeline
SET area_Service_id = dimension_table_area_Service.id
FROM dimension_table_area_Service
WHERE COALESCE(hosp_insur_claim_fraud_pipeline.area_Service::text, '') = COALESCE(dimension_table_area_Service.area_Service::text, '');
[2023-12-19T23:02:23.025+0000] {base.py:73} INFO - Using connection ID 'postgres_conn' for task execution.
[2023-12-19T23:02:23.039+0000] {base.py:73} INFO - Using connection ID 'postgres_conn' for task execution.
[2023-12-19T23:02:23.061+0000] {sql.py:418} INFO - Running statement: -- params: table_name, dimension_col

/*
Steps 1-3 were completed in the create_dim_table.sql 
file & associated PostgresOperator
*/


-- Step 4: Add foreign key column to fact table
ALTER TABLE hosp_insur_claim_fraud_pipeline
ADD COLUMN area_Service_id INTEGER;

-- Step 4: Update foreign key column to fact table with 
-- appropriate id (that matches with dim table)
UPDATE hosp_insur_claim_fraud_pipeline
SET area_Service_id = dimension_table_area_Service.id
FROM dimension_table_area_Service
WHERE COALESCE(hosp_insur_claim_fraud_pipeline.area_Service::text, '') = COALESCE(dimension_table_area_Service.area_Service::text, '');, parameters: None
[2023-12-19T23:03:26.734+0000] {sql.py:427} INFO - Rows affected: 770347
[2023-12-19T23:03:26.755+0000] {taskinstance.py:1400} INFO - Marking task as SUCCESS. dag_id=hosp_insur_claim_fraud-v01.insert_fk_into_fact_table, task_id=insert_fk_col_in_fact_table_area_Service, execution_date=20231201T000000, start_date=20231219T230222, end_date=20231219T230326
[2023-12-19T23:03:26.785+0000] {local_task_job_runner.py:228} INFO - Task exited with return code 0
[2023-12-19T23:03:26.809+0000] {taskinstance.py:2778} INFO - 0 downstream tasks scheduled from follow-on schedule check
