[2023-12-12T21:46:23.774+0000] {taskinstance.py:1159} INFO - Dependencies all met for dep_context=non-requeueable deps ti=<TaskInstance: home_insurance_ds-v01.remove_replaced_dim_cols.remove_original_HOME_EM_ADDON_POST_REN_in_fact_table scheduled__2023-12-01T00:00:00+00:00 [queued]>
[2023-12-12T21:46:23.781+0000] {taskinstance.py:1159} INFO - Dependencies all met for dep_context=requeueable deps ti=<TaskInstance: home_insurance_ds-v01.remove_replaced_dim_cols.remove_original_HOME_EM_ADDON_POST_REN_in_fact_table scheduled__2023-12-01T00:00:00+00:00 [queued]>
[2023-12-12T21:46:23.783+0000] {taskinstance.py:1361} INFO - Starting attempt 1 of 6
[2023-12-12T21:46:23.798+0000] {taskinstance.py:1382} INFO - Executing <Task(PostgresOperator): remove_original_HOME_EM_ADDON_POST_REN_in_fact_table> on 2023-12-01 00:00:00+00:00
[2023-12-12T21:46:23.802+0000] {standard_task_runner.py:57} INFO - Started process 4045 to run task
[2023-12-12T21:46:23.809+0000] {standard_task_runner.py:84} INFO - Running: ['***', 'tasks', 'run', 'home_insurance_ds-v01.remove_replaced_dim_cols', 'remove_original_HOME_EM_ADDON_POST_REN_in_fact_table', 'scheduled__2023-12-01T00:00:00+00:00', '--job-id', '127', '--raw', '--subdir', 'DAGS_FOLDER/home_insurance_dataset.py', '--cfg-path', '/tmp/tmpwq_y24lz']
[2023-12-12T21:46:23.812+0000] {standard_task_runner.py:85} INFO - Job 127: Subtask remove_original_HOME_EM_ADDON_POST_REN_in_fact_table
[2023-12-12T21:46:23.870+0000] {task_command.py:416} INFO - Running <TaskInstance: home_insurance_ds-v01.remove_replaced_dim_cols.remove_original_HOME_EM_ADDON_POST_REN_in_fact_table scheduled__2023-12-01T00:00:00+00:00 [running]> on host 7a94ca99eac6
[2023-12-12T21:46:23.943+0000] {taskinstance.py:1662} INFO - Exporting env vars: AIRFLOW_CTX_DAG_OWNER='dunnbc22' AIRFLOW_CTX_DAG_ID='home_insurance_ds-v01.remove_replaced_dim_cols' AIRFLOW_CTX_TASK_ID='remove_original_HOME_EM_ADDON_POST_REN_in_fact_table' AIRFLOW_CTX_EXECUTION_DATE='2023-12-01T00:00:00+00:00' AIRFLOW_CTX_TRY_NUMBER='1' AIRFLOW_CTX_DAG_RUN_ID='scheduled__2023-12-01T00:00:00+00:00'
[2023-12-12T21:46:23.945+0000] {sql.py:274} INFO - Executing: -- table_name, column_name
ALTER TABLE home_insurance_ds_pipeline
DROP COLUMN HOME_EM_ADDON_POST_REN;
[2023-12-12T21:46:23.956+0000] {base.py:73} INFO - Using connection ID 'postgres_conn' for task execution.
[2023-12-12T21:46:23.975+0000] {base.py:73} INFO - Using connection ID 'postgres_conn' for task execution.
[2023-12-12T21:46:23.985+0000] {sql.py:418} INFO - Running statement: -- table_name, column_name
ALTER TABLE home_insurance_ds_pipeline
DROP COLUMN HOME_EM_ADDON_POST_REN;, parameters: None
[2023-12-12T21:46:24.000+0000] {taskinstance.py:1400} INFO - Marking task as SUCCESS. dag_id=home_insurance_ds-v01.remove_replaced_dim_cols, task_id=remove_original_HOME_EM_ADDON_POST_REN_in_fact_table, execution_date=20231201T000000, start_date=20231212T214623, end_date=20231212T214624
[2023-12-12T21:46:24.025+0000] {local_task_job_runner.py:228} INFO - Task exited with return code 0
[2023-12-12T21:46:24.068+0000] {taskinstance.py:2778} INFO - 0 downstream tasks scheduled from follow-on schedule check
