[2023-12-19T04:47:19.836+0000] {taskinstance.py:1159} INFO - Dependencies all met for dep_context=non-requeueable deps ti=<TaskInstance: Automobile_Insurance-v01.remove_replaced_dim_cols.remove_original_insured_education_level_in_fact_table scheduled__2023-12-01T00:00:00+00:00 [queued]>
[2023-12-19T04:47:19.861+0000] {taskinstance.py:1159} INFO - Dependencies all met for dep_context=requeueable deps ti=<TaskInstance: Automobile_Insurance-v01.remove_replaced_dim_cols.remove_original_insured_education_level_in_fact_table scheduled__2023-12-01T00:00:00+00:00 [queued]>
[2023-12-19T04:47:19.864+0000] {taskinstance.py:1361} INFO - Starting attempt 1 of 6
[2023-12-19T04:47:19.906+0000] {taskinstance.py:1382} INFO - Executing <Task(PostgresOperator): remove_original_insured_education_level_in_fact_table> on 2023-12-01 00:00:00+00:00
[2023-12-19T04:47:19.924+0000] {standard_task_runner.py:57} INFO - Started process 1378 to run task
[2023-12-19T04:47:19.934+0000] {standard_task_runner.py:84} INFO - Running: ['***', 'tasks', 'run', 'Automobile_Insurance-v01.remove_replaced_dim_cols', 'remove_original_insured_education_level_in_fact_table', 'scheduled__2023-12-01T00:00:00+00:00', '--job-id', '65', '--raw', '--subdir', 'DAGS_FOLDER/Automobile Insurance.py', '--cfg-path', '/tmp/tmpsgo6q5pq']
[2023-12-19T04:47:19.944+0000] {standard_task_runner.py:85} INFO - Job 65: Subtask remove_original_insured_education_level_in_fact_table
[2023-12-19T04:47:20.119+0000] {task_command.py:416} INFO - Running <TaskInstance: Automobile_Insurance-v01.remove_replaced_dim_cols.remove_original_insured_education_level_in_fact_table scheduled__2023-12-01T00:00:00+00:00 [running]> on host 07f4bc2fb49b
[2023-12-19T04:47:20.291+0000] {taskinstance.py:1662} INFO - Exporting env vars: AIRFLOW_CTX_DAG_OWNER='dunnbc22' AIRFLOW_CTX_DAG_ID='Automobile_Insurance-v01.remove_replaced_dim_cols' AIRFLOW_CTX_TASK_ID='remove_original_insured_education_level_in_fact_table' AIRFLOW_CTX_EXECUTION_DATE='2023-12-01T00:00:00+00:00' AIRFLOW_CTX_TRY_NUMBER='1' AIRFLOW_CTX_DAG_RUN_ID='scheduled__2023-12-01T00:00:00+00:00'
[2023-12-19T04:47:20.302+0000] {sql.py:274} INFO - Executing: -- table_name, column_name
ALTER TABLE automobile_insurance
DROP COLUMN insured_education_level;
[2023-12-19T04:47:20.337+0000] {base.py:73} INFO - Using connection ID 'postgres_conn' for task execution.
[2023-12-19T04:47:20.356+0000] {base.py:73} INFO - Using connection ID 'postgres_conn' for task execution.
[2023-12-19T04:47:20.376+0000] {sql.py:418} INFO - Running statement: -- table_name, column_name
ALTER TABLE automobile_insurance
DROP COLUMN insured_education_level;, parameters: None
[2023-12-19T04:47:20.400+0000] {taskinstance.py:1400} INFO - Marking task as SUCCESS. dag_id=Automobile_Insurance-v01.remove_replaced_dim_cols, task_id=remove_original_insured_education_level_in_fact_table, execution_date=20231201T000000, start_date=20231219T044719, end_date=20231219T044720
[2023-12-19T04:47:20.461+0000] {local_task_job_runner.py:228} INFO - Task exited with return code 0
[2023-12-19T04:47:20.641+0000] {taskinstance.py:2778} INFO - 0 downstream tasks scheduled from follow-on schedule check
