[2023-12-19T05:26:27.694+0000] {taskinstance.py:1159} INFO - Dependencies all met for dep_context=non-requeueable deps ti=<TaskInstance: COVID19_Prediction_Classification-v01.create_dim_tables.create_dim_sore_throat_table scheduled__2023-12-01T00:00:00+00:00 [queued]>
[2023-12-19T05:26:27.715+0000] {taskinstance.py:1159} INFO - Dependencies all met for dep_context=requeueable deps ti=<TaskInstance: COVID19_Prediction_Classification-v01.create_dim_tables.create_dim_sore_throat_table scheduled__2023-12-01T00:00:00+00:00 [queued]>
[2023-12-19T05:26:27.717+0000] {taskinstance.py:1361} INFO - Starting attempt 1 of 6
[2023-12-19T05:26:27.747+0000] {taskinstance.py:1382} INFO - Executing <Task(PostgresOperator): create_dim_sore_throat_table> on 2023-12-01 00:00:00+00:00
[2023-12-19T05:26:27.760+0000] {standard_task_runner.py:57} INFO - Started process 1210 to run task
[2023-12-19T05:26:27.767+0000] {standard_task_runner.py:84} INFO - Running: ['***', 'tasks', 'run', 'COVID19_Prediction_Classification-v01.create_dim_tables', 'create_dim_sore_throat_table', 'scheduled__2023-12-01T00:00:00+00:00', '--job-id', '20', '--raw', '--subdir', 'DAGS_FOLDER/covid19_project.py', '--cfg-path', '/tmp/tmpbvmva5pc']
[2023-12-19T05:26:27.778+0000] {standard_task_runner.py:85} INFO - Job 20: Subtask create_dim_sore_throat_table
[2023-12-19T05:26:27.889+0000] {task_command.py:416} INFO - Running <TaskInstance: COVID19_Prediction_Classification-v01.create_dim_tables.create_dim_sore_throat_table scheduled__2023-12-01T00:00:00+00:00 [running]> on host 44c88b785d30
[2023-12-19T05:26:28.065+0000] {taskinstance.py:1662} INFO - Exporting env vars: AIRFLOW_CTX_DAG_OWNER='dunnbc22' AIRFLOW_CTX_DAG_ID='COVID19_Prediction_Classification-v01.create_dim_tables' AIRFLOW_CTX_TASK_ID='create_dim_sore_throat_table' AIRFLOW_CTX_EXECUTION_DATE='2023-12-01T00:00:00+00:00' AIRFLOW_CTX_TRY_NUMBER='1' AIRFLOW_CTX_DAG_RUN_ID='scheduled__2023-12-01T00:00:00+00:00'
[2023-12-19T05:26:28.067+0000] {sql.py:274} INFO - Executing: -- params: table_name, dimension_col, data_type

-- Step 1: Extract Unique Values
CREATE TEMPORARY TABLE unique_values_sore_throat AS
SELECT DISTINCT sore_throat FROM covid_19_prediction_clf_pipeline;

-- Step 2: Create Dimension Table
DROP TABLE IF EXISTS dimension_table_sore_throat;
CREATE TABLE dimension_table_sore_throat (
    id SERIAL PRIMARY KEY,
    sore_throat VARCHAR
);

-- Step 3: Insert unique values into dimension table
INSERT INTO dimension_table_sore_throat (sore_throat)
SELECT * FROM unique_values_sore_throat;
[2023-12-19T05:26:28.081+0000] {base.py:73} INFO - Using connection ID 'postgres_conn' for task execution.
[2023-12-19T05:26:28.096+0000] {base.py:73} INFO - Using connection ID 'postgres_conn' for task execution.
[2023-12-19T05:26:28.108+0000] {sql.py:418} INFO - Running statement: -- params: table_name, dimension_col, data_type

-- Step 1: Extract Unique Values
CREATE TEMPORARY TABLE unique_values_sore_throat AS
SELECT DISTINCT sore_throat FROM covid_19_prediction_clf_pipeline;

-- Step 2: Create Dimension Table
DROP TABLE IF EXISTS dimension_table_sore_throat;
CREATE TABLE dimension_table_sore_throat (
    id SERIAL PRIMARY KEY,
    sore_throat VARCHAR
);

-- Step 3: Insert unique values into dimension table
INSERT INTO dimension_table_sore_throat (sore_throat)
SELECT * FROM unique_values_sore_throat;, parameters: None
[2023-12-19T05:26:28.151+0000] {sql.py:427} INFO - Rows affected: 3
[2023-12-19T05:26:28.171+0000] {taskinstance.py:1400} INFO - Marking task as SUCCESS. dag_id=COVID19_Prediction_Classification-v01.create_dim_tables, task_id=create_dim_sore_throat_table, execution_date=20231201T000000, start_date=20231219T052627, end_date=20231219T052628
[2023-12-19T05:26:28.211+0000] {local_task_job_runner.py:228} INFO - Task exited with return code 0
[2023-12-19T05:26:28.236+0000] {taskinstance.py:2778} INFO - 0 downstream tasks scheduled from follow-on schedule check
