[2023-12-20T02:44:58.522+0000] {processor.py:157} INFO - Started process (PID=560) to work on /opt/airflow/dags/create_star_schema_part_1.py
[2023-12-20T02:44:58.523+0000] {processor.py:829} INFO - Processing file /opt/airflow/dags/create_star_schema_part_1.py for tasks to queue
[2023-12-20T02:44:58.524+0000] {logging_mixin.py:154} INFO - [2023-12-20T02:44:58.524+0000] {dagbag.py:536} INFO - Filling up the DagBag from /opt/airflow/dags/create_star_schema_part_1.py
[2023-12-20T02:44:58.531+0000] {processor.py:841} WARNING - No viable dags retrieved from /opt/airflow/dags/create_star_schema_part_1.py
[2023-12-20T02:44:58.545+0000] {processor.py:179} INFO - Processing /opt/airflow/dags/create_star_schema_part_1.py took 0.026 seconds
[2023-12-20T02:45:28.968+0000] {processor.py:157} INFO - Started process (PID=620) to work on /opt/airflow/dags/create_star_schema_part_1.py
[2023-12-20T02:45:28.969+0000] {processor.py:829} INFO - Processing file /opt/airflow/dags/create_star_schema_part_1.py for tasks to queue
[2023-12-20T02:45:28.970+0000] {logging_mixin.py:154} INFO - [2023-12-20T02:45:28.970+0000] {dagbag.py:536} INFO - Filling up the DagBag from /opt/airflow/dags/create_star_schema_part_1.py
[2023-12-20T02:45:28.975+0000] {processor.py:841} WARNING - No viable dags retrieved from /opt/airflow/dags/create_star_schema_part_1.py
[2023-12-20T02:45:28.985+0000] {processor.py:179} INFO - Processing /opt/airflow/dags/create_star_schema_part_1.py took 0.019 seconds
[2023-12-20T02:45:59.505+0000] {processor.py:157} INFO - Started process (PID=673) to work on /opt/airflow/dags/create_star_schema_part_1.py
[2023-12-20T02:45:59.506+0000] {processor.py:829} INFO - Processing file /opt/airflow/dags/create_star_schema_part_1.py for tasks to queue
[2023-12-20T02:45:59.507+0000] {logging_mixin.py:154} INFO - [2023-12-20T02:45:59.507+0000] {dagbag.py:536} INFO - Filling up the DagBag from /opt/airflow/dags/create_star_schema_part_1.py
[2023-12-20T02:45:59.515+0000] {processor.py:841} WARNING - No viable dags retrieved from /opt/airflow/dags/create_star_schema_part_1.py
[2023-12-20T02:45:59.531+0000] {processor.py:179} INFO - Processing /opt/airflow/dags/create_star_schema_part_1.py took 0.030 seconds
[2023-12-20T02:46:30.036+0000] {processor.py:157} INFO - Started process (PID=732) to work on /opt/airflow/dags/create_star_schema_part_1.py
[2023-12-20T02:46:30.037+0000] {processor.py:829} INFO - Processing file /opt/airflow/dags/create_star_schema_part_1.py for tasks to queue
[2023-12-20T02:46:30.038+0000] {logging_mixin.py:154} INFO - [2023-12-20T02:46:30.038+0000] {dagbag.py:536} INFO - Filling up the DagBag from /opt/airflow/dags/create_star_schema_part_1.py
[2023-12-20T02:46:30.046+0000] {processor.py:841} WARNING - No viable dags retrieved from /opt/airflow/dags/create_star_schema_part_1.py
[2023-12-20T02:46:30.060+0000] {processor.py:179} INFO - Processing /opt/airflow/dags/create_star_schema_part_1.py took 0.029 seconds
[2023-12-20T02:47:00.559+0000] {processor.py:157} INFO - Started process (PID=794) to work on /opt/airflow/dags/create_star_schema_part_1.py
[2023-12-20T02:47:00.560+0000] {processor.py:829} INFO - Processing file /opt/airflow/dags/create_star_schema_part_1.py for tasks to queue
[2023-12-20T02:47:00.561+0000] {logging_mixin.py:154} INFO - [2023-12-20T02:47:00.561+0000] {dagbag.py:536} INFO - Filling up the DagBag from /opt/airflow/dags/create_star_schema_part_1.py
[2023-12-20T02:47:00.568+0000] {processor.py:841} WARNING - No viable dags retrieved from /opt/airflow/dags/create_star_schema_part_1.py
[2023-12-20T02:47:00.582+0000] {processor.py:179} INFO - Processing /opt/airflow/dags/create_star_schema_part_1.py took 0.027 seconds
[2023-12-20T02:47:31.416+0000] {processor.py:157} INFO - Started process (PID=853) to work on /opt/airflow/dags/create_star_schema_part_1.py
[2023-12-20T02:47:31.418+0000] {processor.py:829} INFO - Processing file /opt/airflow/dags/create_star_schema_part_1.py for tasks to queue
[2023-12-20T02:47:31.419+0000] {logging_mixin.py:154} INFO - [2023-12-20T02:47:31.418+0000] {dagbag.py:536} INFO - Filling up the DagBag from /opt/airflow/dags/create_star_schema_part_1.py
[2023-12-20T02:47:31.428+0000] {processor.py:841} WARNING - No viable dags retrieved from /opt/airflow/dags/create_star_schema_part_1.py
[2023-12-20T02:47:31.443+0000] {processor.py:179} INFO - Processing /opt/airflow/dags/create_star_schema_part_1.py took 0.032 seconds
[2023-12-20T02:48:02.222+0000] {processor.py:157} INFO - Started process (PID=906) to work on /opt/airflow/dags/create_star_schema_part_1.py
[2023-12-20T02:48:02.223+0000] {processor.py:829} INFO - Processing file /opt/airflow/dags/create_star_schema_part_1.py for tasks to queue
[2023-12-20T02:48:02.224+0000] {logging_mixin.py:154} INFO - [2023-12-20T02:48:02.224+0000] {dagbag.py:536} INFO - Filling up the DagBag from /opt/airflow/dags/create_star_schema_part_1.py
[2023-12-20T02:48:02.232+0000] {processor.py:841} WARNING - No viable dags retrieved from /opt/airflow/dags/create_star_schema_part_1.py
[2023-12-20T02:48:02.248+0000] {processor.py:179} INFO - Processing /opt/airflow/dags/create_star_schema_part_1.py took 0.029 seconds
[2023-12-20T02:48:32.708+0000] {processor.py:157} INFO - Started process (PID=959) to work on /opt/airflow/dags/create_star_schema_part_1.py
[2023-12-20T02:48:32.709+0000] {processor.py:829} INFO - Processing file /opt/airflow/dags/create_star_schema_part_1.py for tasks to queue
[2023-12-20T02:48:32.710+0000] {logging_mixin.py:154} INFO - [2023-12-20T02:48:32.710+0000] {dagbag.py:536} INFO - Filling up the DagBag from /opt/airflow/dags/create_star_schema_part_1.py
[2023-12-20T02:48:32.718+0000] {processor.py:841} WARNING - No viable dags retrieved from /opt/airflow/dags/create_star_schema_part_1.py
[2023-12-20T02:48:32.732+0000] {processor.py:179} INFO - Processing /opt/airflow/dags/create_star_schema_part_1.py took 0.028 seconds
[2023-12-20T02:49:03.141+0000] {processor.py:157} INFO - Started process (PID=1015) to work on /opt/airflow/dags/create_star_schema_part_1.py
[2023-12-20T02:49:03.142+0000] {processor.py:829} INFO - Processing file /opt/airflow/dags/create_star_schema_part_1.py for tasks to queue
[2023-12-20T02:49:03.143+0000] {logging_mixin.py:154} INFO - [2023-12-20T02:49:03.143+0000] {dagbag.py:536} INFO - Filling up the DagBag from /opt/airflow/dags/create_star_schema_part_1.py
[2023-12-20T02:49:03.150+0000] {processor.py:841} WARNING - No viable dags retrieved from /opt/airflow/dags/create_star_schema_part_1.py
[2023-12-20T02:49:03.162+0000] {processor.py:179} INFO - Processing /opt/airflow/dags/create_star_schema_part_1.py took 0.024 seconds
[2023-12-20T02:49:33.697+0000] {processor.py:157} INFO - Started process (PID=1068) to work on /opt/airflow/dags/create_star_schema_part_1.py
[2023-12-20T02:49:33.698+0000] {processor.py:829} INFO - Processing file /opt/airflow/dags/create_star_schema_part_1.py for tasks to queue
[2023-12-20T02:49:33.699+0000] {logging_mixin.py:154} INFO - [2023-12-20T02:49:33.699+0000] {dagbag.py:536} INFO - Filling up the DagBag from /opt/airflow/dags/create_star_schema_part_1.py
[2023-12-20T02:49:33.706+0000] {processor.py:841} WARNING - No viable dags retrieved from /opt/airflow/dags/create_star_schema_part_1.py
[2023-12-20T02:49:33.720+0000] {processor.py:179} INFO - Processing /opt/airflow/dags/create_star_schema_part_1.py took 0.028 seconds
[2023-12-20T02:50:04.244+0000] {processor.py:157} INFO - Started process (PID=1133) to work on /opt/airflow/dags/create_star_schema_part_1.py
[2023-12-20T02:50:04.246+0000] {processor.py:829} INFO - Processing file /opt/airflow/dags/create_star_schema_part_1.py for tasks to queue
[2023-12-20T02:50:04.247+0000] {logging_mixin.py:154} INFO - [2023-12-20T02:50:04.246+0000] {dagbag.py:536} INFO - Filling up the DagBag from /opt/airflow/dags/create_star_schema_part_1.py
[2023-12-20T02:50:04.254+0000] {processor.py:841} WARNING - No viable dags retrieved from /opt/airflow/dags/create_star_schema_part_1.py
[2023-12-20T02:50:04.267+0000] {processor.py:179} INFO - Processing /opt/airflow/dags/create_star_schema_part_1.py took 0.027 seconds
[2023-12-20T02:50:34.756+0000] {processor.py:157} INFO - Started process (PID=1186) to work on /opt/airflow/dags/create_star_schema_part_1.py
[2023-12-20T02:50:34.757+0000] {processor.py:829} INFO - Processing file /opt/airflow/dags/create_star_schema_part_1.py for tasks to queue
[2023-12-20T02:50:34.758+0000] {logging_mixin.py:154} INFO - [2023-12-20T02:50:34.758+0000] {dagbag.py:536} INFO - Filling up the DagBag from /opt/airflow/dags/create_star_schema_part_1.py
[2023-12-20T02:50:34.764+0000] {processor.py:841} WARNING - No viable dags retrieved from /opt/airflow/dags/create_star_schema_part_1.py
[2023-12-20T02:50:34.778+0000] {processor.py:179} INFO - Processing /opt/airflow/dags/create_star_schema_part_1.py took 0.026 seconds
[2023-12-20T02:51:05.263+0000] {processor.py:157} INFO - Started process (PID=1260) to work on /opt/airflow/dags/create_star_schema_part_1.py
[2023-12-20T02:51:05.264+0000] {processor.py:829} INFO - Processing file /opt/airflow/dags/create_star_schema_part_1.py for tasks to queue
[2023-12-20T02:51:05.266+0000] {logging_mixin.py:154} INFO - [2023-12-20T02:51:05.265+0000] {dagbag.py:536} INFO - Filling up the DagBag from /opt/airflow/dags/create_star_schema_part_1.py
[2023-12-20T02:51:05.274+0000] {processor.py:841} WARNING - No viable dags retrieved from /opt/airflow/dags/create_star_schema_part_1.py
[2023-12-20T02:51:05.287+0000] {processor.py:179} INFO - Processing /opt/airflow/dags/create_star_schema_part_1.py took 0.029 seconds
[2023-12-20T02:51:35.780+0000] {processor.py:157} INFO - Started process (PID=1313) to work on /opt/airflow/dags/create_star_schema_part_1.py
[2023-12-20T02:51:35.781+0000] {processor.py:829} INFO - Processing file /opt/airflow/dags/create_star_schema_part_1.py for tasks to queue
[2023-12-20T02:51:35.782+0000] {logging_mixin.py:154} INFO - [2023-12-20T02:51:35.782+0000] {dagbag.py:536} INFO - Filling up the DagBag from /opt/airflow/dags/create_star_schema_part_1.py
[2023-12-20T02:51:35.790+0000] {processor.py:841} WARNING - No viable dags retrieved from /opt/airflow/dags/create_star_schema_part_1.py
[2023-12-20T02:51:35.803+0000] {processor.py:179} INFO - Processing /opt/airflow/dags/create_star_schema_part_1.py took 0.027 seconds
[2023-12-20T02:52:06.273+0000] {processor.py:157} INFO - Started process (PID=1366) to work on /opt/airflow/dags/create_star_schema_part_1.py
[2023-12-20T02:52:06.274+0000] {processor.py:829} INFO - Processing file /opt/airflow/dags/create_star_schema_part_1.py for tasks to queue
[2023-12-20T02:52:06.275+0000] {logging_mixin.py:154} INFO - [2023-12-20T02:52:06.275+0000] {dagbag.py:536} INFO - Filling up the DagBag from /opt/airflow/dags/create_star_schema_part_1.py
[2023-12-20T02:52:06.282+0000] {processor.py:841} WARNING - No viable dags retrieved from /opt/airflow/dags/create_star_schema_part_1.py
[2023-12-20T02:52:06.294+0000] {processor.py:179} INFO - Processing /opt/airflow/dags/create_star_schema_part_1.py took 0.025 seconds
[2023-12-20T02:52:36.854+0000] {processor.py:157} INFO - Started process (PID=1419) to work on /opt/airflow/dags/create_star_schema_part_1.py
[2023-12-20T02:52:36.856+0000] {processor.py:829} INFO - Processing file /opt/airflow/dags/create_star_schema_part_1.py for tasks to queue
[2023-12-20T02:52:36.857+0000] {logging_mixin.py:154} INFO - [2023-12-20T02:52:36.856+0000] {dagbag.py:536} INFO - Filling up the DagBag from /opt/airflow/dags/create_star_schema_part_1.py
[2023-12-20T02:52:36.865+0000] {processor.py:841} WARNING - No viable dags retrieved from /opt/airflow/dags/create_star_schema_part_1.py
[2023-12-20T02:52:36.878+0000] {processor.py:179} INFO - Processing /opt/airflow/dags/create_star_schema_part_1.py took 0.029 seconds
[2023-12-20T02:53:07.375+0000] {processor.py:157} INFO - Started process (PID=1490) to work on /opt/airflow/dags/create_star_schema_part_1.py
[2023-12-20T02:53:07.376+0000] {processor.py:829} INFO - Processing file /opt/airflow/dags/create_star_schema_part_1.py for tasks to queue
[2023-12-20T02:53:07.377+0000] {logging_mixin.py:154} INFO - [2023-12-20T02:53:07.377+0000] {dagbag.py:536} INFO - Filling up the DagBag from /opt/airflow/dags/create_star_schema_part_1.py
[2023-12-20T02:53:07.384+0000] {processor.py:841} WARNING - No viable dags retrieved from /opt/airflow/dags/create_star_schema_part_1.py
[2023-12-20T02:53:07.397+0000] {processor.py:179} INFO - Processing /opt/airflow/dags/create_star_schema_part_1.py took 0.025 seconds
[2023-12-20T02:53:37.856+0000] {processor.py:157} INFO - Started process (PID=1543) to work on /opt/airflow/dags/create_star_schema_part_1.py
[2023-12-20T02:53:37.857+0000] {processor.py:829} INFO - Processing file /opt/airflow/dags/create_star_schema_part_1.py for tasks to queue
[2023-12-20T02:53:37.857+0000] {logging_mixin.py:154} INFO - [2023-12-20T02:53:37.857+0000] {dagbag.py:536} INFO - Filling up the DagBag from /opt/airflow/dags/create_star_schema_part_1.py
[2023-12-20T02:53:37.862+0000] {processor.py:841} WARNING - No viable dags retrieved from /opt/airflow/dags/create_star_schema_part_1.py
[2023-12-20T02:53:37.872+0000] {processor.py:179} INFO - Processing /opt/airflow/dags/create_star_schema_part_1.py took 0.019 seconds
[2023-12-20T02:54:08.276+0000] {processor.py:157} INFO - Started process (PID=1602) to work on /opt/airflow/dags/create_star_schema_part_1.py
[2023-12-20T02:54:08.277+0000] {processor.py:829} INFO - Processing file /opt/airflow/dags/create_star_schema_part_1.py for tasks to queue
[2023-12-20T02:54:08.277+0000] {logging_mixin.py:154} INFO - [2023-12-20T02:54:08.277+0000] {dagbag.py:536} INFO - Filling up the DagBag from /opt/airflow/dags/create_star_schema_part_1.py
[2023-12-20T02:54:08.282+0000] {processor.py:841} WARNING - No viable dags retrieved from /opt/airflow/dags/create_star_schema_part_1.py
[2023-12-20T02:54:08.293+0000] {processor.py:179} INFO - Processing /opt/airflow/dags/create_star_schema_part_1.py took 0.020 seconds
[2023-12-20T02:54:38.702+0000] {processor.py:157} INFO - Started process (PID=1655) to work on /opt/airflow/dags/create_star_schema_part_1.py
[2023-12-20T02:54:38.703+0000] {processor.py:829} INFO - Processing file /opt/airflow/dags/create_star_schema_part_1.py for tasks to queue
[2023-12-20T02:54:38.704+0000] {logging_mixin.py:154} INFO - [2023-12-20T02:54:38.703+0000] {dagbag.py:536} INFO - Filling up the DagBag from /opt/airflow/dags/create_star_schema_part_1.py
[2023-12-20T02:54:38.709+0000] {processor.py:841} WARNING - No viable dags retrieved from /opt/airflow/dags/create_star_schema_part_1.py
[2023-12-20T02:54:38.721+0000] {processor.py:179} INFO - Processing /opt/airflow/dags/create_star_schema_part_1.py took 0.021 seconds
[2023-12-20T02:55:09.227+0000] {processor.py:157} INFO - Started process (PID=1726) to work on /opt/airflow/dags/create_star_schema_part_1.py
[2023-12-20T02:55:09.228+0000] {processor.py:829} INFO - Processing file /opt/airflow/dags/create_star_schema_part_1.py for tasks to queue
[2023-12-20T02:55:09.229+0000] {logging_mixin.py:154} INFO - [2023-12-20T02:55:09.229+0000] {dagbag.py:536} INFO - Filling up the DagBag from /opt/airflow/dags/create_star_schema_part_1.py
[2023-12-20T02:55:09.235+0000] {processor.py:841} WARNING - No viable dags retrieved from /opt/airflow/dags/create_star_schema_part_1.py
[2023-12-20T02:55:09.248+0000] {processor.py:179} INFO - Processing /opt/airflow/dags/create_star_schema_part_1.py took 0.024 seconds
[2023-12-20T02:55:39.725+0000] {processor.py:157} INFO - Started process (PID=1779) to work on /opt/airflow/dags/create_star_schema_part_1.py
[2023-12-20T02:55:39.726+0000] {processor.py:829} INFO - Processing file /opt/airflow/dags/create_star_schema_part_1.py for tasks to queue
[2023-12-20T02:55:39.727+0000] {logging_mixin.py:154} INFO - [2023-12-20T02:55:39.727+0000] {dagbag.py:536} INFO - Filling up the DagBag from /opt/airflow/dags/create_star_schema_part_1.py
[2023-12-20T02:55:39.735+0000] {processor.py:841} WARNING - No viable dags retrieved from /opt/airflow/dags/create_star_schema_part_1.py
[2023-12-20T02:55:39.748+0000] {processor.py:179} INFO - Processing /opt/airflow/dags/create_star_schema_part_1.py took 0.028 seconds
[2023-12-20T02:56:10.225+0000] {processor.py:157} INFO - Started process (PID=1832) to work on /opt/airflow/dags/create_star_schema_part_1.py
[2023-12-20T02:56:10.226+0000] {processor.py:829} INFO - Processing file /opt/airflow/dags/create_star_schema_part_1.py for tasks to queue
[2023-12-20T02:56:10.227+0000] {logging_mixin.py:154} INFO - [2023-12-20T02:56:10.227+0000] {dagbag.py:536} INFO - Filling up the DagBag from /opt/airflow/dags/create_star_schema_part_1.py
[2023-12-20T02:56:10.234+0000] {processor.py:841} WARNING - No viable dags retrieved from /opt/airflow/dags/create_star_schema_part_1.py
[2023-12-20T02:56:10.247+0000] {processor.py:179} INFO - Processing /opt/airflow/dags/create_star_schema_part_1.py took 0.027 seconds
[2023-12-20T02:56:40.724+0000] {processor.py:157} INFO - Started process (PID=1885) to work on /opt/airflow/dags/create_star_schema_part_1.py
[2023-12-20T02:56:40.725+0000] {processor.py:829} INFO - Processing file /opt/airflow/dags/create_star_schema_part_1.py for tasks to queue
[2023-12-20T02:56:40.726+0000] {logging_mixin.py:154} INFO - [2023-12-20T02:56:40.726+0000] {dagbag.py:536} INFO - Filling up the DagBag from /opt/airflow/dags/create_star_schema_part_1.py
[2023-12-20T02:56:40.733+0000] {processor.py:841} WARNING - No viable dags retrieved from /opt/airflow/dags/create_star_schema_part_1.py
[2023-12-20T02:56:40.746+0000] {processor.py:179} INFO - Processing /opt/airflow/dags/create_star_schema_part_1.py took 0.026 seconds
[2023-12-20T02:57:11.190+0000] {processor.py:157} INFO - Started process (PID=1947) to work on /opt/airflow/dags/create_star_schema_part_1.py
[2023-12-20T02:57:11.191+0000] {processor.py:829} INFO - Processing file /opt/airflow/dags/create_star_schema_part_1.py for tasks to queue
[2023-12-20T02:57:11.192+0000] {logging_mixin.py:154} INFO - [2023-12-20T02:57:11.192+0000] {dagbag.py:536} INFO - Filling up the DagBag from /opt/airflow/dags/create_star_schema_part_1.py
[2023-12-20T02:57:11.200+0000] {processor.py:841} WARNING - No viable dags retrieved from /opt/airflow/dags/create_star_schema_part_1.py
[2023-12-20T02:57:11.213+0000] {processor.py:179} INFO - Processing /opt/airflow/dags/create_star_schema_part_1.py took 0.028 seconds
[2023-12-20T02:57:41.690+0000] {processor.py:157} INFO - Started process (PID=2000) to work on /opt/airflow/dags/create_star_schema_part_1.py
[2023-12-20T02:57:41.691+0000] {processor.py:829} INFO - Processing file /opt/airflow/dags/create_star_schema_part_1.py for tasks to queue
[2023-12-20T02:57:41.692+0000] {logging_mixin.py:154} INFO - [2023-12-20T02:57:41.692+0000] {dagbag.py:536} INFO - Filling up the DagBag from /opt/airflow/dags/create_star_schema_part_1.py
[2023-12-20T02:57:41.698+0000] {processor.py:841} WARNING - No viable dags retrieved from /opt/airflow/dags/create_star_schema_part_1.py
[2023-12-20T02:57:41.711+0000] {processor.py:179} INFO - Processing /opt/airflow/dags/create_star_schema_part_1.py took 0.025 seconds
[2023-12-20T02:58:11.953+0000] {processor.py:157} INFO - Started process (PID=2065) to work on /opt/airflow/dags/create_star_schema_part_1.py
[2023-12-20T02:58:11.954+0000] {processor.py:829} INFO - Processing file /opt/airflow/dags/create_star_schema_part_1.py for tasks to queue
[2023-12-20T02:58:11.955+0000] {logging_mixin.py:154} INFO - [2023-12-20T02:58:11.955+0000] {dagbag.py:536} INFO - Filling up the DagBag from /opt/airflow/dags/create_star_schema_part_1.py
[2023-12-20T02:58:11.963+0000] {processor.py:841} WARNING - No viable dags retrieved from /opt/airflow/dags/create_star_schema_part_1.py
[2023-12-20T02:58:11.979+0000] {processor.py:179} INFO - Processing /opt/airflow/dags/create_star_schema_part_1.py took 0.029 seconds
[2023-12-20T02:58:42.488+0000] {processor.py:157} INFO - Started process (PID=2118) to work on /opt/airflow/dags/create_star_schema_part_1.py
[2023-12-20T02:58:42.489+0000] {processor.py:829} INFO - Processing file /opt/airflow/dags/create_star_schema_part_1.py for tasks to queue
[2023-12-20T02:58:42.489+0000] {logging_mixin.py:154} INFO - [2023-12-20T02:58:42.489+0000] {dagbag.py:536} INFO - Filling up the DagBag from /opt/airflow/dags/create_star_schema_part_1.py
[2023-12-20T02:58:42.496+0000] {processor.py:841} WARNING - No viable dags retrieved from /opt/airflow/dags/create_star_schema_part_1.py
[2023-12-20T02:58:42.508+0000] {processor.py:179} INFO - Processing /opt/airflow/dags/create_star_schema_part_1.py took 0.024 seconds
[2023-12-20T02:59:12.958+0000] {processor.py:157} INFO - Started process (PID=2192) to work on /opt/airflow/dags/create_star_schema_part_1.py
[2023-12-20T02:59:12.959+0000] {processor.py:829} INFO - Processing file /opt/airflow/dags/create_star_schema_part_1.py for tasks to queue
[2023-12-20T02:59:12.960+0000] {logging_mixin.py:154} INFO - [2023-12-20T02:59:12.960+0000] {dagbag.py:536} INFO - Filling up the DagBag from /opt/airflow/dags/create_star_schema_part_1.py
[2023-12-20T02:59:12.967+0000] {processor.py:841} WARNING - No viable dags retrieved from /opt/airflow/dags/create_star_schema_part_1.py
[2023-12-20T02:59:12.980+0000] {processor.py:179} INFO - Processing /opt/airflow/dags/create_star_schema_part_1.py took 0.026 seconds
[2023-12-20T02:59:43.380+0000] {processor.py:157} INFO - Started process (PID=2245) to work on /opt/airflow/dags/create_star_schema_part_1.py
[2023-12-20T02:59:43.380+0000] {processor.py:829} INFO - Processing file /opt/airflow/dags/create_star_schema_part_1.py for tasks to queue
[2023-12-20T02:59:43.381+0000] {logging_mixin.py:154} INFO - [2023-12-20T02:59:43.381+0000] {dagbag.py:536} INFO - Filling up the DagBag from /opt/airflow/dags/create_star_schema_part_1.py
[2023-12-20T02:59:43.387+0000] {processor.py:841} WARNING - No viable dags retrieved from /opt/airflow/dags/create_star_schema_part_1.py
[2023-12-20T02:59:43.399+0000] {processor.py:179} INFO - Processing /opt/airflow/dags/create_star_schema_part_1.py took 0.023 seconds
[2023-12-20T03:00:13.972+0000] {processor.py:157} INFO - Started process (PID=2319) to work on /opt/airflow/dags/create_star_schema_part_1.py
[2023-12-20T03:00:13.973+0000] {processor.py:829} INFO - Processing file /opt/airflow/dags/create_star_schema_part_1.py for tasks to queue
[2023-12-20T03:00:13.974+0000] {logging_mixin.py:154} INFO - [2023-12-20T03:00:13.974+0000] {dagbag.py:536} INFO - Filling up the DagBag from /opt/airflow/dags/create_star_schema_part_1.py
[2023-12-20T03:00:13.980+0000] {processor.py:841} WARNING - No viable dags retrieved from /opt/airflow/dags/create_star_schema_part_1.py
[2023-12-20T03:00:13.993+0000] {processor.py:179} INFO - Processing /opt/airflow/dags/create_star_schema_part_1.py took 0.024 seconds
[2023-12-20T03:00:44.552+0000] {processor.py:157} INFO - Started process (PID=2372) to work on /opt/airflow/dags/create_star_schema_part_1.py
[2023-12-20T03:00:44.553+0000] {processor.py:829} INFO - Processing file /opt/airflow/dags/create_star_schema_part_1.py for tasks to queue
[2023-12-20T03:00:44.554+0000] {logging_mixin.py:154} INFO - [2023-12-20T03:00:44.554+0000] {dagbag.py:536} INFO - Filling up the DagBag from /opt/airflow/dags/create_star_schema_part_1.py
[2023-12-20T03:00:44.560+0000] {processor.py:841} WARNING - No viable dags retrieved from /opt/airflow/dags/create_star_schema_part_1.py
[2023-12-20T03:00:44.572+0000] {processor.py:179} INFO - Processing /opt/airflow/dags/create_star_schema_part_1.py took 0.023 seconds
[2023-12-20T03:01:15.071+0000] {processor.py:157} INFO - Started process (PID=2453) to work on /opt/airflow/dags/create_star_schema_part_1.py
[2023-12-20T03:01:15.072+0000] {processor.py:829} INFO - Processing file /opt/airflow/dags/create_star_schema_part_1.py for tasks to queue
[2023-12-20T03:01:15.073+0000] {logging_mixin.py:154} INFO - [2023-12-20T03:01:15.072+0000] {dagbag.py:536} INFO - Filling up the DagBag from /opt/airflow/dags/create_star_schema_part_1.py
[2023-12-20T03:01:15.079+0000] {processor.py:841} WARNING - No viable dags retrieved from /opt/airflow/dags/create_star_schema_part_1.py
[2023-12-20T03:01:15.091+0000] {processor.py:179} INFO - Processing /opt/airflow/dags/create_star_schema_part_1.py took 0.024 seconds
[2023-12-20T03:01:45.548+0000] {processor.py:157} INFO - Started process (PID=2506) to work on /opt/airflow/dags/create_star_schema_part_1.py
[2023-12-20T03:01:45.550+0000] {processor.py:829} INFO - Processing file /opt/airflow/dags/create_star_schema_part_1.py for tasks to queue
[2023-12-20T03:01:45.551+0000] {logging_mixin.py:154} INFO - [2023-12-20T03:01:45.551+0000] {dagbag.py:536} INFO - Filling up the DagBag from /opt/airflow/dags/create_star_schema_part_1.py
[2023-12-20T03:01:45.559+0000] {processor.py:841} WARNING - No viable dags retrieved from /opt/airflow/dags/create_star_schema_part_1.py
[2023-12-20T03:01:45.573+0000] {processor.py:179} INFO - Processing /opt/airflow/dags/create_star_schema_part_1.py took 0.028 seconds
[2023-12-20T17:51:15.034+0000] {processor.py:157} INFO - Started process (PID=196) to work on /opt/airflow/dags/create_star_schema_part_1.py
[2023-12-20T17:51:15.035+0000] {processor.py:829} INFO - Processing file /opt/airflow/dags/create_star_schema_part_1.py for tasks to queue
[2023-12-20T17:51:15.035+0000] {logging_mixin.py:154} INFO - [2023-12-20T17:51:15.035+0000] {dagbag.py:536} INFO - Filling up the DagBag from /opt/airflow/dags/create_star_schema_part_1.py
[2023-12-20T17:51:15.039+0000] {processor.py:841} WARNING - No viable dags retrieved from /opt/airflow/dags/create_star_schema_part_1.py
[2023-12-20T17:51:15.051+0000] {processor.py:179} INFO - Processing /opt/airflow/dags/create_star_schema_part_1.py took 0.019 seconds
[2023-12-20T17:51:45.244+0000] {processor.py:157} INFO - Started process (PID=245) to work on /opt/airflow/dags/create_star_schema_part_1.py
[2023-12-20T17:51:45.244+0000] {processor.py:829} INFO - Processing file /opt/airflow/dags/create_star_schema_part_1.py for tasks to queue
[2023-12-20T17:51:45.245+0000] {logging_mixin.py:154} INFO - [2023-12-20T17:51:45.244+0000] {dagbag.py:536} INFO - Filling up the DagBag from /opt/airflow/dags/create_star_schema_part_1.py
[2023-12-20T17:51:45.248+0000] {processor.py:841} WARNING - No viable dags retrieved from /opt/airflow/dags/create_star_schema_part_1.py
[2023-12-20T17:51:45.258+0000] {processor.py:179} INFO - Processing /opt/airflow/dags/create_star_schema_part_1.py took 0.017 seconds
[2023-12-20T17:52:15.780+0000] {processor.py:157} INFO - Started process (PID=298) to work on /opt/airflow/dags/create_star_schema_part_1.py
[2023-12-20T17:52:15.780+0000] {processor.py:829} INFO - Processing file /opt/airflow/dags/create_star_schema_part_1.py for tasks to queue
[2023-12-20T17:52:15.781+0000] {logging_mixin.py:154} INFO - [2023-12-20T17:52:15.781+0000] {dagbag.py:536} INFO - Filling up the DagBag from /opt/airflow/dags/create_star_schema_part_1.py
[2023-12-20T17:52:15.786+0000] {processor.py:841} WARNING - No viable dags retrieved from /opt/airflow/dags/create_star_schema_part_1.py
[2023-12-20T17:52:15.798+0000] {processor.py:179} INFO - Processing /opt/airflow/dags/create_star_schema_part_1.py took 0.021 seconds
[2023-12-20T17:52:46.325+0000] {processor.py:157} INFO - Started process (PID=357) to work on /opt/airflow/dags/create_star_schema_part_1.py
[2023-12-20T17:52:46.325+0000] {processor.py:829} INFO - Processing file /opt/airflow/dags/create_star_schema_part_1.py for tasks to queue
[2023-12-20T17:52:46.326+0000] {logging_mixin.py:154} INFO - [2023-12-20T17:52:46.326+0000] {dagbag.py:536} INFO - Filling up the DagBag from /opt/airflow/dags/create_star_schema_part_1.py
[2023-12-20T17:52:46.329+0000] {processor.py:841} WARNING - No viable dags retrieved from /opt/airflow/dags/create_star_schema_part_1.py
[2023-12-20T17:52:46.338+0000] {processor.py:179} INFO - Processing /opt/airflow/dags/create_star_schema_part_1.py took 0.015 seconds
[2023-12-20T17:53:16.856+0000] {processor.py:157} INFO - Started process (PID=416) to work on /opt/airflow/dags/create_star_schema_part_1.py
[2023-12-20T17:53:16.857+0000] {processor.py:829} INFO - Processing file /opt/airflow/dags/create_star_schema_part_1.py for tasks to queue
[2023-12-20T17:53:16.857+0000] {logging_mixin.py:154} INFO - [2023-12-20T17:53:16.857+0000] {dagbag.py:536} INFO - Filling up the DagBag from /opt/airflow/dags/create_star_schema_part_1.py
[2023-12-20T17:53:16.861+0000] {processor.py:841} WARNING - No viable dags retrieved from /opt/airflow/dags/create_star_schema_part_1.py
[2023-12-20T17:53:16.870+0000] {processor.py:179} INFO - Processing /opt/airflow/dags/create_star_schema_part_1.py took 0.016 seconds
[2023-12-20T17:53:47.334+0000] {processor.py:157} INFO - Started process (PID=474) to work on /opt/airflow/dags/create_star_schema_part_1.py
[2023-12-20T17:53:47.335+0000] {processor.py:829} INFO - Processing file /opt/airflow/dags/create_star_schema_part_1.py for tasks to queue
[2023-12-20T17:53:47.336+0000] {logging_mixin.py:154} INFO - [2023-12-20T17:53:47.336+0000] {dagbag.py:536} INFO - Filling up the DagBag from /opt/airflow/dags/create_star_schema_part_1.py
[2023-12-20T17:53:47.340+0000] {processor.py:841} WARNING - No viable dags retrieved from /opt/airflow/dags/create_star_schema_part_1.py
[2023-12-20T17:53:47.349+0000] {processor.py:179} INFO - Processing /opt/airflow/dags/create_star_schema_part_1.py took 0.017 seconds
[2023-12-20T17:54:17.748+0000] {processor.py:157} INFO - Started process (PID=528) to work on /opt/airflow/dags/create_star_schema_part_1.py
[2023-12-20T17:54:17.749+0000] {processor.py:829} INFO - Processing file /opt/airflow/dags/create_star_schema_part_1.py for tasks to queue
[2023-12-20T17:54:17.749+0000] {logging_mixin.py:154} INFO - [2023-12-20T17:54:17.749+0000] {dagbag.py:536} INFO - Filling up the DagBag from /opt/airflow/dags/create_star_schema_part_1.py
[2023-12-20T17:54:17.753+0000] {processor.py:841} WARNING - No viable dags retrieved from /opt/airflow/dags/create_star_schema_part_1.py
[2023-12-20T17:54:17.762+0000] {processor.py:179} INFO - Processing /opt/airflow/dags/create_star_schema_part_1.py took 0.016 seconds
[2023-12-20T17:54:48.188+0000] {processor.py:157} INFO - Started process (PID=581) to work on /opt/airflow/dags/create_star_schema_part_1.py
[2023-12-20T17:54:48.188+0000] {processor.py:829} INFO - Processing file /opt/airflow/dags/create_star_schema_part_1.py for tasks to queue
[2023-12-20T17:54:48.189+0000] {logging_mixin.py:154} INFO - [2023-12-20T17:54:48.189+0000] {dagbag.py:536} INFO - Filling up the DagBag from /opt/airflow/dags/create_star_schema_part_1.py
[2023-12-20T17:54:48.192+0000] {processor.py:841} WARNING - No viable dags retrieved from /opt/airflow/dags/create_star_schema_part_1.py
[2023-12-20T17:54:48.202+0000] {processor.py:179} INFO - Processing /opt/airflow/dags/create_star_schema_part_1.py took 0.016 seconds
[2023-12-20T17:55:18.668+0000] {processor.py:157} INFO - Started process (PID=634) to work on /opt/airflow/dags/create_star_schema_part_1.py
[2023-12-20T17:55:18.669+0000] {processor.py:829} INFO - Processing file /opt/airflow/dags/create_star_schema_part_1.py for tasks to queue
[2023-12-20T17:55:18.669+0000] {logging_mixin.py:154} INFO - [2023-12-20T17:55:18.669+0000] {dagbag.py:536} INFO - Filling up the DagBag from /opt/airflow/dags/create_star_schema_part_1.py
[2023-12-20T17:55:18.673+0000] {processor.py:841} WARNING - No viable dags retrieved from /opt/airflow/dags/create_star_schema_part_1.py
[2023-12-20T17:55:18.682+0000] {processor.py:179} INFO - Processing /opt/airflow/dags/create_star_schema_part_1.py took 0.016 seconds
[2023-12-20T17:55:49.205+0000] {processor.py:157} INFO - Started process (PID=690) to work on /opt/airflow/dags/create_star_schema_part_1.py
[2023-12-20T17:55:49.205+0000] {processor.py:829} INFO - Processing file /opt/airflow/dags/create_star_schema_part_1.py for tasks to queue
[2023-12-20T17:55:49.206+0000] {logging_mixin.py:154} INFO - [2023-12-20T17:55:49.206+0000] {dagbag.py:536} INFO - Filling up the DagBag from /opt/airflow/dags/create_star_schema_part_1.py
[2023-12-20T17:55:49.210+0000] {processor.py:841} WARNING - No viable dags retrieved from /opt/airflow/dags/create_star_schema_part_1.py
[2023-12-20T17:55:49.220+0000] {processor.py:179} INFO - Processing /opt/airflow/dags/create_star_schema_part_1.py took 0.017 seconds
[2023-12-20T17:56:19.689+0000] {processor.py:157} INFO - Started process (PID=743) to work on /opt/airflow/dags/create_star_schema_part_1.py
[2023-12-20T17:56:19.690+0000] {processor.py:829} INFO - Processing file /opt/airflow/dags/create_star_schema_part_1.py for tasks to queue
[2023-12-20T17:56:19.690+0000] {logging_mixin.py:154} INFO - [2023-12-20T17:56:19.690+0000] {dagbag.py:536} INFO - Filling up the DagBag from /opt/airflow/dags/create_star_schema_part_1.py
[2023-12-20T17:56:19.694+0000] {processor.py:841} WARNING - No viable dags retrieved from /opt/airflow/dags/create_star_schema_part_1.py
[2023-12-20T17:56:19.703+0000] {processor.py:179} INFO - Processing /opt/airflow/dags/create_star_schema_part_1.py took 0.016 seconds
[2023-12-20T17:56:50.248+0000] {processor.py:157} INFO - Started process (PID=796) to work on /opt/airflow/dags/create_star_schema_part_1.py
[2023-12-20T17:56:50.249+0000] {processor.py:829} INFO - Processing file /opt/airflow/dags/create_star_schema_part_1.py for tasks to queue
[2023-12-20T17:56:50.250+0000] {logging_mixin.py:154} INFO - [2023-12-20T17:56:50.249+0000] {dagbag.py:536} INFO - Filling up the DagBag from /opt/airflow/dags/create_star_schema_part_1.py
[2023-12-20T17:56:50.254+0000] {processor.py:841} WARNING - No viable dags retrieved from /opt/airflow/dags/create_star_schema_part_1.py
[2023-12-20T17:56:50.272+0000] {processor.py:179} INFO - Processing /opt/airflow/dags/create_star_schema_part_1.py took 0.026 seconds
[2023-12-20T17:57:20.662+0000] {processor.py:157} INFO - Started process (PID=849) to work on /opt/airflow/dags/create_star_schema_part_1.py
[2023-12-20T17:57:20.663+0000] {processor.py:829} INFO - Processing file /opt/airflow/dags/create_star_schema_part_1.py for tasks to queue
[2023-12-20T17:57:20.664+0000] {logging_mixin.py:154} INFO - [2023-12-20T17:57:20.663+0000] {dagbag.py:536} INFO - Filling up the DagBag from /opt/airflow/dags/create_star_schema_part_1.py
[2023-12-20T17:57:20.667+0000] {processor.py:841} WARNING - No viable dags retrieved from /opt/airflow/dags/create_star_schema_part_1.py
[2023-12-20T17:57:20.677+0000] {processor.py:179} INFO - Processing /opt/airflow/dags/create_star_schema_part_1.py took 0.016 seconds
[2023-12-20T17:57:51.057+0000] {processor.py:157} INFO - Started process (PID=905) to work on /opt/airflow/dags/create_star_schema_part_1.py
[2023-12-20T17:57:51.058+0000] {processor.py:829} INFO - Processing file /opt/airflow/dags/create_star_schema_part_1.py for tasks to queue
[2023-12-20T17:57:51.058+0000] {logging_mixin.py:154} INFO - [2023-12-20T17:57:51.058+0000] {dagbag.py:536} INFO - Filling up the DagBag from /opt/airflow/dags/create_star_schema_part_1.py
[2023-12-20T17:57:51.062+0000] {processor.py:841} WARNING - No viable dags retrieved from /opt/airflow/dags/create_star_schema_part_1.py
[2023-12-20T17:57:51.071+0000] {processor.py:179} INFO - Processing /opt/airflow/dags/create_star_schema_part_1.py took 0.017 seconds
[2023-12-20T17:58:21.468+0000] {processor.py:157} INFO - Started process (PID=958) to work on /opt/airflow/dags/create_star_schema_part_1.py
[2023-12-20T17:58:21.468+0000] {processor.py:829} INFO - Processing file /opt/airflow/dags/create_star_schema_part_1.py for tasks to queue
[2023-12-20T17:58:21.469+0000] {logging_mixin.py:154} INFO - [2023-12-20T17:58:21.469+0000] {dagbag.py:536} INFO - Filling up the DagBag from /opt/airflow/dags/create_star_schema_part_1.py
[2023-12-20T17:58:21.473+0000] {processor.py:841} WARNING - No viable dags retrieved from /opt/airflow/dags/create_star_schema_part_1.py
[2023-12-20T17:58:21.482+0000] {processor.py:179} INFO - Processing /opt/airflow/dags/create_star_schema_part_1.py took 0.017 seconds
[2023-12-20T17:58:51.918+0000] {processor.py:157} INFO - Started process (PID=1011) to work on /opt/airflow/dags/create_star_schema_part_1.py
[2023-12-20T17:58:51.919+0000] {processor.py:829} INFO - Processing file /opt/airflow/dags/create_star_schema_part_1.py for tasks to queue
[2023-12-20T17:58:51.919+0000] {logging_mixin.py:154} INFO - [2023-12-20T17:58:51.919+0000] {dagbag.py:536} INFO - Filling up the DagBag from /opt/airflow/dags/create_star_schema_part_1.py
[2023-12-20T17:58:51.923+0000] {processor.py:841} WARNING - No viable dags retrieved from /opt/airflow/dags/create_star_schema_part_1.py
[2023-12-20T17:58:51.932+0000] {processor.py:179} INFO - Processing /opt/airflow/dags/create_star_schema_part_1.py took 0.016 seconds
[2023-12-20T17:59:22.384+0000] {processor.py:157} INFO - Started process (PID=1064) to work on /opt/airflow/dags/create_star_schema_part_1.py
[2023-12-20T17:59:22.385+0000] {processor.py:829} INFO - Processing file /opt/airflow/dags/create_star_schema_part_1.py for tasks to queue
[2023-12-20T17:59:22.385+0000] {logging_mixin.py:154} INFO - [2023-12-20T17:59:22.385+0000] {dagbag.py:536} INFO - Filling up the DagBag from /opt/airflow/dags/create_star_schema_part_1.py
[2023-12-20T17:59:22.389+0000] {processor.py:841} WARNING - No viable dags retrieved from /opt/airflow/dags/create_star_schema_part_1.py
[2023-12-20T17:59:22.398+0000] {processor.py:179} INFO - Processing /opt/airflow/dags/create_star_schema_part_1.py took 0.017 seconds
[2023-12-20T17:59:52.805+0000] {processor.py:157} INFO - Started process (PID=1120) to work on /opt/airflow/dags/create_star_schema_part_1.py
[2023-12-20T17:59:52.806+0000] {processor.py:829} INFO - Processing file /opt/airflow/dags/create_star_schema_part_1.py for tasks to queue
[2023-12-20T17:59:52.807+0000] {logging_mixin.py:154} INFO - [2023-12-20T17:59:52.806+0000] {dagbag.py:536} INFO - Filling up the DagBag from /opt/airflow/dags/create_star_schema_part_1.py
[2023-12-20T17:59:52.810+0000] {processor.py:841} WARNING - No viable dags retrieved from /opt/airflow/dags/create_star_schema_part_1.py
[2023-12-20T17:59:52.820+0000] {processor.py:179} INFO - Processing /opt/airflow/dags/create_star_schema_part_1.py took 0.017 seconds
[2023-12-20T18:00:23.293+0000] {processor.py:157} INFO - Started process (PID=1173) to work on /opt/airflow/dags/create_star_schema_part_1.py
[2023-12-20T18:00:23.294+0000] {processor.py:829} INFO - Processing file /opt/airflow/dags/create_star_schema_part_1.py for tasks to queue
[2023-12-20T18:00:23.294+0000] {logging_mixin.py:154} INFO - [2023-12-20T18:00:23.294+0000] {dagbag.py:536} INFO - Filling up the DagBag from /opt/airflow/dags/create_star_schema_part_1.py
[2023-12-20T18:00:23.298+0000] {processor.py:841} WARNING - No viable dags retrieved from /opt/airflow/dags/create_star_schema_part_1.py
[2023-12-20T18:00:23.307+0000] {processor.py:179} INFO - Processing /opt/airflow/dags/create_star_schema_part_1.py took 0.016 seconds
[2023-12-20T18:00:53.850+0000] {processor.py:157} INFO - Started process (PID=1226) to work on /opt/airflow/dags/create_star_schema_part_1.py
[2023-12-20T18:00:53.850+0000] {processor.py:829} INFO - Processing file /opt/airflow/dags/create_star_schema_part_1.py for tasks to queue
[2023-12-20T18:00:53.851+0000] {logging_mixin.py:154} INFO - [2023-12-20T18:00:53.850+0000] {dagbag.py:536} INFO - Filling up the DagBag from /opt/airflow/dags/create_star_schema_part_1.py
[2023-12-20T18:00:53.854+0000] {processor.py:841} WARNING - No viable dags retrieved from /opt/airflow/dags/create_star_schema_part_1.py
[2023-12-20T18:00:53.863+0000] {processor.py:179} INFO - Processing /opt/airflow/dags/create_star_schema_part_1.py took 0.015 seconds
[2023-12-20T18:01:24.384+0000] {processor.py:157} INFO - Started process (PID=1279) to work on /opt/airflow/dags/create_star_schema_part_1.py
[2023-12-20T18:01:24.385+0000] {processor.py:829} INFO - Processing file /opt/airflow/dags/create_star_schema_part_1.py for tasks to queue
[2023-12-20T18:01:24.386+0000] {logging_mixin.py:154} INFO - [2023-12-20T18:01:24.385+0000] {dagbag.py:536} INFO - Filling up the DagBag from /opt/airflow/dags/create_star_schema_part_1.py
[2023-12-20T18:01:24.389+0000] {processor.py:841} WARNING - No viable dags retrieved from /opt/airflow/dags/create_star_schema_part_1.py
[2023-12-20T18:01:24.399+0000] {processor.py:179} INFO - Processing /opt/airflow/dags/create_star_schema_part_1.py took 0.016 seconds
[2023-12-20T18:01:54.802+0000] {processor.py:157} INFO - Started process (PID=1335) to work on /opt/airflow/dags/create_star_schema_part_1.py
[2023-12-20T18:01:54.803+0000] {processor.py:829} INFO - Processing file /opt/airflow/dags/create_star_schema_part_1.py for tasks to queue
[2023-12-20T18:01:54.803+0000] {logging_mixin.py:154} INFO - [2023-12-20T18:01:54.803+0000] {dagbag.py:536} INFO - Filling up the DagBag from /opt/airflow/dags/create_star_schema_part_1.py
[2023-12-20T18:01:54.807+0000] {processor.py:841} WARNING - No viable dags retrieved from /opt/airflow/dags/create_star_schema_part_1.py
[2023-12-20T18:01:54.817+0000] {processor.py:179} INFO - Processing /opt/airflow/dags/create_star_schema_part_1.py took 0.017 seconds
[2023-12-20T18:02:25.235+0000] {processor.py:157} INFO - Started process (PID=1388) to work on /opt/airflow/dags/create_star_schema_part_1.py
[2023-12-20T18:02:25.236+0000] {processor.py:829} INFO - Processing file /opt/airflow/dags/create_star_schema_part_1.py for tasks to queue
[2023-12-20T18:02:25.236+0000] {logging_mixin.py:154} INFO - [2023-12-20T18:02:25.236+0000] {dagbag.py:536} INFO - Filling up the DagBag from /opt/airflow/dags/create_star_schema_part_1.py
[2023-12-20T18:02:25.240+0000] {processor.py:841} WARNING - No viable dags retrieved from /opt/airflow/dags/create_star_schema_part_1.py
[2023-12-20T18:02:25.249+0000] {processor.py:179} INFO - Processing /opt/airflow/dags/create_star_schema_part_1.py took 0.016 seconds
[2023-12-20T18:02:55.657+0000] {processor.py:157} INFO - Started process (PID=1450) to work on /opt/airflow/dags/create_star_schema_part_1.py
[2023-12-20T18:02:55.658+0000] {processor.py:829} INFO - Processing file /opt/airflow/dags/create_star_schema_part_1.py for tasks to queue
[2023-12-20T18:02:55.658+0000] {logging_mixin.py:154} INFO - [2023-12-20T18:02:55.658+0000] {dagbag.py:536} INFO - Filling up the DagBag from /opt/airflow/dags/create_star_schema_part_1.py
[2023-12-20T18:02:55.662+0000] {processor.py:841} WARNING - No viable dags retrieved from /opt/airflow/dags/create_star_schema_part_1.py
[2023-12-20T18:02:55.672+0000] {processor.py:179} INFO - Processing /opt/airflow/dags/create_star_schema_part_1.py took 0.017 seconds
[2023-12-20T18:03:26.153+0000] {processor.py:157} INFO - Started process (PID=1503) to work on /opt/airflow/dags/create_star_schema_part_1.py
[2023-12-20T18:03:26.153+0000] {processor.py:829} INFO - Processing file /opt/airflow/dags/create_star_schema_part_1.py for tasks to queue
[2023-12-20T18:03:26.154+0000] {logging_mixin.py:154} INFO - [2023-12-20T18:03:26.154+0000] {dagbag.py:536} INFO - Filling up the DagBag from /opt/airflow/dags/create_star_schema_part_1.py
[2023-12-20T18:03:26.157+0000] {processor.py:841} WARNING - No viable dags retrieved from /opt/airflow/dags/create_star_schema_part_1.py
[2023-12-20T18:03:26.168+0000] {processor.py:179} INFO - Processing /opt/airflow/dags/create_star_schema_part_1.py took 0.017 seconds
[2023-12-20T18:03:56.574+0000] {processor.py:157} INFO - Started process (PID=1568) to work on /opt/airflow/dags/create_star_schema_part_1.py
[2023-12-20T18:03:56.575+0000] {processor.py:829} INFO - Processing file /opt/airflow/dags/create_star_schema_part_1.py for tasks to queue
[2023-12-20T18:03:56.576+0000] {logging_mixin.py:154} INFO - [2023-12-20T18:03:56.575+0000] {dagbag.py:536} INFO - Filling up the DagBag from /opt/airflow/dags/create_star_schema_part_1.py
[2023-12-20T18:03:56.579+0000] {processor.py:841} WARNING - No viable dags retrieved from /opt/airflow/dags/create_star_schema_part_1.py
[2023-12-20T18:03:56.588+0000] {processor.py:179} INFO - Processing /opt/airflow/dags/create_star_schema_part_1.py took 0.015 seconds
[2023-12-20T18:04:27.126+0000] {processor.py:157} INFO - Started process (PID=1621) to work on /opt/airflow/dags/create_star_schema_part_1.py
[2023-12-20T18:04:27.127+0000] {processor.py:829} INFO - Processing file /opt/airflow/dags/create_star_schema_part_1.py for tasks to queue
[2023-12-20T18:04:27.127+0000] {logging_mixin.py:154} INFO - [2023-12-20T18:04:27.127+0000] {dagbag.py:536} INFO - Filling up the DagBag from /opt/airflow/dags/create_star_schema_part_1.py
[2023-12-20T18:04:27.131+0000] {processor.py:841} WARNING - No viable dags retrieved from /opt/airflow/dags/create_star_schema_part_1.py
[2023-12-20T18:04:27.140+0000] {processor.py:179} INFO - Processing /opt/airflow/dags/create_star_schema_part_1.py took 0.016 seconds
[2023-12-20T18:04:57.605+0000] {processor.py:157} INFO - Started process (PID=1692) to work on /opt/airflow/dags/create_star_schema_part_1.py
[2023-12-20T18:04:57.606+0000] {processor.py:829} INFO - Processing file /opt/airflow/dags/create_star_schema_part_1.py for tasks to queue
[2023-12-20T18:04:57.607+0000] {logging_mixin.py:154} INFO - [2023-12-20T18:04:57.607+0000] {dagbag.py:536} INFO - Filling up the DagBag from /opt/airflow/dags/create_star_schema_part_1.py
[2023-12-20T18:04:57.610+0000] {processor.py:841} WARNING - No viable dags retrieved from /opt/airflow/dags/create_star_schema_part_1.py
[2023-12-20T18:04:57.619+0000] {processor.py:179} INFO - Processing /opt/airflow/dags/create_star_schema_part_1.py took 0.015 seconds
[2023-12-20T18:05:28.160+0000] {processor.py:157} INFO - Started process (PID=1745) to work on /opt/airflow/dags/create_star_schema_part_1.py
[2023-12-20T18:05:28.161+0000] {processor.py:829} INFO - Processing file /opt/airflow/dags/create_star_schema_part_1.py for tasks to queue
[2023-12-20T18:05:28.161+0000] {logging_mixin.py:154} INFO - [2023-12-20T18:05:28.161+0000] {dagbag.py:536} INFO - Filling up the DagBag from /opt/airflow/dags/create_star_schema_part_1.py
[2023-12-20T18:05:28.165+0000] {processor.py:841} WARNING - No viable dags retrieved from /opt/airflow/dags/create_star_schema_part_1.py
[2023-12-20T18:05:28.173+0000] {processor.py:179} INFO - Processing /opt/airflow/dags/create_star_schema_part_1.py took 0.015 seconds
[2023-12-20T18:05:58.653+0000] {processor.py:157} INFO - Started process (PID=1819) to work on /opt/airflow/dags/create_star_schema_part_1.py
[2023-12-20T18:05:58.654+0000] {processor.py:829} INFO - Processing file /opt/airflow/dags/create_star_schema_part_1.py for tasks to queue
[2023-12-20T18:05:58.654+0000] {logging_mixin.py:154} INFO - [2023-12-20T18:05:58.654+0000] {dagbag.py:536} INFO - Filling up the DagBag from /opt/airflow/dags/create_star_schema_part_1.py
[2023-12-20T18:05:58.658+0000] {processor.py:841} WARNING - No viable dags retrieved from /opt/airflow/dags/create_star_schema_part_1.py
[2023-12-20T18:05:58.667+0000] {processor.py:179} INFO - Processing /opt/airflow/dags/create_star_schema_part_1.py took 0.016 seconds
[2023-12-20T18:06:29.138+0000] {processor.py:157} INFO - Started process (PID=1872) to work on /opt/airflow/dags/create_star_schema_part_1.py
[2023-12-20T18:06:29.139+0000] {processor.py:829} INFO - Processing file /opt/airflow/dags/create_star_schema_part_1.py for tasks to queue
[2023-12-20T18:06:29.139+0000] {logging_mixin.py:154} INFO - [2023-12-20T18:06:29.139+0000] {dagbag.py:536} INFO - Filling up the DagBag from /opt/airflow/dags/create_star_schema_part_1.py
[2023-12-20T18:06:29.143+0000] {processor.py:841} WARNING - No viable dags retrieved from /opt/airflow/dags/create_star_schema_part_1.py
[2023-12-20T18:06:29.152+0000] {processor.py:179} INFO - Processing /opt/airflow/dags/create_star_schema_part_1.py took 0.016 seconds
[2023-12-20T18:06:59.614+0000] {processor.py:157} INFO - Started process (PID=1946) to work on /opt/airflow/dags/create_star_schema_part_1.py
[2023-12-20T18:06:59.614+0000] {processor.py:829} INFO - Processing file /opt/airflow/dags/create_star_schema_part_1.py for tasks to queue
[2023-12-20T18:06:59.615+0000] {logging_mixin.py:154} INFO - [2023-12-20T18:06:59.615+0000] {dagbag.py:536} INFO - Filling up the DagBag from /opt/airflow/dags/create_star_schema_part_1.py
[2023-12-20T18:06:59.618+0000] {processor.py:841} WARNING - No viable dags retrieved from /opt/airflow/dags/create_star_schema_part_1.py
[2023-12-20T18:06:59.627+0000] {processor.py:179} INFO - Processing /opt/airflow/dags/create_star_schema_part_1.py took 0.015 seconds
[2023-12-20T18:07:30.103+0000] {processor.py:157} INFO - Started process (PID=1999) to work on /opt/airflow/dags/create_star_schema_part_1.py
[2023-12-20T18:07:30.103+0000] {processor.py:829} INFO - Processing file /opt/airflow/dags/create_star_schema_part_1.py for tasks to queue
[2023-12-20T18:07:30.104+0000] {logging_mixin.py:154} INFO - [2023-12-20T18:07:30.104+0000] {dagbag.py:536} INFO - Filling up the DagBag from /opt/airflow/dags/create_star_schema_part_1.py
[2023-12-20T18:07:30.108+0000] {processor.py:841} WARNING - No viable dags retrieved from /opt/airflow/dags/create_star_schema_part_1.py
[2023-12-20T18:07:30.117+0000] {processor.py:179} INFO - Processing /opt/airflow/dags/create_star_schema_part_1.py took 0.016 seconds
[2023-12-20T18:08:00.612+0000] {processor.py:157} INFO - Started process (PID=2073) to work on /opt/airflow/dags/create_star_schema_part_1.py
[2023-12-20T18:08:00.613+0000] {processor.py:829} INFO - Processing file /opt/airflow/dags/create_star_schema_part_1.py for tasks to queue
[2023-12-20T18:08:00.613+0000] {logging_mixin.py:154} INFO - [2023-12-20T18:08:00.613+0000] {dagbag.py:536} INFO - Filling up the DagBag from /opt/airflow/dags/create_star_schema_part_1.py
[2023-12-20T18:08:00.617+0000] {processor.py:841} WARNING - No viable dags retrieved from /opt/airflow/dags/create_star_schema_part_1.py
[2023-12-20T18:08:00.626+0000] {processor.py:179} INFO - Processing /opt/airflow/dags/create_star_schema_part_1.py took 0.016 seconds
[2023-12-20T18:08:31.202+0000] {processor.py:157} INFO - Started process (PID=2126) to work on /opt/airflow/dags/create_star_schema_part_1.py
[2023-12-20T18:08:31.203+0000] {processor.py:829} INFO - Processing file /opt/airflow/dags/create_star_schema_part_1.py for tasks to queue
[2023-12-20T18:08:31.203+0000] {logging_mixin.py:154} INFO - [2023-12-20T18:08:31.203+0000] {dagbag.py:536} INFO - Filling up the DagBag from /opt/airflow/dags/create_star_schema_part_1.py
[2023-12-20T18:08:31.206+0000] {processor.py:841} WARNING - No viable dags retrieved from /opt/airflow/dags/create_star_schema_part_1.py
[2023-12-20T18:08:31.215+0000] {processor.py:179} INFO - Processing /opt/airflow/dags/create_star_schema_part_1.py took 0.015 seconds
[2023-12-20T18:09:01.766+0000] {processor.py:157} INFO - Started process (PID=2179) to work on /opt/airflow/dags/create_star_schema_part_1.py
[2023-12-20T18:09:01.766+0000] {processor.py:829} INFO - Processing file /opt/airflow/dags/create_star_schema_part_1.py for tasks to queue
[2023-12-20T18:09:01.767+0000] {logging_mixin.py:154} INFO - [2023-12-20T18:09:01.766+0000] {dagbag.py:536} INFO - Filling up the DagBag from /opt/airflow/dags/create_star_schema_part_1.py
[2023-12-20T18:09:01.770+0000] {processor.py:841} WARNING - No viable dags retrieved from /opt/airflow/dags/create_star_schema_part_1.py
[2023-12-20T18:09:01.779+0000] {processor.py:179} INFO - Processing /opt/airflow/dags/create_star_schema_part_1.py took 0.015 seconds
[2023-12-20T18:09:32.282+0000] {processor.py:157} INFO - Started process (PID=2232) to work on /opt/airflow/dags/create_star_schema_part_1.py
[2023-12-20T18:09:32.283+0000] {processor.py:829} INFO - Processing file /opt/airflow/dags/create_star_schema_part_1.py for tasks to queue
[2023-12-20T18:09:32.283+0000] {logging_mixin.py:154} INFO - [2023-12-20T18:09:32.283+0000] {dagbag.py:536} INFO - Filling up the DagBag from /opt/airflow/dags/create_star_schema_part_1.py
[2023-12-20T18:09:32.287+0000] {processor.py:841} WARNING - No viable dags retrieved from /opt/airflow/dags/create_star_schema_part_1.py
[2023-12-20T18:09:32.296+0000] {processor.py:179} INFO - Processing /opt/airflow/dags/create_star_schema_part_1.py took 0.015 seconds
[2023-12-20T18:10:02.814+0000] {processor.py:157} INFO - Started process (PID=2285) to work on /opt/airflow/dags/create_star_schema_part_1.py
[2023-12-20T18:10:02.815+0000] {processor.py:829} INFO - Processing file /opt/airflow/dags/create_star_schema_part_1.py for tasks to queue
[2023-12-20T18:10:02.815+0000] {logging_mixin.py:154} INFO - [2023-12-20T18:10:02.815+0000] {dagbag.py:536} INFO - Filling up the DagBag from /opt/airflow/dags/create_star_schema_part_1.py
[2023-12-20T18:10:02.819+0000] {processor.py:841} WARNING - No viable dags retrieved from /opt/airflow/dags/create_star_schema_part_1.py
[2023-12-20T18:10:02.828+0000] {processor.py:179} INFO - Processing /opt/airflow/dags/create_star_schema_part_1.py took 0.016 seconds
[2023-12-20T18:10:33.301+0000] {processor.py:157} INFO - Started process (PID=2338) to work on /opt/airflow/dags/create_star_schema_part_1.py
[2023-12-20T18:10:33.302+0000] {processor.py:829} INFO - Processing file /opt/airflow/dags/create_star_schema_part_1.py for tasks to queue
[2023-12-20T18:10:33.302+0000] {logging_mixin.py:154} INFO - [2023-12-20T18:10:33.302+0000] {dagbag.py:536} INFO - Filling up the DagBag from /opt/airflow/dags/create_star_schema_part_1.py
[2023-12-20T18:10:33.306+0000] {processor.py:841} WARNING - No viable dags retrieved from /opt/airflow/dags/create_star_schema_part_1.py
[2023-12-20T18:10:33.316+0000] {processor.py:179} INFO - Processing /opt/airflow/dags/create_star_schema_part_1.py took 0.016 seconds
