[2023-12-20T02:44:58.517+0000] {processor.py:157} INFO - Started process (PID=557) to work on /opt/airflow/dags/create_star_schema_part_2.py
[2023-12-20T02:44:58.518+0000] {processor.py:829} INFO - Processing file /opt/airflow/dags/create_star_schema_part_2.py for tasks to queue
[2023-12-20T02:44:58.519+0000] {logging_mixin.py:154} INFO - [2023-12-20T02:44:58.519+0000] {dagbag.py:536} INFO - Filling up the DagBag from /opt/airflow/dags/create_star_schema_part_2.py
[2023-12-20T02:44:58.526+0000] {processor.py:841} WARNING - No viable dags retrieved from /opt/airflow/dags/create_star_schema_part_2.py
[2023-12-20T02:44:58.540+0000] {processor.py:179} INFO - Processing /opt/airflow/dags/create_star_schema_part_2.py took 0.029 seconds
[2023-12-20T02:45:28.963+0000] {processor.py:157} INFO - Started process (PID=617) to work on /opt/airflow/dags/create_star_schema_part_2.py
[2023-12-20T02:45:28.964+0000] {processor.py:829} INFO - Processing file /opt/airflow/dags/create_star_schema_part_2.py for tasks to queue
[2023-12-20T02:45:28.965+0000] {logging_mixin.py:154} INFO - [2023-12-20T02:45:28.965+0000] {dagbag.py:536} INFO - Filling up the DagBag from /opt/airflow/dags/create_star_schema_part_2.py
[2023-12-20T02:45:28.971+0000] {processor.py:841} WARNING - No viable dags retrieved from /opt/airflow/dags/create_star_schema_part_2.py
[2023-12-20T02:45:28.983+0000] {processor.py:179} INFO - Processing /opt/airflow/dags/create_star_schema_part_2.py took 0.023 seconds
[2023-12-20T02:45:59.494+0000] {processor.py:157} INFO - Started process (PID=670) to work on /opt/airflow/dags/create_star_schema_part_2.py
[2023-12-20T02:45:59.496+0000] {processor.py:829} INFO - Processing file /opt/airflow/dags/create_star_schema_part_2.py for tasks to queue
[2023-12-20T02:45:59.497+0000] {logging_mixin.py:154} INFO - [2023-12-20T02:45:59.497+0000] {dagbag.py:536} INFO - Filling up the DagBag from /opt/airflow/dags/create_star_schema_part_2.py
[2023-12-20T02:45:59.507+0000] {processor.py:841} WARNING - No viable dags retrieved from /opt/airflow/dags/create_star_schema_part_2.py
[2023-12-20T02:45:59.524+0000] {processor.py:179} INFO - Processing /opt/airflow/dags/create_star_schema_part_2.py took 0.036 seconds
[2023-12-20T02:46:30.028+0000] {processor.py:157} INFO - Started process (PID=729) to work on /opt/airflow/dags/create_star_schema_part_2.py
[2023-12-20T02:46:30.029+0000] {processor.py:829} INFO - Processing file /opt/airflow/dags/create_star_schema_part_2.py for tasks to queue
[2023-12-20T02:46:30.030+0000] {logging_mixin.py:154} INFO - [2023-12-20T02:46:30.030+0000] {dagbag.py:536} INFO - Filling up the DagBag from /opt/airflow/dags/create_star_schema_part_2.py
[2023-12-20T02:46:30.040+0000] {processor.py:841} WARNING - No viable dags retrieved from /opt/airflow/dags/create_star_schema_part_2.py
[2023-12-20T02:46:30.056+0000] {processor.py:179} INFO - Processing /opt/airflow/dags/create_star_schema_part_2.py took 0.034 seconds
[2023-12-20T02:47:00.550+0000] {processor.py:157} INFO - Started process (PID=791) to work on /opt/airflow/dags/create_star_schema_part_2.py
[2023-12-20T02:47:00.552+0000] {processor.py:829} INFO - Processing file /opt/airflow/dags/create_star_schema_part_2.py for tasks to queue
[2023-12-20T02:47:00.553+0000] {logging_mixin.py:154} INFO - [2023-12-20T02:47:00.553+0000] {dagbag.py:536} INFO - Filling up the DagBag from /opt/airflow/dags/create_star_schema_part_2.py
[2023-12-20T02:47:00.562+0000] {processor.py:841} WARNING - No viable dags retrieved from /opt/airflow/dags/create_star_schema_part_2.py
[2023-12-20T02:47:00.577+0000] {processor.py:179} INFO - Processing /opt/airflow/dags/create_star_schema_part_2.py took 0.032 seconds
[2023-12-20T02:47:31.408+0000] {processor.py:157} INFO - Started process (PID=850) to work on /opt/airflow/dags/create_star_schema_part_2.py
[2023-12-20T02:47:31.410+0000] {processor.py:829} INFO - Processing file /opt/airflow/dags/create_star_schema_part_2.py for tasks to queue
[2023-12-20T02:47:31.411+0000] {logging_mixin.py:154} INFO - [2023-12-20T02:47:31.411+0000] {dagbag.py:536} INFO - Filling up the DagBag from /opt/airflow/dags/create_star_schema_part_2.py
[2023-12-20T02:47:31.421+0000] {processor.py:841} WARNING - No viable dags retrieved from /opt/airflow/dags/create_star_schema_part_2.py
[2023-12-20T02:47:31.440+0000] {processor.py:179} INFO - Processing /opt/airflow/dags/create_star_schema_part_2.py took 0.036 seconds
[2023-12-20T02:48:02.214+0000] {processor.py:157} INFO - Started process (PID=903) to work on /opt/airflow/dags/create_star_schema_part_2.py
[2023-12-20T02:48:02.216+0000] {processor.py:829} INFO - Processing file /opt/airflow/dags/create_star_schema_part_2.py for tasks to queue
[2023-12-20T02:48:02.217+0000] {logging_mixin.py:154} INFO - [2023-12-20T02:48:02.216+0000] {dagbag.py:536} INFO - Filling up the DagBag from /opt/airflow/dags/create_star_schema_part_2.py
[2023-12-20T02:48:02.223+0000] {processor.py:841} WARNING - No viable dags retrieved from /opt/airflow/dags/create_star_schema_part_2.py
[2023-12-20T02:48:02.243+0000] {processor.py:179} INFO - Processing /opt/airflow/dags/create_star_schema_part_2.py took 0.033 seconds
[2023-12-20T02:48:32.700+0000] {processor.py:157} INFO - Started process (PID=956) to work on /opt/airflow/dags/create_star_schema_part_2.py
[2023-12-20T02:48:32.702+0000] {processor.py:829} INFO - Processing file /opt/airflow/dags/create_star_schema_part_2.py for tasks to queue
[2023-12-20T02:48:32.703+0000] {logging_mixin.py:154} INFO - [2023-12-20T02:48:32.703+0000] {dagbag.py:536} INFO - Filling up the DagBag from /opt/airflow/dags/create_star_schema_part_2.py
[2023-12-20T02:48:32.711+0000] {processor.py:841} WARNING - No viable dags retrieved from /opt/airflow/dags/create_star_schema_part_2.py
[2023-12-20T02:48:32.730+0000] {processor.py:179} INFO - Processing /opt/airflow/dags/create_star_schema_part_2.py took 0.035 seconds
[2023-12-20T02:49:03.135+0000] {processor.py:157} INFO - Started process (PID=1012) to work on /opt/airflow/dags/create_star_schema_part_2.py
[2023-12-20T02:49:03.136+0000] {processor.py:829} INFO - Processing file /opt/airflow/dags/create_star_schema_part_2.py for tasks to queue
[2023-12-20T02:49:03.137+0000] {logging_mixin.py:154} INFO - [2023-12-20T02:49:03.137+0000] {dagbag.py:536} INFO - Filling up the DagBag from /opt/airflow/dags/create_star_schema_part_2.py
[2023-12-20T02:49:03.143+0000] {processor.py:841} WARNING - No viable dags retrieved from /opt/airflow/dags/create_star_schema_part_2.py
[2023-12-20T02:49:03.157+0000] {processor.py:179} INFO - Processing /opt/airflow/dags/create_star_schema_part_2.py took 0.025 seconds
[2023-12-20T02:49:33.689+0000] {processor.py:157} INFO - Started process (PID=1065) to work on /opt/airflow/dags/create_star_schema_part_2.py
[2023-12-20T02:49:33.691+0000] {processor.py:829} INFO - Processing file /opt/airflow/dags/create_star_schema_part_2.py for tasks to queue
[2023-12-20T02:49:33.692+0000] {logging_mixin.py:154} INFO - [2023-12-20T02:49:33.692+0000] {dagbag.py:536} INFO - Filling up the DagBag from /opt/airflow/dags/create_star_schema_part_2.py
[2023-12-20T02:49:33.701+0000] {processor.py:841} WARNING - No viable dags retrieved from /opt/airflow/dags/create_star_schema_part_2.py
[2023-12-20T02:49:33.717+0000] {processor.py:179} INFO - Processing /opt/airflow/dags/create_star_schema_part_2.py took 0.034 seconds
[2023-12-20T02:50:04.239+0000] {processor.py:157} INFO - Started process (PID=1130) to work on /opt/airflow/dags/create_star_schema_part_2.py
[2023-12-20T02:50:04.240+0000] {processor.py:829} INFO - Processing file /opt/airflow/dags/create_star_schema_part_2.py for tasks to queue
[2023-12-20T02:50:04.241+0000] {logging_mixin.py:154} INFO - [2023-12-20T02:50:04.241+0000] {dagbag.py:536} INFO - Filling up the DagBag from /opt/airflow/dags/create_star_schema_part_2.py
[2023-12-20T02:50:04.251+0000] {processor.py:841} WARNING - No viable dags retrieved from /opt/airflow/dags/create_star_schema_part_2.py
[2023-12-20T02:50:04.267+0000] {processor.py:179} INFO - Processing /opt/airflow/dags/create_star_schema_part_2.py took 0.035 seconds
[2023-12-20T02:50:34.751+0000] {processor.py:157} INFO - Started process (PID=1183) to work on /opt/airflow/dags/create_star_schema_part_2.py
[2023-12-20T02:50:34.752+0000] {processor.py:829} INFO - Processing file /opt/airflow/dags/create_star_schema_part_2.py for tasks to queue
[2023-12-20T02:50:34.753+0000] {logging_mixin.py:154} INFO - [2023-12-20T02:50:34.753+0000] {dagbag.py:536} INFO - Filling up the DagBag from /opt/airflow/dags/create_star_schema_part_2.py
[2023-12-20T02:50:34.760+0000] {processor.py:841} WARNING - No viable dags retrieved from /opt/airflow/dags/create_star_schema_part_2.py
[2023-12-20T02:50:34.774+0000] {processor.py:179} INFO - Processing /opt/airflow/dags/create_star_schema_part_2.py took 0.027 seconds
[2023-12-20T02:51:05.255+0000] {processor.py:157} INFO - Started process (PID=1257) to work on /opt/airflow/dags/create_star_schema_part_2.py
[2023-12-20T02:51:05.257+0000] {processor.py:829} INFO - Processing file /opt/airflow/dags/create_star_schema_part_2.py for tasks to queue
[2023-12-20T02:51:05.258+0000] {logging_mixin.py:154} INFO - [2023-12-20T02:51:05.258+0000] {dagbag.py:536} INFO - Filling up the DagBag from /opt/airflow/dags/create_star_schema_part_2.py
[2023-12-20T02:51:05.268+0000] {processor.py:841} WARNING - No viable dags retrieved from /opt/airflow/dags/create_star_schema_part_2.py
[2023-12-20T02:51:05.285+0000] {processor.py:179} INFO - Processing /opt/airflow/dags/create_star_schema_part_2.py took 0.035 seconds
[2023-12-20T02:51:35.773+0000] {processor.py:157} INFO - Started process (PID=1310) to work on /opt/airflow/dags/create_star_schema_part_2.py
[2023-12-20T02:51:35.774+0000] {processor.py:829} INFO - Processing file /opt/airflow/dags/create_star_schema_part_2.py for tasks to queue
[2023-12-20T02:51:35.775+0000] {logging_mixin.py:154} INFO - [2023-12-20T02:51:35.775+0000] {dagbag.py:536} INFO - Filling up the DagBag from /opt/airflow/dags/create_star_schema_part_2.py
[2023-12-20T02:51:35.784+0000] {processor.py:841} WARNING - No viable dags retrieved from /opt/airflow/dags/create_star_schema_part_2.py
[2023-12-20T02:51:35.800+0000] {processor.py:179} INFO - Processing /opt/airflow/dags/create_star_schema_part_2.py took 0.032 seconds
[2023-12-20T02:52:06.269+0000] {processor.py:157} INFO - Started process (PID=1363) to work on /opt/airflow/dags/create_star_schema_part_2.py
[2023-12-20T02:52:06.270+0000] {processor.py:829} INFO - Processing file /opt/airflow/dags/create_star_schema_part_2.py for tasks to queue
[2023-12-20T02:52:06.271+0000] {logging_mixin.py:154} INFO - [2023-12-20T02:52:06.271+0000] {dagbag.py:536} INFO - Filling up the DagBag from /opt/airflow/dags/create_star_schema_part_2.py
[2023-12-20T02:52:06.279+0000] {processor.py:841} WARNING - No viable dags retrieved from /opt/airflow/dags/create_star_schema_part_2.py
[2023-12-20T02:52:06.293+0000] {processor.py:179} INFO - Processing /opt/airflow/dags/create_star_schema_part_2.py took 0.032 seconds
[2023-12-20T02:52:36.845+0000] {processor.py:157} INFO - Started process (PID=1416) to work on /opt/airflow/dags/create_star_schema_part_2.py
[2023-12-20T02:52:36.847+0000] {processor.py:829} INFO - Processing file /opt/airflow/dags/create_star_schema_part_2.py for tasks to queue
[2023-12-20T02:52:36.849+0000] {logging_mixin.py:154} INFO - [2023-12-20T02:52:36.848+0000] {dagbag.py:536} INFO - Filling up the DagBag from /opt/airflow/dags/create_star_schema_part_2.py
[2023-12-20T02:52:36.858+0000] {processor.py:841} WARNING - No viable dags retrieved from /opt/airflow/dags/create_star_schema_part_2.py
[2023-12-20T02:52:36.874+0000] {processor.py:179} INFO - Processing /opt/airflow/dags/create_star_schema_part_2.py took 0.034 seconds
[2023-12-20T02:53:07.368+0000] {processor.py:157} INFO - Started process (PID=1487) to work on /opt/airflow/dags/create_star_schema_part_2.py
[2023-12-20T02:53:07.369+0000] {processor.py:829} INFO - Processing file /opt/airflow/dags/create_star_schema_part_2.py for tasks to queue
[2023-12-20T02:53:07.370+0000] {logging_mixin.py:154} INFO - [2023-12-20T02:53:07.370+0000] {dagbag.py:536} INFO - Filling up the DagBag from /opt/airflow/dags/create_star_schema_part_2.py
[2023-12-20T02:53:07.376+0000] {processor.py:841} WARNING - No viable dags retrieved from /opt/airflow/dags/create_star_schema_part_2.py
[2023-12-20T02:53:07.390+0000] {processor.py:179} INFO - Processing /opt/airflow/dags/create_star_schema_part_2.py took 0.026 seconds
[2023-12-20T02:53:37.851+0000] {processor.py:157} INFO - Started process (PID=1540) to work on /opt/airflow/dags/create_star_schema_part_2.py
[2023-12-20T02:53:37.852+0000] {processor.py:829} INFO - Processing file /opt/airflow/dags/create_star_schema_part_2.py for tasks to queue
[2023-12-20T02:53:37.853+0000] {logging_mixin.py:154} INFO - [2023-12-20T02:53:37.852+0000] {dagbag.py:536} INFO - Filling up the DagBag from /opt/airflow/dags/create_star_schema_part_2.py
[2023-12-20T02:53:37.858+0000] {processor.py:841} WARNING - No viable dags retrieved from /opt/airflow/dags/create_star_schema_part_2.py
[2023-12-20T02:53:37.869+0000] {processor.py:179} INFO - Processing /opt/airflow/dags/create_star_schema_part_2.py took 0.022 seconds
[2023-12-20T02:54:08.272+0000] {processor.py:157} INFO - Started process (PID=1599) to work on /opt/airflow/dags/create_star_schema_part_2.py
[2023-12-20T02:54:08.273+0000] {processor.py:829} INFO - Processing file /opt/airflow/dags/create_star_schema_part_2.py for tasks to queue
[2023-12-20T02:54:08.273+0000] {logging_mixin.py:154} INFO - [2023-12-20T02:54:08.273+0000] {dagbag.py:536} INFO - Filling up the DagBag from /opt/airflow/dags/create_star_schema_part_2.py
[2023-12-20T02:54:08.278+0000] {processor.py:841} WARNING - No viable dags retrieved from /opt/airflow/dags/create_star_schema_part_2.py
[2023-12-20T02:54:08.291+0000] {processor.py:179} INFO - Processing /opt/airflow/dags/create_star_schema_part_2.py took 0.022 seconds
[2023-12-20T02:54:38.697+0000] {processor.py:157} INFO - Started process (PID=1652) to work on /opt/airflow/dags/create_star_schema_part_2.py
[2023-12-20T02:54:38.698+0000] {processor.py:829} INFO - Processing file /opt/airflow/dags/create_star_schema_part_2.py for tasks to queue
[2023-12-20T02:54:38.699+0000] {logging_mixin.py:154} INFO - [2023-12-20T02:54:38.699+0000] {dagbag.py:536} INFO - Filling up the DagBag from /opt/airflow/dags/create_star_schema_part_2.py
[2023-12-20T02:54:38.705+0000] {processor.py:841} WARNING - No viable dags retrieved from /opt/airflow/dags/create_star_schema_part_2.py
[2023-12-20T02:54:38.718+0000] {processor.py:179} INFO - Processing /opt/airflow/dags/create_star_schema_part_2.py took 0.025 seconds
[2023-12-20T02:55:09.220+0000] {processor.py:157} INFO - Started process (PID=1723) to work on /opt/airflow/dags/create_star_schema_part_2.py
[2023-12-20T02:55:09.221+0000] {processor.py:829} INFO - Processing file /opt/airflow/dags/create_star_schema_part_2.py for tasks to queue
[2023-12-20T02:55:09.223+0000] {logging_mixin.py:154} INFO - [2023-12-20T02:55:09.222+0000] {dagbag.py:536} INFO - Filling up the DagBag from /opt/airflow/dags/create_star_schema_part_2.py
[2023-12-20T02:55:09.230+0000] {processor.py:841} WARNING - No viable dags retrieved from /opt/airflow/dags/create_star_schema_part_2.py
[2023-12-20T02:55:09.245+0000] {processor.py:179} INFO - Processing /opt/airflow/dags/create_star_schema_part_2.py took 0.030 seconds
[2023-12-20T02:55:39.717+0000] {processor.py:157} INFO - Started process (PID=1776) to work on /opt/airflow/dags/create_star_schema_part_2.py
[2023-12-20T02:55:39.718+0000] {processor.py:829} INFO - Processing file /opt/airflow/dags/create_star_schema_part_2.py for tasks to queue
[2023-12-20T02:55:39.719+0000] {logging_mixin.py:154} INFO - [2023-12-20T02:55:39.719+0000] {dagbag.py:536} INFO - Filling up the DagBag from /opt/airflow/dags/create_star_schema_part_2.py
[2023-12-20T02:55:39.728+0000] {processor.py:841} WARNING - No viable dags retrieved from /opt/airflow/dags/create_star_schema_part_2.py
[2023-12-20T02:55:39.744+0000] {processor.py:179} INFO - Processing /opt/airflow/dags/create_star_schema_part_2.py took 0.032 seconds
[2023-12-20T02:56:10.217+0000] {processor.py:157} INFO - Started process (PID=1829) to work on /opt/airflow/dags/create_star_schema_part_2.py
[2023-12-20T02:56:10.218+0000] {processor.py:829} INFO - Processing file /opt/airflow/dags/create_star_schema_part_2.py for tasks to queue
[2023-12-20T02:56:10.220+0000] {logging_mixin.py:154} INFO - [2023-12-20T02:56:10.219+0000] {dagbag.py:536} INFO - Filling up the DagBag from /opt/airflow/dags/create_star_schema_part_2.py
[2023-12-20T02:56:10.228+0000] {processor.py:841} WARNING - No viable dags retrieved from /opt/airflow/dags/create_star_schema_part_2.py
[2023-12-20T02:56:10.243+0000] {processor.py:179} INFO - Processing /opt/airflow/dags/create_star_schema_part_2.py took 0.031 seconds
[2023-12-20T02:56:40.716+0000] {processor.py:157} INFO - Started process (PID=1882) to work on /opt/airflow/dags/create_star_schema_part_2.py
[2023-12-20T02:56:40.718+0000] {processor.py:829} INFO - Processing file /opt/airflow/dags/create_star_schema_part_2.py for tasks to queue
[2023-12-20T02:56:40.719+0000] {logging_mixin.py:154} INFO - [2023-12-20T02:56:40.719+0000] {dagbag.py:536} INFO - Filling up the DagBag from /opt/airflow/dags/create_star_schema_part_2.py
[2023-12-20T02:56:40.727+0000] {processor.py:841} WARNING - No viable dags retrieved from /opt/airflow/dags/create_star_schema_part_2.py
[2023-12-20T02:56:40.743+0000] {processor.py:179} INFO - Processing /opt/airflow/dags/create_star_schema_part_2.py took 0.031 seconds
[2023-12-20T02:57:11.181+0000] {processor.py:157} INFO - Started process (PID=1944) to work on /opt/airflow/dags/create_star_schema_part_2.py
[2023-12-20T02:57:11.183+0000] {processor.py:829} INFO - Processing file /opt/airflow/dags/create_star_schema_part_2.py for tasks to queue
[2023-12-20T02:57:11.184+0000] {logging_mixin.py:154} INFO - [2023-12-20T02:57:11.184+0000] {dagbag.py:536} INFO - Filling up the DagBag from /opt/airflow/dags/create_star_schema_part_2.py
[2023-12-20T02:57:11.193+0000] {processor.py:841} WARNING - No viable dags retrieved from /opt/airflow/dags/create_star_schema_part_2.py
[2023-12-20T02:57:11.209+0000] {processor.py:179} INFO - Processing /opt/airflow/dags/create_star_schema_part_2.py took 0.033 seconds
[2023-12-20T02:57:41.682+0000] {processor.py:157} INFO - Started process (PID=1997) to work on /opt/airflow/dags/create_star_schema_part_2.py
[2023-12-20T02:57:41.684+0000] {processor.py:829} INFO - Processing file /opt/airflow/dags/create_star_schema_part_2.py for tasks to queue
[2023-12-20T02:57:41.685+0000] {logging_mixin.py:154} INFO - [2023-12-20T02:57:41.685+0000] {dagbag.py:536} INFO - Filling up the DagBag from /opt/airflow/dags/create_star_schema_part_2.py
[2023-12-20T02:57:41.693+0000] {processor.py:841} WARNING - No viable dags retrieved from /opt/airflow/dags/create_star_schema_part_2.py
[2023-12-20T02:57:41.707+0000] {processor.py:179} INFO - Processing /opt/airflow/dags/create_star_schema_part_2.py took 0.030 seconds
[2023-12-20T02:58:11.945+0000] {processor.py:157} INFO - Started process (PID=2062) to work on /opt/airflow/dags/create_star_schema_part_2.py
[2023-12-20T02:58:11.947+0000] {processor.py:829} INFO - Processing file /opt/airflow/dags/create_star_schema_part_2.py for tasks to queue
[2023-12-20T02:58:11.948+0000] {logging_mixin.py:154} INFO - [2023-12-20T02:58:11.948+0000] {dagbag.py:536} INFO - Filling up the DagBag from /opt/airflow/dags/create_star_schema_part_2.py
[2023-12-20T02:58:11.956+0000] {processor.py:841} WARNING - No viable dags retrieved from /opt/airflow/dags/create_star_schema_part_2.py
[2023-12-20T02:58:11.973+0000] {processor.py:179} INFO - Processing /opt/airflow/dags/create_star_schema_part_2.py took 0.034 seconds
[2023-12-20T02:58:42.481+0000] {processor.py:157} INFO - Started process (PID=2115) to work on /opt/airflow/dags/create_star_schema_part_2.py
[2023-12-20T02:58:42.482+0000] {processor.py:829} INFO - Processing file /opt/airflow/dags/create_star_schema_part_2.py for tasks to queue
[2023-12-20T02:58:42.484+0000] {logging_mixin.py:154} INFO - [2023-12-20T02:58:42.483+0000] {dagbag.py:536} INFO - Filling up the DagBag from /opt/airflow/dags/create_star_schema_part_2.py
[2023-12-20T02:58:42.491+0000] {processor.py:841} WARNING - No viable dags retrieved from /opt/airflow/dags/create_star_schema_part_2.py
[2023-12-20T02:58:42.506+0000] {processor.py:179} INFO - Processing /opt/airflow/dags/create_star_schema_part_2.py took 0.029 seconds
[2023-12-20T02:59:12.949+0000] {processor.py:157} INFO - Started process (PID=2189) to work on /opt/airflow/dags/create_star_schema_part_2.py
[2023-12-20T02:59:12.951+0000] {processor.py:829} INFO - Processing file /opt/airflow/dags/create_star_schema_part_2.py for tasks to queue
[2023-12-20T02:59:12.953+0000] {logging_mixin.py:154} INFO - [2023-12-20T02:59:12.952+0000] {dagbag.py:536} INFO - Filling up the DagBag from /opt/airflow/dags/create_star_schema_part_2.py
[2023-12-20T02:59:12.961+0000] {processor.py:841} WARNING - No viable dags retrieved from /opt/airflow/dags/create_star_schema_part_2.py
[2023-12-20T02:59:12.976+0000] {processor.py:179} INFO - Processing /opt/airflow/dags/create_star_schema_part_2.py took 0.032 seconds
[2023-12-20T02:59:43.373+0000] {processor.py:157} INFO - Started process (PID=2242) to work on /opt/airflow/dags/create_star_schema_part_2.py
[2023-12-20T02:59:43.374+0000] {processor.py:829} INFO - Processing file /opt/airflow/dags/create_star_schema_part_2.py for tasks to queue
[2023-12-20T02:59:43.375+0000] {logging_mixin.py:154} INFO - [2023-12-20T02:59:43.375+0000] {dagbag.py:536} INFO - Filling up the DagBag from /opt/airflow/dags/create_star_schema_part_2.py
[2023-12-20T02:59:43.382+0000] {processor.py:841} WARNING - No viable dags retrieved from /opt/airflow/dags/create_star_schema_part_2.py
[2023-12-20T02:59:43.396+0000] {processor.py:179} INFO - Processing /opt/airflow/dags/create_star_schema_part_2.py took 0.027 seconds
[2023-12-20T03:00:13.965+0000] {processor.py:157} INFO - Started process (PID=2316) to work on /opt/airflow/dags/create_star_schema_part_2.py
[2023-12-20T03:00:13.966+0000] {processor.py:829} INFO - Processing file /opt/airflow/dags/create_star_schema_part_2.py for tasks to queue
[2023-12-20T03:00:13.967+0000] {logging_mixin.py:154} INFO - [2023-12-20T03:00:13.967+0000] {dagbag.py:536} INFO - Filling up the DagBag from /opt/airflow/dags/create_star_schema_part_2.py
[2023-12-20T03:00:13.975+0000] {processor.py:841} WARNING - No viable dags retrieved from /opt/airflow/dags/create_star_schema_part_2.py
[2023-12-20T03:00:13.990+0000] {processor.py:179} INFO - Processing /opt/airflow/dags/create_star_schema_part_2.py took 0.030 seconds
[2023-12-20T03:00:44.545+0000] {processor.py:157} INFO - Started process (PID=2369) to work on /opt/airflow/dags/create_star_schema_part_2.py
[2023-12-20T03:00:44.546+0000] {processor.py:829} INFO - Processing file /opt/airflow/dags/create_star_schema_part_2.py for tasks to queue
[2023-12-20T03:00:44.547+0000] {logging_mixin.py:154} INFO - [2023-12-20T03:00:44.547+0000] {dagbag.py:536} INFO - Filling up the DagBag from /opt/airflow/dags/create_star_schema_part_2.py
[2023-12-20T03:00:44.555+0000] {processor.py:841} WARNING - No viable dags retrieved from /opt/airflow/dags/create_star_schema_part_2.py
[2023-12-20T03:00:44.569+0000] {processor.py:179} INFO - Processing /opt/airflow/dags/create_star_schema_part_2.py took 0.029 seconds
[2023-12-20T03:01:15.064+0000] {processor.py:157} INFO - Started process (PID=2450) to work on /opt/airflow/dags/create_star_schema_part_2.py
[2023-12-20T03:01:15.065+0000] {processor.py:829} INFO - Processing file /opt/airflow/dags/create_star_schema_part_2.py for tasks to queue
[2023-12-20T03:01:15.067+0000] {logging_mixin.py:154} INFO - [2023-12-20T03:01:15.066+0000] {dagbag.py:536} INFO - Filling up the DagBag from /opt/airflow/dags/create_star_schema_part_2.py
[2023-12-20T03:01:15.074+0000] {processor.py:841} WARNING - No viable dags retrieved from /opt/airflow/dags/create_star_schema_part_2.py
[2023-12-20T03:01:15.088+0000] {processor.py:179} INFO - Processing /opt/airflow/dags/create_star_schema_part_2.py took 0.029 seconds
[2023-12-20T03:01:45.541+0000] {processor.py:157} INFO - Started process (PID=2503) to work on /opt/airflow/dags/create_star_schema_part_2.py
[2023-12-20T03:01:45.543+0000] {processor.py:829} INFO - Processing file /opt/airflow/dags/create_star_schema_part_2.py for tasks to queue
[2023-12-20T03:01:45.544+0000] {logging_mixin.py:154} INFO - [2023-12-20T03:01:45.544+0000] {dagbag.py:536} INFO - Filling up the DagBag from /opt/airflow/dags/create_star_schema_part_2.py
[2023-12-20T03:01:45.553+0000] {processor.py:841} WARNING - No viable dags retrieved from /opt/airflow/dags/create_star_schema_part_2.py
[2023-12-20T03:01:45.570+0000] {processor.py:179} INFO - Processing /opt/airflow/dags/create_star_schema_part_2.py took 0.034 seconds
[2023-12-20T17:51:14.999+0000] {processor.py:157} INFO - Started process (PID=191) to work on /opt/airflow/dags/create_star_schema_part_2.py
[2023-12-20T17:51:15.000+0000] {processor.py:829} INFO - Processing file /opt/airflow/dags/create_star_schema_part_2.py for tasks to queue
[2023-12-20T17:51:15.000+0000] {logging_mixin.py:154} INFO - [2023-12-20T17:51:15.000+0000] {dagbag.py:536} INFO - Filling up the DagBag from /opt/airflow/dags/create_star_schema_part_2.py
[2023-12-20T17:51:15.005+0000] {processor.py:841} WARNING - No viable dags retrieved from /opt/airflow/dags/create_star_schema_part_2.py
[2023-12-20T17:51:15.016+0000] {processor.py:179} INFO - Processing /opt/airflow/dags/create_star_schema_part_2.py took 0.020 seconds
[2023-12-20T17:51:45.217+0000] {processor.py:157} INFO - Started process (PID=238) to work on /opt/airflow/dags/create_star_schema_part_2.py
[2023-12-20T17:51:45.218+0000] {processor.py:829} INFO - Processing file /opt/airflow/dags/create_star_schema_part_2.py for tasks to queue
[2023-12-20T17:51:45.219+0000] {logging_mixin.py:154} INFO - [2023-12-20T17:51:45.218+0000] {dagbag.py:536} INFO - Filling up the DagBag from /opt/airflow/dags/create_star_schema_part_2.py
[2023-12-20T17:51:45.222+0000] {processor.py:841} WARNING - No viable dags retrieved from /opt/airflow/dags/create_star_schema_part_2.py
[2023-12-20T17:51:45.231+0000] {processor.py:179} INFO - Processing /opt/airflow/dags/create_star_schema_part_2.py took 0.016 seconds
[2023-12-20T17:52:15.752+0000] {processor.py:157} INFO - Started process (PID=291) to work on /opt/airflow/dags/create_star_schema_part_2.py
[2023-12-20T17:52:15.753+0000] {processor.py:829} INFO - Processing file /opt/airflow/dags/create_star_schema_part_2.py for tasks to queue
[2023-12-20T17:52:15.754+0000] {logging_mixin.py:154} INFO - [2023-12-20T17:52:15.754+0000] {dagbag.py:536} INFO - Filling up the DagBag from /opt/airflow/dags/create_star_schema_part_2.py
[2023-12-20T17:52:15.758+0000] {processor.py:841} WARNING - No viable dags retrieved from /opt/airflow/dags/create_star_schema_part_2.py
[2023-12-20T17:52:15.769+0000] {processor.py:179} INFO - Processing /opt/airflow/dags/create_star_schema_part_2.py took 0.020 seconds
[2023-12-20T17:52:46.300+0000] {processor.py:157} INFO - Started process (PID=350) to work on /opt/airflow/dags/create_star_schema_part_2.py
[2023-12-20T17:52:46.300+0000] {processor.py:829} INFO - Processing file /opt/airflow/dags/create_star_schema_part_2.py for tasks to queue
[2023-12-20T17:52:46.301+0000] {logging_mixin.py:154} INFO - [2023-12-20T17:52:46.301+0000] {dagbag.py:536} INFO - Filling up the DagBag from /opt/airflow/dags/create_star_schema_part_2.py
[2023-12-20T17:52:46.304+0000] {processor.py:841} WARNING - No viable dags retrieved from /opt/airflow/dags/create_star_schema_part_2.py
[2023-12-20T17:52:46.314+0000] {processor.py:179} INFO - Processing /opt/airflow/dags/create_star_schema_part_2.py took 0.016 seconds
[2023-12-20T17:53:16.831+0000] {processor.py:157} INFO - Started process (PID=409) to work on /opt/airflow/dags/create_star_schema_part_2.py
[2023-12-20T17:53:16.832+0000] {processor.py:829} INFO - Processing file /opt/airflow/dags/create_star_schema_part_2.py for tasks to queue
[2023-12-20T17:53:16.832+0000] {logging_mixin.py:154} INFO - [2023-12-20T17:53:16.832+0000] {dagbag.py:536} INFO - Filling up the DagBag from /opt/airflow/dags/create_star_schema_part_2.py
[2023-12-20T17:53:16.836+0000] {processor.py:841} WARNING - No viable dags retrieved from /opt/airflow/dags/create_star_schema_part_2.py
[2023-12-20T17:53:16.846+0000] {processor.py:179} INFO - Processing /opt/airflow/dags/create_star_schema_part_2.py took 0.017 seconds
[2023-12-20T17:53:47.306+0000] {processor.py:157} INFO - Started process (PID=466) to work on /opt/airflow/dags/create_star_schema_part_2.py
[2023-12-20T17:53:47.307+0000] {processor.py:829} INFO - Processing file /opt/airflow/dags/create_star_schema_part_2.py for tasks to queue
[2023-12-20T17:53:47.307+0000] {logging_mixin.py:154} INFO - [2023-12-20T17:53:47.307+0000] {dagbag.py:536} INFO - Filling up the DagBag from /opt/airflow/dags/create_star_schema_part_2.py
[2023-12-20T17:53:47.311+0000] {processor.py:841} WARNING - No viable dags retrieved from /opt/airflow/dags/create_star_schema_part_2.py
[2023-12-20T17:53:47.322+0000] {processor.py:179} INFO - Processing /opt/airflow/dags/create_star_schema_part_2.py took 0.019 seconds
[2023-12-20T17:54:17.724+0000] {processor.py:157} INFO - Started process (PID=521) to work on /opt/airflow/dags/create_star_schema_part_2.py
[2023-12-20T17:54:17.725+0000] {processor.py:829} INFO - Processing file /opt/airflow/dags/create_star_schema_part_2.py for tasks to queue
[2023-12-20T17:54:17.725+0000] {logging_mixin.py:154} INFO - [2023-12-20T17:54:17.725+0000] {dagbag.py:536} INFO - Filling up the DagBag from /opt/airflow/dags/create_star_schema_part_2.py
[2023-12-20T17:54:17.728+0000] {processor.py:841} WARNING - No viable dags retrieved from /opt/airflow/dags/create_star_schema_part_2.py
[2023-12-20T17:54:17.737+0000] {processor.py:179} INFO - Processing /opt/airflow/dags/create_star_schema_part_2.py took 0.016 seconds
[2023-12-20T17:54:48.160+0000] {processor.py:157} INFO - Started process (PID=574) to work on /opt/airflow/dags/create_star_schema_part_2.py
[2023-12-20T17:54:48.161+0000] {processor.py:829} INFO - Processing file /opt/airflow/dags/create_star_schema_part_2.py for tasks to queue
[2023-12-20T17:54:48.161+0000] {logging_mixin.py:154} INFO - [2023-12-20T17:54:48.161+0000] {dagbag.py:536} INFO - Filling up the DagBag from /opt/airflow/dags/create_star_schema_part_2.py
[2023-12-20T17:54:48.165+0000] {processor.py:841} WARNING - No viable dags retrieved from /opt/airflow/dags/create_star_schema_part_2.py
[2023-12-20T17:54:48.176+0000] {processor.py:179} INFO - Processing /opt/airflow/dags/create_star_schema_part_2.py took 0.017 seconds
[2023-12-20T17:55:18.642+0000] {processor.py:157} INFO - Started process (PID=627) to work on /opt/airflow/dags/create_star_schema_part_2.py
[2023-12-20T17:55:18.643+0000] {processor.py:829} INFO - Processing file /opt/airflow/dags/create_star_schema_part_2.py for tasks to queue
[2023-12-20T17:55:18.643+0000] {logging_mixin.py:154} INFO - [2023-12-20T17:55:18.643+0000] {dagbag.py:536} INFO - Filling up the DagBag from /opt/airflow/dags/create_star_schema_part_2.py
[2023-12-20T17:55:18.647+0000] {processor.py:841} WARNING - No viable dags retrieved from /opt/airflow/dags/create_star_schema_part_2.py
[2023-12-20T17:55:18.657+0000] {processor.py:179} INFO - Processing /opt/airflow/dags/create_star_schema_part_2.py took 0.017 seconds
[2023-12-20T17:55:49.170+0000] {processor.py:157} INFO - Started process (PID=683) to work on /opt/airflow/dags/create_star_schema_part_2.py
[2023-12-20T17:55:49.171+0000] {processor.py:829} INFO - Processing file /opt/airflow/dags/create_star_schema_part_2.py for tasks to queue
[2023-12-20T17:55:49.171+0000] {logging_mixin.py:154} INFO - [2023-12-20T17:55:49.171+0000] {dagbag.py:536} INFO - Filling up the DagBag from /opt/airflow/dags/create_star_schema_part_2.py
[2023-12-20T17:55:49.177+0000] {processor.py:841} WARNING - No viable dags retrieved from /opt/airflow/dags/create_star_schema_part_2.py
[2023-12-20T17:55:49.192+0000] {processor.py:179} INFO - Processing /opt/airflow/dags/create_star_schema_part_2.py took 0.025 seconds
[2023-12-20T17:56:19.663+0000] {processor.py:157} INFO - Started process (PID=736) to work on /opt/airflow/dags/create_star_schema_part_2.py
[2023-12-20T17:56:19.664+0000] {processor.py:829} INFO - Processing file /opt/airflow/dags/create_star_schema_part_2.py for tasks to queue
[2023-12-20T17:56:19.665+0000] {logging_mixin.py:154} INFO - [2023-12-20T17:56:19.665+0000] {dagbag.py:536} INFO - Filling up the DagBag from /opt/airflow/dags/create_star_schema_part_2.py
[2023-12-20T17:56:19.668+0000] {processor.py:841} WARNING - No viable dags retrieved from /opt/airflow/dags/create_star_schema_part_2.py
[2023-12-20T17:56:19.678+0000] {processor.py:179} INFO - Processing /opt/airflow/dags/create_star_schema_part_2.py took 0.017 seconds
[2023-12-20T17:56:50.203+0000] {processor.py:157} INFO - Started process (PID=789) to work on /opt/airflow/dags/create_star_schema_part_2.py
[2023-12-20T17:56:50.204+0000] {processor.py:829} INFO - Processing file /opt/airflow/dags/create_star_schema_part_2.py for tasks to queue
[2023-12-20T17:56:50.205+0000] {logging_mixin.py:154} INFO - [2023-12-20T17:56:50.205+0000] {dagbag.py:536} INFO - Filling up the DagBag from /opt/airflow/dags/create_star_schema_part_2.py
[2023-12-20T17:56:50.210+0000] {processor.py:841} WARNING - No viable dags retrieved from /opt/airflow/dags/create_star_schema_part_2.py
[2023-12-20T17:56:50.227+0000] {processor.py:179} INFO - Processing /opt/airflow/dags/create_star_schema_part_2.py took 0.028 seconds
[2023-12-20T17:57:20.636+0000] {processor.py:157} INFO - Started process (PID=842) to work on /opt/airflow/dags/create_star_schema_part_2.py
[2023-12-20T17:57:20.637+0000] {processor.py:829} INFO - Processing file /opt/airflow/dags/create_star_schema_part_2.py for tasks to queue
[2023-12-20T17:57:20.637+0000] {logging_mixin.py:154} INFO - [2023-12-20T17:57:20.637+0000] {dagbag.py:536} INFO - Filling up the DagBag from /opt/airflow/dags/create_star_schema_part_2.py
[2023-12-20T17:57:20.641+0000] {processor.py:841} WARNING - No viable dags retrieved from /opt/airflow/dags/create_star_schema_part_2.py
[2023-12-20T17:57:20.652+0000] {processor.py:179} INFO - Processing /opt/airflow/dags/create_star_schema_part_2.py took 0.018 seconds
[2023-12-20T17:57:51.028+0000] {processor.py:157} INFO - Started process (PID=898) to work on /opt/airflow/dags/create_star_schema_part_2.py
[2023-12-20T17:57:51.029+0000] {processor.py:829} INFO - Processing file /opt/airflow/dags/create_star_schema_part_2.py for tasks to queue
[2023-12-20T17:57:51.029+0000] {logging_mixin.py:154} INFO - [2023-12-20T17:57:51.029+0000] {dagbag.py:536} INFO - Filling up the DagBag from /opt/airflow/dags/create_star_schema_part_2.py
[2023-12-20T17:57:51.033+0000] {processor.py:841} WARNING - No viable dags retrieved from /opt/airflow/dags/create_star_schema_part_2.py
[2023-12-20T17:57:51.044+0000] {processor.py:179} INFO - Processing /opt/airflow/dags/create_star_schema_part_2.py took 0.018 seconds
[2023-12-20T17:58:21.441+0000] {processor.py:157} INFO - Started process (PID=951) to work on /opt/airflow/dags/create_star_schema_part_2.py
[2023-12-20T17:58:21.441+0000] {processor.py:829} INFO - Processing file /opt/airflow/dags/create_star_schema_part_2.py for tasks to queue
[2023-12-20T17:58:21.442+0000] {logging_mixin.py:154} INFO - [2023-12-20T17:58:21.442+0000] {dagbag.py:536} INFO - Filling up the DagBag from /opt/airflow/dags/create_star_schema_part_2.py
[2023-12-20T17:58:21.445+0000] {processor.py:841} WARNING - No viable dags retrieved from /opt/airflow/dags/create_star_schema_part_2.py
[2023-12-20T17:58:21.457+0000] {processor.py:179} INFO - Processing /opt/airflow/dags/create_star_schema_part_2.py took 0.018 seconds
[2023-12-20T17:58:51.891+0000] {processor.py:157} INFO - Started process (PID=1004) to work on /opt/airflow/dags/create_star_schema_part_2.py
[2023-12-20T17:58:51.892+0000] {processor.py:829} INFO - Processing file /opt/airflow/dags/create_star_schema_part_2.py for tasks to queue
[2023-12-20T17:58:51.893+0000] {logging_mixin.py:154} INFO - [2023-12-20T17:58:51.893+0000] {dagbag.py:536} INFO - Filling up the DagBag from /opt/airflow/dags/create_star_schema_part_2.py
[2023-12-20T17:58:51.896+0000] {processor.py:841} WARNING - No viable dags retrieved from /opt/airflow/dags/create_star_schema_part_2.py
[2023-12-20T17:58:51.907+0000] {processor.py:179} INFO - Processing /opt/airflow/dags/create_star_schema_part_2.py took 0.017 seconds
[2023-12-20T17:59:22.356+0000] {processor.py:157} INFO - Started process (PID=1057) to work on /opt/airflow/dags/create_star_schema_part_2.py
[2023-12-20T17:59:22.357+0000] {processor.py:829} INFO - Processing file /opt/airflow/dags/create_star_schema_part_2.py for tasks to queue
[2023-12-20T17:59:22.358+0000] {logging_mixin.py:154} INFO - [2023-12-20T17:59:22.358+0000] {dagbag.py:536} INFO - Filling up the DagBag from /opt/airflow/dags/create_star_schema_part_2.py
[2023-12-20T17:59:22.362+0000] {processor.py:841} WARNING - No viable dags retrieved from /opt/airflow/dags/create_star_schema_part_2.py
[2023-12-20T17:59:22.372+0000] {processor.py:179} INFO - Processing /opt/airflow/dags/create_star_schema_part_2.py took 0.018 seconds
[2023-12-20T17:59:52.779+0000] {processor.py:157} INFO - Started process (PID=1113) to work on /opt/airflow/dags/create_star_schema_part_2.py
[2023-12-20T17:59:52.780+0000] {processor.py:829} INFO - Processing file /opt/airflow/dags/create_star_schema_part_2.py for tasks to queue
[2023-12-20T17:59:52.780+0000] {logging_mixin.py:154} INFO - [2023-12-20T17:59:52.780+0000] {dagbag.py:536} INFO - Filling up the DagBag from /opt/airflow/dags/create_star_schema_part_2.py
[2023-12-20T17:59:52.784+0000] {processor.py:841} WARNING - No viable dags retrieved from /opt/airflow/dags/create_star_schema_part_2.py
[2023-12-20T17:59:52.794+0000] {processor.py:179} INFO - Processing /opt/airflow/dags/create_star_schema_part_2.py took 0.017 seconds
[2023-12-20T18:00:23.269+0000] {processor.py:157} INFO - Started process (PID=1166) to work on /opt/airflow/dags/create_star_schema_part_2.py
[2023-12-20T18:00:23.270+0000] {processor.py:829} INFO - Processing file /opt/airflow/dags/create_star_schema_part_2.py for tasks to queue
[2023-12-20T18:00:23.270+0000] {logging_mixin.py:154} INFO - [2023-12-20T18:00:23.270+0000] {dagbag.py:536} INFO - Filling up the DagBag from /opt/airflow/dags/create_star_schema_part_2.py
[2023-12-20T18:00:23.274+0000] {processor.py:841} WARNING - No viable dags retrieved from /opt/airflow/dags/create_star_schema_part_2.py
[2023-12-20T18:00:23.283+0000] {processor.py:179} INFO - Processing /opt/airflow/dags/create_star_schema_part_2.py took 0.016 seconds
[2023-12-20T18:00:53.825+0000] {processor.py:157} INFO - Started process (PID=1219) to work on /opt/airflow/dags/create_star_schema_part_2.py
[2023-12-20T18:00:53.826+0000] {processor.py:829} INFO - Processing file /opt/airflow/dags/create_star_schema_part_2.py for tasks to queue
[2023-12-20T18:00:53.826+0000] {logging_mixin.py:154} INFO - [2023-12-20T18:00:53.826+0000] {dagbag.py:536} INFO - Filling up the DagBag from /opt/airflow/dags/create_star_schema_part_2.py
[2023-12-20T18:00:53.830+0000] {processor.py:841} WARNING - No viable dags retrieved from /opt/airflow/dags/create_star_schema_part_2.py
[2023-12-20T18:00:53.840+0000] {processor.py:179} INFO - Processing /opt/airflow/dags/create_star_schema_part_2.py took 0.017 seconds
[2023-12-20T18:01:24.360+0000] {processor.py:157} INFO - Started process (PID=1272) to work on /opt/airflow/dags/create_star_schema_part_2.py
[2023-12-20T18:01:24.361+0000] {processor.py:829} INFO - Processing file /opt/airflow/dags/create_star_schema_part_2.py for tasks to queue
[2023-12-20T18:01:24.361+0000] {logging_mixin.py:154} INFO - [2023-12-20T18:01:24.361+0000] {dagbag.py:536} INFO - Filling up the DagBag from /opt/airflow/dags/create_star_schema_part_2.py
[2023-12-20T18:01:24.365+0000] {processor.py:841} WARNING - No viable dags retrieved from /opt/airflow/dags/create_star_schema_part_2.py
[2023-12-20T18:01:24.374+0000] {processor.py:179} INFO - Processing /opt/airflow/dags/create_star_schema_part_2.py took 0.017 seconds
[2023-12-20T18:01:54.778+0000] {processor.py:157} INFO - Started process (PID=1328) to work on /opt/airflow/dags/create_star_schema_part_2.py
[2023-12-20T18:01:54.779+0000] {processor.py:829} INFO - Processing file /opt/airflow/dags/create_star_schema_part_2.py for tasks to queue
[2023-12-20T18:01:54.779+0000] {logging_mixin.py:154} INFO - [2023-12-20T18:01:54.779+0000] {dagbag.py:536} INFO - Filling up the DagBag from /opt/airflow/dags/create_star_schema_part_2.py
[2023-12-20T18:01:54.783+0000] {processor.py:841} WARNING - No viable dags retrieved from /opt/airflow/dags/create_star_schema_part_2.py
[2023-12-20T18:01:54.793+0000] {processor.py:179} INFO - Processing /opt/airflow/dags/create_star_schema_part_2.py took 0.017 seconds
[2023-12-20T18:02:25.210+0000] {processor.py:157} INFO - Started process (PID=1381) to work on /opt/airflow/dags/create_star_schema_part_2.py
[2023-12-20T18:02:25.211+0000] {processor.py:829} INFO - Processing file /opt/airflow/dags/create_star_schema_part_2.py for tasks to queue
[2023-12-20T18:02:25.211+0000] {logging_mixin.py:154} INFO - [2023-12-20T18:02:25.211+0000] {dagbag.py:536} INFO - Filling up the DagBag from /opt/airflow/dags/create_star_schema_part_2.py
[2023-12-20T18:02:25.216+0000] {processor.py:841} WARNING - No viable dags retrieved from /opt/airflow/dags/create_star_schema_part_2.py
[2023-12-20T18:02:25.225+0000] {processor.py:179} INFO - Processing /opt/airflow/dags/create_star_schema_part_2.py took 0.018 seconds
[2023-12-20T18:02:55.631+0000] {processor.py:157} INFO - Started process (PID=1443) to work on /opt/airflow/dags/create_star_schema_part_2.py
[2023-12-20T18:02:55.631+0000] {processor.py:829} INFO - Processing file /opt/airflow/dags/create_star_schema_part_2.py for tasks to queue
[2023-12-20T18:02:55.632+0000] {logging_mixin.py:154} INFO - [2023-12-20T18:02:55.632+0000] {dagbag.py:536} INFO - Filling up the DagBag from /opt/airflow/dags/create_star_schema_part_2.py
[2023-12-20T18:02:55.635+0000] {processor.py:841} WARNING - No viable dags retrieved from /opt/airflow/dags/create_star_schema_part_2.py
[2023-12-20T18:02:55.646+0000] {processor.py:179} INFO - Processing /opt/airflow/dags/create_star_schema_part_2.py took 0.018 seconds
[2023-12-20T18:03:26.124+0000] {processor.py:157} INFO - Started process (PID=1496) to work on /opt/airflow/dags/create_star_schema_part_2.py
[2023-12-20T18:03:26.124+0000] {processor.py:829} INFO - Processing file /opt/airflow/dags/create_star_schema_part_2.py for tasks to queue
[2023-12-20T18:03:26.125+0000] {logging_mixin.py:154} INFO - [2023-12-20T18:03:26.125+0000] {dagbag.py:536} INFO - Filling up the DagBag from /opt/airflow/dags/create_star_schema_part_2.py
[2023-12-20T18:03:26.128+0000] {processor.py:841} WARNING - No viable dags retrieved from /opt/airflow/dags/create_star_schema_part_2.py
[2023-12-20T18:03:26.140+0000] {processor.py:179} INFO - Processing /opt/airflow/dags/create_star_schema_part_2.py took 0.018 seconds
[2023-12-20T18:03:56.550+0000] {processor.py:157} INFO - Started process (PID=1561) to work on /opt/airflow/dags/create_star_schema_part_2.py
[2023-12-20T18:03:56.550+0000] {processor.py:829} INFO - Processing file /opt/airflow/dags/create_star_schema_part_2.py for tasks to queue
[2023-12-20T18:03:56.551+0000] {logging_mixin.py:154} INFO - [2023-12-20T18:03:56.551+0000] {dagbag.py:536} INFO - Filling up the DagBag from /opt/airflow/dags/create_star_schema_part_2.py
[2023-12-20T18:03:56.554+0000] {processor.py:841} WARNING - No viable dags retrieved from /opt/airflow/dags/create_star_schema_part_2.py
[2023-12-20T18:03:56.563+0000] {processor.py:179} INFO - Processing /opt/airflow/dags/create_star_schema_part_2.py took 0.016 seconds
[2023-12-20T18:04:27.100+0000] {processor.py:157} INFO - Started process (PID=1614) to work on /opt/airflow/dags/create_star_schema_part_2.py
[2023-12-20T18:04:27.100+0000] {processor.py:829} INFO - Processing file /opt/airflow/dags/create_star_schema_part_2.py for tasks to queue
[2023-12-20T18:04:27.101+0000] {logging_mixin.py:154} INFO - [2023-12-20T18:04:27.101+0000] {dagbag.py:536} INFO - Filling up the DagBag from /opt/airflow/dags/create_star_schema_part_2.py
[2023-12-20T18:04:27.105+0000] {processor.py:841} WARNING - No viable dags retrieved from /opt/airflow/dags/create_star_schema_part_2.py
[2023-12-20T18:04:27.114+0000] {processor.py:179} INFO - Processing /opt/airflow/dags/create_star_schema_part_2.py took 0.017 seconds
[2023-12-20T18:04:57.581+0000] {processor.py:157} INFO - Started process (PID=1685) to work on /opt/airflow/dags/create_star_schema_part_2.py
[2023-12-20T18:04:57.581+0000] {processor.py:829} INFO - Processing file /opt/airflow/dags/create_star_schema_part_2.py for tasks to queue
[2023-12-20T18:04:57.582+0000] {logging_mixin.py:154} INFO - [2023-12-20T18:04:57.582+0000] {dagbag.py:536} INFO - Filling up the DagBag from /opt/airflow/dags/create_star_schema_part_2.py
[2023-12-20T18:04:57.586+0000] {processor.py:841} WARNING - No viable dags retrieved from /opt/airflow/dags/create_star_schema_part_2.py
[2023-12-20T18:04:57.595+0000] {processor.py:179} INFO - Processing /opt/airflow/dags/create_star_schema_part_2.py took 0.017 seconds
[2023-12-20T18:05:28.136+0000] {processor.py:157} INFO - Started process (PID=1738) to work on /opt/airflow/dags/create_star_schema_part_2.py
[2023-12-20T18:05:28.136+0000] {processor.py:829} INFO - Processing file /opt/airflow/dags/create_star_schema_part_2.py for tasks to queue
[2023-12-20T18:05:28.137+0000] {logging_mixin.py:154} INFO - [2023-12-20T18:05:28.137+0000] {dagbag.py:536} INFO - Filling up the DagBag from /opt/airflow/dags/create_star_schema_part_2.py
[2023-12-20T18:05:28.140+0000] {processor.py:841} WARNING - No viable dags retrieved from /opt/airflow/dags/create_star_schema_part_2.py
[2023-12-20T18:05:28.150+0000] {processor.py:179} INFO - Processing /opt/airflow/dags/create_star_schema_part_2.py took 0.016 seconds
[2023-12-20T18:05:58.625+0000] {processor.py:157} INFO - Started process (PID=1812) to work on /opt/airflow/dags/create_star_schema_part_2.py
[2023-12-20T18:05:58.626+0000] {processor.py:829} INFO - Processing file /opt/airflow/dags/create_star_schema_part_2.py for tasks to queue
[2023-12-20T18:05:58.627+0000] {logging_mixin.py:154} INFO - [2023-12-20T18:05:58.626+0000] {dagbag.py:536} INFO - Filling up the DagBag from /opt/airflow/dags/create_star_schema_part_2.py
[2023-12-20T18:05:58.631+0000] {processor.py:841} WARNING - No viable dags retrieved from /opt/airflow/dags/create_star_schema_part_2.py
[2023-12-20T18:05:58.643+0000] {processor.py:179} INFO - Processing /opt/airflow/dags/create_star_schema_part_2.py took 0.020 seconds
[2023-12-20T18:06:29.114+0000] {processor.py:157} INFO - Started process (PID=1865) to work on /opt/airflow/dags/create_star_schema_part_2.py
[2023-12-20T18:06:29.114+0000] {processor.py:829} INFO - Processing file /opt/airflow/dags/create_star_schema_part_2.py for tasks to queue
[2023-12-20T18:06:29.115+0000] {logging_mixin.py:154} INFO - [2023-12-20T18:06:29.115+0000] {dagbag.py:536} INFO - Filling up the DagBag from /opt/airflow/dags/create_star_schema_part_2.py
[2023-12-20T18:06:29.118+0000] {processor.py:841} WARNING - No viable dags retrieved from /opt/airflow/dags/create_star_schema_part_2.py
[2023-12-20T18:06:29.128+0000] {processor.py:179} INFO - Processing /opt/airflow/dags/create_star_schema_part_2.py took 0.016 seconds
[2023-12-20T18:06:59.588+0000] {processor.py:157} INFO - Started process (PID=1939) to work on /opt/airflow/dags/create_star_schema_part_2.py
[2023-12-20T18:06:59.589+0000] {processor.py:829} INFO - Processing file /opt/airflow/dags/create_star_schema_part_2.py for tasks to queue
[2023-12-20T18:06:59.589+0000] {logging_mixin.py:154} INFO - [2023-12-20T18:06:59.589+0000] {dagbag.py:536} INFO - Filling up the DagBag from /opt/airflow/dags/create_star_schema_part_2.py
[2023-12-20T18:06:59.593+0000] {processor.py:841} WARNING - No viable dags retrieved from /opt/airflow/dags/create_star_schema_part_2.py
[2023-12-20T18:06:59.603+0000] {processor.py:179} INFO - Processing /opt/airflow/dags/create_star_schema_part_2.py took 0.017 seconds
[2023-12-20T18:07:30.079+0000] {processor.py:157} INFO - Started process (PID=1992) to work on /opt/airflow/dags/create_star_schema_part_2.py
[2023-12-20T18:07:30.080+0000] {processor.py:829} INFO - Processing file /opt/airflow/dags/create_star_schema_part_2.py for tasks to queue
[2023-12-20T18:07:30.081+0000] {logging_mixin.py:154} INFO - [2023-12-20T18:07:30.080+0000] {dagbag.py:536} INFO - Filling up the DagBag from /opt/airflow/dags/create_star_schema_part_2.py
[2023-12-20T18:07:30.084+0000] {processor.py:841} WARNING - No viable dags retrieved from /opt/airflow/dags/create_star_schema_part_2.py
[2023-12-20T18:07:30.093+0000] {processor.py:179} INFO - Processing /opt/airflow/dags/create_star_schema_part_2.py took 0.016 seconds
[2023-12-20T18:08:00.586+0000] {processor.py:157} INFO - Started process (PID=2066) to work on /opt/airflow/dags/create_star_schema_part_2.py
[2023-12-20T18:08:00.586+0000] {processor.py:829} INFO - Processing file /opt/airflow/dags/create_star_schema_part_2.py for tasks to queue
[2023-12-20T18:08:00.587+0000] {logging_mixin.py:154} INFO - [2023-12-20T18:08:00.587+0000] {dagbag.py:536} INFO - Filling up the DagBag from /opt/airflow/dags/create_star_schema_part_2.py
[2023-12-20T18:08:00.590+0000] {processor.py:841} WARNING - No viable dags retrieved from /opt/airflow/dags/create_star_schema_part_2.py
[2023-12-20T18:08:00.599+0000] {processor.py:179} INFO - Processing /opt/airflow/dags/create_star_schema_part_2.py took 0.016 seconds
[2023-12-20T18:08:31.176+0000] {processor.py:157} INFO - Started process (PID=2119) to work on /opt/airflow/dags/create_star_schema_part_2.py
[2023-12-20T18:08:31.177+0000] {processor.py:829} INFO - Processing file /opt/airflow/dags/create_star_schema_part_2.py for tasks to queue
[2023-12-20T18:08:31.177+0000] {logging_mixin.py:154} INFO - [2023-12-20T18:08:31.177+0000] {dagbag.py:536} INFO - Filling up the DagBag from /opt/airflow/dags/create_star_schema_part_2.py
[2023-12-20T18:08:31.181+0000] {processor.py:841} WARNING - No viable dags retrieved from /opt/airflow/dags/create_star_schema_part_2.py
[2023-12-20T18:08:31.190+0000] {processor.py:179} INFO - Processing /opt/airflow/dags/create_star_schema_part_2.py took 0.016 seconds
[2023-12-20T18:09:01.739+0000] {processor.py:157} INFO - Started process (PID=2172) to work on /opt/airflow/dags/create_star_schema_part_2.py
[2023-12-20T18:09:01.740+0000] {processor.py:829} INFO - Processing file /opt/airflow/dags/create_star_schema_part_2.py for tasks to queue
[2023-12-20T18:09:01.740+0000] {logging_mixin.py:154} INFO - [2023-12-20T18:09:01.740+0000] {dagbag.py:536} INFO - Filling up the DagBag from /opt/airflow/dags/create_star_schema_part_2.py
[2023-12-20T18:09:01.745+0000] {processor.py:841} WARNING - No viable dags retrieved from /opt/airflow/dags/create_star_schema_part_2.py
[2023-12-20T18:09:01.756+0000] {processor.py:179} INFO - Processing /opt/airflow/dags/create_star_schema_part_2.py took 0.018 seconds
[2023-12-20T18:09:32.257+0000] {processor.py:157} INFO - Started process (PID=2225) to work on /opt/airflow/dags/create_star_schema_part_2.py
[2023-12-20T18:09:32.258+0000] {processor.py:829} INFO - Processing file /opt/airflow/dags/create_star_schema_part_2.py for tasks to queue
[2023-12-20T18:09:32.259+0000] {logging_mixin.py:154} INFO - [2023-12-20T18:09:32.258+0000] {dagbag.py:536} INFO - Filling up the DagBag from /opt/airflow/dags/create_star_schema_part_2.py
[2023-12-20T18:09:32.262+0000] {processor.py:841} WARNING - No viable dags retrieved from /opt/airflow/dags/create_star_schema_part_2.py
[2023-12-20T18:09:32.272+0000] {processor.py:179} INFO - Processing /opt/airflow/dags/create_star_schema_part_2.py took 0.017 seconds
[2023-12-20T18:10:02.791+0000] {processor.py:157} INFO - Started process (PID=2278) to work on /opt/airflow/dags/create_star_schema_part_2.py
[2023-12-20T18:10:02.791+0000] {processor.py:829} INFO - Processing file /opt/airflow/dags/create_star_schema_part_2.py for tasks to queue
[2023-12-20T18:10:02.792+0000] {logging_mixin.py:154} INFO - [2023-12-20T18:10:02.792+0000] {dagbag.py:536} INFO - Filling up the DagBag from /opt/airflow/dags/create_star_schema_part_2.py
[2023-12-20T18:10:02.795+0000] {processor.py:841} WARNING - No viable dags retrieved from /opt/airflow/dags/create_star_schema_part_2.py
[2023-12-20T18:10:02.805+0000] {processor.py:179} INFO - Processing /opt/airflow/dags/create_star_schema_part_2.py took 0.016 seconds
[2023-12-20T18:10:33.275+0000] {processor.py:157} INFO - Started process (PID=2331) to work on /opt/airflow/dags/create_star_schema_part_2.py
[2023-12-20T18:10:33.276+0000] {processor.py:829} INFO - Processing file /opt/airflow/dags/create_star_schema_part_2.py for tasks to queue
[2023-12-20T18:10:33.276+0000] {logging_mixin.py:154} INFO - [2023-12-20T18:10:33.276+0000] {dagbag.py:536} INFO - Filling up the DagBag from /opt/airflow/dags/create_star_schema_part_2.py
[2023-12-20T18:10:33.280+0000] {processor.py:841} WARNING - No viable dags retrieved from /opt/airflow/dags/create_star_schema_part_2.py
[2023-12-20T18:10:33.291+0000] {processor.py:179} INFO - Processing /opt/airflow/dags/create_star_schema_part_2.py took 0.018 seconds
