[2023-12-19T16:36:22.991+0000] {taskinstance.py:1159} INFO - Dependencies all met for dep_context=non-requeueable deps ti=<TaskInstance: Illinois_Insurance_Producers_Data-v01.insert_fk_into_fact_table.insert_fk_col_in_fact_table_LOA_Name scheduled__2023-12-01T00:00:00+00:00 [queued]>
[2023-12-19T16:36:22.997+0000] {taskinstance.py:1159} INFO - Dependencies all met for dep_context=requeueable deps ti=<TaskInstance: Illinois_Insurance_Producers_Data-v01.insert_fk_into_fact_table.insert_fk_col_in_fact_table_LOA_Name scheduled__2023-12-01T00:00:00+00:00 [queued]>
[2023-12-19T16:36:22.998+0000] {taskinstance.py:1361} INFO - Starting attempt 1 of 6
[2023-12-19T16:36:23.013+0000] {taskinstance.py:1382} INFO - Executing <Task(PostgresOperator): insert_fk_col_in_fact_table_LOA_Name> on 2023-12-01 00:00:00+00:00
[2023-12-19T16:36:23.016+0000] {standard_task_runner.py:57} INFO - Started process 1217 to run task
[2023-12-19T16:36:23.020+0000] {standard_task_runner.py:84} INFO - Running: ['***', 'tasks', 'run', 'Illinois_Insurance_Producers_Data-v01.insert_fk_into_fact_table', 'insert_fk_col_in_fact_table_LOA_Name', 'scheduled__2023-12-01T00:00:00+00:00', '--job-id', '32', '--raw', '--subdir', 'DAGS_FOLDER/il_insurance_producers.py', '--cfg-path', '/tmp/tmpf3y6ugeg']
[2023-12-19T16:36:23.022+0000] {standard_task_runner.py:85} INFO - Job 32: Subtask insert_fk_col_in_fact_table_LOA_Name
[2023-12-19T16:36:23.076+0000] {task_command.py:416} INFO - Running <TaskInstance: Illinois_Insurance_Producers_Data-v01.insert_fk_into_fact_table.insert_fk_col_in_fact_table_LOA_Name scheduled__2023-12-01T00:00:00+00:00 [running]> on host 4ef4480639fc
[2023-12-19T16:36:23.136+0000] {taskinstance.py:1662} INFO - Exporting env vars: AIRFLOW_CTX_DAG_OWNER='dunnbc22' AIRFLOW_CTX_DAG_ID='Illinois_Insurance_Producers_Data-v01.insert_fk_into_fact_table' AIRFLOW_CTX_TASK_ID='insert_fk_col_in_fact_table_LOA_Name' AIRFLOW_CTX_EXECUTION_DATE='2023-12-01T00:00:00+00:00' AIRFLOW_CTX_TRY_NUMBER='1' AIRFLOW_CTX_DAG_RUN_ID='scheduled__2023-12-01T00:00:00+00:00'
[2023-12-19T16:36:23.137+0000] {sql.py:274} INFO - Executing: -- params: table_name, dimension_col

/*
Steps 1-3 were completed in the create_dim_table.sql 
file & associated PostgresOperator
*/


-- Step 4: Add foreign key column to fact table
ALTER TABLE iipd_pipeline
ADD COLUMN LOA_Name_id INTEGER;

-- Step 4: Update foreign key column to fact table with 
-- appropriate id (that matches with dim table)
UPDATE iipd_pipeline
SET LOA_Name_id = dimension_table_LOA_Name.id
FROM dimension_table_LOA_Name
WHERE COALESCE(iipd_pipeline.LOA_Name::text, '') = COALESCE(dimension_table_LOA_Name.LOA_Name::text, '');
[2023-12-19T16:36:23.147+0000] {base.py:73} INFO - Using connection ID 'postgres_conn' for task execution.
[2023-12-19T16:36:23.157+0000] {base.py:73} INFO - Using connection ID 'postgres_conn' for task execution.
[2023-12-19T16:36:23.164+0000] {sql.py:418} INFO - Running statement: -- params: table_name, dimension_col

/*
Steps 1-3 were completed in the create_dim_table.sql 
file & associated PostgresOperator
*/


-- Step 4: Add foreign key column to fact table
ALTER TABLE iipd_pipeline
ADD COLUMN LOA_Name_id INTEGER;

-- Step 4: Update foreign key column to fact table with 
-- appropriate id (that matches with dim table)
UPDATE iipd_pipeline
SET LOA_Name_id = dimension_table_LOA_Name.id
FROM dimension_table_LOA_Name
WHERE COALESCE(iipd_pipeline.LOA_Name::text, '') = COALESCE(dimension_table_LOA_Name.LOA_Name::text, '');, parameters: None
[2023-12-19T16:36:31.378+0000] {sql.py:427} INFO - Rows affected: 580781
[2023-12-19T16:36:31.404+0000] {taskinstance.py:1400} INFO - Marking task as SUCCESS. dag_id=Illinois_Insurance_Producers_Data-v01.insert_fk_into_fact_table, task_id=insert_fk_col_in_fact_table_LOA_Name, execution_date=20231201T000000, start_date=20231219T163622, end_date=20231219T163631
[2023-12-19T16:36:31.430+0000] {local_task_job_runner.py:228} INFO - Task exited with return code 0
[2023-12-19T16:36:31.443+0000] {taskinstance.py:2778} INFO - 0 downstream tasks scheduled from follow-on schedule check
