[2023-12-12T00:13:14.428+0000] {taskinstance.py:1159} INFO - Dependencies all met for dep_context=non-requeueable deps ti=<TaskInstance: Online_Shopping_Dataset-v01.remove_samples_with_nulls.remove_samples_with_nulls.remove_Gender_col scheduled__2023-12-01T00:00:00+00:00 [queued]>
[2023-12-12T00:13:14.489+0000] {taskinstance.py:1159} INFO - Dependencies all met for dep_context=requeueable deps ti=<TaskInstance: Online_Shopping_Dataset-v01.remove_samples_with_nulls.remove_samples_with_nulls.remove_Gender_col scheduled__2023-12-01T00:00:00+00:00 [queued]>
[2023-12-12T00:13:14.491+0000] {taskinstance.py:1361} INFO - Starting attempt 1 of 6
[2023-12-12T00:13:14.554+0000] {taskinstance.py:1382} INFO - Executing <Task(PostgresOperator): remove_samples_with_nulls.remove_Gender_col> on 2023-12-01 00:00:00+00:00
[2023-12-12T00:13:14.574+0000] {standard_task_runner.py:57} INFO - Started process 695 to run task
[2023-12-12T00:13:14.608+0000] {standard_task_runner.py:84} INFO - Running: ['***', 'tasks', 'run', 'Online_Shopping_Dataset-v01.remove_samples_with_nulls', 'remove_samples_with_nulls.remove_Gender_col', 'scheduled__2023-12-01T00:00:00+00:00', '--job-id', '13', '--raw', '--subdir', 'DAGS_FOLDER/Online_Shopping_Dataset.py', '--cfg-path', '/tmp/tmp1afohsih']
[2023-12-12T00:13:14.614+0000] {standard_task_runner.py:85} INFO - Job 13: Subtask remove_samples_with_nulls.remove_Gender_col
[2023-12-12T00:13:14.893+0000] {task_command.py:416} INFO - Running <TaskInstance: Online_Shopping_Dataset-v01.remove_samples_with_nulls.remove_samples_with_nulls.remove_Gender_col scheduled__2023-12-01T00:00:00+00:00 [running]> on host 79f7e52c702e
[2023-12-12T00:13:15.110+0000] {taskinstance.py:1662} INFO - Exporting env vars: AIRFLOW_CTX_DAG_OWNER='dunnbc22' AIRFLOW_CTX_DAG_ID='Online_Shopping_Dataset-v01.remove_samples_with_nulls' AIRFLOW_CTX_TASK_ID='remove_samples_with_nulls.remove_Gender_col' AIRFLOW_CTX_EXECUTION_DATE='2023-12-01T00:00:00+00:00' AIRFLOW_CTX_TRY_NUMBER='1' AIRFLOW_CTX_DAG_RUN_ID='scheduled__2023-12-01T00:00:00+00:00'
[2023-12-12T00:13:15.116+0000] {sql.py:274} INFO - Executing: -- params: table_name, column_name
DELETE FROM online_shopping_dataset_pipe
WHERE Gender is NULL;
[2023-12-12T00:13:15.145+0000] {base.py:73} INFO - Using connection ID 'postgres_conn' for task execution.
[2023-12-12T00:13:15.186+0000] {base.py:73} INFO - Using connection ID 'postgres_conn' for task execution.
[2023-12-12T00:13:15.233+0000] {sql.py:418} INFO - Running statement: -- params: table_name, column_name
DELETE FROM online_shopping_dataset_pipe
WHERE Gender is NULL;, parameters: None
[2023-12-12T00:13:15.269+0000] {sql.py:427} INFO - Rows affected: 31
[2023-12-12T00:13:15.338+0000] {taskinstance.py:1400} INFO - Marking task as SUCCESS. dag_id=Online_Shopping_Dataset-v01.remove_samples_with_nulls, task_id=remove_samples_with_nulls.remove_Gender_col, execution_date=20231201T000000, start_date=20231212T001314, end_date=20231212T001315
[2023-12-12T00:13:15.398+0000] {local_task_job_runner.py:228} INFO - Task exited with return code 0
[2023-12-12T00:13:15.465+0000] {taskinstance.py:2778} INFO - 0 downstream tasks scheduled from follow-on schedule check
