[2023-12-20T02:44:59.761+0000] {taskinstance.py:1159} INFO - Dependencies all met for dep_context=non-requeueable deps ti=<TaskInstance: Gourmet_Food_Procurement_Data-v01.remove_unnecessary_columns.remove_unnecessary_columns.remove_Product_Type_col scheduled__2023-12-01T00:00:00+00:00 [queued]>
[2023-12-20T02:44:59.765+0000] {taskinstance.py:1159} INFO - Dependencies all met for dep_context=requeueable deps ti=<TaskInstance: Gourmet_Food_Procurement_Data-v01.remove_unnecessary_columns.remove_unnecessary_columns.remove_Product_Type_col scheduled__2023-12-01T00:00:00+00:00 [queued]>
[2023-12-20T02:44:59.765+0000] {taskinstance.py:1361} INFO - Starting attempt 1 of 6
[2023-12-20T02:44:59.772+0000] {taskinstance.py:1382} INFO - Executing <Task(PostgresOperator): remove_unnecessary_columns.remove_Product_Type_col> on 2023-12-01 00:00:00+00:00
[2023-12-20T02:44:59.775+0000] {standard_task_runner.py:57} INFO - Started process 578 to run task
[2023-12-20T02:44:59.780+0000] {standard_task_runner.py:84} INFO - Running: ['***', 'tasks', 'run', 'Gourmet_Food_Procurement_Data-v01.remove_unnecessary_columns', 'remove_unnecessary_columns.remove_Product_Type_col', 'scheduled__2023-12-01T00:00:00+00:00', '--job-id', '5', '--raw', '--subdir', 'DAGS_FOLDER/Gourmet_Food_Procurement_Data.py', '--cfg-path', '/tmp/tmp64doqdfv']
[2023-12-20T02:44:59.782+0000] {standard_task_runner.py:85} INFO - Job 5: Subtask remove_unnecessary_columns.remove_Product_Type_col
[2023-12-20T02:44:59.820+0000] {task_command.py:416} INFO - Running <TaskInstance: Gourmet_Food_Procurement_Data-v01.remove_unnecessary_columns.remove_unnecessary_columns.remove_Product_Type_col scheduled__2023-12-01T00:00:00+00:00 [running]> on host 069170cec93a
[2023-12-20T02:44:59.864+0000] {taskinstance.py:1662} INFO - Exporting env vars: AIRFLOW_CTX_DAG_OWNER='dunnbc22' AIRFLOW_CTX_DAG_ID='Gourmet_Food_Procurement_Data-v01.remove_unnecessary_columns' AIRFLOW_CTX_TASK_ID='remove_unnecessary_columns.remove_Product_Type_col' AIRFLOW_CTX_EXECUTION_DATE='2023-12-01T00:00:00+00:00' AIRFLOW_CTX_TRY_NUMBER='1' AIRFLOW_CTX_DAG_RUN_ID='scheduled__2023-12-01T00:00:00+00:00'
[2023-12-20T02:44:59.865+0000] {sql.py:274} INFO - Executing: -- table_name, column_name
ALTER TABLE gourmet_food_procurement_data_pipeline
DROP COLUMN Product_Type;
[2023-12-20T02:44:59.872+0000] {base.py:73} INFO - Using connection ID 'postgres_conn' for task execution.
[2023-12-20T02:44:59.878+0000] {base.py:73} INFO - Using connection ID 'postgres_conn' for task execution.
[2023-12-20T02:44:59.884+0000] {sql.py:418} INFO - Running statement: -- table_name, column_name
ALTER TABLE gourmet_food_procurement_data_pipeline
DROP COLUMN Product_Type;, parameters: None
[2023-12-20T02:44:59.894+0000] {taskinstance.py:1400} INFO - Marking task as SUCCESS. dag_id=Gourmet_Food_Procurement_Data-v01.remove_unnecessary_columns, task_id=remove_unnecessary_columns.remove_Product_Type_col, execution_date=20231201T000000, start_date=20231220T024459, end_date=20231220T024459
[2023-12-20T02:44:59.912+0000] {local_task_job_runner.py:228} INFO - Task exited with return code 0
[2023-12-20T02:44:59.930+0000] {taskinstance.py:2778} INFO - 0 downstream tasks scheduled from follow-on schedule check
[2023-12-20T17:52:46.896+0000] {taskinstance.py:1159} INFO - Dependencies all met for dep_context=non-requeueable deps ti=<TaskInstance: Gourmet_Food_Procurement_Data-v01.remove_unnecessary_columns.remove_unnecessary_columns.remove_Product_Type_col scheduled__2023-12-01T00:00:00+00:00 [queued]>
[2023-12-20T17:52:46.901+0000] {taskinstance.py:1159} INFO - Dependencies all met for dep_context=requeueable deps ti=<TaskInstance: Gourmet_Food_Procurement_Data-v01.remove_unnecessary_columns.remove_unnecessary_columns.remove_Product_Type_col scheduled__2023-12-01T00:00:00+00:00 [queued]>
[2023-12-20T17:52:46.901+0000] {taskinstance.py:1361} INFO - Starting attempt 1 of 6
[2023-12-20T17:52:46.908+0000] {taskinstance.py:1382} INFO - Executing <Task(PostgresOperator): remove_unnecessary_columns.remove_Product_Type_col> on 2023-12-01 00:00:00+00:00
[2023-12-20T17:52:46.910+0000] {standard_task_runner.py:57} INFO - Started process 376 to run task
[2023-12-20T17:52:46.913+0000] {standard_task_runner.py:84} INFO - Running: ['***', 'tasks', 'run', 'Gourmet_Food_Procurement_Data-v01.remove_unnecessary_columns', 'remove_unnecessary_columns.remove_Product_Type_col', 'scheduled__2023-12-01T00:00:00+00:00', '--job-id', '5', '--raw', '--subdir', 'DAGS_FOLDER/Gourmet_Food_Procurement_Data.py', '--cfg-path', '/tmp/tmpopnbf_bs']
[2023-12-20T17:52:46.916+0000] {standard_task_runner.py:85} INFO - Job 5: Subtask remove_unnecessary_columns.remove_Product_Type_col
[2023-12-20T17:52:46.971+0000] {task_command.py:416} INFO - Running <TaskInstance: Gourmet_Food_Procurement_Data-v01.remove_unnecessary_columns.remove_unnecessary_columns.remove_Product_Type_col scheduled__2023-12-01T00:00:00+00:00 [running]> on host 064e84e7d61d
[2023-12-20T17:52:47.020+0000] {taskinstance.py:1662} INFO - Exporting env vars: AIRFLOW_CTX_DAG_OWNER='dunnbc22' AIRFLOW_CTX_DAG_ID='Gourmet_Food_Procurement_Data-v01.remove_unnecessary_columns' AIRFLOW_CTX_TASK_ID='remove_unnecessary_columns.remove_Product_Type_col' AIRFLOW_CTX_EXECUTION_DATE='2023-12-01T00:00:00+00:00' AIRFLOW_CTX_TRY_NUMBER='1' AIRFLOW_CTX_DAG_RUN_ID='scheduled__2023-12-01T00:00:00+00:00'
[2023-12-20T17:52:47.021+0000] {sql.py:274} INFO - Executing: -- table_name, column_name
ALTER TABLE gourmet_food_procurement_data_pipeline
DROP COLUMN Product_Type;
[2023-12-20T17:52:47.027+0000] {base.py:73} INFO - Using connection ID 'postgres_conn' for task execution.
[2023-12-20T17:52:47.033+0000] {base.py:73} INFO - Using connection ID 'postgres_conn' for task execution.
[2023-12-20T17:52:47.040+0000] {sql.py:418} INFO - Running statement: -- table_name, column_name
ALTER TABLE gourmet_food_procurement_data_pipeline
DROP COLUMN Product_Type;, parameters: None
[2023-12-20T17:52:47.049+0000] {taskinstance.py:1400} INFO - Marking task as SUCCESS. dag_id=Gourmet_Food_Procurement_Data-v01.remove_unnecessary_columns, task_id=remove_unnecessary_columns.remove_Product_Type_col, execution_date=20231201T000000, start_date=20231220T175246, end_date=20231220T175247
[2023-12-20T17:52:47.088+0000] {local_task_job_runner.py:228} INFO - Task exited with return code 0
[2023-12-20T17:52:47.114+0000] {taskinstance.py:2778} INFO - 0 downstream tasks scheduled from follow-on schedule check
