[2023-12-19T04:05:19.438+0000] {taskinstance.py:1159} INFO - Dependencies all met for dep_context=non-requeueable deps ti=<TaskInstance: analytics_olympiad-v01.remove_unnecessary_columns.remove_unnecessary_columns.remove_ID_col scheduled__2023-12-01T00:00:00+00:00 [queued]>
[2023-12-19T04:05:19.442+0000] {taskinstance.py:1159} INFO - Dependencies all met for dep_context=requeueable deps ti=<TaskInstance: analytics_olympiad-v01.remove_unnecessary_columns.remove_unnecessary_columns.remove_ID_col scheduled__2023-12-01T00:00:00+00:00 [queued]>
[2023-12-19T04:05:19.442+0000] {taskinstance.py:1361} INFO - Starting attempt 1 of 6
[2023-12-19T04:05:19.448+0000] {taskinstance.py:1382} INFO - Executing <Task(PostgresOperator): remove_unnecessary_columns.remove_ID_col> on 2023-12-01 00:00:00+00:00
[2023-12-19T04:05:19.453+0000] {standard_task_runner.py:57} INFO - Started process 644 to run task
[2023-12-19T04:05:19.455+0000] {standard_task_runner.py:84} INFO - Running: ['***', 'tasks', 'run', 'analytics_olympiad-v01.remove_unnecessary_columns', 'remove_unnecessary_columns.remove_ID_col', 'scheduled__2023-12-01T00:00:00+00:00', '--job-id', '5', '--raw', '--subdir', 'DAGS_FOLDER/Analytics Olympiad 2022.py', '--cfg-path', '/tmp/tmp70t6u2pl']
[2023-12-19T04:05:19.457+0000] {standard_task_runner.py:85} INFO - Job 5: Subtask remove_unnecessary_columns.remove_ID_col
[2023-12-19T04:05:19.491+0000] {task_command.py:416} INFO - Running <TaskInstance: analytics_olympiad-v01.remove_unnecessary_columns.remove_unnecessary_columns.remove_ID_col scheduled__2023-12-01T00:00:00+00:00 [running]> on host 7b1718a25f0c
[2023-12-19T04:05:19.532+0000] {taskinstance.py:1662} INFO - Exporting env vars: AIRFLOW_CTX_DAG_OWNER='dunnbc22' AIRFLOW_CTX_DAG_ID='analytics_olympiad-v01.remove_unnecessary_columns' AIRFLOW_CTX_TASK_ID='remove_unnecessary_columns.remove_ID_col' AIRFLOW_CTX_EXECUTION_DATE='2023-12-01T00:00:00+00:00' AIRFLOW_CTX_TRY_NUMBER='1' AIRFLOW_CTX_DAG_RUN_ID='scheduled__2023-12-01T00:00:00+00:00'
[2023-12-19T04:05:19.533+0000] {sql.py:274} INFO - Executing: -- table_name, column_name
ALTER TABLE analytics_olympiad_pipeline
DROP COLUMN ID;
[2023-12-19T04:05:19.539+0000] {base.py:73} INFO - Using connection ID 'postgres_conn' for task execution.
[2023-12-19T04:05:19.544+0000] {base.py:73} INFO - Using connection ID 'postgres_conn' for task execution.
[2023-12-19T04:05:19.549+0000] {sql.py:418} INFO - Running statement: -- table_name, column_name
ALTER TABLE analytics_olympiad_pipeline
DROP COLUMN ID;, parameters: None
[2023-12-19T04:05:19.559+0000] {taskinstance.py:1400} INFO - Marking task as SUCCESS. dag_id=analytics_olympiad-v01.remove_unnecessary_columns, task_id=remove_unnecessary_columns.remove_ID_col, execution_date=20231201T000000, start_date=20231219T040519, end_date=20231219T040519
[2023-12-19T04:05:19.591+0000] {local_task_job_runner.py:228} INFO - Task exited with return code 0
[2023-12-19T04:05:19.607+0000] {taskinstance.py:2778} INFO - 0 downstream tasks scheduled from follow-on schedule check
