[2023-12-19T23:01:22.632+0000] {taskinstance.py:1159} INFO - Dependencies all met for dep_context=non-requeueable deps ti=<TaskInstance: hosp_insur_claim_fraud-v01.create_dim_tables.create_dim_home_or_self_care_table scheduled__2023-12-01T00:00:00+00:00 [queued]>
[2023-12-19T23:01:22.651+0000] {taskinstance.py:1159} INFO - Dependencies all met for dep_context=requeueable deps ti=<TaskInstance: hosp_insur_claim_fraud-v01.create_dim_tables.create_dim_home_or_self_care_table scheduled__2023-12-01T00:00:00+00:00 [queued]>
[2023-12-19T23:01:22.656+0000] {taskinstance.py:1361} INFO - Starting attempt 1 of 6
[2023-12-19T23:01:22.700+0000] {taskinstance.py:1382} INFO - Executing <Task(PostgresOperator): create_dim_home_or_self_care_table> on 2023-12-01 00:00:00+00:00
[2023-12-19T23:01:22.706+0000] {standard_task_runner.py:57} INFO - Started process 3603 to run task
[2023-12-19T23:01:22.711+0000] {standard_task_runner.py:84} INFO - Running: ['***', 'tasks', 'run', 'hosp_insur_claim_fraud-v01.create_dim_tables', 'create_dim_home_or_self_care_table', 'scheduled__2023-12-01T00:00:00+00:00', '--job-id', '30', '--raw', '--subdir', 'DAGS_FOLDER/Hospital_Insurance_Claim_Fraud.py', '--cfg-path', '/tmp/tmpuz9xyfcg']
[2023-12-19T23:01:22.723+0000] {standard_task_runner.py:85} INFO - Job 30: Subtask create_dim_home_or_self_care_table
[2023-12-19T23:01:22.820+0000] {task_command.py:416} INFO - Running <TaskInstance: hosp_insur_claim_fraud-v01.create_dim_tables.create_dim_home_or_self_care_table scheduled__2023-12-01T00:00:00+00:00 [running]> on host 183042dfa495
[2023-12-19T23:01:22.922+0000] {taskinstance.py:1662} INFO - Exporting env vars: AIRFLOW_CTX_DAG_OWNER='dunnbc22' AIRFLOW_CTX_DAG_ID='hosp_insur_claim_fraud-v01.create_dim_tables' AIRFLOW_CTX_TASK_ID='create_dim_home_or_self_care_table' AIRFLOW_CTX_EXECUTION_DATE='2023-12-01T00:00:00+00:00' AIRFLOW_CTX_TRY_NUMBER='1' AIRFLOW_CTX_DAG_RUN_ID='scheduled__2023-12-01T00:00:00+00:00'
[2023-12-19T23:01:22.924+0000] {sql.py:274} INFO - Executing: -- params: table_name, dimension_col, data_type

-- Step 1: Extract Unique Values
CREATE TEMPORARY TABLE unique_values_home_or_self_care AS
SELECT DISTINCT home_or_self_care FROM hosp_insur_claim_fraud_pipeline;

-- Step 2: Create Dimension Table
DROP TABLE IF EXISTS dimension_table_home_or_self_care;
CREATE TABLE dimension_table_home_or_self_care (
    id SERIAL PRIMARY KEY,
    home_or_self_care VARCHAR
);

-- Step 3: Insert unique values into dimension table
INSERT INTO dimension_table_home_or_self_care (home_or_self_care)
SELECT * FROM unique_values_home_or_self_care;
[2023-12-19T23:01:22.943+0000] {base.py:73} INFO - Using connection ID 'postgres_conn' for task execution.
[2023-12-19T23:01:22.964+0000] {base.py:73} INFO - Using connection ID 'postgres_conn' for task execution.
[2023-12-19T23:01:22.985+0000] {sql.py:418} INFO - Running statement: -- params: table_name, dimension_col, data_type

-- Step 1: Extract Unique Values
CREATE TEMPORARY TABLE unique_values_home_or_self_care AS
SELECT DISTINCT home_or_self_care FROM hosp_insur_claim_fraud_pipeline;

-- Step 2: Create Dimension Table
DROP TABLE IF EXISTS dimension_table_home_or_self_care;
CREATE TABLE dimension_table_home_or_self_care (
    id SERIAL PRIMARY KEY,
    home_or_self_care VARCHAR
);

-- Step 3: Insert unique values into dimension table
INSERT INTO dimension_table_home_or_self_care (home_or_self_care)
SELECT * FROM unique_values_home_or_self_care;, parameters: None
[2023-12-19T23:01:23.249+0000] {sql.py:427} INFO - Rows affected: 19
[2023-12-19T23:01:23.261+0000] {taskinstance.py:1400} INFO - Marking task as SUCCESS. dag_id=hosp_insur_claim_fraud-v01.create_dim_tables, task_id=create_dim_home_or_self_care_table, execution_date=20231201T000000, start_date=20231219T230122, end_date=20231219T230123
[2023-12-19T23:01:23.308+0000] {local_task_job_runner.py:228} INFO - Task exited with return code 0
[2023-12-19T23:01:23.344+0000] {taskinstance.py:2778} INFO - 0 downstream tasks scheduled from follow-on schedule check
