[2023-12-11T05:57:56.877+0000] {processor.py:157} INFO - Started process (PID=192) to work on /opt/airflow/dags/clean_up_after_star_schema_creation.py
[2023-12-11T05:57:56.878+0000] {processor.py:829} INFO - Processing file /opt/airflow/dags/clean_up_after_star_schema_creation.py for tasks to queue
[2023-12-11T05:57:56.878+0000] {logging_mixin.py:154} INFO - [2023-12-11T05:57:56.878+0000] {dagbag.py:536} INFO - Filling up the DagBag from /opt/airflow/dags/clean_up_after_star_schema_creation.py
[2023-12-11T05:57:56.884+0000] {processor.py:841} WARNING - No viable dags retrieved from /opt/airflow/dags/clean_up_after_star_schema_creation.py
[2023-12-11T05:57:56.897+0000] {processor.py:179} INFO - Processing /opt/airflow/dags/clean_up_after_star_schema_creation.py took 0.023 seconds
[2023-12-11T05:58:27.051+0000] {processor.py:157} INFO - Started process (PID=231) to work on /opt/airflow/dags/clean_up_after_star_schema_creation.py
[2023-12-11T05:58:27.051+0000] {processor.py:829} INFO - Processing file /opt/airflow/dags/clean_up_after_star_schema_creation.py for tasks to queue
[2023-12-11T05:58:27.052+0000] {logging_mixin.py:154} INFO - [2023-12-11T05:58:27.052+0000] {dagbag.py:536} INFO - Filling up the DagBag from /opt/airflow/dags/clean_up_after_star_schema_creation.py
[2023-12-11T05:58:27.056+0000] {processor.py:841} WARNING - No viable dags retrieved from /opt/airflow/dags/clean_up_after_star_schema_creation.py
[2023-12-11T05:58:27.065+0000] {processor.py:179} INFO - Processing /opt/airflow/dags/clean_up_after_star_schema_creation.py took 0.016 seconds
[2023-12-11T05:58:57.542+0000] {processor.py:157} INFO - Started process (PID=272) to work on /opt/airflow/dags/clean_up_after_star_schema_creation.py
[2023-12-11T05:58:57.543+0000] {processor.py:829} INFO - Processing file /opt/airflow/dags/clean_up_after_star_schema_creation.py for tasks to queue
[2023-12-11T05:58:57.543+0000] {logging_mixin.py:154} INFO - [2023-12-11T05:58:57.543+0000] {dagbag.py:536} INFO - Filling up the DagBag from /opt/airflow/dags/clean_up_after_star_schema_creation.py
[2023-12-11T05:58:57.547+0000] {processor.py:841} WARNING - No viable dags retrieved from /opt/airflow/dags/clean_up_after_star_schema_creation.py
[2023-12-11T05:58:57.556+0000] {processor.py:179} INFO - Processing /opt/airflow/dags/clean_up_after_star_schema_creation.py took 0.017 seconds
[2023-12-11T05:59:28.019+0000] {processor.py:157} INFO - Started process (PID=315) to work on /opt/airflow/dags/clean_up_after_star_schema_creation.py
[2023-12-11T05:59:28.020+0000] {processor.py:829} INFO - Processing file /opt/airflow/dags/clean_up_after_star_schema_creation.py for tasks to queue
[2023-12-11T05:59:28.021+0000] {logging_mixin.py:154} INFO - [2023-12-11T05:59:28.020+0000] {dagbag.py:536} INFO - Filling up the DagBag from /opt/airflow/dags/clean_up_after_star_schema_creation.py
[2023-12-11T05:59:28.024+0000] {processor.py:841} WARNING - No viable dags retrieved from /opt/airflow/dags/clean_up_after_star_schema_creation.py
[2023-12-11T05:59:28.033+0000] {processor.py:179} INFO - Processing /opt/airflow/dags/clean_up_after_star_schema_creation.py took 0.016 seconds
[2023-12-11T05:59:58.454+0000] {processor.py:157} INFO - Started process (PID=358) to work on /opt/airflow/dags/clean_up_after_star_schema_creation.py
[2023-12-11T05:59:58.454+0000] {processor.py:829} INFO - Processing file /opt/airflow/dags/clean_up_after_star_schema_creation.py for tasks to queue
[2023-12-11T05:59:58.455+0000] {logging_mixin.py:154} INFO - [2023-12-11T05:59:58.455+0000] {dagbag.py:536} INFO - Filling up the DagBag from /opt/airflow/dags/clean_up_after_star_schema_creation.py
[2023-12-11T05:59:58.460+0000] {processor.py:841} WARNING - No viable dags retrieved from /opt/airflow/dags/clean_up_after_star_schema_creation.py
[2023-12-11T05:59:58.471+0000] {processor.py:179} INFO - Processing /opt/airflow/dags/clean_up_after_star_schema_creation.py took 0.020 seconds
[2023-12-11T06:00:28.902+0000] {processor.py:157} INFO - Started process (PID=401) to work on /opt/airflow/dags/clean_up_after_star_schema_creation.py
[2023-12-11T06:00:28.903+0000] {processor.py:829} INFO - Processing file /opt/airflow/dags/clean_up_after_star_schema_creation.py for tasks to queue
[2023-12-11T06:00:28.903+0000] {logging_mixin.py:154} INFO - [2023-12-11T06:00:28.903+0000] {dagbag.py:536} INFO - Filling up the DagBag from /opt/airflow/dags/clean_up_after_star_schema_creation.py
[2023-12-11T06:00:28.907+0000] {processor.py:841} WARNING - No viable dags retrieved from /opt/airflow/dags/clean_up_after_star_schema_creation.py
[2023-12-11T06:00:28.916+0000] {processor.py:179} INFO - Processing /opt/airflow/dags/clean_up_after_star_schema_creation.py took 0.016 seconds
[2023-12-11T06:00:59.391+0000] {processor.py:157} INFO - Started process (PID=444) to work on /opt/airflow/dags/clean_up_after_star_schema_creation.py
[2023-12-11T06:00:59.392+0000] {processor.py:829} INFO - Processing file /opt/airflow/dags/clean_up_after_star_schema_creation.py for tasks to queue
[2023-12-11T06:00:59.393+0000] {logging_mixin.py:154} INFO - [2023-12-11T06:00:59.392+0000] {dagbag.py:536} INFO - Filling up the DagBag from /opt/airflow/dags/clean_up_after_star_schema_creation.py
[2023-12-11T06:00:59.396+0000] {processor.py:841} WARNING - No viable dags retrieved from /opt/airflow/dags/clean_up_after_star_schema_creation.py
[2023-12-11T06:00:59.406+0000] {processor.py:179} INFO - Processing /opt/airflow/dags/clean_up_after_star_schema_creation.py took 0.017 seconds
[2023-12-11T06:01:29.808+0000] {processor.py:157} INFO - Started process (PID=487) to work on /opt/airflow/dags/clean_up_after_star_schema_creation.py
[2023-12-11T06:01:29.809+0000] {processor.py:829} INFO - Processing file /opt/airflow/dags/clean_up_after_star_schema_creation.py for tasks to queue
[2023-12-11T06:01:29.809+0000] {logging_mixin.py:154} INFO - [2023-12-11T06:01:29.809+0000] {dagbag.py:536} INFO - Filling up the DagBag from /opt/airflow/dags/clean_up_after_star_schema_creation.py
[2023-12-11T06:01:29.813+0000] {processor.py:841} WARNING - No viable dags retrieved from /opt/airflow/dags/clean_up_after_star_schema_creation.py
[2023-12-11T06:01:29.823+0000] {processor.py:179} INFO - Processing /opt/airflow/dags/clean_up_after_star_schema_creation.py took 0.017 seconds
[2023-12-11T06:02:00.217+0000] {processor.py:157} INFO - Started process (PID=535) to work on /opt/airflow/dags/clean_up_after_star_schema_creation.py
[2023-12-11T06:02:00.218+0000] {processor.py:829} INFO - Processing file /opt/airflow/dags/clean_up_after_star_schema_creation.py for tasks to queue
[2023-12-11T06:02:00.219+0000] {logging_mixin.py:154} INFO - [2023-12-11T06:02:00.219+0000] {dagbag.py:536} INFO - Filling up the DagBag from /opt/airflow/dags/clean_up_after_star_schema_creation.py
[2023-12-11T06:02:00.223+0000] {processor.py:841} WARNING - No viable dags retrieved from /opt/airflow/dags/clean_up_after_star_schema_creation.py
[2023-12-11T06:02:00.234+0000] {processor.py:179} INFO - Processing /opt/airflow/dags/clean_up_after_star_schema_creation.py took 0.019 seconds
[2023-12-11T06:02:30.704+0000] {processor.py:157} INFO - Started process (PID=585) to work on /opt/airflow/dags/clean_up_after_star_schema_creation.py
[2023-12-11T06:02:30.705+0000] {processor.py:829} INFO - Processing file /opt/airflow/dags/clean_up_after_star_schema_creation.py for tasks to queue
[2023-12-11T06:02:30.705+0000] {logging_mixin.py:154} INFO - [2023-12-11T06:02:30.705+0000] {dagbag.py:536} INFO - Filling up the DagBag from /opt/airflow/dags/clean_up_after_star_schema_creation.py
[2023-12-11T06:02:30.709+0000] {processor.py:841} WARNING - No viable dags retrieved from /opt/airflow/dags/clean_up_after_star_schema_creation.py
[2023-12-11T06:02:30.720+0000] {processor.py:179} INFO - Processing /opt/airflow/dags/clean_up_after_star_schema_creation.py took 0.018 seconds
[2023-12-11T06:03:01.260+0000] {processor.py:157} INFO - Started process (PID=631) to work on /opt/airflow/dags/clean_up_after_star_schema_creation.py
[2023-12-11T06:03:01.261+0000] {processor.py:829} INFO - Processing file /opt/airflow/dags/clean_up_after_star_schema_creation.py for tasks to queue
[2023-12-11T06:03:01.262+0000] {logging_mixin.py:154} INFO - [2023-12-11T06:03:01.261+0000] {dagbag.py:536} INFO - Filling up the DagBag from /opt/airflow/dags/clean_up_after_star_schema_creation.py
[2023-12-11T06:03:01.266+0000] {processor.py:841} WARNING - No viable dags retrieved from /opt/airflow/dags/clean_up_after_star_schema_creation.py
[2023-12-11T06:03:01.277+0000] {processor.py:179} INFO - Processing /opt/airflow/dags/clean_up_after_star_schema_creation.py took 0.019 seconds
[2023-12-11T06:03:31.796+0000] {processor.py:157} INFO - Started process (PID=680) to work on /opt/airflow/dags/clean_up_after_star_schema_creation.py
[2023-12-11T06:03:31.796+0000] {processor.py:829} INFO - Processing file /opt/airflow/dags/clean_up_after_star_schema_creation.py for tasks to queue
[2023-12-11T06:03:31.797+0000] {logging_mixin.py:154} INFO - [2023-12-11T06:03:31.797+0000] {dagbag.py:536} INFO - Filling up the DagBag from /opt/airflow/dags/clean_up_after_star_schema_creation.py
[2023-12-11T06:03:31.801+0000] {processor.py:841} WARNING - No viable dags retrieved from /opt/airflow/dags/clean_up_after_star_schema_creation.py
[2023-12-11T06:03:31.810+0000] {processor.py:179} INFO - Processing /opt/airflow/dags/clean_up_after_star_schema_creation.py took 0.017 seconds
[2023-12-11T06:04:02.340+0000] {processor.py:157} INFO - Started process (PID=723) to work on /opt/airflow/dags/clean_up_after_star_schema_creation.py
[2023-12-11T06:04:02.341+0000] {processor.py:829} INFO - Processing file /opt/airflow/dags/clean_up_after_star_schema_creation.py for tasks to queue
[2023-12-11T06:04:02.341+0000] {logging_mixin.py:154} INFO - [2023-12-11T06:04:02.341+0000] {dagbag.py:536} INFO - Filling up the DagBag from /opt/airflow/dags/clean_up_after_star_schema_creation.py
[2023-12-11T06:04:02.345+0000] {processor.py:841} WARNING - No viable dags retrieved from /opt/airflow/dags/clean_up_after_star_schema_creation.py
[2023-12-11T06:04:02.355+0000] {processor.py:179} INFO - Processing /opt/airflow/dags/clean_up_after_star_schema_creation.py took 0.018 seconds
[2023-12-11T06:04:32.794+0000] {processor.py:157} INFO - Started process (PID=775) to work on /opt/airflow/dags/clean_up_after_star_schema_creation.py
[2023-12-11T06:04:32.794+0000] {processor.py:829} INFO - Processing file /opt/airflow/dags/clean_up_after_star_schema_creation.py for tasks to queue
[2023-12-11T06:04:32.795+0000] {logging_mixin.py:154} INFO - [2023-12-11T06:04:32.795+0000] {dagbag.py:536} INFO - Filling up the DagBag from /opt/airflow/dags/clean_up_after_star_schema_creation.py
[2023-12-11T06:04:32.798+0000] {processor.py:841} WARNING - No viable dags retrieved from /opt/airflow/dags/clean_up_after_star_schema_creation.py
[2023-12-11T06:04:32.807+0000] {processor.py:179} INFO - Processing /opt/airflow/dags/clean_up_after_star_schema_creation.py took 0.016 seconds
[2023-12-11T06:05:03.251+0000] {processor.py:157} INFO - Started process (PID=818) to work on /opt/airflow/dags/clean_up_after_star_schema_creation.py
[2023-12-11T06:05:03.252+0000] {processor.py:829} INFO - Processing file /opt/airflow/dags/clean_up_after_star_schema_creation.py for tasks to queue
[2023-12-11T06:05:03.252+0000] {logging_mixin.py:154} INFO - [2023-12-11T06:05:03.252+0000] {dagbag.py:536} INFO - Filling up the DagBag from /opt/airflow/dags/clean_up_after_star_schema_creation.py
[2023-12-11T06:05:03.256+0000] {processor.py:841} WARNING - No viable dags retrieved from /opt/airflow/dags/clean_up_after_star_schema_creation.py
[2023-12-11T06:05:03.265+0000] {processor.py:179} INFO - Processing /opt/airflow/dags/clean_up_after_star_schema_creation.py took 0.016 seconds
[2023-12-11T06:05:33.693+0000] {processor.py:157} INFO - Started process (PID=882) to work on /opt/airflow/dags/clean_up_after_star_schema_creation.py
[2023-12-11T06:05:33.694+0000] {processor.py:829} INFO - Processing file /opt/airflow/dags/clean_up_after_star_schema_creation.py for tasks to queue
[2023-12-11T06:05:33.694+0000] {logging_mixin.py:154} INFO - [2023-12-11T06:05:33.694+0000] {dagbag.py:536} INFO - Filling up the DagBag from /opt/airflow/dags/clean_up_after_star_schema_creation.py
[2023-12-11T06:05:33.698+0000] {processor.py:841} WARNING - No viable dags retrieved from /opt/airflow/dags/clean_up_after_star_schema_creation.py
[2023-12-11T06:05:33.707+0000] {processor.py:179} INFO - Processing /opt/airflow/dags/clean_up_after_star_schema_creation.py took 0.016 seconds
[2023-12-11T06:06:04.121+0000] {processor.py:157} INFO - Started process (PID=927) to work on /opt/airflow/dags/clean_up_after_star_schema_creation.py
[2023-12-11T06:06:04.121+0000] {processor.py:829} INFO - Processing file /opt/airflow/dags/clean_up_after_star_schema_creation.py for tasks to queue
[2023-12-11T06:06:04.122+0000] {logging_mixin.py:154} INFO - [2023-12-11T06:06:04.122+0000] {dagbag.py:536} INFO - Filling up the DagBag from /opt/airflow/dags/clean_up_after_star_schema_creation.py
[2023-12-11T06:06:04.125+0000] {processor.py:841} WARNING - No viable dags retrieved from /opt/airflow/dags/clean_up_after_star_schema_creation.py
[2023-12-11T06:06:04.135+0000] {processor.py:179} INFO - Processing /opt/airflow/dags/clean_up_after_star_schema_creation.py took 0.016 seconds
[2023-12-11T06:06:34.552+0000] {processor.py:157} INFO - Started process (PID=991) to work on /opt/airflow/dags/clean_up_after_star_schema_creation.py
[2023-12-11T06:06:34.553+0000] {processor.py:829} INFO - Processing file /opt/airflow/dags/clean_up_after_star_schema_creation.py for tasks to queue
[2023-12-11T06:06:34.553+0000] {logging_mixin.py:154} INFO - [2023-12-11T06:06:34.553+0000] {dagbag.py:536} INFO - Filling up the DagBag from /opt/airflow/dags/clean_up_after_star_schema_creation.py
[2023-12-11T06:06:34.557+0000] {processor.py:841} WARNING - No viable dags retrieved from /opt/airflow/dags/clean_up_after_star_schema_creation.py
[2023-12-11T06:06:34.566+0000] {processor.py:179} INFO - Processing /opt/airflow/dags/clean_up_after_star_schema_creation.py took 0.016 seconds
[2023-12-11T06:07:05.010+0000] {processor.py:157} INFO - Started process (PID=1034) to work on /opt/airflow/dags/clean_up_after_star_schema_creation.py
[2023-12-11T06:07:05.011+0000] {processor.py:829} INFO - Processing file /opt/airflow/dags/clean_up_after_star_schema_creation.py for tasks to queue
[2023-12-11T06:07:05.011+0000] {logging_mixin.py:154} INFO - [2023-12-11T06:07:05.011+0000] {dagbag.py:536} INFO - Filling up the DagBag from /opt/airflow/dags/clean_up_after_star_schema_creation.py
[2023-12-11T06:07:05.015+0000] {processor.py:841} WARNING - No viable dags retrieved from /opt/airflow/dags/clean_up_after_star_schema_creation.py
[2023-12-11T06:07:05.024+0000] {processor.py:179} INFO - Processing /opt/airflow/dags/clean_up_after_star_schema_creation.py took 0.016 seconds
[2023-12-11T06:07:35.471+0000] {processor.py:157} INFO - Started process (PID=1096) to work on /opt/airflow/dags/clean_up_after_star_schema_creation.py
[2023-12-11T06:07:35.471+0000] {processor.py:829} INFO - Processing file /opt/airflow/dags/clean_up_after_star_schema_creation.py for tasks to queue
[2023-12-11T06:07:35.472+0000] {logging_mixin.py:154} INFO - [2023-12-11T06:07:35.472+0000] {dagbag.py:536} INFO - Filling up the DagBag from /opt/airflow/dags/clean_up_after_star_schema_creation.py
[2023-12-11T06:07:35.476+0000] {processor.py:841} WARNING - No viable dags retrieved from /opt/airflow/dags/clean_up_after_star_schema_creation.py
[2023-12-11T06:07:35.485+0000] {processor.py:179} INFO - Processing /opt/airflow/dags/clean_up_after_star_schema_creation.py took 0.017 seconds
[2023-12-11T06:08:06.001+0000] {processor.py:157} INFO - Started process (PID=1139) to work on /opt/airflow/dags/clean_up_after_star_schema_creation.py
[2023-12-11T06:08:06.002+0000] {processor.py:829} INFO - Processing file /opt/airflow/dags/clean_up_after_star_schema_creation.py for tasks to queue
[2023-12-11T06:08:06.002+0000] {logging_mixin.py:154} INFO - [2023-12-11T06:08:06.002+0000] {dagbag.py:536} INFO - Filling up the DagBag from /opt/airflow/dags/clean_up_after_star_schema_creation.py
[2023-12-11T06:08:06.006+0000] {processor.py:841} WARNING - No viable dags retrieved from /opt/airflow/dags/clean_up_after_star_schema_creation.py
[2023-12-11T06:08:06.015+0000] {processor.py:179} INFO - Processing /opt/airflow/dags/clean_up_after_star_schema_creation.py took 0.016 seconds
[2023-12-11T06:08:36.429+0000] {processor.py:157} INFO - Started process (PID=1182) to work on /opt/airflow/dags/clean_up_after_star_schema_creation.py
[2023-12-11T06:08:36.430+0000] {processor.py:829} INFO - Processing file /opt/airflow/dags/clean_up_after_star_schema_creation.py for tasks to queue
[2023-12-11T06:08:36.431+0000] {logging_mixin.py:154} INFO - [2023-12-11T06:08:36.431+0000] {dagbag.py:536} INFO - Filling up the DagBag from /opt/airflow/dags/clean_up_after_star_schema_creation.py
[2023-12-11T06:08:36.435+0000] {processor.py:841} WARNING - No viable dags retrieved from /opt/airflow/dags/clean_up_after_star_schema_creation.py
[2023-12-11T06:08:36.444+0000] {processor.py:179} INFO - Processing /opt/airflow/dags/clean_up_after_star_schema_creation.py took 0.017 seconds
[2023-12-11T06:09:06.876+0000] {processor.py:157} INFO - Started process (PID=1225) to work on /opt/airflow/dags/clean_up_after_star_schema_creation.py
[2023-12-11T06:09:06.877+0000] {processor.py:829} INFO - Processing file /opt/airflow/dags/clean_up_after_star_schema_creation.py for tasks to queue
[2023-12-11T06:09:06.878+0000] {logging_mixin.py:154} INFO - [2023-12-11T06:09:06.878+0000] {dagbag.py:536} INFO - Filling up the DagBag from /opt/airflow/dags/clean_up_after_star_schema_creation.py
[2023-12-11T06:09:06.882+0000] {processor.py:841} WARNING - No viable dags retrieved from /opt/airflow/dags/clean_up_after_star_schema_creation.py
[2023-12-11T06:09:06.892+0000] {processor.py:179} INFO - Processing /opt/airflow/dags/clean_up_after_star_schema_creation.py took 0.018 seconds
[2023-12-11T06:09:37.305+0000] {processor.py:157} INFO - Started process (PID=1268) to work on /opt/airflow/dags/clean_up_after_star_schema_creation.py
[2023-12-11T06:09:37.306+0000] {processor.py:829} INFO - Processing file /opt/airflow/dags/clean_up_after_star_schema_creation.py for tasks to queue
[2023-12-11T06:09:37.307+0000] {logging_mixin.py:154} INFO - [2023-12-11T06:09:37.307+0000] {dagbag.py:536} INFO - Filling up the DagBag from /opt/airflow/dags/clean_up_after_star_schema_creation.py
[2023-12-11T06:09:37.310+0000] {processor.py:841} WARNING - No viable dags retrieved from /opt/airflow/dags/clean_up_after_star_schema_creation.py
[2023-12-11T06:09:37.320+0000] {processor.py:179} INFO - Processing /opt/airflow/dags/clean_up_after_star_schema_creation.py took 0.016 seconds
[2023-12-11T06:10:07.786+0000] {processor.py:157} INFO - Started process (PID=1311) to work on /opt/airflow/dags/clean_up_after_star_schema_creation.py
[2023-12-11T06:10:07.786+0000] {processor.py:829} INFO - Processing file /opt/airflow/dags/clean_up_after_star_schema_creation.py for tasks to queue
[2023-12-11T06:10:07.787+0000] {logging_mixin.py:154} INFO - [2023-12-11T06:10:07.787+0000] {dagbag.py:536} INFO - Filling up the DagBag from /opt/airflow/dags/clean_up_after_star_schema_creation.py
[2023-12-11T06:10:07.790+0000] {processor.py:841} WARNING - No viable dags retrieved from /opt/airflow/dags/clean_up_after_star_schema_creation.py
[2023-12-11T06:10:07.799+0000] {processor.py:179} INFO - Processing /opt/airflow/dags/clean_up_after_star_schema_creation.py took 0.016 seconds
[2023-12-11T06:10:38.279+0000] {processor.py:157} INFO - Started process (PID=1354) to work on /opt/airflow/dags/clean_up_after_star_schema_creation.py
[2023-12-11T06:10:38.279+0000] {processor.py:829} INFO - Processing file /opt/airflow/dags/clean_up_after_star_schema_creation.py for tasks to queue
[2023-12-11T06:10:38.280+0000] {logging_mixin.py:154} INFO - [2023-12-11T06:10:38.280+0000] {dagbag.py:536} INFO - Filling up the DagBag from /opt/airflow/dags/clean_up_after_star_schema_creation.py
[2023-12-11T06:10:38.284+0000] {processor.py:841} WARNING - No viable dags retrieved from /opt/airflow/dags/clean_up_after_star_schema_creation.py
[2023-12-11T06:10:38.294+0000] {processor.py:179} INFO - Processing /opt/airflow/dags/clean_up_after_star_schema_creation.py took 0.018 seconds
[2023-12-11T06:11:08.782+0000] {processor.py:157} INFO - Started process (PID=1397) to work on /opt/airflow/dags/clean_up_after_star_schema_creation.py
[2023-12-11T06:11:08.783+0000] {processor.py:829} INFO - Processing file /opt/airflow/dags/clean_up_after_star_schema_creation.py for tasks to queue
[2023-12-11T06:11:08.783+0000] {logging_mixin.py:154} INFO - [2023-12-11T06:11:08.783+0000] {dagbag.py:536} INFO - Filling up the DagBag from /opt/airflow/dags/clean_up_after_star_schema_creation.py
[2023-12-11T06:11:08.787+0000] {processor.py:841} WARNING - No viable dags retrieved from /opt/airflow/dags/clean_up_after_star_schema_creation.py
[2023-12-11T06:11:08.798+0000] {processor.py:179} INFO - Processing /opt/airflow/dags/clean_up_after_star_schema_creation.py took 0.018 seconds
[2023-12-11T06:11:39.248+0000] {processor.py:157} INFO - Started process (PID=1440) to work on /opt/airflow/dags/clean_up_after_star_schema_creation.py
[2023-12-11T06:11:39.248+0000] {processor.py:829} INFO - Processing file /opt/airflow/dags/clean_up_after_star_schema_creation.py for tasks to queue
[2023-12-11T06:11:39.249+0000] {logging_mixin.py:154} INFO - [2023-12-11T06:11:39.249+0000] {dagbag.py:536} INFO - Filling up the DagBag from /opt/airflow/dags/clean_up_after_star_schema_creation.py
[2023-12-11T06:11:39.253+0000] {processor.py:841} WARNING - No viable dags retrieved from /opt/airflow/dags/clean_up_after_star_schema_creation.py
[2023-12-11T06:11:39.263+0000] {processor.py:179} INFO - Processing /opt/airflow/dags/clean_up_after_star_schema_creation.py took 0.018 seconds
[2023-12-11T06:12:09.734+0000] {processor.py:157} INFO - Started process (PID=1483) to work on /opt/airflow/dags/clean_up_after_star_schema_creation.py
[2023-12-11T06:12:09.735+0000] {processor.py:829} INFO - Processing file /opt/airflow/dags/clean_up_after_star_schema_creation.py for tasks to queue
[2023-12-11T06:12:09.736+0000] {logging_mixin.py:154} INFO - [2023-12-11T06:12:09.736+0000] {dagbag.py:536} INFO - Filling up the DagBag from /opt/airflow/dags/clean_up_after_star_schema_creation.py
[2023-12-11T06:12:09.739+0000] {processor.py:841} WARNING - No viable dags retrieved from /opt/airflow/dags/clean_up_after_star_schema_creation.py
[2023-12-11T06:12:09.749+0000] {processor.py:179} INFO - Processing /opt/airflow/dags/clean_up_after_star_schema_creation.py took 0.017 seconds
[2023-12-11T06:12:40.244+0000] {processor.py:157} INFO - Started process (PID=1526) to work on /opt/airflow/dags/clean_up_after_star_schema_creation.py
[2023-12-11T06:12:40.245+0000] {processor.py:829} INFO - Processing file /opt/airflow/dags/clean_up_after_star_schema_creation.py for tasks to queue
[2023-12-11T06:12:40.245+0000] {logging_mixin.py:154} INFO - [2023-12-11T06:12:40.245+0000] {dagbag.py:536} INFO - Filling up the DagBag from /opt/airflow/dags/clean_up_after_star_schema_creation.py
[2023-12-11T06:12:40.249+0000] {processor.py:841} WARNING - No viable dags retrieved from /opt/airflow/dags/clean_up_after_star_schema_creation.py
[2023-12-11T06:12:40.258+0000] {processor.py:179} INFO - Processing /opt/airflow/dags/clean_up_after_star_schema_creation.py took 0.016 seconds
[2023-12-11T06:13:10.648+0000] {processor.py:157} INFO - Started process (PID=1569) to work on /opt/airflow/dags/clean_up_after_star_schema_creation.py
[2023-12-11T06:13:10.648+0000] {processor.py:829} INFO - Processing file /opt/airflow/dags/clean_up_after_star_schema_creation.py for tasks to queue
[2023-12-11T06:13:10.649+0000] {logging_mixin.py:154} INFO - [2023-12-11T06:13:10.649+0000] {dagbag.py:536} INFO - Filling up the DagBag from /opt/airflow/dags/clean_up_after_star_schema_creation.py
[2023-12-11T06:13:10.652+0000] {processor.py:841} WARNING - No viable dags retrieved from /opt/airflow/dags/clean_up_after_star_schema_creation.py
[2023-12-11T06:13:10.663+0000] {processor.py:179} INFO - Processing /opt/airflow/dags/clean_up_after_star_schema_creation.py took 0.018 seconds
[2023-12-11T06:13:41.083+0000] {processor.py:157} INFO - Started process (PID=1612) to work on /opt/airflow/dags/clean_up_after_star_schema_creation.py
[2023-12-11T06:13:41.084+0000] {processor.py:829} INFO - Processing file /opt/airflow/dags/clean_up_after_star_schema_creation.py for tasks to queue
[2023-12-11T06:13:41.084+0000] {logging_mixin.py:154} INFO - [2023-12-11T06:13:41.084+0000] {dagbag.py:536} INFO - Filling up the DagBag from /opt/airflow/dags/clean_up_after_star_schema_creation.py
[2023-12-11T06:13:41.088+0000] {processor.py:841} WARNING - No viable dags retrieved from /opt/airflow/dags/clean_up_after_star_schema_creation.py
[2023-12-11T06:13:41.097+0000] {processor.py:179} INFO - Processing /opt/airflow/dags/clean_up_after_star_schema_creation.py took 0.016 seconds
[2023-12-11T06:14:11.535+0000] {processor.py:157} INFO - Started process (PID=1655) to work on /opt/airflow/dags/clean_up_after_star_schema_creation.py
[2023-12-11T06:14:11.536+0000] {processor.py:829} INFO - Processing file /opt/airflow/dags/clean_up_after_star_schema_creation.py for tasks to queue
[2023-12-11T06:14:11.537+0000] {logging_mixin.py:154} INFO - [2023-12-11T06:14:11.537+0000] {dagbag.py:536} INFO - Filling up the DagBag from /opt/airflow/dags/clean_up_after_star_schema_creation.py
[2023-12-11T06:14:11.541+0000] {processor.py:841} WARNING - No viable dags retrieved from /opt/airflow/dags/clean_up_after_star_schema_creation.py
[2023-12-11T06:14:11.550+0000] {processor.py:179} INFO - Processing /opt/airflow/dags/clean_up_after_star_schema_creation.py took 0.017 seconds
[2023-12-11T06:14:42.028+0000] {processor.py:157} INFO - Started process (PID=1698) to work on /opt/airflow/dags/clean_up_after_star_schema_creation.py
[2023-12-11T06:14:42.028+0000] {processor.py:829} INFO - Processing file /opt/airflow/dags/clean_up_after_star_schema_creation.py for tasks to queue
[2023-12-11T06:14:42.029+0000] {logging_mixin.py:154} INFO - [2023-12-11T06:14:42.029+0000] {dagbag.py:536} INFO - Filling up the DagBag from /opt/airflow/dags/clean_up_after_star_schema_creation.py
[2023-12-11T06:14:42.033+0000] {processor.py:841} WARNING - No viable dags retrieved from /opt/airflow/dags/clean_up_after_star_schema_creation.py
[2023-12-11T06:14:42.044+0000] {processor.py:179} INFO - Processing /opt/airflow/dags/clean_up_after_star_schema_creation.py took 0.019 seconds
[2023-12-11T06:15:12.494+0000] {processor.py:157} INFO - Started process (PID=1741) to work on /opt/airflow/dags/clean_up_after_star_schema_creation.py
[2023-12-11T06:15:12.495+0000] {processor.py:829} INFO - Processing file /opt/airflow/dags/clean_up_after_star_schema_creation.py for tasks to queue
[2023-12-11T06:15:12.496+0000] {logging_mixin.py:154} INFO - [2023-12-11T06:15:12.495+0000] {dagbag.py:536} INFO - Filling up the DagBag from /opt/airflow/dags/clean_up_after_star_schema_creation.py
[2023-12-11T06:15:12.499+0000] {processor.py:841} WARNING - No viable dags retrieved from /opt/airflow/dags/clean_up_after_star_schema_creation.py
[2023-12-11T06:15:12.509+0000] {processor.py:179} INFO - Processing /opt/airflow/dags/clean_up_after_star_schema_creation.py took 0.017 seconds
[2023-12-11T06:15:42.890+0000] {processor.py:157} INFO - Started process (PID=1784) to work on /opt/airflow/dags/clean_up_after_star_schema_creation.py
[2023-12-11T06:15:42.891+0000] {processor.py:829} INFO - Processing file /opt/airflow/dags/clean_up_after_star_schema_creation.py for tasks to queue
[2023-12-11T06:15:42.891+0000] {logging_mixin.py:154} INFO - [2023-12-11T06:15:42.891+0000] {dagbag.py:536} INFO - Filling up the DagBag from /opt/airflow/dags/clean_up_after_star_schema_creation.py
[2023-12-11T06:15:42.895+0000] {processor.py:841} WARNING - No viable dags retrieved from /opt/airflow/dags/clean_up_after_star_schema_creation.py
[2023-12-11T06:15:42.905+0000] {processor.py:179} INFO - Processing /opt/airflow/dags/clean_up_after_star_schema_creation.py took 0.018 seconds
