[2023-12-11T05:57:56.728+0000] {processor.py:157} INFO - Started process (PID=168) to work on /opt/airflow/dags/create_star_schema_part_2.py
[2023-12-11T05:57:56.729+0000] {processor.py:829} INFO - Processing file /opt/airflow/dags/create_star_schema_part_2.py for tasks to queue
[2023-12-11T05:57:56.729+0000] {logging_mixin.py:154} INFO - [2023-12-11T05:57:56.729+0000] {dagbag.py:536} INFO - Filling up the DagBag from /opt/airflow/dags/create_star_schema_part_2.py
[2023-12-11T05:57:56.740+0000] {processor.py:841} WARNING - No viable dags retrieved from /opt/airflow/dags/create_star_schema_part_2.py
[2023-12-11T05:57:56.753+0000] {processor.py:179} INFO - Processing /opt/airflow/dags/create_star_schema_part_2.py took 0.028 seconds
[2023-12-11T05:58:26.981+0000] {processor.py:157} INFO - Started process (PID=211) to work on /opt/airflow/dags/create_star_schema_part_2.py
[2023-12-11T05:58:26.982+0000] {processor.py:829} INFO - Processing file /opt/airflow/dags/create_star_schema_part_2.py for tasks to queue
[2023-12-11T05:58:26.983+0000] {logging_mixin.py:154} INFO - [2023-12-11T05:58:26.983+0000] {dagbag.py:536} INFO - Filling up the DagBag from /opt/airflow/dags/create_star_schema_part_2.py
[2023-12-11T05:58:26.990+0000] {processor.py:841} WARNING - No viable dags retrieved from /opt/airflow/dags/create_star_schema_part_2.py
[2023-12-11T05:58:27.004+0000] {processor.py:179} INFO - Processing /opt/airflow/dags/create_star_schema_part_2.py took 0.026 seconds
[2023-12-11T05:58:57.464+0000] {processor.py:157} INFO - Started process (PID=254) to work on /opt/airflow/dags/create_star_schema_part_2.py
[2023-12-11T05:58:57.465+0000] {processor.py:829} INFO - Processing file /opt/airflow/dags/create_star_schema_part_2.py for tasks to queue
[2023-12-11T05:58:57.466+0000] {logging_mixin.py:154} INFO - [2023-12-11T05:58:57.466+0000] {dagbag.py:536} INFO - Filling up the DagBag from /opt/airflow/dags/create_star_schema_part_2.py
[2023-12-11T05:58:57.474+0000] {processor.py:841} WARNING - No viable dags retrieved from /opt/airflow/dags/create_star_schema_part_2.py
[2023-12-11T05:58:57.489+0000] {processor.py:179} INFO - Processing /opt/airflow/dags/create_star_schema_part_2.py took 0.030 seconds
[2023-12-11T05:59:27.944+0000] {processor.py:157} INFO - Started process (PID=297) to work on /opt/airflow/dags/create_star_schema_part_2.py
[2023-12-11T05:59:27.945+0000] {processor.py:829} INFO - Processing file /opt/airflow/dags/create_star_schema_part_2.py for tasks to queue
[2023-12-11T05:59:27.946+0000] {logging_mixin.py:154} INFO - [2023-12-11T05:59:27.946+0000] {dagbag.py:536} INFO - Filling up the DagBag from /opt/airflow/dags/create_star_schema_part_2.py
[2023-12-11T05:59:27.954+0000] {processor.py:841} WARNING - No viable dags retrieved from /opt/airflow/dags/create_star_schema_part_2.py
[2023-12-11T05:59:27.970+0000] {processor.py:179} INFO - Processing /opt/airflow/dags/create_star_schema_part_2.py took 0.031 seconds
[2023-12-11T05:59:58.370+0000] {processor.py:157} INFO - Started process (PID=340) to work on /opt/airflow/dags/create_star_schema_part_2.py
[2023-12-11T05:59:58.371+0000] {processor.py:829} INFO - Processing file /opt/airflow/dags/create_star_schema_part_2.py for tasks to queue
[2023-12-11T05:59:58.372+0000] {logging_mixin.py:154} INFO - [2023-12-11T05:59:58.372+0000] {dagbag.py:536} INFO - Filling up the DagBag from /opt/airflow/dags/create_star_schema_part_2.py
[2023-12-11T05:59:58.378+0000] {processor.py:841} WARNING - No viable dags retrieved from /opt/airflow/dags/create_star_schema_part_2.py
[2023-12-11T05:59:58.392+0000] {processor.py:179} INFO - Processing /opt/airflow/dags/create_star_schema_part_2.py took 0.025 seconds
[2023-12-11T06:00:28.825+0000] {processor.py:157} INFO - Started process (PID=383) to work on /opt/airflow/dags/create_star_schema_part_2.py
[2023-12-11T06:00:28.826+0000] {processor.py:829} INFO - Processing file /opt/airflow/dags/create_star_schema_part_2.py for tasks to queue
[2023-12-11T06:00:28.827+0000] {logging_mixin.py:154} INFO - [2023-12-11T06:00:28.827+0000] {dagbag.py:536} INFO - Filling up the DagBag from /opt/airflow/dags/create_star_schema_part_2.py
[2023-12-11T06:00:28.834+0000] {processor.py:841} WARNING - No viable dags retrieved from /opt/airflow/dags/create_star_schema_part_2.py
[2023-12-11T06:00:28.850+0000] {processor.py:179} INFO - Processing /opt/airflow/dags/create_star_schema_part_2.py took 0.029 seconds
[2023-12-11T06:00:59.312+0000] {processor.py:157} INFO - Started process (PID=426) to work on /opt/airflow/dags/create_star_schema_part_2.py
[2023-12-11T06:00:59.313+0000] {processor.py:829} INFO - Processing file /opt/airflow/dags/create_star_schema_part_2.py for tasks to queue
[2023-12-11T06:00:59.313+0000] {logging_mixin.py:154} INFO - [2023-12-11T06:00:59.313+0000] {dagbag.py:536} INFO - Filling up the DagBag from /opt/airflow/dags/create_star_schema_part_2.py
[2023-12-11T06:00:59.321+0000] {processor.py:841} WARNING - No viable dags retrieved from /opt/airflow/dags/create_star_schema_part_2.py
[2023-12-11T06:00:59.334+0000] {processor.py:179} INFO - Processing /opt/airflow/dags/create_star_schema_part_2.py took 0.025 seconds
[2023-12-11T06:01:29.728+0000] {processor.py:157} INFO - Started process (PID=469) to work on /opt/airflow/dags/create_star_schema_part_2.py
[2023-12-11T06:01:29.729+0000] {processor.py:829} INFO - Processing file /opt/airflow/dags/create_star_schema_part_2.py for tasks to queue
[2023-12-11T06:01:29.729+0000] {logging_mixin.py:154} INFO - [2023-12-11T06:01:29.729+0000] {dagbag.py:536} INFO - Filling up the DagBag from /opt/airflow/dags/create_star_schema_part_2.py
[2023-12-11T06:01:29.735+0000] {processor.py:841} WARNING - No viable dags retrieved from /opt/airflow/dags/create_star_schema_part_2.py
[2023-12-11T06:01:29.748+0000] {processor.py:179} INFO - Processing /opt/airflow/dags/create_star_schema_part_2.py took 0.024 seconds
[2023-12-11T06:02:00.137+0000] {processor.py:157} INFO - Started process (PID=517) to work on /opt/airflow/dags/create_star_schema_part_2.py
[2023-12-11T06:02:00.138+0000] {processor.py:829} INFO - Processing file /opt/airflow/dags/create_star_schema_part_2.py for tasks to queue
[2023-12-11T06:02:00.138+0000] {logging_mixin.py:154} INFO - [2023-12-11T06:02:00.138+0000] {dagbag.py:536} INFO - Filling up the DagBag from /opt/airflow/dags/create_star_schema_part_2.py
[2023-12-11T06:02:00.143+0000] {processor.py:841} WARNING - No viable dags retrieved from /opt/airflow/dags/create_star_schema_part_2.py
[2023-12-11T06:02:00.155+0000] {processor.py:179} INFO - Processing /opt/airflow/dags/create_star_schema_part_2.py took 0.020 seconds
[2023-12-11T06:02:30.640+0000] {processor.py:157} INFO - Started process (PID=567) to work on /opt/airflow/dags/create_star_schema_part_2.py
[2023-12-11T06:02:30.641+0000] {processor.py:829} INFO - Processing file /opt/airflow/dags/create_star_schema_part_2.py for tasks to queue
[2023-12-11T06:02:30.642+0000] {logging_mixin.py:154} INFO - [2023-12-11T06:02:30.641+0000] {dagbag.py:536} INFO - Filling up the DagBag from /opt/airflow/dags/create_star_schema_part_2.py
[2023-12-11T06:02:30.646+0000] {processor.py:841} WARNING - No viable dags retrieved from /opt/airflow/dags/create_star_schema_part_2.py
[2023-12-11T06:02:30.657+0000] {processor.py:179} INFO - Processing /opt/airflow/dags/create_star_schema_part_2.py took 0.019 seconds
[2023-12-11T06:03:01.194+0000] {processor.py:157} INFO - Started process (PID=613) to work on /opt/airflow/dags/create_star_schema_part_2.py
[2023-12-11T06:03:01.194+0000] {processor.py:829} INFO - Processing file /opt/airflow/dags/create_star_schema_part_2.py for tasks to queue
[2023-12-11T06:03:01.195+0000] {logging_mixin.py:154} INFO - [2023-12-11T06:03:01.195+0000] {dagbag.py:536} INFO - Filling up the DagBag from /opt/airflow/dags/create_star_schema_part_2.py
[2023-12-11T06:03:01.199+0000] {processor.py:841} WARNING - No viable dags retrieved from /opt/airflow/dags/create_star_schema_part_2.py
[2023-12-11T06:03:01.209+0000] {processor.py:179} INFO - Processing /opt/airflow/dags/create_star_schema_part_2.py took 0.018 seconds
[2023-12-11T06:03:31.720+0000] {processor.py:157} INFO - Started process (PID=662) to work on /opt/airflow/dags/create_star_schema_part_2.py
[2023-12-11T06:03:31.721+0000] {processor.py:829} INFO - Processing file /opt/airflow/dags/create_star_schema_part_2.py for tasks to queue
[2023-12-11T06:03:31.722+0000] {logging_mixin.py:154} INFO - [2023-12-11T06:03:31.722+0000] {dagbag.py:536} INFO - Filling up the DagBag from /opt/airflow/dags/create_star_schema_part_2.py
[2023-12-11T06:03:31.730+0000] {processor.py:841} WARNING - No viable dags retrieved from /opt/airflow/dags/create_star_schema_part_2.py
[2023-12-11T06:03:31.745+0000] {processor.py:179} INFO - Processing /opt/airflow/dags/create_star_schema_part_2.py took 0.030 seconds
[2023-12-11T06:04:02.262+0000] {processor.py:157} INFO - Started process (PID=705) to work on /opt/airflow/dags/create_star_schema_part_2.py
[2023-12-11T06:04:02.263+0000] {processor.py:829} INFO - Processing file /opt/airflow/dags/create_star_schema_part_2.py for tasks to queue
[2023-12-11T06:04:02.265+0000] {logging_mixin.py:154} INFO - [2023-12-11T06:04:02.264+0000] {dagbag.py:536} INFO - Filling up the DagBag from /opt/airflow/dags/create_star_schema_part_2.py
[2023-12-11T06:04:02.273+0000] {processor.py:841} WARNING - No viable dags retrieved from /opt/airflow/dags/create_star_schema_part_2.py
[2023-12-11T06:04:02.289+0000] {processor.py:179} INFO - Processing /opt/airflow/dags/create_star_schema_part_2.py took 0.031 seconds
[2023-12-11T06:04:32.718+0000] {processor.py:157} INFO - Started process (PID=757) to work on /opt/airflow/dags/create_star_schema_part_2.py
[2023-12-11T06:04:32.720+0000] {processor.py:829} INFO - Processing file /opt/airflow/dags/create_star_schema_part_2.py for tasks to queue
[2023-12-11T06:04:32.721+0000] {logging_mixin.py:154} INFO - [2023-12-11T06:04:32.721+0000] {dagbag.py:536} INFO - Filling up the DagBag from /opt/airflow/dags/create_star_schema_part_2.py
[2023-12-11T06:04:32.729+0000] {processor.py:841} WARNING - No viable dags retrieved from /opt/airflow/dags/create_star_schema_part_2.py
[2023-12-11T06:04:32.745+0000] {processor.py:179} INFO - Processing /opt/airflow/dags/create_star_schema_part_2.py took 0.031 seconds
[2023-12-11T06:05:03.190+0000] {processor.py:157} INFO - Started process (PID=800) to work on /opt/airflow/dags/create_star_schema_part_2.py
[2023-12-11T06:05:03.191+0000] {processor.py:829} INFO - Processing file /opt/airflow/dags/create_star_schema_part_2.py for tasks to queue
[2023-12-11T06:05:03.191+0000] {logging_mixin.py:154} INFO - [2023-12-11T06:05:03.191+0000] {dagbag.py:536} INFO - Filling up the DagBag from /opt/airflow/dags/create_star_schema_part_2.py
[2023-12-11T06:05:03.196+0000] {processor.py:841} WARNING - No viable dags retrieved from /opt/airflow/dags/create_star_schema_part_2.py
[2023-12-11T06:05:03.206+0000] {processor.py:179} INFO - Processing /opt/airflow/dags/create_star_schema_part_2.py took 0.019 seconds
[2023-12-11T06:05:33.617+0000] {processor.py:157} INFO - Started process (PID=864) to work on /opt/airflow/dags/create_star_schema_part_2.py
[2023-12-11T06:05:33.619+0000] {processor.py:829} INFO - Processing file /opt/airflow/dags/create_star_schema_part_2.py for tasks to queue
[2023-12-11T06:05:33.620+0000] {logging_mixin.py:154} INFO - [2023-12-11T06:05:33.619+0000] {dagbag.py:536} INFO - Filling up the DagBag from /opt/airflow/dags/create_star_schema_part_2.py
[2023-12-11T06:05:33.627+0000] {processor.py:841} WARNING - No viable dags retrieved from /opt/airflow/dags/create_star_schema_part_2.py
[2023-12-11T06:05:33.642+0000] {processor.py:179} INFO - Processing /opt/airflow/dags/create_star_schema_part_2.py took 0.030 seconds
[2023-12-11T06:06:04.056+0000] {processor.py:157} INFO - Started process (PID=907) to work on /opt/airflow/dags/create_star_schema_part_2.py
[2023-12-11T06:06:04.057+0000] {processor.py:829} INFO - Processing file /opt/airflow/dags/create_star_schema_part_2.py for tasks to queue
[2023-12-11T06:06:04.058+0000] {logging_mixin.py:154} INFO - [2023-12-11T06:06:04.058+0000] {dagbag.py:536} INFO - Filling up the DagBag from /opt/airflow/dags/create_star_schema_part_2.py
[2023-12-11T06:06:04.064+0000] {processor.py:841} WARNING - No viable dags retrieved from /opt/airflow/dags/create_star_schema_part_2.py
[2023-12-11T06:06:04.076+0000] {processor.py:179} INFO - Processing /opt/airflow/dags/create_star_schema_part_2.py took 0.023 seconds
[2023-12-11T06:06:34.487+0000] {processor.py:157} INFO - Started process (PID=971) to work on /opt/airflow/dags/create_star_schema_part_2.py
[2023-12-11T06:06:34.488+0000] {processor.py:829} INFO - Processing file /opt/airflow/dags/create_star_schema_part_2.py for tasks to queue
[2023-12-11T06:06:34.489+0000] {logging_mixin.py:154} INFO - [2023-12-11T06:06:34.489+0000] {dagbag.py:536} INFO - Filling up the DagBag from /opt/airflow/dags/create_star_schema_part_2.py
[2023-12-11T06:06:34.495+0000] {processor.py:841} WARNING - No viable dags retrieved from /opt/airflow/dags/create_star_schema_part_2.py
[2023-12-11T06:06:34.507+0000] {processor.py:179} INFO - Processing /opt/airflow/dags/create_star_schema_part_2.py took 0.024 seconds
[2023-12-11T06:07:04.937+0000] {processor.py:157} INFO - Started process (PID=1014) to work on /opt/airflow/dags/create_star_schema_part_2.py
[2023-12-11T06:07:04.939+0000] {processor.py:829} INFO - Processing file /opt/airflow/dags/create_star_schema_part_2.py for tasks to queue
[2023-12-11T06:07:04.940+0000] {logging_mixin.py:154} INFO - [2023-12-11T06:07:04.939+0000] {dagbag.py:536} INFO - Filling up the DagBag from /opt/airflow/dags/create_star_schema_part_2.py
[2023-12-11T06:07:04.947+0000] {processor.py:841} WARNING - No viable dags retrieved from /opt/airflow/dags/create_star_schema_part_2.py
[2023-12-11T06:07:04.962+0000] {processor.py:179} INFO - Processing /opt/airflow/dags/create_star_schema_part_2.py took 0.030 seconds
[2023-12-11T06:07:35.394+0000] {processor.py:157} INFO - Started process (PID=1078) to work on /opt/airflow/dags/create_star_schema_part_2.py
[2023-12-11T06:07:35.395+0000] {processor.py:829} INFO - Processing file /opt/airflow/dags/create_star_schema_part_2.py for tasks to queue
[2023-12-11T06:07:35.396+0000] {logging_mixin.py:154} INFO - [2023-12-11T06:07:35.396+0000] {dagbag.py:536} INFO - Filling up the DagBag from /opt/airflow/dags/create_star_schema_part_2.py
[2023-12-11T06:07:35.404+0000] {processor.py:841} WARNING - No viable dags retrieved from /opt/airflow/dags/create_star_schema_part_2.py
[2023-12-11T06:07:35.420+0000] {processor.py:179} INFO - Processing /opt/airflow/dags/create_star_schema_part_2.py took 0.032 seconds
[2023-12-11T06:08:05.926+0000] {processor.py:157} INFO - Started process (PID=1121) to work on /opt/airflow/dags/create_star_schema_part_2.py
[2023-12-11T06:08:05.928+0000] {processor.py:829} INFO - Processing file /opt/airflow/dags/create_star_schema_part_2.py for tasks to queue
[2023-12-11T06:08:05.929+0000] {logging_mixin.py:154} INFO - [2023-12-11T06:08:05.929+0000] {dagbag.py:536} INFO - Filling up the DagBag from /opt/airflow/dags/create_star_schema_part_2.py
[2023-12-11T06:08:05.937+0000] {processor.py:841} WARNING - No viable dags retrieved from /opt/airflow/dags/create_star_schema_part_2.py
[2023-12-11T06:08:05.952+0000] {processor.py:179} INFO - Processing /opt/airflow/dags/create_star_schema_part_2.py took 0.030 seconds
[2023-12-11T06:08:36.353+0000] {processor.py:157} INFO - Started process (PID=1164) to work on /opt/airflow/dags/create_star_schema_part_2.py
[2023-12-11T06:08:36.354+0000] {processor.py:829} INFO - Processing file /opt/airflow/dags/create_star_schema_part_2.py for tasks to queue
[2023-12-11T06:08:36.355+0000] {logging_mixin.py:154} INFO - [2023-12-11T06:08:36.355+0000] {dagbag.py:536} INFO - Filling up the DagBag from /opt/airflow/dags/create_star_schema_part_2.py
[2023-12-11T06:08:36.362+0000] {processor.py:841} WARNING - No viable dags retrieved from /opt/airflow/dags/create_star_schema_part_2.py
[2023-12-11T06:08:36.377+0000] {processor.py:179} INFO - Processing /opt/airflow/dags/create_star_schema_part_2.py took 0.029 seconds
[2023-12-11T06:09:06.793+0000] {processor.py:157} INFO - Started process (PID=1207) to work on /opt/airflow/dags/create_star_schema_part_2.py
[2023-12-11T06:09:06.794+0000] {processor.py:829} INFO - Processing file /opt/airflow/dags/create_star_schema_part_2.py for tasks to queue
[2023-12-11T06:09:06.796+0000] {logging_mixin.py:154} INFO - [2023-12-11T06:09:06.795+0000] {dagbag.py:536} INFO - Filling up the DagBag from /opt/airflow/dags/create_star_schema_part_2.py
[2023-12-11T06:09:06.805+0000] {processor.py:841} WARNING - No viable dags retrieved from /opt/airflow/dags/create_star_schema_part_2.py
[2023-12-11T06:09:06.823+0000] {processor.py:179} INFO - Processing /opt/airflow/dags/create_star_schema_part_2.py took 0.035 seconds
[2023-12-11T06:09:37.231+0000] {processor.py:157} INFO - Started process (PID=1250) to work on /opt/airflow/dags/create_star_schema_part_2.py
[2023-12-11T06:09:37.232+0000] {processor.py:829} INFO - Processing file /opt/airflow/dags/create_star_schema_part_2.py for tasks to queue
[2023-12-11T06:09:37.233+0000] {logging_mixin.py:154} INFO - [2023-12-11T06:09:37.233+0000] {dagbag.py:536} INFO - Filling up the DagBag from /opt/airflow/dags/create_star_schema_part_2.py
[2023-12-11T06:09:37.241+0000] {processor.py:841} WARNING - No viable dags retrieved from /opt/airflow/dags/create_star_schema_part_2.py
[2023-12-11T06:09:37.256+0000] {processor.py:179} INFO - Processing /opt/airflow/dags/create_star_schema_part_2.py took 0.030 seconds
[2023-12-11T06:10:07.713+0000] {processor.py:157} INFO - Started process (PID=1293) to work on /opt/airflow/dags/create_star_schema_part_2.py
[2023-12-11T06:10:07.715+0000] {processor.py:829} INFO - Processing file /opt/airflow/dags/create_star_schema_part_2.py for tasks to queue
[2023-12-11T06:10:07.716+0000] {logging_mixin.py:154} INFO - [2023-12-11T06:10:07.715+0000] {dagbag.py:536} INFO - Filling up the DagBag from /opt/airflow/dags/create_star_schema_part_2.py
[2023-12-11T06:10:07.722+0000] {processor.py:841} WARNING - No viable dags retrieved from /opt/airflow/dags/create_star_schema_part_2.py
[2023-12-11T06:10:07.737+0000] {processor.py:179} INFO - Processing /opt/airflow/dags/create_star_schema_part_2.py took 0.028 seconds
[2023-12-11T06:10:38.195+0000] {processor.py:157} INFO - Started process (PID=1336) to work on /opt/airflow/dags/create_star_schema_part_2.py
[2023-12-11T06:10:38.197+0000] {processor.py:829} INFO - Processing file /opt/airflow/dags/create_star_schema_part_2.py for tasks to queue
[2023-12-11T06:10:38.198+0000] {logging_mixin.py:154} INFO - [2023-12-11T06:10:38.198+0000] {dagbag.py:536} INFO - Filling up the DagBag from /opt/airflow/dags/create_star_schema_part_2.py
[2023-12-11T06:10:38.207+0000] {processor.py:841} WARNING - No viable dags retrieved from /opt/airflow/dags/create_star_schema_part_2.py
[2023-12-11T06:10:38.227+0000] {processor.py:179} INFO - Processing /opt/airflow/dags/create_star_schema_part_2.py took 0.037 seconds
[2023-12-11T06:11:08.691+0000] {processor.py:157} INFO - Started process (PID=1379) to work on /opt/airflow/dags/create_star_schema_part_2.py
[2023-12-11T06:11:08.693+0000] {processor.py:829} INFO - Processing file /opt/airflow/dags/create_star_schema_part_2.py for tasks to queue
[2023-12-11T06:11:08.693+0000] {logging_mixin.py:154} INFO - [2023-12-11T06:11:08.693+0000] {dagbag.py:536} INFO - Filling up the DagBag from /opt/airflow/dags/create_star_schema_part_2.py
[2023-12-11T06:11:08.700+0000] {processor.py:841} WARNING - No viable dags retrieved from /opt/airflow/dags/create_star_schema_part_2.py
[2023-12-11T06:11:08.714+0000] {processor.py:179} INFO - Processing /opt/airflow/dags/create_star_schema_part_2.py took 0.027 seconds
[2023-12-11T06:11:39.162+0000] {processor.py:157} INFO - Started process (PID=1422) to work on /opt/airflow/dags/create_star_schema_part_2.py
[2023-12-11T06:11:39.164+0000] {processor.py:829} INFO - Processing file /opt/airflow/dags/create_star_schema_part_2.py for tasks to queue
[2023-12-11T06:11:39.165+0000] {logging_mixin.py:154} INFO - [2023-12-11T06:11:39.165+0000] {dagbag.py:536} INFO - Filling up the DagBag from /opt/airflow/dags/create_star_schema_part_2.py
[2023-12-11T06:11:39.175+0000] {processor.py:841} WARNING - No viable dags retrieved from /opt/airflow/dags/create_star_schema_part_2.py
[2023-12-11T06:11:39.193+0000] {processor.py:179} INFO - Processing /opt/airflow/dags/create_star_schema_part_2.py took 0.037 seconds
[2023-12-11T06:12:09.649+0000] {processor.py:157} INFO - Started process (PID=1465) to work on /opt/airflow/dags/create_star_schema_part_2.py
[2023-12-11T06:12:09.651+0000] {processor.py:829} INFO - Processing file /opt/airflow/dags/create_star_schema_part_2.py for tasks to queue
[2023-12-11T06:12:09.652+0000] {logging_mixin.py:154} INFO - [2023-12-11T06:12:09.652+0000] {dagbag.py:536} INFO - Filling up the DagBag from /opt/airflow/dags/create_star_schema_part_2.py
[2023-12-11T06:12:09.662+0000] {processor.py:841} WARNING - No viable dags retrieved from /opt/airflow/dags/create_star_schema_part_2.py
[2023-12-11T06:12:09.680+0000] {processor.py:179} INFO - Processing /opt/airflow/dags/create_star_schema_part_2.py took 0.038 seconds
[2023-12-11T06:12:40.167+0000] {processor.py:157} INFO - Started process (PID=1508) to work on /opt/airflow/dags/create_star_schema_part_2.py
[2023-12-11T06:12:40.169+0000] {processor.py:829} INFO - Processing file /opt/airflow/dags/create_star_schema_part_2.py for tasks to queue
[2023-12-11T06:12:40.170+0000] {logging_mixin.py:154} INFO - [2023-12-11T06:12:40.170+0000] {dagbag.py:536} INFO - Filling up the DagBag from /opt/airflow/dags/create_star_schema_part_2.py
[2023-12-11T06:12:40.178+0000] {processor.py:841} WARNING - No viable dags retrieved from /opt/airflow/dags/create_star_schema_part_2.py
[2023-12-11T06:12:40.194+0000] {processor.py:179} INFO - Processing /opt/airflow/dags/create_star_schema_part_2.py took 0.032 seconds
[2023-12-11T06:13:10.573+0000] {processor.py:157} INFO - Started process (PID=1551) to work on /opt/airflow/dags/create_star_schema_part_2.py
[2023-12-11T06:13:10.573+0000] {processor.py:829} INFO - Processing file /opt/airflow/dags/create_star_schema_part_2.py for tasks to queue
[2023-12-11T06:13:10.574+0000] {logging_mixin.py:154} INFO - [2023-12-11T06:13:10.574+0000] {dagbag.py:536} INFO - Filling up the DagBag from /opt/airflow/dags/create_star_schema_part_2.py
[2023-12-11T06:13:10.579+0000] {processor.py:841} WARNING - No viable dags retrieved from /opt/airflow/dags/create_star_schema_part_2.py
[2023-12-11T06:13:10.592+0000] {processor.py:179} INFO - Processing /opt/airflow/dags/create_star_schema_part_2.py took 0.022 seconds
[2023-12-11T06:13:41.007+0000] {processor.py:157} INFO - Started process (PID=1594) to work on /opt/airflow/dags/create_star_schema_part_2.py
[2023-12-11T06:13:41.009+0000] {processor.py:829} INFO - Processing file /opt/airflow/dags/create_star_schema_part_2.py for tasks to queue
[2023-12-11T06:13:41.010+0000] {logging_mixin.py:154} INFO - [2023-12-11T06:13:41.010+0000] {dagbag.py:536} INFO - Filling up the DagBag from /opt/airflow/dags/create_star_schema_part_2.py
[2023-12-11T06:13:41.018+0000] {processor.py:841} WARNING - No viable dags retrieved from /opt/airflow/dags/create_star_schema_part_2.py
[2023-12-11T06:13:41.034+0000] {processor.py:179} INFO - Processing /opt/airflow/dags/create_star_schema_part_2.py took 0.032 seconds
[2023-12-11T06:14:11.474+0000] {processor.py:157} INFO - Started process (PID=1637) to work on /opt/airflow/dags/create_star_schema_part_2.py
[2023-12-11T06:14:11.475+0000] {processor.py:829} INFO - Processing file /opt/airflow/dags/create_star_schema_part_2.py for tasks to queue
[2023-12-11T06:14:11.475+0000] {logging_mixin.py:154} INFO - [2023-12-11T06:14:11.475+0000] {dagbag.py:536} INFO - Filling up the DagBag from /opt/airflow/dags/create_star_schema_part_2.py
[2023-12-11T06:14:11.480+0000] {processor.py:841} WARNING - No viable dags retrieved from /opt/airflow/dags/create_star_schema_part_2.py
[2023-12-11T06:14:11.490+0000] {processor.py:179} INFO - Processing /opt/airflow/dags/create_star_schema_part_2.py took 0.019 seconds
[2023-12-11T06:14:41.949+0000] {processor.py:157} INFO - Started process (PID=1680) to work on /opt/airflow/dags/create_star_schema_part_2.py
[2023-12-11T06:14:41.950+0000] {processor.py:829} INFO - Processing file /opt/airflow/dags/create_star_schema_part_2.py for tasks to queue
[2023-12-11T06:14:41.951+0000] {logging_mixin.py:154} INFO - [2023-12-11T06:14:41.950+0000] {dagbag.py:536} INFO - Filling up the DagBag from /opt/airflow/dags/create_star_schema_part_2.py
[2023-12-11T06:14:41.956+0000] {processor.py:841} WARNING - No viable dags retrieved from /opt/airflow/dags/create_star_schema_part_2.py
[2023-12-11T06:14:41.970+0000] {processor.py:179} INFO - Processing /opt/airflow/dags/create_star_schema_part_2.py took 0.025 seconds
[2023-12-11T06:15:12.419+0000] {processor.py:157} INFO - Started process (PID=1723) to work on /opt/airflow/dags/create_star_schema_part_2.py
[2023-12-11T06:15:12.421+0000] {processor.py:829} INFO - Processing file /opt/airflow/dags/create_star_schema_part_2.py for tasks to queue
[2023-12-11T06:15:12.422+0000] {logging_mixin.py:154} INFO - [2023-12-11T06:15:12.421+0000] {dagbag.py:536} INFO - Filling up the DagBag from /opt/airflow/dags/create_star_schema_part_2.py
[2023-12-11T06:15:12.429+0000] {processor.py:841} WARNING - No viable dags retrieved from /opt/airflow/dags/create_star_schema_part_2.py
[2023-12-11T06:15:12.444+0000] {processor.py:179} INFO - Processing /opt/airflow/dags/create_star_schema_part_2.py took 0.030 seconds
[2023-12-11T06:15:42.812+0000] {processor.py:157} INFO - Started process (PID=1766) to work on /opt/airflow/dags/create_star_schema_part_2.py
[2023-12-11T06:15:42.813+0000] {processor.py:829} INFO - Processing file /opt/airflow/dags/create_star_schema_part_2.py for tasks to queue
[2023-12-11T06:15:42.814+0000] {logging_mixin.py:154} INFO - [2023-12-11T06:15:42.814+0000] {dagbag.py:536} INFO - Filling up the DagBag from /opt/airflow/dags/create_star_schema_part_2.py
[2023-12-11T06:15:42.821+0000] {processor.py:841} WARNING - No viable dags retrieved from /opt/airflow/dags/create_star_schema_part_2.py
[2023-12-11T06:15:42.835+0000] {processor.py:179} INFO - Processing /opt/airflow/dags/create_star_schema_part_2.py took 0.026 seconds
