[2023-12-11T05:57:56.913+0000] {processor.py:157} INFO - Started process (PID=197) to work on /opt/airflow/dags/create_star_schema_part_1.py
[2023-12-11T05:57:56.914+0000] {processor.py:829} INFO - Processing file /opt/airflow/dags/create_star_schema_part_1.py for tasks to queue
[2023-12-11T05:57:56.915+0000] {logging_mixin.py:154} INFO - [2023-12-11T05:57:56.915+0000] {dagbag.py:536} INFO - Filling up the DagBag from /opt/airflow/dags/create_star_schema_part_1.py
[2023-12-11T05:57:56.919+0000] {processor.py:841} WARNING - No viable dags retrieved from /opt/airflow/dags/create_star_schema_part_1.py
[2023-12-11T05:57:56.929+0000] {processor.py:179} INFO - Processing /opt/airflow/dags/create_star_schema_part_1.py took 0.018 seconds
[2023-12-11T05:58:27.079+0000] {processor.py:157} INFO - Started process (PID=236) to work on /opt/airflow/dags/create_star_schema_part_1.py
[2023-12-11T05:58:27.079+0000] {processor.py:829} INFO - Processing file /opt/airflow/dags/create_star_schema_part_1.py for tasks to queue
[2023-12-11T05:58:27.080+0000] {logging_mixin.py:154} INFO - [2023-12-11T05:58:27.080+0000] {dagbag.py:536} INFO - Filling up the DagBag from /opt/airflow/dags/create_star_schema_part_1.py
[2023-12-11T05:58:27.084+0000] {processor.py:841} WARNING - No viable dags retrieved from /opt/airflow/dags/create_star_schema_part_1.py
[2023-12-11T05:58:27.094+0000] {processor.py:179} INFO - Processing /opt/airflow/dags/create_star_schema_part_1.py took 0.017 seconds
[2023-12-11T05:58:57.567+0000] {processor.py:157} INFO - Started process (PID=279) to work on /opt/airflow/dags/create_star_schema_part_1.py
[2023-12-11T05:58:57.567+0000] {processor.py:829} INFO - Processing file /opt/airflow/dags/create_star_schema_part_1.py for tasks to queue
[2023-12-11T05:58:57.568+0000] {logging_mixin.py:154} INFO - [2023-12-11T05:58:57.568+0000] {dagbag.py:536} INFO - Filling up the DagBag from /opt/airflow/dags/create_star_schema_part_1.py
[2023-12-11T05:58:57.572+0000] {processor.py:841} WARNING - No viable dags retrieved from /opt/airflow/dags/create_star_schema_part_1.py
[2023-12-11T05:58:57.581+0000] {processor.py:179} INFO - Processing /opt/airflow/dags/create_star_schema_part_1.py took 0.016 seconds
[2023-12-11T05:59:28.045+0000] {processor.py:157} INFO - Started process (PID=322) to work on /opt/airflow/dags/create_star_schema_part_1.py
[2023-12-11T05:59:28.045+0000] {processor.py:829} INFO - Processing file /opt/airflow/dags/create_star_schema_part_1.py for tasks to queue
[2023-12-11T05:59:28.046+0000] {logging_mixin.py:154} INFO - [2023-12-11T05:59:28.046+0000] {dagbag.py:536} INFO - Filling up the DagBag from /opt/airflow/dags/create_star_schema_part_1.py
[2023-12-11T05:59:28.050+0000] {processor.py:841} WARNING - No viable dags retrieved from /opt/airflow/dags/create_star_schema_part_1.py
[2023-12-11T05:59:28.059+0000] {processor.py:179} INFO - Processing /opt/airflow/dags/create_star_schema_part_1.py took 0.016 seconds
[2023-12-11T05:59:58.487+0000] {processor.py:157} INFO - Started process (PID=365) to work on /opt/airflow/dags/create_star_schema_part_1.py
[2023-12-11T05:59:58.488+0000] {processor.py:829} INFO - Processing file /opt/airflow/dags/create_star_schema_part_1.py for tasks to queue
[2023-12-11T05:59:58.488+0000] {logging_mixin.py:154} INFO - [2023-12-11T05:59:58.488+0000] {dagbag.py:536} INFO - Filling up the DagBag from /opt/airflow/dags/create_star_schema_part_1.py
[2023-12-11T05:59:58.492+0000] {processor.py:841} WARNING - No viable dags retrieved from /opt/airflow/dags/create_star_schema_part_1.py
[2023-12-11T05:59:58.501+0000] {processor.py:179} INFO - Processing /opt/airflow/dags/create_star_schema_part_1.py took 0.017 seconds
[2023-12-11T06:00:28.927+0000] {processor.py:157} INFO - Started process (PID=408) to work on /opt/airflow/dags/create_star_schema_part_1.py
[2023-12-11T06:00:28.928+0000] {processor.py:829} INFO - Processing file /opt/airflow/dags/create_star_schema_part_1.py for tasks to queue
[2023-12-11T06:00:28.929+0000] {logging_mixin.py:154} INFO - [2023-12-11T06:00:28.928+0000] {dagbag.py:536} INFO - Filling up the DagBag from /opt/airflow/dags/create_star_schema_part_1.py
[2023-12-11T06:00:28.932+0000] {processor.py:841} WARNING - No viable dags retrieved from /opt/airflow/dags/create_star_schema_part_1.py
[2023-12-11T06:00:28.941+0000] {processor.py:179} INFO - Processing /opt/airflow/dags/create_star_schema_part_1.py took 0.016 seconds
[2023-12-11T06:00:59.416+0000] {processor.py:157} INFO - Started process (PID=451) to work on /opt/airflow/dags/create_star_schema_part_1.py
[2023-12-11T06:00:59.417+0000] {processor.py:829} INFO - Processing file /opt/airflow/dags/create_star_schema_part_1.py for tasks to queue
[2023-12-11T06:00:59.418+0000] {logging_mixin.py:154} INFO - [2023-12-11T06:00:59.418+0000] {dagbag.py:536} INFO - Filling up the DagBag from /opt/airflow/dags/create_star_schema_part_1.py
[2023-12-11T06:00:59.422+0000] {processor.py:841} WARNING - No viable dags retrieved from /opt/airflow/dags/create_star_schema_part_1.py
[2023-12-11T06:00:59.431+0000] {processor.py:179} INFO - Processing /opt/airflow/dags/create_star_schema_part_1.py took 0.017 seconds
[2023-12-11T06:01:29.835+0000] {processor.py:157} INFO - Started process (PID=494) to work on /opt/airflow/dags/create_star_schema_part_1.py
[2023-12-11T06:01:29.835+0000] {processor.py:829} INFO - Processing file /opt/airflow/dags/create_star_schema_part_1.py for tasks to queue
[2023-12-11T06:01:29.836+0000] {logging_mixin.py:154} INFO - [2023-12-11T06:01:29.835+0000] {dagbag.py:536} INFO - Filling up the DagBag from /opt/airflow/dags/create_star_schema_part_1.py
[2023-12-11T06:01:29.839+0000] {processor.py:841} WARNING - No viable dags retrieved from /opt/airflow/dags/create_star_schema_part_1.py
[2023-12-11T06:01:29.848+0000] {processor.py:179} INFO - Processing /opt/airflow/dags/create_star_schema_part_1.py took 0.016 seconds
[2023-12-11T06:02:00.248+0000] {processor.py:157} INFO - Started process (PID=542) to work on /opt/airflow/dags/create_star_schema_part_1.py
[2023-12-11T06:02:00.248+0000] {processor.py:829} INFO - Processing file /opt/airflow/dags/create_star_schema_part_1.py for tasks to queue
[2023-12-11T06:02:00.249+0000] {logging_mixin.py:154} INFO - [2023-12-11T06:02:00.249+0000] {dagbag.py:536} INFO - Filling up the DagBag from /opt/airflow/dags/create_star_schema_part_1.py
[2023-12-11T06:02:00.254+0000] {processor.py:841} WARNING - No viable dags retrieved from /opt/airflow/dags/create_star_schema_part_1.py
[2023-12-11T06:02:00.264+0000] {processor.py:179} INFO - Processing /opt/airflow/dags/create_star_schema_part_1.py took 0.019 seconds
[2023-12-11T06:02:30.731+0000] {processor.py:157} INFO - Started process (PID=592) to work on /opt/airflow/dags/create_star_schema_part_1.py
[2023-12-11T06:02:30.732+0000] {processor.py:829} INFO - Processing file /opt/airflow/dags/create_star_schema_part_1.py for tasks to queue
[2023-12-11T06:02:30.732+0000] {logging_mixin.py:154} INFO - [2023-12-11T06:02:30.732+0000] {dagbag.py:536} INFO - Filling up the DagBag from /opt/airflow/dags/create_star_schema_part_1.py
[2023-12-11T06:02:30.736+0000] {processor.py:841} WARNING - No viable dags retrieved from /opt/airflow/dags/create_star_schema_part_1.py
[2023-12-11T06:02:30.745+0000] {processor.py:179} INFO - Processing /opt/airflow/dags/create_star_schema_part_1.py took 0.016 seconds
[2023-12-11T06:03:01.289+0000] {processor.py:157} INFO - Started process (PID=638) to work on /opt/airflow/dags/create_star_schema_part_1.py
[2023-12-11T06:03:01.289+0000] {processor.py:829} INFO - Processing file /opt/airflow/dags/create_star_schema_part_1.py for tasks to queue
[2023-12-11T06:03:01.290+0000] {logging_mixin.py:154} INFO - [2023-12-11T06:03:01.290+0000] {dagbag.py:536} INFO - Filling up the DagBag from /opt/airflow/dags/create_star_schema_part_1.py
[2023-12-11T06:03:01.294+0000] {processor.py:841} WARNING - No viable dags retrieved from /opt/airflow/dags/create_star_schema_part_1.py
[2023-12-11T06:03:01.304+0000] {processor.py:179} INFO - Processing /opt/airflow/dags/create_star_schema_part_1.py took 0.018 seconds
[2023-12-11T06:03:31.821+0000] {processor.py:157} INFO - Started process (PID=687) to work on /opt/airflow/dags/create_star_schema_part_1.py
[2023-12-11T06:03:31.821+0000] {processor.py:829} INFO - Processing file /opt/airflow/dags/create_star_schema_part_1.py for tasks to queue
[2023-12-11T06:03:31.822+0000] {logging_mixin.py:154} INFO - [2023-12-11T06:03:31.822+0000] {dagbag.py:536} INFO - Filling up the DagBag from /opt/airflow/dags/create_star_schema_part_1.py
[2023-12-11T06:03:31.826+0000] {processor.py:841} WARNING - No viable dags retrieved from /opt/airflow/dags/create_star_schema_part_1.py
[2023-12-11T06:03:31.835+0000] {processor.py:179} INFO - Processing /opt/airflow/dags/create_star_schema_part_1.py took 0.016 seconds
[2023-12-11T06:04:02.367+0000] {processor.py:157} INFO - Started process (PID=730) to work on /opt/airflow/dags/create_star_schema_part_1.py
[2023-12-11T06:04:02.367+0000] {processor.py:829} INFO - Processing file /opt/airflow/dags/create_star_schema_part_1.py for tasks to queue
[2023-12-11T06:04:02.368+0000] {logging_mixin.py:154} INFO - [2023-12-11T06:04:02.368+0000] {dagbag.py:536} INFO - Filling up the DagBag from /opt/airflow/dags/create_star_schema_part_1.py
[2023-12-11T06:04:02.371+0000] {processor.py:841} WARNING - No viable dags retrieved from /opt/airflow/dags/create_star_schema_part_1.py
[2023-12-11T06:04:02.380+0000] {processor.py:179} INFO - Processing /opt/airflow/dags/create_star_schema_part_1.py took 0.016 seconds
[2023-12-11T06:04:32.818+0000] {processor.py:157} INFO - Started process (PID=782) to work on /opt/airflow/dags/create_star_schema_part_1.py
[2023-12-11T06:04:32.819+0000] {processor.py:829} INFO - Processing file /opt/airflow/dags/create_star_schema_part_1.py for tasks to queue
[2023-12-11T06:04:32.820+0000] {logging_mixin.py:154} INFO - [2023-12-11T06:04:32.819+0000] {dagbag.py:536} INFO - Filling up the DagBag from /opt/airflow/dags/create_star_schema_part_1.py
[2023-12-11T06:04:32.823+0000] {processor.py:841} WARNING - No viable dags retrieved from /opt/airflow/dags/create_star_schema_part_1.py
[2023-12-11T06:04:32.832+0000] {processor.py:179} INFO - Processing /opt/airflow/dags/create_star_schema_part_1.py took 0.016 seconds
[2023-12-11T06:05:03.277+0000] {processor.py:157} INFO - Started process (PID=825) to work on /opt/airflow/dags/create_star_schema_part_1.py
[2023-12-11T06:05:03.277+0000] {processor.py:829} INFO - Processing file /opt/airflow/dags/create_star_schema_part_1.py for tasks to queue
[2023-12-11T06:05:03.278+0000] {logging_mixin.py:154} INFO - [2023-12-11T06:05:03.278+0000] {dagbag.py:536} INFO - Filling up the DagBag from /opt/airflow/dags/create_star_schema_part_1.py
[2023-12-11T06:05:03.282+0000] {processor.py:841} WARNING - No viable dags retrieved from /opt/airflow/dags/create_star_schema_part_1.py
[2023-12-11T06:05:03.291+0000] {processor.py:179} INFO - Processing /opt/airflow/dags/create_star_schema_part_1.py took 0.017 seconds
[2023-12-11T06:05:33.718+0000] {processor.py:157} INFO - Started process (PID=889) to work on /opt/airflow/dags/create_star_schema_part_1.py
[2023-12-11T06:05:33.718+0000] {processor.py:829} INFO - Processing file /opt/airflow/dags/create_star_schema_part_1.py for tasks to queue
[2023-12-11T06:05:33.719+0000] {logging_mixin.py:154} INFO - [2023-12-11T06:05:33.719+0000] {dagbag.py:536} INFO - Filling up the DagBag from /opt/airflow/dags/create_star_schema_part_1.py
[2023-12-11T06:05:33.723+0000] {processor.py:841} WARNING - No viable dags retrieved from /opt/airflow/dags/create_star_schema_part_1.py
[2023-12-11T06:05:33.732+0000] {processor.py:179} INFO - Processing /opt/airflow/dags/create_star_schema_part_1.py took 0.016 seconds
[2023-12-11T06:06:04.148+0000] {processor.py:157} INFO - Started process (PID=932) to work on /opt/airflow/dags/create_star_schema_part_1.py
[2023-12-11T06:06:04.149+0000] {processor.py:829} INFO - Processing file /opt/airflow/dags/create_star_schema_part_1.py for tasks to queue
[2023-12-11T06:06:04.150+0000] {logging_mixin.py:154} INFO - [2023-12-11T06:06:04.149+0000] {dagbag.py:536} INFO - Filling up the DagBag from /opt/airflow/dags/create_star_schema_part_1.py
[2023-12-11T06:06:04.154+0000] {processor.py:841} WARNING - No viable dags retrieved from /opt/airflow/dags/create_star_schema_part_1.py
[2023-12-11T06:06:04.163+0000] {processor.py:179} INFO - Processing /opt/airflow/dags/create_star_schema_part_1.py took 0.016 seconds
[2023-12-11T06:06:34.580+0000] {processor.py:157} INFO - Started process (PID=996) to work on /opt/airflow/dags/create_star_schema_part_1.py
[2023-12-11T06:06:34.580+0000] {processor.py:829} INFO - Processing file /opt/airflow/dags/create_star_schema_part_1.py for tasks to queue
[2023-12-11T06:06:34.581+0000] {logging_mixin.py:154} INFO - [2023-12-11T06:06:34.581+0000] {dagbag.py:536} INFO - Filling up the DagBag from /opt/airflow/dags/create_star_schema_part_1.py
[2023-12-11T06:06:34.585+0000] {processor.py:841} WARNING - No viable dags retrieved from /opt/airflow/dags/create_star_schema_part_1.py
[2023-12-11T06:06:34.594+0000] {processor.py:179} INFO - Processing /opt/airflow/dags/create_star_schema_part_1.py took 0.016 seconds
[2023-12-11T06:07:05.038+0000] {processor.py:157} INFO - Started process (PID=1039) to work on /opt/airflow/dags/create_star_schema_part_1.py
[2023-12-11T06:07:05.039+0000] {processor.py:829} INFO - Processing file /opt/airflow/dags/create_star_schema_part_1.py for tasks to queue
[2023-12-11T06:07:05.039+0000] {logging_mixin.py:154} INFO - [2023-12-11T06:07:05.039+0000] {dagbag.py:536} INFO - Filling up the DagBag from /opt/airflow/dags/create_star_schema_part_1.py
[2023-12-11T06:07:05.043+0000] {processor.py:841} WARNING - No viable dags retrieved from /opt/airflow/dags/create_star_schema_part_1.py
[2023-12-11T06:07:05.052+0000] {processor.py:179} INFO - Processing /opt/airflow/dags/create_star_schema_part_1.py took 0.016 seconds
[2023-12-11T06:07:35.496+0000] {processor.py:157} INFO - Started process (PID=1103) to work on /opt/airflow/dags/create_star_schema_part_1.py
[2023-12-11T06:07:35.496+0000] {processor.py:829} INFO - Processing file /opt/airflow/dags/create_star_schema_part_1.py for tasks to queue
[2023-12-11T06:07:35.497+0000] {logging_mixin.py:154} INFO - [2023-12-11T06:07:35.497+0000] {dagbag.py:536} INFO - Filling up the DagBag from /opt/airflow/dags/create_star_schema_part_1.py
[2023-12-11T06:07:35.501+0000] {processor.py:841} WARNING - No viable dags retrieved from /opt/airflow/dags/create_star_schema_part_1.py
[2023-12-11T06:07:35.509+0000] {processor.py:179} INFO - Processing /opt/airflow/dags/create_star_schema_part_1.py took 0.015 seconds
[2023-12-11T06:08:06.027+0000] {processor.py:157} INFO - Started process (PID=1146) to work on /opt/airflow/dags/create_star_schema_part_1.py
[2023-12-11T06:08:06.027+0000] {processor.py:829} INFO - Processing file /opt/airflow/dags/create_star_schema_part_1.py for tasks to queue
[2023-12-11T06:08:06.028+0000] {logging_mixin.py:154} INFO - [2023-12-11T06:08:06.027+0000] {dagbag.py:536} INFO - Filling up the DagBag from /opt/airflow/dags/create_star_schema_part_1.py
[2023-12-11T06:08:06.031+0000] {processor.py:841} WARNING - No viable dags retrieved from /opt/airflow/dags/create_star_schema_part_1.py
[2023-12-11T06:08:06.041+0000] {processor.py:179} INFO - Processing /opt/airflow/dags/create_star_schema_part_1.py took 0.016 seconds
[2023-12-11T06:08:36.456+0000] {processor.py:157} INFO - Started process (PID=1189) to work on /opt/airflow/dags/create_star_schema_part_1.py
[2023-12-11T06:08:36.456+0000] {processor.py:829} INFO - Processing file /opt/airflow/dags/create_star_schema_part_1.py for tasks to queue
[2023-12-11T06:08:36.457+0000] {logging_mixin.py:154} INFO - [2023-12-11T06:08:36.457+0000] {dagbag.py:536} INFO - Filling up the DagBag from /opt/airflow/dags/create_star_schema_part_1.py
[2023-12-11T06:08:36.460+0000] {processor.py:841} WARNING - No viable dags retrieved from /opt/airflow/dags/create_star_schema_part_1.py
[2023-12-11T06:08:36.470+0000] {processor.py:179} INFO - Processing /opt/airflow/dags/create_star_schema_part_1.py took 0.016 seconds
[2023-12-11T06:09:06.902+0000] {processor.py:157} INFO - Started process (PID=1232) to work on /opt/airflow/dags/create_star_schema_part_1.py
[2023-12-11T06:09:06.903+0000] {processor.py:829} INFO - Processing file /opt/airflow/dags/create_star_schema_part_1.py for tasks to queue
[2023-12-11T06:09:06.903+0000] {logging_mixin.py:154} INFO - [2023-12-11T06:09:06.903+0000] {dagbag.py:536} INFO - Filling up the DagBag from /opt/airflow/dags/create_star_schema_part_1.py
[2023-12-11T06:09:06.907+0000] {processor.py:841} WARNING - No viable dags retrieved from /opt/airflow/dags/create_star_schema_part_1.py
[2023-12-11T06:09:06.916+0000] {processor.py:179} INFO - Processing /opt/airflow/dags/create_star_schema_part_1.py took 0.016 seconds
[2023-12-11T06:09:37.331+0000] {processor.py:157} INFO - Started process (PID=1275) to work on /opt/airflow/dags/create_star_schema_part_1.py
[2023-12-11T06:09:37.331+0000] {processor.py:829} INFO - Processing file /opt/airflow/dags/create_star_schema_part_1.py for tasks to queue
[2023-12-11T06:09:37.332+0000] {logging_mixin.py:154} INFO - [2023-12-11T06:09:37.332+0000] {dagbag.py:536} INFO - Filling up the DagBag from /opt/airflow/dags/create_star_schema_part_1.py
[2023-12-11T06:09:37.336+0000] {processor.py:841} WARNING - No viable dags retrieved from /opt/airflow/dags/create_star_schema_part_1.py
[2023-12-11T06:09:37.345+0000] {processor.py:179} INFO - Processing /opt/airflow/dags/create_star_schema_part_1.py took 0.016 seconds
[2023-12-11T06:10:07.811+0000] {processor.py:157} INFO - Started process (PID=1318) to work on /opt/airflow/dags/create_star_schema_part_1.py
[2023-12-11T06:10:07.812+0000] {processor.py:829} INFO - Processing file /opt/airflow/dags/create_star_schema_part_1.py for tasks to queue
[2023-12-11T06:10:07.812+0000] {logging_mixin.py:154} INFO - [2023-12-11T06:10:07.812+0000] {dagbag.py:536} INFO - Filling up the DagBag from /opt/airflow/dags/create_star_schema_part_1.py
[2023-12-11T06:10:07.816+0000] {processor.py:841} WARNING - No viable dags retrieved from /opt/airflow/dags/create_star_schema_part_1.py
[2023-12-11T06:10:07.825+0000] {processor.py:179} INFO - Processing /opt/airflow/dags/create_star_schema_part_1.py took 0.016 seconds
[2023-12-11T06:10:38.305+0000] {processor.py:157} INFO - Started process (PID=1361) to work on /opt/airflow/dags/create_star_schema_part_1.py
[2023-12-11T06:10:38.306+0000] {processor.py:829} INFO - Processing file /opt/airflow/dags/create_star_schema_part_1.py for tasks to queue
[2023-12-11T06:10:38.306+0000] {logging_mixin.py:154} INFO - [2023-12-11T06:10:38.306+0000] {dagbag.py:536} INFO - Filling up the DagBag from /opt/airflow/dags/create_star_schema_part_1.py
[2023-12-11T06:10:38.310+0000] {processor.py:841} WARNING - No viable dags retrieved from /opt/airflow/dags/create_star_schema_part_1.py
[2023-12-11T06:10:38.319+0000] {processor.py:179} INFO - Processing /opt/airflow/dags/create_star_schema_part_1.py took 0.016 seconds
[2023-12-11T06:11:08.811+0000] {processor.py:157} INFO - Started process (PID=1404) to work on /opt/airflow/dags/create_star_schema_part_1.py
[2023-12-11T06:11:08.812+0000] {processor.py:829} INFO - Processing file /opt/airflow/dags/create_star_schema_part_1.py for tasks to queue
[2023-12-11T06:11:08.812+0000] {logging_mixin.py:154} INFO - [2023-12-11T06:11:08.812+0000] {dagbag.py:536} INFO - Filling up the DagBag from /opt/airflow/dags/create_star_schema_part_1.py
[2023-12-11T06:11:08.818+0000] {processor.py:841} WARNING - No viable dags retrieved from /opt/airflow/dags/create_star_schema_part_1.py
[2023-12-11T06:11:08.828+0000] {processor.py:179} INFO - Processing /opt/airflow/dags/create_star_schema_part_1.py took 0.019 seconds
[2023-12-11T06:11:39.276+0000] {processor.py:157} INFO - Started process (PID=1447) to work on /opt/airflow/dags/create_star_schema_part_1.py
[2023-12-11T06:11:39.277+0000] {processor.py:829} INFO - Processing file /opt/airflow/dags/create_star_schema_part_1.py for tasks to queue
[2023-12-11T06:11:39.277+0000] {logging_mixin.py:154} INFO - [2023-12-11T06:11:39.277+0000] {dagbag.py:536} INFO - Filling up the DagBag from /opt/airflow/dags/create_star_schema_part_1.py
[2023-12-11T06:11:39.281+0000] {processor.py:841} WARNING - No viable dags retrieved from /opt/airflow/dags/create_star_schema_part_1.py
[2023-12-11T06:11:39.293+0000] {processor.py:179} INFO - Processing /opt/airflow/dags/create_star_schema_part_1.py took 0.020 seconds
[2023-12-11T06:12:09.760+0000] {processor.py:157} INFO - Started process (PID=1490) to work on /opt/airflow/dags/create_star_schema_part_1.py
[2023-12-11T06:12:09.760+0000] {processor.py:829} INFO - Processing file /opt/airflow/dags/create_star_schema_part_1.py for tasks to queue
[2023-12-11T06:12:09.761+0000] {logging_mixin.py:154} INFO - [2023-12-11T06:12:09.761+0000] {dagbag.py:536} INFO - Filling up the DagBag from /opt/airflow/dags/create_star_schema_part_1.py
[2023-12-11T06:12:09.764+0000] {processor.py:841} WARNING - No viable dags retrieved from /opt/airflow/dags/create_star_schema_part_1.py
[2023-12-11T06:12:09.773+0000] {processor.py:179} INFO - Processing /opt/airflow/dags/create_star_schema_part_1.py took 0.016 seconds
[2023-12-11T06:12:40.270+0000] {processor.py:157} INFO - Started process (PID=1533) to work on /opt/airflow/dags/create_star_schema_part_1.py
[2023-12-11T06:12:40.270+0000] {processor.py:829} INFO - Processing file /opt/airflow/dags/create_star_schema_part_1.py for tasks to queue
[2023-12-11T06:12:40.271+0000] {logging_mixin.py:154} INFO - [2023-12-11T06:12:40.271+0000] {dagbag.py:536} INFO - Filling up the DagBag from /opt/airflow/dags/create_star_schema_part_1.py
[2023-12-11T06:12:40.275+0000] {processor.py:841} WARNING - No viable dags retrieved from /opt/airflow/dags/create_star_schema_part_1.py
[2023-12-11T06:12:40.284+0000] {processor.py:179} INFO - Processing /opt/airflow/dags/create_star_schema_part_1.py took 0.016 seconds
[2023-12-11T06:13:10.675+0000] {processor.py:157} INFO - Started process (PID=1576) to work on /opt/airflow/dags/create_star_schema_part_1.py
[2023-12-11T06:13:10.675+0000] {processor.py:829} INFO - Processing file /opt/airflow/dags/create_star_schema_part_1.py for tasks to queue
[2023-12-11T06:13:10.676+0000] {logging_mixin.py:154} INFO - [2023-12-11T06:13:10.676+0000] {dagbag.py:536} INFO - Filling up the DagBag from /opt/airflow/dags/create_star_schema_part_1.py
[2023-12-11T06:13:10.680+0000] {processor.py:841} WARNING - No viable dags retrieved from /opt/airflow/dags/create_star_schema_part_1.py
[2023-12-11T06:13:10.689+0000] {processor.py:179} INFO - Processing /opt/airflow/dags/create_star_schema_part_1.py took 0.017 seconds
[2023-12-11T06:13:41.109+0000] {processor.py:157} INFO - Started process (PID=1619) to work on /opt/airflow/dags/create_star_schema_part_1.py
[2023-12-11T06:13:41.110+0000] {processor.py:829} INFO - Processing file /opt/airflow/dags/create_star_schema_part_1.py for tasks to queue
[2023-12-11T06:13:41.110+0000] {logging_mixin.py:154} INFO - [2023-12-11T06:13:41.110+0000] {dagbag.py:536} INFO - Filling up the DagBag from /opt/airflow/dags/create_star_schema_part_1.py
[2023-12-11T06:13:41.114+0000] {processor.py:841} WARNING - No viable dags retrieved from /opt/airflow/dags/create_star_schema_part_1.py
[2023-12-11T06:13:41.123+0000] {processor.py:179} INFO - Processing /opt/airflow/dags/create_star_schema_part_1.py took 0.016 seconds
[2023-12-11T06:14:11.562+0000] {processor.py:157} INFO - Started process (PID=1662) to work on /opt/airflow/dags/create_star_schema_part_1.py
[2023-12-11T06:14:11.563+0000] {processor.py:829} INFO - Processing file /opt/airflow/dags/create_star_schema_part_1.py for tasks to queue
[2023-12-11T06:14:11.563+0000] {logging_mixin.py:154} INFO - [2023-12-11T06:14:11.563+0000] {dagbag.py:536} INFO - Filling up the DagBag from /opt/airflow/dags/create_star_schema_part_1.py
[2023-12-11T06:14:11.567+0000] {processor.py:841} WARNING - No viable dags retrieved from /opt/airflow/dags/create_star_schema_part_1.py
[2023-12-11T06:14:11.576+0000] {processor.py:179} INFO - Processing /opt/airflow/dags/create_star_schema_part_1.py took 0.016 seconds
[2023-12-11T06:14:42.055+0000] {processor.py:157} INFO - Started process (PID=1705) to work on /opt/airflow/dags/create_star_schema_part_1.py
[2023-12-11T06:14:42.056+0000] {processor.py:829} INFO - Processing file /opt/airflow/dags/create_star_schema_part_1.py for tasks to queue
[2023-12-11T06:14:42.056+0000] {logging_mixin.py:154} INFO - [2023-12-11T06:14:42.056+0000] {dagbag.py:536} INFO - Filling up the DagBag from /opt/airflow/dags/create_star_schema_part_1.py
[2023-12-11T06:14:42.060+0000] {processor.py:841} WARNING - No viable dags retrieved from /opt/airflow/dags/create_star_schema_part_1.py
[2023-12-11T06:14:42.070+0000] {processor.py:179} INFO - Processing /opt/airflow/dags/create_star_schema_part_1.py took 0.017 seconds
[2023-12-11T06:15:12.520+0000] {processor.py:157} INFO - Started process (PID=1748) to work on /opt/airflow/dags/create_star_schema_part_1.py
[2023-12-11T06:15:12.521+0000] {processor.py:829} INFO - Processing file /opt/airflow/dags/create_star_schema_part_1.py for tasks to queue
[2023-12-11T06:15:12.521+0000] {logging_mixin.py:154} INFO - [2023-12-11T06:15:12.521+0000] {dagbag.py:536} INFO - Filling up the DagBag from /opt/airflow/dags/create_star_schema_part_1.py
[2023-12-11T06:15:12.525+0000] {processor.py:841} WARNING - No viable dags retrieved from /opt/airflow/dags/create_star_schema_part_1.py
[2023-12-11T06:15:12.534+0000] {processor.py:179} INFO - Processing /opt/airflow/dags/create_star_schema_part_1.py took 0.016 seconds
[2023-12-11T06:15:42.916+0000] {processor.py:157} INFO - Started process (PID=1791) to work on /opt/airflow/dags/create_star_schema_part_1.py
[2023-12-11T06:15:42.916+0000] {processor.py:829} INFO - Processing file /opt/airflow/dags/create_star_schema_part_1.py for tasks to queue
[2023-12-11T06:15:42.917+0000] {logging_mixin.py:154} INFO - [2023-12-11T06:15:42.917+0000] {dagbag.py:536} INFO - Filling up the DagBag from /opt/airflow/dags/create_star_schema_part_1.py
[2023-12-11T06:15:42.921+0000] {processor.py:841} WARNING - No viable dags retrieved from /opt/airflow/dags/create_star_schema_part_1.py
[2023-12-11T06:15:42.930+0000] {processor.py:179} INFO - Processing /opt/airflow/dags/create_star_schema_part_1.py took 0.017 seconds
