[2023-12-11T05:57:56.807+0000] {processor.py:157} INFO - Started process (PID=181) to work on /opt/airflow/dags/remove_outliers_1_5_iqr.py
[2023-12-11T05:57:56.807+0000] {processor.py:829} INFO - Processing file /opt/airflow/dags/remove_outliers_1_5_iqr.py for tasks to queue
[2023-12-11T05:57:56.808+0000] {logging_mixin.py:154} INFO - [2023-12-11T05:57:56.808+0000] {dagbag.py:536} INFO - Filling up the DagBag from /opt/airflow/dags/remove_outliers_1_5_iqr.py
[2023-12-11T05:57:56.811+0000] {processor.py:841} WARNING - No viable dags retrieved from /opt/airflow/dags/remove_outliers_1_5_iqr.py
[2023-12-11T05:57:56.821+0000] {processor.py:179} INFO - Processing /opt/airflow/dags/remove_outliers_1_5_iqr.py took 0.016 seconds
[2023-12-11T05:58:27.022+0000] {processor.py:157} INFO - Started process (PID=221) to work on /opt/airflow/dags/remove_outliers_1_5_iqr.py
[2023-12-11T05:58:27.023+0000] {processor.py:829} INFO - Processing file /opt/airflow/dags/remove_outliers_1_5_iqr.py for tasks to queue
[2023-12-11T05:58:27.023+0000] {logging_mixin.py:154} INFO - [2023-12-11T05:58:27.023+0000] {dagbag.py:536} INFO - Filling up the DagBag from /opt/airflow/dags/remove_outliers_1_5_iqr.py
[2023-12-11T05:58:27.027+0000] {processor.py:841} WARNING - No viable dags retrieved from /opt/airflow/dags/remove_outliers_1_5_iqr.py
[2023-12-11T05:58:27.037+0000] {processor.py:179} INFO - Processing /opt/airflow/dags/remove_outliers_1_5_iqr.py took 0.017 seconds
[2023-12-11T05:58:57.508+0000] {processor.py:157} INFO - Started process (PID=264) to work on /opt/airflow/dags/remove_outliers_1_5_iqr.py
[2023-12-11T05:58:57.509+0000] {processor.py:829} INFO - Processing file /opt/airflow/dags/remove_outliers_1_5_iqr.py for tasks to queue
[2023-12-11T05:58:57.509+0000] {logging_mixin.py:154} INFO - [2023-12-11T05:58:57.509+0000] {dagbag.py:536} INFO - Filling up the DagBag from /opt/airflow/dags/remove_outliers_1_5_iqr.py
[2023-12-11T05:58:57.513+0000] {processor.py:841} WARNING - No viable dags retrieved from /opt/airflow/dags/remove_outliers_1_5_iqr.py
[2023-12-11T05:58:57.523+0000] {processor.py:179} INFO - Processing /opt/airflow/dags/remove_outliers_1_5_iqr.py took 0.017 seconds
[2023-12-11T05:59:27.988+0000] {processor.py:157} INFO - Started process (PID=307) to work on /opt/airflow/dags/remove_outliers_1_5_iqr.py
[2023-12-11T05:59:27.988+0000] {processor.py:829} INFO - Processing file /opt/airflow/dags/remove_outliers_1_5_iqr.py for tasks to queue
[2023-12-11T05:59:27.989+0000] {logging_mixin.py:154} INFO - [2023-12-11T05:59:27.989+0000] {dagbag.py:536} INFO - Filling up the DagBag from /opt/airflow/dags/remove_outliers_1_5_iqr.py
[2023-12-11T05:59:27.992+0000] {processor.py:841} WARNING - No viable dags retrieved from /opt/airflow/dags/remove_outliers_1_5_iqr.py
[2023-12-11T05:59:28.003+0000] {processor.py:179} INFO - Processing /opt/airflow/dags/remove_outliers_1_5_iqr.py took 0.017 seconds
[2023-12-11T05:59:58.415+0000] {processor.py:157} INFO - Started process (PID=350) to work on /opt/airflow/dags/remove_outliers_1_5_iqr.py
[2023-12-11T05:59:58.416+0000] {processor.py:829} INFO - Processing file /opt/airflow/dags/remove_outliers_1_5_iqr.py for tasks to queue
[2023-12-11T05:59:58.416+0000] {logging_mixin.py:154} INFO - [2023-12-11T05:59:58.416+0000] {dagbag.py:536} INFO - Filling up the DagBag from /opt/airflow/dags/remove_outliers_1_5_iqr.py
[2023-12-11T05:59:58.420+0000] {processor.py:841} WARNING - No viable dags retrieved from /opt/airflow/dags/remove_outliers_1_5_iqr.py
[2023-12-11T05:59:58.431+0000] {processor.py:179} INFO - Processing /opt/airflow/dags/remove_outliers_1_5_iqr.py took 0.020 seconds
[2023-12-11T06:00:28.869+0000] {processor.py:157} INFO - Started process (PID=393) to work on /opt/airflow/dags/remove_outliers_1_5_iqr.py
[2023-12-11T06:00:28.870+0000] {processor.py:829} INFO - Processing file /opt/airflow/dags/remove_outliers_1_5_iqr.py for tasks to queue
[2023-12-11T06:00:28.871+0000] {logging_mixin.py:154} INFO - [2023-12-11T06:00:28.870+0000] {dagbag.py:536} INFO - Filling up the DagBag from /opt/airflow/dags/remove_outliers_1_5_iqr.py
[2023-12-11T06:00:28.874+0000] {processor.py:841} WARNING - No viable dags retrieved from /opt/airflow/dags/remove_outliers_1_5_iqr.py
[2023-12-11T06:00:28.885+0000] {processor.py:179} INFO - Processing /opt/airflow/dags/remove_outliers_1_5_iqr.py took 0.018 seconds
[2023-12-11T06:00:59.355+0000] {processor.py:157} INFO - Started process (PID=436) to work on /opt/airflow/dags/remove_outliers_1_5_iqr.py
[2023-12-11T06:00:59.356+0000] {processor.py:829} INFO - Processing file /opt/airflow/dags/remove_outliers_1_5_iqr.py for tasks to queue
[2023-12-11T06:00:59.356+0000] {logging_mixin.py:154} INFO - [2023-12-11T06:00:59.356+0000] {dagbag.py:536} INFO - Filling up the DagBag from /opt/airflow/dags/remove_outliers_1_5_iqr.py
[2023-12-11T06:00:59.361+0000] {processor.py:841} WARNING - No viable dags retrieved from /opt/airflow/dags/remove_outliers_1_5_iqr.py
[2023-12-11T06:00:59.371+0000] {processor.py:179} INFO - Processing /opt/airflow/dags/remove_outliers_1_5_iqr.py took 0.019 seconds
[2023-12-11T06:01:29.770+0000] {processor.py:157} INFO - Started process (PID=479) to work on /opt/airflow/dags/remove_outliers_1_5_iqr.py
[2023-12-11T06:01:29.771+0000] {processor.py:829} INFO - Processing file /opt/airflow/dags/remove_outliers_1_5_iqr.py for tasks to queue
[2023-12-11T06:01:29.772+0000] {logging_mixin.py:154} INFO - [2023-12-11T06:01:29.772+0000] {dagbag.py:536} INFO - Filling up the DagBag from /opt/airflow/dags/remove_outliers_1_5_iqr.py
[2023-12-11T06:01:29.780+0000] {processor.py:841} WARNING - No viable dags retrieved from /opt/airflow/dags/remove_outliers_1_5_iqr.py
[2023-12-11T06:01:29.789+0000] {processor.py:179} INFO - Processing /opt/airflow/dags/remove_outliers_1_5_iqr.py took 0.024 seconds
[2023-12-11T06:02:00.176+0000] {processor.py:157} INFO - Started process (PID=527) to work on /opt/airflow/dags/remove_outliers_1_5_iqr.py
[2023-12-11T06:02:00.177+0000] {processor.py:829} INFO - Processing file /opt/airflow/dags/remove_outliers_1_5_iqr.py for tasks to queue
[2023-12-11T06:02:00.178+0000] {logging_mixin.py:154} INFO - [2023-12-11T06:02:00.178+0000] {dagbag.py:536} INFO - Filling up the DagBag from /opt/airflow/dags/remove_outliers_1_5_iqr.py
[2023-12-11T06:02:00.183+0000] {processor.py:841} WARNING - No viable dags retrieved from /opt/airflow/dags/remove_outliers_1_5_iqr.py
[2023-12-11T06:02:00.195+0000] {processor.py:179} INFO - Processing /opt/airflow/dags/remove_outliers_1_5_iqr.py took 0.021 seconds
[2023-12-11T06:02:30.672+0000] {processor.py:157} INFO - Started process (PID=577) to work on /opt/airflow/dags/remove_outliers_1_5_iqr.py
[2023-12-11T06:02:30.673+0000] {processor.py:829} INFO - Processing file /opt/airflow/dags/remove_outliers_1_5_iqr.py for tasks to queue
[2023-12-11T06:02:30.673+0000] {logging_mixin.py:154} INFO - [2023-12-11T06:02:30.673+0000] {dagbag.py:536} INFO - Filling up the DagBag from /opt/airflow/dags/remove_outliers_1_5_iqr.py
[2023-12-11T06:02:30.676+0000] {processor.py:841} WARNING - No viable dags retrieved from /opt/airflow/dags/remove_outliers_1_5_iqr.py
[2023-12-11T06:02:30.686+0000] {processor.py:179} INFO - Processing /opt/airflow/dags/remove_outliers_1_5_iqr.py took 0.015 seconds
[2023-12-11T06:03:01.225+0000] {processor.py:157} INFO - Started process (PID=623) to work on /opt/airflow/dags/remove_outliers_1_5_iqr.py
[2023-12-11T06:03:01.226+0000] {processor.py:829} INFO - Processing file /opt/airflow/dags/remove_outliers_1_5_iqr.py for tasks to queue
[2023-12-11T06:03:01.227+0000] {logging_mixin.py:154} INFO - [2023-12-11T06:03:01.227+0000] {dagbag.py:536} INFO - Filling up the DagBag from /opt/airflow/dags/remove_outliers_1_5_iqr.py
[2023-12-11T06:03:01.230+0000] {processor.py:841} WARNING - No viable dags retrieved from /opt/airflow/dags/remove_outliers_1_5_iqr.py
[2023-12-11T06:03:01.240+0000] {processor.py:179} INFO - Processing /opt/airflow/dags/remove_outliers_1_5_iqr.py took 0.016 seconds
[2023-12-11T06:03:31.763+0000] {processor.py:157} INFO - Started process (PID=672) to work on /opt/airflow/dags/remove_outliers_1_5_iqr.py
[2023-12-11T06:03:31.764+0000] {processor.py:829} INFO - Processing file /opt/airflow/dags/remove_outliers_1_5_iqr.py for tasks to queue
[2023-12-11T06:03:31.765+0000] {logging_mixin.py:154} INFO - [2023-12-11T06:03:31.764+0000] {dagbag.py:536} INFO - Filling up the DagBag from /opt/airflow/dags/remove_outliers_1_5_iqr.py
[2023-12-11T06:03:31.768+0000] {processor.py:841} WARNING - No viable dags retrieved from /opt/airflow/dags/remove_outliers_1_5_iqr.py
[2023-12-11T06:03:31.778+0000] {processor.py:179} INFO - Processing /opt/airflow/dags/remove_outliers_1_5_iqr.py took 0.017 seconds
[2023-12-11T06:04:02.306+0000] {processor.py:157} INFO - Started process (PID=715) to work on /opt/airflow/dags/remove_outliers_1_5_iqr.py
[2023-12-11T06:04:02.307+0000] {processor.py:829} INFO - Processing file /opt/airflow/dags/remove_outliers_1_5_iqr.py for tasks to queue
[2023-12-11T06:04:02.308+0000] {logging_mixin.py:154} INFO - [2023-12-11T06:04:02.308+0000] {dagbag.py:536} INFO - Filling up the DagBag from /opt/airflow/dags/remove_outliers_1_5_iqr.py
[2023-12-11T06:04:02.311+0000] {processor.py:841} WARNING - No viable dags retrieved from /opt/airflow/dags/remove_outliers_1_5_iqr.py
[2023-12-11T06:04:02.321+0000] {processor.py:179} INFO - Processing /opt/airflow/dags/remove_outliers_1_5_iqr.py took 0.017 seconds
[2023-12-11T06:04:32.762+0000] {processor.py:157} INFO - Started process (PID=767) to work on /opt/airflow/dags/remove_outliers_1_5_iqr.py
[2023-12-11T06:04:32.763+0000] {processor.py:829} INFO - Processing file /opt/airflow/dags/remove_outliers_1_5_iqr.py for tasks to queue
[2023-12-11T06:04:32.763+0000] {logging_mixin.py:154} INFO - [2023-12-11T06:04:32.763+0000] {dagbag.py:536} INFO - Filling up the DagBag from /opt/airflow/dags/remove_outliers_1_5_iqr.py
[2023-12-11T06:04:32.767+0000] {processor.py:841} WARNING - No viable dags retrieved from /opt/airflow/dags/remove_outliers_1_5_iqr.py
[2023-12-11T06:04:32.776+0000] {processor.py:179} INFO - Processing /opt/airflow/dags/remove_outliers_1_5_iqr.py took 0.016 seconds
[2023-12-11T06:05:03.220+0000] {processor.py:157} INFO - Started process (PID=810) to work on /opt/airflow/dags/remove_outliers_1_5_iqr.py
[2023-12-11T06:05:03.221+0000] {processor.py:829} INFO - Processing file /opt/airflow/dags/remove_outliers_1_5_iqr.py for tasks to queue
[2023-12-11T06:05:03.222+0000] {logging_mixin.py:154} INFO - [2023-12-11T06:05:03.221+0000] {dagbag.py:536} INFO - Filling up the DagBag from /opt/airflow/dags/remove_outliers_1_5_iqr.py
[2023-12-11T06:05:03.225+0000] {processor.py:841} WARNING - No viable dags retrieved from /opt/airflow/dags/remove_outliers_1_5_iqr.py
[2023-12-11T06:05:03.234+0000] {processor.py:179} INFO - Processing /opt/airflow/dags/remove_outliers_1_5_iqr.py took 0.015 seconds
[2023-12-11T06:05:33.661+0000] {processor.py:157} INFO - Started process (PID=874) to work on /opt/airflow/dags/remove_outliers_1_5_iqr.py
[2023-12-11T06:05:33.661+0000] {processor.py:829} INFO - Processing file /opt/airflow/dags/remove_outliers_1_5_iqr.py for tasks to queue
[2023-12-11T06:05:33.662+0000] {logging_mixin.py:154} INFO - [2023-12-11T06:05:33.662+0000] {dagbag.py:536} INFO - Filling up the DagBag from /opt/airflow/dags/remove_outliers_1_5_iqr.py
[2023-12-11T06:05:33.665+0000] {processor.py:841} WARNING - No viable dags retrieved from /opt/airflow/dags/remove_outliers_1_5_iqr.py
[2023-12-11T06:05:33.675+0000] {processor.py:179} INFO - Processing /opt/airflow/dags/remove_outliers_1_5_iqr.py took 0.016 seconds
[2023-12-11T06:06:04.092+0000] {processor.py:157} INFO - Started process (PID=917) to work on /opt/airflow/dags/remove_outliers_1_5_iqr.py
[2023-12-11T06:06:04.093+0000] {processor.py:829} INFO - Processing file /opt/airflow/dags/remove_outliers_1_5_iqr.py for tasks to queue
[2023-12-11T06:06:04.093+0000] {logging_mixin.py:154} INFO - [2023-12-11T06:06:04.093+0000] {dagbag.py:536} INFO - Filling up the DagBag from /opt/airflow/dags/remove_outliers_1_5_iqr.py
[2023-12-11T06:06:04.096+0000] {processor.py:841} WARNING - No viable dags retrieved from /opt/airflow/dags/remove_outliers_1_5_iqr.py
[2023-12-11T06:06:04.107+0000] {processor.py:179} INFO - Processing /opt/airflow/dags/remove_outliers_1_5_iqr.py took 0.017 seconds
[2023-12-11T06:06:34.524+0000] {processor.py:157} INFO - Started process (PID=981) to work on /opt/airflow/dags/remove_outliers_1_5_iqr.py
[2023-12-11T06:06:34.524+0000] {processor.py:829} INFO - Processing file /opt/airflow/dags/remove_outliers_1_5_iqr.py for tasks to queue
[2023-12-11T06:06:34.525+0000] {logging_mixin.py:154} INFO - [2023-12-11T06:06:34.525+0000] {dagbag.py:536} INFO - Filling up the DagBag from /opt/airflow/dags/remove_outliers_1_5_iqr.py
[2023-12-11T06:06:34.528+0000] {processor.py:841} WARNING - No viable dags retrieved from /opt/airflow/dags/remove_outliers_1_5_iqr.py
[2023-12-11T06:06:34.538+0000] {processor.py:179} INFO - Processing /opt/airflow/dags/remove_outliers_1_5_iqr.py took 0.017 seconds
[2023-12-11T06:07:04.981+0000] {processor.py:157} INFO - Started process (PID=1024) to work on /opt/airflow/dags/remove_outliers_1_5_iqr.py
[2023-12-11T06:07:04.981+0000] {processor.py:829} INFO - Processing file /opt/airflow/dags/remove_outliers_1_5_iqr.py for tasks to queue
[2023-12-11T06:07:04.982+0000] {logging_mixin.py:154} INFO - [2023-12-11T06:07:04.982+0000] {dagbag.py:536} INFO - Filling up the DagBag from /opt/airflow/dags/remove_outliers_1_5_iqr.py
[2023-12-11T06:07:04.986+0000] {processor.py:841} WARNING - No viable dags retrieved from /opt/airflow/dags/remove_outliers_1_5_iqr.py
[2023-12-11T06:07:04.996+0000] {processor.py:179} INFO - Processing /opt/airflow/dags/remove_outliers_1_5_iqr.py took 0.017 seconds
[2023-12-11T06:07:35.439+0000] {processor.py:157} INFO - Started process (PID=1088) to work on /opt/airflow/dags/remove_outliers_1_5_iqr.py
[2023-12-11T06:07:35.439+0000] {processor.py:829} INFO - Processing file /opt/airflow/dags/remove_outliers_1_5_iqr.py for tasks to queue
[2023-12-11T06:07:35.440+0000] {logging_mixin.py:154} INFO - [2023-12-11T06:07:35.440+0000] {dagbag.py:536} INFO - Filling up the DagBag from /opt/airflow/dags/remove_outliers_1_5_iqr.py
[2023-12-11T06:07:35.443+0000] {processor.py:841} WARNING - No viable dags retrieved from /opt/airflow/dags/remove_outliers_1_5_iqr.py
[2023-12-11T06:07:35.453+0000] {processor.py:179} INFO - Processing /opt/airflow/dags/remove_outliers_1_5_iqr.py took 0.017 seconds
[2023-12-11T06:08:05.970+0000] {processor.py:157} INFO - Started process (PID=1131) to work on /opt/airflow/dags/remove_outliers_1_5_iqr.py
[2023-12-11T06:08:05.970+0000] {processor.py:829} INFO - Processing file /opt/airflow/dags/remove_outliers_1_5_iqr.py for tasks to queue
[2023-12-11T06:08:05.971+0000] {logging_mixin.py:154} INFO - [2023-12-11T06:08:05.971+0000] {dagbag.py:536} INFO - Filling up the DagBag from /opt/airflow/dags/remove_outliers_1_5_iqr.py
[2023-12-11T06:08:05.974+0000] {processor.py:841} WARNING - No viable dags retrieved from /opt/airflow/dags/remove_outliers_1_5_iqr.py
[2023-12-11T06:08:05.984+0000] {processor.py:179} INFO - Processing /opt/airflow/dags/remove_outliers_1_5_iqr.py took 0.017 seconds
[2023-12-11T06:08:36.395+0000] {processor.py:157} INFO - Started process (PID=1174) to work on /opt/airflow/dags/remove_outliers_1_5_iqr.py
[2023-12-11T06:08:36.396+0000] {processor.py:829} INFO - Processing file /opt/airflow/dags/remove_outliers_1_5_iqr.py for tasks to queue
[2023-12-11T06:08:36.397+0000] {logging_mixin.py:154} INFO - [2023-12-11T06:08:36.396+0000] {dagbag.py:536} INFO - Filling up the DagBag from /opt/airflow/dags/remove_outliers_1_5_iqr.py
[2023-12-11T06:08:36.400+0000] {processor.py:841} WARNING - No viable dags retrieved from /opt/airflow/dags/remove_outliers_1_5_iqr.py
[2023-12-11T06:08:36.411+0000] {processor.py:179} INFO - Processing /opt/airflow/dags/remove_outliers_1_5_iqr.py took 0.018 seconds
[2023-12-11T06:09:06.842+0000] {processor.py:157} INFO - Started process (PID=1217) to work on /opt/airflow/dags/remove_outliers_1_5_iqr.py
[2023-12-11T06:09:06.842+0000] {processor.py:829} INFO - Processing file /opt/airflow/dags/remove_outliers_1_5_iqr.py for tasks to queue
[2023-12-11T06:09:06.843+0000] {logging_mixin.py:154} INFO - [2023-12-11T06:09:06.843+0000] {dagbag.py:536} INFO - Filling up the DagBag from /opt/airflow/dags/remove_outliers_1_5_iqr.py
[2023-12-11T06:09:06.847+0000] {processor.py:841} WARNING - No viable dags retrieved from /opt/airflow/dags/remove_outliers_1_5_iqr.py
[2023-12-11T06:09:06.857+0000] {processor.py:179} INFO - Processing /opt/airflow/dags/remove_outliers_1_5_iqr.py took 0.018 seconds
[2023-12-11T06:09:37.274+0000] {processor.py:157} INFO - Started process (PID=1260) to work on /opt/airflow/dags/remove_outliers_1_5_iqr.py
[2023-12-11T06:09:37.275+0000] {processor.py:829} INFO - Processing file /opt/airflow/dags/remove_outliers_1_5_iqr.py for tasks to queue
[2023-12-11T06:09:37.275+0000] {logging_mixin.py:154} INFO - [2023-12-11T06:09:37.275+0000] {dagbag.py:536} INFO - Filling up the DagBag from /opt/airflow/dags/remove_outliers_1_5_iqr.py
[2023-12-11T06:09:37.278+0000] {processor.py:841} WARNING - No viable dags retrieved from /opt/airflow/dags/remove_outliers_1_5_iqr.py
[2023-12-11T06:09:37.288+0000] {processor.py:179} INFO - Processing /opt/airflow/dags/remove_outliers_1_5_iqr.py took 0.016 seconds
[2023-12-11T06:10:07.754+0000] {processor.py:157} INFO - Started process (PID=1303) to work on /opt/airflow/dags/remove_outliers_1_5_iqr.py
[2023-12-11T06:10:07.755+0000] {processor.py:829} INFO - Processing file /opt/airflow/dags/remove_outliers_1_5_iqr.py for tasks to queue
[2023-12-11T06:10:07.755+0000] {logging_mixin.py:154} INFO - [2023-12-11T06:10:07.755+0000] {dagbag.py:536} INFO - Filling up the DagBag from /opt/airflow/dags/remove_outliers_1_5_iqr.py
[2023-12-11T06:10:07.759+0000] {processor.py:841} WARNING - No viable dags retrieved from /opt/airflow/dags/remove_outliers_1_5_iqr.py
[2023-12-11T06:10:07.768+0000] {processor.py:179} INFO - Processing /opt/airflow/dags/remove_outliers_1_5_iqr.py took 0.017 seconds
[2023-12-11T06:10:38.246+0000] {processor.py:157} INFO - Started process (PID=1346) to work on /opt/airflow/dags/remove_outliers_1_5_iqr.py
[2023-12-11T06:10:38.247+0000] {processor.py:829} INFO - Processing file /opt/airflow/dags/remove_outliers_1_5_iqr.py for tasks to queue
[2023-12-11T06:10:38.247+0000] {logging_mixin.py:154} INFO - [2023-12-11T06:10:38.247+0000] {dagbag.py:536} INFO - Filling up the DagBag from /opt/airflow/dags/remove_outliers_1_5_iqr.py
[2023-12-11T06:10:38.250+0000] {processor.py:841} WARNING - No viable dags retrieved from /opt/airflow/dags/remove_outliers_1_5_iqr.py
[2023-12-11T06:10:38.260+0000] {processor.py:179} INFO - Processing /opt/airflow/dags/remove_outliers_1_5_iqr.py took 0.016 seconds
[2023-12-11T06:11:08.744+0000] {processor.py:157} INFO - Started process (PID=1389) to work on /opt/airflow/dags/remove_outliers_1_5_iqr.py
[2023-12-11T06:11:08.746+0000] {processor.py:829} INFO - Processing file /opt/airflow/dags/remove_outliers_1_5_iqr.py for tasks to queue
[2023-12-11T06:11:08.747+0000] {logging_mixin.py:154} INFO - [2023-12-11T06:11:08.746+0000] {dagbag.py:536} INFO - Filling up the DagBag from /opt/airflow/dags/remove_outliers_1_5_iqr.py
[2023-12-11T06:11:08.752+0000] {processor.py:841} WARNING - No viable dags retrieved from /opt/airflow/dags/remove_outliers_1_5_iqr.py
[2023-12-11T06:11:08.763+0000] {processor.py:179} INFO - Processing /opt/airflow/dags/remove_outliers_1_5_iqr.py took 0.021 seconds
[2023-12-11T06:11:39.212+0000] {processor.py:157} INFO - Started process (PID=1432) to work on /opt/airflow/dags/remove_outliers_1_5_iqr.py
[2023-12-11T06:11:39.212+0000] {processor.py:829} INFO - Processing file /opt/airflow/dags/remove_outliers_1_5_iqr.py for tasks to queue
[2023-12-11T06:11:39.213+0000] {logging_mixin.py:154} INFO - [2023-12-11T06:11:39.213+0000] {dagbag.py:536} INFO - Filling up the DagBag from /opt/airflow/dags/remove_outliers_1_5_iqr.py
[2023-12-11T06:11:39.216+0000] {processor.py:841} WARNING - No viable dags retrieved from /opt/airflow/dags/remove_outliers_1_5_iqr.py
[2023-12-11T06:11:39.226+0000] {processor.py:179} INFO - Processing /opt/airflow/dags/remove_outliers_1_5_iqr.py took 0.017 seconds
[2023-12-11T06:12:09.699+0000] {processor.py:157} INFO - Started process (PID=1475) to work on /opt/airflow/dags/remove_outliers_1_5_iqr.py
[2023-12-11T06:12:09.700+0000] {processor.py:829} INFO - Processing file /opt/airflow/dags/remove_outliers_1_5_iqr.py for tasks to queue
[2023-12-11T06:12:09.701+0000] {logging_mixin.py:154} INFO - [2023-12-11T06:12:09.700+0000] {dagbag.py:536} INFO - Filling up the DagBag from /opt/airflow/dags/remove_outliers_1_5_iqr.py
[2023-12-11T06:12:09.704+0000] {processor.py:841} WARNING - No viable dags retrieved from /opt/airflow/dags/remove_outliers_1_5_iqr.py
[2023-12-11T06:12:09.715+0000] {processor.py:179} INFO - Processing /opt/airflow/dags/remove_outliers_1_5_iqr.py took 0.018 seconds
[2023-12-11T06:12:40.212+0000] {processor.py:157} INFO - Started process (PID=1518) to work on /opt/airflow/dags/remove_outliers_1_5_iqr.py
[2023-12-11T06:12:40.213+0000] {processor.py:829} INFO - Processing file /opt/airflow/dags/remove_outliers_1_5_iqr.py for tasks to queue
[2023-12-11T06:12:40.214+0000] {logging_mixin.py:154} INFO - [2023-12-11T06:12:40.213+0000] {dagbag.py:536} INFO - Filling up the DagBag from /opt/airflow/dags/remove_outliers_1_5_iqr.py
[2023-12-11T06:12:40.217+0000] {processor.py:841} WARNING - No viable dags retrieved from /opt/airflow/dags/remove_outliers_1_5_iqr.py
[2023-12-11T06:12:40.227+0000] {processor.py:179} INFO - Processing /opt/airflow/dags/remove_outliers_1_5_iqr.py took 0.017 seconds
[2023-12-11T06:13:10.611+0000] {processor.py:157} INFO - Started process (PID=1561) to work on /opt/airflow/dags/remove_outliers_1_5_iqr.py
[2023-12-11T06:13:10.612+0000] {processor.py:829} INFO - Processing file /opt/airflow/dags/remove_outliers_1_5_iqr.py for tasks to queue
[2023-12-11T06:13:10.612+0000] {logging_mixin.py:154} INFO - [2023-12-11T06:13:10.612+0000] {dagbag.py:536} INFO - Filling up the DagBag from /opt/airflow/dags/remove_outliers_1_5_iqr.py
[2023-12-11T06:13:10.616+0000] {processor.py:841} WARNING - No viable dags retrieved from /opt/airflow/dags/remove_outliers_1_5_iqr.py
[2023-12-11T06:13:10.627+0000] {processor.py:179} INFO - Processing /opt/airflow/dags/remove_outliers_1_5_iqr.py took 0.018 seconds
[2023-12-11T06:13:41.052+0000] {processor.py:157} INFO - Started process (PID=1604) to work on /opt/airflow/dags/remove_outliers_1_5_iqr.py
[2023-12-11T06:13:41.052+0000] {processor.py:829} INFO - Processing file /opt/airflow/dags/remove_outliers_1_5_iqr.py for tasks to queue
[2023-12-11T06:13:41.053+0000] {logging_mixin.py:154} INFO - [2023-12-11T06:13:41.053+0000] {dagbag.py:536} INFO - Filling up the DagBag from /opt/airflow/dags/remove_outliers_1_5_iqr.py
[2023-12-11T06:13:41.056+0000] {processor.py:841} WARNING - No viable dags retrieved from /opt/airflow/dags/remove_outliers_1_5_iqr.py
[2023-12-11T06:13:41.066+0000] {processor.py:179} INFO - Processing /opt/airflow/dags/remove_outliers_1_5_iqr.py took 0.017 seconds
[2023-12-11T06:14:11.504+0000] {processor.py:157} INFO - Started process (PID=1647) to work on /opt/airflow/dags/remove_outliers_1_5_iqr.py
[2023-12-11T06:14:11.505+0000] {processor.py:829} INFO - Processing file /opt/airflow/dags/remove_outliers_1_5_iqr.py for tasks to queue
[2023-12-11T06:14:11.506+0000] {logging_mixin.py:154} INFO - [2023-12-11T06:14:11.505+0000] {dagbag.py:536} INFO - Filling up the DagBag from /opt/airflow/dags/remove_outliers_1_5_iqr.py
[2023-12-11T06:14:11.509+0000] {processor.py:841} WARNING - No viable dags retrieved from /opt/airflow/dags/remove_outliers_1_5_iqr.py
[2023-12-11T06:14:11.518+0000] {processor.py:179} INFO - Processing /opt/airflow/dags/remove_outliers_1_5_iqr.py took 0.015 seconds
[2023-12-11T06:14:41.992+0000] {processor.py:157} INFO - Started process (PID=1690) to work on /opt/airflow/dags/remove_outliers_1_5_iqr.py
[2023-12-11T06:14:41.993+0000] {processor.py:829} INFO - Processing file /opt/airflow/dags/remove_outliers_1_5_iqr.py for tasks to queue
[2023-12-11T06:14:41.993+0000] {logging_mixin.py:154} INFO - [2023-12-11T06:14:41.993+0000] {dagbag.py:536} INFO - Filling up the DagBag from /opt/airflow/dags/remove_outliers_1_5_iqr.py
[2023-12-11T06:14:41.997+0000] {processor.py:841} WARNING - No viable dags retrieved from /opt/airflow/dags/remove_outliers_1_5_iqr.py
[2023-12-11T06:14:42.008+0000] {processor.py:179} INFO - Processing /opt/airflow/dags/remove_outliers_1_5_iqr.py took 0.020 seconds
[2023-12-11T06:15:12.462+0000] {processor.py:157} INFO - Started process (PID=1733) to work on /opt/airflow/dags/remove_outliers_1_5_iqr.py
[2023-12-11T06:15:12.463+0000] {processor.py:829} INFO - Processing file /opt/airflow/dags/remove_outliers_1_5_iqr.py for tasks to queue
[2023-12-11T06:15:12.463+0000] {logging_mixin.py:154} INFO - [2023-12-11T06:15:12.463+0000] {dagbag.py:536} INFO - Filling up the DagBag from /opt/airflow/dags/remove_outliers_1_5_iqr.py
[2023-12-11T06:15:12.467+0000] {processor.py:841} WARNING - No viable dags retrieved from /opt/airflow/dags/remove_outliers_1_5_iqr.py
[2023-12-11T06:15:12.476+0000] {processor.py:179} INFO - Processing /opt/airflow/dags/remove_outliers_1_5_iqr.py took 0.017 seconds
[2023-12-11T06:15:42.854+0000] {processor.py:157} INFO - Started process (PID=1776) to work on /opt/airflow/dags/remove_outliers_1_5_iqr.py
[2023-12-11T06:15:42.854+0000] {processor.py:829} INFO - Processing file /opt/airflow/dags/remove_outliers_1_5_iqr.py for tasks to queue
[2023-12-11T06:15:42.855+0000] {logging_mixin.py:154} INFO - [2023-12-11T06:15:42.855+0000] {dagbag.py:536} INFO - Filling up the DagBag from /opt/airflow/dags/remove_outliers_1_5_iqr.py
[2023-12-11T06:15:42.858+0000] {processor.py:841} WARNING - No viable dags retrieved from /opt/airflow/dags/remove_outliers_1_5_iqr.py
[2023-12-11T06:15:42.870+0000] {processor.py:179} INFO - Processing /opt/airflow/dags/remove_outliers_1_5_iqr.py took 0.019 seconds
