[2023-12-12T22:49:02.762+0000] {taskinstance.py:1159} INFO - Dependencies all met for dep_context=non-requeueable deps ti=<TaskInstance: Cyclistic_Summary_Data-v01.create_dim_tables.create_dim_usertype_table scheduled__2023-12-01T00:00:00+00:00 [queued]>
[2023-12-12T22:49:02.769+0000] {taskinstance.py:1159} INFO - Dependencies all met for dep_context=requeueable deps ti=<TaskInstance: Cyclistic_Summary_Data-v01.create_dim_tables.create_dim_usertype_table scheduled__2023-12-01T00:00:00+00:00 [queued]>
[2023-12-12T22:49:02.770+0000] {taskinstance.py:1361} INFO - Starting attempt 1 of 6
[2023-12-12T22:49:02.781+0000] {taskinstance.py:1382} INFO - Executing <Task(PostgresOperator): create_dim_usertype_table> on 2023-12-01 00:00:00+00:00
[2023-12-12T22:49:02.786+0000] {standard_task_runner.py:57} INFO - Started process 1500 to run task
[2023-12-12T22:49:02.790+0000] {standard_task_runner.py:84} INFO - Running: ['***', 'tasks', 'run', 'Cyclistic_Summary_Data-v01.create_dim_tables', 'create_dim_usertype_table', 'scheduled__2023-12-01T00:00:00+00:00', '--job-id', '15', '--raw', '--subdir', 'DAGS_FOLDER/Cyclistic_All_Year_Summary.py', '--cfg-path', '/tmp/tmpu9ro8k3h']
[2023-12-12T22:49:02.793+0000] {standard_task_runner.py:85} INFO - Job 15: Subtask create_dim_usertype_table
[2023-12-12T22:49:02.863+0000] {task_command.py:416} INFO - Running <TaskInstance: Cyclistic_Summary_Data-v01.create_dim_tables.create_dim_usertype_table scheduled__2023-12-01T00:00:00+00:00 [running]> on host 858cc19b7838
[2023-12-12T22:49:02.935+0000] {taskinstance.py:1662} INFO - Exporting env vars: AIRFLOW_CTX_DAG_OWNER='dunnbc22' AIRFLOW_CTX_DAG_ID='Cyclistic_Summary_Data-v01.create_dim_tables' AIRFLOW_CTX_TASK_ID='create_dim_usertype_table' AIRFLOW_CTX_EXECUTION_DATE='2023-12-01T00:00:00+00:00' AIRFLOW_CTX_TRY_NUMBER='1' AIRFLOW_CTX_DAG_RUN_ID='scheduled__2023-12-01T00:00:00+00:00'
[2023-12-12T22:49:02.936+0000] {sql.py:274} INFO - Executing: -- params: table_name, dimension_col, data_type

-- Step 1: Extract Unique Values
CREATE TEMPORARY TABLE unique_values_usertype AS
SELECT DISTINCT usertype FROM cyclistic_summary_data_pipe;

-- Step 2: Create Dimension Table
DROP TABLE IF EXISTS dimension_table_usertype;
CREATE TABLE dimension_table_usertype (
    id SERIAL PRIMARY KEY,
    usertype VARCHAR
);

-- Step 3: Insert unique values into dimension table
INSERT INTO dimension_table_usertype (usertype)
SELECT * FROM unique_values_usertype;
[2023-12-12T22:49:02.947+0000] {base.py:73} INFO - Using connection ID 'postgres_conn' for task execution.
[2023-12-12T22:49:02.957+0000] {base.py:73} INFO - Using connection ID 'postgres_conn' for task execution.
[2023-12-12T22:49:02.970+0000] {sql.py:418} INFO - Running statement: -- params: table_name, dimension_col, data_type

-- Step 1: Extract Unique Values
CREATE TEMPORARY TABLE unique_values_usertype AS
SELECT DISTINCT usertype FROM cyclistic_summary_data_pipe;

-- Step 2: Create Dimension Table
DROP TABLE IF EXISTS dimension_table_usertype;
CREATE TABLE dimension_table_usertype (
    id SERIAL PRIMARY KEY,
    usertype VARCHAR
);

-- Step 3: Insert unique values into dimension table
INSERT INTO dimension_table_usertype (usertype)
SELECT * FROM unique_values_usertype;, parameters: None
[2023-12-12T22:49:03.427+0000] {sql.py:427} INFO - Rows affected: 2
[2023-12-12T22:49:03.457+0000] {taskinstance.py:1400} INFO - Marking task as SUCCESS. dag_id=Cyclistic_Summary_Data-v01.create_dim_tables, task_id=create_dim_usertype_table, execution_date=20231201T000000, start_date=20231212T224902, end_date=20231212T224903
[2023-12-12T22:49:03.507+0000] {local_task_job_runner.py:228} INFO - Task exited with return code 0
[2023-12-12T22:49:03.542+0000] {taskinstance.py:2778} INFO - 0 downstream tasks scheduled from follow-on schedule check
