[2023-12-11T05:44:20.099+0000] {processor.py:157} INFO - Started process (PID=191) to work on /opt/airflow/dags/create_star_schema_part_1.py
[2023-12-11T05:44:20.101+0000] {processor.py:829} INFO - Processing file /opt/airflow/dags/create_star_schema_part_1.py for tasks to queue
[2023-12-11T05:44:20.102+0000] {logging_mixin.py:154} INFO - [2023-12-11T05:44:20.102+0000] {dagbag.py:536} INFO - Filling up the DagBag from /opt/airflow/dags/create_star_schema_part_1.py
[2023-12-11T05:44:20.110+0000] {processor.py:841} WARNING - No viable dags retrieved from /opt/airflow/dags/create_star_schema_part_1.py
[2023-12-11T05:44:20.122+0000] {processor.py:179} INFO - Processing /opt/airflow/dags/create_star_schema_part_1.py took 0.024 seconds
[2023-12-11T05:44:50.552+0000] {processor.py:157} INFO - Started process (PID=228) to work on /opt/airflow/dags/create_star_schema_part_1.py
[2023-12-11T05:44:50.553+0000] {processor.py:829} INFO - Processing file /opt/airflow/dags/create_star_schema_part_1.py for tasks to queue
[2023-12-11T05:44:50.553+0000] {logging_mixin.py:154} INFO - [2023-12-11T05:44:50.553+0000] {dagbag.py:536} INFO - Filling up the DagBag from /opt/airflow/dags/create_star_schema_part_1.py
[2023-12-11T05:44:50.558+0000] {processor.py:841} WARNING - No viable dags retrieved from /opt/airflow/dags/create_star_schema_part_1.py
[2023-12-11T05:44:50.567+0000] {processor.py:179} INFO - Processing /opt/airflow/dags/create_star_schema_part_1.py took 0.017 seconds
[2023-12-11T05:45:21.063+0000] {processor.py:157} INFO - Started process (PID=265) to work on /opt/airflow/dags/create_star_schema_part_1.py
[2023-12-11T05:45:21.063+0000] {processor.py:829} INFO - Processing file /opt/airflow/dags/create_star_schema_part_1.py for tasks to queue
[2023-12-11T05:45:21.064+0000] {logging_mixin.py:154} INFO - [2023-12-11T05:45:21.063+0000] {dagbag.py:536} INFO - Filling up the DagBag from /opt/airflow/dags/create_star_schema_part_1.py
[2023-12-11T05:45:21.068+0000] {processor.py:841} WARNING - No viable dags retrieved from /opt/airflow/dags/create_star_schema_part_1.py
[2023-12-11T05:45:21.077+0000] {processor.py:179} INFO - Processing /opt/airflow/dags/create_star_schema_part_1.py took 0.017 seconds
[2023-12-11T05:45:51.575+0000] {processor.py:157} INFO - Started process (PID=302) to work on /opt/airflow/dags/create_star_schema_part_1.py
[2023-12-11T05:45:51.576+0000] {processor.py:829} INFO - Processing file /opt/airflow/dags/create_star_schema_part_1.py for tasks to queue
[2023-12-11T05:45:51.577+0000] {logging_mixin.py:154} INFO - [2023-12-11T05:45:51.576+0000] {dagbag.py:536} INFO - Filling up the DagBag from /opt/airflow/dags/create_star_schema_part_1.py
[2023-12-11T05:45:51.581+0000] {processor.py:841} WARNING - No viable dags retrieved from /opt/airflow/dags/create_star_schema_part_1.py
[2023-12-11T05:45:51.591+0000] {processor.py:179} INFO - Processing /opt/airflow/dags/create_star_schema_part_1.py took 0.018 seconds
[2023-12-11T05:46:22.117+0000] {processor.py:157} INFO - Started process (PID=339) to work on /opt/airflow/dags/create_star_schema_part_1.py
[2023-12-11T05:46:22.118+0000] {processor.py:829} INFO - Processing file /opt/airflow/dags/create_star_schema_part_1.py for tasks to queue
[2023-12-11T05:46:22.119+0000] {logging_mixin.py:154} INFO - [2023-12-11T05:46:22.118+0000] {dagbag.py:536} INFO - Filling up the DagBag from /opt/airflow/dags/create_star_schema_part_1.py
[2023-12-11T05:46:22.123+0000] {processor.py:841} WARNING - No viable dags retrieved from /opt/airflow/dags/create_star_schema_part_1.py
[2023-12-11T05:46:22.133+0000] {processor.py:179} INFO - Processing /opt/airflow/dags/create_star_schema_part_1.py took 0.018 seconds
[2023-12-11T05:46:52.560+0000] {processor.py:157} INFO - Started process (PID=376) to work on /opt/airflow/dags/create_star_schema_part_1.py
[2023-12-11T05:46:52.561+0000] {processor.py:829} INFO - Processing file /opt/airflow/dags/create_star_schema_part_1.py for tasks to queue
[2023-12-11T05:46:52.562+0000] {logging_mixin.py:154} INFO - [2023-12-11T05:46:52.562+0000] {dagbag.py:536} INFO - Filling up the DagBag from /opt/airflow/dags/create_star_schema_part_1.py
[2023-12-11T05:46:52.566+0000] {processor.py:841} WARNING - No viable dags retrieved from /opt/airflow/dags/create_star_schema_part_1.py
[2023-12-11T05:46:52.576+0000] {processor.py:179} INFO - Processing /opt/airflow/dags/create_star_schema_part_1.py took 0.017 seconds
[2023-12-11T05:47:23.079+0000] {processor.py:157} INFO - Started process (PID=413) to work on /opt/airflow/dags/create_star_schema_part_1.py
[2023-12-11T05:47:23.080+0000] {processor.py:829} INFO - Processing file /opt/airflow/dags/create_star_schema_part_1.py for tasks to queue
[2023-12-11T05:47:23.080+0000] {logging_mixin.py:154} INFO - [2023-12-11T05:47:23.080+0000] {dagbag.py:536} INFO - Filling up the DagBag from /opt/airflow/dags/create_star_schema_part_1.py
[2023-12-11T05:47:23.085+0000] {processor.py:841} WARNING - No viable dags retrieved from /opt/airflow/dags/create_star_schema_part_1.py
[2023-12-11T05:47:23.095+0000] {processor.py:179} INFO - Processing /opt/airflow/dags/create_star_schema_part_1.py took 0.018 seconds
[2023-12-11T05:47:53.571+0000] {processor.py:157} INFO - Started process (PID=450) to work on /opt/airflow/dags/create_star_schema_part_1.py
[2023-12-11T05:47:53.572+0000] {processor.py:829} INFO - Processing file /opt/airflow/dags/create_star_schema_part_1.py for tasks to queue
[2023-12-11T05:47:53.572+0000] {logging_mixin.py:154} INFO - [2023-12-11T05:47:53.572+0000] {dagbag.py:536} INFO - Filling up the DagBag from /opt/airflow/dags/create_star_schema_part_1.py
[2023-12-11T05:47:53.576+0000] {processor.py:841} WARNING - No viable dags retrieved from /opt/airflow/dags/create_star_schema_part_1.py
[2023-12-11T05:47:53.586+0000] {processor.py:179} INFO - Processing /opt/airflow/dags/create_star_schema_part_1.py took 0.017 seconds
[2023-12-11T05:48:24.037+0000] {processor.py:157} INFO - Started process (PID=499) to work on /opt/airflow/dags/create_star_schema_part_1.py
[2023-12-11T05:48:24.037+0000] {processor.py:829} INFO - Processing file /opt/airflow/dags/create_star_schema_part_1.py for tasks to queue
[2023-12-11T05:48:24.038+0000] {logging_mixin.py:154} INFO - [2023-12-11T05:48:24.038+0000] {dagbag.py:536} INFO - Filling up the DagBag from /opt/airflow/dags/create_star_schema_part_1.py
[2023-12-11T05:48:24.042+0000] {processor.py:841} WARNING - No viable dags retrieved from /opt/airflow/dags/create_star_schema_part_1.py
[2023-12-11T05:48:24.052+0000] {processor.py:179} INFO - Processing /opt/airflow/dags/create_star_schema_part_1.py took 0.017 seconds
[2023-12-11T05:48:54.545+0000] {processor.py:157} INFO - Started process (PID=536) to work on /opt/airflow/dags/create_star_schema_part_1.py
[2023-12-11T05:48:54.546+0000] {processor.py:829} INFO - Processing file /opt/airflow/dags/create_star_schema_part_1.py for tasks to queue
[2023-12-11T05:48:54.546+0000] {logging_mixin.py:154} INFO - [2023-12-11T05:48:54.546+0000] {dagbag.py:536} INFO - Filling up the DagBag from /opt/airflow/dags/create_star_schema_part_1.py
[2023-12-11T05:48:54.550+0000] {processor.py:841} WARNING - No viable dags retrieved from /opt/airflow/dags/create_star_schema_part_1.py
[2023-12-11T05:48:54.561+0000] {processor.py:179} INFO - Processing /opt/airflow/dags/create_star_schema_part_1.py took 0.018 seconds
[2023-12-11T05:49:25.011+0000] {processor.py:157} INFO - Started process (PID=585) to work on /opt/airflow/dags/create_star_schema_part_1.py
[2023-12-11T05:49:25.012+0000] {processor.py:829} INFO - Processing file /opt/airflow/dags/create_star_schema_part_1.py for tasks to queue
[2023-12-11T05:49:25.012+0000] {logging_mixin.py:154} INFO - [2023-12-11T05:49:25.012+0000] {dagbag.py:536} INFO - Filling up the DagBag from /opt/airflow/dags/create_star_schema_part_1.py
[2023-12-11T05:49:25.016+0000] {processor.py:841} WARNING - No viable dags retrieved from /opt/airflow/dags/create_star_schema_part_1.py
[2023-12-11T05:49:25.027+0000] {processor.py:179} INFO - Processing /opt/airflow/dags/create_star_schema_part_1.py took 0.019 seconds
[2023-12-11T05:49:55.476+0000] {processor.py:157} INFO - Started process (PID=622) to work on /opt/airflow/dags/create_star_schema_part_1.py
[2023-12-11T05:49:55.476+0000] {processor.py:829} INFO - Processing file /opt/airflow/dags/create_star_schema_part_1.py for tasks to queue
[2023-12-11T05:49:55.477+0000] {logging_mixin.py:154} INFO - [2023-12-11T05:49:55.477+0000] {dagbag.py:536} INFO - Filling up the DagBag from /opt/airflow/dags/create_star_schema_part_1.py
[2023-12-11T05:49:55.481+0000] {processor.py:841} WARNING - No viable dags retrieved from /opt/airflow/dags/create_star_schema_part_1.py
[2023-12-11T05:49:55.493+0000] {processor.py:179} INFO - Processing /opt/airflow/dags/create_star_schema_part_1.py took 0.019 seconds
[2023-12-11T05:50:25.916+0000] {processor.py:157} INFO - Started process (PID=679) to work on /opt/airflow/dags/create_star_schema_part_1.py
[2023-12-11T05:50:25.917+0000] {processor.py:829} INFO - Processing file /opt/airflow/dags/create_star_schema_part_1.py for tasks to queue
[2023-12-11T05:50:25.917+0000] {logging_mixin.py:154} INFO - [2023-12-11T05:50:25.917+0000] {dagbag.py:536} INFO - Filling up the DagBag from /opt/airflow/dags/create_star_schema_part_1.py
[2023-12-11T05:50:25.924+0000] {processor.py:841} WARNING - No viable dags retrieved from /opt/airflow/dags/create_star_schema_part_1.py
[2023-12-11T05:50:25.933+0000] {processor.py:179} INFO - Processing /opt/airflow/dags/create_star_schema_part_1.py took 0.020 seconds
[2023-12-11T05:50:56.347+0000] {processor.py:157} INFO - Started process (PID=716) to work on /opt/airflow/dags/create_star_schema_part_1.py
[2023-12-11T05:50:56.348+0000] {processor.py:829} INFO - Processing file /opt/airflow/dags/create_star_schema_part_1.py for tasks to queue
[2023-12-11T05:50:56.349+0000] {logging_mixin.py:154} INFO - [2023-12-11T05:50:56.348+0000] {dagbag.py:536} INFO - Filling up the DagBag from /opt/airflow/dags/create_star_schema_part_1.py
[2023-12-11T05:50:56.353+0000] {processor.py:841} WARNING - No viable dags retrieved from /opt/airflow/dags/create_star_schema_part_1.py
[2023-12-11T05:50:56.365+0000] {processor.py:179} INFO - Processing /opt/airflow/dags/create_star_schema_part_1.py took 0.020 seconds
[2023-12-11T05:51:26.773+0000] {processor.py:157} INFO - Started process (PID=773) to work on /opt/airflow/dags/create_star_schema_part_1.py
[2023-12-11T05:51:26.773+0000] {processor.py:829} INFO - Processing file /opt/airflow/dags/create_star_schema_part_1.py for tasks to queue
[2023-12-11T05:51:26.774+0000] {logging_mixin.py:154} INFO - [2023-12-11T05:51:26.774+0000] {dagbag.py:536} INFO - Filling up the DagBag from /opt/airflow/dags/create_star_schema_part_1.py
[2023-12-11T05:51:26.778+0000] {processor.py:841} WARNING - No viable dags retrieved from /opt/airflow/dags/create_star_schema_part_1.py
[2023-12-11T05:51:26.788+0000] {processor.py:179} INFO - Processing /opt/airflow/dags/create_star_schema_part_1.py took 0.017 seconds
[2023-12-11T05:51:57.243+0000] {processor.py:157} INFO - Started process (PID=810) to work on /opt/airflow/dags/create_star_schema_part_1.py
[2023-12-11T05:51:57.244+0000] {processor.py:829} INFO - Processing file /opt/airflow/dags/create_star_schema_part_1.py for tasks to queue
[2023-12-11T05:51:57.244+0000] {logging_mixin.py:154} INFO - [2023-12-11T05:51:57.244+0000] {dagbag.py:536} INFO - Filling up the DagBag from /opt/airflow/dags/create_star_schema_part_1.py
[2023-12-11T05:51:57.248+0000] {processor.py:841} WARNING - No viable dags retrieved from /opt/airflow/dags/create_star_schema_part_1.py
[2023-12-11T05:51:57.258+0000] {processor.py:179} INFO - Processing /opt/airflow/dags/create_star_schema_part_1.py took 0.017 seconds
[2023-12-11T05:52:27.747+0000] {processor.py:157} INFO - Started process (PID=867) to work on /opt/airflow/dags/create_star_schema_part_1.py
[2023-12-11T05:52:27.747+0000] {processor.py:829} INFO - Processing file /opt/airflow/dags/create_star_schema_part_1.py for tasks to queue
[2023-12-11T05:52:27.748+0000] {logging_mixin.py:154} INFO - [2023-12-11T05:52:27.748+0000] {dagbag.py:536} INFO - Filling up the DagBag from /opt/airflow/dags/create_star_schema_part_1.py
[2023-12-11T05:52:27.752+0000] {processor.py:841} WARNING - No viable dags retrieved from /opt/airflow/dags/create_star_schema_part_1.py
[2023-12-11T05:52:27.762+0000] {processor.py:179} INFO - Processing /opt/airflow/dags/create_star_schema_part_1.py took 0.018 seconds
[2023-12-11T05:52:58.269+0000] {processor.py:157} INFO - Started process (PID=904) to work on /opt/airflow/dags/create_star_schema_part_1.py
[2023-12-11T05:52:58.270+0000] {processor.py:829} INFO - Processing file /opt/airflow/dags/create_star_schema_part_1.py for tasks to queue
[2023-12-11T05:52:58.270+0000] {logging_mixin.py:154} INFO - [2023-12-11T05:52:58.270+0000] {dagbag.py:536} INFO - Filling up the DagBag from /opt/airflow/dags/create_star_schema_part_1.py
[2023-12-11T05:52:58.275+0000] {processor.py:841} WARNING - No viable dags retrieved from /opt/airflow/dags/create_star_schema_part_1.py
[2023-12-11T05:52:58.285+0000] {processor.py:179} INFO - Processing /opt/airflow/dags/create_star_schema_part_1.py took 0.018 seconds
[2023-12-11T05:53:28.789+0000] {processor.py:157} INFO - Started process (PID=941) to work on /opt/airflow/dags/create_star_schema_part_1.py
[2023-12-11T05:53:28.789+0000] {processor.py:829} INFO - Processing file /opt/airflow/dags/create_star_schema_part_1.py for tasks to queue
[2023-12-11T05:53:28.790+0000] {logging_mixin.py:154} INFO - [2023-12-11T05:53:28.790+0000] {dagbag.py:536} INFO - Filling up the DagBag from /opt/airflow/dags/create_star_schema_part_1.py
[2023-12-11T05:53:28.794+0000] {processor.py:841} WARNING - No viable dags retrieved from /opt/airflow/dags/create_star_schema_part_1.py
[2023-12-11T05:53:28.804+0000] {processor.py:179} INFO - Processing /opt/airflow/dags/create_star_schema_part_1.py took 0.018 seconds
[2023-12-11T05:53:59.302+0000] {processor.py:157} INFO - Started process (PID=978) to work on /opt/airflow/dags/create_star_schema_part_1.py
[2023-12-11T05:53:59.302+0000] {processor.py:829} INFO - Processing file /opt/airflow/dags/create_star_schema_part_1.py for tasks to queue
[2023-12-11T05:53:59.303+0000] {logging_mixin.py:154} INFO - [2023-12-11T05:53:59.303+0000] {dagbag.py:536} INFO - Filling up the DagBag from /opt/airflow/dags/create_star_schema_part_1.py
[2023-12-11T05:53:59.307+0000] {processor.py:841} WARNING - No viable dags retrieved from /opt/airflow/dags/create_star_schema_part_1.py
[2023-12-11T05:53:59.316+0000] {processor.py:179} INFO - Processing /opt/airflow/dags/create_star_schema_part_1.py took 0.017 seconds
[2023-12-11T05:54:29.848+0000] {processor.py:157} INFO - Started process (PID=1015) to work on /opt/airflow/dags/create_star_schema_part_1.py
[2023-12-11T05:54:29.848+0000] {processor.py:829} INFO - Processing file /opt/airflow/dags/create_star_schema_part_1.py for tasks to queue
[2023-12-11T05:54:29.849+0000] {logging_mixin.py:154} INFO - [2023-12-11T05:54:29.849+0000] {dagbag.py:536} INFO - Filling up the DagBag from /opt/airflow/dags/create_star_schema_part_1.py
[2023-12-11T05:54:29.853+0000] {processor.py:841} WARNING - No viable dags retrieved from /opt/airflow/dags/create_star_schema_part_1.py
[2023-12-11T05:54:29.863+0000] {processor.py:179} INFO - Processing /opt/airflow/dags/create_star_schema_part_1.py took 0.017 seconds
[2023-12-11T05:55:00.342+0000] {processor.py:157} INFO - Started process (PID=1052) to work on /opt/airflow/dags/create_star_schema_part_1.py
[2023-12-11T05:55:00.343+0000] {processor.py:829} INFO - Processing file /opt/airflow/dags/create_star_schema_part_1.py for tasks to queue
[2023-12-11T05:55:00.343+0000] {logging_mixin.py:154} INFO - [2023-12-11T05:55:00.343+0000] {dagbag.py:536} INFO - Filling up the DagBag from /opt/airflow/dags/create_star_schema_part_1.py
[2023-12-11T05:55:00.347+0000] {processor.py:841} WARNING - No viable dags retrieved from /opt/airflow/dags/create_star_schema_part_1.py
[2023-12-11T05:55:00.359+0000] {processor.py:179} INFO - Processing /opt/airflow/dags/create_star_schema_part_1.py took 0.019 seconds
