[2023-12-19T22:25:02.865+0000] {taskinstance.py:1159} INFO - Dependencies all met for dep_context=non-requeueable deps ti=<TaskInstance: hosp_insur_claim_fraud-v01.create_copy_of_postgres_table scheduled__2023-12-01T00:00:00+00:00 [queued]>
[2023-12-19T22:25:02.869+0000] {taskinstance.py:1159} INFO - Dependencies all met for dep_context=requeueable deps ti=<TaskInstance: hosp_insur_claim_fraud-v01.create_copy_of_postgres_table scheduled__2023-12-01T00:00:00+00:00 [queued]>
[2023-12-19T22:25:02.869+0000] {taskinstance.py:1361} INFO - Starting attempt 1 of 6
[2023-12-19T22:25:02.875+0000] {taskinstance.py:1382} INFO - Executing <Task(PostgresOperator): create_copy_of_postgres_table> on 2023-12-01 00:00:00+00:00
[2023-12-19T22:25:02.877+0000] {standard_task_runner.py:57} INFO - Started process 420 to run task
[2023-12-19T22:25:02.880+0000] {standard_task_runner.py:84} INFO - Running: ['***', 'tasks', 'run', 'hosp_insur_claim_fraud-v01', 'create_copy_of_postgres_table', 'scheduled__2023-12-01T00:00:00+00:00', '--job-id', '3', '--raw', '--subdir', 'DAGS_FOLDER/Hospital_Insurance_Claim_Fraud.py', '--cfg-path', '/tmp/tmpp1msmcww']
[2023-12-19T22:25:02.881+0000] {standard_task_runner.py:85} INFO - Job 3: Subtask create_copy_of_postgres_table
[2023-12-19T22:25:02.913+0000] {task_command.py:416} INFO - Running <TaskInstance: hosp_insur_claim_fraud-v01.create_copy_of_postgres_table scheduled__2023-12-01T00:00:00+00:00 [running]> on host 183042dfa495
[2023-12-19T22:25:02.972+0000] {taskinstance.py:1662} INFO - Exporting env vars: AIRFLOW_CTX_DAG_OWNER='dunnbc22' AIRFLOW_CTX_DAG_ID='hosp_insur_claim_fraud-v01' AIRFLOW_CTX_TASK_ID='create_copy_of_postgres_table' AIRFLOW_CTX_EXECUTION_DATE='2023-12-01T00:00:00+00:00' AIRFLOW_CTX_TRY_NUMBER='1' AIRFLOW_CTX_DAG_RUN_ID='scheduled__2023-12-01T00:00:00+00:00'
[2023-12-19T22:25:02.973+0000] {sql.py:274} INFO - Executing: -- params: new_table_name, orig_table_name

-- Drop the copy of the table, if it already exists
DROP TABLE IF EXISTS hosp_insur_claim_fraud_pipeline;

-- Create copy of table
CREATE TABLE hosp_insur_claim_fraud_pipeline AS
SELECT * 
FROM hosp_insur_claim_fraud;

-- Grant additional permissions on the table
GRANT SELECT, INSERT, UPDATE, DELETE ON hosp_insur_claim_fraud_pipeline TO ***;
[2023-12-19T22:25:02.986+0000] {base.py:73} INFO - Using connection ID 'postgres_conn' for task execution.
[2023-12-19T22:25:02.995+0000] {base.py:73} INFO - Using connection ID 'postgres_conn' for task execution.
[2023-12-19T22:25:03.004+0000] {sql.py:418} INFO - Running statement: -- params: new_table_name, orig_table_name

-- Drop the copy of the table, if it already exists
DROP TABLE IF EXISTS hosp_insur_claim_fraud_pipeline;

-- Create copy of table
CREATE TABLE hosp_insur_claim_fraud_pipeline AS
SELECT * 
FROM hosp_insur_claim_fraud;

-- Grant additional permissions on the table
GRANT SELECT, INSERT, UPDATE, DELETE ON hosp_insur_claim_fraud_pipeline TO ***;, parameters: None
[2023-12-19T22:25:06.463+0000] {taskinstance.py:1400} INFO - Marking task as SUCCESS. dag_id=hosp_insur_claim_fraud-v01, task_id=create_copy_of_postgres_table, execution_date=20231201T000000, start_date=20231219T222502, end_date=20231219T222506
[2023-12-19T22:25:06.513+0000] {local_task_job_runner.py:228} INFO - Task exited with return code 0
[2023-12-19T22:25:06.549+0000] {taskinstance.py:2778} INFO - 1 downstream tasks scheduled from follow-on schedule check
