[2023-12-11T22:04:14.062+0000] {taskinstance.py:1159} INFO - Dependencies all met for dep_context=non-requeueable deps ti=<TaskInstance: NY_Motor_Vehicle_Collisions-v01.create_dim_tables.create_dim_BOROUGH_table scheduled__2023-12-01T00:00:00+00:00 [queued]>
[2023-12-11T22:04:14.069+0000] {taskinstance.py:1159} INFO - Dependencies all met for dep_context=requeueable deps ti=<TaskInstance: NY_Motor_Vehicle_Collisions-v01.create_dim_tables.create_dim_BOROUGH_table scheduled__2023-12-01T00:00:00+00:00 [queued]>
[2023-12-11T22:04:14.072+0000] {taskinstance.py:1361} INFO - Starting attempt 1 of 6
[2023-12-11T22:04:14.083+0000] {taskinstance.py:1382} INFO - Executing <Task(PostgresOperator): create_dim_BOROUGH_table> on 2023-12-01 00:00:00+00:00
[2023-12-11T22:04:14.086+0000] {standard_task_runner.py:57} INFO - Started process 963 to run task
[2023-12-11T22:04:14.089+0000] {standard_task_runner.py:84} INFO - Running: ['***', 'tasks', 'run', 'NY_Motor_Vehicle_Collisions-v01.create_dim_tables', 'create_dim_BOROUGH_table', 'scheduled__2023-12-01T00:00:00+00:00', '--job-id', '43', '--raw', '--subdir', 'DAGS_FOLDER/NY_Motor_Vehicle_Collisions.py', '--cfg-path', '/tmp/tmpwyzsbc8w']
[2023-12-11T22:04:14.091+0000] {standard_task_runner.py:85} INFO - Job 43: Subtask create_dim_BOROUGH_table
[2023-12-11T22:04:14.135+0000] {task_command.py:416} INFO - Running <TaskInstance: NY_Motor_Vehicle_Collisions-v01.create_dim_tables.create_dim_BOROUGH_table scheduled__2023-12-01T00:00:00+00:00 [running]> on host bebedc023197
[2023-12-11T22:04:14.194+0000] {taskinstance.py:1662} INFO - Exporting env vars: AIRFLOW_CTX_DAG_OWNER='dunnbc22' AIRFLOW_CTX_DAG_ID='NY_Motor_Vehicle_Collisions-v01.create_dim_tables' AIRFLOW_CTX_TASK_ID='create_dim_BOROUGH_table' AIRFLOW_CTX_EXECUTION_DATE='2023-12-01T00:00:00+00:00' AIRFLOW_CTX_TRY_NUMBER='1' AIRFLOW_CTX_DAG_RUN_ID='scheduled__2023-12-01T00:00:00+00:00'
[2023-12-11T22:04:14.195+0000] {sql.py:274} INFO - Executing: -- params: table_name, dimension_col, data_type

-- Step 1: Extract Unique Values
CREATE TEMPORARY TABLE unique_values_BOROUGH AS
SELECT DISTINCT BOROUGH FROM ny_vehicle_colls_pipe;

-- Step 2: Create Dimension Table
DROP TABLE IF EXISTS dimension_table_BOROUGH;
CREATE TABLE dimension_table_BOROUGH (
    id SERIAL PRIMARY KEY,
    BOROUGH VARCHAR
);

-- Step 3: Insert unique values into dimension table
INSERT INTO dimension_table_BOROUGH (BOROUGH)
SELECT * FROM unique_values_BOROUGH;
[2023-12-11T22:04:14.205+0000] {base.py:73} INFO - Using connection ID 'postgres_conn' for task execution.
[2023-12-11T22:04:14.214+0000] {base.py:73} INFO - Using connection ID 'postgres_conn' for task execution.
[2023-12-11T22:04:14.219+0000] {sql.py:418} INFO - Running statement: -- params: table_name, dimension_col, data_type

-- Step 1: Extract Unique Values
CREATE TEMPORARY TABLE unique_values_BOROUGH AS
SELECT DISTINCT BOROUGH FROM ny_vehicle_colls_pipe;

-- Step 2: Create Dimension Table
DROP TABLE IF EXISTS dimension_table_BOROUGH;
CREATE TABLE dimension_table_BOROUGH (
    id SERIAL PRIMARY KEY,
    BOROUGH VARCHAR
);

-- Step 3: Insert unique values into dimension table
INSERT INTO dimension_table_BOROUGH (BOROUGH)
SELECT * FROM unique_values_BOROUGH;, parameters: None
[2023-12-11T22:04:14.687+0000] {sql.py:427} INFO - Rows affected: 5
[2023-12-11T22:04:14.712+0000] {taskinstance.py:1400} INFO - Marking task as SUCCESS. dag_id=NY_Motor_Vehicle_Collisions-v01.create_dim_tables, task_id=create_dim_BOROUGH_table, execution_date=20231201T000000, start_date=20231211T220414, end_date=20231211T220414
[2023-12-11T22:04:14.749+0000] {local_task_job_runner.py:228} INFO - Task exited with return code 0
[2023-12-11T22:04:14.780+0000] {taskinstance.py:2778} INFO - 0 downstream tasks scheduled from follow-on schedule check
