[2023-12-08T17:16:40.593+0000] {taskinstance.py:1159} INFO - Dependencies all met for dep_context=non-requeueable deps ti=<TaskInstance: Allegheny_Co_Property_Sale_Transactions-v01.remove_samples_with_nulls.remove_samples_with_nulls.remove_DEEDBOOK_col scheduled__2023-12-01T00:00:00+00:00 [queued]>
[2023-12-08T17:16:40.597+0000] {taskinstance.py:1159} INFO - Dependencies all met for dep_context=requeueable deps ti=<TaskInstance: Allegheny_Co_Property_Sale_Transactions-v01.remove_samples_with_nulls.remove_samples_with_nulls.remove_DEEDBOOK_col scheduled__2023-12-01T00:00:00+00:00 [queued]>
[2023-12-08T17:16:40.597+0000] {taskinstance.py:1361} INFO - Starting attempt 2 of 6
[2023-12-08T17:16:40.603+0000] {taskinstance.py:1382} INFO - Executing <Task(PostgresOperator): remove_samples_with_nulls.remove_DEEDBOOK_col> on 2023-12-01 00:00:00+00:00
[2023-12-08T17:16:40.605+0000] {standard_task_runner.py:57} INFO - Started process 3008 to run task
[2023-12-08T17:16:40.607+0000] {standard_task_runner.py:84} INFO - Running: ['***', 'tasks', 'run', 'Allegheny_Co_Property_Sale_Transactions-v01.remove_samples_with_nulls', 'remove_samples_with_nulls.remove_DEEDBOOK_col', 'scheduled__2023-12-01T00:00:00+00:00', '--job-id', '21', '--raw', '--subdir', 'DAGS_FOLDER/Allegheny Co Property Sale Transactions.py', '--cfg-path', '/tmp/tmpi632dy32']
[2023-12-08T17:16:40.609+0000] {standard_task_runner.py:85} INFO - Job 21: Subtask remove_samples_with_nulls.remove_DEEDBOOK_col
[2023-12-08T17:16:40.637+0000] {task_command.py:416} INFO - Running <TaskInstance: Allegheny_Co_Property_Sale_Transactions-v01.remove_samples_with_nulls.remove_samples_with_nulls.remove_DEEDBOOK_col scheduled__2023-12-01T00:00:00+00:00 [running]> on host 1fc866509645
[2023-12-08T17:16:40.679+0000] {taskinstance.py:1662} INFO - Exporting env vars: AIRFLOW_CTX_DAG_OWNER='dunnbc22' AIRFLOW_CTX_DAG_ID='Allegheny_Co_Property_Sale_Transactions-v01.remove_samples_with_nulls' AIRFLOW_CTX_TASK_ID='remove_samples_with_nulls.remove_DEEDBOOK_col' AIRFLOW_CTX_EXECUTION_DATE='2023-12-01T00:00:00+00:00' AIRFLOW_CTX_TRY_NUMBER='2' AIRFLOW_CTX_DAG_RUN_ID='scheduled__2023-12-01T00:00:00+00:00'
[2023-12-08T17:16:40.680+0000] {sql.py:274} INFO - Executing: -- params: table_name, column_name
DELETE FROM allegheny_co_property_sale_transactions
WHERE DEEDBOOK is NULL;
[2023-12-08T17:16:40.686+0000] {base.py:73} INFO - Using connection ID 'postgres_conn' for task execution.
[2023-12-08T17:16:40.692+0000] {base.py:73} INFO - Using connection ID 'postgres_conn' for task execution.
[2023-12-08T17:16:40.698+0000] {sql.py:418} INFO - Running statement: -- params: table_name, column_name
DELETE FROM allegheny_co_property_sale_transactions
WHERE DEEDBOOK is NULL;, parameters: None
[2023-12-08T17:16:40.829+0000] {sql.py:427} INFO - Rows affected: 21
[2023-12-08T17:16:40.837+0000] {taskinstance.py:1400} INFO - Marking task as SUCCESS. dag_id=Allegheny_Co_Property_Sale_Transactions-v01.remove_samples_with_nulls, task_id=remove_samples_with_nulls.remove_DEEDBOOK_col, execution_date=20231201T000000, start_date=20231208T171640, end_date=20231208T171640
[2023-12-08T17:16:40.869+0000] {local_task_job_runner.py:228} INFO - Task exited with return code 0
[2023-12-08T17:16:40.890+0000] {taskinstance.py:2778} INFO - 0 downstream tasks scheduled from follow-on schedule check
[2023-12-08T18:04:03.644+0000] {taskinstance.py:1159} INFO - Dependencies all met for dep_context=non-requeueable deps ti=<TaskInstance: Allegheny_Co_Property_Sale_Transactions-v01.remove_samples_with_nulls.remove_samples_with_nulls.remove_DEEDBOOK_col scheduled__2023-12-01T00:00:00+00:00 [queued]>
[2023-12-08T18:04:03.649+0000] {taskinstance.py:1159} INFO - Dependencies all met for dep_context=requeueable deps ti=<TaskInstance: Allegheny_Co_Property_Sale_Transactions-v01.remove_samples_with_nulls.remove_samples_with_nulls.remove_DEEDBOOK_col scheduled__2023-12-01T00:00:00+00:00 [queued]>
[2023-12-08T18:04:03.649+0000] {taskinstance.py:1361} INFO - Starting attempt 2 of 6
[2023-12-08T18:04:03.655+0000] {taskinstance.py:1382} INFO - Executing <Task(PostgresOperator): remove_samples_with_nulls.remove_DEEDBOOK_col> on 2023-12-01 00:00:00+00:00
[2023-12-08T18:04:03.657+0000] {standard_task_runner.py:57} INFO - Started process 7043 to run task
[2023-12-08T18:04:03.659+0000] {standard_task_runner.py:84} INFO - Running: ['***', 'tasks', 'run', 'Allegheny_Co_Property_Sale_Transactions-v01.remove_samples_with_nulls', 'remove_samples_with_nulls.remove_DEEDBOOK_col', 'scheduled__2023-12-01T00:00:00+00:00', '--job-id', '92', '--raw', '--subdir', 'DAGS_FOLDER/Allegheny Co Property Sale Transactions.py', '--cfg-path', '/tmp/tmpfk62tv05']
[2023-12-08T18:04:03.661+0000] {standard_task_runner.py:85} INFO - Job 92: Subtask remove_samples_with_nulls.remove_DEEDBOOK_col
[2023-12-08T18:04:03.690+0000] {task_command.py:416} INFO - Running <TaskInstance: Allegheny_Co_Property_Sale_Transactions-v01.remove_samples_with_nulls.remove_samples_with_nulls.remove_DEEDBOOK_col scheduled__2023-12-01T00:00:00+00:00 [running]> on host 1fc866509645
[2023-12-08T18:04:03.732+0000] {taskinstance.py:1662} INFO - Exporting env vars: AIRFLOW_CTX_DAG_OWNER='dunnbc22' AIRFLOW_CTX_DAG_ID='Allegheny_Co_Property_Sale_Transactions-v01.remove_samples_with_nulls' AIRFLOW_CTX_TASK_ID='remove_samples_with_nulls.remove_DEEDBOOK_col' AIRFLOW_CTX_EXECUTION_DATE='2023-12-01T00:00:00+00:00' AIRFLOW_CTX_TRY_NUMBER='2' AIRFLOW_CTX_DAG_RUN_ID='scheduled__2023-12-01T00:00:00+00:00'
[2023-12-08T18:04:03.733+0000] {sql.py:274} INFO - Executing: -- params: table_name, column_name
DELETE FROM allegheny_co_property_sale_transactions
WHERE DEEDBOOK is NULL;
[2023-12-08T18:04:03.738+0000] {base.py:73} INFO - Using connection ID 'postgres_conn' for task execution.
[2023-12-08T18:04:03.744+0000] {base.py:73} INFO - Using connection ID 'postgres_conn' for task execution.
[2023-12-08T18:04:03.748+0000] {sql.py:418} INFO - Running statement: -- params: table_name, column_name
DELETE FROM allegheny_co_property_sale_transactions
WHERE DEEDBOOK is NULL;, parameters: None
[2023-12-08T18:04:03.832+0000] {sql.py:427} INFO - Rows affected: 0
[2023-12-08T18:04:03.839+0000] {taskinstance.py:1400} INFO - Marking task as SUCCESS. dag_id=Allegheny_Co_Property_Sale_Transactions-v01.remove_samples_with_nulls, task_id=remove_samples_with_nulls.remove_DEEDBOOK_col, execution_date=20231201T000000, start_date=20231208T180403, end_date=20231208T180403
[2023-12-08T18:04:03.882+0000] {local_task_job_runner.py:228} INFO - Task exited with return code 0
[2023-12-08T18:04:03.899+0000] {taskinstance.py:2778} INFO - 0 downstream tasks scheduled from follow-on schedule check
