[2023-12-11T06:02:01.453+0000] {taskinstance.py:1159} INFO - Dependencies all met for dep_context=non-requeueable deps ti=<TaskInstance: Different_Store_Sales-v01.remove_unnecessary_columns.remove_unnecessary_columns.remove_invoice_no_col scheduled__2023-12-01T00:00:00+00:00 [queued]>
[2023-12-11T06:02:01.464+0000] {taskinstance.py:1159} INFO - Dependencies all met for dep_context=requeueable deps ti=<TaskInstance: Different_Store_Sales-v01.remove_unnecessary_columns.remove_unnecessary_columns.remove_invoice_no_col scheduled__2023-12-01T00:00:00+00:00 [queued]>
[2023-12-11T06:02:01.466+0000] {taskinstance.py:1361} INFO - Starting attempt 1 of 6
[2023-12-11T06:02:01.482+0000] {taskinstance.py:1382} INFO - Executing <Task(PostgresOperator): remove_unnecessary_columns.remove_invoice_no_col> on 2023-12-01 00:00:00+00:00
[2023-12-11T06:02:01.488+0000] {standard_task_runner.py:57} INFO - Started process 556 to run task
[2023-12-11T06:02:01.494+0000] {standard_task_runner.py:84} INFO - Running: ['***', 'tasks', 'run', 'Different_Store_Sales-v01.remove_unnecessary_columns', 'remove_unnecessary_columns.remove_invoice_no_col', 'scheduled__2023-12-01T00:00:00+00:00', '--job-id', '6', '--raw', '--subdir', 'DAGS_FOLDER/Diff_Store_Sales.py', '--cfg-path', '/tmp/tmp211a1q32']
[2023-12-11T06:02:01.499+0000] {standard_task_runner.py:85} INFO - Job 6: Subtask remove_unnecessary_columns.remove_invoice_no_col
[2023-12-11T06:02:01.589+0000] {task_command.py:416} INFO - Running <TaskInstance: Different_Store_Sales-v01.remove_unnecessary_columns.remove_unnecessary_columns.remove_invoice_no_col scheduled__2023-12-01T00:00:00+00:00 [running]> on host 9b443e5c8ded
[2023-12-11T06:02:01.662+0000] {taskinstance.py:1662} INFO - Exporting env vars: AIRFLOW_CTX_DAG_OWNER='dunnbc22' AIRFLOW_CTX_DAG_ID='Different_Store_Sales-v01.remove_unnecessary_columns' AIRFLOW_CTX_TASK_ID='remove_unnecessary_columns.remove_invoice_no_col' AIRFLOW_CTX_EXECUTION_DATE='2023-12-01T00:00:00+00:00' AIRFLOW_CTX_TRY_NUMBER='1' AIRFLOW_CTX_DAG_RUN_ID='scheduled__2023-12-01T00:00:00+00:00'
[2023-12-11T06:02:01.664+0000] {sql.py:274} INFO - Executing: -- table_name, column_name
ALTER TABLE dif_store_sales
DROP COLUMN invoice_no;
[2023-12-11T06:02:01.673+0000] {base.py:73} INFO - Using connection ID 'postgres_conn' for task execution.
[2023-12-11T06:02:01.687+0000] {base.py:73} INFO - Using connection ID 'postgres_conn' for task execution.
[2023-12-11T06:02:01.696+0000] {sql.py:418} INFO - Running statement: -- table_name, column_name
ALTER TABLE dif_store_sales
DROP COLUMN invoice_no;, parameters: None
[2023-12-11T06:02:01.711+0000] {taskinstance.py:1400} INFO - Marking task as SUCCESS. dag_id=Different_Store_Sales-v01.remove_unnecessary_columns, task_id=remove_unnecessary_columns.remove_invoice_no_col, execution_date=20231201T000000, start_date=20231211T060201, end_date=20231211T060201
[2023-12-11T06:02:01.754+0000] {local_task_job_runner.py:228} INFO - Task exited with return code 0
[2023-12-11T06:02:01.776+0000] {taskinstance.py:2778} INFO - 0 downstream tasks scheduled from follow-on schedule check
