[2023-12-21T16:49:55.057+0000] {taskinstance.py:1159} INFO - Dependencies all met for dep_context=non-requeueable deps ti=<TaskInstance: Indicators_of_Heart_Disease_2022-v01.remove_samples_with_nulls.remove_samples_with_nulls.remove_HadDepressiveDisorder_col scheduled__2023-12-01T00:00:00+00:00 [queued]>
[2023-12-21T16:49:55.063+0000] {taskinstance.py:1159} INFO - Dependencies all met for dep_context=requeueable deps ti=<TaskInstance: Indicators_of_Heart_Disease_2022-v01.remove_samples_with_nulls.remove_samples_with_nulls.remove_HadDepressiveDisorder_col scheduled__2023-12-01T00:00:00+00:00 [queued]>
[2023-12-21T16:49:55.064+0000] {taskinstance.py:1361} INFO - Starting attempt 1 of 6
[2023-12-21T16:49:55.073+0000] {taskinstance.py:1382} INFO - Executing <Task(PostgresOperator): remove_samples_with_nulls.remove_HadDepressiveDisorder_col> on 2023-12-01 00:00:00+00:00
[2023-12-21T16:49:55.082+0000] {standard_task_runner.py:57} INFO - Started process 524 to run task
[2023-12-21T16:49:55.087+0000] {standard_task_runner.py:84} INFO - Running: ['***', 'tasks', 'run', 'Indicators_of_Heart_Disease_2022-v01.remove_samples_with_nulls', 'remove_samples_with_nulls.remove_HadDepressiveDisorder_col', 'scheduled__2023-12-01T00:00:00+00:00', '--job-id', '12', '--raw', '--subdir', 'DAGS_FOLDER/Indicators_of_Heart_Disease_2022.py', '--cfg-path', '/tmp/tmp6zph7grg']
[2023-12-21T16:49:55.094+0000] {standard_task_runner.py:85} INFO - Job 12: Subtask remove_samples_with_nulls.remove_HadDepressiveDisorder_col
[2023-12-21T16:49:55.210+0000] {task_command.py:416} INFO - Running <TaskInstance: Indicators_of_Heart_Disease_2022-v01.remove_samples_with_nulls.remove_samples_with_nulls.remove_HadDepressiveDisorder_col scheduled__2023-12-01T00:00:00+00:00 [running]> on host 8e01071a5eb3
[2023-12-21T16:49:55.380+0000] {taskinstance.py:1662} INFO - Exporting env vars: AIRFLOW_CTX_DAG_OWNER='dunnbc22' AIRFLOW_CTX_DAG_ID='Indicators_of_Heart_Disease_2022-v01.remove_samples_with_nulls' AIRFLOW_CTX_TASK_ID='remove_samples_with_nulls.remove_HadDepressiveDisorder_col' AIRFLOW_CTX_EXECUTION_DATE='2023-12-01T00:00:00+00:00' AIRFLOW_CTX_TRY_NUMBER='1' AIRFLOW_CTX_DAG_RUN_ID='scheduled__2023-12-01T00:00:00+00:00'
[2023-12-21T16:49:55.384+0000] {sql.py:274} INFO - Executing: -- params: table_name, column_name
DELETE FROM indicators_of_heart_disease_2022_pipe
WHERE HadDepressiveDisorder is NULL;
[2023-12-21T16:49:55.406+0000] {base.py:73} INFO - Using connection ID 'postgres_conn' for task execution.
[2023-12-21T16:49:55.427+0000] {base.py:73} INFO - Using connection ID 'postgres_conn' for task execution.
[2023-12-21T16:49:55.447+0000] {sql.py:418} INFO - Running statement: -- params: table_name, column_name
DELETE FROM indicators_of_heart_disease_2022_pipe
WHERE HadDepressiveDisorder is NULL;, parameters: None
[2023-12-21T16:49:58.552+0000] {taskinstance.py:1937} ERROR - Task failed with exception
Traceback (most recent call last):
  File "/home/airflow/.local/lib/python3.8/site-packages/airflow/providers/common/sql/operators/sql.py", line 280, in execute
    output = hook.run(
  File "/home/airflow/.local/lib/python3.8/site-packages/airflow/providers/common/sql/hooks/sql.py", line 392, in run
    self._run_command(cur, sql_statement, parameters)
  File "/home/airflow/.local/lib/python3.8/site-packages/airflow/providers/common/sql/hooks/sql.py", line 423, in _run_command
    cur.execute(sql_statement)
psycopg2.errors.DeadlockDetected: deadlock detected
DETAIL:  Process 73960 waits for ShareLock on transaction 1141730; blocked by process 73965.
Process 73965 waits for ShareLock on transaction 1141732; blocked by process 73967.
Process 73967 waits for ShareLock on transaction 1141733; blocked by process 73968.
Process 73968 waits for ShareLock on transaction 1141735; blocked by process 73970.
Process 73970 waits for ShareLock on transaction 1141725; blocked by process 73960.
HINT:  See server log for query details.
CONTEXT:  while deleting tuple (4937,8) in relation "indicators_of_heart_disease_2022_pipe"

[2023-12-21T16:49:58.563+0000] {taskinstance.py:1400} INFO - Marking task as UP_FOR_RETRY. dag_id=Indicators_of_Heart_Disease_2022-v01.remove_samples_with_nulls, task_id=remove_samples_with_nulls.remove_HadDepressiveDisorder_col, execution_date=20231201T000000, start_date=20231221T164955, end_date=20231221T164958
[2023-12-21T16:49:58.571+0000] {standard_task_runner.py:104} ERROR - Failed to execute job 12 for task remove_samples_with_nulls.remove_HadDepressiveDisorder_col (deadlock detected
DETAIL:  Process 73960 waits for ShareLock on transaction 1141730; blocked by process 73965.
Process 73965 waits for ShareLock on transaction 1141732; blocked by process 73967.
Process 73967 waits for ShareLock on transaction 1141733; blocked by process 73968.
Process 73968 waits for ShareLock on transaction 1141735; blocked by process 73970.
Process 73970 waits for ShareLock on transaction 1141725; blocked by process 73960.
HINT:  See server log for query details.
CONTEXT:  while deleting tuple (4937,8) in relation "indicators_of_heart_disease_2022_pipe"
; 524)
[2023-12-21T16:49:58.582+0000] {local_task_job_runner.py:228} INFO - Task exited with return code 1
[2023-12-21T16:49:58.613+0000] {taskinstance.py:2778} INFO - 0 downstream tasks scheduled from follow-on schedule check
