[2023-12-21T16:51:59.465+0000] {taskinstance.py:1159} INFO - Dependencies all met for dep_context=non-requeueable deps ti=<TaskInstance: Indicators_of_Heart_Disease_2022-v01.remove_samples_with_nulls.remove_samples_with_nulls.remove_HadDepressiveDisorder_col scheduled__2023-12-01T00:00:00+00:00 [queued]>
[2023-12-21T16:51:59.469+0000] {taskinstance.py:1159} INFO - Dependencies all met for dep_context=requeueable deps ti=<TaskInstance: Indicators_of_Heart_Disease_2022-v01.remove_samples_with_nulls.remove_samples_with_nulls.remove_HadDepressiveDisorder_col scheduled__2023-12-01T00:00:00+00:00 [queued]>
[2023-12-21T16:51:59.469+0000] {taskinstance.py:1361} INFO - Starting attempt 2 of 6
[2023-12-21T16:51:59.474+0000] {taskinstance.py:1382} INFO - Executing <Task(PostgresOperator): remove_samples_with_nulls.remove_HadDepressiveDisorder_col> on 2023-12-01 00:00:00+00:00
[2023-12-21T16:51:59.477+0000] {standard_task_runner.py:57} INFO - Started process 753 to run task
[2023-12-21T16:51:59.479+0000] {standard_task_runner.py:84} INFO - Running: ['***', 'tasks', 'run', 'Indicators_of_Heart_Disease_2022-v01.remove_samples_with_nulls', 'remove_samples_with_nulls.remove_HadDepressiveDisorder_col', 'scheduled__2023-12-01T00:00:00+00:00', '--job-id', '25', '--raw', '--subdir', 'DAGS_FOLDER/Indicators_of_Heart_Disease_2022.py', '--cfg-path', '/tmp/tmp7eequ_dx']
[2023-12-21T16:51:59.481+0000] {standard_task_runner.py:85} INFO - Job 25: Subtask remove_samples_with_nulls.remove_HadDepressiveDisorder_col
[2023-12-21T16:51:59.512+0000] {task_command.py:416} INFO - Running <TaskInstance: Indicators_of_Heart_Disease_2022-v01.remove_samples_with_nulls.remove_samples_with_nulls.remove_HadDepressiveDisorder_col scheduled__2023-12-01T00:00:00+00:00 [running]> on host 8e01071a5eb3
[2023-12-21T16:51:59.555+0000] {taskinstance.py:1662} INFO - Exporting env vars: AIRFLOW_CTX_DAG_OWNER='dunnbc22' AIRFLOW_CTX_DAG_ID='Indicators_of_Heart_Disease_2022-v01.remove_samples_with_nulls' AIRFLOW_CTX_TASK_ID='remove_samples_with_nulls.remove_HadDepressiveDisorder_col' AIRFLOW_CTX_EXECUTION_DATE='2023-12-01T00:00:00+00:00' AIRFLOW_CTX_TRY_NUMBER='2' AIRFLOW_CTX_DAG_RUN_ID='scheduled__2023-12-01T00:00:00+00:00'
[2023-12-21T16:51:59.556+0000] {sql.py:274} INFO - Executing: -- params: table_name, column_name
DELETE FROM indicators_of_heart_disease_2022_pipe
WHERE HadDepressiveDisorder is NULL;
[2023-12-21T16:51:59.562+0000] {base.py:73} INFO - Using connection ID 'postgres_conn' for task execution.
[2023-12-21T16:51:59.568+0000] {base.py:73} INFO - Using connection ID 'postgres_conn' for task execution.
[2023-12-21T16:51:59.573+0000] {sql.py:418} INFO - Running statement: -- params: table_name, column_name
DELETE FROM indicators_of_heart_disease_2022_pipe
WHERE HadDepressiveDisorder is NULL;, parameters: None
[2023-12-21T16:51:59.710+0000] {sql.py:427} INFO - Rows affected: 2046
[2023-12-21T16:51:59.719+0000] {taskinstance.py:1400} INFO - Marking task as SUCCESS. dag_id=Indicators_of_Heart_Disease_2022-v01.remove_samples_with_nulls, task_id=remove_samples_with_nulls.remove_HadDepressiveDisorder_col, execution_date=20231201T000000, start_date=20231221T165159, end_date=20231221T165159
[2023-12-21T16:51:59.741+0000] {local_task_job_runner.py:228} INFO - Task exited with return code 0
[2023-12-21T16:51:59.770+0000] {taskinstance.py:2778} INFO - 0 downstream tasks scheduled from follow-on schedule check
