[2023-12-19T19:34:34.289+0000] {taskinstance.py:1159} INFO - Dependencies all met for dep_context=non-requeueable deps ti=<TaskInstance: Auto_Insurance-v01.insert_fk_into_fact_table.insert_fk_col_in_fact_table_EmploymentStatus scheduled__2023-12-01T00:00:00+00:00 [queued]>
[2023-12-19T19:34:34.305+0000] {taskinstance.py:1159} INFO - Dependencies all met for dep_context=requeueable deps ti=<TaskInstance: Auto_Insurance-v01.insert_fk_into_fact_table.insert_fk_col_in_fact_table_EmploymentStatus scheduled__2023-12-01T00:00:00+00:00 [queued]>
[2023-12-19T19:34:34.312+0000] {taskinstance.py:1361} INFO - Starting attempt 1 of 6
[2023-12-19T19:34:34.326+0000] {taskinstance.py:1382} INFO - Executing <Task(PostgresOperator): insert_fk_col_in_fact_table_EmploymentStatus> on 2023-12-01 00:00:00+00:00
[2023-12-19T19:34:34.329+0000] {standard_task_runner.py:57} INFO - Started process 1713 to run task
[2023-12-19T19:34:34.334+0000] {standard_task_runner.py:84} INFO - Running: ['***', 'tasks', 'run', 'Auto_Insurance-v01.insert_fk_into_fact_table', 'insert_fk_col_in_fact_table_EmploymentStatus', 'scheduled__2023-12-01T00:00:00+00:00', '--job-id', '41', '--raw', '--subdir', 'DAGS_FOLDER/Auto_Insurance.py', '--cfg-path', '/tmp/tmp7ci_a99r']
[2023-12-19T19:34:34.345+0000] {standard_task_runner.py:85} INFO - Job 41: Subtask insert_fk_col_in_fact_table_EmploymentStatus
[2023-12-19T19:34:34.436+0000] {task_command.py:416} INFO - Running <TaskInstance: Auto_Insurance-v01.insert_fk_into_fact_table.insert_fk_col_in_fact_table_EmploymentStatus scheduled__2023-12-01T00:00:00+00:00 [running]> on host 757899fef296
[2023-12-19T19:34:34.563+0000] {taskinstance.py:1662} INFO - Exporting env vars: AIRFLOW_CTX_DAG_OWNER='dunnbc22' AIRFLOW_CTX_DAG_ID='Auto_Insurance-v01.insert_fk_into_fact_table' AIRFLOW_CTX_TASK_ID='insert_fk_col_in_fact_table_EmploymentStatus' AIRFLOW_CTX_EXECUTION_DATE='2023-12-01T00:00:00+00:00' AIRFLOW_CTX_TRY_NUMBER='1' AIRFLOW_CTX_DAG_RUN_ID='scheduled__2023-12-01T00:00:00+00:00'
[2023-12-19T19:34:34.566+0000] {sql.py:274} INFO - Executing: -- params: table_name, dimension_col

/*
Steps 1-3 were completed in the create_dim_table.sql 
file & associated PostgresOperator
*/


-- Step 4: Add foreign key column to fact table
ALTER TABLE auto_insurance_pipe
ADD COLUMN EmploymentStatus_id INTEGER;

-- Step 4: Update foreign key column to fact table with 
-- appropriate id (that matches with dim table)
UPDATE auto_insurance_pipe
SET EmploymentStatus_id = dimension_table_EmploymentStatus.id
FROM dimension_table_EmploymentStatus
WHERE COALESCE(auto_insurance_pipe.EmploymentStatus::text, '') = COALESCE(dimension_table_EmploymentStatus.EmploymentStatus::text, '');
[2023-12-19T19:34:34.586+0000] {base.py:73} INFO - Using connection ID 'postgres_conn' for task execution.
[2023-12-19T19:34:34.661+0000] {base.py:73} INFO - Using connection ID 'postgres_conn' for task execution.
[2023-12-19T19:34:34.673+0000] {sql.py:418} INFO - Running statement: -- params: table_name, dimension_col

/*
Steps 1-3 were completed in the create_dim_table.sql 
file & associated PostgresOperator
*/


-- Step 4: Add foreign key column to fact table
ALTER TABLE auto_insurance_pipe
ADD COLUMN EmploymentStatus_id INTEGER;

-- Step 4: Update foreign key column to fact table with 
-- appropriate id (that matches with dim table)
UPDATE auto_insurance_pipe
SET EmploymentStatus_id = dimension_table_EmploymentStatus.id
FROM dimension_table_EmploymentStatus
WHERE COALESCE(auto_insurance_pipe.EmploymentStatus::text, '') = COALESCE(dimension_table_EmploymentStatus.EmploymentStatus::text, '');, parameters: None
[2023-12-19T19:34:34.827+0000] {sql.py:427} INFO - Rows affected: 8900
[2023-12-19T19:34:34.844+0000] {taskinstance.py:1400} INFO - Marking task as SUCCESS. dag_id=Auto_Insurance-v01.insert_fk_into_fact_table, task_id=insert_fk_col_in_fact_table_EmploymentStatus, execution_date=20231201T000000, start_date=20231219T193434, end_date=20231219T193434
[2023-12-19T19:34:34.892+0000] {local_task_job_runner.py:228} INFO - Task exited with return code 0
[2023-12-19T19:34:34.923+0000] {taskinstance.py:2778} INFO - 0 downstream tasks scheduled from follow-on schedule check
