[2023-12-21T19:34:19.500+0000] {taskinstance.py:1159} INFO - Dependencies all met for dep_context=non-requeueable deps ti=<TaskInstance: med_ins_prem_pred-v01.create_dim_tables.create_dim_PatientWeight_table scheduled__2023-12-01T00:00:00+00:00 [queued]>
[2023-12-21T19:34:19.505+0000] {taskinstance.py:1159} INFO - Dependencies all met for dep_context=requeueable deps ti=<TaskInstance: med_ins_prem_pred-v01.create_dim_tables.create_dim_PatientWeight_table scheduled__2023-12-01T00:00:00+00:00 [queued]>
[2023-12-21T19:34:19.506+0000] {taskinstance.py:1361} INFO - Starting attempt 1 of 6
[2023-12-21T19:34:19.514+0000] {taskinstance.py:1382} INFO - Executing <Task(PostgresOperator): create_dim_PatientWeight_table> on 2023-12-01 00:00:00+00:00
[2023-12-21T19:34:19.517+0000] {standard_task_runner.py:57} INFO - Started process 748 to run task
[2023-12-21T19:34:19.522+0000] {standard_task_runner.py:84} INFO - Running: ['***', 'tasks', 'run', 'med_ins_prem_pred-v01.create_dim_tables', 'create_dim_PatientWeight_table', 'scheduled__2023-12-01T00:00:00+00:00', '--job-id', '9', '--raw', '--subdir', 'DAGS_FOLDER/med_insurance_prem_pred.py', '--cfg-path', '/tmp/tmp09p9joh6']
[2023-12-21T19:34:19.524+0000] {standard_task_runner.py:85} INFO - Job 9: Subtask create_dim_PatientWeight_table
[2023-12-21T19:34:19.569+0000] {task_command.py:416} INFO - Running <TaskInstance: med_ins_prem_pred-v01.create_dim_tables.create_dim_PatientWeight_table scheduled__2023-12-01T00:00:00+00:00 [running]> on host 265bbf0c3730
[2023-12-21T19:34:19.619+0000] {taskinstance.py:1662} INFO - Exporting env vars: AIRFLOW_CTX_DAG_OWNER='dunnbc22' AIRFLOW_CTX_DAG_ID='med_ins_prem_pred-v01.create_dim_tables' AIRFLOW_CTX_TASK_ID='create_dim_PatientWeight_table' AIRFLOW_CTX_EXECUTION_DATE='2023-12-01T00:00:00+00:00' AIRFLOW_CTX_TRY_NUMBER='1' AIRFLOW_CTX_DAG_RUN_ID='scheduled__2023-12-01T00:00:00+00:00'
[2023-12-21T19:34:19.620+0000] {sql.py:274} INFO - Executing: -- params: table_name, dimension_col, data_type

-- Step 1: Extract Unique Values
CREATE TEMPORARY TABLE unique_values_PatientWeight AS
SELECT DISTINCT PatientWeight FROM med_ins_prem_pred_pipe;

-- Step 2: Create Dimension Table
DROP TABLE IF EXISTS dimension_table_PatientWeight;
CREATE TABLE dimension_table_PatientWeight (
    id SERIAL PRIMARY KEY,
    PatientWeight INTEGER
);

-- Step 3: Insert unique values into dimension table
INSERT INTO dimension_table_PatientWeight (PatientWeight)
SELECT * FROM unique_values_PatientWeight;
[2023-12-21T19:34:19.627+0000] {base.py:73} INFO - Using connection ID 'postgres_conn' for task execution.
[2023-12-21T19:34:19.634+0000] {base.py:73} INFO - Using connection ID 'postgres_conn' for task execution.
[2023-12-21T19:34:19.640+0000] {sql.py:418} INFO - Running statement: -- params: table_name, dimension_col, data_type

-- Step 1: Extract Unique Values
CREATE TEMPORARY TABLE unique_values_PatientWeight AS
SELECT DISTINCT PatientWeight FROM med_ins_prem_pred_pipe;

-- Step 2: Create Dimension Table
DROP TABLE IF EXISTS dimension_table_PatientWeight;
CREATE TABLE dimension_table_PatientWeight (
    id SERIAL PRIMARY KEY,
    PatientWeight INTEGER
);

-- Step 3: Insert unique values into dimension table
INSERT INTO dimension_table_PatientWeight (PatientWeight)
SELECT * FROM unique_values_PatientWeight;, parameters: None
[2023-12-21T19:34:19.651+0000] {sql.py:427} INFO - Rows affected: 62
[2023-12-21T19:34:19.660+0000] {taskinstance.py:1400} INFO - Marking task as SUCCESS. dag_id=med_ins_prem_pred-v01.create_dim_tables, task_id=create_dim_PatientWeight_table, execution_date=20231201T000000, start_date=20231221T193419, end_date=20231221T193419
[2023-12-21T19:34:19.693+0000] {local_task_job_runner.py:228} INFO - Task exited with return code 0
[2023-12-21T19:34:19.707+0000] {taskinstance.py:2778} INFO - 0 downstream tasks scheduled from follow-on schedule check
