[2023-12-21T22:35:45.203+0000] {processor.py:157} INFO - Started process (PID=168) to work on /opt/airflow/dags/market_seg.py
[2023-12-21T22:35:45.204+0000] {processor.py:829} INFO - Processing file /opt/airflow/dags/market_seg.py for tasks to queue
[2023-12-21T22:35:45.206+0000] {logging_mixin.py:154} INFO - [2023-12-21T22:35:45.205+0000] {dagbag.py:536} INFO - Filling up the DagBag from /opt/airflow/dags/market_seg.py
[2023-12-21T22:35:45.224+0000] {logging_mixin.py:154} INFO - [2023-12-21T22:35:45.221+0000] {dagbag.py:346} ERROR - Failed to import: /opt/airflow/dags/market_seg.py
Traceback (most recent call last):
  File "/home/airflow/.local/lib/python3.8/site-packages/airflow/models/dagbag.py", line 342, in parse
    loader.exec_module(new_module)
  File "<frozen importlib._bootstrap_external>", line 843, in exec_module
  File "<frozen importlib._bootstrap>", line 219, in _call_with_frames_removed
  File "/opt/airflow/dags/market_seg.py", line 44, in <module>
    import sub_dag_remove_samples_with_nulls_in_cols as rswc
  File "/opt/airflow/dags/sub_dag_remove_samples_with_nulls_in_cols.py", line 28, in <module>
    from dag_config_class import DAGConfig
ModuleNotFoundError: No module named 'dag_config_class'
[2023-12-21T22:35:45.225+0000] {processor.py:841} WARNING - No viable dags retrieved from /opt/airflow/dags/market_seg.py
[2023-12-21T22:35:45.252+0000] {processor.py:179} INFO - Processing /opt/airflow/dags/market_seg.py took 0.052 seconds
[2023-12-21T22:36:16.230+0000] {processor.py:157} INFO - Started process (PID=190) to work on /opt/airflow/dags/market_seg.py
[2023-12-21T22:36:16.257+0000] {processor.py:829} INFO - Processing file /opt/airflow/dags/market_seg.py for tasks to queue
[2023-12-21T22:36:16.327+0000] {logging_mixin.py:154} INFO - [2023-12-21T22:36:16.286+0000] {dagbag.py:536} INFO - Filling up the DagBag from /opt/airflow/dags/market_seg.py
[2023-12-21T22:36:16.439+0000] {logging_mixin.py:154} INFO - [2023-12-21T22:36:16.431+0000] {dagbag.py:346} ERROR - Failed to import: /opt/airflow/dags/market_seg.py
Traceback (most recent call last):
  File "/home/airflow/.local/lib/python3.8/site-packages/airflow/models/dagbag.py", line 342, in parse
    loader.exec_module(new_module)
  File "<frozen importlib._bootstrap_external>", line 843, in exec_module
  File "<frozen importlib._bootstrap>", line 219, in _call_with_frames_removed
  File "/opt/airflow/dags/market_seg.py", line 44, in <module>
    import sub_dag_remove_samples_with_nulls_in_cols as rswc
  File "/opt/airflow/dags/sub_dag_remove_samples_with_nulls_in_cols.py", line 28, in <module>
    from dag_config_class import DAGConfig
ModuleNotFoundError: No module named 'dag_config_class'
[2023-12-21T22:36:16.443+0000] {processor.py:841} WARNING - No viable dags retrieved from /opt/airflow/dags/market_seg.py
[2023-12-21T22:36:16.529+0000] {processor.py:179} INFO - Processing /opt/airflow/dags/market_seg.py took 0.326 seconds
[2023-12-21T22:36:46.791+0000] {processor.py:157} INFO - Started process (PID=212) to work on /opt/airflow/dags/market_seg.py
[2023-12-21T22:36:46.792+0000] {processor.py:829} INFO - Processing file /opt/airflow/dags/market_seg.py for tasks to queue
[2023-12-21T22:36:46.793+0000] {logging_mixin.py:154} INFO - [2023-12-21T22:36:46.793+0000] {dagbag.py:536} INFO - Filling up the DagBag from /opt/airflow/dags/market_seg.py
[2023-12-21T22:36:46.802+0000] {logging_mixin.py:154} INFO - [2023-12-21T22:36:46.801+0000] {dagbag.py:346} ERROR - Failed to import: /opt/airflow/dags/market_seg.py
Traceback (most recent call last):
  File "/home/airflow/.local/lib/python3.8/site-packages/airflow/models/dagbag.py", line 342, in parse
    loader.exec_module(new_module)
  File "<frozen importlib._bootstrap_external>", line 843, in exec_module
  File "<frozen importlib._bootstrap>", line 219, in _call_with_frames_removed
  File "/opt/airflow/dags/market_seg.py", line 44, in <module>
    import sub_dag_remove_samples_with_nulls_in_cols as rswc
  File "/opt/airflow/dags/sub_dag_remove_samples_with_nulls_in_cols.py", line 28, in <module>
    from dag_config_class import DAGConfig
ModuleNotFoundError: No module named 'dag_config_class'
[2023-12-21T22:36:46.802+0000] {processor.py:841} WARNING - No viable dags retrieved from /opt/airflow/dags/market_seg.py
[2023-12-21T22:36:46.821+0000] {processor.py:179} INFO - Processing /opt/airflow/dags/market_seg.py took 0.036 seconds
[2023-12-21T22:37:16.981+0000] {processor.py:157} INFO - Started process (PID=234) to work on /opt/airflow/dags/market_seg.py
[2023-12-21T22:37:16.982+0000] {processor.py:829} INFO - Processing file /opt/airflow/dags/market_seg.py for tasks to queue
[2023-12-21T22:37:16.983+0000] {logging_mixin.py:154} INFO - [2023-12-21T22:37:16.983+0000] {dagbag.py:536} INFO - Filling up the DagBag from /opt/airflow/dags/market_seg.py
[2023-12-21T22:37:16.988+0000] {logging_mixin.py:154} INFO - [2023-12-21T22:37:16.987+0000] {dagbag.py:346} ERROR - Failed to import: /opt/airflow/dags/market_seg.py
Traceback (most recent call last):
  File "/home/airflow/.local/lib/python3.8/site-packages/airflow/models/dagbag.py", line 342, in parse
    loader.exec_module(new_module)
  File "<frozen importlib._bootstrap_external>", line 843, in exec_module
  File "<frozen importlib._bootstrap>", line 219, in _call_with_frames_removed
  File "/opt/airflow/dags/market_seg.py", line 44, in <module>
    import sub_dag_remove_samples_with_nulls_in_cols as rswc
  File "/opt/airflow/dags/sub_dag_remove_samples_with_nulls_in_cols.py", line 28, in <module>
    from dag_config_class import DAGConfig
ModuleNotFoundError: No module named 'dag_config_class'
[2023-12-21T22:37:16.988+0000] {processor.py:841} WARNING - No viable dags retrieved from /opt/airflow/dags/market_seg.py
[2023-12-21T22:37:17.004+0000] {processor.py:179} INFO - Processing /opt/airflow/dags/market_seg.py took 0.026 seconds
[2023-12-21T22:37:47.324+0000] {processor.py:157} INFO - Started process (PID=256) to work on /opt/airflow/dags/market_seg.py
[2023-12-21T22:37:47.325+0000] {processor.py:829} INFO - Processing file /opt/airflow/dags/market_seg.py for tasks to queue
[2023-12-21T22:37:47.326+0000] {logging_mixin.py:154} INFO - [2023-12-21T22:37:47.325+0000] {dagbag.py:536} INFO - Filling up the DagBag from /opt/airflow/dags/market_seg.py
[2023-12-21T22:37:47.333+0000] {logging_mixin.py:154} INFO - [2023-12-21T22:37:47.332+0000] {dagbag.py:346} ERROR - Failed to import: /opt/airflow/dags/market_seg.py
Traceback (most recent call last):
  File "/home/airflow/.local/lib/python3.8/site-packages/airflow/models/dagbag.py", line 342, in parse
    loader.exec_module(new_module)
  File "<frozen importlib._bootstrap_external>", line 843, in exec_module
  File "<frozen importlib._bootstrap>", line 219, in _call_with_frames_removed
  File "/opt/airflow/dags/market_seg.py", line 44, in <module>
    import sub_dag_remove_samples_with_nulls_in_cols as rswc
  File "/opt/airflow/dags/sub_dag_remove_samples_with_nulls_in_cols.py", line 28, in <module>
    from dag_config_class import DAGConfig
ModuleNotFoundError: No module named 'dag_config_class'
[2023-12-21T22:37:47.333+0000] {processor.py:841} WARNING - No viable dags retrieved from /opt/airflow/dags/market_seg.py
[2023-12-21T22:37:47.349+0000] {processor.py:179} INFO - Processing /opt/airflow/dags/market_seg.py took 0.031 seconds
[2023-12-21T22:38:17.683+0000] {processor.py:157} INFO - Started process (PID=278) to work on /opt/airflow/dags/market_seg.py
[2023-12-21T22:38:17.683+0000] {processor.py:829} INFO - Processing file /opt/airflow/dags/market_seg.py for tasks to queue
[2023-12-21T22:38:17.684+0000] {logging_mixin.py:154} INFO - [2023-12-21T22:38:17.684+0000] {dagbag.py:536} INFO - Filling up the DagBag from /opt/airflow/dags/market_seg.py
[2023-12-21T22:38:17.691+0000] {logging_mixin.py:154} INFO - [2023-12-21T22:38:17.690+0000] {dagbag.py:346} ERROR - Failed to import: /opt/airflow/dags/market_seg.py
Traceback (most recent call last):
  File "/home/airflow/.local/lib/python3.8/site-packages/airflow/models/dagbag.py", line 342, in parse
    loader.exec_module(new_module)
  File "<frozen importlib._bootstrap_external>", line 843, in exec_module
  File "<frozen importlib._bootstrap>", line 219, in _call_with_frames_removed
  File "/opt/airflow/dags/market_seg.py", line 44, in <module>
    import sub_dag_remove_samples_with_nulls_in_cols as rswc
  File "/opt/airflow/dags/sub_dag_remove_samples_with_nulls_in_cols.py", line 28, in <module>
    from dag_config_class import DAGConfig
ModuleNotFoundError: No module named 'dag_config_class'
[2023-12-21T22:38:17.692+0000] {processor.py:841} WARNING - No viable dags retrieved from /opt/airflow/dags/market_seg.py
[2023-12-21T22:38:17.707+0000] {processor.py:179} INFO - Processing /opt/airflow/dags/market_seg.py took 0.029 seconds
[2023-12-21T22:38:48.067+0000] {processor.py:157} INFO - Started process (PID=300) to work on /opt/airflow/dags/market_seg.py
[2023-12-21T22:38:48.069+0000] {processor.py:829} INFO - Processing file /opt/airflow/dags/market_seg.py for tasks to queue
[2023-12-21T22:38:48.070+0000] {logging_mixin.py:154} INFO - [2023-12-21T22:38:48.070+0000] {dagbag.py:536} INFO - Filling up the DagBag from /opt/airflow/dags/market_seg.py
[2023-12-21T22:38:48.080+0000] {logging_mixin.py:154} INFO - [2023-12-21T22:38:48.078+0000] {dagbag.py:346} ERROR - Failed to import: /opt/airflow/dags/market_seg.py
Traceback (most recent call last):
  File "/home/airflow/.local/lib/python3.8/site-packages/airflow/models/dagbag.py", line 342, in parse
    loader.exec_module(new_module)
  File "<frozen importlib._bootstrap_external>", line 843, in exec_module
  File "<frozen importlib._bootstrap>", line 219, in _call_with_frames_removed
  File "/opt/airflow/dags/market_seg.py", line 44, in <module>
    import sub_dag_remove_samples_with_nulls_in_cols as rswc
  File "/opt/airflow/dags/sub_dag_remove_samples_with_nulls_in_cols.py", line 28, in <module>
    from dag_config_class import DAGConfig
ModuleNotFoundError: No module named 'dag_config_class'
[2023-12-21T22:38:48.081+0000] {processor.py:841} WARNING - No viable dags retrieved from /opt/airflow/dags/market_seg.py
[2023-12-21T22:38:48.100+0000] {processor.py:179} INFO - Processing /opt/airflow/dags/market_seg.py took 0.038 seconds
[2023-12-21T22:39:18.429+0000] {processor.py:157} INFO - Started process (PID=322) to work on /opt/airflow/dags/market_seg.py
[2023-12-21T22:39:18.430+0000] {processor.py:829} INFO - Processing file /opt/airflow/dags/market_seg.py for tasks to queue
[2023-12-21T22:39:18.430+0000] {logging_mixin.py:154} INFO - [2023-12-21T22:39:18.430+0000] {dagbag.py:536} INFO - Filling up the DagBag from /opt/airflow/dags/market_seg.py
[2023-12-21T22:39:18.437+0000] {logging_mixin.py:154} INFO - [2023-12-21T22:39:18.435+0000] {dagbag.py:346} ERROR - Failed to import: /opt/airflow/dags/market_seg.py
Traceback (most recent call last):
  File "/home/airflow/.local/lib/python3.8/site-packages/airflow/models/dagbag.py", line 342, in parse
    loader.exec_module(new_module)
  File "<frozen importlib._bootstrap_external>", line 843, in exec_module
  File "<frozen importlib._bootstrap>", line 219, in _call_with_frames_removed
  File "/opt/airflow/dags/market_seg.py", line 44, in <module>
    import sub_dag_remove_samples_with_nulls_in_cols as rswc
  File "/opt/airflow/dags/sub_dag_remove_samples_with_nulls_in_cols.py", line 28, in <module>
    from dag_config_class import DAGConfig
ModuleNotFoundError: No module named 'dag_config_class'
[2023-12-21T22:39:18.437+0000] {processor.py:841} WARNING - No viable dags retrieved from /opt/airflow/dags/market_seg.py
[2023-12-21T22:39:18.458+0000] {processor.py:179} INFO - Processing /opt/airflow/dags/market_seg.py took 0.032 seconds
[2023-12-21T22:39:48.816+0000] {processor.py:157} INFO - Started process (PID=344) to work on /opt/airflow/dags/market_seg.py
[2023-12-21T22:39:48.817+0000] {processor.py:829} INFO - Processing file /opt/airflow/dags/market_seg.py for tasks to queue
[2023-12-21T22:39:48.818+0000] {logging_mixin.py:154} INFO - [2023-12-21T22:39:48.818+0000] {dagbag.py:536} INFO - Filling up the DagBag from /opt/airflow/dags/market_seg.py
[2023-12-21T22:39:48.826+0000] {logging_mixin.py:154} INFO - [2023-12-21T22:39:48.825+0000] {dagbag.py:346} ERROR - Failed to import: /opt/airflow/dags/market_seg.py
Traceback (most recent call last):
  File "/home/airflow/.local/lib/python3.8/site-packages/airflow/models/dagbag.py", line 342, in parse
    loader.exec_module(new_module)
  File "<frozen importlib._bootstrap_external>", line 843, in exec_module
  File "<frozen importlib._bootstrap>", line 219, in _call_with_frames_removed
  File "/opt/airflow/dags/market_seg.py", line 44, in <module>
    import sub_dag_remove_samples_with_nulls_in_cols as rswc
  File "/opt/airflow/dags/sub_dag_remove_samples_with_nulls_in_cols.py", line 28, in <module>
    from dag_config_class import DAGConfig
ModuleNotFoundError: No module named 'dag_config_class'
[2023-12-21T22:39:48.827+0000] {processor.py:841} WARNING - No viable dags retrieved from /opt/airflow/dags/market_seg.py
[2023-12-21T22:39:48.844+0000] {processor.py:179} INFO - Processing /opt/airflow/dags/market_seg.py took 0.031 seconds
[2023-12-21T22:40:19.221+0000] {processor.py:157} INFO - Started process (PID=366) to work on /opt/airflow/dags/market_seg.py
[2023-12-21T22:40:19.222+0000] {processor.py:829} INFO - Processing file /opt/airflow/dags/market_seg.py for tasks to queue
[2023-12-21T22:40:19.224+0000] {logging_mixin.py:154} INFO - [2023-12-21T22:40:19.224+0000] {dagbag.py:536} INFO - Filling up the DagBag from /opt/airflow/dags/market_seg.py
[2023-12-21T22:40:19.235+0000] {logging_mixin.py:154} INFO - [2023-12-21T22:40:19.233+0000] {dagbag.py:346} ERROR - Failed to import: /opt/airflow/dags/market_seg.py
Traceback (most recent call last):
  File "/home/airflow/.local/lib/python3.8/site-packages/airflow/models/dagbag.py", line 342, in parse
    loader.exec_module(new_module)
  File "<frozen importlib._bootstrap_external>", line 843, in exec_module
  File "<frozen importlib._bootstrap>", line 219, in _call_with_frames_removed
  File "/opt/airflow/dags/market_seg.py", line 44, in <module>
    import sub_dag_remove_samples_with_nulls_in_cols as rswc
  File "/opt/airflow/dags/sub_dag_remove_samples_with_nulls_in_cols.py", line 28, in <module>
    from dag_config_class import DAGConfig
ModuleNotFoundError: No module named 'dag_config_class'
[2023-12-21T22:40:19.236+0000] {processor.py:841} WARNING - No viable dags retrieved from /opt/airflow/dags/market_seg.py
[2023-12-21T22:40:19.258+0000] {processor.py:179} INFO - Processing /opt/airflow/dags/market_seg.py took 0.044 seconds
[2023-12-21T22:40:49.661+0000] {processor.py:157} INFO - Started process (PID=393) to work on /opt/airflow/dags/market_seg.py
[2023-12-21T22:40:49.662+0000] {processor.py:829} INFO - Processing file /opt/airflow/dags/market_seg.py for tasks to queue
[2023-12-21T22:40:49.664+0000] {logging_mixin.py:154} INFO - [2023-12-21T22:40:49.663+0000] {dagbag.py:536} INFO - Filling up the DagBag from /opt/airflow/dags/market_seg.py
[2023-12-21T22:40:49.673+0000] {logging_mixin.py:154} INFO - [2023-12-21T22:40:49.671+0000] {dagbag.py:346} ERROR - Failed to import: /opt/airflow/dags/market_seg.py
Traceback (most recent call last):
  File "/home/airflow/.local/lib/python3.8/site-packages/airflow/models/dagbag.py", line 342, in parse
    loader.exec_module(new_module)
  File "<frozen importlib._bootstrap_external>", line 843, in exec_module
  File "<frozen importlib._bootstrap>", line 219, in _call_with_frames_removed
  File "/opt/airflow/dags/market_seg.py", line 44, in <module>
    import sub_dag_remove_samples_with_nulls_in_cols as rswc
  File "/opt/airflow/dags/sub_dag_remove_samples_with_nulls_in_cols.py", line 28, in <module>
    from dag_config_class import DAGConfig
ModuleNotFoundError: No module named 'dag_config_class'
[2023-12-21T22:40:49.674+0000] {processor.py:841} WARNING - No viable dags retrieved from /opt/airflow/dags/market_seg.py
[2023-12-21T22:40:49.693+0000] {processor.py:179} INFO - Processing /opt/airflow/dags/market_seg.py took 0.037 seconds
[2023-12-21T22:41:20.038+0000] {processor.py:157} INFO - Started process (PID=415) to work on /opt/airflow/dags/market_seg.py
[2023-12-21T22:41:20.040+0000] {processor.py:829} INFO - Processing file /opt/airflow/dags/market_seg.py for tasks to queue
[2023-12-21T22:41:20.041+0000] {logging_mixin.py:154} INFO - [2023-12-21T22:41:20.041+0000] {dagbag.py:536} INFO - Filling up the DagBag from /opt/airflow/dags/market_seg.py
[2023-12-21T22:41:20.096+0000] {logging_mixin.py:154} INFO - [2023-12-21T22:41:20.095+0000] {dagbag.py:346} ERROR - Failed to import: /opt/airflow/dags/market_seg.py
Traceback (most recent call last):
  File "/home/airflow/.local/lib/python3.8/site-packages/airflow/models/dagbag.py", line 342, in parse
    loader.exec_module(new_module)
  File "<frozen importlib._bootstrap_external>", line 843, in exec_module
  File "<frozen importlib._bootstrap>", line 219, in _call_with_frames_removed
  File "/opt/airflow/dags/market_seg.py", line 153, in <module>
    subdag=rswc.sub_dag_remove_samples_with_nulls(
TypeError: sub_dag_remove_samples_with_nulls() got an unexpected keyword argument 'postgres_conn_id'
[2023-12-21T22:41:20.097+0000] {processor.py:841} WARNING - No viable dags retrieved from /opt/airflow/dags/market_seg.py
[2023-12-21T22:41:20.100+0000] {processor.py:179} INFO - Processing /opt/airflow/dags/market_seg.py took 0.071 seconds
[2023-12-21T22:41:50.440+0000] {processor.py:157} INFO - Started process (PID=437) to work on /opt/airflow/dags/market_seg.py
[2023-12-21T22:41:50.442+0000] {processor.py:829} INFO - Processing file /opt/airflow/dags/market_seg.py for tasks to queue
[2023-12-21T22:41:50.444+0000] {logging_mixin.py:154} INFO - [2023-12-21T22:41:50.444+0000] {dagbag.py:536} INFO - Filling up the DagBag from /opt/airflow/dags/market_seg.py
[2023-12-21T22:41:50.491+0000] {logging_mixin.py:154} INFO - [2023-12-21T22:41:50.490+0000] {dagbag.py:346} ERROR - Failed to import: /opt/airflow/dags/market_seg.py
Traceback (most recent call last):
  File "/home/airflow/.local/lib/python3.8/site-packages/airflow/models/dagbag.py", line 342, in parse
    loader.exec_module(new_module)
  File "<frozen importlib._bootstrap_external>", line 843, in exec_module
  File "<frozen importlib._bootstrap>", line 219, in _call_with_frames_removed
  File "/opt/airflow/dags/market_seg.py", line 153, in <module>
    subdag=rswc.sub_dag_remove_samples_with_nulls(
TypeError: sub_dag_remove_samples_with_nulls() got an unexpected keyword argument 'postgres_conn_id'
[2023-12-21T22:41:50.491+0000] {processor.py:841} WARNING - No viable dags retrieved from /opt/airflow/dags/market_seg.py
[2023-12-21T22:41:50.498+0000] {processor.py:179} INFO - Processing /opt/airflow/dags/market_seg.py took 0.062 seconds
[2023-12-21T22:42:12.820+0000] {processor.py:157} INFO - Started process (PID=459) to work on /opt/airflow/dags/market_seg.py
[2023-12-21T22:42:12.822+0000] {processor.py:829} INFO - Processing file /opt/airflow/dags/market_seg.py for tasks to queue
[2023-12-21T22:42:12.823+0000] {logging_mixin.py:154} INFO - [2023-12-21T22:42:12.822+0000] {dagbag.py:536} INFO - Filling up the DagBag from /opt/airflow/dags/market_seg.py
[2023-12-21T22:42:12.861+0000] {processor.py:839} INFO - DAG(s) dict_keys(['market_segmentation-v01.remove_unnecessary_columns', 'market_segmentation-v01.remove_samples_with_nulls', 'market_segmentation-v01']) retrieved from /opt/airflow/dags/market_seg.py
[2023-12-21T22:42:12.989+0000] {logging_mixin.py:154} INFO - [2023-12-21T22:42:12.989+0000] {manager.py:499} INFO - Created Permission View: %s
[2023-12-21T22:42:12.993+0000] {logging_mixin.py:154} INFO - [2023-12-21T22:42:12.993+0000] {manager.py:499} INFO - Created Permission View: %s
[2023-12-21T22:42:12.995+0000] {logging_mixin.py:154} INFO - [2023-12-21T22:42:12.995+0000] {manager.py:499} INFO - Created Permission View: %s
[2023-12-21T22:42:12.995+0000] {logging_mixin.py:154} INFO - [2023-12-21T22:42:12.995+0000] {dag.py:2941} INFO - Sync 3 DAGs
[2023-12-21T22:42:13.002+0000] {logging_mixin.py:154} INFO - [2023-12-21T22:42:13.002+0000] {dag.py:2963} INFO - Creating ORM DAG for market_segmentation-v01.remove_samples_with_nulls
[2023-12-21T22:42:13.003+0000] {logging_mixin.py:154} INFO - [2023-12-21T22:42:13.003+0000] {dag.py:2963} INFO - Creating ORM DAG for market_segmentation-v01
[2023-12-21T22:42:13.003+0000] {logging_mixin.py:154} INFO - [2023-12-21T22:42:13.003+0000] {dag.py:2963} INFO - Creating ORM DAG for market_segmentation-v01.remove_unnecessary_columns
[2023-12-21T22:42:13.009+0000] {logging_mixin.py:154} INFO - [2023-12-21T22:42:13.009+0000] {dag.py:3722} INFO - Setting next_dagrun for market_segmentation-v01 to 2023-12-01T00:00:00+00:00, run_after=2023-12-01T00:00:00+00:00
[2023-12-21T22:42:13.009+0000] {logging_mixin.py:154} INFO - [2023-12-21T22:42:13.009+0000] {dag.py:3722} INFO - Setting next_dagrun for market_segmentation-v01.remove_samples_with_nulls to None, run_after=None
[2023-12-21T22:42:13.010+0000] {logging_mixin.py:154} INFO - [2023-12-21T22:42:13.010+0000] {dag.py:3722} INFO - Setting next_dagrun for market_segmentation-v01.remove_unnecessary_columns to None, run_after=None
[2023-12-21T22:42:13.016+0000] {logging_mixin.py:154} INFO - [2023-12-21T22:42:13.016+0000] {dag.py:2941} INFO - Sync 2 DAGs
[2023-12-21T22:42:13.019+0000] {logging_mixin.py:154} INFO - [2023-12-21T22:42:13.019+0000] {dag.py:3722} INFO - Setting next_dagrun for market_segmentation-v01.remove_samples_with_nulls to None, run_after=None
[2023-12-21T22:42:13.020+0000] {logging_mixin.py:154} INFO - [2023-12-21T22:42:13.020+0000] {dag.py:3722} INFO - Setting next_dagrun for market_segmentation-v01.remove_unnecessary_columns to None, run_after=None
[2023-12-21T22:42:13.025+0000] {processor.py:179} INFO - Processing /opt/airflow/dags/market_seg.py took 0.211 seconds
[2023-12-21T22:42:43.211+0000] {processor.py:157} INFO - Started process (PID=481) to work on /opt/airflow/dags/market_seg.py
[2023-12-21T22:42:43.213+0000] {processor.py:829} INFO - Processing file /opt/airflow/dags/market_seg.py for tasks to queue
[2023-12-21T22:42:43.214+0000] {logging_mixin.py:154} INFO - [2023-12-21T22:42:43.213+0000] {dagbag.py:536} INFO - Filling up the DagBag from /opt/airflow/dags/market_seg.py
[2023-12-21T22:42:43.250+0000] {processor.py:839} INFO - DAG(s) dict_keys(['market_segmentation-v01.remove_unnecessary_columns', 'market_segmentation-v01.remove_samples_with_nulls', 'market_segmentation-v01']) retrieved from /opt/airflow/dags/market_seg.py
[2023-12-21T22:42:43.263+0000] {logging_mixin.py:154} INFO - [2023-12-21T22:42:43.263+0000] {dag.py:2941} INFO - Sync 3 DAGs
[2023-12-21T22:42:43.273+0000] {logging_mixin.py:154} INFO - [2023-12-21T22:42:43.273+0000] {dag.py:3722} INFO - Setting next_dagrun for market_segmentation-v01 to 2023-12-01T00:00:00+00:00, run_after=2023-12-01T00:00:00+00:00
[2023-12-21T22:42:43.275+0000] {logging_mixin.py:154} INFO - [2023-12-21T22:42:43.275+0000] {dag.py:3722} INFO - Setting next_dagrun for market_segmentation-v01.remove_samples_with_nulls to None, run_after=None
[2023-12-21T22:42:43.275+0000] {logging_mixin.py:154} INFO - [2023-12-21T22:42:43.275+0000] {dag.py:3722} INFO - Setting next_dagrun for market_segmentation-v01.remove_unnecessary_columns to None, run_after=None
[2023-12-21T22:42:43.279+0000] {logging_mixin.py:154} INFO - [2023-12-21T22:42:43.279+0000] {dag.py:2941} INFO - Sync 2 DAGs
[2023-12-21T22:42:43.281+0000] {logging_mixin.py:154} INFO - [2023-12-21T22:42:43.281+0000] {dag.py:3722} INFO - Setting next_dagrun for market_segmentation-v01.remove_samples_with_nulls to None, run_after=None
[2023-12-21T22:42:43.282+0000] {logging_mixin.py:154} INFO - [2023-12-21T22:42:43.281+0000] {dag.py:3722} INFO - Setting next_dagrun for market_segmentation-v01.remove_unnecessary_columns to None, run_after=None
[2023-12-21T22:42:43.286+0000] {processor.py:179} INFO - Processing /opt/airflow/dags/market_seg.py took 0.079 seconds
[2023-12-21T22:43:13.584+0000] {processor.py:157} INFO - Started process (PID=509) to work on /opt/airflow/dags/market_seg.py
[2023-12-21T22:43:13.585+0000] {processor.py:829} INFO - Processing file /opt/airflow/dags/market_seg.py for tasks to queue
[2023-12-21T22:43:13.586+0000] {logging_mixin.py:154} INFO - [2023-12-21T22:43:13.586+0000] {dagbag.py:536} INFO - Filling up the DagBag from /opt/airflow/dags/market_seg.py
[2023-12-21T22:43:13.625+0000] {processor.py:839} INFO - DAG(s) dict_keys(['market_segmentation-v01.remove_unnecessary_columns', 'market_segmentation-v01.remove_samples_with_nulls', 'market_segmentation-v01']) retrieved from /opt/airflow/dags/market_seg.py
[2023-12-21T22:43:13.638+0000] {logging_mixin.py:154} INFO - [2023-12-21T22:43:13.638+0000] {dag.py:2941} INFO - Sync 3 DAGs
[2023-12-21T22:43:13.649+0000] {logging_mixin.py:154} INFO - [2023-12-21T22:43:13.649+0000] {dag.py:3722} INFO - Setting next_dagrun for market_segmentation-v01 to None, run_after=None
[2023-12-21T22:43:13.652+0000] {logging_mixin.py:154} INFO - [2023-12-21T22:43:13.652+0000] {dag.py:3722} INFO - Setting next_dagrun for market_segmentation-v01.remove_samples_with_nulls to None, run_after=None
[2023-12-21T22:43:13.653+0000] {logging_mixin.py:154} INFO - [2023-12-21T22:43:13.653+0000] {dag.py:3722} INFO - Setting next_dagrun for market_segmentation-v01.remove_unnecessary_columns to None, run_after=None
[2023-12-21T22:43:13.658+0000] {logging_mixin.py:154} INFO - [2023-12-21T22:43:13.658+0000] {dag.py:2941} INFO - Sync 2 DAGs
[2023-12-21T22:43:13.662+0000] {logging_mixin.py:154} INFO - [2023-12-21T22:43:13.662+0000] {dag.py:3722} INFO - Setting next_dagrun for market_segmentation-v01.remove_samples_with_nulls to None, run_after=None
[2023-12-21T22:43:13.662+0000] {logging_mixin.py:154} INFO - [2023-12-21T22:43:13.662+0000] {dag.py:3722} INFO - Setting next_dagrun for market_segmentation-v01.remove_unnecessary_columns to None, run_after=None
[2023-12-21T22:43:13.671+0000] {processor.py:179} INFO - Processing /opt/airflow/dags/market_seg.py took 0.092 seconds
[2023-12-21T22:43:43.912+0000] {processor.py:157} INFO - Started process (PID=531) to work on /opt/airflow/dags/market_seg.py
[2023-12-21T22:43:43.914+0000] {processor.py:829} INFO - Processing file /opt/airflow/dags/market_seg.py for tasks to queue
[2023-12-21T22:43:43.915+0000] {logging_mixin.py:154} INFO - [2023-12-21T22:43:43.915+0000] {dagbag.py:536} INFO - Filling up the DagBag from /opt/airflow/dags/market_seg.py
[2023-12-21T22:43:43.953+0000] {processor.py:839} INFO - DAG(s) dict_keys(['market_segmentation-v01.remove_unnecessary_columns', 'market_segmentation-v01.remove_samples_with_nulls', 'market_segmentation-v01']) retrieved from /opt/airflow/dags/market_seg.py
[2023-12-21T22:43:43.966+0000] {logging_mixin.py:154} INFO - [2023-12-21T22:43:43.966+0000] {dag.py:2941} INFO - Sync 3 DAGs
[2023-12-21T22:43:43.977+0000] {logging_mixin.py:154} INFO - [2023-12-21T22:43:43.977+0000] {dag.py:3722} INFO - Setting next_dagrun for market_segmentation-v01 to None, run_after=None
[2023-12-21T22:43:43.978+0000] {logging_mixin.py:154} INFO - [2023-12-21T22:43:43.978+0000] {dag.py:3722} INFO - Setting next_dagrun for market_segmentation-v01.remove_samples_with_nulls to None, run_after=None
[2023-12-21T22:43:43.979+0000] {logging_mixin.py:154} INFO - [2023-12-21T22:43:43.979+0000] {dag.py:3722} INFO - Setting next_dagrun for market_segmentation-v01.remove_unnecessary_columns to None, run_after=None
[2023-12-21T22:43:43.983+0000] {logging_mixin.py:154} INFO - [2023-12-21T22:43:43.983+0000] {dag.py:2941} INFO - Sync 2 DAGs
[2023-12-21T22:43:43.985+0000] {logging_mixin.py:154} INFO - [2023-12-21T22:43:43.985+0000] {dag.py:3722} INFO - Setting next_dagrun for market_segmentation-v01.remove_samples_with_nulls to None, run_after=None
[2023-12-21T22:43:43.986+0000] {logging_mixin.py:154} INFO - [2023-12-21T22:43:43.985+0000] {dag.py:3722} INFO - Setting next_dagrun for market_segmentation-v01.remove_unnecessary_columns to None, run_after=None
[2023-12-21T22:43:43.991+0000] {processor.py:179} INFO - Processing /opt/airflow/dags/market_seg.py took 0.084 seconds
[2023-12-21T22:44:14.316+0000] {processor.py:157} INFO - Started process (PID=559) to work on /opt/airflow/dags/market_seg.py
[2023-12-21T22:44:14.317+0000] {processor.py:829} INFO - Processing file /opt/airflow/dags/market_seg.py for tasks to queue
[2023-12-21T22:44:14.319+0000] {logging_mixin.py:154} INFO - [2023-12-21T22:44:14.318+0000] {dagbag.py:536} INFO - Filling up the DagBag from /opt/airflow/dags/market_seg.py
[2023-12-21T22:44:14.354+0000] {processor.py:839} INFO - DAG(s) dict_keys(['market_segmentation-v01.remove_unnecessary_columns', 'market_segmentation-v01.remove_samples_with_nulls', 'market_segmentation-v01']) retrieved from /opt/airflow/dags/market_seg.py
[2023-12-21T22:44:14.367+0000] {logging_mixin.py:154} INFO - [2023-12-21T22:44:14.367+0000] {dag.py:2941} INFO - Sync 3 DAGs
[2023-12-21T22:44:14.377+0000] {logging_mixin.py:154} INFO - [2023-12-21T22:44:14.377+0000] {dag.py:3722} INFO - Setting next_dagrun for market_segmentation-v01 to None, run_after=None
[2023-12-21T22:44:14.379+0000] {logging_mixin.py:154} INFO - [2023-12-21T22:44:14.379+0000] {dag.py:3722} INFO - Setting next_dagrun for market_segmentation-v01.remove_samples_with_nulls to None, run_after=None
[2023-12-21T22:44:14.379+0000] {logging_mixin.py:154} INFO - [2023-12-21T22:44:14.379+0000] {dag.py:3722} INFO - Setting next_dagrun for market_segmentation-v01.remove_unnecessary_columns to None, run_after=None
[2023-12-21T22:44:14.383+0000] {logging_mixin.py:154} INFO - [2023-12-21T22:44:14.383+0000] {dag.py:2941} INFO - Sync 2 DAGs
[2023-12-21T22:44:14.385+0000] {logging_mixin.py:154} INFO - [2023-12-21T22:44:14.385+0000] {dag.py:3722} INFO - Setting next_dagrun for market_segmentation-v01.remove_samples_with_nulls to None, run_after=None
[2023-12-21T22:44:14.386+0000] {logging_mixin.py:154} INFO - [2023-12-21T22:44:14.386+0000] {dag.py:3722} INFO - Setting next_dagrun for market_segmentation-v01.remove_unnecessary_columns to None, run_after=None
[2023-12-21T22:44:14.392+0000] {processor.py:179} INFO - Processing /opt/airflow/dags/market_seg.py took 0.081 seconds
[2023-12-21T22:44:44.711+0000] {processor.py:157} INFO - Started process (PID=581) to work on /opt/airflow/dags/market_seg.py
[2023-12-21T22:44:44.712+0000] {processor.py:829} INFO - Processing file /opt/airflow/dags/market_seg.py for tasks to queue
[2023-12-21T22:44:44.713+0000] {logging_mixin.py:154} INFO - [2023-12-21T22:44:44.713+0000] {dagbag.py:536} INFO - Filling up the DagBag from /opt/airflow/dags/market_seg.py
[2023-12-21T22:44:44.746+0000] {processor.py:839} INFO - DAG(s) dict_keys(['market_segmentation-v01.remove_unnecessary_columns', 'market_segmentation-v01.remove_samples_with_nulls', 'market_segmentation-v01']) retrieved from /opt/airflow/dags/market_seg.py
[2023-12-21T22:44:44.794+0000] {logging_mixin.py:154} INFO - [2023-12-21T22:44:44.794+0000] {dag.py:2941} INFO - Sync 3 DAGs
[2023-12-21T22:44:44.803+0000] {logging_mixin.py:154} INFO - [2023-12-21T22:44:44.803+0000] {dag.py:3722} INFO - Setting next_dagrun for market_segmentation-v01 to None, run_after=None
[2023-12-21T22:44:44.804+0000] {logging_mixin.py:154} INFO - [2023-12-21T22:44:44.804+0000] {dag.py:3722} INFO - Setting next_dagrun for market_segmentation-v01.remove_samples_with_nulls to None, run_after=None
[2023-12-21T22:44:44.805+0000] {logging_mixin.py:154} INFO - [2023-12-21T22:44:44.805+0000] {dag.py:3722} INFO - Setting next_dagrun for market_segmentation-v01.remove_unnecessary_columns to None, run_after=None
[2023-12-21T22:44:44.809+0000] {logging_mixin.py:154} INFO - [2023-12-21T22:44:44.809+0000] {dag.py:2941} INFO - Sync 2 DAGs
[2023-12-21T22:44:44.812+0000] {logging_mixin.py:154} INFO - [2023-12-21T22:44:44.811+0000] {dag.py:3722} INFO - Setting next_dagrun for market_segmentation-v01.remove_samples_with_nulls to None, run_after=None
[2023-12-21T22:44:44.812+0000] {logging_mixin.py:154} INFO - [2023-12-21T22:44:44.812+0000] {dag.py:3722} INFO - Setting next_dagrun for market_segmentation-v01.remove_unnecessary_columns to None, run_after=None
[2023-12-21T22:44:44.816+0000] {processor.py:179} INFO - Processing /opt/airflow/dags/market_seg.py took 0.112 seconds
[2023-12-21T22:45:15.071+0000] {processor.py:157} INFO - Started process (PID=603) to work on /opt/airflow/dags/market_seg.py
[2023-12-21T22:45:15.072+0000] {processor.py:829} INFO - Processing file /opt/airflow/dags/market_seg.py for tasks to queue
[2023-12-21T22:45:15.074+0000] {logging_mixin.py:154} INFO - [2023-12-21T22:45:15.073+0000] {dagbag.py:536} INFO - Filling up the DagBag from /opt/airflow/dags/market_seg.py
[2023-12-21T22:45:15.110+0000] {processor.py:839} INFO - DAG(s) dict_keys(['market_segmentation-v01.remove_unnecessary_columns', 'market_segmentation-v01.remove_samples_with_nulls', 'market_segmentation-v01']) retrieved from /opt/airflow/dags/market_seg.py
[2023-12-21T22:45:15.124+0000] {logging_mixin.py:154} INFO - [2023-12-21T22:45:15.124+0000] {dag.py:2941} INFO - Sync 3 DAGs
[2023-12-21T22:45:15.134+0000] {logging_mixin.py:154} INFO - [2023-12-21T22:45:15.134+0000] {dag.py:3722} INFO - Setting next_dagrun for market_segmentation-v01 to None, run_after=None
[2023-12-21T22:45:15.136+0000] {logging_mixin.py:154} INFO - [2023-12-21T22:45:15.136+0000] {dag.py:3722} INFO - Setting next_dagrun for market_segmentation-v01.remove_samples_with_nulls to None, run_after=None
[2023-12-21T22:45:15.136+0000] {logging_mixin.py:154} INFO - [2023-12-21T22:45:15.136+0000] {dag.py:3722} INFO - Setting next_dagrun for market_segmentation-v01.remove_unnecessary_columns to None, run_after=None
[2023-12-21T22:45:15.140+0000] {logging_mixin.py:154} INFO - [2023-12-21T22:45:15.140+0000] {dag.py:2941} INFO - Sync 2 DAGs
[2023-12-21T22:45:15.142+0000] {logging_mixin.py:154} INFO - [2023-12-21T22:45:15.142+0000] {dag.py:3722} INFO - Setting next_dagrun for market_segmentation-v01.remove_samples_with_nulls to None, run_after=None
[2023-12-21T22:45:15.142+0000] {logging_mixin.py:154} INFO - [2023-12-21T22:45:15.142+0000] {dag.py:3722} INFO - Setting next_dagrun for market_segmentation-v01.remove_unnecessary_columns to None, run_after=None
[2023-12-21T22:45:15.147+0000] {processor.py:179} INFO - Processing /opt/airflow/dags/market_seg.py took 0.081 seconds
[2023-12-21T22:45:45.377+0000] {processor.py:157} INFO - Started process (PID=625) to work on /opt/airflow/dags/market_seg.py
[2023-12-21T22:45:45.378+0000] {processor.py:829} INFO - Processing file /opt/airflow/dags/market_seg.py for tasks to queue
[2023-12-21T22:45:45.379+0000] {logging_mixin.py:154} INFO - [2023-12-21T22:45:45.379+0000] {dagbag.py:536} INFO - Filling up the DagBag from /opt/airflow/dags/market_seg.py
[2023-12-21T22:45:45.410+0000] {processor.py:839} INFO - DAG(s) dict_keys(['market_segmentation-v01.remove_unnecessary_columns', 'market_segmentation-v01.remove_samples_with_nulls', 'market_segmentation-v01']) retrieved from /opt/airflow/dags/market_seg.py
[2023-12-21T22:45:45.423+0000] {logging_mixin.py:154} INFO - [2023-12-21T22:45:45.423+0000] {dag.py:2941} INFO - Sync 3 DAGs
[2023-12-21T22:45:45.433+0000] {logging_mixin.py:154} INFO - [2023-12-21T22:45:45.433+0000] {dag.py:3722} INFO - Setting next_dagrun for market_segmentation-v01 to None, run_after=None
[2023-12-21T22:45:45.435+0000] {logging_mixin.py:154} INFO - [2023-12-21T22:45:45.435+0000] {dag.py:3722} INFO - Setting next_dagrun for market_segmentation-v01.remove_samples_with_nulls to None, run_after=None
[2023-12-21T22:45:45.436+0000] {logging_mixin.py:154} INFO - [2023-12-21T22:45:45.435+0000] {dag.py:3722} INFO - Setting next_dagrun for market_segmentation-v01.remove_unnecessary_columns to None, run_after=None
[2023-12-21T22:45:45.440+0000] {logging_mixin.py:154} INFO - [2023-12-21T22:45:45.440+0000] {dag.py:2941} INFO - Sync 2 DAGs
[2023-12-21T22:45:45.442+0000] {logging_mixin.py:154} INFO - [2023-12-21T22:45:45.442+0000] {dag.py:3722} INFO - Setting next_dagrun for market_segmentation-v01.remove_samples_with_nulls to None, run_after=None
[2023-12-21T22:45:45.442+0000] {logging_mixin.py:154} INFO - [2023-12-21T22:45:45.442+0000] {dag.py:3722} INFO - Setting next_dagrun for market_segmentation-v01.remove_unnecessary_columns to None, run_after=None
[2023-12-21T22:45:45.448+0000] {processor.py:179} INFO - Processing /opt/airflow/dags/market_seg.py took 0.075 seconds
[2023-12-21T22:46:15.814+0000] {processor.py:157} INFO - Started process (PID=651) to work on /opt/airflow/dags/market_seg.py
[2023-12-21T22:46:15.815+0000] {processor.py:829} INFO - Processing file /opt/airflow/dags/market_seg.py for tasks to queue
[2023-12-21T22:46:15.817+0000] {logging_mixin.py:154} INFO - [2023-12-21T22:46:15.816+0000] {dagbag.py:536} INFO - Filling up the DagBag from /opt/airflow/dags/market_seg.py
[2023-12-21T22:46:15.854+0000] {processor.py:839} INFO - DAG(s) dict_keys(['market_segmentation-v01.remove_unnecessary_columns', 'market_segmentation-v01.remove_samples_with_nulls', 'market_segmentation-v01']) retrieved from /opt/airflow/dags/market_seg.py
[2023-12-21T22:46:15.870+0000] {logging_mixin.py:154} INFO - [2023-12-21T22:46:15.869+0000] {dag.py:2941} INFO - Sync 3 DAGs
[2023-12-21T22:46:15.880+0000] {logging_mixin.py:154} INFO - [2023-12-21T22:46:15.880+0000] {dag.py:3722} INFO - Setting next_dagrun for market_segmentation-v01 to None, run_after=None
[2023-12-21T22:46:15.882+0000] {logging_mixin.py:154} INFO - [2023-12-21T22:46:15.882+0000] {dag.py:3722} INFO - Setting next_dagrun for market_segmentation-v01.remove_samples_with_nulls to None, run_after=None
[2023-12-21T22:46:15.882+0000] {logging_mixin.py:154} INFO - [2023-12-21T22:46:15.882+0000] {dag.py:3722} INFO - Setting next_dagrun for market_segmentation-v01.remove_unnecessary_columns to None, run_after=None
[2023-12-21T22:46:15.886+0000] {logging_mixin.py:154} INFO - [2023-12-21T22:46:15.886+0000] {dag.py:2941} INFO - Sync 2 DAGs
[2023-12-21T22:46:15.888+0000] {logging_mixin.py:154} INFO - [2023-12-21T22:46:15.888+0000] {dag.py:3722} INFO - Setting next_dagrun for market_segmentation-v01.remove_samples_with_nulls to None, run_after=None
[2023-12-21T22:46:15.888+0000] {logging_mixin.py:154} INFO - [2023-12-21T22:46:15.888+0000] {dag.py:3722} INFO - Setting next_dagrun for market_segmentation-v01.remove_unnecessary_columns to None, run_after=None
[2023-12-21T22:46:15.893+0000] {processor.py:179} INFO - Processing /opt/airflow/dags/market_seg.py took 0.085 seconds
[2023-12-21T22:46:46.220+0000] {processor.py:157} INFO - Started process (PID=673) to work on /opt/airflow/dags/market_seg.py
[2023-12-21T22:46:46.222+0000] {processor.py:829} INFO - Processing file /opt/airflow/dags/market_seg.py for tasks to queue
[2023-12-21T22:46:46.223+0000] {logging_mixin.py:154} INFO - [2023-12-21T22:46:46.223+0000] {dagbag.py:536} INFO - Filling up the DagBag from /opt/airflow/dags/market_seg.py
[2023-12-21T22:46:46.265+0000] {processor.py:839} INFO - DAG(s) dict_keys(['market_segmentation-v01.remove_unnecessary_columns', 'market_segmentation-v01.remove_samples_with_nulls', 'market_segmentation-v01']) retrieved from /opt/airflow/dags/market_seg.py
[2023-12-21T22:46:46.281+0000] {logging_mixin.py:154} INFO - [2023-12-21T22:46:46.281+0000] {dag.py:2941} INFO - Sync 3 DAGs
[2023-12-21T22:46:46.294+0000] {logging_mixin.py:154} INFO - [2023-12-21T22:46:46.294+0000] {dag.py:3722} INFO - Setting next_dagrun for market_segmentation-v01 to None, run_after=None
[2023-12-21T22:46:46.296+0000] {logging_mixin.py:154} INFO - [2023-12-21T22:46:46.296+0000] {dag.py:3722} INFO - Setting next_dagrun for market_segmentation-v01.remove_samples_with_nulls to None, run_after=None
[2023-12-21T22:46:46.297+0000] {logging_mixin.py:154} INFO - [2023-12-21T22:46:46.297+0000] {dag.py:3722} INFO - Setting next_dagrun for market_segmentation-v01.remove_unnecessary_columns to None, run_after=None
[2023-12-21T22:46:46.301+0000] {logging_mixin.py:154} INFO - [2023-12-21T22:46:46.300+0000] {dag.py:2941} INFO - Sync 2 DAGs
[2023-12-21T22:46:46.303+0000] {logging_mixin.py:154} INFO - [2023-12-21T22:46:46.303+0000] {dag.py:3722} INFO - Setting next_dagrun for market_segmentation-v01.remove_samples_with_nulls to None, run_after=None
[2023-12-21T22:46:46.303+0000] {logging_mixin.py:154} INFO - [2023-12-21T22:46:46.303+0000] {dag.py:3722} INFO - Setting next_dagrun for market_segmentation-v01.remove_unnecessary_columns to None, run_after=None
[2023-12-21T22:46:46.309+0000] {processor.py:179} INFO - Processing /opt/airflow/dags/market_seg.py took 0.094 seconds
[2023-12-21T22:47:16.564+0000] {processor.py:157} INFO - Started process (PID=695) to work on /opt/airflow/dags/market_seg.py
[2023-12-21T22:47:16.565+0000] {processor.py:829} INFO - Processing file /opt/airflow/dags/market_seg.py for tasks to queue
[2023-12-21T22:47:16.566+0000] {logging_mixin.py:154} INFO - [2023-12-21T22:47:16.566+0000] {dagbag.py:536} INFO - Filling up the DagBag from /opt/airflow/dags/market_seg.py
[2023-12-21T22:47:16.598+0000] {processor.py:839} INFO - DAG(s) dict_keys(['market_segmentation-v01.remove_unnecessary_columns', 'market_segmentation-v01.remove_samples_with_nulls', 'market_segmentation-v01']) retrieved from /opt/airflow/dags/market_seg.py
[2023-12-21T22:47:16.615+0000] {logging_mixin.py:154} INFO - [2023-12-21T22:47:16.615+0000] {dag.py:2941} INFO - Sync 3 DAGs
[2023-12-21T22:47:16.628+0000] {logging_mixin.py:154} INFO - [2023-12-21T22:47:16.628+0000] {dag.py:3722} INFO - Setting next_dagrun for market_segmentation-v01 to None, run_after=None
[2023-12-21T22:47:16.630+0000] {logging_mixin.py:154} INFO - [2023-12-21T22:47:16.630+0000] {dag.py:3722} INFO - Setting next_dagrun for market_segmentation-v01.remove_samples_with_nulls to None, run_after=None
[2023-12-21T22:47:16.631+0000] {logging_mixin.py:154} INFO - [2023-12-21T22:47:16.631+0000] {dag.py:3722} INFO - Setting next_dagrun for market_segmentation-v01.remove_unnecessary_columns to None, run_after=None
[2023-12-21T22:47:16.635+0000] {logging_mixin.py:154} INFO - [2023-12-21T22:47:16.635+0000] {dag.py:2941} INFO - Sync 2 DAGs
[2023-12-21T22:47:16.637+0000] {logging_mixin.py:154} INFO - [2023-12-21T22:47:16.637+0000] {dag.py:3722} INFO - Setting next_dagrun for market_segmentation-v01.remove_samples_with_nulls to None, run_after=None
[2023-12-21T22:47:16.638+0000] {logging_mixin.py:154} INFO - [2023-12-21T22:47:16.638+0000] {dag.py:3722} INFO - Setting next_dagrun for market_segmentation-v01.remove_unnecessary_columns to None, run_after=None
[2023-12-21T22:47:16.643+0000] {processor.py:179} INFO - Processing /opt/airflow/dags/market_seg.py took 0.082 seconds
[2023-12-21T22:47:46.930+0000] {processor.py:157} INFO - Started process (PID=717) to work on /opt/airflow/dags/market_seg.py
[2023-12-21T22:47:46.931+0000] {processor.py:829} INFO - Processing file /opt/airflow/dags/market_seg.py for tasks to queue
[2023-12-21T22:47:46.932+0000] {logging_mixin.py:154} INFO - [2023-12-21T22:47:46.932+0000] {dagbag.py:536} INFO - Filling up the DagBag from /opt/airflow/dags/market_seg.py
[2023-12-21T22:47:46.958+0000] {processor.py:839} INFO - DAG(s) dict_keys(['market_segmentation-v01.remove_unnecessary_columns', 'market_segmentation-v01.remove_samples_with_nulls', 'market_segmentation-v01']) retrieved from /opt/airflow/dags/market_seg.py
[2023-12-21T22:47:46.975+0000] {logging_mixin.py:154} INFO - [2023-12-21T22:47:46.975+0000] {dag.py:2941} INFO - Sync 3 DAGs
[2023-12-21T22:47:46.989+0000] {logging_mixin.py:154} INFO - [2023-12-21T22:47:46.989+0000] {dag.py:3722} INFO - Setting next_dagrun for market_segmentation-v01 to None, run_after=None
[2023-12-21T22:47:46.991+0000] {logging_mixin.py:154} INFO - [2023-12-21T22:47:46.991+0000] {dag.py:3722} INFO - Setting next_dagrun for market_segmentation-v01.remove_samples_with_nulls to None, run_after=None
[2023-12-21T22:47:46.992+0000] {logging_mixin.py:154} INFO - [2023-12-21T22:47:46.992+0000] {dag.py:3722} INFO - Setting next_dagrun for market_segmentation-v01.remove_unnecessary_columns to None, run_after=None
[2023-12-21T22:47:46.996+0000] {logging_mixin.py:154} INFO - [2023-12-21T22:47:46.996+0000] {dag.py:2941} INFO - Sync 2 DAGs
[2023-12-21T22:47:46.999+0000] {logging_mixin.py:154} INFO - [2023-12-21T22:47:46.999+0000] {dag.py:3722} INFO - Setting next_dagrun for market_segmentation-v01.remove_samples_with_nulls to None, run_after=None
[2023-12-21T22:47:47.000+0000] {logging_mixin.py:154} INFO - [2023-12-21T22:47:47.000+0000] {dag.py:3722} INFO - Setting next_dagrun for market_segmentation-v01.remove_unnecessary_columns to None, run_after=None
[2023-12-21T22:47:47.005+0000] {processor.py:179} INFO - Processing /opt/airflow/dags/market_seg.py took 0.080 seconds
[2023-12-21T22:48:17.255+0000] {processor.py:157} INFO - Started process (PID=739) to work on /opt/airflow/dags/market_seg.py
[2023-12-21T22:48:17.257+0000] {processor.py:829} INFO - Processing file /opt/airflow/dags/market_seg.py for tasks to queue
[2023-12-21T22:48:17.259+0000] {logging_mixin.py:154} INFO - [2023-12-21T22:48:17.258+0000] {dagbag.py:536} INFO - Filling up the DagBag from /opt/airflow/dags/market_seg.py
[2023-12-21T22:48:17.297+0000] {processor.py:839} INFO - DAG(s) dict_keys(['market_segmentation-v01.remove_unnecessary_columns', 'market_segmentation-v01.remove_samples_with_nulls', 'market_segmentation-v01']) retrieved from /opt/airflow/dags/market_seg.py
[2023-12-21T22:48:17.312+0000] {logging_mixin.py:154} INFO - [2023-12-21T22:48:17.312+0000] {dag.py:2941} INFO - Sync 3 DAGs
[2023-12-21T22:48:17.322+0000] {logging_mixin.py:154} INFO - [2023-12-21T22:48:17.322+0000] {dag.py:3722} INFO - Setting next_dagrun for market_segmentation-v01 to None, run_after=None
[2023-12-21T22:48:17.324+0000] {logging_mixin.py:154} INFO - [2023-12-21T22:48:17.324+0000] {dag.py:3722} INFO - Setting next_dagrun for market_segmentation-v01.remove_samples_with_nulls to None, run_after=None
[2023-12-21T22:48:17.325+0000] {logging_mixin.py:154} INFO - [2023-12-21T22:48:17.325+0000] {dag.py:3722} INFO - Setting next_dagrun for market_segmentation-v01.remove_unnecessary_columns to None, run_after=None
[2023-12-21T22:48:17.328+0000] {logging_mixin.py:154} INFO - [2023-12-21T22:48:17.328+0000] {dag.py:2941} INFO - Sync 2 DAGs
[2023-12-21T22:48:17.331+0000] {logging_mixin.py:154} INFO - [2023-12-21T22:48:17.331+0000] {dag.py:3722} INFO - Setting next_dagrun for market_segmentation-v01.remove_samples_with_nulls to None, run_after=None
[2023-12-21T22:48:17.331+0000] {logging_mixin.py:154} INFO - [2023-12-21T22:48:17.331+0000] {dag.py:3722} INFO - Setting next_dagrun for market_segmentation-v01.remove_unnecessary_columns to None, run_after=None
[2023-12-21T22:48:17.336+0000] {processor.py:179} INFO - Processing /opt/airflow/dags/market_seg.py took 0.086 seconds
[2023-12-21T22:48:47.563+0000] {processor.py:157} INFO - Started process (PID=761) to work on /opt/airflow/dags/market_seg.py
[2023-12-21T22:48:47.564+0000] {processor.py:829} INFO - Processing file /opt/airflow/dags/market_seg.py for tasks to queue
[2023-12-21T22:48:47.565+0000] {logging_mixin.py:154} INFO - [2023-12-21T22:48:47.565+0000] {dagbag.py:536} INFO - Filling up the DagBag from /opt/airflow/dags/market_seg.py
[2023-12-21T22:48:47.598+0000] {processor.py:839} INFO - DAG(s) dict_keys(['market_segmentation-v01.remove_unnecessary_columns', 'market_segmentation-v01.remove_samples_with_nulls', 'market_segmentation-v01']) retrieved from /opt/airflow/dags/market_seg.py
[2023-12-21T22:48:47.617+0000] {logging_mixin.py:154} INFO - [2023-12-21T22:48:47.617+0000] {dag.py:2941} INFO - Sync 3 DAGs
[2023-12-21T22:48:47.630+0000] {logging_mixin.py:154} INFO - [2023-12-21T22:48:47.630+0000] {dag.py:3722} INFO - Setting next_dagrun for market_segmentation-v01 to None, run_after=None
[2023-12-21T22:48:47.633+0000] {logging_mixin.py:154} INFO - [2023-12-21T22:48:47.633+0000] {dag.py:3722} INFO - Setting next_dagrun for market_segmentation-v01.remove_samples_with_nulls to None, run_after=None
[2023-12-21T22:48:47.634+0000] {logging_mixin.py:154} INFO - [2023-12-21T22:48:47.634+0000] {dag.py:3722} INFO - Setting next_dagrun for market_segmentation-v01.remove_unnecessary_columns to None, run_after=None
[2023-12-21T22:48:47.638+0000] {logging_mixin.py:154} INFO - [2023-12-21T22:48:47.638+0000] {dag.py:2941} INFO - Sync 2 DAGs
[2023-12-21T22:48:47.641+0000] {logging_mixin.py:154} INFO - [2023-12-21T22:48:47.641+0000] {dag.py:3722} INFO - Setting next_dagrun for market_segmentation-v01.remove_samples_with_nulls to None, run_after=None
[2023-12-21T22:48:47.641+0000] {logging_mixin.py:154} INFO - [2023-12-21T22:48:47.641+0000] {dag.py:3722} INFO - Setting next_dagrun for market_segmentation-v01.remove_unnecessary_columns to None, run_after=None
[2023-12-21T22:48:47.646+0000] {processor.py:179} INFO - Processing /opt/airflow/dags/market_seg.py took 0.088 seconds
