[2023-12-12T17:44:00.912+0000] {processor.py:157} INFO - Started process (PID=201) to work on /opt/airflow/dags/create_star_schema_part_1.py
[2023-12-12T17:44:00.913+0000] {processor.py:829} INFO - Processing file /opt/airflow/dags/create_star_schema_part_1.py for tasks to queue
[2023-12-12T17:44:00.914+0000] {logging_mixin.py:154} INFO - [2023-12-12T17:44:00.913+0000] {dagbag.py:536} INFO - Filling up the DagBag from /opt/airflow/dags/create_star_schema_part_1.py
[2023-12-12T17:44:00.918+0000] {processor.py:841} WARNING - No viable dags retrieved from /opt/airflow/dags/create_star_schema_part_1.py
[2023-12-12T17:44:00.927+0000] {processor.py:179} INFO - Processing /opt/airflow/dags/create_star_schema_part_1.py took 0.017 seconds
[2023-12-12T17:44:31.545+0000] {processor.py:157} INFO - Started process (PID=253) to work on /opt/airflow/dags/create_star_schema_part_1.py
[2023-12-12T17:44:31.546+0000] {processor.py:829} INFO - Processing file /opt/airflow/dags/create_star_schema_part_1.py for tasks to queue
[2023-12-12T17:44:31.546+0000] {logging_mixin.py:154} INFO - [2023-12-12T17:44:31.546+0000] {dagbag.py:536} INFO - Filling up the DagBag from /opt/airflow/dags/create_star_schema_part_1.py
[2023-12-12T17:44:31.550+0000] {processor.py:841} WARNING - No viable dags retrieved from /opt/airflow/dags/create_star_schema_part_1.py
[2023-12-12T17:44:31.559+0000] {processor.py:179} INFO - Processing /opt/airflow/dags/create_star_schema_part_1.py took 0.016 seconds
[2023-12-12T17:45:02.167+0000] {processor.py:157} INFO - Started process (PID=305) to work on /opt/airflow/dags/create_star_schema_part_1.py
[2023-12-12T17:45:02.167+0000] {processor.py:829} INFO - Processing file /opt/airflow/dags/create_star_schema_part_1.py for tasks to queue
[2023-12-12T17:45:02.168+0000] {logging_mixin.py:154} INFO - [2023-12-12T17:45:02.168+0000] {dagbag.py:536} INFO - Filling up the DagBag from /opt/airflow/dags/create_star_schema_part_1.py
[2023-12-12T17:45:02.172+0000] {processor.py:841} WARNING - No viable dags retrieved from /opt/airflow/dags/create_star_schema_part_1.py
[2023-12-12T17:45:02.181+0000] {processor.py:179} INFO - Processing /opt/airflow/dags/create_star_schema_part_1.py took 0.017 seconds
[2023-12-12T17:45:32.758+0000] {processor.py:157} INFO - Started process (PID=357) to work on /opt/airflow/dags/create_star_schema_part_1.py
[2023-12-12T17:45:32.759+0000] {processor.py:829} INFO - Processing file /opt/airflow/dags/create_star_schema_part_1.py for tasks to queue
[2023-12-12T17:45:32.759+0000] {logging_mixin.py:154} INFO - [2023-12-12T17:45:32.759+0000] {dagbag.py:536} INFO - Filling up the DagBag from /opt/airflow/dags/create_star_schema_part_1.py
[2023-12-12T17:45:32.763+0000] {processor.py:841} WARNING - No viable dags retrieved from /opt/airflow/dags/create_star_schema_part_1.py
[2023-12-12T17:45:32.772+0000] {processor.py:179} INFO - Processing /opt/airflow/dags/create_star_schema_part_1.py took 0.016 seconds
[2023-12-12T17:46:03.381+0000] {processor.py:157} INFO - Started process (PID=409) to work on /opt/airflow/dags/create_star_schema_part_1.py
[2023-12-12T17:46:03.381+0000] {processor.py:829} INFO - Processing file /opt/airflow/dags/create_star_schema_part_1.py for tasks to queue
[2023-12-12T17:46:03.382+0000] {logging_mixin.py:154} INFO - [2023-12-12T17:46:03.382+0000] {dagbag.py:536} INFO - Filling up the DagBag from /opt/airflow/dags/create_star_schema_part_1.py
[2023-12-12T17:46:03.386+0000] {processor.py:841} WARNING - No viable dags retrieved from /opt/airflow/dags/create_star_schema_part_1.py
[2023-12-12T17:46:03.395+0000] {processor.py:179} INFO - Processing /opt/airflow/dags/create_star_schema_part_1.py took 0.016 seconds
[2023-12-12T17:46:33.982+0000] {processor.py:157} INFO - Started process (PID=461) to work on /opt/airflow/dags/create_star_schema_part_1.py
[2023-12-12T17:46:33.982+0000] {processor.py:829} INFO - Processing file /opt/airflow/dags/create_star_schema_part_1.py for tasks to queue
[2023-12-12T17:46:33.983+0000] {logging_mixin.py:154} INFO - [2023-12-12T17:46:33.983+0000] {dagbag.py:536} INFO - Filling up the DagBag from /opt/airflow/dags/create_star_schema_part_1.py
[2023-12-12T17:46:33.987+0000] {processor.py:841} WARNING - No viable dags retrieved from /opt/airflow/dags/create_star_schema_part_1.py
[2023-12-12T17:46:33.996+0000] {processor.py:179} INFO - Processing /opt/airflow/dags/create_star_schema_part_1.py took 0.017 seconds
[2023-12-12T17:47:04.637+0000] {processor.py:157} INFO - Started process (PID=513) to work on /opt/airflow/dags/create_star_schema_part_1.py
[2023-12-12T17:47:04.638+0000] {processor.py:829} INFO - Processing file /opt/airflow/dags/create_star_schema_part_1.py for tasks to queue
[2023-12-12T17:47:04.638+0000] {logging_mixin.py:154} INFO - [2023-12-12T17:47:04.638+0000] {dagbag.py:536} INFO - Filling up the DagBag from /opt/airflow/dags/create_star_schema_part_1.py
[2023-12-12T17:47:04.642+0000] {processor.py:841} WARNING - No viable dags retrieved from /opt/airflow/dags/create_star_schema_part_1.py
[2023-12-12T17:47:04.655+0000] {processor.py:179} INFO - Processing /opt/airflow/dags/create_star_schema_part_1.py took 0.016 seconds
[2023-12-12T17:47:35.273+0000] {processor.py:157} INFO - Started process (PID=565) to work on /opt/airflow/dags/create_star_schema_part_1.py
[2023-12-12T17:47:35.274+0000] {processor.py:829} INFO - Processing file /opt/airflow/dags/create_star_schema_part_1.py for tasks to queue
[2023-12-12T17:47:35.274+0000] {logging_mixin.py:154} INFO - [2023-12-12T17:47:35.274+0000] {dagbag.py:536} INFO - Filling up the DagBag from /opt/airflow/dags/create_star_schema_part_1.py
[2023-12-12T17:47:35.278+0000] {processor.py:841} WARNING - No viable dags retrieved from /opt/airflow/dags/create_star_schema_part_1.py
[2023-12-12T17:47:35.288+0000] {processor.py:179} INFO - Processing /opt/airflow/dags/create_star_schema_part_1.py took 0.016 seconds
[2023-12-12T17:48:05.917+0000] {processor.py:157} INFO - Started process (PID=617) to work on /opt/airflow/dags/create_star_schema_part_1.py
[2023-12-12T17:48:05.917+0000] {processor.py:829} INFO - Processing file /opt/airflow/dags/create_star_schema_part_1.py for tasks to queue
[2023-12-12T17:48:05.918+0000] {logging_mixin.py:154} INFO - [2023-12-12T17:48:05.918+0000] {dagbag.py:536} INFO - Filling up the DagBag from /opt/airflow/dags/create_star_schema_part_1.py
[2023-12-12T17:48:05.922+0000] {processor.py:841} WARNING - No viable dags retrieved from /opt/airflow/dags/create_star_schema_part_1.py
[2023-12-12T17:48:05.931+0000] {processor.py:179} INFO - Processing /opt/airflow/dags/create_star_schema_part_1.py took 0.016 seconds
[2023-12-12T17:48:36.594+0000] {processor.py:157} INFO - Started process (PID=669) to work on /opt/airflow/dags/create_star_schema_part_1.py
[2023-12-12T17:48:36.595+0000] {processor.py:829} INFO - Processing file /opt/airflow/dags/create_star_schema_part_1.py for tasks to queue
[2023-12-12T17:48:36.595+0000] {logging_mixin.py:154} INFO - [2023-12-12T17:48:36.595+0000] {dagbag.py:536} INFO - Filling up the DagBag from /opt/airflow/dags/create_star_schema_part_1.py
[2023-12-12T17:48:36.600+0000] {processor.py:841} WARNING - No viable dags retrieved from /opt/airflow/dags/create_star_schema_part_1.py
[2023-12-12T17:48:36.609+0000] {processor.py:179} INFO - Processing /opt/airflow/dags/create_star_schema_part_1.py took 0.016 seconds
[2023-12-12T17:49:07.339+0000] {processor.py:157} INFO - Started process (PID=721) to work on /opt/airflow/dags/create_star_schema_part_1.py
[2023-12-12T17:49:07.340+0000] {processor.py:829} INFO - Processing file /opt/airflow/dags/create_star_schema_part_1.py for tasks to queue
[2023-12-12T17:49:07.340+0000] {logging_mixin.py:154} INFO - [2023-12-12T17:49:07.340+0000] {dagbag.py:536} INFO - Filling up the DagBag from /opt/airflow/dags/create_star_schema_part_1.py
[2023-12-12T17:49:07.344+0000] {processor.py:841} WARNING - No viable dags retrieved from /opt/airflow/dags/create_star_schema_part_1.py
[2023-12-12T17:49:07.353+0000] {processor.py:179} INFO - Processing /opt/airflow/dags/create_star_schema_part_1.py took 0.016 seconds
[2023-12-12T17:49:38.053+0000] {processor.py:157} INFO - Started process (PID=773) to work on /opt/airflow/dags/create_star_schema_part_1.py
[2023-12-12T17:49:38.054+0000] {processor.py:829} INFO - Processing file /opt/airflow/dags/create_star_schema_part_1.py for tasks to queue
[2023-12-12T17:49:38.055+0000] {logging_mixin.py:154} INFO - [2023-12-12T17:49:38.054+0000] {dagbag.py:536} INFO - Filling up the DagBag from /opt/airflow/dags/create_star_schema_part_1.py
[2023-12-12T17:49:38.058+0000] {processor.py:841} WARNING - No viable dags retrieved from /opt/airflow/dags/create_star_schema_part_1.py
[2023-12-12T17:49:38.068+0000] {processor.py:179} INFO - Processing /opt/airflow/dags/create_star_schema_part_1.py took 0.016 seconds
[2023-12-12T17:50:08.729+0000] {processor.py:157} INFO - Started process (PID=825) to work on /opt/airflow/dags/create_star_schema_part_1.py
[2023-12-12T17:50:08.730+0000] {processor.py:829} INFO - Processing file /opt/airflow/dags/create_star_schema_part_1.py for tasks to queue
[2023-12-12T17:50:08.730+0000] {logging_mixin.py:154} INFO - [2023-12-12T17:50:08.730+0000] {dagbag.py:536} INFO - Filling up the DagBag from /opt/airflow/dags/create_star_schema_part_1.py
[2023-12-12T17:50:08.734+0000] {processor.py:841} WARNING - No viable dags retrieved from /opt/airflow/dags/create_star_schema_part_1.py
[2023-12-12T17:50:08.743+0000] {processor.py:179} INFO - Processing /opt/airflow/dags/create_star_schema_part_1.py took 0.016 seconds
[2023-12-12T17:50:39.469+0000] {processor.py:157} INFO - Started process (PID=877) to work on /opt/airflow/dags/create_star_schema_part_1.py
[2023-12-12T17:50:39.470+0000] {processor.py:829} INFO - Processing file /opt/airflow/dags/create_star_schema_part_1.py for tasks to queue
[2023-12-12T17:50:39.470+0000] {logging_mixin.py:154} INFO - [2023-12-12T17:50:39.470+0000] {dagbag.py:536} INFO - Filling up the DagBag from /opt/airflow/dags/create_star_schema_part_1.py
[2023-12-12T17:50:39.474+0000] {processor.py:841} WARNING - No viable dags retrieved from /opt/airflow/dags/create_star_schema_part_1.py
[2023-12-12T17:50:39.484+0000] {processor.py:179} INFO - Processing /opt/airflow/dags/create_star_schema_part_1.py took 0.016 seconds
[2023-12-12T17:51:10.056+0000] {processor.py:157} INFO - Started process (PID=929) to work on /opt/airflow/dags/create_star_schema_part_1.py
[2023-12-12T17:51:10.057+0000] {processor.py:829} INFO - Processing file /opt/airflow/dags/create_star_schema_part_1.py for tasks to queue
[2023-12-12T17:51:10.057+0000] {logging_mixin.py:154} INFO - [2023-12-12T17:51:10.057+0000] {dagbag.py:536} INFO - Filling up the DagBag from /opt/airflow/dags/create_star_schema_part_1.py
[2023-12-12T17:51:10.062+0000] {processor.py:841} WARNING - No viable dags retrieved from /opt/airflow/dags/create_star_schema_part_1.py
[2023-12-12T17:51:10.074+0000] {processor.py:179} INFO - Processing /opt/airflow/dags/create_star_schema_part_1.py took 0.021 seconds
[2023-12-12T17:51:40.657+0000] {processor.py:157} INFO - Started process (PID=981) to work on /opt/airflow/dags/create_star_schema_part_1.py
[2023-12-12T17:51:40.657+0000] {processor.py:829} INFO - Processing file /opt/airflow/dags/create_star_schema_part_1.py for tasks to queue
[2023-12-12T17:51:40.658+0000] {logging_mixin.py:154} INFO - [2023-12-12T17:51:40.658+0000] {dagbag.py:536} INFO - Filling up the DagBag from /opt/airflow/dags/create_star_schema_part_1.py
[2023-12-12T17:51:40.662+0000] {processor.py:841} WARNING - No viable dags retrieved from /opt/airflow/dags/create_star_schema_part_1.py
[2023-12-12T17:51:40.672+0000] {processor.py:179} INFO - Processing /opt/airflow/dags/create_star_schema_part_1.py took 0.017 seconds
[2023-12-12T17:52:11.216+0000] {processor.py:157} INFO - Started process (PID=1087) to work on /opt/airflow/dags/create_star_schema_part_1.py
[2023-12-12T17:52:11.217+0000] {processor.py:829} INFO - Processing file /opt/airflow/dags/create_star_schema_part_1.py for tasks to queue
[2023-12-12T17:52:11.217+0000] {logging_mixin.py:154} INFO - [2023-12-12T17:52:11.217+0000] {dagbag.py:536} INFO - Filling up the DagBag from /opt/airflow/dags/create_star_schema_part_1.py
[2023-12-12T17:52:11.222+0000] {processor.py:841} WARNING - No viable dags retrieved from /opt/airflow/dags/create_star_schema_part_1.py
[2023-12-12T17:52:11.231+0000] {processor.py:179} INFO - Processing /opt/airflow/dags/create_star_schema_part_1.py took 0.016 seconds
[2023-12-12T17:52:41.864+0000] {processor.py:157} INFO - Started process (PID=1139) to work on /opt/airflow/dags/create_star_schema_part_1.py
[2023-12-12T17:52:41.864+0000] {processor.py:829} INFO - Processing file /opt/airflow/dags/create_star_schema_part_1.py for tasks to queue
[2023-12-12T17:52:41.865+0000] {logging_mixin.py:154} INFO - [2023-12-12T17:52:41.865+0000] {dagbag.py:536} INFO - Filling up the DagBag from /opt/airflow/dags/create_star_schema_part_1.py
[2023-12-12T17:52:41.869+0000] {processor.py:841} WARNING - No viable dags retrieved from /opt/airflow/dags/create_star_schema_part_1.py
[2023-12-12T17:52:41.878+0000] {processor.py:179} INFO - Processing /opt/airflow/dags/create_star_schema_part_1.py took 0.016 seconds
[2023-12-12T17:53:12.477+0000] {processor.py:157} INFO - Started process (PID=1215) to work on /opt/airflow/dags/create_star_schema_part_1.py
[2023-12-12T17:53:12.478+0000] {processor.py:829} INFO - Processing file /opt/airflow/dags/create_star_schema_part_1.py for tasks to queue
[2023-12-12T17:53:12.478+0000] {logging_mixin.py:154} INFO - [2023-12-12T17:53:12.478+0000] {dagbag.py:536} INFO - Filling up the DagBag from /opt/airflow/dags/create_star_schema_part_1.py
[2023-12-12T17:53:12.482+0000] {processor.py:841} WARNING - No viable dags retrieved from /opt/airflow/dags/create_star_schema_part_1.py
[2023-12-12T17:53:12.492+0000] {processor.py:179} INFO - Processing /opt/airflow/dags/create_star_schema_part_1.py took 0.016 seconds
[2023-12-12T17:53:43.051+0000] {processor.py:157} INFO - Started process (PID=1267) to work on /opt/airflow/dags/create_star_schema_part_1.py
[2023-12-12T17:53:43.052+0000] {processor.py:829} INFO - Processing file /opt/airflow/dags/create_star_schema_part_1.py for tasks to queue
[2023-12-12T17:53:43.052+0000] {logging_mixin.py:154} INFO - [2023-12-12T17:53:43.052+0000] {dagbag.py:536} INFO - Filling up the DagBag from /opt/airflow/dags/create_star_schema_part_1.py
[2023-12-12T17:53:43.056+0000] {processor.py:841} WARNING - No viable dags retrieved from /opt/airflow/dags/create_star_schema_part_1.py
[2023-12-12T17:53:43.066+0000] {processor.py:179} INFO - Processing /opt/airflow/dags/create_star_schema_part_1.py took 0.017 seconds
[2023-12-12T17:54:13.765+0000] {processor.py:157} INFO - Started process (PID=1319) to work on /opt/airflow/dags/create_star_schema_part_1.py
[2023-12-12T17:54:13.766+0000] {processor.py:829} INFO - Processing file /opt/airflow/dags/create_star_schema_part_1.py for tasks to queue
[2023-12-12T17:54:13.767+0000] {logging_mixin.py:154} INFO - [2023-12-12T17:54:13.766+0000] {dagbag.py:536} INFO - Filling up the DagBag from /opt/airflow/dags/create_star_schema_part_1.py
[2023-12-12T17:54:13.771+0000] {processor.py:841} WARNING - No viable dags retrieved from /opt/airflow/dags/create_star_schema_part_1.py
[2023-12-12T17:54:13.780+0000] {processor.py:179} INFO - Processing /opt/airflow/dags/create_star_schema_part_1.py took 0.017 seconds
[2023-12-12T17:54:44.401+0000] {processor.py:157} INFO - Started process (PID=1371) to work on /opt/airflow/dags/create_star_schema_part_1.py
[2023-12-12T17:54:44.401+0000] {processor.py:829} INFO - Processing file /opt/airflow/dags/create_star_schema_part_1.py for tasks to queue
[2023-12-12T17:54:44.402+0000] {logging_mixin.py:154} INFO - [2023-12-12T17:54:44.402+0000] {dagbag.py:536} INFO - Filling up the DagBag from /opt/airflow/dags/create_star_schema_part_1.py
[2023-12-12T17:54:44.406+0000] {processor.py:841} WARNING - No viable dags retrieved from /opt/airflow/dags/create_star_schema_part_1.py
[2023-12-12T17:54:44.415+0000] {processor.py:179} INFO - Processing /opt/airflow/dags/create_star_schema_part_1.py took 0.016 seconds
[2023-12-12T17:55:15.033+0000] {processor.py:157} INFO - Started process (PID=1429) to work on /opt/airflow/dags/create_star_schema_part_1.py
[2023-12-12T17:55:15.033+0000] {processor.py:829} INFO - Processing file /opt/airflow/dags/create_star_schema_part_1.py for tasks to queue
[2023-12-12T17:55:15.034+0000] {logging_mixin.py:154} INFO - [2023-12-12T17:55:15.034+0000] {dagbag.py:536} INFO - Filling up the DagBag from /opt/airflow/dags/create_star_schema_part_1.py
[2023-12-12T17:55:15.038+0000] {processor.py:841} WARNING - No viable dags retrieved from /opt/airflow/dags/create_star_schema_part_1.py
[2023-12-12T17:55:15.048+0000] {processor.py:179} INFO - Processing /opt/airflow/dags/create_star_schema_part_1.py took 0.017 seconds
[2023-12-12T17:55:45.665+0000] {processor.py:157} INFO - Started process (PID=1481) to work on /opt/airflow/dags/create_star_schema_part_1.py
[2023-12-12T17:55:45.666+0000] {processor.py:829} INFO - Processing file /opt/airflow/dags/create_star_schema_part_1.py for tasks to queue
[2023-12-12T17:55:45.667+0000] {logging_mixin.py:154} INFO - [2023-12-12T17:55:45.667+0000] {dagbag.py:536} INFO - Filling up the DagBag from /opt/airflow/dags/create_star_schema_part_1.py
[2023-12-12T17:55:45.671+0000] {processor.py:841} WARNING - No viable dags retrieved from /opt/airflow/dags/create_star_schema_part_1.py
[2023-12-12T17:55:45.680+0000] {processor.py:179} INFO - Processing /opt/airflow/dags/create_star_schema_part_1.py took 0.017 seconds
[2023-12-12T17:56:16.227+0000] {processor.py:157} INFO - Started process (PID=1537) to work on /opt/airflow/dags/create_star_schema_part_1.py
[2023-12-12T17:56:16.228+0000] {processor.py:829} INFO - Processing file /opt/airflow/dags/create_star_schema_part_1.py for tasks to queue
[2023-12-12T17:56:16.229+0000] {logging_mixin.py:154} INFO - [2023-12-12T17:56:16.228+0000] {dagbag.py:536} INFO - Filling up the DagBag from /opt/airflow/dags/create_star_schema_part_1.py
[2023-12-12T17:56:16.233+0000] {processor.py:841} WARNING - No viable dags retrieved from /opt/airflow/dags/create_star_schema_part_1.py
[2023-12-12T17:56:16.242+0000] {processor.py:179} INFO - Processing /opt/airflow/dags/create_star_schema_part_1.py took 0.017 seconds
[2023-12-12T17:56:46.847+0000] {processor.py:157} INFO - Started process (PID=1589) to work on /opt/airflow/dags/create_star_schema_part_1.py
[2023-12-12T17:56:46.847+0000] {processor.py:829} INFO - Processing file /opt/airflow/dags/create_star_schema_part_1.py for tasks to queue
[2023-12-12T17:56:46.848+0000] {logging_mixin.py:154} INFO - [2023-12-12T17:56:46.848+0000] {dagbag.py:536} INFO - Filling up the DagBag from /opt/airflow/dags/create_star_schema_part_1.py
[2023-12-12T17:56:46.852+0000] {processor.py:841} WARNING - No viable dags retrieved from /opt/airflow/dags/create_star_schema_part_1.py
[2023-12-12T17:56:46.861+0000] {processor.py:179} INFO - Processing /opt/airflow/dags/create_star_schema_part_1.py took 0.016 seconds
[2023-12-12T17:57:17.468+0000] {processor.py:157} INFO - Started process (PID=1645) to work on /opt/airflow/dags/create_star_schema_part_1.py
[2023-12-12T17:57:17.469+0000] {processor.py:829} INFO - Processing file /opt/airflow/dags/create_star_schema_part_1.py for tasks to queue
[2023-12-12T17:57:17.469+0000] {logging_mixin.py:154} INFO - [2023-12-12T17:57:17.469+0000] {dagbag.py:536} INFO - Filling up the DagBag from /opt/airflow/dags/create_star_schema_part_1.py
[2023-12-12T17:57:17.473+0000] {processor.py:841} WARNING - No viable dags retrieved from /opt/airflow/dags/create_star_schema_part_1.py
[2023-12-12T17:57:17.482+0000] {processor.py:179} INFO - Processing /opt/airflow/dags/create_star_schema_part_1.py took 0.016 seconds
[2023-12-12T17:57:48.089+0000] {processor.py:157} INFO - Started process (PID=1697) to work on /opt/airflow/dags/create_star_schema_part_1.py
[2023-12-12T17:57:48.089+0000] {processor.py:829} INFO - Processing file /opt/airflow/dags/create_star_schema_part_1.py for tasks to queue
[2023-12-12T17:57:48.090+0000] {logging_mixin.py:154} INFO - [2023-12-12T17:57:48.090+0000] {dagbag.py:536} INFO - Filling up the DagBag from /opt/airflow/dags/create_star_schema_part_1.py
[2023-12-12T17:57:48.094+0000] {processor.py:841} WARNING - No viable dags retrieved from /opt/airflow/dags/create_star_schema_part_1.py
[2023-12-12T17:57:48.103+0000] {processor.py:179} INFO - Processing /opt/airflow/dags/create_star_schema_part_1.py took 0.016 seconds
[2023-12-12T17:58:18.677+0000] {processor.py:157} INFO - Started process (PID=1757) to work on /opt/airflow/dags/create_star_schema_part_1.py
[2023-12-12T17:58:18.678+0000] {processor.py:829} INFO - Processing file /opt/airflow/dags/create_star_schema_part_1.py for tasks to queue
[2023-12-12T17:58:18.679+0000] {logging_mixin.py:154} INFO - [2023-12-12T17:58:18.679+0000] {dagbag.py:536} INFO - Filling up the DagBag from /opt/airflow/dags/create_star_schema_part_1.py
[2023-12-12T17:58:18.683+0000] {processor.py:841} WARNING - No viable dags retrieved from /opt/airflow/dags/create_star_schema_part_1.py
[2023-12-12T17:58:18.693+0000] {processor.py:179} INFO - Processing /opt/airflow/dags/create_star_schema_part_1.py took 0.018 seconds
[2023-12-12T17:58:49.291+0000] {processor.py:157} INFO - Started process (PID=1809) to work on /opt/airflow/dags/create_star_schema_part_1.py
[2023-12-12T17:58:49.292+0000] {processor.py:829} INFO - Processing file /opt/airflow/dags/create_star_schema_part_1.py for tasks to queue
[2023-12-12T17:58:49.292+0000] {logging_mixin.py:154} INFO - [2023-12-12T17:58:49.292+0000] {dagbag.py:536} INFO - Filling up the DagBag from /opt/airflow/dags/create_star_schema_part_1.py
[2023-12-12T17:58:49.296+0000] {processor.py:841} WARNING - No viable dags retrieved from /opt/airflow/dags/create_star_schema_part_1.py
[2023-12-12T17:58:49.306+0000] {processor.py:179} INFO - Processing /opt/airflow/dags/create_star_schema_part_1.py took 0.016 seconds
[2023-12-12T17:59:20.077+0000] {processor.py:157} INFO - Started process (PID=1897) to work on /opt/airflow/dags/create_star_schema_part_1.py
[2023-12-12T17:59:20.077+0000] {processor.py:829} INFO - Processing file /opt/airflow/dags/create_star_schema_part_1.py for tasks to queue
[2023-12-12T17:59:20.078+0000] {logging_mixin.py:154} INFO - [2023-12-12T17:59:20.078+0000] {dagbag.py:536} INFO - Filling up the DagBag from /opt/airflow/dags/create_star_schema_part_1.py
[2023-12-12T17:59:20.082+0000] {processor.py:841} WARNING - No viable dags retrieved from /opt/airflow/dags/create_star_schema_part_1.py
[2023-12-12T17:59:20.091+0000] {processor.py:179} INFO - Processing /opt/airflow/dags/create_star_schema_part_1.py took 0.016 seconds
[2023-12-12T17:59:50.693+0000] {processor.py:157} INFO - Started process (PID=1949) to work on /opt/airflow/dags/create_star_schema_part_1.py
[2023-12-12T17:59:50.694+0000] {processor.py:829} INFO - Processing file /opt/airflow/dags/create_star_schema_part_1.py for tasks to queue
[2023-12-12T17:59:50.694+0000] {logging_mixin.py:154} INFO - [2023-12-12T17:59:50.694+0000] {dagbag.py:536} INFO - Filling up the DagBag from /opt/airflow/dags/create_star_schema_part_1.py
[2023-12-12T17:59:50.699+0000] {processor.py:841} WARNING - No viable dags retrieved from /opt/airflow/dags/create_star_schema_part_1.py
[2023-12-12T17:59:50.708+0000] {processor.py:179} INFO - Processing /opt/airflow/dags/create_star_schema_part_1.py took 0.017 seconds
[2023-12-12T18:00:21.160+0000] {processor.py:157} INFO - Started process (PID=2037) to work on /opt/airflow/dags/create_star_schema_part_1.py
[2023-12-12T18:00:21.160+0000] {processor.py:829} INFO - Processing file /opt/airflow/dags/create_star_schema_part_1.py for tasks to queue
[2023-12-12T18:00:21.161+0000] {logging_mixin.py:154} INFO - [2023-12-12T18:00:21.161+0000] {dagbag.py:536} INFO - Filling up the DagBag from /opt/airflow/dags/create_star_schema_part_1.py
[2023-12-12T18:00:21.165+0000] {processor.py:841} WARNING - No viable dags retrieved from /opt/airflow/dags/create_star_schema_part_1.py
[2023-12-12T18:00:21.174+0000] {processor.py:179} INFO - Processing /opt/airflow/dags/create_star_schema_part_1.py took 0.017 seconds
[2023-12-12T18:00:51.673+0000] {processor.py:157} INFO - Started process (PID=2089) to work on /opt/airflow/dags/create_star_schema_part_1.py
[2023-12-12T18:00:51.673+0000] {processor.py:829} INFO - Processing file /opt/airflow/dags/create_star_schema_part_1.py for tasks to queue
[2023-12-12T18:00:51.674+0000] {logging_mixin.py:154} INFO - [2023-12-12T18:00:51.674+0000] {dagbag.py:536} INFO - Filling up the DagBag from /opt/airflow/dags/create_star_schema_part_1.py
[2023-12-12T18:00:51.678+0000] {processor.py:841} WARNING - No viable dags retrieved from /opt/airflow/dags/create_star_schema_part_1.py
[2023-12-12T18:00:51.688+0000] {processor.py:179} INFO - Processing /opt/airflow/dags/create_star_schema_part_1.py took 0.018 seconds
[2023-12-12T18:01:22.254+0000] {processor.py:157} INFO - Started process (PID=2141) to work on /opt/airflow/dags/create_star_schema_part_1.py
[2023-12-12T18:01:22.254+0000] {processor.py:829} INFO - Processing file /opt/airflow/dags/create_star_schema_part_1.py for tasks to queue
[2023-12-12T18:01:22.255+0000] {logging_mixin.py:154} INFO - [2023-12-12T18:01:22.255+0000] {dagbag.py:536} INFO - Filling up the DagBag from /opt/airflow/dags/create_star_schema_part_1.py
[2023-12-12T18:01:22.259+0000] {processor.py:841} WARNING - No viable dags retrieved from /opt/airflow/dags/create_star_schema_part_1.py
[2023-12-12T18:01:22.269+0000] {processor.py:179} INFO - Processing /opt/airflow/dags/create_star_schema_part_1.py took 0.017 seconds
[2023-12-12T18:01:52.782+0000] {processor.py:157} INFO - Started process (PID=2193) to work on /opt/airflow/dags/create_star_schema_part_1.py
[2023-12-12T18:01:52.782+0000] {processor.py:829} INFO - Processing file /opt/airflow/dags/create_star_schema_part_1.py for tasks to queue
[2023-12-12T18:01:52.783+0000] {logging_mixin.py:154} INFO - [2023-12-12T18:01:52.783+0000] {dagbag.py:536} INFO - Filling up the DagBag from /opt/airflow/dags/create_star_schema_part_1.py
[2023-12-12T18:01:52.787+0000] {processor.py:841} WARNING - No viable dags retrieved from /opt/airflow/dags/create_star_schema_part_1.py
[2023-12-12T18:01:52.797+0000] {processor.py:179} INFO - Processing /opt/airflow/dags/create_star_schema_part_1.py took 0.017 seconds
[2023-12-12T18:02:23.374+0000] {processor.py:157} INFO - Started process (PID=2245) to work on /opt/airflow/dags/create_star_schema_part_1.py
[2023-12-12T18:02:23.375+0000] {processor.py:829} INFO - Processing file /opt/airflow/dags/create_star_schema_part_1.py for tasks to queue
[2023-12-12T18:02:23.376+0000] {logging_mixin.py:154} INFO - [2023-12-12T18:02:23.375+0000] {dagbag.py:536} INFO - Filling up the DagBag from /opt/airflow/dags/create_star_schema_part_1.py
[2023-12-12T18:02:23.380+0000] {processor.py:841} WARNING - No viable dags retrieved from /opt/airflow/dags/create_star_schema_part_1.py
[2023-12-12T18:02:23.393+0000] {processor.py:179} INFO - Processing /opt/airflow/dags/create_star_schema_part_1.py took 0.022 seconds
[2023-12-12T18:02:53.937+0000] {processor.py:157} INFO - Started process (PID=2297) to work on /opt/airflow/dags/create_star_schema_part_1.py
[2023-12-12T18:02:53.938+0000] {processor.py:829} INFO - Processing file /opt/airflow/dags/create_star_schema_part_1.py for tasks to queue
[2023-12-12T18:02:53.939+0000] {logging_mixin.py:154} INFO - [2023-12-12T18:02:53.939+0000] {dagbag.py:536} INFO - Filling up the DagBag from /opt/airflow/dags/create_star_schema_part_1.py
[2023-12-12T18:02:53.943+0000] {processor.py:841} WARNING - No viable dags retrieved from /opt/airflow/dags/create_star_schema_part_1.py
[2023-12-12T18:02:53.953+0000] {processor.py:179} INFO - Processing /opt/airflow/dags/create_star_schema_part_1.py took 0.018 seconds
[2023-12-12T18:03:24.555+0000] {processor.py:157} INFO - Started process (PID=2349) to work on /opt/airflow/dags/create_star_schema_part_1.py
[2023-12-12T18:03:24.555+0000] {processor.py:829} INFO - Processing file /opt/airflow/dags/create_star_schema_part_1.py for tasks to queue
[2023-12-12T18:03:24.557+0000] {logging_mixin.py:154} INFO - [2023-12-12T18:03:24.557+0000] {dagbag.py:536} INFO - Filling up the DagBag from /opt/airflow/dags/create_star_schema_part_1.py
[2023-12-12T18:03:24.562+0000] {processor.py:841} WARNING - No viable dags retrieved from /opt/airflow/dags/create_star_schema_part_1.py
[2023-12-12T18:03:24.574+0000] {processor.py:179} INFO - Processing /opt/airflow/dags/create_star_schema_part_1.py took 0.023 seconds
[2023-12-12T18:03:55.136+0000] {processor.py:157} INFO - Started process (PID=2401) to work on /opt/airflow/dags/create_star_schema_part_1.py
[2023-12-12T18:03:55.137+0000] {processor.py:829} INFO - Processing file /opt/airflow/dags/create_star_schema_part_1.py for tasks to queue
[2023-12-12T18:03:55.138+0000] {logging_mixin.py:154} INFO - [2023-12-12T18:03:55.137+0000] {dagbag.py:536} INFO - Filling up the DagBag from /opt/airflow/dags/create_star_schema_part_1.py
[2023-12-12T18:03:55.142+0000] {processor.py:841} WARNING - No viable dags retrieved from /opt/airflow/dags/create_star_schema_part_1.py
[2023-12-12T18:03:55.151+0000] {processor.py:179} INFO - Processing /opt/airflow/dags/create_star_schema_part_1.py took 0.017 seconds
[2023-12-12T18:04:25.780+0000] {processor.py:157} INFO - Started process (PID=2455) to work on /opt/airflow/dags/create_star_schema_part_1.py
[2023-12-12T18:04:25.780+0000] {processor.py:829} INFO - Processing file /opt/airflow/dags/create_star_schema_part_1.py for tasks to queue
[2023-12-12T18:04:25.781+0000] {logging_mixin.py:154} INFO - [2023-12-12T18:04:25.781+0000] {dagbag.py:536} INFO - Filling up the DagBag from /opt/airflow/dags/create_star_schema_part_1.py
[2023-12-12T18:04:25.785+0000] {processor.py:841} WARNING - No viable dags retrieved from /opt/airflow/dags/create_star_schema_part_1.py
[2023-12-12T18:04:25.795+0000] {processor.py:179} INFO - Processing /opt/airflow/dags/create_star_schema_part_1.py took 0.017 seconds
[2023-12-12T18:04:56.404+0000] {processor.py:157} INFO - Started process (PID=2507) to work on /opt/airflow/dags/create_star_schema_part_1.py
[2023-12-12T18:04:56.404+0000] {processor.py:829} INFO - Processing file /opt/airflow/dags/create_star_schema_part_1.py for tasks to queue
[2023-12-12T18:04:56.405+0000] {logging_mixin.py:154} INFO - [2023-12-12T18:04:56.405+0000] {dagbag.py:536} INFO - Filling up the DagBag from /opt/airflow/dags/create_star_schema_part_1.py
[2023-12-12T18:04:56.409+0000] {processor.py:841} WARNING - No viable dags retrieved from /opt/airflow/dags/create_star_schema_part_1.py
[2023-12-12T18:04:56.418+0000] {processor.py:179} INFO - Processing /opt/airflow/dags/create_star_schema_part_1.py took 0.016 seconds
[2023-12-12T18:05:26.974+0000] {processor.py:157} INFO - Started process (PID=2595) to work on /opt/airflow/dags/create_star_schema_part_1.py
[2023-12-12T18:05:26.974+0000] {processor.py:829} INFO - Processing file /opt/airflow/dags/create_star_schema_part_1.py for tasks to queue
[2023-12-12T18:05:26.975+0000] {logging_mixin.py:154} INFO - [2023-12-12T18:05:26.974+0000] {dagbag.py:536} INFO - Filling up the DagBag from /opt/airflow/dags/create_star_schema_part_1.py
[2023-12-12T18:05:26.979+0000] {processor.py:841} WARNING - No viable dags retrieved from /opt/airflow/dags/create_star_schema_part_1.py
[2023-12-12T18:05:26.988+0000] {processor.py:179} INFO - Processing /opt/airflow/dags/create_star_schema_part_1.py took 0.016 seconds
[2023-12-12T18:05:57.622+0000] {processor.py:157} INFO - Started process (PID=2654) to work on /opt/airflow/dags/create_star_schema_part_1.py
[2023-12-12T18:05:57.623+0000] {processor.py:829} INFO - Processing file /opt/airflow/dags/create_star_schema_part_1.py for tasks to queue
[2023-12-12T18:05:57.623+0000] {logging_mixin.py:154} INFO - [2023-12-12T18:05:57.623+0000] {dagbag.py:536} INFO - Filling up the DagBag from /opt/airflow/dags/create_star_schema_part_1.py
[2023-12-12T18:05:57.627+0000] {processor.py:841} WARNING - No viable dags retrieved from /opt/airflow/dags/create_star_schema_part_1.py
[2023-12-12T18:05:57.637+0000] {processor.py:179} INFO - Processing /opt/airflow/dags/create_star_schema_part_1.py took 0.016 seconds
[2023-12-12T18:06:28.200+0000] {processor.py:157} INFO - Started process (PID=2706) to work on /opt/airflow/dags/create_star_schema_part_1.py
[2023-12-12T18:06:28.201+0000] {processor.py:829} INFO - Processing file /opt/airflow/dags/create_star_schema_part_1.py for tasks to queue
[2023-12-12T18:06:28.201+0000] {logging_mixin.py:154} INFO - [2023-12-12T18:06:28.201+0000] {dagbag.py:536} INFO - Filling up the DagBag from /opt/airflow/dags/create_star_schema_part_1.py
[2023-12-12T18:06:28.206+0000] {processor.py:841} WARNING - No viable dags retrieved from /opt/airflow/dags/create_star_schema_part_1.py
[2023-12-12T18:06:28.215+0000] {processor.py:179} INFO - Processing /opt/airflow/dags/create_star_schema_part_1.py took 0.017 seconds
[2023-12-12T18:06:58.844+0000] {processor.py:157} INFO - Started process (PID=2758) to work on /opt/airflow/dags/create_star_schema_part_1.py
[2023-12-12T18:06:58.844+0000] {processor.py:829} INFO - Processing file /opt/airflow/dags/create_star_schema_part_1.py for tasks to queue
[2023-12-12T18:06:58.845+0000] {logging_mixin.py:154} INFO - [2023-12-12T18:06:58.845+0000] {dagbag.py:536} INFO - Filling up the DagBag from /opt/airflow/dags/create_star_schema_part_1.py
[2023-12-12T18:06:58.849+0000] {processor.py:841} WARNING - No viable dags retrieved from /opt/airflow/dags/create_star_schema_part_1.py
[2023-12-12T18:06:58.859+0000] {processor.py:179} INFO - Processing /opt/airflow/dags/create_star_schema_part_1.py took 0.017 seconds
[2023-12-12T18:07:29.502+0000] {processor.py:157} INFO - Started process (PID=2810) to work on /opt/airflow/dags/create_star_schema_part_1.py
[2023-12-12T18:07:29.503+0000] {processor.py:829} INFO - Processing file /opt/airflow/dags/create_star_schema_part_1.py for tasks to queue
[2023-12-12T18:07:29.503+0000] {logging_mixin.py:154} INFO - [2023-12-12T18:07:29.503+0000] {dagbag.py:536} INFO - Filling up the DagBag from /opt/airflow/dags/create_star_schema_part_1.py
[2023-12-12T18:07:29.507+0000] {processor.py:841} WARNING - No viable dags retrieved from /opt/airflow/dags/create_star_schema_part_1.py
[2023-12-12T18:07:29.517+0000] {processor.py:179} INFO - Processing /opt/airflow/dags/create_star_schema_part_1.py took 0.017 seconds
