[2023-12-11T03:20:45.452+0000] {taskinstance.py:1159} INFO - Dependencies all met for dep_context=non-requeueable deps ti=<TaskInstance: Healthcare_Insurance-v01.insert_fk_into_fact_table.insert_fk_col_in_fact_table_smoker scheduled__2023-12-01T00:00:00+00:00 [queued]>
[2023-12-11T03:20:45.457+0000] {taskinstance.py:1159} INFO - Dependencies all met for dep_context=requeueable deps ti=<TaskInstance: Healthcare_Insurance-v01.insert_fk_into_fact_table.insert_fk_col_in_fact_table_smoker scheduled__2023-12-01T00:00:00+00:00 [queued]>
[2023-12-11T03:20:45.457+0000] {taskinstance.py:1361} INFO - Starting attempt 1 of 6
[2023-12-11T03:20:45.464+0000] {taskinstance.py:1382} INFO - Executing <Task(PostgresOperator): insert_fk_col_in_fact_table_smoker> on 2023-12-01 00:00:00+00:00
[2023-12-11T03:20:45.467+0000] {standard_task_runner.py:57} INFO - Started process 496 to run task
[2023-12-11T03:20:45.470+0000] {standard_task_runner.py:84} INFO - Running: ['***', 'tasks', 'run', 'Healthcare_Insurance-v01.insert_fk_into_fact_table', 'insert_fk_col_in_fact_table_smoker', 'scheduled__2023-12-01T00:00:00+00:00', '--job-id', '13', '--raw', '--subdir', 'DAGS_FOLDER/Healthcare_Insurance.py', '--cfg-path', '/tmp/tmpc7m5xkmb']
[2023-12-11T03:20:45.472+0000] {standard_task_runner.py:85} INFO - Job 13: Subtask insert_fk_col_in_fact_table_smoker
[2023-12-11T03:20:45.511+0000] {task_command.py:416} INFO - Running <TaskInstance: Healthcare_Insurance-v01.insert_fk_into_fact_table.insert_fk_col_in_fact_table_smoker scheduled__2023-12-01T00:00:00+00:00 [running]> on host 88d78b0e9c67
[2023-12-11T03:20:45.563+0000] {taskinstance.py:1662} INFO - Exporting env vars: AIRFLOW_CTX_DAG_OWNER='dunnbc22' AIRFLOW_CTX_DAG_ID='Healthcare_Insurance-v01.insert_fk_into_fact_table' AIRFLOW_CTX_TASK_ID='insert_fk_col_in_fact_table_smoker' AIRFLOW_CTX_EXECUTION_DATE='2023-12-01T00:00:00+00:00' AIRFLOW_CTX_TRY_NUMBER='1' AIRFLOW_CTX_DAG_RUN_ID='scheduled__2023-12-01T00:00:00+00:00'
[2023-12-11T03:20:45.564+0000] {sql.py:274} INFO - Executing: -- params: table_name, dimension_col

/*
Steps 1-3 were completed in the create_dim_table.sql 
file & associated PostgresOperator
*/


-- Step 4: Add foreign key column to fact table
ALTER TABLE healthcare_insurance_pipe
ADD COLUMN smoker_id INTEGER;

-- Step 4: Update foreign key column to fact table with 
-- appropriate id (that matches with dim table)
UPDATE healthcare_insurance_pipe
SET smoker_id = dimension_table_smoker.id
FROM dimension_table_smoker
WHERE COALESCE(healthcare_insurance_pipe.smoker::text, '') = COALESCE(dimension_table_smoker.smoker::text, '');
[2023-12-11T03:20:45.571+0000] {base.py:73} INFO - Using connection ID 'postgres_conn' for task execution.
[2023-12-11T03:20:45.577+0000] {base.py:73} INFO - Using connection ID 'postgres_conn' for task execution.
[2023-12-11T03:20:45.588+0000] {sql.py:418} INFO - Running statement: -- params: table_name, dimension_col

/*
Steps 1-3 were completed in the create_dim_table.sql 
file & associated PostgresOperator
*/


-- Step 4: Add foreign key column to fact table
ALTER TABLE healthcare_insurance_pipe
ADD COLUMN smoker_id INTEGER;

-- Step 4: Update foreign key column to fact table with 
-- appropriate id (that matches with dim table)
UPDATE healthcare_insurance_pipe
SET smoker_id = dimension_table_smoker.id
FROM dimension_table_smoker
WHERE COALESCE(healthcare_insurance_pipe.smoker::text, '') = COALESCE(dimension_table_smoker.smoker::text, '');, parameters: None
[2023-12-11T03:20:45.596+0000] {sql.py:427} INFO - Rows affected: 1329
[2023-12-11T03:20:45.604+0000] {taskinstance.py:1400} INFO - Marking task as SUCCESS. dag_id=Healthcare_Insurance-v01.insert_fk_into_fact_table, task_id=insert_fk_col_in_fact_table_smoker, execution_date=20231201T000000, start_date=20231211T032045, end_date=20231211T032045
[2023-12-11T03:20:45.643+0000] {local_task_job_runner.py:228} INFO - Task exited with return code 0
[2023-12-11T03:20:45.657+0000] {taskinstance.py:2778} INFO - 0 downstream tasks scheduled from follow-on schedule check
