[2023-12-19T04:38:23.479+0000] {taskinstance.py:1159} INFO - Dependencies all met for dep_context=non-requeueable deps ti=<TaskInstance: Automobile_Insurance-v01.remove_unnecessary_columns.remove_unnecessary_columns.remove_insured_zip_col scheduled__2023-12-01T00:00:00+00:00 [queued]>
[2023-12-19T04:38:23.483+0000] {taskinstance.py:1159} INFO - Dependencies all met for dep_context=requeueable deps ti=<TaskInstance: Automobile_Insurance-v01.remove_unnecessary_columns.remove_unnecessary_columns.remove_insured_zip_col scheduled__2023-12-01T00:00:00+00:00 [queued]>
[2023-12-19T04:38:23.484+0000] {taskinstance.py:1361} INFO - Starting attempt 2 of 6
[2023-12-19T04:38:23.493+0000] {taskinstance.py:1382} INFO - Executing <Task(PostgresOperator): remove_unnecessary_columns.remove_insured_zip_col> on 2023-12-01 00:00:00+00:00
[2023-12-19T04:38:23.496+0000] {standard_task_runner.py:57} INFO - Started process 590 to run task
[2023-12-19T04:38:23.499+0000] {standard_task_runner.py:84} INFO - Running: ['***', 'tasks', 'run', 'Automobile_Insurance-v01.remove_unnecessary_columns', 'remove_unnecessary_columns.remove_insured_zip_col', 'scheduled__2023-12-01T00:00:00+00:00', '--job-id', '9', '--raw', '--subdir', 'DAGS_FOLDER/Automobile Insurance.py', '--cfg-path', '/tmp/tmpt8dhz2w7']
[2023-12-19T04:38:23.501+0000] {standard_task_runner.py:85} INFO - Job 9: Subtask remove_unnecessary_columns.remove_insured_zip_col
[2023-12-19T04:38:23.543+0000] {task_command.py:416} INFO - Running <TaskInstance: Automobile_Insurance-v01.remove_unnecessary_columns.remove_unnecessary_columns.remove_insured_zip_col scheduled__2023-12-01T00:00:00+00:00 [running]> on host 07f4bc2fb49b
[2023-12-19T04:38:23.595+0000] {taskinstance.py:1662} INFO - Exporting env vars: AIRFLOW_CTX_DAG_OWNER='dunnbc22' AIRFLOW_CTX_DAG_ID='Automobile_Insurance-v01.remove_unnecessary_columns' AIRFLOW_CTX_TASK_ID='remove_unnecessary_columns.remove_insured_zip_col' AIRFLOW_CTX_EXECUTION_DATE='2023-12-01T00:00:00+00:00' AIRFLOW_CTX_TRY_NUMBER='2' AIRFLOW_CTX_DAG_RUN_ID='scheduled__2023-12-01T00:00:00+00:00'
[2023-12-19T04:38:23.596+0000] {sql.py:274} INFO - Executing: -- table_name, column_name
ALTER TABLE automobile_insurance
DROP COLUMN insured_zip;
[2023-12-19T04:38:23.603+0000] {base.py:73} INFO - Using connection ID 'postgres_conn' for task execution.
[2023-12-19T04:38:23.612+0000] {base.py:73} INFO - Using connection ID 'postgres_conn' for task execution.
[2023-12-19T04:38:23.618+0000] {sql.py:418} INFO - Running statement: -- table_name, column_name
ALTER TABLE automobile_insurance
DROP COLUMN insured_zip;, parameters: None
[2023-12-19T04:38:23.631+0000] {taskinstance.py:1400} INFO - Marking task as SUCCESS. dag_id=Automobile_Insurance-v01.remove_unnecessary_columns, task_id=remove_unnecessary_columns.remove_insured_zip_col, execution_date=20231201T000000, start_date=20231219T043823, end_date=20231219T043823
[2023-12-19T04:38:23.674+0000] {local_task_job_runner.py:228} INFO - Task exited with return code 0
[2023-12-19T04:38:23.729+0000] {taskinstance.py:2778} INFO - 0 downstream tasks scheduled from follow-on schedule check
