[2023-12-12T19:35:04.308+0000] {taskinstance.py:1159} INFO - Dependencies all met for dep_context=non-requeueable deps ti=<TaskInstance: pred_accident_risk_score_unique_postcodes-v01.create_dim_tables.create_dim_Local_Authority_Highway_table scheduled__2023-12-01T00:00:00+00:00 [queued]>
[2023-12-12T19:35:04.324+0000] {taskinstance.py:1159} INFO - Dependencies all met for dep_context=requeueable deps ti=<TaskInstance: pred_accident_risk_score_unique_postcodes-v01.create_dim_tables.create_dim_Local_Authority_Highway_table scheduled__2023-12-01T00:00:00+00:00 [queued]>
[2023-12-12T19:35:04.331+0000] {taskinstance.py:1361} INFO - Starting attempt 1 of 6
[2023-12-12T19:35:04.348+0000] {taskinstance.py:1382} INFO - Executing <Task(PostgresOperator): create_dim_Local_Authority_Highway_table> on 2023-12-01 00:00:00+00:00
[2023-12-12T19:35:04.354+0000] {standard_task_runner.py:57} INFO - Started process 461 to run task
[2023-12-12T19:35:04.373+0000] {standard_task_runner.py:84} INFO - Running: ['***', 'tasks', 'run', 'pred_accident_risk_score_unique_postcodes-v01.create_dim_tables', 'create_dim_Local_Authority_Highway_table', 'scheduled__2023-12-01T00:00:00+00:00', '--job-id', '22', '--raw', '--subdir', 'DAGS_FOLDER/Predict_Accident_Risk_Score_For_Unique_Postcodes.py', '--cfg-path', '/tmp/tmpkn8xhmw_']
[2023-12-12T19:35:04.377+0000] {standard_task_runner.py:85} INFO - Job 22: Subtask create_dim_Local_Authority_Highway_table
[2023-12-12T19:35:04.527+0000] {task_command.py:416} INFO - Running <TaskInstance: pred_accident_risk_score_unique_postcodes-v01.create_dim_tables.create_dim_Local_Authority_Highway_table scheduled__2023-12-01T00:00:00+00:00 [running]> on host 79e6b838224c
[2023-12-12T19:35:04.685+0000] {taskinstance.py:1662} INFO - Exporting env vars: AIRFLOW_CTX_DAG_OWNER='dunnbc22' AIRFLOW_CTX_DAG_ID='pred_accident_risk_score_unique_postcodes-v01.create_dim_tables' AIRFLOW_CTX_TASK_ID='create_dim_Local_Authority_Highway_table' AIRFLOW_CTX_EXECUTION_DATE='2023-12-01T00:00:00+00:00' AIRFLOW_CTX_TRY_NUMBER='1' AIRFLOW_CTX_DAG_RUN_ID='scheduled__2023-12-01T00:00:00+00:00'
[2023-12-12T19:35:04.691+0000] {sql.py:274} INFO - Executing: -- params: table_name, dimension_col, data_type

-- Step 1: Extract Unique Values
CREATE TEMPORARY TABLE unique_values_Local_Authority_Highway AS
SELECT DISTINCT Local_Authority_Highway FROM predict_accident_risk_pipe;

-- Step 2: Create Dimension Table
DROP TABLE IF EXISTS dimension_table_Local_Authority_Highway;
CREATE TABLE dimension_table_Local_Authority_Highway (
    id SERIAL PRIMARY KEY,
    Local_Authority_Highway VARCHAR
);

-- Step 3: Insert unique values into dimension table
INSERT INTO dimension_table_Local_Authority_Highway (Local_Authority_Highway)
SELECT * FROM unique_values_Local_Authority_Highway;
[2023-12-12T19:35:04.732+0000] {base.py:73} INFO - Using connection ID 'postgres_conn' for task execution.
[2023-12-12T19:35:04.755+0000] {base.py:73} INFO - Using connection ID 'postgres_conn' for task execution.
[2023-12-12T19:35:04.788+0000] {sql.py:418} INFO - Running statement: -- params: table_name, dimension_col, data_type

-- Step 1: Extract Unique Values
CREATE TEMPORARY TABLE unique_values_Local_Authority_Highway AS
SELECT DISTINCT Local_Authority_Highway FROM predict_accident_risk_pipe;

-- Step 2: Create Dimension Table
DROP TABLE IF EXISTS dimension_table_Local_Authority_Highway;
CREATE TABLE dimension_table_Local_Authority_Highway (
    id SERIAL PRIMARY KEY,
    Local_Authority_Highway VARCHAR
);

-- Step 3: Insert unique values into dimension table
INSERT INTO dimension_table_Local_Authority_Highway (Local_Authority_Highway)
SELECT * FROM unique_values_Local_Authority_Highway;, parameters: None
[2023-12-12T19:35:05.214+0000] {sql.py:427} INFO - Rows affected: 207
[2023-12-12T19:35:05.228+0000] {taskinstance.py:1400} INFO - Marking task as SUCCESS. dag_id=pred_accident_risk_score_unique_postcodes-v01.create_dim_tables, task_id=create_dim_Local_Authority_Highway_table, execution_date=20231201T000000, start_date=20231212T193504, end_date=20231212T193505
[2023-12-12T19:35:05.280+0000] {local_task_job_runner.py:228} INFO - Task exited with return code 0
[2023-12-12T19:35:05.327+0000] {taskinstance.py:2778} INFO - 0 downstream tasks scheduled from follow-on schedule check
