[2023-12-09T23:46:57.099+0000] {taskinstance.py:1159} INFO - Dependencies all met for dep_context=non-requeueable deps ti=<TaskInstance: diamonds_price_prediction-v01.create_copy_of_postgres_table scheduled__2023-11-09T00:00:00+00:00 [queued]>
[2023-12-09T23:46:57.102+0000] {taskinstance.py:1159} INFO - Dependencies all met for dep_context=requeueable deps ti=<TaskInstance: diamonds_price_prediction-v01.create_copy_of_postgres_table scheduled__2023-11-09T00:00:00+00:00 [queued]>
[2023-12-09T23:46:57.103+0000] {taskinstance.py:1361} INFO - Starting attempt 1 of 6
[2023-12-09T23:46:57.108+0000] {taskinstance.py:1382} INFO - Executing <Task(PostgresOperator): create_copy_of_postgres_table> on 2023-11-09 00:00:00+00:00
[2023-12-09T23:46:57.110+0000] {standard_task_runner.py:57} INFO - Started process 525 to run task
[2023-12-09T23:46:57.112+0000] {standard_task_runner.py:84} INFO - Running: ['***', 'tasks', 'run', 'diamonds_price_prediction-v01', 'create_copy_of_postgres_table', 'scheduled__2023-11-09T00:00:00+00:00', '--job-id', '3', '--raw', '--subdir', 'DAGS_FOLDER/Diamonds.py', '--cfg-path', '/tmp/tmpp9hnt61a']
[2023-12-09T23:46:57.114+0000] {standard_task_runner.py:85} INFO - Job 3: Subtask create_copy_of_postgres_table
[2023-12-09T23:46:57.142+0000] {task_command.py:416} INFO - Running <TaskInstance: diamonds_price_prediction-v01.create_copy_of_postgres_table scheduled__2023-11-09T00:00:00+00:00 [running]> on host ac8b6f519699
[2023-12-09T23:46:57.181+0000] {taskinstance.py:1662} INFO - Exporting env vars: AIRFLOW_CTX_DAG_OWNER='dunnbc22' AIRFLOW_CTX_DAG_ID='diamonds_price_prediction-v01' AIRFLOW_CTX_TASK_ID='create_copy_of_postgres_table' AIRFLOW_CTX_EXECUTION_DATE='2023-11-09T00:00:00+00:00' AIRFLOW_CTX_TRY_NUMBER='1' AIRFLOW_CTX_DAG_RUN_ID='scheduled__2023-11-09T00:00:00+00:00'
[2023-12-09T23:46:57.182+0000] {sql.py:274} INFO - Executing: -- params: new_table_name, orig_table_name

-- Drop the copy of the table, if it already exists
DROP TABLE IF EXISTS diamonds_price_pred_pipe;

-- Create copy of table
CREATE TABLE diamonds_price_pred_pipe AS
SELECT * 
FROM diamonds;

-- Grant additional permissions on the table
GRANT SELECT, INSERT, UPDATE, DELETE ON diamonds_price_pred_pipe TO ***;
[2023-12-09T23:46:57.187+0000] {base.py:73} INFO - Using connection ID 'postgres_conn' for task execution.
[2023-12-09T23:46:57.192+0000] {base.py:73} INFO - Using connection ID 'postgres_conn' for task execution.
[2023-12-09T23:46:57.197+0000] {sql.py:418} INFO - Running statement: -- params: new_table_name, orig_table_name

-- Drop the copy of the table, if it already exists
DROP TABLE IF EXISTS diamonds_price_pred_pipe;

-- Create copy of table
CREATE TABLE diamonds_price_pred_pipe AS
SELECT * 
FROM diamonds;

-- Grant additional permissions on the table
GRANT SELECT, INSERT, UPDATE, DELETE ON diamonds_price_pred_pipe TO ***;, parameters: None
[2023-12-09T23:46:57.314+0000] {taskinstance.py:1400} INFO - Marking task as SUCCESS. dag_id=diamonds_price_prediction-v01, task_id=create_copy_of_postgres_table, execution_date=20231109T000000, start_date=20231209T234657, end_date=20231209T234657
[2023-12-09T23:46:57.372+0000] {local_task_job_runner.py:228} INFO - Task exited with return code 0
[2023-12-09T23:46:57.395+0000] {taskinstance.py:2778} INFO - 1 downstream tasks scheduled from follow-on schedule check
