[2023-12-12T17:51:54.897+0000] {taskinstance.py:1159} INFO - Dependencies all met for dep_context=non-requeueable deps ti=<TaskInstance: ppp_via_foia-v01.remove_unnecessary_columns.remove_unnecessary_columns.remove_SBAGuarantyPercentage_col scheduled__2023-12-01T00:00:00+00:00 [queued]>
[2023-12-12T17:51:54.904+0000] {taskinstance.py:1159} INFO - Dependencies all met for dep_context=requeueable deps ti=<TaskInstance: ppp_via_foia-v01.remove_unnecessary_columns.remove_unnecessary_columns.remove_SBAGuarantyPercentage_col scheduled__2023-12-01T00:00:00+00:00 [queued]>
[2023-12-12T17:51:54.908+0000] {taskinstance.py:1361} INFO - Starting attempt 1 of 6
[2023-12-12T17:51:54.921+0000] {taskinstance.py:1382} INFO - Executing <Task(PostgresOperator): remove_unnecessary_columns.remove_SBAGuarantyPercentage_col> on 2023-12-01 00:00:00+00:00
[2023-12-12T17:51:54.928+0000] {standard_task_runner.py:57} INFO - Started process 1040 to run task
[2023-12-12T17:51:54.937+0000] {standard_task_runner.py:84} INFO - Running: ['***', 'tasks', 'run', 'ppp_via_foia-v01.remove_unnecessary_columns', 'remove_unnecessary_columns.remove_SBAGuarantyPercentage_col', 'scheduled__2023-12-01T00:00:00+00:00', '--job-id', '23', '--raw', '--subdir', 'DAGS_FOLDER/ppp_via_foia.py', '--cfg-path', '/tmp/tmpvbgu3h4t']
[2023-12-12T17:51:54.941+0000] {standard_task_runner.py:85} INFO - Job 23: Subtask remove_unnecessary_columns.remove_SBAGuarantyPercentage_col
[2023-12-12T17:51:54.998+0000] {task_command.py:416} INFO - Running <TaskInstance: ppp_via_foia-v01.remove_unnecessary_columns.remove_unnecessary_columns.remove_SBAGuarantyPercentage_col scheduled__2023-12-01T00:00:00+00:00 [running]> on host edee10095410
[2023-12-12T17:51:55.078+0000] {taskinstance.py:1662} INFO - Exporting env vars: AIRFLOW_CTX_DAG_OWNER='dunnbc22' AIRFLOW_CTX_DAG_ID='ppp_via_foia-v01.remove_unnecessary_columns' AIRFLOW_CTX_TASK_ID='remove_unnecessary_columns.remove_SBAGuarantyPercentage_col' AIRFLOW_CTX_EXECUTION_DATE='2023-12-01T00:00:00+00:00' AIRFLOW_CTX_TRY_NUMBER='1' AIRFLOW_CTX_DAG_RUN_ID='scheduled__2023-12-01T00:00:00+00:00'
[2023-12-12T17:51:55.086+0000] {sql.py:274} INFO - Executing: -- table_name, column_name
ALTER TABLE ppp_via_foia_pipe
DROP COLUMN SBAGuarantyPercentage;
[2023-12-12T17:51:55.114+0000] {base.py:73} INFO - Using connection ID 'postgres_conn' for task execution.
[2023-12-12T17:51:55.134+0000] {base.py:73} INFO - Using connection ID 'postgres_conn' for task execution.
[2023-12-12T17:51:55.165+0000] {sql.py:418} INFO - Running statement: -- table_name, column_name
ALTER TABLE ppp_via_foia_pipe
DROP COLUMN SBAGuarantyPercentage;, parameters: None
[2023-12-12T17:51:55.181+0000] {taskinstance.py:1400} INFO - Marking task as SUCCESS. dag_id=ppp_via_foia-v01.remove_unnecessary_columns, task_id=remove_unnecessary_columns.remove_SBAGuarantyPercentage_col, execution_date=20231201T000000, start_date=20231212T175154, end_date=20231212T175155
[2023-12-12T17:51:55.226+0000] {local_task_job_runner.py:228} INFO - Task exited with return code 0
[2023-12-12T17:51:55.265+0000] {taskinstance.py:2778} INFO - 0 downstream tasks scheduled from follow-on schedule check
