[2023-12-08T17:13:36.384+0000] {taskinstance.py:1159} INFO - Dependencies all met for dep_context=non-requeueable deps ti=<TaskInstance: Allegheny_Co_Property_Sale_Transactions-v01.remove_unnecessary_columns scheduled__2023-12-01T00:00:00+00:00 [queued]>
[2023-12-08T17:13:36.387+0000] {taskinstance.py:1159} INFO - Dependencies all met for dep_context=requeueable deps ti=<TaskInstance: Allegheny_Co_Property_Sale_Transactions-v01.remove_unnecessary_columns scheduled__2023-12-01T00:00:00+00:00 [queued]>
[2023-12-08T17:13:36.388+0000] {taskinstance.py:1361} INFO - Starting attempt 1 of 6
[2023-12-08T17:13:36.393+0000] {taskinstance.py:1382} INFO - Executing <Task(SubDagOperator): remove_unnecessary_columns> on 2023-12-01 00:00:00+00:00
[2023-12-08T17:13:36.395+0000] {standard_task_runner.py:57} INFO - Started process 2752 to run task
[2023-12-08T17:13:36.397+0000] {standard_task_runner.py:84} INFO - Running: ['***', 'tasks', 'run', 'Allegheny_Co_Property_Sale_Transactions-v01', 'remove_unnecessary_columns', 'scheduled__2023-12-01T00:00:00+00:00', '--job-id', '4', '--raw', '--subdir', 'DAGS_FOLDER/Allegheny Co Property Sale Transactions.py', '--cfg-path', '/tmp/tmplktbi1xw']
[2023-12-08T17:13:36.398+0000] {standard_task_runner.py:85} INFO - Job 4: Subtask remove_unnecessary_columns
[2023-12-08T17:13:36.424+0000] {task_command.py:416} INFO - Running <TaskInstance: Allegheny_Co_Property_Sale_Transactions-v01.remove_unnecessary_columns scheduled__2023-12-01T00:00:00+00:00 [running]> on host 1fc866509645
[2023-12-08T17:13:36.462+0000] {taskinstance.py:1662} INFO - Exporting env vars: AIRFLOW_CTX_DAG_OWNER='dunnbc22' AIRFLOW_CTX_DAG_ID='Allegheny_Co_Property_Sale_Transactions-v01' AIRFLOW_CTX_TASK_ID='remove_unnecessary_columns' AIRFLOW_CTX_EXECUTION_DATE='2023-12-01T00:00:00+00:00' AIRFLOW_CTX_TRY_NUMBER='1' AIRFLOW_CTX_DAG_RUN_ID='scheduled__2023-12-01T00:00:00+00:00'
[2023-12-08T17:13:36.465+0000] {logging_mixin.py:154} WARNING - /home/***/.local/lib/python3.8/site-packages/***/utils/context.py:206 AirflowContextDeprecationWarning: Accessing 'execution_date' from the template is deprecated and will be removed in a future version. Please use 'data_interval_start' or 'logical_date' instead.
[2023-12-08T17:13:36.479+0000] {subdag.py:172} INFO - Created DagRun: scheduled__2023-12-01T00:00:00+00:00
[2023-12-08T17:14:36.531+0000] {base.py:287} INFO - Success criteria met. Exiting.
[2023-12-08T17:14:36.542+0000] {subdag.py:187} INFO - Execution finished. State is success
[2023-12-08T17:14:36.552+0000] {taskinstance.py:1400} INFO - Marking task as SUCCESS. dag_id=Allegheny_Co_Property_Sale_Transactions-v01, task_id=remove_unnecessary_columns, execution_date=20231201T000000, start_date=20231208T171336, end_date=20231208T171436
[2023-12-08T17:14:36.589+0000] {local_task_job_runner.py:228} INFO - Task exited with return code 0
[2023-12-08T17:14:36.616+0000] {taskinstance.py:2778} INFO - 1 downstream tasks scheduled from follow-on schedule check
[2023-12-08T18:00:59.378+0000] {taskinstance.py:1159} INFO - Dependencies all met for dep_context=non-requeueable deps ti=<TaskInstance: Allegheny_Co_Property_Sale_Transactions-v01.remove_unnecessary_columns scheduled__2023-12-01T00:00:00+00:00 [queued]>
[2023-12-08T18:00:59.381+0000] {taskinstance.py:1159} INFO - Dependencies all met for dep_context=requeueable deps ti=<TaskInstance: Allegheny_Co_Property_Sale_Transactions-v01.remove_unnecessary_columns scheduled__2023-12-01T00:00:00+00:00 [queued]>
[2023-12-08T18:00:59.382+0000] {taskinstance.py:1361} INFO - Starting attempt 1 of 6
[2023-12-08T18:00:59.387+0000] {taskinstance.py:1382} INFO - Executing <Task(SubDagOperator): remove_unnecessary_columns> on 2023-12-01 00:00:00+00:00
[2023-12-08T18:00:59.389+0000] {standard_task_runner.py:57} INFO - Started process 6741 to run task
[2023-12-08T18:00:59.391+0000] {standard_task_runner.py:84} INFO - Running: ['***', 'tasks', 'run', 'Allegheny_Co_Property_Sale_Transactions-v01', 'remove_unnecessary_columns', 'scheduled__2023-12-01T00:00:00+00:00', '--job-id', '74', '--raw', '--subdir', 'DAGS_FOLDER/Allegheny Co Property Sale Transactions.py', '--cfg-path', '/tmp/tmpf2dvwhao']
[2023-12-08T18:00:59.393+0000] {standard_task_runner.py:85} INFO - Job 74: Subtask remove_unnecessary_columns
[2023-12-08T18:00:59.421+0000] {task_command.py:416} INFO - Running <TaskInstance: Allegheny_Co_Property_Sale_Transactions-v01.remove_unnecessary_columns scheduled__2023-12-01T00:00:00+00:00 [running]> on host 1fc866509645
[2023-12-08T18:00:59.460+0000] {taskinstance.py:1662} INFO - Exporting env vars: AIRFLOW_CTX_DAG_OWNER='dunnbc22' AIRFLOW_CTX_DAG_ID='Allegheny_Co_Property_Sale_Transactions-v01' AIRFLOW_CTX_TASK_ID='remove_unnecessary_columns' AIRFLOW_CTX_EXECUTION_DATE='2023-12-01T00:00:00+00:00' AIRFLOW_CTX_TRY_NUMBER='1' AIRFLOW_CTX_DAG_RUN_ID='scheduled__2023-12-01T00:00:00+00:00'
[2023-12-08T18:00:59.463+0000] {logging_mixin.py:154} WARNING - /home/***/.local/lib/python3.8/site-packages/***/utils/context.py:206 AirflowContextDeprecationWarning: Accessing 'execution_date' from the template is deprecated and will be removed in a future version. Please use 'data_interval_start' or 'logical_date' instead.
[2023-12-08T18:00:59.478+0000] {subdag.py:172} INFO - Created DagRun: scheduled__2023-12-01T00:00:00+00:00
[2023-12-08T18:01:59.551+0000] {base.py:287} INFO - Success criteria met. Exiting.
[2023-12-08T18:01:59.562+0000] {subdag.py:187} INFO - Execution finished. State is success
[2023-12-08T18:01:59.570+0000] {taskinstance.py:1400} INFO - Marking task as SUCCESS. dag_id=Allegheny_Co_Property_Sale_Transactions-v01, task_id=remove_unnecessary_columns, execution_date=20231201T000000, start_date=20231208T180059, end_date=20231208T180159
[2023-12-08T18:01:59.589+0000] {local_task_job_runner.py:228} INFO - Task exited with return code 0
[2023-12-08T18:01:59.621+0000] {taskinstance.py:2778} INFO - 0 downstream tasks scheduled from follow-on schedule check
