[2023-12-21T16:42:34.051+0000] {taskinstance.py:1159} INFO - Dependencies all met for dep_context=non-requeueable deps ti=<TaskInstance: Loan_Prediction-v01.create_dim_tables.create_dim_Dependents_table scheduled__2023-12-01T00:00:00+00:00 [queued]>
[2023-12-21T16:42:34.060+0000] {taskinstance.py:1159} INFO - Dependencies all met for dep_context=requeueable deps ti=<TaskInstance: Loan_Prediction-v01.create_dim_tables.create_dim_Dependents_table scheduled__2023-12-01T00:00:00+00:00 [queued]>
[2023-12-21T16:42:34.061+0000] {taskinstance.py:1361} INFO - Starting attempt 1 of 6
[2023-12-21T16:42:34.076+0000] {taskinstance.py:1382} INFO - Executing <Task(PostgresOperator): create_dim_Dependents_table> on 2023-12-01 00:00:00+00:00
[2023-12-21T16:42:34.079+0000] {standard_task_runner.py:57} INFO - Started process 2169 to run task
[2023-12-21T16:42:34.083+0000] {standard_task_runner.py:84} INFO - Running: ['***', 'tasks', 'run', 'Loan_Prediction-v01.create_dim_tables', 'create_dim_Dependents_table', 'scheduled__2023-12-01T00:00:00+00:00', '--job-id', '31', '--raw', '--subdir', 'DAGS_FOLDER/Loan_Prediction.py', '--cfg-path', '/tmp/tmpdw6evx8x']
[2023-12-21T16:42:34.086+0000] {standard_task_runner.py:85} INFO - Job 31: Subtask create_dim_Dependents_table
[2023-12-21T16:42:34.149+0000] {task_command.py:416} INFO - Running <TaskInstance: Loan_Prediction-v01.create_dim_tables.create_dim_Dependents_table scheduled__2023-12-01T00:00:00+00:00 [running]> on host 56b600c92613
[2023-12-21T16:42:34.224+0000] {taskinstance.py:1662} INFO - Exporting env vars: AIRFLOW_CTX_DAG_OWNER='dunnbc22' AIRFLOW_CTX_DAG_ID='Loan_Prediction-v01.create_dim_tables' AIRFLOW_CTX_TASK_ID='create_dim_Dependents_table' AIRFLOW_CTX_EXECUTION_DATE='2023-12-01T00:00:00+00:00' AIRFLOW_CTX_TRY_NUMBER='1' AIRFLOW_CTX_DAG_RUN_ID='scheduled__2023-12-01T00:00:00+00:00'
[2023-12-21T16:42:34.225+0000] {sql.py:274} INFO - Executing: -- params: table_name, dimension_col, data_type

-- Step 1: Extract Unique Values
CREATE TEMPORARY TABLE unique_values_Dependents AS
SELECT DISTINCT Dependents FROM loan_prediction_pipe;

-- Step 2: Create Dimension Table
DROP TABLE IF EXISTS dimension_table_Dependents;
CREATE TABLE dimension_table_Dependents (
    id SERIAL PRIMARY KEY,
    Dependents VARCHAR
);

-- Step 3: Insert unique values into dimension table
INSERT INTO dimension_table_Dependents (Dependents)
SELECT * FROM unique_values_Dependents;
[2023-12-21T16:42:34.235+0000] {base.py:73} INFO - Using connection ID 'postgres_conn' for task execution.
[2023-12-21T16:42:34.245+0000] {base.py:73} INFO - Using connection ID 'postgres_conn' for task execution.
[2023-12-21T16:42:34.251+0000] {sql.py:418} INFO - Running statement: -- params: table_name, dimension_col, data_type

-- Step 1: Extract Unique Values
CREATE TEMPORARY TABLE unique_values_Dependents AS
SELECT DISTINCT Dependents FROM loan_prediction_pipe;

-- Step 2: Create Dimension Table
DROP TABLE IF EXISTS dimension_table_Dependents;
CREATE TABLE dimension_table_Dependents (
    id SERIAL PRIMARY KEY,
    Dependents VARCHAR
);

-- Step 3: Insert unique values into dimension table
INSERT INTO dimension_table_Dependents (Dependents)
SELECT * FROM unique_values_Dependents;, parameters: None
[2023-12-21T16:42:34.265+0000] {sql.py:427} INFO - Rows affected: 4
[2023-12-21T16:42:34.279+0000] {taskinstance.py:1400} INFO - Marking task as SUCCESS. dag_id=Loan_Prediction-v01.create_dim_tables, task_id=create_dim_Dependents_table, execution_date=20231201T000000, start_date=20231221T164234, end_date=20231221T164234
[2023-12-21T16:42:34.297+0000] {local_task_job_runner.py:228} INFO - Task exited with return code 0
[2023-12-21T16:42:34.313+0000] {taskinstance.py:2778} INFO - 0 downstream tasks scheduled from follow-on schedule check
