[2023-12-10T01:33:48.511+0000] {manager.py:487} INFO - Processing files using up to 2 processes at a time 
[2023-12-10T01:33:48.518+0000] {manager.py:488} INFO - Process each file at most once every 30 seconds
[2023-12-10T01:33:48.520+0000] {manager.py:489} INFO - Checking for new files in /opt/airflow/dags every 300 seconds
[2023-12-10T01:33:48.520+0000] {manager.py:755} INFO - Searching for files in /opt/airflow/dags
[2023-12-10T01:33:48.546+0000] {manager.py:758} INFO - There are 5 files in /opt/airflow/dags
[2023-12-10T01:33:48.672+0000] {manager.py:887} INFO - 
================================================================================
DAG File Processing Stats

File Path                                                   PID  Runtime      # DAGs    # Errors  Last Runtime    Last Run
--------------------------------------------------------  -----  ---------  --------  ----------  --------------  ----------
/opt/airflow/dags/create_star_schema_part_1.py                                     0           0
/opt/airflow/dags/create_star_schema_part_2.py              171  0.04s             0           0
/opt/airflow/dags/Customer_Shopping_Trends.py               168  0.05s             0           0
/opt/airflow/dags/sub_dag_remove_multiple_columns.py                               0           0
/opt/airflow/dags/clean_up_after_star_schema_creation.py                           0           0
================================================================================
[2023-12-10T01:34:19.532+0000] {manager.py:887} INFO - 
================================================================================
DAG File Processing Stats

File Path                                                   PID  Runtime      # DAGs    # Errors  Last Runtime    Last Run
--------------------------------------------------------  -----  ---------  --------  ----------  --------------  -------------------
/opt/airflow/dags/create_star_schema_part_1.py                                     0           0  0.06s           2023-12-10T01:33:48
/opt/airflow/dags/create_star_schema_part_2.py              202  0.01s             0           0  0.06s           2023-12-10T01:33:48
/opt/airflow/dags/Customer_Shopping_Trends.py               200  0.09s             0           1  0.09s           2023-12-10T01:33:48
/opt/airflow/dags/sub_dag_remove_multiple_columns.py                               0           0  0.04s           2023-12-10T01:33:48
/opt/airflow/dags/clean_up_after_star_schema_creation.py                           0           0  0.05s           2023-12-10T01:33:48
================================================================================
[2023-12-10T01:34:50.156+0000] {manager.py:887} INFO - 
================================================================================
DAG File Processing Stats

File Path                                                   PID  Runtime      # DAGs    # Errors  Last Runtime    Last Run
--------------------------------------------------------  -----  ---------  --------  ----------  --------------  -------------------
/opt/airflow/dags/create_star_schema_part_1.py                                     0           0  0.11s           2023-12-10T01:34:19
/opt/airflow/dags/create_star_schema_part_2.py              233  0.00s             0           0  0.17s           2023-12-10T01:34:19
/opt/airflow/dags/Customer_Shopping_Trends.py               232  0.03s             0           1  0.29s           2023-12-10T01:34:19
/opt/airflow/dags/sub_dag_remove_multiple_columns.py                               0           0  0.08s           2023-12-10T01:34:19
/opt/airflow/dags/clean_up_after_star_schema_creation.py                           0           0  0.09s           2023-12-10T01:34:19
================================================================================
[2023-12-10T01:35:20.445+0000] {manager.py:887} INFO - 
================================================================================
DAG File Processing Stats

File Path                                                   PID  Runtime      # DAGs    # Errors  Last Runtime    Last Run
--------------------------------------------------------  -----  ---------  --------  ----------  --------------  -------------------
/opt/airflow/dags/create_star_schema_part_1.py                                     0           0  0.04s           2023-12-10T01:34:50
/opt/airflow/dags/create_star_schema_part_2.py              267  0.00s             0           0  0.07s           2023-12-10T01:34:50
/opt/airflow/dags/Customer_Shopping_Trends.py               264  0.02s             0           1  0.10s           2023-12-10T01:34:50
/opt/airflow/dags/sub_dag_remove_multiple_columns.py                               0           0  0.04s           2023-12-10T01:34:50
/opt/airflow/dags/clean_up_after_star_schema_creation.py                           0           0  0.04s           2023-12-10T01:34:50
================================================================================
[2023-12-10T01:35:50.960+0000] {manager.py:887} INFO - 
================================================================================
DAG File Processing Stats

File Path                                                   PID  Runtime      # DAGs    # Errors  Last Runtime    Last Run
--------------------------------------------------------  -----  ---------  --------  ----------  --------------  -------------------
/opt/airflow/dags/create_star_schema_part_1.py              309  0.01s             0           0  0.04s           2023-12-10T01:35:20
/opt/airflow/dags/create_star_schema_part_2.py              306  0.02s             0           0  0.08s           2023-12-10T01:35:20
/opt/airflow/dags/Customer_Shopping_Trends.py                                      0           1  0.06s           2023-12-10T01:35:39
/opt/airflow/dags/sub_dag_remove_multiple_columns.py                               0           0  0.04s           2023-12-10T01:35:20
/opt/airflow/dags/clean_up_after_star_schema_creation.py                           0           0  0.04s           2023-12-10T01:35:20
================================================================================
[2023-12-10T01:36:21.506+0000] {manager.py:887} INFO - 
================================================================================
DAG File Processing Stats

File Path                                                   PID  Runtime      # DAGs    # Errors  Last Runtime    Last Run
--------------------------------------------------------  -----  ---------  --------  ----------  --------------  -------------------
/opt/airflow/dags/create_star_schema_part_1.py              346  0.01s             0           0  0.05s           2023-12-10T01:35:51
/opt/airflow/dags/create_star_schema_part_2.py              343  0.02s             0           0  0.06s           2023-12-10T01:35:50
/opt/airflow/dags/Customer_Shopping_Trends.py                                      0           1  0.07s           2023-12-10T01:36:02
/opt/airflow/dags/sub_dag_remove_multiple_columns.py                               0           0  0.03s           2023-12-10T01:35:51
/opt/airflow/dags/clean_up_after_star_schema_creation.py                           0           0  0.03s           2023-12-10T01:35:51
================================================================================
[2023-12-10T01:36:51.965+0000] {manager.py:887} INFO - 
================================================================================
DAG File Processing Stats

File Path                                                   PID  Runtime      # DAGs    # Errors  Last Runtime    Last Run
--------------------------------------------------------  -----  ---------  --------  ----------  --------------  -------------------
/opt/airflow/dags/create_star_schema_part_1.py              378  0.00s             0           0  0.05s           2023-12-10T01:36:21
/opt/airflow/dags/create_star_schema_part_2.py              375  0.01s             0           0  0.06s           2023-12-10T01:36:21
/opt/airflow/dags/Customer_Shopping_Trends.py                                      0           1  0.06s           2023-12-10T01:36:32
/opt/airflow/dags/sub_dag_remove_multiple_columns.py                               0           0  0.02s           2023-12-10T01:36:21
/opt/airflow/dags/clean_up_after_star_schema_creation.py                           0           0  0.03s           2023-12-10T01:36:21
================================================================================
[2023-12-10T01:37:22.328+0000] {manager.py:887} INFO - 
================================================================================
DAG File Processing Stats

File Path                                                   PID  Runtime      # DAGs    # Errors  Last Runtime    Last Run
--------------------------------------------------------  -----  ---------  --------  ----------  --------------  -------------------
/opt/airflow/dags/create_star_schema_part_1.py              410  0.00s             0           0  0.04s           2023-12-10T01:36:51
/opt/airflow/dags/create_star_schema_part_2.py              407  0.02s             0           0  0.03s           2023-12-10T01:36:51
/opt/airflow/dags/Customer_Shopping_Trends.py                                      0           1  0.05s           2023-12-10T01:37:03
/opt/airflow/dags/sub_dag_remove_multiple_columns.py                               0           0  0.03s           2023-12-10T01:36:52
/opt/airflow/dags/clean_up_after_star_schema_creation.py                           0           0  0.03s           2023-12-10T01:36:52
================================================================================
[2023-12-10T01:37:52.763+0000] {manager.py:887} INFO - 
================================================================================
DAG File Processing Stats

File Path                                                   PID  Runtime      # DAGs    # Errors  Last Runtime    Last Run
--------------------------------------------------------  -----  ---------  --------  ----------  --------------  -------------------
/opt/airflow/dags/create_star_schema_part_1.py              447  0.01s             0           0  0.04s           2023-12-10T01:37:22
/opt/airflow/dags/create_star_schema_part_2.py              444  0.02s             0           0  0.05s           2023-12-10T01:37:22
/opt/airflow/dags/Customer_Shopping_Trends.py                                      0           1  0.07s           2023-12-10T01:37:49
/opt/airflow/dags/sub_dag_remove_multiple_columns.py                               0           0  0.02s           2023-12-10T01:37:22
/opt/airflow/dags/clean_up_after_star_schema_creation.py                           0           0  0.03s           2023-12-10T01:37:22
================================================================================
[2023-12-10T01:38:23.312+0000] {manager.py:887} INFO - 
================================================================================
DAG File Processing Stats

File Path                                                   PID  Runtime      # DAGs    # Errors  Last Runtime    Last Run
--------------------------------------------------------  -----  ---------  --------  ----------  --------------  -------------------
/opt/airflow/dags/create_star_schema_part_1.py              489  0.01s             0           0  0.05s           2023-12-10T01:37:52
/opt/airflow/dags/create_star_schema_part_2.py              486  0.02s             0           0  0.06s           2023-12-10T01:37:52
/opt/airflow/dags/sub_dag_remove_multiple_columns.py                               0           0  0.03s           2023-12-10T01:38:20
/opt/airflow/dags/clean_up_after_star_schema_creation.py                           0           0  0.03s           2023-12-10T01:37:52
/opt/airflow/dags/Customer_Shopping_Trends.py                                      5           0  0.33s           2023-12-10T01:38:20
================================================================================
[2023-12-10T01:38:48.659+0000] {manager.py:755} INFO - Searching for files in /opt/airflow/dags
[2023-12-10T01:38:48.693+0000] {manager.py:758} INFO - There are 5 files in /opt/airflow/dags
[2023-12-10T01:38:53.827+0000] {manager.py:887} INFO - 
================================================================================
DAG File Processing Stats

File Path                                                   PID  Runtime      # DAGs    # Errors  Last Runtime    Last Run
--------------------------------------------------------  -----  ---------  --------  ----------  --------------  -------------------
/opt/airflow/dags/create_star_schema_part_1.py              521  0.01s             0           0  0.05s           2023-12-10T01:38:23
/opt/airflow/dags/create_star_schema_part_2.py              518  0.02s             0           0  0.06s           2023-12-10T01:38:23
/opt/airflow/dags/sub_dag_remove_multiple_columns.py                               0           0  0.06s           2023-12-10T01:38:50
/opt/airflow/dags/clean_up_after_star_schema_creation.py                           0           0  0.03s           2023-12-10T01:38:23
/opt/airflow/dags/Customer_Shopping_Trends.py                                      5           0  0.12s           2023-12-10T01:38:38
================================================================================
[2023-12-10T01:39:24.260+0000] {manager.py:887} INFO - 
================================================================================
DAG File Processing Stats

File Path                                                   PID  Runtime      # DAGs    # Errors  Last Runtime    Last Run
--------------------------------------------------------  -----  ---------  --------  ----------  --------------  -------------------
/opt/airflow/dags/create_star_schema_part_1.py              553  0.00s             0           0  0.05s           2023-12-10T01:38:53
/opt/airflow/dags/create_star_schema_part_2.py              550  0.01s             0           0  0.06s           2023-12-10T01:38:53
/opt/airflow/dags/sub_dag_remove_multiple_columns.py                               0           0  0.06s           2023-12-10T01:39:21
/opt/airflow/dags/clean_up_after_star_schema_creation.py                           0           0  0.03s           2023-12-10T01:38:53
/opt/airflow/dags/Customer_Shopping_Trends.py                                      5           0  0.22s           2023-12-10T01:39:09
================================================================================
[2023-12-10T01:39:54.608+0000] {manager.py:887} INFO - 
================================================================================
DAG File Processing Stats

File Path                                                   PID  Runtime      # DAGs    # Errors  Last Runtime    Last Run
--------------------------------------------------------  -----  ---------  --------  ----------  --------------  -------------------
/opt/airflow/dags/create_star_schema_part_1.py              589  0.01s             0           0  0.04s           2023-12-10T01:39:24
/opt/airflow/dags/create_star_schema_part_2.py              586  0.02s             0           0  0.05s           2023-12-10T01:39:24
/opt/airflow/dags/sub_dag_remove_multiple_columns.py                               0           0  0.05s           2023-12-10T01:39:51
/opt/airflow/dags/clean_up_after_star_schema_creation.py                           0           0  0.03s           2023-12-10T01:39:24
/opt/airflow/dags/Customer_Shopping_Trends.py                                      5           0  0.19s           2023-12-10T01:39:39
================================================================================
[2023-12-10T01:40:24.950+0000] {manager.py:887} INFO - 
================================================================================
DAG File Processing Stats

File Path                                                   PID  Runtime      # DAGs    # Errors  Last Runtime    Last Run
--------------------------------------------------------  -----  ---------  --------  ----------  --------------  -------------------
/opt/airflow/dags/create_star_schema_part_1.py              620  0.00s             0           0  0.05s           2023-12-10T01:39:54
/opt/airflow/dags/create_star_schema_part_2.py              617  0.01s             0           0  0.06s           2023-12-10T01:39:54
/opt/airflow/dags/sub_dag_remove_multiple_columns.py                               0           0  0.03s           2023-12-10T01:40:21
/opt/airflow/dags/clean_up_after_star_schema_creation.py                           0           0  0.03s           2023-12-10T01:39:54
/opt/airflow/dags/Customer_Shopping_Trends.py                                      5           0  0.19s           2023-12-10T01:40:09
================================================================================
[2023-12-10T01:40:55.399+0000] {manager.py:887} INFO - 
================================================================================
DAG File Processing Stats

File Path                                                   PID  Runtime      # DAGs    # Errors  Last Runtime    Last Run
--------------------------------------------------------  -----  ---------  --------  ----------  --------------  -------------------
/opt/airflow/dags/create_star_schema_part_1.py              654  0.01s             0           0  0.04s           2023-12-10T01:40:24
/opt/airflow/dags/create_star_schema_part_2.py              651  0.02s             0           0  0.04s           2023-12-10T01:40:24
/opt/airflow/dags/sub_dag_remove_multiple_columns.py                               0           0  0.06s           2023-12-10T01:40:52
/opt/airflow/dags/clean_up_after_star_schema_creation.py                           0           0  0.02s           2023-12-10T01:40:25
/opt/airflow/dags/Customer_Shopping_Trends.py                                      5           0  0.18s           2023-12-10T01:40:40
================================================================================
[2023-12-10T01:41:25.897+0000] {manager.py:887} INFO - 
================================================================================
DAG File Processing Stats

File Path                                                   PID  Runtime      # DAGs    # Errors  Last Runtime    Last Run
--------------------------------------------------------  -----  ---------  --------  ----------  --------------  -------------------
/opt/airflow/dags/create_star_schema_part_1.py              686  0.01s             0           0  0.05s           2023-12-10T01:40:55
/opt/airflow/dags/create_star_schema_part_2.py              683  0.02s             0           0  0.06s           2023-12-10T01:40:55
/opt/airflow/dags/sub_dag_remove_multiple_columns.py                               0           0  0.06s           2023-12-10T01:41:22
/opt/airflow/dags/clean_up_after_star_schema_creation.py                           0           0  0.03s           2023-12-10T01:40:55
/opt/airflow/dags/Customer_Shopping_Trends.py                                      5           0  0.18s           2023-12-10T01:41:10
================================================================================
[2023-12-10T01:41:56.296+0000] {manager.py:887} INFO - 
================================================================================
DAG File Processing Stats

File Path                                                   PID  Runtime      # DAGs    # Errors  Last Runtime    Last Run
--------------------------------------------------------  -----  ---------  --------  ----------  --------------  -------------------
/opt/airflow/dags/create_star_schema_part_1.py              720  0.01s             0           0  0.05s           2023-12-10T01:41:25
/opt/airflow/dags/create_star_schema_part_2.py              717  0.02s             0           0  0.06s           2023-12-10T01:41:25
/opt/airflow/dags/sub_dag_remove_multiple_columns.py                               0           0  0.06s           2023-12-10T01:41:53
/opt/airflow/dags/clean_up_after_star_schema_creation.py                           0           0  0.03s           2023-12-10T01:41:25
/opt/airflow/dags/Customer_Shopping_Trends.py                                      5           0  0.18s           2023-12-10T01:41:41
================================================================================
[2023-12-10T01:42:26.705+0000] {manager.py:887} INFO - 
================================================================================
DAG File Processing Stats

File Path                                                   PID  Runtime      # DAGs    # Errors  Last Runtime    Last Run
--------------------------------------------------------  -----  ---------  --------  ----------  --------------  -------------------
/opt/airflow/dags/create_star_schema_part_1.py              752  0.01s             0           0  0.05s           2023-12-10T01:41:56
/opt/airflow/dags/create_star_schema_part_2.py              749  0.02s             0           0  0.06s           2023-12-10T01:41:56
/opt/airflow/dags/sub_dag_remove_multiple_columns.py                               0           0  0.03s           2023-12-10T01:42:23
/opt/airflow/dags/clean_up_after_star_schema_creation.py                           0           0  0.03s           2023-12-10T01:41:56
/opt/airflow/dags/Customer_Shopping_Trends.py                                      5           0  0.17s           2023-12-10T01:42:11
================================================================================
[2023-12-10T01:42:57.099+0000] {manager.py:887} INFO - 
================================================================================
DAG File Processing Stats

File Path                                                   PID  Runtime      # DAGs    # Errors  Last Runtime    Last Run
--------------------------------------------------------  -----  ---------  --------  ----------  --------------  -------------------
/opt/airflow/dags/create_star_schema_part_1.py              786  0.00s             0           0  0.05s           2023-12-10T01:42:26
/opt/airflow/dags/create_star_schema_part_2.py              783  0.01s             0           0  0.06s           2023-12-10T01:42:26
/opt/airflow/dags/sub_dag_remove_multiple_columns.py                               0           0  0.05s           2023-12-10T01:42:54
/opt/airflow/dags/clean_up_after_star_schema_creation.py                           0           0  0.03s           2023-12-10T01:42:26
/opt/airflow/dags/Customer_Shopping_Trends.py                                      5           0  0.18s           2023-12-10T01:42:42
================================================================================
[2023-12-10T01:43:27.507+0000] {manager.py:887} INFO - 
================================================================================
DAG File Processing Stats

File Path                                                   PID  Runtime      # DAGs    # Errors  Last Runtime    Last Run
--------------------------------------------------------  -----  ---------  --------  ----------  --------------  -------------------
/opt/airflow/dags/create_star_schema_part_1.py              818  0.00s             0           0  0.04s           2023-12-10T01:42:57
/opt/airflow/dags/create_star_schema_part_2.py              815  0.02s             0           0  0.05s           2023-12-10T01:42:57
/opt/airflow/dags/sub_dag_remove_multiple_columns.py                               0           0  0.06s           2023-12-10T01:43:24
/opt/airflow/dags/clean_up_after_star_schema_creation.py                           0           0  0.03s           2023-12-10T01:42:57
/opt/airflow/dags/Customer_Shopping_Trends.py                                      5           0  0.17s           2023-12-10T01:43:12
================================================================================
[2023-12-10T01:43:48.770+0000] {manager.py:755} INFO - Searching for files in /opt/airflow/dags
[2023-12-10T01:43:48.800+0000] {manager.py:758} INFO - There are 5 files in /opt/airflow/dags
[2023-12-10T01:43:57.940+0000] {manager.py:887} INFO - 
================================================================================
DAG File Processing Stats

File Path                                                   PID  Runtime      # DAGs    # Errors  Last Runtime    Last Run
--------------------------------------------------------  -----  ---------  --------  ----------  --------------  -------------------
/opt/airflow/dags/create_star_schema_part_1.py              850  0.01s             0           0  0.04s           2023-12-10T01:43:27
/opt/airflow/dags/create_star_schema_part_2.py              847  0.02s             0           0  0.05s           2023-12-10T01:43:27
/opt/airflow/dags/sub_dag_remove_multiple_columns.py                               0           0  0.06s           2023-12-10T01:43:54
/opt/airflow/dags/clean_up_after_star_schema_creation.py                           0           0  0.03s           2023-12-10T01:43:27
/opt/airflow/dags/Customer_Shopping_Trends.py                                      5           0  0.19s           2023-12-10T01:43:42
================================================================================
[2023-12-10T01:44:28.302+0000] {manager.py:887} INFO - 
================================================================================
DAG File Processing Stats

File Path                                                   PID  Runtime      # DAGs    # Errors  Last Runtime    Last Run
--------------------------------------------------------  -----  ---------  --------  ----------  --------------  -------------------
/opt/airflow/dags/create_star_schema_part_1.py              882  0.00s             0           0  0.05s           2023-12-10T01:43:57
/opt/airflow/dags/create_star_schema_part_2.py              879  0.01s             0           0  0.06s           2023-12-10T01:43:57
/opt/airflow/dags/sub_dag_remove_multiple_columns.py                               0           0  0.05s           2023-12-10T01:44:25
/opt/airflow/dags/clean_up_after_star_schema_creation.py                           0           0  0.03s           2023-12-10T01:43:58
/opt/airflow/dags/Customer_Shopping_Trends.py                                      5           0  0.18s           2023-12-10T01:44:13
================================================================================
[2023-12-10T01:44:58.719+0000] {manager.py:887} INFO - 
================================================================================
DAG File Processing Stats

File Path                                                   PID  Runtime      # DAGs    # Errors  Last Runtime    Last Run
--------------------------------------------------------  -----  ---------  --------  ----------  --------------  -------------------
/opt/airflow/dags/create_star_schema_part_1.py              914  0.01s             0           0  0.03s           2023-12-10T01:44:28
/opt/airflow/dags/create_star_schema_part_2.py              911  0.02s             0           0  0.03s           2023-12-10T01:44:28
/opt/airflow/dags/sub_dag_remove_multiple_columns.py                               0           0  0.05s           2023-12-10T01:44:55
/opt/airflow/dags/clean_up_after_star_schema_creation.py                           0           0  0.03s           2023-12-10T01:44:28
/opt/airflow/dags/Customer_Shopping_Trends.py                                      5           0  0.18s           2023-12-10T01:44:43
================================================================================
[2023-12-10T01:45:29.162+0000] {manager.py:887} INFO - 
================================================================================
DAG File Processing Stats

File Path                                                   PID  Runtime      # DAGs    # Errors  Last Runtime    Last Run
--------------------------------------------------------  -----  ---------  --------  ----------  --------------  -------------------
/opt/airflow/dags/create_star_schema_part_1.py              946  0.00s             0           0  0.05s           2023-12-10T01:44:58
/opt/airflow/dags/create_star_schema_part_2.py              943  0.02s             0           0  0.06s           2023-12-10T01:44:58
/opt/airflow/dags/sub_dag_remove_multiple_columns.py                               0           0  0.06s           2023-12-10T01:45:26
/opt/airflow/dags/clean_up_after_star_schema_creation.py                           0           0  0.03s           2023-12-10T01:44:58
/opt/airflow/dags/Customer_Shopping_Trends.py                                      5           0  0.18s           2023-12-10T01:45:14
================================================================================
[2023-12-10T01:45:59.580+0000] {manager.py:887} INFO - 
================================================================================
DAG File Processing Stats

File Path                                                   PID  Runtime      # DAGs    # Errors  Last Runtime    Last Run
--------------------------------------------------------  -----  ---------  --------  ----------  --------------  -------------------
/opt/airflow/dags/create_star_schema_part_1.py              978  0.00s             0           0  0.05s           2023-12-10T01:45:29
/opt/airflow/dags/create_star_schema_part_2.py              975  0.02s             0           0  0.06s           2023-12-10T01:45:29
/opt/airflow/dags/sub_dag_remove_multiple_columns.py                               0           0  0.06s           2023-12-10T01:45:56
/opt/airflow/dags/clean_up_after_star_schema_creation.py                           0           0  0.03s           2023-12-10T01:45:29
/opt/airflow/dags/Customer_Shopping_Trends.py                                      5           0  0.18s           2023-12-10T01:45:44
================================================================================
[2023-12-10T01:46:30.061+0000] {manager.py:887} INFO - 
================================================================================
DAG File Processing Stats

File Path                                                   PID  Runtime      # DAGs    # Errors  Last Runtime    Last Run
--------------------------------------------------------  -----  ---------  --------  ----------  --------------  -------------------
/opt/airflow/dags/create_star_schema_part_1.py             1010  0.01s             0           0  0.04s           2023-12-10T01:45:59
/opt/airflow/dags/create_star_schema_part_2.py             1007  0.02s             0           0  0.05s           2023-12-10T01:45:59
/opt/airflow/dags/sub_dag_remove_multiple_columns.py                               0           0  0.06s           2023-12-10T01:46:27
/opt/airflow/dags/clean_up_after_star_schema_creation.py                           0           0  0.03s           2023-12-10T01:45:59
/opt/airflow/dags/Customer_Shopping_Trends.py                                      5           0  0.18s           2023-12-10T01:46:14
================================================================================
[2023-12-10T01:47:00.532+0000] {manager.py:887} INFO - 
================================================================================
DAG File Processing Stats

File Path                                                   PID  Runtime      # DAGs    # Errors  Last Runtime    Last Run
--------------------------------------------------------  -----  ---------  --------  ----------  --------------  -------------------
/opt/airflow/dags/create_star_schema_part_1.py             1042  0.01s             0           0  0.05s           2023-12-10T01:46:30
/opt/airflow/dags/create_star_schema_part_2.py             1039  0.02s             0           0  0.06s           2023-12-10T01:46:30
/opt/airflow/dags/sub_dag_remove_multiple_columns.py                               0           0  0.06s           2023-12-10T01:46:57
/opt/airflow/dags/clean_up_after_star_schema_creation.py                           0           0  0.03s           2023-12-10T01:46:30
/opt/airflow/dags/Customer_Shopping_Trends.py                                      5           0  0.18s           2023-12-10T01:46:45
================================================================================
[2023-12-10T01:47:30.931+0000] {manager.py:887} INFO - 
================================================================================
DAG File Processing Stats

File Path                                                   PID  Runtime      # DAGs    # Errors  Last Runtime    Last Run
--------------------------------------------------------  -----  ---------  --------  ----------  --------------  -------------------
/opt/airflow/dags/create_star_schema_part_1.py             1074  0.00s             0           0  0.05s           2023-12-10T01:47:00
/opt/airflow/dags/create_star_schema_part_2.py             1071  0.02s             0           0  0.06s           2023-12-10T01:47:00
/opt/airflow/dags/sub_dag_remove_multiple_columns.py                               0           0  0.04s           2023-12-10T01:47:27
/opt/airflow/dags/clean_up_after_star_schema_creation.py                           0           0  0.03s           2023-12-10T01:47:00
/opt/airflow/dags/Customer_Shopping_Trends.py                                      5           0  0.18s           2023-12-10T01:47:15
================================================================================
[2023-12-10T01:47:36.312+0000] {manager.py:469} INFO - Exiting gracefully upon receiving signal 15
