[2023-12-10T01:33:48.644+0000] {processor.py:157} INFO - Started process (PID=168) to work on /opt/airflow/dags/Customer_Shopping_Trends.py
[2023-12-10T01:33:48.647+0000] {processor.py:829} INFO - Processing file /opt/airflow/dags/Customer_Shopping_Trends.py for tasks to queue
[2023-12-10T01:33:48.649+0000] {logging_mixin.py:154} INFO - [2023-12-10T01:33:48.649+0000] {dagbag.py:536} INFO - Filling up the DagBag from /opt/airflow/dags/Customer_Shopping_Trends.py
[2023-12-10T01:33:48.678+0000] {logging_mixin.py:154} INFO - [2023-12-10T01:33:48.675+0000] {dagbag.py:346} ERROR - Failed to import: /opt/airflow/dags/Customer_Shopping_Trends.py
Traceback (most recent call last):
  File "/home/airflow/.local/lib/python3.8/site-packages/airflow/models/dagbag.py", line 342, in parse
    loader.exec_module(new_module)
  File "<frozen importlib._bootstrap_external>", line 843, in exec_module
  File "<frozen importlib._bootstrap>", line 219, in _call_with_frames_removed
  File "/opt/airflow/dags/Customer_Shopping_Trends.py", line 79, in <module>
    with DAG(
  File "/home/airflow/.local/lib/python3.8/site-packages/airflow/models/dag.py", line 493, in __init__
    validate_key(dag_id)
  File "/home/airflow/.local/lib/python3.8/site-packages/airflow/utils/helpers.py", line 57, in validate_key
    raise AirflowException(
airflow.exceptions.AirflowException: The key 'Customer Shopping Trends-v01' has to be made of alphanumeric characters, dashes, dots and underscores exclusively
[2023-12-10T01:33:48.678+0000] {processor.py:841} WARNING - No viable dags retrieved from /opt/airflow/dags/Customer_Shopping_Trends.py
[2023-12-10T01:33:48.700+0000] {processor.py:179} INFO - Processing /opt/airflow/dags/Customer_Shopping_Trends.py took 0.061 seconds
[2023-12-10T01:34:19.559+0000] {processor.py:157} INFO - Started process (PID=200) to work on /opt/airflow/dags/Customer_Shopping_Trends.py
[2023-12-10T01:34:19.563+0000] {processor.py:829} INFO - Processing file /opt/airflow/dags/Customer_Shopping_Trends.py for tasks to queue
[2023-12-10T01:34:19.567+0000] {logging_mixin.py:154} INFO - [2023-12-10T01:34:19.565+0000] {dagbag.py:536} INFO - Filling up the DagBag from /opt/airflow/dags/Customer_Shopping_Trends.py
[2023-12-10T01:34:19.627+0000] {logging_mixin.py:154} INFO - [2023-12-10T01:34:19.613+0000] {dagbag.py:346} ERROR - Failed to import: /opt/airflow/dags/Customer_Shopping_Trends.py
Traceback (most recent call last):
  File "/home/airflow/.local/lib/python3.8/site-packages/airflow/models/dagbag.py", line 342, in parse
    loader.exec_module(new_module)
  File "<frozen importlib._bootstrap_external>", line 843, in exec_module
  File "<frozen importlib._bootstrap>", line 219, in _call_with_frames_removed
  File "/opt/airflow/dags/Customer_Shopping_Trends.py", line 79, in <module>
    with DAG(
  File "/home/airflow/.local/lib/python3.8/site-packages/airflow/models/dag.py", line 493, in __init__
    validate_key(dag_id)
  File "/home/airflow/.local/lib/python3.8/site-packages/airflow/utils/helpers.py", line 57, in validate_key
    raise AirflowException(
airflow.exceptions.AirflowException: The key 'Customer Shopping Trends-v01' has to be made of alphanumeric characters, dashes, dots and underscores exclusively
[2023-12-10T01:34:19.633+0000] {processor.py:841} WARNING - No viable dags retrieved from /opt/airflow/dags/Customer_Shopping_Trends.py
[2023-12-10T01:34:19.704+0000] {processor.py:179} INFO - Processing /opt/airflow/dags/Customer_Shopping_Trends.py took 0.159 seconds
[2023-12-10T01:34:50.175+0000] {processor.py:157} INFO - Started process (PID=232) to work on /opt/airflow/dags/Customer_Shopping_Trends.py
[2023-12-10T01:34:50.176+0000] {processor.py:829} INFO - Processing file /opt/airflow/dags/Customer_Shopping_Trends.py for tasks to queue
[2023-12-10T01:34:50.177+0000] {logging_mixin.py:154} INFO - [2023-12-10T01:34:50.176+0000] {dagbag.py:536} INFO - Filling up the DagBag from /opt/airflow/dags/Customer_Shopping_Trends.py
[2023-12-10T01:34:50.191+0000] {logging_mixin.py:154} INFO - [2023-12-10T01:34:50.188+0000] {dagbag.py:346} ERROR - Failed to import: /opt/airflow/dags/Customer_Shopping_Trends.py
Traceback (most recent call last):
  File "/home/airflow/.local/lib/python3.8/site-packages/airflow/models/dagbag.py", line 342, in parse
    loader.exec_module(new_module)
  File "<frozen importlib._bootstrap_external>", line 843, in exec_module
  File "<frozen importlib._bootstrap>", line 219, in _call_with_frames_removed
  File "/opt/airflow/dags/Customer_Shopping_Trends.py", line 79, in <module>
    with DAG(
  File "/home/airflow/.local/lib/python3.8/site-packages/airflow/models/dag.py", line 493, in __init__
    validate_key(dag_id)
  File "/home/airflow/.local/lib/python3.8/site-packages/airflow/utils/helpers.py", line 57, in validate_key
    raise AirflowException(
airflow.exceptions.AirflowException: The key 'Customer Shopping Trends-v01' has to be made of alphanumeric characters, dashes, dots and underscores exclusively
[2023-12-10T01:34:50.192+0000] {processor.py:841} WARNING - No viable dags retrieved from /opt/airflow/dags/Customer_Shopping_Trends.py
[2023-12-10T01:34:50.220+0000] {processor.py:179} INFO - Processing /opt/airflow/dags/Customer_Shopping_Trends.py took 0.054 seconds
[2023-12-10T01:35:20.456+0000] {processor.py:157} INFO - Started process (PID=264) to work on /opt/airflow/dags/Customer_Shopping_Trends.py
[2023-12-10T01:35:20.458+0000] {processor.py:829} INFO - Processing file /opt/airflow/dags/Customer_Shopping_Trends.py for tasks to queue
[2023-12-10T01:35:20.461+0000] {logging_mixin.py:154} INFO - [2023-12-10T01:35:20.460+0000] {dagbag.py:536} INFO - Filling up the DagBag from /opt/airflow/dags/Customer_Shopping_Trends.py
[2023-12-10T01:35:20.489+0000] {logging_mixin.py:154} INFO - [2023-12-10T01:35:20.481+0000] {dagbag.py:346} ERROR - Failed to import: /opt/airflow/dags/Customer_Shopping_Trends.py
Traceback (most recent call last):
  File "/home/airflow/.local/lib/python3.8/site-packages/airflow/models/dagbag.py", line 342, in parse
    loader.exec_module(new_module)
  File "<frozen importlib._bootstrap_external>", line 843, in exec_module
  File "<frozen importlib._bootstrap>", line 219, in _call_with_frames_removed
  File "/opt/airflow/dags/Customer_Shopping_Trends.py", line 79, in <module>
    with DAG(
  File "/home/airflow/.local/lib/python3.8/site-packages/airflow/models/dag.py", line 493, in __init__
    validate_key(dag_id)
  File "/home/airflow/.local/lib/python3.8/site-packages/airflow/utils/helpers.py", line 57, in validate_key
    raise AirflowException(
airflow.exceptions.AirflowException: The key 'Customer Shopping Trends-v01' has to be made of alphanumeric characters, dashes, dots and underscores exclusively
[2023-12-10T01:35:20.490+0000] {processor.py:841} WARNING - No viable dags retrieved from /opt/airflow/dags/Customer_Shopping_Trends.py
[2023-12-10T01:35:20.521+0000] {processor.py:179} INFO - Processing /opt/airflow/dags/Customer_Shopping_Trends.py took 0.074 seconds
[2023-12-10T01:35:38.737+0000] {processor.py:157} INFO - Started process (PID=296) to work on /opt/airflow/dags/Customer_Shopping_Trends.py
[2023-12-10T01:35:38.739+0000] {processor.py:829} INFO - Processing file /opt/airflow/dags/Customer_Shopping_Trends.py for tasks to queue
[2023-12-10T01:35:38.740+0000] {logging_mixin.py:154} INFO - [2023-12-10T01:35:38.740+0000] {dagbag.py:536} INFO - Filling up the DagBag from /opt/airflow/dags/Customer_Shopping_Trends.py
[2023-12-10T01:35:38.755+0000] {logging_mixin.py:154} INFO - [2023-12-10T01:35:38.752+0000] {dagbag.py:346} ERROR - Failed to import: /opt/airflow/dags/Customer_Shopping_Trends.py
Traceback (most recent call last):
  File "/home/airflow/.local/lib/python3.8/site-packages/airflow/models/dagbag.py", line 342, in parse
    loader.exec_module(new_module)
  File "<frozen importlib._bootstrap_external>", line 843, in exec_module
  File "<frozen importlib._bootstrap>", line 219, in _call_with_frames_removed
  File "/opt/airflow/dags/Customer_Shopping_Trends.py", line 79, in <module>
    with DAG(
  File "/home/airflow/.local/lib/python3.8/site-packages/airflow/models/dag.py", line 493, in __init__
    validate_key(dag_id)
  File "/home/airflow/.local/lib/python3.8/site-packages/airflow/utils/helpers.py", line 57, in validate_key
    raise AirflowException(
airflow.exceptions.AirflowException: The key 'Customer Shopping Trends-v01' has to be made of alphanumeric characters, dashes, dots and underscores exclusively
[2023-12-10T01:35:38.755+0000] {processor.py:841} WARNING - No viable dags retrieved from /opt/airflow/dags/Customer_Shopping_Trends.py
[2023-12-10T01:35:38.774+0000] {processor.py:179} INFO - Processing /opt/airflow/dags/Customer_Shopping_Trends.py took 0.041 seconds
[2023-12-10T01:35:39.813+0000] {processor.py:157} INFO - Started process (PID=301) to work on /opt/airflow/dags/Customer_Shopping_Trends.py
[2023-12-10T01:35:39.814+0000] {processor.py:829} INFO - Processing file /opt/airflow/dags/Customer_Shopping_Trends.py for tasks to queue
[2023-12-10T01:35:39.815+0000] {logging_mixin.py:154} INFO - [2023-12-10T01:35:39.815+0000] {dagbag.py:536} INFO - Filling up the DagBag from /opt/airflow/dags/Customer_Shopping_Trends.py
[2023-12-10T01:35:39.830+0000] {logging_mixin.py:154} INFO - [2023-12-10T01:35:39.828+0000] {dagbag.py:346} ERROR - Failed to import: /opt/airflow/dags/Customer_Shopping_Trends.py
Traceback (most recent call last):
  File "/home/airflow/.local/lib/python3.8/site-packages/airflow/models/dagbag.py", line 342, in parse
    loader.exec_module(new_module)
  File "<frozen importlib._bootstrap_external>", line 843, in exec_module
  File "<frozen importlib._bootstrap>", line 219, in _call_with_frames_removed
  File "/opt/airflow/dags/Customer_Shopping_Trends.py", line 79, in <module>
    with DAG(
  File "/home/airflow/.local/lib/python3.8/site-packages/airflow/models/dag.py", line 493, in __init__
    validate_key(dag_id)
  File "/home/airflow/.local/lib/python3.8/site-packages/airflow/utils/helpers.py", line 57, in validate_key
    raise AirflowException(
airflow.exceptions.AirflowException: The key 'Customer Shopping Trends-v01' has to be made of alphanumeric characters, dashes, dots and underscores exclusively
[2023-12-10T01:35:39.830+0000] {processor.py:841} WARNING - No viable dags retrieved from /opt/airflow/dags/Customer_Shopping_Trends.py
[2023-12-10T01:35:39.848+0000] {processor.py:179} INFO - Processing /opt/airflow/dags/Customer_Shopping_Trends.py took 0.039 seconds
[2023-12-10T01:35:57.137+0000] {processor.py:157} INFO - Started process (PID=326) to work on /opt/airflow/dags/Customer_Shopping_Trends.py
[2023-12-10T01:35:57.139+0000] {processor.py:829} INFO - Processing file /opt/airflow/dags/Customer_Shopping_Trends.py for tasks to queue
[2023-12-10T01:35:57.140+0000] {logging_mixin.py:154} INFO - [2023-12-10T01:35:57.140+0000] {dagbag.py:536} INFO - Filling up the DagBag from /opt/airflow/dags/Customer_Shopping_Trends.py
[2023-12-10T01:35:57.158+0000] {logging_mixin.py:154} INFO - [2023-12-10T01:35:57.156+0000] {dagbag.py:346} ERROR - Failed to import: /opt/airflow/dags/Customer_Shopping_Trends.py
Traceback (most recent call last):
  File "/home/airflow/.local/lib/python3.8/site-packages/airflow/models/dagbag.py", line 342, in parse
    loader.exec_module(new_module)
  File "<frozen importlib._bootstrap_external>", line 843, in exec_module
  File "<frozen importlib._bootstrap>", line 219, in _call_with_frames_removed
  File "/opt/airflow/dags/Customer_Shopping_Trends.py", line 79, in <module>
    with DAG(
  File "/home/airflow/.local/lib/python3.8/site-packages/airflow/models/dag.py", line 493, in __init__
    validate_key(dag_id)
  File "/home/airflow/.local/lib/python3.8/site-packages/airflow/utils/helpers.py", line 57, in validate_key
    raise AirflowException(
airflow.exceptions.AirflowException: The key 'Customer Shopping Trends-v01' has to be made of alphanumeric characters, dashes, dots and underscores exclusively
[2023-12-10T01:35:57.158+0000] {processor.py:841} WARNING - No viable dags retrieved from /opt/airflow/dags/Customer_Shopping_Trends.py
[2023-12-10T01:35:57.177+0000] {processor.py:179} INFO - Processing /opt/airflow/dags/Customer_Shopping_Trends.py took 0.045 seconds
[2023-12-10T01:36:02.263+0000] {processor.py:157} INFO - Started process (PID=338) to work on /opt/airflow/dags/Customer_Shopping_Trends.py
[2023-12-10T01:36:02.265+0000] {processor.py:829} INFO - Processing file /opt/airflow/dags/Customer_Shopping_Trends.py for tasks to queue
[2023-12-10T01:36:02.266+0000] {logging_mixin.py:154} INFO - [2023-12-10T01:36:02.265+0000] {dagbag.py:536} INFO - Filling up the DagBag from /opt/airflow/dags/Customer_Shopping_Trends.py
[2023-12-10T01:36:02.282+0000] {logging_mixin.py:154} INFO - [2023-12-10T01:36:02.280+0000] {dagbag.py:346} ERROR - Failed to import: /opt/airflow/dags/Customer_Shopping_Trends.py
Traceback (most recent call last):
  File "/home/airflow/.local/lib/python3.8/site-packages/airflow/models/dagbag.py", line 342, in parse
    loader.exec_module(new_module)
  File "<frozen importlib._bootstrap_external>", line 843, in exec_module
  File "<frozen importlib._bootstrap>", line 219, in _call_with_frames_removed
  File "/opt/airflow/dags/Customer_Shopping_Trends.py", line 79, in <module>
    with DAG(
  File "/home/airflow/.local/lib/python3.8/site-packages/airflow/models/dag.py", line 493, in __init__
    validate_key(dag_id)
  File "/home/airflow/.local/lib/python3.8/site-packages/airflow/utils/helpers.py", line 57, in validate_key
    raise AirflowException(
airflow.exceptions.AirflowException: The key 'Customer Shopping Trends-v01' has to be made of alphanumeric characters, dashes, dots and underscores exclusively
[2023-12-10T01:36:02.283+0000] {processor.py:841} WARNING - No viable dags retrieved from /opt/airflow/dags/Customer_Shopping_Trends.py
[2023-12-10T01:36:02.301+0000] {processor.py:179} INFO - Processing /opt/airflow/dags/Customer_Shopping_Trends.py took 0.044 seconds
[2023-12-10T01:36:32.734+0000] {processor.py:157} INFO - Started process (PID=370) to work on /opt/airflow/dags/Customer_Shopping_Trends.py
[2023-12-10T01:36:32.735+0000] {processor.py:829} INFO - Processing file /opt/airflow/dags/Customer_Shopping_Trends.py for tasks to queue
[2023-12-10T01:36:32.736+0000] {logging_mixin.py:154} INFO - [2023-12-10T01:36:32.735+0000] {dagbag.py:536} INFO - Filling up the DagBag from /opt/airflow/dags/Customer_Shopping_Trends.py
[2023-12-10T01:36:32.746+0000] {logging_mixin.py:154} INFO - [2023-12-10T01:36:32.744+0000] {dagbag.py:346} ERROR - Failed to import: /opt/airflow/dags/Customer_Shopping_Trends.py
Traceback (most recent call last):
  File "/home/airflow/.local/lib/python3.8/site-packages/airflow/models/dagbag.py", line 342, in parse
    loader.exec_module(new_module)
  File "<frozen importlib._bootstrap_external>", line 843, in exec_module
  File "<frozen importlib._bootstrap>", line 219, in _call_with_frames_removed
  File "/opt/airflow/dags/Customer_Shopping_Trends.py", line 79, in <module>
    with DAG(
  File "/home/airflow/.local/lib/python3.8/site-packages/airflow/models/dag.py", line 493, in __init__
    validate_key(dag_id)
  File "/home/airflow/.local/lib/python3.8/site-packages/airflow/utils/helpers.py", line 57, in validate_key
    raise AirflowException(
airflow.exceptions.AirflowException: The key 'Customer Shopping Trends-v01' has to be made of alphanumeric characters, dashes, dots and underscores exclusively
[2023-12-10T01:36:32.747+0000] {processor.py:841} WARNING - No viable dags retrieved from /opt/airflow/dags/Customer_Shopping_Trends.py
[2023-12-10T01:36:32.766+0000] {processor.py:179} INFO - Processing /opt/airflow/dags/Customer_Shopping_Trends.py took 0.036 seconds
[2023-12-10T01:37:03.132+0000] {processor.py:157} INFO - Started process (PID=402) to work on /opt/airflow/dags/Customer_Shopping_Trends.py
[2023-12-10T01:37:03.133+0000] {processor.py:829} INFO - Processing file /opt/airflow/dags/Customer_Shopping_Trends.py for tasks to queue
[2023-12-10T01:37:03.134+0000] {logging_mixin.py:154} INFO - [2023-12-10T01:37:03.133+0000] {dagbag.py:536} INFO - Filling up the DagBag from /opt/airflow/dags/Customer_Shopping_Trends.py
[2023-12-10T01:37:03.147+0000] {logging_mixin.py:154} INFO - [2023-12-10T01:37:03.145+0000] {dagbag.py:346} ERROR - Failed to import: /opt/airflow/dags/Customer_Shopping_Trends.py
Traceback (most recent call last):
  File "/home/airflow/.local/lib/python3.8/site-packages/airflow/models/dagbag.py", line 342, in parse
    loader.exec_module(new_module)
  File "<frozen importlib._bootstrap_external>", line 843, in exec_module
  File "<frozen importlib._bootstrap>", line 219, in _call_with_frames_removed
  File "/opt/airflow/dags/Customer_Shopping_Trends.py", line 79, in <module>
    with DAG(
  File "/home/airflow/.local/lib/python3.8/site-packages/airflow/models/dag.py", line 493, in __init__
    validate_key(dag_id)
  File "/home/airflow/.local/lib/python3.8/site-packages/airflow/utils/helpers.py", line 57, in validate_key
    raise AirflowException(
airflow.exceptions.AirflowException: The key 'Customer Shopping Trends-v01' has to be made of alphanumeric characters, dashes, dots and underscores exclusively
[2023-12-10T01:37:03.148+0000] {processor.py:841} WARNING - No viable dags retrieved from /opt/airflow/dags/Customer_Shopping_Trends.py
[2023-12-10T01:37:03.167+0000] {processor.py:179} INFO - Processing /opt/airflow/dags/Customer_Shopping_Trends.py took 0.038 seconds
[2023-12-10T01:37:27.455+0000] {processor.py:157} INFO - Started process (PID=427) to work on /opt/airflow/dags/Customer_Shopping_Trends.py
[2023-12-10T01:37:27.456+0000] {processor.py:829} INFO - Processing file /opt/airflow/dags/Customer_Shopping_Trends.py for tasks to queue
[2023-12-10T01:37:27.457+0000] {logging_mixin.py:154} INFO - [2023-12-10T01:37:27.457+0000] {dagbag.py:536} INFO - Filling up the DagBag from /opt/airflow/dags/Customer_Shopping_Trends.py
[2023-12-10T01:37:27.501+0000] {logging_mixin.py:154} INFO - [2023-12-10T01:37:27.500+0000] {dagbag.py:346} ERROR - Failed to import: /opt/airflow/dags/Customer_Shopping_Trends.py
Traceback (most recent call last):
  File "/home/airflow/.local/lib/python3.8/site-packages/airflow/models/dagbag.py", line 342, in parse
    loader.exec_module(new_module)
  File "<frozen importlib._bootstrap_external>", line 843, in exec_module
  File "<frozen importlib._bootstrap>", line 219, in _call_with_frames_removed
  File "/opt/airflow/dags/Customer_Shopping_Trends.py", line 134, in <module>
    subdag=rmc.sub_dag_remove_multiple_columns(
TypeError: sub_dag_remove_multiple_columns() got an unexpected keyword argument 'postgres_conn_id'
[2023-12-10T01:37:27.501+0000] {processor.py:841} WARNING - No viable dags retrieved from /opt/airflow/dags/Customer_Shopping_Trends.py
[2023-12-10T01:37:27.515+0000] {processor.py:179} INFO - Processing /opt/airflow/dags/Customer_Shopping_Trends.py took 0.064 seconds
[2023-12-10T01:37:49.696+0000] {processor.py:157} INFO - Started process (PID=439) to work on /opt/airflow/dags/Customer_Shopping_Trends.py
[2023-12-10T01:37:49.698+0000] {processor.py:829} INFO - Processing file /opt/airflow/dags/Customer_Shopping_Trends.py for tasks to queue
[2023-12-10T01:37:49.699+0000] {logging_mixin.py:154} INFO - [2023-12-10T01:37:49.699+0000] {dagbag.py:536} INFO - Filling up the DagBag from /opt/airflow/dags/Customer_Shopping_Trends.py
[2023-12-10T01:37:49.725+0000] {logging_mixin.py:154} INFO - [2023-12-10T01:37:49.723+0000] {dagbag.py:346} ERROR - Failed to import: /opt/airflow/dags/Customer_Shopping_Trends.py
Traceback (most recent call last):
  File "/home/airflow/.local/lib/python3.8/site-packages/airflow/models/dagbag.py", line 342, in parse
    loader.exec_module(new_module)
  File "<frozen importlib._bootstrap_external>", line 843, in exec_module
  File "<frozen importlib._bootstrap>", line 219, in _call_with_frames_removed
  File "/opt/airflow/dags/Customer_Shopping_Trends.py", line 134, in <module>
    subdag=rmc.sub_dag_remove_multiple_columns(
  File "/opt/airflow/dags/sub_dag_remove_multiple_columns.py", line 69, in sub_dag_remove_multiple_columns
    assert not(isinstance(table_name, str)), \
AssertionError: cust_shop_trends_pipe has to be a string, but what is entered is not a string
[2023-12-10T01:37:49.726+0000] {processor.py:841} WARNING - No viable dags retrieved from /opt/airflow/dags/Customer_Shopping_Trends.py
[2023-12-10T01:37:49.741+0000] {processor.py:179} INFO - Processing /opt/airflow/dags/Customer_Shopping_Trends.py took 0.049 seconds
[2023-12-10T01:38:20.197+0000] {processor.py:157} INFO - Started process (PID=476) to work on /opt/airflow/dags/Customer_Shopping_Trends.py
[2023-12-10T01:38:20.198+0000] {processor.py:829} INFO - Processing file /opt/airflow/dags/Customer_Shopping_Trends.py for tasks to queue
[2023-12-10T01:38:20.199+0000] {logging_mixin.py:154} INFO - [2023-12-10T01:38:20.198+0000] {dagbag.py:536} INFO - Filling up the DagBag from /opt/airflow/dags/Customer_Shopping_Trends.py
[2023-12-10T01:38:20.259+0000] {processor.py:839} INFO - DAG(s) dict_keys(['Customer_Shopping_Trends-v01.remove_unnecessary_columns', 'Customer_Shopping_Trends-v01.create_dim_tables', 'Customer_Shopping_Trends-v01.insert_fk_into_fact_table', 'Customer_Shopping_Trends-v01.remove_replaced_dim_cols', 'Customer_Shopping_Trends-v01']) retrieved from /opt/airflow/dags/Customer_Shopping_Trends.py
[2023-12-10T01:38:20.459+0000] {logging_mixin.py:154} INFO - [2023-12-10T01:38:20.459+0000] {manager.py:499} INFO - Created Permission View: %s
[2023-12-10T01:38:20.463+0000] {logging_mixin.py:154} INFO - [2023-12-10T01:38:20.463+0000] {manager.py:499} INFO - Created Permission View: %s
[2023-12-10T01:38:20.466+0000] {logging_mixin.py:154} INFO - [2023-12-10T01:38:20.466+0000] {manager.py:499} INFO - Created Permission View: %s
[2023-12-10T01:38:20.466+0000] {logging_mixin.py:154} INFO - [2023-12-10T01:38:20.466+0000] {dag.py:2941} INFO - Sync 5 DAGs
[2023-12-10T01:38:20.472+0000] {logging_mixin.py:154} INFO - [2023-12-10T01:38:20.472+0000] {dag.py:2963} INFO - Creating ORM DAG for Customer_Shopping_Trends-v01.remove_unnecessary_columns
[2023-12-10T01:38:20.473+0000] {logging_mixin.py:154} INFO - [2023-12-10T01:38:20.473+0000] {dag.py:2963} INFO - Creating ORM DAG for Customer_Shopping_Trends-v01.insert_fk_into_fact_table
[2023-12-10T01:38:20.473+0000] {logging_mixin.py:154} INFO - [2023-12-10T01:38:20.473+0000] {dag.py:2963} INFO - Creating ORM DAG for Customer_Shopping_Trends-v01
[2023-12-10T01:38:20.473+0000] {logging_mixin.py:154} INFO - [2023-12-10T01:38:20.473+0000] {dag.py:2963} INFO - Creating ORM DAG for Customer_Shopping_Trends-v01.create_dim_tables
[2023-12-10T01:38:20.474+0000] {logging_mixin.py:154} INFO - [2023-12-10T01:38:20.474+0000] {dag.py:2963} INFO - Creating ORM DAG for Customer_Shopping_Trends-v01.remove_replaced_dim_cols
[2023-12-10T01:38:20.479+0000] {logging_mixin.py:154} INFO - [2023-12-10T01:38:20.479+0000] {dag.py:3722} INFO - Setting next_dagrun for Customer_Shopping_Trends-v01 to 2023-10-09T00:00:00+00:00, run_after=2023-10-09T00:00:00+00:00
[2023-12-10T01:38:20.479+0000] {logging_mixin.py:154} INFO - [2023-12-10T01:38:20.479+0000] {dag.py:3722} INFO - Setting next_dagrun for Customer_Shopping_Trends-v01.create_dim_tables to None, run_after=None
[2023-12-10T01:38:20.480+0000] {logging_mixin.py:154} INFO - [2023-12-10T01:38:20.479+0000] {dag.py:3722} INFO - Setting next_dagrun for Customer_Shopping_Trends-v01.insert_fk_into_fact_table to None, run_after=None
[2023-12-10T01:38:20.480+0000] {logging_mixin.py:154} INFO - [2023-12-10T01:38:20.480+0000] {dag.py:3722} INFO - Setting next_dagrun for Customer_Shopping_Trends-v01.remove_replaced_dim_cols to None, run_after=None
[2023-12-10T01:38:20.480+0000] {logging_mixin.py:154} INFO - [2023-12-10T01:38:20.480+0000] {dag.py:3722} INFO - Setting next_dagrun for Customer_Shopping_Trends-v01.remove_unnecessary_columns to None, run_after=None
[2023-12-10T01:38:20.487+0000] {logging_mixin.py:154} INFO - [2023-12-10T01:38:20.487+0000] {dag.py:2941} INFO - Sync 4 DAGs
[2023-12-10T01:38:20.490+0000] {logging_mixin.py:154} INFO - [2023-12-10T01:38:20.490+0000] {dag.py:3722} INFO - Setting next_dagrun for Customer_Shopping_Trends-v01.create_dim_tables to None, run_after=None
[2023-12-10T01:38:20.492+0000] {logging_mixin.py:154} INFO - [2023-12-10T01:38:20.492+0000] {dag.py:3722} INFO - Setting next_dagrun for Customer_Shopping_Trends-v01.insert_fk_into_fact_table to None, run_after=None
[2023-12-10T01:38:20.492+0000] {logging_mixin.py:154} INFO - [2023-12-10T01:38:20.492+0000] {dag.py:3722} INFO - Setting next_dagrun for Customer_Shopping_Trends-v01.remove_replaced_dim_cols to None, run_after=None
[2023-12-10T01:38:20.493+0000] {logging_mixin.py:154} INFO - [2023-12-10T01:38:20.493+0000] {dag.py:3722} INFO - Setting next_dagrun for Customer_Shopping_Trends-v01.remove_unnecessary_columns to None, run_after=None
[2023-12-10T01:38:20.498+0000] {processor.py:179} INFO - Processing /opt/airflow/dags/Customer_Shopping_Trends.py took 0.306 seconds
[2023-12-10T01:38:38.577+0000] {processor.py:157} INFO - Started process (PID=508) to work on /opt/airflow/dags/Customer_Shopping_Trends.py
[2023-12-10T01:38:38.578+0000] {processor.py:829} INFO - Processing file /opt/airflow/dags/Customer_Shopping_Trends.py for tasks to queue
[2023-12-10T01:38:38.580+0000] {logging_mixin.py:154} INFO - [2023-12-10T01:38:38.579+0000] {dagbag.py:536} INFO - Filling up the DagBag from /opt/airflow/dags/Customer_Shopping_Trends.py
[2023-12-10T01:38:38.642+0000] {processor.py:839} INFO - DAG(s) dict_keys(['Customer_Shopping_Trends-v01.remove_unnecessary_columns', 'Customer_Shopping_Trends-v01.create_dim_tables', 'Customer_Shopping_Trends-v01.insert_fk_into_fact_table', 'Customer_Shopping_Trends-v01.remove_replaced_dim_cols', 'Customer_Shopping_Trends-v01']) retrieved from /opt/airflow/dags/Customer_Shopping_Trends.py
[2023-12-10T01:38:38.644+0000] {logging_mixin.py:154} INFO - [2023-12-10T01:38:38.644+0000] {dag.py:2941} INFO - Sync 5 DAGs
[2023-12-10T01:38:38.654+0000] {logging_mixin.py:154} INFO - [2023-12-10T01:38:38.654+0000] {dag.py:3722} INFO - Setting next_dagrun for Customer_Shopping_Trends-v01 to 2023-10-09T00:00:00+00:00, run_after=2023-10-09T00:00:00+00:00
[2023-12-10T01:38:38.657+0000] {logging_mixin.py:154} INFO - [2023-12-10T01:38:38.656+0000] {dag.py:3722} INFO - Setting next_dagrun for Customer_Shopping_Trends-v01.create_dim_tables to None, run_after=None
[2023-12-10T01:38:38.657+0000] {logging_mixin.py:154} INFO - [2023-12-10T01:38:38.657+0000] {dag.py:3722} INFO - Setting next_dagrun for Customer_Shopping_Trends-v01.insert_fk_into_fact_table to None, run_after=None
[2023-12-10T01:38:38.658+0000] {logging_mixin.py:154} INFO - [2023-12-10T01:38:38.658+0000] {dag.py:3722} INFO - Setting next_dagrun for Customer_Shopping_Trends-v01.remove_replaced_dim_cols to None, run_after=None
[2023-12-10T01:38:38.659+0000] {logging_mixin.py:154} INFO - [2023-12-10T01:38:38.659+0000] {dag.py:3722} INFO - Setting next_dagrun for Customer_Shopping_Trends-v01.remove_unnecessary_columns to None, run_after=None
[2023-12-10T01:38:38.664+0000] {logging_mixin.py:154} INFO - [2023-12-10T01:38:38.664+0000] {dag.py:2941} INFO - Sync 4 DAGs
[2023-12-10T01:38:38.666+0000] {logging_mixin.py:154} INFO - [2023-12-10T01:38:38.666+0000] {dag.py:3722} INFO - Setting next_dagrun for Customer_Shopping_Trends-v01.create_dim_tables to None, run_after=None
[2023-12-10T01:38:38.667+0000] {logging_mixin.py:154} INFO - [2023-12-10T01:38:38.667+0000] {dag.py:3722} INFO - Setting next_dagrun for Customer_Shopping_Trends-v01.insert_fk_into_fact_table to None, run_after=None
[2023-12-10T01:38:38.667+0000] {logging_mixin.py:154} INFO - [2023-12-10T01:38:38.667+0000] {dag.py:3722} INFO - Setting next_dagrun for Customer_Shopping_Trends-v01.remove_replaced_dim_cols to None, run_after=None
[2023-12-10T01:38:38.667+0000] {logging_mixin.py:154} INFO - [2023-12-10T01:38:38.667+0000] {dag.py:3722} INFO - Setting next_dagrun for Customer_Shopping_Trends-v01.remove_unnecessary_columns to None, run_after=None
[2023-12-10T01:38:38.672+0000] {processor.py:179} INFO - Processing /opt/airflow/dags/Customer_Shopping_Trends.py took 0.101 seconds
[2023-12-10T01:39:09.046+0000] {processor.py:157} INFO - Started process (PID=540) to work on /opt/airflow/dags/Customer_Shopping_Trends.py
[2023-12-10T01:39:09.048+0000] {processor.py:829} INFO - Processing file /opt/airflow/dags/Customer_Shopping_Trends.py for tasks to queue
[2023-12-10T01:39:09.049+0000] {logging_mixin.py:154} INFO - [2023-12-10T01:39:09.049+0000] {dagbag.py:536} INFO - Filling up the DagBag from /opt/airflow/dags/Customer_Shopping_Trends.py
[2023-12-10T01:39:09.111+0000] {processor.py:839} INFO - DAG(s) dict_keys(['Customer_Shopping_Trends-v01.remove_unnecessary_columns', 'Customer_Shopping_Trends-v01.create_dim_tables', 'Customer_Shopping_Trends-v01.insert_fk_into_fact_table', 'Customer_Shopping_Trends-v01.remove_replaced_dim_cols', 'Customer_Shopping_Trends-v01']) retrieved from /opt/airflow/dags/Customer_Shopping_Trends.py
[2023-12-10T01:39:09.205+0000] {logging_mixin.py:154} INFO - [2023-12-10T01:39:09.205+0000] {dag.py:2941} INFO - Sync 5 DAGs
[2023-12-10T01:39:09.214+0000] {logging_mixin.py:154} INFO - [2023-12-10T01:39:09.214+0000] {dag.py:3722} INFO - Setting next_dagrun for Customer_Shopping_Trends-v01 to 2023-10-09T00:00:00+00:00, run_after=2023-10-09T00:00:00+00:00
[2023-12-10T01:39:09.216+0000] {logging_mixin.py:154} INFO - [2023-12-10T01:39:09.216+0000] {dag.py:3722} INFO - Setting next_dagrun for Customer_Shopping_Trends-v01.create_dim_tables to None, run_after=None
[2023-12-10T01:39:09.216+0000] {logging_mixin.py:154} INFO - [2023-12-10T01:39:09.216+0000] {dag.py:3722} INFO - Setting next_dagrun for Customer_Shopping_Trends-v01.insert_fk_into_fact_table to None, run_after=None
[2023-12-10T01:39:09.217+0000] {logging_mixin.py:154} INFO - [2023-12-10T01:39:09.217+0000] {dag.py:3722} INFO - Setting next_dagrun for Customer_Shopping_Trends-v01.remove_replaced_dim_cols to None, run_after=None
[2023-12-10T01:39:09.218+0000] {logging_mixin.py:154} INFO - [2023-12-10T01:39:09.218+0000] {dag.py:3722} INFO - Setting next_dagrun for Customer_Shopping_Trends-v01.remove_unnecessary_columns to None, run_after=None
[2023-12-10T01:39:09.224+0000] {logging_mixin.py:154} INFO - [2023-12-10T01:39:09.224+0000] {dag.py:2941} INFO - Sync 4 DAGs
[2023-12-10T01:39:09.227+0000] {logging_mixin.py:154} INFO - [2023-12-10T01:39:09.227+0000] {dag.py:3722} INFO - Setting next_dagrun for Customer_Shopping_Trends-v01.create_dim_tables to None, run_after=None
[2023-12-10T01:39:09.227+0000] {logging_mixin.py:154} INFO - [2023-12-10T01:39:09.227+0000] {dag.py:3722} INFO - Setting next_dagrun for Customer_Shopping_Trends-v01.insert_fk_into_fact_table to None, run_after=None
[2023-12-10T01:39:09.227+0000] {logging_mixin.py:154} INFO - [2023-12-10T01:39:09.227+0000] {dag.py:3722} INFO - Setting next_dagrun for Customer_Shopping_Trends-v01.remove_replaced_dim_cols to None, run_after=None
[2023-12-10T01:39:09.227+0000] {logging_mixin.py:154} INFO - [2023-12-10T01:39:09.227+0000] {dag.py:3722} INFO - Setting next_dagrun for Customer_Shopping_Trends-v01.remove_unnecessary_columns to None, run_after=None
[2023-12-10T01:39:09.233+0000] {processor.py:179} INFO - Processing /opt/airflow/dags/Customer_Shopping_Trends.py took 0.192 seconds
[2023-12-10T01:39:39.461+0000] {processor.py:157} INFO - Started process (PID=576) to work on /opt/airflow/dags/Customer_Shopping_Trends.py
[2023-12-10T01:39:39.462+0000] {processor.py:829} INFO - Processing file /opt/airflow/dags/Customer_Shopping_Trends.py for tasks to queue
[2023-12-10T01:39:39.463+0000] {logging_mixin.py:154} INFO - [2023-12-10T01:39:39.463+0000] {dagbag.py:536} INFO - Filling up the DagBag from /opt/airflow/dags/Customer_Shopping_Trends.py
[2023-12-10T01:39:39.529+0000] {processor.py:839} INFO - DAG(s) dict_keys(['Customer_Shopping_Trends-v01.remove_unnecessary_columns', 'Customer_Shopping_Trends-v01.create_dim_tables', 'Customer_Shopping_Trends-v01.insert_fk_into_fact_table', 'Customer_Shopping_Trends-v01.remove_replaced_dim_cols', 'Customer_Shopping_Trends-v01']) retrieved from /opt/airflow/dags/Customer_Shopping_Trends.py
[2023-12-10T01:39:39.597+0000] {logging_mixin.py:154} INFO - [2023-12-10T01:39:39.597+0000] {dag.py:2941} INFO - Sync 5 DAGs
[2023-12-10T01:39:39.611+0000] {logging_mixin.py:154} INFO - [2023-12-10T01:39:39.611+0000] {dag.py:3722} INFO - Setting next_dagrun for Customer_Shopping_Trends-v01 to None, run_after=None
[2023-12-10T01:39:39.613+0000] {logging_mixin.py:154} INFO - [2023-12-10T01:39:39.613+0000] {dag.py:3722} INFO - Setting next_dagrun for Customer_Shopping_Trends-v01.create_dim_tables to None, run_after=None
[2023-12-10T01:39:39.613+0000] {logging_mixin.py:154} INFO - [2023-12-10T01:39:39.613+0000] {dag.py:3722} INFO - Setting next_dagrun for Customer_Shopping_Trends-v01.insert_fk_into_fact_table to None, run_after=None
[2023-12-10T01:39:39.614+0000] {logging_mixin.py:154} INFO - [2023-12-10T01:39:39.614+0000] {dag.py:3722} INFO - Setting next_dagrun for Customer_Shopping_Trends-v01.remove_replaced_dim_cols to None, run_after=None
[2023-12-10T01:39:39.614+0000] {logging_mixin.py:154} INFO - [2023-12-10T01:39:39.614+0000] {dag.py:3722} INFO - Setting next_dagrun for Customer_Shopping_Trends-v01.remove_unnecessary_columns to None, run_after=None
[2023-12-10T01:39:39.619+0000] {logging_mixin.py:154} INFO - [2023-12-10T01:39:39.619+0000] {dag.py:2941} INFO - Sync 4 DAGs
[2023-12-10T01:39:39.622+0000] {logging_mixin.py:154} INFO - [2023-12-10T01:39:39.622+0000] {dag.py:3722} INFO - Setting next_dagrun for Customer_Shopping_Trends-v01.create_dim_tables to None, run_after=None
[2023-12-10T01:39:39.622+0000] {logging_mixin.py:154} INFO - [2023-12-10T01:39:39.622+0000] {dag.py:3722} INFO - Setting next_dagrun for Customer_Shopping_Trends-v01.insert_fk_into_fact_table to None, run_after=None
[2023-12-10T01:39:39.622+0000] {logging_mixin.py:154} INFO - [2023-12-10T01:39:39.622+0000] {dag.py:3722} INFO - Setting next_dagrun for Customer_Shopping_Trends-v01.remove_replaced_dim_cols to None, run_after=None
[2023-12-10T01:39:39.622+0000] {logging_mixin.py:154} INFO - [2023-12-10T01:39:39.622+0000] {dag.py:3722} INFO - Setting next_dagrun for Customer_Shopping_Trends-v01.remove_unnecessary_columns to None, run_after=None
[2023-12-10T01:39:39.630+0000] {processor.py:179} INFO - Processing /opt/airflow/dags/Customer_Shopping_Trends.py took 0.173 seconds
[2023-12-10T01:40:09.810+0000] {processor.py:157} INFO - Started process (PID=607) to work on /opt/airflow/dags/Customer_Shopping_Trends.py
[2023-12-10T01:40:09.811+0000] {processor.py:829} INFO - Processing file /opt/airflow/dags/Customer_Shopping_Trends.py for tasks to queue
[2023-12-10T01:40:09.812+0000] {logging_mixin.py:154} INFO - [2023-12-10T01:40:09.812+0000] {dagbag.py:536} INFO - Filling up the DagBag from /opt/airflow/dags/Customer_Shopping_Trends.py
[2023-12-10T01:40:09.875+0000] {processor.py:839} INFO - DAG(s) dict_keys(['Customer_Shopping_Trends-v01.remove_unnecessary_columns', 'Customer_Shopping_Trends-v01.create_dim_tables', 'Customer_Shopping_Trends-v01.insert_fk_into_fact_table', 'Customer_Shopping_Trends-v01.remove_replaced_dim_cols', 'Customer_Shopping_Trends-v01']) retrieved from /opt/airflow/dags/Customer_Shopping_Trends.py
[2023-12-10T01:40:09.945+0000] {logging_mixin.py:154} INFO - [2023-12-10T01:40:09.945+0000] {dag.py:2941} INFO - Sync 5 DAGs
[2023-12-10T01:40:09.955+0000] {logging_mixin.py:154} INFO - [2023-12-10T01:40:09.955+0000] {dag.py:3722} INFO - Setting next_dagrun for Customer_Shopping_Trends-v01 to None, run_after=None
[2023-12-10T01:40:09.958+0000] {logging_mixin.py:154} INFO - [2023-12-10T01:40:09.958+0000] {dag.py:3722} INFO - Setting next_dagrun for Customer_Shopping_Trends-v01.create_dim_tables to None, run_after=None
[2023-12-10T01:40:09.960+0000] {logging_mixin.py:154} INFO - [2023-12-10T01:40:09.960+0000] {dag.py:3722} INFO - Setting next_dagrun for Customer_Shopping_Trends-v01.insert_fk_into_fact_table to None, run_after=None
[2023-12-10T01:40:09.961+0000] {logging_mixin.py:154} INFO - [2023-12-10T01:40:09.961+0000] {dag.py:3722} INFO - Setting next_dagrun for Customer_Shopping_Trends-v01.remove_replaced_dim_cols to None, run_after=None
[2023-12-10T01:40:09.961+0000] {logging_mixin.py:154} INFO - [2023-12-10T01:40:09.961+0000] {dag.py:3722} INFO - Setting next_dagrun for Customer_Shopping_Trends-v01.remove_unnecessary_columns to None, run_after=None
[2023-12-10T01:40:09.966+0000] {logging_mixin.py:154} INFO - [2023-12-10T01:40:09.966+0000] {dag.py:2941} INFO - Sync 4 DAGs
[2023-12-10T01:40:09.968+0000] {logging_mixin.py:154} INFO - [2023-12-10T01:40:09.968+0000] {dag.py:3722} INFO - Setting next_dagrun for Customer_Shopping_Trends-v01.create_dim_tables to None, run_after=None
[2023-12-10T01:40:09.969+0000] {logging_mixin.py:154} INFO - [2023-12-10T01:40:09.969+0000] {dag.py:3722} INFO - Setting next_dagrun for Customer_Shopping_Trends-v01.insert_fk_into_fact_table to None, run_after=None
[2023-12-10T01:40:09.969+0000] {logging_mixin.py:154} INFO - [2023-12-10T01:40:09.969+0000] {dag.py:3722} INFO - Setting next_dagrun for Customer_Shopping_Trends-v01.remove_replaced_dim_cols to None, run_after=None
[2023-12-10T01:40:09.969+0000] {logging_mixin.py:154} INFO - [2023-12-10T01:40:09.969+0000] {dag.py:3722} INFO - Setting next_dagrun for Customer_Shopping_Trends-v01.remove_unnecessary_columns to None, run_after=None
[2023-12-10T01:40:09.976+0000] {processor.py:179} INFO - Processing /opt/airflow/dags/Customer_Shopping_Trends.py took 0.169 seconds
[2023-12-10T01:40:40.186+0000] {processor.py:157} INFO - Started process (PID=641) to work on /opt/airflow/dags/Customer_Shopping_Trends.py
[2023-12-10T01:40:40.188+0000] {processor.py:829} INFO - Processing file /opt/airflow/dags/Customer_Shopping_Trends.py for tasks to queue
[2023-12-10T01:40:40.189+0000] {logging_mixin.py:154} INFO - [2023-12-10T01:40:40.189+0000] {dagbag.py:536} INFO - Filling up the DagBag from /opt/airflow/dags/Customer_Shopping_Trends.py
[2023-12-10T01:40:40.250+0000] {processor.py:839} INFO - DAG(s) dict_keys(['Customer_Shopping_Trends-v01.remove_unnecessary_columns', 'Customer_Shopping_Trends-v01.create_dim_tables', 'Customer_Shopping_Trends-v01.insert_fk_into_fact_table', 'Customer_Shopping_Trends-v01.remove_replaced_dim_cols', 'Customer_Shopping_Trends-v01']) retrieved from /opt/airflow/dags/Customer_Shopping_Trends.py
[2023-12-10T01:40:40.312+0000] {logging_mixin.py:154} INFO - [2023-12-10T01:40:40.312+0000] {dag.py:2941} INFO - Sync 5 DAGs
[2023-12-10T01:40:40.322+0000] {logging_mixin.py:154} INFO - [2023-12-10T01:40:40.322+0000] {dag.py:3722} INFO - Setting next_dagrun for Customer_Shopping_Trends-v01 to None, run_after=None
[2023-12-10T01:40:40.323+0000] {logging_mixin.py:154} INFO - [2023-12-10T01:40:40.323+0000] {dag.py:3722} INFO - Setting next_dagrun for Customer_Shopping_Trends-v01.create_dim_tables to None, run_after=None
[2023-12-10T01:40:40.324+0000] {logging_mixin.py:154} INFO - [2023-12-10T01:40:40.324+0000] {dag.py:3722} INFO - Setting next_dagrun for Customer_Shopping_Trends-v01.insert_fk_into_fact_table to None, run_after=None
[2023-12-10T01:40:40.325+0000] {logging_mixin.py:154} INFO - [2023-12-10T01:40:40.325+0000] {dag.py:3722} INFO - Setting next_dagrun for Customer_Shopping_Trends-v01.remove_replaced_dim_cols to None, run_after=None
[2023-12-10T01:40:40.326+0000] {logging_mixin.py:154} INFO - [2023-12-10T01:40:40.326+0000] {dag.py:3722} INFO - Setting next_dagrun for Customer_Shopping_Trends-v01.remove_unnecessary_columns to None, run_after=None
[2023-12-10T01:40:40.330+0000] {logging_mixin.py:154} INFO - [2023-12-10T01:40:40.330+0000] {dag.py:2941} INFO - Sync 4 DAGs
[2023-12-10T01:40:40.333+0000] {logging_mixin.py:154} INFO - [2023-12-10T01:40:40.332+0000] {dag.py:3722} INFO - Setting next_dagrun for Customer_Shopping_Trends-v01.create_dim_tables to None, run_after=None
[2023-12-10T01:40:40.333+0000] {logging_mixin.py:154} INFO - [2023-12-10T01:40:40.333+0000] {dag.py:3722} INFO - Setting next_dagrun for Customer_Shopping_Trends-v01.insert_fk_into_fact_table to None, run_after=None
[2023-12-10T01:40:40.333+0000] {logging_mixin.py:154} INFO - [2023-12-10T01:40:40.333+0000] {dag.py:3722} INFO - Setting next_dagrun for Customer_Shopping_Trends-v01.remove_replaced_dim_cols to None, run_after=None
[2023-12-10T01:40:40.333+0000] {logging_mixin.py:154} INFO - [2023-12-10T01:40:40.333+0000] {dag.py:3722} INFO - Setting next_dagrun for Customer_Shopping_Trends-v01.remove_unnecessary_columns to None, run_after=None
[2023-12-10T01:40:40.339+0000] {processor.py:179} INFO - Processing /opt/airflow/dags/Customer_Shopping_Trends.py took 0.159 seconds
[2023-12-10T01:41:10.678+0000] {processor.py:157} INFO - Started process (PID=673) to work on /opt/airflow/dags/Customer_Shopping_Trends.py
[2023-12-10T01:41:10.679+0000] {processor.py:829} INFO - Processing file /opt/airflow/dags/Customer_Shopping_Trends.py for tasks to queue
[2023-12-10T01:41:10.681+0000] {logging_mixin.py:154} INFO - [2023-12-10T01:41:10.680+0000] {dagbag.py:536} INFO - Filling up the DagBag from /opt/airflow/dags/Customer_Shopping_Trends.py
[2023-12-10T01:41:10.738+0000] {processor.py:839} INFO - DAG(s) dict_keys(['Customer_Shopping_Trends-v01.remove_unnecessary_columns', 'Customer_Shopping_Trends-v01.create_dim_tables', 'Customer_Shopping_Trends-v01.insert_fk_into_fact_table', 'Customer_Shopping_Trends-v01.remove_replaced_dim_cols', 'Customer_Shopping_Trends-v01']) retrieved from /opt/airflow/dags/Customer_Shopping_Trends.py
[2023-12-10T01:41:10.799+0000] {logging_mixin.py:154} INFO - [2023-12-10T01:41:10.798+0000] {dag.py:2941} INFO - Sync 5 DAGs
[2023-12-10T01:41:10.808+0000] {logging_mixin.py:154} INFO - [2023-12-10T01:41:10.808+0000] {dag.py:3722} INFO - Setting next_dagrun for Customer_Shopping_Trends-v01 to None, run_after=None
[2023-12-10T01:41:10.810+0000] {logging_mixin.py:154} INFO - [2023-12-10T01:41:10.810+0000] {dag.py:3722} INFO - Setting next_dagrun for Customer_Shopping_Trends-v01.create_dim_tables to None, run_after=None
[2023-12-10T01:41:10.810+0000] {logging_mixin.py:154} INFO - [2023-12-10T01:41:10.810+0000] {dag.py:3722} INFO - Setting next_dagrun for Customer_Shopping_Trends-v01.insert_fk_into_fact_table to None, run_after=None
[2023-12-10T01:41:10.811+0000] {logging_mixin.py:154} INFO - [2023-12-10T01:41:10.811+0000] {dag.py:3722} INFO - Setting next_dagrun for Customer_Shopping_Trends-v01.remove_replaced_dim_cols to None, run_after=None
[2023-12-10T01:41:10.812+0000] {logging_mixin.py:154} INFO - [2023-12-10T01:41:10.812+0000] {dag.py:3722} INFO - Setting next_dagrun for Customer_Shopping_Trends-v01.remove_unnecessary_columns to None, run_after=None
[2023-12-10T01:41:10.816+0000] {logging_mixin.py:154} INFO - [2023-12-10T01:41:10.816+0000] {dag.py:2941} INFO - Sync 4 DAGs
[2023-12-10T01:41:10.818+0000] {logging_mixin.py:154} INFO - [2023-12-10T01:41:10.818+0000] {dag.py:3722} INFO - Setting next_dagrun for Customer_Shopping_Trends-v01.create_dim_tables to None, run_after=None
[2023-12-10T01:41:10.819+0000] {logging_mixin.py:154} INFO - [2023-12-10T01:41:10.818+0000] {dag.py:3722} INFO - Setting next_dagrun for Customer_Shopping_Trends-v01.insert_fk_into_fact_table to None, run_after=None
[2023-12-10T01:41:10.819+0000] {logging_mixin.py:154} INFO - [2023-12-10T01:41:10.819+0000] {dag.py:3722} INFO - Setting next_dagrun for Customer_Shopping_Trends-v01.remove_replaced_dim_cols to None, run_after=None
[2023-12-10T01:41:10.819+0000] {logging_mixin.py:154} INFO - [2023-12-10T01:41:10.819+0000] {dag.py:3722} INFO - Setting next_dagrun for Customer_Shopping_Trends-v01.remove_unnecessary_columns to None, run_after=None
[2023-12-10T01:41:10.824+0000] {processor.py:179} INFO - Processing /opt/airflow/dags/Customer_Shopping_Trends.py took 0.151 seconds
[2023-12-10T01:41:41.125+0000] {processor.py:157} INFO - Started process (PID=707) to work on /opt/airflow/dags/Customer_Shopping_Trends.py
[2023-12-10T01:41:41.126+0000] {processor.py:829} INFO - Processing file /opt/airflow/dags/Customer_Shopping_Trends.py for tasks to queue
[2023-12-10T01:41:41.127+0000] {logging_mixin.py:154} INFO - [2023-12-10T01:41:41.127+0000] {dagbag.py:536} INFO - Filling up the DagBag from /opt/airflow/dags/Customer_Shopping_Trends.py
[2023-12-10T01:41:41.185+0000] {processor.py:839} INFO - DAG(s) dict_keys(['Customer_Shopping_Trends-v01.remove_unnecessary_columns', 'Customer_Shopping_Trends-v01.create_dim_tables', 'Customer_Shopping_Trends-v01.insert_fk_into_fact_table', 'Customer_Shopping_Trends-v01.remove_replaced_dim_cols', 'Customer_Shopping_Trends-v01']) retrieved from /opt/airflow/dags/Customer_Shopping_Trends.py
[2023-12-10T01:41:41.246+0000] {logging_mixin.py:154} INFO - [2023-12-10T01:41:41.246+0000] {dag.py:2941} INFO - Sync 5 DAGs
[2023-12-10T01:41:41.257+0000] {logging_mixin.py:154} INFO - [2023-12-10T01:41:41.257+0000] {dag.py:3722} INFO - Setting next_dagrun for Customer_Shopping_Trends-v01 to None, run_after=None
[2023-12-10T01:41:41.258+0000] {logging_mixin.py:154} INFO - [2023-12-10T01:41:41.258+0000] {dag.py:3722} INFO - Setting next_dagrun for Customer_Shopping_Trends-v01.create_dim_tables to None, run_after=None
[2023-12-10T01:41:41.259+0000] {logging_mixin.py:154} INFO - [2023-12-10T01:41:41.259+0000] {dag.py:3722} INFO - Setting next_dagrun for Customer_Shopping_Trends-v01.insert_fk_into_fact_table to None, run_after=None
[2023-12-10T01:41:41.260+0000] {logging_mixin.py:154} INFO - [2023-12-10T01:41:41.260+0000] {dag.py:3722} INFO - Setting next_dagrun for Customer_Shopping_Trends-v01.remove_replaced_dim_cols to None, run_after=None
[2023-12-10T01:41:41.260+0000] {logging_mixin.py:154} INFO - [2023-12-10T01:41:41.260+0000] {dag.py:3722} INFO - Setting next_dagrun for Customer_Shopping_Trends-v01.remove_unnecessary_columns to None, run_after=None
[2023-12-10T01:41:41.264+0000] {logging_mixin.py:154} INFO - [2023-12-10T01:41:41.264+0000] {dag.py:2941} INFO - Sync 4 DAGs
[2023-12-10T01:41:41.266+0000] {logging_mixin.py:154} INFO - [2023-12-10T01:41:41.266+0000] {dag.py:3722} INFO - Setting next_dagrun for Customer_Shopping_Trends-v01.create_dim_tables to None, run_after=None
[2023-12-10T01:41:41.267+0000] {logging_mixin.py:154} INFO - [2023-12-10T01:41:41.267+0000] {dag.py:3722} INFO - Setting next_dagrun for Customer_Shopping_Trends-v01.insert_fk_into_fact_table to None, run_after=None
[2023-12-10T01:41:41.267+0000] {logging_mixin.py:154} INFO - [2023-12-10T01:41:41.267+0000] {dag.py:3722} INFO - Setting next_dagrun for Customer_Shopping_Trends-v01.remove_replaced_dim_cols to None, run_after=None
[2023-12-10T01:41:41.267+0000] {logging_mixin.py:154} INFO - [2023-12-10T01:41:41.267+0000] {dag.py:3722} INFO - Setting next_dagrun for Customer_Shopping_Trends-v01.remove_unnecessary_columns to None, run_after=None
[2023-12-10T01:41:41.272+0000] {processor.py:179} INFO - Processing /opt/airflow/dags/Customer_Shopping_Trends.py took 0.152 seconds
[2023-12-10T01:42:11.535+0000] {processor.py:157} INFO - Started process (PID=739) to work on /opt/airflow/dags/Customer_Shopping_Trends.py
[2023-12-10T01:42:11.537+0000] {processor.py:829} INFO - Processing file /opt/airflow/dags/Customer_Shopping_Trends.py for tasks to queue
[2023-12-10T01:42:11.538+0000] {logging_mixin.py:154} INFO - [2023-12-10T01:42:11.538+0000] {dagbag.py:536} INFO - Filling up the DagBag from /opt/airflow/dags/Customer_Shopping_Trends.py
[2023-12-10T01:42:11.590+0000] {processor.py:839} INFO - DAG(s) dict_keys(['Customer_Shopping_Trends-v01.remove_unnecessary_columns', 'Customer_Shopping_Trends-v01.create_dim_tables', 'Customer_Shopping_Trends-v01.insert_fk_into_fact_table', 'Customer_Shopping_Trends-v01.remove_replaced_dim_cols', 'Customer_Shopping_Trends-v01']) retrieved from /opt/airflow/dags/Customer_Shopping_Trends.py
[2023-12-10T01:42:11.650+0000] {logging_mixin.py:154} INFO - [2023-12-10T01:42:11.650+0000] {dag.py:2941} INFO - Sync 5 DAGs
[2023-12-10T01:42:11.660+0000] {logging_mixin.py:154} INFO - [2023-12-10T01:42:11.660+0000] {dag.py:3722} INFO - Setting next_dagrun for Customer_Shopping_Trends-v01 to None, run_after=None
[2023-12-10T01:42:11.662+0000] {logging_mixin.py:154} INFO - [2023-12-10T01:42:11.661+0000] {dag.py:3722} INFO - Setting next_dagrun for Customer_Shopping_Trends-v01.create_dim_tables to None, run_after=None
[2023-12-10T01:42:11.662+0000] {logging_mixin.py:154} INFO - [2023-12-10T01:42:11.662+0000] {dag.py:3722} INFO - Setting next_dagrun for Customer_Shopping_Trends-v01.insert_fk_into_fact_table to None, run_after=None
[2023-12-10T01:42:11.663+0000] {logging_mixin.py:154} INFO - [2023-12-10T01:42:11.663+0000] {dag.py:3722} INFO - Setting next_dagrun for Customer_Shopping_Trends-v01.remove_replaced_dim_cols to None, run_after=None
[2023-12-10T01:42:11.663+0000] {logging_mixin.py:154} INFO - [2023-12-10T01:42:11.663+0000] {dag.py:3722} INFO - Setting next_dagrun for Customer_Shopping_Trends-v01.remove_unnecessary_columns to None, run_after=None
[2023-12-10T01:42:11.667+0000] {logging_mixin.py:154} INFO - [2023-12-10T01:42:11.667+0000] {dag.py:2941} INFO - Sync 4 DAGs
[2023-12-10T01:42:11.670+0000] {logging_mixin.py:154} INFO - [2023-12-10T01:42:11.670+0000] {dag.py:3722} INFO - Setting next_dagrun for Customer_Shopping_Trends-v01.create_dim_tables to None, run_after=None
[2023-12-10T01:42:11.670+0000] {logging_mixin.py:154} INFO - [2023-12-10T01:42:11.670+0000] {dag.py:3722} INFO - Setting next_dagrun for Customer_Shopping_Trends-v01.insert_fk_into_fact_table to None, run_after=None
[2023-12-10T01:42:11.670+0000] {logging_mixin.py:154} INFO - [2023-12-10T01:42:11.670+0000] {dag.py:3722} INFO - Setting next_dagrun for Customer_Shopping_Trends-v01.remove_replaced_dim_cols to None, run_after=None
[2023-12-10T01:42:11.670+0000] {logging_mixin.py:154} INFO - [2023-12-10T01:42:11.670+0000] {dag.py:3722} INFO - Setting next_dagrun for Customer_Shopping_Trends-v01.remove_unnecessary_columns to None, run_after=None
[2023-12-10T01:42:11.676+0000] {processor.py:179} INFO - Processing /opt/airflow/dags/Customer_Shopping_Trends.py took 0.148 seconds
[2023-12-10T01:42:41.929+0000] {processor.py:157} INFO - Started process (PID=773) to work on /opt/airflow/dags/Customer_Shopping_Trends.py
[2023-12-10T01:42:41.930+0000] {processor.py:829} INFO - Processing file /opt/airflow/dags/Customer_Shopping_Trends.py for tasks to queue
[2023-12-10T01:42:41.931+0000] {logging_mixin.py:154} INFO - [2023-12-10T01:42:41.931+0000] {dagbag.py:536} INFO - Filling up the DagBag from /opt/airflow/dags/Customer_Shopping_Trends.py
[2023-12-10T01:42:41.989+0000] {processor.py:839} INFO - DAG(s) dict_keys(['Customer_Shopping_Trends-v01.remove_unnecessary_columns', 'Customer_Shopping_Trends-v01.create_dim_tables', 'Customer_Shopping_Trends-v01.insert_fk_into_fact_table', 'Customer_Shopping_Trends-v01.remove_replaced_dim_cols', 'Customer_Shopping_Trends-v01']) retrieved from /opt/airflow/dags/Customer_Shopping_Trends.py
[2023-12-10T01:42:42.050+0000] {logging_mixin.py:154} INFO - [2023-12-10T01:42:42.049+0000] {dag.py:2941} INFO - Sync 5 DAGs
[2023-12-10T01:42:42.059+0000] {logging_mixin.py:154} INFO - [2023-12-10T01:42:42.059+0000] {dag.py:3722} INFO - Setting next_dagrun for Customer_Shopping_Trends-v01 to None, run_after=None
[2023-12-10T01:42:42.061+0000] {logging_mixin.py:154} INFO - [2023-12-10T01:42:42.061+0000] {dag.py:3722} INFO - Setting next_dagrun for Customer_Shopping_Trends-v01.create_dim_tables to None, run_after=None
[2023-12-10T01:42:42.061+0000] {logging_mixin.py:154} INFO - [2023-12-10T01:42:42.061+0000] {dag.py:3722} INFO - Setting next_dagrun for Customer_Shopping_Trends-v01.insert_fk_into_fact_table to None, run_after=None
[2023-12-10T01:42:42.062+0000] {logging_mixin.py:154} INFO - [2023-12-10T01:42:42.062+0000] {dag.py:3722} INFO - Setting next_dagrun for Customer_Shopping_Trends-v01.remove_replaced_dim_cols to None, run_after=None
[2023-12-10T01:42:42.063+0000] {logging_mixin.py:154} INFO - [2023-12-10T01:42:42.063+0000] {dag.py:3722} INFO - Setting next_dagrun for Customer_Shopping_Trends-v01.remove_unnecessary_columns to None, run_after=None
[2023-12-10T01:42:42.066+0000] {logging_mixin.py:154} INFO - [2023-12-10T01:42:42.066+0000] {dag.py:2941} INFO - Sync 4 DAGs
[2023-12-10T01:42:42.069+0000] {logging_mixin.py:154} INFO - [2023-12-10T01:42:42.069+0000] {dag.py:3722} INFO - Setting next_dagrun for Customer_Shopping_Trends-v01.create_dim_tables to None, run_after=None
[2023-12-10T01:42:42.069+0000] {logging_mixin.py:154} INFO - [2023-12-10T01:42:42.069+0000] {dag.py:3722} INFO - Setting next_dagrun for Customer_Shopping_Trends-v01.insert_fk_into_fact_table to None, run_after=None
[2023-12-10T01:42:42.069+0000] {logging_mixin.py:154} INFO - [2023-12-10T01:42:42.069+0000] {dag.py:3722} INFO - Setting next_dagrun for Customer_Shopping_Trends-v01.remove_replaced_dim_cols to None, run_after=None
[2023-12-10T01:42:42.070+0000] {logging_mixin.py:154} INFO - [2023-12-10T01:42:42.070+0000] {dag.py:3722} INFO - Setting next_dagrun for Customer_Shopping_Trends-v01.remove_unnecessary_columns to None, run_after=None
[2023-12-10T01:42:42.075+0000] {processor.py:179} INFO - Processing /opt/airflow/dags/Customer_Shopping_Trends.py took 0.151 seconds
[2023-12-10T01:43:12.339+0000] {processor.py:157} INFO - Started process (PID=805) to work on /opt/airflow/dags/Customer_Shopping_Trends.py
[2023-12-10T01:43:12.340+0000] {processor.py:829} INFO - Processing file /opt/airflow/dags/Customer_Shopping_Trends.py for tasks to queue
[2023-12-10T01:43:12.341+0000] {logging_mixin.py:154} INFO - [2023-12-10T01:43:12.341+0000] {dagbag.py:536} INFO - Filling up the DagBag from /opt/airflow/dags/Customer_Shopping_Trends.py
[2023-12-10T01:43:12.399+0000] {processor.py:839} INFO - DAG(s) dict_keys(['Customer_Shopping_Trends-v01.remove_unnecessary_columns', 'Customer_Shopping_Trends-v01.create_dim_tables', 'Customer_Shopping_Trends-v01.insert_fk_into_fact_table', 'Customer_Shopping_Trends-v01.remove_replaced_dim_cols', 'Customer_Shopping_Trends-v01']) retrieved from /opt/airflow/dags/Customer_Shopping_Trends.py
[2023-12-10T01:43:12.460+0000] {logging_mixin.py:154} INFO - [2023-12-10T01:43:12.460+0000] {dag.py:2941} INFO - Sync 5 DAGs
[2023-12-10T01:43:12.470+0000] {logging_mixin.py:154} INFO - [2023-12-10T01:43:12.469+0000] {dag.py:3722} INFO - Setting next_dagrun for Customer_Shopping_Trends-v01 to None, run_after=None
[2023-12-10T01:43:12.471+0000] {logging_mixin.py:154} INFO - [2023-12-10T01:43:12.471+0000] {dag.py:3722} INFO - Setting next_dagrun for Customer_Shopping_Trends-v01.create_dim_tables to None, run_after=None
[2023-12-10T01:43:12.472+0000] {logging_mixin.py:154} INFO - [2023-12-10T01:43:12.472+0000] {dag.py:3722} INFO - Setting next_dagrun for Customer_Shopping_Trends-v01.insert_fk_into_fact_table to None, run_after=None
[2023-12-10T01:43:12.472+0000] {logging_mixin.py:154} INFO - [2023-12-10T01:43:12.472+0000] {dag.py:3722} INFO - Setting next_dagrun for Customer_Shopping_Trends-v01.remove_replaced_dim_cols to None, run_after=None
[2023-12-10T01:43:12.473+0000] {logging_mixin.py:154} INFO - [2023-12-10T01:43:12.473+0000] {dag.py:3722} INFO - Setting next_dagrun for Customer_Shopping_Trends-v01.remove_unnecessary_columns to None, run_after=None
[2023-12-10T01:43:12.477+0000] {logging_mixin.py:154} INFO - [2023-12-10T01:43:12.477+0000] {dag.py:2941} INFO - Sync 4 DAGs
[2023-12-10T01:43:12.479+0000] {logging_mixin.py:154} INFO - [2023-12-10T01:43:12.479+0000] {dag.py:3722} INFO - Setting next_dagrun for Customer_Shopping_Trends-v01.create_dim_tables to None, run_after=None
[2023-12-10T01:43:12.480+0000] {logging_mixin.py:154} INFO - [2023-12-10T01:43:12.479+0000] {dag.py:3722} INFO - Setting next_dagrun for Customer_Shopping_Trends-v01.insert_fk_into_fact_table to None, run_after=None
[2023-12-10T01:43:12.480+0000] {logging_mixin.py:154} INFO - [2023-12-10T01:43:12.480+0000] {dag.py:3722} INFO - Setting next_dagrun for Customer_Shopping_Trends-v01.remove_replaced_dim_cols to None, run_after=None
[2023-12-10T01:43:12.480+0000] {logging_mixin.py:154} INFO - [2023-12-10T01:43:12.480+0000] {dag.py:3722} INFO - Setting next_dagrun for Customer_Shopping_Trends-v01.remove_unnecessary_columns to None, run_after=None
[2023-12-10T01:43:12.485+0000] {processor.py:179} INFO - Processing /opt/airflow/dags/Customer_Shopping_Trends.py took 0.150 seconds
[2023-12-10T01:43:42.730+0000] {processor.py:157} INFO - Started process (PID=837) to work on /opt/airflow/dags/Customer_Shopping_Trends.py
[2023-12-10T01:43:42.731+0000] {processor.py:829} INFO - Processing file /opt/airflow/dags/Customer_Shopping_Trends.py for tasks to queue
[2023-12-10T01:43:42.732+0000] {logging_mixin.py:154} INFO - [2023-12-10T01:43:42.732+0000] {dagbag.py:536} INFO - Filling up the DagBag from /opt/airflow/dags/Customer_Shopping_Trends.py
[2023-12-10T01:43:42.799+0000] {processor.py:839} INFO - DAG(s) dict_keys(['Customer_Shopping_Trends-v01.remove_unnecessary_columns', 'Customer_Shopping_Trends-v01.create_dim_tables', 'Customer_Shopping_Trends-v01.insert_fk_into_fact_table', 'Customer_Shopping_Trends-v01.remove_replaced_dim_cols', 'Customer_Shopping_Trends-v01']) retrieved from /opt/airflow/dags/Customer_Shopping_Trends.py
[2023-12-10T01:43:42.864+0000] {logging_mixin.py:154} INFO - [2023-12-10T01:43:42.864+0000] {dag.py:2941} INFO - Sync 5 DAGs
[2023-12-10T01:43:42.875+0000] {logging_mixin.py:154} INFO - [2023-12-10T01:43:42.875+0000] {dag.py:3722} INFO - Setting next_dagrun for Customer_Shopping_Trends-v01 to None, run_after=None
[2023-12-10T01:43:42.877+0000] {logging_mixin.py:154} INFO - [2023-12-10T01:43:42.877+0000] {dag.py:3722} INFO - Setting next_dagrun for Customer_Shopping_Trends-v01.create_dim_tables to None, run_after=None
[2023-12-10T01:43:42.878+0000] {logging_mixin.py:154} INFO - [2023-12-10T01:43:42.878+0000] {dag.py:3722} INFO - Setting next_dagrun for Customer_Shopping_Trends-v01.insert_fk_into_fact_table to None, run_after=None
[2023-12-10T01:43:42.879+0000] {logging_mixin.py:154} INFO - [2023-12-10T01:43:42.879+0000] {dag.py:3722} INFO - Setting next_dagrun for Customer_Shopping_Trends-v01.remove_replaced_dim_cols to None, run_after=None
[2023-12-10T01:43:42.879+0000] {logging_mixin.py:154} INFO - [2023-12-10T01:43:42.879+0000] {dag.py:3722} INFO - Setting next_dagrun for Customer_Shopping_Trends-v01.remove_unnecessary_columns to None, run_after=None
[2023-12-10T01:43:42.884+0000] {logging_mixin.py:154} INFO - [2023-12-10T01:43:42.884+0000] {dag.py:2941} INFO - Sync 4 DAGs
[2023-12-10T01:43:42.887+0000] {logging_mixin.py:154} INFO - [2023-12-10T01:43:42.887+0000] {dag.py:3722} INFO - Setting next_dagrun for Customer_Shopping_Trends-v01.create_dim_tables to None, run_after=None
[2023-12-10T01:43:42.888+0000] {logging_mixin.py:154} INFO - [2023-12-10T01:43:42.888+0000] {dag.py:3722} INFO - Setting next_dagrun for Customer_Shopping_Trends-v01.insert_fk_into_fact_table to None, run_after=None
[2023-12-10T01:43:42.889+0000] {logging_mixin.py:154} INFO - [2023-12-10T01:43:42.889+0000] {dag.py:3722} INFO - Setting next_dagrun for Customer_Shopping_Trends-v01.remove_replaced_dim_cols to None, run_after=None
[2023-12-10T01:43:42.889+0000] {logging_mixin.py:154} INFO - [2023-12-10T01:43:42.889+0000] {dag.py:3722} INFO - Setting next_dagrun for Customer_Shopping_Trends-v01.remove_unnecessary_columns to None, run_after=None
[2023-12-10T01:43:42.896+0000] {processor.py:179} INFO - Processing /opt/airflow/dags/Customer_Shopping_Trends.py took 0.169 seconds
[2023-12-10T01:44:13.153+0000] {processor.py:157} INFO - Started process (PID=869) to work on /opt/airflow/dags/Customer_Shopping_Trends.py
[2023-12-10T01:44:13.154+0000] {processor.py:829} INFO - Processing file /opt/airflow/dags/Customer_Shopping_Trends.py for tasks to queue
[2023-12-10T01:44:13.156+0000] {logging_mixin.py:154} INFO - [2023-12-10T01:44:13.155+0000] {dagbag.py:536} INFO - Filling up the DagBag from /opt/airflow/dags/Customer_Shopping_Trends.py
[2023-12-10T01:44:13.220+0000] {processor.py:839} INFO - DAG(s) dict_keys(['Customer_Shopping_Trends-v01.remove_unnecessary_columns', 'Customer_Shopping_Trends-v01.create_dim_tables', 'Customer_Shopping_Trends-v01.insert_fk_into_fact_table', 'Customer_Shopping_Trends-v01.remove_replaced_dim_cols', 'Customer_Shopping_Trends-v01']) retrieved from /opt/airflow/dags/Customer_Shopping_Trends.py
[2023-12-10T01:44:13.282+0000] {logging_mixin.py:154} INFO - [2023-12-10T01:44:13.282+0000] {dag.py:2941} INFO - Sync 5 DAGs
[2023-12-10T01:44:13.293+0000] {logging_mixin.py:154} INFO - [2023-12-10T01:44:13.293+0000] {dag.py:3722} INFO - Setting next_dagrun for Customer_Shopping_Trends-v01 to None, run_after=None
[2023-12-10T01:44:13.295+0000] {logging_mixin.py:154} INFO - [2023-12-10T01:44:13.295+0000] {dag.py:3722} INFO - Setting next_dagrun for Customer_Shopping_Trends-v01.create_dim_tables to None, run_after=None
[2023-12-10T01:44:13.295+0000] {logging_mixin.py:154} INFO - [2023-12-10T01:44:13.295+0000] {dag.py:3722} INFO - Setting next_dagrun for Customer_Shopping_Trends-v01.insert_fk_into_fact_table to None, run_after=None
[2023-12-10T01:44:13.296+0000] {logging_mixin.py:154} INFO - [2023-12-10T01:44:13.296+0000] {dag.py:3722} INFO - Setting next_dagrun for Customer_Shopping_Trends-v01.remove_replaced_dim_cols to None, run_after=None
[2023-12-10T01:44:13.297+0000] {logging_mixin.py:154} INFO - [2023-12-10T01:44:13.297+0000] {dag.py:3722} INFO - Setting next_dagrun for Customer_Shopping_Trends-v01.remove_unnecessary_columns to None, run_after=None
[2023-12-10T01:44:13.301+0000] {logging_mixin.py:154} INFO - [2023-12-10T01:44:13.301+0000] {dag.py:2941} INFO - Sync 4 DAGs
[2023-12-10T01:44:13.303+0000] {logging_mixin.py:154} INFO - [2023-12-10T01:44:13.303+0000] {dag.py:3722} INFO - Setting next_dagrun for Customer_Shopping_Trends-v01.create_dim_tables to None, run_after=None
[2023-12-10T01:44:13.303+0000] {logging_mixin.py:154} INFO - [2023-12-10T01:44:13.303+0000] {dag.py:3722} INFO - Setting next_dagrun for Customer_Shopping_Trends-v01.insert_fk_into_fact_table to None, run_after=None
[2023-12-10T01:44:13.304+0000] {logging_mixin.py:154} INFO - [2023-12-10T01:44:13.303+0000] {dag.py:3722} INFO - Setting next_dagrun for Customer_Shopping_Trends-v01.remove_replaced_dim_cols to None, run_after=None
[2023-12-10T01:44:13.304+0000] {logging_mixin.py:154} INFO - [2023-12-10T01:44:13.304+0000] {dag.py:3722} INFO - Setting next_dagrun for Customer_Shopping_Trends-v01.remove_unnecessary_columns to None, run_after=None
[2023-12-10T01:44:13.309+0000] {processor.py:179} INFO - Processing /opt/airflow/dags/Customer_Shopping_Trends.py took 0.160 seconds
[2023-12-10T01:44:43.497+0000] {processor.py:157} INFO - Started process (PID=901) to work on /opt/airflow/dags/Customer_Shopping_Trends.py
[2023-12-10T01:44:43.498+0000] {processor.py:829} INFO - Processing file /opt/airflow/dags/Customer_Shopping_Trends.py for tasks to queue
[2023-12-10T01:44:43.499+0000] {logging_mixin.py:154} INFO - [2023-12-10T01:44:43.499+0000] {dagbag.py:536} INFO - Filling up the DagBag from /opt/airflow/dags/Customer_Shopping_Trends.py
[2023-12-10T01:44:43.563+0000] {processor.py:839} INFO - DAG(s) dict_keys(['Customer_Shopping_Trends-v01.remove_unnecessary_columns', 'Customer_Shopping_Trends-v01.create_dim_tables', 'Customer_Shopping_Trends-v01.insert_fk_into_fact_table', 'Customer_Shopping_Trends-v01.remove_replaced_dim_cols', 'Customer_Shopping_Trends-v01']) retrieved from /opt/airflow/dags/Customer_Shopping_Trends.py
[2023-12-10T01:44:43.624+0000] {logging_mixin.py:154} INFO - [2023-12-10T01:44:43.624+0000] {dag.py:2941} INFO - Sync 5 DAGs
[2023-12-10T01:44:43.634+0000] {logging_mixin.py:154} INFO - [2023-12-10T01:44:43.634+0000] {dag.py:3722} INFO - Setting next_dagrun for Customer_Shopping_Trends-v01 to None, run_after=None
[2023-12-10T01:44:43.636+0000] {logging_mixin.py:154} INFO - [2023-12-10T01:44:43.636+0000] {dag.py:3722} INFO - Setting next_dagrun for Customer_Shopping_Trends-v01.create_dim_tables to None, run_after=None
[2023-12-10T01:44:43.637+0000] {logging_mixin.py:154} INFO - [2023-12-10T01:44:43.636+0000] {dag.py:3722} INFO - Setting next_dagrun for Customer_Shopping_Trends-v01.insert_fk_into_fact_table to None, run_after=None
[2023-12-10T01:44:43.637+0000] {logging_mixin.py:154} INFO - [2023-12-10T01:44:43.637+0000] {dag.py:3722} INFO - Setting next_dagrun for Customer_Shopping_Trends-v01.remove_replaced_dim_cols to None, run_after=None
[2023-12-10T01:44:43.638+0000] {logging_mixin.py:154} INFO - [2023-12-10T01:44:43.638+0000] {dag.py:3722} INFO - Setting next_dagrun for Customer_Shopping_Trends-v01.remove_unnecessary_columns to None, run_after=None
[2023-12-10T01:44:43.642+0000] {logging_mixin.py:154} INFO - [2023-12-10T01:44:43.642+0000] {dag.py:2941} INFO - Sync 4 DAGs
[2023-12-10T01:44:43.644+0000] {logging_mixin.py:154} INFO - [2023-12-10T01:44:43.644+0000] {dag.py:3722} INFO - Setting next_dagrun for Customer_Shopping_Trends-v01.create_dim_tables to None, run_after=None
[2023-12-10T01:44:43.644+0000] {logging_mixin.py:154} INFO - [2023-12-10T01:44:43.644+0000] {dag.py:3722} INFO - Setting next_dagrun for Customer_Shopping_Trends-v01.insert_fk_into_fact_table to None, run_after=None
[2023-12-10T01:44:43.645+0000] {logging_mixin.py:154} INFO - [2023-12-10T01:44:43.645+0000] {dag.py:3722} INFO - Setting next_dagrun for Customer_Shopping_Trends-v01.remove_replaced_dim_cols to None, run_after=None
[2023-12-10T01:44:43.645+0000] {logging_mixin.py:154} INFO - [2023-12-10T01:44:43.645+0000] {dag.py:3722} INFO - Setting next_dagrun for Customer_Shopping_Trends-v01.remove_unnecessary_columns to None, run_after=None
[2023-12-10T01:44:43.650+0000] {processor.py:179} INFO - Processing /opt/airflow/dags/Customer_Shopping_Trends.py took 0.158 seconds
[2023-12-10T01:45:13.947+0000] {processor.py:157} INFO - Started process (PID=933) to work on /opt/airflow/dags/Customer_Shopping_Trends.py
[2023-12-10T01:45:13.948+0000] {processor.py:829} INFO - Processing file /opt/airflow/dags/Customer_Shopping_Trends.py for tasks to queue
[2023-12-10T01:45:13.949+0000] {logging_mixin.py:154} INFO - [2023-12-10T01:45:13.949+0000] {dagbag.py:536} INFO - Filling up the DagBag from /opt/airflow/dags/Customer_Shopping_Trends.py
[2023-12-10T01:45:14.010+0000] {processor.py:839} INFO - DAG(s) dict_keys(['Customer_Shopping_Trends-v01.remove_unnecessary_columns', 'Customer_Shopping_Trends-v01.create_dim_tables', 'Customer_Shopping_Trends-v01.insert_fk_into_fact_table', 'Customer_Shopping_Trends-v01.remove_replaced_dim_cols', 'Customer_Shopping_Trends-v01']) retrieved from /opt/airflow/dags/Customer_Shopping_Trends.py
[2023-12-10T01:45:14.070+0000] {logging_mixin.py:154} INFO - [2023-12-10T01:45:14.070+0000] {dag.py:2941} INFO - Sync 5 DAGs
[2023-12-10T01:45:14.080+0000] {logging_mixin.py:154} INFO - [2023-12-10T01:45:14.080+0000] {dag.py:3722} INFO - Setting next_dagrun for Customer_Shopping_Trends-v01 to None, run_after=None
[2023-12-10T01:45:14.081+0000] {logging_mixin.py:154} INFO - [2023-12-10T01:45:14.081+0000] {dag.py:3722} INFO - Setting next_dagrun for Customer_Shopping_Trends-v01.create_dim_tables to None, run_after=None
[2023-12-10T01:45:14.082+0000] {logging_mixin.py:154} INFO - [2023-12-10T01:45:14.082+0000] {dag.py:3722} INFO - Setting next_dagrun for Customer_Shopping_Trends-v01.insert_fk_into_fact_table to None, run_after=None
[2023-12-10T01:45:14.082+0000] {logging_mixin.py:154} INFO - [2023-12-10T01:45:14.082+0000] {dag.py:3722} INFO - Setting next_dagrun for Customer_Shopping_Trends-v01.remove_replaced_dim_cols to None, run_after=None
[2023-12-10T01:45:14.083+0000] {logging_mixin.py:154} INFO - [2023-12-10T01:45:14.083+0000] {dag.py:3722} INFO - Setting next_dagrun for Customer_Shopping_Trends-v01.remove_unnecessary_columns to None, run_after=None
[2023-12-10T01:45:14.087+0000] {logging_mixin.py:154} INFO - [2023-12-10T01:45:14.087+0000] {dag.py:2941} INFO - Sync 4 DAGs
[2023-12-10T01:45:14.089+0000] {logging_mixin.py:154} INFO - [2023-12-10T01:45:14.089+0000] {dag.py:3722} INFO - Setting next_dagrun for Customer_Shopping_Trends-v01.create_dim_tables to None, run_after=None
[2023-12-10T01:45:14.090+0000] {logging_mixin.py:154} INFO - [2023-12-10T01:45:14.090+0000] {dag.py:3722} INFO - Setting next_dagrun for Customer_Shopping_Trends-v01.insert_fk_into_fact_table to None, run_after=None
[2023-12-10T01:45:14.090+0000] {logging_mixin.py:154} INFO - [2023-12-10T01:45:14.090+0000] {dag.py:3722} INFO - Setting next_dagrun for Customer_Shopping_Trends-v01.remove_replaced_dim_cols to None, run_after=None
[2023-12-10T01:45:14.090+0000] {logging_mixin.py:154} INFO - [2023-12-10T01:45:14.090+0000] {dag.py:3722} INFO - Setting next_dagrun for Customer_Shopping_Trends-v01.remove_unnecessary_columns to None, run_after=None
[2023-12-10T01:45:14.095+0000] {processor.py:179} INFO - Processing /opt/airflow/dags/Customer_Shopping_Trends.py took 0.154 seconds
[2023-12-10T01:45:44.394+0000] {processor.py:157} INFO - Started process (PID=965) to work on /opt/airflow/dags/Customer_Shopping_Trends.py
[2023-12-10T01:45:44.395+0000] {processor.py:829} INFO - Processing file /opt/airflow/dags/Customer_Shopping_Trends.py for tasks to queue
[2023-12-10T01:45:44.396+0000] {logging_mixin.py:154} INFO - [2023-12-10T01:45:44.396+0000] {dagbag.py:536} INFO - Filling up the DagBag from /opt/airflow/dags/Customer_Shopping_Trends.py
[2023-12-10T01:45:44.454+0000] {processor.py:839} INFO - DAG(s) dict_keys(['Customer_Shopping_Trends-v01.remove_unnecessary_columns', 'Customer_Shopping_Trends-v01.create_dim_tables', 'Customer_Shopping_Trends-v01.insert_fk_into_fact_table', 'Customer_Shopping_Trends-v01.remove_replaced_dim_cols', 'Customer_Shopping_Trends-v01']) retrieved from /opt/airflow/dags/Customer_Shopping_Trends.py
[2023-12-10T01:45:44.521+0000] {logging_mixin.py:154} INFO - [2023-12-10T01:45:44.521+0000] {dag.py:2941} INFO - Sync 5 DAGs
[2023-12-10T01:45:44.532+0000] {logging_mixin.py:154} INFO - [2023-12-10T01:45:44.532+0000] {dag.py:3722} INFO - Setting next_dagrun for Customer_Shopping_Trends-v01 to None, run_after=None
[2023-12-10T01:45:44.534+0000] {logging_mixin.py:154} INFO - [2023-12-10T01:45:44.534+0000] {dag.py:3722} INFO - Setting next_dagrun for Customer_Shopping_Trends-v01.create_dim_tables to None, run_after=None
[2023-12-10T01:45:44.535+0000] {logging_mixin.py:154} INFO - [2023-12-10T01:45:44.535+0000] {dag.py:3722} INFO - Setting next_dagrun for Customer_Shopping_Trends-v01.insert_fk_into_fact_table to None, run_after=None
[2023-12-10T01:45:44.537+0000] {logging_mixin.py:154} INFO - [2023-12-10T01:45:44.537+0000] {dag.py:3722} INFO - Setting next_dagrun for Customer_Shopping_Trends-v01.remove_replaced_dim_cols to None, run_after=None
[2023-12-10T01:45:44.538+0000] {logging_mixin.py:154} INFO - [2023-12-10T01:45:44.538+0000] {dag.py:3722} INFO - Setting next_dagrun for Customer_Shopping_Trends-v01.remove_unnecessary_columns to None, run_after=None
[2023-12-10T01:45:44.542+0000] {logging_mixin.py:154} INFO - [2023-12-10T01:45:44.542+0000] {dag.py:2941} INFO - Sync 4 DAGs
[2023-12-10T01:45:44.545+0000] {logging_mixin.py:154} INFO - [2023-12-10T01:45:44.545+0000] {dag.py:3722} INFO - Setting next_dagrun for Customer_Shopping_Trends-v01.create_dim_tables to None, run_after=None
[2023-12-10T01:45:44.545+0000] {logging_mixin.py:154} INFO - [2023-12-10T01:45:44.545+0000] {dag.py:3722} INFO - Setting next_dagrun for Customer_Shopping_Trends-v01.insert_fk_into_fact_table to None, run_after=None
[2023-12-10T01:45:44.545+0000] {logging_mixin.py:154} INFO - [2023-12-10T01:45:44.545+0000] {dag.py:3722} INFO - Setting next_dagrun for Customer_Shopping_Trends-v01.remove_replaced_dim_cols to None, run_after=None
[2023-12-10T01:45:44.545+0000] {logging_mixin.py:154} INFO - [2023-12-10T01:45:44.545+0000] {dag.py:3722} INFO - Setting next_dagrun for Customer_Shopping_Trends-v01.remove_unnecessary_columns to None, run_after=None
[2023-12-10T01:45:44.551+0000] {processor.py:179} INFO - Processing /opt/airflow/dags/Customer_Shopping_Trends.py took 0.160 seconds
[2023-12-10T01:46:14.836+0000] {processor.py:157} INFO - Started process (PID=997) to work on /opt/airflow/dags/Customer_Shopping_Trends.py
[2023-12-10T01:46:14.837+0000] {processor.py:829} INFO - Processing file /opt/airflow/dags/Customer_Shopping_Trends.py for tasks to queue
[2023-12-10T01:46:14.839+0000] {logging_mixin.py:154} INFO - [2023-12-10T01:46:14.838+0000] {dagbag.py:536} INFO - Filling up the DagBag from /opt/airflow/dags/Customer_Shopping_Trends.py
[2023-12-10T01:46:14.898+0000] {processor.py:839} INFO - DAG(s) dict_keys(['Customer_Shopping_Trends-v01.remove_unnecessary_columns', 'Customer_Shopping_Trends-v01.create_dim_tables', 'Customer_Shopping_Trends-v01.insert_fk_into_fact_table', 'Customer_Shopping_Trends-v01.remove_replaced_dim_cols', 'Customer_Shopping_Trends-v01']) retrieved from /opt/airflow/dags/Customer_Shopping_Trends.py
[2023-12-10T01:46:14.958+0000] {logging_mixin.py:154} INFO - [2023-12-10T01:46:14.958+0000] {dag.py:2941} INFO - Sync 5 DAGs
[2023-12-10T01:46:14.967+0000] {logging_mixin.py:154} INFO - [2023-12-10T01:46:14.967+0000] {dag.py:3722} INFO - Setting next_dagrun for Customer_Shopping_Trends-v01 to None, run_after=None
[2023-12-10T01:46:14.969+0000] {logging_mixin.py:154} INFO - [2023-12-10T01:46:14.969+0000] {dag.py:3722} INFO - Setting next_dagrun for Customer_Shopping_Trends-v01.create_dim_tables to None, run_after=None
[2023-12-10T01:46:14.970+0000] {logging_mixin.py:154} INFO - [2023-12-10T01:46:14.970+0000] {dag.py:3722} INFO - Setting next_dagrun for Customer_Shopping_Trends-v01.insert_fk_into_fact_table to None, run_after=None
[2023-12-10T01:46:14.970+0000] {logging_mixin.py:154} INFO - [2023-12-10T01:46:14.970+0000] {dag.py:3722} INFO - Setting next_dagrun for Customer_Shopping_Trends-v01.remove_replaced_dim_cols to None, run_after=None
[2023-12-10T01:46:14.971+0000] {logging_mixin.py:154} INFO - [2023-12-10T01:46:14.971+0000] {dag.py:3722} INFO - Setting next_dagrun for Customer_Shopping_Trends-v01.remove_unnecessary_columns to None, run_after=None
[2023-12-10T01:46:14.975+0000] {logging_mixin.py:154} INFO - [2023-12-10T01:46:14.975+0000] {dag.py:2941} INFO - Sync 4 DAGs
[2023-12-10T01:46:14.978+0000] {logging_mixin.py:154} INFO - [2023-12-10T01:46:14.978+0000] {dag.py:3722} INFO - Setting next_dagrun for Customer_Shopping_Trends-v01.create_dim_tables to None, run_after=None
[2023-12-10T01:46:14.978+0000] {logging_mixin.py:154} INFO - [2023-12-10T01:46:14.978+0000] {dag.py:3722} INFO - Setting next_dagrun for Customer_Shopping_Trends-v01.insert_fk_into_fact_table to None, run_after=None
[2023-12-10T01:46:14.978+0000] {logging_mixin.py:154} INFO - [2023-12-10T01:46:14.978+0000] {dag.py:3722} INFO - Setting next_dagrun for Customer_Shopping_Trends-v01.remove_replaced_dim_cols to None, run_after=None
[2023-12-10T01:46:14.978+0000] {logging_mixin.py:154} INFO - [2023-12-10T01:46:14.978+0000] {dag.py:3722} INFO - Setting next_dagrun for Customer_Shopping_Trends-v01.remove_unnecessary_columns to None, run_after=None
[2023-12-10T01:46:14.984+0000] {processor.py:179} INFO - Processing /opt/airflow/dags/Customer_Shopping_Trends.py took 0.152 seconds
[2023-12-10T01:46:45.311+0000] {processor.py:157} INFO - Started process (PID=1029) to work on /opt/airflow/dags/Customer_Shopping_Trends.py
[2023-12-10T01:46:45.312+0000] {processor.py:829} INFO - Processing file /opt/airflow/dags/Customer_Shopping_Trends.py for tasks to queue
[2023-12-10T01:46:45.314+0000] {logging_mixin.py:154} INFO - [2023-12-10T01:46:45.313+0000] {dagbag.py:536} INFO - Filling up the DagBag from /opt/airflow/dags/Customer_Shopping_Trends.py
[2023-12-10T01:46:45.373+0000] {processor.py:839} INFO - DAG(s) dict_keys(['Customer_Shopping_Trends-v01.remove_unnecessary_columns', 'Customer_Shopping_Trends-v01.create_dim_tables', 'Customer_Shopping_Trends-v01.insert_fk_into_fact_table', 'Customer_Shopping_Trends-v01.remove_replaced_dim_cols', 'Customer_Shopping_Trends-v01']) retrieved from /opt/airflow/dags/Customer_Shopping_Trends.py
[2023-12-10T01:46:45.432+0000] {logging_mixin.py:154} INFO - [2023-12-10T01:46:45.432+0000] {dag.py:2941} INFO - Sync 5 DAGs
[2023-12-10T01:46:45.443+0000] {logging_mixin.py:154} INFO - [2023-12-10T01:46:45.443+0000] {dag.py:3722} INFO - Setting next_dagrun for Customer_Shopping_Trends-v01 to None, run_after=None
[2023-12-10T01:46:45.445+0000] {logging_mixin.py:154} INFO - [2023-12-10T01:46:45.445+0000] {dag.py:3722} INFO - Setting next_dagrun for Customer_Shopping_Trends-v01.create_dim_tables to None, run_after=None
[2023-12-10T01:46:45.445+0000] {logging_mixin.py:154} INFO - [2023-12-10T01:46:45.445+0000] {dag.py:3722} INFO - Setting next_dagrun for Customer_Shopping_Trends-v01.insert_fk_into_fact_table to None, run_after=None
[2023-12-10T01:46:45.446+0000] {logging_mixin.py:154} INFO - [2023-12-10T01:46:45.446+0000] {dag.py:3722} INFO - Setting next_dagrun for Customer_Shopping_Trends-v01.remove_replaced_dim_cols to None, run_after=None
[2023-12-10T01:46:45.447+0000] {logging_mixin.py:154} INFO - [2023-12-10T01:46:45.447+0000] {dag.py:3722} INFO - Setting next_dagrun for Customer_Shopping_Trends-v01.remove_unnecessary_columns to None, run_after=None
[2023-12-10T01:46:45.451+0000] {logging_mixin.py:154} INFO - [2023-12-10T01:46:45.450+0000] {dag.py:2941} INFO - Sync 4 DAGs
[2023-12-10T01:46:45.453+0000] {logging_mixin.py:154} INFO - [2023-12-10T01:46:45.453+0000] {dag.py:3722} INFO - Setting next_dagrun for Customer_Shopping_Trends-v01.create_dim_tables to None, run_after=None
[2023-12-10T01:46:45.453+0000] {logging_mixin.py:154} INFO - [2023-12-10T01:46:45.453+0000] {dag.py:3722} INFO - Setting next_dagrun for Customer_Shopping_Trends-v01.insert_fk_into_fact_table to None, run_after=None
[2023-12-10T01:46:45.454+0000] {logging_mixin.py:154} INFO - [2023-12-10T01:46:45.453+0000] {dag.py:3722} INFO - Setting next_dagrun for Customer_Shopping_Trends-v01.remove_replaced_dim_cols to None, run_after=None
[2023-12-10T01:46:45.454+0000] {logging_mixin.py:154} INFO - [2023-12-10T01:46:45.454+0000] {dag.py:3722} INFO - Setting next_dagrun for Customer_Shopping_Trends-v01.remove_unnecessary_columns to None, run_after=None
[2023-12-10T01:46:45.459+0000] {processor.py:179} INFO - Processing /opt/airflow/dags/Customer_Shopping_Trends.py took 0.153 seconds
[2023-12-10T01:47:15.756+0000] {processor.py:157} INFO - Started process (PID=1061) to work on /opt/airflow/dags/Customer_Shopping_Trends.py
[2023-12-10T01:47:15.758+0000] {processor.py:829} INFO - Processing file /opt/airflow/dags/Customer_Shopping_Trends.py for tasks to queue
[2023-12-10T01:47:15.759+0000] {logging_mixin.py:154} INFO - [2023-12-10T01:47:15.758+0000] {dagbag.py:536} INFO - Filling up the DagBag from /opt/airflow/dags/Customer_Shopping_Trends.py
[2023-12-10T01:47:15.819+0000] {processor.py:839} INFO - DAG(s) dict_keys(['Customer_Shopping_Trends-v01.remove_unnecessary_columns', 'Customer_Shopping_Trends-v01.create_dim_tables', 'Customer_Shopping_Trends-v01.insert_fk_into_fact_table', 'Customer_Shopping_Trends-v01.remove_replaced_dim_cols', 'Customer_Shopping_Trends-v01']) retrieved from /opt/airflow/dags/Customer_Shopping_Trends.py
[2023-12-10T01:47:15.879+0000] {logging_mixin.py:154} INFO - [2023-12-10T01:47:15.879+0000] {dag.py:2941} INFO - Sync 5 DAGs
[2023-12-10T01:47:15.889+0000] {logging_mixin.py:154} INFO - [2023-12-10T01:47:15.889+0000] {dag.py:3722} INFO - Setting next_dagrun for Customer_Shopping_Trends-v01 to None, run_after=None
[2023-12-10T01:47:15.891+0000] {logging_mixin.py:154} INFO - [2023-12-10T01:47:15.891+0000] {dag.py:3722} INFO - Setting next_dagrun for Customer_Shopping_Trends-v01.create_dim_tables to None, run_after=None
[2023-12-10T01:47:15.892+0000] {logging_mixin.py:154} INFO - [2023-12-10T01:47:15.891+0000] {dag.py:3722} INFO - Setting next_dagrun for Customer_Shopping_Trends-v01.insert_fk_into_fact_table to None, run_after=None
[2023-12-10T01:47:15.892+0000] {logging_mixin.py:154} INFO - [2023-12-10T01:47:15.892+0000] {dag.py:3722} INFO - Setting next_dagrun for Customer_Shopping_Trends-v01.remove_replaced_dim_cols to None, run_after=None
[2023-12-10T01:47:15.893+0000] {logging_mixin.py:154} INFO - [2023-12-10T01:47:15.893+0000] {dag.py:3722} INFO - Setting next_dagrun for Customer_Shopping_Trends-v01.remove_unnecessary_columns to None, run_after=None
[2023-12-10T01:47:15.897+0000] {logging_mixin.py:154} INFO - [2023-12-10T01:47:15.896+0000] {dag.py:2941} INFO - Sync 4 DAGs
[2023-12-10T01:47:15.899+0000] {logging_mixin.py:154} INFO - [2023-12-10T01:47:15.899+0000] {dag.py:3722} INFO - Setting next_dagrun for Customer_Shopping_Trends-v01.create_dim_tables to None, run_after=None
[2023-12-10T01:47:15.899+0000] {logging_mixin.py:154} INFO - [2023-12-10T01:47:15.899+0000] {dag.py:3722} INFO - Setting next_dagrun for Customer_Shopping_Trends-v01.insert_fk_into_fact_table to None, run_after=None
[2023-12-10T01:47:15.899+0000] {logging_mixin.py:154} INFO - [2023-12-10T01:47:15.899+0000] {dag.py:3722} INFO - Setting next_dagrun for Customer_Shopping_Trends-v01.remove_replaced_dim_cols to None, run_after=None
[2023-12-10T01:47:15.900+0000] {logging_mixin.py:154} INFO - [2023-12-10T01:47:15.900+0000] {dag.py:3722} INFO - Setting next_dagrun for Customer_Shopping_Trends-v01.remove_unnecessary_columns to None, run_after=None
[2023-12-10T01:47:15.904+0000] {processor.py:179} INFO - Processing /opt/airflow/dags/Customer_Shopping_Trends.py took 0.153 seconds
