[2023-12-10T00:00:04.115+0000] {processor.py:157} INFO - Started process (PID=1379) to work on /opt/airflow/dags/create_star_schema_part_2.py
[2023-12-10T00:00:04.115+0000] {processor.py:829} INFO - Processing file /opt/airflow/dags/create_star_schema_part_2.py for tasks to queue
[2023-12-10T00:00:04.116+0000] {logging_mixin.py:154} INFO - [2023-12-10T00:00:04.116+0000] {dagbag.py:536} INFO - Filling up the DagBag from /opt/airflow/dags/create_star_schema_part_2.py
[2023-12-10T00:00:04.122+0000] {processor.py:841} WARNING - No viable dags retrieved from /opt/airflow/dags/create_star_schema_part_2.py
[2023-12-10T00:00:04.139+0000] {processor.py:179} INFO - Processing /opt/airflow/dags/create_star_schema_part_2.py took 0.027 seconds
[2023-12-10T00:00:34.610+0000] {processor.py:157} INFO - Started process (PID=1412) to work on /opt/airflow/dags/create_star_schema_part_2.py
[2023-12-10T00:00:34.611+0000] {processor.py:829} INFO - Processing file /opt/airflow/dags/create_star_schema_part_2.py for tasks to queue
[2023-12-10T00:00:34.612+0000] {logging_mixin.py:154} INFO - [2023-12-10T00:00:34.611+0000] {dagbag.py:536} INFO - Filling up the DagBag from /opt/airflow/dags/create_star_schema_part_2.py
[2023-12-10T00:00:34.620+0000] {processor.py:841} WARNING - No viable dags retrieved from /opt/airflow/dags/create_star_schema_part_2.py
[2023-12-10T00:00:34.638+0000] {processor.py:179} INFO - Processing /opt/airflow/dags/create_star_schema_part_2.py took 0.032 seconds
[2023-12-10T00:01:05.010+0000] {processor.py:157} INFO - Started process (PID=1445) to work on /opt/airflow/dags/create_star_schema_part_2.py
[2023-12-10T00:01:05.011+0000] {processor.py:829} INFO - Processing file /opt/airflow/dags/create_star_schema_part_2.py for tasks to queue
[2023-12-10T00:01:05.012+0000] {logging_mixin.py:154} INFO - [2023-12-10T00:01:05.012+0000] {dagbag.py:536} INFO - Filling up the DagBag from /opt/airflow/dags/create_star_schema_part_2.py
[2023-12-10T00:01:05.020+0000] {processor.py:841} WARNING - No viable dags retrieved from /opt/airflow/dags/create_star_schema_part_2.py
[2023-12-10T00:01:05.034+0000] {processor.py:179} INFO - Processing /opt/airflow/dags/create_star_schema_part_2.py took 0.029 seconds
[2023-12-10T00:01:35.407+0000] {processor.py:157} INFO - Started process (PID=1478) to work on /opt/airflow/dags/create_star_schema_part_2.py
[2023-12-10T00:01:35.408+0000] {processor.py:829} INFO - Processing file /opt/airflow/dags/create_star_schema_part_2.py for tasks to queue
[2023-12-10T00:01:35.408+0000] {logging_mixin.py:154} INFO - [2023-12-10T00:01:35.408+0000] {dagbag.py:536} INFO - Filling up the DagBag from /opt/airflow/dags/create_star_schema_part_2.py
[2023-12-10T00:01:35.415+0000] {processor.py:841} WARNING - No viable dags retrieved from /opt/airflow/dags/create_star_schema_part_2.py
[2023-12-10T00:01:35.428+0000] {processor.py:179} INFO - Processing /opt/airflow/dags/create_star_schema_part_2.py took 0.025 seconds
[2023-12-10T00:02:05.812+0000] {processor.py:157} INFO - Started process (PID=1511) to work on /opt/airflow/dags/create_star_schema_part_2.py
[2023-12-10T00:02:05.813+0000] {processor.py:829} INFO - Processing file /opt/airflow/dags/create_star_schema_part_2.py for tasks to queue
[2023-12-10T00:02:05.814+0000] {logging_mixin.py:154} INFO - [2023-12-10T00:02:05.814+0000] {dagbag.py:536} INFO - Filling up the DagBag from /opt/airflow/dags/create_star_schema_part_2.py
[2023-12-10T00:02:05.821+0000] {processor.py:841} WARNING - No viable dags retrieved from /opt/airflow/dags/create_star_schema_part_2.py
[2023-12-10T00:02:05.834+0000] {processor.py:179} INFO - Processing /opt/airflow/dags/create_star_schema_part_2.py took 0.026 seconds
[2023-12-10T00:02:36.295+0000] {processor.py:157} INFO - Started process (PID=1544) to work on /opt/airflow/dags/create_star_schema_part_2.py
[2023-12-10T00:02:36.296+0000] {processor.py:829} INFO - Processing file /opt/airflow/dags/create_star_schema_part_2.py for tasks to queue
[2023-12-10T00:02:36.297+0000] {logging_mixin.py:154} INFO - [2023-12-10T00:02:36.297+0000] {dagbag.py:536} INFO - Filling up the DagBag from /opt/airflow/dags/create_star_schema_part_2.py
[2023-12-10T00:02:36.303+0000] {processor.py:841} WARNING - No viable dags retrieved from /opt/airflow/dags/create_star_schema_part_2.py
[2023-12-10T00:02:36.317+0000] {processor.py:179} INFO - Processing /opt/airflow/dags/create_star_schema_part_2.py took 0.027 seconds
[2023-12-10T00:03:06.780+0000] {processor.py:157} INFO - Started process (PID=1577) to work on /opt/airflow/dags/create_star_schema_part_2.py
[2023-12-10T00:03:06.781+0000] {processor.py:829} INFO - Processing file /opt/airflow/dags/create_star_schema_part_2.py for tasks to queue
[2023-12-10T00:03:06.782+0000] {logging_mixin.py:154} INFO - [2023-12-10T00:03:06.781+0000] {dagbag.py:536} INFO - Filling up the DagBag from /opt/airflow/dags/create_star_schema_part_2.py
[2023-12-10T00:03:06.788+0000] {processor.py:841} WARNING - No viable dags retrieved from /opt/airflow/dags/create_star_schema_part_2.py
[2023-12-10T00:03:06.802+0000] {processor.py:179} INFO - Processing /opt/airflow/dags/create_star_schema_part_2.py took 0.026 seconds
[2023-12-10T00:03:37.188+0000] {processor.py:157} INFO - Started process (PID=1610) to work on /opt/airflow/dags/create_star_schema_part_2.py
[2023-12-10T00:03:37.189+0000] {processor.py:829} INFO - Processing file /opt/airflow/dags/create_star_schema_part_2.py for tasks to queue
[2023-12-10T00:03:37.190+0000] {logging_mixin.py:154} INFO - [2023-12-10T00:03:37.190+0000] {dagbag.py:536} INFO - Filling up the DagBag from /opt/airflow/dags/create_star_schema_part_2.py
[2023-12-10T00:03:37.196+0000] {processor.py:841} WARNING - No viable dags retrieved from /opt/airflow/dags/create_star_schema_part_2.py
[2023-12-10T00:03:37.209+0000] {processor.py:179} INFO - Processing /opt/airflow/dags/create_star_schema_part_2.py took 0.024 seconds
[2023-12-10T00:04:07.661+0000] {processor.py:157} INFO - Started process (PID=1643) to work on /opt/airflow/dags/create_star_schema_part_2.py
[2023-12-10T00:04:07.662+0000] {processor.py:829} INFO - Processing file /opt/airflow/dags/create_star_schema_part_2.py for tasks to queue
[2023-12-10T00:04:07.663+0000] {logging_mixin.py:154} INFO - [2023-12-10T00:04:07.662+0000] {dagbag.py:536} INFO - Filling up the DagBag from /opt/airflow/dags/create_star_schema_part_2.py
[2023-12-10T00:04:07.669+0000] {processor.py:841} WARNING - No viable dags retrieved from /opt/airflow/dags/create_star_schema_part_2.py
[2023-12-10T00:04:07.683+0000] {processor.py:179} INFO - Processing /opt/airflow/dags/create_star_schema_part_2.py took 0.026 seconds
[2023-12-10T00:04:38.087+0000] {processor.py:157} INFO - Started process (PID=1676) to work on /opt/airflow/dags/create_star_schema_part_2.py
[2023-12-10T00:04:38.088+0000] {processor.py:829} INFO - Processing file /opt/airflow/dags/create_star_schema_part_2.py for tasks to queue
[2023-12-10T00:04:38.089+0000] {logging_mixin.py:154} INFO - [2023-12-10T00:04:38.089+0000] {dagbag.py:536} INFO - Filling up the DagBag from /opt/airflow/dags/create_star_schema_part_2.py
[2023-12-10T00:04:38.097+0000] {processor.py:841} WARNING - No viable dags retrieved from /opt/airflow/dags/create_star_schema_part_2.py
[2023-12-10T00:04:38.111+0000] {processor.py:179} INFO - Processing /opt/airflow/dags/create_star_schema_part_2.py took 0.028 seconds
[2023-12-10T00:05:08.514+0000] {processor.py:157} INFO - Started process (PID=1709) to work on /opt/airflow/dags/create_star_schema_part_2.py
[2023-12-10T00:05:08.514+0000] {processor.py:829} INFO - Processing file /opt/airflow/dags/create_star_schema_part_2.py for tasks to queue
[2023-12-10T00:05:08.515+0000] {logging_mixin.py:154} INFO - [2023-12-10T00:05:08.515+0000] {dagbag.py:536} INFO - Filling up the DagBag from /opt/airflow/dags/create_star_schema_part_2.py
[2023-12-10T00:05:08.522+0000] {processor.py:841} WARNING - No viable dags retrieved from /opt/airflow/dags/create_star_schema_part_2.py
[2023-12-10T00:05:08.538+0000] {processor.py:179} INFO - Processing /opt/airflow/dags/create_star_schema_part_2.py took 0.028 seconds
[2023-12-10T00:05:38.952+0000] {processor.py:157} INFO - Started process (PID=1742) to work on /opt/airflow/dags/create_star_schema_part_2.py
[2023-12-10T00:05:38.954+0000] {processor.py:829} INFO - Processing file /opt/airflow/dags/create_star_schema_part_2.py for tasks to queue
[2023-12-10T00:05:38.955+0000] {logging_mixin.py:154} INFO - [2023-12-10T00:05:38.955+0000] {dagbag.py:536} INFO - Filling up the DagBag from /opt/airflow/dags/create_star_schema_part_2.py
[2023-12-10T00:05:38.963+0000] {processor.py:841} WARNING - No viable dags retrieved from /opt/airflow/dags/create_star_schema_part_2.py
[2023-12-10T00:05:38.978+0000] {processor.py:179} INFO - Processing /opt/airflow/dags/create_star_schema_part_2.py took 0.030 seconds
[2023-12-10T00:06:09.406+0000] {processor.py:157} INFO - Started process (PID=1775) to work on /opt/airflow/dags/create_star_schema_part_2.py
[2023-12-10T00:06:09.407+0000] {processor.py:829} INFO - Processing file /opt/airflow/dags/create_star_schema_part_2.py for tasks to queue
[2023-12-10T00:06:09.408+0000] {logging_mixin.py:154} INFO - [2023-12-10T00:06:09.408+0000] {dagbag.py:536} INFO - Filling up the DagBag from /opt/airflow/dags/create_star_schema_part_2.py
[2023-12-10T00:06:09.415+0000] {processor.py:841} WARNING - No viable dags retrieved from /opt/airflow/dags/create_star_schema_part_2.py
[2023-12-10T00:06:09.429+0000] {processor.py:179} INFO - Processing /opt/airflow/dags/create_star_schema_part_2.py took 0.025 seconds
[2023-12-10T00:06:39.883+0000] {processor.py:157} INFO - Started process (PID=1808) to work on /opt/airflow/dags/create_star_schema_part_2.py
[2023-12-10T00:06:39.884+0000] {processor.py:829} INFO - Processing file /opt/airflow/dags/create_star_schema_part_2.py for tasks to queue
[2023-12-10T00:06:39.884+0000] {logging_mixin.py:154} INFO - [2023-12-10T00:06:39.884+0000] {dagbag.py:536} INFO - Filling up the DagBag from /opt/airflow/dags/create_star_schema_part_2.py
[2023-12-10T00:06:39.891+0000] {processor.py:841} WARNING - No viable dags retrieved from /opt/airflow/dags/create_star_schema_part_2.py
[2023-12-10T00:06:39.905+0000] {processor.py:179} INFO - Processing /opt/airflow/dags/create_star_schema_part_2.py took 0.026 seconds
[2023-12-10T00:07:10.430+0000] {processor.py:157} INFO - Started process (PID=1841) to work on /opt/airflow/dags/create_star_schema_part_2.py
[2023-12-10T00:07:10.431+0000] {processor.py:829} INFO - Processing file /opt/airflow/dags/create_star_schema_part_2.py for tasks to queue
[2023-12-10T00:07:10.432+0000] {logging_mixin.py:154} INFO - [2023-12-10T00:07:10.431+0000] {dagbag.py:536} INFO - Filling up the DagBag from /opt/airflow/dags/create_star_schema_part_2.py
[2023-12-10T00:07:10.439+0000] {processor.py:841} WARNING - No viable dags retrieved from /opt/airflow/dags/create_star_schema_part_2.py
[2023-12-10T00:07:10.452+0000] {processor.py:179} INFO - Processing /opt/airflow/dags/create_star_schema_part_2.py took 0.027 seconds
[2023-12-10T00:07:40.854+0000] {processor.py:157} INFO - Started process (PID=1874) to work on /opt/airflow/dags/create_star_schema_part_2.py
[2023-12-10T00:07:40.854+0000] {processor.py:829} INFO - Processing file /opt/airflow/dags/create_star_schema_part_2.py for tasks to queue
[2023-12-10T00:07:40.855+0000] {logging_mixin.py:154} INFO - [2023-12-10T00:07:40.855+0000] {dagbag.py:536} INFO - Filling up the DagBag from /opt/airflow/dags/create_star_schema_part_2.py
[2023-12-10T00:07:40.859+0000] {processor.py:841} WARNING - No viable dags retrieved from /opt/airflow/dags/create_star_schema_part_2.py
[2023-12-10T00:07:40.871+0000] {processor.py:179} INFO - Processing /opt/airflow/dags/create_star_schema_part_2.py took 0.020 seconds
[2023-12-10T00:08:11.273+0000] {processor.py:157} INFO - Started process (PID=1907) to work on /opt/airflow/dags/create_star_schema_part_2.py
[2023-12-10T00:08:11.274+0000] {processor.py:829} INFO - Processing file /opt/airflow/dags/create_star_schema_part_2.py for tasks to queue
[2023-12-10T00:08:11.274+0000] {logging_mixin.py:154} INFO - [2023-12-10T00:08:11.274+0000] {dagbag.py:536} INFO - Filling up the DagBag from /opt/airflow/dags/create_star_schema_part_2.py
[2023-12-10T00:08:11.278+0000] {processor.py:841} WARNING - No viable dags retrieved from /opt/airflow/dags/create_star_schema_part_2.py
[2023-12-10T00:08:11.288+0000] {processor.py:179} INFO - Processing /opt/airflow/dags/create_star_schema_part_2.py took 0.017 seconds
[2023-12-10T00:08:41.646+0000] {processor.py:157} INFO - Started process (PID=1940) to work on /opt/airflow/dags/create_star_schema_part_2.py
[2023-12-10T00:08:41.647+0000] {processor.py:829} INFO - Processing file /opt/airflow/dags/create_star_schema_part_2.py for tasks to queue
[2023-12-10T00:08:41.648+0000] {logging_mixin.py:154} INFO - [2023-12-10T00:08:41.647+0000] {dagbag.py:536} INFO - Filling up the DagBag from /opt/airflow/dags/create_star_schema_part_2.py
[2023-12-10T00:08:41.653+0000] {processor.py:841} WARNING - No viable dags retrieved from /opt/airflow/dags/create_star_schema_part_2.py
[2023-12-10T00:08:41.667+0000] {processor.py:179} INFO - Processing /opt/airflow/dags/create_star_schema_part_2.py took 0.025 seconds
[2023-12-10T00:09:12.067+0000] {processor.py:157} INFO - Started process (PID=1973) to work on /opt/airflow/dags/create_star_schema_part_2.py
[2023-12-10T00:09:12.068+0000] {processor.py:829} INFO - Processing file /opt/airflow/dags/create_star_schema_part_2.py for tasks to queue
[2023-12-10T00:09:12.069+0000] {logging_mixin.py:154} INFO - [2023-12-10T00:09:12.069+0000] {dagbag.py:536} INFO - Filling up the DagBag from /opt/airflow/dags/create_star_schema_part_2.py
[2023-12-10T00:09:12.076+0000] {processor.py:841} WARNING - No viable dags retrieved from /opt/airflow/dags/create_star_schema_part_2.py
[2023-12-10T00:09:12.089+0000] {processor.py:179} INFO - Processing /opt/airflow/dags/create_star_schema_part_2.py took 0.026 seconds
[2023-12-10T00:09:42.496+0000] {processor.py:157} INFO - Started process (PID=2006) to work on /opt/airflow/dags/create_star_schema_part_2.py
[2023-12-10T00:09:42.497+0000] {processor.py:829} INFO - Processing file /opt/airflow/dags/create_star_schema_part_2.py for tasks to queue
[2023-12-10T00:09:42.498+0000] {logging_mixin.py:154} INFO - [2023-12-10T00:09:42.498+0000] {dagbag.py:536} INFO - Filling up the DagBag from /opt/airflow/dags/create_star_schema_part_2.py
[2023-12-10T00:09:42.503+0000] {processor.py:841} WARNING - No viable dags retrieved from /opt/airflow/dags/create_star_schema_part_2.py
[2023-12-10T00:09:42.519+0000] {processor.py:179} INFO - Processing /opt/airflow/dags/create_star_schema_part_2.py took 0.026 seconds
[2023-12-10T00:10:12.873+0000] {processor.py:157} INFO - Started process (PID=2039) to work on /opt/airflow/dags/create_star_schema_part_2.py
[2023-12-10T00:10:12.874+0000] {processor.py:829} INFO - Processing file /opt/airflow/dags/create_star_schema_part_2.py for tasks to queue
[2023-12-10T00:10:12.875+0000] {logging_mixin.py:154} INFO - [2023-12-10T00:10:12.875+0000] {dagbag.py:536} INFO - Filling up the DagBag from /opt/airflow/dags/create_star_schema_part_2.py
[2023-12-10T00:10:12.883+0000] {processor.py:841} WARNING - No viable dags retrieved from /opt/airflow/dags/create_star_schema_part_2.py
[2023-12-10T00:10:12.898+0000] {processor.py:179} INFO - Processing /opt/airflow/dags/create_star_schema_part_2.py took 0.029 seconds
[2023-12-10T00:10:43.295+0000] {processor.py:157} INFO - Started process (PID=2072) to work on /opt/airflow/dags/create_star_schema_part_2.py
[2023-12-10T00:10:43.296+0000] {processor.py:829} INFO - Processing file /opt/airflow/dags/create_star_schema_part_2.py for tasks to queue
[2023-12-10T00:10:43.297+0000] {logging_mixin.py:154} INFO - [2023-12-10T00:10:43.297+0000] {dagbag.py:536} INFO - Filling up the DagBag from /opt/airflow/dags/create_star_schema_part_2.py
[2023-12-10T00:10:43.304+0000] {processor.py:841} WARNING - No viable dags retrieved from /opt/airflow/dags/create_star_schema_part_2.py
[2023-12-10T00:10:43.318+0000] {processor.py:179} INFO - Processing /opt/airflow/dags/create_star_schema_part_2.py took 0.027 seconds
[2023-12-10T00:11:13.742+0000] {processor.py:157} INFO - Started process (PID=2105) to work on /opt/airflow/dags/create_star_schema_part_2.py
[2023-12-10T00:11:13.743+0000] {processor.py:829} INFO - Processing file /opt/airflow/dags/create_star_schema_part_2.py for tasks to queue
[2023-12-10T00:11:13.743+0000] {logging_mixin.py:154} INFO - [2023-12-10T00:11:13.743+0000] {dagbag.py:536} INFO - Filling up the DagBag from /opt/airflow/dags/create_star_schema_part_2.py
[2023-12-10T00:11:13.749+0000] {processor.py:841} WARNING - No viable dags retrieved from /opt/airflow/dags/create_star_schema_part_2.py
[2023-12-10T00:11:13.764+0000] {processor.py:179} INFO - Processing /opt/airflow/dags/create_star_schema_part_2.py took 0.025 seconds
[2023-12-10T00:11:44.231+0000] {processor.py:157} INFO - Started process (PID=2138) to work on /opt/airflow/dags/create_star_schema_part_2.py
[2023-12-10T00:11:44.232+0000] {processor.py:829} INFO - Processing file /opt/airflow/dags/create_star_schema_part_2.py for tasks to queue
[2023-12-10T00:11:44.233+0000] {logging_mixin.py:154} INFO - [2023-12-10T00:11:44.233+0000] {dagbag.py:536} INFO - Filling up the DagBag from /opt/airflow/dags/create_star_schema_part_2.py
[2023-12-10T00:11:44.240+0000] {processor.py:841} WARNING - No viable dags retrieved from /opt/airflow/dags/create_star_schema_part_2.py
[2023-12-10T00:11:44.254+0000] {processor.py:179} INFO - Processing /opt/airflow/dags/create_star_schema_part_2.py took 0.028 seconds
[2023-12-10T00:12:14.612+0000] {processor.py:157} INFO - Started process (PID=2171) to work on /opt/airflow/dags/create_star_schema_part_2.py
[2023-12-10T00:12:14.613+0000] {processor.py:829} INFO - Processing file /opt/airflow/dags/create_star_schema_part_2.py for tasks to queue
[2023-12-10T00:12:14.614+0000] {logging_mixin.py:154} INFO - [2023-12-10T00:12:14.614+0000] {dagbag.py:536} INFO - Filling up the DagBag from /opt/airflow/dags/create_star_schema_part_2.py
[2023-12-10T00:12:14.622+0000] {processor.py:841} WARNING - No viable dags retrieved from /opt/airflow/dags/create_star_schema_part_2.py
[2023-12-10T00:12:14.636+0000] {processor.py:179} INFO - Processing /opt/airflow/dags/create_star_schema_part_2.py took 0.028 seconds
[2023-12-10T00:12:45.042+0000] {processor.py:157} INFO - Started process (PID=2204) to work on /opt/airflow/dags/create_star_schema_part_2.py
[2023-12-10T00:12:45.043+0000] {processor.py:829} INFO - Processing file /opt/airflow/dags/create_star_schema_part_2.py for tasks to queue
[2023-12-10T00:12:45.044+0000] {logging_mixin.py:154} INFO - [2023-12-10T00:12:45.044+0000] {dagbag.py:536} INFO - Filling up the DagBag from /opt/airflow/dags/create_star_schema_part_2.py
[2023-12-10T00:12:45.052+0000] {processor.py:841} WARNING - No viable dags retrieved from /opt/airflow/dags/create_star_schema_part_2.py
[2023-12-10T00:12:45.067+0000] {processor.py:179} INFO - Processing /opt/airflow/dags/create_star_schema_part_2.py took 0.029 seconds
[2023-12-10T00:13:15.509+0000] {processor.py:157} INFO - Started process (PID=2237) to work on /opt/airflow/dags/create_star_schema_part_2.py
[2023-12-10T00:13:15.511+0000] {processor.py:829} INFO - Processing file /opt/airflow/dags/create_star_schema_part_2.py for tasks to queue
[2023-12-10T00:13:15.512+0000] {logging_mixin.py:154} INFO - [2023-12-10T00:13:15.511+0000] {dagbag.py:536} INFO - Filling up the DagBag from /opt/airflow/dags/create_star_schema_part_2.py
[2023-12-10T00:13:15.519+0000] {processor.py:841} WARNING - No viable dags retrieved from /opt/airflow/dags/create_star_schema_part_2.py
[2023-12-10T00:13:15.533+0000] {processor.py:179} INFO - Processing /opt/airflow/dags/create_star_schema_part_2.py took 0.028 seconds
[2023-12-10T00:13:45.914+0000] {processor.py:157} INFO - Started process (PID=2270) to work on /opt/airflow/dags/create_star_schema_part_2.py
[2023-12-10T00:13:45.915+0000] {processor.py:829} INFO - Processing file /opt/airflow/dags/create_star_schema_part_2.py for tasks to queue
[2023-12-10T00:13:45.916+0000] {logging_mixin.py:154} INFO - [2023-12-10T00:13:45.916+0000] {dagbag.py:536} INFO - Filling up the DagBag from /opt/airflow/dags/create_star_schema_part_2.py
[2023-12-10T00:13:45.922+0000] {processor.py:841} WARNING - No viable dags retrieved from /opt/airflow/dags/create_star_schema_part_2.py
[2023-12-10T00:13:45.934+0000] {processor.py:179} INFO - Processing /opt/airflow/dags/create_star_schema_part_2.py took 0.023 seconds
[2023-12-10T00:14:16.320+0000] {processor.py:157} INFO - Started process (PID=2303) to work on /opt/airflow/dags/create_star_schema_part_2.py
[2023-12-10T00:14:16.322+0000] {processor.py:829} INFO - Processing file /opt/airflow/dags/create_star_schema_part_2.py for tasks to queue
[2023-12-10T00:14:16.322+0000] {logging_mixin.py:154} INFO - [2023-12-10T00:14:16.322+0000] {dagbag.py:536} INFO - Filling up the DagBag from /opt/airflow/dags/create_star_schema_part_2.py
[2023-12-10T00:14:16.328+0000] {processor.py:841} WARNING - No viable dags retrieved from /opt/airflow/dags/create_star_schema_part_2.py
[2023-12-10T00:14:16.341+0000] {processor.py:179} INFO - Processing /opt/airflow/dags/create_star_schema_part_2.py took 0.024 seconds
[2023-12-10T00:14:46.776+0000] {processor.py:157} INFO - Started process (PID=2336) to work on /opt/airflow/dags/create_star_schema_part_2.py
[2023-12-10T00:14:46.777+0000] {processor.py:829} INFO - Processing file /opt/airflow/dags/create_star_schema_part_2.py for tasks to queue
[2023-12-10T00:14:46.777+0000] {logging_mixin.py:154} INFO - [2023-12-10T00:14:46.777+0000] {dagbag.py:536} INFO - Filling up the DagBag from /opt/airflow/dags/create_star_schema_part_2.py
[2023-12-10T00:14:46.784+0000] {processor.py:841} WARNING - No viable dags retrieved from /opt/airflow/dags/create_star_schema_part_2.py
[2023-12-10T00:14:46.799+0000] {processor.py:179} INFO - Processing /opt/airflow/dags/create_star_schema_part_2.py took 0.027 seconds
[2023-12-10T00:15:17.243+0000] {processor.py:157} INFO - Started process (PID=2369) to work on /opt/airflow/dags/create_star_schema_part_2.py
[2023-12-10T00:15:17.244+0000] {processor.py:829} INFO - Processing file /opt/airflow/dags/create_star_schema_part_2.py for tasks to queue
[2023-12-10T00:15:17.245+0000] {logging_mixin.py:154} INFO - [2023-12-10T00:15:17.245+0000] {dagbag.py:536} INFO - Filling up the DagBag from /opt/airflow/dags/create_star_schema_part_2.py
[2023-12-10T00:15:17.252+0000] {processor.py:841} WARNING - No viable dags retrieved from /opt/airflow/dags/create_star_schema_part_2.py
[2023-12-10T00:15:17.266+0000] {processor.py:179} INFO - Processing /opt/airflow/dags/create_star_schema_part_2.py took 0.027 seconds
[2023-12-10T00:15:47.641+0000] {processor.py:157} INFO - Started process (PID=2409) to work on /opt/airflow/dags/create_star_schema_part_2.py
[2023-12-10T00:15:47.641+0000] {processor.py:829} INFO - Processing file /opt/airflow/dags/create_star_schema_part_2.py for tasks to queue
[2023-12-10T00:15:47.642+0000] {logging_mixin.py:154} INFO - [2023-12-10T00:15:47.642+0000] {dagbag.py:536} INFO - Filling up the DagBag from /opt/airflow/dags/create_star_schema_part_2.py
[2023-12-10T00:15:47.647+0000] {processor.py:841} WARNING - No viable dags retrieved from /opt/airflow/dags/create_star_schema_part_2.py
[2023-12-10T00:15:47.657+0000] {processor.py:179} INFO - Processing /opt/airflow/dags/create_star_schema_part_2.py took 0.019 seconds
[2023-12-10T00:16:18.083+0000] {processor.py:157} INFO - Started process (PID=2442) to work on /opt/airflow/dags/create_star_schema_part_2.py
[2023-12-10T00:16:18.085+0000] {processor.py:829} INFO - Processing file /opt/airflow/dags/create_star_schema_part_2.py for tasks to queue
[2023-12-10T00:16:18.086+0000] {logging_mixin.py:154} INFO - [2023-12-10T00:16:18.085+0000] {dagbag.py:536} INFO - Filling up the DagBag from /opt/airflow/dags/create_star_schema_part_2.py
[2023-12-10T00:16:18.093+0000] {processor.py:841} WARNING - No viable dags retrieved from /opt/airflow/dags/create_star_schema_part_2.py
[2023-12-10T00:16:18.107+0000] {processor.py:179} INFO - Processing /opt/airflow/dags/create_star_schema_part_2.py took 0.028 seconds
[2023-12-10T00:16:48.533+0000] {processor.py:157} INFO - Started process (PID=2475) to work on /opt/airflow/dags/create_star_schema_part_2.py
[2023-12-10T00:16:48.534+0000] {processor.py:829} INFO - Processing file /opt/airflow/dags/create_star_schema_part_2.py for tasks to queue
[2023-12-10T00:16:48.535+0000] {logging_mixin.py:154} INFO - [2023-12-10T00:16:48.535+0000] {dagbag.py:536} INFO - Filling up the DagBag from /opt/airflow/dags/create_star_schema_part_2.py
[2023-12-10T00:16:48.542+0000] {processor.py:841} WARNING - No viable dags retrieved from /opt/airflow/dags/create_star_schema_part_2.py
[2023-12-10T00:16:48.555+0000] {processor.py:179} INFO - Processing /opt/airflow/dags/create_star_schema_part_2.py took 0.026 seconds
[2023-12-10T00:17:18.988+0000] {processor.py:157} INFO - Started process (PID=2508) to work on /opt/airflow/dags/create_star_schema_part_2.py
[2023-12-10T00:17:18.989+0000] {processor.py:829} INFO - Processing file /opt/airflow/dags/create_star_schema_part_2.py for tasks to queue
[2023-12-10T00:17:18.990+0000] {logging_mixin.py:154} INFO - [2023-12-10T00:17:18.990+0000] {dagbag.py:536} INFO - Filling up the DagBag from /opt/airflow/dags/create_star_schema_part_2.py
[2023-12-10T00:17:18.998+0000] {processor.py:841} WARNING - No viable dags retrieved from /opt/airflow/dags/create_star_schema_part_2.py
[2023-12-10T00:17:19.012+0000] {processor.py:179} INFO - Processing /opt/airflow/dags/create_star_schema_part_2.py took 0.029 seconds
[2023-12-10T00:17:49.432+0000] {processor.py:157} INFO - Started process (PID=2541) to work on /opt/airflow/dags/create_star_schema_part_2.py
[2023-12-10T00:17:49.433+0000] {processor.py:829} INFO - Processing file /opt/airflow/dags/create_star_schema_part_2.py for tasks to queue
[2023-12-10T00:17:49.434+0000] {logging_mixin.py:154} INFO - [2023-12-10T00:17:49.433+0000] {dagbag.py:536} INFO - Filling up the DagBag from /opt/airflow/dags/create_star_schema_part_2.py
[2023-12-10T00:17:49.439+0000] {processor.py:841} WARNING - No viable dags retrieved from /opt/airflow/dags/create_star_schema_part_2.py
[2023-12-10T00:17:49.454+0000] {processor.py:179} INFO - Processing /opt/airflow/dags/create_star_schema_part_2.py took 0.026 seconds
[2023-12-10T00:18:19.923+0000] {processor.py:157} INFO - Started process (PID=2574) to work on /opt/airflow/dags/create_star_schema_part_2.py
[2023-12-10T00:18:19.924+0000] {processor.py:829} INFO - Processing file /opt/airflow/dags/create_star_schema_part_2.py for tasks to queue
[2023-12-10T00:18:19.925+0000] {logging_mixin.py:154} INFO - [2023-12-10T00:18:19.925+0000] {dagbag.py:536} INFO - Filling up the DagBag from /opt/airflow/dags/create_star_schema_part_2.py
[2023-12-10T00:18:19.932+0000] {processor.py:841} WARNING - No viable dags retrieved from /opt/airflow/dags/create_star_schema_part_2.py
[2023-12-10T00:18:19.946+0000] {processor.py:179} INFO - Processing /opt/airflow/dags/create_star_schema_part_2.py took 0.027 seconds
[2023-12-10T00:18:50.333+0000] {processor.py:157} INFO - Started process (PID=2607) to work on /opt/airflow/dags/create_star_schema_part_2.py
[2023-12-10T00:18:50.335+0000] {processor.py:829} INFO - Processing file /opt/airflow/dags/create_star_schema_part_2.py for tasks to queue
[2023-12-10T00:18:50.335+0000] {logging_mixin.py:154} INFO - [2023-12-10T00:18:50.335+0000] {dagbag.py:536} INFO - Filling up the DagBag from /opt/airflow/dags/create_star_schema_part_2.py
[2023-12-10T00:18:50.343+0000] {processor.py:841} WARNING - No viable dags retrieved from /opt/airflow/dags/create_star_schema_part_2.py
[2023-12-10T00:18:50.357+0000] {processor.py:179} INFO - Processing /opt/airflow/dags/create_star_schema_part_2.py took 0.027 seconds
[2023-12-10T00:19:20.819+0000] {processor.py:157} INFO - Started process (PID=2640) to work on /opt/airflow/dags/create_star_schema_part_2.py
[2023-12-10T00:19:20.820+0000] {processor.py:829} INFO - Processing file /opt/airflow/dags/create_star_schema_part_2.py for tasks to queue
[2023-12-10T00:19:20.821+0000] {logging_mixin.py:154} INFO - [2023-12-10T00:19:20.821+0000] {dagbag.py:536} INFO - Filling up the DagBag from /opt/airflow/dags/create_star_schema_part_2.py
[2023-12-10T00:19:20.828+0000] {processor.py:841} WARNING - No viable dags retrieved from /opt/airflow/dags/create_star_schema_part_2.py
[2023-12-10T00:19:20.842+0000] {processor.py:179} INFO - Processing /opt/airflow/dags/create_star_schema_part_2.py took 0.026 seconds
[2023-12-10T00:19:51.284+0000] {processor.py:157} INFO - Started process (PID=2673) to work on /opt/airflow/dags/create_star_schema_part_2.py
[2023-12-10T00:19:51.285+0000] {processor.py:829} INFO - Processing file /opt/airflow/dags/create_star_schema_part_2.py for tasks to queue
[2023-12-10T00:19:51.286+0000] {logging_mixin.py:154} INFO - [2023-12-10T00:19:51.286+0000] {dagbag.py:536} INFO - Filling up the DagBag from /opt/airflow/dags/create_star_schema_part_2.py
[2023-12-10T00:19:51.293+0000] {processor.py:841} WARNING - No viable dags retrieved from /opt/airflow/dags/create_star_schema_part_2.py
[2023-12-10T00:19:51.308+0000] {processor.py:179} INFO - Processing /opt/airflow/dags/create_star_schema_part_2.py took 0.028 seconds
[2023-12-10T00:20:21.769+0000] {processor.py:157} INFO - Started process (PID=2706) to work on /opt/airflow/dags/create_star_schema_part_2.py
[2023-12-10T00:20:21.770+0000] {processor.py:829} INFO - Processing file /opt/airflow/dags/create_star_schema_part_2.py for tasks to queue
[2023-12-10T00:20:21.771+0000] {logging_mixin.py:154} INFO - [2023-12-10T00:20:21.771+0000] {dagbag.py:536} INFO - Filling up the DagBag from /opt/airflow/dags/create_star_schema_part_2.py
[2023-12-10T00:20:21.778+0000] {processor.py:841} WARNING - No viable dags retrieved from /opt/airflow/dags/create_star_schema_part_2.py
[2023-12-10T00:20:21.792+0000] {processor.py:179} INFO - Processing /opt/airflow/dags/create_star_schema_part_2.py took 0.026 seconds
[2023-12-10T00:20:52.218+0000] {processor.py:157} INFO - Started process (PID=2739) to work on /opt/airflow/dags/create_star_schema_part_2.py
[2023-12-10T00:20:52.219+0000] {processor.py:829} INFO - Processing file /opt/airflow/dags/create_star_schema_part_2.py for tasks to queue
[2023-12-10T00:20:52.220+0000] {logging_mixin.py:154} INFO - [2023-12-10T00:20:52.220+0000] {dagbag.py:536} INFO - Filling up the DagBag from /opt/airflow/dags/create_star_schema_part_2.py
[2023-12-10T00:20:52.227+0000] {processor.py:841} WARNING - No viable dags retrieved from /opt/airflow/dags/create_star_schema_part_2.py
[2023-12-10T00:20:52.240+0000] {processor.py:179} INFO - Processing /opt/airflow/dags/create_star_schema_part_2.py took 0.026 seconds
[2023-12-10T00:21:22.698+0000] {processor.py:157} INFO - Started process (PID=2772) to work on /opt/airflow/dags/create_star_schema_part_2.py
[2023-12-10T00:21:22.699+0000] {processor.py:829} INFO - Processing file /opt/airflow/dags/create_star_schema_part_2.py for tasks to queue
[2023-12-10T00:21:22.700+0000] {logging_mixin.py:154} INFO - [2023-12-10T00:21:22.700+0000] {dagbag.py:536} INFO - Filling up the DagBag from /opt/airflow/dags/create_star_schema_part_2.py
[2023-12-10T00:21:22.707+0000] {processor.py:841} WARNING - No viable dags retrieved from /opt/airflow/dags/create_star_schema_part_2.py
[2023-12-10T00:21:22.720+0000] {processor.py:179} INFO - Processing /opt/airflow/dags/create_star_schema_part_2.py took 0.026 seconds
[2023-12-10T00:21:53.207+0000] {processor.py:157} INFO - Started process (PID=2805) to work on /opt/airflow/dags/create_star_schema_part_2.py
[2023-12-10T00:21:53.208+0000] {processor.py:829} INFO - Processing file /opt/airflow/dags/create_star_schema_part_2.py for tasks to queue
[2023-12-10T00:21:53.209+0000] {logging_mixin.py:154} INFO - [2023-12-10T00:21:53.209+0000] {dagbag.py:536} INFO - Filling up the DagBag from /opt/airflow/dags/create_star_schema_part_2.py
[2023-12-10T00:21:53.217+0000] {processor.py:841} WARNING - No viable dags retrieved from /opt/airflow/dags/create_star_schema_part_2.py
[2023-12-10T00:21:53.232+0000] {processor.py:179} INFO - Processing /opt/airflow/dags/create_star_schema_part_2.py took 0.029 seconds
[2023-12-10T00:22:23.668+0000] {processor.py:157} INFO - Started process (PID=2838) to work on /opt/airflow/dags/create_star_schema_part_2.py
[2023-12-10T00:22:23.669+0000] {processor.py:829} INFO - Processing file /opt/airflow/dags/create_star_schema_part_2.py for tasks to queue
[2023-12-10T00:22:23.671+0000] {logging_mixin.py:154} INFO - [2023-12-10T00:22:23.670+0000] {dagbag.py:536} INFO - Filling up the DagBag from /opt/airflow/dags/create_star_schema_part_2.py
[2023-12-10T00:22:23.678+0000] {processor.py:841} WARNING - No viable dags retrieved from /opt/airflow/dags/create_star_schema_part_2.py
[2023-12-10T00:22:23.692+0000] {processor.py:179} INFO - Processing /opt/airflow/dags/create_star_schema_part_2.py took 0.027 seconds
[2023-12-10T00:22:54.168+0000] {processor.py:157} INFO - Started process (PID=2871) to work on /opt/airflow/dags/create_star_schema_part_2.py
[2023-12-10T00:22:54.169+0000] {processor.py:829} INFO - Processing file /opt/airflow/dags/create_star_schema_part_2.py for tasks to queue
[2023-12-10T00:22:54.170+0000] {logging_mixin.py:154} INFO - [2023-12-10T00:22:54.170+0000] {dagbag.py:536} INFO - Filling up the DagBag from /opt/airflow/dags/create_star_schema_part_2.py
[2023-12-10T00:22:54.177+0000] {processor.py:841} WARNING - No viable dags retrieved from /opt/airflow/dags/create_star_schema_part_2.py
[2023-12-10T00:22:54.190+0000] {processor.py:179} INFO - Processing /opt/airflow/dags/create_star_schema_part_2.py took 0.026 seconds
[2023-12-10T00:23:24.623+0000] {processor.py:157} INFO - Started process (PID=2904) to work on /opt/airflow/dags/create_star_schema_part_2.py
[2023-12-10T00:23:24.624+0000] {processor.py:829} INFO - Processing file /opt/airflow/dags/create_star_schema_part_2.py for tasks to queue
[2023-12-10T00:23:24.625+0000] {logging_mixin.py:154} INFO - [2023-12-10T00:23:24.624+0000] {dagbag.py:536} INFO - Filling up the DagBag from /opt/airflow/dags/create_star_schema_part_2.py
[2023-12-10T00:23:24.631+0000] {processor.py:841} WARNING - No viable dags retrieved from /opt/airflow/dags/create_star_schema_part_2.py
[2023-12-10T00:23:24.644+0000] {processor.py:179} INFO - Processing /opt/airflow/dags/create_star_schema_part_2.py took 0.024 seconds
[2023-12-10T00:23:55.085+0000] {processor.py:157} INFO - Started process (PID=2937) to work on /opt/airflow/dags/create_star_schema_part_2.py
[2023-12-10T00:23:55.086+0000] {processor.py:829} INFO - Processing file /opt/airflow/dags/create_star_schema_part_2.py for tasks to queue
[2023-12-10T00:23:55.087+0000] {logging_mixin.py:154} INFO - [2023-12-10T00:23:55.087+0000] {dagbag.py:536} INFO - Filling up the DagBag from /opt/airflow/dags/create_star_schema_part_2.py
[2023-12-10T00:23:55.094+0000] {processor.py:841} WARNING - No viable dags retrieved from /opt/airflow/dags/create_star_schema_part_2.py
[2023-12-10T00:23:55.108+0000] {processor.py:179} INFO - Processing /opt/airflow/dags/create_star_schema_part_2.py took 0.027 seconds
[2023-12-10T00:24:25.501+0000] {processor.py:157} INFO - Started process (PID=2970) to work on /opt/airflow/dags/create_star_schema_part_2.py
[2023-12-10T00:24:25.502+0000] {processor.py:829} INFO - Processing file /opt/airflow/dags/create_star_schema_part_2.py for tasks to queue
[2023-12-10T00:24:25.503+0000] {logging_mixin.py:154} INFO - [2023-12-10T00:24:25.503+0000] {dagbag.py:536} INFO - Filling up the DagBag from /opt/airflow/dags/create_star_schema_part_2.py
[2023-12-10T00:24:25.511+0000] {processor.py:841} WARNING - No viable dags retrieved from /opt/airflow/dags/create_star_schema_part_2.py
[2023-12-10T00:24:25.525+0000] {processor.py:179} INFO - Processing /opt/airflow/dags/create_star_schema_part_2.py took 0.028 seconds
[2023-12-10T00:24:55.972+0000] {processor.py:157} INFO - Started process (PID=3003) to work on /opt/airflow/dags/create_star_schema_part_2.py
[2023-12-10T00:24:55.973+0000] {processor.py:829} INFO - Processing file /opt/airflow/dags/create_star_schema_part_2.py for tasks to queue
[2023-12-10T00:24:55.974+0000] {logging_mixin.py:154} INFO - [2023-12-10T00:24:55.974+0000] {dagbag.py:536} INFO - Filling up the DagBag from /opt/airflow/dags/create_star_schema_part_2.py
[2023-12-10T00:24:55.981+0000] {processor.py:841} WARNING - No viable dags retrieved from /opt/airflow/dags/create_star_schema_part_2.py
[2023-12-10T00:24:55.995+0000] {processor.py:179} INFO - Processing /opt/airflow/dags/create_star_schema_part_2.py took 0.027 seconds
[2023-12-10T00:25:26.440+0000] {processor.py:157} INFO - Started process (PID=3036) to work on /opt/airflow/dags/create_star_schema_part_2.py
[2023-12-10T00:25:26.441+0000] {processor.py:829} INFO - Processing file /opt/airflow/dags/create_star_schema_part_2.py for tasks to queue
[2023-12-10T00:25:26.443+0000] {logging_mixin.py:154} INFO - [2023-12-10T00:25:26.442+0000] {dagbag.py:536} INFO - Filling up the DagBag from /opt/airflow/dags/create_star_schema_part_2.py
[2023-12-10T00:25:26.451+0000] {processor.py:841} WARNING - No viable dags retrieved from /opt/airflow/dags/create_star_schema_part_2.py
[2023-12-10T00:25:26.467+0000] {processor.py:179} INFO - Processing /opt/airflow/dags/create_star_schema_part_2.py took 0.031 seconds
[2023-12-10T00:25:56.898+0000] {processor.py:157} INFO - Started process (PID=3069) to work on /opt/airflow/dags/create_star_schema_part_2.py
[2023-12-10T00:25:56.899+0000] {processor.py:829} INFO - Processing file /opt/airflow/dags/create_star_schema_part_2.py for tasks to queue
[2023-12-10T00:25:56.900+0000] {logging_mixin.py:154} INFO - [2023-12-10T00:25:56.900+0000] {dagbag.py:536} INFO - Filling up the DagBag from /opt/airflow/dags/create_star_schema_part_2.py
[2023-12-10T00:25:56.908+0000] {processor.py:841} WARNING - No viable dags retrieved from /opt/airflow/dags/create_star_schema_part_2.py
[2023-12-10T00:25:56.922+0000] {processor.py:179} INFO - Processing /opt/airflow/dags/create_star_schema_part_2.py took 0.029 seconds
[2023-12-10T00:26:27.348+0000] {processor.py:157} INFO - Started process (PID=3102) to work on /opt/airflow/dags/create_star_schema_part_2.py
[2023-12-10T00:26:27.349+0000] {processor.py:829} INFO - Processing file /opt/airflow/dags/create_star_schema_part_2.py for tasks to queue
[2023-12-10T00:26:27.350+0000] {logging_mixin.py:154} INFO - [2023-12-10T00:26:27.350+0000] {dagbag.py:536} INFO - Filling up the DagBag from /opt/airflow/dags/create_star_schema_part_2.py
[2023-12-10T00:26:27.359+0000] {processor.py:841} WARNING - No viable dags retrieved from /opt/airflow/dags/create_star_schema_part_2.py
[2023-12-10T00:26:27.374+0000] {processor.py:179} INFO - Processing /opt/airflow/dags/create_star_schema_part_2.py took 0.030 seconds
[2023-12-10T00:26:57.834+0000] {processor.py:157} INFO - Started process (PID=3135) to work on /opt/airflow/dags/create_star_schema_part_2.py
[2023-12-10T00:26:57.835+0000] {processor.py:829} INFO - Processing file /opt/airflow/dags/create_star_schema_part_2.py for tasks to queue
[2023-12-10T00:26:57.836+0000] {logging_mixin.py:154} INFO - [2023-12-10T00:26:57.836+0000] {dagbag.py:536} INFO - Filling up the DagBag from /opt/airflow/dags/create_star_schema_part_2.py
[2023-12-10T00:26:57.843+0000] {processor.py:841} WARNING - No viable dags retrieved from /opt/airflow/dags/create_star_schema_part_2.py
[2023-12-10T00:26:57.857+0000] {processor.py:179} INFO - Processing /opt/airflow/dags/create_star_schema_part_2.py took 0.026 seconds
[2023-12-10T00:27:28.278+0000] {processor.py:157} INFO - Started process (PID=3168) to work on /opt/airflow/dags/create_star_schema_part_2.py
[2023-12-10T00:27:28.279+0000] {processor.py:829} INFO - Processing file /opt/airflow/dags/create_star_schema_part_2.py for tasks to queue
[2023-12-10T00:27:28.280+0000] {logging_mixin.py:154} INFO - [2023-12-10T00:27:28.280+0000] {dagbag.py:536} INFO - Filling up the DagBag from /opt/airflow/dags/create_star_schema_part_2.py
[2023-12-10T00:27:28.287+0000] {processor.py:841} WARNING - No viable dags retrieved from /opt/airflow/dags/create_star_schema_part_2.py
[2023-12-10T00:27:28.301+0000] {processor.py:179} INFO - Processing /opt/airflow/dags/create_star_schema_part_2.py took 0.026 seconds
[2023-12-10T00:27:58.690+0000] {processor.py:157} INFO - Started process (PID=3201) to work on /opt/airflow/dags/create_star_schema_part_2.py
[2023-12-10T00:27:58.690+0000] {processor.py:829} INFO - Processing file /opt/airflow/dags/create_star_schema_part_2.py for tasks to queue
[2023-12-10T00:27:58.691+0000] {logging_mixin.py:154} INFO - [2023-12-10T00:27:58.691+0000] {dagbag.py:536} INFO - Filling up the DagBag from /opt/airflow/dags/create_star_schema_part_2.py
[2023-12-10T00:27:58.698+0000] {processor.py:841} WARNING - No viable dags retrieved from /opt/airflow/dags/create_star_schema_part_2.py
[2023-12-10T00:27:58.712+0000] {processor.py:179} INFO - Processing /opt/airflow/dags/create_star_schema_part_2.py took 0.026 seconds
[2023-12-10T00:28:29.078+0000] {processor.py:157} INFO - Started process (PID=3234) to work on /opt/airflow/dags/create_star_schema_part_2.py
[2023-12-10T00:28:29.079+0000] {processor.py:829} INFO - Processing file /opt/airflow/dags/create_star_schema_part_2.py for tasks to queue
[2023-12-10T00:28:29.080+0000] {logging_mixin.py:154} INFO - [2023-12-10T00:28:29.080+0000] {dagbag.py:536} INFO - Filling up the DagBag from /opt/airflow/dags/create_star_schema_part_2.py
[2023-12-10T00:28:29.086+0000] {processor.py:841} WARNING - No viable dags retrieved from /opt/airflow/dags/create_star_schema_part_2.py
[2023-12-10T00:28:29.100+0000] {processor.py:179} INFO - Processing /opt/airflow/dags/create_star_schema_part_2.py took 0.025 seconds
[2023-12-10T00:28:59.446+0000] {processor.py:157} INFO - Started process (PID=3267) to work on /opt/airflow/dags/create_star_schema_part_2.py
[2023-12-10T00:28:59.447+0000] {processor.py:829} INFO - Processing file /opt/airflow/dags/create_star_schema_part_2.py for tasks to queue
[2023-12-10T00:28:59.448+0000] {logging_mixin.py:154} INFO - [2023-12-10T00:28:59.448+0000] {dagbag.py:536} INFO - Filling up the DagBag from /opt/airflow/dags/create_star_schema_part_2.py
[2023-12-10T00:28:59.454+0000] {processor.py:841} WARNING - No viable dags retrieved from /opt/airflow/dags/create_star_schema_part_2.py
[2023-12-10T00:28:59.467+0000] {processor.py:179} INFO - Processing /opt/airflow/dags/create_star_schema_part_2.py took 0.025 seconds
[2023-12-10T00:29:29.857+0000] {processor.py:157} INFO - Started process (PID=3300) to work on /opt/airflow/dags/create_star_schema_part_2.py
[2023-12-10T00:29:29.858+0000] {processor.py:829} INFO - Processing file /opt/airflow/dags/create_star_schema_part_2.py for tasks to queue
[2023-12-10T00:29:29.859+0000] {logging_mixin.py:154} INFO - [2023-12-10T00:29:29.859+0000] {dagbag.py:536} INFO - Filling up the DagBag from /opt/airflow/dags/create_star_schema_part_2.py
[2023-12-10T00:29:29.867+0000] {processor.py:841} WARNING - No viable dags retrieved from /opt/airflow/dags/create_star_schema_part_2.py
[2023-12-10T00:29:29.881+0000] {processor.py:179} INFO - Processing /opt/airflow/dags/create_star_schema_part_2.py took 0.029 seconds
[2023-12-10T00:30:00.229+0000] {processor.py:157} INFO - Started process (PID=3333) to work on /opt/airflow/dags/create_star_schema_part_2.py
[2023-12-10T00:30:00.230+0000] {processor.py:829} INFO - Processing file /opt/airflow/dags/create_star_schema_part_2.py for tasks to queue
[2023-12-10T00:30:00.230+0000] {logging_mixin.py:154} INFO - [2023-12-10T00:30:00.230+0000] {dagbag.py:536} INFO - Filling up the DagBag from /opt/airflow/dags/create_star_schema_part_2.py
[2023-12-10T00:30:00.236+0000] {processor.py:841} WARNING - No viable dags retrieved from /opt/airflow/dags/create_star_schema_part_2.py
[2023-12-10T00:30:00.248+0000] {processor.py:179} INFO - Processing /opt/airflow/dags/create_star_schema_part_2.py took 0.021 seconds
[2023-12-10T00:30:30.585+0000] {processor.py:157} INFO - Started process (PID=3366) to work on /opt/airflow/dags/create_star_schema_part_2.py
[2023-12-10T00:30:30.585+0000] {processor.py:829} INFO - Processing file /opt/airflow/dags/create_star_schema_part_2.py for tasks to queue
[2023-12-10T00:30:30.586+0000] {logging_mixin.py:154} INFO - [2023-12-10T00:30:30.586+0000] {dagbag.py:536} INFO - Filling up the DagBag from /opt/airflow/dags/create_star_schema_part_2.py
[2023-12-10T00:30:30.591+0000] {processor.py:841} WARNING - No viable dags retrieved from /opt/airflow/dags/create_star_schema_part_2.py
[2023-12-10T00:30:30.605+0000] {processor.py:179} INFO - Processing /opt/airflow/dags/create_star_schema_part_2.py took 0.022 seconds
[2023-12-10T00:31:01.003+0000] {processor.py:157} INFO - Started process (PID=3399) to work on /opt/airflow/dags/create_star_schema_part_2.py
[2023-12-10T00:31:01.003+0000] {processor.py:829} INFO - Processing file /opt/airflow/dags/create_star_schema_part_2.py for tasks to queue
[2023-12-10T00:31:01.004+0000] {logging_mixin.py:154} INFO - [2023-12-10T00:31:01.004+0000] {dagbag.py:536} INFO - Filling up the DagBag from /opt/airflow/dags/create_star_schema_part_2.py
[2023-12-10T00:31:01.009+0000] {processor.py:841} WARNING - No viable dags retrieved from /opt/airflow/dags/create_star_schema_part_2.py
[2023-12-10T00:31:01.021+0000] {processor.py:179} INFO - Processing /opt/airflow/dags/create_star_schema_part_2.py took 0.021 seconds
[2023-12-10T00:31:31.456+0000] {processor.py:157} INFO - Started process (PID=3432) to work on /opt/airflow/dags/create_star_schema_part_2.py
[2023-12-10T00:31:31.457+0000] {processor.py:829} INFO - Processing file /opt/airflow/dags/create_star_schema_part_2.py for tasks to queue
[2023-12-10T00:31:31.458+0000] {logging_mixin.py:154} INFO - [2023-12-10T00:31:31.458+0000] {dagbag.py:536} INFO - Filling up the DagBag from /opt/airflow/dags/create_star_schema_part_2.py
[2023-12-10T00:31:31.467+0000] {processor.py:841} WARNING - No viable dags retrieved from /opt/airflow/dags/create_star_schema_part_2.py
[2023-12-10T00:31:31.482+0000] {processor.py:179} INFO - Processing /opt/airflow/dags/create_star_schema_part_2.py took 0.031 seconds
[2023-12-10T00:32:01.932+0000] {processor.py:157} INFO - Started process (PID=3465) to work on /opt/airflow/dags/create_star_schema_part_2.py
[2023-12-10T00:32:01.933+0000] {processor.py:829} INFO - Processing file /opt/airflow/dags/create_star_schema_part_2.py for tasks to queue
[2023-12-10T00:32:01.934+0000] {logging_mixin.py:154} INFO - [2023-12-10T00:32:01.934+0000] {dagbag.py:536} INFO - Filling up the DagBag from /opt/airflow/dags/create_star_schema_part_2.py
[2023-12-10T00:32:01.942+0000] {processor.py:841} WARNING - No viable dags retrieved from /opt/airflow/dags/create_star_schema_part_2.py
[2023-12-10T00:32:01.958+0000] {processor.py:179} INFO - Processing /opt/airflow/dags/create_star_schema_part_2.py took 0.030 seconds
[2023-12-10T00:32:32.391+0000] {processor.py:157} INFO - Started process (PID=3498) to work on /opt/airflow/dags/create_star_schema_part_2.py
[2023-12-10T00:32:32.392+0000] {processor.py:829} INFO - Processing file /opt/airflow/dags/create_star_schema_part_2.py for tasks to queue
[2023-12-10T00:32:32.393+0000] {logging_mixin.py:154} INFO - [2023-12-10T00:32:32.392+0000] {dagbag.py:536} INFO - Filling up the DagBag from /opt/airflow/dags/create_star_schema_part_2.py
[2023-12-10T00:32:32.398+0000] {processor.py:841} WARNING - No viable dags retrieved from /opt/airflow/dags/create_star_schema_part_2.py
[2023-12-10T00:32:32.412+0000] {processor.py:179} INFO - Processing /opt/airflow/dags/create_star_schema_part_2.py took 0.023 seconds
[2023-12-10T00:33:02.819+0000] {processor.py:157} INFO - Started process (PID=3531) to work on /opt/airflow/dags/create_star_schema_part_2.py
[2023-12-10T00:33:02.820+0000] {processor.py:829} INFO - Processing file /opt/airflow/dags/create_star_schema_part_2.py for tasks to queue
[2023-12-10T00:33:02.821+0000] {logging_mixin.py:154} INFO - [2023-12-10T00:33:02.821+0000] {dagbag.py:536} INFO - Filling up the DagBag from /opt/airflow/dags/create_star_schema_part_2.py
[2023-12-10T00:33:02.829+0000] {processor.py:841} WARNING - No viable dags retrieved from /opt/airflow/dags/create_star_schema_part_2.py
[2023-12-10T00:33:02.844+0000] {processor.py:179} INFO - Processing /opt/airflow/dags/create_star_schema_part_2.py took 0.029 seconds
[2023-12-10T00:33:33.219+0000] {processor.py:157} INFO - Started process (PID=3564) to work on /opt/airflow/dags/create_star_schema_part_2.py
[2023-12-10T00:33:33.220+0000] {processor.py:829} INFO - Processing file /opt/airflow/dags/create_star_schema_part_2.py for tasks to queue
[2023-12-10T00:33:33.222+0000] {logging_mixin.py:154} INFO - [2023-12-10T00:33:33.221+0000] {dagbag.py:536} INFO - Filling up the DagBag from /opt/airflow/dags/create_star_schema_part_2.py
[2023-12-10T00:33:33.228+0000] {processor.py:841} WARNING - No viable dags retrieved from /opt/airflow/dags/create_star_schema_part_2.py
[2023-12-10T00:33:33.242+0000] {processor.py:179} INFO - Processing /opt/airflow/dags/create_star_schema_part_2.py took 0.027 seconds
[2023-12-10T00:34:03.655+0000] {processor.py:157} INFO - Started process (PID=3597) to work on /opt/airflow/dags/create_star_schema_part_2.py
[2023-12-10T00:34:03.656+0000] {processor.py:829} INFO - Processing file /opt/airflow/dags/create_star_schema_part_2.py for tasks to queue
[2023-12-10T00:34:03.657+0000] {logging_mixin.py:154} INFO - [2023-12-10T00:34:03.657+0000] {dagbag.py:536} INFO - Filling up the DagBag from /opt/airflow/dags/create_star_schema_part_2.py
[2023-12-10T00:34:03.664+0000] {processor.py:841} WARNING - No viable dags retrieved from /opt/airflow/dags/create_star_schema_part_2.py
[2023-12-10T00:34:03.677+0000] {processor.py:179} INFO - Processing /opt/airflow/dags/create_star_schema_part_2.py took 0.025 seconds
[2023-12-10T00:34:34.071+0000] {processor.py:157} INFO - Started process (PID=3630) to work on /opt/airflow/dags/create_star_schema_part_2.py
[2023-12-10T00:34:34.072+0000] {processor.py:829} INFO - Processing file /opt/airflow/dags/create_star_schema_part_2.py for tasks to queue
[2023-12-10T00:34:34.073+0000] {logging_mixin.py:154} INFO - [2023-12-10T00:34:34.073+0000] {dagbag.py:536} INFO - Filling up the DagBag from /opt/airflow/dags/create_star_schema_part_2.py
[2023-12-10T00:34:34.080+0000] {processor.py:841} WARNING - No viable dags retrieved from /opt/airflow/dags/create_star_schema_part_2.py
[2023-12-10T00:34:34.096+0000] {processor.py:179} INFO - Processing /opt/airflow/dags/create_star_schema_part_2.py took 0.028 seconds
[2023-12-10T00:35:04.589+0000] {processor.py:157} INFO - Started process (PID=3663) to work on /opt/airflow/dags/create_star_schema_part_2.py
[2023-12-10T00:35:04.589+0000] {processor.py:829} INFO - Processing file /opt/airflow/dags/create_star_schema_part_2.py for tasks to queue
[2023-12-10T00:35:04.590+0000] {logging_mixin.py:154} INFO - [2023-12-10T00:35:04.590+0000] {dagbag.py:536} INFO - Filling up the DagBag from /opt/airflow/dags/create_star_schema_part_2.py
[2023-12-10T00:35:04.596+0000] {processor.py:841} WARNING - No viable dags retrieved from /opt/airflow/dags/create_star_schema_part_2.py
[2023-12-10T00:35:04.611+0000] {processor.py:179} INFO - Processing /opt/airflow/dags/create_star_schema_part_2.py took 0.025 seconds
[2023-12-10T00:35:35.312+0000] {processor.py:157} INFO - Started process (PID=3695) to work on /opt/airflow/dags/create_star_schema_part_2.py
[2023-12-10T00:35:35.378+0000] {processor.py:829} INFO - Processing file /opt/airflow/dags/create_star_schema_part_2.py for tasks to queue
[2023-12-10T00:35:35.520+0000] {logging_mixin.py:154} INFO - [2023-12-10T00:35:35.506+0000] {dagbag.py:536} INFO - Filling up the DagBag from /opt/airflow/dags/create_star_schema_part_2.py
[2023-12-10T00:35:35.639+0000] {processor.py:841} WARNING - No viable dags retrieved from /opt/airflow/dags/create_star_schema_part_2.py
[2023-12-10T00:35:36.021+0000] {processor.py:179} INFO - Processing /opt/airflow/dags/create_star_schema_part_2.py took 0.790 seconds
[2023-12-10T00:36:06.310+0000] {processor.py:157} INFO - Started process (PID=3729) to work on /opt/airflow/dags/create_star_schema_part_2.py
[2023-12-10T00:36:06.311+0000] {processor.py:829} INFO - Processing file /opt/airflow/dags/create_star_schema_part_2.py for tasks to queue
[2023-12-10T00:36:06.312+0000] {logging_mixin.py:154} INFO - [2023-12-10T00:36:06.312+0000] {dagbag.py:536} INFO - Filling up the DagBag from /opt/airflow/dags/create_star_schema_part_2.py
[2023-12-10T00:36:06.317+0000] {processor.py:841} WARNING - No viable dags retrieved from /opt/airflow/dags/create_star_schema_part_2.py
[2023-12-10T00:36:06.354+0000] {processor.py:179} INFO - Processing /opt/airflow/dags/create_star_schema_part_2.py took 0.047 seconds
[2023-12-10T00:36:36.964+0000] {processor.py:157} INFO - Started process (PID=3760) to work on /opt/airflow/dags/create_star_schema_part_2.py
[2023-12-10T00:36:36.979+0000] {processor.py:829} INFO - Processing file /opt/airflow/dags/create_star_schema_part_2.py for tasks to queue
[2023-12-10T00:36:36.981+0000] {logging_mixin.py:154} INFO - [2023-12-10T00:36:36.981+0000] {dagbag.py:536} INFO - Filling up the DagBag from /opt/airflow/dags/create_star_schema_part_2.py
[2023-12-10T00:36:37.215+0000] {processor.py:841} WARNING - No viable dags retrieved from /opt/airflow/dags/create_star_schema_part_2.py
[2023-12-10T00:36:37.341+0000] {processor.py:179} INFO - Processing /opt/airflow/dags/create_star_schema_part_2.py took 0.482 seconds
[2023-12-10T00:37:07.450+0000] {processor.py:157} INFO - Started process (PID=3795) to work on /opt/airflow/dags/create_star_schema_part_2.py
[2023-12-10T00:37:07.451+0000] {processor.py:829} INFO - Processing file /opt/airflow/dags/create_star_schema_part_2.py for tasks to queue
[2023-12-10T00:37:07.453+0000] {logging_mixin.py:154} INFO - [2023-12-10T00:37:07.452+0000] {dagbag.py:536} INFO - Filling up the DagBag from /opt/airflow/dags/create_star_schema_part_2.py
[2023-12-10T00:37:07.462+0000] {processor.py:841} WARNING - No viable dags retrieved from /opt/airflow/dags/create_star_schema_part_2.py
[2023-12-10T00:37:07.483+0000] {processor.py:179} INFO - Processing /opt/airflow/dags/create_star_schema_part_2.py took 0.037 seconds
[2023-12-10T00:37:47.800+0000] {processor.py:157} INFO - Started process (PID=3827) to work on /opt/airflow/dags/create_star_schema_part_2.py
[2023-12-10T00:37:47.992+0000] {processor.py:829} INFO - Processing file /opt/airflow/dags/create_star_schema_part_2.py for tasks to queue
[2023-12-10T00:37:48.209+0000] {logging_mixin.py:154} INFO - [2023-12-10T00:37:48.209+0000] {dagbag.py:536} INFO - Filling up the DagBag from /opt/airflow/dags/create_star_schema_part_2.py
[2023-12-10T00:37:51.033+0000] {processor.py:841} WARNING - No viable dags retrieved from /opt/airflow/dags/create_star_schema_part_2.py
[2023-12-10T00:37:51.742+0000] {processor.py:179} INFO - Processing /opt/airflow/dags/create_star_schema_part_2.py took 3.978 seconds
[2023-12-10T00:38:23.542+0000] {processor.py:157} INFO - Started process (PID=3859) to work on /opt/airflow/dags/create_star_schema_part_2.py
[2023-12-10T00:38:23.744+0000] {processor.py:829} INFO - Processing file /opt/airflow/dags/create_star_schema_part_2.py for tasks to queue
[2023-12-10T00:38:23.818+0000] {logging_mixin.py:154} INFO - [2023-12-10T00:38:23.818+0000] {dagbag.py:536} INFO - Filling up the DagBag from /opt/airflow/dags/create_star_schema_part_2.py
[2023-12-10T00:38:24.552+0000] {processor.py:841} WARNING - No viable dags retrieved from /opt/airflow/dags/create_star_schema_part_2.py
[2023-12-10T00:38:28.394+0000] {processor.py:179} INFO - Processing /opt/airflow/dags/create_star_schema_part_2.py took 4.817 seconds
