[2023-12-11T21:59:12.256+0000] {taskinstance.py:1159} INFO - Dependencies all met for dep_context=non-requeueable deps ti=<TaskInstance: NY_Motor_Vehicle_Collisions-v01.remove_samples_with_nulls.remove_samples_with_nulls.remove_LONGITUDE_col scheduled__2023-12-01T00:00:00+00:00 [queued]>
[2023-12-11T21:59:12.268+0000] {taskinstance.py:1159} INFO - Dependencies all met for dep_context=requeueable deps ti=<TaskInstance: NY_Motor_Vehicle_Collisions-v01.remove_samples_with_nulls.remove_samples_with_nulls.remove_LONGITUDE_col scheduled__2023-12-01T00:00:00+00:00 [queued]>
[2023-12-11T21:59:12.270+0000] {taskinstance.py:1361} INFO - Starting attempt 1 of 6
[2023-12-11T21:59:12.288+0000] {taskinstance.py:1382} INFO - Executing <Task(PostgresOperator): remove_samples_with_nulls.remove_LONGITUDE_col> on 2023-12-01 00:00:00+00:00
[2023-12-11T21:59:12.294+0000] {standard_task_runner.py:57} INFO - Started process 499 to run task
[2023-12-11T21:59:12.302+0000] {standard_task_runner.py:84} INFO - Running: ['***', 'tasks', 'run', 'NY_Motor_Vehicle_Collisions-v01.remove_samples_with_nulls', 'remove_samples_with_nulls.remove_LONGITUDE_col', 'scheduled__2023-12-01T00:00:00+00:00', '--job-id', '23', '--raw', '--subdir', 'DAGS_FOLDER/NY_Motor_Vehicle_Collisions.py', '--cfg-path', '/tmp/tmp7cq7sgoe']
[2023-12-11T21:59:12.310+0000] {standard_task_runner.py:85} INFO - Job 23: Subtask remove_samples_with_nulls.remove_LONGITUDE_col
[2023-12-11T21:59:12.371+0000] {task_command.py:416} INFO - Running <TaskInstance: NY_Motor_Vehicle_Collisions-v01.remove_samples_with_nulls.remove_samples_with_nulls.remove_LONGITUDE_col scheduled__2023-12-01T00:00:00+00:00 [running]> on host bebedc023197
[2023-12-11T21:59:12.457+0000] {taskinstance.py:1662} INFO - Exporting env vars: AIRFLOW_CTX_DAG_OWNER='dunnbc22' AIRFLOW_CTX_DAG_ID='NY_Motor_Vehicle_Collisions-v01.remove_samples_with_nulls' AIRFLOW_CTX_TASK_ID='remove_samples_with_nulls.remove_LONGITUDE_col' AIRFLOW_CTX_EXECUTION_DATE='2023-12-01T00:00:00+00:00' AIRFLOW_CTX_TRY_NUMBER='1' AIRFLOW_CTX_DAG_RUN_ID='scheduled__2023-12-01T00:00:00+00:00'
[2023-12-11T21:59:12.460+0000] {sql.py:274} INFO - Executing: -- params: table_name, column_name
DELETE FROM ny_vehicle_colls_pipe
WHERE LONGITUDE is NULL;
[2023-12-11T21:59:12.476+0000] {base.py:73} INFO - Using connection ID 'postgres_conn' for task execution.
[2023-12-11T21:59:12.492+0000] {base.py:73} INFO - Using connection ID 'postgres_conn' for task execution.
[2023-12-11T21:59:12.512+0000] {sql.py:418} INFO - Running statement: -- params: table_name, column_name
DELETE FROM ny_vehicle_colls_pipe
WHERE LONGITUDE is NULL;, parameters: None
[2023-12-11T21:59:19.223+0000] {taskinstance.py:1937} ERROR - Task failed with exception
Traceback (most recent call last):
  File "/home/airflow/.local/lib/python3.8/site-packages/airflow/providers/common/sql/operators/sql.py", line 280, in execute
    output = hook.run(
  File "/home/airflow/.local/lib/python3.8/site-packages/airflow/providers/common/sql/hooks/sql.py", line 392, in run
    self._run_command(cur, sql_statement, parameters)
  File "/home/airflow/.local/lib/python3.8/site-packages/airflow/providers/common/sql/hooks/sql.py", line 423, in _run_command
    cur.execute(sql_statement)
psycopg2.errors.DeadlockDetected: deadlock detected
DETAIL:  Process 25700 waits for ShareLock on transaction 193152; blocked by process 25699.
Process 25699 waits for ShareLock on transaction 193153; blocked by process 25700.
HINT:  See server log for query details.
CONTEXT:  while deleting tuple (1,18) in relation "ny_vehicle_colls_pipe"

[2023-12-11T21:59:19.229+0000] {taskinstance.py:1400} INFO - Marking task as UP_FOR_RETRY. dag_id=NY_Motor_Vehicle_Collisions-v01.remove_samples_with_nulls, task_id=remove_samples_with_nulls.remove_LONGITUDE_col, execution_date=20231201T000000, start_date=20231211T215912, end_date=20231211T215919
[2023-12-11T21:59:19.235+0000] {standard_task_runner.py:104} ERROR - Failed to execute job 23 for task remove_samples_with_nulls.remove_LONGITUDE_col (deadlock detected
DETAIL:  Process 25700 waits for ShareLock on transaction 193152; blocked by process 25699.
Process 25699 waits for ShareLock on transaction 193153; blocked by process 25700.
HINT:  See server log for query details.
CONTEXT:  while deleting tuple (1,18) in relation "ny_vehicle_colls_pipe"
; 499)
[2023-12-11T21:59:19.271+0000] {local_task_job_runner.py:228} INFO - Task exited with return code 1
[2023-12-11T21:59:19.287+0000] {taskinstance.py:2778} INFO - 0 downstream tasks scheduled from follow-on schedule check
