[2024-02-02T17:15:20.307+0000] {taskinstance.py:1159} INFO - Dependencies all met for dep_context=non-requeueable deps ti=<TaskInstance: flight_data_postgres_to_mysql.create_mysql_table scheduled__2024-01-01T00:00:00+00:00 [queued]>
[2024-02-02T17:15:20.311+0000] {taskinstance.py:1159} INFO - Dependencies all met for dep_context=requeueable deps ti=<TaskInstance: flight_data_postgres_to_mysql.create_mysql_table scheduled__2024-01-01T00:00:00+00:00 [queued]>
[2024-02-02T17:15:20.312+0000] {taskinstance.py:1361} INFO - Starting attempt 1 of 6
[2024-02-02T17:15:20.318+0000] {taskinstance.py:1382} INFO - Executing <Task(MySqlOperator): create_mysql_table> on 2024-01-01 00:00:00+00:00
[2024-02-02T17:15:20.320+0000] {standard_task_runner.py:57} INFO - Started process 762 to run task
[2024-02-02T17:15:20.322+0000] {standard_task_runner.py:84} INFO - Running: ['***', 'tasks', 'run', 'flight_data_postgres_to_mysql', 'create_mysql_table', 'scheduled__2024-01-01T00:00:00+00:00', '--job-id', '14', '--raw', '--subdir', 'DAGS_FOLDER/Flight_Files_Analysis.py', '--cfg-path', '/tmp/tmp40_73pts']
[2024-02-02T17:15:20.324+0000] {standard_task_runner.py:85} INFO - Job 14: Subtask create_mysql_table
[2024-02-02T17:15:20.356+0000] {task_command.py:416} INFO - Running <TaskInstance: flight_data_postgres_to_mysql.create_mysql_table scheduled__2024-01-01T00:00:00+00:00 [running]> on host 122144057b92
[2024-02-02T17:15:20.396+0000] {taskinstance.py:1662} INFO - Exporting env vars: AIRFLOW_CTX_DAG_OWNER='dunnbc22' AIRFLOW_CTX_DAG_ID='flight_data_postgres_to_mysql' AIRFLOW_CTX_TASK_ID='create_mysql_table' AIRFLOW_CTX_EXECUTION_DATE='2024-01-01T00:00:00+00:00' AIRFLOW_CTX_TRY_NUMBER='1' AIRFLOW_CTX_DAG_RUN_ID='scheduled__2024-01-01T00:00:00+00:00'
[2024-02-02T17:15:20.396+0000] {sql.py:274} INFO - Executing: DROP TABLE IF EXISTS flight_data;

CREATE TABLE flight_data (
	flight_year INTEGER,
	flight_quarter INTEGER,
	flight_month INTEGER,
	DayofMonth INTEGER,
	DayOfWeek INTEGER,
	FlightDate VARCHAR(16),
	Marketing_Airline_Network VARCHAR(16),
	Operated_or_Branded_Code_Share_Partners VARCHAR(16),
	DOT_ID_Marketing_Airline INTEGER,
	IATA_Code_Marketing_Airline VARCHAR(16),
	Flight_Number_Marketing_Airline INTEGER,
	Originally_Scheduled_Code_Share_Airline VARCHAR(16),
	DOT_ID_Originally_Scheduled_Code_Share_Airline VARCHAR(16),
	IATA_Code_Originally_Scheduled_Code_Share_Airline VARCHAR(6),
	Flight_Num_Originally_Scheduled_Code_Share_Airline VARCHAR(16),
	Operating_Airline VARCHAR(12),
	DOT_ID_Operating_Airline INTEGER,
	IATA_Code_Operating_Airline VARCHAR(6),
	Tail_Number VARCHAR(9),
	Flight_Number_Operating_Airline INTEGER,
	OriginAirportID INTEGER,
	OriginAirportSeqID INTEGER,
	OriginCityMarketID INTEGER,
	Origin VARCHAR(5),
	OriginCityName VARCHAR(4550),
	OriginState VARCHAR(8),
	OriginStateFips FLOAT,
	OriginStateName VARCHAR(55),
	OriginWac INTEGER,
	DestAirportID INTEGER,
	DestAirportSeqID INTEGER,
	DestCityMarketID INTEGER,
	Dest VARCHAR(5),
	DestCityName VARCHAR(55),
	DestState VARCHAR(8),
	DestStateFips INTEGER,
	DestStateName VARCHAR(55),
	DestWac INTEGER,
	CRSDepTime INTEGER,
	DepTime INTEGER,
	DepDelay FLOAT,
	DepDelayMinutes FLOAT,
	DepDel15 FLOAT,
	DepartureDelayGroups INTEGER,
	DepTimeBlk VARCHAR(20),
	TaxiOut FLOAT,
	WheelsOff INTEGER,
	WheelsOn INTEGER,
	TaxiIn FLOAT,
	CRSArrTime INTEGER,
	ArrTime INTEGER,
	ArrDelay FLOAT,
	ArrDelayMinutes FLOAT,
	ArrDel15 FLOAT,
	ArrivalDelayGroups INTEGER,
	ArrTimeBlk VARCHAR(24),
	Cancelled FLOAT,
	CancellationCode VARCHAR(5),
	Diverted FLOAT,
	CRSElapsedTime FLOAT,
	ActualElapsedTime FLOAT,
	AirTime FLOAT,
	Flights FLOAT,
	Distance FLOAT,
	DistanceGroup INTEGER,
	CarrierDelay FLOAT,
	WeatherDelay FLOAT,
	NASDelay FLOAT,
	SecurityDelay FLOAT,
	LateAircraftDelay FLOAT,
	FirstDepTime INTEGER,
	TotalAddGTime FLOAT,
	LongestAddGTime FLOAT,
	DivAirportLandings INTEGER,
	DivReachedDest VARCHAR(5),
	DivActualElapsedTime VARCHAR(12),
	DivArrDelay VARCHAR(12),
	DivDistance VARCHAR(12),
	Div1Airport VARCHAR(6),
	Div1AirportID VARCHAR(10),
	Div1AirportSeqID VARCHAR(12),
	Div1WheelsOn VARCHAR(6),
	Div1TotalGTime VARCHAR(10),
	Div1LongestGTime VARCHAR(10),
	Div1WheelsOff VARCHAR(6),
	Div1TailNum VARCHAR(9),
	Div2Airport VARCHAR(6),
	Div2AirportID VARCHAR(10),
	Div2AirportSeqID VARCHAR(12),
	Div2WheelsOn VARCHAR(6),
	Div2TotalGTime VARCHAR(10),
	Div2LongestGTime VARCHAR(10),
	Div2WheelsOff VARCHAR(6),
	Div2TailNum VARCHAR(9),
	Div3Airport VARCHAR(6),
	Div3AirportID VARCHAR(10),
	Div3AirportSeqID VARCHAR(12),
	Div3WheelsOn VARCHAR(6),
	Div3TotalGTime VARCHAR(10),
	Div3LongestGTime VARCHAR(10),
	Div3WheelsOff VARCHAR(6),
	Div3TailNum VARCHAR(9),
	Div4Airport VARCHAR(6),
	Div4AirportID VARCHAR(10),
	Div4AirportSeqID VARCHAR(12),
	Div4WheelsOn VARCHAR(6),
	Div4TotalGTime VARCHAR(10),
	Div4LongestGTime VARCHAR(10),
	Div4WheelsOff VARCHAR(6),
	Div4TailNum VARCHAR(9),
	Div5Airport VARCHAR(6),
	Div5AirportID VARCHAR(10),
	Div5AirportSeqID VARCHAR(12),
	Div5WheelsOn VARCHAR(6),
	Div5TotalGTime VARCHAR(10),
	Div5LongestGTime VARCHAR(10),
	Div5WheelsOff VARCHAR(6),
	Div5TailNum VARCHAR(9),
	Duplicate_value VARCHAR(5)
);
[2024-02-02T17:15:20.403+0000] {base.py:73} INFO - Using connection ID 'mysql_conn' for task execution.
[2024-02-02T17:15:20.408+0000] {base.py:73} INFO - Using connection ID 'mysql_conn' for task execution.
[2024-02-02T17:15:20.428+0000] {sql.py:418} INFO - Running statement: DROP TABLE IF EXISTS flight_data;

CREATE TABLE flight_data (
	flight_year INTEGER,
	flight_quarter INTEGER,
	flight_month INTEGER,
	DayofMonth INTEGER,
	DayOfWeek INTEGER,
	FlightDate VARCHAR(16),
	Marketing_Airline_Network VARCHAR(16),
	Operated_or_Branded_Code_Share_Partners VARCHAR(16),
	DOT_ID_Marketing_Airline INTEGER,
	IATA_Code_Marketing_Airline VARCHAR(16),
	Flight_Number_Marketing_Airline INTEGER,
	Originally_Scheduled_Code_Share_Airline VARCHAR(16),
	DOT_ID_Originally_Scheduled_Code_Share_Airline VARCHAR(16),
	IATA_Code_Originally_Scheduled_Code_Share_Airline VARCHAR(6),
	Flight_Num_Originally_Scheduled_Code_Share_Airline VARCHAR(16),
	Operating_Airline VARCHAR(12),
	DOT_ID_Operating_Airline INTEGER,
	IATA_Code_Operating_Airline VARCHAR(6),
	Tail_Number VARCHAR(9),
	Flight_Number_Operating_Airline INTEGER,
	OriginAirportID INTEGER,
	OriginAirportSeqID INTEGER,
	OriginCityMarketID INTEGER,
	Origin VARCHAR(5),
	OriginCityName VARCHAR(4550),
	OriginState VARCHAR(8),
	OriginStateFips FLOAT,
	OriginStateName VARCHAR(55),
	OriginWac INTEGER,
	DestAirportID INTEGER,
	DestAirportSeqID INTEGER,
	DestCityMarketID INTEGER,
	Dest VARCHAR(5),
	DestCityName VARCHAR(55),
	DestState VARCHAR(8),
	DestStateFips INTEGER,
	DestStateName VARCHAR(55),
	DestWac INTEGER,
	CRSDepTime INTEGER,
	DepTime INTEGER,
	DepDelay FLOAT,
	DepDelayMinutes FLOAT,
	DepDel15 FLOAT,
	DepartureDelayGroups INTEGER,
	DepTimeBlk VARCHAR(20),
	TaxiOut FLOAT,
	WheelsOff INTEGER,
	WheelsOn INTEGER,
	TaxiIn FLOAT,
	CRSArrTime INTEGER,
	ArrTime INTEGER,
	ArrDelay FLOAT,
	ArrDelayMinutes FLOAT,
	ArrDel15 FLOAT,
	ArrivalDelayGroups INTEGER,
	ArrTimeBlk VARCHAR(24),
	Cancelled FLOAT,
	CancellationCode VARCHAR(5),
	Diverted FLOAT,
	CRSElapsedTime FLOAT,
	ActualElapsedTime FLOAT,
	AirTime FLOAT,
	Flights FLOAT,
	Distance FLOAT,
	DistanceGroup INTEGER,
	CarrierDelay FLOAT,
	WeatherDelay FLOAT,
	NASDelay FLOAT,
	SecurityDelay FLOAT,
	LateAircraftDelay FLOAT,
	FirstDepTime INTEGER,
	TotalAddGTime FLOAT,
	LongestAddGTime FLOAT,
	DivAirportLandings INTEGER,
	DivReachedDest VARCHAR(5),
	DivActualElapsedTime VARCHAR(12),
	DivArrDelay VARCHAR(12),
	DivDistance VARCHAR(12),
	Div1Airport VARCHAR(6),
	Div1AirportID VARCHAR(10),
	Div1AirportSeqID VARCHAR(12),
	Div1WheelsOn VARCHAR(6),
	Div1TotalGTime VARCHAR(10),
	Div1LongestGTime VARCHAR(10),
	Div1WheelsOff VARCHAR(6),
	Div1TailNum VARCHAR(9),
	Div2Airport VARCHAR(6),
	Div2AirportID VARCHAR(10),
	Div2AirportSeqID VARCHAR(12),
	Div2WheelsOn VARCHAR(6),
	Div2TotalGTime VARCHAR(10),
	Div2LongestGTime VARCHAR(10),
	Div2WheelsOff VARCHAR(6),
	Div2TailNum VARCHAR(9),
	Div3Airport VARCHAR(6),
	Div3AirportID VARCHAR(10),
	Div3AirportSeqID VARCHAR(12),
	Div3WheelsOn VARCHAR(6),
	Div3TotalGTime VARCHAR(10),
	Div3LongestGTime VARCHAR(10),
	Div3WheelsOff VARCHAR(6),
	Div3TailNum VARCHAR(9),
	Div4Airport VARCHAR(6),
	Div4AirportID VARCHAR(10),
	Div4AirportSeqID VARCHAR(12),
	Div4WheelsOn VARCHAR(6),
	Div4TotalGTime VARCHAR(10),
	Div4LongestGTime VARCHAR(10),
	Div4WheelsOff VARCHAR(6),
	Div4TailNum VARCHAR(9),
	Div5Airport VARCHAR(6),
	Div5AirportID VARCHAR(10),
	Div5AirportSeqID VARCHAR(12),
	Div5WheelsOn VARCHAR(6),
	Div5TotalGTime VARCHAR(10),
	Div5LongestGTime VARCHAR(10),
	Div5WheelsOff VARCHAR(6),
	Div5TailNum VARCHAR(9),
	Duplicate_value VARCHAR(5)
);, parameters: None
[2024-02-02T17:15:20.480+0000] {sql.py:427} INFO - Rows affected: 0
[2024-02-02T17:15:20.497+0000] {taskinstance.py:1400} INFO - Marking task as SUCCESS. dag_id=flight_data_postgres_to_mysql, task_id=create_mysql_table, execution_date=20240101T000000, start_date=20240202T171520, end_date=20240202T171520
[2024-02-02T17:15:20.536+0000] {local_task_job_runner.py:228} INFO - Task exited with return code 0
[2024-02-02T17:15:20.552+0000] {taskinstance.py:2778} INFO - 1 downstream tasks scheduled from follow-on schedule check
