[2023-12-19T04:46:21.433+0000] {taskinstance.py:1159} INFO - Dependencies all met for dep_context=non-requeueable deps ti=<TaskInstance: Automobile_Insurance-v01.insert_fk_into_fact_table.insert_fk_col_in_fact_table_fraud_reported scheduled__2023-12-01T00:00:00+00:00 [queued]>
[2023-12-19T04:46:21.443+0000] {taskinstance.py:1159} INFO - Dependencies all met for dep_context=requeueable deps ti=<TaskInstance: Automobile_Insurance-v01.insert_fk_into_fact_table.insert_fk_col_in_fact_table_fraud_reported scheduled__2023-12-01T00:00:00+00:00 [queued]>
[2023-12-19T04:46:21.444+0000] {taskinstance.py:1361} INFO - Starting attempt 1 of 6
[2023-12-19T04:46:21.453+0000] {taskinstance.py:1382} INFO - Executing <Task(PostgresOperator): insert_fk_col_in_fact_table_fraud_reported> on 2023-12-01 00:00:00+00:00
[2023-12-19T04:46:21.457+0000] {standard_task_runner.py:57} INFO - Started process 1300 to run task
[2023-12-19T04:46:21.460+0000] {standard_task_runner.py:84} INFO - Running: ['***', 'tasks', 'run', 'Automobile_Insurance-v01.insert_fk_into_fact_table', 'insert_fk_col_in_fact_table_fraud_reported', 'scheduled__2023-12-01T00:00:00+00:00', '--job-id', '59', '--raw', '--subdir', 'DAGS_FOLDER/Automobile Insurance.py', '--cfg-path', '/tmp/tmpih808fyv']
[2023-12-19T04:46:21.463+0000] {standard_task_runner.py:85} INFO - Job 59: Subtask insert_fk_col_in_fact_table_fraud_reported
[2023-12-19T04:46:21.513+0000] {task_command.py:416} INFO - Running <TaskInstance: Automobile_Insurance-v01.insert_fk_into_fact_table.insert_fk_col_in_fact_table_fraud_reported scheduled__2023-12-01T00:00:00+00:00 [running]> on host 07f4bc2fb49b
[2023-12-19T04:46:21.585+0000] {taskinstance.py:1662} INFO - Exporting env vars: AIRFLOW_CTX_DAG_OWNER='dunnbc22' AIRFLOW_CTX_DAG_ID='Automobile_Insurance-v01.insert_fk_into_fact_table' AIRFLOW_CTX_TASK_ID='insert_fk_col_in_fact_table_fraud_reported' AIRFLOW_CTX_EXECUTION_DATE='2023-12-01T00:00:00+00:00' AIRFLOW_CTX_TRY_NUMBER='1' AIRFLOW_CTX_DAG_RUN_ID='scheduled__2023-12-01T00:00:00+00:00'
[2023-12-19T04:46:21.586+0000] {sql.py:274} INFO - Executing: -- params: table_name, dimension_col

/*
Steps 1-3 were completed in the create_dim_table.sql 
file & associated PostgresOperator
*/


-- Step 4: Add foreign key column to fact table
ALTER TABLE automobile_insurance
ADD COLUMN fraud_reported_id INTEGER;

-- Step 4: Update foreign key column to fact table with 
-- appropriate id (that matches with dim table)
UPDATE automobile_insurance
SET fraud_reported_id = dimension_table_fraud_reported.id
FROM dimension_table_fraud_reported
WHERE COALESCE(automobile_insurance.fraud_reported::text, '') = COALESCE(dimension_table_fraud_reported.fraud_reported::text, '');
[2023-12-19T04:46:21.593+0000] {base.py:73} INFO - Using connection ID 'postgres_conn' for task execution.
[2023-12-19T04:46:21.601+0000] {base.py:73} INFO - Using connection ID 'postgres_conn' for task execution.
[2023-12-19T04:46:21.607+0000] {sql.py:418} INFO - Running statement: -- params: table_name, dimension_col

/*
Steps 1-3 were completed in the create_dim_table.sql 
file & associated PostgresOperator
*/


-- Step 4: Add foreign key column to fact table
ALTER TABLE automobile_insurance
ADD COLUMN fraud_reported_id INTEGER;

-- Step 4: Update foreign key column to fact table with 
-- appropriate id (that matches with dim table)
UPDATE automobile_insurance
SET fraud_reported_id = dimension_table_fraud_reported.id
FROM dimension_table_fraud_reported
WHERE COALESCE(automobile_insurance.fraud_reported::text, '') = COALESCE(dimension_table_fraud_reported.fraud_reported::text, '');, parameters: None
[2023-12-19T04:46:21.624+0000] {sql.py:427} INFO - Rows affected: 1000
[2023-12-19T04:46:21.634+0000] {taskinstance.py:1400} INFO - Marking task as SUCCESS. dag_id=Automobile_Insurance-v01.insert_fk_into_fact_table, task_id=insert_fk_col_in_fact_table_fraud_reported, execution_date=20231201T000000, start_date=20231219T044621, end_date=20231219T044621
[2023-12-19T04:46:21.678+0000] {local_task_job_runner.py:228} INFO - Task exited with return code 0
[2023-12-19T04:46:21.711+0000] {taskinstance.py:2778} INFO - 0 downstream tasks scheduled from follow-on schedule check
