[2023-12-08T17:14:37.671+0000] {taskinstance.py:1159} INFO - Dependencies all met for dep_context=non-requeueable deps ti=<TaskInstance: Allegheny_Co_Property_Sale_Transactions-v01.remove_samples_with_nulls scheduled__2023-12-01T00:00:00+00:00 [queued]>
[2023-12-08T17:14:37.675+0000] {taskinstance.py:1159} INFO - Dependencies all met for dep_context=requeueable deps ti=<TaskInstance: Allegheny_Co_Property_Sale_Transactions-v01.remove_samples_with_nulls scheduled__2023-12-01T00:00:00+00:00 [queued]>
[2023-12-08T17:14:37.676+0000] {taskinstance.py:1361} INFO - Starting attempt 1 of 6
[2023-12-08T17:14:37.681+0000] {taskinstance.py:1382} INFO - Executing <Task(SubDagOperator): remove_samples_with_nulls> on 2023-12-01 00:00:00+00:00
[2023-12-08T17:14:37.683+0000] {standard_task_runner.py:57} INFO - Started process 2844 to run task
[2023-12-08T17:14:37.685+0000] {standard_task_runner.py:84} INFO - Running: ['***', 'tasks', 'run', 'Allegheny_Co_Property_Sale_Transactions-v01', 'remove_samples_with_nulls', 'scheduled__2023-12-01T00:00:00+00:00', '--job-id', '13', '--raw', '--subdir', 'DAGS_FOLDER/Allegheny Co Property Sale Transactions.py', '--cfg-path', '/tmp/tmpfo0zg9rc']
[2023-12-08T17:14:37.687+0000] {standard_task_runner.py:85} INFO - Job 13: Subtask remove_samples_with_nulls
[2023-12-08T17:14:37.717+0000] {task_command.py:416} INFO - Running <TaskInstance: Allegheny_Co_Property_Sale_Transactions-v01.remove_samples_with_nulls scheduled__2023-12-01T00:00:00+00:00 [running]> on host 1fc866509645
[2023-12-08T17:14:37.755+0000] {taskinstance.py:1662} INFO - Exporting env vars: AIRFLOW_CTX_DAG_OWNER='dunnbc22' AIRFLOW_CTX_DAG_ID='Allegheny_Co_Property_Sale_Transactions-v01' AIRFLOW_CTX_TASK_ID='remove_samples_with_nulls' AIRFLOW_CTX_EXECUTION_DATE='2023-12-01T00:00:00+00:00' AIRFLOW_CTX_TRY_NUMBER='1' AIRFLOW_CTX_DAG_RUN_ID='scheduled__2023-12-01T00:00:00+00:00'
[2023-12-08T17:14:37.758+0000] {logging_mixin.py:154} WARNING - /home/***/.local/lib/python3.8/site-packages/***/utils/context.py:206 AirflowContextDeprecationWarning: Accessing 'execution_date' from the template is deprecated and will be removed in a future version. Please use 'data_interval_start' or 'logical_date' instead.
[2023-12-08T17:14:37.774+0000] {subdag.py:172} INFO - Created DagRun: scheduled__2023-12-01T00:00:00+00:00
[2023-12-08T17:17:37.926+0000] {base.py:287} INFO - Success criteria met. Exiting.
[2023-12-08T17:17:37.940+0000] {subdag.py:187} INFO - Execution finished. State is success
[2023-12-08T17:17:37.953+0000] {taskinstance.py:1400} INFO - Marking task as SUCCESS. dag_id=Allegheny_Co_Property_Sale_Transactions-v01, task_id=remove_samples_with_nulls, execution_date=20231201T000000, start_date=20231208T171437, end_date=20231208T171737
[2023-12-08T17:17:37.986+0000] {local_task_job_runner.py:228} INFO - Task exited with return code 0
[2023-12-08T17:17:38.011+0000] {taskinstance.py:2778} INFO - 1 downstream tasks scheduled from follow-on schedule check
[2023-12-08T18:01:59.740+0000] {taskinstance.py:1159} INFO - Dependencies all met for dep_context=non-requeueable deps ti=<TaskInstance: Allegheny_Co_Property_Sale_Transactions-v01.remove_samples_with_nulls scheduled__2023-12-01T00:00:00+00:00 [queued]>
[2023-12-08T18:01:59.745+0000] {taskinstance.py:1159} INFO - Dependencies all met for dep_context=requeueable deps ti=<TaskInstance: Allegheny_Co_Property_Sale_Transactions-v01.remove_samples_with_nulls scheduled__2023-12-01T00:00:00+00:00 [queued]>
[2023-12-08T18:01:59.745+0000] {taskinstance.py:1361} INFO - Starting attempt 1 of 6
[2023-12-08T18:01:59.751+0000] {taskinstance.py:1382} INFO - Executing <Task(SubDagOperator): remove_samples_with_nulls> on 2023-12-01 00:00:00+00:00
[2023-12-08T18:01:59.753+0000] {standard_task_runner.py:57} INFO - Started process 6843 to run task
[2023-12-08T18:01:59.755+0000] {standard_task_runner.py:84} INFO - Running: ['***', 'tasks', 'run', 'Allegheny_Co_Property_Sale_Transactions-v01', 'remove_samples_with_nulls', 'scheduled__2023-12-01T00:00:00+00:00', '--job-id', '83', '--raw', '--subdir', 'DAGS_FOLDER/Allegheny Co Property Sale Transactions.py', '--cfg-path', '/tmp/tmpvvv8wmiz']
[2023-12-08T18:01:59.757+0000] {standard_task_runner.py:85} INFO - Job 83: Subtask remove_samples_with_nulls
[2023-12-08T18:01:59.787+0000] {task_command.py:416} INFO - Running <TaskInstance: Allegheny_Co_Property_Sale_Transactions-v01.remove_samples_with_nulls scheduled__2023-12-01T00:00:00+00:00 [running]> on host 1fc866509645
[2023-12-08T18:01:59.839+0000] {taskinstance.py:1662} INFO - Exporting env vars: AIRFLOW_CTX_DAG_OWNER='dunnbc22' AIRFLOW_CTX_DAG_ID='Allegheny_Co_Property_Sale_Transactions-v01' AIRFLOW_CTX_TASK_ID='remove_samples_with_nulls' AIRFLOW_CTX_EXECUTION_DATE='2023-12-01T00:00:00+00:00' AIRFLOW_CTX_TRY_NUMBER='1' AIRFLOW_CTX_DAG_RUN_ID='scheduled__2023-12-01T00:00:00+00:00'
[2023-12-08T18:01:59.843+0000] {logging_mixin.py:154} WARNING - /home/***/.local/lib/python3.8/site-packages/***/utils/context.py:206 AirflowContextDeprecationWarning: Accessing 'execution_date' from the template is deprecated and will be removed in a future version. Please use 'data_interval_start' or 'logical_date' instead.
[2023-12-08T18:01:59.861+0000] {subdag.py:172} INFO - Created DagRun: scheduled__2023-12-01T00:00:00+00:00
[2023-12-08T18:05:00.042+0000] {base.py:287} INFO - Success criteria met. Exiting.
[2023-12-08T18:05:00.059+0000] {subdag.py:187} INFO - Execution finished. State is success
[2023-12-08T18:05:00.073+0000] {taskinstance.py:1400} INFO - Marking task as SUCCESS. dag_id=Allegheny_Co_Property_Sale_Transactions-v01, task_id=remove_samples_with_nulls, execution_date=20231201T000000, start_date=20231208T180159, end_date=20231208T180500
[2023-12-08T18:05:00.121+0000] {local_task_job_runner.py:228} INFO - Task exited with return code 0
[2023-12-08T18:05:00.152+0000] {taskinstance.py:2778} INFO - 1 downstream tasks scheduled from follow-on schedule check
