[2023-12-11T06:05:06.841+0000] {taskinstance.py:1159} INFO - Dependencies all met for dep_context=non-requeueable deps ti=<TaskInstance: Different_Store_Sales-v01.create_dim_tables.create_dim_category_table scheduled__2023-12-01T00:00:00+00:00 [queued]>
[2023-12-11T06:05:06.849+0000] {taskinstance.py:1159} INFO - Dependencies all met for dep_context=requeueable deps ti=<TaskInstance: Different_Store_Sales-v01.create_dim_tables.create_dim_category_table scheduled__2023-12-01T00:00:00+00:00 [queued]>
[2023-12-11T06:05:06.850+0000] {taskinstance.py:1361} INFO - Starting attempt 1 of 6
[2023-12-11T06:05:06.861+0000] {taskinstance.py:1382} INFO - Executing <Task(PostgresOperator): create_dim_category_table> on 2023-12-01 00:00:00+00:00
[2023-12-11T06:05:06.873+0000] {standard_task_runner.py:57} INFO - Started process 855 to run task
[2023-12-11T06:05:06.880+0000] {standard_task_runner.py:84} INFO - Running: ['***', 'tasks', 'run', 'Different_Store_Sales-v01.create_dim_tables', 'create_dim_category_table', 'scheduled__2023-12-01T00:00:00+00:00', '--job-id', '18', '--raw', '--subdir', 'DAGS_FOLDER/Diff_Store_Sales.py', '--cfg-path', '/tmp/tmpp4bhet9y']
[2023-12-11T06:05:06.886+0000] {standard_task_runner.py:85} INFO - Job 18: Subtask create_dim_category_table
[2023-12-11T06:05:06.956+0000] {task_command.py:416} INFO - Running <TaskInstance: Different_Store_Sales-v01.create_dim_tables.create_dim_category_table scheduled__2023-12-01T00:00:00+00:00 [running]> on host 9b443e5c8ded
[2023-12-11T06:05:07.033+0000] {taskinstance.py:1662} INFO - Exporting env vars: AIRFLOW_CTX_DAG_OWNER='dunnbc22' AIRFLOW_CTX_DAG_ID='Different_Store_Sales-v01.create_dim_tables' AIRFLOW_CTX_TASK_ID='create_dim_category_table' AIRFLOW_CTX_EXECUTION_DATE='2023-12-01T00:00:00+00:00' AIRFLOW_CTX_TRY_NUMBER='1' AIRFLOW_CTX_DAG_RUN_ID='scheduled__2023-12-01T00:00:00+00:00'
[2023-12-11T06:05:07.035+0000] {sql.py:274} INFO - Executing: -- params: table_name, dimension_col, data_type

-- Step 1: Extract Unique Values
CREATE TEMPORARY TABLE unique_values_category AS
SELECT DISTINCT category FROM dif_store_sales;

-- Step 2: Create Dimension Table
DROP TABLE IF EXISTS dimension_table_category;
CREATE TABLE dimension_table_category (
    id SERIAL PRIMARY KEY,
    category VARCHAR
);

-- Step 3: Insert unique values into dimension table
INSERT INTO dimension_table_category (category)
SELECT * FROM unique_values_category;
[2023-12-11T06:05:07.047+0000] {base.py:73} INFO - Using connection ID 'postgres_conn' for task execution.
[2023-12-11T06:05:07.060+0000] {base.py:73} INFO - Using connection ID 'postgres_conn' for task execution.
[2023-12-11T06:05:07.073+0000] {sql.py:418} INFO - Running statement: -- params: table_name, dimension_col, data_type

-- Step 1: Extract Unique Values
CREATE TEMPORARY TABLE unique_values_category AS
SELECT DISTINCT category FROM dif_store_sales;

-- Step 2: Create Dimension Table
DROP TABLE IF EXISTS dimension_table_category;
CREATE TABLE dimension_table_category (
    id SERIAL PRIMARY KEY,
    category VARCHAR
);

-- Step 3: Insert unique values into dimension table
INSERT INTO dimension_table_category (category)
SELECT * FROM unique_values_category;, parameters: None
[2023-12-11T06:05:07.104+0000] {sql.py:427} INFO - Rows affected: 8
[2023-12-11T06:05:07.127+0000] {taskinstance.py:1400} INFO - Marking task as SUCCESS. dag_id=Different_Store_Sales-v01.create_dim_tables, task_id=create_dim_category_table, execution_date=20231201T000000, start_date=20231211T060506, end_date=20231211T060507
[2023-12-11T06:05:07.174+0000] {local_task_job_runner.py:228} INFO - Task exited with return code 0
[2023-12-11T06:05:07.212+0000] {taskinstance.py:2778} INFO - 0 downstream tasks scheduled from follow-on schedule check
