[2023-12-21T17:02:09.980+0000] {taskinstance.py:1159} INFO - Dependencies all met for dep_context=non-requeueable deps ti=<TaskInstance: Indicators_of_Heart_Disease_2022-v01.create_dim_tables.create_dim_GeneralHealth_table scheduled__2023-12-01T00:00:00+00:00 [queued]>
[2023-12-21T17:02:09.994+0000] {taskinstance.py:1159} INFO - Dependencies all met for dep_context=requeueable deps ti=<TaskInstance: Indicators_of_Heart_Disease_2022-v01.create_dim_tables.create_dim_GeneralHealth_table scheduled__2023-12-01T00:00:00+00:00 [queued]>
[2023-12-21T17:02:09.995+0000] {taskinstance.py:1361} INFO - Starting attempt 1 of 6
[2023-12-21T17:02:10.023+0000] {taskinstance.py:1382} INFO - Executing <Task(PostgresOperator): create_dim_GeneralHealth_table> on 2023-12-01 00:00:00+00:00
[2023-12-21T17:02:10.037+0000] {standard_task_runner.py:57} INFO - Started process 2069 to run task
[2023-12-21T17:02:10.047+0000] {standard_task_runner.py:84} INFO - Running: ['***', 'tasks', 'run', 'Indicators_of_Heart_Disease_2022-v01.create_dim_tables', 'create_dim_GeneralHealth_table', 'scheduled__2023-12-01T00:00:00+00:00', '--job-id', '103', '--raw', '--subdir', 'DAGS_FOLDER/Indicators_of_Heart_Disease_2022.py', '--cfg-path', '/tmp/tmpn_izr_5r']
[2023-12-21T17:02:10.051+0000] {standard_task_runner.py:85} INFO - Job 103: Subtask create_dim_GeneralHealth_table
[2023-12-21T17:02:10.198+0000] {task_command.py:416} INFO - Running <TaskInstance: Indicators_of_Heart_Disease_2022-v01.create_dim_tables.create_dim_GeneralHealth_table scheduled__2023-12-01T00:00:00+00:00 [running]> on host 8e01071a5eb3
[2023-12-21T17:02:10.364+0000] {taskinstance.py:1662} INFO - Exporting env vars: AIRFLOW_CTX_DAG_OWNER='dunnbc22' AIRFLOW_CTX_DAG_ID='Indicators_of_Heart_Disease_2022-v01.create_dim_tables' AIRFLOW_CTX_TASK_ID='create_dim_GeneralHealth_table' AIRFLOW_CTX_EXECUTION_DATE='2023-12-01T00:00:00+00:00' AIRFLOW_CTX_TRY_NUMBER='1' AIRFLOW_CTX_DAG_RUN_ID='scheduled__2023-12-01T00:00:00+00:00'
[2023-12-21T17:02:10.368+0000] {sql.py:274} INFO - Executing: -- params: table_name, dimension_col, data_type

-- Step 1: Extract Unique Values
CREATE TEMPORARY TABLE unique_values_GeneralHealth AS
SELECT DISTINCT GeneralHealth FROM indicators_of_heart_disease_2022_pipe;

-- Step 2: Create Dimension Table
DROP TABLE IF EXISTS dimension_table_GeneralHealth;
CREATE TABLE dimension_table_GeneralHealth (
    id SERIAL PRIMARY KEY,
    GeneralHealth VARCHAR
);

-- Step 3: Insert unique values into dimension table
INSERT INTO dimension_table_GeneralHealth (GeneralHealth)
SELECT * FROM unique_values_GeneralHealth;
[2023-12-21T17:02:10.395+0000] {base.py:73} INFO - Using connection ID 'postgres_conn' for task execution.
[2023-12-21T17:02:10.411+0000] {base.py:73} INFO - Using connection ID 'postgres_conn' for task execution.
[2023-12-21T17:02:10.453+0000] {sql.py:418} INFO - Running statement: -- params: table_name, dimension_col, data_type

-- Step 1: Extract Unique Values
CREATE TEMPORARY TABLE unique_values_GeneralHealth AS
SELECT DISTINCT GeneralHealth FROM indicators_of_heart_disease_2022_pipe;

-- Step 2: Create Dimension Table
DROP TABLE IF EXISTS dimension_table_GeneralHealth;
CREATE TABLE dimension_table_GeneralHealth (
    id SERIAL PRIMARY KEY,
    GeneralHealth VARCHAR
);

-- Step 3: Insert unique values into dimension table
INSERT INTO dimension_table_GeneralHealth (GeneralHealth)
SELECT * FROM unique_values_GeneralHealth;, parameters: None
[2023-12-21T17:02:10.597+0000] {sql.py:427} INFO - Rows affected: 5
[2023-12-21T17:02:10.615+0000] {taskinstance.py:1400} INFO - Marking task as SUCCESS. dag_id=Indicators_of_Heart_Disease_2022-v01.create_dim_tables, task_id=create_dim_GeneralHealth_table, execution_date=20231201T000000, start_date=20231221T170209, end_date=20231221T170210
[2023-12-21T17:02:10.670+0000] {local_task_job_runner.py:228} INFO - Task exited with return code 0
[2023-12-21T17:02:10.810+0000] {taskinstance.py:2778} INFO - 0 downstream tasks scheduled from follow-on schedule check
