[2023-12-20T03:00:53.841+0000] {taskinstance.py:1159} INFO - Dependencies all met for dep_context=non-requeueable deps ti=<TaskInstance: Gourmet_Food_Procurement_Data-v01.remove_replaced_dim_cols.remove_original_Food_Product_Category_in_fact_table scheduled__2023-12-01T00:00:00+00:00 [queued]>
[2023-12-20T03:00:53.847+0000] {taskinstance.py:1159} INFO - Dependencies all met for dep_context=requeueable deps ti=<TaskInstance: Gourmet_Food_Procurement_Data-v01.remove_replaced_dim_cols.remove_original_Food_Product_Category_in_fact_table scheduled__2023-12-01T00:00:00+00:00 [queued]>
[2023-12-20T03:00:53.848+0000] {taskinstance.py:1361} INFO - Starting attempt 1 of 6
[2023-12-20T03:00:53.857+0000] {taskinstance.py:1382} INFO - Executing <Task(PostgresOperator): remove_original_Food_Product_Category_in_fact_table> on 2023-12-01 00:00:00+00:00
[2023-12-20T03:00:53.861+0000] {standard_task_runner.py:57} INFO - Started process 2431 to run task
[2023-12-20T03:00:53.866+0000] {standard_task_runner.py:84} INFO - Running: ['***', 'tasks', 'run', 'Gourmet_Food_Procurement_Data-v01.remove_replaced_dim_cols', 'remove_original_Food_Product_Category_in_fact_table', 'scheduled__2023-12-01T00:00:00+00:00', '--job-id', '57', '--raw', '--subdir', 'DAGS_FOLDER/Gourmet_Food_Procurement_Data.py', '--cfg-path', '/tmp/tmpvl7n4jql']
[2023-12-20T03:00:53.868+0000] {standard_task_runner.py:85} INFO - Job 57: Subtask remove_original_Food_Product_Category_in_fact_table
[2023-12-20T03:00:53.919+0000] {task_command.py:416} INFO - Running <TaskInstance: Gourmet_Food_Procurement_Data-v01.remove_replaced_dim_cols.remove_original_Food_Product_Category_in_fact_table scheduled__2023-12-01T00:00:00+00:00 [running]> on host 069170cec93a
[2023-12-20T03:00:53.973+0000] {taskinstance.py:1662} INFO - Exporting env vars: AIRFLOW_CTX_DAG_OWNER='dunnbc22' AIRFLOW_CTX_DAG_ID='Gourmet_Food_Procurement_Data-v01.remove_replaced_dim_cols' AIRFLOW_CTX_TASK_ID='remove_original_Food_Product_Category_in_fact_table' AIRFLOW_CTX_EXECUTION_DATE='2023-12-01T00:00:00+00:00' AIRFLOW_CTX_TRY_NUMBER='1' AIRFLOW_CTX_DAG_RUN_ID='scheduled__2023-12-01T00:00:00+00:00'
[2023-12-20T03:00:53.974+0000] {sql.py:274} INFO - Executing: -- table_name, column_name
ALTER TABLE gourmet_food_procurement_data_pipeline
DROP COLUMN Food_Product_Category;
[2023-12-20T03:00:53.981+0000] {base.py:73} INFO - Using connection ID 'postgres_conn' for task execution.
[2023-12-20T03:00:53.987+0000] {base.py:73} INFO - Using connection ID 'postgres_conn' for task execution.
[2023-12-20T03:00:53.992+0000] {sql.py:418} INFO - Running statement: -- table_name, column_name
ALTER TABLE gourmet_food_procurement_data_pipeline
DROP COLUMN Food_Product_Category;, parameters: None
[2023-12-20T03:00:54.000+0000] {taskinstance.py:1400} INFO - Marking task as SUCCESS. dag_id=Gourmet_Food_Procurement_Data-v01.remove_replaced_dim_cols, task_id=remove_original_Food_Product_Category_in_fact_table, execution_date=20231201T000000, start_date=20231220T030053, end_date=20231220T030054
[2023-12-20T03:00:54.039+0000] {local_task_job_runner.py:228} INFO - Task exited with return code 0
[2023-12-20T03:00:54.056+0000] {taskinstance.py:2778} INFO - 0 downstream tasks scheduled from follow-on schedule check
[2023-12-20T18:07:56.800+0000] {taskinstance.py:1159} INFO - Dependencies all met for dep_context=non-requeueable deps ti=<TaskInstance: Gourmet_Food_Procurement_Data-v01.remove_replaced_dim_cols.remove_original_Food_Product_Category_in_fact_table scheduled__2023-12-01T00:00:00+00:00 [queued]>
[2023-12-20T18:07:56.810+0000] {taskinstance.py:1159} INFO - Dependencies all met for dep_context=requeueable deps ti=<TaskInstance: Gourmet_Food_Procurement_Data-v01.remove_replaced_dim_cols.remove_original_Food_Product_Category_in_fact_table scheduled__2023-12-01T00:00:00+00:00 [queued]>
[2023-12-20T18:07:56.811+0000] {taskinstance.py:1361} INFO - Starting attempt 1 of 6
[2023-12-20T18:07:56.824+0000] {taskinstance.py:1382} INFO - Executing <Task(PostgresOperator): remove_original_Food_Product_Category_in_fact_table> on 2023-12-01 00:00:00+00:00
[2023-12-20T18:07:56.829+0000] {standard_task_runner.py:57} INFO - Started process 2043 to run task
[2023-12-20T18:07:56.832+0000] {standard_task_runner.py:84} INFO - Running: ['***', 'tasks', 'run', 'Gourmet_Food_Procurement_Data-v01.remove_replaced_dim_cols', 'remove_original_Food_Product_Category_in_fact_table', 'scheduled__2023-12-01T00:00:00+00:00', '--job-id', '41', '--raw', '--subdir', 'DAGS_FOLDER/Gourmet_Food_Procurement_Data.py', '--cfg-path', '/tmp/tmp6vhzr1u7']
[2023-12-20T18:07:56.836+0000] {standard_task_runner.py:85} INFO - Job 41: Subtask remove_original_Food_Product_Category_in_fact_table
[2023-12-20T18:07:56.891+0000] {task_command.py:416} INFO - Running <TaskInstance: Gourmet_Food_Procurement_Data-v01.remove_replaced_dim_cols.remove_original_Food_Product_Category_in_fact_table scheduled__2023-12-01T00:00:00+00:00 [running]> on host 064e84e7d61d
[2023-12-20T18:07:56.954+0000] {taskinstance.py:1662} INFO - Exporting env vars: AIRFLOW_CTX_DAG_OWNER='dunnbc22' AIRFLOW_CTX_DAG_ID='Gourmet_Food_Procurement_Data-v01.remove_replaced_dim_cols' AIRFLOW_CTX_TASK_ID='remove_original_Food_Product_Category_in_fact_table' AIRFLOW_CTX_EXECUTION_DATE='2023-12-01T00:00:00+00:00' AIRFLOW_CTX_TRY_NUMBER='1' AIRFLOW_CTX_DAG_RUN_ID='scheduled__2023-12-01T00:00:00+00:00'
[2023-12-20T18:07:56.955+0000] {sql.py:274} INFO - Executing: -- table_name, column_name
ALTER TABLE gourmet_food_procurement_data_pipeline
DROP COLUMN Food_Product_Category;
[2023-12-20T18:07:56.965+0000] {base.py:73} INFO - Using connection ID 'postgres_conn' for task execution.
[2023-12-20T18:07:56.976+0000] {base.py:73} INFO - Using connection ID 'postgres_conn' for task execution.
[2023-12-20T18:07:56.986+0000] {sql.py:418} INFO - Running statement: -- table_name, column_name
ALTER TABLE gourmet_food_procurement_data_pipeline
DROP COLUMN Food_Product_Category;, parameters: None
[2023-12-20T18:07:56.999+0000] {taskinstance.py:1400} INFO - Marking task as SUCCESS. dag_id=Gourmet_Food_Procurement_Data-v01.remove_replaced_dim_cols, task_id=remove_original_Food_Product_Category_in_fact_table, execution_date=20231201T000000, start_date=20231220T180756, end_date=20231220T180756
[2023-12-20T18:07:57.048+0000] {local_task_job_runner.py:228} INFO - Task exited with return code 0
[2023-12-20T18:07:57.084+0000] {taskinstance.py:2778} INFO - 0 downstream tasks scheduled from follow-on schedule check
