[2023-12-08T17:13:37.765+0000] {taskinstance.py:1159} INFO - Dependencies all met for dep_context=non-requeueable deps ti=<TaskInstance: Allegheny_Co_Property_Sale_Transactions-v01.remove_unnecessary_columns.remove_unnecessary_columns.remove_PROPERTYADDRESSUNITDESC_col scheduled__2023-12-01T00:00:00+00:00 [queued]>
[2023-12-08T17:13:37.779+0000] {taskinstance.py:1159} INFO - Dependencies all met for dep_context=requeueable deps ti=<TaskInstance: Allegheny_Co_Property_Sale_Transactions-v01.remove_unnecessary_columns.remove_unnecessary_columns.remove_PROPERTYADDRESSUNITDESC_col scheduled__2023-12-01T00:00:00+00:00 [queued]>
[2023-12-08T17:13:37.780+0000] {taskinstance.py:1361} INFO - Starting attempt 1 of 6
[2023-12-08T17:13:37.796+0000] {taskinstance.py:1382} INFO - Executing <Task(PostgresOperator): remove_unnecessary_columns.remove_PROPERTYADDRESSUNITDESC_col> on 2023-12-01 00:00:00+00:00
[2023-12-08T17:13:37.800+0000] {standard_task_runner.py:57} INFO - Started process 2768 to run task
[2023-12-08T17:13:37.807+0000] {standard_task_runner.py:84} INFO - Running: ['***', 'tasks', 'run', 'Allegheny_Co_Property_Sale_Transactions-v01.remove_unnecessary_columns', 'remove_unnecessary_columns.remove_PROPERTYADDRESSUNITDESC_col', 'scheduled__2023-12-01T00:00:00+00:00', '--job-id', '12', '--raw', '--subdir', 'DAGS_FOLDER/Allegheny Co Property Sale Transactions.py', '--cfg-path', '/tmp/tmpxm9iv00n']
[2023-12-08T17:13:37.813+0000] {standard_task_runner.py:85} INFO - Job 12: Subtask remove_unnecessary_columns.remove_PROPERTYADDRESSUNITDESC_col
[2023-12-08T17:13:37.878+0000] {task_command.py:416} INFO - Running <TaskInstance: Allegheny_Co_Property_Sale_Transactions-v01.remove_unnecessary_columns.remove_unnecessary_columns.remove_PROPERTYADDRESSUNITDESC_col scheduled__2023-12-01T00:00:00+00:00 [running]> on host 1fc866509645
[2023-12-08T17:13:37.959+0000] {taskinstance.py:1662} INFO - Exporting env vars: AIRFLOW_CTX_DAG_OWNER='dunnbc22' AIRFLOW_CTX_DAG_ID='Allegheny_Co_Property_Sale_Transactions-v01.remove_unnecessary_columns' AIRFLOW_CTX_TASK_ID='remove_unnecessary_columns.remove_PROPERTYADDRESSUNITDESC_col' AIRFLOW_CTX_EXECUTION_DATE='2023-12-01T00:00:00+00:00' AIRFLOW_CTX_TRY_NUMBER='1' AIRFLOW_CTX_DAG_RUN_ID='scheduled__2023-12-01T00:00:00+00:00'
[2023-12-08T17:13:37.961+0000] {sql.py:274} INFO - Executing: -- table_name, column_name
ALTER TABLE allegheny_co_property_sale_transactions
DROP COLUMN PROPERTYADDRESSUNITDESC;
[2023-12-08T17:13:37.970+0000] {base.py:73} INFO - Using connection ID 'postgres_conn' for task execution.
[2023-12-08T17:13:37.983+0000] {base.py:73} INFO - Using connection ID 'postgres_conn' for task execution.
[2023-12-08T17:13:37.991+0000] {sql.py:418} INFO - Running statement: -- table_name, column_name
ALTER TABLE allegheny_co_property_sale_transactions
DROP COLUMN PROPERTYADDRESSUNITDESC;, parameters: None
[2023-12-08T17:13:38.003+0000] {taskinstance.py:1400} INFO - Marking task as SUCCESS. dag_id=Allegheny_Co_Property_Sale_Transactions-v01.remove_unnecessary_columns, task_id=remove_unnecessary_columns.remove_PROPERTYADDRESSUNITDESC_col, execution_date=20231201T000000, start_date=20231208T171337, end_date=20231208T171338
[2023-12-08T17:13:38.018+0000] {local_task_job_runner.py:228} INFO - Task exited with return code 0
[2023-12-08T17:13:38.079+0000] {taskinstance.py:2778} INFO - 0 downstream tasks scheduled from follow-on schedule check
[2023-12-08T18:01:00.306+0000] {taskinstance.py:1159} INFO - Dependencies all met for dep_context=non-requeueable deps ti=<TaskInstance: Allegheny_Co_Property_Sale_Transactions-v01.remove_unnecessary_columns.remove_unnecessary_columns.remove_PROPERTYADDRESSUNITDESC_col scheduled__2023-12-01T00:00:00+00:00 [queued]>
[2023-12-08T18:01:00.313+0000] {taskinstance.py:1159} INFO - Dependencies all met for dep_context=requeueable deps ti=<TaskInstance: Allegheny_Co_Property_Sale_Transactions-v01.remove_unnecessary_columns.remove_unnecessary_columns.remove_PROPERTYADDRESSUNITDESC_col scheduled__2023-12-01T00:00:00+00:00 [queued]>
[2023-12-08T18:01:00.314+0000] {taskinstance.py:1361} INFO - Starting attempt 1 of 6
[2023-12-08T18:01:00.330+0000] {taskinstance.py:1382} INFO - Executing <Task(PostgresOperator): remove_unnecessary_columns.remove_PROPERTYADDRESSUNITDESC_col> on 2023-12-01 00:00:00+00:00
[2023-12-08T18:01:00.336+0000] {standard_task_runner.py:57} INFO - Started process 6752 to run task
[2023-12-08T18:01:00.341+0000] {standard_task_runner.py:84} INFO - Running: ['***', 'tasks', 'run', 'Allegheny_Co_Property_Sale_Transactions-v01.remove_unnecessary_columns', 'remove_unnecessary_columns.remove_PROPERTYADDRESSUNITDESC_col', 'scheduled__2023-12-01T00:00:00+00:00', '--job-id', '78', '--raw', '--subdir', 'DAGS_FOLDER/Allegheny Co Property Sale Transactions.py', '--cfg-path', '/tmp/tmp_266_4dn']
[2023-12-08T18:01:00.344+0000] {standard_task_runner.py:85} INFO - Job 78: Subtask remove_unnecessary_columns.remove_PROPERTYADDRESSUNITDESC_col
[2023-12-08T18:01:00.418+0000] {task_command.py:416} INFO - Running <TaskInstance: Allegheny_Co_Property_Sale_Transactions-v01.remove_unnecessary_columns.remove_unnecessary_columns.remove_PROPERTYADDRESSUNITDESC_col scheduled__2023-12-01T00:00:00+00:00 [running]> on host 1fc866509645
[2023-12-08T18:01:00.511+0000] {taskinstance.py:1662} INFO - Exporting env vars: AIRFLOW_CTX_DAG_OWNER='dunnbc22' AIRFLOW_CTX_DAG_ID='Allegheny_Co_Property_Sale_Transactions-v01.remove_unnecessary_columns' AIRFLOW_CTX_TASK_ID='remove_unnecessary_columns.remove_PROPERTYADDRESSUNITDESC_col' AIRFLOW_CTX_EXECUTION_DATE='2023-12-01T00:00:00+00:00' AIRFLOW_CTX_TRY_NUMBER='1' AIRFLOW_CTX_DAG_RUN_ID='scheduled__2023-12-01T00:00:00+00:00'
[2023-12-08T18:01:00.512+0000] {sql.py:274} INFO - Executing: -- table_name, column_name
ALTER TABLE allegheny_co_property_sale_transactions
DROP COLUMN PROPERTYADDRESSUNITDESC;
[2023-12-08T18:01:00.527+0000] {base.py:73} INFO - Using connection ID 'postgres_conn' for task execution.
[2023-12-08T18:01:00.540+0000] {base.py:73} INFO - Using connection ID 'postgres_conn' for task execution.
[2023-12-08T18:01:00.550+0000] {sql.py:418} INFO - Running statement: -- table_name, column_name
ALTER TABLE allegheny_co_property_sale_transactions
DROP COLUMN PROPERTYADDRESSUNITDESC;, parameters: None
[2023-12-08T18:01:00.566+0000] {taskinstance.py:1400} INFO - Marking task as SUCCESS. dag_id=Allegheny_Co_Property_Sale_Transactions-v01.remove_unnecessary_columns, task_id=remove_unnecessary_columns.remove_PROPERTYADDRESSUNITDESC_col, execution_date=20231201T000000, start_date=20231208T180100, end_date=20231208T180100
[2023-12-08T18:01:00.598+0000] {local_task_job_runner.py:228} INFO - Task exited with return code 0
[2023-12-08T18:01:00.646+0000] {taskinstance.py:2778} INFO - 0 downstream tasks scheduled from follow-on schedule check
