[2023-12-09T19:40:24.164+0000] {taskinstance.py:1159} INFO - Dependencies all met for dep_context=non-requeueable deps ti=<TaskInstance: california_housing_data-v01.remove_samples_with_outliers.process_fact_table scheduled__2023-12-01T00:00:00+00:00 [queued]>
[2023-12-09T19:40:24.167+0000] {taskinstance.py:1159} INFO - Dependencies all met for dep_context=requeueable deps ti=<TaskInstance: california_housing_data-v01.remove_samples_with_outliers.process_fact_table scheduled__2023-12-01T00:00:00+00:00 [queued]>
[2023-12-09T19:40:24.168+0000] {taskinstance.py:1361} INFO - Starting attempt 1 of 6
[2023-12-09T19:40:24.174+0000] {taskinstance.py:1382} INFO - Executing <Task(PythonOperator): process_fact_table> on 2023-12-01 00:00:00+00:00
[2023-12-09T19:40:24.177+0000] {standard_task_runner.py:57} INFO - Started process 642 to run task
[2023-12-09T19:40:24.180+0000] {standard_task_runner.py:84} INFO - Running: ['***', 'tasks', 'run', 'california_housing_data-v01.remove_samples_with_outliers', 'process_fact_table', 'scheduled__2023-12-01T00:00:00+00:00', '--job-id', '35', '--raw', '--subdir', 'DAGS_FOLDER/ca_housing_data.py', '--cfg-path', '/tmp/tmpqgtgsvf4']
[2023-12-09T19:40:24.182+0000] {standard_task_runner.py:85} INFO - Job 35: Subtask process_fact_table
[2023-12-09T19:40:24.217+0000] {task_command.py:416} INFO - Running <TaskInstance: california_housing_data-v01.remove_samples_with_outliers.process_fact_table scheduled__2023-12-01T00:00:00+00:00 [running]> on host d5ea29713edc
[2023-12-09T19:40:24.263+0000] {taskinstance.py:1662} INFO - Exporting env vars: AIRFLOW_CTX_DAG_OWNER='dunnbc22' AIRFLOW_CTX_DAG_ID='california_housing_data-v01.remove_samples_with_outliers' AIRFLOW_CTX_TASK_ID='process_fact_table' AIRFLOW_CTX_EXECUTION_DATE='2023-12-01T00:00:00+00:00' AIRFLOW_CTX_TRY_NUMBER='1' AIRFLOW_CTX_DAG_RUN_ID='scheduled__2023-12-01T00:00:00+00:00'
[2023-12-09T19:40:24.269+0000] {base.py:73} INFO - Using connection ID 'postgres_conn' for task execution.
[2023-12-09T19:40:24.403+0000] {logging_mixin.py:154} INFO - Fact table -> column names: Index(['sale_type', 'property_type', 'state_or_province', 'zip_or_postal_code',
       'price', 'beds', 'baths', 'property_location', 'square_feet',
       'lot_size', 'days_on_market', 'sales_status', 'url_source', 'latitude',
       'longitude', 'id_col'],
      dtype='object')
[2023-12-09T19:40:24.403+0000] {logging_mixin.py:154} INFO - column names parameter values:  ['beds', 'baths', 'square_feet', 'lot_size', 'days_on_market']
[2023-12-09T19:40:24.403+0000] {logging_mixin.py:154} INFO - id_col_name: id_col
[2023-12-09T19:40:24.420+0000] {logging_mixin.py:154} INFO - Outliers table -> column names: Index(['sale_type', 'property_type', 'state_or_province', 'zip_or_postal_code',
       'price', 'beds', 'baths', 'property_location', 'square_feet',
       'lot_size', 'days_on_market', 'sales_status', 'url_source', 'latitude',
       'longitude', 'id_col'],
      dtype='object')
[2023-12-09T19:40:24.761+0000] {logging_mixin.py:154} INFO - Outliers table to_sql -> column names: Index(['sale_type', 'property_type', 'state_or_province', 'zip_or_postal_code',
       'price', 'beds', 'baths', 'property_location', 'square_feet',
       'lot_size', 'days_on_market', 'sales_status', 'url_source', 'latitude',
       'longitude', 'id_col'],
      dtype='object')
[2023-12-09T19:40:28.958+0000] {logging_mixin.py:154} INFO - Outliers processed and deleted.
[2023-12-09T19:40:28.963+0000] {python.py:194} INFO - Done. Returned value was: None
[2023-12-09T19:40:28.971+0000] {taskinstance.py:1400} INFO - Marking task as SUCCESS. dag_id=california_housing_data-v01.remove_samples_with_outliers, task_id=process_fact_table, execution_date=20231201T000000, start_date=20231209T194024, end_date=20231209T194028
[2023-12-09T19:40:28.982+0000] {local_task_job_runner.py:228} INFO - Task exited with return code 0
[2023-12-09T19:40:29.001+0000] {taskinstance.py:2778} INFO - 0 downstream tasks scheduled from follow-on schedule check
