[2023-12-21T20:32:53.156+0000] {taskinstance.py:1159} INFO - Dependencies all met for dep_context=non-requeueable deps ti=<TaskInstance: Prop_Sales_Data_Real_Estate_Trends-v01.remove_unnecessary_columns.remove_unnecessary_columns.remove_CondoProject_col scheduled__2023-12-01T00:00:00+00:00 [queued]>
[2023-12-21T20:32:53.160+0000] {taskinstance.py:1159} INFO - Dependencies all met for dep_context=requeueable deps ti=<TaskInstance: Prop_Sales_Data_Real_Estate_Trends-v01.remove_unnecessary_columns.remove_unnecessary_columns.remove_CondoProject_col scheduled__2023-12-01T00:00:00+00:00 [queued]>
[2023-12-21T20:32:53.161+0000] {taskinstance.py:1361} INFO - Starting attempt 1 of 6
[2023-12-21T20:32:53.170+0000] {taskinstance.py:1382} INFO - Executing <Task(PostgresOperator): remove_unnecessary_columns.remove_CondoProject_col> on 2023-12-01 00:00:00+00:00
[2023-12-21T20:32:53.175+0000] {standard_task_runner.py:57} INFO - Started process 262 to run task
[2023-12-21T20:32:53.178+0000] {standard_task_runner.py:84} INFO - Running: ['***', 'tasks', 'run', 'Prop_Sales_Data_Real_Estate_Trends-v01.remove_unnecessary_columns', 'remove_unnecessary_columns.remove_CondoProject_col', 'scheduled__2023-12-01T00:00:00+00:00', '--job-id', '5', '--raw', '--subdir', 'DAGS_FOLDER/Prop_Sales_Data_Real_Estate_Trends.py', '--cfg-path', '/tmp/tmpqxxchg_p']
[2023-12-21T20:32:53.181+0000] {standard_task_runner.py:85} INFO - Job 5: Subtask remove_unnecessary_columns.remove_CondoProject_col
[2023-12-21T20:32:53.219+0000] {task_command.py:416} INFO - Running <TaskInstance: Prop_Sales_Data_Real_Estate_Trends-v01.remove_unnecessary_columns.remove_unnecessary_columns.remove_CondoProject_col scheduled__2023-12-01T00:00:00+00:00 [running]> on host aab5f6d62a77
[2023-12-21T20:32:53.273+0000] {taskinstance.py:1662} INFO - Exporting env vars: AIRFLOW_CTX_DAG_OWNER='dunnbc22' AIRFLOW_CTX_DAG_ID='Prop_Sales_Data_Real_Estate_Trends-v01.remove_unnecessary_columns' AIRFLOW_CTX_TASK_ID='remove_unnecessary_columns.remove_CondoProject_col' AIRFLOW_CTX_EXECUTION_DATE='2023-12-01T00:00:00+00:00' AIRFLOW_CTX_TRY_NUMBER='1' AIRFLOW_CTX_DAG_RUN_ID='scheduled__2023-12-01T00:00:00+00:00'
[2023-12-21T20:32:53.274+0000] {sql.py:274} INFO - Executing: -- table_name, column_name
ALTER TABLE prop_sales_data_real_estate_trends_pipe
DROP COLUMN CondoProject;
[2023-12-21T20:32:53.281+0000] {base.py:73} INFO - Using connection ID 'postgres_conn' for task execution.
[2023-12-21T20:32:53.288+0000] {base.py:73} INFO - Using connection ID 'postgres_conn' for task execution.
[2023-12-21T20:32:53.295+0000] {sql.py:418} INFO - Running statement: -- table_name, column_name
ALTER TABLE prop_sales_data_real_estate_trends_pipe
DROP COLUMN CondoProject;, parameters: None
[2023-12-21T20:32:53.304+0000] {taskinstance.py:1400} INFO - Marking task as SUCCESS. dag_id=Prop_Sales_Data_Real_Estate_Trends-v01.remove_unnecessary_columns, task_id=remove_unnecessary_columns.remove_CondoProject_col, execution_date=20231201T000000, start_date=20231221T203253, end_date=20231221T203253
[2023-12-21T20:32:53.351+0000] {local_task_job_runner.py:228} INFO - Task exited with return code 0
[2023-12-21T20:32:53.406+0000] {taskinstance.py:2778} INFO - 0 downstream tasks scheduled from follow-on schedule check
