[2023-12-19T04:45:19.511+0000] {taskinstance.py:1159} INFO - Dependencies all met for dep_context=non-requeueable deps ti=<TaskInstance: Automobile_Insurance-v01.create_dim_tables.create_dim_policy_csl_table scheduled__2023-12-01T00:00:00+00:00 [queued]>
[2023-12-19T04:45:19.522+0000] {taskinstance.py:1159} INFO - Dependencies all met for dep_context=requeueable deps ti=<TaskInstance: Automobile_Insurance-v01.create_dim_tables.create_dim_policy_csl_table scheduled__2023-12-01T00:00:00+00:00 [queued]>
[2023-12-19T04:45:19.524+0000] {taskinstance.py:1361} INFO - Starting attempt 1 of 6
[2023-12-19T04:45:19.539+0000] {taskinstance.py:1382} INFO - Executing <Task(PostgresOperator): create_dim_policy_csl_table> on 2023-12-01 00:00:00+00:00
[2023-12-19T04:45:19.548+0000] {standard_task_runner.py:57} INFO - Started process 1146 to run task
[2023-12-19T04:45:19.561+0000] {standard_task_runner.py:84} INFO - Running: ['***', 'tasks', 'run', 'Automobile_Insurance-v01.create_dim_tables', 'create_dim_policy_csl_table', 'scheduled__2023-12-01T00:00:00+00:00', '--job-id', '20', '--raw', '--subdir', 'DAGS_FOLDER/Automobile Insurance.py', '--cfg-path', '/tmp/tmp0keemusm']
[2023-12-19T04:45:19.567+0000] {standard_task_runner.py:85} INFO - Job 20: Subtask create_dim_policy_csl_table
[2023-12-19T04:45:19.653+0000] {task_command.py:416} INFO - Running <TaskInstance: Automobile_Insurance-v01.create_dim_tables.create_dim_policy_csl_table scheduled__2023-12-01T00:00:00+00:00 [running]> on host 07f4bc2fb49b
[2023-12-19T04:45:19.858+0000] {taskinstance.py:1662} INFO - Exporting env vars: AIRFLOW_CTX_DAG_OWNER='dunnbc22' AIRFLOW_CTX_DAG_ID='Automobile_Insurance-v01.create_dim_tables' AIRFLOW_CTX_TASK_ID='create_dim_policy_csl_table' AIRFLOW_CTX_EXECUTION_DATE='2023-12-01T00:00:00+00:00' AIRFLOW_CTX_TRY_NUMBER='1' AIRFLOW_CTX_DAG_RUN_ID='scheduled__2023-12-01T00:00:00+00:00'
[2023-12-19T04:45:19.862+0000] {sql.py:274} INFO - Executing: -- params: table_name, dimension_col, data_type

-- Step 1: Extract Unique Values
CREATE TEMPORARY TABLE unique_values_policy_csl AS
SELECT DISTINCT policy_csl FROM automobile_insurance;

-- Step 2: Create Dimension Table
DROP TABLE IF EXISTS dimension_table_policy_csl;
CREATE TABLE dimension_table_policy_csl (
    id SERIAL PRIMARY KEY,
    policy_csl VARCHAR
);

-- Step 3: Insert unique values into dimension table
INSERT INTO dimension_table_policy_csl (policy_csl)
SELECT * FROM unique_values_policy_csl;
[2023-12-19T04:45:19.899+0000] {base.py:73} INFO - Using connection ID 'postgres_conn' for task execution.
[2023-12-19T04:45:19.956+0000] {base.py:73} INFO - Using connection ID 'postgres_conn' for task execution.
[2023-12-19T04:45:19.965+0000] {sql.py:418} INFO - Running statement: -- params: table_name, dimension_col, data_type

-- Step 1: Extract Unique Values
CREATE TEMPORARY TABLE unique_values_policy_csl AS
SELECT DISTINCT policy_csl FROM automobile_insurance;

-- Step 2: Create Dimension Table
DROP TABLE IF EXISTS dimension_table_policy_csl;
CREATE TABLE dimension_table_policy_csl (
    id SERIAL PRIMARY KEY,
    policy_csl VARCHAR
);

-- Step 3: Insert unique values into dimension table
INSERT INTO dimension_table_policy_csl (policy_csl)
SELECT * FROM unique_values_policy_csl;, parameters: None
[2023-12-19T04:45:19.990+0000] {sql.py:427} INFO - Rows affected: 3
[2023-12-19T04:45:20.030+0000] {taskinstance.py:1400} INFO - Marking task as SUCCESS. dag_id=Automobile_Insurance-v01.create_dim_tables, task_id=create_dim_policy_csl_table, execution_date=20231201T000000, start_date=20231219T044519, end_date=20231219T044520
[2023-12-19T04:45:20.152+0000] {local_task_job_runner.py:228} INFO - Task exited with return code 0
[2023-12-19T04:45:20.227+0000] {taskinstance.py:2778} INFO - 0 downstream tasks scheduled from follow-on schedule check
