[2023-12-19T05:27:28.081+0000] {taskinstance.py:1159} INFO - Dependencies all met for dep_context=non-requeueable deps ti=<TaskInstance: COVID19_Prediction_Classification-v01.insert_fk_into_fact_table.insert_fk_col_in_fact_table_shortness_of_breath scheduled__2023-12-01T00:00:00+00:00 [queued]>
[2023-12-19T05:27:28.089+0000] {taskinstance.py:1159} INFO - Dependencies all met for dep_context=requeueable deps ti=<TaskInstance: COVID19_Prediction_Classification-v01.insert_fk_into_fact_table.insert_fk_col_in_fact_table_shortness_of_breath scheduled__2023-12-01T00:00:00+00:00 [queued]>
[2023-12-19T05:27:28.092+0000] {taskinstance.py:1361} INFO - Starting attempt 1 of 6
[2023-12-19T05:27:28.113+0000] {taskinstance.py:1382} INFO - Executing <Task(PostgresOperator): insert_fk_col_in_fact_table_shortness_of_breath> on 2023-12-01 00:00:00+00:00
[2023-12-19T05:27:28.122+0000] {standard_task_runner.py:57} INFO - Started process 1303 to run task
[2023-12-19T05:27:28.127+0000] {standard_task_runner.py:84} INFO - Running: ['***', 'tasks', 'run', 'COVID19_Prediction_Classification-v01.insert_fk_into_fact_table', 'insert_fk_col_in_fact_table_shortness_of_breath', 'scheduled__2023-12-01T00:00:00+00:00', '--job-id', '29', '--raw', '--subdir', 'DAGS_FOLDER/covid19_project.py', '--cfg-path', '/tmp/tmplrfqgc0o']
[2023-12-19T05:27:28.133+0000] {standard_task_runner.py:85} INFO - Job 29: Subtask insert_fk_col_in_fact_table_shortness_of_breath
[2023-12-19T05:27:28.226+0000] {task_command.py:416} INFO - Running <TaskInstance: COVID19_Prediction_Classification-v01.insert_fk_into_fact_table.insert_fk_col_in_fact_table_shortness_of_breath scheduled__2023-12-01T00:00:00+00:00 [running]> on host 44c88b785d30
[2023-12-19T05:27:28.314+0000] {taskinstance.py:1662} INFO - Exporting env vars: AIRFLOW_CTX_DAG_OWNER='dunnbc22' AIRFLOW_CTX_DAG_ID='COVID19_Prediction_Classification-v01.insert_fk_into_fact_table' AIRFLOW_CTX_TASK_ID='insert_fk_col_in_fact_table_shortness_of_breath' AIRFLOW_CTX_EXECUTION_DATE='2023-12-01T00:00:00+00:00' AIRFLOW_CTX_TRY_NUMBER='1' AIRFLOW_CTX_DAG_RUN_ID='scheduled__2023-12-01T00:00:00+00:00'
[2023-12-19T05:27:28.318+0000] {sql.py:274} INFO - Executing: -- params: table_name, dimension_col

/*
Steps 1-3 were completed in the create_dim_table.sql 
file & associated PostgresOperator
*/


-- Step 4: Add foreign key column to fact table
ALTER TABLE covid_19_prediction_clf_pipeline
ADD COLUMN shortness_of_breath_id INTEGER;

-- Step 4: Update foreign key column to fact table with 
-- appropriate id (that matches with dim table)
UPDATE covid_19_prediction_clf_pipeline
SET shortness_of_breath_id = dimension_table_shortness_of_breath.id
FROM dimension_table_shortness_of_breath
WHERE COALESCE(covid_19_prediction_clf_pipeline.shortness_of_breath::text, '') = COALESCE(dimension_table_shortness_of_breath.shortness_of_breath::text, '');
[2023-12-19T05:27:28.328+0000] {base.py:73} INFO - Using connection ID 'postgres_conn' for task execution.
[2023-12-19T05:27:28.339+0000] {base.py:73} INFO - Using connection ID 'postgres_conn' for task execution.
[2023-12-19T05:27:28.345+0000] {sql.py:418} INFO - Running statement: -- params: table_name, dimension_col

/*
Steps 1-3 were completed in the create_dim_table.sql 
file & associated PostgresOperator
*/


-- Step 4: Add foreign key column to fact table
ALTER TABLE covid_19_prediction_clf_pipeline
ADD COLUMN shortness_of_breath_id INTEGER;

-- Step 4: Update foreign key column to fact table with 
-- appropriate id (that matches with dim table)
UPDATE covid_19_prediction_clf_pipeline
SET shortness_of_breath_id = dimension_table_shortness_of_breath.id
FROM dimension_table_shortness_of_breath
WHERE COALESCE(covid_19_prediction_clf_pipeline.shortness_of_breath::text, '') = COALESCE(dimension_table_shortness_of_breath.shortness_of_breath::text, '');, parameters: None
[2023-12-19T05:27:35.059+0000] {sql.py:427} INFO - Rows affected: 278848
[2023-12-19T05:27:35.081+0000] {taskinstance.py:1400} INFO - Marking task as SUCCESS. dag_id=COVID19_Prediction_Classification-v01.insert_fk_into_fact_table, task_id=insert_fk_col_in_fact_table_shortness_of_breath, execution_date=20231201T000000, start_date=20231219T052728, end_date=20231219T052735
[2023-12-19T05:27:35.107+0000] {local_task_job_runner.py:228} INFO - Task exited with return code 0
[2023-12-19T05:27:35.123+0000] {taskinstance.py:2778} INFO - 0 downstream tasks scheduled from follow-on schedule check
