[2023-12-12T21:28:26.162+0000] {taskinstance.py:1159} INFO - Dependencies all met for dep_context=non-requeueable deps ti=<TaskInstance: home_insurance_ds-v01.insert_fk_into_fact_table.insert_fk_col_in_fact_table_SEC_DISC_REQ scheduled__2023-12-01T00:00:00+00:00 [queued]>
[2023-12-12T21:28:26.176+0000] {taskinstance.py:1159} INFO - Dependencies all met for dep_context=requeueable deps ti=<TaskInstance: home_insurance_ds-v01.insert_fk_into_fact_table.insert_fk_col_in_fact_table_SEC_DISC_REQ scheduled__2023-12-01T00:00:00+00:00 [queued]>
[2023-12-12T21:28:26.181+0000] {taskinstance.py:1361} INFO - Starting attempt 1 of 6
[2023-12-12T21:28:26.211+0000] {taskinstance.py:1382} INFO - Executing <Task(PostgresOperator): insert_fk_col_in_fact_table_SEC_DISC_REQ> on 2023-12-01 00:00:00+00:00
[2023-12-12T21:28:26.221+0000] {standard_task_runner.py:57} INFO - Started process 2174 to run task
[2023-12-12T21:28:26.226+0000] {standard_task_runner.py:84} INFO - Running: ['***', 'tasks', 'run', 'home_insurance_ds-v01.insert_fk_into_fact_table', 'insert_fk_col_in_fact_table_SEC_DISC_REQ', 'scheduled__2023-12-01T00:00:00+00:00', '--job-id', '68', '--raw', '--subdir', 'DAGS_FOLDER/home_insurance_dataset.py', '--cfg-path', '/tmp/tmp_rggligt']
[2023-12-12T21:28:26.243+0000] {standard_task_runner.py:85} INFO - Job 68: Subtask insert_fk_col_in_fact_table_SEC_DISC_REQ
[2023-12-12T21:28:26.362+0000] {task_command.py:416} INFO - Running <TaskInstance: home_insurance_ds-v01.insert_fk_into_fact_table.insert_fk_col_in_fact_table_SEC_DISC_REQ scheduled__2023-12-01T00:00:00+00:00 [running]> on host 7a94ca99eac6
[2023-12-12T21:28:26.488+0000] {taskinstance.py:1662} INFO - Exporting env vars: AIRFLOW_CTX_DAG_OWNER='dunnbc22' AIRFLOW_CTX_DAG_ID='home_insurance_ds-v01.insert_fk_into_fact_table' AIRFLOW_CTX_TASK_ID='insert_fk_col_in_fact_table_SEC_DISC_REQ' AIRFLOW_CTX_EXECUTION_DATE='2023-12-01T00:00:00+00:00' AIRFLOW_CTX_TRY_NUMBER='1' AIRFLOW_CTX_DAG_RUN_ID='scheduled__2023-12-01T00:00:00+00:00'
[2023-12-12T21:28:26.491+0000] {sql.py:274} INFO - Executing: -- params: table_name, dimension_col

/*
Steps 1-3 were completed in the create_dim_table.sql 
file & associated PostgresOperator
*/


-- Step 4: Add foreign key column to fact table
ALTER TABLE home_insurance_ds_pipeline
ADD COLUMN SEC_DISC_REQ_id INTEGER;

-- Step 4: Update foreign key column to fact table with 
-- appropriate id (that matches with dim table)
UPDATE home_insurance_ds_pipeline
SET SEC_DISC_REQ_id = dimension_table_SEC_DISC_REQ.id
FROM dimension_table_SEC_DISC_REQ
WHERE COALESCE(home_insurance_ds_pipeline.SEC_DISC_REQ::text, '') = COALESCE(dimension_table_SEC_DISC_REQ.SEC_DISC_REQ::text, '');
[2023-12-12T21:28:26.511+0000] {base.py:73} INFO - Using connection ID 'postgres_conn' for task execution.
[2023-12-12T21:28:26.526+0000] {base.py:73} INFO - Using connection ID 'postgres_conn' for task execution.
[2023-12-12T21:28:26.543+0000] {sql.py:418} INFO - Running statement: -- params: table_name, dimension_col

/*
Steps 1-3 were completed in the create_dim_table.sql 
file & associated PostgresOperator
*/


-- Step 4: Add foreign key column to fact table
ALTER TABLE home_insurance_ds_pipeline
ADD COLUMN SEC_DISC_REQ_id INTEGER;

-- Step 4: Update foreign key column to fact table with 
-- appropriate id (that matches with dim table)
UPDATE home_insurance_ds_pipeline
SET SEC_DISC_REQ_id = dimension_table_SEC_DISC_REQ.id
FROM dimension_table_SEC_DISC_REQ
WHERE COALESCE(home_insurance_ds_pipeline.SEC_DISC_REQ::text, '') = COALESCE(dimension_table_SEC_DISC_REQ.SEC_DISC_REQ::text, '');, parameters: None
[2023-12-12T21:28:41.435+0000] {sql.py:427} INFO - Rows affected: 183073
[2023-12-12T21:28:41.450+0000] {taskinstance.py:1400} INFO - Marking task as SUCCESS. dag_id=home_insurance_ds-v01.insert_fk_into_fact_table, task_id=insert_fk_col_in_fact_table_SEC_DISC_REQ, execution_date=20231201T000000, start_date=20231212T212826, end_date=20231212T212841
[2023-12-12T21:28:41.478+0000] {local_task_job_runner.py:228} INFO - Task exited with return code 0
[2023-12-12T21:28:41.503+0000] {taskinstance.py:2778} INFO - 0 downstream tasks scheduled from follow-on schedule check
