[2023-12-08T17:17:39.484+0000] {taskinstance.py:1159} INFO - Dependencies all met for dep_context=non-requeueable deps ti=<TaskInstance: Allegheny_Co_Property_Sale_Transactions-v01.generate_date_parts scheduled__2023-12-01T00:00:00+00:00 [queued]>
[2023-12-08T17:17:39.488+0000] {taskinstance.py:1159} INFO - Dependencies all met for dep_context=requeueable deps ti=<TaskInstance: Allegheny_Co_Property_Sale_Transactions-v01.generate_date_parts scheduled__2023-12-01T00:00:00+00:00 [queued]>
[2023-12-08T17:17:39.488+0000] {taskinstance.py:1361} INFO - Starting attempt 1 of 6
[2023-12-08T17:17:39.493+0000] {taskinstance.py:1382} INFO - Executing <Task(SubDagOperator): generate_date_parts> on 2023-12-01 00:00:00+00:00
[2023-12-08T17:17:39.495+0000] {standard_task_runner.py:57} INFO - Started process 3090 to run task
[2023-12-08T17:17:39.497+0000] {standard_task_runner.py:84} INFO - Running: ['***', 'tasks', 'run', 'Allegheny_Co_Property_Sale_Transactions-v01', 'generate_date_parts', 'scheduled__2023-12-01T00:00:00+00:00', '--job-id', '25', '--raw', '--subdir', 'DAGS_FOLDER/Allegheny Co Property Sale Transactions.py', '--cfg-path', '/tmp/tmphfjllg6i']
[2023-12-08T17:17:39.499+0000] {standard_task_runner.py:85} INFO - Job 25: Subtask generate_date_parts
[2023-12-08T17:17:39.527+0000] {task_command.py:416} INFO - Running <TaskInstance: Allegheny_Co_Property_Sale_Transactions-v01.generate_date_parts scheduled__2023-12-01T00:00:00+00:00 [running]> on host 1fc866509645
[2023-12-08T17:17:39.565+0000] {taskinstance.py:1662} INFO - Exporting env vars: AIRFLOW_CTX_DAG_OWNER='dunnbc22' AIRFLOW_CTX_DAG_ID='Allegheny_Co_Property_Sale_Transactions-v01' AIRFLOW_CTX_TASK_ID='generate_date_parts' AIRFLOW_CTX_EXECUTION_DATE='2023-12-01T00:00:00+00:00' AIRFLOW_CTX_TRY_NUMBER='1' AIRFLOW_CTX_DAG_RUN_ID='scheduled__2023-12-01T00:00:00+00:00'
[2023-12-08T17:17:39.568+0000] {logging_mixin.py:154} WARNING - /home/***/.local/lib/python3.8/site-packages/***/utils/context.py:206 AirflowContextDeprecationWarning: Accessing 'execution_date' from the template is deprecated and will be removed in a future version. Please use 'data_interval_start' or 'logical_date' instead.
[2023-12-08T17:17:39.584+0000] {subdag.py:172} INFO - Created DagRun: scheduled__2023-12-01T00:00:00+00:00
[2023-12-08T17:18:39.642+0000] {base.py:287} INFO - Success criteria met. Exiting.
[2023-12-08T17:18:39.652+0000] {subdag.py:187} INFO - Execution finished. State is success
[2023-12-08T17:18:39.661+0000] {taskinstance.py:1400} INFO - Marking task as SUCCESS. dag_id=Allegheny_Co_Property_Sale_Transactions-v01, task_id=generate_date_parts, execution_date=20231201T000000, start_date=20231208T171739, end_date=20231208T171839
[2023-12-08T17:18:39.698+0000] {local_task_job_runner.py:228} INFO - Task exited with return code 0
[2023-12-08T17:18:39.722+0000] {taskinstance.py:2778} INFO - 1 downstream tasks scheduled from follow-on schedule check
[2023-12-08T18:05:01.599+0000] {taskinstance.py:1159} INFO - Dependencies all met for dep_context=non-requeueable deps ti=<TaskInstance: Allegheny_Co_Property_Sale_Transactions-v01.generate_date_parts scheduled__2023-12-01T00:00:00+00:00 [queued]>
[2023-12-08T18:05:01.603+0000] {taskinstance.py:1159} INFO - Dependencies all met for dep_context=requeueable deps ti=<TaskInstance: Allegheny_Co_Property_Sale_Transactions-v01.generate_date_parts scheduled__2023-12-01T00:00:00+00:00 [queued]>
[2023-12-08T18:05:01.604+0000] {taskinstance.py:1361} INFO - Starting attempt 1 of 6
[2023-12-08T18:05:01.609+0000] {taskinstance.py:1382} INFO - Executing <Task(SubDagOperator): generate_date_parts> on 2023-12-01 00:00:00+00:00
[2023-12-08T18:05:01.611+0000] {standard_task_runner.py:57} INFO - Started process 7114 to run task
[2023-12-08T18:05:01.613+0000] {standard_task_runner.py:84} INFO - Running: ['***', 'tasks', 'run', 'Allegheny_Co_Property_Sale_Transactions-v01', 'generate_date_parts', 'scheduled__2023-12-01T00:00:00+00:00', '--job-id', '94', '--raw', '--subdir', 'DAGS_FOLDER/Allegheny Co Property Sale Transactions.py', '--cfg-path', '/tmp/tmpdzk1bmkc']
[2023-12-08T18:05:01.615+0000] {standard_task_runner.py:85} INFO - Job 94: Subtask generate_date_parts
[2023-12-08T18:05:01.643+0000] {task_command.py:416} INFO - Running <TaskInstance: Allegheny_Co_Property_Sale_Transactions-v01.generate_date_parts scheduled__2023-12-01T00:00:00+00:00 [running]> on host 1fc866509645
[2023-12-08T18:05:01.684+0000] {taskinstance.py:1662} INFO - Exporting env vars: AIRFLOW_CTX_DAG_OWNER='dunnbc22' AIRFLOW_CTX_DAG_ID='Allegheny_Co_Property_Sale_Transactions-v01' AIRFLOW_CTX_TASK_ID='generate_date_parts' AIRFLOW_CTX_EXECUTION_DATE='2023-12-01T00:00:00+00:00' AIRFLOW_CTX_TRY_NUMBER='1' AIRFLOW_CTX_DAG_RUN_ID='scheduled__2023-12-01T00:00:00+00:00'
[2023-12-08T18:05:01.687+0000] {logging_mixin.py:154} WARNING - /home/***/.local/lib/python3.8/site-packages/***/utils/context.py:206 AirflowContextDeprecationWarning: Accessing 'execution_date' from the template is deprecated and will be removed in a future version. Please use 'data_interval_start' or 'logical_date' instead.
[2023-12-08T18:05:01.702+0000] {subdag.py:172} INFO - Created DagRun: scheduled__2023-12-01T00:00:00+00:00
[2023-12-08T18:06:01.767+0000] {base.py:287} INFO - Success criteria met. Exiting.
[2023-12-08T18:06:01.776+0000] {subdag.py:187} INFO - Execution finished. State is success
[2023-12-08T18:06:01.785+0000] {taskinstance.py:1400} INFO - Marking task as SUCCESS. dag_id=Allegheny_Co_Property_Sale_Transactions-v01, task_id=generate_date_parts, execution_date=20231201T000000, start_date=20231208T180501, end_date=20231208T180601
[2023-12-08T18:06:01.812+0000] {local_task_job_runner.py:228} INFO - Task exited with return code 0
[2023-12-08T18:06:01.836+0000] {taskinstance.py:2778} INFO - 1 downstream tasks scheduled from follow-on schedule check
