[2023-12-12T00:11:05.580+0000] {taskinstance.py:1159} INFO - Dependencies all met for dep_context=non-requeueable deps ti=<TaskInstance: Online_Shopping_Dataset-v01.create_copy_of_postgres_table scheduled__2023-12-01T00:00:00+00:00 [queued]>
[2023-12-12T00:11:05.592+0000] {taskinstance.py:1159} INFO - Dependencies all met for dep_context=requeueable deps ti=<TaskInstance: Online_Shopping_Dataset-v01.create_copy_of_postgres_table scheduled__2023-12-01T00:00:00+00:00 [queued]>
[2023-12-12T00:11:05.593+0000] {taskinstance.py:1361} INFO - Starting attempt 2 of 6
[2023-12-12T00:11:05.611+0000] {taskinstance.py:1382} INFO - Executing <Task(PostgresOperator): create_copy_of_postgres_table> on 2023-12-01 00:00:00+00:00
[2023-12-12T00:11:05.618+0000] {standard_task_runner.py:57} INFO - Started process 466 to run task
[2023-12-12T00:11:05.623+0000] {standard_task_runner.py:84} INFO - Running: ['***', 'tasks', 'run', 'Online_Shopping_Dataset-v01', 'create_copy_of_postgres_table', 'scheduled__2023-12-01T00:00:00+00:00', '--job-id', '4', '--raw', '--subdir', 'DAGS_FOLDER/Online_Shopping_Dataset.py', '--cfg-path', '/tmp/tmp8jsla_ab']
[2023-12-12T00:11:05.627+0000] {standard_task_runner.py:85} INFO - Job 4: Subtask create_copy_of_postgres_table
[2023-12-12T00:11:05.673+0000] {task_command.py:416} INFO - Running <TaskInstance: Online_Shopping_Dataset-v01.create_copy_of_postgres_table scheduled__2023-12-01T00:00:00+00:00 [running]> on host 79f7e52c702e
[2023-12-12T00:11:05.720+0000] {taskinstance.py:1662} INFO - Exporting env vars: AIRFLOW_CTX_DAG_OWNER='dunnbc22' AIRFLOW_CTX_DAG_ID='Online_Shopping_Dataset-v01' AIRFLOW_CTX_TASK_ID='create_copy_of_postgres_table' AIRFLOW_CTX_EXECUTION_DATE='2023-12-01T00:00:00+00:00' AIRFLOW_CTX_TRY_NUMBER='2' AIRFLOW_CTX_DAG_RUN_ID='scheduled__2023-12-01T00:00:00+00:00'
[2023-12-12T00:11:05.721+0000] {sql.py:274} INFO - Executing: -- params: new_table_name, orig_table_name

-- Drop the copy of the table, if it already exists
DROP TABLE IF EXISTS online_shopping_dataset_pipe;

-- Create copy of table
CREATE TABLE online_shopping_dataset_pipe AS
SELECT * 
FROM online_shopping;

-- Grant additional permissions on the table
GRANT SELECT, INSERT, UPDATE, DELETE ON online_shopping_dataset_pipe TO ***;
[2023-12-12T00:11:05.729+0000] {base.py:73} INFO - Using connection ID 'postgres_conn' for task execution.
[2023-12-12T00:11:05.735+0000] {base.py:73} INFO - Using connection ID 'postgres_conn' for task execution.
[2023-12-12T00:11:05.743+0000] {sql.py:418} INFO - Running statement: -- params: new_table_name, orig_table_name

-- Drop the copy of the table, if it already exists
DROP TABLE IF EXISTS online_shopping_dataset_pipe;

-- Create copy of table
CREATE TABLE online_shopping_dataset_pipe AS
SELECT * 
FROM online_shopping;

-- Grant additional permissions on the table
GRANT SELECT, INSERT, UPDATE, DELETE ON online_shopping_dataset_pipe TO ***;, parameters: None
[2023-12-12T00:11:05.942+0000] {taskinstance.py:1400} INFO - Marking task as SUCCESS. dag_id=Online_Shopping_Dataset-v01, task_id=create_copy_of_postgres_table, execution_date=20231201T000000, start_date=20231212T001105, end_date=20231212T001105
[2023-12-12T00:11:05.973+0000] {local_task_job_runner.py:228} INFO - Task exited with return code 0
[2023-12-12T00:11:06.007+0000] {taskinstance.py:2778} INFO - 1 downstream tasks scheduled from follow-on schedule check
