[2023-12-21T17:03:15.248+0000] {taskinstance.py:1159} INFO - Dependencies all met for dep_context=non-requeueable deps ti=<TaskInstance: Indicators_of_Heart_Disease_2022-v01.insert_fk_into_fact_table.insert_fk_col_in_fact_table_DifficultyConcentrating scheduled__2023-12-01T00:00:00+00:00 [queued]>
[2023-12-21T17:03:15.253+0000] {taskinstance.py:1159} INFO - Dependencies all met for dep_context=requeueable deps ti=<TaskInstance: Indicators_of_Heart_Disease_2022-v01.insert_fk_into_fact_table.insert_fk_col_in_fact_table_DifficultyConcentrating scheduled__2023-12-01T00:00:00+00:00 [queued]>
[2023-12-21T17:03:15.254+0000] {taskinstance.py:1361} INFO - Starting attempt 1 of 6
[2023-12-21T17:03:15.259+0000] {taskinstance.py:1382} INFO - Executing <Task(PostgresOperator): insert_fk_col_in_fact_table_DifficultyConcentrating> on 2023-12-01 00:00:00+00:00
[2023-12-21T17:03:15.263+0000] {standard_task_runner.py:57} INFO - Started process 2298 to run task
[2023-12-21T17:03:15.265+0000] {standard_task_runner.py:84} INFO - Running: ['***', 'tasks', 'run', 'Indicators_of_Heart_Disease_2022-v01.insert_fk_into_fact_table', 'insert_fk_col_in_fact_table_DifficultyConcentrating', 'scheduled__2023-12-01T00:00:00+00:00', '--job-id', '149', '--raw', '--subdir', 'DAGS_FOLDER/Indicators_of_Heart_Disease_2022.py', '--cfg-path', '/tmp/tmpymeqzt0c']
[2023-12-21T17:03:15.267+0000] {standard_task_runner.py:85} INFO - Job 149: Subtask insert_fk_col_in_fact_table_DifficultyConcentrating
[2023-12-21T17:03:15.299+0000] {task_command.py:416} INFO - Running <TaskInstance: Indicators_of_Heart_Disease_2022-v01.insert_fk_into_fact_table.insert_fk_col_in_fact_table_DifficultyConcentrating scheduled__2023-12-01T00:00:00+00:00 [running]> on host 8e01071a5eb3
[2023-12-21T17:03:15.345+0000] {taskinstance.py:1662} INFO - Exporting env vars: AIRFLOW_CTX_DAG_OWNER='dunnbc22' AIRFLOW_CTX_DAG_ID='Indicators_of_Heart_Disease_2022-v01.insert_fk_into_fact_table' AIRFLOW_CTX_TASK_ID='insert_fk_col_in_fact_table_DifficultyConcentrating' AIRFLOW_CTX_EXECUTION_DATE='2023-12-01T00:00:00+00:00' AIRFLOW_CTX_TRY_NUMBER='1' AIRFLOW_CTX_DAG_RUN_ID='scheduled__2023-12-01T00:00:00+00:00'
[2023-12-21T17:03:15.345+0000] {sql.py:274} INFO - Executing: -- params: table_name, dimension_col

/*
Steps 1-3 were completed in the create_dim_table.sql 
file & associated PostgresOperator
*/


-- Step 4: Add foreign key column to fact table
ALTER TABLE indicators_of_heart_disease_2022_pipe
ADD COLUMN DifficultyConcentrating_id INTEGER;

-- Step 4: Update foreign key column to fact table with 
-- appropriate id (that matches with dim table)
UPDATE indicators_of_heart_disease_2022_pipe
SET DifficultyConcentrating_id = dimension_table_DifficultyConcentrating.id
FROM dimension_table_DifficultyConcentrating
WHERE COALESCE(indicators_of_heart_disease_2022_pipe.DifficultyConcentrating::text, '') = COALESCE(dimension_table_DifficultyConcentrating.DifficultyConcentrating::text, '');
[2023-12-21T17:03:15.351+0000] {base.py:73} INFO - Using connection ID 'postgres_conn' for task execution.
[2023-12-21T17:03:15.357+0000] {base.py:73} INFO - Using connection ID 'postgres_conn' for task execution.
[2023-12-21T17:03:15.361+0000] {sql.py:418} INFO - Running statement: -- params: table_name, dimension_col

/*
Steps 1-3 were completed in the create_dim_table.sql 
file & associated PostgresOperator
*/


-- Step 4: Add foreign key column to fact table
ALTER TABLE indicators_of_heart_disease_2022_pipe
ADD COLUMN DifficultyConcentrating_id INTEGER;

-- Step 4: Update foreign key column to fact table with 
-- appropriate id (that matches with dim table)
UPDATE indicators_of_heart_disease_2022_pipe
SET DifficultyConcentrating_id = dimension_table_DifficultyConcentrating.id
FROM dimension_table_DifficultyConcentrating
WHERE COALESCE(indicators_of_heart_disease_2022_pipe.DifficultyConcentrating::text, '') = COALESCE(dimension_table_DifficultyConcentrating.DifficultyConcentrating::text, '');, parameters: None
[2023-12-21T17:04:10.940+0000] {sql.py:427} INFO - Rows affected: 361325
[2023-12-21T17:04:10.976+0000] {taskinstance.py:1400} INFO - Marking task as SUCCESS. dag_id=Indicators_of_Heart_Disease_2022-v01.insert_fk_into_fact_table, task_id=insert_fk_col_in_fact_table_DifficultyConcentrating, execution_date=20231201T000000, start_date=20231221T170315, end_date=20231221T170410
[2023-12-21T17:04:11.018+0000] {local_task_job_runner.py:228} INFO - Task exited with return code 0
[2023-12-21T17:04:11.053+0000] {taskinstance.py:2778} INFO - 0 downstream tasks scheduled from follow-on schedule check
