[2023-12-19T16:37:23.183+0000] {taskinstance.py:1159} INFO - Dependencies all met for dep_context=non-requeueable deps ti=<TaskInstance: Illinois_Insurance_Producers_Data-v01.remove_replaced_dim_cols.remove_original_MAILING_CITY_in_fact_table scheduled__2023-12-01T00:00:00+00:00 [queued]>
[2023-12-19T16:37:23.190+0000] {taskinstance.py:1159} INFO - Dependencies all met for dep_context=requeueable deps ti=<TaskInstance: Illinois_Insurance_Producers_Data-v01.remove_replaced_dim_cols.remove_original_MAILING_CITY_in_fact_table scheduled__2023-12-01T00:00:00+00:00 [queued]>
[2023-12-19T16:37:23.191+0000] {taskinstance.py:1361} INFO - Starting attempt 1 of 6
[2023-12-19T16:37:23.204+0000] {taskinstance.py:1382} INFO - Executing <Task(PostgresOperator): remove_original_MAILING_CITY_in_fact_table> on 2023-12-01 00:00:00+00:00
[2023-12-19T16:37:23.208+0000] {standard_task_runner.py:57} INFO - Started process 1306 to run task
[2023-12-19T16:37:23.212+0000] {standard_task_runner.py:84} INFO - Running: ['***', 'tasks', 'run', 'Illinois_Insurance_Producers_Data-v01.remove_replaced_dim_cols', 'remove_original_MAILING_CITY_in_fact_table', 'scheduled__2023-12-01T00:00:00+00:00', '--job-id', '38', '--raw', '--subdir', 'DAGS_FOLDER/il_insurance_producers.py', '--cfg-path', '/tmp/tmpkvedu4c3']
[2023-12-19T16:37:23.215+0000] {standard_task_runner.py:85} INFO - Job 38: Subtask remove_original_MAILING_CITY_in_fact_table
[2023-12-19T16:37:23.264+0000] {task_command.py:416} INFO - Running <TaskInstance: Illinois_Insurance_Producers_Data-v01.remove_replaced_dim_cols.remove_original_MAILING_CITY_in_fact_table scheduled__2023-12-01T00:00:00+00:00 [running]> on host 4ef4480639fc
[2023-12-19T16:37:23.329+0000] {taskinstance.py:1662} INFO - Exporting env vars: AIRFLOW_CTX_DAG_OWNER='dunnbc22' AIRFLOW_CTX_DAG_ID='Illinois_Insurance_Producers_Data-v01.remove_replaced_dim_cols' AIRFLOW_CTX_TASK_ID='remove_original_MAILING_CITY_in_fact_table' AIRFLOW_CTX_EXECUTION_DATE='2023-12-01T00:00:00+00:00' AIRFLOW_CTX_TRY_NUMBER='1' AIRFLOW_CTX_DAG_RUN_ID='scheduled__2023-12-01T00:00:00+00:00'
[2023-12-19T16:37:23.330+0000] {sql.py:274} INFO - Executing: -- table_name, column_name
ALTER TABLE iipd_pipeline
DROP COLUMN MAILING_CITY;
[2023-12-19T16:37:23.339+0000] {base.py:73} INFO - Using connection ID 'postgres_conn' for task execution.
[2023-12-19T16:37:23.348+0000] {base.py:73} INFO - Using connection ID 'postgres_conn' for task execution.
[2023-12-19T16:37:23.356+0000] {sql.py:418} INFO - Running statement: -- table_name, column_name
ALTER TABLE iipd_pipeline
DROP COLUMN MAILING_CITY;, parameters: None
[2023-12-19T16:37:23.366+0000] {taskinstance.py:1400} INFO - Marking task as SUCCESS. dag_id=Illinois_Insurance_Producers_Data-v01.remove_replaced_dim_cols, task_id=remove_original_MAILING_CITY_in_fact_table, execution_date=20231201T000000, start_date=20231219T163723, end_date=20231219T163723
[2023-12-19T16:37:23.386+0000] {local_task_job_runner.py:228} INFO - Task exited with return code 0
[2023-12-19T16:37:23.402+0000] {taskinstance.py:2778} INFO - 0 downstream tasks scheduled from follow-on schedule check
