[2023-12-12T18:00:01.264+0000] {taskinstance.py:1159} INFO - Dependencies all met for dep_context=non-requeueable deps ti=<TaskInstance: ppp_via_foia-v01.insert_fk_into_fact_table.insert_fk_col_in_fact_table_Term scheduled__2023-12-01T00:00:00+00:00 [queued]>
[2023-12-12T18:00:01.293+0000] {taskinstance.py:1159} INFO - Dependencies all met for dep_context=requeueable deps ti=<TaskInstance: ppp_via_foia-v01.insert_fk_into_fact_table.insert_fk_col_in_fact_table_Term scheduled__2023-12-01T00:00:00+00:00 [queued]>
[2023-12-12T18:00:01.295+0000] {taskinstance.py:1361} INFO - Starting attempt 1 of 6
[2023-12-12T18:00:01.309+0000] {taskinstance.py:1382} INFO - Executing <Task(PostgresOperator): insert_fk_col_in_fact_table_Term> on 2023-12-01 00:00:00+00:00
[2023-12-12T18:00:01.320+0000] {standard_task_runner.py:57} INFO - Started process 1988 to run task
[2023-12-12T18:00:01.334+0000] {standard_task_runner.py:84} INFO - Running: ['***', 'tasks', 'run', 'ppp_via_foia-v01.insert_fk_into_fact_table', 'insert_fk_col_in_fact_table_Term', 'scheduled__2023-12-01T00:00:00+00:00', '--job-id', '74', '--raw', '--subdir', 'DAGS_FOLDER/ppp_via_foia.py', '--cfg-path', '/tmp/tmp4kap8tsp']
[2023-12-12T18:00:01.341+0000] {standard_task_runner.py:85} INFO - Job 74: Subtask insert_fk_col_in_fact_table_Term
[2023-12-12T18:00:01.466+0000] {task_command.py:416} INFO - Running <TaskInstance: ppp_via_foia-v01.insert_fk_into_fact_table.insert_fk_col_in_fact_table_Term scheduled__2023-12-01T00:00:00+00:00 [running]> on host edee10095410
[2023-12-12T18:00:01.631+0000] {taskinstance.py:1662} INFO - Exporting env vars: AIRFLOW_CTX_DAG_OWNER='dunnbc22' AIRFLOW_CTX_DAG_ID='ppp_via_foia-v01.insert_fk_into_fact_table' AIRFLOW_CTX_TASK_ID='insert_fk_col_in_fact_table_Term' AIRFLOW_CTX_EXECUTION_DATE='2023-12-01T00:00:00+00:00' AIRFLOW_CTX_TRY_NUMBER='1' AIRFLOW_CTX_DAG_RUN_ID='scheduled__2023-12-01T00:00:00+00:00'
[2023-12-12T18:00:01.638+0000] {sql.py:274} INFO - Executing: -- params: table_name, dimension_col

/*
Steps 1-3 were completed in the create_dim_table.sql 
file & associated PostgresOperator
*/


-- Step 4: Add foreign key column to fact table
ALTER TABLE ppp_via_foia_pipe
ADD COLUMN Term_id INTEGER;

-- Step 4: Update foreign key column to fact table with 
-- appropriate id (that matches with dim table)
UPDATE ppp_via_foia_pipe
SET Term_id = dimension_table_Term.id
FROM dimension_table_Term
WHERE COALESCE(ppp_via_foia_pipe.Term::text, '') = COALESCE(dimension_table_Term.Term::text, '');
[2023-12-12T18:00:01.659+0000] {base.py:73} INFO - Using connection ID 'postgres_conn' for task execution.
[2023-12-12T18:00:01.682+0000] {base.py:73} INFO - Using connection ID 'postgres_conn' for task execution.
[2023-12-12T18:00:01.704+0000] {sql.py:418} INFO - Running statement: -- params: table_name, dimension_col

/*
Steps 1-3 were completed in the create_dim_table.sql 
file & associated PostgresOperator
*/


-- Step 4: Add foreign key column to fact table
ALTER TABLE ppp_via_foia_pipe
ADD COLUMN Term_id INTEGER;

-- Step 4: Update foreign key column to fact table with 
-- appropriate id (that matches with dim table)
UPDATE ppp_via_foia_pipe
SET Term_id = dimension_table_Term.id
FROM dimension_table_Term
WHERE COALESCE(ppp_via_foia_pipe.Term::text, '') = COALESCE(dimension_table_Term.Term::text, '');, parameters: None
[2023-12-12T18:00:27.386+0000] {sql.py:427} INFO - Rows affected: 808164
[2023-12-12T18:00:27.414+0000] {taskinstance.py:1400} INFO - Marking task as SUCCESS. dag_id=ppp_via_foia-v01.insert_fk_into_fact_table, task_id=insert_fk_col_in_fact_table_Term, execution_date=20231201T000000, start_date=20231212T180001, end_date=20231212T180027
[2023-12-12T18:00:27.449+0000] {local_task_job_runner.py:228} INFO - Task exited with return code 0
[2023-12-12T18:00:27.468+0000] {taskinstance.py:2778} INFO - 0 downstream tasks scheduled from follow-on schedule check
