[2024-02-02T17:09:54.702+0000] {processor.py:157} INFO - Started process (PID=175) to work on /opt/airflow/dags/drop_single_value_columns.py
[2024-02-02T17:09:54.703+0000] {processor.py:829} INFO - Processing file /opt/airflow/dags/drop_single_value_columns.py for tasks to queue
[2024-02-02T17:09:54.703+0000] {logging_mixin.py:154} INFO - [2024-02-02T17:09:54.703+0000] {dagbag.py:536} INFO - Filling up the DagBag from /opt/airflow/dags/drop_single_value_columns.py
[2024-02-02T17:09:54.709+0000] {processor.py:841} WARNING - No viable dags retrieved from /opt/airflow/dags/drop_single_value_columns.py
[2024-02-02T17:09:54.721+0000] {processor.py:179} INFO - Processing /opt/airflow/dags/drop_single_value_columns.py took 0.021 seconds
[2024-02-02T17:10:25.275+0000] {processor.py:157} INFO - Started process (PID=227) to work on /opt/airflow/dags/drop_single_value_columns.py
[2024-02-02T17:10:25.276+0000] {processor.py:829} INFO - Processing file /opt/airflow/dags/drop_single_value_columns.py for tasks to queue
[2024-02-02T17:10:25.276+0000] {logging_mixin.py:154} INFO - [2024-02-02T17:10:25.276+0000] {dagbag.py:536} INFO - Filling up the DagBag from /opt/airflow/dags/drop_single_value_columns.py
[2024-02-02T17:10:25.282+0000] {processor.py:841} WARNING - No viable dags retrieved from /opt/airflow/dags/drop_single_value_columns.py
[2024-02-02T17:10:25.292+0000] {processor.py:179} INFO - Processing /opt/airflow/dags/drop_single_value_columns.py took 0.019 seconds
[2024-02-02T17:10:55.872+0000] {processor.py:157} INFO - Started process (PID=279) to work on /opt/airflow/dags/drop_single_value_columns.py
[2024-02-02T17:10:55.872+0000] {processor.py:829} INFO - Processing file /opt/airflow/dags/drop_single_value_columns.py for tasks to queue
[2024-02-02T17:10:55.873+0000] {logging_mixin.py:154} INFO - [2024-02-02T17:10:55.873+0000] {dagbag.py:536} INFO - Filling up the DagBag from /opt/airflow/dags/drop_single_value_columns.py
[2024-02-02T17:10:55.879+0000] {processor.py:841} WARNING - No viable dags retrieved from /opt/airflow/dags/drop_single_value_columns.py
[2024-02-02T17:10:55.888+0000] {processor.py:179} INFO - Processing /opt/airflow/dags/drop_single_value_columns.py took 0.019 seconds
[2024-02-02T17:11:26.423+0000] {processor.py:157} INFO - Started process (PID=331) to work on /opt/airflow/dags/drop_single_value_columns.py
[2024-02-02T17:11:26.424+0000] {processor.py:829} INFO - Processing file /opt/airflow/dags/drop_single_value_columns.py for tasks to queue
[2024-02-02T17:11:26.424+0000] {logging_mixin.py:154} INFO - [2024-02-02T17:11:26.424+0000] {dagbag.py:536} INFO - Filling up the DagBag from /opt/airflow/dags/drop_single_value_columns.py
[2024-02-02T17:11:26.430+0000] {processor.py:841} WARNING - No viable dags retrieved from /opt/airflow/dags/drop_single_value_columns.py
[2024-02-02T17:11:26.439+0000] {processor.py:179} INFO - Processing /opt/airflow/dags/drop_single_value_columns.py took 0.018 seconds
[2024-02-02T17:11:57.003+0000] {processor.py:157} INFO - Started process (PID=383) to work on /opt/airflow/dags/drop_single_value_columns.py
[2024-02-02T17:11:57.004+0000] {processor.py:829} INFO - Processing file /opt/airflow/dags/drop_single_value_columns.py for tasks to queue
[2024-02-02T17:11:57.005+0000] {logging_mixin.py:154} INFO - [2024-02-02T17:11:57.004+0000] {dagbag.py:536} INFO - Filling up the DagBag from /opt/airflow/dags/drop_single_value_columns.py
[2024-02-02T17:11:57.010+0000] {processor.py:841} WARNING - No viable dags retrieved from /opt/airflow/dags/drop_single_value_columns.py
[2024-02-02T17:11:57.020+0000] {processor.py:179} INFO - Processing /opt/airflow/dags/drop_single_value_columns.py took 0.019 seconds
[2024-02-02T17:12:27.438+0000] {processor.py:157} INFO - Started process (PID=443) to work on /opt/airflow/dags/drop_single_value_columns.py
[2024-02-02T17:12:27.439+0000] {processor.py:829} INFO - Processing file /opt/airflow/dags/drop_single_value_columns.py for tasks to queue
[2024-02-02T17:12:27.439+0000] {logging_mixin.py:154} INFO - [2024-02-02T17:12:27.439+0000] {dagbag.py:536} INFO - Filling up the DagBag from /opt/airflow/dags/drop_single_value_columns.py
[2024-02-02T17:12:27.445+0000] {processor.py:841} WARNING - No viable dags retrieved from /opt/airflow/dags/drop_single_value_columns.py
[2024-02-02T17:12:27.455+0000] {processor.py:179} INFO - Processing /opt/airflow/dags/drop_single_value_columns.py took 0.019 seconds
[2024-02-02T17:12:57.975+0000] {processor.py:157} INFO - Started process (PID=495) to work on /opt/airflow/dags/drop_single_value_columns.py
[2024-02-02T17:12:57.975+0000] {processor.py:829} INFO - Processing file /opt/airflow/dags/drop_single_value_columns.py for tasks to queue
[2024-02-02T17:12:57.976+0000] {logging_mixin.py:154} INFO - [2024-02-02T17:12:57.976+0000] {dagbag.py:536} INFO - Filling up the DagBag from /opt/airflow/dags/drop_single_value_columns.py
[2024-02-02T17:12:57.981+0000] {processor.py:841} WARNING - No viable dags retrieved from /opt/airflow/dags/drop_single_value_columns.py
[2024-02-02T17:12:57.991+0000] {processor.py:179} INFO - Processing /opt/airflow/dags/drop_single_value_columns.py took 0.018 seconds
[2024-02-02T17:13:28.512+0000] {processor.py:157} INFO - Started process (PID=555) to work on /opt/airflow/dags/drop_single_value_columns.py
[2024-02-02T17:13:28.513+0000] {processor.py:829} INFO - Processing file /opt/airflow/dags/drop_single_value_columns.py for tasks to queue
[2024-02-02T17:13:28.514+0000] {logging_mixin.py:154} INFO - [2024-02-02T17:13:28.514+0000] {dagbag.py:536} INFO - Filling up the DagBag from /opt/airflow/dags/drop_single_value_columns.py
[2024-02-02T17:13:28.519+0000] {processor.py:841} WARNING - No viable dags retrieved from /opt/airflow/dags/drop_single_value_columns.py
[2024-02-02T17:13:28.528+0000] {processor.py:179} INFO - Processing /opt/airflow/dags/drop_single_value_columns.py took 0.018 seconds
[2024-02-02T17:13:59.103+0000] {processor.py:157} INFO - Started process (PID=607) to work on /opt/airflow/dags/drop_single_value_columns.py
[2024-02-02T17:13:59.103+0000] {processor.py:829} INFO - Processing file /opt/airflow/dags/drop_single_value_columns.py for tasks to queue
[2024-02-02T17:13:59.104+0000] {logging_mixin.py:154} INFO - [2024-02-02T17:13:59.104+0000] {dagbag.py:536} INFO - Filling up the DagBag from /opt/airflow/dags/drop_single_value_columns.py
[2024-02-02T17:13:59.109+0000] {processor.py:841} WARNING - No viable dags retrieved from /opt/airflow/dags/drop_single_value_columns.py
[2024-02-02T17:13:59.119+0000] {processor.py:179} INFO - Processing /opt/airflow/dags/drop_single_value_columns.py took 0.018 seconds
[2024-02-02T17:14:29.602+0000] {processor.py:157} INFO - Started process (PID=663) to work on /opt/airflow/dags/drop_single_value_columns.py
[2024-02-02T17:14:29.603+0000] {processor.py:829} INFO - Processing file /opt/airflow/dags/drop_single_value_columns.py for tasks to queue
[2024-02-02T17:14:29.604+0000] {logging_mixin.py:154} INFO - [2024-02-02T17:14:29.604+0000] {dagbag.py:536} INFO - Filling up the DagBag from /opt/airflow/dags/drop_single_value_columns.py
[2024-02-02T17:14:29.609+0000] {processor.py:841} WARNING - No viable dags retrieved from /opt/airflow/dags/drop_single_value_columns.py
[2024-02-02T17:14:29.619+0000] {processor.py:179} INFO - Processing /opt/airflow/dags/drop_single_value_columns.py took 0.018 seconds
[2024-02-02T17:15:00.248+0000] {processor.py:157} INFO - Started process (PID=715) to work on /opt/airflow/dags/drop_single_value_columns.py
[2024-02-02T17:15:00.249+0000] {processor.py:829} INFO - Processing file /opt/airflow/dags/drop_single_value_columns.py for tasks to queue
[2024-02-02T17:15:00.250+0000] {logging_mixin.py:154} INFO - [2024-02-02T17:15:00.249+0000] {dagbag.py:536} INFO - Filling up the DagBag from /opt/airflow/dags/drop_single_value_columns.py
[2024-02-02T17:15:00.255+0000] {processor.py:841} WARNING - No viable dags retrieved from /opt/airflow/dags/drop_single_value_columns.py
[2024-02-02T17:15:00.265+0000] {processor.py:179} INFO - Processing /opt/airflow/dags/drop_single_value_columns.py took 0.019 seconds
[2024-02-02T17:15:30.708+0000] {processor.py:157} INFO - Started process (PID=777) to work on /opt/airflow/dags/drop_single_value_columns.py
[2024-02-02T17:15:30.710+0000] {processor.py:829} INFO - Processing file /opt/airflow/dags/drop_single_value_columns.py for tasks to queue
[2024-02-02T17:15:30.710+0000] {logging_mixin.py:154} INFO - [2024-02-02T17:15:30.710+0000] {dagbag.py:536} INFO - Filling up the DagBag from /opt/airflow/dags/drop_single_value_columns.py
[2024-02-02T17:15:30.722+0000] {processor.py:841} WARNING - No viable dags retrieved from /opt/airflow/dags/drop_single_value_columns.py
[2024-02-02T17:15:30.735+0000] {processor.py:179} INFO - Processing /opt/airflow/dags/drop_single_value_columns.py took 0.031 seconds
[2024-02-02T17:16:01.294+0000] {processor.py:157} INFO - Started process (PID=829) to work on /opt/airflow/dags/drop_single_value_columns.py
[2024-02-02T17:16:01.295+0000] {processor.py:829} INFO - Processing file /opt/airflow/dags/drop_single_value_columns.py for tasks to queue
[2024-02-02T17:16:01.295+0000] {logging_mixin.py:154} INFO - [2024-02-02T17:16:01.295+0000] {dagbag.py:536} INFO - Filling up the DagBag from /opt/airflow/dags/drop_single_value_columns.py
[2024-02-02T17:16:01.301+0000] {processor.py:841} WARNING - No viable dags retrieved from /opt/airflow/dags/drop_single_value_columns.py
[2024-02-02T17:16:01.312+0000] {processor.py:179} INFO - Processing /opt/airflow/dags/drop_single_value_columns.py took 0.020 seconds
[2024-02-02T17:16:31.909+0000] {processor.py:157} INFO - Started process (PID=883) to work on /opt/airflow/dags/drop_single_value_columns.py
[2024-02-02T17:16:31.910+0000] {processor.py:829} INFO - Processing file /opt/airflow/dags/drop_single_value_columns.py for tasks to queue
[2024-02-02T17:16:31.910+0000] {logging_mixin.py:154} INFO - [2024-02-02T17:16:31.910+0000] {dagbag.py:536} INFO - Filling up the DagBag from /opt/airflow/dags/drop_single_value_columns.py
[2024-02-02T17:16:31.916+0000] {processor.py:841} WARNING - No viable dags retrieved from /opt/airflow/dags/drop_single_value_columns.py
[2024-02-02T17:16:31.926+0000] {processor.py:179} INFO - Processing /opt/airflow/dags/drop_single_value_columns.py took 0.019 seconds
[2024-02-02T17:17:02.399+0000] {processor.py:157} INFO - Started process (PID=935) to work on /opt/airflow/dags/drop_single_value_columns.py
[2024-02-02T17:17:02.400+0000] {processor.py:829} INFO - Processing file /opt/airflow/dags/drop_single_value_columns.py for tasks to queue
[2024-02-02T17:17:02.400+0000] {logging_mixin.py:154} INFO - [2024-02-02T17:17:02.400+0000] {dagbag.py:536} INFO - Filling up the DagBag from /opt/airflow/dags/drop_single_value_columns.py
[2024-02-02T17:17:02.406+0000] {processor.py:841} WARNING - No viable dags retrieved from /opt/airflow/dags/drop_single_value_columns.py
[2024-02-02T17:17:02.417+0000] {processor.py:179} INFO - Processing /opt/airflow/dags/drop_single_value_columns.py took 0.020 seconds
[2024-02-02T17:17:32.932+0000] {processor.py:157} INFO - Started process (PID=987) to work on /opt/airflow/dags/drop_single_value_columns.py
[2024-02-02T17:17:32.933+0000] {processor.py:829} INFO - Processing file /opt/airflow/dags/drop_single_value_columns.py for tasks to queue
[2024-02-02T17:17:32.934+0000] {logging_mixin.py:154} INFO - [2024-02-02T17:17:32.933+0000] {dagbag.py:536} INFO - Filling up the DagBag from /opt/airflow/dags/drop_single_value_columns.py
[2024-02-02T17:17:32.940+0000] {processor.py:841} WARNING - No viable dags retrieved from /opt/airflow/dags/drop_single_value_columns.py
[2024-02-02T17:17:32.951+0000] {processor.py:179} INFO - Processing /opt/airflow/dags/drop_single_value_columns.py took 0.021 seconds
[2024-02-02T17:18:03.474+0000] {processor.py:157} INFO - Started process (PID=1043) to work on /opt/airflow/dags/drop_single_value_columns.py
[2024-02-02T17:18:03.475+0000] {processor.py:829} INFO - Processing file /opt/airflow/dags/drop_single_value_columns.py for tasks to queue
[2024-02-02T17:18:03.476+0000] {logging_mixin.py:154} INFO - [2024-02-02T17:18:03.476+0000] {dagbag.py:536} INFO - Filling up the DagBag from /opt/airflow/dags/drop_single_value_columns.py
[2024-02-02T17:18:03.482+0000] {processor.py:841} WARNING - No viable dags retrieved from /opt/airflow/dags/drop_single_value_columns.py
[2024-02-02T17:18:03.492+0000] {processor.py:179} INFO - Processing /opt/airflow/dags/drop_single_value_columns.py took 0.020 seconds
[2024-02-02T17:18:34.041+0000] {processor.py:157} INFO - Started process (PID=1095) to work on /opt/airflow/dags/drop_single_value_columns.py
[2024-02-02T17:18:34.042+0000] {processor.py:829} INFO - Processing file /opt/airflow/dags/drop_single_value_columns.py for tasks to queue
[2024-02-02T17:18:34.042+0000] {logging_mixin.py:154} INFO - [2024-02-02T17:18:34.042+0000] {dagbag.py:536} INFO - Filling up the DagBag from /opt/airflow/dags/drop_single_value_columns.py
[2024-02-02T17:18:34.047+0000] {processor.py:841} WARNING - No viable dags retrieved from /opt/airflow/dags/drop_single_value_columns.py
[2024-02-02T17:18:34.057+0000] {processor.py:179} INFO - Processing /opt/airflow/dags/drop_single_value_columns.py took 0.018 seconds
[2024-02-02T17:19:04.589+0000] {processor.py:157} INFO - Started process (PID=1147) to work on /opt/airflow/dags/drop_single_value_columns.py
[2024-02-02T17:19:04.589+0000] {processor.py:829} INFO - Processing file /opt/airflow/dags/drop_single_value_columns.py for tasks to queue
[2024-02-02T17:19:04.590+0000] {logging_mixin.py:154} INFO - [2024-02-02T17:19:04.590+0000] {dagbag.py:536} INFO - Filling up the DagBag from /opt/airflow/dags/drop_single_value_columns.py
[2024-02-02T17:19:04.595+0000] {processor.py:841} WARNING - No viable dags retrieved from /opt/airflow/dags/drop_single_value_columns.py
[2024-02-02T17:19:04.605+0000] {processor.py:179} INFO - Processing /opt/airflow/dags/drop_single_value_columns.py took 0.018 seconds
[2024-02-02T17:19:35.093+0000] {processor.py:157} INFO - Started process (PID=1199) to work on /opt/airflow/dags/drop_single_value_columns.py
[2024-02-02T17:19:35.094+0000] {processor.py:829} INFO - Processing file /opt/airflow/dags/drop_single_value_columns.py for tasks to queue
[2024-02-02T17:19:35.095+0000] {logging_mixin.py:154} INFO - [2024-02-02T17:19:35.095+0000] {dagbag.py:536} INFO - Filling up the DagBag from /opt/airflow/dags/drop_single_value_columns.py
[2024-02-02T17:19:35.100+0000] {processor.py:841} WARNING - No viable dags retrieved from /opt/airflow/dags/drop_single_value_columns.py
[2024-02-02T17:19:35.110+0000] {processor.py:179} INFO - Processing /opt/airflow/dags/drop_single_value_columns.py took 0.019 seconds
[2024-02-02T17:20:05.697+0000] {processor.py:157} INFO - Started process (PID=1253) to work on /opt/airflow/dags/drop_single_value_columns.py
[2024-02-02T17:20:05.698+0000] {processor.py:829} INFO - Processing file /opt/airflow/dags/drop_single_value_columns.py for tasks to queue
[2024-02-02T17:20:05.698+0000] {logging_mixin.py:154} INFO - [2024-02-02T17:20:05.698+0000] {dagbag.py:536} INFO - Filling up the DagBag from /opt/airflow/dags/drop_single_value_columns.py
[2024-02-02T17:20:05.704+0000] {processor.py:841} WARNING - No viable dags retrieved from /opt/airflow/dags/drop_single_value_columns.py
[2024-02-02T17:20:05.714+0000] {processor.py:179} INFO - Processing /opt/airflow/dags/drop_single_value_columns.py took 0.019 seconds
[2024-02-02T17:20:36.198+0000] {processor.py:157} INFO - Started process (PID=1305) to work on /opt/airflow/dags/drop_single_value_columns.py
[2024-02-02T17:20:36.199+0000] {processor.py:829} INFO - Processing file /opt/airflow/dags/drop_single_value_columns.py for tasks to queue
[2024-02-02T17:20:36.200+0000] {logging_mixin.py:154} INFO - [2024-02-02T17:20:36.199+0000] {dagbag.py:536} INFO - Filling up the DagBag from /opt/airflow/dags/drop_single_value_columns.py
[2024-02-02T17:20:36.205+0000] {processor.py:841} WARNING - No viable dags retrieved from /opt/airflow/dags/drop_single_value_columns.py
[2024-02-02T17:20:36.216+0000] {processor.py:179} INFO - Processing /opt/airflow/dags/drop_single_value_columns.py took 0.020 seconds
[2024-02-02T17:21:06.702+0000] {processor.py:157} INFO - Started process (PID=1357) to work on /opt/airflow/dags/drop_single_value_columns.py
[2024-02-02T17:21:06.703+0000] {processor.py:829} INFO - Processing file /opt/airflow/dags/drop_single_value_columns.py for tasks to queue
[2024-02-02T17:21:06.703+0000] {logging_mixin.py:154} INFO - [2024-02-02T17:21:06.703+0000] {dagbag.py:536} INFO - Filling up the DagBag from /opt/airflow/dags/drop_single_value_columns.py
[2024-02-02T17:21:06.709+0000] {processor.py:841} WARNING - No viable dags retrieved from /opt/airflow/dags/drop_single_value_columns.py
[2024-02-02T17:21:06.720+0000] {processor.py:179} INFO - Processing /opt/airflow/dags/drop_single_value_columns.py took 0.020 seconds
[2024-02-02T17:21:37.283+0000] {processor.py:157} INFO - Started process (PID=1409) to work on /opt/airflow/dags/drop_single_value_columns.py
[2024-02-02T17:21:37.284+0000] {processor.py:829} INFO - Processing file /opt/airflow/dags/drop_single_value_columns.py for tasks to queue
[2024-02-02T17:21:37.284+0000] {logging_mixin.py:154} INFO - [2024-02-02T17:21:37.284+0000] {dagbag.py:536} INFO - Filling up the DagBag from /opt/airflow/dags/drop_single_value_columns.py
[2024-02-02T17:21:37.289+0000] {processor.py:841} WARNING - No viable dags retrieved from /opt/airflow/dags/drop_single_value_columns.py
[2024-02-02T17:21:37.299+0000] {processor.py:179} INFO - Processing /opt/airflow/dags/drop_single_value_columns.py took 0.019 seconds
[2024-02-02T17:22:07.862+0000] {processor.py:157} INFO - Started process (PID=1461) to work on /opt/airflow/dags/drop_single_value_columns.py
[2024-02-02T17:22:07.863+0000] {processor.py:829} INFO - Processing file /opt/airflow/dags/drop_single_value_columns.py for tasks to queue
[2024-02-02T17:22:07.863+0000] {logging_mixin.py:154} INFO - [2024-02-02T17:22:07.863+0000] {dagbag.py:536} INFO - Filling up the DagBag from /opt/airflow/dags/drop_single_value_columns.py
[2024-02-02T17:22:07.868+0000] {processor.py:841} WARNING - No viable dags retrieved from /opt/airflow/dags/drop_single_value_columns.py
[2024-02-02T17:22:07.878+0000] {processor.py:179} INFO - Processing /opt/airflow/dags/drop_single_value_columns.py took 0.018 seconds
[2024-02-02T17:22:38.429+0000] {processor.py:157} INFO - Started process (PID=1513) to work on /opt/airflow/dags/drop_single_value_columns.py
[2024-02-02T17:22:38.429+0000] {processor.py:829} INFO - Processing file /opt/airflow/dags/drop_single_value_columns.py for tasks to queue
[2024-02-02T17:22:38.430+0000] {logging_mixin.py:154} INFO - [2024-02-02T17:22:38.430+0000] {dagbag.py:536} INFO - Filling up the DagBag from /opt/airflow/dags/drop_single_value_columns.py
[2024-02-02T17:22:38.436+0000] {processor.py:841} WARNING - No viable dags retrieved from /opt/airflow/dags/drop_single_value_columns.py
[2024-02-02T17:22:38.447+0000] {processor.py:179} INFO - Processing /opt/airflow/dags/drop_single_value_columns.py took 0.020 seconds
[2024-02-02T17:23:08.975+0000] {processor.py:157} INFO - Started process (PID=1565) to work on /opt/airflow/dags/drop_single_value_columns.py
[2024-02-02T17:23:08.975+0000] {processor.py:829} INFO - Processing file /opt/airflow/dags/drop_single_value_columns.py for tasks to queue
[2024-02-02T17:23:08.976+0000] {logging_mixin.py:154} INFO - [2024-02-02T17:23:08.976+0000] {dagbag.py:536} INFO - Filling up the DagBag from /opt/airflow/dags/drop_single_value_columns.py
[2024-02-02T17:23:08.981+0000] {processor.py:841} WARNING - No viable dags retrieved from /opt/airflow/dags/drop_single_value_columns.py
[2024-02-02T17:23:08.991+0000] {processor.py:179} INFO - Processing /opt/airflow/dags/drop_single_value_columns.py took 0.019 seconds
[2024-02-02T17:23:39.520+0000] {processor.py:157} INFO - Started process (PID=1617) to work on /opt/airflow/dags/drop_single_value_columns.py
[2024-02-02T17:23:39.521+0000] {processor.py:829} INFO - Processing file /opt/airflow/dags/drop_single_value_columns.py for tasks to queue
[2024-02-02T17:23:39.521+0000] {logging_mixin.py:154} INFO - [2024-02-02T17:23:39.521+0000] {dagbag.py:536} INFO - Filling up the DagBag from /opt/airflow/dags/drop_single_value_columns.py
[2024-02-02T17:23:39.527+0000] {processor.py:841} WARNING - No viable dags retrieved from /opt/airflow/dags/drop_single_value_columns.py
[2024-02-02T17:23:39.536+0000] {processor.py:179} INFO - Processing /opt/airflow/dags/drop_single_value_columns.py took 0.019 seconds
[2024-02-02T17:24:10.121+0000] {processor.py:157} INFO - Started process (PID=1669) to work on /opt/airflow/dags/drop_single_value_columns.py
[2024-02-02T17:24:10.121+0000] {processor.py:829} INFO - Processing file /opt/airflow/dags/drop_single_value_columns.py for tasks to queue
[2024-02-02T17:24:10.122+0000] {logging_mixin.py:154} INFO - [2024-02-02T17:24:10.122+0000] {dagbag.py:536} INFO - Filling up the DagBag from /opt/airflow/dags/drop_single_value_columns.py
[2024-02-02T17:24:10.128+0000] {processor.py:841} WARNING - No viable dags retrieved from /opt/airflow/dags/drop_single_value_columns.py
[2024-02-02T17:24:10.137+0000] {processor.py:179} INFO - Processing /opt/airflow/dags/drop_single_value_columns.py took 0.019 seconds
[2024-02-02T17:24:40.644+0000] {processor.py:157} INFO - Started process (PID=1721) to work on /opt/airflow/dags/drop_single_value_columns.py
[2024-02-02T17:24:40.644+0000] {processor.py:829} INFO - Processing file /opt/airflow/dags/drop_single_value_columns.py for tasks to queue
[2024-02-02T17:24:40.645+0000] {logging_mixin.py:154} INFO - [2024-02-02T17:24:40.645+0000] {dagbag.py:536} INFO - Filling up the DagBag from /opt/airflow/dags/drop_single_value_columns.py
[2024-02-02T17:24:40.650+0000] {processor.py:841} WARNING - No viable dags retrieved from /opt/airflow/dags/drop_single_value_columns.py
[2024-02-02T17:24:40.660+0000] {processor.py:179} INFO - Processing /opt/airflow/dags/drop_single_value_columns.py took 0.018 seconds
[2024-02-02T17:25:11.250+0000] {processor.py:157} INFO - Started process (PID=1773) to work on /opt/airflow/dags/drop_single_value_columns.py
[2024-02-02T17:25:11.251+0000] {processor.py:829} INFO - Processing file /opt/airflow/dags/drop_single_value_columns.py for tasks to queue
[2024-02-02T17:25:11.251+0000] {logging_mixin.py:154} INFO - [2024-02-02T17:25:11.251+0000] {dagbag.py:536} INFO - Filling up the DagBag from /opt/airflow/dags/drop_single_value_columns.py
[2024-02-02T17:25:11.257+0000] {processor.py:841} WARNING - No viable dags retrieved from /opt/airflow/dags/drop_single_value_columns.py
[2024-02-02T17:25:11.267+0000] {processor.py:179} INFO - Processing /opt/airflow/dags/drop_single_value_columns.py took 0.019 seconds
[2024-02-02T17:25:41.757+0000] {processor.py:157} INFO - Started process (PID=1825) to work on /opt/airflow/dags/drop_single_value_columns.py
[2024-02-02T17:25:41.758+0000] {processor.py:829} INFO - Processing file /opt/airflow/dags/drop_single_value_columns.py for tasks to queue
[2024-02-02T17:25:41.758+0000] {logging_mixin.py:154} INFO - [2024-02-02T17:25:41.758+0000] {dagbag.py:536} INFO - Filling up the DagBag from /opt/airflow/dags/drop_single_value_columns.py
[2024-02-02T17:25:41.763+0000] {processor.py:841} WARNING - No viable dags retrieved from /opt/airflow/dags/drop_single_value_columns.py
[2024-02-02T17:25:41.773+0000] {processor.py:179} INFO - Processing /opt/airflow/dags/drop_single_value_columns.py took 0.018 seconds
[2024-02-02T17:26:12.364+0000] {processor.py:157} INFO - Started process (PID=1877) to work on /opt/airflow/dags/drop_single_value_columns.py
[2024-02-02T17:26:12.364+0000] {processor.py:829} INFO - Processing file /opt/airflow/dags/drop_single_value_columns.py for tasks to queue
[2024-02-02T17:26:12.365+0000] {logging_mixin.py:154} INFO - [2024-02-02T17:26:12.365+0000] {dagbag.py:536} INFO - Filling up the DagBag from /opt/airflow/dags/drop_single_value_columns.py
[2024-02-02T17:26:12.370+0000] {processor.py:841} WARNING - No viable dags retrieved from /opt/airflow/dags/drop_single_value_columns.py
[2024-02-02T17:26:12.380+0000] {processor.py:179} INFO - Processing /opt/airflow/dags/drop_single_value_columns.py took 0.019 seconds
[2024-02-02T17:26:42.899+0000] {processor.py:157} INFO - Started process (PID=1929) to work on /opt/airflow/dags/drop_single_value_columns.py
[2024-02-02T17:26:42.900+0000] {processor.py:829} INFO - Processing file /opt/airflow/dags/drop_single_value_columns.py for tasks to queue
[2024-02-02T17:26:42.900+0000] {logging_mixin.py:154} INFO - [2024-02-02T17:26:42.900+0000] {dagbag.py:536} INFO - Filling up the DagBag from /opt/airflow/dags/drop_single_value_columns.py
[2024-02-02T17:26:42.906+0000] {processor.py:841} WARNING - No viable dags retrieved from /opt/airflow/dags/drop_single_value_columns.py
[2024-02-02T17:26:42.916+0000] {processor.py:179} INFO - Processing /opt/airflow/dags/drop_single_value_columns.py took 0.019 seconds
[2024-02-02T17:27:13.470+0000] {processor.py:157} INFO - Started process (PID=1981) to work on /opt/airflow/dags/drop_single_value_columns.py
[2024-02-02T17:27:13.471+0000] {processor.py:829} INFO - Processing file /opt/airflow/dags/drop_single_value_columns.py for tasks to queue
[2024-02-02T17:27:13.471+0000] {logging_mixin.py:154} INFO - [2024-02-02T17:27:13.471+0000] {dagbag.py:536} INFO - Filling up the DagBag from /opt/airflow/dags/drop_single_value_columns.py
[2024-02-02T17:27:13.477+0000] {processor.py:841} WARNING - No viable dags retrieved from /opt/airflow/dags/drop_single_value_columns.py
[2024-02-02T17:27:13.486+0000] {processor.py:179} INFO - Processing /opt/airflow/dags/drop_single_value_columns.py took 0.018 seconds
[2024-02-02T17:27:44.048+0000] {processor.py:157} INFO - Started process (PID=2033) to work on /opt/airflow/dags/drop_single_value_columns.py
[2024-02-02T17:27:44.049+0000] {processor.py:829} INFO - Processing file /opt/airflow/dags/drop_single_value_columns.py for tasks to queue
[2024-02-02T17:27:44.050+0000] {logging_mixin.py:154} INFO - [2024-02-02T17:27:44.049+0000] {dagbag.py:536} INFO - Filling up the DagBag from /opt/airflow/dags/drop_single_value_columns.py
[2024-02-02T17:27:44.055+0000] {processor.py:841} WARNING - No viable dags retrieved from /opt/airflow/dags/drop_single_value_columns.py
[2024-02-02T17:27:44.065+0000] {processor.py:179} INFO - Processing /opt/airflow/dags/drop_single_value_columns.py took 0.018 seconds
[2024-02-02T17:28:14.630+0000] {processor.py:157} INFO - Started process (PID=2085) to work on /opt/airflow/dags/drop_single_value_columns.py
[2024-02-02T17:28:14.631+0000] {processor.py:829} INFO - Processing file /opt/airflow/dags/drop_single_value_columns.py for tasks to queue
[2024-02-02T17:28:14.631+0000] {logging_mixin.py:154} INFO - [2024-02-02T17:28:14.631+0000] {dagbag.py:536} INFO - Filling up the DagBag from /opt/airflow/dags/drop_single_value_columns.py
[2024-02-02T17:28:14.637+0000] {processor.py:841} WARNING - No viable dags retrieved from /opt/airflow/dags/drop_single_value_columns.py
[2024-02-02T17:28:14.647+0000] {processor.py:179} INFO - Processing /opt/airflow/dags/drop_single_value_columns.py took 0.019 seconds
[2024-02-02T17:28:45.127+0000] {processor.py:157} INFO - Started process (PID=2137) to work on /opt/airflow/dags/drop_single_value_columns.py
[2024-02-02T17:28:45.128+0000] {processor.py:829} INFO - Processing file /opt/airflow/dags/drop_single_value_columns.py for tasks to queue
[2024-02-02T17:28:45.129+0000] {logging_mixin.py:154} INFO - [2024-02-02T17:28:45.128+0000] {dagbag.py:536} INFO - Filling up the DagBag from /opt/airflow/dags/drop_single_value_columns.py
[2024-02-02T17:28:45.134+0000] {processor.py:841} WARNING - No viable dags retrieved from /opt/airflow/dags/drop_single_value_columns.py
[2024-02-02T17:28:45.144+0000] {processor.py:179} INFO - Processing /opt/airflow/dags/drop_single_value_columns.py took 0.019 seconds
[2024-02-02T17:29:15.707+0000] {processor.py:157} INFO - Started process (PID=2189) to work on /opt/airflow/dags/drop_single_value_columns.py
[2024-02-02T17:29:15.708+0000] {processor.py:829} INFO - Processing file /opt/airflow/dags/drop_single_value_columns.py for tasks to queue
[2024-02-02T17:29:15.708+0000] {logging_mixin.py:154} INFO - [2024-02-02T17:29:15.708+0000] {dagbag.py:536} INFO - Filling up the DagBag from /opt/airflow/dags/drop_single_value_columns.py
[2024-02-02T17:29:15.714+0000] {processor.py:841} WARNING - No viable dags retrieved from /opt/airflow/dags/drop_single_value_columns.py
[2024-02-02T17:29:15.723+0000] {processor.py:179} INFO - Processing /opt/airflow/dags/drop_single_value_columns.py took 0.019 seconds
[2024-02-02T17:29:46.247+0000] {processor.py:157} INFO - Started process (PID=2241) to work on /opt/airflow/dags/drop_single_value_columns.py
[2024-02-02T17:29:46.248+0000] {processor.py:829} INFO - Processing file /opt/airflow/dags/drop_single_value_columns.py for tasks to queue
[2024-02-02T17:29:46.248+0000] {logging_mixin.py:154} INFO - [2024-02-02T17:29:46.248+0000] {dagbag.py:536} INFO - Filling up the DagBag from /opt/airflow/dags/drop_single_value_columns.py
[2024-02-02T17:29:46.254+0000] {processor.py:841} WARNING - No viable dags retrieved from /opt/airflow/dags/drop_single_value_columns.py
[2024-02-02T17:29:46.264+0000] {processor.py:179} INFO - Processing /opt/airflow/dags/drop_single_value_columns.py took 0.019 seconds
[2024-02-02T17:30:16.742+0000] {processor.py:157} INFO - Started process (PID=2295) to work on /opt/airflow/dags/drop_single_value_columns.py
[2024-02-02T17:30:16.742+0000] {processor.py:829} INFO - Processing file /opt/airflow/dags/drop_single_value_columns.py for tasks to queue
[2024-02-02T17:30:16.743+0000] {logging_mixin.py:154} INFO - [2024-02-02T17:30:16.743+0000] {dagbag.py:536} INFO - Filling up the DagBag from /opt/airflow/dags/drop_single_value_columns.py
[2024-02-02T17:30:16.749+0000] {processor.py:841} WARNING - No viable dags retrieved from /opt/airflow/dags/drop_single_value_columns.py
[2024-02-02T17:30:16.759+0000] {processor.py:179} INFO - Processing /opt/airflow/dags/drop_single_value_columns.py took 0.019 seconds
[2024-02-02T17:30:47.173+0000] {processor.py:157} INFO - Started process (PID=2351) to work on /opt/airflow/dags/drop_single_value_columns.py
[2024-02-02T17:30:47.174+0000] {processor.py:829} INFO - Processing file /opt/airflow/dags/drop_single_value_columns.py for tasks to queue
[2024-02-02T17:30:47.174+0000] {logging_mixin.py:154} INFO - [2024-02-02T17:30:47.174+0000] {dagbag.py:536} INFO - Filling up the DagBag from /opt/airflow/dags/drop_single_value_columns.py
[2024-02-02T17:30:47.180+0000] {processor.py:841} WARNING - No viable dags retrieved from /opt/airflow/dags/drop_single_value_columns.py
[2024-02-02T17:30:47.190+0000] {processor.py:179} INFO - Processing /opt/airflow/dags/drop_single_value_columns.py took 0.019 seconds
[2024-02-02T17:31:17.631+0000] {processor.py:157} INFO - Started process (PID=2403) to work on /opt/airflow/dags/drop_single_value_columns.py
[2024-02-02T17:31:17.632+0000] {processor.py:829} INFO - Processing file /opt/airflow/dags/drop_single_value_columns.py for tasks to queue
[2024-02-02T17:31:17.633+0000] {logging_mixin.py:154} INFO - [2024-02-02T17:31:17.632+0000] {dagbag.py:536} INFO - Filling up the DagBag from /opt/airflow/dags/drop_single_value_columns.py
[2024-02-02T17:31:17.638+0000] {processor.py:841} WARNING - No viable dags retrieved from /opt/airflow/dags/drop_single_value_columns.py
[2024-02-02T17:31:17.648+0000] {processor.py:179} INFO - Processing /opt/airflow/dags/drop_single_value_columns.py took 0.019 seconds
[2024-02-02T17:31:48.111+0000] {processor.py:157} INFO - Started process (PID=2455) to work on /opt/airflow/dags/drop_single_value_columns.py
[2024-02-02T17:31:48.111+0000] {processor.py:829} INFO - Processing file /opt/airflow/dags/drop_single_value_columns.py for tasks to queue
[2024-02-02T17:31:48.112+0000] {logging_mixin.py:154} INFO - [2024-02-02T17:31:48.112+0000] {dagbag.py:536} INFO - Filling up the DagBag from /opt/airflow/dags/drop_single_value_columns.py
[2024-02-02T17:31:48.117+0000] {processor.py:841} WARNING - No viable dags retrieved from /opt/airflow/dags/drop_single_value_columns.py
[2024-02-02T17:31:48.128+0000] {processor.py:179} INFO - Processing /opt/airflow/dags/drop_single_value_columns.py took 0.019 seconds
[2024-02-02T17:32:18.627+0000] {processor.py:157} INFO - Started process (PID=2507) to work on /opt/airflow/dags/drop_single_value_columns.py
[2024-02-02T17:32:18.628+0000] {processor.py:829} INFO - Processing file /opt/airflow/dags/drop_single_value_columns.py for tasks to queue
[2024-02-02T17:32:18.629+0000] {logging_mixin.py:154} INFO - [2024-02-02T17:32:18.629+0000] {dagbag.py:536} INFO - Filling up the DagBag from /opt/airflow/dags/drop_single_value_columns.py
[2024-02-02T17:32:18.634+0000] {processor.py:841} WARNING - No viable dags retrieved from /opt/airflow/dags/drop_single_value_columns.py
[2024-02-02T17:32:18.644+0000] {processor.py:179} INFO - Processing /opt/airflow/dags/drop_single_value_columns.py took 0.019 seconds
[2024-02-02T17:32:49.144+0000] {processor.py:157} INFO - Started process (PID=2563) to work on /opt/airflow/dags/drop_single_value_columns.py
[2024-02-02T17:32:49.145+0000] {processor.py:829} INFO - Processing file /opt/airflow/dags/drop_single_value_columns.py for tasks to queue
[2024-02-02T17:32:49.145+0000] {logging_mixin.py:154} INFO - [2024-02-02T17:32:49.145+0000] {dagbag.py:536} INFO - Filling up the DagBag from /opt/airflow/dags/drop_single_value_columns.py
[2024-02-02T17:32:49.152+0000] {processor.py:841} WARNING - No viable dags retrieved from /opt/airflow/dags/drop_single_value_columns.py
[2024-02-02T17:32:49.161+0000] {processor.py:179} INFO - Processing /opt/airflow/dags/drop_single_value_columns.py took 0.019 seconds
[2024-02-02T17:33:19.651+0000] {processor.py:157} INFO - Started process (PID=2615) to work on /opt/airflow/dags/drop_single_value_columns.py
[2024-02-02T17:33:19.652+0000] {processor.py:829} INFO - Processing file /opt/airflow/dags/drop_single_value_columns.py for tasks to queue
[2024-02-02T17:33:19.652+0000] {logging_mixin.py:154} INFO - [2024-02-02T17:33:19.652+0000] {dagbag.py:536} INFO - Filling up the DagBag from /opt/airflow/dags/drop_single_value_columns.py
[2024-02-02T17:33:19.658+0000] {processor.py:841} WARNING - No viable dags retrieved from /opt/airflow/dags/drop_single_value_columns.py
[2024-02-02T17:33:19.668+0000] {processor.py:179} INFO - Processing /opt/airflow/dags/drop_single_value_columns.py took 0.019 seconds
[2024-02-02T17:33:50.129+0000] {processor.py:157} INFO - Started process (PID=2667) to work on /opt/airflow/dags/drop_single_value_columns.py
[2024-02-02T17:33:50.130+0000] {processor.py:829} INFO - Processing file /opt/airflow/dags/drop_single_value_columns.py for tasks to queue
[2024-02-02T17:33:50.130+0000] {logging_mixin.py:154} INFO - [2024-02-02T17:33:50.130+0000] {dagbag.py:536} INFO - Filling up the DagBag from /opt/airflow/dags/drop_single_value_columns.py
[2024-02-02T17:33:50.136+0000] {processor.py:841} WARNING - No viable dags retrieved from /opt/airflow/dags/drop_single_value_columns.py
[2024-02-02T17:33:50.145+0000] {processor.py:179} INFO - Processing /opt/airflow/dags/drop_single_value_columns.py took 0.018 seconds
[2024-02-02T17:34:20.662+0000] {processor.py:157} INFO - Started process (PID=2719) to work on /opt/airflow/dags/drop_single_value_columns.py
[2024-02-02T17:34:20.663+0000] {processor.py:829} INFO - Processing file /opt/airflow/dags/drop_single_value_columns.py for tasks to queue
[2024-02-02T17:34:20.664+0000] {logging_mixin.py:154} INFO - [2024-02-02T17:34:20.663+0000] {dagbag.py:536} INFO - Filling up the DagBag from /opt/airflow/dags/drop_single_value_columns.py
[2024-02-02T17:34:20.669+0000] {processor.py:841} WARNING - No viable dags retrieved from /opt/airflow/dags/drop_single_value_columns.py
[2024-02-02T17:34:20.679+0000] {processor.py:179} INFO - Processing /opt/airflow/dags/drop_single_value_columns.py took 0.019 seconds
[2024-02-02T17:34:51.234+0000] {processor.py:157} INFO - Started process (PID=2778) to work on /opt/airflow/dags/drop_single_value_columns.py
[2024-02-02T17:34:51.234+0000] {processor.py:829} INFO - Processing file /opt/airflow/dags/drop_single_value_columns.py for tasks to queue
[2024-02-02T17:34:51.235+0000] {logging_mixin.py:154} INFO - [2024-02-02T17:34:51.234+0000] {dagbag.py:536} INFO - Filling up the DagBag from /opt/airflow/dags/drop_single_value_columns.py
[2024-02-02T17:34:51.240+0000] {processor.py:841} WARNING - No viable dags retrieved from /opt/airflow/dags/drop_single_value_columns.py
[2024-02-02T17:34:51.250+0000] {processor.py:179} INFO - Processing /opt/airflow/dags/drop_single_value_columns.py took 0.018 seconds
[2024-02-02T17:35:21.887+0000] {processor.py:157} INFO - Started process (PID=2830) to work on /opt/airflow/dags/drop_single_value_columns.py
[2024-02-02T17:35:21.887+0000] {processor.py:829} INFO - Processing file /opt/airflow/dags/drop_single_value_columns.py for tasks to queue
[2024-02-02T17:35:21.888+0000] {logging_mixin.py:154} INFO - [2024-02-02T17:35:21.888+0000] {dagbag.py:536} INFO - Filling up the DagBag from /opt/airflow/dags/drop_single_value_columns.py
[2024-02-02T17:35:21.894+0000] {processor.py:841} WARNING - No viable dags retrieved from /opt/airflow/dags/drop_single_value_columns.py
[2024-02-02T17:35:21.903+0000] {processor.py:179} INFO - Processing /opt/airflow/dags/drop_single_value_columns.py took 0.019 seconds
[2024-02-02T17:35:52.479+0000] {processor.py:157} INFO - Started process (PID=2882) to work on /opt/airflow/dags/drop_single_value_columns.py
[2024-02-02T17:35:52.480+0000] {processor.py:829} INFO - Processing file /opt/airflow/dags/drop_single_value_columns.py for tasks to queue
[2024-02-02T17:35:52.480+0000] {logging_mixin.py:154} INFO - [2024-02-02T17:35:52.480+0000] {dagbag.py:536} INFO - Filling up the DagBag from /opt/airflow/dags/drop_single_value_columns.py
[2024-02-02T17:35:52.486+0000] {processor.py:841} WARNING - No viable dags retrieved from /opt/airflow/dags/drop_single_value_columns.py
[2024-02-02T17:35:52.496+0000] {processor.py:179} INFO - Processing /opt/airflow/dags/drop_single_value_columns.py took 0.019 seconds
[2024-02-02T17:36:23.079+0000] {processor.py:157} INFO - Started process (PID=2934) to work on /opt/airflow/dags/drop_single_value_columns.py
[2024-02-02T17:36:23.080+0000] {processor.py:829} INFO - Processing file /opt/airflow/dags/drop_single_value_columns.py for tasks to queue
[2024-02-02T17:36:23.081+0000] {logging_mixin.py:154} INFO - [2024-02-02T17:36:23.080+0000] {dagbag.py:536} INFO - Filling up the DagBag from /opt/airflow/dags/drop_single_value_columns.py
[2024-02-02T17:36:23.086+0000] {processor.py:841} WARNING - No viable dags retrieved from /opt/airflow/dags/drop_single_value_columns.py
[2024-02-02T17:36:23.096+0000] {processor.py:179} INFO - Processing /opt/airflow/dags/drop_single_value_columns.py took 0.019 seconds
[2024-02-02T17:36:53.709+0000] {processor.py:157} INFO - Started process (PID=2986) to work on /opt/airflow/dags/drop_single_value_columns.py
[2024-02-02T17:36:53.709+0000] {processor.py:829} INFO - Processing file /opt/airflow/dags/drop_single_value_columns.py for tasks to queue
[2024-02-02T17:36:53.710+0000] {logging_mixin.py:154} INFO - [2024-02-02T17:36:53.710+0000] {dagbag.py:536} INFO - Filling up the DagBag from /opt/airflow/dags/drop_single_value_columns.py
[2024-02-02T17:36:53.715+0000] {processor.py:841} WARNING - No viable dags retrieved from /opt/airflow/dags/drop_single_value_columns.py
[2024-02-02T17:36:53.725+0000] {processor.py:179} INFO - Processing /opt/airflow/dags/drop_single_value_columns.py took 0.018 seconds
[2024-02-02T17:37:24.369+0000] {processor.py:157} INFO - Started process (PID=3038) to work on /opt/airflow/dags/drop_single_value_columns.py
[2024-02-02T17:37:24.370+0000] {processor.py:829} INFO - Processing file /opt/airflow/dags/drop_single_value_columns.py for tasks to queue
[2024-02-02T17:37:24.371+0000] {logging_mixin.py:154} INFO - [2024-02-02T17:37:24.371+0000] {dagbag.py:536} INFO - Filling up the DagBag from /opt/airflow/dags/drop_single_value_columns.py
[2024-02-02T17:37:24.376+0000] {processor.py:841} WARNING - No viable dags retrieved from /opt/airflow/dags/drop_single_value_columns.py
[2024-02-02T17:37:24.386+0000] {processor.py:179} INFO - Processing /opt/airflow/dags/drop_single_value_columns.py took 0.019 seconds
[2024-02-02T17:37:54.971+0000] {processor.py:157} INFO - Started process (PID=3090) to work on /opt/airflow/dags/drop_single_value_columns.py
[2024-02-02T17:37:54.971+0000] {processor.py:829} INFO - Processing file /opt/airflow/dags/drop_single_value_columns.py for tasks to queue
[2024-02-02T17:37:54.972+0000] {logging_mixin.py:154} INFO - [2024-02-02T17:37:54.972+0000] {dagbag.py:536} INFO - Filling up the DagBag from /opt/airflow/dags/drop_single_value_columns.py
[2024-02-02T17:37:54.978+0000] {processor.py:841} WARNING - No viable dags retrieved from /opt/airflow/dags/drop_single_value_columns.py
[2024-02-02T17:37:54.987+0000] {processor.py:179} INFO - Processing /opt/airflow/dags/drop_single_value_columns.py took 0.019 seconds
[2024-02-02T17:38:25.639+0000] {processor.py:157} INFO - Started process (PID=3142) to work on /opt/airflow/dags/drop_single_value_columns.py
[2024-02-02T17:38:25.639+0000] {processor.py:829} INFO - Processing file /opt/airflow/dags/drop_single_value_columns.py for tasks to queue
[2024-02-02T17:38:25.640+0000] {logging_mixin.py:154} INFO - [2024-02-02T17:38:25.640+0000] {dagbag.py:536} INFO - Filling up the DagBag from /opt/airflow/dags/drop_single_value_columns.py
[2024-02-02T17:38:25.645+0000] {processor.py:841} WARNING - No viable dags retrieved from /opt/airflow/dags/drop_single_value_columns.py
[2024-02-02T17:38:25.655+0000] {processor.py:179} INFO - Processing /opt/airflow/dags/drop_single_value_columns.py took 0.019 seconds
[2024-02-02T17:38:56.279+0000] {processor.py:157} INFO - Started process (PID=3194) to work on /opt/airflow/dags/drop_single_value_columns.py
[2024-02-02T17:38:56.280+0000] {processor.py:829} INFO - Processing file /opt/airflow/dags/drop_single_value_columns.py for tasks to queue
[2024-02-02T17:38:56.280+0000] {logging_mixin.py:154} INFO - [2024-02-02T17:38:56.280+0000] {dagbag.py:536} INFO - Filling up the DagBag from /opt/airflow/dags/drop_single_value_columns.py
[2024-02-02T17:38:56.286+0000] {processor.py:841} WARNING - No viable dags retrieved from /opt/airflow/dags/drop_single_value_columns.py
[2024-02-02T17:38:56.296+0000] {processor.py:179} INFO - Processing /opt/airflow/dags/drop_single_value_columns.py took 0.019 seconds
