[2024-02-02T17:09:54.654+0000] {processor.py:157} INFO - Started process (PID=170) to work on /opt/airflow/dags/fill_nulls_with_fixed_value.py
[2024-02-02T17:09:54.655+0000] {processor.py:829} INFO - Processing file /opt/airflow/dags/fill_nulls_with_fixed_value.py for tasks to queue
[2024-02-02T17:09:54.656+0000] {logging_mixin.py:154} INFO - [2024-02-02T17:09:54.655+0000] {dagbag.py:536} INFO - Filling up the DagBag from /opt/airflow/dags/fill_nulls_with_fixed_value.py
[2024-02-02T17:09:54.672+0000] {processor.py:841} WARNING - No viable dags retrieved from /opt/airflow/dags/fill_nulls_with_fixed_value.py
[2024-02-02T17:09:54.686+0000] {processor.py:179} INFO - Processing /opt/airflow/dags/fill_nulls_with_fixed_value.py took 0.036 seconds
[2024-02-02T17:10:25.233+0000] {processor.py:157} INFO - Started process (PID=222) to work on /opt/airflow/dags/fill_nulls_with_fixed_value.py
[2024-02-02T17:10:25.235+0000] {processor.py:829} INFO - Processing file /opt/airflow/dags/fill_nulls_with_fixed_value.py for tasks to queue
[2024-02-02T17:10:25.236+0000] {logging_mixin.py:154} INFO - [2024-02-02T17:10:25.235+0000] {dagbag.py:536} INFO - Filling up the DagBag from /opt/airflow/dags/fill_nulls_with_fixed_value.py
[2024-02-02T17:10:25.244+0000] {processor.py:841} WARNING - No viable dags retrieved from /opt/airflow/dags/fill_nulls_with_fixed_value.py
[2024-02-02T17:10:25.260+0000] {processor.py:179} INFO - Processing /opt/airflow/dags/fill_nulls_with_fixed_value.py took 0.031 seconds
[2024-02-02T17:10:55.817+0000] {processor.py:157} INFO - Started process (PID=274) to work on /opt/airflow/dags/fill_nulls_with_fixed_value.py
[2024-02-02T17:10:55.820+0000] {processor.py:829} INFO - Processing file /opt/airflow/dags/fill_nulls_with_fixed_value.py for tasks to queue
[2024-02-02T17:10:55.825+0000] {logging_mixin.py:154} INFO - [2024-02-02T17:10:55.825+0000] {dagbag.py:536} INFO - Filling up the DagBag from /opt/airflow/dags/fill_nulls_with_fixed_value.py
[2024-02-02T17:10:55.839+0000] {processor.py:841} WARNING - No viable dags retrieved from /opt/airflow/dags/fill_nulls_with_fixed_value.py
[2024-02-02T17:10:55.856+0000] {processor.py:179} INFO - Processing /opt/airflow/dags/fill_nulls_with_fixed_value.py took 0.043 seconds
[2024-02-02T17:11:26.383+0000] {processor.py:157} INFO - Started process (PID=326) to work on /opt/airflow/dags/fill_nulls_with_fixed_value.py
[2024-02-02T17:11:26.384+0000] {processor.py:829} INFO - Processing file /opt/airflow/dags/fill_nulls_with_fixed_value.py for tasks to queue
[2024-02-02T17:11:26.385+0000] {logging_mixin.py:154} INFO - [2024-02-02T17:11:26.385+0000] {dagbag.py:536} INFO - Filling up the DagBag from /opt/airflow/dags/fill_nulls_with_fixed_value.py
[2024-02-02T17:11:26.393+0000] {processor.py:841} WARNING - No viable dags retrieved from /opt/airflow/dags/fill_nulls_with_fixed_value.py
[2024-02-02T17:11:26.407+0000] {processor.py:179} INFO - Processing /opt/airflow/dags/fill_nulls_with_fixed_value.py took 0.028 seconds
[2024-02-02T17:11:56.959+0000] {processor.py:157} INFO - Started process (PID=378) to work on /opt/airflow/dags/fill_nulls_with_fixed_value.py
[2024-02-02T17:11:56.960+0000] {processor.py:829} INFO - Processing file /opt/airflow/dags/fill_nulls_with_fixed_value.py for tasks to queue
[2024-02-02T17:11:56.961+0000] {logging_mixin.py:154} INFO - [2024-02-02T17:11:56.961+0000] {dagbag.py:536} INFO - Filling up the DagBag from /opt/airflow/dags/fill_nulls_with_fixed_value.py
[2024-02-02T17:11:56.971+0000] {processor.py:841} WARNING - No viable dags retrieved from /opt/airflow/dags/fill_nulls_with_fixed_value.py
[2024-02-02T17:11:56.987+0000] {processor.py:179} INFO - Processing /opt/airflow/dags/fill_nulls_with_fixed_value.py took 0.032 seconds
[2024-02-02T17:12:27.409+0000] {processor.py:157} INFO - Started process (PID=438) to work on /opt/airflow/dags/fill_nulls_with_fixed_value.py
[2024-02-02T17:12:27.409+0000] {processor.py:829} INFO - Processing file /opt/airflow/dags/fill_nulls_with_fixed_value.py for tasks to queue
[2024-02-02T17:12:27.410+0000] {logging_mixin.py:154} INFO - [2024-02-02T17:12:27.410+0000] {dagbag.py:536} INFO - Filling up the DagBag from /opt/airflow/dags/fill_nulls_with_fixed_value.py
[2024-02-02T17:12:27.415+0000] {processor.py:841} WARNING - No viable dags retrieved from /opt/airflow/dags/fill_nulls_with_fixed_value.py
[2024-02-02T17:12:27.425+0000] {processor.py:179} INFO - Processing /opt/airflow/dags/fill_nulls_with_fixed_value.py took 0.018 seconds
[2024-02-02T17:12:57.935+0000] {processor.py:157} INFO - Started process (PID=490) to work on /opt/airflow/dags/fill_nulls_with_fixed_value.py
[2024-02-02T17:12:57.936+0000] {processor.py:829} INFO - Processing file /opt/airflow/dags/fill_nulls_with_fixed_value.py for tasks to queue
[2024-02-02T17:12:57.937+0000] {logging_mixin.py:154} INFO - [2024-02-02T17:12:57.936+0000] {dagbag.py:536} INFO - Filling up the DagBag from /opt/airflow/dags/fill_nulls_with_fixed_value.py
[2024-02-02T17:12:57.945+0000] {processor.py:841} WARNING - No viable dags retrieved from /opt/airflow/dags/fill_nulls_with_fixed_value.py
[2024-02-02T17:12:57.959+0000] {processor.py:179} INFO - Processing /opt/airflow/dags/fill_nulls_with_fixed_value.py took 0.028 seconds
[2024-02-02T17:13:28.472+0000] {processor.py:157} INFO - Started process (PID=550) to work on /opt/airflow/dags/fill_nulls_with_fixed_value.py
[2024-02-02T17:13:28.473+0000] {processor.py:829} INFO - Processing file /opt/airflow/dags/fill_nulls_with_fixed_value.py for tasks to queue
[2024-02-02T17:13:28.474+0000] {logging_mixin.py:154} INFO - [2024-02-02T17:13:28.473+0000] {dagbag.py:536} INFO - Filling up the DagBag from /opt/airflow/dags/fill_nulls_with_fixed_value.py
[2024-02-02T17:13:28.482+0000] {processor.py:841} WARNING - No viable dags retrieved from /opt/airflow/dags/fill_nulls_with_fixed_value.py
[2024-02-02T17:13:28.496+0000] {processor.py:179} INFO - Processing /opt/airflow/dags/fill_nulls_with_fixed_value.py took 0.028 seconds
[2024-02-02T17:13:59.064+0000] {processor.py:157} INFO - Started process (PID=602) to work on /opt/airflow/dags/fill_nulls_with_fixed_value.py
[2024-02-02T17:13:59.065+0000] {processor.py:829} INFO - Processing file /opt/airflow/dags/fill_nulls_with_fixed_value.py for tasks to queue
[2024-02-02T17:13:59.066+0000] {logging_mixin.py:154} INFO - [2024-02-02T17:13:59.065+0000] {dagbag.py:536} INFO - Filling up the DagBag from /opt/airflow/dags/fill_nulls_with_fixed_value.py
[2024-02-02T17:13:59.074+0000] {processor.py:841} WARNING - No viable dags retrieved from /opt/airflow/dags/fill_nulls_with_fixed_value.py
[2024-02-02T17:13:59.088+0000] {processor.py:179} INFO - Processing /opt/airflow/dags/fill_nulls_with_fixed_value.py took 0.028 seconds
[2024-02-02T17:14:29.561+0000] {processor.py:157} INFO - Started process (PID=658) to work on /opt/airflow/dags/fill_nulls_with_fixed_value.py
[2024-02-02T17:14:29.562+0000] {processor.py:829} INFO - Processing file /opt/airflow/dags/fill_nulls_with_fixed_value.py for tasks to queue
[2024-02-02T17:14:29.563+0000] {logging_mixin.py:154} INFO - [2024-02-02T17:14:29.563+0000] {dagbag.py:536} INFO - Filling up the DagBag from /opt/airflow/dags/fill_nulls_with_fixed_value.py
[2024-02-02T17:14:29.573+0000] {processor.py:841} WARNING - No viable dags retrieved from /opt/airflow/dags/fill_nulls_with_fixed_value.py
[2024-02-02T17:14:29.587+0000] {processor.py:179} INFO - Processing /opt/airflow/dags/fill_nulls_with_fixed_value.py took 0.030 seconds
[2024-02-02T17:15:00.206+0000] {processor.py:157} INFO - Started process (PID=710) to work on /opt/airflow/dags/fill_nulls_with_fixed_value.py
[2024-02-02T17:15:00.207+0000] {processor.py:829} INFO - Processing file /opt/airflow/dags/fill_nulls_with_fixed_value.py for tasks to queue
[2024-02-02T17:15:00.209+0000] {logging_mixin.py:154} INFO - [2024-02-02T17:15:00.208+0000] {dagbag.py:536} INFO - Filling up the DagBag from /opt/airflow/dags/fill_nulls_with_fixed_value.py
[2024-02-02T17:15:00.218+0000] {processor.py:841} WARNING - No viable dags retrieved from /opt/airflow/dags/fill_nulls_with_fixed_value.py
[2024-02-02T17:15:00.232+0000] {processor.py:179} INFO - Processing /opt/airflow/dags/fill_nulls_with_fixed_value.py took 0.029 seconds
[2024-02-02T17:15:30.661+0000] {processor.py:157} INFO - Started process (PID=772) to work on /opt/airflow/dags/fill_nulls_with_fixed_value.py
[2024-02-02T17:15:30.662+0000] {processor.py:829} INFO - Processing file /opt/airflow/dags/fill_nulls_with_fixed_value.py for tasks to queue
[2024-02-02T17:15:30.663+0000] {logging_mixin.py:154} INFO - [2024-02-02T17:15:30.662+0000] {dagbag.py:536} INFO - Filling up the DagBag from /opt/airflow/dags/fill_nulls_with_fixed_value.py
[2024-02-02T17:15:30.670+0000] {processor.py:841} WARNING - No viable dags retrieved from /opt/airflow/dags/fill_nulls_with_fixed_value.py
[2024-02-02T17:15:30.688+0000] {processor.py:179} INFO - Processing /opt/airflow/dags/fill_nulls_with_fixed_value.py took 0.030 seconds
[2024-02-02T17:16:01.258+0000] {processor.py:157} INFO - Started process (PID=824) to work on /opt/airflow/dags/fill_nulls_with_fixed_value.py
[2024-02-02T17:16:01.259+0000] {processor.py:829} INFO - Processing file /opt/airflow/dags/fill_nulls_with_fixed_value.py for tasks to queue
[2024-02-02T17:16:01.259+0000] {logging_mixin.py:154} INFO - [2024-02-02T17:16:01.259+0000] {dagbag.py:536} INFO - Filling up the DagBag from /opt/airflow/dags/fill_nulls_with_fixed_value.py
[2024-02-02T17:16:01.265+0000] {processor.py:841} WARNING - No viable dags retrieved from /opt/airflow/dags/fill_nulls_with_fixed_value.py
[2024-02-02T17:16:01.277+0000] {processor.py:179} INFO - Processing /opt/airflow/dags/fill_nulls_with_fixed_value.py took 0.021 seconds
[2024-02-02T17:16:31.870+0000] {processor.py:157} INFO - Started process (PID=878) to work on /opt/airflow/dags/fill_nulls_with_fixed_value.py
[2024-02-02T17:16:31.871+0000] {processor.py:829} INFO - Processing file /opt/airflow/dags/fill_nulls_with_fixed_value.py for tasks to queue
[2024-02-02T17:16:31.872+0000] {logging_mixin.py:154} INFO - [2024-02-02T17:16:31.871+0000] {dagbag.py:536} INFO - Filling up the DagBag from /opt/airflow/dags/fill_nulls_with_fixed_value.py
[2024-02-02T17:16:31.880+0000] {processor.py:841} WARNING - No viable dags retrieved from /opt/airflow/dags/fill_nulls_with_fixed_value.py
[2024-02-02T17:16:31.894+0000] {processor.py:179} INFO - Processing /opt/airflow/dags/fill_nulls_with_fixed_value.py took 0.028 seconds
[2024-02-02T17:17:02.359+0000] {processor.py:157} INFO - Started process (PID=930) to work on /opt/airflow/dags/fill_nulls_with_fixed_value.py
[2024-02-02T17:17:02.359+0000] {processor.py:829} INFO - Processing file /opt/airflow/dags/fill_nulls_with_fixed_value.py for tasks to queue
[2024-02-02T17:17:02.360+0000] {logging_mixin.py:154} INFO - [2024-02-02T17:17:02.360+0000] {dagbag.py:536} INFO - Filling up the DagBag from /opt/airflow/dags/fill_nulls_with_fixed_value.py
[2024-02-02T17:17:02.367+0000] {processor.py:841} WARNING - No viable dags retrieved from /opt/airflow/dags/fill_nulls_with_fixed_value.py
[2024-02-02T17:17:02.382+0000] {processor.py:179} INFO - Processing /opt/airflow/dags/fill_nulls_with_fixed_value.py took 0.025 seconds
[2024-02-02T17:17:32.886+0000] {processor.py:157} INFO - Started process (PID=982) to work on /opt/airflow/dags/fill_nulls_with_fixed_value.py
[2024-02-02T17:17:32.887+0000] {processor.py:829} INFO - Processing file /opt/airflow/dags/fill_nulls_with_fixed_value.py for tasks to queue
[2024-02-02T17:17:32.888+0000] {logging_mixin.py:154} INFO - [2024-02-02T17:17:32.888+0000] {dagbag.py:536} INFO - Filling up the DagBag from /opt/airflow/dags/fill_nulls_with_fixed_value.py
[2024-02-02T17:17:32.898+0000] {processor.py:841} WARNING - No viable dags retrieved from /opt/airflow/dags/fill_nulls_with_fixed_value.py
[2024-02-02T17:17:32.913+0000] {processor.py:179} INFO - Processing /opt/airflow/dags/fill_nulls_with_fixed_value.py took 0.032 seconds
[2024-02-02T17:18:03.429+0000] {processor.py:157} INFO - Started process (PID=1038) to work on /opt/airflow/dags/fill_nulls_with_fixed_value.py
[2024-02-02T17:18:03.430+0000] {processor.py:829} INFO - Processing file /opt/airflow/dags/fill_nulls_with_fixed_value.py for tasks to queue
[2024-02-02T17:18:03.431+0000] {logging_mixin.py:154} INFO - [2024-02-02T17:18:03.431+0000] {dagbag.py:536} INFO - Filling up the DagBag from /opt/airflow/dags/fill_nulls_with_fixed_value.py
[2024-02-02T17:18:03.442+0000] {processor.py:841} WARNING - No viable dags retrieved from /opt/airflow/dags/fill_nulls_with_fixed_value.py
[2024-02-02T17:18:03.458+0000] {processor.py:179} INFO - Processing /opt/airflow/dags/fill_nulls_with_fixed_value.py took 0.033 seconds
[2024-02-02T17:18:34.001+0000] {processor.py:157} INFO - Started process (PID=1090) to work on /opt/airflow/dags/fill_nulls_with_fixed_value.py
[2024-02-02T17:18:34.002+0000] {processor.py:829} INFO - Processing file /opt/airflow/dags/fill_nulls_with_fixed_value.py for tasks to queue
[2024-02-02T17:18:34.003+0000] {logging_mixin.py:154} INFO - [2024-02-02T17:18:34.003+0000] {dagbag.py:536} INFO - Filling up the DagBag from /opt/airflow/dags/fill_nulls_with_fixed_value.py
[2024-02-02T17:18:34.011+0000] {processor.py:841} WARNING - No viable dags retrieved from /opt/airflow/dags/fill_nulls_with_fixed_value.py
[2024-02-02T17:18:34.025+0000] {processor.py:179} INFO - Processing /opt/airflow/dags/fill_nulls_with_fixed_value.py took 0.028 seconds
[2024-02-02T17:19:04.556+0000] {processor.py:157} INFO - Started process (PID=1142) to work on /opt/airflow/dags/fill_nulls_with_fixed_value.py
[2024-02-02T17:19:04.556+0000] {processor.py:829} INFO - Processing file /opt/airflow/dags/fill_nulls_with_fixed_value.py for tasks to queue
[2024-02-02T17:19:04.557+0000] {logging_mixin.py:154} INFO - [2024-02-02T17:19:04.557+0000] {dagbag.py:536} INFO - Filling up the DagBag from /opt/airflow/dags/fill_nulls_with_fixed_value.py
[2024-02-02T17:19:04.563+0000] {processor.py:841} WARNING - No viable dags retrieved from /opt/airflow/dags/fill_nulls_with_fixed_value.py
[2024-02-02T17:19:04.575+0000] {processor.py:179} INFO - Processing /opt/airflow/dags/fill_nulls_with_fixed_value.py took 0.022 seconds
[2024-02-02T17:19:35.049+0000] {processor.py:157} INFO - Started process (PID=1194) to work on /opt/airflow/dags/fill_nulls_with_fixed_value.py
[2024-02-02T17:19:35.051+0000] {processor.py:829} INFO - Processing file /opt/airflow/dags/fill_nulls_with_fixed_value.py for tasks to queue
[2024-02-02T17:19:35.052+0000] {logging_mixin.py:154} INFO - [2024-02-02T17:19:35.051+0000] {dagbag.py:536} INFO - Filling up the DagBag from /opt/airflow/dags/fill_nulls_with_fixed_value.py
[2024-02-02T17:19:35.062+0000] {processor.py:841} WARNING - No viable dags retrieved from /opt/airflow/dags/fill_nulls_with_fixed_value.py
[2024-02-02T17:19:35.077+0000] {processor.py:179} INFO - Processing /opt/airflow/dags/fill_nulls_with_fixed_value.py took 0.032 seconds
[2024-02-02T17:20:05.656+0000] {processor.py:157} INFO - Started process (PID=1248) to work on /opt/airflow/dags/fill_nulls_with_fixed_value.py
[2024-02-02T17:20:05.657+0000] {processor.py:829} INFO - Processing file /opt/airflow/dags/fill_nulls_with_fixed_value.py for tasks to queue
[2024-02-02T17:20:05.658+0000] {logging_mixin.py:154} INFO - [2024-02-02T17:20:05.658+0000] {dagbag.py:536} INFO - Filling up the DagBag from /opt/airflow/dags/fill_nulls_with_fixed_value.py
[2024-02-02T17:20:05.667+0000] {processor.py:841} WARNING - No viable dags retrieved from /opt/airflow/dags/fill_nulls_with_fixed_value.py
[2024-02-02T17:20:05.681+0000] {processor.py:179} INFO - Processing /opt/airflow/dags/fill_nulls_with_fixed_value.py took 0.028 seconds
[2024-02-02T17:20:36.166+0000] {processor.py:157} INFO - Started process (PID=1300) to work on /opt/airflow/dags/fill_nulls_with_fixed_value.py
[2024-02-02T17:20:36.167+0000] {processor.py:829} INFO - Processing file /opt/airflow/dags/fill_nulls_with_fixed_value.py for tasks to queue
[2024-02-02T17:20:36.167+0000] {logging_mixin.py:154} INFO - [2024-02-02T17:20:36.167+0000] {dagbag.py:536} INFO - Filling up the DagBag from /opt/airflow/dags/fill_nulls_with_fixed_value.py
[2024-02-02T17:20:36.172+0000] {processor.py:841} WARNING - No viable dags retrieved from /opt/airflow/dags/fill_nulls_with_fixed_value.py
[2024-02-02T17:20:36.182+0000] {processor.py:179} INFO - Processing /opt/airflow/dags/fill_nulls_with_fixed_value.py took 0.019 seconds
[2024-02-02T17:21:06.667+0000] {processor.py:157} INFO - Started process (PID=1352) to work on /opt/airflow/dags/fill_nulls_with_fixed_value.py
[2024-02-02T17:21:06.668+0000] {processor.py:829} INFO - Processing file /opt/airflow/dags/fill_nulls_with_fixed_value.py for tasks to queue
[2024-02-02T17:21:06.669+0000] {logging_mixin.py:154} INFO - [2024-02-02T17:21:06.668+0000] {dagbag.py:536} INFO - Filling up the DagBag from /opt/airflow/dags/fill_nulls_with_fixed_value.py
[2024-02-02T17:21:06.676+0000] {processor.py:841} WARNING - No viable dags retrieved from /opt/airflow/dags/fill_nulls_with_fixed_value.py
[2024-02-02T17:21:06.688+0000] {processor.py:179} INFO - Processing /opt/airflow/dags/fill_nulls_with_fixed_value.py took 0.024 seconds
[2024-02-02T17:21:37.242+0000] {processor.py:157} INFO - Started process (PID=1404) to work on /opt/airflow/dags/fill_nulls_with_fixed_value.py
[2024-02-02T17:21:37.243+0000] {processor.py:829} INFO - Processing file /opt/airflow/dags/fill_nulls_with_fixed_value.py for tasks to queue
[2024-02-02T17:21:37.244+0000] {logging_mixin.py:154} INFO - [2024-02-02T17:21:37.244+0000] {dagbag.py:536} INFO - Filling up the DagBag from /opt/airflow/dags/fill_nulls_with_fixed_value.py
[2024-02-02T17:21:37.253+0000] {processor.py:841} WARNING - No viable dags retrieved from /opt/airflow/dags/fill_nulls_with_fixed_value.py
[2024-02-02T17:21:37.267+0000] {processor.py:179} INFO - Processing /opt/airflow/dags/fill_nulls_with_fixed_value.py took 0.028 seconds
[2024-02-02T17:22:07.821+0000] {processor.py:157} INFO - Started process (PID=1456) to work on /opt/airflow/dags/fill_nulls_with_fixed_value.py
[2024-02-02T17:22:07.822+0000] {processor.py:829} INFO - Processing file /opt/airflow/dags/fill_nulls_with_fixed_value.py for tasks to queue
[2024-02-02T17:22:07.823+0000] {logging_mixin.py:154} INFO - [2024-02-02T17:22:07.823+0000] {dagbag.py:536} INFO - Filling up the DagBag from /opt/airflow/dags/fill_nulls_with_fixed_value.py
[2024-02-02T17:22:07.832+0000] {processor.py:841} WARNING - No viable dags retrieved from /opt/airflow/dags/fill_nulls_with_fixed_value.py
[2024-02-02T17:22:07.846+0000] {processor.py:179} INFO - Processing /opt/airflow/dags/fill_nulls_with_fixed_value.py took 0.028 seconds
[2024-02-02T17:22:38.393+0000] {processor.py:157} INFO - Started process (PID=1508) to work on /opt/airflow/dags/fill_nulls_with_fixed_value.py
[2024-02-02T17:22:38.394+0000] {processor.py:829} INFO - Processing file /opt/airflow/dags/fill_nulls_with_fixed_value.py for tasks to queue
[2024-02-02T17:22:38.394+0000] {logging_mixin.py:154} INFO - [2024-02-02T17:22:38.394+0000] {dagbag.py:536} INFO - Filling up the DagBag from /opt/airflow/dags/fill_nulls_with_fixed_value.py
[2024-02-02T17:22:38.401+0000] {processor.py:841} WARNING - No viable dags retrieved from /opt/airflow/dags/fill_nulls_with_fixed_value.py
[2024-02-02T17:22:38.413+0000] {processor.py:179} INFO - Processing /opt/airflow/dags/fill_nulls_with_fixed_value.py took 0.023 seconds
[2024-02-02T17:23:08.945+0000] {processor.py:157} INFO - Started process (PID=1560) to work on /opt/airflow/dags/fill_nulls_with_fixed_value.py
[2024-02-02T17:23:08.945+0000] {processor.py:829} INFO - Processing file /opt/airflow/dags/fill_nulls_with_fixed_value.py for tasks to queue
[2024-02-02T17:23:08.946+0000] {logging_mixin.py:154} INFO - [2024-02-02T17:23:08.946+0000] {dagbag.py:536} INFO - Filling up the DagBag from /opt/airflow/dags/fill_nulls_with_fixed_value.py
[2024-02-02T17:23:08.951+0000] {processor.py:841} WARNING - No viable dags retrieved from /opt/airflow/dags/fill_nulls_with_fixed_value.py
[2024-02-02T17:23:08.961+0000] {processor.py:179} INFO - Processing /opt/airflow/dags/fill_nulls_with_fixed_value.py took 0.018 seconds
[2024-02-02T17:23:39.479+0000] {processor.py:157} INFO - Started process (PID=1612) to work on /opt/airflow/dags/fill_nulls_with_fixed_value.py
[2024-02-02T17:23:39.480+0000] {processor.py:829} INFO - Processing file /opt/airflow/dags/fill_nulls_with_fixed_value.py for tasks to queue
[2024-02-02T17:23:39.481+0000] {logging_mixin.py:154} INFO - [2024-02-02T17:23:39.481+0000] {dagbag.py:536} INFO - Filling up the DagBag from /opt/airflow/dags/fill_nulls_with_fixed_value.py
[2024-02-02T17:23:39.490+0000] {processor.py:841} WARNING - No viable dags retrieved from /opt/airflow/dags/fill_nulls_with_fixed_value.py
[2024-02-02T17:23:39.504+0000] {processor.py:179} INFO - Processing /opt/airflow/dags/fill_nulls_with_fixed_value.py took 0.029 seconds
[2024-02-02T17:24:10.079+0000] {processor.py:157} INFO - Started process (PID=1664) to work on /opt/airflow/dags/fill_nulls_with_fixed_value.py
[2024-02-02T17:24:10.080+0000] {processor.py:829} INFO - Processing file /opt/airflow/dags/fill_nulls_with_fixed_value.py for tasks to queue
[2024-02-02T17:24:10.081+0000] {logging_mixin.py:154} INFO - [2024-02-02T17:24:10.081+0000] {dagbag.py:536} INFO - Filling up the DagBag from /opt/airflow/dags/fill_nulls_with_fixed_value.py
[2024-02-02T17:24:10.090+0000] {processor.py:841} WARNING - No viable dags retrieved from /opt/airflow/dags/fill_nulls_with_fixed_value.py
[2024-02-02T17:24:10.104+0000] {processor.py:179} INFO - Processing /opt/airflow/dags/fill_nulls_with_fixed_value.py took 0.029 seconds
[2024-02-02T17:24:40.615+0000] {processor.py:157} INFO - Started process (PID=1716) to work on /opt/airflow/dags/fill_nulls_with_fixed_value.py
[2024-02-02T17:24:40.615+0000] {processor.py:829} INFO - Processing file /opt/airflow/dags/fill_nulls_with_fixed_value.py for tasks to queue
[2024-02-02T17:24:40.616+0000] {logging_mixin.py:154} INFO - [2024-02-02T17:24:40.616+0000] {dagbag.py:536} INFO - Filling up the DagBag from /opt/airflow/dags/fill_nulls_with_fixed_value.py
[2024-02-02T17:24:40.620+0000] {processor.py:841} WARNING - No viable dags retrieved from /opt/airflow/dags/fill_nulls_with_fixed_value.py
[2024-02-02T17:24:40.630+0000] {processor.py:179} INFO - Processing /opt/airflow/dags/fill_nulls_with_fixed_value.py took 0.018 seconds
[2024-02-02T17:25:11.210+0000] {processor.py:157} INFO - Started process (PID=1768) to work on /opt/airflow/dags/fill_nulls_with_fixed_value.py
[2024-02-02T17:25:11.211+0000] {processor.py:829} INFO - Processing file /opt/airflow/dags/fill_nulls_with_fixed_value.py for tasks to queue
[2024-02-02T17:25:11.212+0000] {logging_mixin.py:154} INFO - [2024-02-02T17:25:11.211+0000] {dagbag.py:536} INFO - Filling up the DagBag from /opt/airflow/dags/fill_nulls_with_fixed_value.py
[2024-02-02T17:25:11.220+0000] {processor.py:841} WARNING - No viable dags retrieved from /opt/airflow/dags/fill_nulls_with_fixed_value.py
[2024-02-02T17:25:11.234+0000] {processor.py:179} INFO - Processing /opt/airflow/dags/fill_nulls_with_fixed_value.py took 0.028 seconds
[2024-02-02T17:25:41.720+0000] {processor.py:157} INFO - Started process (PID=1820) to work on /opt/airflow/dags/fill_nulls_with_fixed_value.py
[2024-02-02T17:25:41.721+0000] {processor.py:829} INFO - Processing file /opt/airflow/dags/fill_nulls_with_fixed_value.py for tasks to queue
[2024-02-02T17:25:41.721+0000] {logging_mixin.py:154} INFO - [2024-02-02T17:25:41.721+0000] {dagbag.py:536} INFO - Filling up the DagBag from /opt/airflow/dags/fill_nulls_with_fixed_value.py
[2024-02-02T17:25:41.729+0000] {processor.py:841} WARNING - No viable dags retrieved from /opt/airflow/dags/fill_nulls_with_fixed_value.py
[2024-02-02T17:25:41.742+0000] {processor.py:179} INFO - Processing /opt/airflow/dags/fill_nulls_with_fixed_value.py took 0.025 seconds
[2024-02-02T17:26:12.323+0000] {processor.py:157} INFO - Started process (PID=1872) to work on /opt/airflow/dags/fill_nulls_with_fixed_value.py
[2024-02-02T17:26:12.324+0000] {processor.py:829} INFO - Processing file /opt/airflow/dags/fill_nulls_with_fixed_value.py for tasks to queue
[2024-02-02T17:26:12.325+0000] {logging_mixin.py:154} INFO - [2024-02-02T17:26:12.325+0000] {dagbag.py:536} INFO - Filling up the DagBag from /opt/airflow/dags/fill_nulls_with_fixed_value.py
[2024-02-02T17:26:12.334+0000] {processor.py:841} WARNING - No viable dags retrieved from /opt/airflow/dags/fill_nulls_with_fixed_value.py
[2024-02-02T17:26:12.348+0000] {processor.py:179} INFO - Processing /opt/airflow/dags/fill_nulls_with_fixed_value.py took 0.028 seconds
[2024-02-02T17:26:42.859+0000] {processor.py:157} INFO - Started process (PID=1924) to work on /opt/airflow/dags/fill_nulls_with_fixed_value.py
[2024-02-02T17:26:42.860+0000] {processor.py:829} INFO - Processing file /opt/airflow/dags/fill_nulls_with_fixed_value.py for tasks to queue
[2024-02-02T17:26:42.861+0000] {logging_mixin.py:154} INFO - [2024-02-02T17:26:42.860+0000] {dagbag.py:536} INFO - Filling up the DagBag from /opt/airflow/dags/fill_nulls_with_fixed_value.py
[2024-02-02T17:26:42.869+0000] {processor.py:841} WARNING - No viable dags retrieved from /opt/airflow/dags/fill_nulls_with_fixed_value.py
[2024-02-02T17:26:42.883+0000] {processor.py:179} INFO - Processing /opt/airflow/dags/fill_nulls_with_fixed_value.py took 0.028 seconds
[2024-02-02T17:27:13.439+0000] {processor.py:157} INFO - Started process (PID=1976) to work on /opt/airflow/dags/fill_nulls_with_fixed_value.py
[2024-02-02T17:27:13.440+0000] {processor.py:829} INFO - Processing file /opt/airflow/dags/fill_nulls_with_fixed_value.py for tasks to queue
[2024-02-02T17:27:13.441+0000] {logging_mixin.py:154} INFO - [2024-02-02T17:27:13.441+0000] {dagbag.py:536} INFO - Filling up the DagBag from /opt/airflow/dags/fill_nulls_with_fixed_value.py
[2024-02-02T17:27:13.447+0000] {processor.py:841} WARNING - No viable dags retrieved from /opt/airflow/dags/fill_nulls_with_fixed_value.py
[2024-02-02T17:27:13.457+0000] {processor.py:179} INFO - Processing /opt/airflow/dags/fill_nulls_with_fixed_value.py took 0.020 seconds
[2024-02-02T17:27:44.008+0000] {processor.py:157} INFO - Started process (PID=2028) to work on /opt/airflow/dags/fill_nulls_with_fixed_value.py
[2024-02-02T17:27:44.009+0000] {processor.py:829} INFO - Processing file /opt/airflow/dags/fill_nulls_with_fixed_value.py for tasks to queue
[2024-02-02T17:27:44.010+0000] {logging_mixin.py:154} INFO - [2024-02-02T17:27:44.010+0000] {dagbag.py:536} INFO - Filling up the DagBag from /opt/airflow/dags/fill_nulls_with_fixed_value.py
[2024-02-02T17:27:44.018+0000] {processor.py:841} WARNING - No viable dags retrieved from /opt/airflow/dags/fill_nulls_with_fixed_value.py
[2024-02-02T17:27:44.032+0000] {processor.py:179} INFO - Processing /opt/airflow/dags/fill_nulls_with_fixed_value.py took 0.029 seconds
[2024-02-02T17:28:14.590+0000] {processor.py:157} INFO - Started process (PID=2080) to work on /opt/airflow/dags/fill_nulls_with_fixed_value.py
[2024-02-02T17:28:14.591+0000] {processor.py:829} INFO - Processing file /opt/airflow/dags/fill_nulls_with_fixed_value.py for tasks to queue
[2024-02-02T17:28:14.592+0000] {logging_mixin.py:154} INFO - [2024-02-02T17:28:14.592+0000] {dagbag.py:536} INFO - Filling up the DagBag from /opt/airflow/dags/fill_nulls_with_fixed_value.py
[2024-02-02T17:28:14.601+0000] {processor.py:841} WARNING - No viable dags retrieved from /opt/airflow/dags/fill_nulls_with_fixed_value.py
[2024-02-02T17:28:14.614+0000] {processor.py:179} INFO - Processing /opt/airflow/dags/fill_nulls_with_fixed_value.py took 0.028 seconds
[2024-02-02T17:28:45.087+0000] {processor.py:157} INFO - Started process (PID=2132) to work on /opt/airflow/dags/fill_nulls_with_fixed_value.py
[2024-02-02T17:28:45.088+0000] {processor.py:829} INFO - Processing file /opt/airflow/dags/fill_nulls_with_fixed_value.py for tasks to queue
[2024-02-02T17:28:45.089+0000] {logging_mixin.py:154} INFO - [2024-02-02T17:28:45.089+0000] {dagbag.py:536} INFO - Filling up the DagBag from /opt/airflow/dags/fill_nulls_with_fixed_value.py
[2024-02-02T17:28:45.098+0000] {processor.py:841} WARNING - No viable dags retrieved from /opt/airflow/dags/fill_nulls_with_fixed_value.py
[2024-02-02T17:28:45.112+0000] {processor.py:179} INFO - Processing /opt/airflow/dags/fill_nulls_with_fixed_value.py took 0.028 seconds
[2024-02-02T17:29:15.666+0000] {processor.py:157} INFO - Started process (PID=2184) to work on /opt/airflow/dags/fill_nulls_with_fixed_value.py
[2024-02-02T17:29:15.667+0000] {processor.py:829} INFO - Processing file /opt/airflow/dags/fill_nulls_with_fixed_value.py for tasks to queue
[2024-02-02T17:29:15.668+0000] {logging_mixin.py:154} INFO - [2024-02-02T17:29:15.668+0000] {dagbag.py:536} INFO - Filling up the DagBag from /opt/airflow/dags/fill_nulls_with_fixed_value.py
[2024-02-02T17:29:15.677+0000] {processor.py:841} WARNING - No viable dags retrieved from /opt/airflow/dags/fill_nulls_with_fixed_value.py
[2024-02-02T17:29:15.691+0000] {processor.py:179} INFO - Processing /opt/airflow/dags/fill_nulls_with_fixed_value.py took 0.029 seconds
[2024-02-02T17:29:46.206+0000] {processor.py:157} INFO - Started process (PID=2236) to work on /opt/airflow/dags/fill_nulls_with_fixed_value.py
[2024-02-02T17:29:46.207+0000] {processor.py:829} INFO - Processing file /opt/airflow/dags/fill_nulls_with_fixed_value.py for tasks to queue
[2024-02-02T17:29:46.207+0000] {logging_mixin.py:154} INFO - [2024-02-02T17:29:46.207+0000] {dagbag.py:536} INFO - Filling up the DagBag from /opt/airflow/dags/fill_nulls_with_fixed_value.py
[2024-02-02T17:29:46.216+0000] {processor.py:841} WARNING - No viable dags retrieved from /opt/airflow/dags/fill_nulls_with_fixed_value.py
[2024-02-02T17:29:46.231+0000] {processor.py:179} INFO - Processing /opt/airflow/dags/fill_nulls_with_fixed_value.py took 0.028 seconds
[2024-02-02T17:30:16.711+0000] {processor.py:157} INFO - Started process (PID=2290) to work on /opt/airflow/dags/fill_nulls_with_fixed_value.py
[2024-02-02T17:30:16.711+0000] {processor.py:829} INFO - Processing file /opt/airflow/dags/fill_nulls_with_fixed_value.py for tasks to queue
[2024-02-02T17:30:16.712+0000] {logging_mixin.py:154} INFO - [2024-02-02T17:30:16.712+0000] {dagbag.py:536} INFO - Filling up the DagBag from /opt/airflow/dags/fill_nulls_with_fixed_value.py
[2024-02-02T17:30:16.717+0000] {processor.py:841} WARNING - No viable dags retrieved from /opt/airflow/dags/fill_nulls_with_fixed_value.py
[2024-02-02T17:30:16.728+0000] {processor.py:179} INFO - Processing /opt/airflow/dags/fill_nulls_with_fixed_value.py took 0.020 seconds
[2024-02-02T17:30:47.141+0000] {processor.py:157} INFO - Started process (PID=2346) to work on /opt/airflow/dags/fill_nulls_with_fixed_value.py
[2024-02-02T17:30:47.142+0000] {processor.py:829} INFO - Processing file /opt/airflow/dags/fill_nulls_with_fixed_value.py for tasks to queue
[2024-02-02T17:30:47.142+0000] {logging_mixin.py:154} INFO - [2024-02-02T17:30:47.142+0000] {dagbag.py:536} INFO - Filling up the DagBag from /opt/airflow/dags/fill_nulls_with_fixed_value.py
[2024-02-02T17:30:47.149+0000] {processor.py:841} WARNING - No viable dags retrieved from /opt/airflow/dags/fill_nulls_with_fixed_value.py
[2024-02-02T17:30:47.159+0000] {processor.py:179} INFO - Processing /opt/airflow/dags/fill_nulls_with_fixed_value.py took 0.020 seconds
[2024-02-02T17:31:17.601+0000] {processor.py:157} INFO - Started process (PID=2398) to work on /opt/airflow/dags/fill_nulls_with_fixed_value.py
[2024-02-02T17:31:17.601+0000] {processor.py:829} INFO - Processing file /opt/airflow/dags/fill_nulls_with_fixed_value.py for tasks to queue
[2024-02-02T17:31:17.602+0000] {logging_mixin.py:154} INFO - [2024-02-02T17:31:17.602+0000] {dagbag.py:536} INFO - Filling up the DagBag from /opt/airflow/dags/fill_nulls_with_fixed_value.py
[2024-02-02T17:31:17.607+0000] {processor.py:841} WARNING - No viable dags retrieved from /opt/airflow/dags/fill_nulls_with_fixed_value.py
[2024-02-02T17:31:17.617+0000] {processor.py:179} INFO - Processing /opt/airflow/dags/fill_nulls_with_fixed_value.py took 0.018 seconds
[2024-02-02T17:31:48.079+0000] {processor.py:157} INFO - Started process (PID=2450) to work on /opt/airflow/dags/fill_nulls_with_fixed_value.py
[2024-02-02T17:31:48.080+0000] {processor.py:829} INFO - Processing file /opt/airflow/dags/fill_nulls_with_fixed_value.py for tasks to queue
[2024-02-02T17:31:48.081+0000] {logging_mixin.py:154} INFO - [2024-02-02T17:31:48.080+0000] {dagbag.py:536} INFO - Filling up the DagBag from /opt/airflow/dags/fill_nulls_with_fixed_value.py
[2024-02-02T17:31:48.086+0000] {processor.py:841} WARNING - No viable dags retrieved from /opt/airflow/dags/fill_nulls_with_fixed_value.py
[2024-02-02T17:31:48.096+0000] {processor.py:179} INFO - Processing /opt/airflow/dags/fill_nulls_with_fixed_value.py took 0.019 seconds
[2024-02-02T17:32:18.587+0000] {processor.py:157} INFO - Started process (PID=2502) to work on /opt/airflow/dags/fill_nulls_with_fixed_value.py
[2024-02-02T17:32:18.588+0000] {processor.py:829} INFO - Processing file /opt/airflow/dags/fill_nulls_with_fixed_value.py for tasks to queue
[2024-02-02T17:32:18.589+0000] {logging_mixin.py:154} INFO - [2024-02-02T17:32:18.588+0000] {dagbag.py:536} INFO - Filling up the DagBag from /opt/airflow/dags/fill_nulls_with_fixed_value.py
[2024-02-02T17:32:18.597+0000] {processor.py:841} WARNING - No viable dags retrieved from /opt/airflow/dags/fill_nulls_with_fixed_value.py
[2024-02-02T17:32:18.611+0000] {processor.py:179} INFO - Processing /opt/airflow/dags/fill_nulls_with_fixed_value.py took 0.028 seconds
[2024-02-02T17:32:49.113+0000] {processor.py:157} INFO - Started process (PID=2558) to work on /opt/airflow/dags/fill_nulls_with_fixed_value.py
[2024-02-02T17:32:49.114+0000] {processor.py:829} INFO - Processing file /opt/airflow/dags/fill_nulls_with_fixed_value.py for tasks to queue
[2024-02-02T17:32:49.114+0000] {logging_mixin.py:154} INFO - [2024-02-02T17:32:49.114+0000] {dagbag.py:536} INFO - Filling up the DagBag from /opt/airflow/dags/fill_nulls_with_fixed_value.py
[2024-02-02T17:32:49.120+0000] {processor.py:841} WARNING - No viable dags retrieved from /opt/airflow/dags/fill_nulls_with_fixed_value.py
[2024-02-02T17:32:49.130+0000] {processor.py:179} INFO - Processing /opt/airflow/dags/fill_nulls_with_fixed_value.py took 0.018 seconds
[2024-02-02T17:33:19.620+0000] {processor.py:157} INFO - Started process (PID=2610) to work on /opt/airflow/dags/fill_nulls_with_fixed_value.py
[2024-02-02T17:33:19.621+0000] {processor.py:829} INFO - Processing file /opt/airflow/dags/fill_nulls_with_fixed_value.py for tasks to queue
[2024-02-02T17:33:19.621+0000] {logging_mixin.py:154} INFO - [2024-02-02T17:33:19.621+0000] {dagbag.py:536} INFO - Filling up the DagBag from /opt/airflow/dags/fill_nulls_with_fixed_value.py
[2024-02-02T17:33:19.626+0000] {processor.py:841} WARNING - No viable dags retrieved from /opt/airflow/dags/fill_nulls_with_fixed_value.py
[2024-02-02T17:33:19.637+0000] {processor.py:179} INFO - Processing /opt/airflow/dags/fill_nulls_with_fixed_value.py took 0.018 seconds
[2024-02-02T17:33:50.093+0000] {processor.py:157} INFO - Started process (PID=2662) to work on /opt/airflow/dags/fill_nulls_with_fixed_value.py
[2024-02-02T17:33:50.094+0000] {processor.py:829} INFO - Processing file /opt/airflow/dags/fill_nulls_with_fixed_value.py for tasks to queue
[2024-02-02T17:33:50.094+0000] {logging_mixin.py:154} INFO - [2024-02-02T17:33:50.094+0000] {dagbag.py:536} INFO - Filling up the DagBag from /opt/airflow/dags/fill_nulls_with_fixed_value.py
[2024-02-02T17:33:50.102+0000] {processor.py:841} WARNING - No viable dags retrieved from /opt/airflow/dags/fill_nulls_with_fixed_value.py
[2024-02-02T17:33:50.114+0000] {processor.py:179} INFO - Processing /opt/airflow/dags/fill_nulls_with_fixed_value.py took 0.024 seconds
[2024-02-02T17:34:20.621+0000] {processor.py:157} INFO - Started process (PID=2714) to work on /opt/airflow/dags/fill_nulls_with_fixed_value.py
[2024-02-02T17:34:20.622+0000] {processor.py:829} INFO - Processing file /opt/airflow/dags/fill_nulls_with_fixed_value.py for tasks to queue
[2024-02-02T17:34:20.623+0000] {logging_mixin.py:154} INFO - [2024-02-02T17:34:20.623+0000] {dagbag.py:536} INFO - Filling up the DagBag from /opt/airflow/dags/fill_nulls_with_fixed_value.py
[2024-02-02T17:34:20.632+0000] {processor.py:841} WARNING - No viable dags retrieved from /opt/airflow/dags/fill_nulls_with_fixed_value.py
[2024-02-02T17:34:20.646+0000] {processor.py:179} INFO - Processing /opt/airflow/dags/fill_nulls_with_fixed_value.py took 0.028 seconds
[2024-02-02T17:34:51.199+0000] {processor.py:157} INFO - Started process (PID=2773) to work on /opt/airflow/dags/fill_nulls_with_fixed_value.py
[2024-02-02T17:34:51.200+0000] {processor.py:829} INFO - Processing file /opt/airflow/dags/fill_nulls_with_fixed_value.py for tasks to queue
[2024-02-02T17:34:51.201+0000] {logging_mixin.py:154} INFO - [2024-02-02T17:34:51.201+0000] {dagbag.py:536} INFO - Filling up the DagBag from /opt/airflow/dags/fill_nulls_with_fixed_value.py
[2024-02-02T17:34:51.207+0000] {processor.py:841} WARNING - No viable dags retrieved from /opt/airflow/dags/fill_nulls_with_fixed_value.py
[2024-02-02T17:34:51.220+0000] {processor.py:179} INFO - Processing /opt/airflow/dags/fill_nulls_with_fixed_value.py took 0.023 seconds
[2024-02-02T17:35:21.846+0000] {processor.py:157} INFO - Started process (PID=2825) to work on /opt/airflow/dags/fill_nulls_with_fixed_value.py
[2024-02-02T17:35:21.847+0000] {processor.py:829} INFO - Processing file /opt/airflow/dags/fill_nulls_with_fixed_value.py for tasks to queue
[2024-02-02T17:35:21.848+0000] {logging_mixin.py:154} INFO - [2024-02-02T17:35:21.847+0000] {dagbag.py:536} INFO - Filling up the DagBag from /opt/airflow/dags/fill_nulls_with_fixed_value.py
[2024-02-02T17:35:21.856+0000] {processor.py:841} WARNING - No viable dags retrieved from /opt/airflow/dags/fill_nulls_with_fixed_value.py
[2024-02-02T17:35:21.871+0000] {processor.py:179} INFO - Processing /opt/airflow/dags/fill_nulls_with_fixed_value.py took 0.029 seconds
[2024-02-02T17:35:52.438+0000] {processor.py:157} INFO - Started process (PID=2877) to work on /opt/airflow/dags/fill_nulls_with_fixed_value.py
[2024-02-02T17:35:52.439+0000] {processor.py:829} INFO - Processing file /opt/airflow/dags/fill_nulls_with_fixed_value.py for tasks to queue
[2024-02-02T17:35:52.440+0000] {logging_mixin.py:154} INFO - [2024-02-02T17:35:52.440+0000] {dagbag.py:536} INFO - Filling up the DagBag from /opt/airflow/dags/fill_nulls_with_fixed_value.py
[2024-02-02T17:35:52.449+0000] {processor.py:841} WARNING - No viable dags retrieved from /opt/airflow/dags/fill_nulls_with_fixed_value.py
[2024-02-02T17:35:52.464+0000] {processor.py:179} INFO - Processing /opt/airflow/dags/fill_nulls_with_fixed_value.py took 0.029 seconds
[2024-02-02T17:36:23.039+0000] {processor.py:157} INFO - Started process (PID=2929) to work on /opt/airflow/dags/fill_nulls_with_fixed_value.py
[2024-02-02T17:36:23.040+0000] {processor.py:829} INFO - Processing file /opt/airflow/dags/fill_nulls_with_fixed_value.py for tasks to queue
[2024-02-02T17:36:23.041+0000] {logging_mixin.py:154} INFO - [2024-02-02T17:36:23.040+0000] {dagbag.py:536} INFO - Filling up the DagBag from /opt/airflow/dags/fill_nulls_with_fixed_value.py
[2024-02-02T17:36:23.049+0000] {processor.py:841} WARNING - No viable dags retrieved from /opt/airflow/dags/fill_nulls_with_fixed_value.py
[2024-02-02T17:36:23.064+0000] {processor.py:179} INFO - Processing /opt/airflow/dags/fill_nulls_with_fixed_value.py took 0.029 seconds
[2024-02-02T17:36:53.678+0000] {processor.py:157} INFO - Started process (PID=2981) to work on /opt/airflow/dags/fill_nulls_with_fixed_value.py
[2024-02-02T17:36:53.679+0000] {processor.py:829} INFO - Processing file /opt/airflow/dags/fill_nulls_with_fixed_value.py for tasks to queue
[2024-02-02T17:36:53.679+0000] {logging_mixin.py:154} INFO - [2024-02-02T17:36:53.679+0000] {dagbag.py:536} INFO - Filling up the DagBag from /opt/airflow/dags/fill_nulls_with_fixed_value.py
[2024-02-02T17:36:53.685+0000] {processor.py:841} WARNING - No viable dags retrieved from /opt/airflow/dags/fill_nulls_with_fixed_value.py
[2024-02-02T17:36:53.695+0000] {processor.py:179} INFO - Processing /opt/airflow/dags/fill_nulls_with_fixed_value.py took 0.020 seconds
[2024-02-02T17:37:24.327+0000] {processor.py:157} INFO - Started process (PID=3033) to work on /opt/airflow/dags/fill_nulls_with_fixed_value.py
[2024-02-02T17:37:24.328+0000] {processor.py:829} INFO - Processing file /opt/airflow/dags/fill_nulls_with_fixed_value.py for tasks to queue
[2024-02-02T17:37:24.329+0000] {logging_mixin.py:154} INFO - [2024-02-02T17:37:24.329+0000] {dagbag.py:536} INFO - Filling up the DagBag from /opt/airflow/dags/fill_nulls_with_fixed_value.py
[2024-02-02T17:37:24.339+0000] {processor.py:841} WARNING - No viable dags retrieved from /opt/airflow/dags/fill_nulls_with_fixed_value.py
[2024-02-02T17:37:24.353+0000] {processor.py:179} INFO - Processing /opt/airflow/dags/fill_nulls_with_fixed_value.py took 0.030 seconds
[2024-02-02T17:37:54.930+0000] {processor.py:157} INFO - Started process (PID=3085) to work on /opt/airflow/dags/fill_nulls_with_fixed_value.py
[2024-02-02T17:37:54.931+0000] {processor.py:829} INFO - Processing file /opt/airflow/dags/fill_nulls_with_fixed_value.py for tasks to queue
[2024-02-02T17:37:54.932+0000] {logging_mixin.py:154} INFO - [2024-02-02T17:37:54.932+0000] {dagbag.py:536} INFO - Filling up the DagBag from /opt/airflow/dags/fill_nulls_with_fixed_value.py
[2024-02-02T17:37:54.940+0000] {processor.py:841} WARNING - No viable dags retrieved from /opt/airflow/dags/fill_nulls_with_fixed_value.py
[2024-02-02T17:37:54.955+0000] {processor.py:179} INFO - Processing /opt/airflow/dags/fill_nulls_with_fixed_value.py took 0.029 seconds
[2024-02-02T17:38:25.598+0000] {processor.py:157} INFO - Started process (PID=3137) to work on /opt/airflow/dags/fill_nulls_with_fixed_value.py
[2024-02-02T17:38:25.599+0000] {processor.py:829} INFO - Processing file /opt/airflow/dags/fill_nulls_with_fixed_value.py for tasks to queue
[2024-02-02T17:38:25.600+0000] {logging_mixin.py:154} INFO - [2024-02-02T17:38:25.600+0000] {dagbag.py:536} INFO - Filling up the DagBag from /opt/airflow/dags/fill_nulls_with_fixed_value.py
[2024-02-02T17:38:25.609+0000] {processor.py:841} WARNING - No viable dags retrieved from /opt/airflow/dags/fill_nulls_with_fixed_value.py
[2024-02-02T17:38:25.623+0000] {processor.py:179} INFO - Processing /opt/airflow/dags/fill_nulls_with_fixed_value.py took 0.029 seconds
[2024-02-02T17:38:56.237+0000] {processor.py:157} INFO - Started process (PID=3189) to work on /opt/airflow/dags/fill_nulls_with_fixed_value.py
[2024-02-02T17:38:56.238+0000] {processor.py:829} INFO - Processing file /opt/airflow/dags/fill_nulls_with_fixed_value.py for tasks to queue
[2024-02-02T17:38:56.239+0000] {logging_mixin.py:154} INFO - [2024-02-02T17:38:56.239+0000] {dagbag.py:536} INFO - Filling up the DagBag from /opt/airflow/dags/fill_nulls_with_fixed_value.py
[2024-02-02T17:38:56.248+0000] {processor.py:841} WARNING - No viable dags retrieved from /opt/airflow/dags/fill_nulls_with_fixed_value.py
[2024-02-02T17:38:56.263+0000] {processor.py:179} INFO - Processing /opt/airflow/dags/fill_nulls_with_fixed_value.py took 0.030 seconds
