[2024-02-02T17:09:54.772+0000] {processor.py:157} INFO - Started process (PID=185) to work on /opt/airflow/dags/retrieve_joined_tables.py
[2024-02-02T17:09:54.773+0000] {processor.py:829} INFO - Processing file /opt/airflow/dags/retrieve_joined_tables.py for tasks to queue
[2024-02-02T17:09:54.774+0000] {logging_mixin.py:154} INFO - [2024-02-02T17:09:54.774+0000] {dagbag.py:536} INFO - Filling up the DagBag from /opt/airflow/dags/retrieve_joined_tables.py
[2024-02-02T17:09:54.780+0000] {processor.py:841} WARNING - No viable dags retrieved from /opt/airflow/dags/retrieve_joined_tables.py
[2024-02-02T17:09:54.790+0000] {processor.py:179} INFO - Processing /opt/airflow/dags/retrieve_joined_tables.py took 0.020 seconds
[2024-02-02T17:10:25.337+0000] {processor.py:157} INFO - Started process (PID=239) to work on /opt/airflow/dags/retrieve_joined_tables.py
[2024-02-02T17:10:25.337+0000] {processor.py:829} INFO - Processing file /opt/airflow/dags/retrieve_joined_tables.py for tasks to queue
[2024-02-02T17:10:25.338+0000] {logging_mixin.py:154} INFO - [2024-02-02T17:10:25.338+0000] {dagbag.py:536} INFO - Filling up the DagBag from /opt/airflow/dags/retrieve_joined_tables.py
[2024-02-02T17:10:25.349+0000] {processor.py:841} WARNING - No viable dags retrieved from /opt/airflow/dags/retrieve_joined_tables.py
[2024-02-02T17:10:25.358+0000] {processor.py:179} INFO - Processing /opt/airflow/dags/retrieve_joined_tables.py took 0.023 seconds
[2024-02-02T17:10:55.931+0000] {processor.py:157} INFO - Started process (PID=290) to work on /opt/airflow/dags/retrieve_joined_tables.py
[2024-02-02T17:10:55.932+0000] {processor.py:829} INFO - Processing file /opt/airflow/dags/retrieve_joined_tables.py for tasks to queue
[2024-02-02T17:10:55.932+0000] {logging_mixin.py:154} INFO - [2024-02-02T17:10:55.932+0000] {dagbag.py:536} INFO - Filling up the DagBag from /opt/airflow/dags/retrieve_joined_tables.py
[2024-02-02T17:10:55.938+0000] {processor.py:841} WARNING - No viable dags retrieved from /opt/airflow/dags/retrieve_joined_tables.py
[2024-02-02T17:10:55.947+0000] {processor.py:179} INFO - Processing /opt/airflow/dags/retrieve_joined_tables.py took 0.018 seconds
[2024-02-02T17:11:26.487+0000] {processor.py:157} INFO - Started process (PID=342) to work on /opt/airflow/dags/retrieve_joined_tables.py
[2024-02-02T17:11:26.487+0000] {processor.py:829} INFO - Processing file /opt/airflow/dags/retrieve_joined_tables.py for tasks to queue
[2024-02-02T17:11:26.488+0000] {logging_mixin.py:154} INFO - [2024-02-02T17:11:26.488+0000] {dagbag.py:536} INFO - Filling up the DagBag from /opt/airflow/dags/retrieve_joined_tables.py
[2024-02-02T17:11:26.495+0000] {processor.py:841} WARNING - No viable dags retrieved from /opt/airflow/dags/retrieve_joined_tables.py
[2024-02-02T17:11:26.504+0000] {processor.py:179} INFO - Processing /opt/airflow/dags/retrieve_joined_tables.py took 0.019 seconds
[2024-02-02T17:11:57.063+0000] {processor.py:157} INFO - Started process (PID=395) to work on /opt/airflow/dags/retrieve_joined_tables.py
[2024-02-02T17:11:57.064+0000] {processor.py:829} INFO - Processing file /opt/airflow/dags/retrieve_joined_tables.py for tasks to queue
[2024-02-02T17:11:57.065+0000] {logging_mixin.py:154} INFO - [2024-02-02T17:11:57.065+0000] {dagbag.py:536} INFO - Filling up the DagBag from /opt/airflow/dags/retrieve_joined_tables.py
[2024-02-02T17:11:57.070+0000] {processor.py:841} WARNING - No viable dags retrieved from /opt/airflow/dags/retrieve_joined_tables.py
[2024-02-02T17:11:57.079+0000] {processor.py:179} INFO - Processing /opt/airflow/dags/retrieve_joined_tables.py took 0.018 seconds
[2024-02-02T17:12:27.501+0000] {processor.py:157} INFO - Started process (PID=453) to work on /opt/airflow/dags/retrieve_joined_tables.py
[2024-02-02T17:12:27.501+0000] {processor.py:829} INFO - Processing file /opt/airflow/dags/retrieve_joined_tables.py for tasks to queue
[2024-02-02T17:12:27.502+0000] {logging_mixin.py:154} INFO - [2024-02-02T17:12:27.502+0000] {dagbag.py:536} INFO - Filling up the DagBag from /opt/airflow/dags/retrieve_joined_tables.py
[2024-02-02T17:12:27.508+0000] {processor.py:841} WARNING - No viable dags retrieved from /opt/airflow/dags/retrieve_joined_tables.py
[2024-02-02T17:12:27.517+0000] {processor.py:179} INFO - Processing /opt/airflow/dags/retrieve_joined_tables.py took 0.019 seconds
[2024-02-02T17:12:58.034+0000] {processor.py:157} INFO - Started process (PID=507) to work on /opt/airflow/dags/retrieve_joined_tables.py
[2024-02-02T17:12:58.035+0000] {processor.py:829} INFO - Processing file /opt/airflow/dags/retrieve_joined_tables.py for tasks to queue
[2024-02-02T17:12:58.036+0000] {logging_mixin.py:154} INFO - [2024-02-02T17:12:58.035+0000] {dagbag.py:536} INFO - Filling up the DagBag from /opt/airflow/dags/retrieve_joined_tables.py
[2024-02-02T17:12:58.041+0000] {processor.py:841} WARNING - No viable dags retrieved from /opt/airflow/dags/retrieve_joined_tables.py
[2024-02-02T17:12:58.051+0000] {processor.py:179} INFO - Processing /opt/airflow/dags/retrieve_joined_tables.py took 0.018 seconds
[2024-02-02T17:13:28.572+0000] {processor.py:157} INFO - Started process (PID=566) to work on /opt/airflow/dags/retrieve_joined_tables.py
[2024-02-02T17:13:28.573+0000] {processor.py:829} INFO - Processing file /opt/airflow/dags/retrieve_joined_tables.py for tasks to queue
[2024-02-02T17:13:28.573+0000] {logging_mixin.py:154} INFO - [2024-02-02T17:13:28.573+0000] {dagbag.py:536} INFO - Filling up the DagBag from /opt/airflow/dags/retrieve_joined_tables.py
[2024-02-02T17:13:28.579+0000] {processor.py:841} WARNING - No viable dags retrieved from /opt/airflow/dags/retrieve_joined_tables.py
[2024-02-02T17:13:28.588+0000] {processor.py:179} INFO - Processing /opt/airflow/dags/retrieve_joined_tables.py took 0.018 seconds
[2024-02-02T17:13:59.162+0000] {processor.py:157} INFO - Started process (PID=619) to work on /opt/airflow/dags/retrieve_joined_tables.py
[2024-02-02T17:13:59.163+0000] {processor.py:829} INFO - Processing file /opt/airflow/dags/retrieve_joined_tables.py for tasks to queue
[2024-02-02T17:13:59.164+0000] {logging_mixin.py:154} INFO - [2024-02-02T17:13:59.164+0000] {dagbag.py:536} INFO - Filling up the DagBag from /opt/airflow/dags/retrieve_joined_tables.py
[2024-02-02T17:13:59.170+0000] {processor.py:841} WARNING - No viable dags retrieved from /opt/airflow/dags/retrieve_joined_tables.py
[2024-02-02T17:13:59.179+0000] {processor.py:179} INFO - Processing /opt/airflow/dags/retrieve_joined_tables.py took 0.019 seconds
[2024-02-02T17:14:29.663+0000] {processor.py:157} INFO - Started process (PID=674) to work on /opt/airflow/dags/retrieve_joined_tables.py
[2024-02-02T17:14:29.664+0000] {processor.py:829} INFO - Processing file /opt/airflow/dags/retrieve_joined_tables.py for tasks to queue
[2024-02-02T17:14:29.664+0000] {logging_mixin.py:154} INFO - [2024-02-02T17:14:29.664+0000] {dagbag.py:536} INFO - Filling up the DagBag from /opt/airflow/dags/retrieve_joined_tables.py
[2024-02-02T17:14:29.670+0000] {processor.py:841} WARNING - No viable dags retrieved from /opt/airflow/dags/retrieve_joined_tables.py
[2024-02-02T17:14:29.679+0000] {processor.py:179} INFO - Processing /opt/airflow/dags/retrieve_joined_tables.py took 0.018 seconds
[2024-02-02T17:15:00.312+0000] {processor.py:157} INFO - Started process (PID=727) to work on /opt/airflow/dags/retrieve_joined_tables.py
[2024-02-02T17:15:00.312+0000] {processor.py:829} INFO - Processing file /opt/airflow/dags/retrieve_joined_tables.py for tasks to queue
[2024-02-02T17:15:00.313+0000] {logging_mixin.py:154} INFO - [2024-02-02T17:15:00.313+0000] {dagbag.py:536} INFO - Filling up the DagBag from /opt/airflow/dags/retrieve_joined_tables.py
[2024-02-02T17:15:00.319+0000] {processor.py:841} WARNING - No viable dags retrieved from /opt/airflow/dags/retrieve_joined_tables.py
[2024-02-02T17:15:00.330+0000] {processor.py:179} INFO - Processing /opt/airflow/dags/retrieve_joined_tables.py took 0.021 seconds
[2024-02-02T17:15:30.796+0000] {processor.py:157} INFO - Started process (PID=789) to work on /opt/airflow/dags/retrieve_joined_tables.py
[2024-02-02T17:15:30.797+0000] {processor.py:829} INFO - Processing file /opt/airflow/dags/retrieve_joined_tables.py for tasks to queue
[2024-02-02T17:15:30.798+0000] {logging_mixin.py:154} INFO - [2024-02-02T17:15:30.798+0000] {dagbag.py:536} INFO - Filling up the DagBag from /opt/airflow/dags/retrieve_joined_tables.py
[2024-02-02T17:15:30.808+0000] {processor.py:841} WARNING - No viable dags retrieved from /opt/airflow/dags/retrieve_joined_tables.py
[2024-02-02T17:15:30.834+0000] {processor.py:179} INFO - Processing /opt/airflow/dags/retrieve_joined_tables.py took 0.041 seconds
[2024-02-02T17:16:01.365+0000] {processor.py:157} INFO - Started process (PID=841) to work on /opt/airflow/dags/retrieve_joined_tables.py
[2024-02-02T17:16:01.365+0000] {processor.py:829} INFO - Processing file /opt/airflow/dags/retrieve_joined_tables.py for tasks to queue
[2024-02-02T17:16:01.366+0000] {logging_mixin.py:154} INFO - [2024-02-02T17:16:01.366+0000] {dagbag.py:536} INFO - Filling up the DagBag from /opt/airflow/dags/retrieve_joined_tables.py
[2024-02-02T17:16:01.373+0000] {processor.py:841} WARNING - No viable dags retrieved from /opt/airflow/dags/retrieve_joined_tables.py
[2024-02-02T17:16:01.385+0000] {processor.py:179} INFO - Processing /opt/airflow/dags/retrieve_joined_tables.py took 0.023 seconds
[2024-02-02T17:16:31.970+0000] {processor.py:157} INFO - Started process (PID=895) to work on /opt/airflow/dags/retrieve_joined_tables.py
[2024-02-02T17:16:31.970+0000] {processor.py:829} INFO - Processing file /opt/airflow/dags/retrieve_joined_tables.py for tasks to queue
[2024-02-02T17:16:31.971+0000] {logging_mixin.py:154} INFO - [2024-02-02T17:16:31.970+0000] {dagbag.py:536} INFO - Filling up the DagBag from /opt/airflow/dags/retrieve_joined_tables.py
[2024-02-02T17:16:31.977+0000] {processor.py:841} WARNING - No viable dags retrieved from /opt/airflow/dags/retrieve_joined_tables.py
[2024-02-02T17:16:31.985+0000] {processor.py:179} INFO - Processing /opt/airflow/dags/retrieve_joined_tables.py took 0.018 seconds
[2024-02-02T17:17:02.464+0000] {processor.py:157} INFO - Started process (PID=946) to work on /opt/airflow/dags/retrieve_joined_tables.py
[2024-02-02T17:17:02.464+0000] {processor.py:829} INFO - Processing file /opt/airflow/dags/retrieve_joined_tables.py for tasks to queue
[2024-02-02T17:17:02.465+0000] {logging_mixin.py:154} INFO - [2024-02-02T17:17:02.465+0000] {dagbag.py:536} INFO - Filling up the DagBag from /opt/airflow/dags/retrieve_joined_tables.py
[2024-02-02T17:17:02.470+0000] {processor.py:841} WARNING - No viable dags retrieved from /opt/airflow/dags/retrieve_joined_tables.py
[2024-02-02T17:17:02.480+0000] {processor.py:179} INFO - Processing /opt/airflow/dags/retrieve_joined_tables.py took 0.018 seconds
[2024-02-02T17:17:33.010+0000] {processor.py:157} INFO - Started process (PID=998) to work on /opt/airflow/dags/retrieve_joined_tables.py
[2024-02-02T17:17:33.011+0000] {processor.py:829} INFO - Processing file /opt/airflow/dags/retrieve_joined_tables.py for tasks to queue
[2024-02-02T17:17:33.012+0000] {logging_mixin.py:154} INFO - [2024-02-02T17:17:33.011+0000] {dagbag.py:536} INFO - Filling up the DagBag from /opt/airflow/dags/retrieve_joined_tables.py
[2024-02-02T17:17:33.018+0000] {processor.py:841} WARNING - No viable dags retrieved from /opt/airflow/dags/retrieve_joined_tables.py
[2024-02-02T17:17:33.035+0000] {processor.py:179} INFO - Processing /opt/airflow/dags/retrieve_joined_tables.py took 0.028 seconds
[2024-02-02T17:18:03.539+0000] {processor.py:157} INFO - Started process (PID=1053) to work on /opt/airflow/dags/retrieve_joined_tables.py
[2024-02-02T17:18:03.540+0000] {processor.py:829} INFO - Processing file /opt/airflow/dags/retrieve_joined_tables.py for tasks to queue
[2024-02-02T17:18:03.541+0000] {logging_mixin.py:154} INFO - [2024-02-02T17:18:03.540+0000] {dagbag.py:536} INFO - Filling up the DagBag from /opt/airflow/dags/retrieve_joined_tables.py
[2024-02-02T17:18:03.546+0000] {processor.py:841} WARNING - No viable dags retrieved from /opt/airflow/dags/retrieve_joined_tables.py
[2024-02-02T17:18:03.556+0000] {processor.py:179} INFO - Processing /opt/airflow/dags/retrieve_joined_tables.py took 0.019 seconds
[2024-02-02T17:18:34.101+0000] {processor.py:157} INFO - Started process (PID=1107) to work on /opt/airflow/dags/retrieve_joined_tables.py
[2024-02-02T17:18:34.102+0000] {processor.py:829} INFO - Processing file /opt/airflow/dags/retrieve_joined_tables.py for tasks to queue
[2024-02-02T17:18:34.103+0000] {logging_mixin.py:154} INFO - [2024-02-02T17:18:34.103+0000] {dagbag.py:536} INFO - Filling up the DagBag from /opt/airflow/dags/retrieve_joined_tables.py
[2024-02-02T17:18:34.108+0000] {processor.py:841} WARNING - No viable dags retrieved from /opt/airflow/dags/retrieve_joined_tables.py
[2024-02-02T17:18:34.118+0000] {processor.py:179} INFO - Processing /opt/airflow/dags/retrieve_joined_tables.py took 0.018 seconds
[2024-02-02T17:19:04.649+0000] {processor.py:157} INFO - Started process (PID=1159) to work on /opt/airflow/dags/retrieve_joined_tables.py
[2024-02-02T17:19:04.649+0000] {processor.py:829} INFO - Processing file /opt/airflow/dags/retrieve_joined_tables.py for tasks to queue
[2024-02-02T17:19:04.650+0000] {logging_mixin.py:154} INFO - [2024-02-02T17:19:04.650+0000] {dagbag.py:536} INFO - Filling up the DagBag from /opt/airflow/dags/retrieve_joined_tables.py
[2024-02-02T17:19:04.656+0000] {processor.py:841} WARNING - No viable dags retrieved from /opt/airflow/dags/retrieve_joined_tables.py
[2024-02-02T17:19:04.665+0000] {processor.py:179} INFO - Processing /opt/airflow/dags/retrieve_joined_tables.py took 0.018 seconds
[2024-02-02T17:19:35.158+0000] {processor.py:157} INFO - Started process (PID=1211) to work on /opt/airflow/dags/retrieve_joined_tables.py
[2024-02-02T17:19:35.159+0000] {processor.py:829} INFO - Processing file /opt/airflow/dags/retrieve_joined_tables.py for tasks to queue
[2024-02-02T17:19:35.159+0000] {logging_mixin.py:154} INFO - [2024-02-02T17:19:35.159+0000] {dagbag.py:536} INFO - Filling up the DagBag from /opt/airflow/dags/retrieve_joined_tables.py
[2024-02-02T17:19:35.165+0000] {processor.py:841} WARNING - No viable dags retrieved from /opt/airflow/dags/retrieve_joined_tables.py
[2024-02-02T17:19:35.175+0000] {processor.py:179} INFO - Processing /opt/airflow/dags/retrieve_joined_tables.py took 0.019 seconds
[2024-02-02T17:20:05.758+0000] {processor.py:157} INFO - Started process (PID=1264) to work on /opt/airflow/dags/retrieve_joined_tables.py
[2024-02-02T17:20:05.759+0000] {processor.py:829} INFO - Processing file /opt/airflow/dags/retrieve_joined_tables.py for tasks to queue
[2024-02-02T17:20:05.759+0000] {logging_mixin.py:154} INFO - [2024-02-02T17:20:05.759+0000] {dagbag.py:536} INFO - Filling up the DagBag from /opt/airflow/dags/retrieve_joined_tables.py
[2024-02-02T17:20:05.765+0000] {processor.py:841} WARNING - No viable dags retrieved from /opt/airflow/dags/retrieve_joined_tables.py
[2024-02-02T17:20:05.774+0000] {processor.py:179} INFO - Processing /opt/airflow/dags/retrieve_joined_tables.py took 0.018 seconds
[2024-02-02T17:20:36.263+0000] {processor.py:157} INFO - Started process (PID=1317) to work on /opt/airflow/dags/retrieve_joined_tables.py
[2024-02-02T17:20:36.264+0000] {processor.py:829} INFO - Processing file /opt/airflow/dags/retrieve_joined_tables.py for tasks to queue
[2024-02-02T17:20:36.264+0000] {logging_mixin.py:154} INFO - [2024-02-02T17:20:36.264+0000] {dagbag.py:536} INFO - Filling up the DagBag from /opt/airflow/dags/retrieve_joined_tables.py
[2024-02-02T17:20:36.274+0000] {processor.py:841} WARNING - No viable dags retrieved from /opt/airflow/dags/retrieve_joined_tables.py
[2024-02-02T17:20:36.290+0000] {processor.py:179} INFO - Processing /opt/airflow/dags/retrieve_joined_tables.py took 0.029 seconds
[2024-02-02T17:21:06.767+0000] {processor.py:157} INFO - Started process (PID=1367) to work on /opt/airflow/dags/retrieve_joined_tables.py
[2024-02-02T17:21:06.768+0000] {processor.py:829} INFO - Processing file /opt/airflow/dags/retrieve_joined_tables.py for tasks to queue
[2024-02-02T17:21:06.769+0000] {logging_mixin.py:154} INFO - [2024-02-02T17:21:06.769+0000] {dagbag.py:536} INFO - Filling up the DagBag from /opt/airflow/dags/retrieve_joined_tables.py
[2024-02-02T17:21:06.775+0000] {processor.py:841} WARNING - No viable dags retrieved from /opt/airflow/dags/retrieve_joined_tables.py
[2024-02-02T17:21:06.783+0000] {processor.py:179} INFO - Processing /opt/airflow/dags/retrieve_joined_tables.py took 0.018 seconds
[2024-02-02T17:21:37.344+0000] {processor.py:157} INFO - Started process (PID=1421) to work on /opt/airflow/dags/retrieve_joined_tables.py
[2024-02-02T17:21:37.345+0000] {processor.py:829} INFO - Processing file /opt/airflow/dags/retrieve_joined_tables.py for tasks to queue
[2024-02-02T17:21:37.345+0000] {logging_mixin.py:154} INFO - [2024-02-02T17:21:37.345+0000] {dagbag.py:536} INFO - Filling up the DagBag from /opt/airflow/dags/retrieve_joined_tables.py
[2024-02-02T17:21:37.351+0000] {processor.py:841} WARNING - No viable dags retrieved from /opt/airflow/dags/retrieve_joined_tables.py
[2024-02-02T17:21:37.361+0000] {processor.py:179} INFO - Processing /opt/airflow/dags/retrieve_joined_tables.py took 0.018 seconds
[2024-02-02T17:22:07.923+0000] {processor.py:157} INFO - Started process (PID=1473) to work on /opt/airflow/dags/retrieve_joined_tables.py
[2024-02-02T17:22:07.923+0000] {processor.py:829} INFO - Processing file /opt/airflow/dags/retrieve_joined_tables.py for tasks to queue
[2024-02-02T17:22:07.924+0000] {logging_mixin.py:154} INFO - [2024-02-02T17:22:07.924+0000] {dagbag.py:536} INFO - Filling up the DagBag from /opt/airflow/dags/retrieve_joined_tables.py
[2024-02-02T17:22:07.930+0000] {processor.py:841} WARNING - No viable dags retrieved from /opt/airflow/dags/retrieve_joined_tables.py
[2024-02-02T17:22:07.939+0000] {processor.py:179} INFO - Processing /opt/airflow/dags/retrieve_joined_tables.py took 0.018 seconds
[2024-02-02T17:22:38.508+0000] {processor.py:157} INFO - Started process (PID=1524) to work on /opt/airflow/dags/retrieve_joined_tables.py
[2024-02-02T17:22:38.509+0000] {processor.py:829} INFO - Processing file /opt/airflow/dags/retrieve_joined_tables.py for tasks to queue
[2024-02-02T17:22:38.510+0000] {logging_mixin.py:154} INFO - [2024-02-02T17:22:38.509+0000] {dagbag.py:536} INFO - Filling up the DagBag from /opt/airflow/dags/retrieve_joined_tables.py
[2024-02-02T17:22:38.515+0000] {processor.py:841} WARNING - No viable dags retrieved from /opt/airflow/dags/retrieve_joined_tables.py
[2024-02-02T17:22:38.525+0000] {processor.py:179} INFO - Processing /opt/airflow/dags/retrieve_joined_tables.py took 0.019 seconds
[2024-02-02T17:23:09.038+0000] {processor.py:157} INFO - Started process (PID=1577) to work on /opt/airflow/dags/retrieve_joined_tables.py
[2024-02-02T17:23:09.038+0000] {processor.py:829} INFO - Processing file /opt/airflow/dags/retrieve_joined_tables.py for tasks to queue
[2024-02-02T17:23:09.039+0000] {logging_mixin.py:154} INFO - [2024-02-02T17:23:09.039+0000] {dagbag.py:536} INFO - Filling up the DagBag from /opt/airflow/dags/retrieve_joined_tables.py
[2024-02-02T17:23:09.045+0000] {processor.py:841} WARNING - No viable dags retrieved from /opt/airflow/dags/retrieve_joined_tables.py
[2024-02-02T17:23:09.054+0000] {processor.py:179} INFO - Processing /opt/airflow/dags/retrieve_joined_tables.py took 0.018 seconds
[2024-02-02T17:23:39.581+0000] {processor.py:157} INFO - Started process (PID=1629) to work on /opt/airflow/dags/retrieve_joined_tables.py
[2024-02-02T17:23:39.582+0000] {processor.py:829} INFO - Processing file /opt/airflow/dags/retrieve_joined_tables.py for tasks to queue
[2024-02-02T17:23:39.582+0000] {logging_mixin.py:154} INFO - [2024-02-02T17:23:39.582+0000] {dagbag.py:536} INFO - Filling up the DagBag from /opt/airflow/dags/retrieve_joined_tables.py
[2024-02-02T17:23:39.588+0000] {processor.py:841} WARNING - No viable dags retrieved from /opt/airflow/dags/retrieve_joined_tables.py
[2024-02-02T17:23:39.597+0000] {processor.py:179} INFO - Processing /opt/airflow/dags/retrieve_joined_tables.py took 0.018 seconds
[2024-02-02T17:24:10.181+0000] {processor.py:157} INFO - Started process (PID=1681) to work on /opt/airflow/dags/retrieve_joined_tables.py
[2024-02-02T17:24:10.182+0000] {processor.py:829} INFO - Processing file /opt/airflow/dags/retrieve_joined_tables.py for tasks to queue
[2024-02-02T17:24:10.183+0000] {logging_mixin.py:154} INFO - [2024-02-02T17:24:10.182+0000] {dagbag.py:536} INFO - Filling up the DagBag from /opt/airflow/dags/retrieve_joined_tables.py
[2024-02-02T17:24:10.189+0000] {processor.py:841} WARNING - No viable dags retrieved from /opt/airflow/dags/retrieve_joined_tables.py
[2024-02-02T17:24:10.198+0000] {processor.py:179} INFO - Processing /opt/airflow/dags/retrieve_joined_tables.py took 0.018 seconds
[2024-02-02T17:24:40.704+0000] {processor.py:157} INFO - Started process (PID=1733) to work on /opt/airflow/dags/retrieve_joined_tables.py
[2024-02-02T17:24:40.705+0000] {processor.py:829} INFO - Processing file /opt/airflow/dags/retrieve_joined_tables.py for tasks to queue
[2024-02-02T17:24:40.705+0000] {logging_mixin.py:154} INFO - [2024-02-02T17:24:40.705+0000] {dagbag.py:536} INFO - Filling up the DagBag from /opt/airflow/dags/retrieve_joined_tables.py
[2024-02-02T17:24:40.711+0000] {processor.py:841} WARNING - No viable dags retrieved from /opt/airflow/dags/retrieve_joined_tables.py
[2024-02-02T17:24:40.720+0000] {processor.py:179} INFO - Processing /opt/airflow/dags/retrieve_joined_tables.py took 0.018 seconds
[2024-02-02T17:25:11.311+0000] {processor.py:157} INFO - Started process (PID=1785) to work on /opt/airflow/dags/retrieve_joined_tables.py
[2024-02-02T17:25:11.312+0000] {processor.py:829} INFO - Processing file /opt/airflow/dags/retrieve_joined_tables.py for tasks to queue
[2024-02-02T17:25:11.312+0000] {logging_mixin.py:154} INFO - [2024-02-02T17:25:11.312+0000] {dagbag.py:536} INFO - Filling up the DagBag from /opt/airflow/dags/retrieve_joined_tables.py
[2024-02-02T17:25:11.318+0000] {processor.py:841} WARNING - No viable dags retrieved from /opt/airflow/dags/retrieve_joined_tables.py
[2024-02-02T17:25:11.328+0000] {processor.py:179} INFO - Processing /opt/airflow/dags/retrieve_joined_tables.py took 0.018 seconds
[2024-02-02T17:25:41.818+0000] {processor.py:157} INFO - Started process (PID=1837) to work on /opt/airflow/dags/retrieve_joined_tables.py
[2024-02-02T17:25:41.818+0000] {processor.py:829} INFO - Processing file /opt/airflow/dags/retrieve_joined_tables.py for tasks to queue
[2024-02-02T17:25:41.819+0000] {logging_mixin.py:154} INFO - [2024-02-02T17:25:41.819+0000] {dagbag.py:536} INFO - Filling up the DagBag from /opt/airflow/dags/retrieve_joined_tables.py
[2024-02-02T17:25:41.825+0000] {processor.py:841} WARNING - No viable dags retrieved from /opt/airflow/dags/retrieve_joined_tables.py
[2024-02-02T17:25:41.834+0000] {processor.py:179} INFO - Processing /opt/airflow/dags/retrieve_joined_tables.py took 0.018 seconds
[2024-02-02T17:26:12.424+0000] {processor.py:157} INFO - Started process (PID=1889) to work on /opt/airflow/dags/retrieve_joined_tables.py
[2024-02-02T17:26:12.425+0000] {processor.py:829} INFO - Processing file /opt/airflow/dags/retrieve_joined_tables.py for tasks to queue
[2024-02-02T17:26:12.426+0000] {logging_mixin.py:154} INFO - [2024-02-02T17:26:12.425+0000] {dagbag.py:536} INFO - Filling up the DagBag from /opt/airflow/dags/retrieve_joined_tables.py
[2024-02-02T17:26:12.432+0000] {processor.py:841} WARNING - No viable dags retrieved from /opt/airflow/dags/retrieve_joined_tables.py
[2024-02-02T17:26:12.441+0000] {processor.py:179} INFO - Processing /opt/airflow/dags/retrieve_joined_tables.py took 0.018 seconds
[2024-02-02T17:26:42.960+0000] {processor.py:157} INFO - Started process (PID=1939) to work on /opt/airflow/dags/retrieve_joined_tables.py
[2024-02-02T17:26:42.961+0000] {processor.py:829} INFO - Processing file /opt/airflow/dags/retrieve_joined_tables.py for tasks to queue
[2024-02-02T17:26:42.962+0000] {logging_mixin.py:154} INFO - [2024-02-02T17:26:42.961+0000] {dagbag.py:536} INFO - Filling up the DagBag from /opt/airflow/dags/retrieve_joined_tables.py
[2024-02-02T17:26:42.967+0000] {processor.py:841} WARNING - No viable dags retrieved from /opt/airflow/dags/retrieve_joined_tables.py
[2024-02-02T17:26:42.976+0000] {processor.py:179} INFO - Processing /opt/airflow/dags/retrieve_joined_tables.py took 0.018 seconds
[2024-02-02T17:27:13.531+0000] {processor.py:157} INFO - Started process (PID=1993) to work on /opt/airflow/dags/retrieve_joined_tables.py
[2024-02-02T17:27:13.532+0000] {processor.py:829} INFO - Processing file /opt/airflow/dags/retrieve_joined_tables.py for tasks to queue
[2024-02-02T17:27:13.532+0000] {logging_mixin.py:154} INFO - [2024-02-02T17:27:13.532+0000] {dagbag.py:536} INFO - Filling up the DagBag from /opt/airflow/dags/retrieve_joined_tables.py
[2024-02-02T17:27:13.538+0000] {processor.py:841} WARNING - No viable dags retrieved from /opt/airflow/dags/retrieve_joined_tables.py
[2024-02-02T17:27:13.547+0000] {processor.py:179} INFO - Processing /opt/airflow/dags/retrieve_joined_tables.py took 0.018 seconds
[2024-02-02T17:27:44.109+0000] {processor.py:157} INFO - Started process (PID=2045) to work on /opt/airflow/dags/retrieve_joined_tables.py
[2024-02-02T17:27:44.110+0000] {processor.py:829} INFO - Processing file /opt/airflow/dags/retrieve_joined_tables.py for tasks to queue
[2024-02-02T17:27:44.110+0000] {logging_mixin.py:154} INFO - [2024-02-02T17:27:44.110+0000] {dagbag.py:536} INFO - Filling up the DagBag from /opt/airflow/dags/retrieve_joined_tables.py
[2024-02-02T17:27:44.116+0000] {processor.py:841} WARNING - No viable dags retrieved from /opt/airflow/dags/retrieve_joined_tables.py
[2024-02-02T17:27:44.126+0000] {processor.py:179} INFO - Processing /opt/airflow/dags/retrieve_joined_tables.py took 0.018 seconds
[2024-02-02T17:28:14.691+0000] {processor.py:157} INFO - Started process (PID=2097) to work on /opt/airflow/dags/retrieve_joined_tables.py
[2024-02-02T17:28:14.692+0000] {processor.py:829} INFO - Processing file /opt/airflow/dags/retrieve_joined_tables.py for tasks to queue
[2024-02-02T17:28:14.693+0000] {logging_mixin.py:154} INFO - [2024-02-02T17:28:14.692+0000] {dagbag.py:536} INFO - Filling up the DagBag from /opt/airflow/dags/retrieve_joined_tables.py
[2024-02-02T17:28:14.698+0000] {processor.py:841} WARNING - No viable dags retrieved from /opt/airflow/dags/retrieve_joined_tables.py
[2024-02-02T17:28:14.708+0000] {processor.py:179} INFO - Processing /opt/airflow/dags/retrieve_joined_tables.py took 0.018 seconds
[2024-02-02T17:28:45.189+0000] {processor.py:157} INFO - Started process (PID=2149) to work on /opt/airflow/dags/retrieve_joined_tables.py
[2024-02-02T17:28:45.189+0000] {processor.py:829} INFO - Processing file /opt/airflow/dags/retrieve_joined_tables.py for tasks to queue
[2024-02-02T17:28:45.190+0000] {logging_mixin.py:154} INFO - [2024-02-02T17:28:45.190+0000] {dagbag.py:536} INFO - Filling up the DagBag from /opt/airflow/dags/retrieve_joined_tables.py
[2024-02-02T17:28:45.196+0000] {processor.py:841} WARNING - No viable dags retrieved from /opt/airflow/dags/retrieve_joined_tables.py
[2024-02-02T17:28:45.205+0000] {processor.py:179} INFO - Processing /opt/airflow/dags/retrieve_joined_tables.py took 0.018 seconds
[2024-02-02T17:29:15.768+0000] {processor.py:157} INFO - Started process (PID=2201) to work on /opt/airflow/dags/retrieve_joined_tables.py
[2024-02-02T17:29:15.769+0000] {processor.py:829} INFO - Processing file /opt/airflow/dags/retrieve_joined_tables.py for tasks to queue
[2024-02-02T17:29:15.769+0000] {logging_mixin.py:154} INFO - [2024-02-02T17:29:15.769+0000] {dagbag.py:536} INFO - Filling up the DagBag from /opt/airflow/dags/retrieve_joined_tables.py
[2024-02-02T17:29:15.775+0000] {processor.py:841} WARNING - No viable dags retrieved from /opt/airflow/dags/retrieve_joined_tables.py
[2024-02-02T17:29:15.784+0000] {processor.py:179} INFO - Processing /opt/airflow/dags/retrieve_joined_tables.py took 0.018 seconds
[2024-02-02T17:29:46.315+0000] {processor.py:157} INFO - Started process (PID=2253) to work on /opt/airflow/dags/retrieve_joined_tables.py
[2024-02-02T17:29:46.316+0000] {processor.py:829} INFO - Processing file /opt/airflow/dags/retrieve_joined_tables.py for tasks to queue
[2024-02-02T17:29:46.320+0000] {logging_mixin.py:154} INFO - [2024-02-02T17:29:46.319+0000] {dagbag.py:536} INFO - Filling up the DagBag from /opt/airflow/dags/retrieve_joined_tables.py
[2024-02-02T17:29:46.334+0000] {processor.py:841} WARNING - No viable dags retrieved from /opt/airflow/dags/retrieve_joined_tables.py
[2024-02-02T17:29:46.345+0000] {processor.py:179} INFO - Processing /opt/airflow/dags/retrieve_joined_tables.py took 0.034 seconds
[2024-02-02T17:30:16.805+0000] {processor.py:157} INFO - Started process (PID=2307) to work on /opt/airflow/dags/retrieve_joined_tables.py
[2024-02-02T17:30:16.805+0000] {processor.py:829} INFO - Processing file /opt/airflow/dags/retrieve_joined_tables.py for tasks to queue
[2024-02-02T17:30:16.806+0000] {logging_mixin.py:154} INFO - [2024-02-02T17:30:16.805+0000] {dagbag.py:536} INFO - Filling up the DagBag from /opt/airflow/dags/retrieve_joined_tables.py
[2024-02-02T17:30:16.811+0000] {processor.py:841} WARNING - No viable dags retrieved from /opt/airflow/dags/retrieve_joined_tables.py
[2024-02-02T17:30:16.820+0000] {processor.py:179} INFO - Processing /opt/airflow/dags/retrieve_joined_tables.py took 0.017 seconds
[2024-02-02T17:30:47.237+0000] {processor.py:157} INFO - Started process (PID=2363) to work on /opt/airflow/dags/retrieve_joined_tables.py
[2024-02-02T17:30:47.238+0000] {processor.py:829} INFO - Processing file /opt/airflow/dags/retrieve_joined_tables.py for tasks to queue
[2024-02-02T17:30:47.239+0000] {logging_mixin.py:154} INFO - [2024-02-02T17:30:47.239+0000] {dagbag.py:536} INFO - Filling up the DagBag from /opt/airflow/dags/retrieve_joined_tables.py
[2024-02-02T17:30:47.245+0000] {processor.py:841} WARNING - No viable dags retrieved from /opt/airflow/dags/retrieve_joined_tables.py
[2024-02-02T17:30:47.255+0000] {processor.py:179} INFO - Processing /opt/airflow/dags/retrieve_joined_tables.py took 0.019 seconds
[2024-02-02T17:31:17.695+0000] {processor.py:157} INFO - Started process (PID=2415) to work on /opt/airflow/dags/retrieve_joined_tables.py
[2024-02-02T17:31:17.695+0000] {processor.py:829} INFO - Processing file /opt/airflow/dags/retrieve_joined_tables.py for tasks to queue
[2024-02-02T17:31:17.697+0000] {logging_mixin.py:154} INFO - [2024-02-02T17:31:17.697+0000] {dagbag.py:536} INFO - Filling up the DagBag from /opt/airflow/dags/retrieve_joined_tables.py
[2024-02-02T17:31:17.703+0000] {processor.py:841} WARNING - No viable dags retrieved from /opt/airflow/dags/retrieve_joined_tables.py
[2024-02-02T17:31:17.712+0000] {processor.py:179} INFO - Processing /opt/airflow/dags/retrieve_joined_tables.py took 0.019 seconds
[2024-02-02T17:31:48.176+0000] {processor.py:157} INFO - Started process (PID=2467) to work on /opt/airflow/dags/retrieve_joined_tables.py
[2024-02-02T17:31:48.176+0000] {processor.py:829} INFO - Processing file /opt/airflow/dags/retrieve_joined_tables.py for tasks to queue
[2024-02-02T17:31:48.177+0000] {logging_mixin.py:154} INFO - [2024-02-02T17:31:48.177+0000] {dagbag.py:536} INFO - Filling up the DagBag from /opt/airflow/dags/retrieve_joined_tables.py
[2024-02-02T17:31:48.183+0000] {processor.py:841} WARNING - No viable dags retrieved from /opt/airflow/dags/retrieve_joined_tables.py
[2024-02-02T17:31:48.192+0000] {processor.py:179} INFO - Processing /opt/airflow/dags/retrieve_joined_tables.py took 0.019 seconds
[2024-02-02T17:32:18.689+0000] {processor.py:157} INFO - Started process (PID=2518) to work on /opt/airflow/dags/retrieve_joined_tables.py
[2024-02-02T17:32:18.689+0000] {processor.py:829} INFO - Processing file /opt/airflow/dags/retrieve_joined_tables.py for tasks to queue
[2024-02-02T17:32:18.690+0000] {logging_mixin.py:154} INFO - [2024-02-02T17:32:18.690+0000] {dagbag.py:536} INFO - Filling up the DagBag from /opt/airflow/dags/retrieve_joined_tables.py
[2024-02-02T17:32:18.695+0000] {processor.py:841} WARNING - No viable dags retrieved from /opt/airflow/dags/retrieve_joined_tables.py
[2024-02-02T17:32:18.704+0000] {processor.py:179} INFO - Processing /opt/airflow/dags/retrieve_joined_tables.py took 0.018 seconds
[2024-02-02T17:32:49.209+0000] {processor.py:157} INFO - Started process (PID=2575) to work on /opt/airflow/dags/retrieve_joined_tables.py
[2024-02-02T17:32:49.210+0000] {processor.py:829} INFO - Processing file /opt/airflow/dags/retrieve_joined_tables.py for tasks to queue
[2024-02-02T17:32:49.211+0000] {logging_mixin.py:154} INFO - [2024-02-02T17:32:49.211+0000] {dagbag.py:536} INFO - Filling up the DagBag from /opt/airflow/dags/retrieve_joined_tables.py
[2024-02-02T17:32:49.217+0000] {processor.py:841} WARNING - No viable dags retrieved from /opt/airflow/dags/retrieve_joined_tables.py
[2024-02-02T17:32:49.226+0000] {processor.py:179} INFO - Processing /opt/airflow/dags/retrieve_joined_tables.py took 0.020 seconds
[2024-02-02T17:33:19.718+0000] {processor.py:157} INFO - Started process (PID=2627) to work on /opt/airflow/dags/retrieve_joined_tables.py
[2024-02-02T17:33:19.718+0000] {processor.py:829} INFO - Processing file /opt/airflow/dags/retrieve_joined_tables.py for tasks to queue
[2024-02-02T17:33:19.719+0000] {logging_mixin.py:154} INFO - [2024-02-02T17:33:19.719+0000] {dagbag.py:536} INFO - Filling up the DagBag from /opt/airflow/dags/retrieve_joined_tables.py
[2024-02-02T17:33:19.725+0000] {processor.py:841} WARNING - No viable dags retrieved from /opt/airflow/dags/retrieve_joined_tables.py
[2024-02-02T17:33:19.735+0000] {processor.py:179} INFO - Processing /opt/airflow/dags/retrieve_joined_tables.py took 0.019 seconds
[2024-02-02T17:33:50.190+0000] {processor.py:157} INFO - Started process (PID=2679) to work on /opt/airflow/dags/retrieve_joined_tables.py
[2024-02-02T17:33:50.191+0000] {processor.py:829} INFO - Processing file /opt/airflow/dags/retrieve_joined_tables.py for tasks to queue
[2024-02-02T17:33:50.191+0000] {logging_mixin.py:154} INFO - [2024-02-02T17:33:50.191+0000] {dagbag.py:536} INFO - Filling up the DagBag from /opt/airflow/dags/retrieve_joined_tables.py
[2024-02-02T17:33:50.197+0000] {processor.py:841} WARNING - No viable dags retrieved from /opt/airflow/dags/retrieve_joined_tables.py
[2024-02-02T17:33:50.206+0000] {processor.py:179} INFO - Processing /opt/airflow/dags/retrieve_joined_tables.py took 0.018 seconds
[2024-02-02T17:34:20.723+0000] {processor.py:157} INFO - Started process (PID=2731) to work on /opt/airflow/dags/retrieve_joined_tables.py
[2024-02-02T17:34:20.724+0000] {processor.py:829} INFO - Processing file /opt/airflow/dags/retrieve_joined_tables.py for tasks to queue
[2024-02-02T17:34:20.724+0000] {logging_mixin.py:154} INFO - [2024-02-02T17:34:20.724+0000] {dagbag.py:536} INFO - Filling up the DagBag from /opt/airflow/dags/retrieve_joined_tables.py
[2024-02-02T17:34:20.730+0000] {processor.py:841} WARNING - No viable dags retrieved from /opt/airflow/dags/retrieve_joined_tables.py
[2024-02-02T17:34:20.739+0000] {processor.py:179} INFO - Processing /opt/airflow/dags/retrieve_joined_tables.py took 0.018 seconds
[2024-02-02T17:34:51.295+0000] {processor.py:157} INFO - Started process (PID=2790) to work on /opt/airflow/dags/retrieve_joined_tables.py
[2024-02-02T17:34:51.296+0000] {processor.py:829} INFO - Processing file /opt/airflow/dags/retrieve_joined_tables.py for tasks to queue
[2024-02-02T17:34:51.296+0000] {logging_mixin.py:154} INFO - [2024-02-02T17:34:51.296+0000] {dagbag.py:536} INFO - Filling up the DagBag from /opt/airflow/dags/retrieve_joined_tables.py
[2024-02-02T17:34:51.302+0000] {processor.py:841} WARNING - No viable dags retrieved from /opt/airflow/dags/retrieve_joined_tables.py
[2024-02-02T17:34:51.311+0000] {processor.py:179} INFO - Processing /opt/airflow/dags/retrieve_joined_tables.py took 0.018 seconds
[2024-02-02T17:35:21.949+0000] {processor.py:157} INFO - Started process (PID=2842) to work on /opt/airflow/dags/retrieve_joined_tables.py
[2024-02-02T17:35:21.949+0000] {processor.py:829} INFO - Processing file /opt/airflow/dags/retrieve_joined_tables.py for tasks to queue
[2024-02-02T17:35:21.950+0000] {logging_mixin.py:154} INFO - [2024-02-02T17:35:21.949+0000] {dagbag.py:536} INFO - Filling up the DagBag from /opt/airflow/dags/retrieve_joined_tables.py
[2024-02-02T17:35:21.956+0000] {processor.py:841} WARNING - No viable dags retrieved from /opt/airflow/dags/retrieve_joined_tables.py
[2024-02-02T17:35:21.965+0000] {processor.py:179} INFO - Processing /opt/airflow/dags/retrieve_joined_tables.py took 0.018 seconds
[2024-02-02T17:35:52.541+0000] {processor.py:157} INFO - Started process (PID=2894) to work on /opt/airflow/dags/retrieve_joined_tables.py
[2024-02-02T17:35:52.541+0000] {processor.py:829} INFO - Processing file /opt/airflow/dags/retrieve_joined_tables.py for tasks to queue
[2024-02-02T17:35:52.542+0000] {logging_mixin.py:154} INFO - [2024-02-02T17:35:52.541+0000] {dagbag.py:536} INFO - Filling up the DagBag from /opt/airflow/dags/retrieve_joined_tables.py
[2024-02-02T17:35:52.548+0000] {processor.py:841} WARNING - No viable dags retrieved from /opt/airflow/dags/retrieve_joined_tables.py
[2024-02-02T17:35:52.557+0000] {processor.py:179} INFO - Processing /opt/airflow/dags/retrieve_joined_tables.py took 0.018 seconds
[2024-02-02T17:36:23.141+0000] {processor.py:157} INFO - Started process (PID=2946) to work on /opt/airflow/dags/retrieve_joined_tables.py
[2024-02-02T17:36:23.141+0000] {processor.py:829} INFO - Processing file /opt/airflow/dags/retrieve_joined_tables.py for tasks to queue
[2024-02-02T17:36:23.142+0000] {logging_mixin.py:154} INFO - [2024-02-02T17:36:23.142+0000] {dagbag.py:536} INFO - Filling up the DagBag from /opt/airflow/dags/retrieve_joined_tables.py
[2024-02-02T17:36:23.148+0000] {processor.py:841} WARNING - No viable dags retrieved from /opt/airflow/dags/retrieve_joined_tables.py
[2024-02-02T17:36:23.157+0000] {processor.py:179} INFO - Processing /opt/airflow/dags/retrieve_joined_tables.py took 0.018 seconds
[2024-02-02T17:36:53.769+0000] {processor.py:157} INFO - Started process (PID=2998) to work on /opt/airflow/dags/retrieve_joined_tables.py
[2024-02-02T17:36:53.770+0000] {processor.py:829} INFO - Processing file /opt/airflow/dags/retrieve_joined_tables.py for tasks to queue
[2024-02-02T17:36:53.770+0000] {logging_mixin.py:154} INFO - [2024-02-02T17:36:53.770+0000] {dagbag.py:536} INFO - Filling up the DagBag from /opt/airflow/dags/retrieve_joined_tables.py
[2024-02-02T17:36:53.776+0000] {processor.py:841} WARNING - No viable dags retrieved from /opt/airflow/dags/retrieve_joined_tables.py
[2024-02-02T17:36:53.785+0000] {processor.py:179} INFO - Processing /opt/airflow/dags/retrieve_joined_tables.py took 0.018 seconds
[2024-02-02T17:37:24.431+0000] {processor.py:157} INFO - Started process (PID=3050) to work on /opt/airflow/dags/retrieve_joined_tables.py
[2024-02-02T17:37:24.432+0000] {processor.py:829} INFO - Processing file /opt/airflow/dags/retrieve_joined_tables.py for tasks to queue
[2024-02-02T17:37:24.433+0000] {logging_mixin.py:154} INFO - [2024-02-02T17:37:24.433+0000] {dagbag.py:536} INFO - Filling up the DagBag from /opt/airflow/dags/retrieve_joined_tables.py
[2024-02-02T17:37:24.439+0000] {processor.py:841} WARNING - No viable dags retrieved from /opt/airflow/dags/retrieve_joined_tables.py
[2024-02-02T17:37:24.448+0000] {processor.py:179} INFO - Processing /opt/airflow/dags/retrieve_joined_tables.py took 0.018 seconds
[2024-02-02T17:37:55.032+0000] {processor.py:157} INFO - Started process (PID=3102) to work on /opt/airflow/dags/retrieve_joined_tables.py
[2024-02-02T17:37:55.033+0000] {processor.py:829} INFO - Processing file /opt/airflow/dags/retrieve_joined_tables.py for tasks to queue
[2024-02-02T17:37:55.033+0000] {logging_mixin.py:154} INFO - [2024-02-02T17:37:55.033+0000] {dagbag.py:536} INFO - Filling up the DagBag from /opt/airflow/dags/retrieve_joined_tables.py
[2024-02-02T17:37:55.039+0000] {processor.py:841} WARNING - No viable dags retrieved from /opt/airflow/dags/retrieve_joined_tables.py
[2024-02-02T17:37:55.049+0000] {processor.py:179} INFO - Processing /opt/airflow/dags/retrieve_joined_tables.py took 0.018 seconds
[2024-02-02T17:38:25.700+0000] {processor.py:157} INFO - Started process (PID=3154) to work on /opt/airflow/dags/retrieve_joined_tables.py
[2024-02-02T17:38:25.700+0000] {processor.py:829} INFO - Processing file /opt/airflow/dags/retrieve_joined_tables.py for tasks to queue
[2024-02-02T17:38:25.701+0000] {logging_mixin.py:154} INFO - [2024-02-02T17:38:25.701+0000] {dagbag.py:536} INFO - Filling up the DagBag from /opt/airflow/dags/retrieve_joined_tables.py
[2024-02-02T17:38:25.707+0000] {processor.py:841} WARNING - No viable dags retrieved from /opt/airflow/dags/retrieve_joined_tables.py
[2024-02-02T17:38:25.716+0000] {processor.py:179} INFO - Processing /opt/airflow/dags/retrieve_joined_tables.py took 0.018 seconds
[2024-02-02T17:38:56.341+0000] {processor.py:157} INFO - Started process (PID=3206) to work on /opt/airflow/dags/retrieve_joined_tables.py
[2024-02-02T17:38:56.341+0000] {processor.py:829} INFO - Processing file /opt/airflow/dags/retrieve_joined_tables.py for tasks to queue
[2024-02-02T17:38:56.342+0000] {logging_mixin.py:154} INFO - [2024-02-02T17:38:56.342+0000] {dagbag.py:536} INFO - Filling up the DagBag from /opt/airflow/dags/retrieve_joined_tables.py
[2024-02-02T17:38:56.348+0000] {processor.py:841} WARNING - No viable dags retrieved from /opt/airflow/dags/retrieve_joined_tables.py
[2024-02-02T17:38:56.357+0000] {processor.py:179} INFO - Processing /opt/airflow/dags/retrieve_joined_tables.py took 0.018 seconds
