[2023-12-20T01:56:57.374+0000] {taskinstance.py:1159} INFO - Dependencies all met for dep_context=non-requeueable deps ti=<TaskInstance: Caravan_Insurance_Challenge_Project-v01.remove_unnecessary_columns.remove_unnecessary_columns.remove_ORIGIN_col scheduled__2023-12-01T00:00:00+00:00 [queued]>
[2023-12-20T01:56:57.378+0000] {taskinstance.py:1159} INFO - Dependencies all met for dep_context=requeueable deps ti=<TaskInstance: Caravan_Insurance_Challenge_Project-v01.remove_unnecessary_columns.remove_unnecessary_columns.remove_ORIGIN_col scheduled__2023-12-01T00:00:00+00:00 [queued]>
[2023-12-20T01:56:57.378+0000] {taskinstance.py:1361} INFO - Starting attempt 1 of 6
[2023-12-20T01:56:57.383+0000] {taskinstance.py:1382} INFO - Executing <Task(PostgresOperator): remove_unnecessary_columns.remove_ORIGIN_col> on 2023-12-01 00:00:00+00:00
[2023-12-20T01:56:57.386+0000] {standard_task_runner.py:57} INFO - Started process 493 to run task
[2023-12-20T01:56:57.389+0000] {standard_task_runner.py:84} INFO - Running: ['***', 'tasks', 'run', 'Caravan_Insurance_Challenge_Project-v01.remove_unnecessary_columns', 'remove_unnecessary_columns.remove_ORIGIN_col', 'scheduled__2023-12-01T00:00:00+00:00', '--job-id', '7', '--raw', '--subdir', 'DAGS_FOLDER/Caravan Insurance Challenge.py', '--cfg-path', '/tmp/tmpqqgofuga']
[2023-12-20T01:56:57.391+0000] {standard_task_runner.py:85} INFO - Job 7: Subtask remove_unnecessary_columns.remove_ORIGIN_col
[2023-12-20T01:56:57.425+0000] {task_command.py:416} INFO - Running <TaskInstance: Caravan_Insurance_Challenge_Project-v01.remove_unnecessary_columns.remove_unnecessary_columns.remove_ORIGIN_col scheduled__2023-12-01T00:00:00+00:00 [running]> on host 32d3fe7a7987
[2023-12-20T01:56:57.471+0000] {taskinstance.py:1662} INFO - Exporting env vars: AIRFLOW_CTX_DAG_OWNER='dunnbc22' AIRFLOW_CTX_DAG_ID='Caravan_Insurance_Challenge_Project-v01.remove_unnecessary_columns' AIRFLOW_CTX_TASK_ID='remove_unnecessary_columns.remove_ORIGIN_col' AIRFLOW_CTX_EXECUTION_DATE='2023-12-01T00:00:00+00:00' AIRFLOW_CTX_TRY_NUMBER='1' AIRFLOW_CTX_DAG_RUN_ID='scheduled__2023-12-01T00:00:00+00:00'
[2023-12-20T01:56:57.472+0000] {sql.py:274} INFO - Executing: -- table_name, column_name
ALTER TABLE pipeline_caravan_insurance
DROP COLUMN ORIGIN;
[2023-12-20T01:56:57.478+0000] {base.py:73} INFO - Using connection ID 'postgres_conn' for task execution.
[2023-12-20T01:56:57.483+0000] {base.py:73} INFO - Using connection ID 'postgres_conn' for task execution.
[2023-12-20T01:56:57.489+0000] {sql.py:418} INFO - Running statement: -- table_name, column_name
ALTER TABLE pipeline_caravan_insurance
DROP COLUMN ORIGIN;, parameters: None
[2023-12-20T01:56:57.498+0000] {taskinstance.py:1400} INFO - Marking task as SUCCESS. dag_id=Caravan_Insurance_Challenge_Project-v01.remove_unnecessary_columns, task_id=remove_unnecessary_columns.remove_ORIGIN_col, execution_date=20231201T000000, start_date=20231220T015657, end_date=20231220T015657
[2023-12-20T01:56:57.524+0000] {local_task_job_runner.py:228} INFO - Task exited with return code 0
[2023-12-20T01:56:57.536+0000] {taskinstance.py:2778} INFO - 0 downstream tasks scheduled from follow-on schedule check
