[2023-12-20T18:01:53.091+0000] {taskinstance.py:1159} INFO - Dependencies all met for dep_context=non-requeueable deps ti=<TaskInstance: Gourmet_Food_Procurement_Data-v01.impute_missing_values.impute_Total_Cost_with_median scheduled__2023-12-01T00:00:00+00:00 [queued]>
[2023-12-20T18:01:53.095+0000] {taskinstance.py:1159} INFO - Dependencies all met for dep_context=requeueable deps ti=<TaskInstance: Gourmet_Food_Procurement_Data-v01.impute_missing_values.impute_Total_Cost_with_median scheduled__2023-12-01T00:00:00+00:00 [queued]>
[2023-12-20T18:01:53.095+0000] {taskinstance.py:1361} INFO - Starting attempt 5 of 6
[2023-12-20T18:01:53.101+0000] {taskinstance.py:1382} INFO - Executing <Task(PostgresOperator): impute_Total_Cost_with_median> on 2023-12-01 00:00:00+00:00
[2023-12-20T18:01:53.104+0000] {standard_task_runner.py:57} INFO - Started process 1309 to run task
[2023-12-20T18:01:53.106+0000] {standard_task_runner.py:84} INFO - Running: ['***', 'tasks', 'run', 'Gourmet_Food_Procurement_Data-v01.impute_missing_values', 'impute_Total_Cost_with_median', 'scheduled__2023-12-01T00:00:00+00:00', '--job-id', '12', '--raw', '--subdir', 'DAGS_FOLDER/Gourmet_Food_Procurement_Data.py', '--cfg-path', '/tmp/tmplad5i9p1']
[2023-12-20T18:01:53.108+0000] {standard_task_runner.py:85} INFO - Job 12: Subtask impute_Total_Cost_with_median
[2023-12-20T18:01:53.141+0000] {task_command.py:416} INFO - Running <TaskInstance: Gourmet_Food_Procurement_Data-v01.impute_missing_values.impute_Total_Cost_with_median scheduled__2023-12-01T00:00:00+00:00 [running]> on host 064e84e7d61d
[2023-12-20T18:01:53.184+0000] {taskinstance.py:1662} INFO - Exporting env vars: AIRFLOW_CTX_DAG_OWNER='dunnbc22' AIRFLOW_CTX_DAG_ID='Gourmet_Food_Procurement_Data-v01.impute_missing_values' AIRFLOW_CTX_TASK_ID='impute_Total_Cost_with_median' AIRFLOW_CTX_EXECUTION_DATE='2023-12-01T00:00:00+00:00' AIRFLOW_CTX_TRY_NUMBER='5' AIRFLOW_CTX_DAG_RUN_ID='scheduled__2023-12-01T00:00:00+00:00'
[2023-12-20T18:01:53.185+0000] {sql.py:274} INFO - Executing: -- params: table_name, column_name

UPDATE gourmet_food_procurement_data_pipeline
SET Total_Cost = subquery.median_value
FROM (
    SELECT 
        Total_Cost,
        CASE 
            WHEN COUNT(*) % 2 = 1 THEN percentile_cont(0.5) WITHIN GROUP (ORDER BY Total_Cost::numeric) 
            ELSE AVG(CASE WHEN Total_Cost IS NOT NULL THEN Total_Cost END)
        END AS median_value
    FROM gourmet_food_procurement_data_pipeline
    WHERE gourmet_food_procurement_data_pipeline.Total_Cost IS NOT NULL
    GROUP BY gourmet_food_procurement_data_pipeline.Total_Cost
) AS subquery
WHERE gourmet_food_procurement_data_pipeline.Total_Cost IS NULL;
[2023-12-20T18:01:53.191+0000] {base.py:73} INFO - Using connection ID 'postgres_conn' for task execution.
[2023-12-20T18:01:53.197+0000] {base.py:73} INFO - Using connection ID 'postgres_conn' for task execution.
[2023-12-20T18:01:53.204+0000] {sql.py:418} INFO - Running statement: -- params: table_name, column_name

UPDATE gourmet_food_procurement_data_pipeline
SET Total_Cost = subquery.median_value
FROM (
    SELECT 
        Total_Cost,
        CASE 
            WHEN COUNT(*) % 2 = 1 THEN percentile_cont(0.5) WITHIN GROUP (ORDER BY Total_Cost::numeric) 
            ELSE AVG(CASE WHEN Total_Cost IS NOT NULL THEN Total_Cost END)
        END AS median_value
    FROM gourmet_food_procurement_data_pipeline
    WHERE gourmet_food_procurement_data_pipeline.Total_Cost IS NOT NULL
    GROUP BY gourmet_food_procurement_data_pipeline.Total_Cost
) AS subquery
WHERE gourmet_food_procurement_data_pipeline.Total_Cost IS NULL;, parameters: None
[2023-12-20T18:02:07.614+0000] {sql.py:427} INFO - Rows affected: 13441
[2023-12-20T18:02:07.639+0000] {taskinstance.py:1400} INFO - Marking task as SUCCESS. dag_id=Gourmet_Food_Procurement_Data-v01.impute_missing_values, task_id=impute_Total_Cost_with_median, execution_date=20231201T000000, start_date=20231220T180153, end_date=20231220T180207
[2023-12-20T18:02:07.702+0000] {local_task_job_runner.py:228} INFO - Task exited with return code 0
[2023-12-20T18:02:07.737+0000] {taskinstance.py:2778} INFO - 0 downstream tasks scheduled from follow-on schedule check
