[2023-12-11T06:06:07.498+0000] {taskinstance.py:1159} INFO - Dependencies all met for dep_context=non-requeueable deps ti=<TaskInstance: Different_Store_Sales-v01.insert_fk_into_fact_table.insert_fk_col_in_fact_table_region scheduled__2023-12-01T00:00:00+00:00 [queued]>
[2023-12-11T06:06:07.506+0000] {taskinstance.py:1159} INFO - Dependencies all met for dep_context=requeueable deps ti=<TaskInstance: Different_Store_Sales-v01.insert_fk_into_fact_table.insert_fk_col_in_fact_table_region scheduled__2023-12-01T00:00:00+00:00 [queued]>
[2023-12-11T06:06:07.506+0000] {taskinstance.py:1361} INFO - Starting attempt 1 of 6
[2023-12-11T06:06:07.520+0000] {taskinstance.py:1382} INFO - Executing <Task(PostgresOperator): insert_fk_col_in_fact_table_region> on 2023-12-01 00:00:00+00:00
[2023-12-11T06:06:07.527+0000] {standard_task_runner.py:57} INFO - Started process 962 to run task
[2023-12-11T06:06:07.530+0000] {standard_task_runner.py:84} INFO - Running: ['***', 'tasks', 'run', 'Different_Store_Sales-v01.insert_fk_into_fact_table', 'insert_fk_col_in_fact_table_region', 'scheduled__2023-12-01T00:00:00+00:00', '--job-id', '25', '--raw', '--subdir', 'DAGS_FOLDER/Diff_Store_Sales.py', '--cfg-path', '/tmp/tmpo090gcy9']
[2023-12-11T06:06:07.533+0000] {standard_task_runner.py:85} INFO - Job 25: Subtask insert_fk_col_in_fact_table_region
[2023-12-11T06:06:07.586+0000] {task_command.py:416} INFO - Running <TaskInstance: Different_Store_Sales-v01.insert_fk_into_fact_table.insert_fk_col_in_fact_table_region scheduled__2023-12-01T00:00:00+00:00 [running]> on host 9b443e5c8ded
[2023-12-11T06:06:07.649+0000] {taskinstance.py:1662} INFO - Exporting env vars: AIRFLOW_CTX_DAG_OWNER='dunnbc22' AIRFLOW_CTX_DAG_ID='Different_Store_Sales-v01.insert_fk_into_fact_table' AIRFLOW_CTX_TASK_ID='insert_fk_col_in_fact_table_region' AIRFLOW_CTX_EXECUTION_DATE='2023-12-01T00:00:00+00:00' AIRFLOW_CTX_TRY_NUMBER='1' AIRFLOW_CTX_DAG_RUN_ID='scheduled__2023-12-01T00:00:00+00:00'
[2023-12-11T06:06:07.650+0000] {sql.py:274} INFO - Executing: -- params: table_name, dimension_col

/*
Steps 1-3 were completed in the create_dim_table.sql 
file & associated PostgresOperator
*/


-- Step 4: Add foreign key column to fact table
ALTER TABLE dif_store_sales
ADD COLUMN region_id INTEGER;

-- Step 4: Update foreign key column to fact table with 
-- appropriate id (that matches with dim table)
UPDATE dif_store_sales
SET region_id = dimension_table_region.id
FROM dimension_table_region
WHERE COALESCE(dif_store_sales.region::text, '') = COALESCE(dimension_table_region.region::text, '');
[2023-12-11T06:06:07.659+0000] {base.py:73} INFO - Using connection ID 'postgres_conn' for task execution.
[2023-12-11T06:06:07.666+0000] {base.py:73} INFO - Using connection ID 'postgres_conn' for task execution.
[2023-12-11T06:06:07.671+0000] {sql.py:418} INFO - Running statement: -- params: table_name, dimension_col

/*
Steps 1-3 were completed in the create_dim_table.sql 
file & associated PostgresOperator
*/


-- Step 4: Add foreign key column to fact table
ALTER TABLE dif_store_sales
ADD COLUMN region_id INTEGER;

-- Step 4: Update foreign key column to fact table with 
-- appropriate id (that matches with dim table)
UPDATE dif_store_sales
SET region_id = dimension_table_region.id
FROM dimension_table_region
WHERE COALESCE(dif_store_sales.region::text, '') = COALESCE(dimension_table_region.region::text, '');, parameters: None
[2023-12-11T06:06:09.391+0000] {sql.py:427} INFO - Rows affected: 94423
[2023-12-11T06:06:09.401+0000] {taskinstance.py:1400} INFO - Marking task as SUCCESS. dag_id=Different_Store_Sales-v01.insert_fk_into_fact_table, task_id=insert_fk_col_in_fact_table_region, execution_date=20231201T000000, start_date=20231211T060607, end_date=20231211T060609
[2023-12-11T06:06:09.429+0000] {local_task_job_runner.py:228} INFO - Task exited with return code 0
[2023-12-11T06:06:09.445+0000] {taskinstance.py:2778} INFO - 0 downstream tasks scheduled from follow-on schedule check
