[2023-12-19T04:59:15.187+0000] {taskinstance.py:1159} INFO - Dependencies all met for dep_context=non-requeueable deps ti=<TaskInstance: bank_and_cc_complaints-v01.create_dim_tables.create_dim_sub_product_table scheduled__2023-12-01T00:00:00+00:00 [queued]>
[2023-12-19T04:59:15.203+0000] {taskinstance.py:1159} INFO - Dependencies all met for dep_context=requeueable deps ti=<TaskInstance: bank_and_cc_complaints-v01.create_dim_tables.create_dim_sub_product_table scheduled__2023-12-01T00:00:00+00:00 [queued]>
[2023-12-19T04:59:15.206+0000] {taskinstance.py:1361} INFO - Starting attempt 1 of 6
[2023-12-19T04:59:15.221+0000] {taskinstance.py:1382} INFO - Executing <Task(PostgresOperator): create_dim_sub_product_table> on 2023-12-01 00:00:00+00:00
[2023-12-19T04:59:15.226+0000] {standard_task_runner.py:57} INFO - Started process 944 to run task
[2023-12-19T04:59:15.235+0000] {standard_task_runner.py:84} INFO - Running: ['***', 'tasks', 'run', 'bank_and_cc_complaints-v01.create_dim_tables', 'create_dim_sub_product_table', 'scheduled__2023-12-01T00:00:00+00:00', '--job-id', '25', '--raw', '--subdir', 'DAGS_FOLDER/bank_and_cc_complaints.py', '--cfg-path', '/tmp/tmp1e3x8wo7']
[2023-12-19T04:59:15.238+0000] {standard_task_runner.py:85} INFO - Job 25: Subtask create_dim_sub_product_table
[2023-12-19T04:59:15.299+0000] {task_command.py:416} INFO - Running <TaskInstance: bank_and_cc_complaints-v01.create_dim_tables.create_dim_sub_product_table scheduled__2023-12-01T00:00:00+00:00 [running]> on host 2ee4b7dc3cc7
[2023-12-19T04:59:15.385+0000] {taskinstance.py:1662} INFO - Exporting env vars: AIRFLOW_CTX_DAG_OWNER='dunnbc22' AIRFLOW_CTX_DAG_ID='bank_and_cc_complaints-v01.create_dim_tables' AIRFLOW_CTX_TASK_ID='create_dim_sub_product_table' AIRFLOW_CTX_EXECUTION_DATE='2023-12-01T00:00:00+00:00' AIRFLOW_CTX_TRY_NUMBER='1' AIRFLOW_CTX_DAG_RUN_ID='scheduled__2023-12-01T00:00:00+00:00'
[2023-12-19T04:59:15.387+0000] {sql.py:274} INFO - Executing: -- params: table_name, dimension_col, data_type

-- Step 1: Extract Unique Values
CREATE TEMPORARY TABLE unique_values_sub_product AS
SELECT DISTINCT sub_product FROM ***_complaints;

-- Step 2: Create Dimension Table
DROP TABLE IF EXISTS dimension_table_sub_product;
CREATE TABLE dimension_table_sub_product (
    id SERIAL PRIMARY KEY,
    sub_product VARCHAR
);

-- Step 3: Insert unique values into dimension table
INSERT INTO dimension_table_sub_product (sub_product)
SELECT * FROM unique_values_sub_product;
[2023-12-19T04:59:15.399+0000] {base.py:73} INFO - Using connection ID 'postgres_conn' for task execution.
[2023-12-19T04:59:15.412+0000] {base.py:73} INFO - Using connection ID 'postgres_conn' for task execution.
[2023-12-19T04:59:15.421+0000] {sql.py:418} INFO - Running statement: -- params: table_name, dimension_col, data_type

-- Step 1: Extract Unique Values
CREATE TEMPORARY TABLE unique_values_sub_product AS
SELECT DISTINCT sub_product FROM ***_complaints;

-- Step 2: Create Dimension Table
DROP TABLE IF EXISTS dimension_table_sub_product;
CREATE TABLE dimension_table_sub_product (
    id SERIAL PRIMARY KEY,
    sub_product VARCHAR
);

-- Step 3: Insert unique values into dimension table
INSERT INTO dimension_table_sub_product (sub_product)
SELECT * FROM unique_values_sub_product;, parameters: None
[2023-12-19T04:59:15.464+0000] {sql.py:427} INFO - Rows affected: 6
[2023-12-19T04:59:15.483+0000] {taskinstance.py:1400} INFO - Marking task as SUCCESS. dag_id=bank_and_cc_complaints-v01.create_dim_tables, task_id=create_dim_sub_product_table, execution_date=20231201T000000, start_date=20231219T045915, end_date=20231219T045915
[2023-12-19T04:59:15.532+0000] {local_task_job_runner.py:228} INFO - Task exited with return code 0
[2023-12-19T04:59:15.568+0000] {taskinstance.py:2778} INFO - 0 downstream tasks scheduled from follow-on schedule check
