[2023-12-11T20:52:21.987+0000] {taskinstance.py:1159} INFO - Dependencies all met for dep_context=non-requeueable deps ti=<TaskInstance: Insurance_Prod_Purchase_Pred-v01.insert_fk_into_fact_table.insert_fk_col_in_fact_table_risk_factor scheduled__2023-12-01T00:00:00+00:00 [queued]>
[2023-12-11T20:52:21.996+0000] {taskinstance.py:1159} INFO - Dependencies all met for dep_context=requeueable deps ti=<TaskInstance: Insurance_Prod_Purchase_Pred-v01.insert_fk_into_fact_table.insert_fk_col_in_fact_table_risk_factor scheduled__2023-12-01T00:00:00+00:00 [queued]>
[2023-12-11T20:52:21.997+0000] {taskinstance.py:1361} INFO - Starting attempt 1 of 6
[2023-12-11T20:52:22.010+0000] {taskinstance.py:1382} INFO - Executing <Task(PostgresOperator): insert_fk_col_in_fact_table_risk_factor> on 2023-12-01 00:00:00+00:00
[2023-12-11T20:52:22.015+0000] {standard_task_runner.py:57} INFO - Started process 1328 to run task
[2023-12-11T20:52:22.020+0000] {standard_task_runner.py:84} INFO - Running: ['***', 'tasks', 'run', 'Insurance_Prod_Purchase_Pred-v01.insert_fk_into_fact_table', 'insert_fk_col_in_fact_table_risk_factor', 'scheduled__2023-12-01T00:00:00+00:00', '--job-id', '21', '--raw', '--subdir', 'DAGS_FOLDER/Insurance_Product_Purchase_Pred.py', '--cfg-path', '/tmp/tmpg06ragli']
[2023-12-11T20:52:22.024+0000] {standard_task_runner.py:85} INFO - Job 21: Subtask insert_fk_col_in_fact_table_risk_factor
[2023-12-11T20:52:22.079+0000] {task_command.py:416} INFO - Running <TaskInstance: Insurance_Prod_Purchase_Pred-v01.insert_fk_into_fact_table.insert_fk_col_in_fact_table_risk_factor scheduled__2023-12-01T00:00:00+00:00 [running]> on host 290fb0bf7dfd
[2023-12-11T20:52:22.262+0000] {taskinstance.py:1662} INFO - Exporting env vars: AIRFLOW_CTX_DAG_OWNER='dunnbc22' AIRFLOW_CTX_DAG_ID='Insurance_Prod_Purchase_Pred-v01.insert_fk_into_fact_table' AIRFLOW_CTX_TASK_ID='insert_fk_col_in_fact_table_risk_factor' AIRFLOW_CTX_EXECUTION_DATE='2023-12-01T00:00:00+00:00' AIRFLOW_CTX_TRY_NUMBER='1' AIRFLOW_CTX_DAG_RUN_ID='scheduled__2023-12-01T00:00:00+00:00'
[2023-12-11T20:52:22.264+0000] {sql.py:274} INFO - Executing: -- params: table_name, dimension_col

/*
Steps 1-3 were completed in the create_dim_table.sql 
file & associated PostgresOperator
*/


-- Step 4: Add foreign key column to fact table
ALTER TABLE insurance_prod_pur_pred
ADD COLUMN risk_factor_id INTEGER;

-- Step 4: Update foreign key column to fact table with 
-- appropriate id (that matches with dim table)
UPDATE insurance_prod_pur_pred
SET risk_factor_id = dimension_table_risk_factor.id
FROM dimension_table_risk_factor
WHERE COALESCE(insurance_prod_pur_pred.risk_factor::text, '') = COALESCE(dimension_table_risk_factor.risk_factor::text, '');
[2023-12-11T20:52:22.276+0000] {base.py:73} INFO - Using connection ID 'postgres_conn' for task execution.
[2023-12-11T20:52:22.289+0000] {base.py:73} INFO - Using connection ID 'postgres_conn' for task execution.
[2023-12-11T20:52:22.306+0000] {sql.py:418} INFO - Running statement: -- params: table_name, dimension_col

/*
Steps 1-3 were completed in the create_dim_table.sql 
file & associated PostgresOperator
*/


-- Step 4: Add foreign key column to fact table
ALTER TABLE insurance_prod_pur_pred
ADD COLUMN risk_factor_id INTEGER;

-- Step 4: Update foreign key column to fact table with 
-- appropriate id (that matches with dim table)
UPDATE insurance_prod_pur_pred
SET risk_factor_id = dimension_table_risk_factor.id
FROM dimension_table_risk_factor
WHERE COALESCE(insurance_prod_pur_pred.risk_factor::text, '') = COALESCE(dimension_table_risk_factor.risk_factor::text, '');, parameters: None
[2023-12-11T20:52:26.070+0000] {sql.py:427} INFO - Rows affected: 659215
[2023-12-11T20:52:26.093+0000] {taskinstance.py:1400} INFO - Marking task as SUCCESS. dag_id=Insurance_Prod_Purchase_Pred-v01.insert_fk_into_fact_table, task_id=insert_fk_col_in_fact_table_risk_factor, execution_date=20231201T000000, start_date=20231211T205221, end_date=20231211T205226
[2023-12-11T20:52:26.138+0000] {local_task_job_runner.py:228} INFO - Task exited with return code 0
[2023-12-11T20:52:26.161+0000] {taskinstance.py:2778} INFO - 0 downstream tasks scheduled from follow-on schedule check
