[2023-12-08T17:19:42.938+0000] {taskinstance.py:1159} INFO - Dependencies all met for dep_context=non-requeueable deps ti=<TaskInstance: Allegheny_Co_Property_Sale_Transactions-v01.insert_fk_into_fact_table.insert_fk_col_in_fact_table_DEEDPAGE scheduled__2023-12-01T00:00:00+00:00 [queued]>
[2023-12-08T17:19:42.956+0000] {taskinstance.py:1159} INFO - Dependencies all met for dep_context=requeueable deps ti=<TaskInstance: Allegheny_Co_Property_Sale_Transactions-v01.insert_fk_into_fact_table.insert_fk_col_in_fact_table_DEEDPAGE scheduled__2023-12-01T00:00:00+00:00 [queued]>
[2023-12-08T17:19:42.957+0000] {taskinstance.py:1361} INFO - Starting attempt 1 of 6
[2023-12-08T17:19:42.978+0000] {taskinstance.py:1382} INFO - Executing <Task(PostgresOperator): insert_fk_col_in_fact_table_DEEDPAGE> on 2023-12-01 00:00:00+00:00
[2023-12-08T17:19:42.981+0000] {standard_task_runner.py:57} INFO - Started process 3289 to run task
[2023-12-08T17:19:42.997+0000] {standard_task_runner.py:84} INFO - Running: ['***', 'tasks', 'run', 'Allegheny_Co_Property_Sale_Transactions-v01.insert_fk_into_fact_table', 'insert_fk_col_in_fact_table_DEEDPAGE', 'scheduled__2023-12-01T00:00:00+00:00', '--job-id', '46', '--raw', '--subdir', 'DAGS_FOLDER/Allegheny Co Property Sale Transactions.py', '--cfg-path', '/tmp/tmp4ukc2mye']
[2023-12-08T17:19:43.004+0000] {standard_task_runner.py:85} INFO - Job 46: Subtask insert_fk_col_in_fact_table_DEEDPAGE
[2023-12-08T17:19:43.074+0000] {task_command.py:416} INFO - Running <TaskInstance: Allegheny_Co_Property_Sale_Transactions-v01.insert_fk_into_fact_table.insert_fk_col_in_fact_table_DEEDPAGE scheduled__2023-12-01T00:00:00+00:00 [running]> on host 1fc866509645
[2023-12-08T17:19:43.184+0000] {taskinstance.py:1662} INFO - Exporting env vars: AIRFLOW_CTX_DAG_OWNER='dunnbc22' AIRFLOW_CTX_DAG_ID='Allegheny_Co_Property_Sale_Transactions-v01.insert_fk_into_fact_table' AIRFLOW_CTX_TASK_ID='insert_fk_col_in_fact_table_DEEDPAGE' AIRFLOW_CTX_EXECUTION_DATE='2023-12-01T00:00:00+00:00' AIRFLOW_CTX_TRY_NUMBER='1' AIRFLOW_CTX_DAG_RUN_ID='scheduled__2023-12-01T00:00:00+00:00'
[2023-12-08T17:19:43.191+0000] {sql.py:274} INFO - Executing: -- params: table_name, dimension_col

/*
Steps 1-3 were completed in the create_dim_table.sql 
file & associated PostgresOperator
*/


-- Step 4: Add foreign key column to fact table
ALTER TABLE allegheny_co_property_sale_transactions
ADD COLUMN DEEDPAGE_id INTEGER;

-- Step 4: Update foreign key column to fact table with 
-- appropriate id (that matches with dim table)
UPDATE allegheny_co_property_sale_transactions
SET DEEDPAGE_id = dimension_table_DEEDPAGE.id
FROM dimension_table_DEEDPAGE
WHERE COALESCE(allegheny_co_property_sale_transactions.DEEDPAGE::text, '') = COALESCE(dimension_table_DEEDPAGE.DEEDPAGE::text, '');


/*
-- this could be the template code for step 4 above to manage columns with both integer & varchar dtypes
UPDATE your_table
SET your_column =
  CASE
    WHEN pg_attribute.attnum > 0 AND pg_attribute.atttypid = 'integer'::regtype THEN your_column::integer + 1
    WHEN pg_attribute.attnum > 0 AND pg_attribute.atttypid = 'character varying'::regtype THEN your_column || '_updated'
    ELSE your_column
  END
FROM pg_attribute
WHERE
  pg_attribute.attname = 'your_column'
  AND pg_attribute.attrelid = 'your_table'::regclass;

*/
[2023-12-08T17:19:43.219+0000] {base.py:73} INFO - Using connection ID 'postgres_conn' for task execution.
[2023-12-08T17:19:43.233+0000] {base.py:73} INFO - Using connection ID 'postgres_conn' for task execution.
[2023-12-08T17:19:43.245+0000] {sql.py:418} INFO - Running statement: -- params: table_name, dimension_col

/*
Steps 1-3 were completed in the create_dim_table.sql 
file & associated PostgresOperator
*/


-- Step 4: Add foreign key column to fact table
ALTER TABLE allegheny_co_property_sale_transactions
ADD COLUMN DEEDPAGE_id INTEGER;

-- Step 4: Update foreign key column to fact table with 
-- appropriate id (that matches with dim table)
UPDATE allegheny_co_property_sale_transactions
SET DEEDPAGE_id = dimension_table_DEEDPAGE.id
FROM dimension_table_DEEDPAGE
WHERE COALESCE(allegheny_co_property_sale_transactions.DEEDPAGE::text, '') = COALESCE(dimension_table_DEEDPAGE.DEEDPAGE::text, '');


/*
-- this could be the template code for step 4 above to manage columns with both integer & varchar dtypes
UPDATE your_table
SET your_column =
  CASE
    WHEN pg_attribute.attnum > 0 AND pg_attribute.atttypid = 'integer'::regtype THEN your_column::integer + 1
    WHEN pg_attribute.attnum > 0 AND pg_attribute.atttypid = 'character varying'::regtype THEN your_column || '_updated'
    ELSE your_column
  END
FROM pg_attribute
WHERE
  pg_attribute.attname = 'your_column'
  AND pg_attribute.attrelid = 'your_table'::regclass;

*/, parameters: None
[2023-12-08T17:19:46.561+0000] {sql.py:427} INFO - Rows affected: 303837
[2023-12-08T17:19:46.587+0000] {taskinstance.py:1400} INFO - Marking task as SUCCESS. dag_id=Allegheny_Co_Property_Sale_Transactions-v01.insert_fk_into_fact_table, task_id=insert_fk_col_in_fact_table_DEEDPAGE, execution_date=20231201T000000, start_date=20231208T171942, end_date=20231208T171946
[2023-12-08T17:19:46.618+0000] {local_task_job_runner.py:228} INFO - Task exited with return code 0
[2023-12-08T17:19:46.633+0000] {taskinstance.py:2778} INFO - 0 downstream tasks scheduled from follow-on schedule check
[2023-12-08T18:07:05.934+0000] {taskinstance.py:1159} INFO - Dependencies all met for dep_context=non-requeueable deps ti=<TaskInstance: Allegheny_Co_Property_Sale_Transactions-v01.insert_fk_into_fact_table.insert_fk_col_in_fact_table_DEEDPAGE scheduled__2023-12-01T00:00:00+00:00 [queued]>
[2023-12-08T18:07:05.950+0000] {taskinstance.py:1159} INFO - Dependencies all met for dep_context=requeueable deps ti=<TaskInstance: Allegheny_Co_Property_Sale_Transactions-v01.insert_fk_into_fact_table.insert_fk_col_in_fact_table_DEEDPAGE scheduled__2023-12-01T00:00:00+00:00 [queued]>
[2023-12-08T18:07:05.951+0000] {taskinstance.py:1361} INFO - Starting attempt 1 of 6
[2023-12-08T18:07:05.969+0000] {taskinstance.py:1382} INFO - Executing <Task(PostgresOperator): insert_fk_col_in_fact_table_DEEDPAGE> on 2023-12-01 00:00:00+00:00
[2023-12-08T18:07:05.975+0000] {standard_task_runner.py:57} INFO - Started process 7330 to run task
[2023-12-08T18:07:05.984+0000] {standard_task_runner.py:84} INFO - Running: ['***', 'tasks', 'run', 'Allegheny_Co_Property_Sale_Transactions-v01.insert_fk_into_fact_table', 'insert_fk_col_in_fact_table_DEEDPAGE', 'scheduled__2023-12-01T00:00:00+00:00', '--job-id', '113', '--raw', '--subdir', 'DAGS_FOLDER/Allegheny Co Property Sale Transactions.py', '--cfg-path', '/tmp/tmpkoqb7a8u']
[2023-12-08T18:07:05.993+0000] {standard_task_runner.py:85} INFO - Job 113: Subtask insert_fk_col_in_fact_table_DEEDPAGE
[2023-12-08T18:07:06.093+0000] {task_command.py:416} INFO - Running <TaskInstance: Allegheny_Co_Property_Sale_Transactions-v01.insert_fk_into_fact_table.insert_fk_col_in_fact_table_DEEDPAGE scheduled__2023-12-01T00:00:00+00:00 [running]> on host 1fc866509645
[2023-12-08T18:07:06.203+0000] {taskinstance.py:1662} INFO - Exporting env vars: AIRFLOW_CTX_DAG_OWNER='dunnbc22' AIRFLOW_CTX_DAG_ID='Allegheny_Co_Property_Sale_Transactions-v01.insert_fk_into_fact_table' AIRFLOW_CTX_TASK_ID='insert_fk_col_in_fact_table_DEEDPAGE' AIRFLOW_CTX_EXECUTION_DATE='2023-12-01T00:00:00+00:00' AIRFLOW_CTX_TRY_NUMBER='1' AIRFLOW_CTX_DAG_RUN_ID='scheduled__2023-12-01T00:00:00+00:00'
[2023-12-08T18:07:06.206+0000] {sql.py:274} INFO - Executing: -- params: table_name, dimension_col

/*
Steps 1-3 were completed in the create_dim_table.sql 
file & associated PostgresOperator
*/


-- Step 4: Add foreign key column to fact table
ALTER TABLE allegheny_co_property_sale_transactions
ADD COLUMN DEEDPAGE_id INTEGER;

-- Step 4: Update foreign key column to fact table with 
-- appropriate id (that matches with dim table)
UPDATE allegheny_co_property_sale_transactions
SET DEEDPAGE_id = dimension_table_DEEDPAGE.id
FROM dimension_table_DEEDPAGE
WHERE COALESCE(allegheny_co_property_sale_transactions.DEEDPAGE::text, '') = COALESCE(dimension_table_DEEDPAGE.DEEDPAGE::text, '');
[2023-12-08T18:07:06.217+0000] {base.py:73} INFO - Using connection ID 'postgres_conn' for task execution.
[2023-12-08T18:07:06.230+0000] {base.py:73} INFO - Using connection ID 'postgres_conn' for task execution.
[2023-12-08T18:07:06.240+0000] {sql.py:418} INFO - Running statement: -- params: table_name, dimension_col

/*
Steps 1-3 were completed in the create_dim_table.sql 
file & associated PostgresOperator
*/


-- Step 4: Add foreign key column to fact table
ALTER TABLE allegheny_co_property_sale_transactions
ADD COLUMN DEEDPAGE_id INTEGER;

-- Step 4: Update foreign key column to fact table with 
-- appropriate id (that matches with dim table)
UPDATE allegheny_co_property_sale_transactions
SET DEEDPAGE_id = dimension_table_DEEDPAGE.id
FROM dimension_table_DEEDPAGE
WHERE COALESCE(allegheny_co_property_sale_transactions.DEEDPAGE::text, '') = COALESCE(dimension_table_DEEDPAGE.DEEDPAGE::text, '');, parameters: None
[2023-12-08T18:07:16.054+0000] {sql.py:427} INFO - Rows affected: 303837
[2023-12-08T18:07:16.082+0000] {taskinstance.py:1400} INFO - Marking task as SUCCESS. dag_id=Allegheny_Co_Property_Sale_Transactions-v01.insert_fk_into_fact_table, task_id=insert_fk_col_in_fact_table_DEEDPAGE, execution_date=20231201T000000, start_date=20231208T180705, end_date=20231208T180716
[2023-12-08T18:07:16.097+0000] {local_task_job_runner.py:228} INFO - Task exited with return code 0
[2023-12-08T18:07:16.115+0000] {taskinstance.py:2778} INFO - 0 downstream tasks scheduled from follow-on schedule check
