[2023-12-20T18:12:37.757+0000] {processor.py:157} INFO - Started process (PID=192) to work on /opt/airflow/dags/clean_up_after_star_schema_creation.py
[2023-12-20T18:12:37.759+0000] {processor.py:829} INFO - Processing file /opt/airflow/dags/clean_up_after_star_schema_creation.py for tasks to queue
[2023-12-20T18:12:37.760+0000] {logging_mixin.py:154} INFO - [2023-12-20T18:12:37.760+0000] {dagbag.py:536} INFO - Filling up the DagBag from /opt/airflow/dags/clean_up_after_star_schema_creation.py
[2023-12-20T18:12:37.770+0000] {processor.py:841} WARNING - No viable dags retrieved from /opt/airflow/dags/clean_up_after_star_schema_creation.py
[2023-12-20T18:12:37.792+0000] {processor.py:179} INFO - Processing /opt/airflow/dags/clean_up_after_star_schema_creation.py took 0.039 seconds
[2023-12-20T18:13:08.337+0000] {processor.py:157} INFO - Started process (PID=224) to work on /opt/airflow/dags/clean_up_after_star_schema_creation.py
[2023-12-20T18:13:08.340+0000] {processor.py:829} INFO - Processing file /opt/airflow/dags/clean_up_after_star_schema_creation.py for tasks to queue
[2023-12-20T18:13:08.342+0000] {logging_mixin.py:154} INFO - [2023-12-20T18:13:08.341+0000] {dagbag.py:536} INFO - Filling up the DagBag from /opt/airflow/dags/clean_up_after_star_schema_creation.py
[2023-12-20T18:13:08.358+0000] {processor.py:841} WARNING - No viable dags retrieved from /opt/airflow/dags/clean_up_after_star_schema_creation.py
[2023-12-20T18:13:08.396+0000] {processor.py:179} INFO - Processing /opt/airflow/dags/clean_up_after_star_schema_creation.py took 0.062 seconds
[2023-12-20T18:13:38.965+0000] {processor.py:157} INFO - Started process (PID=264) to work on /opt/airflow/dags/clean_up_after_star_schema_creation.py
[2023-12-20T18:13:38.966+0000] {processor.py:829} INFO - Processing file /opt/airflow/dags/clean_up_after_star_schema_creation.py for tasks to queue
[2023-12-20T18:13:38.967+0000] {logging_mixin.py:154} INFO - [2023-12-20T18:13:38.966+0000] {dagbag.py:536} INFO - Filling up the DagBag from /opt/airflow/dags/clean_up_after_star_schema_creation.py
[2023-12-20T18:13:38.970+0000] {processor.py:841} WARNING - No viable dags retrieved from /opt/airflow/dags/clean_up_after_star_schema_creation.py
[2023-12-20T18:13:38.980+0000] {processor.py:179} INFO - Processing /opt/airflow/dags/clean_up_after_star_schema_creation.py took 0.017 seconds
[2023-12-20T18:14:09.403+0000] {processor.py:157} INFO - Started process (PID=300) to work on /opt/airflow/dags/clean_up_after_star_schema_creation.py
[2023-12-20T18:14:09.404+0000] {processor.py:829} INFO - Processing file /opt/airflow/dags/clean_up_after_star_schema_creation.py for tasks to queue
[2023-12-20T18:14:09.405+0000] {logging_mixin.py:154} INFO - [2023-12-20T18:14:09.405+0000] {dagbag.py:536} INFO - Filling up the DagBag from /opt/airflow/dags/clean_up_after_star_schema_creation.py
[2023-12-20T18:14:09.413+0000] {processor.py:841} WARNING - No viable dags retrieved from /opt/airflow/dags/clean_up_after_star_schema_creation.py
[2023-12-20T18:14:09.428+0000] {processor.py:179} INFO - Processing /opt/airflow/dags/clean_up_after_star_schema_creation.py took 0.028 seconds
[2023-12-20T18:14:39.467+0000] {processor.py:157} INFO - Started process (PID=341) to work on /opt/airflow/dags/clean_up_after_star_schema_creation.py
[2023-12-20T18:14:39.468+0000] {processor.py:829} INFO - Processing file /opt/airflow/dags/clean_up_after_star_schema_creation.py for tasks to queue
[2023-12-20T18:14:39.468+0000] {logging_mixin.py:154} INFO - [2023-12-20T18:14:39.468+0000] {dagbag.py:536} INFO - Filling up the DagBag from /opt/airflow/dags/clean_up_after_star_schema_creation.py
[2023-12-20T18:14:39.473+0000] {processor.py:841} WARNING - No viable dags retrieved from /opt/airflow/dags/clean_up_after_star_schema_creation.py
[2023-12-20T18:14:39.483+0000] {processor.py:179} INFO - Processing /opt/airflow/dags/clean_up_after_star_schema_creation.py took 0.018 seconds
[2023-12-20T18:15:09.910+0000] {processor.py:157} INFO - Started process (PID=379) to work on /opt/airflow/dags/clean_up_after_star_schema_creation.py
[2023-12-20T18:15:09.911+0000] {processor.py:829} INFO - Processing file /opt/airflow/dags/clean_up_after_star_schema_creation.py for tasks to queue
[2023-12-20T18:15:09.911+0000] {logging_mixin.py:154} INFO - [2023-12-20T18:15:09.911+0000] {dagbag.py:536} INFO - Filling up the DagBag from /opt/airflow/dags/clean_up_after_star_schema_creation.py
[2023-12-20T18:15:09.915+0000] {processor.py:841} WARNING - No viable dags retrieved from /opt/airflow/dags/clean_up_after_star_schema_creation.py
[2023-12-20T18:15:09.924+0000] {processor.py:179} INFO - Processing /opt/airflow/dags/clean_up_after_star_schema_creation.py took 0.016 seconds
[2023-12-20T18:15:40.695+0000] {processor.py:157} INFO - Started process (PID=419) to work on /opt/airflow/dags/clean_up_after_star_schema_creation.py
[2023-12-20T18:15:40.696+0000] {processor.py:829} INFO - Processing file /opt/airflow/dags/clean_up_after_star_schema_creation.py for tasks to queue
[2023-12-20T18:15:40.696+0000] {logging_mixin.py:154} INFO - [2023-12-20T18:15:40.696+0000] {dagbag.py:536} INFO - Filling up the DagBag from /opt/airflow/dags/clean_up_after_star_schema_creation.py
[2023-12-20T18:15:40.701+0000] {processor.py:841} WARNING - No viable dags retrieved from /opt/airflow/dags/clean_up_after_star_schema_creation.py
[2023-12-20T18:15:40.711+0000] {processor.py:179} INFO - Processing /opt/airflow/dags/clean_up_after_star_schema_creation.py took 0.019 seconds
[2023-12-20T18:16:11.176+0000] {processor.py:157} INFO - Started process (PID=462) to work on /opt/airflow/dags/clean_up_after_star_schema_creation.py
[2023-12-20T18:16:11.176+0000] {processor.py:829} INFO - Processing file /opt/airflow/dags/clean_up_after_star_schema_creation.py for tasks to queue
[2023-12-20T18:16:11.177+0000] {logging_mixin.py:154} INFO - [2023-12-20T18:16:11.176+0000] {dagbag.py:536} INFO - Filling up the DagBag from /opt/airflow/dags/clean_up_after_star_schema_creation.py
[2023-12-20T18:16:11.180+0000] {processor.py:841} WARNING - No viable dags retrieved from /opt/airflow/dags/clean_up_after_star_schema_creation.py
[2023-12-20T18:16:11.189+0000] {processor.py:179} INFO - Processing /opt/airflow/dags/clean_up_after_star_schema_creation.py took 0.016 seconds
[2023-12-20T18:16:41.634+0000] {processor.py:157} INFO - Started process (PID=509) to work on /opt/airflow/dags/clean_up_after_star_schema_creation.py
[2023-12-20T18:16:41.635+0000] {processor.py:829} INFO - Processing file /opt/airflow/dags/clean_up_after_star_schema_creation.py for tasks to queue
[2023-12-20T18:16:41.635+0000] {logging_mixin.py:154} INFO - [2023-12-20T18:16:41.635+0000] {dagbag.py:536} INFO - Filling up the DagBag from /opt/airflow/dags/clean_up_after_star_schema_creation.py
[2023-12-20T18:16:41.639+0000] {processor.py:841} WARNING - No viable dags retrieved from /opt/airflow/dags/clean_up_after_star_schema_creation.py
[2023-12-20T18:16:41.648+0000] {processor.py:179} INFO - Processing /opt/airflow/dags/clean_up_after_star_schema_creation.py took 0.016 seconds
[2023-12-20T18:17:12.096+0000] {processor.py:157} INFO - Started process (PID=547) to work on /opt/airflow/dags/clean_up_after_star_schema_creation.py
[2023-12-20T18:17:12.097+0000] {processor.py:829} INFO - Processing file /opt/airflow/dags/clean_up_after_star_schema_creation.py for tasks to queue
[2023-12-20T18:17:12.097+0000] {logging_mixin.py:154} INFO - [2023-12-20T18:17:12.097+0000] {dagbag.py:536} INFO - Filling up the DagBag from /opt/airflow/dags/clean_up_after_star_schema_creation.py
[2023-12-20T18:17:12.101+0000] {processor.py:841} WARNING - No viable dags retrieved from /opt/airflow/dags/clean_up_after_star_schema_creation.py
[2023-12-20T18:17:12.110+0000] {processor.py:179} INFO - Processing /opt/airflow/dags/clean_up_after_star_schema_creation.py took 0.016 seconds
[2023-12-20T18:17:42.645+0000] {processor.py:157} INFO - Started process (PID=585) to work on /opt/airflow/dags/clean_up_after_star_schema_creation.py
[2023-12-20T18:17:42.646+0000] {processor.py:829} INFO - Processing file /opt/airflow/dags/clean_up_after_star_schema_creation.py for tasks to queue
[2023-12-20T18:17:42.646+0000] {logging_mixin.py:154} INFO - [2023-12-20T18:17:42.646+0000] {dagbag.py:536} INFO - Filling up the DagBag from /opt/airflow/dags/clean_up_after_star_schema_creation.py
[2023-12-20T18:17:42.650+0000] {processor.py:841} WARNING - No viable dags retrieved from /opt/airflow/dags/clean_up_after_star_schema_creation.py
[2023-12-20T18:17:42.659+0000] {processor.py:179} INFO - Processing /opt/airflow/dags/clean_up_after_star_schema_creation.py took 0.016 seconds
[2023-12-20T18:18:13.058+0000] {processor.py:157} INFO - Started process (PID=623) to work on /opt/airflow/dags/clean_up_after_star_schema_creation.py
[2023-12-20T18:18:13.059+0000] {processor.py:829} INFO - Processing file /opt/airflow/dags/clean_up_after_star_schema_creation.py for tasks to queue
[2023-12-20T18:18:13.059+0000] {logging_mixin.py:154} INFO - [2023-12-20T18:18:13.059+0000] {dagbag.py:536} INFO - Filling up the DagBag from /opt/airflow/dags/clean_up_after_star_schema_creation.py
[2023-12-20T18:18:13.063+0000] {processor.py:841} WARNING - No viable dags retrieved from /opt/airflow/dags/clean_up_after_star_schema_creation.py
[2023-12-20T18:18:13.072+0000] {processor.py:179} INFO - Processing /opt/airflow/dags/clean_up_after_star_schema_creation.py took 0.017 seconds
[2023-12-20T18:18:43.426+0000] {processor.py:157} INFO - Started process (PID=664) to work on /opt/airflow/dags/clean_up_after_star_schema_creation.py
[2023-12-20T18:18:43.427+0000] {processor.py:829} INFO - Processing file /opt/airflow/dags/clean_up_after_star_schema_creation.py for tasks to queue
[2023-12-20T18:18:43.427+0000] {logging_mixin.py:154} INFO - [2023-12-20T18:18:43.427+0000] {dagbag.py:536} INFO - Filling up the DagBag from /opt/airflow/dags/clean_up_after_star_schema_creation.py
[2023-12-20T18:18:43.431+0000] {processor.py:841} WARNING - No viable dags retrieved from /opt/airflow/dags/clean_up_after_star_schema_creation.py
[2023-12-20T18:18:43.441+0000] {processor.py:179} INFO - Processing /opt/airflow/dags/clean_up_after_star_schema_creation.py took 0.017 seconds
[2023-12-20T18:19:13.847+0000] {processor.py:157} INFO - Started process (PID=702) to work on /opt/airflow/dags/clean_up_after_star_schema_creation.py
[2023-12-20T18:19:13.848+0000] {processor.py:829} INFO - Processing file /opt/airflow/dags/clean_up_after_star_schema_creation.py for tasks to queue
[2023-12-20T18:19:13.848+0000] {logging_mixin.py:154} INFO - [2023-12-20T18:19:13.848+0000] {dagbag.py:536} INFO - Filling up the DagBag from /opt/airflow/dags/clean_up_after_star_schema_creation.py
[2023-12-20T18:19:13.852+0000] {processor.py:841} WARNING - No viable dags retrieved from /opt/airflow/dags/clean_up_after_star_schema_creation.py
[2023-12-20T18:19:13.861+0000] {processor.py:179} INFO - Processing /opt/airflow/dags/clean_up_after_star_schema_creation.py took 0.016 seconds
[2023-12-20T18:19:44.234+0000] {processor.py:157} INFO - Started process (PID=740) to work on /opt/airflow/dags/clean_up_after_star_schema_creation.py
[2023-12-20T18:19:44.234+0000] {processor.py:829} INFO - Processing file /opt/airflow/dags/clean_up_after_star_schema_creation.py for tasks to queue
[2023-12-20T18:19:44.235+0000] {logging_mixin.py:154} INFO - [2023-12-20T18:19:44.235+0000] {dagbag.py:536} INFO - Filling up the DagBag from /opt/airflow/dags/clean_up_after_star_schema_creation.py
[2023-12-20T18:19:44.239+0000] {processor.py:841} WARNING - No viable dags retrieved from /opt/airflow/dags/clean_up_after_star_schema_creation.py
[2023-12-20T18:19:44.248+0000] {processor.py:179} INFO - Processing /opt/airflow/dags/clean_up_after_star_schema_creation.py took 0.016 seconds
[2023-12-20T18:20:14.697+0000] {processor.py:157} INFO - Started process (PID=778) to work on /opt/airflow/dags/clean_up_after_star_schema_creation.py
[2023-12-20T18:20:14.698+0000] {processor.py:829} INFO - Processing file /opt/airflow/dags/clean_up_after_star_schema_creation.py for tasks to queue
[2023-12-20T18:20:14.698+0000] {logging_mixin.py:154} INFO - [2023-12-20T18:20:14.698+0000] {dagbag.py:536} INFO - Filling up the DagBag from /opt/airflow/dags/clean_up_after_star_schema_creation.py
[2023-12-20T18:20:14.703+0000] {processor.py:841} WARNING - No viable dags retrieved from /opt/airflow/dags/clean_up_after_star_schema_creation.py
[2023-12-20T18:20:14.722+0000] {processor.py:179} INFO - Processing /opt/airflow/dags/clean_up_after_star_schema_creation.py took 0.027 seconds
[2023-12-20T18:20:45.221+0000] {processor.py:157} INFO - Started process (PID=819) to work on /opt/airflow/dags/clean_up_after_star_schema_creation.py
[2023-12-20T18:20:45.221+0000] {processor.py:829} INFO - Processing file /opt/airflow/dags/clean_up_after_star_schema_creation.py for tasks to queue
[2023-12-20T18:20:45.222+0000] {logging_mixin.py:154} INFO - [2023-12-20T18:20:45.222+0000] {dagbag.py:536} INFO - Filling up the DagBag from /opt/airflow/dags/clean_up_after_star_schema_creation.py
[2023-12-20T18:20:45.225+0000] {processor.py:841} WARNING - No viable dags retrieved from /opt/airflow/dags/clean_up_after_star_schema_creation.py
[2023-12-20T18:20:45.234+0000] {processor.py:179} INFO - Processing /opt/airflow/dags/clean_up_after_star_schema_creation.py took 0.016 seconds
[2023-12-20T18:21:15.701+0000] {processor.py:157} INFO - Started process (PID=857) to work on /opt/airflow/dags/clean_up_after_star_schema_creation.py
[2023-12-20T18:21:15.702+0000] {processor.py:829} INFO - Processing file /opt/airflow/dags/clean_up_after_star_schema_creation.py for tasks to queue
[2023-12-20T18:21:15.702+0000] {logging_mixin.py:154} INFO - [2023-12-20T18:21:15.702+0000] {dagbag.py:536} INFO - Filling up the DagBag from /opt/airflow/dags/clean_up_after_star_schema_creation.py
[2023-12-20T18:21:15.706+0000] {processor.py:841} WARNING - No viable dags retrieved from /opt/airflow/dags/clean_up_after_star_schema_creation.py
[2023-12-20T18:21:15.715+0000] {processor.py:179} INFO - Processing /opt/airflow/dags/clean_up_after_star_schema_creation.py took 0.016 seconds
[2023-12-20T18:21:46.159+0000] {processor.py:157} INFO - Started process (PID=895) to work on /opt/airflow/dags/clean_up_after_star_schema_creation.py
[2023-12-20T18:21:46.160+0000] {processor.py:829} INFO - Processing file /opt/airflow/dags/clean_up_after_star_schema_creation.py for tasks to queue
[2023-12-20T18:21:46.160+0000] {logging_mixin.py:154} INFO - [2023-12-20T18:21:46.160+0000] {dagbag.py:536} INFO - Filling up the DagBag from /opt/airflow/dags/clean_up_after_star_schema_creation.py
[2023-12-20T18:21:46.164+0000] {processor.py:841} WARNING - No viable dags retrieved from /opt/airflow/dags/clean_up_after_star_schema_creation.py
[2023-12-20T18:21:46.174+0000] {processor.py:179} INFO - Processing /opt/airflow/dags/clean_up_after_star_schema_creation.py took 0.017 seconds
[2023-12-20T18:22:16.260+0000] {processor.py:157} INFO - Started process (PID=945) to work on /opt/airflow/dags/clean_up_after_star_schema_creation.py
[2023-12-20T18:22:16.261+0000] {processor.py:829} INFO - Processing file /opt/airflow/dags/clean_up_after_star_schema_creation.py for tasks to queue
[2023-12-20T18:22:16.262+0000] {logging_mixin.py:154} INFO - [2023-12-20T18:22:16.262+0000] {dagbag.py:536} INFO - Filling up the DagBag from /opt/airflow/dags/clean_up_after_star_schema_creation.py
[2023-12-20T18:22:16.266+0000] {processor.py:841} WARNING - No viable dags retrieved from /opt/airflow/dags/clean_up_after_star_schema_creation.py
[2023-12-20T18:22:16.277+0000] {processor.py:179} INFO - Processing /opt/airflow/dags/clean_up_after_star_schema_creation.py took 0.019 seconds
[2023-12-20T18:22:46.732+0000] {processor.py:157} INFO - Started process (PID=986) to work on /opt/airflow/dags/clean_up_after_star_schema_creation.py
[2023-12-20T18:22:46.733+0000] {processor.py:829} INFO - Processing file /opt/airflow/dags/clean_up_after_star_schema_creation.py for tasks to queue
[2023-12-20T18:22:46.733+0000] {logging_mixin.py:154} INFO - [2023-12-20T18:22:46.733+0000] {dagbag.py:536} INFO - Filling up the DagBag from /opt/airflow/dags/clean_up_after_star_schema_creation.py
[2023-12-20T18:22:46.737+0000] {processor.py:841} WARNING - No viable dags retrieved from /opt/airflow/dags/clean_up_after_star_schema_creation.py
[2023-12-20T18:22:46.746+0000] {processor.py:179} INFO - Processing /opt/airflow/dags/clean_up_after_star_schema_creation.py took 0.016 seconds
[2023-12-20T18:23:17.165+0000] {processor.py:157} INFO - Started process (PID=1024) to work on /opt/airflow/dags/clean_up_after_star_schema_creation.py
[2023-12-20T18:23:17.166+0000] {processor.py:829} INFO - Processing file /opt/airflow/dags/clean_up_after_star_schema_creation.py for tasks to queue
[2023-12-20T18:23:17.167+0000] {logging_mixin.py:154} INFO - [2023-12-20T18:23:17.166+0000] {dagbag.py:536} INFO - Filling up the DagBag from /opt/airflow/dags/clean_up_after_star_schema_creation.py
[2023-12-20T18:23:17.170+0000] {processor.py:841} WARNING - No viable dags retrieved from /opt/airflow/dags/clean_up_after_star_schema_creation.py
[2023-12-20T18:23:17.179+0000] {processor.py:179} INFO - Processing /opt/airflow/dags/clean_up_after_star_schema_creation.py took 0.016 seconds
[2023-12-20T18:23:47.559+0000] {processor.py:157} INFO - Started process (PID=1071) to work on /opt/airflow/dags/clean_up_after_star_schema_creation.py
[2023-12-20T18:23:47.560+0000] {processor.py:829} INFO - Processing file /opt/airflow/dags/clean_up_after_star_schema_creation.py for tasks to queue
[2023-12-20T18:23:47.560+0000] {logging_mixin.py:154} INFO - [2023-12-20T18:23:47.560+0000] {dagbag.py:536} INFO - Filling up the DagBag from /opt/airflow/dags/clean_up_after_star_schema_creation.py
[2023-12-20T18:23:47.564+0000] {processor.py:841} WARNING - No viable dags retrieved from /opt/airflow/dags/clean_up_after_star_schema_creation.py
[2023-12-20T18:23:47.574+0000] {processor.py:179} INFO - Processing /opt/airflow/dags/clean_up_after_star_schema_creation.py took 0.016 seconds
[2023-12-20T18:24:17.990+0000] {processor.py:157} INFO - Started process (PID=1115) to work on /opt/airflow/dags/clean_up_after_star_schema_creation.py
[2023-12-20T18:24:17.990+0000] {processor.py:829} INFO - Processing file /opt/airflow/dags/clean_up_after_star_schema_creation.py for tasks to queue
[2023-12-20T18:24:17.991+0000] {logging_mixin.py:154} INFO - [2023-12-20T18:24:17.991+0000] {dagbag.py:536} INFO - Filling up the DagBag from /opt/airflow/dags/clean_up_after_star_schema_creation.py
[2023-12-20T18:24:17.995+0000] {processor.py:841} WARNING - No viable dags retrieved from /opt/airflow/dags/clean_up_after_star_schema_creation.py
[2023-12-20T18:24:18.004+0000] {processor.py:179} INFO - Processing /opt/airflow/dags/clean_up_after_star_schema_creation.py took 0.016 seconds
[2023-12-20T18:24:48.384+0000] {processor.py:157} INFO - Started process (PID=1153) to work on /opt/airflow/dags/clean_up_after_star_schema_creation.py
[2023-12-20T18:24:48.384+0000] {processor.py:829} INFO - Processing file /opt/airflow/dags/clean_up_after_star_schema_creation.py for tasks to queue
[2023-12-20T18:24:48.385+0000] {logging_mixin.py:154} INFO - [2023-12-20T18:24:48.385+0000] {dagbag.py:536} INFO - Filling up the DagBag from /opt/airflow/dags/clean_up_after_star_schema_creation.py
[2023-12-20T18:24:48.389+0000] {processor.py:841} WARNING - No viable dags retrieved from /opt/airflow/dags/clean_up_after_star_schema_creation.py
[2023-12-20T18:24:48.398+0000] {processor.py:179} INFO - Processing /opt/airflow/dags/clean_up_after_star_schema_creation.py took 0.017 seconds
[2023-12-20T18:25:18.764+0000] {processor.py:157} INFO - Started process (PID=1191) to work on /opt/airflow/dags/clean_up_after_star_schema_creation.py
[2023-12-20T18:25:18.765+0000] {processor.py:829} INFO - Processing file /opt/airflow/dags/clean_up_after_star_schema_creation.py for tasks to queue
[2023-12-20T18:25:18.765+0000] {logging_mixin.py:154} INFO - [2023-12-20T18:25:18.765+0000] {dagbag.py:536} INFO - Filling up the DagBag from /opt/airflow/dags/clean_up_after_star_schema_creation.py
[2023-12-20T18:25:18.769+0000] {processor.py:841} WARNING - No viable dags retrieved from /opt/airflow/dags/clean_up_after_star_schema_creation.py
[2023-12-20T18:25:18.778+0000] {processor.py:179} INFO - Processing /opt/airflow/dags/clean_up_after_star_schema_creation.py took 0.016 seconds
[2023-12-20T18:25:49.180+0000] {processor.py:157} INFO - Started process (PID=1232) to work on /opt/airflow/dags/clean_up_after_star_schema_creation.py
[2023-12-20T18:25:49.181+0000] {processor.py:829} INFO - Processing file /opt/airflow/dags/clean_up_after_star_schema_creation.py for tasks to queue
[2023-12-20T18:25:49.181+0000] {logging_mixin.py:154} INFO - [2023-12-20T18:25:49.181+0000] {dagbag.py:536} INFO - Filling up the DagBag from /opt/airflow/dags/clean_up_after_star_schema_creation.py
[2023-12-20T18:25:49.185+0000] {processor.py:841} WARNING - No viable dags retrieved from /opt/airflow/dags/clean_up_after_star_schema_creation.py
[2023-12-20T18:25:49.194+0000] {processor.py:179} INFO - Processing /opt/airflow/dags/clean_up_after_star_schema_creation.py took 0.016 seconds
[2023-12-20T18:26:19.635+0000] {processor.py:157} INFO - Started process (PID=1270) to work on /opt/airflow/dags/clean_up_after_star_schema_creation.py
[2023-12-20T18:26:19.636+0000] {processor.py:829} INFO - Processing file /opt/airflow/dags/clean_up_after_star_schema_creation.py for tasks to queue
[2023-12-20T18:26:19.636+0000] {logging_mixin.py:154} INFO - [2023-12-20T18:26:19.636+0000] {dagbag.py:536} INFO - Filling up the DagBag from /opt/airflow/dags/clean_up_after_star_schema_creation.py
[2023-12-20T18:26:19.640+0000] {processor.py:841} WARNING - No viable dags retrieved from /opt/airflow/dags/clean_up_after_star_schema_creation.py
[2023-12-20T18:26:19.649+0000] {processor.py:179} INFO - Processing /opt/airflow/dags/clean_up_after_star_schema_creation.py took 0.016 seconds
[2023-12-20T18:26:50.085+0000] {processor.py:157} INFO - Started process (PID=1323) to work on /opt/airflow/dags/clean_up_after_star_schema_creation.py
[2023-12-20T18:26:50.086+0000] {processor.py:829} INFO - Processing file /opt/airflow/dags/clean_up_after_star_schema_creation.py for tasks to queue
[2023-12-20T18:26:50.086+0000] {logging_mixin.py:154} INFO - [2023-12-20T18:26:50.086+0000] {dagbag.py:536} INFO - Filling up the DagBag from /opt/airflow/dags/clean_up_after_star_schema_creation.py
[2023-12-20T18:26:50.090+0000] {processor.py:841} WARNING - No viable dags retrieved from /opt/airflow/dags/clean_up_after_star_schema_creation.py
[2023-12-20T18:26:50.100+0000] {processor.py:179} INFO - Processing /opt/airflow/dags/clean_up_after_star_schema_creation.py took 0.016 seconds
[2023-12-20T18:27:20.576+0000] {processor.py:157} INFO - Started process (PID=1361) to work on /opt/airflow/dags/clean_up_after_star_schema_creation.py
[2023-12-20T18:27:20.577+0000] {processor.py:829} INFO - Processing file /opt/airflow/dags/clean_up_after_star_schema_creation.py for tasks to queue
[2023-12-20T18:27:20.577+0000] {logging_mixin.py:154} INFO - [2023-12-20T18:27:20.577+0000] {dagbag.py:536} INFO - Filling up the DagBag from /opt/airflow/dags/clean_up_after_star_schema_creation.py
[2023-12-20T18:27:20.581+0000] {processor.py:841} WARNING - No viable dags retrieved from /opt/airflow/dags/clean_up_after_star_schema_creation.py
[2023-12-20T18:27:20.590+0000] {processor.py:179} INFO - Processing /opt/airflow/dags/clean_up_after_star_schema_creation.py took 0.016 seconds
[2023-12-20T18:27:51.051+0000] {processor.py:157} INFO - Started process (PID=1411) to work on /opt/airflow/dags/clean_up_after_star_schema_creation.py
[2023-12-20T18:27:51.052+0000] {processor.py:829} INFO - Processing file /opt/airflow/dags/clean_up_after_star_schema_creation.py for tasks to queue
[2023-12-20T18:27:51.052+0000] {logging_mixin.py:154} INFO - [2023-12-20T18:27:51.052+0000] {dagbag.py:536} INFO - Filling up the DagBag from /opt/airflow/dags/clean_up_after_star_schema_creation.py
[2023-12-20T18:27:51.056+0000] {processor.py:841} WARNING - No viable dags retrieved from /opt/airflow/dags/clean_up_after_star_schema_creation.py
[2023-12-20T18:27:51.066+0000] {processor.py:179} INFO - Processing /opt/airflow/dags/clean_up_after_star_schema_creation.py took 0.017 seconds
[2023-12-20T18:28:21.567+0000] {processor.py:157} INFO - Started process (PID=1449) to work on /opt/airflow/dags/clean_up_after_star_schema_creation.py
[2023-12-20T18:28:21.568+0000] {processor.py:829} INFO - Processing file /opt/airflow/dags/clean_up_after_star_schema_creation.py for tasks to queue
[2023-12-20T18:28:21.568+0000] {logging_mixin.py:154} INFO - [2023-12-20T18:28:21.568+0000] {dagbag.py:536} INFO - Filling up the DagBag from /opt/airflow/dags/clean_up_after_star_schema_creation.py
[2023-12-20T18:28:21.572+0000] {processor.py:841} WARNING - No viable dags retrieved from /opt/airflow/dags/clean_up_after_star_schema_creation.py
[2023-12-20T18:28:21.581+0000] {processor.py:179} INFO - Processing /opt/airflow/dags/clean_up_after_star_schema_creation.py took 0.016 seconds
[2023-12-20T18:28:52.106+0000] {processor.py:157} INFO - Started process (PID=1499) to work on /opt/airflow/dags/clean_up_after_star_schema_creation.py
[2023-12-20T18:28:52.107+0000] {processor.py:829} INFO - Processing file /opt/airflow/dags/clean_up_after_star_schema_creation.py for tasks to queue
[2023-12-20T18:28:52.107+0000] {logging_mixin.py:154} INFO - [2023-12-20T18:28:52.107+0000] {dagbag.py:536} INFO - Filling up the DagBag from /opt/airflow/dags/clean_up_after_star_schema_creation.py
[2023-12-20T18:28:52.111+0000] {processor.py:841} WARNING - No viable dags retrieved from /opt/airflow/dags/clean_up_after_star_schema_creation.py
[2023-12-20T18:28:52.121+0000] {processor.py:179} INFO - Processing /opt/airflow/dags/clean_up_after_star_schema_creation.py took 0.017 seconds
[2023-12-20T18:29:22.558+0000] {processor.py:157} INFO - Started process (PID=1537) to work on /opt/airflow/dags/clean_up_after_star_schema_creation.py
[2023-12-20T18:29:22.558+0000] {processor.py:829} INFO - Processing file /opt/airflow/dags/clean_up_after_star_schema_creation.py for tasks to queue
[2023-12-20T18:29:22.559+0000] {logging_mixin.py:154} INFO - [2023-12-20T18:29:22.559+0000] {dagbag.py:536} INFO - Filling up the DagBag from /opt/airflow/dags/clean_up_after_star_schema_creation.py
[2023-12-20T18:29:22.563+0000] {processor.py:841} WARNING - No viable dags retrieved from /opt/airflow/dags/clean_up_after_star_schema_creation.py
[2023-12-20T18:29:22.572+0000] {processor.py:179} INFO - Processing /opt/airflow/dags/clean_up_after_star_schema_creation.py took 0.016 seconds
[2023-12-20T18:29:53.086+0000] {processor.py:157} INFO - Started process (PID=1575) to work on /opt/airflow/dags/clean_up_after_star_schema_creation.py
[2023-12-20T18:29:53.086+0000] {processor.py:829} INFO - Processing file /opt/airflow/dags/clean_up_after_star_schema_creation.py for tasks to queue
[2023-12-20T18:29:53.087+0000] {logging_mixin.py:154} INFO - [2023-12-20T18:29:53.086+0000] {dagbag.py:536} INFO - Filling up the DagBag from /opt/airflow/dags/clean_up_after_star_schema_creation.py
[2023-12-20T18:29:53.090+0000] {processor.py:841} WARNING - No viable dags retrieved from /opt/airflow/dags/clean_up_after_star_schema_creation.py
[2023-12-20T18:29:53.099+0000] {processor.py:179} INFO - Processing /opt/airflow/dags/clean_up_after_star_schema_creation.py took 0.016 seconds
[2023-12-20T18:30:23.557+0000] {processor.py:157} INFO - Started process (PID=1613) to work on /opt/airflow/dags/clean_up_after_star_schema_creation.py
[2023-12-20T18:30:23.557+0000] {processor.py:829} INFO - Processing file /opt/airflow/dags/clean_up_after_star_schema_creation.py for tasks to queue
[2023-12-20T18:30:23.558+0000] {logging_mixin.py:154} INFO - [2023-12-20T18:30:23.558+0000] {dagbag.py:536} INFO - Filling up the DagBag from /opt/airflow/dags/clean_up_after_star_schema_creation.py
[2023-12-20T18:30:23.562+0000] {processor.py:841} WARNING - No viable dags retrieved from /opt/airflow/dags/clean_up_after_star_schema_creation.py
[2023-12-20T18:30:23.571+0000] {processor.py:179} INFO - Processing /opt/airflow/dags/clean_up_after_star_schema_creation.py took 0.016 seconds
[2023-12-20T18:30:54.106+0000] {processor.py:157} INFO - Started process (PID=1651) to work on /opt/airflow/dags/clean_up_after_star_schema_creation.py
[2023-12-20T18:30:54.106+0000] {processor.py:829} INFO - Processing file /opt/airflow/dags/clean_up_after_star_schema_creation.py for tasks to queue
[2023-12-20T18:30:54.107+0000] {logging_mixin.py:154} INFO - [2023-12-20T18:30:54.107+0000] {dagbag.py:536} INFO - Filling up the DagBag from /opt/airflow/dags/clean_up_after_star_schema_creation.py
[2023-12-20T18:30:54.111+0000] {processor.py:841} WARNING - No viable dags retrieved from /opt/airflow/dags/clean_up_after_star_schema_creation.py
[2023-12-20T18:30:54.120+0000] {processor.py:179} INFO - Processing /opt/airflow/dags/clean_up_after_star_schema_creation.py took 0.016 seconds
[2023-12-20T18:31:24.636+0000] {processor.py:157} INFO - Started process (PID=1689) to work on /opt/airflow/dags/clean_up_after_star_schema_creation.py
[2023-12-20T18:31:24.637+0000] {processor.py:829} INFO - Processing file /opt/airflow/dags/clean_up_after_star_schema_creation.py for tasks to queue
[2023-12-20T18:31:24.637+0000] {logging_mixin.py:154} INFO - [2023-12-20T18:31:24.637+0000] {dagbag.py:536} INFO - Filling up the DagBag from /opt/airflow/dags/clean_up_after_star_schema_creation.py
[2023-12-20T18:31:24.641+0000] {processor.py:841} WARNING - No viable dags retrieved from /opt/airflow/dags/clean_up_after_star_schema_creation.py
[2023-12-20T18:31:24.650+0000] {processor.py:179} INFO - Processing /opt/airflow/dags/clean_up_after_star_schema_creation.py took 0.016 seconds
[2023-12-20T18:31:55.088+0000] {processor.py:157} INFO - Started process (PID=1727) to work on /opt/airflow/dags/clean_up_after_star_schema_creation.py
[2023-12-20T18:31:55.088+0000] {processor.py:829} INFO - Processing file /opt/airflow/dags/clean_up_after_star_schema_creation.py for tasks to queue
[2023-12-20T18:31:55.089+0000] {logging_mixin.py:154} INFO - [2023-12-20T18:31:55.089+0000] {dagbag.py:536} INFO - Filling up the DagBag from /opt/airflow/dags/clean_up_after_star_schema_creation.py
[2023-12-20T18:31:55.093+0000] {processor.py:841} WARNING - No viable dags retrieved from /opt/airflow/dags/clean_up_after_star_schema_creation.py
[2023-12-20T18:31:55.102+0000] {processor.py:179} INFO - Processing /opt/airflow/dags/clean_up_after_star_schema_creation.py took 0.016 seconds
[2023-12-20T18:32:25.539+0000] {processor.py:157} INFO - Started process (PID=1765) to work on /opt/airflow/dags/clean_up_after_star_schema_creation.py
[2023-12-20T18:32:25.540+0000] {processor.py:829} INFO - Processing file /opt/airflow/dags/clean_up_after_star_schema_creation.py for tasks to queue
[2023-12-20T18:32:25.540+0000] {logging_mixin.py:154} INFO - [2023-12-20T18:32:25.540+0000] {dagbag.py:536} INFO - Filling up the DagBag from /opt/airflow/dags/clean_up_after_star_schema_creation.py
[2023-12-20T18:32:25.544+0000] {processor.py:841} WARNING - No viable dags retrieved from /opt/airflow/dags/clean_up_after_star_schema_creation.py
[2023-12-20T18:32:25.553+0000] {processor.py:179} INFO - Processing /opt/airflow/dags/clean_up_after_star_schema_creation.py took 0.016 seconds
[2023-12-20T18:32:56.093+0000] {processor.py:157} INFO - Started process (PID=1803) to work on /opt/airflow/dags/clean_up_after_star_schema_creation.py
[2023-12-20T18:32:56.093+0000] {processor.py:829} INFO - Processing file /opt/airflow/dags/clean_up_after_star_schema_creation.py for tasks to queue
[2023-12-20T18:32:56.094+0000] {logging_mixin.py:154} INFO - [2023-12-20T18:32:56.094+0000] {dagbag.py:536} INFO - Filling up the DagBag from /opt/airflow/dags/clean_up_after_star_schema_creation.py
[2023-12-20T18:32:56.098+0000] {processor.py:841} WARNING - No viable dags retrieved from /opt/airflow/dags/clean_up_after_star_schema_creation.py
[2023-12-20T18:32:56.107+0000] {processor.py:179} INFO - Processing /opt/airflow/dags/clean_up_after_star_schema_creation.py took 0.016 seconds
[2023-12-20T18:33:26.602+0000] {processor.py:157} INFO - Started process (PID=1841) to work on /opt/airflow/dags/clean_up_after_star_schema_creation.py
[2023-12-20T18:33:26.602+0000] {processor.py:829} INFO - Processing file /opt/airflow/dags/clean_up_after_star_schema_creation.py for tasks to queue
[2023-12-20T18:33:26.603+0000] {logging_mixin.py:154} INFO - [2023-12-20T18:33:26.603+0000] {dagbag.py:536} INFO - Filling up the DagBag from /opt/airflow/dags/clean_up_after_star_schema_creation.py
[2023-12-20T18:33:26.607+0000] {processor.py:841} WARNING - No viable dags retrieved from /opt/airflow/dags/clean_up_after_star_schema_creation.py
[2023-12-20T18:33:26.616+0000] {processor.py:179} INFO - Processing /opt/airflow/dags/clean_up_after_star_schema_creation.py took 0.016 seconds
[2023-12-20T18:33:57.101+0000] {processor.py:157} INFO - Started process (PID=1886) to work on /opt/airflow/dags/clean_up_after_star_schema_creation.py
[2023-12-20T18:33:57.101+0000] {processor.py:829} INFO - Processing file /opt/airflow/dags/clean_up_after_star_schema_creation.py for tasks to queue
[2023-12-20T18:33:57.102+0000] {logging_mixin.py:154} INFO - [2023-12-20T18:33:57.102+0000] {dagbag.py:536} INFO - Filling up the DagBag from /opt/airflow/dags/clean_up_after_star_schema_creation.py
[2023-12-20T18:33:57.106+0000] {processor.py:841} WARNING - No viable dags retrieved from /opt/airflow/dags/clean_up_after_star_schema_creation.py
[2023-12-20T18:33:57.115+0000] {processor.py:179} INFO - Processing /opt/airflow/dags/clean_up_after_star_schema_creation.py took 0.016 seconds
[2023-12-20T18:34:27.552+0000] {processor.py:157} INFO - Started process (PID=1924) to work on /opt/airflow/dags/clean_up_after_star_schema_creation.py
[2023-12-20T18:34:27.553+0000] {processor.py:829} INFO - Processing file /opt/airflow/dags/clean_up_after_star_schema_creation.py for tasks to queue
[2023-12-20T18:34:27.553+0000] {logging_mixin.py:154} INFO - [2023-12-20T18:34:27.553+0000] {dagbag.py:536} INFO - Filling up the DagBag from /opt/airflow/dags/clean_up_after_star_schema_creation.py
[2023-12-20T18:34:27.557+0000] {processor.py:841} WARNING - No viable dags retrieved from /opt/airflow/dags/clean_up_after_star_schema_creation.py
[2023-12-20T18:34:27.566+0000] {processor.py:179} INFO - Processing /opt/airflow/dags/clean_up_after_star_schema_creation.py took 0.016 seconds
[2023-12-20T18:34:58.015+0000] {processor.py:157} INFO - Started process (PID=1962) to work on /opt/airflow/dags/clean_up_after_star_schema_creation.py
[2023-12-20T18:34:58.015+0000] {processor.py:829} INFO - Processing file /opt/airflow/dags/clean_up_after_star_schema_creation.py for tasks to queue
[2023-12-20T18:34:58.016+0000] {logging_mixin.py:154} INFO - [2023-12-20T18:34:58.016+0000] {dagbag.py:536} INFO - Filling up the DagBag from /opt/airflow/dags/clean_up_after_star_schema_creation.py
[2023-12-20T18:34:58.019+0000] {processor.py:841} WARNING - No viable dags retrieved from /opt/airflow/dags/clean_up_after_star_schema_creation.py
[2023-12-20T18:34:58.029+0000] {processor.py:179} INFO - Processing /opt/airflow/dags/clean_up_after_star_schema_creation.py took 0.016 seconds
