[2023-12-20T18:12:37.485+0000] {processor.py:157} INFO - Started process (PID=187) to work on /opt/airflow/dags/create_star_schema_part_1.py
[2023-12-20T18:12:37.672+0000] {processor.py:829} INFO - Processing file /opt/airflow/dags/create_star_schema_part_1.py for tasks to queue
[2023-12-20T18:12:37.690+0000] {logging_mixin.py:154} INFO - [2023-12-20T18:12:37.689+0000] {dagbag.py:536} INFO - Filling up the DagBag from /opt/airflow/dags/create_star_schema_part_1.py
[2023-12-20T18:12:37.702+0000] {processor.py:841} WARNING - No viable dags retrieved from /opt/airflow/dags/create_star_schema_part_1.py
[2023-12-20T18:12:37.723+0000] {processor.py:179} INFO - Processing /opt/airflow/dags/create_star_schema_part_1.py took 0.240 seconds
[2023-12-20T18:13:08.331+0000] {processor.py:157} INFO - Started process (PID=221) to work on /opt/airflow/dags/create_star_schema_part_1.py
[2023-12-20T18:13:08.332+0000] {processor.py:829} INFO - Processing file /opt/airflow/dags/create_star_schema_part_1.py for tasks to queue
[2023-12-20T18:13:08.333+0000] {logging_mixin.py:154} INFO - [2023-12-20T18:13:08.333+0000] {dagbag.py:536} INFO - Filling up the DagBag from /opt/airflow/dags/create_star_schema_part_1.py
[2023-12-20T18:13:08.344+0000] {processor.py:841} WARNING - No viable dags retrieved from /opt/airflow/dags/create_star_schema_part_1.py
[2023-12-20T18:13:08.380+0000] {processor.py:179} INFO - Processing /opt/airflow/dags/create_star_schema_part_1.py took 0.053 seconds
[2023-12-20T18:13:38.933+0000] {processor.py:157} INFO - Started process (PID=257) to work on /opt/airflow/dags/create_star_schema_part_1.py
[2023-12-20T18:13:38.934+0000] {processor.py:829} INFO - Processing file /opt/airflow/dags/create_star_schema_part_1.py for tasks to queue
[2023-12-20T18:13:38.934+0000] {logging_mixin.py:154} INFO - [2023-12-20T18:13:38.934+0000] {dagbag.py:536} INFO - Filling up the DagBag from /opt/airflow/dags/create_star_schema_part_1.py
[2023-12-20T18:13:38.941+0000] {processor.py:841} WARNING - No viable dags retrieved from /opt/airflow/dags/create_star_schema_part_1.py
[2023-12-20T18:13:38.956+0000] {processor.py:179} INFO - Processing /opt/airflow/dags/create_star_schema_part_1.py took 0.025 seconds
[2023-12-20T18:14:09.397+0000] {processor.py:157} INFO - Started process (PID=297) to work on /opt/airflow/dags/create_star_schema_part_1.py
[2023-12-20T18:14:09.398+0000] {processor.py:829} INFO - Processing file /opt/airflow/dags/create_star_schema_part_1.py for tasks to queue
[2023-12-20T18:14:09.399+0000] {logging_mixin.py:154} INFO - [2023-12-20T18:14:09.399+0000] {dagbag.py:536} INFO - Filling up the DagBag from /opt/airflow/dags/create_star_schema_part_1.py
[2023-12-20T18:14:09.408+0000] {processor.py:841} WARNING - No viable dags retrieved from /opt/airflow/dags/create_star_schema_part_1.py
[2023-12-20T18:14:09.432+0000] {processor.py:179} INFO - Processing /opt/airflow/dags/create_star_schema_part_1.py took 0.037 seconds
[2023-12-20T18:14:39.460+0000] {processor.py:157} INFO - Started process (PID=338) to work on /opt/airflow/dags/create_star_schema_part_1.py
[2023-12-20T18:14:39.461+0000] {processor.py:829} INFO - Processing file /opt/airflow/dags/create_star_schema_part_1.py for tasks to queue
[2023-12-20T18:14:39.462+0000] {logging_mixin.py:154} INFO - [2023-12-20T18:14:39.461+0000] {dagbag.py:536} INFO - Filling up the DagBag from /opt/airflow/dags/create_star_schema_part_1.py
[2023-12-20T18:14:39.466+0000] {processor.py:841} WARNING - No viable dags retrieved from /opt/airflow/dags/create_star_schema_part_1.py
[2023-12-20T18:14:39.477+0000] {processor.py:179} INFO - Processing /opt/airflow/dags/create_star_schema_part_1.py took 0.020 seconds
[2023-12-20T18:15:09.906+0000] {processor.py:157} INFO - Started process (PID=376) to work on /opt/airflow/dags/create_star_schema_part_1.py
[2023-12-20T18:15:09.907+0000] {processor.py:829} INFO - Processing file /opt/airflow/dags/create_star_schema_part_1.py for tasks to queue
[2023-12-20T18:15:09.907+0000] {logging_mixin.py:154} INFO - [2023-12-20T18:15:09.907+0000] {dagbag.py:536} INFO - Filling up the DagBag from /opt/airflow/dags/create_star_schema_part_1.py
[2023-12-20T18:15:09.911+0000] {processor.py:841} WARNING - No viable dags retrieved from /opt/airflow/dags/create_star_schema_part_1.py
[2023-12-20T18:15:09.921+0000] {processor.py:179} INFO - Processing /opt/airflow/dags/create_star_schema_part_1.py took 0.017 seconds
[2023-12-20T18:15:40.664+0000] {processor.py:157} INFO - Started process (PID=414) to work on /opt/airflow/dags/create_star_schema_part_1.py
[2023-12-20T18:15:40.664+0000] {processor.py:829} INFO - Processing file /opt/airflow/dags/create_star_schema_part_1.py for tasks to queue
[2023-12-20T18:15:40.665+0000] {logging_mixin.py:154} INFO - [2023-12-20T18:15:40.665+0000] {dagbag.py:536} INFO - Filling up the DagBag from /opt/airflow/dags/create_star_schema_part_1.py
[2023-12-20T18:15:40.670+0000] {processor.py:841} WARNING - No viable dags retrieved from /opt/airflow/dags/create_star_schema_part_1.py
[2023-12-20T18:15:40.680+0000] {processor.py:179} INFO - Processing /opt/airflow/dags/create_star_schema_part_1.py took 0.019 seconds
[2023-12-20T18:16:11.146+0000] {processor.py:157} INFO - Started process (PID=457) to work on /opt/airflow/dags/create_star_schema_part_1.py
[2023-12-20T18:16:11.147+0000] {processor.py:829} INFO - Processing file /opt/airflow/dags/create_star_schema_part_1.py for tasks to queue
[2023-12-20T18:16:11.148+0000] {logging_mixin.py:154} INFO - [2023-12-20T18:16:11.147+0000] {dagbag.py:536} INFO - Filling up the DagBag from /opt/airflow/dags/create_star_schema_part_1.py
[2023-12-20T18:16:11.152+0000] {processor.py:841} WARNING - No viable dags retrieved from /opt/airflow/dags/create_star_schema_part_1.py
[2023-12-20T18:16:11.162+0000] {processor.py:179} INFO - Processing /opt/airflow/dags/create_star_schema_part_1.py took 0.018 seconds
[2023-12-20T18:16:41.606+0000] {processor.py:157} INFO - Started process (PID=504) to work on /opt/airflow/dags/create_star_schema_part_1.py
[2023-12-20T18:16:41.606+0000] {processor.py:829} INFO - Processing file /opt/airflow/dags/create_star_schema_part_1.py for tasks to queue
[2023-12-20T18:16:41.607+0000] {logging_mixin.py:154} INFO - [2023-12-20T18:16:41.607+0000] {dagbag.py:536} INFO - Filling up the DagBag from /opt/airflow/dags/create_star_schema_part_1.py
[2023-12-20T18:16:41.612+0000] {processor.py:841} WARNING - No viable dags retrieved from /opt/airflow/dags/create_star_schema_part_1.py
[2023-12-20T18:16:41.621+0000] {processor.py:179} INFO - Processing /opt/airflow/dags/create_star_schema_part_1.py took 0.018 seconds
[2023-12-20T18:17:12.068+0000] {processor.py:157} INFO - Started process (PID=542) to work on /opt/airflow/dags/create_star_schema_part_1.py
[2023-12-20T18:17:12.068+0000] {processor.py:829} INFO - Processing file /opt/airflow/dags/create_star_schema_part_1.py for tasks to queue
[2023-12-20T18:17:12.069+0000] {logging_mixin.py:154} INFO - [2023-12-20T18:17:12.069+0000] {dagbag.py:536} INFO - Filling up the DagBag from /opt/airflow/dags/create_star_schema_part_1.py
[2023-12-20T18:17:12.073+0000] {processor.py:841} WARNING - No viable dags retrieved from /opt/airflow/dags/create_star_schema_part_1.py
[2023-12-20T18:17:12.083+0000] {processor.py:179} INFO - Processing /opt/airflow/dags/create_star_schema_part_1.py took 0.017 seconds
[2023-12-20T18:17:42.617+0000] {processor.py:157} INFO - Started process (PID=580) to work on /opt/airflow/dags/create_star_schema_part_1.py
[2023-12-20T18:17:42.618+0000] {processor.py:829} INFO - Processing file /opt/airflow/dags/create_star_schema_part_1.py for tasks to queue
[2023-12-20T18:17:42.618+0000] {logging_mixin.py:154} INFO - [2023-12-20T18:17:42.618+0000] {dagbag.py:536} INFO - Filling up the DagBag from /opt/airflow/dags/create_star_schema_part_1.py
[2023-12-20T18:17:42.622+0000] {processor.py:841} WARNING - No viable dags retrieved from /opt/airflow/dags/create_star_schema_part_1.py
[2023-12-20T18:17:42.632+0000] {processor.py:179} INFO - Processing /opt/airflow/dags/create_star_schema_part_1.py took 0.018 seconds
[2023-12-20T18:18:13.030+0000] {processor.py:157} INFO - Started process (PID=618) to work on /opt/airflow/dags/create_star_schema_part_1.py
[2023-12-20T18:18:13.030+0000] {processor.py:829} INFO - Processing file /opt/airflow/dags/create_star_schema_part_1.py for tasks to queue
[2023-12-20T18:18:13.031+0000] {logging_mixin.py:154} INFO - [2023-12-20T18:18:13.031+0000] {dagbag.py:536} INFO - Filling up the DagBag from /opt/airflow/dags/create_star_schema_part_1.py
[2023-12-20T18:18:13.035+0000] {processor.py:841} WARNING - No viable dags retrieved from /opt/airflow/dags/create_star_schema_part_1.py
[2023-12-20T18:18:13.044+0000] {processor.py:179} INFO - Processing /opt/airflow/dags/create_star_schema_part_1.py took 0.016 seconds
[2023-12-20T18:18:43.397+0000] {processor.py:157} INFO - Started process (PID=659) to work on /opt/airflow/dags/create_star_schema_part_1.py
[2023-12-20T18:18:43.397+0000] {processor.py:829} INFO - Processing file /opt/airflow/dags/create_star_schema_part_1.py for tasks to queue
[2023-12-20T18:18:43.398+0000] {logging_mixin.py:154} INFO - [2023-12-20T18:18:43.398+0000] {dagbag.py:536} INFO - Filling up the DagBag from /opt/airflow/dags/create_star_schema_part_1.py
[2023-12-20T18:18:43.402+0000] {processor.py:841} WARNING - No viable dags retrieved from /opt/airflow/dags/create_star_schema_part_1.py
[2023-12-20T18:18:43.411+0000] {processor.py:179} INFO - Processing /opt/airflow/dags/create_star_schema_part_1.py took 0.017 seconds
[2023-12-20T18:19:13.819+0000] {processor.py:157} INFO - Started process (PID=697) to work on /opt/airflow/dags/create_star_schema_part_1.py
[2023-12-20T18:19:13.820+0000] {processor.py:829} INFO - Processing file /opt/airflow/dags/create_star_schema_part_1.py for tasks to queue
[2023-12-20T18:19:13.820+0000] {logging_mixin.py:154} INFO - [2023-12-20T18:19:13.820+0000] {dagbag.py:536} INFO - Filling up the DagBag from /opt/airflow/dags/create_star_schema_part_1.py
[2023-12-20T18:19:13.824+0000] {processor.py:841} WARNING - No viable dags retrieved from /opt/airflow/dags/create_star_schema_part_1.py
[2023-12-20T18:19:13.834+0000] {processor.py:179} INFO - Processing /opt/airflow/dags/create_star_schema_part_1.py took 0.017 seconds
[2023-12-20T18:19:44.207+0000] {processor.py:157} INFO - Started process (PID=735) to work on /opt/airflow/dags/create_star_schema_part_1.py
[2023-12-20T18:19:44.207+0000] {processor.py:829} INFO - Processing file /opt/airflow/dags/create_star_schema_part_1.py for tasks to queue
[2023-12-20T18:19:44.208+0000] {logging_mixin.py:154} INFO - [2023-12-20T18:19:44.208+0000] {dagbag.py:536} INFO - Filling up the DagBag from /opt/airflow/dags/create_star_schema_part_1.py
[2023-12-20T18:19:44.212+0000] {processor.py:841} WARNING - No viable dags retrieved from /opt/airflow/dags/create_star_schema_part_1.py
[2023-12-20T18:19:44.220+0000] {processor.py:179} INFO - Processing /opt/airflow/dags/create_star_schema_part_1.py took 0.016 seconds
[2023-12-20T18:20:14.669+0000] {processor.py:157} INFO - Started process (PID=773) to work on /opt/airflow/dags/create_star_schema_part_1.py
[2023-12-20T18:20:14.670+0000] {processor.py:829} INFO - Processing file /opt/airflow/dags/create_star_schema_part_1.py for tasks to queue
[2023-12-20T18:20:14.671+0000] {logging_mixin.py:154} INFO - [2023-12-20T18:20:14.671+0000] {dagbag.py:536} INFO - Filling up the DagBag from /opt/airflow/dags/create_star_schema_part_1.py
[2023-12-20T18:20:14.675+0000] {processor.py:841} WARNING - No viable dags retrieved from /opt/airflow/dags/create_star_schema_part_1.py
[2023-12-20T18:20:14.684+0000] {processor.py:179} INFO - Processing /opt/airflow/dags/create_star_schema_part_1.py took 0.017 seconds
[2023-12-20T18:20:45.192+0000] {processor.py:157} INFO - Started process (PID=814) to work on /opt/airflow/dags/create_star_schema_part_1.py
[2023-12-20T18:20:45.192+0000] {processor.py:829} INFO - Processing file /opt/airflow/dags/create_star_schema_part_1.py for tasks to queue
[2023-12-20T18:20:45.193+0000] {logging_mixin.py:154} INFO - [2023-12-20T18:20:45.193+0000] {dagbag.py:536} INFO - Filling up the DagBag from /opt/airflow/dags/create_star_schema_part_1.py
[2023-12-20T18:20:45.197+0000] {processor.py:841} WARNING - No viable dags retrieved from /opt/airflow/dags/create_star_schema_part_1.py
[2023-12-20T18:20:45.207+0000] {processor.py:179} INFO - Processing /opt/airflow/dags/create_star_schema_part_1.py took 0.017 seconds
[2023-12-20T18:21:15.673+0000] {processor.py:157} INFO - Started process (PID=852) to work on /opt/airflow/dags/create_star_schema_part_1.py
[2023-12-20T18:21:15.674+0000] {processor.py:829} INFO - Processing file /opt/airflow/dags/create_star_schema_part_1.py for tasks to queue
[2023-12-20T18:21:15.674+0000] {logging_mixin.py:154} INFO - [2023-12-20T18:21:15.674+0000] {dagbag.py:536} INFO - Filling up the DagBag from /opt/airflow/dags/create_star_schema_part_1.py
[2023-12-20T18:21:15.678+0000] {processor.py:841} WARNING - No viable dags retrieved from /opt/airflow/dags/create_star_schema_part_1.py
[2023-12-20T18:21:15.688+0000] {processor.py:179} INFO - Processing /opt/airflow/dags/create_star_schema_part_1.py took 0.017 seconds
[2023-12-20T18:21:46.128+0000] {processor.py:157} INFO - Started process (PID=890) to work on /opt/airflow/dags/create_star_schema_part_1.py
[2023-12-20T18:21:46.129+0000] {processor.py:829} INFO - Processing file /opt/airflow/dags/create_star_schema_part_1.py for tasks to queue
[2023-12-20T18:21:46.129+0000] {logging_mixin.py:154} INFO - [2023-12-20T18:21:46.129+0000] {dagbag.py:536} INFO - Filling up the DagBag from /opt/airflow/dags/create_star_schema_part_1.py
[2023-12-20T18:21:46.134+0000] {processor.py:841} WARNING - No viable dags retrieved from /opt/airflow/dags/create_star_schema_part_1.py
[2023-12-20T18:21:46.144+0000] {processor.py:179} INFO - Processing /opt/airflow/dags/create_star_schema_part_1.py took 0.020 seconds
[2023-12-20T18:22:16.228+0000] {processor.py:157} INFO - Started process (PID=940) to work on /opt/airflow/dags/create_star_schema_part_1.py
[2023-12-20T18:22:16.229+0000] {processor.py:829} INFO - Processing file /opt/airflow/dags/create_star_schema_part_1.py for tasks to queue
[2023-12-20T18:22:16.229+0000] {logging_mixin.py:154} INFO - [2023-12-20T18:22:16.229+0000] {dagbag.py:536} INFO - Filling up the DagBag from /opt/airflow/dags/create_star_schema_part_1.py
[2023-12-20T18:22:16.234+0000] {processor.py:841} WARNING - No viable dags retrieved from /opt/airflow/dags/create_star_schema_part_1.py
[2023-12-20T18:22:16.245+0000] {processor.py:179} INFO - Processing /opt/airflow/dags/create_star_schema_part_1.py took 0.020 seconds
[2023-12-20T18:22:46.703+0000] {processor.py:157} INFO - Started process (PID=981) to work on /opt/airflow/dags/create_star_schema_part_1.py
[2023-12-20T18:22:46.704+0000] {processor.py:829} INFO - Processing file /opt/airflow/dags/create_star_schema_part_1.py for tasks to queue
[2023-12-20T18:22:46.705+0000] {logging_mixin.py:154} INFO - [2023-12-20T18:22:46.704+0000] {dagbag.py:536} INFO - Filling up the DagBag from /opt/airflow/dags/create_star_schema_part_1.py
[2023-12-20T18:22:46.709+0000] {processor.py:841} WARNING - No viable dags retrieved from /opt/airflow/dags/create_star_schema_part_1.py
[2023-12-20T18:22:46.719+0000] {processor.py:179} INFO - Processing /opt/airflow/dags/create_star_schema_part_1.py took 0.018 seconds
[2023-12-20T18:23:17.137+0000] {processor.py:157} INFO - Started process (PID=1019) to work on /opt/airflow/dags/create_star_schema_part_1.py
[2023-12-20T18:23:17.138+0000] {processor.py:829} INFO - Processing file /opt/airflow/dags/create_star_schema_part_1.py for tasks to queue
[2023-12-20T18:23:17.138+0000] {logging_mixin.py:154} INFO - [2023-12-20T18:23:17.138+0000] {dagbag.py:536} INFO - Filling up the DagBag from /opt/airflow/dags/create_star_schema_part_1.py
[2023-12-20T18:23:17.142+0000] {processor.py:841} WARNING - No viable dags retrieved from /opt/airflow/dags/create_star_schema_part_1.py
[2023-12-20T18:23:17.152+0000] {processor.py:179} INFO - Processing /opt/airflow/dags/create_star_schema_part_1.py took 0.018 seconds
[2023-12-20T18:23:47.529+0000] {processor.py:157} INFO - Started process (PID=1066) to work on /opt/airflow/dags/create_star_schema_part_1.py
[2023-12-20T18:23:47.530+0000] {processor.py:829} INFO - Processing file /opt/airflow/dags/create_star_schema_part_1.py for tasks to queue
[2023-12-20T18:23:47.531+0000] {logging_mixin.py:154} INFO - [2023-12-20T18:23:47.530+0000] {dagbag.py:536} INFO - Filling up the DagBag from /opt/airflow/dags/create_star_schema_part_1.py
[2023-12-20T18:23:47.535+0000] {processor.py:841} WARNING - No viable dags retrieved from /opt/airflow/dags/create_star_schema_part_1.py
[2023-12-20T18:23:47.545+0000] {processor.py:179} INFO - Processing /opt/airflow/dags/create_star_schema_part_1.py took 0.018 seconds
[2023-12-20T18:24:17.961+0000] {processor.py:157} INFO - Started process (PID=1110) to work on /opt/airflow/dags/create_star_schema_part_1.py
[2023-12-20T18:24:17.962+0000] {processor.py:829} INFO - Processing file /opt/airflow/dags/create_star_schema_part_1.py for tasks to queue
[2023-12-20T18:24:17.963+0000] {logging_mixin.py:154} INFO - [2023-12-20T18:24:17.962+0000] {dagbag.py:536} INFO - Filling up the DagBag from /opt/airflow/dags/create_star_schema_part_1.py
[2023-12-20T18:24:17.967+0000] {processor.py:841} WARNING - No viable dags retrieved from /opt/airflow/dags/create_star_schema_part_1.py
[2023-12-20T18:24:17.976+0000] {processor.py:179} INFO - Processing /opt/airflow/dags/create_star_schema_part_1.py took 0.017 seconds
[2023-12-20T18:24:48.354+0000] {processor.py:157} INFO - Started process (PID=1148) to work on /opt/airflow/dags/create_star_schema_part_1.py
[2023-12-20T18:24:48.355+0000] {processor.py:829} INFO - Processing file /opt/airflow/dags/create_star_schema_part_1.py for tasks to queue
[2023-12-20T18:24:48.356+0000] {logging_mixin.py:154} INFO - [2023-12-20T18:24:48.356+0000] {dagbag.py:536} INFO - Filling up the DagBag from /opt/airflow/dags/create_star_schema_part_1.py
[2023-12-20T18:24:48.359+0000] {processor.py:841} WARNING - No viable dags retrieved from /opt/airflow/dags/create_star_schema_part_1.py
[2023-12-20T18:24:48.369+0000] {processor.py:179} INFO - Processing /opt/airflow/dags/create_star_schema_part_1.py took 0.016 seconds
[2023-12-20T18:25:18.736+0000] {processor.py:157} INFO - Started process (PID=1186) to work on /opt/airflow/dags/create_star_schema_part_1.py
[2023-12-20T18:25:18.737+0000] {processor.py:829} INFO - Processing file /opt/airflow/dags/create_star_schema_part_1.py for tasks to queue
[2023-12-20T18:25:18.737+0000] {logging_mixin.py:154} INFO - [2023-12-20T18:25:18.737+0000] {dagbag.py:536} INFO - Filling up the DagBag from /opt/airflow/dags/create_star_schema_part_1.py
[2023-12-20T18:25:18.742+0000] {processor.py:841} WARNING - No viable dags retrieved from /opt/airflow/dags/create_star_schema_part_1.py
[2023-12-20T18:25:18.751+0000] {processor.py:179} INFO - Processing /opt/airflow/dags/create_star_schema_part_1.py took 0.016 seconds
[2023-12-20T18:25:49.151+0000] {processor.py:157} INFO - Started process (PID=1227) to work on /opt/airflow/dags/create_star_schema_part_1.py
[2023-12-20T18:25:49.151+0000] {processor.py:829} INFO - Processing file /opt/airflow/dags/create_star_schema_part_1.py for tasks to queue
[2023-12-20T18:25:49.152+0000] {logging_mixin.py:154} INFO - [2023-12-20T18:25:49.152+0000] {dagbag.py:536} INFO - Filling up the DagBag from /opt/airflow/dags/create_star_schema_part_1.py
[2023-12-20T18:25:49.156+0000] {processor.py:841} WARNING - No viable dags retrieved from /opt/airflow/dags/create_star_schema_part_1.py
[2023-12-20T18:25:49.167+0000] {processor.py:179} INFO - Processing /opt/airflow/dags/create_star_schema_part_1.py took 0.018 seconds
[2023-12-20T18:26:19.607+0000] {processor.py:157} INFO - Started process (PID=1265) to work on /opt/airflow/dags/create_star_schema_part_1.py
[2023-12-20T18:26:19.607+0000] {processor.py:829} INFO - Processing file /opt/airflow/dags/create_star_schema_part_1.py for tasks to queue
[2023-12-20T18:26:19.608+0000] {logging_mixin.py:154} INFO - [2023-12-20T18:26:19.607+0000] {dagbag.py:536} INFO - Filling up the DagBag from /opt/airflow/dags/create_star_schema_part_1.py
[2023-12-20T18:26:19.612+0000] {processor.py:841} WARNING - No viable dags retrieved from /opt/airflow/dags/create_star_schema_part_1.py
[2023-12-20T18:26:19.621+0000] {processor.py:179} INFO - Processing /opt/airflow/dags/create_star_schema_part_1.py took 0.017 seconds
[2023-12-20T18:26:50.057+0000] {processor.py:157} INFO - Started process (PID=1318) to work on /opt/airflow/dags/create_star_schema_part_1.py
[2023-12-20T18:26:50.058+0000] {processor.py:829} INFO - Processing file /opt/airflow/dags/create_star_schema_part_1.py for tasks to queue
[2023-12-20T18:26:50.058+0000] {logging_mixin.py:154} INFO - [2023-12-20T18:26:50.058+0000] {dagbag.py:536} INFO - Filling up the DagBag from /opt/airflow/dags/create_star_schema_part_1.py
[2023-12-20T18:26:50.062+0000] {processor.py:841} WARNING - No viable dags retrieved from /opt/airflow/dags/create_star_schema_part_1.py
[2023-12-20T18:26:50.072+0000] {processor.py:179} INFO - Processing /opt/airflow/dags/create_star_schema_part_1.py took 0.018 seconds
[2023-12-20T18:27:20.549+0000] {processor.py:157} INFO - Started process (PID=1356) to work on /opt/airflow/dags/create_star_schema_part_1.py
[2023-12-20T18:27:20.550+0000] {processor.py:829} INFO - Processing file /opt/airflow/dags/create_star_schema_part_1.py for tasks to queue
[2023-12-20T18:27:20.550+0000] {logging_mixin.py:154} INFO - [2023-12-20T18:27:20.550+0000] {dagbag.py:536} INFO - Filling up the DagBag from /opt/airflow/dags/create_star_schema_part_1.py
[2023-12-20T18:27:20.554+0000] {processor.py:841} WARNING - No viable dags retrieved from /opt/airflow/dags/create_star_schema_part_1.py
[2023-12-20T18:27:20.563+0000] {processor.py:179} INFO - Processing /opt/airflow/dags/create_star_schema_part_1.py took 0.016 seconds
[2023-12-20T18:27:51.024+0000] {processor.py:157} INFO - Started process (PID=1406) to work on /opt/airflow/dags/create_star_schema_part_1.py
[2023-12-20T18:27:51.024+0000] {processor.py:829} INFO - Processing file /opt/airflow/dags/create_star_schema_part_1.py for tasks to queue
[2023-12-20T18:27:51.025+0000] {logging_mixin.py:154} INFO - [2023-12-20T18:27:51.025+0000] {dagbag.py:536} INFO - Filling up the DagBag from /opt/airflow/dags/create_star_schema_part_1.py
[2023-12-20T18:27:51.029+0000] {processor.py:841} WARNING - No viable dags retrieved from /opt/airflow/dags/create_star_schema_part_1.py
[2023-12-20T18:27:51.038+0000] {processor.py:179} INFO - Processing /opt/airflow/dags/create_star_schema_part_1.py took 0.016 seconds
[2023-12-20T18:28:21.538+0000] {processor.py:157} INFO - Started process (PID=1444) to work on /opt/airflow/dags/create_star_schema_part_1.py
[2023-12-20T18:28:21.539+0000] {processor.py:829} INFO - Processing file /opt/airflow/dags/create_star_schema_part_1.py for tasks to queue
[2023-12-20T18:28:21.540+0000] {logging_mixin.py:154} INFO - [2023-12-20T18:28:21.540+0000] {dagbag.py:536} INFO - Filling up the DagBag from /opt/airflow/dags/create_star_schema_part_1.py
[2023-12-20T18:28:21.544+0000] {processor.py:841} WARNING - No viable dags retrieved from /opt/airflow/dags/create_star_schema_part_1.py
[2023-12-20T18:28:21.553+0000] {processor.py:179} INFO - Processing /opt/airflow/dags/create_star_schema_part_1.py took 0.017 seconds
[2023-12-20T18:28:52.077+0000] {processor.py:157} INFO - Started process (PID=1494) to work on /opt/airflow/dags/create_star_schema_part_1.py
[2023-12-20T18:28:52.077+0000] {processor.py:829} INFO - Processing file /opt/airflow/dags/create_star_schema_part_1.py for tasks to queue
[2023-12-20T18:28:52.078+0000] {logging_mixin.py:154} INFO - [2023-12-20T18:28:52.078+0000] {dagbag.py:536} INFO - Filling up the DagBag from /opt/airflow/dags/create_star_schema_part_1.py
[2023-12-20T18:28:52.082+0000] {processor.py:841} WARNING - No viable dags retrieved from /opt/airflow/dags/create_star_schema_part_1.py
[2023-12-20T18:28:52.092+0000] {processor.py:179} INFO - Processing /opt/airflow/dags/create_star_schema_part_1.py took 0.018 seconds
[2023-12-20T18:29:22.529+0000] {processor.py:157} INFO - Started process (PID=1532) to work on /opt/airflow/dags/create_star_schema_part_1.py
[2023-12-20T18:29:22.530+0000] {processor.py:829} INFO - Processing file /opt/airflow/dags/create_star_schema_part_1.py for tasks to queue
[2023-12-20T18:29:22.530+0000] {logging_mixin.py:154} INFO - [2023-12-20T18:29:22.530+0000] {dagbag.py:536} INFO - Filling up the DagBag from /opt/airflow/dags/create_star_schema_part_1.py
[2023-12-20T18:29:22.534+0000] {processor.py:841} WARNING - No viable dags retrieved from /opt/airflow/dags/create_star_schema_part_1.py
[2023-12-20T18:29:22.544+0000] {processor.py:179} INFO - Processing /opt/airflow/dags/create_star_schema_part_1.py took 0.017 seconds
[2023-12-20T18:29:53.058+0000] {processor.py:157} INFO - Started process (PID=1570) to work on /opt/airflow/dags/create_star_schema_part_1.py
[2023-12-20T18:29:53.058+0000] {processor.py:829} INFO - Processing file /opt/airflow/dags/create_star_schema_part_1.py for tasks to queue
[2023-12-20T18:29:53.059+0000] {logging_mixin.py:154} INFO - [2023-12-20T18:29:53.059+0000] {dagbag.py:536} INFO - Filling up the DagBag from /opt/airflow/dags/create_star_schema_part_1.py
[2023-12-20T18:29:53.063+0000] {processor.py:841} WARNING - No viable dags retrieved from /opt/airflow/dags/create_star_schema_part_1.py
[2023-12-20T18:29:53.072+0000] {processor.py:179} INFO - Processing /opt/airflow/dags/create_star_schema_part_1.py took 0.017 seconds
[2023-12-20T18:30:23.529+0000] {processor.py:157} INFO - Started process (PID=1608) to work on /opt/airflow/dags/create_star_schema_part_1.py
[2023-12-20T18:30:23.530+0000] {processor.py:829} INFO - Processing file /opt/airflow/dags/create_star_schema_part_1.py for tasks to queue
[2023-12-20T18:30:23.530+0000] {logging_mixin.py:154} INFO - [2023-12-20T18:30:23.530+0000] {dagbag.py:536} INFO - Filling up the DagBag from /opt/airflow/dags/create_star_schema_part_1.py
[2023-12-20T18:30:23.534+0000] {processor.py:841} WARNING - No viable dags retrieved from /opt/airflow/dags/create_star_schema_part_1.py
[2023-12-20T18:30:23.543+0000] {processor.py:179} INFO - Processing /opt/airflow/dags/create_star_schema_part_1.py took 0.016 seconds
[2023-12-20T18:30:54.077+0000] {processor.py:157} INFO - Started process (PID=1646) to work on /opt/airflow/dags/create_star_schema_part_1.py
[2023-12-20T18:30:54.078+0000] {processor.py:829} INFO - Processing file /opt/airflow/dags/create_star_schema_part_1.py for tasks to queue
[2023-12-20T18:30:54.078+0000] {logging_mixin.py:154} INFO - [2023-12-20T18:30:54.078+0000] {dagbag.py:536} INFO - Filling up the DagBag from /opt/airflow/dags/create_star_schema_part_1.py
[2023-12-20T18:30:54.082+0000] {processor.py:841} WARNING - No viable dags retrieved from /opt/airflow/dags/create_star_schema_part_1.py
[2023-12-20T18:30:54.092+0000] {processor.py:179} INFO - Processing /opt/airflow/dags/create_star_schema_part_1.py took 0.018 seconds
[2023-12-20T18:31:24.608+0000] {processor.py:157} INFO - Started process (PID=1684) to work on /opt/airflow/dags/create_star_schema_part_1.py
[2023-12-20T18:31:24.608+0000] {processor.py:829} INFO - Processing file /opt/airflow/dags/create_star_schema_part_1.py for tasks to queue
[2023-12-20T18:31:24.609+0000] {logging_mixin.py:154} INFO - [2023-12-20T18:31:24.609+0000] {dagbag.py:536} INFO - Filling up the DagBag from /opt/airflow/dags/create_star_schema_part_1.py
[2023-12-20T18:31:24.613+0000] {processor.py:841} WARNING - No viable dags retrieved from /opt/airflow/dags/create_star_schema_part_1.py
[2023-12-20T18:31:24.623+0000] {processor.py:179} INFO - Processing /opt/airflow/dags/create_star_schema_part_1.py took 0.018 seconds
[2023-12-20T18:31:55.059+0000] {processor.py:157} INFO - Started process (PID=1722) to work on /opt/airflow/dags/create_star_schema_part_1.py
[2023-12-20T18:31:55.060+0000] {processor.py:829} INFO - Processing file /opt/airflow/dags/create_star_schema_part_1.py for tasks to queue
[2023-12-20T18:31:55.061+0000] {logging_mixin.py:154} INFO - [2023-12-20T18:31:55.060+0000] {dagbag.py:536} INFO - Filling up the DagBag from /opt/airflow/dags/create_star_schema_part_1.py
[2023-12-20T18:31:55.064+0000] {processor.py:841} WARNING - No viable dags retrieved from /opt/airflow/dags/create_star_schema_part_1.py
[2023-12-20T18:31:55.074+0000] {processor.py:179} INFO - Processing /opt/airflow/dags/create_star_schema_part_1.py took 0.017 seconds
[2023-12-20T18:32:25.512+0000] {processor.py:157} INFO - Started process (PID=1760) to work on /opt/airflow/dags/create_star_schema_part_1.py
[2023-12-20T18:32:25.512+0000] {processor.py:829} INFO - Processing file /opt/airflow/dags/create_star_schema_part_1.py for tasks to queue
[2023-12-20T18:32:25.513+0000] {logging_mixin.py:154} INFO - [2023-12-20T18:32:25.513+0000] {dagbag.py:536} INFO - Filling up the DagBag from /opt/airflow/dags/create_star_schema_part_1.py
[2023-12-20T18:32:25.517+0000] {processor.py:841} WARNING - No viable dags retrieved from /opt/airflow/dags/create_star_schema_part_1.py
[2023-12-20T18:32:25.526+0000] {processor.py:179} INFO - Processing /opt/airflow/dags/create_star_schema_part_1.py took 0.017 seconds
[2023-12-20T18:32:56.064+0000] {processor.py:157} INFO - Started process (PID=1798) to work on /opt/airflow/dags/create_star_schema_part_1.py
[2023-12-20T18:32:56.065+0000] {processor.py:829} INFO - Processing file /opt/airflow/dags/create_star_schema_part_1.py for tasks to queue
[2023-12-20T18:32:56.066+0000] {logging_mixin.py:154} INFO - [2023-12-20T18:32:56.066+0000] {dagbag.py:536} INFO - Filling up the DagBag from /opt/airflow/dags/create_star_schema_part_1.py
[2023-12-20T18:32:56.070+0000] {processor.py:841} WARNING - No viable dags retrieved from /opt/airflow/dags/create_star_schema_part_1.py
[2023-12-20T18:32:56.079+0000] {processor.py:179} INFO - Processing /opt/airflow/dags/create_star_schema_part_1.py took 0.017 seconds
[2023-12-20T18:33:26.573+0000] {processor.py:157} INFO - Started process (PID=1836) to work on /opt/airflow/dags/create_star_schema_part_1.py
[2023-12-20T18:33:26.574+0000] {processor.py:829} INFO - Processing file /opt/airflow/dags/create_star_schema_part_1.py for tasks to queue
[2023-12-20T18:33:26.574+0000] {logging_mixin.py:154} INFO - [2023-12-20T18:33:26.574+0000] {dagbag.py:536} INFO - Filling up the DagBag from /opt/airflow/dags/create_star_schema_part_1.py
[2023-12-20T18:33:26.578+0000] {processor.py:841} WARNING - No viable dags retrieved from /opt/airflow/dags/create_star_schema_part_1.py
[2023-12-20T18:33:26.588+0000] {processor.py:179} INFO - Processing /opt/airflow/dags/create_star_schema_part_1.py took 0.018 seconds
[2023-12-20T18:33:57.072+0000] {processor.py:157} INFO - Started process (PID=1881) to work on /opt/airflow/dags/create_star_schema_part_1.py
[2023-12-20T18:33:57.073+0000] {processor.py:829} INFO - Processing file /opt/airflow/dags/create_star_schema_part_1.py for tasks to queue
[2023-12-20T18:33:57.074+0000] {logging_mixin.py:154} INFO - [2023-12-20T18:33:57.073+0000] {dagbag.py:536} INFO - Filling up the DagBag from /opt/airflow/dags/create_star_schema_part_1.py
[2023-12-20T18:33:57.078+0000] {processor.py:841} WARNING - No viable dags retrieved from /opt/airflow/dags/create_star_schema_part_1.py
[2023-12-20T18:33:57.087+0000] {processor.py:179} INFO - Processing /opt/airflow/dags/create_star_schema_part_1.py took 0.017 seconds
[2023-12-20T18:34:27.524+0000] {processor.py:157} INFO - Started process (PID=1919) to work on /opt/airflow/dags/create_star_schema_part_1.py
[2023-12-20T18:34:27.524+0000] {processor.py:829} INFO - Processing file /opt/airflow/dags/create_star_schema_part_1.py for tasks to queue
[2023-12-20T18:34:27.525+0000] {logging_mixin.py:154} INFO - [2023-12-20T18:34:27.525+0000] {dagbag.py:536} INFO - Filling up the DagBag from /opt/airflow/dags/create_star_schema_part_1.py
[2023-12-20T18:34:27.529+0000] {processor.py:841} WARNING - No viable dags retrieved from /opt/airflow/dags/create_star_schema_part_1.py
[2023-12-20T18:34:27.539+0000] {processor.py:179} INFO - Processing /opt/airflow/dags/create_star_schema_part_1.py took 0.017 seconds
[2023-12-20T18:34:57.986+0000] {processor.py:157} INFO - Started process (PID=1957) to work on /opt/airflow/dags/create_star_schema_part_1.py
[2023-12-20T18:34:57.987+0000] {processor.py:829} INFO - Processing file /opt/airflow/dags/create_star_schema_part_1.py for tasks to queue
[2023-12-20T18:34:57.988+0000] {logging_mixin.py:154} INFO - [2023-12-20T18:34:57.987+0000] {dagbag.py:536} INFO - Filling up the DagBag from /opt/airflow/dags/create_star_schema_part_1.py
[2023-12-20T18:34:57.991+0000] {processor.py:841} WARNING - No viable dags retrieved from /opt/airflow/dags/create_star_schema_part_1.py
[2023-12-20T18:34:58.001+0000] {processor.py:179} INFO - Processing /opt/airflow/dags/create_star_schema_part_1.py took 0.017 seconds
