[2023-12-11T20:41:02.034+0000] {processor.py:157} INFO - Started process (PID=414) to work on /opt/airflow/dags/clean_up_after_star_schema_creation.py
[2023-12-11T20:41:02.034+0000] {processor.py:829} INFO - Processing file /opt/airflow/dags/clean_up_after_star_schema_creation.py for tasks to queue
[2023-12-11T20:41:02.035+0000] {logging_mixin.py:154} INFO - [2023-12-11T20:41:02.035+0000] {dagbag.py:536} INFO - Filling up the DagBag from /opt/airflow/dags/clean_up_after_star_schema_creation.py
[2023-12-11T20:41:02.038+0000] {processor.py:841} WARNING - No viable dags retrieved from /opt/airflow/dags/clean_up_after_star_schema_creation.py
[2023-12-11T20:41:02.048+0000] {processor.py:179} INFO - Processing /opt/airflow/dags/clean_up_after_star_schema_creation.py took 0.016 seconds
[2023-12-11T20:41:32.534+0000] {processor.py:157} INFO - Started process (PID=452) to work on /opt/airflow/dags/clean_up_after_star_schema_creation.py
[2023-12-11T20:41:32.535+0000] {processor.py:829} INFO - Processing file /opt/airflow/dags/clean_up_after_star_schema_creation.py for tasks to queue
[2023-12-11T20:41:32.535+0000] {logging_mixin.py:154} INFO - [2023-12-11T20:41:32.535+0000] {dagbag.py:536} INFO - Filling up the DagBag from /opt/airflow/dags/clean_up_after_star_schema_creation.py
[2023-12-11T20:41:32.539+0000] {processor.py:841} WARNING - No viable dags retrieved from /opt/airflow/dags/clean_up_after_star_schema_creation.py
[2023-12-11T20:41:32.548+0000] {processor.py:179} INFO - Processing /opt/airflow/dags/clean_up_after_star_schema_creation.py took 0.016 seconds
[2023-12-11T20:42:03.028+0000] {processor.py:157} INFO - Started process (PID=490) to work on /opt/airflow/dags/clean_up_after_star_schema_creation.py
[2023-12-11T20:42:03.029+0000] {processor.py:829} INFO - Processing file /opt/airflow/dags/clean_up_after_star_schema_creation.py for tasks to queue
[2023-12-11T20:42:03.029+0000] {logging_mixin.py:154} INFO - [2023-12-11T20:42:03.029+0000] {dagbag.py:536} INFO - Filling up the DagBag from /opt/airflow/dags/clean_up_after_star_schema_creation.py
[2023-12-11T20:42:03.033+0000] {processor.py:841} WARNING - No viable dags retrieved from /opt/airflow/dags/clean_up_after_star_schema_creation.py
[2023-12-11T20:42:03.042+0000] {processor.py:179} INFO - Processing /opt/airflow/dags/clean_up_after_star_schema_creation.py took 0.016 seconds
[2023-12-11T20:42:33.515+0000] {processor.py:157} INFO - Started process (PID=528) to work on /opt/airflow/dags/clean_up_after_star_schema_creation.py
[2023-12-11T20:42:33.516+0000] {processor.py:829} INFO - Processing file /opt/airflow/dags/clean_up_after_star_schema_creation.py for tasks to queue
[2023-12-11T20:42:33.516+0000] {logging_mixin.py:154} INFO - [2023-12-11T20:42:33.516+0000] {dagbag.py:536} INFO - Filling up the DagBag from /opt/airflow/dags/clean_up_after_star_schema_creation.py
[2023-12-11T20:42:33.520+0000] {processor.py:841} WARNING - No viable dags retrieved from /opt/airflow/dags/clean_up_after_star_schema_creation.py
[2023-12-11T20:42:33.529+0000] {processor.py:179} INFO - Processing /opt/airflow/dags/clean_up_after_star_schema_creation.py took 0.016 seconds
[2023-12-11T20:43:03.922+0000] {processor.py:157} INFO - Started process (PID=567) to work on /opt/airflow/dags/clean_up_after_star_schema_creation.py
[2023-12-11T20:43:03.922+0000] {processor.py:829} INFO - Processing file /opt/airflow/dags/clean_up_after_star_schema_creation.py for tasks to queue
[2023-12-11T20:43:03.923+0000] {logging_mixin.py:154} INFO - [2023-12-11T20:43:03.923+0000] {dagbag.py:536} INFO - Filling up the DagBag from /opt/airflow/dags/clean_up_after_star_schema_creation.py
[2023-12-11T20:43:03.927+0000] {processor.py:841} WARNING - No viable dags retrieved from /opt/airflow/dags/clean_up_after_star_schema_creation.py
[2023-12-11T20:43:03.942+0000] {processor.py:179} INFO - Processing /opt/airflow/dags/clean_up_after_star_schema_creation.py took 0.023 seconds
[2023-12-11T20:43:34.333+0000] {processor.py:157} INFO - Started process (PID=613) to work on /opt/airflow/dags/clean_up_after_star_schema_creation.py
[2023-12-11T20:43:34.333+0000] {processor.py:829} INFO - Processing file /opt/airflow/dags/clean_up_after_star_schema_creation.py for tasks to queue
[2023-12-11T20:43:34.334+0000] {logging_mixin.py:154} INFO - [2023-12-11T20:43:34.334+0000] {dagbag.py:536} INFO - Filling up the DagBag from /opt/airflow/dags/clean_up_after_star_schema_creation.py
[2023-12-11T20:43:34.338+0000] {processor.py:841} WARNING - No viable dags retrieved from /opt/airflow/dags/clean_up_after_star_schema_creation.py
[2023-12-11T20:43:34.347+0000] {processor.py:179} INFO - Processing /opt/airflow/dags/clean_up_after_star_schema_creation.py took 0.016 seconds
[2023-12-11T20:44:04.784+0000] {processor.py:157} INFO - Started process (PID=651) to work on /opt/airflow/dags/clean_up_after_star_schema_creation.py
[2023-12-11T20:44:04.785+0000] {processor.py:829} INFO - Processing file /opt/airflow/dags/clean_up_after_star_schema_creation.py for tasks to queue
[2023-12-11T20:44:04.785+0000] {logging_mixin.py:154} INFO - [2023-12-11T20:44:04.785+0000] {dagbag.py:536} INFO - Filling up the DagBag from /opt/airflow/dags/clean_up_after_star_schema_creation.py
[2023-12-11T20:44:04.789+0000] {processor.py:841} WARNING - No viable dags retrieved from /opt/airflow/dags/clean_up_after_star_schema_creation.py
[2023-12-11T20:44:04.798+0000] {processor.py:179} INFO - Processing /opt/airflow/dags/clean_up_after_star_schema_creation.py took 0.016 seconds
[2023-12-11T20:44:35.280+0000] {processor.py:157} INFO - Started process (PID=689) to work on /opt/airflow/dags/clean_up_after_star_schema_creation.py
[2023-12-11T20:44:35.281+0000] {processor.py:829} INFO - Processing file /opt/airflow/dags/clean_up_after_star_schema_creation.py for tasks to queue
[2023-12-11T20:44:35.281+0000] {logging_mixin.py:154} INFO - [2023-12-11T20:44:35.281+0000] {dagbag.py:536} INFO - Filling up the DagBag from /opt/airflow/dags/clean_up_after_star_schema_creation.py
[2023-12-11T20:44:35.286+0000] {processor.py:841} WARNING - No viable dags retrieved from /opt/airflow/dags/clean_up_after_star_schema_creation.py
[2023-12-11T20:44:35.294+0000] {processor.py:179} INFO - Processing /opt/airflow/dags/clean_up_after_star_schema_creation.py took 0.016 seconds
[2023-12-11T20:45:05.751+0000] {processor.py:157} INFO - Started process (PID=732) to work on /opt/airflow/dags/clean_up_after_star_schema_creation.py
[2023-12-11T20:45:05.752+0000] {processor.py:829} INFO - Processing file /opt/airflow/dags/clean_up_after_star_schema_creation.py for tasks to queue
[2023-12-11T20:45:05.752+0000] {logging_mixin.py:154} INFO - [2023-12-11T20:45:05.752+0000] {dagbag.py:536} INFO - Filling up the DagBag from /opt/airflow/dags/clean_up_after_star_schema_creation.py
[2023-12-11T20:45:05.756+0000] {processor.py:841} WARNING - No viable dags retrieved from /opt/airflow/dags/clean_up_after_star_schema_creation.py
[2023-12-11T20:45:05.766+0000] {processor.py:179} INFO - Processing /opt/airflow/dags/clean_up_after_star_schema_creation.py took 0.017 seconds
[2023-12-11T20:45:36.113+0000] {processor.py:157} INFO - Started process (PID=773) to work on /opt/airflow/dags/clean_up_after_star_schema_creation.py
[2023-12-11T20:45:36.113+0000] {processor.py:829} INFO - Processing file /opt/airflow/dags/clean_up_after_star_schema_creation.py for tasks to queue
[2023-12-11T20:45:36.114+0000] {logging_mixin.py:154} INFO - [2023-12-11T20:45:36.113+0000] {dagbag.py:536} INFO - Filling up the DagBag from /opt/airflow/dags/clean_up_after_star_schema_creation.py
[2023-12-11T20:45:36.118+0000] {processor.py:841} WARNING - No viable dags retrieved from /opt/airflow/dags/clean_up_after_star_schema_creation.py
[2023-12-11T20:45:36.127+0000] {processor.py:179} INFO - Processing /opt/airflow/dags/clean_up_after_star_schema_creation.py took 0.016 seconds
[2023-12-11T20:46:06.613+0000] {processor.py:157} INFO - Started process (PID=811) to work on /opt/airflow/dags/clean_up_after_star_schema_creation.py
[2023-12-11T20:46:06.614+0000] {processor.py:829} INFO - Processing file /opt/airflow/dags/clean_up_after_star_schema_creation.py for tasks to queue
[2023-12-11T20:46:06.614+0000] {logging_mixin.py:154} INFO - [2023-12-11T20:46:06.614+0000] {dagbag.py:536} INFO - Filling up the DagBag from /opt/airflow/dags/clean_up_after_star_schema_creation.py
[2023-12-11T20:46:06.618+0000] {processor.py:841} WARNING - No viable dags retrieved from /opt/airflow/dags/clean_up_after_star_schema_creation.py
[2023-12-11T20:46:06.628+0000] {processor.py:179} INFO - Processing /opt/airflow/dags/clean_up_after_star_schema_creation.py took 0.017 seconds
[2023-12-11T20:46:37.100+0000] {processor.py:157} INFO - Started process (PID=852) to work on /opt/airflow/dags/clean_up_after_star_schema_creation.py
[2023-12-11T20:46:37.100+0000] {processor.py:829} INFO - Processing file /opt/airflow/dags/clean_up_after_star_schema_creation.py for tasks to queue
[2023-12-11T20:46:37.101+0000] {logging_mixin.py:154} INFO - [2023-12-11T20:46:37.101+0000] {dagbag.py:536} INFO - Filling up the DagBag from /opt/airflow/dags/clean_up_after_star_schema_creation.py
[2023-12-11T20:46:37.105+0000] {processor.py:841} WARNING - No viable dags retrieved from /opt/airflow/dags/clean_up_after_star_schema_creation.py
[2023-12-11T20:46:37.114+0000] {processor.py:179} INFO - Processing /opt/airflow/dags/clean_up_after_star_schema_creation.py took 0.016 seconds
[2023-12-11T20:47:07.522+0000] {processor.py:157} INFO - Started process (PID=890) to work on /opt/airflow/dags/clean_up_after_star_schema_creation.py
[2023-12-11T20:47:07.523+0000] {processor.py:829} INFO - Processing file /opt/airflow/dags/clean_up_after_star_schema_creation.py for tasks to queue
[2023-12-11T20:47:07.524+0000] {logging_mixin.py:154} INFO - [2023-12-11T20:47:07.523+0000] {dagbag.py:536} INFO - Filling up the DagBag from /opt/airflow/dags/clean_up_after_star_schema_creation.py
[2023-12-11T20:47:07.527+0000] {processor.py:841} WARNING - No viable dags retrieved from /opt/airflow/dags/clean_up_after_star_schema_creation.py
[2023-12-11T20:47:07.537+0000] {processor.py:179} INFO - Processing /opt/airflow/dags/clean_up_after_star_schema_creation.py took 0.017 seconds
[2023-12-11T20:47:38.052+0000] {processor.py:157} INFO - Started process (PID=933) to work on /opt/airflow/dags/clean_up_after_star_schema_creation.py
[2023-12-11T20:47:38.053+0000] {processor.py:829} INFO - Processing file /opt/airflow/dags/clean_up_after_star_schema_creation.py for tasks to queue
[2023-12-11T20:47:38.054+0000] {logging_mixin.py:154} INFO - [2023-12-11T20:47:38.053+0000] {dagbag.py:536} INFO - Filling up the DagBag from /opt/airflow/dags/clean_up_after_star_schema_creation.py
[2023-12-11T20:47:38.057+0000] {processor.py:841} WARNING - No viable dags retrieved from /opt/airflow/dags/clean_up_after_star_schema_creation.py
[2023-12-11T20:47:38.067+0000] {processor.py:179} INFO - Processing /opt/airflow/dags/clean_up_after_star_schema_creation.py took 0.016 seconds
[2023-12-11T20:48:08.553+0000] {processor.py:157} INFO - Started process (PID=974) to work on /opt/airflow/dags/clean_up_after_star_schema_creation.py
[2023-12-11T20:48:08.553+0000] {processor.py:829} INFO - Processing file /opt/airflow/dags/clean_up_after_star_schema_creation.py for tasks to queue
[2023-12-11T20:48:08.555+0000] {logging_mixin.py:154} INFO - [2023-12-11T20:48:08.555+0000] {dagbag.py:536} INFO - Filling up the DagBag from /opt/airflow/dags/clean_up_after_star_schema_creation.py
[2023-12-11T20:48:08.558+0000] {processor.py:841} WARNING - No viable dags retrieved from /opt/airflow/dags/clean_up_after_star_schema_creation.py
[2023-12-11T20:48:08.567+0000] {processor.py:179} INFO - Processing /opt/airflow/dags/clean_up_after_star_schema_creation.py took 0.017 seconds
[2023-12-11T20:48:39.008+0000] {processor.py:157} INFO - Started process (PID=1012) to work on /opt/airflow/dags/clean_up_after_star_schema_creation.py
[2023-12-11T20:48:39.009+0000] {processor.py:829} INFO - Processing file /opt/airflow/dags/clean_up_after_star_schema_creation.py for tasks to queue
[2023-12-11T20:48:39.009+0000] {logging_mixin.py:154} INFO - [2023-12-11T20:48:39.009+0000] {dagbag.py:536} INFO - Filling up the DagBag from /opt/airflow/dags/clean_up_after_star_schema_creation.py
[2023-12-11T20:48:39.013+0000] {processor.py:841} WARNING - No viable dags retrieved from /opt/airflow/dags/clean_up_after_star_schema_creation.py
[2023-12-11T20:48:39.022+0000] {processor.py:179} INFO - Processing /opt/airflow/dags/clean_up_after_star_schema_creation.py took 0.016 seconds
[2023-12-11T20:49:09.473+0000] {processor.py:157} INFO - Started process (PID=1050) to work on /opt/airflow/dags/clean_up_after_star_schema_creation.py
[2023-12-11T20:49:09.473+0000] {processor.py:829} INFO - Processing file /opt/airflow/dags/clean_up_after_star_schema_creation.py for tasks to queue
[2023-12-11T20:49:09.474+0000] {logging_mixin.py:154} INFO - [2023-12-11T20:49:09.474+0000] {dagbag.py:536} INFO - Filling up the DagBag from /opt/airflow/dags/clean_up_after_star_schema_creation.py
[2023-12-11T20:49:09.478+0000] {processor.py:841} WARNING - No viable dags retrieved from /opt/airflow/dags/clean_up_after_star_schema_creation.py
[2023-12-11T20:49:09.487+0000] {processor.py:179} INFO - Processing /opt/airflow/dags/clean_up_after_star_schema_creation.py took 0.016 seconds
[2023-12-11T20:49:40.024+0000] {processor.py:157} INFO - Started process (PID=1088) to work on /opt/airflow/dags/clean_up_after_star_schema_creation.py
[2023-12-11T20:49:40.025+0000] {processor.py:829} INFO - Processing file /opt/airflow/dags/clean_up_after_star_schema_creation.py for tasks to queue
[2023-12-11T20:49:40.025+0000] {logging_mixin.py:154} INFO - [2023-12-11T20:49:40.025+0000] {dagbag.py:536} INFO - Filling up the DagBag from /opt/airflow/dags/clean_up_after_star_schema_creation.py
[2023-12-11T20:49:40.029+0000] {processor.py:841} WARNING - No viable dags retrieved from /opt/airflow/dags/clean_up_after_star_schema_creation.py
[2023-12-11T20:49:40.040+0000] {processor.py:179} INFO - Processing /opt/airflow/dags/clean_up_after_star_schema_creation.py took 0.018 seconds
[2023-12-11T20:50:10.480+0000] {processor.py:157} INFO - Started process (PID=1129) to work on /opt/airflow/dags/clean_up_after_star_schema_creation.py
[2023-12-11T20:50:10.481+0000] {processor.py:829} INFO - Processing file /opt/airflow/dags/clean_up_after_star_schema_creation.py for tasks to queue
[2023-12-11T20:50:10.482+0000] {logging_mixin.py:154} INFO - [2023-12-11T20:50:10.482+0000] {dagbag.py:536} INFO - Filling up the DagBag from /opt/airflow/dags/clean_up_after_star_schema_creation.py
[2023-12-11T20:50:10.486+0000] {processor.py:841} WARNING - No viable dags retrieved from /opt/airflow/dags/clean_up_after_star_schema_creation.py
[2023-12-11T20:50:10.496+0000] {processor.py:179} INFO - Processing /opt/airflow/dags/clean_up_after_star_schema_creation.py took 0.017 seconds
[2023-12-11T20:50:40.892+0000] {processor.py:157} INFO - Started process (PID=1176) to work on /opt/airflow/dags/clean_up_after_star_schema_creation.py
[2023-12-11T20:50:40.892+0000] {processor.py:829} INFO - Processing file /opt/airflow/dags/clean_up_after_star_schema_creation.py for tasks to queue
[2023-12-11T20:50:40.893+0000] {logging_mixin.py:154} INFO - [2023-12-11T20:50:40.893+0000] {dagbag.py:536} INFO - Filling up the DagBag from /opt/airflow/dags/clean_up_after_star_schema_creation.py
[2023-12-11T20:50:40.897+0000] {processor.py:841} WARNING - No viable dags retrieved from /opt/airflow/dags/clean_up_after_star_schema_creation.py
[2023-12-11T20:50:40.908+0000] {processor.py:179} INFO - Processing /opt/airflow/dags/clean_up_after_star_schema_creation.py took 0.018 seconds
[2023-12-11T20:51:11.363+0000] {processor.py:157} INFO - Started process (PID=1214) to work on /opt/airflow/dags/clean_up_after_star_schema_creation.py
[2023-12-11T20:51:11.364+0000] {processor.py:829} INFO - Processing file /opt/airflow/dags/clean_up_after_star_schema_creation.py for tasks to queue
[2023-12-11T20:51:11.365+0000] {logging_mixin.py:154} INFO - [2023-12-11T20:51:11.364+0000] {dagbag.py:536} INFO - Filling up the DagBag from /opt/airflow/dags/clean_up_after_star_schema_creation.py
[2023-12-11T20:51:11.368+0000] {processor.py:841} WARNING - No viable dags retrieved from /opt/airflow/dags/clean_up_after_star_schema_creation.py
[2023-12-11T20:51:11.379+0000] {processor.py:179} INFO - Processing /opt/airflow/dags/clean_up_after_star_schema_creation.py took 0.018 seconds
[2023-12-11T20:51:41.445+0000] {processor.py:157} INFO - Started process (PID=1265) to work on /opt/airflow/dags/clean_up_after_star_schema_creation.py
[2023-12-11T20:51:41.447+0000] {processor.py:829} INFO - Processing file /opt/airflow/dags/clean_up_after_star_schema_creation.py for tasks to queue
[2023-12-11T20:51:41.448+0000] {logging_mixin.py:154} INFO - [2023-12-11T20:51:41.448+0000] {dagbag.py:536} INFO - Filling up the DagBag from /opt/airflow/dags/clean_up_after_star_schema_creation.py
[2023-12-11T20:51:41.455+0000] {processor.py:841} WARNING - No viable dags retrieved from /opt/airflow/dags/clean_up_after_star_schema_creation.py
[2023-12-11T20:51:41.472+0000] {processor.py:179} INFO - Processing /opt/airflow/dags/clean_up_after_star_schema_creation.py took 0.030 seconds
[2023-12-11T20:52:11.911+0000] {processor.py:157} INFO - Started process (PID=1305) to work on /opt/airflow/dags/clean_up_after_star_schema_creation.py
[2023-12-11T20:52:11.912+0000] {processor.py:829} INFO - Processing file /opt/airflow/dags/clean_up_after_star_schema_creation.py for tasks to queue
[2023-12-11T20:52:11.913+0000] {logging_mixin.py:154} INFO - [2023-12-11T20:52:11.913+0000] {dagbag.py:536} INFO - Filling up the DagBag from /opt/airflow/dags/clean_up_after_star_schema_creation.py
[2023-12-11T20:52:11.919+0000] {processor.py:841} WARNING - No viable dags retrieved from /opt/airflow/dags/clean_up_after_star_schema_creation.py
[2023-12-11T20:52:11.934+0000] {processor.py:179} INFO - Processing /opt/airflow/dags/clean_up_after_star_schema_creation.py took 0.026 seconds
[2023-12-11T20:52:42.400+0000] {processor.py:157} INFO - Started process (PID=1353) to work on /opt/airflow/dags/clean_up_after_star_schema_creation.py
[2023-12-11T20:52:42.401+0000] {processor.py:829} INFO - Processing file /opt/airflow/dags/clean_up_after_star_schema_creation.py for tasks to queue
[2023-12-11T20:52:42.403+0000] {logging_mixin.py:154} INFO - [2023-12-11T20:52:42.402+0000] {dagbag.py:536} INFO - Filling up the DagBag from /opt/airflow/dags/clean_up_after_star_schema_creation.py
[2023-12-11T20:52:42.412+0000] {processor.py:841} WARNING - No viable dags retrieved from /opt/airflow/dags/clean_up_after_star_schema_creation.py
[2023-12-11T20:52:42.432+0000] {processor.py:179} INFO - Processing /opt/airflow/dags/clean_up_after_star_schema_creation.py took 0.035 seconds
[2023-12-11T20:53:12.813+0000] {processor.py:157} INFO - Started process (PID=1387) to work on /opt/airflow/dags/clean_up_after_star_schema_creation.py
[2023-12-11T20:53:12.814+0000] {processor.py:829} INFO - Processing file /opt/airflow/dags/clean_up_after_star_schema_creation.py for tasks to queue
[2023-12-11T20:53:12.815+0000] {logging_mixin.py:154} INFO - [2023-12-11T20:53:12.815+0000] {dagbag.py:536} INFO - Filling up the DagBag from /opt/airflow/dags/clean_up_after_star_schema_creation.py
[2023-12-11T20:53:12.822+0000] {processor.py:841} WARNING - No viable dags retrieved from /opt/airflow/dags/clean_up_after_star_schema_creation.py
[2023-12-11T20:53:12.837+0000] {processor.py:179} INFO - Processing /opt/airflow/dags/clean_up_after_star_schema_creation.py took 0.026 seconds
[2023-12-11T20:53:43.228+0000] {processor.py:157} INFO - Started process (PID=1428) to work on /opt/airflow/dags/clean_up_after_star_schema_creation.py
[2023-12-11T20:53:43.229+0000] {processor.py:829} INFO - Processing file /opt/airflow/dags/clean_up_after_star_schema_creation.py for tasks to queue
[2023-12-11T20:53:43.230+0000] {logging_mixin.py:154} INFO - [2023-12-11T20:53:43.230+0000] {dagbag.py:536} INFO - Filling up the DagBag from /opt/airflow/dags/clean_up_after_star_schema_creation.py
[2023-12-11T20:53:43.237+0000] {processor.py:841} WARNING - No viable dags retrieved from /opt/airflow/dags/clean_up_after_star_schema_creation.py
[2023-12-11T20:53:43.253+0000] {processor.py:179} INFO - Processing /opt/airflow/dags/clean_up_after_star_schema_creation.py took 0.028 seconds
[2023-12-11T20:54:13.600+0000] {processor.py:157} INFO - Started process (PID=1464) to work on /opt/airflow/dags/clean_up_after_star_schema_creation.py
[2023-12-11T20:54:13.601+0000] {processor.py:829} INFO - Processing file /opt/airflow/dags/clean_up_after_star_schema_creation.py for tasks to queue
[2023-12-11T20:54:13.602+0000] {logging_mixin.py:154} INFO - [2023-12-11T20:54:13.602+0000] {dagbag.py:536} INFO - Filling up the DagBag from /opt/airflow/dags/clean_up_after_star_schema_creation.py
[2023-12-11T20:54:13.610+0000] {processor.py:841} WARNING - No viable dags retrieved from /opt/airflow/dags/clean_up_after_star_schema_creation.py
[2023-12-11T20:54:13.627+0000] {processor.py:179} INFO - Processing /opt/airflow/dags/clean_up_after_star_schema_creation.py took 0.029 seconds
[2023-12-11T20:54:44.015+0000] {processor.py:157} INFO - Started process (PID=1504) to work on /opt/airflow/dags/clean_up_after_star_schema_creation.py
[2023-12-11T20:54:44.016+0000] {processor.py:829} INFO - Processing file /opt/airflow/dags/clean_up_after_star_schema_creation.py for tasks to queue
[2023-12-11T20:54:44.016+0000] {logging_mixin.py:154} INFO - [2023-12-11T20:54:44.016+0000] {dagbag.py:536} INFO - Filling up the DagBag from /opt/airflow/dags/clean_up_after_star_schema_creation.py
[2023-12-11T20:54:44.020+0000] {processor.py:841} WARNING - No viable dags retrieved from /opt/airflow/dags/clean_up_after_star_schema_creation.py
[2023-12-11T20:54:44.029+0000] {processor.py:179} INFO - Processing /opt/airflow/dags/clean_up_after_star_schema_creation.py took 0.016 seconds
[2023-12-11T20:55:14.494+0000] {processor.py:157} INFO - Started process (PID=1542) to work on /opt/airflow/dags/clean_up_after_star_schema_creation.py
[2023-12-11T20:55:14.494+0000] {processor.py:829} INFO - Processing file /opt/airflow/dags/clean_up_after_star_schema_creation.py for tasks to queue
[2023-12-11T20:55:14.495+0000] {logging_mixin.py:154} INFO - [2023-12-11T20:55:14.495+0000] {dagbag.py:536} INFO - Filling up the DagBag from /opt/airflow/dags/clean_up_after_star_schema_creation.py
[2023-12-11T20:55:14.499+0000] {processor.py:841} WARNING - No viable dags retrieved from /opt/airflow/dags/clean_up_after_star_schema_creation.py
[2023-12-11T20:55:14.508+0000] {processor.py:179} INFO - Processing /opt/airflow/dags/clean_up_after_star_schema_creation.py took 0.017 seconds
[2023-12-11T20:55:44.927+0000] {processor.py:157} INFO - Started process (PID=1580) to work on /opt/airflow/dags/clean_up_after_star_schema_creation.py
[2023-12-11T20:55:44.927+0000] {processor.py:829} INFO - Processing file /opt/airflow/dags/clean_up_after_star_schema_creation.py for tasks to queue
[2023-12-11T20:55:44.928+0000] {logging_mixin.py:154} INFO - [2023-12-11T20:55:44.928+0000] {dagbag.py:536} INFO - Filling up the DagBag from /opt/airflow/dags/clean_up_after_star_schema_creation.py
[2023-12-11T20:55:44.932+0000] {processor.py:841} WARNING - No viable dags retrieved from /opt/airflow/dags/clean_up_after_star_schema_creation.py
[2023-12-11T20:55:44.942+0000] {processor.py:179} INFO - Processing /opt/airflow/dags/clean_up_after_star_schema_creation.py took 0.017 seconds
[2023-12-11T20:56:15.294+0000] {processor.py:157} INFO - Started process (PID=1618) to work on /opt/airflow/dags/clean_up_after_star_schema_creation.py
[2023-12-11T20:56:15.295+0000] {processor.py:829} INFO - Processing file /opt/airflow/dags/clean_up_after_star_schema_creation.py for tasks to queue
[2023-12-11T20:56:15.296+0000] {logging_mixin.py:154} INFO - [2023-12-11T20:56:15.295+0000] {dagbag.py:536} INFO - Filling up the DagBag from /opt/airflow/dags/clean_up_after_star_schema_creation.py
[2023-12-11T20:56:15.300+0000] {processor.py:841} WARNING - No viable dags retrieved from /opt/airflow/dags/clean_up_after_star_schema_creation.py
[2023-12-11T20:56:15.309+0000] {processor.py:179} INFO - Processing /opt/airflow/dags/clean_up_after_star_schema_creation.py took 0.016 seconds
[2023-12-11T20:56:45.758+0000] {processor.py:157} INFO - Started process (PID=1656) to work on /opt/airflow/dags/clean_up_after_star_schema_creation.py
[2023-12-11T20:56:45.758+0000] {processor.py:829} INFO - Processing file /opt/airflow/dags/clean_up_after_star_schema_creation.py for tasks to queue
[2023-12-11T20:56:45.759+0000] {logging_mixin.py:154} INFO - [2023-12-11T20:56:45.759+0000] {dagbag.py:536} INFO - Filling up the DagBag from /opt/airflow/dags/clean_up_after_star_schema_creation.py
[2023-12-11T20:56:45.763+0000] {processor.py:841} WARNING - No viable dags retrieved from /opt/airflow/dags/clean_up_after_star_schema_creation.py
[2023-12-11T20:56:45.772+0000] {processor.py:179} INFO - Processing /opt/airflow/dags/clean_up_after_star_schema_creation.py took 0.016 seconds
[2023-12-11T20:57:16.187+0000] {processor.py:157} INFO - Started process (PID=1694) to work on /opt/airflow/dags/clean_up_after_star_schema_creation.py
[2023-12-11T20:57:16.188+0000] {processor.py:829} INFO - Processing file /opt/airflow/dags/clean_up_after_star_schema_creation.py for tasks to queue
[2023-12-11T20:57:16.188+0000] {logging_mixin.py:154} INFO - [2023-12-11T20:57:16.188+0000] {dagbag.py:536} INFO - Filling up the DagBag from /opt/airflow/dags/clean_up_after_star_schema_creation.py
[2023-12-11T20:57:16.192+0000] {processor.py:841} WARNING - No viable dags retrieved from /opt/airflow/dags/clean_up_after_star_schema_creation.py
[2023-12-11T20:57:16.201+0000] {processor.py:179} INFO - Processing /opt/airflow/dags/clean_up_after_star_schema_creation.py took 0.016 seconds
[2023-12-11T20:57:46.571+0000] {processor.py:157} INFO - Started process (PID=1768) to work on /opt/airflow/dags/clean_up_after_star_schema_creation.py
[2023-12-11T20:57:46.572+0000] {processor.py:829} INFO - Processing file /opt/airflow/dags/clean_up_after_star_schema_creation.py for tasks to queue
[2023-12-11T20:57:46.573+0000] {logging_mixin.py:154} INFO - [2023-12-11T20:57:46.572+0000] {dagbag.py:536} INFO - Filling up the DagBag from /opt/airflow/dags/clean_up_after_star_schema_creation.py
[2023-12-11T20:57:46.579+0000] {processor.py:841} WARNING - No viable dags retrieved from /opt/airflow/dags/clean_up_after_star_schema_creation.py
[2023-12-11T20:57:46.594+0000] {processor.py:179} INFO - Processing /opt/airflow/dags/clean_up_after_star_schema_creation.py took 0.026 seconds
[2023-12-11T20:58:16.955+0000] {processor.py:157} INFO - Started process (PID=1806) to work on /opt/airflow/dags/clean_up_after_star_schema_creation.py
[2023-12-11T20:58:16.956+0000] {processor.py:829} INFO - Processing file /opt/airflow/dags/clean_up_after_star_schema_creation.py for tasks to queue
[2023-12-11T20:58:16.957+0000] {logging_mixin.py:154} INFO - [2023-12-11T20:58:16.956+0000] {dagbag.py:536} INFO - Filling up the DagBag from /opt/airflow/dags/clean_up_after_star_schema_creation.py
[2023-12-11T20:58:16.960+0000] {processor.py:841} WARNING - No viable dags retrieved from /opt/airflow/dags/clean_up_after_star_schema_creation.py
[2023-12-11T20:58:16.970+0000] {processor.py:179} INFO - Processing /opt/airflow/dags/clean_up_after_star_schema_creation.py took 0.017 seconds
[2023-12-11T20:58:47.467+0000] {processor.py:157} INFO - Started process (PID=1844) to work on /opt/airflow/dags/clean_up_after_star_schema_creation.py
[2023-12-11T20:58:47.467+0000] {processor.py:829} INFO - Processing file /opt/airflow/dags/clean_up_after_star_schema_creation.py for tasks to queue
[2023-12-11T20:58:47.468+0000] {logging_mixin.py:154} INFO - [2023-12-11T20:58:47.468+0000] {dagbag.py:536} INFO - Filling up the DagBag from /opt/airflow/dags/clean_up_after_star_schema_creation.py
[2023-12-11T20:58:47.472+0000] {processor.py:841} WARNING - No viable dags retrieved from /opt/airflow/dags/clean_up_after_star_schema_creation.py
[2023-12-11T20:58:47.481+0000] {processor.py:179} INFO - Processing /opt/airflow/dags/clean_up_after_star_schema_creation.py took 0.016 seconds
[2023-12-11T20:59:17.971+0000] {processor.py:157} INFO - Started process (PID=1882) to work on /opt/airflow/dags/clean_up_after_star_schema_creation.py
[2023-12-11T20:59:17.971+0000] {processor.py:829} INFO - Processing file /opt/airflow/dags/clean_up_after_star_schema_creation.py for tasks to queue
[2023-12-11T20:59:17.972+0000] {logging_mixin.py:154} INFO - [2023-12-11T20:59:17.972+0000] {dagbag.py:536} INFO - Filling up the DagBag from /opt/airflow/dags/clean_up_after_star_schema_creation.py
[2023-12-11T20:59:17.976+0000] {processor.py:841} WARNING - No viable dags retrieved from /opt/airflow/dags/clean_up_after_star_schema_creation.py
[2023-12-11T20:59:17.985+0000] {processor.py:179} INFO - Processing /opt/airflow/dags/clean_up_after_star_schema_creation.py took 0.016 seconds
