[2023-12-21T20:32:00.301+0000] {processor.py:157} INFO - Started process (PID=196) to work on /opt/airflow/dags/clean_up_after_star_schema_creation.py
[2023-12-21T20:32:00.302+0000] {processor.py:829} INFO - Processing file /opt/airflow/dags/clean_up_after_star_schema_creation.py for tasks to queue
[2023-12-21T20:32:00.302+0000] {logging_mixin.py:154} INFO - [2023-12-21T20:32:00.302+0000] {dagbag.py:536} INFO - Filling up the DagBag from /opt/airflow/dags/clean_up_after_star_schema_creation.py
[2023-12-21T20:32:00.306+0000] {processor.py:841} WARNING - No viable dags retrieved from /opt/airflow/dags/clean_up_after_star_schema_creation.py
[2023-12-21T20:32:00.316+0000] {processor.py:179} INFO - Processing /opt/airflow/dags/clean_up_after_star_schema_creation.py took 0.017 seconds
[2023-12-21T20:32:30.489+0000] {processor.py:157} INFO - Started process (PID=235) to work on /opt/airflow/dags/clean_up_after_star_schema_creation.py
[2023-12-21T20:32:30.489+0000] {processor.py:829} INFO - Processing file /opt/airflow/dags/clean_up_after_star_schema_creation.py for tasks to queue
[2023-12-21T20:32:30.490+0000] {logging_mixin.py:154} INFO - [2023-12-21T20:32:30.489+0000] {dagbag.py:536} INFO - Filling up the DagBag from /opt/airflow/dags/clean_up_after_star_schema_creation.py
[2023-12-21T20:32:30.493+0000] {processor.py:841} WARNING - No viable dags retrieved from /opt/airflow/dags/clean_up_after_star_schema_creation.py
[2023-12-21T20:32:30.502+0000] {processor.py:179} INFO - Processing /opt/airflow/dags/clean_up_after_star_schema_creation.py took 0.015 seconds
[2023-12-21T20:33:00.927+0000] {processor.py:157} INFO - Started process (PID=296) to work on /opt/airflow/dags/clean_up_after_star_schema_creation.py
[2023-12-21T20:33:00.928+0000] {processor.py:829} INFO - Processing file /opt/airflow/dags/clean_up_after_star_schema_creation.py for tasks to queue
[2023-12-21T20:33:00.928+0000] {logging_mixin.py:154} INFO - [2023-12-21T20:33:00.928+0000] {dagbag.py:536} INFO - Filling up the DagBag from /opt/airflow/dags/clean_up_after_star_schema_creation.py
[2023-12-21T20:33:00.931+0000] {processor.py:841} WARNING - No viable dags retrieved from /opt/airflow/dags/clean_up_after_star_schema_creation.py
[2023-12-21T20:33:00.940+0000] {processor.py:179} INFO - Processing /opt/airflow/dags/clean_up_after_star_schema_creation.py took 0.015 seconds
[2023-12-21T20:33:31.372+0000] {processor.py:157} INFO - Started process (PID=339) to work on /opt/airflow/dags/clean_up_after_star_schema_creation.py
[2023-12-21T20:33:31.373+0000] {processor.py:829} INFO - Processing file /opt/airflow/dags/clean_up_after_star_schema_creation.py for tasks to queue
[2023-12-21T20:33:31.373+0000] {logging_mixin.py:154} INFO - [2023-12-21T20:33:31.373+0000] {dagbag.py:536} INFO - Filling up the DagBag from /opt/airflow/dags/clean_up_after_star_schema_creation.py
[2023-12-21T20:33:31.376+0000] {processor.py:841} WARNING - No viable dags retrieved from /opt/airflow/dags/clean_up_after_star_schema_creation.py
[2023-12-21T20:33:31.385+0000] {processor.py:179} INFO - Processing /opt/airflow/dags/clean_up_after_star_schema_creation.py took 0.015 seconds
[2023-12-21T20:34:01.799+0000] {processor.py:157} INFO - Started process (PID=394) to work on /opt/airflow/dags/clean_up_after_star_schema_creation.py
[2023-12-21T20:34:01.800+0000] {processor.py:829} INFO - Processing file /opt/airflow/dags/clean_up_after_star_schema_creation.py for tasks to queue
[2023-12-21T20:34:01.800+0000] {logging_mixin.py:154} INFO - [2023-12-21T20:34:01.800+0000] {dagbag.py:536} INFO - Filling up the DagBag from /opt/airflow/dags/clean_up_after_star_schema_creation.py
[2023-12-21T20:34:01.804+0000] {processor.py:841} WARNING - No viable dags retrieved from /opt/airflow/dags/clean_up_after_star_schema_creation.py
[2023-12-21T20:34:01.813+0000] {processor.py:179} INFO - Processing /opt/airflow/dags/clean_up_after_star_schema_creation.py took 0.015 seconds
[2023-12-21T20:34:32.318+0000] {processor.py:157} INFO - Started process (PID=437) to work on /opt/airflow/dags/clean_up_after_star_schema_creation.py
[2023-12-21T20:34:32.319+0000] {processor.py:829} INFO - Processing file /opt/airflow/dags/clean_up_after_star_schema_creation.py for tasks to queue
[2023-12-21T20:34:32.320+0000] {logging_mixin.py:154} INFO - [2023-12-21T20:34:32.319+0000] {dagbag.py:536} INFO - Filling up the DagBag from /opt/airflow/dags/clean_up_after_star_schema_creation.py
[2023-12-21T20:34:32.323+0000] {processor.py:841} WARNING - No viable dags retrieved from /opt/airflow/dags/clean_up_after_star_schema_creation.py
[2023-12-21T20:34:32.332+0000] {processor.py:179} INFO - Processing /opt/airflow/dags/clean_up_after_star_schema_creation.py took 0.015 seconds
[2023-12-21T20:35:02.807+0000] {processor.py:157} INFO - Started process (PID=486) to work on /opt/airflow/dags/clean_up_after_star_schema_creation.py
[2023-12-21T20:35:02.808+0000] {processor.py:829} INFO - Processing file /opt/airflow/dags/clean_up_after_star_schema_creation.py for tasks to queue
[2023-12-21T20:35:02.808+0000] {logging_mixin.py:154} INFO - [2023-12-21T20:35:02.808+0000] {dagbag.py:536} INFO - Filling up the DagBag from /opt/airflow/dags/clean_up_after_star_schema_creation.py
[2023-12-21T20:35:02.812+0000] {processor.py:841} WARNING - No viable dags retrieved from /opt/airflow/dags/clean_up_after_star_schema_creation.py
[2023-12-21T20:35:02.821+0000] {processor.py:179} INFO - Processing /opt/airflow/dags/clean_up_after_star_schema_creation.py took 0.015 seconds
[2023-12-21T20:35:33.361+0000] {processor.py:157} INFO - Started process (PID=529) to work on /opt/airflow/dags/clean_up_after_star_schema_creation.py
[2023-12-21T20:35:33.361+0000] {processor.py:829} INFO - Processing file /opt/airflow/dags/clean_up_after_star_schema_creation.py for tasks to queue
[2023-12-21T20:35:33.362+0000] {logging_mixin.py:154} INFO - [2023-12-21T20:35:33.362+0000] {dagbag.py:536} INFO - Filling up the DagBag from /opt/airflow/dags/clean_up_after_star_schema_creation.py
[2023-12-21T20:35:33.365+0000] {processor.py:841} WARNING - No viable dags retrieved from /opt/airflow/dags/clean_up_after_star_schema_creation.py
[2023-12-21T20:35:33.374+0000] {processor.py:179} INFO - Processing /opt/airflow/dags/clean_up_after_star_schema_creation.py took 0.015 seconds
[2023-12-21T20:36:03.856+0000] {processor.py:157} INFO - Started process (PID=572) to work on /opt/airflow/dags/clean_up_after_star_schema_creation.py
[2023-12-21T20:36:03.856+0000] {processor.py:829} INFO - Processing file /opt/airflow/dags/clean_up_after_star_schema_creation.py for tasks to queue
[2023-12-21T20:36:03.857+0000] {logging_mixin.py:154} INFO - [2023-12-21T20:36:03.857+0000] {dagbag.py:536} INFO - Filling up the DagBag from /opt/airflow/dags/clean_up_after_star_schema_creation.py
[2023-12-21T20:36:03.860+0000] {processor.py:841} WARNING - No viable dags retrieved from /opt/airflow/dags/clean_up_after_star_schema_creation.py
[2023-12-21T20:36:03.869+0000] {processor.py:179} INFO - Processing /opt/airflow/dags/clean_up_after_star_schema_creation.py took 0.015 seconds
[2023-12-21T20:36:34.380+0000] {processor.py:157} INFO - Started process (PID=615) to work on /opt/airflow/dags/clean_up_after_star_schema_creation.py
[2023-12-21T20:36:34.381+0000] {processor.py:829} INFO - Processing file /opt/airflow/dags/clean_up_after_star_schema_creation.py for tasks to queue
[2023-12-21T20:36:34.382+0000] {logging_mixin.py:154} INFO - [2023-12-21T20:36:34.381+0000] {dagbag.py:536} INFO - Filling up the DagBag from /opt/airflow/dags/clean_up_after_star_schema_creation.py
[2023-12-21T20:36:34.385+0000] {processor.py:841} WARNING - No viable dags retrieved from /opt/airflow/dags/clean_up_after_star_schema_creation.py
[2023-12-21T20:36:34.398+0000] {processor.py:179} INFO - Processing /opt/airflow/dags/clean_up_after_star_schema_creation.py took 0.020 seconds
[2023-12-21T20:37:04.829+0000] {processor.py:157} INFO - Started process (PID=658) to work on /opt/airflow/dags/clean_up_after_star_schema_creation.py
[2023-12-21T20:37:04.829+0000] {processor.py:829} INFO - Processing file /opt/airflow/dags/clean_up_after_star_schema_creation.py for tasks to queue
[2023-12-21T20:37:04.830+0000] {logging_mixin.py:154} INFO - [2023-12-21T20:37:04.830+0000] {dagbag.py:536} INFO - Filling up the DagBag from /opt/airflow/dags/clean_up_after_star_schema_creation.py
[2023-12-21T20:37:04.834+0000] {processor.py:841} WARNING - No viable dags retrieved from /opt/airflow/dags/clean_up_after_star_schema_creation.py
[2023-12-21T20:37:04.843+0000] {processor.py:179} INFO - Processing /opt/airflow/dags/clean_up_after_star_schema_creation.py took 0.016 seconds
[2023-12-21T20:37:35.257+0000] {processor.py:157} INFO - Started process (PID=713) to work on /opt/airflow/dags/clean_up_after_star_schema_creation.py
[2023-12-21T20:37:35.257+0000] {processor.py:829} INFO - Processing file /opt/airflow/dags/clean_up_after_star_schema_creation.py for tasks to queue
[2023-12-21T20:37:35.258+0000] {logging_mixin.py:154} INFO - [2023-12-21T20:37:35.258+0000] {dagbag.py:536} INFO - Filling up the DagBag from /opt/airflow/dags/clean_up_after_star_schema_creation.py
[2023-12-21T20:37:35.261+0000] {processor.py:841} WARNING - No viable dags retrieved from /opt/airflow/dags/clean_up_after_star_schema_creation.py
[2023-12-21T20:37:35.270+0000] {processor.py:179} INFO - Processing /opt/airflow/dags/clean_up_after_star_schema_creation.py took 0.015 seconds
[2023-12-21T20:38:05.634+0000] {processor.py:157} INFO - Started process (PID=756) to work on /opt/airflow/dags/clean_up_after_star_schema_creation.py
[2023-12-21T20:38:05.635+0000] {processor.py:829} INFO - Processing file /opt/airflow/dags/clean_up_after_star_schema_creation.py for tasks to queue
[2023-12-21T20:38:05.635+0000] {logging_mixin.py:154} INFO - [2023-12-21T20:38:05.635+0000] {dagbag.py:536} INFO - Filling up the DagBag from /opt/airflow/dags/clean_up_after_star_schema_creation.py
[2023-12-21T20:38:05.639+0000] {processor.py:841} WARNING - No viable dags retrieved from /opt/airflow/dags/clean_up_after_star_schema_creation.py
[2023-12-21T20:38:05.647+0000] {processor.py:179} INFO - Processing /opt/airflow/dags/clean_up_after_star_schema_creation.py took 0.015 seconds
[2023-12-21T20:38:36.098+0000] {processor.py:157} INFO - Started process (PID=817) to work on /opt/airflow/dags/clean_up_after_star_schema_creation.py
[2023-12-21T20:38:36.099+0000] {processor.py:829} INFO - Processing file /opt/airflow/dags/clean_up_after_star_schema_creation.py for tasks to queue
[2023-12-21T20:38:36.099+0000] {logging_mixin.py:154} INFO - [2023-12-21T20:38:36.099+0000] {dagbag.py:536} INFO - Filling up the DagBag from /opt/airflow/dags/clean_up_after_star_schema_creation.py
[2023-12-21T20:38:36.103+0000] {processor.py:841} WARNING - No viable dags retrieved from /opt/airflow/dags/clean_up_after_star_schema_creation.py
[2023-12-21T20:38:36.111+0000] {processor.py:179} INFO - Processing /opt/airflow/dags/clean_up_after_star_schema_creation.py took 0.015 seconds
[2023-12-21T20:39:06.619+0000] {processor.py:157} INFO - Started process (PID=860) to work on /opt/airflow/dags/clean_up_after_star_schema_creation.py
[2023-12-21T20:39:06.619+0000] {processor.py:829} INFO - Processing file /opt/airflow/dags/clean_up_after_star_schema_creation.py for tasks to queue
[2023-12-21T20:39:06.620+0000] {logging_mixin.py:154} INFO - [2023-12-21T20:39:06.620+0000] {dagbag.py:536} INFO - Filling up the DagBag from /opt/airflow/dags/clean_up_after_star_schema_creation.py
[2023-12-21T20:39:06.623+0000] {processor.py:841} WARNING - No viable dags retrieved from /opt/airflow/dags/clean_up_after_star_schema_creation.py
[2023-12-21T20:39:06.632+0000] {processor.py:179} INFO - Processing /opt/airflow/dags/clean_up_after_star_schema_creation.py took 0.015 seconds
[2023-12-21T20:39:36.995+0000] {processor.py:157} INFO - Started process (PID=921) to work on /opt/airflow/dags/clean_up_after_star_schema_creation.py
[2023-12-21T20:39:36.995+0000] {processor.py:829} INFO - Processing file /opt/airflow/dags/clean_up_after_star_schema_creation.py for tasks to queue
[2023-12-21T20:39:36.996+0000] {logging_mixin.py:154} INFO - [2023-12-21T20:39:36.996+0000] {dagbag.py:536} INFO - Filling up the DagBag from /opt/airflow/dags/clean_up_after_star_schema_creation.py
[2023-12-21T20:39:36.999+0000] {processor.py:841} WARNING - No viable dags retrieved from /opt/airflow/dags/clean_up_after_star_schema_creation.py
[2023-12-21T20:39:37.008+0000] {processor.py:179} INFO - Processing /opt/airflow/dags/clean_up_after_star_schema_creation.py took 0.015 seconds
[2023-12-21T20:40:07.480+0000] {processor.py:157} INFO - Started process (PID=964) to work on /opt/airflow/dags/clean_up_after_star_schema_creation.py
[2023-12-21T20:40:07.481+0000] {processor.py:829} INFO - Processing file /opt/airflow/dags/clean_up_after_star_schema_creation.py for tasks to queue
[2023-12-21T20:40:07.481+0000] {logging_mixin.py:154} INFO - [2023-12-21T20:40:07.481+0000] {dagbag.py:536} INFO - Filling up the DagBag from /opt/airflow/dags/clean_up_after_star_schema_creation.py
[2023-12-21T20:40:07.484+0000] {processor.py:841} WARNING - No viable dags retrieved from /opt/airflow/dags/clean_up_after_star_schema_creation.py
[2023-12-21T20:40:07.493+0000] {processor.py:179} INFO - Processing /opt/airflow/dags/clean_up_after_star_schema_creation.py took 0.015 seconds
[2023-12-21T20:40:37.993+0000] {processor.py:157} INFO - Started process (PID=1025) to work on /opt/airflow/dags/clean_up_after_star_schema_creation.py
[2023-12-21T20:40:37.994+0000] {processor.py:829} INFO - Processing file /opt/airflow/dags/clean_up_after_star_schema_creation.py for tasks to queue
[2023-12-21T20:40:37.994+0000] {logging_mixin.py:154} INFO - [2023-12-21T20:40:37.994+0000] {dagbag.py:536} INFO - Filling up the DagBag from /opt/airflow/dags/clean_up_after_star_schema_creation.py
[2023-12-21T20:40:37.997+0000] {processor.py:841} WARNING - No viable dags retrieved from /opt/airflow/dags/clean_up_after_star_schema_creation.py
[2023-12-21T20:40:38.006+0000] {processor.py:179} INFO - Processing /opt/airflow/dags/clean_up_after_star_schema_creation.py took 0.015 seconds
[2023-12-21T20:41:08.509+0000] {processor.py:157} INFO - Started process (PID=1068) to work on /opt/airflow/dags/clean_up_after_star_schema_creation.py
[2023-12-21T20:41:08.510+0000] {processor.py:829} INFO - Processing file /opt/airflow/dags/clean_up_after_star_schema_creation.py for tasks to queue
[2023-12-21T20:41:08.510+0000] {logging_mixin.py:154} INFO - [2023-12-21T20:41:08.510+0000] {dagbag.py:536} INFO - Filling up the DagBag from /opt/airflow/dags/clean_up_after_star_schema_creation.py
[2023-12-21T20:41:08.514+0000] {processor.py:841} WARNING - No viable dags retrieved from /opt/airflow/dags/clean_up_after_star_schema_creation.py
[2023-12-21T20:41:08.523+0000] {processor.py:179} INFO - Processing /opt/airflow/dags/clean_up_after_star_schema_creation.py took 0.015 seconds
[2023-12-21T20:41:38.966+0000] {processor.py:157} INFO - Started process (PID=1111) to work on /opt/airflow/dags/clean_up_after_star_schema_creation.py
[2023-12-21T20:41:38.966+0000] {processor.py:829} INFO - Processing file /opt/airflow/dags/clean_up_after_star_schema_creation.py for tasks to queue
[2023-12-21T20:41:38.967+0000] {logging_mixin.py:154} INFO - [2023-12-21T20:41:38.967+0000] {dagbag.py:536} INFO - Filling up the DagBag from /opt/airflow/dags/clean_up_after_star_schema_creation.py
[2023-12-21T20:41:38.970+0000] {processor.py:841} WARNING - No viable dags retrieved from /opt/airflow/dags/clean_up_after_star_schema_creation.py
[2023-12-21T20:41:38.979+0000] {processor.py:179} INFO - Processing /opt/airflow/dags/clean_up_after_star_schema_creation.py took 0.015 seconds
[2023-12-21T20:42:09.500+0000] {processor.py:157} INFO - Started process (PID=1154) to work on /opt/airflow/dags/clean_up_after_star_schema_creation.py
[2023-12-21T20:42:09.500+0000] {processor.py:829} INFO - Processing file /opt/airflow/dags/clean_up_after_star_schema_creation.py for tasks to queue
[2023-12-21T20:42:09.501+0000] {logging_mixin.py:154} INFO - [2023-12-21T20:42:09.501+0000] {dagbag.py:536} INFO - Filling up the DagBag from /opt/airflow/dags/clean_up_after_star_schema_creation.py
[2023-12-21T20:42:09.504+0000] {processor.py:841} WARNING - No viable dags retrieved from /opt/airflow/dags/clean_up_after_star_schema_creation.py
[2023-12-21T20:42:09.513+0000] {processor.py:179} INFO - Processing /opt/airflow/dags/clean_up_after_star_schema_creation.py took 0.015 seconds
[2023-12-21T20:42:40.003+0000] {processor.py:157} INFO - Started process (PID=1197) to work on /opt/airflow/dags/clean_up_after_star_schema_creation.py
[2023-12-21T20:42:40.003+0000] {processor.py:829} INFO - Processing file /opt/airflow/dags/clean_up_after_star_schema_creation.py for tasks to queue
[2023-12-21T20:42:40.004+0000] {logging_mixin.py:154} INFO - [2023-12-21T20:42:40.004+0000] {dagbag.py:536} INFO - Filling up the DagBag from /opt/airflow/dags/clean_up_after_star_schema_creation.py
[2023-12-21T20:42:40.007+0000] {processor.py:841} WARNING - No viable dags retrieved from /opt/airflow/dags/clean_up_after_star_schema_creation.py
[2023-12-21T20:42:40.016+0000] {processor.py:179} INFO - Processing /opt/airflow/dags/clean_up_after_star_schema_creation.py took 0.015 seconds
[2023-12-21T20:43:10.565+0000] {processor.py:157} INFO - Started process (PID=1240) to work on /opt/airflow/dags/clean_up_after_star_schema_creation.py
[2023-12-21T20:43:10.566+0000] {processor.py:829} INFO - Processing file /opt/airflow/dags/clean_up_after_star_schema_creation.py for tasks to queue
[2023-12-21T20:43:10.566+0000] {logging_mixin.py:154} INFO - [2023-12-21T20:43:10.566+0000] {dagbag.py:536} INFO - Filling up the DagBag from /opt/airflow/dags/clean_up_after_star_schema_creation.py
[2023-12-21T20:43:10.570+0000] {processor.py:841} WARNING - No viable dags retrieved from /opt/airflow/dags/clean_up_after_star_schema_creation.py
[2023-12-21T20:43:10.579+0000] {processor.py:179} INFO - Processing /opt/airflow/dags/clean_up_after_star_schema_creation.py took 0.015 seconds
[2023-12-21T20:43:41.106+0000] {processor.py:157} INFO - Started process (PID=1283) to work on /opt/airflow/dags/clean_up_after_star_schema_creation.py
[2023-12-21T20:43:41.107+0000] {processor.py:829} INFO - Processing file /opt/airflow/dags/clean_up_after_star_schema_creation.py for tasks to queue
[2023-12-21T20:43:41.107+0000] {logging_mixin.py:154} INFO - [2023-12-21T20:43:41.107+0000] {dagbag.py:536} INFO - Filling up the DagBag from /opt/airflow/dags/clean_up_after_star_schema_creation.py
[2023-12-21T20:43:41.111+0000] {processor.py:841} WARNING - No viable dags retrieved from /opt/airflow/dags/clean_up_after_star_schema_creation.py
[2023-12-21T20:43:41.120+0000] {processor.py:179} INFO - Processing /opt/airflow/dags/clean_up_after_star_schema_creation.py took 0.015 seconds
[2023-12-21T20:44:11.647+0000] {processor.py:157} INFO - Started process (PID=1326) to work on /opt/airflow/dags/clean_up_after_star_schema_creation.py
[2023-12-21T20:44:11.647+0000] {processor.py:829} INFO - Processing file /opt/airflow/dags/clean_up_after_star_schema_creation.py for tasks to queue
[2023-12-21T20:44:11.648+0000] {logging_mixin.py:154} INFO - [2023-12-21T20:44:11.648+0000] {dagbag.py:536} INFO - Filling up the DagBag from /opt/airflow/dags/clean_up_after_star_schema_creation.py
[2023-12-21T20:44:11.651+0000] {processor.py:841} WARNING - No viable dags retrieved from /opt/airflow/dags/clean_up_after_star_schema_creation.py
[2023-12-21T20:44:11.660+0000] {processor.py:179} INFO - Processing /opt/airflow/dags/clean_up_after_star_schema_creation.py took 0.015 seconds
[2023-12-21T20:44:42.149+0000] {processor.py:157} INFO - Started process (PID=1369) to work on /opt/airflow/dags/clean_up_after_star_schema_creation.py
[2023-12-21T20:44:42.150+0000] {processor.py:829} INFO - Processing file /opt/airflow/dags/clean_up_after_star_schema_creation.py for tasks to queue
[2023-12-21T20:44:42.150+0000] {logging_mixin.py:154} INFO - [2023-12-21T20:44:42.150+0000] {dagbag.py:536} INFO - Filling up the DagBag from /opt/airflow/dags/clean_up_after_star_schema_creation.py
[2023-12-21T20:44:42.154+0000] {processor.py:841} WARNING - No viable dags retrieved from /opt/airflow/dags/clean_up_after_star_schema_creation.py
[2023-12-21T20:44:42.163+0000] {processor.py:179} INFO - Processing /opt/airflow/dags/clean_up_after_star_schema_creation.py took 0.015 seconds
[2023-12-21T20:45:12.724+0000] {processor.py:157} INFO - Started process (PID=1412) to work on /opt/airflow/dags/clean_up_after_star_schema_creation.py
[2023-12-21T20:45:12.725+0000] {processor.py:829} INFO - Processing file /opt/airflow/dags/clean_up_after_star_schema_creation.py for tasks to queue
[2023-12-21T20:45:12.725+0000] {logging_mixin.py:154} INFO - [2023-12-21T20:45:12.725+0000] {dagbag.py:536} INFO - Filling up the DagBag from /opt/airflow/dags/clean_up_after_star_schema_creation.py
[2023-12-21T20:45:12.728+0000] {processor.py:841} WARNING - No viable dags retrieved from /opt/airflow/dags/clean_up_after_star_schema_creation.py
[2023-12-21T20:45:12.737+0000] {processor.py:179} INFO - Processing /opt/airflow/dags/clean_up_after_star_schema_creation.py took 0.015 seconds
[2023-12-21T20:45:43.268+0000] {processor.py:157} INFO - Started process (PID=1455) to work on /opt/airflow/dags/clean_up_after_star_schema_creation.py
[2023-12-21T20:45:43.269+0000] {processor.py:829} INFO - Processing file /opt/airflow/dags/clean_up_after_star_schema_creation.py for tasks to queue
[2023-12-21T20:45:43.269+0000] {logging_mixin.py:154} INFO - [2023-12-21T20:45:43.269+0000] {dagbag.py:536} INFO - Filling up the DagBag from /opt/airflow/dags/clean_up_after_star_schema_creation.py
[2023-12-21T20:45:43.272+0000] {processor.py:841} WARNING - No viable dags retrieved from /opt/airflow/dags/clean_up_after_star_schema_creation.py
[2023-12-21T20:45:43.281+0000] {processor.py:179} INFO - Processing /opt/airflow/dags/clean_up_after_star_schema_creation.py took 0.015 seconds
[2023-12-21T20:46:13.836+0000] {processor.py:157} INFO - Started process (PID=1498) to work on /opt/airflow/dags/clean_up_after_star_schema_creation.py
[2023-12-21T20:46:13.836+0000] {processor.py:829} INFO - Processing file /opt/airflow/dags/clean_up_after_star_schema_creation.py for tasks to queue
[2023-12-21T20:46:13.837+0000] {logging_mixin.py:154} INFO - [2023-12-21T20:46:13.836+0000] {dagbag.py:536} INFO - Filling up the DagBag from /opt/airflow/dags/clean_up_after_star_schema_creation.py
[2023-12-21T20:46:13.840+0000] {processor.py:841} WARNING - No viable dags retrieved from /opt/airflow/dags/clean_up_after_star_schema_creation.py
[2023-12-21T20:46:13.849+0000] {processor.py:179} INFO - Processing /opt/airflow/dags/clean_up_after_star_schema_creation.py took 0.015 seconds
[2023-12-21T20:46:44.353+0000] {processor.py:157} INFO - Started process (PID=1541) to work on /opt/airflow/dags/clean_up_after_star_schema_creation.py
[2023-12-21T20:46:44.354+0000] {processor.py:829} INFO - Processing file /opt/airflow/dags/clean_up_after_star_schema_creation.py for tasks to queue
[2023-12-21T20:46:44.354+0000] {logging_mixin.py:154} INFO - [2023-12-21T20:46:44.354+0000] {dagbag.py:536} INFO - Filling up the DagBag from /opt/airflow/dags/clean_up_after_star_schema_creation.py
[2023-12-21T20:46:44.357+0000] {processor.py:841} WARNING - No viable dags retrieved from /opt/airflow/dags/clean_up_after_star_schema_creation.py
[2023-12-21T20:46:44.366+0000] {processor.py:179} INFO - Processing /opt/airflow/dags/clean_up_after_star_schema_creation.py took 0.015 seconds
[2023-12-21T20:47:14.975+0000] {processor.py:157} INFO - Started process (PID=1584) to work on /opt/airflow/dags/clean_up_after_star_schema_creation.py
[2023-12-21T20:47:14.975+0000] {processor.py:829} INFO - Processing file /opt/airflow/dags/clean_up_after_star_schema_creation.py for tasks to queue
[2023-12-21T20:47:14.976+0000] {logging_mixin.py:154} INFO - [2023-12-21T20:47:14.975+0000] {dagbag.py:536} INFO - Filling up the DagBag from /opt/airflow/dags/clean_up_after_star_schema_creation.py
[2023-12-21T20:47:14.979+0000] {processor.py:841} WARNING - No viable dags retrieved from /opt/airflow/dags/clean_up_after_star_schema_creation.py
[2023-12-21T20:47:14.988+0000] {processor.py:179} INFO - Processing /opt/airflow/dags/clean_up_after_star_schema_creation.py took 0.015 seconds
[2023-12-21T20:47:45.538+0000] {processor.py:157} INFO - Started process (PID=1627) to work on /opt/airflow/dags/clean_up_after_star_schema_creation.py
[2023-12-21T20:47:45.539+0000] {processor.py:829} INFO - Processing file /opt/airflow/dags/clean_up_after_star_schema_creation.py for tasks to queue
[2023-12-21T20:47:45.539+0000] {logging_mixin.py:154} INFO - [2023-12-21T20:47:45.539+0000] {dagbag.py:536} INFO - Filling up the DagBag from /opt/airflow/dags/clean_up_after_star_schema_creation.py
[2023-12-21T20:47:45.542+0000] {processor.py:841} WARNING - No viable dags retrieved from /opt/airflow/dags/clean_up_after_star_schema_creation.py
[2023-12-21T20:47:45.551+0000] {processor.py:179} INFO - Processing /opt/airflow/dags/clean_up_after_star_schema_creation.py took 0.015 seconds
[2023-12-21T20:48:16.119+0000] {processor.py:157} INFO - Started process (PID=1670) to work on /opt/airflow/dags/clean_up_after_star_schema_creation.py
[2023-12-21T20:48:16.120+0000] {processor.py:829} INFO - Processing file /opt/airflow/dags/clean_up_after_star_schema_creation.py for tasks to queue
[2023-12-21T20:48:16.120+0000] {logging_mixin.py:154} INFO - [2023-12-21T20:48:16.120+0000] {dagbag.py:536} INFO - Filling up the DagBag from /opt/airflow/dags/clean_up_after_star_schema_creation.py
[2023-12-21T20:48:16.123+0000] {processor.py:841} WARNING - No viable dags retrieved from /opt/airflow/dags/clean_up_after_star_schema_creation.py
[2023-12-21T20:48:16.132+0000] {processor.py:179} INFO - Processing /opt/airflow/dags/clean_up_after_star_schema_creation.py took 0.015 seconds
[2023-12-21T20:48:46.681+0000] {processor.py:157} INFO - Started process (PID=1713) to work on /opt/airflow/dags/clean_up_after_star_schema_creation.py
[2023-12-21T20:48:46.682+0000] {processor.py:829} INFO - Processing file /opt/airflow/dags/clean_up_after_star_schema_creation.py for tasks to queue
[2023-12-21T20:48:46.682+0000] {logging_mixin.py:154} INFO - [2023-12-21T20:48:46.682+0000] {dagbag.py:536} INFO - Filling up the DagBag from /opt/airflow/dags/clean_up_after_star_schema_creation.py
[2023-12-21T20:48:46.685+0000] {processor.py:841} WARNING - No viable dags retrieved from /opt/airflow/dags/clean_up_after_star_schema_creation.py
[2023-12-21T20:48:46.694+0000] {processor.py:179} INFO - Processing /opt/airflow/dags/clean_up_after_star_schema_creation.py took 0.015 seconds
[2023-12-21T20:49:17.285+0000] {processor.py:157} INFO - Started process (PID=1756) to work on /opt/airflow/dags/clean_up_after_star_schema_creation.py
[2023-12-21T20:49:17.286+0000] {processor.py:829} INFO - Processing file /opt/airflow/dags/clean_up_after_star_schema_creation.py for tasks to queue
[2023-12-21T20:49:17.286+0000] {logging_mixin.py:154} INFO - [2023-12-21T20:49:17.286+0000] {dagbag.py:536} INFO - Filling up the DagBag from /opt/airflow/dags/clean_up_after_star_schema_creation.py
[2023-12-21T20:49:17.289+0000] {processor.py:841} WARNING - No viable dags retrieved from /opt/airflow/dags/clean_up_after_star_schema_creation.py
[2023-12-21T20:49:17.298+0000] {processor.py:179} INFO - Processing /opt/airflow/dags/clean_up_after_star_schema_creation.py took 0.015 seconds
[2023-12-21T20:49:47.860+0000] {processor.py:157} INFO - Started process (PID=1799) to work on /opt/airflow/dags/clean_up_after_star_schema_creation.py
[2023-12-21T20:49:47.861+0000] {processor.py:829} INFO - Processing file /opt/airflow/dags/clean_up_after_star_schema_creation.py for tasks to queue
[2023-12-21T20:49:47.861+0000] {logging_mixin.py:154} INFO - [2023-12-21T20:49:47.861+0000] {dagbag.py:536} INFO - Filling up the DagBag from /opt/airflow/dags/clean_up_after_star_schema_creation.py
[2023-12-21T20:49:47.864+0000] {processor.py:841} WARNING - No viable dags retrieved from /opt/airflow/dags/clean_up_after_star_schema_creation.py
[2023-12-21T20:49:47.873+0000] {processor.py:179} INFO - Processing /opt/airflow/dags/clean_up_after_star_schema_creation.py took 0.015 seconds
[2023-12-21T20:50:18.321+0000] {processor.py:157} INFO - Started process (PID=1842) to work on /opt/airflow/dags/clean_up_after_star_schema_creation.py
[2023-12-21T20:50:18.322+0000] {processor.py:829} INFO - Processing file /opt/airflow/dags/clean_up_after_star_schema_creation.py for tasks to queue
[2023-12-21T20:50:18.322+0000] {logging_mixin.py:154} INFO - [2023-12-21T20:50:18.322+0000] {dagbag.py:536} INFO - Filling up the DagBag from /opt/airflow/dags/clean_up_after_star_schema_creation.py
[2023-12-21T20:50:18.326+0000] {processor.py:841} WARNING - No viable dags retrieved from /opt/airflow/dags/clean_up_after_star_schema_creation.py
[2023-12-21T20:50:18.335+0000] {processor.py:179} INFO - Processing /opt/airflow/dags/clean_up_after_star_schema_creation.py took 0.015 seconds
[2023-12-21T20:50:48.883+0000] {processor.py:157} INFO - Started process (PID=1885) to work on /opt/airflow/dags/clean_up_after_star_schema_creation.py
[2023-12-21T20:50:48.883+0000] {processor.py:829} INFO - Processing file /opt/airflow/dags/clean_up_after_star_schema_creation.py for tasks to queue
[2023-12-21T20:50:48.884+0000] {logging_mixin.py:154} INFO - [2023-12-21T20:50:48.883+0000] {dagbag.py:536} INFO - Filling up the DagBag from /opt/airflow/dags/clean_up_after_star_schema_creation.py
[2023-12-21T20:50:48.887+0000] {processor.py:841} WARNING - No viable dags retrieved from /opt/airflow/dags/clean_up_after_star_schema_creation.py
[2023-12-21T20:50:48.896+0000] {processor.py:179} INFO - Processing /opt/airflow/dags/clean_up_after_star_schema_creation.py took 0.015 seconds
[2023-12-21T20:51:19.458+0000] {processor.py:157} INFO - Started process (PID=1928) to work on /opt/airflow/dags/clean_up_after_star_schema_creation.py
[2023-12-21T20:51:19.458+0000] {processor.py:829} INFO - Processing file /opt/airflow/dags/clean_up_after_star_schema_creation.py for tasks to queue
[2023-12-21T20:51:19.459+0000] {logging_mixin.py:154} INFO - [2023-12-21T20:51:19.458+0000] {dagbag.py:536} INFO - Filling up the DagBag from /opt/airflow/dags/clean_up_after_star_schema_creation.py
[2023-12-21T20:51:19.462+0000] {processor.py:841} WARNING - No viable dags retrieved from /opt/airflow/dags/clean_up_after_star_schema_creation.py
[2023-12-21T20:51:19.471+0000] {processor.py:179} INFO - Processing /opt/airflow/dags/clean_up_after_star_schema_creation.py took 0.015 seconds
[2023-12-21T20:51:49.983+0000] {processor.py:157} INFO - Started process (PID=1971) to work on /opt/airflow/dags/clean_up_after_star_schema_creation.py
[2023-12-21T20:51:49.984+0000] {processor.py:829} INFO - Processing file /opt/airflow/dags/clean_up_after_star_schema_creation.py for tasks to queue
[2023-12-21T20:51:49.984+0000] {logging_mixin.py:154} INFO - [2023-12-21T20:51:49.984+0000] {dagbag.py:536} INFO - Filling up the DagBag from /opt/airflow/dags/clean_up_after_star_schema_creation.py
[2023-12-21T20:51:49.987+0000] {processor.py:841} WARNING - No viable dags retrieved from /opt/airflow/dags/clean_up_after_star_schema_creation.py
[2023-12-21T20:51:49.996+0000] {processor.py:179} INFO - Processing /opt/airflow/dags/clean_up_after_star_schema_creation.py took 0.015 seconds
[2023-12-21T20:52:20.554+0000] {processor.py:157} INFO - Started process (PID=2014) to work on /opt/airflow/dags/clean_up_after_star_schema_creation.py
[2023-12-21T20:52:20.555+0000] {processor.py:829} INFO - Processing file /opt/airflow/dags/clean_up_after_star_schema_creation.py for tasks to queue
[2023-12-21T20:52:20.555+0000] {logging_mixin.py:154} INFO - [2023-12-21T20:52:20.555+0000] {dagbag.py:536} INFO - Filling up the DagBag from /opt/airflow/dags/clean_up_after_star_schema_creation.py
[2023-12-21T20:52:20.559+0000] {processor.py:841} WARNING - No viable dags retrieved from /opt/airflow/dags/clean_up_after_star_schema_creation.py
[2023-12-21T20:52:20.567+0000] {processor.py:179} INFO - Processing /opt/airflow/dags/clean_up_after_star_schema_creation.py took 0.015 seconds
[2023-12-21T20:52:51.163+0000] {processor.py:157} INFO - Started process (PID=2057) to work on /opt/airflow/dags/clean_up_after_star_schema_creation.py
[2023-12-21T20:52:51.163+0000] {processor.py:829} INFO - Processing file /opt/airflow/dags/clean_up_after_star_schema_creation.py for tasks to queue
[2023-12-21T20:52:51.164+0000] {logging_mixin.py:154} INFO - [2023-12-21T20:52:51.164+0000] {dagbag.py:536} INFO - Filling up the DagBag from /opt/airflow/dags/clean_up_after_star_schema_creation.py
[2023-12-21T20:52:51.167+0000] {processor.py:841} WARNING - No viable dags retrieved from /opt/airflow/dags/clean_up_after_star_schema_creation.py
[2023-12-21T20:52:51.176+0000] {processor.py:179} INFO - Processing /opt/airflow/dags/clean_up_after_star_schema_creation.py took 0.015 seconds
[2023-12-21T20:53:21.739+0000] {processor.py:157} INFO - Started process (PID=2100) to work on /opt/airflow/dags/clean_up_after_star_schema_creation.py
[2023-12-21T20:53:21.739+0000] {processor.py:829} INFO - Processing file /opt/airflow/dags/clean_up_after_star_schema_creation.py for tasks to queue
[2023-12-21T20:53:21.740+0000] {logging_mixin.py:154} INFO - [2023-12-21T20:53:21.740+0000] {dagbag.py:536} INFO - Filling up the DagBag from /opt/airflow/dags/clean_up_after_star_schema_creation.py
[2023-12-21T20:53:21.743+0000] {processor.py:841} WARNING - No viable dags retrieved from /opt/airflow/dags/clean_up_after_star_schema_creation.py
[2023-12-21T20:53:21.752+0000] {processor.py:179} INFO - Processing /opt/airflow/dags/clean_up_after_star_schema_creation.py took 0.015 seconds
[2023-12-21T20:53:52.254+0000] {processor.py:157} INFO - Started process (PID=2143) to work on /opt/airflow/dags/clean_up_after_star_schema_creation.py
[2023-12-21T20:53:52.255+0000] {processor.py:829} INFO - Processing file /opt/airflow/dags/clean_up_after_star_schema_creation.py for tasks to queue
[2023-12-21T20:53:52.255+0000] {logging_mixin.py:154} INFO - [2023-12-21T20:53:52.255+0000] {dagbag.py:536} INFO - Filling up the DagBag from /opt/airflow/dags/clean_up_after_star_schema_creation.py
[2023-12-21T20:53:52.259+0000] {processor.py:841} WARNING - No viable dags retrieved from /opt/airflow/dags/clean_up_after_star_schema_creation.py
[2023-12-21T20:53:52.268+0000] {processor.py:179} INFO - Processing /opt/airflow/dags/clean_up_after_star_schema_creation.py took 0.015 seconds
[2023-12-21T20:54:22.815+0000] {processor.py:157} INFO - Started process (PID=2186) to work on /opt/airflow/dags/clean_up_after_star_schema_creation.py
[2023-12-21T20:54:22.816+0000] {processor.py:829} INFO - Processing file /opt/airflow/dags/clean_up_after_star_schema_creation.py for tasks to queue
[2023-12-21T20:54:22.816+0000] {logging_mixin.py:154} INFO - [2023-12-21T20:54:22.816+0000] {dagbag.py:536} INFO - Filling up the DagBag from /opt/airflow/dags/clean_up_after_star_schema_creation.py
[2023-12-21T20:54:22.819+0000] {processor.py:841} WARNING - No viable dags retrieved from /opt/airflow/dags/clean_up_after_star_schema_creation.py
[2023-12-21T20:54:22.828+0000] {processor.py:179} INFO - Processing /opt/airflow/dags/clean_up_after_star_schema_creation.py took 0.015 seconds
[2023-12-21T20:54:53.340+0000] {processor.py:157} INFO - Started process (PID=2229) to work on /opt/airflow/dags/clean_up_after_star_schema_creation.py
[2023-12-21T20:54:53.341+0000] {processor.py:829} INFO - Processing file /opt/airflow/dags/clean_up_after_star_schema_creation.py for tasks to queue
[2023-12-21T20:54:53.341+0000] {logging_mixin.py:154} INFO - [2023-12-21T20:54:53.341+0000] {dagbag.py:536} INFO - Filling up the DagBag from /opt/airflow/dags/clean_up_after_star_schema_creation.py
[2023-12-21T20:54:53.344+0000] {processor.py:841} WARNING - No viable dags retrieved from /opt/airflow/dags/clean_up_after_star_schema_creation.py
[2023-12-21T20:54:53.353+0000] {processor.py:179} INFO - Processing /opt/airflow/dags/clean_up_after_star_schema_creation.py took 0.015 seconds
[2023-12-21T20:55:23.923+0000] {processor.py:157} INFO - Started process (PID=2272) to work on /opt/airflow/dags/clean_up_after_star_schema_creation.py
[2023-12-21T20:55:23.924+0000] {processor.py:829} INFO - Processing file /opt/airflow/dags/clean_up_after_star_schema_creation.py for tasks to queue
[2023-12-21T20:55:23.924+0000] {logging_mixin.py:154} INFO - [2023-12-21T20:55:23.924+0000] {dagbag.py:536} INFO - Filling up the DagBag from /opt/airflow/dags/clean_up_after_star_schema_creation.py
[2023-12-21T20:55:23.928+0000] {processor.py:841} WARNING - No viable dags retrieved from /opt/airflow/dags/clean_up_after_star_schema_creation.py
[2023-12-21T20:55:23.937+0000] {processor.py:179} INFO - Processing /opt/airflow/dags/clean_up_after_star_schema_creation.py took 0.015 seconds
[2023-12-21T20:55:54.466+0000] {processor.py:157} INFO - Started process (PID=2315) to work on /opt/airflow/dags/clean_up_after_star_schema_creation.py
[2023-12-21T20:55:54.467+0000] {processor.py:829} INFO - Processing file /opt/airflow/dags/clean_up_after_star_schema_creation.py for tasks to queue
[2023-12-21T20:55:54.467+0000] {logging_mixin.py:154} INFO - [2023-12-21T20:55:54.467+0000] {dagbag.py:536} INFO - Filling up the DagBag from /opt/airflow/dags/clean_up_after_star_schema_creation.py
[2023-12-21T20:55:54.470+0000] {processor.py:841} WARNING - No viable dags retrieved from /opt/airflow/dags/clean_up_after_star_schema_creation.py
[2023-12-21T20:55:54.479+0000] {processor.py:179} INFO - Processing /opt/airflow/dags/clean_up_after_star_schema_creation.py took 0.015 seconds
[2023-12-21T20:56:24.994+0000] {processor.py:157} INFO - Started process (PID=2358) to work on /opt/airflow/dags/clean_up_after_star_schema_creation.py
[2023-12-21T20:56:24.994+0000] {processor.py:829} INFO - Processing file /opt/airflow/dags/clean_up_after_star_schema_creation.py for tasks to queue
[2023-12-21T20:56:24.995+0000] {logging_mixin.py:154} INFO - [2023-12-21T20:56:24.995+0000] {dagbag.py:536} INFO - Filling up the DagBag from /opt/airflow/dags/clean_up_after_star_schema_creation.py
[2023-12-21T20:56:24.998+0000] {processor.py:841} WARNING - No viable dags retrieved from /opt/airflow/dags/clean_up_after_star_schema_creation.py
[2023-12-21T20:56:25.007+0000] {processor.py:179} INFO - Processing /opt/airflow/dags/clean_up_after_star_schema_creation.py took 0.015 seconds
[2023-12-21T20:56:55.511+0000] {processor.py:157} INFO - Started process (PID=2401) to work on /opt/airflow/dags/clean_up_after_star_schema_creation.py
[2023-12-21T20:56:55.511+0000] {processor.py:829} INFO - Processing file /opt/airflow/dags/clean_up_after_star_schema_creation.py for tasks to queue
[2023-12-21T20:56:55.512+0000] {logging_mixin.py:154} INFO - [2023-12-21T20:56:55.511+0000] {dagbag.py:536} INFO - Filling up the DagBag from /opt/airflow/dags/clean_up_after_star_schema_creation.py
[2023-12-21T20:56:55.515+0000] {processor.py:841} WARNING - No viable dags retrieved from /opt/airflow/dags/clean_up_after_star_schema_creation.py
[2023-12-21T20:56:55.524+0000] {processor.py:179} INFO - Processing /opt/airflow/dags/clean_up_after_star_schema_creation.py took 0.015 seconds
[2023-12-21T20:57:26.152+0000] {processor.py:157} INFO - Started process (PID=2444) to work on /opt/airflow/dags/clean_up_after_star_schema_creation.py
[2023-12-21T20:57:26.152+0000] {processor.py:829} INFO - Processing file /opt/airflow/dags/clean_up_after_star_schema_creation.py for tasks to queue
[2023-12-21T20:57:26.153+0000] {logging_mixin.py:154} INFO - [2023-12-21T20:57:26.153+0000] {dagbag.py:536} INFO - Filling up the DagBag from /opt/airflow/dags/clean_up_after_star_schema_creation.py
[2023-12-21T20:57:26.156+0000] {processor.py:841} WARNING - No viable dags retrieved from /opt/airflow/dags/clean_up_after_star_schema_creation.py
[2023-12-21T20:57:26.165+0000] {processor.py:179} INFO - Processing /opt/airflow/dags/clean_up_after_star_schema_creation.py took 0.015 seconds
[2023-12-21T20:57:56.805+0000] {processor.py:157} INFO - Started process (PID=2487) to work on /opt/airflow/dags/clean_up_after_star_schema_creation.py
[2023-12-21T20:57:56.806+0000] {processor.py:829} INFO - Processing file /opt/airflow/dags/clean_up_after_star_schema_creation.py for tasks to queue
[2023-12-21T20:57:56.806+0000] {logging_mixin.py:154} INFO - [2023-12-21T20:57:56.806+0000] {dagbag.py:536} INFO - Filling up the DagBag from /opt/airflow/dags/clean_up_after_star_schema_creation.py
[2023-12-21T20:57:56.809+0000] {processor.py:841} WARNING - No viable dags retrieved from /opt/airflow/dags/clean_up_after_star_schema_creation.py
[2023-12-21T20:57:56.819+0000] {processor.py:179} INFO - Processing /opt/airflow/dags/clean_up_after_star_schema_creation.py took 0.015 seconds
[2023-12-21T20:58:27.331+0000] {processor.py:157} INFO - Started process (PID=2530) to work on /opt/airflow/dags/clean_up_after_star_schema_creation.py
[2023-12-21T20:58:27.332+0000] {processor.py:829} INFO - Processing file /opt/airflow/dags/clean_up_after_star_schema_creation.py for tasks to queue
[2023-12-21T20:58:27.332+0000] {logging_mixin.py:154} INFO - [2023-12-21T20:58:27.332+0000] {dagbag.py:536} INFO - Filling up the DagBag from /opt/airflow/dags/clean_up_after_star_schema_creation.py
[2023-12-21T20:58:27.335+0000] {processor.py:841} WARNING - No viable dags retrieved from /opt/airflow/dags/clean_up_after_star_schema_creation.py
[2023-12-21T20:58:27.346+0000] {processor.py:179} INFO - Processing /opt/airflow/dags/clean_up_after_star_schema_creation.py took 0.017 seconds
