[2023-12-21T20:32:00.231+0000] {processor.py:157} INFO - Started process (PID=186) to work on /opt/airflow/dags/create_star_schema_part_2.py
[2023-12-21T20:32:00.232+0000] {processor.py:829} INFO - Processing file /opt/airflow/dags/create_star_schema_part_2.py for tasks to queue
[2023-12-21T20:32:00.233+0000] {logging_mixin.py:154} INFO - [2023-12-21T20:32:00.232+0000] {dagbag.py:536} INFO - Filling up the DagBag from /opt/airflow/dags/create_star_schema_part_2.py
[2023-12-21T20:32:00.236+0000] {processor.py:841} WARNING - No viable dags retrieved from /opt/airflow/dags/create_star_schema_part_2.py
[2023-12-21T20:32:00.247+0000] {processor.py:179} INFO - Processing /opt/airflow/dags/create_star_schema_part_2.py took 0.017 seconds
[2023-12-21T20:32:30.461+0000] {processor.py:157} INFO - Started process (PID=225) to work on /opt/airflow/dags/create_star_schema_part_2.py
[2023-12-21T20:32:30.462+0000] {processor.py:829} INFO - Processing file /opt/airflow/dags/create_star_schema_part_2.py for tasks to queue
[2023-12-21T20:32:30.462+0000] {logging_mixin.py:154} INFO - [2023-12-21T20:32:30.462+0000] {dagbag.py:536} INFO - Filling up the DagBag from /opt/airflow/dags/create_star_schema_part_2.py
[2023-12-21T20:32:30.466+0000] {processor.py:841} WARNING - No viable dags retrieved from /opt/airflow/dags/create_star_schema_part_2.py
[2023-12-21T20:32:30.475+0000] {processor.py:179} INFO - Processing /opt/airflow/dags/create_star_schema_part_2.py took 0.016 seconds
[2023-12-21T20:33:00.897+0000] {processor.py:157} INFO - Started process (PID=286) to work on /opt/airflow/dags/create_star_schema_part_2.py
[2023-12-21T20:33:00.898+0000] {processor.py:829} INFO - Processing file /opt/airflow/dags/create_star_schema_part_2.py for tasks to queue
[2023-12-21T20:33:00.899+0000] {logging_mixin.py:154} INFO - [2023-12-21T20:33:00.898+0000] {dagbag.py:536} INFO - Filling up the DagBag from /opt/airflow/dags/create_star_schema_part_2.py
[2023-12-21T20:33:00.902+0000] {processor.py:841} WARNING - No viable dags retrieved from /opt/airflow/dags/create_star_schema_part_2.py
[2023-12-21T20:33:00.913+0000] {processor.py:179} INFO - Processing /opt/airflow/dags/create_star_schema_part_2.py took 0.017 seconds
[2023-12-21T20:33:31.344+0000] {processor.py:157} INFO - Started process (PID=329) to work on /opt/airflow/dags/create_star_schema_part_2.py
[2023-12-21T20:33:31.345+0000] {processor.py:829} INFO - Processing file /opt/airflow/dags/create_star_schema_part_2.py for tasks to queue
[2023-12-21T20:33:31.345+0000] {logging_mixin.py:154} INFO - [2023-12-21T20:33:31.345+0000] {dagbag.py:536} INFO - Filling up the DagBag from /opt/airflow/dags/create_star_schema_part_2.py
[2023-12-21T20:33:31.349+0000] {processor.py:841} WARNING - No viable dags retrieved from /opt/airflow/dags/create_star_schema_part_2.py
[2023-12-21T20:33:31.358+0000] {processor.py:179} INFO - Processing /opt/airflow/dags/create_star_schema_part_2.py took 0.016 seconds
[2023-12-21T20:34:01.771+0000] {processor.py:157} INFO - Started process (PID=384) to work on /opt/airflow/dags/create_star_schema_part_2.py
[2023-12-21T20:34:01.772+0000] {processor.py:829} INFO - Processing file /opt/airflow/dags/create_star_schema_part_2.py for tasks to queue
[2023-12-21T20:34:01.773+0000] {logging_mixin.py:154} INFO - [2023-12-21T20:34:01.773+0000] {dagbag.py:536} INFO - Filling up the DagBag from /opt/airflow/dags/create_star_schema_part_2.py
[2023-12-21T20:34:01.776+0000] {processor.py:841} WARNING - No viable dags retrieved from /opt/airflow/dags/create_star_schema_part_2.py
[2023-12-21T20:34:01.786+0000] {processor.py:179} INFO - Processing /opt/airflow/dags/create_star_schema_part_2.py took 0.016 seconds
[2023-12-21T20:34:32.290+0000] {processor.py:157} INFO - Started process (PID=427) to work on /opt/airflow/dags/create_star_schema_part_2.py
[2023-12-21T20:34:32.291+0000] {processor.py:829} INFO - Processing file /opt/airflow/dags/create_star_schema_part_2.py for tasks to queue
[2023-12-21T20:34:32.292+0000] {logging_mixin.py:154} INFO - [2023-12-21T20:34:32.291+0000] {dagbag.py:536} INFO - Filling up the DagBag from /opt/airflow/dags/create_star_schema_part_2.py
[2023-12-21T20:34:32.295+0000] {processor.py:841} WARNING - No viable dags retrieved from /opt/airflow/dags/create_star_schema_part_2.py
[2023-12-21T20:34:32.305+0000] {processor.py:179} INFO - Processing /opt/airflow/dags/create_star_schema_part_2.py took 0.017 seconds
[2023-12-21T20:35:02.778+0000] {processor.py:157} INFO - Started process (PID=476) to work on /opt/airflow/dags/create_star_schema_part_2.py
[2023-12-21T20:35:02.779+0000] {processor.py:829} INFO - Processing file /opt/airflow/dags/create_star_schema_part_2.py for tasks to queue
[2023-12-21T20:35:02.780+0000] {logging_mixin.py:154} INFO - [2023-12-21T20:35:02.779+0000] {dagbag.py:536} INFO - Filling up the DagBag from /opt/airflow/dags/create_star_schema_part_2.py
[2023-12-21T20:35:02.784+0000] {processor.py:841} WARNING - No viable dags retrieved from /opt/airflow/dags/create_star_schema_part_2.py
[2023-12-21T20:35:02.793+0000] {processor.py:179} INFO - Processing /opt/airflow/dags/create_star_schema_part_2.py took 0.017 seconds
[2023-12-21T20:35:33.333+0000] {processor.py:157} INFO - Started process (PID=519) to work on /opt/airflow/dags/create_star_schema_part_2.py
[2023-12-21T20:35:33.333+0000] {processor.py:829} INFO - Processing file /opt/airflow/dags/create_star_schema_part_2.py for tasks to queue
[2023-12-21T20:35:33.334+0000] {logging_mixin.py:154} INFO - [2023-12-21T20:35:33.334+0000] {dagbag.py:536} INFO - Filling up the DagBag from /opt/airflow/dags/create_star_schema_part_2.py
[2023-12-21T20:35:33.338+0000] {processor.py:841} WARNING - No viable dags retrieved from /opt/airflow/dags/create_star_schema_part_2.py
[2023-12-21T20:35:33.347+0000] {processor.py:179} INFO - Processing /opt/airflow/dags/create_star_schema_part_2.py took 0.016 seconds
[2023-12-21T20:36:03.827+0000] {processor.py:157} INFO - Started process (PID=562) to work on /opt/airflow/dags/create_star_schema_part_2.py
[2023-12-21T20:36:03.828+0000] {processor.py:829} INFO - Processing file /opt/airflow/dags/create_star_schema_part_2.py for tasks to queue
[2023-12-21T20:36:03.828+0000] {logging_mixin.py:154} INFO - [2023-12-21T20:36:03.828+0000] {dagbag.py:536} INFO - Filling up the DagBag from /opt/airflow/dags/create_star_schema_part_2.py
[2023-12-21T20:36:03.832+0000] {processor.py:841} WARNING - No viable dags retrieved from /opt/airflow/dags/create_star_schema_part_2.py
[2023-12-21T20:36:03.842+0000] {processor.py:179} INFO - Processing /opt/airflow/dags/create_star_schema_part_2.py took 0.017 seconds
[2023-12-21T20:36:34.343+0000] {processor.py:157} INFO - Started process (PID=605) to work on /opt/airflow/dags/create_star_schema_part_2.py
[2023-12-21T20:36:34.345+0000] {processor.py:829} INFO - Processing file /opt/airflow/dags/create_star_schema_part_2.py for tasks to queue
[2023-12-21T20:36:34.345+0000] {logging_mixin.py:154} INFO - [2023-12-21T20:36:34.345+0000] {dagbag.py:536} INFO - Filling up the DagBag from /opt/airflow/dags/create_star_schema_part_2.py
[2023-12-21T20:36:34.351+0000] {processor.py:841} WARNING - No viable dags retrieved from /opt/airflow/dags/create_star_schema_part_2.py
[2023-12-21T20:36:34.363+0000] {processor.py:179} INFO - Processing /opt/airflow/dags/create_star_schema_part_2.py took 0.022 seconds
[2023-12-21T20:37:04.799+0000] {processor.py:157} INFO - Started process (PID=648) to work on /opt/airflow/dags/create_star_schema_part_2.py
[2023-12-21T20:37:04.800+0000] {processor.py:829} INFO - Processing file /opt/airflow/dags/create_star_schema_part_2.py for tasks to queue
[2023-12-21T20:37:04.801+0000] {logging_mixin.py:154} INFO - [2023-12-21T20:37:04.800+0000] {dagbag.py:536} INFO - Filling up the DagBag from /opt/airflow/dags/create_star_schema_part_2.py
[2023-12-21T20:37:04.804+0000] {processor.py:841} WARNING - No viable dags retrieved from /opt/airflow/dags/create_star_schema_part_2.py
[2023-12-21T20:37:04.814+0000] {processor.py:179} INFO - Processing /opt/airflow/dags/create_star_schema_part_2.py took 0.017 seconds
[2023-12-21T20:37:35.229+0000] {processor.py:157} INFO - Started process (PID=703) to work on /opt/airflow/dags/create_star_schema_part_2.py
[2023-12-21T20:37:35.230+0000] {processor.py:829} INFO - Processing file /opt/airflow/dags/create_star_schema_part_2.py for tasks to queue
[2023-12-21T20:37:35.230+0000] {logging_mixin.py:154} INFO - [2023-12-21T20:37:35.230+0000] {dagbag.py:536} INFO - Filling up the DagBag from /opt/airflow/dags/create_star_schema_part_2.py
[2023-12-21T20:37:35.234+0000] {processor.py:841} WARNING - No viable dags retrieved from /opt/airflow/dags/create_star_schema_part_2.py
[2023-12-21T20:37:35.243+0000] {processor.py:179} INFO - Processing /opt/airflow/dags/create_star_schema_part_2.py took 0.016 seconds
[2023-12-21T20:38:05.606+0000] {processor.py:157} INFO - Started process (PID=746) to work on /opt/airflow/dags/create_star_schema_part_2.py
[2023-12-21T20:38:05.607+0000] {processor.py:829} INFO - Processing file /opt/airflow/dags/create_star_schema_part_2.py for tasks to queue
[2023-12-21T20:38:05.607+0000] {logging_mixin.py:154} INFO - [2023-12-21T20:38:05.607+0000] {dagbag.py:536} INFO - Filling up the DagBag from /opt/airflow/dags/create_star_schema_part_2.py
[2023-12-21T20:38:05.611+0000] {processor.py:841} WARNING - No viable dags retrieved from /opt/airflow/dags/create_star_schema_part_2.py
[2023-12-21T20:38:05.621+0000] {processor.py:179} INFO - Processing /opt/airflow/dags/create_star_schema_part_2.py took 0.017 seconds
[2023-12-21T20:38:36.070+0000] {processor.py:157} INFO - Started process (PID=807) to work on /opt/airflow/dags/create_star_schema_part_2.py
[2023-12-21T20:38:36.071+0000] {processor.py:829} INFO - Processing file /opt/airflow/dags/create_star_schema_part_2.py for tasks to queue
[2023-12-21T20:38:36.071+0000] {logging_mixin.py:154} INFO - [2023-12-21T20:38:36.071+0000] {dagbag.py:536} INFO - Filling up the DagBag from /opt/airflow/dags/create_star_schema_part_2.py
[2023-12-21T20:38:36.075+0000] {processor.py:841} WARNING - No viable dags retrieved from /opt/airflow/dags/create_star_schema_part_2.py
[2023-12-21T20:38:36.084+0000] {processor.py:179} INFO - Processing /opt/airflow/dags/create_star_schema_part_2.py took 0.017 seconds
[2023-12-21T20:39:06.591+0000] {processor.py:157} INFO - Started process (PID=850) to work on /opt/airflow/dags/create_star_schema_part_2.py
[2023-12-21T20:39:06.591+0000] {processor.py:829} INFO - Processing file /opt/airflow/dags/create_star_schema_part_2.py for tasks to queue
[2023-12-21T20:39:06.592+0000] {logging_mixin.py:154} INFO - [2023-12-21T20:39:06.592+0000] {dagbag.py:536} INFO - Filling up the DagBag from /opt/airflow/dags/create_star_schema_part_2.py
[2023-12-21T20:39:06.596+0000] {processor.py:841} WARNING - No viable dags retrieved from /opt/airflow/dags/create_star_schema_part_2.py
[2023-12-21T20:39:06.605+0000] {processor.py:179} INFO - Processing /opt/airflow/dags/create_star_schema_part_2.py took 0.017 seconds
[2023-12-21T20:39:36.966+0000] {processor.py:157} INFO - Started process (PID=911) to work on /opt/airflow/dags/create_star_schema_part_2.py
[2023-12-21T20:39:36.967+0000] {processor.py:829} INFO - Processing file /opt/airflow/dags/create_star_schema_part_2.py for tasks to queue
[2023-12-21T20:39:36.967+0000] {logging_mixin.py:154} INFO - [2023-12-21T20:39:36.967+0000] {dagbag.py:536} INFO - Filling up the DagBag from /opt/airflow/dags/create_star_schema_part_2.py
[2023-12-21T20:39:36.971+0000] {processor.py:841} WARNING - No viable dags retrieved from /opt/airflow/dags/create_star_schema_part_2.py
[2023-12-21T20:39:36.981+0000] {processor.py:179} INFO - Processing /opt/airflow/dags/create_star_schema_part_2.py took 0.017 seconds
[2023-12-21T20:40:07.451+0000] {processor.py:157} INFO - Started process (PID=954) to work on /opt/airflow/dags/create_star_schema_part_2.py
[2023-12-21T20:40:07.452+0000] {processor.py:829} INFO - Processing file /opt/airflow/dags/create_star_schema_part_2.py for tasks to queue
[2023-12-21T20:40:07.453+0000] {logging_mixin.py:154} INFO - [2023-12-21T20:40:07.452+0000] {dagbag.py:536} INFO - Filling up the DagBag from /opt/airflow/dags/create_star_schema_part_2.py
[2023-12-21T20:40:07.456+0000] {processor.py:841} WARNING - No viable dags retrieved from /opt/airflow/dags/create_star_schema_part_2.py
[2023-12-21T20:40:07.466+0000] {processor.py:179} INFO - Processing /opt/airflow/dags/create_star_schema_part_2.py took 0.017 seconds
[2023-12-21T20:40:37.965+0000] {processor.py:157} INFO - Started process (PID=1015) to work on /opt/airflow/dags/create_star_schema_part_2.py
[2023-12-21T20:40:37.965+0000] {processor.py:829} INFO - Processing file /opt/airflow/dags/create_star_schema_part_2.py for tasks to queue
[2023-12-21T20:40:37.966+0000] {logging_mixin.py:154} INFO - [2023-12-21T20:40:37.966+0000] {dagbag.py:536} INFO - Filling up the DagBag from /opt/airflow/dags/create_star_schema_part_2.py
[2023-12-21T20:40:37.970+0000] {processor.py:841} WARNING - No viable dags retrieved from /opt/airflow/dags/create_star_schema_part_2.py
[2023-12-21T20:40:37.979+0000] {processor.py:179} INFO - Processing /opt/airflow/dags/create_star_schema_part_2.py took 0.017 seconds
[2023-12-21T20:41:08.480+0000] {processor.py:157} INFO - Started process (PID=1058) to work on /opt/airflow/dags/create_star_schema_part_2.py
[2023-12-21T20:41:08.480+0000] {processor.py:829} INFO - Processing file /opt/airflow/dags/create_star_schema_part_2.py for tasks to queue
[2023-12-21T20:41:08.481+0000] {logging_mixin.py:154} INFO - [2023-12-21T20:41:08.481+0000] {dagbag.py:536} INFO - Filling up the DagBag from /opt/airflow/dags/create_star_schema_part_2.py
[2023-12-21T20:41:08.485+0000] {processor.py:841} WARNING - No viable dags retrieved from /opt/airflow/dags/create_star_schema_part_2.py
[2023-12-21T20:41:08.494+0000] {processor.py:179} INFO - Processing /opt/airflow/dags/create_star_schema_part_2.py took 0.017 seconds
[2023-12-21T20:41:38.937+0000] {processor.py:157} INFO - Started process (PID=1101) to work on /opt/airflow/dags/create_star_schema_part_2.py
[2023-12-21T20:41:38.938+0000] {processor.py:829} INFO - Processing file /opt/airflow/dags/create_star_schema_part_2.py for tasks to queue
[2023-12-21T20:41:38.938+0000] {logging_mixin.py:154} INFO - [2023-12-21T20:41:38.938+0000] {dagbag.py:536} INFO - Filling up the DagBag from /opt/airflow/dags/create_star_schema_part_2.py
[2023-12-21T20:41:38.942+0000] {processor.py:841} WARNING - No viable dags retrieved from /opt/airflow/dags/create_star_schema_part_2.py
[2023-12-21T20:41:38.952+0000] {processor.py:179} INFO - Processing /opt/airflow/dags/create_star_schema_part_2.py took 0.017 seconds
[2023-12-21T20:42:09.471+0000] {processor.py:157} INFO - Started process (PID=1144) to work on /opt/airflow/dags/create_star_schema_part_2.py
[2023-12-21T20:42:09.472+0000] {processor.py:829} INFO - Processing file /opt/airflow/dags/create_star_schema_part_2.py for tasks to queue
[2023-12-21T20:42:09.472+0000] {logging_mixin.py:154} INFO - [2023-12-21T20:42:09.472+0000] {dagbag.py:536} INFO - Filling up the DagBag from /opt/airflow/dags/create_star_schema_part_2.py
[2023-12-21T20:42:09.476+0000] {processor.py:841} WARNING - No viable dags retrieved from /opt/airflow/dags/create_star_schema_part_2.py
[2023-12-21T20:42:09.486+0000] {processor.py:179} INFO - Processing /opt/airflow/dags/create_star_schema_part_2.py took 0.017 seconds
[2023-12-21T20:42:39.974+0000] {processor.py:157} INFO - Started process (PID=1187) to work on /opt/airflow/dags/create_star_schema_part_2.py
[2023-12-21T20:42:39.975+0000] {processor.py:829} INFO - Processing file /opt/airflow/dags/create_star_schema_part_2.py for tasks to queue
[2023-12-21T20:42:39.976+0000] {logging_mixin.py:154} INFO - [2023-12-21T20:42:39.975+0000] {dagbag.py:536} INFO - Filling up the DagBag from /opt/airflow/dags/create_star_schema_part_2.py
[2023-12-21T20:42:39.980+0000] {processor.py:841} WARNING - No viable dags retrieved from /opt/airflow/dags/create_star_schema_part_2.py
[2023-12-21T20:42:39.989+0000] {processor.py:179} INFO - Processing /opt/airflow/dags/create_star_schema_part_2.py took 0.017 seconds
[2023-12-21T20:43:10.536+0000] {processor.py:157} INFO - Started process (PID=1230) to work on /opt/airflow/dags/create_star_schema_part_2.py
[2023-12-21T20:43:10.537+0000] {processor.py:829} INFO - Processing file /opt/airflow/dags/create_star_schema_part_2.py for tasks to queue
[2023-12-21T20:43:10.538+0000] {logging_mixin.py:154} INFO - [2023-12-21T20:43:10.537+0000] {dagbag.py:536} INFO - Filling up the DagBag from /opt/airflow/dags/create_star_schema_part_2.py
[2023-12-21T20:43:10.541+0000] {processor.py:841} WARNING - No viable dags retrieved from /opt/airflow/dags/create_star_schema_part_2.py
[2023-12-21T20:43:10.551+0000] {processor.py:179} INFO - Processing /opt/airflow/dags/create_star_schema_part_2.py took 0.017 seconds
[2023-12-21T20:43:41.078+0000] {processor.py:157} INFO - Started process (PID=1273) to work on /opt/airflow/dags/create_star_schema_part_2.py
[2023-12-21T20:43:41.078+0000] {processor.py:829} INFO - Processing file /opt/airflow/dags/create_star_schema_part_2.py for tasks to queue
[2023-12-21T20:43:41.079+0000] {logging_mixin.py:154} INFO - [2023-12-21T20:43:41.079+0000] {dagbag.py:536} INFO - Filling up the DagBag from /opt/airflow/dags/create_star_schema_part_2.py
[2023-12-21T20:43:41.083+0000] {processor.py:841} WARNING - No viable dags retrieved from /opt/airflow/dags/create_star_schema_part_2.py
[2023-12-21T20:43:41.093+0000] {processor.py:179} INFO - Processing /opt/airflow/dags/create_star_schema_part_2.py took 0.017 seconds
[2023-12-21T20:44:11.618+0000] {processor.py:157} INFO - Started process (PID=1316) to work on /opt/airflow/dags/create_star_schema_part_2.py
[2023-12-21T20:44:11.619+0000] {processor.py:829} INFO - Processing file /opt/airflow/dags/create_star_schema_part_2.py for tasks to queue
[2023-12-21T20:44:11.619+0000] {logging_mixin.py:154} INFO - [2023-12-21T20:44:11.619+0000] {dagbag.py:536} INFO - Filling up the DagBag from /opt/airflow/dags/create_star_schema_part_2.py
[2023-12-21T20:44:11.623+0000] {processor.py:841} WARNING - No viable dags retrieved from /opt/airflow/dags/create_star_schema_part_2.py
[2023-12-21T20:44:11.633+0000] {processor.py:179} INFO - Processing /opt/airflow/dags/create_star_schema_part_2.py took 0.017 seconds
[2023-12-21T20:44:42.121+0000] {processor.py:157} INFO - Started process (PID=1359) to work on /opt/airflow/dags/create_star_schema_part_2.py
[2023-12-21T20:44:42.122+0000] {processor.py:829} INFO - Processing file /opt/airflow/dags/create_star_schema_part_2.py for tasks to queue
[2023-12-21T20:44:42.122+0000] {logging_mixin.py:154} INFO - [2023-12-21T20:44:42.122+0000] {dagbag.py:536} INFO - Filling up the DagBag from /opt/airflow/dags/create_star_schema_part_2.py
[2023-12-21T20:44:42.126+0000] {processor.py:841} WARNING - No viable dags retrieved from /opt/airflow/dags/create_star_schema_part_2.py
[2023-12-21T20:44:42.136+0000] {processor.py:179} INFO - Processing /opt/airflow/dags/create_star_schema_part_2.py took 0.017 seconds
[2023-12-21T20:45:12.695+0000] {processor.py:157} INFO - Started process (PID=1402) to work on /opt/airflow/dags/create_star_schema_part_2.py
[2023-12-21T20:45:12.696+0000] {processor.py:829} INFO - Processing file /opt/airflow/dags/create_star_schema_part_2.py for tasks to queue
[2023-12-21T20:45:12.696+0000] {logging_mixin.py:154} INFO - [2023-12-21T20:45:12.696+0000] {dagbag.py:536} INFO - Filling up the DagBag from /opt/airflow/dags/create_star_schema_part_2.py
[2023-12-21T20:45:12.700+0000] {processor.py:841} WARNING - No viable dags retrieved from /opt/airflow/dags/create_star_schema_part_2.py
[2023-12-21T20:45:12.710+0000] {processor.py:179} INFO - Processing /opt/airflow/dags/create_star_schema_part_2.py took 0.017 seconds
[2023-12-21T20:45:43.239+0000] {processor.py:157} INFO - Started process (PID=1445) to work on /opt/airflow/dags/create_star_schema_part_2.py
[2023-12-21T20:45:43.240+0000] {processor.py:829} INFO - Processing file /opt/airflow/dags/create_star_schema_part_2.py for tasks to queue
[2023-12-21T20:45:43.241+0000] {logging_mixin.py:154} INFO - [2023-12-21T20:45:43.240+0000] {dagbag.py:536} INFO - Filling up the DagBag from /opt/airflow/dags/create_star_schema_part_2.py
[2023-12-21T20:45:43.244+0000] {processor.py:841} WARNING - No viable dags retrieved from /opt/airflow/dags/create_star_schema_part_2.py
[2023-12-21T20:45:43.254+0000] {processor.py:179} INFO - Processing /opt/airflow/dags/create_star_schema_part_2.py took 0.017 seconds
[2023-12-21T20:46:13.807+0000] {processor.py:157} INFO - Started process (PID=1488) to work on /opt/airflow/dags/create_star_schema_part_2.py
[2023-12-21T20:46:13.808+0000] {processor.py:829} INFO - Processing file /opt/airflow/dags/create_star_schema_part_2.py for tasks to queue
[2023-12-21T20:46:13.808+0000] {logging_mixin.py:154} INFO - [2023-12-21T20:46:13.808+0000] {dagbag.py:536} INFO - Filling up the DagBag from /opt/airflow/dags/create_star_schema_part_2.py
[2023-12-21T20:46:13.812+0000] {processor.py:841} WARNING - No viable dags retrieved from /opt/airflow/dags/create_star_schema_part_2.py
[2023-12-21T20:46:13.822+0000] {processor.py:179} INFO - Processing /opt/airflow/dags/create_star_schema_part_2.py took 0.017 seconds
[2023-12-21T20:46:44.325+0000] {processor.py:157} INFO - Started process (PID=1531) to work on /opt/airflow/dags/create_star_schema_part_2.py
[2023-12-21T20:46:44.325+0000] {processor.py:829} INFO - Processing file /opt/airflow/dags/create_star_schema_part_2.py for tasks to queue
[2023-12-21T20:46:44.326+0000] {logging_mixin.py:154} INFO - [2023-12-21T20:46:44.326+0000] {dagbag.py:536} INFO - Filling up the DagBag from /opt/airflow/dags/create_star_schema_part_2.py
[2023-12-21T20:46:44.330+0000] {processor.py:841} WARNING - No viable dags retrieved from /opt/airflow/dags/create_star_schema_part_2.py
[2023-12-21T20:46:44.339+0000] {processor.py:179} INFO - Processing /opt/airflow/dags/create_star_schema_part_2.py took 0.017 seconds
[2023-12-21T20:47:14.946+0000] {processor.py:157} INFO - Started process (PID=1574) to work on /opt/airflow/dags/create_star_schema_part_2.py
[2023-12-21T20:47:14.947+0000] {processor.py:829} INFO - Processing file /opt/airflow/dags/create_star_schema_part_2.py for tasks to queue
[2023-12-21T20:47:14.947+0000] {logging_mixin.py:154} INFO - [2023-12-21T20:47:14.947+0000] {dagbag.py:536} INFO - Filling up the DagBag from /opt/airflow/dags/create_star_schema_part_2.py
[2023-12-21T20:47:14.951+0000] {processor.py:841} WARNING - No viable dags retrieved from /opt/airflow/dags/create_star_schema_part_2.py
[2023-12-21T20:47:14.960+0000] {processor.py:179} INFO - Processing /opt/airflow/dags/create_star_schema_part_2.py took 0.017 seconds
[2023-12-21T20:47:45.510+0000] {processor.py:157} INFO - Started process (PID=1617) to work on /opt/airflow/dags/create_star_schema_part_2.py
[2023-12-21T20:47:45.510+0000] {processor.py:829} INFO - Processing file /opt/airflow/dags/create_star_schema_part_2.py for tasks to queue
[2023-12-21T20:47:45.511+0000] {logging_mixin.py:154} INFO - [2023-12-21T20:47:45.511+0000] {dagbag.py:536} INFO - Filling up the DagBag from /opt/airflow/dags/create_star_schema_part_2.py
[2023-12-21T20:47:45.515+0000] {processor.py:841} WARNING - No viable dags retrieved from /opt/airflow/dags/create_star_schema_part_2.py
[2023-12-21T20:47:45.524+0000] {processor.py:179} INFO - Processing /opt/airflow/dags/create_star_schema_part_2.py took 0.017 seconds
[2023-12-21T20:48:16.091+0000] {processor.py:157} INFO - Started process (PID=1660) to work on /opt/airflow/dags/create_star_schema_part_2.py
[2023-12-21T20:48:16.091+0000] {processor.py:829} INFO - Processing file /opt/airflow/dags/create_star_schema_part_2.py for tasks to queue
[2023-12-21T20:48:16.092+0000] {logging_mixin.py:154} INFO - [2023-12-21T20:48:16.092+0000] {dagbag.py:536} INFO - Filling up the DagBag from /opt/airflow/dags/create_star_schema_part_2.py
[2023-12-21T20:48:16.096+0000] {processor.py:841} WARNING - No viable dags retrieved from /opt/airflow/dags/create_star_schema_part_2.py
[2023-12-21T20:48:16.105+0000] {processor.py:179} INFO - Processing /opt/airflow/dags/create_star_schema_part_2.py took 0.017 seconds
[2023-12-21T20:48:46.652+0000] {processor.py:157} INFO - Started process (PID=1703) to work on /opt/airflow/dags/create_star_schema_part_2.py
[2023-12-21T20:48:46.653+0000] {processor.py:829} INFO - Processing file /opt/airflow/dags/create_star_schema_part_2.py for tasks to queue
[2023-12-21T20:48:46.654+0000] {logging_mixin.py:154} INFO - [2023-12-21T20:48:46.653+0000] {dagbag.py:536} INFO - Filling up the DagBag from /opt/airflow/dags/create_star_schema_part_2.py
[2023-12-21T20:48:46.658+0000] {processor.py:841} WARNING - No viable dags retrieved from /opt/airflow/dags/create_star_schema_part_2.py
[2023-12-21T20:48:46.667+0000] {processor.py:179} INFO - Processing /opt/airflow/dags/create_star_schema_part_2.py took 0.017 seconds
[2023-12-21T20:49:17.257+0000] {processor.py:157} INFO - Started process (PID=1746) to work on /opt/airflow/dags/create_star_schema_part_2.py
[2023-12-21T20:49:17.257+0000] {processor.py:829} INFO - Processing file /opt/airflow/dags/create_star_schema_part_2.py for tasks to queue
[2023-12-21T20:49:17.258+0000] {logging_mixin.py:154} INFO - [2023-12-21T20:49:17.258+0000] {dagbag.py:536} INFO - Filling up the DagBag from /opt/airflow/dags/create_star_schema_part_2.py
[2023-12-21T20:49:17.261+0000] {processor.py:841} WARNING - No viable dags retrieved from /opt/airflow/dags/create_star_schema_part_2.py
[2023-12-21T20:49:17.271+0000] {processor.py:179} INFO - Processing /opt/airflow/dags/create_star_schema_part_2.py took 0.017 seconds
[2023-12-21T20:49:47.832+0000] {processor.py:157} INFO - Started process (PID=1789) to work on /opt/airflow/dags/create_star_schema_part_2.py
[2023-12-21T20:49:47.833+0000] {processor.py:829} INFO - Processing file /opt/airflow/dags/create_star_schema_part_2.py for tasks to queue
[2023-12-21T20:49:47.833+0000] {logging_mixin.py:154} INFO - [2023-12-21T20:49:47.833+0000] {dagbag.py:536} INFO - Filling up the DagBag from /opt/airflow/dags/create_star_schema_part_2.py
[2023-12-21T20:49:47.837+0000] {processor.py:841} WARNING - No viable dags retrieved from /opt/airflow/dags/create_star_schema_part_2.py
[2023-12-21T20:49:47.846+0000] {processor.py:179} INFO - Processing /opt/airflow/dags/create_star_schema_part_2.py took 0.016 seconds
[2023-12-21T20:50:18.293+0000] {processor.py:157} INFO - Started process (PID=1832) to work on /opt/airflow/dags/create_star_schema_part_2.py
[2023-12-21T20:50:18.294+0000] {processor.py:829} INFO - Processing file /opt/airflow/dags/create_star_schema_part_2.py for tasks to queue
[2023-12-21T20:50:18.294+0000] {logging_mixin.py:154} INFO - [2023-12-21T20:50:18.294+0000] {dagbag.py:536} INFO - Filling up the DagBag from /opt/airflow/dags/create_star_schema_part_2.py
[2023-12-21T20:50:18.298+0000] {processor.py:841} WARNING - No viable dags retrieved from /opt/airflow/dags/create_star_schema_part_2.py
[2023-12-21T20:50:18.308+0000] {processor.py:179} INFO - Processing /opt/airflow/dags/create_star_schema_part_2.py took 0.017 seconds
[2023-12-21T20:50:48.854+0000] {processor.py:157} INFO - Started process (PID=1875) to work on /opt/airflow/dags/create_star_schema_part_2.py
[2023-12-21T20:50:48.855+0000] {processor.py:829} INFO - Processing file /opt/airflow/dags/create_star_schema_part_2.py for tasks to queue
[2023-12-21T20:50:48.856+0000] {logging_mixin.py:154} INFO - [2023-12-21T20:50:48.855+0000] {dagbag.py:536} INFO - Filling up the DagBag from /opt/airflow/dags/create_star_schema_part_2.py
[2023-12-21T20:50:48.859+0000] {processor.py:841} WARNING - No viable dags retrieved from /opt/airflow/dags/create_star_schema_part_2.py
[2023-12-21T20:50:48.869+0000] {processor.py:179} INFO - Processing /opt/airflow/dags/create_star_schema_part_2.py took 0.016 seconds
[2023-12-21T20:51:19.429+0000] {processor.py:157} INFO - Started process (PID=1918) to work on /opt/airflow/dags/create_star_schema_part_2.py
[2023-12-21T20:51:19.430+0000] {processor.py:829} INFO - Processing file /opt/airflow/dags/create_star_schema_part_2.py for tasks to queue
[2023-12-21T20:51:19.430+0000] {logging_mixin.py:154} INFO - [2023-12-21T20:51:19.430+0000] {dagbag.py:536} INFO - Filling up the DagBag from /opt/airflow/dags/create_star_schema_part_2.py
[2023-12-21T20:51:19.434+0000] {processor.py:841} WARNING - No viable dags retrieved from /opt/airflow/dags/create_star_schema_part_2.py
[2023-12-21T20:51:19.444+0000] {processor.py:179} INFO - Processing /opt/airflow/dags/create_star_schema_part_2.py took 0.017 seconds
[2023-12-21T20:51:49.955+0000] {processor.py:157} INFO - Started process (PID=1961) to work on /opt/airflow/dags/create_star_schema_part_2.py
[2023-12-21T20:51:49.955+0000] {processor.py:829} INFO - Processing file /opt/airflow/dags/create_star_schema_part_2.py for tasks to queue
[2023-12-21T20:51:49.956+0000] {logging_mixin.py:154} INFO - [2023-12-21T20:51:49.956+0000] {dagbag.py:536} INFO - Filling up the DagBag from /opt/airflow/dags/create_star_schema_part_2.py
[2023-12-21T20:51:49.959+0000] {processor.py:841} WARNING - No viable dags retrieved from /opt/airflow/dags/create_star_schema_part_2.py
[2023-12-21T20:51:49.969+0000] {processor.py:179} INFO - Processing /opt/airflow/dags/create_star_schema_part_2.py took 0.016 seconds
[2023-12-21T20:52:20.526+0000] {processor.py:157} INFO - Started process (PID=2004) to work on /opt/airflow/dags/create_star_schema_part_2.py
[2023-12-21T20:52:20.526+0000] {processor.py:829} INFO - Processing file /opt/airflow/dags/create_star_schema_part_2.py for tasks to queue
[2023-12-21T20:52:20.527+0000] {logging_mixin.py:154} INFO - [2023-12-21T20:52:20.527+0000] {dagbag.py:536} INFO - Filling up the DagBag from /opt/airflow/dags/create_star_schema_part_2.py
[2023-12-21T20:52:20.530+0000] {processor.py:841} WARNING - No viable dags retrieved from /opt/airflow/dags/create_star_schema_part_2.py
[2023-12-21T20:52:20.540+0000] {processor.py:179} INFO - Processing /opt/airflow/dags/create_star_schema_part_2.py took 0.017 seconds
[2023-12-21T20:52:51.134+0000] {processor.py:157} INFO - Started process (PID=2047) to work on /opt/airflow/dags/create_star_schema_part_2.py
[2023-12-21T20:52:51.134+0000] {processor.py:829} INFO - Processing file /opt/airflow/dags/create_star_schema_part_2.py for tasks to queue
[2023-12-21T20:52:51.135+0000] {logging_mixin.py:154} INFO - [2023-12-21T20:52:51.135+0000] {dagbag.py:536} INFO - Filling up the DagBag from /opt/airflow/dags/create_star_schema_part_2.py
[2023-12-21T20:52:51.139+0000] {processor.py:841} WARNING - No viable dags retrieved from /opt/airflow/dags/create_star_schema_part_2.py
[2023-12-21T20:52:51.149+0000] {processor.py:179} INFO - Processing /opt/airflow/dags/create_star_schema_part_2.py took 0.017 seconds
[2023-12-21T20:53:21.710+0000] {processor.py:157} INFO - Started process (PID=2090) to work on /opt/airflow/dags/create_star_schema_part_2.py
[2023-12-21T20:53:21.711+0000] {processor.py:829} INFO - Processing file /opt/airflow/dags/create_star_schema_part_2.py for tasks to queue
[2023-12-21T20:53:21.711+0000] {logging_mixin.py:154} INFO - [2023-12-21T20:53:21.711+0000] {dagbag.py:536} INFO - Filling up the DagBag from /opt/airflow/dags/create_star_schema_part_2.py
[2023-12-21T20:53:21.715+0000] {processor.py:841} WARNING - No viable dags retrieved from /opt/airflow/dags/create_star_schema_part_2.py
[2023-12-21T20:53:21.725+0000] {processor.py:179} INFO - Processing /opt/airflow/dags/create_star_schema_part_2.py took 0.017 seconds
[2023-12-21T20:53:52.226+0000] {processor.py:157} INFO - Started process (PID=2133) to work on /opt/airflow/dags/create_star_schema_part_2.py
[2023-12-21T20:53:52.227+0000] {processor.py:829} INFO - Processing file /opt/airflow/dags/create_star_schema_part_2.py for tasks to queue
[2023-12-21T20:53:52.227+0000] {logging_mixin.py:154} INFO - [2023-12-21T20:53:52.227+0000] {dagbag.py:536} INFO - Filling up the DagBag from /opt/airflow/dags/create_star_schema_part_2.py
[2023-12-21T20:53:52.231+0000] {processor.py:841} WARNING - No viable dags retrieved from /opt/airflow/dags/create_star_schema_part_2.py
[2023-12-21T20:53:52.241+0000] {processor.py:179} INFO - Processing /opt/airflow/dags/create_star_schema_part_2.py took 0.017 seconds
[2023-12-21T20:54:22.787+0000] {processor.py:157} INFO - Started process (PID=2176) to work on /opt/airflow/dags/create_star_schema_part_2.py
[2023-12-21T20:54:22.788+0000] {processor.py:829} INFO - Processing file /opt/airflow/dags/create_star_schema_part_2.py for tasks to queue
[2023-12-21T20:54:22.788+0000] {logging_mixin.py:154} INFO - [2023-12-21T20:54:22.788+0000] {dagbag.py:536} INFO - Filling up the DagBag from /opt/airflow/dags/create_star_schema_part_2.py
[2023-12-21T20:54:22.792+0000] {processor.py:841} WARNING - No viable dags retrieved from /opt/airflow/dags/create_star_schema_part_2.py
[2023-12-21T20:54:22.802+0000] {processor.py:179} INFO - Processing /opt/airflow/dags/create_star_schema_part_2.py took 0.017 seconds
[2023-12-21T20:54:53.311+0000] {processor.py:157} INFO - Started process (PID=2219) to work on /opt/airflow/dags/create_star_schema_part_2.py
[2023-12-21T20:54:53.312+0000] {processor.py:829} INFO - Processing file /opt/airflow/dags/create_star_schema_part_2.py for tasks to queue
[2023-12-21T20:54:53.312+0000] {logging_mixin.py:154} INFO - [2023-12-21T20:54:53.312+0000] {dagbag.py:536} INFO - Filling up the DagBag from /opt/airflow/dags/create_star_schema_part_2.py
[2023-12-21T20:54:53.316+0000] {processor.py:841} WARNING - No viable dags retrieved from /opt/airflow/dags/create_star_schema_part_2.py
[2023-12-21T20:54:53.326+0000] {processor.py:179} INFO - Processing /opt/airflow/dags/create_star_schema_part_2.py took 0.017 seconds
[2023-12-21T20:55:23.895+0000] {processor.py:157} INFO - Started process (PID=2262) to work on /opt/airflow/dags/create_star_schema_part_2.py
[2023-12-21T20:55:23.896+0000] {processor.py:829} INFO - Processing file /opt/airflow/dags/create_star_schema_part_2.py for tasks to queue
[2023-12-21T20:55:23.896+0000] {logging_mixin.py:154} INFO - [2023-12-21T20:55:23.896+0000] {dagbag.py:536} INFO - Filling up the DagBag from /opt/airflow/dags/create_star_schema_part_2.py
[2023-12-21T20:55:23.900+0000] {processor.py:841} WARNING - No viable dags retrieved from /opt/airflow/dags/create_star_schema_part_2.py
[2023-12-21T20:55:23.910+0000] {processor.py:179} INFO - Processing /opt/airflow/dags/create_star_schema_part_2.py took 0.017 seconds
[2023-12-21T20:55:54.437+0000] {processor.py:157} INFO - Started process (PID=2305) to work on /opt/airflow/dags/create_star_schema_part_2.py
[2023-12-21T20:55:54.438+0000] {processor.py:829} INFO - Processing file /opt/airflow/dags/create_star_schema_part_2.py for tasks to queue
[2023-12-21T20:55:54.438+0000] {logging_mixin.py:154} INFO - [2023-12-21T20:55:54.438+0000] {dagbag.py:536} INFO - Filling up the DagBag from /opt/airflow/dags/create_star_schema_part_2.py
[2023-12-21T20:55:54.442+0000] {processor.py:841} WARNING - No viable dags retrieved from /opt/airflow/dags/create_star_schema_part_2.py
[2023-12-21T20:55:54.452+0000] {processor.py:179} INFO - Processing /opt/airflow/dags/create_star_schema_part_2.py took 0.017 seconds
[2023-12-21T20:56:24.964+0000] {processor.py:157} INFO - Started process (PID=2348) to work on /opt/airflow/dags/create_star_schema_part_2.py
[2023-12-21T20:56:24.965+0000] {processor.py:829} INFO - Processing file /opt/airflow/dags/create_star_schema_part_2.py for tasks to queue
[2023-12-21T20:56:24.966+0000] {logging_mixin.py:154} INFO - [2023-12-21T20:56:24.965+0000] {dagbag.py:536} INFO - Filling up the DagBag from /opt/airflow/dags/create_star_schema_part_2.py
[2023-12-21T20:56:24.969+0000] {processor.py:841} WARNING - No viable dags retrieved from /opt/airflow/dags/create_star_schema_part_2.py
[2023-12-21T20:56:24.979+0000] {processor.py:179} INFO - Processing /opt/airflow/dags/create_star_schema_part_2.py took 0.017 seconds
[2023-12-21T20:56:55.482+0000] {processor.py:157} INFO - Started process (PID=2391) to work on /opt/airflow/dags/create_star_schema_part_2.py
[2023-12-21T20:56:55.483+0000] {processor.py:829} INFO - Processing file /opt/airflow/dags/create_star_schema_part_2.py for tasks to queue
[2023-12-21T20:56:55.483+0000] {logging_mixin.py:154} INFO - [2023-12-21T20:56:55.483+0000] {dagbag.py:536} INFO - Filling up the DagBag from /opt/airflow/dags/create_star_schema_part_2.py
[2023-12-21T20:56:55.487+0000] {processor.py:841} WARNING - No viable dags retrieved from /opt/airflow/dags/create_star_schema_part_2.py
[2023-12-21T20:56:55.497+0000] {processor.py:179} INFO - Processing /opt/airflow/dags/create_star_schema_part_2.py took 0.017 seconds
[2023-12-21T20:57:26.123+0000] {processor.py:157} INFO - Started process (PID=2434) to work on /opt/airflow/dags/create_star_schema_part_2.py
[2023-12-21T20:57:26.124+0000] {processor.py:829} INFO - Processing file /opt/airflow/dags/create_star_schema_part_2.py for tasks to queue
[2023-12-21T20:57:26.124+0000] {logging_mixin.py:154} INFO - [2023-12-21T20:57:26.124+0000] {dagbag.py:536} INFO - Filling up the DagBag from /opt/airflow/dags/create_star_schema_part_2.py
[2023-12-21T20:57:26.128+0000] {processor.py:841} WARNING - No viable dags retrieved from /opt/airflow/dags/create_star_schema_part_2.py
[2023-12-21T20:57:26.138+0000] {processor.py:179} INFO - Processing /opt/airflow/dags/create_star_schema_part_2.py took 0.017 seconds
[2023-12-21T20:57:56.776+0000] {processor.py:157} INFO - Started process (PID=2477) to work on /opt/airflow/dags/create_star_schema_part_2.py
[2023-12-21T20:57:56.777+0000] {processor.py:829} INFO - Processing file /opt/airflow/dags/create_star_schema_part_2.py for tasks to queue
[2023-12-21T20:57:56.778+0000] {logging_mixin.py:154} INFO - [2023-12-21T20:57:56.777+0000] {dagbag.py:536} INFO - Filling up the DagBag from /opt/airflow/dags/create_star_schema_part_2.py
[2023-12-21T20:57:56.782+0000] {processor.py:841} WARNING - No viable dags retrieved from /opt/airflow/dags/create_star_schema_part_2.py
[2023-12-21T20:57:56.791+0000] {processor.py:179} INFO - Processing /opt/airflow/dags/create_star_schema_part_2.py took 0.017 seconds
[2023-12-21T20:58:27.300+0000] {processor.py:157} INFO - Started process (PID=2520) to work on /opt/airflow/dags/create_star_schema_part_2.py
[2023-12-21T20:58:27.301+0000] {processor.py:829} INFO - Processing file /opt/airflow/dags/create_star_schema_part_2.py for tasks to queue
[2023-12-21T20:58:27.301+0000] {logging_mixin.py:154} INFO - [2023-12-21T20:58:27.301+0000] {dagbag.py:536} INFO - Filling up the DagBag from /opt/airflow/dags/create_star_schema_part_2.py
[2023-12-21T20:58:27.305+0000] {processor.py:841} WARNING - No viable dags retrieved from /opt/airflow/dags/create_star_schema_part_2.py
[2023-12-21T20:58:27.314+0000] {processor.py:179} INFO - Processing /opt/airflow/dags/create_star_schema_part_2.py took 0.017 seconds
