[2023-12-11T03:19:43.595+0000] {taskinstance.py:1159} INFO - Dependencies all met for dep_context=non-requeueable deps ti=<TaskInstance: Healthcare_Insurance-v01.create_dim_tables.create_dim_region_table scheduled__2023-12-01T00:00:00+00:00 [queued]>
[2023-12-11T03:19:43.600+0000] {taskinstance.py:1159} INFO - Dependencies all met for dep_context=requeueable deps ti=<TaskInstance: Healthcare_Insurance-v01.create_dim_tables.create_dim_region_table scheduled__2023-12-01T00:00:00+00:00 [queued]>
[2023-12-11T03:19:43.600+0000] {taskinstance.py:1361} INFO - Starting attempt 1 of 6
[2023-12-11T03:19:43.607+0000] {taskinstance.py:1382} INFO - Executing <Task(PostgresOperator): create_dim_region_table> on 2023-12-01 00:00:00+00:00
[2023-12-11T03:19:43.610+0000] {standard_task_runner.py:57} INFO - Started process 417 to run task
[2023-12-11T03:19:43.615+0000] {standard_task_runner.py:84} INFO - Running: ['***', 'tasks', 'run', 'Healthcare_Insurance-v01.create_dim_tables', 'create_dim_region_table', 'scheduled__2023-12-01T00:00:00+00:00', '--job-id', '9', '--raw', '--subdir', 'DAGS_FOLDER/Healthcare_Insurance.py', '--cfg-path', '/tmp/tmplyc_rk2z']
[2023-12-11T03:19:43.617+0000] {standard_task_runner.py:85} INFO - Job 9: Subtask create_dim_region_table
[2023-12-11T03:19:43.670+0000] {task_command.py:416} INFO - Running <TaskInstance: Healthcare_Insurance-v01.create_dim_tables.create_dim_region_table scheduled__2023-12-01T00:00:00+00:00 [running]> on host 88d78b0e9c67
[2023-12-11T03:19:43.723+0000] {taskinstance.py:1662} INFO - Exporting env vars: AIRFLOW_CTX_DAG_OWNER='dunnbc22' AIRFLOW_CTX_DAG_ID='Healthcare_Insurance-v01.create_dim_tables' AIRFLOW_CTX_TASK_ID='create_dim_region_table' AIRFLOW_CTX_EXECUTION_DATE='2023-12-01T00:00:00+00:00' AIRFLOW_CTX_TRY_NUMBER='1' AIRFLOW_CTX_DAG_RUN_ID='scheduled__2023-12-01T00:00:00+00:00'
[2023-12-11T03:19:43.724+0000] {sql.py:274} INFO - Executing: -- params: table_name, dimension_col, data_type

-- Step 1: Extract Unique Values
CREATE TEMPORARY TABLE unique_values_region AS
SELECT DISTINCT region FROM healthcare_insurance_pipe;

-- Step 2: Create Dimension Table
DROP TABLE IF EXISTS dimension_table_region;
CREATE TABLE dimension_table_region (
    id SERIAL PRIMARY KEY,
    region VARCHAR
);

-- Step 3: Insert unique values into dimension table
INSERT INTO dimension_table_region (region)
SELECT * FROM unique_values_region;
[2023-12-11T03:19:43.731+0000] {base.py:73} INFO - Using connection ID 'postgres_conn' for task execution.
[2023-12-11T03:19:43.737+0000] {base.py:73} INFO - Using connection ID 'postgres_conn' for task execution.
[2023-12-11T03:19:43.744+0000] {sql.py:418} INFO - Running statement: -- params: table_name, dimension_col, data_type

-- Step 1: Extract Unique Values
CREATE TEMPORARY TABLE unique_values_region AS
SELECT DISTINCT region FROM healthcare_insurance_pipe;

-- Step 2: Create Dimension Table
DROP TABLE IF EXISTS dimension_table_region;
CREATE TABLE dimension_table_region (
    id SERIAL PRIMARY KEY,
    region VARCHAR
);

-- Step 3: Insert unique values into dimension table
INSERT INTO dimension_table_region (region)
SELECT * FROM unique_values_region;, parameters: None
[2023-12-11T03:19:43.754+0000] {sql.py:427} INFO - Rows affected: 4
[2023-12-11T03:19:43.764+0000] {taskinstance.py:1400} INFO - Marking task as SUCCESS. dag_id=Healthcare_Insurance-v01.create_dim_tables, task_id=create_dim_region_table, execution_date=20231201T000000, start_date=20231211T031943, end_date=20231211T031943
[2023-12-11T03:19:43.788+0000] {local_task_job_runner.py:228} INFO - Task exited with return code 0
[2023-12-11T03:19:43.801+0000] {taskinstance.py:2778} INFO - 0 downstream tasks scheduled from follow-on schedule check
