[2023-12-08T17:14:38.886+0000] {taskinstance.py:1159} INFO - Dependencies all met for dep_context=non-requeueable deps ti=<TaskInstance: Allegheny_Co_Property_Sale_Transactions-v01.remove_samples_with_nulls.remove_samples_with_nulls.remove_PROPERTYZIP_col scheduled__2023-12-01T00:00:00+00:00 [queued]>
[2023-12-08T17:14:38.895+0000] {taskinstance.py:1159} INFO - Dependencies all met for dep_context=requeueable deps ti=<TaskInstance: Allegheny_Co_Property_Sale_Transactions-v01.remove_samples_with_nulls.remove_samples_with_nulls.remove_PROPERTYZIP_col scheduled__2023-12-01T00:00:00+00:00 [queued]>
[2023-12-08T17:14:38.895+0000] {taskinstance.py:1361} INFO - Starting attempt 1 of 6
[2023-12-08T17:14:38.908+0000] {taskinstance.py:1382} INFO - Executing <Task(PostgresOperator): remove_samples_with_nulls.remove_PROPERTYZIP_col> on 2023-12-01 00:00:00+00:00
[2023-12-08T17:14:38.912+0000] {standard_task_runner.py:57} INFO - Started process 2858 to run task
[2023-12-08T17:14:38.918+0000] {standard_task_runner.py:84} INFO - Running: ['***', 'tasks', 'run', 'Allegheny_Co_Property_Sale_Transactions-v01.remove_samples_with_nulls', 'remove_samples_with_nulls.remove_PROPERTYZIP_col', 'scheduled__2023-12-01T00:00:00+00:00', '--job-id', '18', '--raw', '--subdir', 'DAGS_FOLDER/Allegheny Co Property Sale Transactions.py', '--cfg-path', '/tmp/tmp8nx7tjbb']
[2023-12-08T17:14:38.920+0000] {standard_task_runner.py:85} INFO - Job 18: Subtask remove_samples_with_nulls.remove_PROPERTYZIP_col
[2023-12-08T17:14:38.976+0000] {task_command.py:416} INFO - Running <TaskInstance: Allegheny_Co_Property_Sale_Transactions-v01.remove_samples_with_nulls.remove_samples_with_nulls.remove_PROPERTYZIP_col scheduled__2023-12-01T00:00:00+00:00 [running]> on host 1fc866509645
[2023-12-08T17:14:39.050+0000] {taskinstance.py:1662} INFO - Exporting env vars: AIRFLOW_CTX_DAG_OWNER='dunnbc22' AIRFLOW_CTX_DAG_ID='Allegheny_Co_Property_Sale_Transactions-v01.remove_samples_with_nulls' AIRFLOW_CTX_TASK_ID='remove_samples_with_nulls.remove_PROPERTYZIP_col' AIRFLOW_CTX_EXECUTION_DATE='2023-12-01T00:00:00+00:00' AIRFLOW_CTX_TRY_NUMBER='1' AIRFLOW_CTX_DAG_RUN_ID='scheduled__2023-12-01T00:00:00+00:00'
[2023-12-08T17:14:39.052+0000] {sql.py:274} INFO - Executing: -- params: table_name, column_name
DELETE FROM allegheny_co_property_sale_transactions
WHERE PROPERTYZIP is NULL;
[2023-12-08T17:14:39.060+0000] {base.py:73} INFO - Using connection ID 'postgres_conn' for task execution.
[2023-12-08T17:14:39.069+0000] {base.py:73} INFO - Using connection ID 'postgres_conn' for task execution.
[2023-12-08T17:14:39.075+0000] {sql.py:418} INFO - Running statement: -- params: table_name, column_name
DELETE FROM allegheny_co_property_sale_transactions
WHERE PROPERTYZIP is NULL;, parameters: None
[2023-12-08T17:14:39.122+0000] {sql.py:427} INFO - Rows affected: 0
[2023-12-08T17:14:39.130+0000] {taskinstance.py:1400} INFO - Marking task as SUCCESS. dag_id=Allegheny_Co_Property_Sale_Transactions-v01.remove_samples_with_nulls, task_id=remove_samples_with_nulls.remove_PROPERTYZIP_col, execution_date=20231201T000000, start_date=20231208T171438, end_date=20231208T171439
[2023-12-08T17:14:39.174+0000] {local_task_job_runner.py:228} INFO - Task exited with return code 0
[2023-12-08T17:14:39.190+0000] {taskinstance.py:2778} INFO - 0 downstream tasks scheduled from follow-on schedule check
[2023-12-08T18:02:01.099+0000] {taskinstance.py:1159} INFO - Dependencies all met for dep_context=non-requeueable deps ti=<TaskInstance: Allegheny_Co_Property_Sale_Transactions-v01.remove_samples_with_nulls.remove_samples_with_nulls.remove_PROPERTYZIP_col scheduled__2023-12-01T00:00:00+00:00 [queued]>
[2023-12-08T18:02:01.106+0000] {taskinstance.py:1159} INFO - Dependencies all met for dep_context=requeueable deps ti=<TaskInstance: Allegheny_Co_Property_Sale_Transactions-v01.remove_samples_with_nulls.remove_samples_with_nulls.remove_PROPERTYZIP_col scheduled__2023-12-01T00:00:00+00:00 [queued]>
[2023-12-08T18:02:01.110+0000] {taskinstance.py:1361} INFO - Starting attempt 1 of 6
[2023-12-08T18:02:01.127+0000] {taskinstance.py:1382} INFO - Executing <Task(PostgresOperator): remove_samples_with_nulls.remove_PROPERTYZIP_col> on 2023-12-01 00:00:00+00:00
[2023-12-08T18:02:01.132+0000] {standard_task_runner.py:57} INFO - Started process 6853 to run task
[2023-12-08T18:02:01.135+0000] {standard_task_runner.py:84} INFO - Running: ['***', 'tasks', 'run', 'Allegheny_Co_Property_Sale_Transactions-v01.remove_samples_with_nulls', 'remove_samples_with_nulls.remove_PROPERTYZIP_col', 'scheduled__2023-12-01T00:00:00+00:00', '--job-id', '86', '--raw', '--subdir', 'DAGS_FOLDER/Allegheny Co Property Sale Transactions.py', '--cfg-path', '/tmp/tmpzokv0r1k']
[2023-12-08T18:02:01.140+0000] {standard_task_runner.py:85} INFO - Job 86: Subtask remove_samples_with_nulls.remove_PROPERTYZIP_col
[2023-12-08T18:02:01.200+0000] {task_command.py:416} INFO - Running <TaskInstance: Allegheny_Co_Property_Sale_Transactions-v01.remove_samples_with_nulls.remove_samples_with_nulls.remove_PROPERTYZIP_col scheduled__2023-12-01T00:00:00+00:00 [running]> on host 1fc866509645
[2023-12-08T18:02:01.294+0000] {taskinstance.py:1662} INFO - Exporting env vars: AIRFLOW_CTX_DAG_OWNER='dunnbc22' AIRFLOW_CTX_DAG_ID='Allegheny_Co_Property_Sale_Transactions-v01.remove_samples_with_nulls' AIRFLOW_CTX_TASK_ID='remove_samples_with_nulls.remove_PROPERTYZIP_col' AIRFLOW_CTX_EXECUTION_DATE='2023-12-01T00:00:00+00:00' AIRFLOW_CTX_TRY_NUMBER='1' AIRFLOW_CTX_DAG_RUN_ID='scheduled__2023-12-01T00:00:00+00:00'
[2023-12-08T18:02:01.295+0000] {sql.py:274} INFO - Executing: -- params: table_name, column_name
DELETE FROM allegheny_co_property_sale_transactions
WHERE PROPERTYZIP is NULL;
[2023-12-08T18:02:01.307+0000] {base.py:73} INFO - Using connection ID 'postgres_conn' for task execution.
[2023-12-08T18:02:01.320+0000] {base.py:73} INFO - Using connection ID 'postgres_conn' for task execution.
[2023-12-08T18:02:01.338+0000] {sql.py:418} INFO - Running statement: -- params: table_name, column_name
DELETE FROM allegheny_co_property_sale_transactions
WHERE PROPERTYZIP is NULL;, parameters: None
[2023-12-08T18:02:01.410+0000] {sql.py:427} INFO - Rows affected: 0
[2023-12-08T18:02:01.423+0000] {taskinstance.py:1400} INFO - Marking task as SUCCESS. dag_id=Allegheny_Co_Property_Sale_Transactions-v01.remove_samples_with_nulls, task_id=remove_samples_with_nulls.remove_PROPERTYZIP_col, execution_date=20231201T000000, start_date=20231208T180201, end_date=20231208T180201
[2023-12-08T18:02:01.474+0000] {local_task_job_runner.py:228} INFO - Task exited with return code 0
[2023-12-08T18:02:01.496+0000] {taskinstance.py:2778} INFO - 0 downstream tasks scheduled from follow-on schedule check
