[2023-12-12T21:27:25.212+0000] {taskinstance.py:1159} INFO - Dependencies all met for dep_context=non-requeueable deps ti=<TaskInstance: home_insurance_ds-v01.create_dim_tables.create_dim_P1_POLICY_REFUSED_table scheduled__2023-12-01T00:00:00+00:00 [queued]>
[2023-12-12T21:27:25.230+0000] {taskinstance.py:1159} INFO - Dependencies all met for dep_context=requeueable deps ti=<TaskInstance: home_insurance_ds-v01.create_dim_tables.create_dim_P1_POLICY_REFUSED_table scheduled__2023-12-01T00:00:00+00:00 [queued]>
[2023-12-12T21:27:25.239+0000] {taskinstance.py:1361} INFO - Starting attempt 1 of 6
[2023-12-12T21:27:25.281+0000] {taskinstance.py:1382} INFO - Executing <Task(PostgresOperator): create_dim_P1_POLICY_REFUSED_table> on 2023-12-01 00:00:00+00:00
[2023-12-12T21:27:25.294+0000] {standard_task_runner.py:57} INFO - Started process 1967 to run task
[2023-12-12T21:27:25.298+0000] {standard_task_runner.py:84} INFO - Running: ['***', 'tasks', 'run', 'home_insurance_ds-v01.create_dim_tables', 'create_dim_P1_POLICY_REFUSED_table', 'scheduled__2023-12-01T00:00:00+00:00', '--job-id', '30', '--raw', '--subdir', 'DAGS_FOLDER/home_insurance_dataset.py', '--cfg-path', '/tmp/tmpcdhswcu4']
[2023-12-12T21:27:25.314+0000] {standard_task_runner.py:85} INFO - Job 30: Subtask create_dim_P1_POLICY_REFUSED_table
[2023-12-12T21:27:25.489+0000] {task_command.py:416} INFO - Running <TaskInstance: home_insurance_ds-v01.create_dim_tables.create_dim_P1_POLICY_REFUSED_table scheduled__2023-12-01T00:00:00+00:00 [running]> on host 7a94ca99eac6
[2023-12-12T21:27:25.606+0000] {taskinstance.py:1662} INFO - Exporting env vars: AIRFLOW_CTX_DAG_OWNER='dunnbc22' AIRFLOW_CTX_DAG_ID='home_insurance_ds-v01.create_dim_tables' AIRFLOW_CTX_TASK_ID='create_dim_P1_POLICY_REFUSED_table' AIRFLOW_CTX_EXECUTION_DATE='2023-12-01T00:00:00+00:00' AIRFLOW_CTX_TRY_NUMBER='1' AIRFLOW_CTX_DAG_RUN_ID='scheduled__2023-12-01T00:00:00+00:00'
[2023-12-12T21:27:25.608+0000] {sql.py:274} INFO - Executing: -- params: table_name, dimension_col, data_type

-- Step 1: Extract Unique Values
CREATE TEMPORARY TABLE unique_values_P1_POLICY_REFUSED AS
SELECT DISTINCT P1_POLICY_REFUSED FROM home_insurance_ds_pipeline;

-- Step 2: Create Dimension Table
DROP TABLE IF EXISTS dimension_table_P1_POLICY_REFUSED;
CREATE TABLE dimension_table_P1_POLICY_REFUSED (
    id SERIAL PRIMARY KEY,
    P1_POLICY_REFUSED VARCHAR
);

-- Step 3: Insert unique values into dimension table
INSERT INTO dimension_table_P1_POLICY_REFUSED (P1_POLICY_REFUSED)
SELECT * FROM unique_values_P1_POLICY_REFUSED;
[2023-12-12T21:27:25.630+0000] {base.py:73} INFO - Using connection ID 'postgres_conn' for task execution.
[2023-12-12T21:27:25.644+0000] {base.py:73} INFO - Using connection ID 'postgres_conn' for task execution.
[2023-12-12T21:27:25.656+0000] {sql.py:418} INFO - Running statement: -- params: table_name, dimension_col, data_type

-- Step 1: Extract Unique Values
CREATE TEMPORARY TABLE unique_values_P1_POLICY_REFUSED AS
SELECT DISTINCT P1_POLICY_REFUSED FROM home_insurance_ds_pipeline;

-- Step 2: Create Dimension Table
DROP TABLE IF EXISTS dimension_table_P1_POLICY_REFUSED;
CREATE TABLE dimension_table_P1_POLICY_REFUSED (
    id SERIAL PRIMARY KEY,
    P1_POLICY_REFUSED VARCHAR
);

-- Step 3: Insert unique values into dimension table
INSERT INTO dimension_table_P1_POLICY_REFUSED (P1_POLICY_REFUSED)
SELECT * FROM unique_values_P1_POLICY_REFUSED;, parameters: None
[2023-12-12T21:27:25.782+0000] {sql.py:427} INFO - Rows affected: 2
[2023-12-12T21:27:25.812+0000] {taskinstance.py:1400} INFO - Marking task as SUCCESS. dag_id=home_insurance_ds-v01.create_dim_tables, task_id=create_dim_P1_POLICY_REFUSED_table, execution_date=20231201T000000, start_date=20231212T212725, end_date=20231212T212725
[2023-12-12T21:27:25.867+0000] {local_task_job_runner.py:228} INFO - Task exited with return code 0
[2023-12-12T21:27:25.972+0000] {taskinstance.py:2778} INFO - 0 downstream tasks scheduled from follow-on schedule check
