[2023-12-08T17:18:42.311+0000] {taskinstance.py:1159} INFO - Dependencies all met for dep_context=non-requeueable deps ti=<TaskInstance: Allegheny_Co_Property_Sale_Transactions-v01.create_dim_tables.create_dim_SALEDESC_table scheduled__2023-12-01T00:00:00+00:00 [queued]>
[2023-12-08T17:18:42.328+0000] {taskinstance.py:1159} INFO - Dependencies all met for dep_context=requeueable deps ti=<TaskInstance: Allegheny_Co_Property_Sale_Transactions-v01.create_dim_tables.create_dim_SALEDESC_table scheduled__2023-12-01T00:00:00+00:00 [queued]>
[2023-12-08T17:18:42.329+0000] {taskinstance.py:1361} INFO - Starting attempt 1 of 6
[2023-12-08T17:18:42.361+0000] {taskinstance.py:1382} INFO - Executing <Task(PostgresOperator): create_dim_SALEDESC_table> on 2023-12-01 00:00:00+00:00
[2023-12-08T17:18:42.366+0000] {standard_task_runner.py:57} INFO - Started process 3198 to run task
[2023-12-08T17:18:42.388+0000] {standard_task_runner.py:84} INFO - Running: ['***', 'tasks', 'run', 'Allegheny_Co_Property_Sale_Transactions-v01.create_dim_tables', 'create_dim_SALEDESC_table', 'scheduled__2023-12-01T00:00:00+00:00', '--job-id', '38', '--raw', '--subdir', 'DAGS_FOLDER/Allegheny Co Property Sale Transactions.py', '--cfg-path', '/tmp/tmpv6m88sms']
[2023-12-08T17:18:42.415+0000] {standard_task_runner.py:85} INFO - Job 38: Subtask create_dim_SALEDESC_table
[2023-12-08T17:18:42.533+0000] {task_command.py:416} INFO - Running <TaskInstance: Allegheny_Co_Property_Sale_Transactions-v01.create_dim_tables.create_dim_SALEDESC_table scheduled__2023-12-01T00:00:00+00:00 [running]> on host 1fc866509645
[2023-12-08T17:18:42.770+0000] {taskinstance.py:1662} INFO - Exporting env vars: AIRFLOW_CTX_DAG_OWNER='dunnbc22' AIRFLOW_CTX_DAG_ID='Allegheny_Co_Property_Sale_Transactions-v01.create_dim_tables' AIRFLOW_CTX_TASK_ID='create_dim_SALEDESC_table' AIRFLOW_CTX_EXECUTION_DATE='2023-12-01T00:00:00+00:00' AIRFLOW_CTX_TRY_NUMBER='1' AIRFLOW_CTX_DAG_RUN_ID='scheduled__2023-12-01T00:00:00+00:00'
[2023-12-08T17:18:42.773+0000] {sql.py:274} INFO - Executing: -- params: table_name, dimension_col, data_type

-- Step 1: Extract Unique Values
CREATE TEMPORARY TABLE unique_values_SALEDESC AS
SELECT DISTINCT SALEDESC FROM allegheny_co_property_sale_transactions;

-- Step 2: Create Dimension Table
DROP TABLE IF EXISTS dimension_table_SALEDESC;
CREATE TABLE dimension_table_SALEDESC (
    id SERIAL PRIMARY KEY,
    SALEDESC VARCHAR
);

-- Step 3: Insert unique values into dimension table
INSERT INTO dimension_table_SALEDESC (SALEDESC)
SELECT * FROM unique_values_SALEDESC;
[2023-12-08T17:18:42.783+0000] {base.py:73} INFO - Using connection ID 'postgres_conn' for task execution.
[2023-12-08T17:18:42.796+0000] {base.py:73} INFO - Using connection ID 'postgres_conn' for task execution.
[2023-12-08T17:18:42.808+0000] {sql.py:418} INFO - Running statement: -- params: table_name, dimension_col, data_type

-- Step 1: Extract Unique Values
CREATE TEMPORARY TABLE unique_values_SALEDESC AS
SELECT DISTINCT SALEDESC FROM allegheny_co_property_sale_transactions;

-- Step 2: Create Dimension Table
DROP TABLE IF EXISTS dimension_table_SALEDESC;
CREATE TABLE dimension_table_SALEDESC (
    id SERIAL PRIMARY KEY,
    SALEDESC VARCHAR
);

-- Step 3: Insert unique values into dimension table
INSERT INTO dimension_table_SALEDESC (SALEDESC)
SELECT * FROM unique_values_SALEDESC;, parameters: None
[2023-12-08T17:18:42.901+0000] {sql.py:427} INFO - Rows affected: 28
[2023-12-08T17:18:42.914+0000] {taskinstance.py:1400} INFO - Marking task as SUCCESS. dag_id=Allegheny_Co_Property_Sale_Transactions-v01.create_dim_tables, task_id=create_dim_SALEDESC_table, execution_date=20231201T000000, start_date=20231208T171842, end_date=20231208T171842
[2023-12-08T17:18:42.947+0000] {local_task_job_runner.py:228} INFO - Task exited with return code 0
[2023-12-08T17:18:42.964+0000] {taskinstance.py:2778} INFO - 0 downstream tasks scheduled from follow-on schedule check
[2023-12-08T18:06:05.298+0000] {taskinstance.py:1159} INFO - Dependencies all met for dep_context=non-requeueable deps ti=<TaskInstance: Allegheny_Co_Property_Sale_Transactions-v01.create_dim_tables.create_dim_SALEDESC_table scheduled__2023-12-01T00:00:00+00:00 [queued]>
[2023-12-08T18:06:05.308+0000] {taskinstance.py:1159} INFO - Dependencies all met for dep_context=requeueable deps ti=<TaskInstance: Allegheny_Co_Property_Sale_Transactions-v01.create_dim_tables.create_dim_SALEDESC_table scheduled__2023-12-01T00:00:00+00:00 [queued]>
[2023-12-08T18:06:05.309+0000] {taskinstance.py:1361} INFO - Starting attempt 1 of 6
[2023-12-08T18:06:05.323+0000] {taskinstance.py:1382} INFO - Executing <Task(PostgresOperator): create_dim_SALEDESC_table> on 2023-12-01 00:00:00+00:00
[2023-12-08T18:06:05.331+0000] {standard_task_runner.py:57} INFO - Started process 7225 to run task
[2023-12-08T18:06:05.345+0000] {standard_task_runner.py:84} INFO - Running: ['***', 'tasks', 'run', 'Allegheny_Co_Property_Sale_Transactions-v01.create_dim_tables', 'create_dim_SALEDESC_table', 'scheduled__2023-12-01T00:00:00+00:00', '--job-id', '104', '--raw', '--subdir', 'DAGS_FOLDER/Allegheny Co Property Sale Transactions.py', '--cfg-path', '/tmp/tmpxxlt23nm']
[2023-12-08T18:06:05.354+0000] {standard_task_runner.py:85} INFO - Job 104: Subtask create_dim_SALEDESC_table
[2023-12-08T18:06:05.461+0000] {task_command.py:416} INFO - Running <TaskInstance: Allegheny_Co_Property_Sale_Transactions-v01.create_dim_tables.create_dim_SALEDESC_table scheduled__2023-12-01T00:00:00+00:00 [running]> on host 1fc866509645
[2023-12-08T18:06:05.586+0000] {taskinstance.py:1662} INFO - Exporting env vars: AIRFLOW_CTX_DAG_OWNER='dunnbc22' AIRFLOW_CTX_DAG_ID='Allegheny_Co_Property_Sale_Transactions-v01.create_dim_tables' AIRFLOW_CTX_TASK_ID='create_dim_SALEDESC_table' AIRFLOW_CTX_EXECUTION_DATE='2023-12-01T00:00:00+00:00' AIRFLOW_CTX_TRY_NUMBER='1' AIRFLOW_CTX_DAG_RUN_ID='scheduled__2023-12-01T00:00:00+00:00'
[2023-12-08T18:06:05.590+0000] {sql.py:274} INFO - Executing: -- params: table_name, dimension_col, data_type

-- Step 1: Extract Unique Values
CREATE TEMPORARY TABLE unique_values_SALEDESC AS
SELECT DISTINCT SALEDESC FROM allegheny_co_property_sale_transactions;

-- Step 2: Create Dimension Table
DROP TABLE IF EXISTS dimension_table_SALEDESC;
CREATE TABLE dimension_table_SALEDESC (
    id SERIAL PRIMARY KEY,
    SALEDESC VARCHAR
);

-- Step 3: Insert unique values into dimension table
INSERT INTO dimension_table_SALEDESC (SALEDESC)
SELECT * FROM unique_values_SALEDESC;
[2023-12-08T18:06:05.602+0000] {base.py:73} INFO - Using connection ID 'postgres_conn' for task execution.
[2023-12-08T18:06:05.612+0000] {base.py:73} INFO - Using connection ID 'postgres_conn' for task execution.
[2023-12-08T18:06:05.622+0000] {sql.py:418} INFO - Running statement: -- params: table_name, dimension_col, data_type

-- Step 1: Extract Unique Values
CREATE TEMPORARY TABLE unique_values_SALEDESC AS
SELECT DISTINCT SALEDESC FROM allegheny_co_property_sale_transactions;

-- Step 2: Create Dimension Table
DROP TABLE IF EXISTS dimension_table_SALEDESC;
CREATE TABLE dimension_table_SALEDESC (
    id SERIAL PRIMARY KEY,
    SALEDESC VARCHAR
);

-- Step 3: Insert unique values into dimension table
INSERT INTO dimension_table_SALEDESC (SALEDESC)
SELECT * FROM unique_values_SALEDESC;, parameters: None
[2023-12-08T18:06:05.821+0000] {sql.py:427} INFO - Rows affected: 28
[2023-12-08T18:06:05.838+0000] {taskinstance.py:1400} INFO - Marking task as SUCCESS. dag_id=Allegheny_Co_Property_Sale_Transactions-v01.create_dim_tables, task_id=create_dim_SALEDESC_table, execution_date=20231201T000000, start_date=20231208T180605, end_date=20231208T180605
[2023-12-08T18:06:05.870+0000] {local_task_job_runner.py:228} INFO - Task exited with return code 0
[2023-12-08T18:06:05.951+0000] {taskinstance.py:2778} INFO - 0 downstream tasks scheduled from follow-on schedule check
