[2023-12-21T17:02:10.211+0000] {taskinstance.py:1159} INFO - Dependencies all met for dep_context=non-requeueable deps ti=<TaskInstance: Indicators_of_Heart_Disease_2022-v01.create_dim_tables.create_dim_RaceEthnicityCategory_table scheduled__2023-12-01T00:00:00+00:00 [queued]>
[2023-12-21T17:02:10.226+0000] {taskinstance.py:1159} INFO - Dependencies all met for dep_context=requeueable deps ti=<TaskInstance: Indicators_of_Heart_Disease_2022-v01.create_dim_tables.create_dim_RaceEthnicityCategory_table scheduled__2023-12-01T00:00:00+00:00 [queued]>
[2023-12-21T17:02:10.231+0000] {taskinstance.py:1361} INFO - Starting attempt 1 of 6
[2023-12-21T17:02:10.253+0000] {taskinstance.py:1382} INFO - Executing <Task(PostgresOperator): create_dim_RaceEthnicityCategory_table> on 2023-12-01 00:00:00+00:00
[2023-12-21T17:02:10.267+0000] {standard_task_runner.py:57} INFO - Started process 2074 to run task
[2023-12-21T17:02:10.277+0000] {standard_task_runner.py:84} INFO - Running: ['***', 'tasks', 'run', 'Indicators_of_Heart_Disease_2022-v01.create_dim_tables', 'create_dim_RaceEthnicityCategory_table', 'scheduled__2023-12-01T00:00:00+00:00', '--job-id', '107', '--raw', '--subdir', 'DAGS_FOLDER/Indicators_of_Heart_Disease_2022.py', '--cfg-path', '/tmp/tmpf6hlhynz']
[2023-12-21T17:02:10.285+0000] {standard_task_runner.py:85} INFO - Job 107: Subtask create_dim_RaceEthnicityCategory_table
[2023-12-21T17:02:10.362+0000] {task_command.py:416} INFO - Running <TaskInstance: Indicators_of_Heart_Disease_2022-v01.create_dim_tables.create_dim_RaceEthnicityCategory_table scheduled__2023-12-01T00:00:00+00:00 [running]> on host 8e01071a5eb3
[2023-12-21T17:02:10.565+0000] {taskinstance.py:1662} INFO - Exporting env vars: AIRFLOW_CTX_DAG_OWNER='dunnbc22' AIRFLOW_CTX_DAG_ID='Indicators_of_Heart_Disease_2022-v01.create_dim_tables' AIRFLOW_CTX_TASK_ID='create_dim_RaceEthnicityCategory_table' AIRFLOW_CTX_EXECUTION_DATE='2023-12-01T00:00:00+00:00' AIRFLOW_CTX_TRY_NUMBER='1' AIRFLOW_CTX_DAG_RUN_ID='scheduled__2023-12-01T00:00:00+00:00'
[2023-12-21T17:02:10.569+0000] {sql.py:274} INFO - Executing: -- params: table_name, dimension_col, data_type

-- Step 1: Extract Unique Values
CREATE TEMPORARY TABLE unique_values_RaceEthnicityCategory AS
SELECT DISTINCT RaceEthnicityCategory FROM indicators_of_heart_disease_2022_pipe;

-- Step 2: Create Dimension Table
DROP TABLE IF EXISTS dimension_table_RaceEthnicityCategory;
CREATE TABLE dimension_table_RaceEthnicityCategory (
    id SERIAL PRIMARY KEY,
    RaceEthnicityCategory VARCHAR
);

-- Step 3: Insert unique values into dimension table
INSERT INTO dimension_table_RaceEthnicityCategory (RaceEthnicityCategory)
SELECT * FROM unique_values_RaceEthnicityCategory;
[2023-12-21T17:02:10.596+0000] {base.py:73} INFO - Using connection ID 'postgres_conn' for task execution.
[2023-12-21T17:02:10.625+0000] {base.py:73} INFO - Using connection ID 'postgres_conn' for task execution.
[2023-12-21T17:02:10.669+0000] {sql.py:418} INFO - Running statement: -- params: table_name, dimension_col, data_type

-- Step 1: Extract Unique Values
CREATE TEMPORARY TABLE unique_values_RaceEthnicityCategory AS
SELECT DISTINCT RaceEthnicityCategory FROM indicators_of_heart_disease_2022_pipe;

-- Step 2: Create Dimension Table
DROP TABLE IF EXISTS dimension_table_RaceEthnicityCategory;
CREATE TABLE dimension_table_RaceEthnicityCategory (
    id SERIAL PRIMARY KEY,
    RaceEthnicityCategory VARCHAR
);

-- Step 3: Insert unique values into dimension table
INSERT INTO dimension_table_RaceEthnicityCategory (RaceEthnicityCategory)
SELECT * FROM unique_values_RaceEthnicityCategory;, parameters: None
[2023-12-21T17:02:10.895+0000] {sql.py:427} INFO - Rows affected: 5
[2023-12-21T17:02:10.940+0000] {taskinstance.py:1400} INFO - Marking task as SUCCESS. dag_id=Indicators_of_Heart_Disease_2022-v01.create_dim_tables, task_id=create_dim_RaceEthnicityCategory_table, execution_date=20231201T000000, start_date=20231221T170210, end_date=20231221T170210
[2023-12-21T17:02:10.979+0000] {local_task_job_runner.py:228} INFO - Task exited with return code 0
[2023-12-21T17:02:11.182+0000] {taskinstance.py:2778} INFO - 0 downstream tasks scheduled from follow-on schedule check
