[2023-12-21T16:15:11.759+0000] {taskinstance.py:1159} INFO - Dependencies all met for dep_context=non-requeueable deps ti=<TaskInstance: Insurance_Fraud-v01.insert_fk_into_fact_table.insert_fk_col_in_fact_table_NumberOfSuppliments scheduled__2023-12-01T00:00:00+00:00 [queued]>
[2023-12-21T16:15:11.769+0000] {taskinstance.py:1159} INFO - Dependencies all met for dep_context=requeueable deps ti=<TaskInstance: Insurance_Fraud-v01.insert_fk_into_fact_table.insert_fk_col_in_fact_table_NumberOfSuppliments scheduled__2023-12-01T00:00:00+00:00 [queued]>
[2023-12-21T16:15:11.771+0000] {taskinstance.py:1361} INFO - Starting attempt 1 of 6
[2023-12-21T16:15:11.796+0000] {taskinstance.py:1382} INFO - Executing <Task(PostgresOperator): insert_fk_col_in_fact_table_NumberOfSuppliments> on 2023-12-01 00:00:00+00:00
[2023-12-21T16:15:11.807+0000] {standard_task_runner.py:57} INFO - Started process 877 to run task
[2023-12-21T16:15:11.810+0000] {standard_task_runner.py:84} INFO - Running: ['***', 'tasks', 'run', 'Insurance_Fraud-v01.insert_fk_into_fact_table', 'insert_fk_col_in_fact_table_NumberOfSuppliments', 'scheduled__2023-12-01T00:00:00+00:00', '--job-id', '42', '--raw', '--subdir', 'DAGS_FOLDER/Insurance_Fraud.py', '--cfg-path', '/tmp/tmpawxn8mie']
[2023-12-21T16:15:11.814+0000] {standard_task_runner.py:85} INFO - Job 42: Subtask insert_fk_col_in_fact_table_NumberOfSuppliments
[2023-12-21T16:15:11.911+0000] {task_command.py:416} INFO - Running <TaskInstance: Insurance_Fraud-v01.insert_fk_into_fact_table.insert_fk_col_in_fact_table_NumberOfSuppliments scheduled__2023-12-01T00:00:00+00:00 [running]> on host 8e15cdf87c56
[2023-12-21T16:15:12.134+0000] {taskinstance.py:1662} INFO - Exporting env vars: AIRFLOW_CTX_DAG_OWNER='dunnbc22' AIRFLOW_CTX_DAG_ID='Insurance_Fraud-v01.insert_fk_into_fact_table' AIRFLOW_CTX_TASK_ID='insert_fk_col_in_fact_table_NumberOfSuppliments' AIRFLOW_CTX_EXECUTION_DATE='2023-12-01T00:00:00+00:00' AIRFLOW_CTX_TRY_NUMBER='1' AIRFLOW_CTX_DAG_RUN_ID='scheduled__2023-12-01T00:00:00+00:00'
[2023-12-21T16:15:12.143+0000] {sql.py:274} INFO - Executing: -- params: table_name, dimension_col

/*
Steps 1-3 were completed in the create_dim_table.sql 
file & associated PostgresOperator
*/


-- Step 4: Add foreign key column to fact table
ALTER TABLE insurance_fraud_pipeline
ADD COLUMN NumberOfSuppliments_id INTEGER;

-- Step 4: Update foreign key column to fact table with 
-- appropriate id (that matches with dim table)
UPDATE insurance_fraud_pipeline
SET NumberOfSuppliments_id = dimension_table_NumberOfSuppliments.id
FROM dimension_table_NumberOfSuppliments
WHERE COALESCE(insurance_fraud_pipeline.NumberOfSuppliments::text, '') = COALESCE(dimension_table_NumberOfSuppliments.NumberOfSuppliments::text, '');
[2023-12-21T16:15:12.181+0000] {base.py:73} INFO - Using connection ID 'postgres_conn' for task execution.
[2023-12-21T16:15:12.205+0000] {base.py:73} INFO - Using connection ID 'postgres_conn' for task execution.
[2023-12-21T16:15:12.245+0000] {sql.py:418} INFO - Running statement: -- params: table_name, dimension_col

/*
Steps 1-3 were completed in the create_dim_table.sql 
file & associated PostgresOperator
*/


-- Step 4: Add foreign key column to fact table
ALTER TABLE insurance_fraud_pipeline
ADD COLUMN NumberOfSuppliments_id INTEGER;

-- Step 4: Update foreign key column to fact table with 
-- appropriate id (that matches with dim table)
UPDATE insurance_fraud_pipeline
SET NumberOfSuppliments_id = dimension_table_NumberOfSuppliments.id
FROM dimension_table_NumberOfSuppliments
WHERE COALESCE(insurance_fraud_pipeline.NumberOfSuppliments::text, '') = COALESCE(dimension_table_NumberOfSuppliments.NumberOfSuppliments::text, '');, parameters: None
[2023-12-21T16:15:12.401+0000] {sql.py:427} INFO - Rows affected: 14873
[2023-12-21T16:15:12.448+0000] {taskinstance.py:1400} INFO - Marking task as SUCCESS. dag_id=Insurance_Fraud-v01.insert_fk_into_fact_table, task_id=insert_fk_col_in_fact_table_NumberOfSuppliments, execution_date=20231201T000000, start_date=20231221T161511, end_date=20231221T161512
[2023-12-21T16:15:12.517+0000] {local_task_job_runner.py:228} INFO - Task exited with return code 0
[2023-12-21T16:15:12.565+0000] {taskinstance.py:2778} INFO - 0 downstream tasks scheduled from follow-on schedule check
