[2023-12-12T21:10:04.432+0000] {processor.py:157} INFO - Started process (PID=181) to work on /opt/airflow/dags/clean_up_after_star_schema_creation.py
[2023-12-12T21:10:04.432+0000] {processor.py:829} INFO - Processing file /opt/airflow/dags/clean_up_after_star_schema_creation.py for tasks to queue
[2023-12-12T21:10:04.433+0000] {logging_mixin.py:154} INFO - [2023-12-12T21:10:04.433+0000] {dagbag.py:536} INFO - Filling up the DagBag from /opt/airflow/dags/clean_up_after_star_schema_creation.py
[2023-12-12T21:10:04.436+0000] {processor.py:841} WARNING - No viable dags retrieved from /opt/airflow/dags/clean_up_after_star_schema_creation.py
[2023-12-12T21:10:04.446+0000] {processor.py:179} INFO - Processing /opt/airflow/dags/clean_up_after_star_schema_creation.py took 0.016 seconds
[2023-12-12T21:10:34.790+0000] {processor.py:157} INFO - Started process (PID=226) to work on /opt/airflow/dags/clean_up_after_star_schema_creation.py
[2023-12-12T21:10:34.790+0000] {processor.py:829} INFO - Processing file /opt/airflow/dags/clean_up_after_star_schema_creation.py for tasks to queue
[2023-12-12T21:10:34.791+0000] {logging_mixin.py:154} INFO - [2023-12-12T21:10:34.791+0000] {dagbag.py:536} INFO - Filling up the DagBag from /opt/airflow/dags/clean_up_after_star_schema_creation.py
[2023-12-12T21:10:34.794+0000] {processor.py:841} WARNING - No viable dags retrieved from /opt/airflow/dags/clean_up_after_star_schema_creation.py
[2023-12-12T21:10:34.804+0000] {processor.py:179} INFO - Processing /opt/airflow/dags/clean_up_after_star_schema_creation.py took 0.017 seconds
[2023-12-12T21:11:05.291+0000] {processor.py:157} INFO - Started process (PID=274) to work on /opt/airflow/dags/clean_up_after_star_schema_creation.py
[2023-12-12T21:11:05.292+0000] {processor.py:829} INFO - Processing file /opt/airflow/dags/clean_up_after_star_schema_creation.py for tasks to queue
[2023-12-12T21:11:05.292+0000] {logging_mixin.py:154} INFO - [2023-12-12T21:11:05.292+0000] {dagbag.py:536} INFO - Filling up the DagBag from /opt/airflow/dags/clean_up_after_star_schema_creation.py
[2023-12-12T21:11:05.296+0000] {processor.py:841} WARNING - No viable dags retrieved from /opt/airflow/dags/clean_up_after_star_schema_creation.py
[2023-12-12T21:11:05.306+0000] {processor.py:179} INFO - Processing /opt/airflow/dags/clean_up_after_star_schema_creation.py took 0.017 seconds
[2023-12-12T21:11:35.702+0000] {processor.py:157} INFO - Started process (PID=334) to work on /opt/airflow/dags/clean_up_after_star_schema_creation.py
[2023-12-12T21:11:35.703+0000] {processor.py:829} INFO - Processing file /opt/airflow/dags/clean_up_after_star_schema_creation.py for tasks to queue
[2023-12-12T21:11:35.703+0000] {logging_mixin.py:154} INFO - [2023-12-12T21:11:35.703+0000] {dagbag.py:536} INFO - Filling up the DagBag from /opt/airflow/dags/clean_up_after_star_schema_creation.py
[2023-12-12T21:11:35.707+0000] {processor.py:841} WARNING - No viable dags retrieved from /opt/airflow/dags/clean_up_after_star_schema_creation.py
[2023-12-12T21:11:35.716+0000] {processor.py:179} INFO - Processing /opt/airflow/dags/clean_up_after_star_schema_creation.py took 0.017 seconds
[2023-12-12T21:12:06.264+0000] {processor.py:157} INFO - Started process (PID=382) to work on /opt/airflow/dags/clean_up_after_star_schema_creation.py
[2023-12-12T21:12:06.264+0000] {processor.py:829} INFO - Processing file /opt/airflow/dags/clean_up_after_star_schema_creation.py for tasks to queue
[2023-12-12T21:12:06.265+0000] {logging_mixin.py:154} INFO - [2023-12-12T21:12:06.265+0000] {dagbag.py:536} INFO - Filling up the DagBag from /opt/airflow/dags/clean_up_after_star_schema_creation.py
[2023-12-12T21:12:06.268+0000] {processor.py:841} WARNING - No viable dags retrieved from /opt/airflow/dags/clean_up_after_star_schema_creation.py
[2023-12-12T21:12:06.278+0000] {processor.py:179} INFO - Processing /opt/airflow/dags/clean_up_after_star_schema_creation.py took 0.017 seconds
[2023-12-12T21:12:36.808+0000] {processor.py:157} INFO - Started process (PID=439) to work on /opt/airflow/dags/clean_up_after_star_schema_creation.py
[2023-12-12T21:12:36.809+0000] {processor.py:829} INFO - Processing file /opt/airflow/dags/clean_up_after_star_schema_creation.py for tasks to queue
[2023-12-12T21:12:36.810+0000] {logging_mixin.py:154} INFO - [2023-12-12T21:12:36.809+0000] {dagbag.py:536} INFO - Filling up the DagBag from /opt/airflow/dags/clean_up_after_star_schema_creation.py
[2023-12-12T21:12:36.813+0000] {processor.py:841} WARNING - No viable dags retrieved from /opt/airflow/dags/clean_up_after_star_schema_creation.py
[2023-12-12T21:12:36.823+0000] {processor.py:179} INFO - Processing /opt/airflow/dags/clean_up_after_star_schema_creation.py took 0.017 seconds
[2023-12-12T21:13:07.350+0000] {processor.py:157} INFO - Started process (PID=487) to work on /opt/airflow/dags/clean_up_after_star_schema_creation.py
[2023-12-12T21:13:07.350+0000] {processor.py:829} INFO - Processing file /opt/airflow/dags/clean_up_after_star_schema_creation.py for tasks to queue
[2023-12-12T21:13:07.351+0000] {logging_mixin.py:154} INFO - [2023-12-12T21:13:07.350+0000] {dagbag.py:536} INFO - Filling up the DagBag from /opt/airflow/dags/clean_up_after_star_schema_creation.py
[2023-12-12T21:13:07.354+0000] {processor.py:841} WARNING - No viable dags retrieved from /opt/airflow/dags/clean_up_after_star_schema_creation.py
[2023-12-12T21:13:07.363+0000] {processor.py:179} INFO - Processing /opt/airflow/dags/clean_up_after_star_schema_creation.py took 0.015 seconds
[2023-12-12T21:13:37.846+0000] {processor.py:157} INFO - Started process (PID=535) to work on /opt/airflow/dags/clean_up_after_star_schema_creation.py
[2023-12-12T21:13:37.846+0000] {processor.py:829} INFO - Processing file /opt/airflow/dags/clean_up_after_star_schema_creation.py for tasks to queue
[2023-12-12T21:13:37.847+0000] {logging_mixin.py:154} INFO - [2023-12-12T21:13:37.847+0000] {dagbag.py:536} INFO - Filling up the DagBag from /opt/airflow/dags/clean_up_after_star_schema_creation.py
[2023-12-12T21:13:37.851+0000] {processor.py:841} WARNING - No viable dags retrieved from /opt/airflow/dags/clean_up_after_star_schema_creation.py
[2023-12-12T21:13:37.860+0000] {processor.py:179} INFO - Processing /opt/airflow/dags/clean_up_after_star_schema_creation.py took 0.017 seconds
[2023-12-12T21:14:08.320+0000] {processor.py:157} INFO - Started process (PID=583) to work on /opt/airflow/dags/clean_up_after_star_schema_creation.py
[2023-12-12T21:14:08.320+0000] {processor.py:829} INFO - Processing file /opt/airflow/dags/clean_up_after_star_schema_creation.py for tasks to queue
[2023-12-12T21:14:08.321+0000] {logging_mixin.py:154} INFO - [2023-12-12T21:14:08.321+0000] {dagbag.py:536} INFO - Filling up the DagBag from /opt/airflow/dags/clean_up_after_star_schema_creation.py
[2023-12-12T21:14:08.324+0000] {processor.py:841} WARNING - No viable dags retrieved from /opt/airflow/dags/clean_up_after_star_schema_creation.py
[2023-12-12T21:14:08.334+0000] {processor.py:179} INFO - Processing /opt/airflow/dags/clean_up_after_star_schema_creation.py took 0.017 seconds
[2023-12-12T21:14:38.767+0000] {processor.py:157} INFO - Started process (PID=634) to work on /opt/airflow/dags/clean_up_after_star_schema_creation.py
[2023-12-12T21:14:38.767+0000] {processor.py:829} INFO - Processing file /opt/airflow/dags/clean_up_after_star_schema_creation.py for tasks to queue
[2023-12-12T21:14:38.768+0000] {logging_mixin.py:154} INFO - [2023-12-12T21:14:38.768+0000] {dagbag.py:536} INFO - Filling up the DagBag from /opt/airflow/dags/clean_up_after_star_schema_creation.py
[2023-12-12T21:14:38.771+0000] {processor.py:841} WARNING - No viable dags retrieved from /opt/airflow/dags/clean_up_after_star_schema_creation.py
[2023-12-12T21:14:38.781+0000] {processor.py:179} INFO - Processing /opt/airflow/dags/clean_up_after_star_schema_creation.py took 0.016 seconds
[2023-12-12T21:15:09.243+0000] {processor.py:157} INFO - Started process (PID=682) to work on /opt/airflow/dags/clean_up_after_star_schema_creation.py
[2023-12-12T21:15:09.244+0000] {processor.py:829} INFO - Processing file /opt/airflow/dags/clean_up_after_star_schema_creation.py for tasks to queue
[2023-12-12T21:15:09.244+0000] {logging_mixin.py:154} INFO - [2023-12-12T21:15:09.244+0000] {dagbag.py:536} INFO - Filling up the DagBag from /opt/airflow/dags/clean_up_after_star_schema_creation.py
[2023-12-12T21:15:09.248+0000] {processor.py:841} WARNING - No viable dags retrieved from /opt/airflow/dags/clean_up_after_star_schema_creation.py
[2023-12-12T21:15:09.259+0000] {processor.py:179} INFO - Processing /opt/airflow/dags/clean_up_after_star_schema_creation.py took 0.018 seconds
[2023-12-12T21:15:39.749+0000] {processor.py:157} INFO - Started process (PID=730) to work on /opt/airflow/dags/clean_up_after_star_schema_creation.py
[2023-12-12T21:15:39.750+0000] {processor.py:829} INFO - Processing file /opt/airflow/dags/clean_up_after_star_schema_creation.py for tasks to queue
[2023-12-12T21:15:39.750+0000] {logging_mixin.py:154} INFO - [2023-12-12T21:15:39.750+0000] {dagbag.py:536} INFO - Filling up the DagBag from /opt/airflow/dags/clean_up_after_star_schema_creation.py
[2023-12-12T21:15:39.753+0000] {processor.py:841} WARNING - No viable dags retrieved from /opt/airflow/dags/clean_up_after_star_schema_creation.py
[2023-12-12T21:15:39.763+0000] {processor.py:179} INFO - Processing /opt/airflow/dags/clean_up_after_star_schema_creation.py took 0.016 seconds
[2023-12-12T21:16:10.284+0000] {processor.py:157} INFO - Started process (PID=778) to work on /opt/airflow/dags/clean_up_after_star_schema_creation.py
[2023-12-12T21:16:10.285+0000] {processor.py:829} INFO - Processing file /opt/airflow/dags/clean_up_after_star_schema_creation.py for tasks to queue
[2023-12-12T21:16:10.285+0000] {logging_mixin.py:154} INFO - [2023-12-12T21:16:10.285+0000] {dagbag.py:536} INFO - Filling up the DagBag from /opt/airflow/dags/clean_up_after_star_schema_creation.py
[2023-12-12T21:16:10.289+0000] {processor.py:841} WARNING - No viable dags retrieved from /opt/airflow/dags/clean_up_after_star_schema_creation.py
[2023-12-12T21:16:10.298+0000] {processor.py:179} INFO - Processing /opt/airflow/dags/clean_up_after_star_schema_creation.py took 0.017 seconds
[2023-12-12T21:16:40.793+0000] {processor.py:157} INFO - Started process (PID=826) to work on /opt/airflow/dags/clean_up_after_star_schema_creation.py
[2023-12-12T21:16:40.794+0000] {processor.py:829} INFO - Processing file /opt/airflow/dags/clean_up_after_star_schema_creation.py for tasks to queue
[2023-12-12T21:16:40.795+0000] {logging_mixin.py:154} INFO - [2023-12-12T21:16:40.795+0000] {dagbag.py:536} INFO - Filling up the DagBag from /opt/airflow/dags/clean_up_after_star_schema_creation.py
[2023-12-12T21:16:40.798+0000] {processor.py:841} WARNING - No viable dags retrieved from /opt/airflow/dags/clean_up_after_star_schema_creation.py
[2023-12-12T21:16:40.810+0000] {processor.py:179} INFO - Processing /opt/airflow/dags/clean_up_after_star_schema_creation.py took 0.019 seconds
[2023-12-12T21:17:11.048+0000] {processor.py:157} INFO - Started process (PID=895) to work on /opt/airflow/dags/clean_up_after_star_schema_creation.py
[2023-12-12T21:17:11.048+0000] {processor.py:829} INFO - Processing file /opt/airflow/dags/clean_up_after_star_schema_creation.py for tasks to queue
[2023-12-12T21:17:11.049+0000] {logging_mixin.py:154} INFO - [2023-12-12T21:17:11.049+0000] {dagbag.py:536} INFO - Filling up the DagBag from /opt/airflow/dags/clean_up_after_star_schema_creation.py
[2023-12-12T21:17:11.053+0000] {processor.py:841} WARNING - No viable dags retrieved from /opt/airflow/dags/clean_up_after_star_schema_creation.py
[2023-12-12T21:17:11.064+0000] {processor.py:179} INFO - Processing /opt/airflow/dags/clean_up_after_star_schema_creation.py took 0.019 seconds
[2023-12-12T21:17:41.466+0000] {processor.py:157} INFO - Started process (PID=967) to work on /opt/airflow/dags/clean_up_after_star_schema_creation.py
[2023-12-12T21:17:41.467+0000] {processor.py:829} INFO - Processing file /opt/airflow/dags/clean_up_after_star_schema_creation.py for tasks to queue
[2023-12-12T21:17:41.467+0000] {logging_mixin.py:154} INFO - [2023-12-12T21:17:41.467+0000] {dagbag.py:536} INFO - Filling up the DagBag from /opt/airflow/dags/clean_up_after_star_schema_creation.py
[2023-12-12T21:17:41.471+0000] {processor.py:841} WARNING - No viable dags retrieved from /opt/airflow/dags/clean_up_after_star_schema_creation.py
[2023-12-12T21:17:41.481+0000] {processor.py:179} INFO - Processing /opt/airflow/dags/clean_up_after_star_schema_creation.py took 0.017 seconds
[2023-12-12T21:18:11.986+0000] {processor.py:157} INFO - Started process (PID=1015) to work on /opt/airflow/dags/clean_up_after_star_schema_creation.py
[2023-12-12T21:18:11.987+0000] {processor.py:829} INFO - Processing file /opt/airflow/dags/clean_up_after_star_schema_creation.py for tasks to queue
[2023-12-12T21:18:11.987+0000] {logging_mixin.py:154} INFO - [2023-12-12T21:18:11.987+0000] {dagbag.py:536} INFO - Filling up the DagBag from /opt/airflow/dags/clean_up_after_star_schema_creation.py
[2023-12-12T21:18:11.991+0000] {processor.py:841} WARNING - No viable dags retrieved from /opt/airflow/dags/clean_up_after_star_schema_creation.py
[2023-12-12T21:18:12.001+0000] {processor.py:179} INFO - Processing /opt/airflow/dags/clean_up_after_star_schema_creation.py took 0.017 seconds
[2023-12-12T21:18:42.435+0000] {processor.py:157} INFO - Started process (PID=1063) to work on /opt/airflow/dags/clean_up_after_star_schema_creation.py
[2023-12-12T21:18:42.436+0000] {processor.py:829} INFO - Processing file /opt/airflow/dags/clean_up_after_star_schema_creation.py for tasks to queue
[2023-12-12T21:18:42.436+0000] {logging_mixin.py:154} INFO - [2023-12-12T21:18:42.436+0000] {dagbag.py:536} INFO - Filling up the DagBag from /opt/airflow/dags/clean_up_after_star_schema_creation.py
[2023-12-12T21:18:42.440+0000] {processor.py:841} WARNING - No viable dags retrieved from /opt/airflow/dags/clean_up_after_star_schema_creation.py
[2023-12-12T21:18:42.450+0000] {processor.py:179} INFO - Processing /opt/airflow/dags/clean_up_after_star_schema_creation.py took 0.017 seconds
[2023-12-12T21:19:12.895+0000] {processor.py:157} INFO - Started process (PID=1111) to work on /opt/airflow/dags/clean_up_after_star_schema_creation.py
[2023-12-12T21:19:12.896+0000] {processor.py:829} INFO - Processing file /opt/airflow/dags/clean_up_after_star_schema_creation.py for tasks to queue
[2023-12-12T21:19:12.896+0000] {logging_mixin.py:154} INFO - [2023-12-12T21:19:12.896+0000] {dagbag.py:536} INFO - Filling up the DagBag from /opt/airflow/dags/clean_up_after_star_schema_creation.py
[2023-12-12T21:19:12.900+0000] {processor.py:841} WARNING - No viable dags retrieved from /opt/airflow/dags/clean_up_after_star_schema_creation.py
[2023-12-12T21:19:12.911+0000] {processor.py:179} INFO - Processing /opt/airflow/dags/clean_up_after_star_schema_creation.py took 0.018 seconds
[2023-12-12T21:19:43.394+0000] {processor.py:157} INFO - Started process (PID=1165) to work on /opt/airflow/dags/clean_up_after_star_schema_creation.py
[2023-12-12T21:19:43.395+0000] {processor.py:829} INFO - Processing file /opt/airflow/dags/clean_up_after_star_schema_creation.py for tasks to queue
[2023-12-12T21:19:43.395+0000] {logging_mixin.py:154} INFO - [2023-12-12T21:19:43.395+0000] {dagbag.py:536} INFO - Filling up the DagBag from /opt/airflow/dags/clean_up_after_star_schema_creation.py
[2023-12-12T21:19:43.399+0000] {processor.py:841} WARNING - No viable dags retrieved from /opt/airflow/dags/clean_up_after_star_schema_creation.py
[2023-12-12T21:19:43.409+0000] {processor.py:179} INFO - Processing /opt/airflow/dags/clean_up_after_star_schema_creation.py took 0.017 seconds
[2023-12-12T21:20:13.462+0000] {processor.py:157} INFO - Started process (PID=1221) to work on /opt/airflow/dags/clean_up_after_star_schema_creation.py
[2023-12-12T21:20:13.462+0000] {processor.py:829} INFO - Processing file /opt/airflow/dags/clean_up_after_star_schema_creation.py for tasks to queue
[2023-12-12T21:20:13.463+0000] {logging_mixin.py:154} INFO - [2023-12-12T21:20:13.463+0000] {dagbag.py:536} INFO - Filling up the DagBag from /opt/airflow/dags/clean_up_after_star_schema_creation.py
[2023-12-12T21:20:13.466+0000] {processor.py:841} WARNING - No viable dags retrieved from /opt/airflow/dags/clean_up_after_star_schema_creation.py
[2023-12-12T21:20:13.476+0000] {processor.py:179} INFO - Processing /opt/airflow/dags/clean_up_after_star_schema_creation.py took 0.017 seconds
[2023-12-12T21:20:44.002+0000] {processor.py:157} INFO - Started process (PID=1271) to work on /opt/airflow/dags/clean_up_after_star_schema_creation.py
[2023-12-12T21:20:44.003+0000] {processor.py:829} INFO - Processing file /opt/airflow/dags/clean_up_after_star_schema_creation.py for tasks to queue
[2023-12-12T21:20:44.003+0000] {logging_mixin.py:154} INFO - [2023-12-12T21:20:44.003+0000] {dagbag.py:536} INFO - Filling up the DagBag from /opt/airflow/dags/clean_up_after_star_schema_creation.py
[2023-12-12T21:20:44.007+0000] {processor.py:841} WARNING - No viable dags retrieved from /opt/airflow/dags/clean_up_after_star_schema_creation.py
[2023-12-12T21:20:44.017+0000] {processor.py:179} INFO - Processing /opt/airflow/dags/clean_up_after_star_schema_creation.py took 0.017 seconds
[2023-12-12T21:21:14.555+0000] {processor.py:157} INFO - Started process (PID=1319) to work on /opt/airflow/dags/clean_up_after_star_schema_creation.py
[2023-12-12T21:21:14.556+0000] {processor.py:829} INFO - Processing file /opt/airflow/dags/clean_up_after_star_schema_creation.py for tasks to queue
[2023-12-12T21:21:14.557+0000] {logging_mixin.py:154} INFO - [2023-12-12T21:21:14.557+0000] {dagbag.py:536} INFO - Filling up the DagBag from /opt/airflow/dags/clean_up_after_star_schema_creation.py
[2023-12-12T21:21:14.560+0000] {processor.py:841} WARNING - No viable dags retrieved from /opt/airflow/dags/clean_up_after_star_schema_creation.py
[2023-12-12T21:21:14.570+0000] {processor.py:179} INFO - Processing /opt/airflow/dags/clean_up_after_star_schema_creation.py took 0.017 seconds
[2023-12-12T21:21:45.090+0000] {processor.py:157} INFO - Started process (PID=1373) to work on /opt/airflow/dags/clean_up_after_star_schema_creation.py
[2023-12-12T21:21:45.090+0000] {processor.py:829} INFO - Processing file /opt/airflow/dags/clean_up_after_star_schema_creation.py for tasks to queue
[2023-12-12T21:21:45.091+0000] {logging_mixin.py:154} INFO - [2023-12-12T21:21:45.091+0000] {dagbag.py:536} INFO - Filling up the DagBag from /opt/airflow/dags/clean_up_after_star_schema_creation.py
[2023-12-12T21:21:45.094+0000] {processor.py:841} WARNING - No viable dags retrieved from /opt/airflow/dags/clean_up_after_star_schema_creation.py
[2023-12-12T21:21:45.104+0000] {processor.py:179} INFO - Processing /opt/airflow/dags/clean_up_after_star_schema_creation.py took 0.017 seconds
[2023-12-12T21:22:15.543+0000] {processor.py:157} INFO - Started process (PID=1421) to work on /opt/airflow/dags/clean_up_after_star_schema_creation.py
[2023-12-12T21:22:15.544+0000] {processor.py:829} INFO - Processing file /opt/airflow/dags/clean_up_after_star_schema_creation.py for tasks to queue
[2023-12-12T21:22:15.544+0000] {logging_mixin.py:154} INFO - [2023-12-12T21:22:15.544+0000] {dagbag.py:536} INFO - Filling up the DagBag from /opt/airflow/dags/clean_up_after_star_schema_creation.py
[2023-12-12T21:22:15.548+0000] {processor.py:841} WARNING - No viable dags retrieved from /opt/airflow/dags/clean_up_after_star_schema_creation.py
[2023-12-12T21:22:15.557+0000] {processor.py:179} INFO - Processing /opt/airflow/dags/clean_up_after_star_schema_creation.py took 0.016 seconds
[2023-12-12T21:22:46.122+0000] {processor.py:157} INFO - Started process (PID=1472) to work on /opt/airflow/dags/clean_up_after_star_schema_creation.py
[2023-12-12T21:22:46.123+0000] {processor.py:829} INFO - Processing file /opt/airflow/dags/clean_up_after_star_schema_creation.py for tasks to queue
[2023-12-12T21:22:46.124+0000] {logging_mixin.py:154} INFO - [2023-12-12T21:22:46.123+0000] {dagbag.py:536} INFO - Filling up the DagBag from /opt/airflow/dags/clean_up_after_star_schema_creation.py
[2023-12-12T21:22:46.127+0000] {processor.py:841} WARNING - No viable dags retrieved from /opt/airflow/dags/clean_up_after_star_schema_creation.py
[2023-12-12T21:22:46.137+0000] {processor.py:179} INFO - Processing /opt/airflow/dags/clean_up_after_star_schema_creation.py took 0.017 seconds
[2023-12-12T21:23:16.684+0000] {processor.py:157} INFO - Started process (PID=1520) to work on /opt/airflow/dags/clean_up_after_star_schema_creation.py
[2023-12-12T21:23:16.685+0000] {processor.py:829} INFO - Processing file /opt/airflow/dags/clean_up_after_star_schema_creation.py for tasks to queue
[2023-12-12T21:23:16.686+0000] {logging_mixin.py:154} INFO - [2023-12-12T21:23:16.685+0000] {dagbag.py:536} INFO - Filling up the DagBag from /opt/airflow/dags/clean_up_after_star_schema_creation.py
[2023-12-12T21:23:16.689+0000] {processor.py:841} WARNING - No viable dags retrieved from /opt/airflow/dags/clean_up_after_star_schema_creation.py
[2023-12-12T21:23:16.699+0000] {processor.py:179} INFO - Processing /opt/airflow/dags/clean_up_after_star_schema_creation.py took 0.017 seconds
[2023-12-12T21:23:47.229+0000] {processor.py:157} INFO - Started process (PID=1568) to work on /opt/airflow/dags/clean_up_after_star_schema_creation.py
[2023-12-12T21:23:47.230+0000] {processor.py:829} INFO - Processing file /opt/airflow/dags/clean_up_after_star_schema_creation.py for tasks to queue
[2023-12-12T21:23:47.230+0000] {logging_mixin.py:154} INFO - [2023-12-12T21:23:47.230+0000] {dagbag.py:536} INFO - Filling up the DagBag from /opt/airflow/dags/clean_up_after_star_schema_creation.py
[2023-12-12T21:23:47.234+0000] {processor.py:841} WARNING - No viable dags retrieved from /opt/airflow/dags/clean_up_after_star_schema_creation.py
[2023-12-12T21:23:47.244+0000] {processor.py:179} INFO - Processing /opt/airflow/dags/clean_up_after_star_schema_creation.py took 0.017 seconds
[2023-12-12T21:24:17.744+0000] {processor.py:157} INFO - Started process (PID=1616) to work on /opt/airflow/dags/clean_up_after_star_schema_creation.py
[2023-12-12T21:24:17.745+0000] {processor.py:829} INFO - Processing file /opt/airflow/dags/clean_up_after_star_schema_creation.py for tasks to queue
[2023-12-12T21:24:17.745+0000] {logging_mixin.py:154} INFO - [2023-12-12T21:24:17.745+0000] {dagbag.py:536} INFO - Filling up the DagBag from /opt/airflow/dags/clean_up_after_star_schema_creation.py
[2023-12-12T21:24:17.749+0000] {processor.py:841} WARNING - No viable dags retrieved from /opt/airflow/dags/clean_up_after_star_schema_creation.py
[2023-12-12T21:24:17.759+0000] {processor.py:179} INFO - Processing /opt/airflow/dags/clean_up_after_star_schema_creation.py took 0.017 seconds
[2023-12-12T21:24:48.182+0000] {processor.py:157} INFO - Started process (PID=1664) to work on /opt/airflow/dags/clean_up_after_star_schema_creation.py
[2023-12-12T21:24:48.183+0000] {processor.py:829} INFO - Processing file /opt/airflow/dags/clean_up_after_star_schema_creation.py for tasks to queue
[2023-12-12T21:24:48.184+0000] {logging_mixin.py:154} INFO - [2023-12-12T21:24:48.183+0000] {dagbag.py:536} INFO - Filling up the DagBag from /opt/airflow/dags/clean_up_after_star_schema_creation.py
[2023-12-12T21:24:48.188+0000] {processor.py:841} WARNING - No viable dags retrieved from /opt/airflow/dags/clean_up_after_star_schema_creation.py
[2023-12-12T21:24:48.199+0000] {processor.py:179} INFO - Processing /opt/airflow/dags/clean_up_after_star_schema_creation.py took 0.019 seconds
[2023-12-12T21:25:18.710+0000] {processor.py:157} INFO - Started process (PID=1712) to work on /opt/airflow/dags/clean_up_after_star_schema_creation.py
[2023-12-12T21:25:18.711+0000] {processor.py:829} INFO - Processing file /opt/airflow/dags/clean_up_after_star_schema_creation.py for tasks to queue
[2023-12-12T21:25:18.712+0000] {logging_mixin.py:154} INFO - [2023-12-12T21:25:18.711+0000] {dagbag.py:536} INFO - Filling up the DagBag from /opt/airflow/dags/clean_up_after_star_schema_creation.py
[2023-12-12T21:25:18.715+0000] {processor.py:841} WARNING - No viable dags retrieved from /opt/airflow/dags/clean_up_after_star_schema_creation.py
[2023-12-12T21:25:18.725+0000] {processor.py:179} INFO - Processing /opt/airflow/dags/clean_up_after_star_schema_creation.py took 0.017 seconds
[2023-12-12T21:25:49.190+0000] {processor.py:157} INFO - Started process (PID=1760) to work on /opt/airflow/dags/clean_up_after_star_schema_creation.py
[2023-12-12T21:25:49.191+0000] {processor.py:829} INFO - Processing file /opt/airflow/dags/clean_up_after_star_schema_creation.py for tasks to queue
[2023-12-12T21:25:49.191+0000] {logging_mixin.py:154} INFO - [2023-12-12T21:25:49.191+0000] {dagbag.py:536} INFO - Filling up the DagBag from /opt/airflow/dags/clean_up_after_star_schema_creation.py
[2023-12-12T21:25:49.195+0000] {processor.py:841} WARNING - No viable dags retrieved from /opt/airflow/dags/clean_up_after_star_schema_creation.py
[2023-12-12T21:25:49.205+0000] {processor.py:179} INFO - Processing /opt/airflow/dags/clean_up_after_star_schema_creation.py took 0.017 seconds
[2023-12-12T21:26:19.724+0000] {processor.py:157} INFO - Started process (PID=1808) to work on /opt/airflow/dags/clean_up_after_star_schema_creation.py
[2023-12-12T21:26:19.724+0000] {processor.py:829} INFO - Processing file /opt/airflow/dags/clean_up_after_star_schema_creation.py for tasks to queue
[2023-12-12T21:26:19.725+0000] {logging_mixin.py:154} INFO - [2023-12-12T21:26:19.725+0000] {dagbag.py:536} INFO - Filling up the DagBag from /opt/airflow/dags/clean_up_after_star_schema_creation.py
[2023-12-12T21:26:19.728+0000] {processor.py:841} WARNING - No viable dags retrieved from /opt/airflow/dags/clean_up_after_star_schema_creation.py
[2023-12-12T21:26:19.738+0000] {processor.py:179} INFO - Processing /opt/airflow/dags/clean_up_after_star_schema_creation.py took 0.017 seconds
[2023-12-12T21:26:50.276+0000] {processor.py:157} INFO - Started process (PID=1856) to work on /opt/airflow/dags/clean_up_after_star_schema_creation.py
[2023-12-12T21:26:50.277+0000] {processor.py:829} INFO - Processing file /opt/airflow/dags/clean_up_after_star_schema_creation.py for tasks to queue
[2023-12-12T21:26:50.277+0000] {logging_mixin.py:154} INFO - [2023-12-12T21:26:50.277+0000] {dagbag.py:536} INFO - Filling up the DagBag from /opt/airflow/dags/clean_up_after_star_schema_creation.py
[2023-12-12T21:26:50.281+0000] {processor.py:841} WARNING - No viable dags retrieved from /opt/airflow/dags/clean_up_after_star_schema_creation.py
[2023-12-12T21:26:50.290+0000] {processor.py:179} INFO - Processing /opt/airflow/dags/clean_up_after_star_schema_creation.py took 0.016 seconds
[2023-12-12T21:27:20.835+0000] {processor.py:157} INFO - Started process (PID=1904) to work on /opt/airflow/dags/clean_up_after_star_schema_creation.py
[2023-12-12T21:27:20.835+0000] {processor.py:829} INFO - Processing file /opt/airflow/dags/clean_up_after_star_schema_creation.py for tasks to queue
[2023-12-12T21:27:20.836+0000] {logging_mixin.py:154} INFO - [2023-12-12T21:27:20.836+0000] {dagbag.py:536} INFO - Filling up the DagBag from /opt/airflow/dags/clean_up_after_star_schema_creation.py
[2023-12-12T21:27:20.839+0000] {processor.py:841} WARNING - No viable dags retrieved from /opt/airflow/dags/clean_up_after_star_schema_creation.py
[2023-12-12T21:27:20.849+0000] {processor.py:179} INFO - Processing /opt/airflow/dags/clean_up_after_star_schema_creation.py took 0.017 seconds
[2023-12-12T21:27:51.352+0000] {processor.py:157} INFO - Started process (PID=2063) to work on /opt/airflow/dags/clean_up_after_star_schema_creation.py
[2023-12-12T21:27:51.353+0000] {processor.py:829} INFO - Processing file /opt/airflow/dags/clean_up_after_star_schema_creation.py for tasks to queue
[2023-12-12T21:27:51.354+0000] {logging_mixin.py:154} INFO - [2023-12-12T21:27:51.354+0000] {dagbag.py:536} INFO - Filling up the DagBag from /opt/airflow/dags/clean_up_after_star_schema_creation.py
[2023-12-12T21:27:51.358+0000] {processor.py:841} WARNING - No viable dags retrieved from /opt/airflow/dags/clean_up_after_star_schema_creation.py
[2023-12-12T21:27:51.367+0000] {processor.py:179} INFO - Processing /opt/airflow/dags/clean_up_after_star_schema_creation.py took 0.017 seconds
[2023-12-12T21:28:21.929+0000] {processor.py:157} INFO - Started process (PID=2111) to work on /opt/airflow/dags/clean_up_after_star_schema_creation.py
[2023-12-12T21:28:21.930+0000] {processor.py:829} INFO - Processing file /opt/airflow/dags/clean_up_after_star_schema_creation.py for tasks to queue
[2023-12-12T21:28:21.930+0000] {logging_mixin.py:154} INFO - [2023-12-12T21:28:21.930+0000] {dagbag.py:536} INFO - Filling up the DagBag from /opt/airflow/dags/clean_up_after_star_schema_creation.py
[2023-12-12T21:28:21.934+0000] {processor.py:841} WARNING - No viable dags retrieved from /opt/airflow/dags/clean_up_after_star_schema_creation.py
[2023-12-12T21:28:21.944+0000] {processor.py:179} INFO - Processing /opt/airflow/dags/clean_up_after_star_schema_creation.py took 0.017 seconds
[2023-12-12T21:28:52.260+0000] {processor.py:157} INFO - Started process (PID=2248) to work on /opt/airflow/dags/clean_up_after_star_schema_creation.py
[2023-12-12T21:28:52.260+0000] {processor.py:829} INFO - Processing file /opt/airflow/dags/clean_up_after_star_schema_creation.py for tasks to queue
[2023-12-12T21:28:52.261+0000] {logging_mixin.py:154} INFO - [2023-12-12T21:28:52.261+0000] {dagbag.py:536} INFO - Filling up the DagBag from /opt/airflow/dags/clean_up_after_star_schema_creation.py
[2023-12-12T21:28:52.265+0000] {processor.py:841} WARNING - No viable dags retrieved from /opt/airflow/dags/clean_up_after_star_schema_creation.py
[2023-12-12T21:28:52.275+0000] {processor.py:179} INFO - Processing /opt/airflow/dags/clean_up_after_star_schema_creation.py took 0.018 seconds
[2023-12-12T21:29:22.690+0000] {processor.py:157} INFO - Started process (PID=2312) to work on /opt/airflow/dags/clean_up_after_star_schema_creation.py
[2023-12-12T21:29:22.691+0000] {processor.py:829} INFO - Processing file /opt/airflow/dags/clean_up_after_star_schema_creation.py for tasks to queue
[2023-12-12T21:29:22.691+0000] {logging_mixin.py:154} INFO - [2023-12-12T21:29:22.691+0000] {dagbag.py:536} INFO - Filling up the DagBag from /opt/airflow/dags/clean_up_after_star_schema_creation.py
[2023-12-12T21:29:22.696+0000] {processor.py:841} WARNING - No viable dags retrieved from /opt/airflow/dags/clean_up_after_star_schema_creation.py
[2023-12-12T21:29:22.705+0000] {processor.py:179} INFO - Processing /opt/airflow/dags/clean_up_after_star_schema_creation.py took 0.017 seconds
[2023-12-12T21:29:53.130+0000] {processor.py:157} INFO - Started process (PID=2359) to work on /opt/airflow/dags/clean_up_after_star_schema_creation.py
[2023-12-12T21:29:53.131+0000] {processor.py:829} INFO - Processing file /opt/airflow/dags/clean_up_after_star_schema_creation.py for tasks to queue
[2023-12-12T21:29:53.131+0000] {logging_mixin.py:154} INFO - [2023-12-12T21:29:53.131+0000] {dagbag.py:536} INFO - Filling up the DagBag from /opt/airflow/dags/clean_up_after_star_schema_creation.py
[2023-12-12T21:29:53.135+0000] {processor.py:841} WARNING - No viable dags retrieved from /opt/airflow/dags/clean_up_after_star_schema_creation.py
[2023-12-12T21:29:53.145+0000] {processor.py:179} INFO - Processing /opt/airflow/dags/clean_up_after_star_schema_creation.py took 0.017 seconds
[2023-12-12T21:30:23.695+0000] {processor.py:157} INFO - Started process (PID=2409) to work on /opt/airflow/dags/clean_up_after_star_schema_creation.py
[2023-12-12T21:30:23.696+0000] {processor.py:829} INFO - Processing file /opt/airflow/dags/clean_up_after_star_schema_creation.py for tasks to queue
[2023-12-12T21:30:23.697+0000] {logging_mixin.py:154} INFO - [2023-12-12T21:30:23.697+0000] {dagbag.py:536} INFO - Filling up the DagBag from /opt/airflow/dags/clean_up_after_star_schema_creation.py
[2023-12-12T21:30:23.701+0000] {processor.py:841} WARNING - No viable dags retrieved from /opt/airflow/dags/clean_up_after_star_schema_creation.py
[2023-12-12T21:30:23.711+0000] {processor.py:179} INFO - Processing /opt/airflow/dags/clean_up_after_star_schema_creation.py took 0.020 seconds
[2023-12-12T21:30:54.223+0000] {processor.py:157} INFO - Started process (PID=2458) to work on /opt/airflow/dags/clean_up_after_star_schema_creation.py
[2023-12-12T21:30:54.224+0000] {processor.py:829} INFO - Processing file /opt/airflow/dags/clean_up_after_star_schema_creation.py for tasks to queue
[2023-12-12T21:30:54.224+0000] {logging_mixin.py:154} INFO - [2023-12-12T21:30:54.224+0000] {dagbag.py:536} INFO - Filling up the DagBag from /opt/airflow/dags/clean_up_after_star_schema_creation.py
[2023-12-12T21:30:54.228+0000] {processor.py:841} WARNING - No viable dags retrieved from /opt/airflow/dags/clean_up_after_star_schema_creation.py
[2023-12-12T21:30:54.236+0000] {processor.py:179} INFO - Processing /opt/airflow/dags/clean_up_after_star_schema_creation.py took 0.015 seconds
[2023-12-12T21:31:24.643+0000] {processor.py:157} INFO - Started process (PID=2506) to work on /opt/airflow/dags/clean_up_after_star_schema_creation.py
[2023-12-12T21:31:24.644+0000] {processor.py:829} INFO - Processing file /opt/airflow/dags/clean_up_after_star_schema_creation.py for tasks to queue
[2023-12-12T21:31:24.645+0000] {logging_mixin.py:154} INFO - [2023-12-12T21:31:24.644+0000] {dagbag.py:536} INFO - Filling up the DagBag from /opt/airflow/dags/clean_up_after_star_schema_creation.py
[2023-12-12T21:31:24.648+0000] {processor.py:841} WARNING - No viable dags retrieved from /opt/airflow/dags/clean_up_after_star_schema_creation.py
[2023-12-12T21:31:24.658+0000] {processor.py:179} INFO - Processing /opt/airflow/dags/clean_up_after_star_schema_creation.py took 0.017 seconds
[2023-12-12T21:31:55.157+0000] {processor.py:157} INFO - Started process (PID=2554) to work on /opt/airflow/dags/clean_up_after_star_schema_creation.py
[2023-12-12T21:31:55.158+0000] {processor.py:829} INFO - Processing file /opt/airflow/dags/clean_up_after_star_schema_creation.py for tasks to queue
[2023-12-12T21:31:55.158+0000] {logging_mixin.py:154} INFO - [2023-12-12T21:31:55.158+0000] {dagbag.py:536} INFO - Filling up the DagBag from /opt/airflow/dags/clean_up_after_star_schema_creation.py
[2023-12-12T21:31:55.162+0000] {processor.py:841} WARNING - No viable dags retrieved from /opt/airflow/dags/clean_up_after_star_schema_creation.py
[2023-12-12T21:31:55.172+0000] {processor.py:179} INFO - Processing /opt/airflow/dags/clean_up_after_star_schema_creation.py took 0.017 seconds
[2023-12-12T21:32:25.690+0000] {processor.py:157} INFO - Started process (PID=2602) to work on /opt/airflow/dags/clean_up_after_star_schema_creation.py
[2023-12-12T21:32:25.691+0000] {processor.py:829} INFO - Processing file /opt/airflow/dags/clean_up_after_star_schema_creation.py for tasks to queue
[2023-12-12T21:32:25.691+0000] {logging_mixin.py:154} INFO - [2023-12-12T21:32:25.691+0000] {dagbag.py:536} INFO - Filling up the DagBag from /opt/airflow/dags/clean_up_after_star_schema_creation.py
[2023-12-12T21:32:25.695+0000] {processor.py:841} WARNING - No viable dags retrieved from /opt/airflow/dags/clean_up_after_star_schema_creation.py
[2023-12-12T21:32:25.705+0000] {processor.py:179} INFO - Processing /opt/airflow/dags/clean_up_after_star_schema_creation.py took 0.017 seconds
[2023-12-12T21:32:56.234+0000] {processor.py:157} INFO - Started process (PID=2650) to work on /opt/airflow/dags/clean_up_after_star_schema_creation.py
[2023-12-12T21:32:56.235+0000] {processor.py:829} INFO - Processing file /opt/airflow/dags/clean_up_after_star_schema_creation.py for tasks to queue
[2023-12-12T21:32:56.235+0000] {logging_mixin.py:154} INFO - [2023-12-12T21:32:56.235+0000] {dagbag.py:536} INFO - Filling up the DagBag from /opt/airflow/dags/clean_up_after_star_schema_creation.py
[2023-12-12T21:32:56.238+0000] {processor.py:841} WARNING - No viable dags retrieved from /opt/airflow/dags/clean_up_after_star_schema_creation.py
[2023-12-12T21:32:56.247+0000] {processor.py:179} INFO - Processing /opt/airflow/dags/clean_up_after_star_schema_creation.py took 0.015 seconds
[2023-12-12T21:33:26.762+0000] {processor.py:157} INFO - Started process (PID=2698) to work on /opt/airflow/dags/clean_up_after_star_schema_creation.py
[2023-12-12T21:33:26.762+0000] {processor.py:829} INFO - Processing file /opt/airflow/dags/clean_up_after_star_schema_creation.py for tasks to queue
[2023-12-12T21:33:26.763+0000] {logging_mixin.py:154} INFO - [2023-12-12T21:33:26.763+0000] {dagbag.py:536} INFO - Filling up the DagBag from /opt/airflow/dags/clean_up_after_star_schema_creation.py
[2023-12-12T21:33:26.766+0000] {processor.py:841} WARNING - No viable dags retrieved from /opt/airflow/dags/clean_up_after_star_schema_creation.py
[2023-12-12T21:33:26.777+0000] {processor.py:179} INFO - Processing /opt/airflow/dags/clean_up_after_star_schema_creation.py took 0.017 seconds
[2023-12-12T21:33:57.246+0000] {processor.py:157} INFO - Started process (PID=2746) to work on /opt/airflow/dags/clean_up_after_star_schema_creation.py
[2023-12-12T21:33:57.247+0000] {processor.py:829} INFO - Processing file /opt/airflow/dags/clean_up_after_star_schema_creation.py for tasks to queue
[2023-12-12T21:33:57.247+0000] {logging_mixin.py:154} INFO - [2023-12-12T21:33:57.247+0000] {dagbag.py:536} INFO - Filling up the DagBag from /opt/airflow/dags/clean_up_after_star_schema_creation.py
[2023-12-12T21:33:57.251+0000] {processor.py:841} WARNING - No viable dags retrieved from /opt/airflow/dags/clean_up_after_star_schema_creation.py
[2023-12-12T21:33:57.263+0000] {processor.py:179} INFO - Processing /opt/airflow/dags/clean_up_after_star_schema_creation.py took 0.019 seconds
[2023-12-12T21:34:27.718+0000] {processor.py:157} INFO - Started process (PID=2794) to work on /opt/airflow/dags/clean_up_after_star_schema_creation.py
[2023-12-12T21:34:27.719+0000] {processor.py:829} INFO - Processing file /opt/airflow/dags/clean_up_after_star_schema_creation.py for tasks to queue
[2023-12-12T21:34:27.719+0000] {logging_mixin.py:154} INFO - [2023-12-12T21:34:27.719+0000] {dagbag.py:536} INFO - Filling up the DagBag from /opt/airflow/dags/clean_up_after_star_schema_creation.py
[2023-12-12T21:34:27.723+0000] {processor.py:841} WARNING - No viable dags retrieved from /opt/airflow/dags/clean_up_after_star_schema_creation.py
[2023-12-12T21:34:27.732+0000] {processor.py:179} INFO - Processing /opt/airflow/dags/clean_up_after_star_schema_creation.py took 0.016 seconds
[2023-12-12T21:34:58.220+0000] {processor.py:157} INFO - Started process (PID=2842) to work on /opt/airflow/dags/clean_up_after_star_schema_creation.py
[2023-12-12T21:34:58.221+0000] {processor.py:829} INFO - Processing file /opt/airflow/dags/clean_up_after_star_schema_creation.py for tasks to queue
[2023-12-12T21:34:58.222+0000] {logging_mixin.py:154} INFO - [2023-12-12T21:34:58.221+0000] {dagbag.py:536} INFO - Filling up the DagBag from /opt/airflow/dags/clean_up_after_star_schema_creation.py
[2023-12-12T21:34:58.225+0000] {processor.py:841} WARNING - No viable dags retrieved from /opt/airflow/dags/clean_up_after_star_schema_creation.py
[2023-12-12T21:34:58.235+0000] {processor.py:179} INFO - Processing /opt/airflow/dags/clean_up_after_star_schema_creation.py took 0.017 seconds
[2023-12-12T21:35:28.819+0000] {processor.py:157} INFO - Started process (PID=2890) to work on /opt/airflow/dags/clean_up_after_star_schema_creation.py
[2023-12-12T21:35:28.820+0000] {processor.py:829} INFO - Processing file /opt/airflow/dags/clean_up_after_star_schema_creation.py for tasks to queue
[2023-12-12T21:35:28.821+0000] {logging_mixin.py:154} INFO - [2023-12-12T21:35:28.820+0000] {dagbag.py:536} INFO - Filling up the DagBag from /opt/airflow/dags/clean_up_after_star_schema_creation.py
[2023-12-12T21:35:28.824+0000] {processor.py:841} WARNING - No viable dags retrieved from /opt/airflow/dags/clean_up_after_star_schema_creation.py
[2023-12-12T21:35:28.834+0000] {processor.py:179} INFO - Processing /opt/airflow/dags/clean_up_after_star_schema_creation.py took 0.017 seconds
[2023-12-12T21:35:59.391+0000] {processor.py:157} INFO - Started process (PID=2938) to work on /opt/airflow/dags/clean_up_after_star_schema_creation.py
[2023-12-12T21:35:59.391+0000] {processor.py:829} INFO - Processing file /opt/airflow/dags/clean_up_after_star_schema_creation.py for tasks to queue
[2023-12-12T21:35:59.392+0000] {logging_mixin.py:154} INFO - [2023-12-12T21:35:59.392+0000] {dagbag.py:536} INFO - Filling up the DagBag from /opt/airflow/dags/clean_up_after_star_schema_creation.py
[2023-12-12T21:35:59.395+0000] {processor.py:841} WARNING - No viable dags retrieved from /opt/airflow/dags/clean_up_after_star_schema_creation.py
[2023-12-12T21:35:59.405+0000] {processor.py:179} INFO - Processing /opt/airflow/dags/clean_up_after_star_schema_creation.py took 0.017 seconds
[2023-12-12T21:36:29.943+0000] {processor.py:157} INFO - Started process (PID=2989) to work on /opt/airflow/dags/clean_up_after_star_schema_creation.py
[2023-12-12T21:36:29.944+0000] {processor.py:829} INFO - Processing file /opt/airflow/dags/clean_up_after_star_schema_creation.py for tasks to queue
[2023-12-12T21:36:29.945+0000] {logging_mixin.py:154} INFO - [2023-12-12T21:36:29.944+0000] {dagbag.py:536} INFO - Filling up the DagBag from /opt/airflow/dags/clean_up_after_star_schema_creation.py
[2023-12-12T21:36:29.949+0000] {processor.py:841} WARNING - No viable dags retrieved from /opt/airflow/dags/clean_up_after_star_schema_creation.py
[2023-12-12T21:36:29.958+0000] {processor.py:179} INFO - Processing /opt/airflow/dags/clean_up_after_star_schema_creation.py took 0.017 seconds
[2023-12-12T21:37:00.405+0000] {processor.py:157} INFO - Started process (PID=3037) to work on /opt/airflow/dags/clean_up_after_star_schema_creation.py
[2023-12-12T21:37:00.406+0000] {processor.py:829} INFO - Processing file /opt/airflow/dags/clean_up_after_star_schema_creation.py for tasks to queue
[2023-12-12T21:37:00.406+0000] {logging_mixin.py:154} INFO - [2023-12-12T21:37:00.406+0000] {dagbag.py:536} INFO - Filling up the DagBag from /opt/airflow/dags/clean_up_after_star_schema_creation.py
[2023-12-12T21:37:00.410+0000] {processor.py:841} WARNING - No viable dags retrieved from /opt/airflow/dags/clean_up_after_star_schema_creation.py
[2023-12-12T21:37:00.419+0000] {processor.py:179} INFO - Processing /opt/airflow/dags/clean_up_after_star_schema_creation.py took 0.016 seconds
[2023-12-12T21:37:30.966+0000] {processor.py:157} INFO - Started process (PID=3085) to work on /opt/airflow/dags/clean_up_after_star_schema_creation.py
[2023-12-12T21:37:30.967+0000] {processor.py:829} INFO - Processing file /opt/airflow/dags/clean_up_after_star_schema_creation.py for tasks to queue
[2023-12-12T21:37:30.968+0000] {logging_mixin.py:154} INFO - [2023-12-12T21:37:30.967+0000] {dagbag.py:536} INFO - Filling up the DagBag from /opt/airflow/dags/clean_up_after_star_schema_creation.py
[2023-12-12T21:37:30.972+0000] {processor.py:841} WARNING - No viable dags retrieved from /opt/airflow/dags/clean_up_after_star_schema_creation.py
[2023-12-12T21:37:30.981+0000] {processor.py:179} INFO - Processing /opt/airflow/dags/clean_up_after_star_schema_creation.py took 0.017 seconds
[2023-12-12T21:38:01.514+0000] {processor.py:157} INFO - Started process (PID=3133) to work on /opt/airflow/dags/clean_up_after_star_schema_creation.py
[2023-12-12T21:38:01.515+0000] {processor.py:829} INFO - Processing file /opt/airflow/dags/clean_up_after_star_schema_creation.py for tasks to queue
[2023-12-12T21:38:01.516+0000] {logging_mixin.py:154} INFO - [2023-12-12T21:38:01.515+0000] {dagbag.py:536} INFO - Filling up the DagBag from /opt/airflow/dags/clean_up_after_star_schema_creation.py
[2023-12-12T21:38:01.519+0000] {processor.py:841} WARNING - No viable dags retrieved from /opt/airflow/dags/clean_up_after_star_schema_creation.py
[2023-12-12T21:38:01.529+0000] {processor.py:179} INFO - Processing /opt/airflow/dags/clean_up_after_star_schema_creation.py took 0.017 seconds
[2023-12-12T21:38:31.990+0000] {processor.py:157} INFO - Started process (PID=3188) to work on /opt/airflow/dags/clean_up_after_star_schema_creation.py
[2023-12-12T21:38:31.991+0000] {processor.py:829} INFO - Processing file /opt/airflow/dags/clean_up_after_star_schema_creation.py for tasks to queue
[2023-12-12T21:38:31.992+0000] {logging_mixin.py:154} INFO - [2023-12-12T21:38:31.992+0000] {dagbag.py:536} INFO - Filling up the DagBag from /opt/airflow/dags/clean_up_after_star_schema_creation.py
[2023-12-12T21:38:31.997+0000] {processor.py:841} WARNING - No viable dags retrieved from /opt/airflow/dags/clean_up_after_star_schema_creation.py
[2023-12-12T21:38:32.009+0000] {processor.py:179} INFO - Processing /opt/airflow/dags/clean_up_after_star_schema_creation.py took 0.021 seconds
[2023-12-12T21:39:02.445+0000] {processor.py:157} INFO - Started process (PID=3236) to work on /opt/airflow/dags/clean_up_after_star_schema_creation.py
[2023-12-12T21:39:02.446+0000] {processor.py:829} INFO - Processing file /opt/airflow/dags/clean_up_after_star_schema_creation.py for tasks to queue
[2023-12-12T21:39:02.447+0000] {logging_mixin.py:154} INFO - [2023-12-12T21:39:02.447+0000] {dagbag.py:536} INFO - Filling up the DagBag from /opt/airflow/dags/clean_up_after_star_schema_creation.py
[2023-12-12T21:39:02.451+0000] {processor.py:841} WARNING - No viable dags retrieved from /opt/airflow/dags/clean_up_after_star_schema_creation.py
[2023-12-12T21:39:02.462+0000] {processor.py:179} INFO - Processing /opt/airflow/dags/clean_up_after_star_schema_creation.py took 0.020 seconds
[2023-12-12T21:39:32.968+0000] {processor.py:157} INFO - Started process (PID=3284) to work on /opt/airflow/dags/clean_up_after_star_schema_creation.py
[2023-12-12T21:39:32.969+0000] {processor.py:829} INFO - Processing file /opt/airflow/dags/clean_up_after_star_schema_creation.py for tasks to queue
[2023-12-12T21:39:32.969+0000] {logging_mixin.py:154} INFO - [2023-12-12T21:39:32.969+0000] {dagbag.py:536} INFO - Filling up the DagBag from /opt/airflow/dags/clean_up_after_star_schema_creation.py
[2023-12-12T21:39:32.973+0000] {processor.py:841} WARNING - No viable dags retrieved from /opt/airflow/dags/clean_up_after_star_schema_creation.py
[2023-12-12T21:39:32.982+0000] {processor.py:179} INFO - Processing /opt/airflow/dags/clean_up_after_star_schema_creation.py took 0.016 seconds
[2023-12-12T21:40:03.440+0000] {processor.py:157} INFO - Started process (PID=3332) to work on /opt/airflow/dags/clean_up_after_star_schema_creation.py
[2023-12-12T21:40:03.441+0000] {processor.py:829} INFO - Processing file /opt/airflow/dags/clean_up_after_star_schema_creation.py for tasks to queue
[2023-12-12T21:40:03.442+0000] {logging_mixin.py:154} INFO - [2023-12-12T21:40:03.441+0000] {dagbag.py:536} INFO - Filling up the DagBag from /opt/airflow/dags/clean_up_after_star_schema_creation.py
[2023-12-12T21:40:03.445+0000] {processor.py:841} WARNING - No viable dags retrieved from /opt/airflow/dags/clean_up_after_star_schema_creation.py
[2023-12-12T21:40:03.455+0000] {processor.py:179} INFO - Processing /opt/airflow/dags/clean_up_after_star_schema_creation.py took 0.017 seconds
[2023-12-12T21:40:34.030+0000] {processor.py:157} INFO - Started process (PID=3380) to work on /opt/airflow/dags/clean_up_after_star_schema_creation.py
[2023-12-12T21:40:34.030+0000] {processor.py:829} INFO - Processing file /opt/airflow/dags/clean_up_after_star_schema_creation.py for tasks to queue
[2023-12-12T21:40:34.031+0000] {logging_mixin.py:154} INFO - [2023-12-12T21:40:34.030+0000] {dagbag.py:536} INFO - Filling up the DagBag from /opt/airflow/dags/clean_up_after_star_schema_creation.py
[2023-12-12T21:40:34.034+0000] {processor.py:841} WARNING - No viable dags retrieved from /opt/airflow/dags/clean_up_after_star_schema_creation.py
[2023-12-12T21:40:34.044+0000] {processor.py:179} INFO - Processing /opt/airflow/dags/clean_up_after_star_schema_creation.py took 0.016 seconds
[2023-12-12T21:41:04.615+0000] {processor.py:157} INFO - Started process (PID=3431) to work on /opt/airflow/dags/clean_up_after_star_schema_creation.py
[2023-12-12T21:41:04.615+0000] {processor.py:829} INFO - Processing file /opt/airflow/dags/clean_up_after_star_schema_creation.py for tasks to queue
[2023-12-12T21:41:04.616+0000] {logging_mixin.py:154} INFO - [2023-12-12T21:41:04.616+0000] {dagbag.py:536} INFO - Filling up the DagBag from /opt/airflow/dags/clean_up_after_star_schema_creation.py
[2023-12-12T21:41:04.620+0000] {processor.py:841} WARNING - No viable dags retrieved from /opt/airflow/dags/clean_up_after_star_schema_creation.py
[2023-12-12T21:41:04.630+0000] {processor.py:179} INFO - Processing /opt/airflow/dags/clean_up_after_star_schema_creation.py took 0.017 seconds
[2023-12-12T21:41:35.194+0000] {processor.py:157} INFO - Started process (PID=3479) to work on /opt/airflow/dags/clean_up_after_star_schema_creation.py
[2023-12-12T21:41:35.195+0000] {processor.py:829} INFO - Processing file /opt/airflow/dags/clean_up_after_star_schema_creation.py for tasks to queue
[2023-12-12T21:41:35.196+0000] {logging_mixin.py:154} INFO - [2023-12-12T21:41:35.196+0000] {dagbag.py:536} INFO - Filling up the DagBag from /opt/airflow/dags/clean_up_after_star_schema_creation.py
[2023-12-12T21:41:35.200+0000] {processor.py:841} WARNING - No viable dags retrieved from /opt/airflow/dags/clean_up_after_star_schema_creation.py
[2023-12-12T21:41:35.211+0000] {processor.py:179} INFO - Processing /opt/airflow/dags/clean_up_after_star_schema_creation.py took 0.019 seconds
[2023-12-12T21:42:05.723+0000] {processor.py:157} INFO - Started process (PID=3527) to work on /opt/airflow/dags/clean_up_after_star_schema_creation.py
[2023-12-12T21:42:05.724+0000] {processor.py:829} INFO - Processing file /opt/airflow/dags/clean_up_after_star_schema_creation.py for tasks to queue
[2023-12-12T21:42:05.724+0000] {logging_mixin.py:154} INFO - [2023-12-12T21:42:05.724+0000] {dagbag.py:536} INFO - Filling up the DagBag from /opt/airflow/dags/clean_up_after_star_schema_creation.py
[2023-12-12T21:42:05.728+0000] {processor.py:841} WARNING - No viable dags retrieved from /opt/airflow/dags/clean_up_after_star_schema_creation.py
[2023-12-12T21:42:05.738+0000] {processor.py:179} INFO - Processing /opt/airflow/dags/clean_up_after_star_schema_creation.py took 0.017 seconds
[2023-12-12T21:42:36.218+0000] {processor.py:157} INFO - Started process (PID=3575) to work on /opt/airflow/dags/clean_up_after_star_schema_creation.py
[2023-12-12T21:42:36.218+0000] {processor.py:829} INFO - Processing file /opt/airflow/dags/clean_up_after_star_schema_creation.py for tasks to queue
[2023-12-12T21:42:36.219+0000] {logging_mixin.py:154} INFO - [2023-12-12T21:42:36.219+0000] {dagbag.py:536} INFO - Filling up the DagBag from /opt/airflow/dags/clean_up_after_star_schema_creation.py
[2023-12-12T21:42:36.222+0000] {processor.py:841} WARNING - No viable dags retrieved from /opt/airflow/dags/clean_up_after_star_schema_creation.py
[2023-12-12T21:42:36.232+0000] {processor.py:179} INFO - Processing /opt/airflow/dags/clean_up_after_star_schema_creation.py took 0.017 seconds
[2023-12-12T21:43:06.744+0000] {processor.py:157} INFO - Started process (PID=3623) to work on /opt/airflow/dags/clean_up_after_star_schema_creation.py
[2023-12-12T21:43:06.745+0000] {processor.py:829} INFO - Processing file /opt/airflow/dags/clean_up_after_star_schema_creation.py for tasks to queue
[2023-12-12T21:43:06.745+0000] {logging_mixin.py:154} INFO - [2023-12-12T21:43:06.745+0000] {dagbag.py:536} INFO - Filling up the DagBag from /opt/airflow/dags/clean_up_after_star_schema_creation.py
[2023-12-12T21:43:06.749+0000] {processor.py:841} WARNING - No viable dags retrieved from /opt/airflow/dags/clean_up_after_star_schema_creation.py
[2023-12-12T21:43:06.759+0000] {processor.py:179} INFO - Processing /opt/airflow/dags/clean_up_after_star_schema_creation.py took 0.017 seconds
[2023-12-12T21:43:37.343+0000] {processor.py:157} INFO - Started process (PID=3671) to work on /opt/airflow/dags/clean_up_after_star_schema_creation.py
[2023-12-12T21:43:37.344+0000] {processor.py:829} INFO - Processing file /opt/airflow/dags/clean_up_after_star_schema_creation.py for tasks to queue
[2023-12-12T21:43:37.344+0000] {logging_mixin.py:154} INFO - [2023-12-12T21:43:37.344+0000] {dagbag.py:536} INFO - Filling up the DagBag from /opt/airflow/dags/clean_up_after_star_schema_creation.py
[2023-12-12T21:43:37.348+0000] {processor.py:841} WARNING - No viable dags retrieved from /opt/airflow/dags/clean_up_after_star_schema_creation.py
[2023-12-12T21:43:37.358+0000] {processor.py:179} INFO - Processing /opt/airflow/dags/clean_up_after_star_schema_creation.py took 0.017 seconds
[2023-12-12T21:44:07.865+0000] {processor.py:157} INFO - Started process (PID=3719) to work on /opt/airflow/dags/clean_up_after_star_schema_creation.py
[2023-12-12T21:44:07.866+0000] {processor.py:829} INFO - Processing file /opt/airflow/dags/clean_up_after_star_schema_creation.py for tasks to queue
[2023-12-12T21:44:07.866+0000] {logging_mixin.py:154} INFO - [2023-12-12T21:44:07.866+0000] {dagbag.py:536} INFO - Filling up the DagBag from /opt/airflow/dags/clean_up_after_star_schema_creation.py
[2023-12-12T21:44:07.870+0000] {processor.py:841} WARNING - No viable dags retrieved from /opt/airflow/dags/clean_up_after_star_schema_creation.py
[2023-12-12T21:44:07.880+0000] {processor.py:179} INFO - Processing /opt/airflow/dags/clean_up_after_star_schema_creation.py took 0.017 seconds
[2023-12-12T21:44:38.396+0000] {processor.py:157} INFO - Started process (PID=3767) to work on /opt/airflow/dags/clean_up_after_star_schema_creation.py
[2023-12-12T21:44:38.397+0000] {processor.py:829} INFO - Processing file /opt/airflow/dags/clean_up_after_star_schema_creation.py for tasks to queue
[2023-12-12T21:44:38.398+0000] {logging_mixin.py:154} INFO - [2023-12-12T21:44:38.397+0000] {dagbag.py:536} INFO - Filling up the DagBag from /opt/airflow/dags/clean_up_after_star_schema_creation.py
[2023-12-12T21:44:38.401+0000] {processor.py:841} WARNING - No viable dags retrieved from /opt/airflow/dags/clean_up_after_star_schema_creation.py
[2023-12-12T21:44:38.411+0000] {processor.py:179} INFO - Processing /opt/airflow/dags/clean_up_after_star_schema_creation.py took 0.016 seconds
[2023-12-12T21:45:08.942+0000] {processor.py:157} INFO - Started process (PID=3815) to work on /opt/airflow/dags/clean_up_after_star_schema_creation.py
[2023-12-12T21:45:08.943+0000] {processor.py:829} INFO - Processing file /opt/airflow/dags/clean_up_after_star_schema_creation.py for tasks to queue
[2023-12-12T21:45:08.943+0000] {logging_mixin.py:154} INFO - [2023-12-12T21:45:08.943+0000] {dagbag.py:536} INFO - Filling up the DagBag from /opt/airflow/dags/clean_up_after_star_schema_creation.py
[2023-12-12T21:45:08.947+0000] {processor.py:841} WARNING - No viable dags retrieved from /opt/airflow/dags/clean_up_after_star_schema_creation.py
[2023-12-12T21:45:08.956+0000] {processor.py:179} INFO - Processing /opt/airflow/dags/clean_up_after_star_schema_creation.py took 0.017 seconds
[2023-12-12T21:45:39.441+0000] {processor.py:157} INFO - Started process (PID=3863) to work on /opt/airflow/dags/clean_up_after_star_schema_creation.py
[2023-12-12T21:45:39.442+0000] {processor.py:829} INFO - Processing file /opt/airflow/dags/clean_up_after_star_schema_creation.py for tasks to queue
[2023-12-12T21:45:39.442+0000] {logging_mixin.py:154} INFO - [2023-12-12T21:45:39.442+0000] {dagbag.py:536} INFO - Filling up the DagBag from /opt/airflow/dags/clean_up_after_star_schema_creation.py
[2023-12-12T21:45:39.446+0000] {processor.py:841} WARNING - No viable dags retrieved from /opt/airflow/dags/clean_up_after_star_schema_creation.py
[2023-12-12T21:45:39.456+0000] {processor.py:179} INFO - Processing /opt/airflow/dags/clean_up_after_star_schema_creation.py took 0.017 seconds
[2023-12-12T21:46:09.978+0000] {processor.py:157} INFO - Started process (PID=3911) to work on /opt/airflow/dags/clean_up_after_star_schema_creation.py
[2023-12-12T21:46:09.978+0000] {processor.py:829} INFO - Processing file /opt/airflow/dags/clean_up_after_star_schema_creation.py for tasks to queue
[2023-12-12T21:46:09.979+0000] {logging_mixin.py:154} INFO - [2023-12-12T21:46:09.979+0000] {dagbag.py:536} INFO - Filling up the DagBag from /opt/airflow/dags/clean_up_after_star_schema_creation.py
[2023-12-12T21:46:09.982+0000] {processor.py:841} WARNING - No viable dags retrieved from /opt/airflow/dags/clean_up_after_star_schema_creation.py
[2023-12-12T21:46:09.993+0000] {processor.py:179} INFO - Processing /opt/airflow/dags/clean_up_after_star_schema_creation.py took 0.017 seconds
[2023-12-12T21:46:40.538+0000] {processor.py:157} INFO - Started process (PID=4070) to work on /opt/airflow/dags/clean_up_after_star_schema_creation.py
[2023-12-12T21:46:40.539+0000] {processor.py:829} INFO - Processing file /opt/airflow/dags/clean_up_after_star_schema_creation.py for tasks to queue
[2023-12-12T21:46:40.539+0000] {logging_mixin.py:154} INFO - [2023-12-12T21:46:40.539+0000] {dagbag.py:536} INFO - Filling up the DagBag from /opt/airflow/dags/clean_up_after_star_schema_creation.py
[2023-12-12T21:46:40.543+0000] {processor.py:841} WARNING - No viable dags retrieved from /opt/airflow/dags/clean_up_after_star_schema_creation.py
[2023-12-12T21:46:40.553+0000] {processor.py:179} INFO - Processing /opt/airflow/dags/clean_up_after_star_schema_creation.py took 0.018 seconds
[2023-12-12T21:47:11.050+0000] {processor.py:157} INFO - Started process (PID=4118) to work on /opt/airflow/dags/clean_up_after_star_schema_creation.py
[2023-12-12T21:47:11.050+0000] {processor.py:829} INFO - Processing file /opt/airflow/dags/clean_up_after_star_schema_creation.py for tasks to queue
[2023-12-12T21:47:11.051+0000] {logging_mixin.py:154} INFO - [2023-12-12T21:47:11.051+0000] {dagbag.py:536} INFO - Filling up the DagBag from /opt/airflow/dags/clean_up_after_star_schema_creation.py
[2023-12-12T21:47:11.055+0000] {processor.py:841} WARNING - No viable dags retrieved from /opt/airflow/dags/clean_up_after_star_schema_creation.py
[2023-12-12T21:47:11.065+0000] {processor.py:179} INFO - Processing /opt/airflow/dags/clean_up_after_star_schema_creation.py took 0.017 seconds
[2023-12-12T21:47:41.580+0000] {processor.py:157} INFO - Started process (PID=4166) to work on /opt/airflow/dags/clean_up_after_star_schema_creation.py
[2023-12-12T21:47:41.581+0000] {processor.py:829} INFO - Processing file /opt/airflow/dags/clean_up_after_star_schema_creation.py for tasks to queue
[2023-12-12T21:47:41.581+0000] {logging_mixin.py:154} INFO - [2023-12-12T21:47:41.581+0000] {dagbag.py:536} INFO - Filling up the DagBag from /opt/airflow/dags/clean_up_after_star_schema_creation.py
[2023-12-12T21:47:41.585+0000] {processor.py:841} WARNING - No viable dags retrieved from /opt/airflow/dags/clean_up_after_star_schema_creation.py
[2023-12-12T21:47:41.595+0000] {processor.py:179} INFO - Processing /opt/airflow/dags/clean_up_after_star_schema_creation.py took 0.017 seconds
[2023-12-12T21:48:12.136+0000] {processor.py:157} INFO - Started process (PID=4214) to work on /opt/airflow/dags/clean_up_after_star_schema_creation.py
[2023-12-12T21:48:12.137+0000] {processor.py:829} INFO - Processing file /opt/airflow/dags/clean_up_after_star_schema_creation.py for tasks to queue
[2023-12-12T21:48:12.138+0000] {logging_mixin.py:154} INFO - [2023-12-12T21:48:12.137+0000] {dagbag.py:536} INFO - Filling up the DagBag from /opt/airflow/dags/clean_up_after_star_schema_creation.py
[2023-12-12T21:48:12.142+0000] {processor.py:841} WARNING - No viable dags retrieved from /opt/airflow/dags/clean_up_after_star_schema_creation.py
[2023-12-12T21:48:12.151+0000] {processor.py:179} INFO - Processing /opt/airflow/dags/clean_up_after_star_schema_creation.py took 0.017 seconds
[2023-12-12T21:48:42.605+0000] {processor.py:157} INFO - Started process (PID=4262) to work on /opt/airflow/dags/clean_up_after_star_schema_creation.py
[2023-12-12T21:48:42.606+0000] {processor.py:829} INFO - Processing file /opt/airflow/dags/clean_up_after_star_schema_creation.py for tasks to queue
[2023-12-12T21:48:42.607+0000] {logging_mixin.py:154} INFO - [2023-12-12T21:48:42.606+0000] {dagbag.py:536} INFO - Filling up the DagBag from /opt/airflow/dags/clean_up_after_star_schema_creation.py
[2023-12-12T21:48:42.610+0000] {processor.py:841} WARNING - No viable dags retrieved from /opt/airflow/dags/clean_up_after_star_schema_creation.py
[2023-12-12T21:48:42.620+0000] {processor.py:179} INFO - Processing /opt/airflow/dags/clean_up_after_star_schema_creation.py took 0.017 seconds
[2023-12-12T21:49:13.171+0000] {processor.py:157} INFO - Started process (PID=4310) to work on /opt/airflow/dags/clean_up_after_star_schema_creation.py
[2023-12-12T21:49:13.172+0000] {processor.py:829} INFO - Processing file /opt/airflow/dags/clean_up_after_star_schema_creation.py for tasks to queue
[2023-12-12T21:49:13.172+0000] {logging_mixin.py:154} INFO - [2023-12-12T21:49:13.172+0000] {dagbag.py:536} INFO - Filling up the DagBag from /opt/airflow/dags/clean_up_after_star_schema_creation.py
[2023-12-12T21:49:13.176+0000] {processor.py:841} WARNING - No viable dags retrieved from /opt/airflow/dags/clean_up_after_star_schema_creation.py
[2023-12-12T21:49:13.186+0000] {processor.py:179} INFO - Processing /opt/airflow/dags/clean_up_after_star_schema_creation.py took 0.017 seconds
[2023-12-12T21:49:43.682+0000] {processor.py:157} INFO - Started process (PID=4358) to work on /opt/airflow/dags/clean_up_after_star_schema_creation.py
[2023-12-12T21:49:43.682+0000] {processor.py:829} INFO - Processing file /opt/airflow/dags/clean_up_after_star_schema_creation.py for tasks to queue
[2023-12-12T21:49:43.683+0000] {logging_mixin.py:154} INFO - [2023-12-12T21:49:43.682+0000] {dagbag.py:536} INFO - Filling up the DagBag from /opt/airflow/dags/clean_up_after_star_schema_creation.py
[2023-12-12T21:49:43.686+0000] {processor.py:841} WARNING - No viable dags retrieved from /opt/airflow/dags/clean_up_after_star_schema_creation.py
[2023-12-12T21:49:43.695+0000] {processor.py:179} INFO - Processing /opt/airflow/dags/clean_up_after_star_schema_creation.py took 0.015 seconds
