[2023-12-12T21:10:04.552+0000] {processor.py:157} INFO - Started process (PID=202) to work on /opt/airflow/dags/create_star_schema_part_1.py
[2023-12-12T21:10:04.553+0000] {processor.py:829} INFO - Processing file /opt/airflow/dags/create_star_schema_part_1.py for tasks to queue
[2023-12-12T21:10:04.554+0000] {logging_mixin.py:154} INFO - [2023-12-12T21:10:04.553+0000] {dagbag.py:536} INFO - Filling up the DagBag from /opt/airflow/dags/create_star_schema_part_1.py
[2023-12-12T21:10:04.557+0000] {processor.py:841} WARNING - No viable dags retrieved from /opt/airflow/dags/create_star_schema_part_1.py
[2023-12-12T21:10:04.567+0000] {processor.py:179} INFO - Processing /opt/airflow/dags/create_star_schema_part_1.py took 0.016 seconds
[2023-12-12T21:10:34.869+0000] {processor.py:157} INFO - Started process (PID=246) to work on /opt/airflow/dags/create_star_schema_part_1.py
[2023-12-12T21:10:34.870+0000] {processor.py:829} INFO - Processing file /opt/airflow/dags/create_star_schema_part_1.py for tasks to queue
[2023-12-12T21:10:34.870+0000] {logging_mixin.py:154} INFO - [2023-12-12T21:10:34.870+0000] {dagbag.py:536} INFO - Filling up the DagBag from /opt/airflow/dags/create_star_schema_part_1.py
[2023-12-12T21:10:34.874+0000] {processor.py:841} WARNING - No viable dags retrieved from /opt/airflow/dags/create_star_schema_part_1.py
[2023-12-12T21:10:34.882+0000] {processor.py:179} INFO - Processing /opt/airflow/dags/create_star_schema_part_1.py took 0.015 seconds
[2023-12-12T21:11:05.372+0000] {processor.py:157} INFO - Started process (PID=294) to work on /opt/airflow/dags/create_star_schema_part_1.py
[2023-12-12T21:11:05.372+0000] {processor.py:829} INFO - Processing file /opt/airflow/dags/create_star_schema_part_1.py for tasks to queue
[2023-12-12T21:11:05.373+0000] {logging_mixin.py:154} INFO - [2023-12-12T21:11:05.373+0000] {dagbag.py:536} INFO - Filling up the DagBag from /opt/airflow/dags/create_star_schema_part_1.py
[2023-12-12T21:11:05.376+0000] {processor.py:841} WARNING - No viable dags retrieved from /opt/airflow/dags/create_star_schema_part_1.py
[2023-12-12T21:11:05.385+0000] {processor.py:179} INFO - Processing /opt/airflow/dags/create_star_schema_part_1.py took 0.015 seconds
[2023-12-12T21:11:35.783+0000] {processor.py:157} INFO - Started process (PID=354) to work on /opt/airflow/dags/create_star_schema_part_1.py
[2023-12-12T21:11:35.784+0000] {processor.py:829} INFO - Processing file /opt/airflow/dags/create_star_schema_part_1.py for tasks to queue
[2023-12-12T21:11:35.784+0000] {logging_mixin.py:154} INFO - [2023-12-12T21:11:35.784+0000] {dagbag.py:536} INFO - Filling up the DagBag from /opt/airflow/dags/create_star_schema_part_1.py
[2023-12-12T21:11:35.788+0000] {processor.py:841} WARNING - No viable dags retrieved from /opt/airflow/dags/create_star_schema_part_1.py
[2023-12-12T21:11:35.797+0000] {processor.py:179} INFO - Processing /opt/airflow/dags/create_star_schema_part_1.py took 0.015 seconds
[2023-12-12T21:12:06.345+0000] {processor.py:157} INFO - Started process (PID=402) to work on /opt/airflow/dags/create_star_schema_part_1.py
[2023-12-12T21:12:06.345+0000] {processor.py:829} INFO - Processing file /opt/airflow/dags/create_star_schema_part_1.py for tasks to queue
[2023-12-12T21:12:06.346+0000] {logging_mixin.py:154} INFO - [2023-12-12T21:12:06.346+0000] {dagbag.py:536} INFO - Filling up the DagBag from /opt/airflow/dags/create_star_schema_part_1.py
[2023-12-12T21:12:06.349+0000] {processor.py:841} WARNING - No viable dags retrieved from /opt/airflow/dags/create_star_schema_part_1.py
[2023-12-12T21:12:06.358+0000] {processor.py:179} INFO - Processing /opt/airflow/dags/create_star_schema_part_1.py took 0.015 seconds
[2023-12-12T21:12:36.890+0000] {processor.py:157} INFO - Started process (PID=459) to work on /opt/airflow/dags/create_star_schema_part_1.py
[2023-12-12T21:12:36.891+0000] {processor.py:829} INFO - Processing file /opt/airflow/dags/create_star_schema_part_1.py for tasks to queue
[2023-12-12T21:12:36.891+0000] {logging_mixin.py:154} INFO - [2023-12-12T21:12:36.891+0000] {dagbag.py:536} INFO - Filling up the DagBag from /opt/airflow/dags/create_star_schema_part_1.py
[2023-12-12T21:12:36.895+0000] {processor.py:841} WARNING - No viable dags retrieved from /opt/airflow/dags/create_star_schema_part_1.py
[2023-12-12T21:12:36.904+0000] {processor.py:179} INFO - Processing /opt/airflow/dags/create_star_schema_part_1.py took 0.015 seconds
[2023-12-12T21:13:07.429+0000] {processor.py:157} INFO - Started process (PID=507) to work on /opt/airflow/dags/create_star_schema_part_1.py
[2023-12-12T21:13:07.430+0000] {processor.py:829} INFO - Processing file /opt/airflow/dags/create_star_schema_part_1.py for tasks to queue
[2023-12-12T21:13:07.430+0000] {logging_mixin.py:154} INFO - [2023-12-12T21:13:07.430+0000] {dagbag.py:536} INFO - Filling up the DagBag from /opt/airflow/dags/create_star_schema_part_1.py
[2023-12-12T21:13:07.434+0000] {processor.py:841} WARNING - No viable dags retrieved from /opt/airflow/dags/create_star_schema_part_1.py
[2023-12-12T21:13:07.443+0000] {processor.py:179} INFO - Processing /opt/airflow/dags/create_star_schema_part_1.py took 0.015 seconds
[2023-12-12T21:13:37.927+0000] {processor.py:157} INFO - Started process (PID=555) to work on /opt/airflow/dags/create_star_schema_part_1.py
[2023-12-12T21:13:37.927+0000] {processor.py:829} INFO - Processing file /opt/airflow/dags/create_star_schema_part_1.py for tasks to queue
[2023-12-12T21:13:37.928+0000] {logging_mixin.py:154} INFO - [2023-12-12T21:13:37.927+0000] {dagbag.py:536} INFO - Filling up the DagBag from /opt/airflow/dags/create_star_schema_part_1.py
[2023-12-12T21:13:37.931+0000] {processor.py:841} WARNING - No viable dags retrieved from /opt/airflow/dags/create_star_schema_part_1.py
[2023-12-12T21:13:37.940+0000] {processor.py:179} INFO - Processing /opt/airflow/dags/create_star_schema_part_1.py took 0.015 seconds
[2023-12-12T21:14:08.401+0000] {processor.py:157} INFO - Started process (PID=603) to work on /opt/airflow/dags/create_star_schema_part_1.py
[2023-12-12T21:14:08.401+0000] {processor.py:829} INFO - Processing file /opt/airflow/dags/create_star_schema_part_1.py for tasks to queue
[2023-12-12T21:14:08.402+0000] {logging_mixin.py:154} INFO - [2023-12-12T21:14:08.402+0000] {dagbag.py:536} INFO - Filling up the DagBag from /opt/airflow/dags/create_star_schema_part_1.py
[2023-12-12T21:14:08.405+0000] {processor.py:841} WARNING - No viable dags retrieved from /opt/airflow/dags/create_star_schema_part_1.py
[2023-12-12T21:14:08.414+0000] {processor.py:179} INFO - Processing /opt/airflow/dags/create_star_schema_part_1.py took 0.015 seconds
[2023-12-12T21:14:38.847+0000] {processor.py:157} INFO - Started process (PID=654) to work on /opt/airflow/dags/create_star_schema_part_1.py
[2023-12-12T21:14:38.848+0000] {processor.py:829} INFO - Processing file /opt/airflow/dags/create_star_schema_part_1.py for tasks to queue
[2023-12-12T21:14:38.848+0000] {logging_mixin.py:154} INFO - [2023-12-12T21:14:38.848+0000] {dagbag.py:536} INFO - Filling up the DagBag from /opt/airflow/dags/create_star_schema_part_1.py
[2023-12-12T21:14:38.852+0000] {processor.py:841} WARNING - No viable dags retrieved from /opt/airflow/dags/create_star_schema_part_1.py
[2023-12-12T21:14:38.861+0000] {processor.py:179} INFO - Processing /opt/airflow/dags/create_star_schema_part_1.py took 0.015 seconds
[2023-12-12T21:15:09.344+0000] {processor.py:157} INFO - Started process (PID=702) to work on /opt/airflow/dags/create_star_schema_part_1.py
[2023-12-12T21:15:09.345+0000] {processor.py:829} INFO - Processing file /opt/airflow/dags/create_star_schema_part_1.py for tasks to queue
[2023-12-12T21:15:09.345+0000] {logging_mixin.py:154} INFO - [2023-12-12T21:15:09.345+0000] {dagbag.py:536} INFO - Filling up the DagBag from /opt/airflow/dags/create_star_schema_part_1.py
[2023-12-12T21:15:09.350+0000] {processor.py:841} WARNING - No viable dags retrieved from /opt/airflow/dags/create_star_schema_part_1.py
[2023-12-12T21:15:09.359+0000] {processor.py:179} INFO - Processing /opt/airflow/dags/create_star_schema_part_1.py took 0.017 seconds
[2023-12-12T21:15:39.834+0000] {processor.py:157} INFO - Started process (PID=750) to work on /opt/airflow/dags/create_star_schema_part_1.py
[2023-12-12T21:15:39.834+0000] {processor.py:829} INFO - Processing file /opt/airflow/dags/create_star_schema_part_1.py for tasks to queue
[2023-12-12T21:15:39.835+0000] {logging_mixin.py:154} INFO - [2023-12-12T21:15:39.835+0000] {dagbag.py:536} INFO - Filling up the DagBag from /opt/airflow/dags/create_star_schema_part_1.py
[2023-12-12T21:15:39.839+0000] {processor.py:841} WARNING - No viable dags retrieved from /opt/airflow/dags/create_star_schema_part_1.py
[2023-12-12T21:15:39.848+0000] {processor.py:179} INFO - Processing /opt/airflow/dags/create_star_schema_part_1.py took 0.016 seconds
[2023-12-12T21:16:10.366+0000] {processor.py:157} INFO - Started process (PID=798) to work on /opt/airflow/dags/create_star_schema_part_1.py
[2023-12-12T21:16:10.367+0000] {processor.py:829} INFO - Processing file /opt/airflow/dags/create_star_schema_part_1.py for tasks to queue
[2023-12-12T21:16:10.367+0000] {logging_mixin.py:154} INFO - [2023-12-12T21:16:10.367+0000] {dagbag.py:536} INFO - Filling up the DagBag from /opt/airflow/dags/create_star_schema_part_1.py
[2023-12-12T21:16:10.371+0000] {processor.py:841} WARNING - No viable dags retrieved from /opt/airflow/dags/create_star_schema_part_1.py
[2023-12-12T21:16:10.380+0000] {processor.py:179} INFO - Processing /opt/airflow/dags/create_star_schema_part_1.py took 0.015 seconds
[2023-12-12T21:16:40.877+0000] {processor.py:157} INFO - Started process (PID=846) to work on /opt/airflow/dags/create_star_schema_part_1.py
[2023-12-12T21:16:40.878+0000] {processor.py:829} INFO - Processing file /opt/airflow/dags/create_star_schema_part_1.py for tasks to queue
[2023-12-12T21:16:40.878+0000] {logging_mixin.py:154} INFO - [2023-12-12T21:16:40.878+0000] {dagbag.py:536} INFO - Filling up the DagBag from /opt/airflow/dags/create_star_schema_part_1.py
[2023-12-12T21:16:40.882+0000] {processor.py:841} WARNING - No viable dags retrieved from /opt/airflow/dags/create_star_schema_part_1.py
[2023-12-12T21:16:40.891+0000] {processor.py:179} INFO - Processing /opt/airflow/dags/create_star_schema_part_1.py took 0.015 seconds
[2023-12-12T21:17:11.119+0000] {processor.py:157} INFO - Started process (PID=914) to work on /opt/airflow/dags/create_star_schema_part_1.py
[2023-12-12T21:17:11.119+0000] {processor.py:829} INFO - Processing file /opt/airflow/dags/create_star_schema_part_1.py for tasks to queue
[2023-12-12T21:17:11.120+0000] {logging_mixin.py:154} INFO - [2023-12-12T21:17:11.120+0000] {dagbag.py:536} INFO - Filling up the DagBag from /opt/airflow/dags/create_star_schema_part_1.py
[2023-12-12T21:17:11.123+0000] {processor.py:841} WARNING - No viable dags retrieved from /opt/airflow/dags/create_star_schema_part_1.py
[2023-12-12T21:17:11.134+0000] {processor.py:179} INFO - Processing /opt/airflow/dags/create_star_schema_part_1.py took 0.018 seconds
[2023-12-12T21:17:41.549+0000] {processor.py:157} INFO - Started process (PID=987) to work on /opt/airflow/dags/create_star_schema_part_1.py
[2023-12-12T21:17:41.549+0000] {processor.py:829} INFO - Processing file /opt/airflow/dags/create_star_schema_part_1.py for tasks to queue
[2023-12-12T21:17:41.550+0000] {logging_mixin.py:154} INFO - [2023-12-12T21:17:41.549+0000] {dagbag.py:536} INFO - Filling up the DagBag from /opt/airflow/dags/create_star_schema_part_1.py
[2023-12-12T21:17:41.553+0000] {processor.py:841} WARNING - No viable dags retrieved from /opt/airflow/dags/create_star_schema_part_1.py
[2023-12-12T21:17:41.562+0000] {processor.py:179} INFO - Processing /opt/airflow/dags/create_star_schema_part_1.py took 0.015 seconds
[2023-12-12T21:18:12.068+0000] {processor.py:157} INFO - Started process (PID=1035) to work on /opt/airflow/dags/create_star_schema_part_1.py
[2023-12-12T21:18:12.068+0000] {processor.py:829} INFO - Processing file /opt/airflow/dags/create_star_schema_part_1.py for tasks to queue
[2023-12-12T21:18:12.069+0000] {logging_mixin.py:154} INFO - [2023-12-12T21:18:12.069+0000] {dagbag.py:536} INFO - Filling up the DagBag from /opt/airflow/dags/create_star_schema_part_1.py
[2023-12-12T21:18:12.073+0000] {processor.py:841} WARNING - No viable dags retrieved from /opt/airflow/dags/create_star_schema_part_1.py
[2023-12-12T21:18:12.081+0000] {processor.py:179} INFO - Processing /opt/airflow/dags/create_star_schema_part_1.py took 0.015 seconds
[2023-12-12T21:18:42.518+0000] {processor.py:157} INFO - Started process (PID=1083) to work on /opt/airflow/dags/create_star_schema_part_1.py
[2023-12-12T21:18:42.518+0000] {processor.py:829} INFO - Processing file /opt/airflow/dags/create_star_schema_part_1.py for tasks to queue
[2023-12-12T21:18:42.519+0000] {logging_mixin.py:154} INFO - [2023-12-12T21:18:42.519+0000] {dagbag.py:536} INFO - Filling up the DagBag from /opt/airflow/dags/create_star_schema_part_1.py
[2023-12-12T21:18:42.522+0000] {processor.py:841} WARNING - No viable dags retrieved from /opt/airflow/dags/create_star_schema_part_1.py
[2023-12-12T21:18:42.531+0000] {processor.py:179} INFO - Processing /opt/airflow/dags/create_star_schema_part_1.py took 0.015 seconds
[2023-12-12T21:19:12.985+0000] {processor.py:157} INFO - Started process (PID=1131) to work on /opt/airflow/dags/create_star_schema_part_1.py
[2023-12-12T21:19:12.986+0000] {processor.py:829} INFO - Processing file /opt/airflow/dags/create_star_schema_part_1.py for tasks to queue
[2023-12-12T21:19:12.986+0000] {logging_mixin.py:154} INFO - [2023-12-12T21:19:12.986+0000] {dagbag.py:536} INFO - Filling up the DagBag from /opt/airflow/dags/create_star_schema_part_1.py
[2023-12-12T21:19:12.990+0000] {processor.py:841} WARNING - No viable dags retrieved from /opt/airflow/dags/create_star_schema_part_1.py
[2023-12-12T21:19:12.999+0000] {processor.py:179} INFO - Processing /opt/airflow/dags/create_star_schema_part_1.py took 0.015 seconds
[2023-12-12T21:19:43.478+0000] {processor.py:157} INFO - Started process (PID=1185) to work on /opt/airflow/dags/create_star_schema_part_1.py
[2023-12-12T21:19:43.479+0000] {processor.py:829} INFO - Processing file /opt/airflow/dags/create_star_schema_part_1.py for tasks to queue
[2023-12-12T21:19:43.479+0000] {logging_mixin.py:154} INFO - [2023-12-12T21:19:43.479+0000] {dagbag.py:536} INFO - Filling up the DagBag from /opt/airflow/dags/create_star_schema_part_1.py
[2023-12-12T21:19:43.483+0000] {processor.py:841} WARNING - No viable dags retrieved from /opt/airflow/dags/create_star_schema_part_1.py
[2023-12-12T21:19:43.492+0000] {processor.py:179} INFO - Processing /opt/airflow/dags/create_star_schema_part_1.py took 0.016 seconds
[2023-12-12T21:20:13.517+0000] {processor.py:157} INFO - Started process (PID=1236) to work on /opt/airflow/dags/create_star_schema_part_1.py
[2023-12-12T21:20:13.518+0000] {processor.py:829} INFO - Processing file /opt/airflow/dags/create_star_schema_part_1.py for tasks to queue
[2023-12-12T21:20:13.518+0000] {logging_mixin.py:154} INFO - [2023-12-12T21:20:13.518+0000] {dagbag.py:536} INFO - Filling up the DagBag from /opt/airflow/dags/create_star_schema_part_1.py
[2023-12-12T21:20:13.522+0000] {processor.py:841} WARNING - No viable dags retrieved from /opt/airflow/dags/create_star_schema_part_1.py
[2023-12-12T21:20:13.531+0000] {processor.py:179} INFO - Processing /opt/airflow/dags/create_star_schema_part_1.py took 0.016 seconds
[2023-12-12T21:20:44.059+0000] {processor.py:157} INFO - Started process (PID=1286) to work on /opt/airflow/dags/create_star_schema_part_1.py
[2023-12-12T21:20:44.060+0000] {processor.py:829} INFO - Processing file /opt/airflow/dags/create_star_schema_part_1.py for tasks to queue
[2023-12-12T21:20:44.060+0000] {logging_mixin.py:154} INFO - [2023-12-12T21:20:44.060+0000] {dagbag.py:536} INFO - Filling up the DagBag from /opt/airflow/dags/create_star_schema_part_1.py
[2023-12-12T21:20:44.064+0000] {processor.py:841} WARNING - No viable dags retrieved from /opt/airflow/dags/create_star_schema_part_1.py
[2023-12-12T21:20:44.073+0000] {processor.py:179} INFO - Processing /opt/airflow/dags/create_star_schema_part_1.py took 0.016 seconds
[2023-12-12T21:21:14.612+0000] {processor.py:157} INFO - Started process (PID=1334) to work on /opt/airflow/dags/create_star_schema_part_1.py
[2023-12-12T21:21:14.613+0000] {processor.py:829} INFO - Processing file /opt/airflow/dags/create_star_schema_part_1.py for tasks to queue
[2023-12-12T21:21:14.614+0000] {logging_mixin.py:154} INFO - [2023-12-12T21:21:14.613+0000] {dagbag.py:536} INFO - Filling up the DagBag from /opt/airflow/dags/create_star_schema_part_1.py
[2023-12-12T21:21:14.617+0000] {processor.py:841} WARNING - No viable dags retrieved from /opt/airflow/dags/create_star_schema_part_1.py
[2023-12-12T21:21:14.626+0000] {processor.py:179} INFO - Processing /opt/airflow/dags/create_star_schema_part_1.py took 0.015 seconds
[2023-12-12T21:21:45.147+0000] {processor.py:157} INFO - Started process (PID=1388) to work on /opt/airflow/dags/create_star_schema_part_1.py
[2023-12-12T21:21:45.147+0000] {processor.py:829} INFO - Processing file /opt/airflow/dags/create_star_schema_part_1.py for tasks to queue
[2023-12-12T21:21:45.148+0000] {logging_mixin.py:154} INFO - [2023-12-12T21:21:45.147+0000] {dagbag.py:536} INFO - Filling up the DagBag from /opt/airflow/dags/create_star_schema_part_1.py
[2023-12-12T21:21:45.151+0000] {processor.py:841} WARNING - No viable dags retrieved from /opt/airflow/dags/create_star_schema_part_1.py
[2023-12-12T21:21:45.160+0000] {processor.py:179} INFO - Processing /opt/airflow/dags/create_star_schema_part_1.py took 0.015 seconds
[2023-12-12T21:22:15.599+0000] {processor.py:157} INFO - Started process (PID=1436) to work on /opt/airflow/dags/create_star_schema_part_1.py
[2023-12-12T21:22:15.599+0000] {processor.py:829} INFO - Processing file /opt/airflow/dags/create_star_schema_part_1.py for tasks to queue
[2023-12-12T21:22:15.600+0000] {logging_mixin.py:154} INFO - [2023-12-12T21:22:15.599+0000] {dagbag.py:536} INFO - Filling up the DagBag from /opt/airflow/dags/create_star_schema_part_1.py
[2023-12-12T21:22:15.603+0000] {processor.py:841} WARNING - No viable dags retrieved from /opt/airflow/dags/create_star_schema_part_1.py
[2023-12-12T21:22:15.612+0000] {processor.py:179} INFO - Processing /opt/airflow/dags/create_star_schema_part_1.py took 0.015 seconds
[2023-12-12T21:22:46.179+0000] {processor.py:157} INFO - Started process (PID=1487) to work on /opt/airflow/dags/create_star_schema_part_1.py
[2023-12-12T21:22:46.179+0000] {processor.py:829} INFO - Processing file /opt/airflow/dags/create_star_schema_part_1.py for tasks to queue
[2023-12-12T21:22:46.180+0000] {logging_mixin.py:154} INFO - [2023-12-12T21:22:46.180+0000] {dagbag.py:536} INFO - Filling up the DagBag from /opt/airflow/dags/create_star_schema_part_1.py
[2023-12-12T21:22:46.183+0000] {processor.py:841} WARNING - No viable dags retrieved from /opt/airflow/dags/create_star_schema_part_1.py
[2023-12-12T21:22:46.192+0000] {processor.py:179} INFO - Processing /opt/airflow/dags/create_star_schema_part_1.py took 0.015 seconds
[2023-12-12T21:23:16.741+0000] {processor.py:157} INFO - Started process (PID=1535) to work on /opt/airflow/dags/create_star_schema_part_1.py
[2023-12-12T21:23:16.742+0000] {processor.py:829} INFO - Processing file /opt/airflow/dags/create_star_schema_part_1.py for tasks to queue
[2023-12-12T21:23:16.742+0000] {logging_mixin.py:154} INFO - [2023-12-12T21:23:16.742+0000] {dagbag.py:536} INFO - Filling up the DagBag from /opt/airflow/dags/create_star_schema_part_1.py
[2023-12-12T21:23:16.746+0000] {processor.py:841} WARNING - No viable dags retrieved from /opt/airflow/dags/create_star_schema_part_1.py
[2023-12-12T21:23:16.755+0000] {processor.py:179} INFO - Processing /opt/airflow/dags/create_star_schema_part_1.py took 0.015 seconds
[2023-12-12T21:23:47.285+0000] {processor.py:157} INFO - Started process (PID=1583) to work on /opt/airflow/dags/create_star_schema_part_1.py
[2023-12-12T21:23:47.286+0000] {processor.py:829} INFO - Processing file /opt/airflow/dags/create_star_schema_part_1.py for tasks to queue
[2023-12-12T21:23:47.286+0000] {logging_mixin.py:154} INFO - [2023-12-12T21:23:47.286+0000] {dagbag.py:536} INFO - Filling up the DagBag from /opt/airflow/dags/create_star_schema_part_1.py
[2023-12-12T21:23:47.290+0000] {processor.py:841} WARNING - No viable dags retrieved from /opt/airflow/dags/create_star_schema_part_1.py
[2023-12-12T21:23:47.299+0000] {processor.py:179} INFO - Processing /opt/airflow/dags/create_star_schema_part_1.py took 0.015 seconds
[2023-12-12T21:24:17.801+0000] {processor.py:157} INFO - Started process (PID=1631) to work on /opt/airflow/dags/create_star_schema_part_1.py
[2023-12-12T21:24:17.802+0000] {processor.py:829} INFO - Processing file /opt/airflow/dags/create_star_schema_part_1.py for tasks to queue
[2023-12-12T21:24:17.802+0000] {logging_mixin.py:154} INFO - [2023-12-12T21:24:17.802+0000] {dagbag.py:536} INFO - Filling up the DagBag from /opt/airflow/dags/create_star_schema_part_1.py
[2023-12-12T21:24:17.806+0000] {processor.py:841} WARNING - No viable dags retrieved from /opt/airflow/dags/create_star_schema_part_1.py
[2023-12-12T21:24:17.815+0000] {processor.py:179} INFO - Processing /opt/airflow/dags/create_star_schema_part_1.py took 0.016 seconds
[2023-12-12T21:24:48.246+0000] {processor.py:157} INFO - Started process (PID=1679) to work on /opt/airflow/dags/create_star_schema_part_1.py
[2023-12-12T21:24:48.247+0000] {processor.py:829} INFO - Processing file /opt/airflow/dags/create_star_schema_part_1.py for tasks to queue
[2023-12-12T21:24:48.248+0000] {logging_mixin.py:154} INFO - [2023-12-12T21:24:48.247+0000] {dagbag.py:536} INFO - Filling up the DagBag from /opt/airflow/dags/create_star_schema_part_1.py
[2023-12-12T21:24:48.251+0000] {processor.py:841} WARNING - No viable dags retrieved from /opt/airflow/dags/create_star_schema_part_1.py
[2023-12-12T21:24:48.263+0000] {processor.py:179} INFO - Processing /opt/airflow/dags/create_star_schema_part_1.py took 0.019 seconds
[2023-12-12T21:25:18.767+0000] {processor.py:157} INFO - Started process (PID=1727) to work on /opt/airflow/dags/create_star_schema_part_1.py
[2023-12-12T21:25:18.767+0000] {processor.py:829} INFO - Processing file /opt/airflow/dags/create_star_schema_part_1.py for tasks to queue
[2023-12-12T21:25:18.768+0000] {logging_mixin.py:154} INFO - [2023-12-12T21:25:18.768+0000] {dagbag.py:536} INFO - Filling up the DagBag from /opt/airflow/dags/create_star_schema_part_1.py
[2023-12-12T21:25:18.771+0000] {processor.py:841} WARNING - No viable dags retrieved from /opt/airflow/dags/create_star_schema_part_1.py
[2023-12-12T21:25:18.781+0000] {processor.py:179} INFO - Processing /opt/airflow/dags/create_star_schema_part_1.py took 0.016 seconds
[2023-12-12T21:25:49.248+0000] {processor.py:157} INFO - Started process (PID=1775) to work on /opt/airflow/dags/create_star_schema_part_1.py
[2023-12-12T21:25:49.248+0000] {processor.py:829} INFO - Processing file /opt/airflow/dags/create_star_schema_part_1.py for tasks to queue
[2023-12-12T21:25:49.249+0000] {logging_mixin.py:154} INFO - [2023-12-12T21:25:49.249+0000] {dagbag.py:536} INFO - Filling up the DagBag from /opt/airflow/dags/create_star_schema_part_1.py
[2023-12-12T21:25:49.252+0000] {processor.py:841} WARNING - No viable dags retrieved from /opt/airflow/dags/create_star_schema_part_1.py
[2023-12-12T21:25:49.262+0000] {processor.py:179} INFO - Processing /opt/airflow/dags/create_star_schema_part_1.py took 0.016 seconds
[2023-12-12T21:26:19.780+0000] {processor.py:157} INFO - Started process (PID=1823) to work on /opt/airflow/dags/create_star_schema_part_1.py
[2023-12-12T21:26:19.780+0000] {processor.py:829} INFO - Processing file /opt/airflow/dags/create_star_schema_part_1.py for tasks to queue
[2023-12-12T21:26:19.781+0000] {logging_mixin.py:154} INFO - [2023-12-12T21:26:19.781+0000] {dagbag.py:536} INFO - Filling up the DagBag from /opt/airflow/dags/create_star_schema_part_1.py
[2023-12-12T21:26:19.784+0000] {processor.py:841} WARNING - No viable dags retrieved from /opt/airflow/dags/create_star_schema_part_1.py
[2023-12-12T21:26:19.794+0000] {processor.py:179} INFO - Processing /opt/airflow/dags/create_star_schema_part_1.py took 0.016 seconds
[2023-12-12T21:26:50.332+0000] {processor.py:157} INFO - Started process (PID=1871) to work on /opt/airflow/dags/create_star_schema_part_1.py
[2023-12-12T21:26:50.333+0000] {processor.py:829} INFO - Processing file /opt/airflow/dags/create_star_schema_part_1.py for tasks to queue
[2023-12-12T21:26:50.333+0000] {logging_mixin.py:154} INFO - [2023-12-12T21:26:50.333+0000] {dagbag.py:536} INFO - Filling up the DagBag from /opt/airflow/dags/create_star_schema_part_1.py
[2023-12-12T21:26:50.337+0000] {processor.py:841} WARNING - No viable dags retrieved from /opt/airflow/dags/create_star_schema_part_1.py
[2023-12-12T21:26:50.346+0000] {processor.py:179} INFO - Processing /opt/airflow/dags/create_star_schema_part_1.py took 0.016 seconds
[2023-12-12T21:27:20.891+0000] {processor.py:157} INFO - Started process (PID=1919) to work on /opt/airflow/dags/create_star_schema_part_1.py
[2023-12-12T21:27:20.891+0000] {processor.py:829} INFO - Processing file /opt/airflow/dags/create_star_schema_part_1.py for tasks to queue
[2023-12-12T21:27:20.892+0000] {logging_mixin.py:154} INFO - [2023-12-12T21:27:20.892+0000] {dagbag.py:536} INFO - Filling up the DagBag from /opt/airflow/dags/create_star_schema_part_1.py
[2023-12-12T21:27:20.895+0000] {processor.py:841} WARNING - No viable dags retrieved from /opt/airflow/dags/create_star_schema_part_1.py
[2023-12-12T21:27:20.905+0000] {processor.py:179} INFO - Processing /opt/airflow/dags/create_star_schema_part_1.py took 0.016 seconds
[2023-12-12T21:27:51.409+0000] {processor.py:157} INFO - Started process (PID=2078) to work on /opt/airflow/dags/create_star_schema_part_1.py
[2023-12-12T21:27:51.410+0000] {processor.py:829} INFO - Processing file /opt/airflow/dags/create_star_schema_part_1.py for tasks to queue
[2023-12-12T21:27:51.410+0000] {logging_mixin.py:154} INFO - [2023-12-12T21:27:51.410+0000] {dagbag.py:536} INFO - Filling up the DagBag from /opt/airflow/dags/create_star_schema_part_1.py
[2023-12-12T21:27:51.413+0000] {processor.py:841} WARNING - No viable dags retrieved from /opt/airflow/dags/create_star_schema_part_1.py
[2023-12-12T21:27:51.422+0000] {processor.py:179} INFO - Processing /opt/airflow/dags/create_star_schema_part_1.py took 0.015 seconds
[2023-12-12T21:28:21.986+0000] {processor.py:157} INFO - Started process (PID=2126) to work on /opt/airflow/dags/create_star_schema_part_1.py
[2023-12-12T21:28:21.987+0000] {processor.py:829} INFO - Processing file /opt/airflow/dags/create_star_schema_part_1.py for tasks to queue
[2023-12-12T21:28:21.987+0000] {logging_mixin.py:154} INFO - [2023-12-12T21:28:21.987+0000] {dagbag.py:536} INFO - Filling up the DagBag from /opt/airflow/dags/create_star_schema_part_1.py
[2023-12-12T21:28:21.991+0000] {processor.py:841} WARNING - No viable dags retrieved from /opt/airflow/dags/create_star_schema_part_1.py
[2023-12-12T21:28:22.000+0000] {processor.py:179} INFO - Processing /opt/airflow/dags/create_star_schema_part_1.py took 0.016 seconds
[2023-12-12T21:28:52.374+0000] {processor.py:157} INFO - Started process (PID=2265) to work on /opt/airflow/dags/create_star_schema_part_1.py
[2023-12-12T21:28:52.375+0000] {processor.py:829} INFO - Processing file /opt/airflow/dags/create_star_schema_part_1.py for tasks to queue
[2023-12-12T21:28:52.376+0000] {logging_mixin.py:154} INFO - [2023-12-12T21:28:52.376+0000] {dagbag.py:536} INFO - Filling up the DagBag from /opt/airflow/dags/create_star_schema_part_1.py
[2023-12-12T21:28:52.381+0000] {processor.py:841} WARNING - No viable dags retrieved from /opt/airflow/dags/create_star_schema_part_1.py
[2023-12-12T21:28:52.394+0000] {processor.py:179} INFO - Processing /opt/airflow/dags/create_star_schema_part_1.py took 0.023 seconds
[2023-12-12T21:29:22.750+0000] {processor.py:157} INFO - Started process (PID=2327) to work on /opt/airflow/dags/create_star_schema_part_1.py
[2023-12-12T21:29:22.751+0000] {processor.py:829} INFO - Processing file /opt/airflow/dags/create_star_schema_part_1.py for tasks to queue
[2023-12-12T21:29:22.752+0000] {logging_mixin.py:154} INFO - [2023-12-12T21:29:22.751+0000] {dagbag.py:536} INFO - Filling up the DagBag from /opt/airflow/dags/create_star_schema_part_1.py
[2023-12-12T21:29:22.755+0000] {processor.py:841} WARNING - No viable dags retrieved from /opt/airflow/dags/create_star_schema_part_1.py
[2023-12-12T21:29:22.764+0000] {processor.py:179} INFO - Processing /opt/airflow/dags/create_star_schema_part_1.py took 0.016 seconds
[2023-12-12T21:29:53.188+0000] {processor.py:157} INFO - Started process (PID=2374) to work on /opt/airflow/dags/create_star_schema_part_1.py
[2023-12-12T21:29:53.189+0000] {processor.py:829} INFO - Processing file /opt/airflow/dags/create_star_schema_part_1.py for tasks to queue
[2023-12-12T21:29:53.189+0000] {logging_mixin.py:154} INFO - [2023-12-12T21:29:53.189+0000] {dagbag.py:536} INFO - Filling up the DagBag from /opt/airflow/dags/create_star_schema_part_1.py
[2023-12-12T21:29:53.193+0000] {processor.py:841} WARNING - No viable dags retrieved from /opt/airflow/dags/create_star_schema_part_1.py
[2023-12-12T21:29:53.202+0000] {processor.py:179} INFO - Processing /opt/airflow/dags/create_star_schema_part_1.py took 0.016 seconds
[2023-12-12T21:30:23.756+0000] {processor.py:157} INFO - Started process (PID=2424) to work on /opt/airflow/dags/create_star_schema_part_1.py
[2023-12-12T21:30:23.756+0000] {processor.py:829} INFO - Processing file /opt/airflow/dags/create_star_schema_part_1.py for tasks to queue
[2023-12-12T21:30:23.757+0000] {logging_mixin.py:154} INFO - [2023-12-12T21:30:23.757+0000] {dagbag.py:536} INFO - Filling up the DagBag from /opt/airflow/dags/create_star_schema_part_1.py
[2023-12-12T21:30:23.760+0000] {processor.py:841} WARNING - No viable dags retrieved from /opt/airflow/dags/create_star_schema_part_1.py
[2023-12-12T21:30:23.770+0000] {processor.py:179} INFO - Processing /opt/airflow/dags/create_star_schema_part_1.py took 0.016 seconds
[2023-12-12T21:30:54.279+0000] {processor.py:157} INFO - Started process (PID=2473) to work on /opt/airflow/dags/create_star_schema_part_1.py
[2023-12-12T21:30:54.279+0000] {processor.py:829} INFO - Processing file /opt/airflow/dags/create_star_schema_part_1.py for tasks to queue
[2023-12-12T21:30:54.280+0000] {logging_mixin.py:154} INFO - [2023-12-12T21:30:54.279+0000] {dagbag.py:536} INFO - Filling up the DagBag from /opt/airflow/dags/create_star_schema_part_1.py
[2023-12-12T21:30:54.283+0000] {processor.py:841} WARNING - No viable dags retrieved from /opt/airflow/dags/create_star_schema_part_1.py
[2023-12-12T21:30:54.292+0000] {processor.py:179} INFO - Processing /opt/airflow/dags/create_star_schema_part_1.py took 0.015 seconds
[2023-12-12T21:31:24.699+0000] {processor.py:157} INFO - Started process (PID=2521) to work on /opt/airflow/dags/create_star_schema_part_1.py
[2023-12-12T21:31:24.700+0000] {processor.py:829} INFO - Processing file /opt/airflow/dags/create_star_schema_part_1.py for tasks to queue
[2023-12-12T21:31:24.700+0000] {logging_mixin.py:154} INFO - [2023-12-12T21:31:24.700+0000] {dagbag.py:536} INFO - Filling up the DagBag from /opt/airflow/dags/create_star_schema_part_1.py
[2023-12-12T21:31:24.704+0000] {processor.py:841} WARNING - No viable dags retrieved from /opt/airflow/dags/create_star_schema_part_1.py
[2023-12-12T21:31:24.713+0000] {processor.py:179} INFO - Processing /opt/airflow/dags/create_star_schema_part_1.py took 0.015 seconds
[2023-12-12T21:31:55.214+0000] {processor.py:157} INFO - Started process (PID=2569) to work on /opt/airflow/dags/create_star_schema_part_1.py
[2023-12-12T21:31:55.214+0000] {processor.py:829} INFO - Processing file /opt/airflow/dags/create_star_schema_part_1.py for tasks to queue
[2023-12-12T21:31:55.215+0000] {logging_mixin.py:154} INFO - [2023-12-12T21:31:55.215+0000] {dagbag.py:536} INFO - Filling up the DagBag from /opt/airflow/dags/create_star_schema_part_1.py
[2023-12-12T21:31:55.218+0000] {processor.py:841} WARNING - No viable dags retrieved from /opt/airflow/dags/create_star_schema_part_1.py
[2023-12-12T21:31:55.227+0000] {processor.py:179} INFO - Processing /opt/airflow/dags/create_star_schema_part_1.py took 0.015 seconds
[2023-12-12T21:32:25.747+0000] {processor.py:157} INFO - Started process (PID=2617) to work on /opt/airflow/dags/create_star_schema_part_1.py
[2023-12-12T21:32:25.747+0000] {processor.py:829} INFO - Processing file /opt/airflow/dags/create_star_schema_part_1.py for tasks to queue
[2023-12-12T21:32:25.748+0000] {logging_mixin.py:154} INFO - [2023-12-12T21:32:25.748+0000] {dagbag.py:536} INFO - Filling up the DagBag from /opt/airflow/dags/create_star_schema_part_1.py
[2023-12-12T21:32:25.751+0000] {processor.py:841} WARNING - No viable dags retrieved from /opt/airflow/dags/create_star_schema_part_1.py
[2023-12-12T21:32:25.760+0000] {processor.py:179} INFO - Processing /opt/airflow/dags/create_star_schema_part_1.py took 0.015 seconds
[2023-12-12T21:32:56.289+0000] {processor.py:157} INFO - Started process (PID=2665) to work on /opt/airflow/dags/create_star_schema_part_1.py
[2023-12-12T21:32:56.290+0000] {processor.py:829} INFO - Processing file /opt/airflow/dags/create_star_schema_part_1.py for tasks to queue
[2023-12-12T21:32:56.290+0000] {logging_mixin.py:154} INFO - [2023-12-12T21:32:56.290+0000] {dagbag.py:536} INFO - Filling up the DagBag from /opt/airflow/dags/create_star_schema_part_1.py
[2023-12-12T21:32:56.294+0000] {processor.py:841} WARNING - No viable dags retrieved from /opt/airflow/dags/create_star_schema_part_1.py
[2023-12-12T21:32:56.303+0000] {processor.py:179} INFO - Processing /opt/airflow/dags/create_star_schema_part_1.py took 0.015 seconds
[2023-12-12T21:33:26.818+0000] {processor.py:157} INFO - Started process (PID=2713) to work on /opt/airflow/dags/create_star_schema_part_1.py
[2023-12-12T21:33:26.819+0000] {processor.py:829} INFO - Processing file /opt/airflow/dags/create_star_schema_part_1.py for tasks to queue
[2023-12-12T21:33:26.819+0000] {logging_mixin.py:154} INFO - [2023-12-12T21:33:26.819+0000] {dagbag.py:536} INFO - Filling up the DagBag from /opt/airflow/dags/create_star_schema_part_1.py
[2023-12-12T21:33:26.823+0000] {processor.py:841} WARNING - No viable dags retrieved from /opt/airflow/dags/create_star_schema_part_1.py
[2023-12-12T21:33:26.832+0000] {processor.py:179} INFO - Processing /opt/airflow/dags/create_star_schema_part_1.py took 0.016 seconds
[2023-12-12T21:33:57.307+0000] {processor.py:157} INFO - Started process (PID=2761) to work on /opt/airflow/dags/create_star_schema_part_1.py
[2023-12-12T21:33:57.307+0000] {processor.py:829} INFO - Processing file /opt/airflow/dags/create_star_schema_part_1.py for tasks to queue
[2023-12-12T21:33:57.308+0000] {logging_mixin.py:154} INFO - [2023-12-12T21:33:57.308+0000] {dagbag.py:536} INFO - Filling up the DagBag from /opt/airflow/dags/create_star_schema_part_1.py
[2023-12-12T21:33:57.311+0000] {processor.py:841} WARNING - No viable dags retrieved from /opt/airflow/dags/create_star_schema_part_1.py
[2023-12-12T21:33:57.320+0000] {processor.py:179} INFO - Processing /opt/airflow/dags/create_star_schema_part_1.py took 0.016 seconds
[2023-12-12T21:34:27.776+0000] {processor.py:157} INFO - Started process (PID=2809) to work on /opt/airflow/dags/create_star_schema_part_1.py
[2023-12-12T21:34:27.777+0000] {processor.py:829} INFO - Processing file /opt/airflow/dags/create_star_schema_part_1.py for tasks to queue
[2023-12-12T21:34:27.777+0000] {logging_mixin.py:154} INFO - [2023-12-12T21:34:27.777+0000] {dagbag.py:536} INFO - Filling up the DagBag from /opt/airflow/dags/create_star_schema_part_1.py
[2023-12-12T21:34:27.781+0000] {processor.py:841} WARNING - No viable dags retrieved from /opt/airflow/dags/create_star_schema_part_1.py
[2023-12-12T21:34:27.790+0000] {processor.py:179} INFO - Processing /opt/airflow/dags/create_star_schema_part_1.py took 0.016 seconds
[2023-12-12T21:34:58.279+0000] {processor.py:157} INFO - Started process (PID=2857) to work on /opt/airflow/dags/create_star_schema_part_1.py
[2023-12-12T21:34:58.279+0000] {processor.py:829} INFO - Processing file /opt/airflow/dags/create_star_schema_part_1.py for tasks to queue
[2023-12-12T21:34:58.280+0000] {logging_mixin.py:154} INFO - [2023-12-12T21:34:58.279+0000] {dagbag.py:536} INFO - Filling up the DagBag from /opt/airflow/dags/create_star_schema_part_1.py
[2023-12-12T21:34:58.283+0000] {processor.py:841} WARNING - No viable dags retrieved from /opt/airflow/dags/create_star_schema_part_1.py
[2023-12-12T21:34:58.292+0000] {processor.py:179} INFO - Processing /opt/airflow/dags/create_star_schema_part_1.py took 0.015 seconds
[2023-12-12T21:35:28.877+0000] {processor.py:157} INFO - Started process (PID=2905) to work on /opt/airflow/dags/create_star_schema_part_1.py
[2023-12-12T21:35:28.877+0000] {processor.py:829} INFO - Processing file /opt/airflow/dags/create_star_schema_part_1.py for tasks to queue
[2023-12-12T21:35:28.878+0000] {logging_mixin.py:154} INFO - [2023-12-12T21:35:28.877+0000] {dagbag.py:536} INFO - Filling up the DagBag from /opt/airflow/dags/create_star_schema_part_1.py
[2023-12-12T21:35:28.881+0000] {processor.py:841} WARNING - No viable dags retrieved from /opt/airflow/dags/create_star_schema_part_1.py
[2023-12-12T21:35:28.890+0000] {processor.py:179} INFO - Processing /opt/airflow/dags/create_star_schema_part_1.py took 0.015 seconds
[2023-12-12T21:35:59.448+0000] {processor.py:157} INFO - Started process (PID=2953) to work on /opt/airflow/dags/create_star_schema_part_1.py
[2023-12-12T21:35:59.448+0000] {processor.py:829} INFO - Processing file /opt/airflow/dags/create_star_schema_part_1.py for tasks to queue
[2023-12-12T21:35:59.449+0000] {logging_mixin.py:154} INFO - [2023-12-12T21:35:59.449+0000] {dagbag.py:536} INFO - Filling up the DagBag from /opt/airflow/dags/create_star_schema_part_1.py
[2023-12-12T21:35:59.453+0000] {processor.py:841} WARNING - No viable dags retrieved from /opt/airflow/dags/create_star_schema_part_1.py
[2023-12-12T21:35:59.462+0000] {processor.py:179} INFO - Processing /opt/airflow/dags/create_star_schema_part_1.py took 0.016 seconds
[2023-12-12T21:36:30.002+0000] {processor.py:157} INFO - Started process (PID=3004) to work on /opt/airflow/dags/create_star_schema_part_1.py
[2023-12-12T21:36:30.003+0000] {processor.py:829} INFO - Processing file /opt/airflow/dags/create_star_schema_part_1.py for tasks to queue
[2023-12-12T21:36:30.003+0000] {logging_mixin.py:154} INFO - [2023-12-12T21:36:30.003+0000] {dagbag.py:536} INFO - Filling up the DagBag from /opt/airflow/dags/create_star_schema_part_1.py
[2023-12-12T21:36:30.006+0000] {processor.py:841} WARNING - No viable dags retrieved from /opt/airflow/dags/create_star_schema_part_1.py
[2023-12-12T21:36:30.015+0000] {processor.py:179} INFO - Processing /opt/airflow/dags/create_star_schema_part_1.py took 0.015 seconds
[2023-12-12T21:37:00.461+0000] {processor.py:157} INFO - Started process (PID=3052) to work on /opt/airflow/dags/create_star_schema_part_1.py
[2023-12-12T21:37:00.462+0000] {processor.py:829} INFO - Processing file /opt/airflow/dags/create_star_schema_part_1.py for tasks to queue
[2023-12-12T21:37:00.462+0000] {logging_mixin.py:154} INFO - [2023-12-12T21:37:00.462+0000] {dagbag.py:536} INFO - Filling up the DagBag from /opt/airflow/dags/create_star_schema_part_1.py
[2023-12-12T21:37:00.466+0000] {processor.py:841} WARNING - No viable dags retrieved from /opt/airflow/dags/create_star_schema_part_1.py
[2023-12-12T21:37:00.475+0000] {processor.py:179} INFO - Processing /opt/airflow/dags/create_star_schema_part_1.py took 0.015 seconds
[2023-12-12T21:37:31.023+0000] {processor.py:157} INFO - Started process (PID=3100) to work on /opt/airflow/dags/create_star_schema_part_1.py
[2023-12-12T21:37:31.024+0000] {processor.py:829} INFO - Processing file /opt/airflow/dags/create_star_schema_part_1.py for tasks to queue
[2023-12-12T21:37:31.024+0000] {logging_mixin.py:154} INFO - [2023-12-12T21:37:31.024+0000] {dagbag.py:536} INFO - Filling up the DagBag from /opt/airflow/dags/create_star_schema_part_1.py
[2023-12-12T21:37:31.028+0000] {processor.py:841} WARNING - No viable dags retrieved from /opt/airflow/dags/create_star_schema_part_1.py
[2023-12-12T21:37:31.037+0000] {processor.py:179} INFO - Processing /opt/airflow/dags/create_star_schema_part_1.py took 0.015 seconds
[2023-12-12T21:38:01.571+0000] {processor.py:157} INFO - Started process (PID=3148) to work on /opt/airflow/dags/create_star_schema_part_1.py
[2023-12-12T21:38:01.571+0000] {processor.py:829} INFO - Processing file /opt/airflow/dags/create_star_schema_part_1.py for tasks to queue
[2023-12-12T21:38:01.572+0000] {logging_mixin.py:154} INFO - [2023-12-12T21:38:01.572+0000] {dagbag.py:536} INFO - Filling up the DagBag from /opt/airflow/dags/create_star_schema_part_1.py
[2023-12-12T21:38:01.575+0000] {processor.py:841} WARNING - No viable dags retrieved from /opt/airflow/dags/create_star_schema_part_1.py
[2023-12-12T21:38:01.586+0000] {processor.py:179} INFO - Processing /opt/airflow/dags/create_star_schema_part_1.py took 0.017 seconds
[2023-12-12T21:38:32.054+0000] {processor.py:157} INFO - Started process (PID=3203) to work on /opt/airflow/dags/create_star_schema_part_1.py
[2023-12-12T21:38:32.055+0000] {processor.py:829} INFO - Processing file /opt/airflow/dags/create_star_schema_part_1.py for tasks to queue
[2023-12-12T21:38:32.055+0000] {logging_mixin.py:154} INFO - [2023-12-12T21:38:32.055+0000] {dagbag.py:536} INFO - Filling up the DagBag from /opt/airflow/dags/create_star_schema_part_1.py
[2023-12-12T21:38:32.059+0000] {processor.py:841} WARNING - No viable dags retrieved from /opt/airflow/dags/create_star_schema_part_1.py
[2023-12-12T21:38:32.068+0000] {processor.py:179} INFO - Processing /opt/airflow/dags/create_star_schema_part_1.py took 0.015 seconds
[2023-12-12T21:39:02.506+0000] {processor.py:157} INFO - Started process (PID=3251) to work on /opt/airflow/dags/create_star_schema_part_1.py
[2023-12-12T21:39:02.507+0000] {processor.py:829} INFO - Processing file /opt/airflow/dags/create_star_schema_part_1.py for tasks to queue
[2023-12-12T21:39:02.507+0000] {logging_mixin.py:154} INFO - [2023-12-12T21:39:02.507+0000] {dagbag.py:536} INFO - Filling up the DagBag from /opt/airflow/dags/create_star_schema_part_1.py
[2023-12-12T21:39:02.511+0000] {processor.py:841} WARNING - No viable dags retrieved from /opt/airflow/dags/create_star_schema_part_1.py
[2023-12-12T21:39:02.520+0000] {processor.py:179} INFO - Processing /opt/airflow/dags/create_star_schema_part_1.py took 0.016 seconds
[2023-12-12T21:39:33.024+0000] {processor.py:157} INFO - Started process (PID=3299) to work on /opt/airflow/dags/create_star_schema_part_1.py
[2023-12-12T21:39:33.025+0000] {processor.py:829} INFO - Processing file /opt/airflow/dags/create_star_schema_part_1.py for tasks to queue
[2023-12-12T21:39:33.025+0000] {logging_mixin.py:154} INFO - [2023-12-12T21:39:33.025+0000] {dagbag.py:536} INFO - Filling up the DagBag from /opt/airflow/dags/create_star_schema_part_1.py
[2023-12-12T21:39:33.029+0000] {processor.py:841} WARNING - No viable dags retrieved from /opt/airflow/dags/create_star_schema_part_1.py
[2023-12-12T21:39:33.038+0000] {processor.py:179} INFO - Processing /opt/airflow/dags/create_star_schema_part_1.py took 0.015 seconds
[2023-12-12T21:40:03.500+0000] {processor.py:157} INFO - Started process (PID=3347) to work on /opt/airflow/dags/create_star_schema_part_1.py
[2023-12-12T21:40:03.501+0000] {processor.py:829} INFO - Processing file /opt/airflow/dags/create_star_schema_part_1.py for tasks to queue
[2023-12-12T21:40:03.501+0000] {logging_mixin.py:154} INFO - [2023-12-12T21:40:03.501+0000] {dagbag.py:536} INFO - Filling up the DagBag from /opt/airflow/dags/create_star_schema_part_1.py
[2023-12-12T21:40:03.505+0000] {processor.py:841} WARNING - No viable dags retrieved from /opt/airflow/dags/create_star_schema_part_1.py
[2023-12-12T21:40:03.514+0000] {processor.py:179} INFO - Processing /opt/airflow/dags/create_star_schema_part_1.py took 0.016 seconds
[2023-12-12T21:40:34.089+0000] {processor.py:157} INFO - Started process (PID=3395) to work on /opt/airflow/dags/create_star_schema_part_1.py
[2023-12-12T21:40:34.090+0000] {processor.py:829} INFO - Processing file /opt/airflow/dags/create_star_schema_part_1.py for tasks to queue
[2023-12-12T21:40:34.090+0000] {logging_mixin.py:154} INFO - [2023-12-12T21:40:34.090+0000] {dagbag.py:536} INFO - Filling up the DagBag from /opt/airflow/dags/create_star_schema_part_1.py
[2023-12-12T21:40:34.094+0000] {processor.py:841} WARNING - No viable dags retrieved from /opt/airflow/dags/create_star_schema_part_1.py
[2023-12-12T21:40:34.103+0000] {processor.py:179} INFO - Processing /opt/airflow/dags/create_star_schema_part_1.py took 0.016 seconds
[2023-12-12T21:41:04.672+0000] {processor.py:157} INFO - Started process (PID=3446) to work on /opt/airflow/dags/create_star_schema_part_1.py
[2023-12-12T21:41:04.672+0000] {processor.py:829} INFO - Processing file /opt/airflow/dags/create_star_schema_part_1.py for tasks to queue
[2023-12-12T21:41:04.673+0000] {logging_mixin.py:154} INFO - [2023-12-12T21:41:04.673+0000] {dagbag.py:536} INFO - Filling up the DagBag from /opt/airflow/dags/create_star_schema_part_1.py
[2023-12-12T21:41:04.677+0000] {processor.py:841} WARNING - No viable dags retrieved from /opt/airflow/dags/create_star_schema_part_1.py
[2023-12-12T21:41:04.686+0000] {processor.py:179} INFO - Processing /opt/airflow/dags/create_star_schema_part_1.py took 0.016 seconds
[2023-12-12T21:41:35.254+0000] {processor.py:157} INFO - Started process (PID=3494) to work on /opt/airflow/dags/create_star_schema_part_1.py
[2023-12-12T21:41:35.255+0000] {processor.py:829} INFO - Processing file /opt/airflow/dags/create_star_schema_part_1.py for tasks to queue
[2023-12-12T21:41:35.256+0000] {logging_mixin.py:154} INFO - [2023-12-12T21:41:35.255+0000] {dagbag.py:536} INFO - Filling up the DagBag from /opt/airflow/dags/create_star_schema_part_1.py
[2023-12-12T21:41:35.259+0000] {processor.py:841} WARNING - No viable dags retrieved from /opt/airflow/dags/create_star_schema_part_1.py
[2023-12-12T21:41:35.269+0000] {processor.py:179} INFO - Processing /opt/airflow/dags/create_star_schema_part_1.py took 0.016 seconds
[2023-12-12T21:42:05.780+0000] {processor.py:157} INFO - Started process (PID=3542) to work on /opt/airflow/dags/create_star_schema_part_1.py
[2023-12-12T21:42:05.781+0000] {processor.py:829} INFO - Processing file /opt/airflow/dags/create_star_schema_part_1.py for tasks to queue
[2023-12-12T21:42:05.782+0000] {logging_mixin.py:154} INFO - [2023-12-12T21:42:05.781+0000] {dagbag.py:536} INFO - Filling up the DagBag from /opt/airflow/dags/create_star_schema_part_1.py
[2023-12-12T21:42:05.785+0000] {processor.py:841} WARNING - No viable dags retrieved from /opt/airflow/dags/create_star_schema_part_1.py
[2023-12-12T21:42:05.794+0000] {processor.py:179} INFO - Processing /opt/airflow/dags/create_star_schema_part_1.py took 0.015 seconds
[2023-12-12T21:42:36.274+0000] {processor.py:157} INFO - Started process (PID=3590) to work on /opt/airflow/dags/create_star_schema_part_1.py
[2023-12-12T21:42:36.275+0000] {processor.py:829} INFO - Processing file /opt/airflow/dags/create_star_schema_part_1.py for tasks to queue
[2023-12-12T21:42:36.275+0000] {logging_mixin.py:154} INFO - [2023-12-12T21:42:36.275+0000] {dagbag.py:536} INFO - Filling up the DagBag from /opt/airflow/dags/create_star_schema_part_1.py
[2023-12-12T21:42:36.279+0000] {processor.py:841} WARNING - No viable dags retrieved from /opt/airflow/dags/create_star_schema_part_1.py
[2023-12-12T21:42:36.288+0000] {processor.py:179} INFO - Processing /opt/airflow/dags/create_star_schema_part_1.py took 0.015 seconds
[2023-12-12T21:43:06.801+0000] {processor.py:157} INFO - Started process (PID=3638) to work on /opt/airflow/dags/create_star_schema_part_1.py
[2023-12-12T21:43:06.802+0000] {processor.py:829} INFO - Processing file /opt/airflow/dags/create_star_schema_part_1.py for tasks to queue
[2023-12-12T21:43:06.802+0000] {logging_mixin.py:154} INFO - [2023-12-12T21:43:06.802+0000] {dagbag.py:536} INFO - Filling up the DagBag from /opt/airflow/dags/create_star_schema_part_1.py
[2023-12-12T21:43:06.806+0000] {processor.py:841} WARNING - No viable dags retrieved from /opt/airflow/dags/create_star_schema_part_1.py
[2023-12-12T21:43:06.815+0000] {processor.py:179} INFO - Processing /opt/airflow/dags/create_star_schema_part_1.py took 0.015 seconds
[2023-12-12T21:43:37.400+0000] {processor.py:157} INFO - Started process (PID=3686) to work on /opt/airflow/dags/create_star_schema_part_1.py
[2023-12-12T21:43:37.401+0000] {processor.py:829} INFO - Processing file /opt/airflow/dags/create_star_schema_part_1.py for tasks to queue
[2023-12-12T21:43:37.401+0000] {logging_mixin.py:154} INFO - [2023-12-12T21:43:37.401+0000] {dagbag.py:536} INFO - Filling up the DagBag from /opt/airflow/dags/create_star_schema_part_1.py
[2023-12-12T21:43:37.405+0000] {processor.py:841} WARNING - No viable dags retrieved from /opt/airflow/dags/create_star_schema_part_1.py
[2023-12-12T21:43:37.414+0000] {processor.py:179} INFO - Processing /opt/airflow/dags/create_star_schema_part_1.py took 0.015 seconds
[2023-12-12T21:44:07.924+0000] {processor.py:157} INFO - Started process (PID=3734) to work on /opt/airflow/dags/create_star_schema_part_1.py
[2023-12-12T21:44:07.924+0000] {processor.py:829} INFO - Processing file /opt/airflow/dags/create_star_schema_part_1.py for tasks to queue
[2023-12-12T21:44:07.925+0000] {logging_mixin.py:154} INFO - [2023-12-12T21:44:07.925+0000] {dagbag.py:536} INFO - Filling up the DagBag from /opt/airflow/dags/create_star_schema_part_1.py
[2023-12-12T21:44:07.928+0000] {processor.py:841} WARNING - No viable dags retrieved from /opt/airflow/dags/create_star_schema_part_1.py
[2023-12-12T21:44:07.937+0000] {processor.py:179} INFO - Processing /opt/airflow/dags/create_star_schema_part_1.py took 0.015 seconds
[2023-12-12T21:44:38.454+0000] {processor.py:157} INFO - Started process (PID=3782) to work on /opt/airflow/dags/create_star_schema_part_1.py
[2023-12-12T21:44:38.454+0000] {processor.py:829} INFO - Processing file /opt/airflow/dags/create_star_schema_part_1.py for tasks to queue
[2023-12-12T21:44:38.455+0000] {logging_mixin.py:154} INFO - [2023-12-12T21:44:38.454+0000] {dagbag.py:536} INFO - Filling up the DagBag from /opt/airflow/dags/create_star_schema_part_1.py
[2023-12-12T21:44:38.458+0000] {processor.py:841} WARNING - No viable dags retrieved from /opt/airflow/dags/create_star_schema_part_1.py
[2023-12-12T21:44:38.467+0000] {processor.py:179} INFO - Processing /opt/airflow/dags/create_star_schema_part_1.py took 0.015 seconds
[2023-12-12T21:45:09.001+0000] {processor.py:157} INFO - Started process (PID=3830) to work on /opt/airflow/dags/create_star_schema_part_1.py
[2023-12-12T21:45:09.002+0000] {processor.py:829} INFO - Processing file /opt/airflow/dags/create_star_schema_part_1.py for tasks to queue
[2023-12-12T21:45:09.003+0000] {logging_mixin.py:154} INFO - [2023-12-12T21:45:09.003+0000] {dagbag.py:536} INFO - Filling up the DagBag from /opt/airflow/dags/create_star_schema_part_1.py
[2023-12-12T21:45:09.006+0000] {processor.py:841} WARNING - No viable dags retrieved from /opt/airflow/dags/create_star_schema_part_1.py
[2023-12-12T21:45:09.016+0000] {processor.py:179} INFO - Processing /opt/airflow/dags/create_star_schema_part_1.py took 0.016 seconds
[2023-12-12T21:45:39.500+0000] {processor.py:157} INFO - Started process (PID=3878) to work on /opt/airflow/dags/create_star_schema_part_1.py
[2023-12-12T21:45:39.501+0000] {processor.py:829} INFO - Processing file /opt/airflow/dags/create_star_schema_part_1.py for tasks to queue
[2023-12-12T21:45:39.501+0000] {logging_mixin.py:154} INFO - [2023-12-12T21:45:39.501+0000] {dagbag.py:536} INFO - Filling up the DagBag from /opt/airflow/dags/create_star_schema_part_1.py
[2023-12-12T21:45:39.505+0000] {processor.py:841} WARNING - No viable dags retrieved from /opt/airflow/dags/create_star_schema_part_1.py
[2023-12-12T21:45:39.514+0000] {processor.py:179} INFO - Processing /opt/airflow/dags/create_star_schema_part_1.py took 0.015 seconds
[2023-12-12T21:46:10.035+0000] {processor.py:157} INFO - Started process (PID=3926) to work on /opt/airflow/dags/create_star_schema_part_1.py
[2023-12-12T21:46:10.036+0000] {processor.py:829} INFO - Processing file /opt/airflow/dags/create_star_schema_part_1.py for tasks to queue
[2023-12-12T21:46:10.036+0000] {logging_mixin.py:154} INFO - [2023-12-12T21:46:10.036+0000] {dagbag.py:536} INFO - Filling up the DagBag from /opt/airflow/dags/create_star_schema_part_1.py
[2023-12-12T21:46:10.040+0000] {processor.py:841} WARNING - No viable dags retrieved from /opt/airflow/dags/create_star_schema_part_1.py
[2023-12-12T21:46:10.049+0000] {processor.py:179} INFO - Processing /opt/airflow/dags/create_star_schema_part_1.py took 0.016 seconds
[2023-12-12T21:46:40.596+0000] {processor.py:157} INFO - Started process (PID=4085) to work on /opt/airflow/dags/create_star_schema_part_1.py
[2023-12-12T21:46:40.596+0000] {processor.py:829} INFO - Processing file /opt/airflow/dags/create_star_schema_part_1.py for tasks to queue
[2023-12-12T21:46:40.597+0000] {logging_mixin.py:154} INFO - [2023-12-12T21:46:40.597+0000] {dagbag.py:536} INFO - Filling up the DagBag from /opt/airflow/dags/create_star_schema_part_1.py
[2023-12-12T21:46:40.600+0000] {processor.py:841} WARNING - No viable dags retrieved from /opt/airflow/dags/create_star_schema_part_1.py
[2023-12-12T21:46:40.609+0000] {processor.py:179} INFO - Processing /opt/airflow/dags/create_star_schema_part_1.py took 0.015 seconds
[2023-12-12T21:47:11.107+0000] {processor.py:157} INFO - Started process (PID=4133) to work on /opt/airflow/dags/create_star_schema_part_1.py
[2023-12-12T21:47:11.107+0000] {processor.py:829} INFO - Processing file /opt/airflow/dags/create_star_schema_part_1.py for tasks to queue
[2023-12-12T21:47:11.108+0000] {logging_mixin.py:154} INFO - [2023-12-12T21:47:11.108+0000] {dagbag.py:536} INFO - Filling up the DagBag from /opt/airflow/dags/create_star_schema_part_1.py
[2023-12-12T21:47:11.111+0000] {processor.py:841} WARNING - No viable dags retrieved from /opt/airflow/dags/create_star_schema_part_1.py
[2023-12-12T21:47:11.120+0000] {processor.py:179} INFO - Processing /opt/airflow/dags/create_star_schema_part_1.py took 0.015 seconds
[2023-12-12T21:47:41.637+0000] {processor.py:157} INFO - Started process (PID=4181) to work on /opt/airflow/dags/create_star_schema_part_1.py
[2023-12-12T21:47:41.638+0000] {processor.py:829} INFO - Processing file /opt/airflow/dags/create_star_schema_part_1.py for tasks to queue
[2023-12-12T21:47:41.638+0000] {logging_mixin.py:154} INFO - [2023-12-12T21:47:41.638+0000] {dagbag.py:536} INFO - Filling up the DagBag from /opt/airflow/dags/create_star_schema_part_1.py
[2023-12-12T21:47:41.641+0000] {processor.py:841} WARNING - No viable dags retrieved from /opt/airflow/dags/create_star_schema_part_1.py
[2023-12-12T21:47:41.650+0000] {processor.py:179} INFO - Processing /opt/airflow/dags/create_star_schema_part_1.py took 0.015 seconds
[2023-12-12T21:48:12.193+0000] {processor.py:157} INFO - Started process (PID=4229) to work on /opt/airflow/dags/create_star_schema_part_1.py
[2023-12-12T21:48:12.194+0000] {processor.py:829} INFO - Processing file /opt/airflow/dags/create_star_schema_part_1.py for tasks to queue
[2023-12-12T21:48:12.194+0000] {logging_mixin.py:154} INFO - [2023-12-12T21:48:12.194+0000] {dagbag.py:536} INFO - Filling up the DagBag from /opt/airflow/dags/create_star_schema_part_1.py
[2023-12-12T21:48:12.198+0000] {processor.py:841} WARNING - No viable dags retrieved from /opt/airflow/dags/create_star_schema_part_1.py
[2023-12-12T21:48:12.207+0000] {processor.py:179} INFO - Processing /opt/airflow/dags/create_star_schema_part_1.py took 0.015 seconds
[2023-12-12T21:48:42.662+0000] {processor.py:157} INFO - Started process (PID=4277) to work on /opt/airflow/dags/create_star_schema_part_1.py
[2023-12-12T21:48:42.662+0000] {processor.py:829} INFO - Processing file /opt/airflow/dags/create_star_schema_part_1.py for tasks to queue
[2023-12-12T21:48:42.663+0000] {logging_mixin.py:154} INFO - [2023-12-12T21:48:42.663+0000] {dagbag.py:536} INFO - Filling up the DagBag from /opt/airflow/dags/create_star_schema_part_1.py
[2023-12-12T21:48:42.666+0000] {processor.py:841} WARNING - No viable dags retrieved from /opt/airflow/dags/create_star_schema_part_1.py
[2023-12-12T21:48:42.675+0000] {processor.py:179} INFO - Processing /opt/airflow/dags/create_star_schema_part_1.py took 0.015 seconds
[2023-12-12T21:49:13.228+0000] {processor.py:157} INFO - Started process (PID=4325) to work on /opt/airflow/dags/create_star_schema_part_1.py
[2023-12-12T21:49:13.229+0000] {processor.py:829} INFO - Processing file /opt/airflow/dags/create_star_schema_part_1.py for tasks to queue
[2023-12-12T21:49:13.229+0000] {logging_mixin.py:154} INFO - [2023-12-12T21:49:13.229+0000] {dagbag.py:536} INFO - Filling up the DagBag from /opt/airflow/dags/create_star_schema_part_1.py
[2023-12-12T21:49:13.233+0000] {processor.py:841} WARNING - No viable dags retrieved from /opt/airflow/dags/create_star_schema_part_1.py
[2023-12-12T21:49:13.242+0000] {processor.py:179} INFO - Processing /opt/airflow/dags/create_star_schema_part_1.py took 0.015 seconds
[2023-12-12T21:49:43.738+0000] {processor.py:157} INFO - Started process (PID=4373) to work on /opt/airflow/dags/create_star_schema_part_1.py
[2023-12-12T21:49:43.739+0000] {processor.py:829} INFO - Processing file /opt/airflow/dags/create_star_schema_part_1.py for tasks to queue
[2023-12-12T21:49:43.739+0000] {logging_mixin.py:154} INFO - [2023-12-12T21:49:43.739+0000] {dagbag.py:536} INFO - Filling up the DagBag from /opt/airflow/dags/create_star_schema_part_1.py
[2023-12-12T21:49:43.743+0000] {processor.py:841} WARNING - No viable dags retrieved from /opt/airflow/dags/create_star_schema_part_1.py
[2023-12-12T21:49:43.752+0000] {processor.py:179} INFO - Processing /opt/airflow/dags/create_star_schema_part_1.py took 0.016 seconds
