[2023-12-09T19:36:39.048+0000] {processor.py:157} INFO - Started process (PID=167) to work on /opt/airflow/dags/clean_up_after_star_schema_creation.py
[2023-12-09T19:36:39.050+0000] {processor.py:829} INFO - Processing file /opt/airflow/dags/clean_up_after_star_schema_creation.py for tasks to queue
[2023-12-09T19:36:39.051+0000] {logging_mixin.py:154} INFO - [2023-12-09T19:36:39.051+0000] {dagbag.py:536} INFO - Filling up the DagBag from /opt/airflow/dags/clean_up_after_star_schema_creation.py
[2023-12-09T19:36:39.063+0000] {processor.py:841} WARNING - No viable dags retrieved from /opt/airflow/dags/clean_up_after_star_schema_creation.py
[2023-12-09T19:36:39.077+0000] {processor.py:179} INFO - Processing /opt/airflow/dags/clean_up_after_star_schema_creation.py took 0.036 seconds
[2023-12-09T19:37:09.436+0000] {processor.py:157} INFO - Started process (PID=215) to work on /opt/airflow/dags/clean_up_after_star_schema_creation.py
[2023-12-09T19:37:09.438+0000] {processor.py:829} INFO - Processing file /opt/airflow/dags/clean_up_after_star_schema_creation.py for tasks to queue
[2023-12-09T19:37:09.439+0000] {logging_mixin.py:154} INFO - [2023-12-09T19:37:09.438+0000] {dagbag.py:536} INFO - Filling up the DagBag from /opt/airflow/dags/clean_up_after_star_schema_creation.py
[2023-12-09T19:37:09.446+0000] {processor.py:841} WARNING - No viable dags retrieved from /opt/airflow/dags/clean_up_after_star_schema_creation.py
[2023-12-09T19:37:09.462+0000] {processor.py:179} INFO - Processing /opt/airflow/dags/clean_up_after_star_schema_creation.py took 0.031 seconds
[2023-12-09T19:37:39.915+0000] {processor.py:157} INFO - Started process (PID=263) to work on /opt/airflow/dags/clean_up_after_star_schema_creation.py
[2023-12-09T19:37:39.917+0000] {processor.py:829} INFO - Processing file /opt/airflow/dags/clean_up_after_star_schema_creation.py for tasks to queue
[2023-12-09T19:37:39.919+0000] {logging_mixin.py:154} INFO - [2023-12-09T19:37:39.918+0000] {dagbag.py:536} INFO - Filling up the DagBag from /opt/airflow/dags/clean_up_after_star_schema_creation.py
[2023-12-09T19:37:39.926+0000] {processor.py:841} WARNING - No viable dags retrieved from /opt/airflow/dags/clean_up_after_star_schema_creation.py
[2023-12-09T19:37:39.941+0000] {processor.py:179} INFO - Processing /opt/airflow/dags/clean_up_after_star_schema_creation.py took 0.031 seconds
[2023-12-09T19:38:10.397+0000] {processor.py:157} INFO - Started process (PID=311) to work on /opt/airflow/dags/clean_up_after_star_schema_creation.py
[2023-12-09T19:38:10.400+0000] {processor.py:829} INFO - Processing file /opt/airflow/dags/clean_up_after_star_schema_creation.py for tasks to queue
[2023-12-09T19:38:10.401+0000] {logging_mixin.py:154} INFO - [2023-12-09T19:38:10.401+0000] {dagbag.py:536} INFO - Filling up the DagBag from /opt/airflow/dags/clean_up_after_star_schema_creation.py
[2023-12-09T19:38:10.408+0000] {processor.py:841} WARNING - No viable dags retrieved from /opt/airflow/dags/clean_up_after_star_schema_creation.py
[2023-12-09T19:38:10.424+0000] {processor.py:179} INFO - Processing /opt/airflow/dags/clean_up_after_star_schema_creation.py took 0.031 seconds
[2023-12-09T19:38:40.843+0000] {processor.py:157} INFO - Started process (PID=407) to work on /opt/airflow/dags/clean_up_after_star_schema_creation.py
[2023-12-09T19:38:40.844+0000] {processor.py:829} INFO - Processing file /opt/airflow/dags/clean_up_after_star_schema_creation.py for tasks to queue
[2023-12-09T19:38:40.845+0000] {logging_mixin.py:154} INFO - [2023-12-09T19:38:40.844+0000] {dagbag.py:536} INFO - Filling up the DagBag from /opt/airflow/dags/clean_up_after_star_schema_creation.py
[2023-12-09T19:38:40.851+0000] {processor.py:841} WARNING - No viable dags retrieved from /opt/airflow/dags/clean_up_after_star_schema_creation.py
[2023-12-09T19:38:40.863+0000] {processor.py:179} INFO - Processing /opt/airflow/dags/clean_up_after_star_schema_creation.py took 0.024 seconds
[2023-12-09T19:39:11.231+0000] {processor.py:157} INFO - Started process (PID=455) to work on /opt/airflow/dags/clean_up_after_star_schema_creation.py
[2023-12-09T19:39:11.232+0000] {processor.py:829} INFO - Processing file /opt/airflow/dags/clean_up_after_star_schema_creation.py for tasks to queue
[2023-12-09T19:39:11.233+0000] {logging_mixin.py:154} INFO - [2023-12-09T19:39:11.233+0000] {dagbag.py:536} INFO - Filling up the DagBag from /opt/airflow/dags/clean_up_after_star_schema_creation.py
[2023-12-09T19:39:11.239+0000] {processor.py:841} WARNING - No viable dags retrieved from /opt/airflow/dags/clean_up_after_star_schema_creation.py
[2023-12-09T19:39:11.259+0000] {processor.py:179} INFO - Processing /opt/airflow/dags/clean_up_after_star_schema_creation.py took 0.032 seconds
[2023-12-09T19:39:41.763+0000] {processor.py:157} INFO - Started process (PID=545) to work on /opt/airflow/dags/clean_up_after_star_schema_creation.py
[2023-12-09T19:39:41.764+0000] {processor.py:829} INFO - Processing file /opt/airflow/dags/clean_up_after_star_schema_creation.py for tasks to queue
[2023-12-09T19:39:41.765+0000] {logging_mixin.py:154} INFO - [2023-12-09T19:39:41.765+0000] {dagbag.py:536} INFO - Filling up the DagBag from /opt/airflow/dags/clean_up_after_star_schema_creation.py
[2023-12-09T19:39:41.775+0000] {processor.py:841} WARNING - No viable dags retrieved from /opt/airflow/dags/clean_up_after_star_schema_creation.py
[2023-12-09T19:39:41.791+0000] {processor.py:179} INFO - Processing /opt/airflow/dags/clean_up_after_star_schema_creation.py took 0.035 seconds
[2023-12-09T19:40:12.157+0000] {processor.py:157} INFO - Started process (PID=593) to work on /opt/airflow/dags/clean_up_after_star_schema_creation.py
[2023-12-09T19:40:12.159+0000] {processor.py:829} INFO - Processing file /opt/airflow/dags/clean_up_after_star_schema_creation.py for tasks to queue
[2023-12-09T19:40:12.160+0000] {logging_mixin.py:154} INFO - [2023-12-09T19:40:12.160+0000] {dagbag.py:536} INFO - Filling up the DagBag from /opt/airflow/dags/clean_up_after_star_schema_creation.py
[2023-12-09T19:40:12.170+0000] {processor.py:841} WARNING - No viable dags retrieved from /opt/airflow/dags/clean_up_after_star_schema_creation.py
[2023-12-09T19:40:12.189+0000] {processor.py:179} INFO - Processing /opt/airflow/dags/clean_up_after_star_schema_creation.py took 0.038 seconds
[2023-12-09T19:40:42.577+0000] {processor.py:157} INFO - Started process (PID=650) to work on /opt/airflow/dags/clean_up_after_star_schema_creation.py
[2023-12-09T19:40:42.577+0000] {processor.py:829} INFO - Processing file /opt/airflow/dags/clean_up_after_star_schema_creation.py for tasks to queue
[2023-12-09T19:40:42.578+0000] {logging_mixin.py:154} INFO - [2023-12-09T19:40:42.578+0000] {dagbag.py:536} INFO - Filling up the DagBag from /opt/airflow/dags/clean_up_after_star_schema_creation.py
[2023-12-09T19:40:42.582+0000] {processor.py:841} WARNING - No viable dags retrieved from /opt/airflow/dags/clean_up_after_star_schema_creation.py
[2023-12-09T19:40:42.593+0000] {processor.py:179} INFO - Processing /opt/airflow/dags/clean_up_after_star_schema_creation.py took 0.018 seconds
[2023-12-09T19:41:13.027+0000] {processor.py:157} INFO - Started process (PID=698) to work on /opt/airflow/dags/clean_up_after_star_schema_creation.py
[2023-12-09T19:41:13.029+0000] {processor.py:829} INFO - Processing file /opt/airflow/dags/clean_up_after_star_schema_creation.py for tasks to queue
[2023-12-09T19:41:13.029+0000] {logging_mixin.py:154} INFO - [2023-12-09T19:41:13.029+0000] {dagbag.py:536} INFO - Filling up the DagBag from /opt/airflow/dags/clean_up_after_star_schema_creation.py
[2023-12-09T19:41:13.034+0000] {processor.py:841} WARNING - No viable dags retrieved from /opt/airflow/dags/clean_up_after_star_schema_creation.py
[2023-12-09T19:41:13.045+0000] {processor.py:179} INFO - Processing /opt/airflow/dags/clean_up_after_star_schema_creation.py took 0.021 seconds
[2023-12-09T19:41:43.570+0000] {processor.py:157} INFO - Started process (PID=770) to work on /opt/airflow/dags/clean_up_after_star_schema_creation.py
[2023-12-09T19:41:43.571+0000] {processor.py:829} INFO - Processing file /opt/airflow/dags/clean_up_after_star_schema_creation.py for tasks to queue
[2023-12-09T19:41:43.571+0000] {logging_mixin.py:154} INFO - [2023-12-09T19:41:43.571+0000] {dagbag.py:536} INFO - Filling up the DagBag from /opt/airflow/dags/clean_up_after_star_schema_creation.py
[2023-12-09T19:41:43.578+0000] {processor.py:841} WARNING - No viable dags retrieved from /opt/airflow/dags/clean_up_after_star_schema_creation.py
[2023-12-09T19:41:43.594+0000] {processor.py:179} INFO - Processing /opt/airflow/dags/clean_up_after_star_schema_creation.py took 0.028 seconds
[2023-12-09T19:42:14.003+0000] {processor.py:157} INFO - Started process (PID=818) to work on /opt/airflow/dags/clean_up_after_star_schema_creation.py
[2023-12-09T19:42:14.004+0000] {processor.py:829} INFO - Processing file /opt/airflow/dags/clean_up_after_star_schema_creation.py for tasks to queue
[2023-12-09T19:42:14.005+0000] {logging_mixin.py:154} INFO - [2023-12-09T19:42:14.005+0000] {dagbag.py:536} INFO - Filling up the DagBag from /opt/airflow/dags/clean_up_after_star_schema_creation.py
[2023-12-09T19:42:14.011+0000] {processor.py:841} WARNING - No viable dags retrieved from /opt/airflow/dags/clean_up_after_star_schema_creation.py
[2023-12-09T19:42:14.025+0000] {processor.py:179} INFO - Processing /opt/airflow/dags/clean_up_after_star_schema_creation.py took 0.027 seconds
[2023-12-09T19:42:44.453+0000] {processor.py:157} INFO - Started process (PID=887) to work on /opt/airflow/dags/clean_up_after_star_schema_creation.py
[2023-12-09T19:42:44.454+0000] {processor.py:829} INFO - Processing file /opt/airflow/dags/clean_up_after_star_schema_creation.py for tasks to queue
[2023-12-09T19:42:44.455+0000] {logging_mixin.py:154} INFO - [2023-12-09T19:42:44.455+0000] {dagbag.py:536} INFO - Filling up the DagBag from /opt/airflow/dags/clean_up_after_star_schema_creation.py
[2023-12-09T19:42:44.460+0000] {processor.py:841} WARNING - No viable dags retrieved from /opt/airflow/dags/clean_up_after_star_schema_creation.py
[2023-12-09T19:42:44.473+0000] {processor.py:179} INFO - Processing /opt/airflow/dags/clean_up_after_star_schema_creation.py took 0.023 seconds
[2023-12-09T19:43:14.892+0000] {processor.py:157} INFO - Started process (PID=935) to work on /opt/airflow/dags/clean_up_after_star_schema_creation.py
[2023-12-09T19:43:14.893+0000] {processor.py:829} INFO - Processing file /opt/airflow/dags/clean_up_after_star_schema_creation.py for tasks to queue
[2023-12-09T19:43:14.894+0000] {logging_mixin.py:154} INFO - [2023-12-09T19:43:14.894+0000] {dagbag.py:536} INFO - Filling up the DagBag from /opt/airflow/dags/clean_up_after_star_schema_creation.py
[2023-12-09T19:43:14.903+0000] {processor.py:841} WARNING - No viable dags retrieved from /opt/airflow/dags/clean_up_after_star_schema_creation.py
[2023-12-09T19:43:14.922+0000] {processor.py:179} INFO - Processing /opt/airflow/dags/clean_up_after_star_schema_creation.py took 0.034 seconds
[2023-12-09T19:43:45.344+0000] {processor.py:157} INFO - Started process (PID=1004) to work on /opt/airflow/dags/clean_up_after_star_schema_creation.py
[2023-12-09T19:43:45.346+0000] {processor.py:829} INFO - Processing file /opt/airflow/dags/clean_up_after_star_schema_creation.py for tasks to queue
[2023-12-09T19:43:45.347+0000] {logging_mixin.py:154} INFO - [2023-12-09T19:43:45.346+0000] {dagbag.py:536} INFO - Filling up the DagBag from /opt/airflow/dags/clean_up_after_star_schema_creation.py
[2023-12-09T19:43:45.354+0000] {processor.py:841} WARNING - No viable dags retrieved from /opt/airflow/dags/clean_up_after_star_schema_creation.py
[2023-12-09T19:43:45.371+0000] {processor.py:179} INFO - Processing /opt/airflow/dags/clean_up_after_star_schema_creation.py took 0.032 seconds
[2023-12-09T19:44:15.796+0000] {processor.py:157} INFO - Started process (PID=1052) to work on /opt/airflow/dags/clean_up_after_star_schema_creation.py
[2023-12-09T19:44:15.797+0000] {processor.py:829} INFO - Processing file /opt/airflow/dags/clean_up_after_star_schema_creation.py for tasks to queue
[2023-12-09T19:44:15.798+0000] {logging_mixin.py:154} INFO - [2023-12-09T19:44:15.797+0000] {dagbag.py:536} INFO - Filling up the DagBag from /opt/airflow/dags/clean_up_after_star_schema_creation.py
[2023-12-09T19:44:15.803+0000] {processor.py:841} WARNING - No viable dags retrieved from /opt/airflow/dags/clean_up_after_star_schema_creation.py
[2023-12-09T19:44:15.816+0000] {processor.py:179} INFO - Processing /opt/airflow/dags/clean_up_after_star_schema_creation.py took 0.023 seconds
[2023-12-09T19:44:46.316+0000] {processor.py:157} INFO - Started process (PID=1100) to work on /opt/airflow/dags/clean_up_after_star_schema_creation.py
[2023-12-09T19:44:46.318+0000] {processor.py:829} INFO - Processing file /opt/airflow/dags/clean_up_after_star_schema_creation.py for tasks to queue
[2023-12-09T19:44:46.319+0000] {logging_mixin.py:154} INFO - [2023-12-09T19:44:46.318+0000] {dagbag.py:536} INFO - Filling up the DagBag from /opt/airflow/dags/clean_up_after_star_schema_creation.py
[2023-12-09T19:44:46.328+0000] {processor.py:841} WARNING - No viable dags retrieved from /opt/airflow/dags/clean_up_after_star_schema_creation.py
[2023-12-09T19:44:46.345+0000] {processor.py:179} INFO - Processing /opt/airflow/dags/clean_up_after_star_schema_creation.py took 0.037 seconds
[2023-12-09T19:45:16.856+0000] {processor.py:157} INFO - Started process (PID=1148) to work on /opt/airflow/dags/clean_up_after_star_schema_creation.py
[2023-12-09T19:45:16.858+0000] {processor.py:829} INFO - Processing file /opt/airflow/dags/clean_up_after_star_schema_creation.py for tasks to queue
[2023-12-09T19:45:16.860+0000] {logging_mixin.py:154} INFO - [2023-12-09T19:45:16.859+0000] {dagbag.py:536} INFO - Filling up the DagBag from /opt/airflow/dags/clean_up_after_star_schema_creation.py
[2023-12-09T19:45:16.868+0000] {processor.py:841} WARNING - No viable dags retrieved from /opt/airflow/dags/clean_up_after_star_schema_creation.py
[2023-12-09T19:45:16.884+0000] {processor.py:179} INFO - Processing /opt/airflow/dags/clean_up_after_star_schema_creation.py took 0.034 seconds
[2023-12-09T19:45:47.374+0000] {processor.py:157} INFO - Started process (PID=1196) to work on /opt/airflow/dags/clean_up_after_star_schema_creation.py
[2023-12-09T19:45:47.376+0000] {processor.py:829} INFO - Processing file /opt/airflow/dags/clean_up_after_star_schema_creation.py for tasks to queue
[2023-12-09T19:45:47.377+0000] {logging_mixin.py:154} INFO - [2023-12-09T19:45:47.376+0000] {dagbag.py:536} INFO - Filling up the DagBag from /opt/airflow/dags/clean_up_after_star_schema_creation.py
[2023-12-09T19:45:47.384+0000] {processor.py:841} WARNING - No viable dags retrieved from /opt/airflow/dags/clean_up_after_star_schema_creation.py
[2023-12-09T19:45:47.400+0000] {processor.py:179} INFO - Processing /opt/airflow/dags/clean_up_after_star_schema_creation.py took 0.033 seconds
[2023-12-09T19:46:17.861+0000] {processor.py:157} INFO - Started process (PID=1244) to work on /opt/airflow/dags/clean_up_after_star_schema_creation.py
[2023-12-09T19:46:17.862+0000] {processor.py:829} INFO - Processing file /opt/airflow/dags/clean_up_after_star_schema_creation.py for tasks to queue
[2023-12-09T19:46:17.863+0000] {logging_mixin.py:154} INFO - [2023-12-09T19:46:17.863+0000] {dagbag.py:536} INFO - Filling up the DagBag from /opt/airflow/dags/clean_up_after_star_schema_creation.py
[2023-12-09T19:46:17.870+0000] {processor.py:841} WARNING - No viable dags retrieved from /opt/airflow/dags/clean_up_after_star_schema_creation.py
[2023-12-09T19:46:17.886+0000] {processor.py:179} INFO - Processing /opt/airflow/dags/clean_up_after_star_schema_creation.py took 0.030 seconds
[2023-12-09T19:46:48.333+0000] {processor.py:157} INFO - Started process (PID=1292) to work on /opt/airflow/dags/clean_up_after_star_schema_creation.py
[2023-12-09T19:46:48.334+0000] {processor.py:829} INFO - Processing file /opt/airflow/dags/clean_up_after_star_schema_creation.py for tasks to queue
[2023-12-09T19:46:48.335+0000] {logging_mixin.py:154} INFO - [2023-12-09T19:46:48.335+0000] {dagbag.py:536} INFO - Filling up the DagBag from /opt/airflow/dags/clean_up_after_star_schema_creation.py
[2023-12-09T19:46:48.343+0000] {processor.py:841} WARNING - No viable dags retrieved from /opt/airflow/dags/clean_up_after_star_schema_creation.py
[2023-12-09T19:46:48.358+0000] {processor.py:179} INFO - Processing /opt/airflow/dags/clean_up_after_star_schema_creation.py took 0.033 seconds
[2023-12-09T19:47:18.883+0000] {processor.py:157} INFO - Started process (PID=1340) to work on /opt/airflow/dags/clean_up_after_star_schema_creation.py
[2023-12-09T19:47:18.885+0000] {processor.py:829} INFO - Processing file /opt/airflow/dags/clean_up_after_star_schema_creation.py for tasks to queue
[2023-12-09T19:47:18.886+0000] {logging_mixin.py:154} INFO - [2023-12-09T19:47:18.886+0000] {dagbag.py:536} INFO - Filling up the DagBag from /opt/airflow/dags/clean_up_after_star_schema_creation.py
[2023-12-09T19:47:18.894+0000] {processor.py:841} WARNING - No viable dags retrieved from /opt/airflow/dags/clean_up_after_star_schema_creation.py
[2023-12-09T19:47:18.911+0000] {processor.py:179} INFO - Processing /opt/airflow/dags/clean_up_after_star_schema_creation.py took 0.033 seconds
[2023-12-09T19:47:49.392+0000] {processor.py:157} INFO - Started process (PID=1388) to work on /opt/airflow/dags/clean_up_after_star_schema_creation.py
[2023-12-09T19:47:49.393+0000] {processor.py:829} INFO - Processing file /opt/airflow/dags/clean_up_after_star_schema_creation.py for tasks to queue
[2023-12-09T19:47:49.395+0000] {logging_mixin.py:154} INFO - [2023-12-09T19:47:49.394+0000] {dagbag.py:536} INFO - Filling up the DagBag from /opt/airflow/dags/clean_up_after_star_schema_creation.py
[2023-12-09T19:47:49.404+0000] {processor.py:841} WARNING - No viable dags retrieved from /opt/airflow/dags/clean_up_after_star_schema_creation.py
[2023-12-09T19:47:49.421+0000] {processor.py:179} INFO - Processing /opt/airflow/dags/clean_up_after_star_schema_creation.py took 0.038 seconds
[2023-12-09T19:48:19.917+0000] {processor.py:157} INFO - Started process (PID=1436) to work on /opt/airflow/dags/clean_up_after_star_schema_creation.py
[2023-12-09T19:48:19.920+0000] {processor.py:829} INFO - Processing file /opt/airflow/dags/clean_up_after_star_schema_creation.py for tasks to queue
[2023-12-09T19:48:19.921+0000] {logging_mixin.py:154} INFO - [2023-12-09T19:48:19.921+0000] {dagbag.py:536} INFO - Filling up the DagBag from /opt/airflow/dags/clean_up_after_star_schema_creation.py
[2023-12-09T19:48:19.930+0000] {processor.py:841} WARNING - No viable dags retrieved from /opt/airflow/dags/clean_up_after_star_schema_creation.py
[2023-12-09T19:48:19.950+0000] {processor.py:179} INFO - Processing /opt/airflow/dags/clean_up_after_star_schema_creation.py took 0.041 seconds
