[2023-12-09T19:36:39.278+0000] {processor.py:157} INFO - Started process (PID=201) to work on /opt/airflow/dags/create_star_schema_part_1.py
[2023-12-09T19:36:39.279+0000] {processor.py:829} INFO - Processing file /opt/airflow/dags/create_star_schema_part_1.py for tasks to queue
[2023-12-09T19:36:39.280+0000] {logging_mixin.py:154} INFO - [2023-12-09T19:36:39.279+0000] {dagbag.py:536} INFO - Filling up the DagBag from /opt/airflow/dags/create_star_schema_part_1.py
[2023-12-09T19:36:39.283+0000] {processor.py:841} WARNING - No viable dags retrieved from /opt/airflow/dags/create_star_schema_part_1.py
[2023-12-09T19:36:39.295+0000] {processor.py:179} INFO - Processing /opt/airflow/dags/create_star_schema_part_1.py took 0.019 seconds
[2023-12-09T19:37:09.564+0000] {processor.py:157} INFO - Started process (PID=245) to work on /opt/airflow/dags/create_star_schema_part_1.py
[2023-12-09T19:37:09.564+0000] {processor.py:829} INFO - Processing file /opt/airflow/dags/create_star_schema_part_1.py for tasks to queue
[2023-12-09T19:37:09.565+0000] {logging_mixin.py:154} INFO - [2023-12-09T19:37:09.565+0000] {dagbag.py:536} INFO - Filling up the DagBag from /opt/airflow/dags/create_star_schema_part_1.py
[2023-12-09T19:37:09.569+0000] {processor.py:841} WARNING - No viable dags retrieved from /opt/airflow/dags/create_star_schema_part_1.py
[2023-12-09T19:37:09.579+0000] {processor.py:179} INFO - Processing /opt/airflow/dags/create_star_schema_part_1.py took 0.017 seconds
[2023-12-09T19:37:40.041+0000] {processor.py:157} INFO - Started process (PID=293) to work on /opt/airflow/dags/create_star_schema_part_1.py
[2023-12-09T19:37:40.042+0000] {processor.py:829} INFO - Processing file /opt/airflow/dags/create_star_schema_part_1.py for tasks to queue
[2023-12-09T19:37:40.042+0000] {logging_mixin.py:154} INFO - [2023-12-09T19:37:40.042+0000] {dagbag.py:536} INFO - Filling up the DagBag from /opt/airflow/dags/create_star_schema_part_1.py
[2023-12-09T19:37:40.046+0000] {processor.py:841} WARNING - No viable dags retrieved from /opt/airflow/dags/create_star_schema_part_1.py
[2023-12-09T19:37:40.056+0000] {processor.py:179} INFO - Processing /opt/airflow/dags/create_star_schema_part_1.py took 0.016 seconds
[2023-12-09T19:38:10.527+0000] {processor.py:157} INFO - Started process (PID=341) to work on /opt/airflow/dags/create_star_schema_part_1.py
[2023-12-09T19:38:10.527+0000] {processor.py:829} INFO - Processing file /opt/airflow/dags/create_star_schema_part_1.py for tasks to queue
[2023-12-09T19:38:10.528+0000] {logging_mixin.py:154} INFO - [2023-12-09T19:38:10.527+0000] {dagbag.py:536} INFO - Filling up the DagBag from /opt/airflow/dags/create_star_schema_part_1.py
[2023-12-09T19:38:10.532+0000] {processor.py:841} WARNING - No viable dags retrieved from /opt/airflow/dags/create_star_schema_part_1.py
[2023-12-09T19:38:10.541+0000] {processor.py:179} INFO - Processing /opt/airflow/dags/create_star_schema_part_1.py took 0.016 seconds
[2023-12-09T19:38:40.959+0000] {processor.py:157} INFO - Started process (PID=435) to work on /opt/airflow/dags/create_star_schema_part_1.py
[2023-12-09T19:38:40.959+0000] {processor.py:829} INFO - Processing file /opt/airflow/dags/create_star_schema_part_1.py for tasks to queue
[2023-12-09T19:38:40.960+0000] {logging_mixin.py:154} INFO - [2023-12-09T19:38:40.960+0000] {dagbag.py:536} INFO - Filling up the DagBag from /opt/airflow/dags/create_star_schema_part_1.py
[2023-12-09T19:38:40.965+0000] {processor.py:841} WARNING - No viable dags retrieved from /opt/airflow/dags/create_star_schema_part_1.py
[2023-12-09T19:38:40.977+0000] {processor.py:179} INFO - Processing /opt/airflow/dags/create_star_schema_part_1.py took 0.020 seconds
[2023-12-09T19:39:11.391+0000] {processor.py:157} INFO - Started process (PID=485) to work on /opt/airflow/dags/create_star_schema_part_1.py
[2023-12-09T19:39:11.392+0000] {processor.py:829} INFO - Processing file /opt/airflow/dags/create_star_schema_part_1.py for tasks to queue
[2023-12-09T19:39:11.392+0000] {logging_mixin.py:154} INFO - [2023-12-09T19:39:11.392+0000] {dagbag.py:536} INFO - Filling up the DagBag from /opt/airflow/dags/create_star_schema_part_1.py
[2023-12-09T19:39:11.397+0000] {processor.py:841} WARNING - No viable dags retrieved from /opt/airflow/dags/create_star_schema_part_1.py
[2023-12-09T19:39:11.413+0000] {processor.py:179} INFO - Processing /opt/airflow/dags/create_star_schema_part_1.py took 0.024 seconds
[2023-12-09T19:39:41.875+0000] {processor.py:157} INFO - Started process (PID=573) to work on /opt/airflow/dags/create_star_schema_part_1.py
[2023-12-09T19:39:41.876+0000] {processor.py:829} INFO - Processing file /opt/airflow/dags/create_star_schema_part_1.py for tasks to queue
[2023-12-09T19:39:41.876+0000] {logging_mixin.py:154} INFO - [2023-12-09T19:39:41.876+0000] {dagbag.py:536} INFO - Filling up the DagBag from /opt/airflow/dags/create_star_schema_part_1.py
[2023-12-09T19:39:41.880+0000] {processor.py:841} WARNING - No viable dags retrieved from /opt/airflow/dags/create_star_schema_part_1.py
[2023-12-09T19:39:41.890+0000] {processor.py:179} INFO - Processing /opt/airflow/dags/create_star_schema_part_1.py took 0.017 seconds
[2023-12-09T19:40:12.300+0000] {processor.py:157} INFO - Started process (PID=623) to work on /opt/airflow/dags/create_star_schema_part_1.py
[2023-12-09T19:40:12.301+0000] {processor.py:829} INFO - Processing file /opt/airflow/dags/create_star_schema_part_1.py for tasks to queue
[2023-12-09T19:40:12.301+0000] {logging_mixin.py:154} INFO - [2023-12-09T19:40:12.301+0000] {dagbag.py:536} INFO - Filling up the DagBag from /opt/airflow/dags/create_star_schema_part_1.py
[2023-12-09T19:40:12.306+0000] {processor.py:841} WARNING - No viable dags retrieved from /opt/airflow/dags/create_star_schema_part_1.py
[2023-12-09T19:40:12.316+0000] {processor.py:179} INFO - Processing /opt/airflow/dags/create_star_schema_part_1.py took 0.019 seconds
[2023-12-09T19:40:42.703+0000] {processor.py:157} INFO - Started process (PID=680) to work on /opt/airflow/dags/create_star_schema_part_1.py
[2023-12-09T19:40:42.704+0000] {processor.py:829} INFO - Processing file /opt/airflow/dags/create_star_schema_part_1.py for tasks to queue
[2023-12-09T19:40:42.705+0000] {logging_mixin.py:154} INFO - [2023-12-09T19:40:42.705+0000] {dagbag.py:536} INFO - Filling up the DagBag from /opt/airflow/dags/create_star_schema_part_1.py
[2023-12-09T19:40:42.709+0000] {processor.py:841} WARNING - No viable dags retrieved from /opt/airflow/dags/create_star_schema_part_1.py
[2023-12-09T19:40:42.719+0000] {processor.py:179} INFO - Processing /opt/airflow/dags/create_star_schema_part_1.py took 0.018 seconds
[2023-12-09T19:41:13.156+0000] {processor.py:157} INFO - Started process (PID=728) to work on /opt/airflow/dags/create_star_schema_part_1.py
[2023-12-09T19:41:13.156+0000] {processor.py:829} INFO - Processing file /opt/airflow/dags/create_star_schema_part_1.py for tasks to queue
[2023-12-09T19:41:13.157+0000] {logging_mixin.py:154} INFO - [2023-12-09T19:41:13.157+0000] {dagbag.py:536} INFO - Filling up the DagBag from /opt/airflow/dags/create_star_schema_part_1.py
[2023-12-09T19:41:13.161+0000] {processor.py:841} WARNING - No viable dags retrieved from /opt/airflow/dags/create_star_schema_part_1.py
[2023-12-09T19:41:13.170+0000] {processor.py:179} INFO - Processing /opt/airflow/dags/create_star_schema_part_1.py took 0.019 seconds
[2023-12-09T19:41:43.708+0000] {processor.py:157} INFO - Started process (PID=800) to work on /opt/airflow/dags/create_star_schema_part_1.py
[2023-12-09T19:41:43.709+0000] {processor.py:829} INFO - Processing file /opt/airflow/dags/create_star_schema_part_1.py for tasks to queue
[2023-12-09T19:41:43.710+0000] {logging_mixin.py:154} INFO - [2023-12-09T19:41:43.710+0000] {dagbag.py:536} INFO - Filling up the DagBag from /opt/airflow/dags/create_star_schema_part_1.py
[2023-12-09T19:41:43.717+0000] {processor.py:841} WARNING - No viable dags retrieved from /opt/airflow/dags/create_star_schema_part_1.py
[2023-12-09T19:41:43.727+0000] {processor.py:179} INFO - Processing /opt/airflow/dags/create_star_schema_part_1.py took 0.021 seconds
[2023-12-09T19:42:14.135+0000] {processor.py:157} INFO - Started process (PID=848) to work on /opt/airflow/dags/create_star_schema_part_1.py
[2023-12-09T19:42:14.136+0000] {processor.py:829} INFO - Processing file /opt/airflow/dags/create_star_schema_part_1.py for tasks to queue
[2023-12-09T19:42:14.136+0000] {logging_mixin.py:154} INFO - [2023-12-09T19:42:14.136+0000] {dagbag.py:536} INFO - Filling up the DagBag from /opt/airflow/dags/create_star_schema_part_1.py
[2023-12-09T19:42:14.140+0000] {processor.py:841} WARNING - No viable dags retrieved from /opt/airflow/dags/create_star_schema_part_1.py
[2023-12-09T19:42:14.149+0000] {processor.py:179} INFO - Processing /opt/airflow/dags/create_star_schema_part_1.py took 0.017 seconds
[2023-12-09T19:42:44.584+0000] {processor.py:157} INFO - Started process (PID=917) to work on /opt/airflow/dags/create_star_schema_part_1.py
[2023-12-09T19:42:44.585+0000] {processor.py:829} INFO - Processing file /opt/airflow/dags/create_star_schema_part_1.py for tasks to queue
[2023-12-09T19:42:44.585+0000] {logging_mixin.py:154} INFO - [2023-12-09T19:42:44.585+0000] {dagbag.py:536} INFO - Filling up the DagBag from /opt/airflow/dags/create_star_schema_part_1.py
[2023-12-09T19:42:44.590+0000] {processor.py:841} WARNING - No viable dags retrieved from /opt/airflow/dags/create_star_schema_part_1.py
[2023-12-09T19:42:44.599+0000] {processor.py:179} INFO - Processing /opt/airflow/dags/create_star_schema_part_1.py took 0.017 seconds
[2023-12-09T19:43:15.031+0000] {processor.py:157} INFO - Started process (PID=965) to work on /opt/airflow/dags/create_star_schema_part_1.py
[2023-12-09T19:43:15.032+0000] {processor.py:829} INFO - Processing file /opt/airflow/dags/create_star_schema_part_1.py for tasks to queue
[2023-12-09T19:43:15.032+0000] {logging_mixin.py:154} INFO - [2023-12-09T19:43:15.032+0000] {dagbag.py:536} INFO - Filling up the DagBag from /opt/airflow/dags/create_star_schema_part_1.py
[2023-12-09T19:43:15.038+0000] {processor.py:841} WARNING - No viable dags retrieved from /opt/airflow/dags/create_star_schema_part_1.py
[2023-12-09T19:43:15.048+0000] {processor.py:179} INFO - Processing /opt/airflow/dags/create_star_schema_part_1.py took 0.018 seconds
[2023-12-09T19:43:45.483+0000] {processor.py:157} INFO - Started process (PID=1034) to work on /opt/airflow/dags/create_star_schema_part_1.py
[2023-12-09T19:43:45.484+0000] {processor.py:829} INFO - Processing file /opt/airflow/dags/create_star_schema_part_1.py for tasks to queue
[2023-12-09T19:43:45.484+0000] {logging_mixin.py:154} INFO - [2023-12-09T19:43:45.484+0000] {dagbag.py:536} INFO - Filling up the DagBag from /opt/airflow/dags/create_star_schema_part_1.py
[2023-12-09T19:43:45.488+0000] {processor.py:841} WARNING - No viable dags retrieved from /opt/airflow/dags/create_star_schema_part_1.py
[2023-12-09T19:43:45.499+0000] {processor.py:179} INFO - Processing /opt/airflow/dags/create_star_schema_part_1.py took 0.018 seconds
[2023-12-09T19:44:15.899+0000] {processor.py:157} INFO - Started process (PID=1080) to work on /opt/airflow/dags/create_star_schema_part_1.py
[2023-12-09T19:44:15.900+0000] {processor.py:829} INFO - Processing file /opt/airflow/dags/create_star_schema_part_1.py for tasks to queue
[2023-12-09T19:44:15.901+0000] {logging_mixin.py:154} INFO - [2023-12-09T19:44:15.901+0000] {dagbag.py:536} INFO - Filling up the DagBag from /opt/airflow/dags/create_star_schema_part_1.py
[2023-12-09T19:44:15.905+0000] {processor.py:841} WARNING - No viable dags retrieved from /opt/airflow/dags/create_star_schema_part_1.py
[2023-12-09T19:44:15.914+0000] {processor.py:179} INFO - Processing /opt/airflow/dags/create_star_schema_part_1.py took 0.017 seconds
[2023-12-09T19:44:46.447+0000] {processor.py:157} INFO - Started process (PID=1130) to work on /opt/airflow/dags/create_star_schema_part_1.py
[2023-12-09T19:44:46.448+0000] {processor.py:829} INFO - Processing file /opt/airflow/dags/create_star_schema_part_1.py for tasks to queue
[2023-12-09T19:44:46.448+0000] {logging_mixin.py:154} INFO - [2023-12-09T19:44:46.448+0000] {dagbag.py:536} INFO - Filling up the DagBag from /opt/airflow/dags/create_star_schema_part_1.py
[2023-12-09T19:44:46.452+0000] {processor.py:841} WARNING - No viable dags retrieved from /opt/airflow/dags/create_star_schema_part_1.py
[2023-12-09T19:44:46.461+0000] {processor.py:179} INFO - Processing /opt/airflow/dags/create_star_schema_part_1.py took 0.016 seconds
[2023-12-09T19:45:16.985+0000] {processor.py:157} INFO - Started process (PID=1178) to work on /opt/airflow/dags/create_star_schema_part_1.py
[2023-12-09T19:45:16.986+0000] {processor.py:829} INFO - Processing file /opt/airflow/dags/create_star_schema_part_1.py for tasks to queue
[2023-12-09T19:45:16.986+0000] {logging_mixin.py:154} INFO - [2023-12-09T19:45:16.986+0000] {dagbag.py:536} INFO - Filling up the DagBag from /opt/airflow/dags/create_star_schema_part_1.py
[2023-12-09T19:45:16.990+0000] {processor.py:841} WARNING - No viable dags retrieved from /opt/airflow/dags/create_star_schema_part_1.py
[2023-12-09T19:45:16.999+0000] {processor.py:179} INFO - Processing /opt/airflow/dags/create_star_schema_part_1.py took 0.016 seconds
[2023-12-09T19:45:47.502+0000] {processor.py:157} INFO - Started process (PID=1226) to work on /opt/airflow/dags/create_star_schema_part_1.py
[2023-12-09T19:45:47.503+0000] {processor.py:829} INFO - Processing file /opt/airflow/dags/create_star_schema_part_1.py for tasks to queue
[2023-12-09T19:45:47.503+0000] {logging_mixin.py:154} INFO - [2023-12-09T19:45:47.503+0000] {dagbag.py:536} INFO - Filling up the DagBag from /opt/airflow/dags/create_star_schema_part_1.py
[2023-12-09T19:45:47.507+0000] {processor.py:841} WARNING - No viable dags retrieved from /opt/airflow/dags/create_star_schema_part_1.py
[2023-12-09T19:45:47.517+0000] {processor.py:179} INFO - Processing /opt/airflow/dags/create_star_schema_part_1.py took 0.016 seconds
[2023-12-09T19:46:17.987+0000] {processor.py:157} INFO - Started process (PID=1274) to work on /opt/airflow/dags/create_star_schema_part_1.py
[2023-12-09T19:46:17.988+0000] {processor.py:829} INFO - Processing file /opt/airflow/dags/create_star_schema_part_1.py for tasks to queue
[2023-12-09T19:46:17.988+0000] {logging_mixin.py:154} INFO - [2023-12-09T19:46:17.988+0000] {dagbag.py:536} INFO - Filling up the DagBag from /opt/airflow/dags/create_star_schema_part_1.py
[2023-12-09T19:46:17.993+0000] {processor.py:841} WARNING - No viable dags retrieved from /opt/airflow/dags/create_star_schema_part_1.py
[2023-12-09T19:46:18.002+0000] {processor.py:179} INFO - Processing /opt/airflow/dags/create_star_schema_part_1.py took 0.016 seconds
[2023-12-09T19:46:48.480+0000] {processor.py:157} INFO - Started process (PID=1322) to work on /opt/airflow/dags/create_star_schema_part_1.py
[2023-12-09T19:46:48.481+0000] {processor.py:829} INFO - Processing file /opt/airflow/dags/create_star_schema_part_1.py for tasks to queue
[2023-12-09T19:46:48.481+0000] {logging_mixin.py:154} INFO - [2023-12-09T19:46:48.481+0000] {dagbag.py:536} INFO - Filling up the DagBag from /opt/airflow/dags/create_star_schema_part_1.py
[2023-12-09T19:46:48.485+0000] {processor.py:841} WARNING - No viable dags retrieved from /opt/airflow/dags/create_star_schema_part_1.py
[2023-12-09T19:46:48.495+0000] {processor.py:179} INFO - Processing /opt/airflow/dags/create_star_schema_part_1.py took 0.017 seconds
[2023-12-09T19:47:19.024+0000] {processor.py:157} INFO - Started process (PID=1370) to work on /opt/airflow/dags/create_star_schema_part_1.py
[2023-12-09T19:47:19.024+0000] {processor.py:829} INFO - Processing file /opt/airflow/dags/create_star_schema_part_1.py for tasks to queue
[2023-12-09T19:47:19.025+0000] {logging_mixin.py:154} INFO - [2023-12-09T19:47:19.025+0000] {dagbag.py:536} INFO - Filling up the DagBag from /opt/airflow/dags/create_star_schema_part_1.py
[2023-12-09T19:47:19.029+0000] {processor.py:841} WARNING - No viable dags retrieved from /opt/airflow/dags/create_star_schema_part_1.py
[2023-12-09T19:47:19.041+0000] {processor.py:179} INFO - Processing /opt/airflow/dags/create_star_schema_part_1.py took 0.019 seconds
[2023-12-09T19:47:49.523+0000] {processor.py:157} INFO - Started process (PID=1418) to work on /opt/airflow/dags/create_star_schema_part_1.py
[2023-12-09T19:47:49.523+0000] {processor.py:829} INFO - Processing file /opt/airflow/dags/create_star_schema_part_1.py for tasks to queue
[2023-12-09T19:47:49.524+0000] {logging_mixin.py:154} INFO - [2023-12-09T19:47:49.524+0000] {dagbag.py:536} INFO - Filling up the DagBag from /opt/airflow/dags/create_star_schema_part_1.py
[2023-12-09T19:47:49.529+0000] {processor.py:841} WARNING - No viable dags retrieved from /opt/airflow/dags/create_star_schema_part_1.py
[2023-12-09T19:47:49.539+0000] {processor.py:179} INFO - Processing /opt/airflow/dags/create_star_schema_part_1.py took 0.018 seconds
[2023-12-09T19:48:20.055+0000] {processor.py:157} INFO - Started process (PID=1466) to work on /opt/airflow/dags/create_star_schema_part_1.py
[2023-12-09T19:48:20.056+0000] {processor.py:829} INFO - Processing file /opt/airflow/dags/create_star_schema_part_1.py for tasks to queue
[2023-12-09T19:48:20.056+0000] {logging_mixin.py:154} INFO - [2023-12-09T19:48:20.056+0000] {dagbag.py:536} INFO - Filling up the DagBag from /opt/airflow/dags/create_star_schema_part_1.py
[2023-12-09T19:48:20.060+0000] {processor.py:841} WARNING - No viable dags retrieved from /opt/airflow/dags/create_star_schema_part_1.py
[2023-12-09T19:48:20.070+0000] {processor.py:179} INFO - Processing /opt/airflow/dags/create_star_schema_part_1.py took 0.016 seconds
