[2023-12-09T19:36:39.096+0000] {processor.py:157} INFO - Started process (PID=175) to work on /opt/airflow/dags/remove_outliers_1_5_iqr.py
[2023-12-09T19:36:39.097+0000] {processor.py:829} INFO - Processing file /opt/airflow/dags/remove_outliers_1_5_iqr.py for tasks to queue
[2023-12-09T19:36:39.097+0000] {logging_mixin.py:154} INFO - [2023-12-09T19:36:39.097+0000] {dagbag.py:536} INFO - Filling up the DagBag from /opt/airflow/dags/remove_outliers_1_5_iqr.py
[2023-12-09T19:36:39.100+0000] {processor.py:841} WARNING - No viable dags retrieved from /opt/airflow/dags/remove_outliers_1_5_iqr.py
[2023-12-09T19:36:39.116+0000] {processor.py:179} INFO - Processing /opt/airflow/dags/remove_outliers_1_5_iqr.py took 0.022 seconds
[2023-12-09T19:37:09.443+0000] {processor.py:157} INFO - Started process (PID=218) to work on /opt/airflow/dags/remove_outliers_1_5_iqr.py
[2023-12-09T19:37:09.444+0000] {processor.py:829} INFO - Processing file /opt/airflow/dags/remove_outliers_1_5_iqr.py for tasks to queue
[2023-12-09T19:37:09.445+0000] {logging_mixin.py:154} INFO - [2023-12-09T19:37:09.445+0000] {dagbag.py:536} INFO - Filling up the DagBag from /opt/airflow/dags/remove_outliers_1_5_iqr.py
[2023-12-09T19:37:09.451+0000] {processor.py:841} WARNING - No viable dags retrieved from /opt/airflow/dags/remove_outliers_1_5_iqr.py
[2023-12-09T19:37:09.464+0000] {processor.py:179} INFO - Processing /opt/airflow/dags/remove_outliers_1_5_iqr.py took 0.025 seconds
[2023-12-09T19:37:39.925+0000] {processor.py:157} INFO - Started process (PID=266) to work on /opt/airflow/dags/remove_outliers_1_5_iqr.py
[2023-12-09T19:37:39.926+0000] {processor.py:829} INFO - Processing file /opt/airflow/dags/remove_outliers_1_5_iqr.py for tasks to queue
[2023-12-09T19:37:39.927+0000] {logging_mixin.py:154} INFO - [2023-12-09T19:37:39.927+0000] {dagbag.py:536} INFO - Filling up the DagBag from /opt/airflow/dags/remove_outliers_1_5_iqr.py
[2023-12-09T19:37:39.932+0000] {processor.py:841} WARNING - No viable dags retrieved from /opt/airflow/dags/remove_outliers_1_5_iqr.py
[2023-12-09T19:37:39.945+0000] {processor.py:179} INFO - Processing /opt/airflow/dags/remove_outliers_1_5_iqr.py took 0.024 seconds
[2023-12-09T19:38:10.406+0000] {processor.py:157} INFO - Started process (PID=314) to work on /opt/airflow/dags/remove_outliers_1_5_iqr.py
[2023-12-09T19:38:10.407+0000] {processor.py:829} INFO - Processing file /opt/airflow/dags/remove_outliers_1_5_iqr.py for tasks to queue
[2023-12-09T19:38:10.408+0000] {logging_mixin.py:154} INFO - [2023-12-09T19:38:10.407+0000] {dagbag.py:536} INFO - Filling up the DagBag from /opt/airflow/dags/remove_outliers_1_5_iqr.py
[2023-12-09T19:38:10.413+0000] {processor.py:841} WARNING - No viable dags retrieved from /opt/airflow/dags/remove_outliers_1_5_iqr.py
[2023-12-09T19:38:10.427+0000] {processor.py:179} INFO - Processing /opt/airflow/dags/remove_outliers_1_5_iqr.py took 0.025 seconds
[2023-12-09T19:38:40.847+0000] {processor.py:157} INFO - Started process (PID=410) to work on /opt/airflow/dags/remove_outliers_1_5_iqr.py
[2023-12-09T19:38:40.848+0000] {processor.py:829} INFO - Processing file /opt/airflow/dags/remove_outliers_1_5_iqr.py for tasks to queue
[2023-12-09T19:38:40.849+0000] {logging_mixin.py:154} INFO - [2023-12-09T19:38:40.849+0000] {dagbag.py:536} INFO - Filling up the DagBag from /opt/airflow/dags/remove_outliers_1_5_iqr.py
[2023-12-09T19:38:40.852+0000] {processor.py:841} WARNING - No viable dags retrieved from /opt/airflow/dags/remove_outliers_1_5_iqr.py
[2023-12-09T19:38:40.864+0000] {processor.py:179} INFO - Processing /opt/airflow/dags/remove_outliers_1_5_iqr.py took 0.019 seconds
[2023-12-09T19:39:11.239+0000] {processor.py:157} INFO - Started process (PID=458) to work on /opt/airflow/dags/remove_outliers_1_5_iqr.py
[2023-12-09T19:39:11.239+0000] {processor.py:829} INFO - Processing file /opt/airflow/dags/remove_outliers_1_5_iqr.py for tasks to queue
[2023-12-09T19:39:11.240+0000] {logging_mixin.py:154} INFO - [2023-12-09T19:39:11.240+0000] {dagbag.py:536} INFO - Filling up the DagBag from /opt/airflow/dags/remove_outliers_1_5_iqr.py
[2023-12-09T19:39:11.248+0000] {processor.py:841} WARNING - No viable dags retrieved from /opt/airflow/dags/remove_outliers_1_5_iqr.py
[2023-12-09T19:39:11.264+0000] {processor.py:179} INFO - Processing /opt/airflow/dags/remove_outliers_1_5_iqr.py took 0.027 seconds
[2023-12-09T19:39:41.769+0000] {processor.py:157} INFO - Started process (PID=548) to work on /opt/airflow/dags/remove_outliers_1_5_iqr.py
[2023-12-09T19:39:41.770+0000] {processor.py:829} INFO - Processing file /opt/airflow/dags/remove_outliers_1_5_iqr.py for tasks to queue
[2023-12-09T19:39:41.771+0000] {logging_mixin.py:154} INFO - [2023-12-09T19:39:41.771+0000] {dagbag.py:536} INFO - Filling up the DagBag from /opt/airflow/dags/remove_outliers_1_5_iqr.py
[2023-12-09T19:39:41.777+0000] {processor.py:841} WARNING - No viable dags retrieved from /opt/airflow/dags/remove_outliers_1_5_iqr.py
[2023-12-09T19:39:41.791+0000] {processor.py:179} INFO - Processing /opt/airflow/dags/remove_outliers_1_5_iqr.py took 0.027 seconds
[2023-12-09T19:40:12.165+0000] {processor.py:157} INFO - Started process (PID=596) to work on /opt/airflow/dags/remove_outliers_1_5_iqr.py
[2023-12-09T19:40:12.167+0000] {processor.py:829} INFO - Processing file /opt/airflow/dags/remove_outliers_1_5_iqr.py for tasks to queue
[2023-12-09T19:40:12.168+0000] {logging_mixin.py:154} INFO - [2023-12-09T19:40:12.168+0000] {dagbag.py:536} INFO - Filling up the DagBag from /opt/airflow/dags/remove_outliers_1_5_iqr.py
[2023-12-09T19:40:12.176+0000] {processor.py:841} WARNING - No viable dags retrieved from /opt/airflow/dags/remove_outliers_1_5_iqr.py
[2023-12-09T19:40:12.192+0000] {processor.py:179} INFO - Processing /opt/airflow/dags/remove_outliers_1_5_iqr.py took 0.031 seconds
[2023-12-09T19:40:42.581+0000] {processor.py:157} INFO - Started process (PID=653) to work on /opt/airflow/dags/remove_outliers_1_5_iqr.py
[2023-12-09T19:40:42.582+0000] {processor.py:829} INFO - Processing file /opt/airflow/dags/remove_outliers_1_5_iqr.py for tasks to queue
[2023-12-09T19:40:42.582+0000] {logging_mixin.py:154} INFO - [2023-12-09T19:40:42.582+0000] {dagbag.py:536} INFO - Filling up the DagBag from /opt/airflow/dags/remove_outliers_1_5_iqr.py
[2023-12-09T19:40:42.585+0000] {processor.py:841} WARNING - No viable dags retrieved from /opt/airflow/dags/remove_outliers_1_5_iqr.py
[2023-12-09T19:40:42.597+0000] {processor.py:179} INFO - Processing /opt/airflow/dags/remove_outliers_1_5_iqr.py took 0.018 seconds
[2023-12-09T19:41:13.032+0000] {processor.py:157} INFO - Started process (PID=701) to work on /opt/airflow/dags/remove_outliers_1_5_iqr.py
[2023-12-09T19:41:13.032+0000] {processor.py:829} INFO - Processing file /opt/airflow/dags/remove_outliers_1_5_iqr.py for tasks to queue
[2023-12-09T19:41:13.033+0000] {logging_mixin.py:154} INFO - [2023-12-09T19:41:13.033+0000] {dagbag.py:536} INFO - Filling up the DagBag from /opt/airflow/dags/remove_outliers_1_5_iqr.py
[2023-12-09T19:41:13.037+0000] {processor.py:841} WARNING - No viable dags retrieved from /opt/airflow/dags/remove_outliers_1_5_iqr.py
[2023-12-09T19:41:13.047+0000] {processor.py:179} INFO - Processing /opt/airflow/dags/remove_outliers_1_5_iqr.py took 0.017 seconds
[2023-12-09T19:41:43.574+0000] {processor.py:157} INFO - Started process (PID=773) to work on /opt/airflow/dags/remove_outliers_1_5_iqr.py
[2023-12-09T19:41:43.575+0000] {processor.py:829} INFO - Processing file /opt/airflow/dags/remove_outliers_1_5_iqr.py for tasks to queue
[2023-12-09T19:41:43.576+0000] {logging_mixin.py:154} INFO - [2023-12-09T19:41:43.576+0000] {dagbag.py:536} INFO - Filling up the DagBag from /opt/airflow/dags/remove_outliers_1_5_iqr.py
[2023-12-09T19:41:43.581+0000] {processor.py:841} WARNING - No viable dags retrieved from /opt/airflow/dags/remove_outliers_1_5_iqr.py
[2023-12-09T19:41:43.595+0000] {processor.py:179} INFO - Processing /opt/airflow/dags/remove_outliers_1_5_iqr.py took 0.024 seconds
[2023-12-09T19:42:14.008+0000] {processor.py:157} INFO - Started process (PID=821) to work on /opt/airflow/dags/remove_outliers_1_5_iqr.py
[2023-12-09T19:42:14.009+0000] {processor.py:829} INFO - Processing file /opt/airflow/dags/remove_outliers_1_5_iqr.py for tasks to queue
[2023-12-09T19:42:14.010+0000] {logging_mixin.py:154} INFO - [2023-12-09T19:42:14.009+0000] {dagbag.py:536} INFO - Filling up the DagBag from /opt/airflow/dags/remove_outliers_1_5_iqr.py
[2023-12-09T19:42:14.015+0000] {processor.py:841} WARNING - No viable dags retrieved from /opt/airflow/dags/remove_outliers_1_5_iqr.py
[2023-12-09T19:42:14.028+0000] {processor.py:179} INFO - Processing /opt/airflow/dags/remove_outliers_1_5_iqr.py took 0.023 seconds
[2023-12-09T19:42:44.458+0000] {processor.py:157} INFO - Started process (PID=890) to work on /opt/airflow/dags/remove_outliers_1_5_iqr.py
[2023-12-09T19:42:44.459+0000] {processor.py:829} INFO - Processing file /opt/airflow/dags/remove_outliers_1_5_iqr.py for tasks to queue
[2023-12-09T19:42:44.460+0000] {logging_mixin.py:154} INFO - [2023-12-09T19:42:44.459+0000] {dagbag.py:536} INFO - Filling up the DagBag from /opt/airflow/dags/remove_outliers_1_5_iqr.py
[2023-12-09T19:42:44.464+0000] {processor.py:841} WARNING - No viable dags retrieved from /opt/airflow/dags/remove_outliers_1_5_iqr.py
[2023-12-09T19:42:44.476+0000] {processor.py:179} INFO - Processing /opt/airflow/dags/remove_outliers_1_5_iqr.py took 0.021 seconds
[2023-12-09T19:43:14.900+0000] {processor.py:157} INFO - Started process (PID=938) to work on /opt/airflow/dags/remove_outliers_1_5_iqr.py
[2023-12-09T19:43:14.902+0000] {processor.py:829} INFO - Processing file /opt/airflow/dags/remove_outliers_1_5_iqr.py for tasks to queue
[2023-12-09T19:43:14.903+0000] {logging_mixin.py:154} INFO - [2023-12-09T19:43:14.903+0000] {dagbag.py:536} INFO - Filling up the DagBag from /opt/airflow/dags/remove_outliers_1_5_iqr.py
[2023-12-09T19:43:14.910+0000] {processor.py:841} WARNING - No viable dags retrieved from /opt/airflow/dags/remove_outliers_1_5_iqr.py
[2023-12-09T19:43:14.926+0000] {processor.py:179} INFO - Processing /opt/airflow/dags/remove_outliers_1_5_iqr.py took 0.031 seconds
[2023-12-09T19:43:45.352+0000] {processor.py:157} INFO - Started process (PID=1007) to work on /opt/airflow/dags/remove_outliers_1_5_iqr.py
[2023-12-09T19:43:45.353+0000] {processor.py:829} INFO - Processing file /opt/airflow/dags/remove_outliers_1_5_iqr.py for tasks to queue
[2023-12-09T19:43:45.354+0000] {logging_mixin.py:154} INFO - [2023-12-09T19:43:45.354+0000] {dagbag.py:536} INFO - Filling up the DagBag from /opt/airflow/dags/remove_outliers_1_5_iqr.py
[2023-12-09T19:43:45.360+0000] {processor.py:841} WARNING - No viable dags retrieved from /opt/airflow/dags/remove_outliers_1_5_iqr.py
[2023-12-09T19:43:45.377+0000] {processor.py:179} INFO - Processing /opt/airflow/dags/remove_outliers_1_5_iqr.py took 0.029 seconds
[2023-12-09T19:44:15.800+0000] {processor.py:157} INFO - Started process (PID=1055) to work on /opt/airflow/dags/remove_outliers_1_5_iqr.py
[2023-12-09T19:44:15.801+0000] {processor.py:829} INFO - Processing file /opt/airflow/dags/remove_outliers_1_5_iqr.py for tasks to queue
[2023-12-09T19:44:15.802+0000] {logging_mixin.py:154} INFO - [2023-12-09T19:44:15.802+0000] {dagbag.py:536} INFO - Filling up the DagBag from /opt/airflow/dags/remove_outliers_1_5_iqr.py
[2023-12-09T19:44:15.806+0000] {processor.py:841} WARNING - No viable dags retrieved from /opt/airflow/dags/remove_outliers_1_5_iqr.py
[2023-12-09T19:44:15.817+0000] {processor.py:179} INFO - Processing /opt/airflow/dags/remove_outliers_1_5_iqr.py took 0.019 seconds
[2023-12-09T19:44:46.324+0000] {processor.py:157} INFO - Started process (PID=1103) to work on /opt/airflow/dags/remove_outliers_1_5_iqr.py
[2023-12-09T19:44:46.325+0000] {processor.py:829} INFO - Processing file /opt/airflow/dags/remove_outliers_1_5_iqr.py for tasks to queue
[2023-12-09T19:44:46.326+0000] {logging_mixin.py:154} INFO - [2023-12-09T19:44:46.326+0000] {dagbag.py:536} INFO - Filling up the DagBag from /opt/airflow/dags/remove_outliers_1_5_iqr.py
[2023-12-09T19:44:46.332+0000] {processor.py:841} WARNING - No viable dags retrieved from /opt/airflow/dags/remove_outliers_1_5_iqr.py
[2023-12-09T19:44:46.347+0000] {processor.py:179} INFO - Processing /opt/airflow/dags/remove_outliers_1_5_iqr.py took 0.028 seconds
[2023-12-09T19:45:16.864+0000] {processor.py:157} INFO - Started process (PID=1151) to work on /opt/airflow/dags/remove_outliers_1_5_iqr.py
[2023-12-09T19:45:16.865+0000] {processor.py:829} INFO - Processing file /opt/airflow/dags/remove_outliers_1_5_iqr.py for tasks to queue
[2023-12-09T19:45:16.866+0000] {logging_mixin.py:154} INFO - [2023-12-09T19:45:16.865+0000] {dagbag.py:536} INFO - Filling up the DagBag from /opt/airflow/dags/remove_outliers_1_5_iqr.py
[2023-12-09T19:45:16.871+0000] {processor.py:841} WARNING - No viable dags retrieved from /opt/airflow/dags/remove_outliers_1_5_iqr.py
[2023-12-09T19:45:16.884+0000] {processor.py:179} INFO - Processing /opt/airflow/dags/remove_outliers_1_5_iqr.py took 0.025 seconds
[2023-12-09T19:45:47.381+0000] {processor.py:157} INFO - Started process (PID=1199) to work on /opt/airflow/dags/remove_outliers_1_5_iqr.py
[2023-12-09T19:45:47.382+0000] {processor.py:829} INFO - Processing file /opt/airflow/dags/remove_outliers_1_5_iqr.py for tasks to queue
[2023-12-09T19:45:47.383+0000] {logging_mixin.py:154} INFO - [2023-12-09T19:45:47.383+0000] {dagbag.py:536} INFO - Filling up the DagBag from /opt/airflow/dags/remove_outliers_1_5_iqr.py
[2023-12-09T19:45:47.389+0000] {processor.py:841} WARNING - No viable dags retrieved from /opt/airflow/dags/remove_outliers_1_5_iqr.py
[2023-12-09T19:45:47.403+0000] {processor.py:179} INFO - Processing /opt/airflow/dags/remove_outliers_1_5_iqr.py took 0.026 seconds
[2023-12-09T19:46:17.866+0000] {processor.py:157} INFO - Started process (PID=1247) to work on /opt/airflow/dags/remove_outliers_1_5_iqr.py
[2023-12-09T19:46:17.867+0000] {processor.py:829} INFO - Processing file /opt/airflow/dags/remove_outliers_1_5_iqr.py for tasks to queue
[2023-12-09T19:46:17.868+0000] {logging_mixin.py:154} INFO - [2023-12-09T19:46:17.867+0000] {dagbag.py:536} INFO - Filling up the DagBag from /opt/airflow/dags/remove_outliers_1_5_iqr.py
[2023-12-09T19:46:17.873+0000] {processor.py:841} WARNING - No viable dags retrieved from /opt/airflow/dags/remove_outliers_1_5_iqr.py
[2023-12-09T19:46:17.887+0000] {processor.py:179} INFO - Processing /opt/airflow/dags/remove_outliers_1_5_iqr.py took 0.025 seconds
[2023-12-09T19:46:48.340+0000] {processor.py:157} INFO - Started process (PID=1295) to work on /opt/airflow/dags/remove_outliers_1_5_iqr.py
[2023-12-09T19:46:48.341+0000] {processor.py:829} INFO - Processing file /opt/airflow/dags/remove_outliers_1_5_iqr.py for tasks to queue
[2023-12-09T19:46:48.342+0000] {logging_mixin.py:154} INFO - [2023-12-09T19:46:48.342+0000] {dagbag.py:536} INFO - Filling up the DagBag from /opt/airflow/dags/remove_outliers_1_5_iqr.py
[2023-12-09T19:46:48.350+0000] {processor.py:841} WARNING - No viable dags retrieved from /opt/airflow/dags/remove_outliers_1_5_iqr.py
[2023-12-09T19:46:48.365+0000] {processor.py:179} INFO - Processing /opt/airflow/dags/remove_outliers_1_5_iqr.py took 0.029 seconds
[2023-12-09T19:47:18.892+0000] {processor.py:157} INFO - Started process (PID=1343) to work on /opt/airflow/dags/remove_outliers_1_5_iqr.py
[2023-12-09T19:47:18.893+0000] {processor.py:829} INFO - Processing file /opt/airflow/dags/remove_outliers_1_5_iqr.py for tasks to queue
[2023-12-09T19:47:18.894+0000] {logging_mixin.py:154} INFO - [2023-12-09T19:47:18.894+0000] {dagbag.py:536} INFO - Filling up the DagBag from /opt/airflow/dags/remove_outliers_1_5_iqr.py
[2023-12-09T19:47:18.900+0000] {processor.py:841} WARNING - No viable dags retrieved from /opt/airflow/dags/remove_outliers_1_5_iqr.py
[2023-12-09T19:47:18.916+0000] {processor.py:179} INFO - Processing /opt/airflow/dags/remove_outliers_1_5_iqr.py took 0.028 seconds
[2023-12-09T19:47:49.400+0000] {processor.py:157} INFO - Started process (PID=1391) to work on /opt/airflow/dags/remove_outliers_1_5_iqr.py
[2023-12-09T19:47:49.401+0000] {processor.py:829} INFO - Processing file /opt/airflow/dags/remove_outliers_1_5_iqr.py for tasks to queue
[2023-12-09T19:47:49.403+0000] {logging_mixin.py:154} INFO - [2023-12-09T19:47:49.402+0000] {dagbag.py:536} INFO - Filling up the DagBag from /opt/airflow/dags/remove_outliers_1_5_iqr.py
[2023-12-09T19:47:49.409+0000] {processor.py:841} WARNING - No viable dags retrieved from /opt/airflow/dags/remove_outliers_1_5_iqr.py
[2023-12-09T19:47:49.423+0000] {processor.py:179} INFO - Processing /opt/airflow/dags/remove_outliers_1_5_iqr.py took 0.028 seconds
[2023-12-09T19:48:19.927+0000] {processor.py:157} INFO - Started process (PID=1439) to work on /opt/airflow/dags/remove_outliers_1_5_iqr.py
[2023-12-09T19:48:19.929+0000] {processor.py:829} INFO - Processing file /opt/airflow/dags/remove_outliers_1_5_iqr.py for tasks to queue
[2023-12-09T19:48:19.930+0000] {logging_mixin.py:154} INFO - [2023-12-09T19:48:19.929+0000] {dagbag.py:536} INFO - Filling up the DagBag from /opt/airflow/dags/remove_outliers_1_5_iqr.py
[2023-12-09T19:48:19.936+0000] {processor.py:841} WARNING - No viable dags retrieved from /opt/airflow/dags/remove_outliers_1_5_iqr.py
[2023-12-09T19:48:19.953+0000] {processor.py:179} INFO - Processing /opt/airflow/dags/remove_outliers_1_5_iqr.py took 0.031 seconds
