[2023-12-21T16:16:13.809+0000] {taskinstance.py:1159} INFO - Dependencies all met for dep_context=non-requeueable deps ti=<TaskInstance: Insurance_Fraud-v01.remove_replaced_dim_cols.remove_original_MaritalStatus_in_fact_table scheduled__2023-12-01T00:00:00+00:00 [queued]>
[2023-12-21T16:16:13.824+0000] {taskinstance.py:1159} INFO - Dependencies all met for dep_context=requeueable deps ti=<TaskInstance: Insurance_Fraud-v01.remove_replaced_dim_cols.remove_original_MaritalStatus_in_fact_table scheduled__2023-12-01T00:00:00+00:00 [queued]>
[2023-12-21T16:16:13.824+0000] {taskinstance.py:1361} INFO - Starting attempt 1 of 6
[2023-12-21T16:16:13.838+0000] {taskinstance.py:1382} INFO - Executing <Task(PostgresOperator): remove_original_MaritalStatus_in_fact_table> on 2023-12-01 00:00:00+00:00
[2023-12-21T16:16:13.847+0000] {standard_task_runner.py:57} INFO - Started process 1077 to run task
[2023-12-21T16:16:13.851+0000] {standard_task_runner.py:84} INFO - Running: ['***', 'tasks', 'run', 'Insurance_Fraud-v01.remove_replaced_dim_cols', 'remove_original_MaritalStatus_in_fact_table', 'scheduled__2023-12-01T00:00:00+00:00', '--job-id', '82', '--raw', '--subdir', 'DAGS_FOLDER/Insurance_Fraud.py', '--cfg-path', '/tmp/tmphlfkj7ka']
[2023-12-21T16:16:13.854+0000] {standard_task_runner.py:85} INFO - Job 82: Subtask remove_original_MaritalStatus_in_fact_table
[2023-12-21T16:16:13.930+0000] {task_command.py:416} INFO - Running <TaskInstance: Insurance_Fraud-v01.remove_replaced_dim_cols.remove_original_MaritalStatus_in_fact_table scheduled__2023-12-01T00:00:00+00:00 [running]> on host 8e15cdf87c56
[2023-12-21T16:16:14.029+0000] {taskinstance.py:1662} INFO - Exporting env vars: AIRFLOW_CTX_DAG_OWNER='dunnbc22' AIRFLOW_CTX_DAG_ID='Insurance_Fraud-v01.remove_replaced_dim_cols' AIRFLOW_CTX_TASK_ID='remove_original_MaritalStatus_in_fact_table' AIRFLOW_CTX_EXECUTION_DATE='2023-12-01T00:00:00+00:00' AIRFLOW_CTX_TRY_NUMBER='1' AIRFLOW_CTX_DAG_RUN_ID='scheduled__2023-12-01T00:00:00+00:00'
[2023-12-21T16:16:14.038+0000] {sql.py:274} INFO - Executing: -- table_name, column_name
ALTER TABLE insurance_fraud_pipeline
DROP COLUMN MaritalStatus;
[2023-12-21T16:16:14.060+0000] {base.py:73} INFO - Using connection ID 'postgres_conn' for task execution.
[2023-12-21T16:16:14.084+0000] {base.py:73} INFO - Using connection ID 'postgres_conn' for task execution.
[2023-12-21T16:16:14.101+0000] {sql.py:418} INFO - Running statement: -- table_name, column_name
ALTER TABLE insurance_fraud_pipeline
DROP COLUMN MaritalStatus;, parameters: None
[2023-12-21T16:16:15.122+0000] {taskinstance.py:1400} INFO - Marking task as SUCCESS. dag_id=Insurance_Fraud-v01.remove_replaced_dim_cols, task_id=remove_original_MaritalStatus_in_fact_table, execution_date=20231201T000000, start_date=20231221T161613, end_date=20231221T161615
[2023-12-21T16:16:15.201+0000] {local_task_job_runner.py:228} INFO - Task exited with return code 0
[2023-12-21T16:16:15.295+0000] {taskinstance.py:2778} INFO - 0 downstream tasks scheduled from follow-on schedule check
