[2023-12-12T17:51:54.852+0000] {taskinstance.py:1159} INFO - Dependencies all met for dep_context=non-requeueable deps ti=<TaskInstance: ppp_via_foia-v01.remove_unnecessary_columns.remove_unnecessary_columns.remove_REFINANCE_EIDL_PROCEED_col scheduled__2023-12-01T00:00:00+00:00 [queued]>
[2023-12-12T17:51:54.863+0000] {taskinstance.py:1159} INFO - Dependencies all met for dep_context=requeueable deps ti=<TaskInstance: ppp_via_foia-v01.remove_unnecessary_columns.remove_unnecessary_columns.remove_REFINANCE_EIDL_PROCEED_col scheduled__2023-12-01T00:00:00+00:00 [queued]>
[2023-12-12T17:51:54.868+0000] {taskinstance.py:1361} INFO - Starting attempt 1 of 6
[2023-12-12T17:51:54.885+0000] {taskinstance.py:1382} INFO - Executing <Task(PostgresOperator): remove_unnecessary_columns.remove_REFINANCE_EIDL_PROCEED_col> on 2023-12-01 00:00:00+00:00
[2023-12-12T17:51:54.890+0000] {standard_task_runner.py:57} INFO - Started process 1039 to run task
[2023-12-12T17:51:54.894+0000] {standard_task_runner.py:84} INFO - Running: ['***', 'tasks', 'run', 'ppp_via_foia-v01.remove_unnecessary_columns', 'remove_unnecessary_columns.remove_REFINANCE_EIDL_PROCEED_col', 'scheduled__2023-12-01T00:00:00+00:00', '--job-id', '22', '--raw', '--subdir', 'DAGS_FOLDER/ppp_via_foia.py', '--cfg-path', '/tmp/tmpu5nsv22t']
[2023-12-12T17:51:54.897+0000] {standard_task_runner.py:85} INFO - Job 22: Subtask remove_unnecessary_columns.remove_REFINANCE_EIDL_PROCEED_col
[2023-12-12T17:51:54.956+0000] {task_command.py:416} INFO - Running <TaskInstance: ppp_via_foia-v01.remove_unnecessary_columns.remove_unnecessary_columns.remove_REFINANCE_EIDL_PROCEED_col scheduled__2023-12-01T00:00:00+00:00 [running]> on host edee10095410
[2023-12-12T17:51:55.061+0000] {taskinstance.py:1662} INFO - Exporting env vars: AIRFLOW_CTX_DAG_OWNER='dunnbc22' AIRFLOW_CTX_DAG_ID='ppp_via_foia-v01.remove_unnecessary_columns' AIRFLOW_CTX_TASK_ID='remove_unnecessary_columns.remove_REFINANCE_EIDL_PROCEED_col' AIRFLOW_CTX_EXECUTION_DATE='2023-12-01T00:00:00+00:00' AIRFLOW_CTX_TRY_NUMBER='1' AIRFLOW_CTX_DAG_RUN_ID='scheduled__2023-12-01T00:00:00+00:00'
[2023-12-12T17:51:55.063+0000] {sql.py:274} INFO - Executing: -- table_name, column_name
ALTER TABLE ppp_via_foia_pipe
DROP COLUMN REFINANCE_EIDL_PROCEED;
[2023-12-12T17:51:55.074+0000] {base.py:73} INFO - Using connection ID 'postgres_conn' for task execution.
[2023-12-12T17:51:55.096+0000] {base.py:73} INFO - Using connection ID 'postgres_conn' for task execution.
[2023-12-12T17:51:55.130+0000] {sql.py:418} INFO - Running statement: -- table_name, column_name
ALTER TABLE ppp_via_foia_pipe
DROP COLUMN REFINANCE_EIDL_PROCEED;, parameters: None
[2023-12-12T17:51:55.171+0000] {taskinstance.py:1400} INFO - Marking task as SUCCESS. dag_id=ppp_via_foia-v01.remove_unnecessary_columns, task_id=remove_unnecessary_columns.remove_REFINANCE_EIDL_PROCEED_col, execution_date=20231201T000000, start_date=20231212T175154, end_date=20231212T175155
[2023-12-12T17:51:55.196+0000] {local_task_job_runner.py:228} INFO - Task exited with return code 0
[2023-12-12T17:51:55.228+0000] {taskinstance.py:2778} INFO - 0 downstream tasks scheduled from follow-on schedule check
