[2023-12-12T22:44:27.666+0000] {processor.py:157} INFO - Started process (PID=1106) to work on /opt/airflow/dags/create_star_schema_part_2.py
[2023-12-12T22:44:27.666+0000] {processor.py:829} INFO - Processing file /opt/airflow/dags/create_star_schema_part_2.py for tasks to queue
[2023-12-12T22:44:27.667+0000] {logging_mixin.py:154} INFO - [2023-12-12T22:44:27.667+0000] {dagbag.py:536} INFO - Filling up the DagBag from /opt/airflow/dags/create_star_schema_part_2.py
[2023-12-12T22:44:27.672+0000] {processor.py:841} WARNING - No viable dags retrieved from /opt/airflow/dags/create_star_schema_part_2.py
[2023-12-12T22:44:27.683+0000] {processor.py:179} INFO - Processing /opt/airflow/dags/create_star_schema_part_2.py took 0.019 seconds
[2023-12-12T22:44:58.065+0000] {processor.py:157} INFO - Started process (PID=1144) to work on /opt/airflow/dags/create_star_schema_part_2.py
[2023-12-12T22:44:58.065+0000] {processor.py:829} INFO - Processing file /opt/airflow/dags/create_star_schema_part_2.py for tasks to queue
[2023-12-12T22:44:58.066+0000] {logging_mixin.py:154} INFO - [2023-12-12T22:44:58.066+0000] {dagbag.py:536} INFO - Filling up the DagBag from /opt/airflow/dags/create_star_schema_part_2.py
[2023-12-12T22:44:58.070+0000] {processor.py:841} WARNING - No viable dags retrieved from /opt/airflow/dags/create_star_schema_part_2.py
[2023-12-12T22:44:58.079+0000] {processor.py:179} INFO - Processing /opt/airflow/dags/create_star_schema_part_2.py took 0.017 seconds
[2023-12-12T22:45:28.513+0000] {processor.py:157} INFO - Started process (PID=1194) to work on /opt/airflow/dags/create_star_schema_part_2.py
[2023-12-12T22:45:28.513+0000] {processor.py:829} INFO - Processing file /opt/airflow/dags/create_star_schema_part_2.py for tasks to queue
[2023-12-12T22:45:28.514+0000] {logging_mixin.py:154} INFO - [2023-12-12T22:45:28.514+0000] {dagbag.py:536} INFO - Filling up the DagBag from /opt/airflow/dags/create_star_schema_part_2.py
[2023-12-12T22:45:28.518+0000] {processor.py:841} WARNING - No viable dags retrieved from /opt/airflow/dags/create_star_schema_part_2.py
[2023-12-12T22:45:28.529+0000] {processor.py:179} INFO - Processing /opt/airflow/dags/create_star_schema_part_2.py took 0.018 seconds
[2023-12-12T22:45:58.891+0000] {processor.py:157} INFO - Started process (PID=1232) to work on /opt/airflow/dags/create_star_schema_part_2.py
[2023-12-12T22:45:58.892+0000] {processor.py:829} INFO - Processing file /opt/airflow/dags/create_star_schema_part_2.py for tasks to queue
[2023-12-12T22:45:58.893+0000] {logging_mixin.py:154} INFO - [2023-12-12T22:45:58.892+0000] {dagbag.py:536} INFO - Filling up the DagBag from /opt/airflow/dags/create_star_schema_part_2.py
[2023-12-12T22:45:58.897+0000] {processor.py:841} WARNING - No viable dags retrieved from /opt/airflow/dags/create_star_schema_part_2.py
[2023-12-12T22:45:58.906+0000] {processor.py:179} INFO - Processing /opt/airflow/dags/create_star_schema_part_2.py took 0.018 seconds
[2023-12-12T22:46:29.325+0000] {processor.py:157} INFO - Started process (PID=1273) to work on /opt/airflow/dags/create_star_schema_part_2.py
[2023-12-12T22:46:29.326+0000] {processor.py:829} INFO - Processing file /opt/airflow/dags/create_star_schema_part_2.py for tasks to queue
[2023-12-12T22:46:29.327+0000] {logging_mixin.py:154} INFO - [2023-12-12T22:46:29.327+0000] {dagbag.py:536} INFO - Filling up the DagBag from /opt/airflow/dags/create_star_schema_part_2.py
[2023-12-12T22:46:29.331+0000] {processor.py:841} WARNING - No viable dags retrieved from /opt/airflow/dags/create_star_schema_part_2.py
[2023-12-12T22:46:29.341+0000] {processor.py:179} INFO - Processing /opt/airflow/dags/create_star_schema_part_2.py took 0.018 seconds
[2023-12-12T22:46:59.755+0000] {processor.py:157} INFO - Started process (PID=1320) to work on /opt/airflow/dags/create_star_schema_part_2.py
[2023-12-12T22:46:59.756+0000] {processor.py:829} INFO - Processing file /opt/airflow/dags/create_star_schema_part_2.py for tasks to queue
[2023-12-12T22:46:59.758+0000] {logging_mixin.py:154} INFO - [2023-12-12T22:46:59.758+0000] {dagbag.py:536} INFO - Filling up the DagBag from /opt/airflow/dags/create_star_schema_part_2.py
[2023-12-12T22:46:59.773+0000] {processor.py:841} WARNING - No viable dags retrieved from /opt/airflow/dags/create_star_schema_part_2.py
[2023-12-12T22:46:59.799+0000] {processor.py:179} INFO - Processing /opt/airflow/dags/create_star_schema_part_2.py took 0.047 seconds
[2023-12-12T22:47:30.814+0000] {processor.py:157} INFO - Started process (PID=1358) to work on /opt/airflow/dags/create_star_schema_part_2.py
[2023-12-12T22:47:30.815+0000] {processor.py:829} INFO - Processing file /opt/airflow/dags/create_star_schema_part_2.py for tasks to queue
[2023-12-12T22:47:30.816+0000] {logging_mixin.py:154} INFO - [2023-12-12T22:47:30.815+0000] {dagbag.py:536} INFO - Filling up the DagBag from /opt/airflow/dags/create_star_schema_part_2.py
[2023-12-12T22:47:30.821+0000] {processor.py:841} WARNING - No viable dags retrieved from /opt/airflow/dags/create_star_schema_part_2.py
[2023-12-12T22:47:30.837+0000] {processor.py:179} INFO - Processing /opt/airflow/dags/create_star_schema_part_2.py took 0.026 seconds
[2023-12-12T22:48:01.100+0000] {processor.py:157} INFO - Started process (PID=1396) to work on /opt/airflow/dags/create_star_schema_part_2.py
[2023-12-12T22:48:01.101+0000] {processor.py:829} INFO - Processing file /opt/airflow/dags/create_star_schema_part_2.py for tasks to queue
[2023-12-12T22:48:01.102+0000] {logging_mixin.py:154} INFO - [2023-12-12T22:48:01.101+0000] {dagbag.py:536} INFO - Filling up the DagBag from /opt/airflow/dags/create_star_schema_part_2.py
[2023-12-12T22:48:01.109+0000] {processor.py:841} WARNING - No viable dags retrieved from /opt/airflow/dags/create_star_schema_part_2.py
[2023-12-12T22:48:01.129+0000] {processor.py:179} INFO - Processing /opt/airflow/dags/create_star_schema_part_2.py took 0.033 seconds
[2023-12-12T22:48:31.598+0000] {processor.py:157} INFO - Started process (PID=1434) to work on /opt/airflow/dags/create_star_schema_part_2.py
[2023-12-12T22:48:31.600+0000] {processor.py:829} INFO - Processing file /opt/airflow/dags/create_star_schema_part_2.py for tasks to queue
[2023-12-12T22:48:31.601+0000] {logging_mixin.py:154} INFO - [2023-12-12T22:48:31.601+0000] {dagbag.py:536} INFO - Filling up the DagBag from /opt/airflow/dags/create_star_schema_part_2.py
[2023-12-12T22:48:31.609+0000] {processor.py:841} WARNING - No viable dags retrieved from /opt/airflow/dags/create_star_schema_part_2.py
[2023-12-12T22:48:31.625+0000] {processor.py:179} INFO - Processing /opt/airflow/dags/create_star_schema_part_2.py took 0.033 seconds
[2023-12-12T22:49:02.067+0000] {processor.py:157} INFO - Started process (PID=1478) to work on /opt/airflow/dags/create_star_schema_part_2.py
[2023-12-12T22:49:02.069+0000] {processor.py:829} INFO - Processing file /opt/airflow/dags/create_star_schema_part_2.py for tasks to queue
[2023-12-12T22:49:02.070+0000] {logging_mixin.py:154} INFO - [2023-12-12T22:49:02.070+0000] {dagbag.py:536} INFO - Filling up the DagBag from /opt/airflow/dags/create_star_schema_part_2.py
[2023-12-12T22:49:02.079+0000] {processor.py:841} WARNING - No viable dags retrieved from /opt/airflow/dags/create_star_schema_part_2.py
[2023-12-12T22:49:02.096+0000] {processor.py:179} INFO - Processing /opt/airflow/dags/create_star_schema_part_2.py took 0.034 seconds
[2023-12-12T22:49:32.490+0000] {processor.py:157} INFO - Started process (PID=1531) to work on /opt/airflow/dags/create_star_schema_part_2.py
[2023-12-12T22:49:32.490+0000] {processor.py:829} INFO - Processing file /opt/airflow/dags/create_star_schema_part_2.py for tasks to queue
[2023-12-12T22:49:32.491+0000] {logging_mixin.py:154} INFO - [2023-12-12T22:49:32.491+0000] {dagbag.py:536} INFO - Filling up the DagBag from /opt/airflow/dags/create_star_schema_part_2.py
[2023-12-12T22:49:32.495+0000] {processor.py:841} WARNING - No viable dags retrieved from /opt/airflow/dags/create_star_schema_part_2.py
[2023-12-12T22:49:32.506+0000] {processor.py:179} INFO - Processing /opt/airflow/dags/create_star_schema_part_2.py took 0.019 seconds
[2023-12-12T22:50:02.919+0000] {processor.py:157} INFO - Started process (PID=1572) to work on /opt/airflow/dags/create_star_schema_part_2.py
[2023-12-12T22:50:02.920+0000] {processor.py:829} INFO - Processing file /opt/airflow/dags/create_star_schema_part_2.py for tasks to queue
[2023-12-12T22:50:02.921+0000] {logging_mixin.py:154} INFO - [2023-12-12T22:50:02.921+0000] {dagbag.py:536} INFO - Filling up the DagBag from /opt/airflow/dags/create_star_schema_part_2.py
[2023-12-12T22:50:02.931+0000] {processor.py:841} WARNING - No viable dags retrieved from /opt/airflow/dags/create_star_schema_part_2.py
[2023-12-12T22:50:02.955+0000] {processor.py:179} INFO - Processing /opt/airflow/dags/create_star_schema_part_2.py took 0.041 seconds
[2023-12-12T22:50:33.362+0000] {processor.py:157} INFO - Started process (PID=1625) to work on /opt/airflow/dags/create_star_schema_part_2.py
[2023-12-12T22:50:33.363+0000] {processor.py:829} INFO - Processing file /opt/airflow/dags/create_star_schema_part_2.py for tasks to queue
[2023-12-12T22:50:33.364+0000] {logging_mixin.py:154} INFO - [2023-12-12T22:50:33.363+0000] {dagbag.py:536} INFO - Filling up the DagBag from /opt/airflow/dags/create_star_schema_part_2.py
[2023-12-12T22:50:33.368+0000] {processor.py:841} WARNING - No viable dags retrieved from /opt/airflow/dags/create_star_schema_part_2.py
[2023-12-12T22:50:33.378+0000] {processor.py:179} INFO - Processing /opt/airflow/dags/create_star_schema_part_2.py took 0.018 seconds
[2023-12-12T22:51:03.726+0000] {processor.py:157} INFO - Started process (PID=1662) to work on /opt/airflow/dags/create_star_schema_part_2.py
[2023-12-12T22:51:03.727+0000] {processor.py:829} INFO - Processing file /opt/airflow/dags/create_star_schema_part_2.py for tasks to queue
[2023-12-12T22:51:03.727+0000] {logging_mixin.py:154} INFO - [2023-12-12T22:51:03.727+0000] {dagbag.py:536} INFO - Filling up the DagBag from /opt/airflow/dags/create_star_schema_part_2.py
[2023-12-12T22:51:03.731+0000] {processor.py:841} WARNING - No viable dags retrieved from /opt/airflow/dags/create_star_schema_part_2.py
[2023-12-12T22:51:03.742+0000] {processor.py:179} INFO - Processing /opt/airflow/dags/create_star_schema_part_2.py took 0.019 seconds
[2023-12-12T22:51:34.149+0000] {processor.py:157} INFO - Started process (PID=1700) to work on /opt/airflow/dags/create_star_schema_part_2.py
[2023-12-12T22:51:34.150+0000] {processor.py:829} INFO - Processing file /opt/airflow/dags/create_star_schema_part_2.py for tasks to queue
[2023-12-12T22:51:34.151+0000] {logging_mixin.py:154} INFO - [2023-12-12T22:51:34.150+0000] {dagbag.py:536} INFO - Filling up the DagBag from /opt/airflow/dags/create_star_schema_part_2.py
[2023-12-12T22:51:34.155+0000] {processor.py:841} WARNING - No viable dags retrieved from /opt/airflow/dags/create_star_schema_part_2.py
[2023-12-12T22:51:34.167+0000] {processor.py:179} INFO - Processing /opt/airflow/dags/create_star_schema_part_2.py took 0.020 seconds
[2023-12-12T22:52:04.605+0000] {processor.py:157} INFO - Started process (PID=1756) to work on /opt/airflow/dags/create_star_schema_part_2.py
[2023-12-12T22:52:04.606+0000] {processor.py:829} INFO - Processing file /opt/airflow/dags/create_star_schema_part_2.py for tasks to queue
[2023-12-12T22:52:04.607+0000] {logging_mixin.py:154} INFO - [2023-12-12T22:52:04.607+0000] {dagbag.py:536} INFO - Filling up the DagBag from /opt/airflow/dags/create_star_schema_part_2.py
[2023-12-12T22:52:04.616+0000] {processor.py:841} WARNING - No viable dags retrieved from /opt/airflow/dags/create_star_schema_part_2.py
[2023-12-12T22:52:04.632+0000] {processor.py:179} INFO - Processing /opt/airflow/dags/create_star_schema_part_2.py took 0.032 seconds
[2023-12-12T22:52:35.113+0000] {processor.py:157} INFO - Started process (PID=1794) to work on /opt/airflow/dags/create_star_schema_part_2.py
[2023-12-12T22:52:35.114+0000] {processor.py:829} INFO - Processing file /opt/airflow/dags/create_star_schema_part_2.py for tasks to queue
[2023-12-12T22:52:35.115+0000] {logging_mixin.py:154} INFO - [2023-12-12T22:52:35.115+0000] {dagbag.py:536} INFO - Filling up the DagBag from /opt/airflow/dags/create_star_schema_part_2.py
[2023-12-12T22:52:35.122+0000] {processor.py:841} WARNING - No viable dags retrieved from /opt/airflow/dags/create_star_schema_part_2.py
[2023-12-12T22:52:35.135+0000] {processor.py:179} INFO - Processing /opt/airflow/dags/create_star_schema_part_2.py took 0.026 seconds
[2023-12-12T22:53:05.593+0000] {processor.py:157} INFO - Started process (PID=1832) to work on /opt/airflow/dags/create_star_schema_part_2.py
[2023-12-12T22:53:05.594+0000] {processor.py:829} INFO - Processing file /opt/airflow/dags/create_star_schema_part_2.py for tasks to queue
[2023-12-12T22:53:05.596+0000] {logging_mixin.py:154} INFO - [2023-12-12T22:53:05.595+0000] {dagbag.py:536} INFO - Filling up the DagBag from /opt/airflow/dags/create_star_schema_part_2.py
[2023-12-12T22:53:05.604+0000] {processor.py:841} WARNING - No viable dags retrieved from /opt/airflow/dags/create_star_schema_part_2.py
[2023-12-12T22:53:05.622+0000] {processor.py:179} INFO - Processing /opt/airflow/dags/create_star_schema_part_2.py took 0.034 seconds
[2023-12-12T22:53:36.104+0000] {processor.py:157} INFO - Started process (PID=1870) to work on /opt/airflow/dags/create_star_schema_part_2.py
[2023-12-12T22:53:36.106+0000] {processor.py:829} INFO - Processing file /opt/airflow/dags/create_star_schema_part_2.py for tasks to queue
[2023-12-12T22:53:36.107+0000] {logging_mixin.py:154} INFO - [2023-12-12T22:53:36.107+0000] {dagbag.py:536} INFO - Filling up the DagBag from /opt/airflow/dags/create_star_schema_part_2.py
[2023-12-12T22:53:36.115+0000] {processor.py:841} WARNING - No viable dags retrieved from /opt/airflow/dags/create_star_schema_part_2.py
[2023-12-12T22:53:36.130+0000] {processor.py:179} INFO - Processing /opt/airflow/dags/create_star_schema_part_2.py took 0.031 seconds
[2023-12-12T22:54:06.612+0000] {processor.py:157} INFO - Started process (PID=1908) to work on /opt/airflow/dags/create_star_schema_part_2.py
[2023-12-12T22:54:06.614+0000] {processor.py:829} INFO - Processing file /opt/airflow/dags/create_star_schema_part_2.py for tasks to queue
[2023-12-12T22:54:06.615+0000] {logging_mixin.py:154} INFO - [2023-12-12T22:54:06.615+0000] {dagbag.py:536} INFO - Filling up the DagBag from /opt/airflow/dags/create_star_schema_part_2.py
[2023-12-12T22:54:06.623+0000] {processor.py:841} WARNING - No viable dags retrieved from /opt/airflow/dags/create_star_schema_part_2.py
[2023-12-12T22:54:06.639+0000] {processor.py:179} INFO - Processing /opt/airflow/dags/create_star_schema_part_2.py took 0.031 seconds
[2023-12-12T22:54:37.211+0000] {processor.py:157} INFO - Started process (PID=1946) to work on /opt/airflow/dags/create_star_schema_part_2.py
[2023-12-12T22:54:37.212+0000] {processor.py:829} INFO - Processing file /opt/airflow/dags/create_star_schema_part_2.py for tasks to queue
[2023-12-12T22:54:37.214+0000] {logging_mixin.py:154} INFO - [2023-12-12T22:54:37.213+0000] {dagbag.py:536} INFO - Filling up the DagBag from /opt/airflow/dags/create_star_schema_part_2.py
[2023-12-12T22:54:37.222+0000] {processor.py:841} WARNING - No viable dags retrieved from /opt/airflow/dags/create_star_schema_part_2.py
[2023-12-12T22:54:37.237+0000] {processor.py:179} INFO - Processing /opt/airflow/dags/create_star_schema_part_2.py took 0.032 seconds
[2023-12-12T22:55:07.745+0000] {processor.py:157} INFO - Started process (PID=1984) to work on /opt/airflow/dags/create_star_schema_part_2.py
[2023-12-12T22:55:07.746+0000] {processor.py:829} INFO - Processing file /opt/airflow/dags/create_star_schema_part_2.py for tasks to queue
[2023-12-12T22:55:07.748+0000] {logging_mixin.py:154} INFO - [2023-12-12T22:55:07.747+0000] {dagbag.py:536} INFO - Filling up the DagBag from /opt/airflow/dags/create_star_schema_part_2.py
[2023-12-12T22:55:07.756+0000] {processor.py:841} WARNING - No viable dags retrieved from /opt/airflow/dags/create_star_schema_part_2.py
[2023-12-12T22:55:07.772+0000] {processor.py:179} INFO - Processing /opt/airflow/dags/create_star_schema_part_2.py took 0.032 seconds
[2023-12-12T22:55:38.304+0000] {processor.py:157} INFO - Started process (PID=2022) to work on /opt/airflow/dags/create_star_schema_part_2.py
[2023-12-12T22:55:38.306+0000] {processor.py:829} INFO - Processing file /opt/airflow/dags/create_star_schema_part_2.py for tasks to queue
[2023-12-12T22:55:38.307+0000] {logging_mixin.py:154} INFO - [2023-12-12T22:55:38.306+0000] {dagbag.py:536} INFO - Filling up the DagBag from /opt/airflow/dags/create_star_schema_part_2.py
[2023-12-12T22:55:38.315+0000] {processor.py:841} WARNING - No viable dags retrieved from /opt/airflow/dags/create_star_schema_part_2.py
[2023-12-12T22:55:38.331+0000] {processor.py:179} INFO - Processing /opt/airflow/dags/create_star_schema_part_2.py took 0.032 seconds
[2023-12-12T22:56:08.828+0000] {processor.py:157} INFO - Started process (PID=2060) to work on /opt/airflow/dags/create_star_schema_part_2.py
[2023-12-12T22:56:08.829+0000] {processor.py:829} INFO - Processing file /opt/airflow/dags/create_star_schema_part_2.py for tasks to queue
[2023-12-12T22:56:08.831+0000] {logging_mixin.py:154} INFO - [2023-12-12T22:56:08.830+0000] {dagbag.py:536} INFO - Filling up the DagBag from /opt/airflow/dags/create_star_schema_part_2.py
[2023-12-12T22:56:08.839+0000] {processor.py:841} WARNING - No viable dags retrieved from /opt/airflow/dags/create_star_schema_part_2.py
[2023-12-12T22:56:08.855+0000] {processor.py:179} INFO - Processing /opt/airflow/dags/create_star_schema_part_2.py took 0.033 seconds
[2023-12-12T22:56:39.381+0000] {processor.py:157} INFO - Started process (PID=2098) to work on /opt/airflow/dags/create_star_schema_part_2.py
[2023-12-12T22:56:39.383+0000] {processor.py:829} INFO - Processing file /opt/airflow/dags/create_star_schema_part_2.py for tasks to queue
[2023-12-12T22:56:39.384+0000] {logging_mixin.py:154} INFO - [2023-12-12T22:56:39.383+0000] {dagbag.py:536} INFO - Filling up the DagBag from /opt/airflow/dags/create_star_schema_part_2.py
[2023-12-12T22:56:39.392+0000] {processor.py:841} WARNING - No viable dags retrieved from /opt/airflow/dags/create_star_schema_part_2.py
[2023-12-12T22:56:39.408+0000] {processor.py:179} INFO - Processing /opt/airflow/dags/create_star_schema_part_2.py took 0.032 seconds
[2023-12-12T22:57:09.944+0000] {processor.py:157} INFO - Started process (PID=2136) to work on /opt/airflow/dags/create_star_schema_part_2.py
[2023-12-12T22:57:09.945+0000] {processor.py:829} INFO - Processing file /opt/airflow/dags/create_star_schema_part_2.py for tasks to queue
[2023-12-12T22:57:09.946+0000] {logging_mixin.py:154} INFO - [2023-12-12T22:57:09.946+0000] {dagbag.py:536} INFO - Filling up the DagBag from /opt/airflow/dags/create_star_schema_part_2.py
[2023-12-12T22:57:09.955+0000] {processor.py:841} WARNING - No viable dags retrieved from /opt/airflow/dags/create_star_schema_part_2.py
[2023-12-12T22:57:09.971+0000] {processor.py:179} INFO - Processing /opt/airflow/dags/create_star_schema_part_2.py took 0.032 seconds
[2023-12-12T22:57:40.481+0000] {processor.py:157} INFO - Started process (PID=2174) to work on /opt/airflow/dags/create_star_schema_part_2.py
[2023-12-12T22:57:40.483+0000] {processor.py:829} INFO - Processing file /opt/airflow/dags/create_star_schema_part_2.py for tasks to queue
[2023-12-12T22:57:40.484+0000] {logging_mixin.py:154} INFO - [2023-12-12T22:57:40.484+0000] {dagbag.py:536} INFO - Filling up the DagBag from /opt/airflow/dags/create_star_schema_part_2.py
[2023-12-12T22:57:40.492+0000] {processor.py:841} WARNING - No viable dags retrieved from /opt/airflow/dags/create_star_schema_part_2.py
[2023-12-12T22:57:40.507+0000] {processor.py:179} INFO - Processing /opt/airflow/dags/create_star_schema_part_2.py took 0.031 seconds
[2023-12-12T22:58:10.971+0000] {processor.py:157} INFO - Started process (PID=2212) to work on /opt/airflow/dags/create_star_schema_part_2.py
[2023-12-12T22:58:10.972+0000] {processor.py:829} INFO - Processing file /opt/airflow/dags/create_star_schema_part_2.py for tasks to queue
[2023-12-12T22:58:10.973+0000] {logging_mixin.py:154} INFO - [2023-12-12T22:58:10.973+0000] {dagbag.py:536} INFO - Filling up the DagBag from /opt/airflow/dags/create_star_schema_part_2.py
[2023-12-12T22:58:10.977+0000] {processor.py:841} WARNING - No viable dags retrieved from /opt/airflow/dags/create_star_schema_part_2.py
[2023-12-12T22:58:10.988+0000] {processor.py:179} INFO - Processing /opt/airflow/dags/create_star_schema_part_2.py took 0.019 seconds
[2023-12-12T22:58:41.512+0000] {processor.py:157} INFO - Started process (PID=2250) to work on /opt/airflow/dags/create_star_schema_part_2.py
[2023-12-12T22:58:41.514+0000] {processor.py:829} INFO - Processing file /opt/airflow/dags/create_star_schema_part_2.py for tasks to queue
[2023-12-12T22:58:41.515+0000] {logging_mixin.py:154} INFO - [2023-12-12T22:58:41.515+0000] {dagbag.py:536} INFO - Filling up the DagBag from /opt/airflow/dags/create_star_schema_part_2.py
[2023-12-12T22:58:41.524+0000] {processor.py:841} WARNING - No viable dags retrieved from /opt/airflow/dags/create_star_schema_part_2.py
[2023-12-12T22:58:41.540+0000] {processor.py:179} INFO - Processing /opt/airflow/dags/create_star_schema_part_2.py took 0.033 seconds
[2023-12-12T22:59:12.109+0000] {processor.py:157} INFO - Started process (PID=2288) to work on /opt/airflow/dags/create_star_schema_part_2.py
[2023-12-12T22:59:12.111+0000] {processor.py:829} INFO - Processing file /opt/airflow/dags/create_star_schema_part_2.py for tasks to queue
[2023-12-12T22:59:12.112+0000] {logging_mixin.py:154} INFO - [2023-12-12T22:59:12.112+0000] {dagbag.py:536} INFO - Filling up the DagBag from /opt/airflow/dags/create_star_schema_part_2.py
[2023-12-12T22:59:12.121+0000] {processor.py:841} WARNING - No viable dags retrieved from /opt/airflow/dags/create_star_schema_part_2.py
[2023-12-12T22:59:12.136+0000] {processor.py:179} INFO - Processing /opt/airflow/dags/create_star_schema_part_2.py took 0.032 seconds
[2023-12-12T22:59:42.624+0000] {processor.py:157} INFO - Started process (PID=2326) to work on /opt/airflow/dags/create_star_schema_part_2.py
[2023-12-12T22:59:42.625+0000] {processor.py:829} INFO - Processing file /opt/airflow/dags/create_star_schema_part_2.py for tasks to queue
[2023-12-12T22:59:42.625+0000] {logging_mixin.py:154} INFO - [2023-12-12T22:59:42.625+0000] {dagbag.py:536} INFO - Filling up the DagBag from /opt/airflow/dags/create_star_schema_part_2.py
[2023-12-12T22:59:42.629+0000] {processor.py:841} WARNING - No viable dags retrieved from /opt/airflow/dags/create_star_schema_part_2.py
[2023-12-12T22:59:42.639+0000] {processor.py:179} INFO - Processing /opt/airflow/dags/create_star_schema_part_2.py took 0.017 seconds
[2023-12-12T23:00:13.170+0000] {processor.py:157} INFO - Started process (PID=2364) to work on /opt/airflow/dags/create_star_schema_part_2.py
[2023-12-12T23:00:13.171+0000] {processor.py:829} INFO - Processing file /opt/airflow/dags/create_star_schema_part_2.py for tasks to queue
[2023-12-12T23:00:13.172+0000] {logging_mixin.py:154} INFO - [2023-12-12T23:00:13.171+0000] {dagbag.py:536} INFO - Filling up the DagBag from /opt/airflow/dags/create_star_schema_part_2.py
[2023-12-12T23:00:13.176+0000] {processor.py:841} WARNING - No viable dags retrieved from /opt/airflow/dags/create_star_schema_part_2.py
[2023-12-12T23:00:13.186+0000] {processor.py:179} INFO - Processing /opt/airflow/dags/create_star_schema_part_2.py took 0.018 seconds
[2023-12-12T23:00:43.752+0000] {processor.py:157} INFO - Started process (PID=2402) to work on /opt/airflow/dags/create_star_schema_part_2.py
[2023-12-12T23:00:43.754+0000] {processor.py:829} INFO - Processing file /opt/airflow/dags/create_star_schema_part_2.py for tasks to queue
[2023-12-12T23:00:43.755+0000] {logging_mixin.py:154} INFO - [2023-12-12T23:00:43.754+0000] {dagbag.py:536} INFO - Filling up the DagBag from /opt/airflow/dags/create_star_schema_part_2.py
[2023-12-12T23:00:43.763+0000] {processor.py:841} WARNING - No viable dags retrieved from /opt/airflow/dags/create_star_schema_part_2.py
[2023-12-12T23:00:43.779+0000] {processor.py:179} INFO - Processing /opt/airflow/dags/create_star_schema_part_2.py took 0.032 seconds
[2023-12-12T23:01:14.389+0000] {processor.py:157} INFO - Started process (PID=2440) to work on /opt/airflow/dags/create_star_schema_part_2.py
[2023-12-12T23:01:14.391+0000] {processor.py:829} INFO - Processing file /opt/airflow/dags/create_star_schema_part_2.py for tasks to queue
[2023-12-12T23:01:14.392+0000] {logging_mixin.py:154} INFO - [2023-12-12T23:01:14.392+0000] {dagbag.py:536} INFO - Filling up the DagBag from /opt/airflow/dags/create_star_schema_part_2.py
[2023-12-12T23:01:14.401+0000] {processor.py:841} WARNING - No viable dags retrieved from /opt/airflow/dags/create_star_schema_part_2.py
[2023-12-12T23:01:14.416+0000] {processor.py:179} INFO - Processing /opt/airflow/dags/create_star_schema_part_2.py took 0.032 seconds
[2023-12-12T23:01:44.971+0000] {processor.py:157} INFO - Started process (PID=2478) to work on /opt/airflow/dags/create_star_schema_part_2.py
[2023-12-12T23:01:44.973+0000] {processor.py:829} INFO - Processing file /opt/airflow/dags/create_star_schema_part_2.py for tasks to queue
[2023-12-12T23:01:44.974+0000] {logging_mixin.py:154} INFO - [2023-12-12T23:01:44.974+0000] {dagbag.py:536} INFO - Filling up the DagBag from /opt/airflow/dags/create_star_schema_part_2.py
[2023-12-12T23:01:44.983+0000] {processor.py:841} WARNING - No viable dags retrieved from /opt/airflow/dags/create_star_schema_part_2.py
[2023-12-12T23:01:44.998+0000] {processor.py:179} INFO - Processing /opt/airflow/dags/create_star_schema_part_2.py took 0.032 seconds
[2023-12-12T23:02:15.520+0000] {processor.py:157} INFO - Started process (PID=2523) to work on /opt/airflow/dags/create_star_schema_part_2.py
[2023-12-12T23:02:15.522+0000] {processor.py:829} INFO - Processing file /opt/airflow/dags/create_star_schema_part_2.py for tasks to queue
[2023-12-12T23:02:15.523+0000] {logging_mixin.py:154} INFO - [2023-12-12T23:02:15.523+0000] {dagbag.py:536} INFO - Filling up the DagBag from /opt/airflow/dags/create_star_schema_part_2.py
[2023-12-12T23:02:15.531+0000] {processor.py:841} WARNING - No viable dags retrieved from /opt/airflow/dags/create_star_schema_part_2.py
[2023-12-12T23:02:15.549+0000] {processor.py:179} INFO - Processing /opt/airflow/dags/create_star_schema_part_2.py took 0.034 seconds
[2023-12-12T23:02:46.144+0000] {processor.py:157} INFO - Started process (PID=2561) to work on /opt/airflow/dags/create_star_schema_part_2.py
[2023-12-12T23:02:46.146+0000] {processor.py:829} INFO - Processing file /opt/airflow/dags/create_star_schema_part_2.py for tasks to queue
[2023-12-12T23:02:46.147+0000] {logging_mixin.py:154} INFO - [2023-12-12T23:02:46.146+0000] {dagbag.py:536} INFO - Filling up the DagBag from /opt/airflow/dags/create_star_schema_part_2.py
[2023-12-12T23:02:46.155+0000] {processor.py:841} WARNING - No viable dags retrieved from /opt/airflow/dags/create_star_schema_part_2.py
[2023-12-12T23:02:46.172+0000] {processor.py:179} INFO - Processing /opt/airflow/dags/create_star_schema_part_2.py took 0.033 seconds
[2023-12-12T23:03:16.709+0000] {processor.py:157} INFO - Started process (PID=2599) to work on /opt/airflow/dags/create_star_schema_part_2.py
[2023-12-12T23:03:16.711+0000] {processor.py:829} INFO - Processing file /opt/airflow/dags/create_star_schema_part_2.py for tasks to queue
[2023-12-12T23:03:16.712+0000] {logging_mixin.py:154} INFO - [2023-12-12T23:03:16.712+0000] {dagbag.py:536} INFO - Filling up the DagBag from /opt/airflow/dags/create_star_schema_part_2.py
[2023-12-12T23:03:16.721+0000] {processor.py:841} WARNING - No viable dags retrieved from /opt/airflow/dags/create_star_schema_part_2.py
[2023-12-12T23:03:16.737+0000] {processor.py:179} INFO - Processing /opt/airflow/dags/create_star_schema_part_2.py took 0.033 seconds
[2023-12-12T23:03:47.294+0000] {processor.py:157} INFO - Started process (PID=2637) to work on /opt/airflow/dags/create_star_schema_part_2.py
[2023-12-12T23:03:47.296+0000] {processor.py:829} INFO - Processing file /opt/airflow/dags/create_star_schema_part_2.py for tasks to queue
[2023-12-12T23:03:47.297+0000] {logging_mixin.py:154} INFO - [2023-12-12T23:03:47.297+0000] {dagbag.py:536} INFO - Filling up the DagBag from /opt/airflow/dags/create_star_schema_part_2.py
[2023-12-12T23:03:47.305+0000] {processor.py:841} WARNING - No viable dags retrieved from /opt/airflow/dags/create_star_schema_part_2.py
[2023-12-12T23:03:47.322+0000] {processor.py:179} INFO - Processing /opt/airflow/dags/create_star_schema_part_2.py took 0.033 seconds
[2023-12-12T23:04:17.870+0000] {processor.py:157} INFO - Started process (PID=2675) to work on /opt/airflow/dags/create_star_schema_part_2.py
[2023-12-12T23:04:17.872+0000] {processor.py:829} INFO - Processing file /opt/airflow/dags/create_star_schema_part_2.py for tasks to queue
[2023-12-12T23:04:17.873+0000] {logging_mixin.py:154} INFO - [2023-12-12T23:04:17.872+0000] {dagbag.py:536} INFO - Filling up the DagBag from /opt/airflow/dags/create_star_schema_part_2.py
[2023-12-12T23:04:17.881+0000] {processor.py:841} WARNING - No viable dags retrieved from /opt/airflow/dags/create_star_schema_part_2.py
[2023-12-12T23:04:17.896+0000] {processor.py:179} INFO - Processing /opt/airflow/dags/create_star_schema_part_2.py took 0.031 seconds
[2023-12-12T23:04:48.473+0000] {processor.py:157} INFO - Started process (PID=2713) to work on /opt/airflow/dags/create_star_schema_part_2.py
[2023-12-12T23:04:48.475+0000] {processor.py:829} INFO - Processing file /opt/airflow/dags/create_star_schema_part_2.py for tasks to queue
[2023-12-12T23:04:48.476+0000] {logging_mixin.py:154} INFO - [2023-12-12T23:04:48.476+0000] {dagbag.py:536} INFO - Filling up the DagBag from /opt/airflow/dags/create_star_schema_part_2.py
[2023-12-12T23:04:48.484+0000] {processor.py:841} WARNING - No viable dags retrieved from /opt/airflow/dags/create_star_schema_part_2.py
[2023-12-12T23:04:48.500+0000] {processor.py:179} INFO - Processing /opt/airflow/dags/create_star_schema_part_2.py took 0.033 seconds
