[2023-12-12T22:44:27.670+0000] {processor.py:157} INFO - Started process (PID=1109) to work on /opt/airflow/dags/create_star_schema_part_1.py
[2023-12-12T22:44:27.671+0000] {processor.py:829} INFO - Processing file /opt/airflow/dags/create_star_schema_part_1.py for tasks to queue
[2023-12-12T22:44:27.671+0000] {logging_mixin.py:154} INFO - [2023-12-12T22:44:27.671+0000] {dagbag.py:536} INFO - Filling up the DagBag from /opt/airflow/dags/create_star_schema_part_1.py
[2023-12-12T22:44:27.676+0000] {processor.py:841} WARNING - No viable dags retrieved from /opt/airflow/dags/create_star_schema_part_1.py
[2023-12-12T22:44:27.685+0000] {processor.py:179} INFO - Processing /opt/airflow/dags/create_star_schema_part_1.py took 0.017 seconds
[2023-12-12T22:44:58.069+0000] {processor.py:157} INFO - Started process (PID=1147) to work on /opt/airflow/dags/create_star_schema_part_1.py
[2023-12-12T22:44:58.069+0000] {processor.py:829} INFO - Processing file /opt/airflow/dags/create_star_schema_part_1.py for tasks to queue
[2023-12-12T22:44:58.070+0000] {logging_mixin.py:154} INFO - [2023-12-12T22:44:58.070+0000] {dagbag.py:536} INFO - Filling up the DagBag from /opt/airflow/dags/create_star_schema_part_1.py
[2023-12-12T22:44:58.074+0000] {processor.py:841} WARNING - No viable dags retrieved from /opt/airflow/dags/create_star_schema_part_1.py
[2023-12-12T22:44:58.083+0000] {processor.py:179} INFO - Processing /opt/airflow/dags/create_star_schema_part_1.py took 0.016 seconds
[2023-12-12T22:45:28.516+0000] {processor.py:157} INFO - Started process (PID=1197) to work on /opt/airflow/dags/create_star_schema_part_1.py
[2023-12-12T22:45:28.517+0000] {processor.py:829} INFO - Processing file /opt/airflow/dags/create_star_schema_part_1.py for tasks to queue
[2023-12-12T22:45:28.518+0000] {logging_mixin.py:154} INFO - [2023-12-12T22:45:28.517+0000] {dagbag.py:536} INFO - Filling up the DagBag from /opt/airflow/dags/create_star_schema_part_1.py
[2023-12-12T22:45:28.521+0000] {processor.py:841} WARNING - No viable dags retrieved from /opt/airflow/dags/create_star_schema_part_1.py
[2023-12-12T22:45:28.532+0000] {processor.py:179} INFO - Processing /opt/airflow/dags/create_star_schema_part_1.py took 0.017 seconds
[2023-12-12T22:45:58.896+0000] {processor.py:157} INFO - Started process (PID=1235) to work on /opt/airflow/dags/create_star_schema_part_1.py
[2023-12-12T22:45:58.897+0000] {processor.py:829} INFO - Processing file /opt/airflow/dags/create_star_schema_part_1.py for tasks to queue
[2023-12-12T22:45:58.897+0000] {logging_mixin.py:154} INFO - [2023-12-12T22:45:58.897+0000] {dagbag.py:536} INFO - Filling up the DagBag from /opt/airflow/dags/create_star_schema_part_1.py
[2023-12-12T22:45:58.901+0000] {processor.py:841} WARNING - No viable dags retrieved from /opt/airflow/dags/create_star_schema_part_1.py
[2023-12-12T22:45:58.911+0000] {processor.py:179} INFO - Processing /opt/airflow/dags/create_star_schema_part_1.py took 0.017 seconds
[2023-12-12T22:46:29.330+0000] {processor.py:157} INFO - Started process (PID=1276) to work on /opt/airflow/dags/create_star_schema_part_1.py
[2023-12-12T22:46:29.331+0000] {processor.py:829} INFO - Processing file /opt/airflow/dags/create_star_schema_part_1.py for tasks to queue
[2023-12-12T22:46:29.331+0000] {logging_mixin.py:154} INFO - [2023-12-12T22:46:29.331+0000] {dagbag.py:536} INFO - Filling up the DagBag from /opt/airflow/dags/create_star_schema_part_1.py
[2023-12-12T22:46:29.335+0000] {processor.py:841} WARNING - No viable dags retrieved from /opt/airflow/dags/create_star_schema_part_1.py
[2023-12-12T22:46:29.345+0000] {processor.py:179} INFO - Processing /opt/airflow/dags/create_star_schema_part_1.py took 0.017 seconds
[2023-12-12T22:46:59.763+0000] {processor.py:157} INFO - Started process (PID=1323) to work on /opt/airflow/dags/create_star_schema_part_1.py
[2023-12-12T22:46:59.765+0000] {processor.py:829} INFO - Processing file /opt/airflow/dags/create_star_schema_part_1.py for tasks to queue
[2023-12-12T22:46:59.768+0000] {logging_mixin.py:154} INFO - [2023-12-12T22:46:59.768+0000] {dagbag.py:536} INFO - Filling up the DagBag from /opt/airflow/dags/create_star_schema_part_1.py
[2023-12-12T22:46:59.791+0000] {processor.py:841} WARNING - No viable dags retrieved from /opt/airflow/dags/create_star_schema_part_1.py
[2023-12-12T22:46:59.811+0000] {processor.py:179} INFO - Processing /opt/airflow/dags/create_star_schema_part_1.py took 0.051 seconds
[2023-12-12T22:47:30.820+0000] {processor.py:157} INFO - Started process (PID=1361) to work on /opt/airflow/dags/create_star_schema_part_1.py
[2023-12-12T22:47:30.821+0000] {processor.py:829} INFO - Processing file /opt/airflow/dags/create_star_schema_part_1.py for tasks to queue
[2023-12-12T22:47:30.822+0000] {logging_mixin.py:154} INFO - [2023-12-12T22:47:30.822+0000] {dagbag.py:536} INFO - Filling up the DagBag from /opt/airflow/dags/create_star_schema_part_1.py
[2023-12-12T22:47:30.827+0000] {processor.py:841} WARNING - No viable dags retrieved from /opt/airflow/dags/create_star_schema_part_1.py
[2023-12-12T22:47:30.843+0000] {processor.py:179} INFO - Processing /opt/airflow/dags/create_star_schema_part_1.py took 0.025 seconds
[2023-12-12T22:48:01.106+0000] {processor.py:157} INFO - Started process (PID=1399) to work on /opt/airflow/dags/create_star_schema_part_1.py
[2023-12-12T22:48:01.107+0000] {processor.py:829} INFO - Processing file /opt/airflow/dags/create_star_schema_part_1.py for tasks to queue
[2023-12-12T22:48:01.108+0000] {logging_mixin.py:154} INFO - [2023-12-12T22:48:01.108+0000] {dagbag.py:536} INFO - Filling up the DagBag from /opt/airflow/dags/create_star_schema_part_1.py
[2023-12-12T22:48:01.116+0000] {processor.py:841} WARNING - No viable dags retrieved from /opt/airflow/dags/create_star_schema_part_1.py
[2023-12-12T22:48:01.134+0000] {processor.py:179} INFO - Processing /opt/airflow/dags/create_star_schema_part_1.py took 0.031 seconds
[2023-12-12T22:48:31.608+0000] {processor.py:157} INFO - Started process (PID=1437) to work on /opt/airflow/dags/create_star_schema_part_1.py
[2023-12-12T22:48:31.609+0000] {processor.py:829} INFO - Processing file /opt/airflow/dags/create_star_schema_part_1.py for tasks to queue
[2023-12-12T22:48:31.610+0000] {logging_mixin.py:154} INFO - [2023-12-12T22:48:31.610+0000] {dagbag.py:536} INFO - Filling up the DagBag from /opt/airflow/dags/create_star_schema_part_1.py
[2023-12-12T22:48:31.616+0000] {processor.py:841} WARNING - No viable dags retrieved from /opt/airflow/dags/create_star_schema_part_1.py
[2023-12-12T22:48:31.629+0000] {processor.py:179} INFO - Processing /opt/airflow/dags/create_star_schema_part_1.py took 0.026 seconds
[2023-12-12T22:49:02.076+0000] {processor.py:157} INFO - Started process (PID=1481) to work on /opt/airflow/dags/create_star_schema_part_1.py
[2023-12-12T22:49:02.078+0000] {processor.py:829} INFO - Processing file /opt/airflow/dags/create_star_schema_part_1.py for tasks to queue
[2023-12-12T22:49:02.079+0000] {logging_mixin.py:154} INFO - [2023-12-12T22:49:02.078+0000] {dagbag.py:536} INFO - Filling up the DagBag from /opt/airflow/dags/create_star_schema_part_1.py
[2023-12-12T22:49:02.086+0000] {processor.py:841} WARNING - No viable dags retrieved from /opt/airflow/dags/create_star_schema_part_1.py
[2023-12-12T22:49:02.100+0000] {processor.py:179} INFO - Processing /opt/airflow/dags/create_star_schema_part_1.py took 0.028 seconds
[2023-12-12T22:49:32.494+0000] {processor.py:157} INFO - Started process (PID=1534) to work on /opt/airflow/dags/create_star_schema_part_1.py
[2023-12-12T22:49:32.495+0000] {processor.py:829} INFO - Processing file /opt/airflow/dags/create_star_schema_part_1.py for tasks to queue
[2023-12-12T22:49:32.495+0000] {logging_mixin.py:154} INFO - [2023-12-12T22:49:32.495+0000] {dagbag.py:536} INFO - Filling up the DagBag from /opt/airflow/dags/create_star_schema_part_1.py
[2023-12-12T22:49:32.499+0000] {processor.py:841} WARNING - No viable dags retrieved from /opt/airflow/dags/create_star_schema_part_1.py
[2023-12-12T22:49:32.509+0000] {processor.py:179} INFO - Processing /opt/airflow/dags/create_star_schema_part_1.py took 0.017 seconds
[2023-12-12T22:50:02.942+0000] {processor.py:157} INFO - Started process (PID=1580) to work on /opt/airflow/dags/create_star_schema_part_1.py
[2023-12-12T22:50:02.945+0000] {processor.py:829} INFO - Processing file /opt/airflow/dags/create_star_schema_part_1.py for tasks to queue
[2023-12-12T22:50:02.946+0000] {logging_mixin.py:154} INFO - [2023-12-12T22:50:02.946+0000] {dagbag.py:536} INFO - Filling up the DagBag from /opt/airflow/dags/create_star_schema_part_1.py
[2023-12-12T22:50:02.951+0000] {processor.py:841} WARNING - No viable dags retrieved from /opt/airflow/dags/create_star_schema_part_1.py
[2023-12-12T22:50:02.964+0000] {processor.py:179} INFO - Processing /opt/airflow/dags/create_star_schema_part_1.py took 0.024 seconds
[2023-12-12T22:50:33.367+0000] {processor.py:157} INFO - Started process (PID=1628) to work on /opt/airflow/dags/create_star_schema_part_1.py
[2023-12-12T22:50:33.368+0000] {processor.py:829} INFO - Processing file /opt/airflow/dags/create_star_schema_part_1.py for tasks to queue
[2023-12-12T22:50:33.368+0000] {logging_mixin.py:154} INFO - [2023-12-12T22:50:33.368+0000] {dagbag.py:536} INFO - Filling up the DagBag from /opt/airflow/dags/create_star_schema_part_1.py
[2023-12-12T22:50:33.372+0000] {processor.py:841} WARNING - No viable dags retrieved from /opt/airflow/dags/create_star_schema_part_1.py
[2023-12-12T22:50:33.382+0000] {processor.py:179} INFO - Processing /opt/airflow/dags/create_star_schema_part_1.py took 0.016 seconds
[2023-12-12T22:51:03.730+0000] {processor.py:157} INFO - Started process (PID=1665) to work on /opt/airflow/dags/create_star_schema_part_1.py
[2023-12-12T22:51:03.731+0000] {processor.py:829} INFO - Processing file /opt/airflow/dags/create_star_schema_part_1.py for tasks to queue
[2023-12-12T22:51:03.731+0000] {logging_mixin.py:154} INFO - [2023-12-12T22:51:03.731+0000] {dagbag.py:536} INFO - Filling up the DagBag from /opt/airflow/dags/create_star_schema_part_1.py
[2023-12-12T22:51:03.735+0000] {processor.py:841} WARNING - No viable dags retrieved from /opt/airflow/dags/create_star_schema_part_1.py
[2023-12-12T22:51:03.745+0000] {processor.py:179} INFO - Processing /opt/airflow/dags/create_star_schema_part_1.py took 0.016 seconds
[2023-12-12T22:51:34.154+0000] {processor.py:157} INFO - Started process (PID=1703) to work on /opt/airflow/dags/create_star_schema_part_1.py
[2023-12-12T22:51:34.155+0000] {processor.py:829} INFO - Processing file /opt/airflow/dags/create_star_schema_part_1.py for tasks to queue
[2023-12-12T22:51:34.156+0000] {logging_mixin.py:154} INFO - [2023-12-12T22:51:34.155+0000] {dagbag.py:536} INFO - Filling up the DagBag from /opt/airflow/dags/create_star_schema_part_1.py
[2023-12-12T22:51:34.159+0000] {processor.py:841} WARNING - No viable dags retrieved from /opt/airflow/dags/create_star_schema_part_1.py
[2023-12-12T22:51:34.170+0000] {processor.py:179} INFO - Processing /opt/airflow/dags/create_star_schema_part_1.py took 0.018 seconds
[2023-12-12T22:52:04.613+0000] {processor.py:157} INFO - Started process (PID=1759) to work on /opt/airflow/dags/create_star_schema_part_1.py
[2023-12-12T22:52:04.614+0000] {processor.py:829} INFO - Processing file /opt/airflow/dags/create_star_schema_part_1.py for tasks to queue
[2023-12-12T22:52:04.615+0000] {logging_mixin.py:154} INFO - [2023-12-12T22:52:04.615+0000] {dagbag.py:536} INFO - Filling up the DagBag from /opt/airflow/dags/create_star_schema_part_1.py
[2023-12-12T22:52:04.622+0000] {processor.py:841} WARNING - No viable dags retrieved from /opt/airflow/dags/create_star_schema_part_1.py
[2023-12-12T22:52:04.636+0000] {processor.py:179} INFO - Processing /opt/airflow/dags/create_star_schema_part_1.py took 0.027 seconds
[2023-12-12T22:52:35.120+0000] {processor.py:157} INFO - Started process (PID=1797) to work on /opt/airflow/dags/create_star_schema_part_1.py
[2023-12-12T22:52:35.121+0000] {processor.py:829} INFO - Processing file /opt/airflow/dags/create_star_schema_part_1.py for tasks to queue
[2023-12-12T22:52:35.122+0000] {logging_mixin.py:154} INFO - [2023-12-12T22:52:35.122+0000] {dagbag.py:536} INFO - Filling up the DagBag from /opt/airflow/dags/create_star_schema_part_1.py
[2023-12-12T22:52:35.128+0000] {processor.py:841} WARNING - No viable dags retrieved from /opt/airflow/dags/create_star_schema_part_1.py
[2023-12-12T22:52:35.139+0000] {processor.py:179} INFO - Processing /opt/airflow/dags/create_star_schema_part_1.py took 0.023 seconds
[2023-12-12T22:53:05.601+0000] {processor.py:157} INFO - Started process (PID=1835) to work on /opt/airflow/dags/create_star_schema_part_1.py
[2023-12-12T22:53:05.602+0000] {processor.py:829} INFO - Processing file /opt/airflow/dags/create_star_schema_part_1.py for tasks to queue
[2023-12-12T22:53:05.603+0000] {logging_mixin.py:154} INFO - [2023-12-12T22:53:05.603+0000] {dagbag.py:536} INFO - Filling up the DagBag from /opt/airflow/dags/create_star_schema_part_1.py
[2023-12-12T22:53:05.611+0000] {processor.py:841} WARNING - No viable dags retrieved from /opt/airflow/dags/create_star_schema_part_1.py
[2023-12-12T22:53:05.626+0000] {processor.py:179} INFO - Processing /opt/airflow/dags/create_star_schema_part_1.py took 0.029 seconds
[2023-12-12T22:53:36.112+0000] {processor.py:157} INFO - Started process (PID=1873) to work on /opt/airflow/dags/create_star_schema_part_1.py
[2023-12-12T22:53:36.113+0000] {processor.py:829} INFO - Processing file /opt/airflow/dags/create_star_schema_part_1.py for tasks to queue
[2023-12-12T22:53:36.113+0000] {logging_mixin.py:154} INFO - [2023-12-12T22:53:36.113+0000] {dagbag.py:536} INFO - Filling up the DagBag from /opt/airflow/dags/create_star_schema_part_1.py
[2023-12-12T22:53:36.120+0000] {processor.py:841} WARNING - No viable dags retrieved from /opt/airflow/dags/create_star_schema_part_1.py
[2023-12-12T22:53:36.133+0000] {processor.py:179} INFO - Processing /opt/airflow/dags/create_star_schema_part_1.py took 0.025 seconds
[2023-12-12T22:54:06.620+0000] {processor.py:157} INFO - Started process (PID=1911) to work on /opt/airflow/dags/create_star_schema_part_1.py
[2023-12-12T22:54:06.621+0000] {processor.py:829} INFO - Processing file /opt/airflow/dags/create_star_schema_part_1.py for tasks to queue
[2023-12-12T22:54:06.622+0000] {logging_mixin.py:154} INFO - [2023-12-12T22:54:06.621+0000] {dagbag.py:536} INFO - Filling up the DagBag from /opt/airflow/dags/create_star_schema_part_1.py
[2023-12-12T22:54:06.629+0000] {processor.py:841} WARNING - No viable dags retrieved from /opt/airflow/dags/create_star_schema_part_1.py
[2023-12-12T22:54:06.642+0000] {processor.py:179} INFO - Processing /opt/airflow/dags/create_star_schema_part_1.py took 0.026 seconds
[2023-12-12T22:54:37.219+0000] {processor.py:157} INFO - Started process (PID=1949) to work on /opt/airflow/dags/create_star_schema_part_1.py
[2023-12-12T22:54:37.220+0000] {processor.py:829} INFO - Processing file /opt/airflow/dags/create_star_schema_part_1.py for tasks to queue
[2023-12-12T22:54:37.221+0000] {logging_mixin.py:154} INFO - [2023-12-12T22:54:37.221+0000] {dagbag.py:536} INFO - Filling up the DagBag from /opt/airflow/dags/create_star_schema_part_1.py
[2023-12-12T22:54:37.228+0000] {processor.py:841} WARNING - No viable dags retrieved from /opt/airflow/dags/create_star_schema_part_1.py
[2023-12-12T22:54:37.241+0000] {processor.py:179} INFO - Processing /opt/airflow/dags/create_star_schema_part_1.py took 0.026 seconds
[2023-12-12T22:55:07.753+0000] {processor.py:157} INFO - Started process (PID=1987) to work on /opt/airflow/dags/create_star_schema_part_1.py
[2023-12-12T22:55:07.754+0000] {processor.py:829} INFO - Processing file /opt/airflow/dags/create_star_schema_part_1.py for tasks to queue
[2023-12-12T22:55:07.755+0000] {logging_mixin.py:154} INFO - [2023-12-12T22:55:07.755+0000] {dagbag.py:536} INFO - Filling up the DagBag from /opt/airflow/dags/create_star_schema_part_1.py
[2023-12-12T22:55:07.762+0000] {processor.py:841} WARNING - No viable dags retrieved from /opt/airflow/dags/create_star_schema_part_1.py
[2023-12-12T22:55:07.776+0000] {processor.py:179} INFO - Processing /opt/airflow/dags/create_star_schema_part_1.py took 0.026 seconds
[2023-12-12T22:55:38.311+0000] {processor.py:157} INFO - Started process (PID=2025) to work on /opt/airflow/dags/create_star_schema_part_1.py
[2023-12-12T22:55:38.313+0000] {processor.py:829} INFO - Processing file /opt/airflow/dags/create_star_schema_part_1.py for tasks to queue
[2023-12-12T22:55:38.313+0000] {logging_mixin.py:154} INFO - [2023-12-12T22:55:38.313+0000] {dagbag.py:536} INFO - Filling up the DagBag from /opt/airflow/dags/create_star_schema_part_1.py
[2023-12-12T22:55:38.320+0000] {processor.py:841} WARNING - No viable dags retrieved from /opt/airflow/dags/create_star_schema_part_1.py
[2023-12-12T22:55:38.334+0000] {processor.py:179} INFO - Processing /opt/airflow/dags/create_star_schema_part_1.py took 0.026 seconds
[2023-12-12T22:56:08.836+0000] {processor.py:157} INFO - Started process (PID=2063) to work on /opt/airflow/dags/create_star_schema_part_1.py
[2023-12-12T22:56:08.837+0000] {processor.py:829} INFO - Processing file /opt/airflow/dags/create_star_schema_part_1.py for tasks to queue
[2023-12-12T22:56:08.838+0000] {logging_mixin.py:154} INFO - [2023-12-12T22:56:08.838+0000] {dagbag.py:536} INFO - Filling up the DagBag from /opt/airflow/dags/create_star_schema_part_1.py
[2023-12-12T22:56:08.846+0000] {processor.py:841} WARNING - No viable dags retrieved from /opt/airflow/dags/create_star_schema_part_1.py
[2023-12-12T22:56:08.859+0000] {processor.py:179} INFO - Processing /opt/airflow/dags/create_star_schema_part_1.py took 0.026 seconds
[2023-12-12T22:56:39.389+0000] {processor.py:157} INFO - Started process (PID=2101) to work on /opt/airflow/dags/create_star_schema_part_1.py
[2023-12-12T22:56:39.390+0000] {processor.py:829} INFO - Processing file /opt/airflow/dags/create_star_schema_part_1.py for tasks to queue
[2023-12-12T22:56:39.391+0000] {logging_mixin.py:154} INFO - [2023-12-12T22:56:39.391+0000] {dagbag.py:536} INFO - Filling up the DagBag from /opt/airflow/dags/create_star_schema_part_1.py
[2023-12-12T22:56:39.398+0000] {processor.py:841} WARNING - No viable dags retrieved from /opt/airflow/dags/create_star_schema_part_1.py
[2023-12-12T22:56:39.412+0000] {processor.py:179} INFO - Processing /opt/airflow/dags/create_star_schema_part_1.py took 0.026 seconds
[2023-12-12T22:57:09.952+0000] {processor.py:157} INFO - Started process (PID=2139) to work on /opt/airflow/dags/create_star_schema_part_1.py
[2023-12-12T22:57:09.953+0000] {processor.py:829} INFO - Processing file /opt/airflow/dags/create_star_schema_part_1.py for tasks to queue
[2023-12-12T22:57:09.954+0000] {logging_mixin.py:154} INFO - [2023-12-12T22:57:09.954+0000] {dagbag.py:536} INFO - Filling up the DagBag from /opt/airflow/dags/create_star_schema_part_1.py
[2023-12-12T22:57:09.961+0000] {processor.py:841} WARNING - No viable dags retrieved from /opt/airflow/dags/create_star_schema_part_1.py
[2023-12-12T22:57:09.975+0000] {processor.py:179} INFO - Processing /opt/airflow/dags/create_star_schema_part_1.py took 0.026 seconds
[2023-12-12T22:57:40.488+0000] {processor.py:157} INFO - Started process (PID=2177) to work on /opt/airflow/dags/create_star_schema_part_1.py
[2023-12-12T22:57:40.489+0000] {processor.py:829} INFO - Processing file /opt/airflow/dags/create_star_schema_part_1.py for tasks to queue
[2023-12-12T22:57:40.490+0000] {logging_mixin.py:154} INFO - [2023-12-12T22:57:40.490+0000] {dagbag.py:536} INFO - Filling up the DagBag from /opt/airflow/dags/create_star_schema_part_1.py
[2023-12-12T22:57:40.497+0000] {processor.py:841} WARNING - No viable dags retrieved from /opt/airflow/dags/create_star_schema_part_1.py
[2023-12-12T22:57:40.510+0000] {processor.py:179} INFO - Processing /opt/airflow/dags/create_star_schema_part_1.py took 0.025 seconds
[2023-12-12T22:58:10.976+0000] {processor.py:157} INFO - Started process (PID=2215) to work on /opt/airflow/dags/create_star_schema_part_1.py
[2023-12-12T22:58:10.977+0000] {processor.py:829} INFO - Processing file /opt/airflow/dags/create_star_schema_part_1.py for tasks to queue
[2023-12-12T22:58:10.977+0000] {logging_mixin.py:154} INFO - [2023-12-12T22:58:10.977+0000] {dagbag.py:536} INFO - Filling up the DagBag from /opt/airflow/dags/create_star_schema_part_1.py
[2023-12-12T22:58:10.981+0000] {processor.py:841} WARNING - No viable dags retrieved from /opt/airflow/dags/create_star_schema_part_1.py
[2023-12-12T22:58:10.991+0000] {processor.py:179} INFO - Processing /opt/airflow/dags/create_star_schema_part_1.py took 0.016 seconds
[2023-12-12T22:58:41.521+0000] {processor.py:157} INFO - Started process (PID=2253) to work on /opt/airflow/dags/create_star_schema_part_1.py
[2023-12-12T22:58:41.522+0000] {processor.py:829} INFO - Processing file /opt/airflow/dags/create_star_schema_part_1.py for tasks to queue
[2023-12-12T22:58:41.523+0000] {logging_mixin.py:154} INFO - [2023-12-12T22:58:41.523+0000] {dagbag.py:536} INFO - Filling up the DagBag from /opt/airflow/dags/create_star_schema_part_1.py
[2023-12-12T22:58:41.530+0000] {processor.py:841} WARNING - No viable dags retrieved from /opt/airflow/dags/create_star_schema_part_1.py
[2023-12-12T22:58:41.544+0000] {processor.py:179} INFO - Processing /opt/airflow/dags/create_star_schema_part_1.py took 0.026 seconds
[2023-12-12T22:59:12.117+0000] {processor.py:157} INFO - Started process (PID=2291) to work on /opt/airflow/dags/create_star_schema_part_1.py
[2023-12-12T22:59:12.119+0000] {processor.py:829} INFO - Processing file /opt/airflow/dags/create_star_schema_part_1.py for tasks to queue
[2023-12-12T22:59:12.120+0000] {logging_mixin.py:154} INFO - [2023-12-12T22:59:12.119+0000] {dagbag.py:536} INFO - Filling up the DagBag from /opt/airflow/dags/create_star_schema_part_1.py
[2023-12-12T22:59:12.126+0000] {processor.py:841} WARNING - No viable dags retrieved from /opt/airflow/dags/create_star_schema_part_1.py
[2023-12-12T22:59:12.139+0000] {processor.py:179} INFO - Processing /opt/airflow/dags/create_star_schema_part_1.py took 0.026 seconds
[2023-12-12T22:59:42.627+0000] {processor.py:157} INFO - Started process (PID=2329) to work on /opt/airflow/dags/create_star_schema_part_1.py
[2023-12-12T22:59:42.628+0000] {processor.py:829} INFO - Processing file /opt/airflow/dags/create_star_schema_part_1.py for tasks to queue
[2023-12-12T22:59:42.628+0000] {logging_mixin.py:154} INFO - [2023-12-12T22:59:42.628+0000] {dagbag.py:536} INFO - Filling up the DagBag from /opt/airflow/dags/create_star_schema_part_1.py
[2023-12-12T22:59:42.632+0000] {processor.py:841} WARNING - No viable dags retrieved from /opt/airflow/dags/create_star_schema_part_1.py
[2023-12-12T22:59:42.642+0000] {processor.py:179} INFO - Processing /opt/airflow/dags/create_star_schema_part_1.py took 0.016 seconds
[2023-12-12T23:00:13.175+0000] {processor.py:157} INFO - Started process (PID=2367) to work on /opt/airflow/dags/create_star_schema_part_1.py
[2023-12-12T23:00:13.175+0000] {processor.py:829} INFO - Processing file /opt/airflow/dags/create_star_schema_part_1.py for tasks to queue
[2023-12-12T23:00:13.176+0000] {logging_mixin.py:154} INFO - [2023-12-12T23:00:13.176+0000] {dagbag.py:536} INFO - Filling up the DagBag from /opt/airflow/dags/create_star_schema_part_1.py
[2023-12-12T23:00:13.180+0000] {processor.py:841} WARNING - No viable dags retrieved from /opt/airflow/dags/create_star_schema_part_1.py
[2023-12-12T23:00:13.191+0000] {processor.py:179} INFO - Processing /opt/airflow/dags/create_star_schema_part_1.py took 0.019 seconds
[2023-12-12T23:00:43.759+0000] {processor.py:157} INFO - Started process (PID=2405) to work on /opt/airflow/dags/create_star_schema_part_1.py
[2023-12-12T23:00:43.761+0000] {processor.py:829} INFO - Processing file /opt/airflow/dags/create_star_schema_part_1.py for tasks to queue
[2023-12-12T23:00:43.762+0000] {logging_mixin.py:154} INFO - [2023-12-12T23:00:43.761+0000] {dagbag.py:536} INFO - Filling up the DagBag from /opt/airflow/dags/create_star_schema_part_1.py
[2023-12-12T23:00:43.768+0000] {processor.py:841} WARNING - No viable dags retrieved from /opt/airflow/dags/create_star_schema_part_1.py
[2023-12-12T23:00:43.783+0000] {processor.py:179} INFO - Processing /opt/airflow/dags/create_star_schema_part_1.py took 0.027 seconds
[2023-12-12T23:01:14.398+0000] {processor.py:157} INFO - Started process (PID=2443) to work on /opt/airflow/dags/create_star_schema_part_1.py
[2023-12-12T23:01:14.399+0000] {processor.py:829} INFO - Processing file /opt/airflow/dags/create_star_schema_part_1.py for tasks to queue
[2023-12-12T23:01:14.400+0000] {logging_mixin.py:154} INFO - [2023-12-12T23:01:14.400+0000] {dagbag.py:536} INFO - Filling up the DagBag from /opt/airflow/dags/create_star_schema_part_1.py
[2023-12-12T23:01:14.407+0000] {processor.py:841} WARNING - No viable dags retrieved from /opt/airflow/dags/create_star_schema_part_1.py
[2023-12-12T23:01:14.420+0000] {processor.py:179} INFO - Processing /opt/airflow/dags/create_star_schema_part_1.py took 0.026 seconds
[2023-12-12T23:01:44.980+0000] {processor.py:157} INFO - Started process (PID=2481) to work on /opt/airflow/dags/create_star_schema_part_1.py
[2023-12-12T23:01:44.982+0000] {processor.py:829} INFO - Processing file /opt/airflow/dags/create_star_schema_part_1.py for tasks to queue
[2023-12-12T23:01:44.983+0000] {logging_mixin.py:154} INFO - [2023-12-12T23:01:44.982+0000] {dagbag.py:536} INFO - Filling up the DagBag from /opt/airflow/dags/create_star_schema_part_1.py
[2023-12-12T23:01:44.989+0000] {processor.py:841} WARNING - No viable dags retrieved from /opt/airflow/dags/create_star_schema_part_1.py
[2023-12-12T23:01:45.002+0000] {processor.py:179} INFO - Processing /opt/airflow/dags/create_star_schema_part_1.py took 0.026 seconds
[2023-12-12T23:02:15.528+0000] {processor.py:157} INFO - Started process (PID=2526) to work on /opt/airflow/dags/create_star_schema_part_1.py
[2023-12-12T23:02:15.529+0000] {processor.py:829} INFO - Processing file /opt/airflow/dags/create_star_schema_part_1.py for tasks to queue
[2023-12-12T23:02:15.531+0000] {logging_mixin.py:154} INFO - [2023-12-12T23:02:15.530+0000] {dagbag.py:536} INFO - Filling up the DagBag from /opt/airflow/dags/create_star_schema_part_1.py
[2023-12-12T23:02:15.537+0000] {processor.py:841} WARNING - No viable dags retrieved from /opt/airflow/dags/create_star_schema_part_1.py
[2023-12-12T23:02:15.554+0000] {processor.py:179} INFO - Processing /opt/airflow/dags/create_star_schema_part_1.py took 0.030 seconds
[2023-12-12T23:02:46.153+0000] {processor.py:157} INFO - Started process (PID=2564) to work on /opt/airflow/dags/create_star_schema_part_1.py
[2023-12-12T23:02:46.154+0000] {processor.py:829} INFO - Processing file /opt/airflow/dags/create_star_schema_part_1.py for tasks to queue
[2023-12-12T23:02:46.155+0000] {logging_mixin.py:154} INFO - [2023-12-12T23:02:46.154+0000] {dagbag.py:536} INFO - Filling up the DagBag from /opt/airflow/dags/create_star_schema_part_1.py
[2023-12-12T23:02:46.162+0000] {processor.py:841} WARNING - No viable dags retrieved from /opt/airflow/dags/create_star_schema_part_1.py
[2023-12-12T23:02:46.176+0000] {processor.py:179} INFO - Processing /opt/airflow/dags/create_star_schema_part_1.py took 0.027 seconds
[2023-12-12T23:03:16.719+0000] {processor.py:157} INFO - Started process (PID=2602) to work on /opt/airflow/dags/create_star_schema_part_1.py
[2023-12-12T23:03:16.720+0000] {processor.py:829} INFO - Processing file /opt/airflow/dags/create_star_schema_part_1.py for tasks to queue
[2023-12-12T23:03:16.721+0000] {logging_mixin.py:154} INFO - [2023-12-12T23:03:16.721+0000] {dagbag.py:536} INFO - Filling up the DagBag from /opt/airflow/dags/create_star_schema_part_1.py
[2023-12-12T23:03:16.728+0000] {processor.py:841} WARNING - No viable dags retrieved from /opt/airflow/dags/create_star_schema_part_1.py
[2023-12-12T23:03:16.741+0000] {processor.py:179} INFO - Processing /opt/airflow/dags/create_star_schema_part_1.py took 0.026 seconds
[2023-12-12T23:03:47.302+0000] {processor.py:157} INFO - Started process (PID=2640) to work on /opt/airflow/dags/create_star_schema_part_1.py
[2023-12-12T23:03:47.303+0000] {processor.py:829} INFO - Processing file /opt/airflow/dags/create_star_schema_part_1.py for tasks to queue
[2023-12-12T23:03:47.304+0000] {logging_mixin.py:154} INFO - [2023-12-12T23:03:47.304+0000] {dagbag.py:536} INFO - Filling up the DagBag from /opt/airflow/dags/create_star_schema_part_1.py
[2023-12-12T23:03:47.311+0000] {processor.py:841} WARNING - No viable dags retrieved from /opt/airflow/dags/create_star_schema_part_1.py
[2023-12-12T23:03:47.325+0000] {processor.py:179} INFO - Processing /opt/airflow/dags/create_star_schema_part_1.py took 0.027 seconds
[2023-12-12T23:04:17.878+0000] {processor.py:157} INFO - Started process (PID=2678) to work on /opt/airflow/dags/create_star_schema_part_1.py
[2023-12-12T23:04:17.879+0000] {processor.py:829} INFO - Processing file /opt/airflow/dags/create_star_schema_part_1.py for tasks to queue
[2023-12-12T23:04:17.880+0000] {logging_mixin.py:154} INFO - [2023-12-12T23:04:17.880+0000] {dagbag.py:536} INFO - Filling up the DagBag from /opt/airflow/dags/create_star_schema_part_1.py
[2023-12-12T23:04:17.887+0000] {processor.py:841} WARNING - No viable dags retrieved from /opt/airflow/dags/create_star_schema_part_1.py
[2023-12-12T23:04:17.900+0000] {processor.py:179} INFO - Processing /opt/airflow/dags/create_star_schema_part_1.py took 0.025 seconds
[2023-12-12T23:04:48.481+0000] {processor.py:157} INFO - Started process (PID=2716) to work on /opt/airflow/dags/create_star_schema_part_1.py
[2023-12-12T23:04:48.482+0000] {processor.py:829} INFO - Processing file /opt/airflow/dags/create_star_schema_part_1.py for tasks to queue
[2023-12-12T23:04:48.483+0000] {logging_mixin.py:154} INFO - [2023-12-12T23:04:48.483+0000] {dagbag.py:536} INFO - Filling up the DagBag from /opt/airflow/dags/create_star_schema_part_1.py
[2023-12-12T23:04:48.490+0000] {processor.py:841} WARNING - No viable dags retrieved from /opt/airflow/dags/create_star_schema_part_1.py
[2023-12-12T23:04:48.504+0000] {processor.py:179} INFO - Processing /opt/airflow/dags/create_star_schema_part_1.py took 0.026 seconds
