[2023-12-12T22:44:27.588+0000] {processor.py:157} INFO - Started process (PID=1091) to work on /opt/airflow/dags/remove_outliers_1_5_iqr.py
[2023-12-12T22:44:27.590+0000] {processor.py:829} INFO - Processing file /opt/airflow/dags/remove_outliers_1_5_iqr.py for tasks to queue
[2023-12-12T22:44:27.591+0000] {logging_mixin.py:154} INFO - [2023-12-12T22:44:27.591+0000] {dagbag.py:536} INFO - Filling up the DagBag from /opt/airflow/dags/remove_outliers_1_5_iqr.py
[2023-12-12T22:44:27.603+0000] {processor.py:841} WARNING - No viable dags retrieved from /opt/airflow/dags/remove_outliers_1_5_iqr.py
[2023-12-12T22:44:27.619+0000] {processor.py:179} INFO - Processing /opt/airflow/dags/remove_outliers_1_5_iqr.py took 0.035 seconds
[2023-12-12T22:44:57.987+0000] {processor.py:157} INFO - Started process (PID=1129) to work on /opt/airflow/dags/remove_outliers_1_5_iqr.py
[2023-12-12T22:44:57.989+0000] {processor.py:829} INFO - Processing file /opt/airflow/dags/remove_outliers_1_5_iqr.py for tasks to queue
[2023-12-12T22:44:57.991+0000] {logging_mixin.py:154} INFO - [2023-12-12T22:44:57.991+0000] {dagbag.py:536} INFO - Filling up the DagBag from /opt/airflow/dags/remove_outliers_1_5_iqr.py
[2023-12-12T22:44:58.000+0000] {processor.py:841} WARNING - No viable dags retrieved from /opt/airflow/dags/remove_outliers_1_5_iqr.py
[2023-12-12T22:44:58.017+0000] {processor.py:179} INFO - Processing /opt/airflow/dags/remove_outliers_1_5_iqr.py took 0.035 seconds
[2023-12-12T22:45:28.446+0000] {processor.py:157} INFO - Started process (PID=1179) to work on /opt/airflow/dags/remove_outliers_1_5_iqr.py
[2023-12-12T22:45:28.449+0000] {processor.py:829} INFO - Processing file /opt/airflow/dags/remove_outliers_1_5_iqr.py for tasks to queue
[2023-12-12T22:45:28.450+0000] {logging_mixin.py:154} INFO - [2023-12-12T22:45:28.450+0000] {dagbag.py:536} INFO - Filling up the DagBag from /opt/airflow/dags/remove_outliers_1_5_iqr.py
[2023-12-12T22:45:28.456+0000] {processor.py:841} WARNING - No viable dags retrieved from /opt/airflow/dags/remove_outliers_1_5_iqr.py
[2023-12-12T22:45:28.470+0000] {processor.py:179} INFO - Processing /opt/airflow/dags/remove_outliers_1_5_iqr.py took 0.033 seconds
[2023-12-12T22:45:58.827+0000] {processor.py:157} INFO - Started process (PID=1217) to work on /opt/airflow/dags/remove_outliers_1_5_iqr.py
[2023-12-12T22:45:58.828+0000] {processor.py:829} INFO - Processing file /opt/airflow/dags/remove_outliers_1_5_iqr.py for tasks to queue
[2023-12-12T22:45:58.830+0000] {logging_mixin.py:154} INFO - [2023-12-12T22:45:58.830+0000] {dagbag.py:536} INFO - Filling up the DagBag from /opt/airflow/dags/remove_outliers_1_5_iqr.py
[2023-12-12T22:45:58.834+0000] {processor.py:841} WARNING - No viable dags retrieved from /opt/airflow/dags/remove_outliers_1_5_iqr.py
[2023-12-12T22:45:58.844+0000] {processor.py:179} INFO - Processing /opt/airflow/dags/remove_outliers_1_5_iqr.py took 0.022 seconds
[2023-12-12T22:46:29.266+0000] {processor.py:157} INFO - Started process (PID=1258) to work on /opt/airflow/dags/remove_outliers_1_5_iqr.py
[2023-12-12T22:46:29.267+0000] {processor.py:829} INFO - Processing file /opt/airflow/dags/remove_outliers_1_5_iqr.py for tasks to queue
[2023-12-12T22:46:29.267+0000] {logging_mixin.py:154} INFO - [2023-12-12T22:46:29.267+0000] {dagbag.py:536} INFO - Filling up the DagBag from /opt/airflow/dags/remove_outliers_1_5_iqr.py
[2023-12-12T22:46:29.271+0000] {processor.py:841} WARNING - No viable dags retrieved from /opt/airflow/dags/remove_outliers_1_5_iqr.py
[2023-12-12T22:46:29.281+0000] {processor.py:179} INFO - Processing /opt/airflow/dags/remove_outliers_1_5_iqr.py took 0.019 seconds
[2023-12-12T22:46:59.615+0000] {processor.py:157} INFO - Started process (PID=1305) to work on /opt/airflow/dags/remove_outliers_1_5_iqr.py
[2023-12-12T22:46:59.618+0000] {processor.py:829} INFO - Processing file /opt/airflow/dags/remove_outliers_1_5_iqr.py for tasks to queue
[2023-12-12T22:46:59.620+0000] {logging_mixin.py:154} INFO - [2023-12-12T22:46:59.620+0000] {dagbag.py:536} INFO - Filling up the DagBag from /opt/airflow/dags/remove_outliers_1_5_iqr.py
[2023-12-12T22:46:59.634+0000] {processor.py:841} WARNING - No viable dags retrieved from /opt/airflow/dags/remove_outliers_1_5_iqr.py
[2023-12-12T22:46:59.655+0000] {processor.py:179} INFO - Processing /opt/airflow/dags/remove_outliers_1_5_iqr.py took 0.046 seconds
[2023-12-12T22:47:29.694+0000] {processor.py:157} INFO - Started process (PID=1343) to work on /opt/airflow/dags/remove_outliers_1_5_iqr.py
[2023-12-12T22:47:29.695+0000] {processor.py:829} INFO - Processing file /opt/airflow/dags/remove_outliers_1_5_iqr.py for tasks to queue
[2023-12-12T22:47:29.699+0000] {logging_mixin.py:154} INFO - [2023-12-12T22:47:29.699+0000] {dagbag.py:536} INFO - Filling up the DagBag from /opt/airflow/dags/remove_outliers_1_5_iqr.py
[2023-12-12T22:47:29.711+0000] {processor.py:841} WARNING - No viable dags retrieved from /opt/airflow/dags/remove_outliers_1_5_iqr.py
[2023-12-12T22:47:29.731+0000] {processor.py:179} INFO - Processing /opt/airflow/dags/remove_outliers_1_5_iqr.py took 0.041 seconds
[2023-12-12T22:48:00.015+0000] {processor.py:157} INFO - Started process (PID=1381) to work on /opt/airflow/dags/remove_outliers_1_5_iqr.py
[2023-12-12T22:48:00.017+0000] {processor.py:829} INFO - Processing file /opt/airflow/dags/remove_outliers_1_5_iqr.py for tasks to queue
[2023-12-12T22:48:00.019+0000] {logging_mixin.py:154} INFO - [2023-12-12T22:48:00.019+0000] {dagbag.py:536} INFO - Filling up the DagBag from /opt/airflow/dags/remove_outliers_1_5_iqr.py
[2023-12-12T22:48:00.029+0000] {processor.py:841} WARNING - No viable dags retrieved from /opt/airflow/dags/remove_outliers_1_5_iqr.py
[2023-12-12T22:48:00.057+0000] {processor.py:179} INFO - Processing /opt/airflow/dags/remove_outliers_1_5_iqr.py took 0.052 seconds
[2023-12-12T22:48:30.509+0000] {processor.py:157} INFO - Started process (PID=1419) to work on /opt/airflow/dags/remove_outliers_1_5_iqr.py
[2023-12-12T22:48:30.511+0000] {processor.py:829} INFO - Processing file /opt/airflow/dags/remove_outliers_1_5_iqr.py for tasks to queue
[2023-12-12T22:48:30.512+0000] {logging_mixin.py:154} INFO - [2023-12-12T22:48:30.512+0000] {dagbag.py:536} INFO - Filling up the DagBag from /opt/airflow/dags/remove_outliers_1_5_iqr.py
[2023-12-12T22:48:30.520+0000] {processor.py:841} WARNING - No viable dags retrieved from /opt/airflow/dags/remove_outliers_1_5_iqr.py
[2023-12-12T22:48:30.536+0000] {processor.py:179} INFO - Processing /opt/airflow/dags/remove_outliers_1_5_iqr.py took 0.033 seconds
[2023-12-12T22:49:00.981+0000] {processor.py:157} INFO - Started process (PID=1463) to work on /opt/airflow/dags/remove_outliers_1_5_iqr.py
[2023-12-12T22:49:00.983+0000] {processor.py:829} INFO - Processing file /opt/airflow/dags/remove_outliers_1_5_iqr.py for tasks to queue
[2023-12-12T22:49:00.984+0000] {logging_mixin.py:154} INFO - [2023-12-12T22:49:00.984+0000] {dagbag.py:536} INFO - Filling up the DagBag from /opt/airflow/dags/remove_outliers_1_5_iqr.py
[2023-12-12T22:49:00.991+0000] {processor.py:841} WARNING - No viable dags retrieved from /opt/airflow/dags/remove_outliers_1_5_iqr.py
[2023-12-12T22:49:01.011+0000] {processor.py:179} INFO - Processing /opt/airflow/dags/remove_outliers_1_5_iqr.py took 0.035 seconds
[2023-12-12T22:49:31.440+0000] {processor.py:157} INFO - Started process (PID=1516) to work on /opt/airflow/dags/remove_outliers_1_5_iqr.py
[2023-12-12T22:49:31.441+0000] {processor.py:829} INFO - Processing file /opt/airflow/dags/remove_outliers_1_5_iqr.py for tasks to queue
[2023-12-12T22:49:31.442+0000] {logging_mixin.py:154} INFO - [2023-12-12T22:49:31.442+0000] {dagbag.py:536} INFO - Filling up the DagBag from /opt/airflow/dags/remove_outliers_1_5_iqr.py
[2023-12-12T22:49:31.448+0000] {processor.py:841} WARNING - No viable dags retrieved from /opt/airflow/dags/remove_outliers_1_5_iqr.py
[2023-12-12T22:49:31.459+0000] {processor.py:179} INFO - Processing /opt/airflow/dags/remove_outliers_1_5_iqr.py took 0.022 seconds
[2023-12-12T22:50:01.862+0000] {processor.py:157} INFO - Started process (PID=1557) to work on /opt/airflow/dags/remove_outliers_1_5_iqr.py
[2023-12-12T22:50:01.864+0000] {processor.py:829} INFO - Processing file /opt/airflow/dags/remove_outliers_1_5_iqr.py for tasks to queue
[2023-12-12T22:50:01.864+0000] {logging_mixin.py:154} INFO - [2023-12-12T22:50:01.864+0000] {dagbag.py:536} INFO - Filling up the DagBag from /opt/airflow/dags/remove_outliers_1_5_iqr.py
[2023-12-12T22:50:01.869+0000] {processor.py:841} WARNING - No viable dags retrieved from /opt/airflow/dags/remove_outliers_1_5_iqr.py
[2023-12-12T22:50:01.880+0000] {processor.py:179} INFO - Processing /opt/airflow/dags/remove_outliers_1_5_iqr.py took 0.022 seconds
[2023-12-12T22:50:32.307+0000] {processor.py:157} INFO - Started process (PID=1610) to work on /opt/airflow/dags/remove_outliers_1_5_iqr.py
[2023-12-12T22:50:32.308+0000] {processor.py:829} INFO - Processing file /opt/airflow/dags/remove_outliers_1_5_iqr.py for tasks to queue
[2023-12-12T22:50:32.308+0000] {logging_mixin.py:154} INFO - [2023-12-12T22:50:32.308+0000] {dagbag.py:536} INFO - Filling up the DagBag from /opt/airflow/dags/remove_outliers_1_5_iqr.py
[2023-12-12T22:50:32.312+0000] {processor.py:841} WARNING - No viable dags retrieved from /opt/airflow/dags/remove_outliers_1_5_iqr.py
[2023-12-12T22:50:32.322+0000] {processor.py:179} INFO - Processing /opt/airflow/dags/remove_outliers_1_5_iqr.py took 0.017 seconds
[2023-12-12T22:51:02.661+0000] {processor.py:157} INFO - Started process (PID=1647) to work on /opt/airflow/dags/remove_outliers_1_5_iqr.py
[2023-12-12T22:51:02.666+0000] {processor.py:829} INFO - Processing file /opt/airflow/dags/remove_outliers_1_5_iqr.py for tasks to queue
[2023-12-12T22:51:02.667+0000] {logging_mixin.py:154} INFO - [2023-12-12T22:51:02.666+0000] {dagbag.py:536} INFO - Filling up the DagBag from /opt/airflow/dags/remove_outliers_1_5_iqr.py
[2023-12-12T22:51:02.670+0000] {processor.py:841} WARNING - No viable dags retrieved from /opt/airflow/dags/remove_outliers_1_5_iqr.py
[2023-12-12T22:51:02.681+0000] {processor.py:179} INFO - Processing /opt/airflow/dags/remove_outliers_1_5_iqr.py took 0.023 seconds
[2023-12-12T22:51:33.092+0000] {processor.py:157} INFO - Started process (PID=1685) to work on /opt/airflow/dags/remove_outliers_1_5_iqr.py
[2023-12-12T22:51:33.093+0000] {processor.py:829} INFO - Processing file /opt/airflow/dags/remove_outliers_1_5_iqr.py for tasks to queue
[2023-12-12T22:51:33.094+0000] {logging_mixin.py:154} INFO - [2023-12-12T22:51:33.094+0000] {dagbag.py:536} INFO - Filling up the DagBag from /opt/airflow/dags/remove_outliers_1_5_iqr.py
[2023-12-12T22:51:33.098+0000] {processor.py:841} WARNING - No viable dags retrieved from /opt/airflow/dags/remove_outliers_1_5_iqr.py
[2023-12-12T22:51:33.110+0000] {processor.py:179} INFO - Processing /opt/airflow/dags/remove_outliers_1_5_iqr.py took 0.022 seconds
[2023-12-12T22:52:03.495+0000] {processor.py:157} INFO - Started process (PID=1736) to work on /opt/airflow/dags/remove_outliers_1_5_iqr.py
[2023-12-12T22:52:03.497+0000] {processor.py:829} INFO - Processing file /opt/airflow/dags/remove_outliers_1_5_iqr.py for tasks to queue
[2023-12-12T22:52:03.498+0000] {logging_mixin.py:154} INFO - [2023-12-12T22:52:03.497+0000] {dagbag.py:536} INFO - Filling up the DagBag from /opt/airflow/dags/remove_outliers_1_5_iqr.py
[2023-12-12T22:52:03.505+0000] {processor.py:841} WARNING - No viable dags retrieved from /opt/airflow/dags/remove_outliers_1_5_iqr.py
[2023-12-12T22:52:03.534+0000] {processor.py:179} INFO - Processing /opt/airflow/dags/remove_outliers_1_5_iqr.py took 0.042 seconds
[2023-12-12T22:52:34.057+0000] {processor.py:157} INFO - Started process (PID=1779) to work on /opt/airflow/dags/remove_outliers_1_5_iqr.py
[2023-12-12T22:52:34.058+0000] {processor.py:829} INFO - Processing file /opt/airflow/dags/remove_outliers_1_5_iqr.py for tasks to queue
[2023-12-12T22:52:34.059+0000] {logging_mixin.py:154} INFO - [2023-12-12T22:52:34.059+0000] {dagbag.py:536} INFO - Filling up the DagBag from /opt/airflow/dags/remove_outliers_1_5_iqr.py
[2023-12-12T22:52:34.066+0000] {processor.py:841} WARNING - No viable dags retrieved from /opt/airflow/dags/remove_outliers_1_5_iqr.py
[2023-12-12T22:52:34.080+0000] {processor.py:179} INFO - Processing /opt/airflow/dags/remove_outliers_1_5_iqr.py took 0.027 seconds
[2023-12-12T22:53:04.515+0000] {processor.py:157} INFO - Started process (PID=1817) to work on /opt/airflow/dags/remove_outliers_1_5_iqr.py
[2023-12-12T22:53:04.516+0000] {processor.py:829} INFO - Processing file /opt/airflow/dags/remove_outliers_1_5_iqr.py for tasks to queue
[2023-12-12T22:53:04.517+0000] {logging_mixin.py:154} INFO - [2023-12-12T22:53:04.517+0000] {dagbag.py:536} INFO - Filling up the DagBag from /opt/airflow/dags/remove_outliers_1_5_iqr.py
[2023-12-12T22:53:04.524+0000] {processor.py:841} WARNING - No viable dags retrieved from /opt/airflow/dags/remove_outliers_1_5_iqr.py
[2023-12-12T22:53:04.540+0000] {processor.py:179} INFO - Processing /opt/airflow/dags/remove_outliers_1_5_iqr.py took 0.031 seconds
[2023-12-12T22:53:35.022+0000] {processor.py:157} INFO - Started process (PID=1855) to work on /opt/airflow/dags/remove_outliers_1_5_iqr.py
[2023-12-12T22:53:35.024+0000] {processor.py:829} INFO - Processing file /opt/airflow/dags/remove_outliers_1_5_iqr.py for tasks to queue
[2023-12-12T22:53:35.025+0000] {logging_mixin.py:154} INFO - [2023-12-12T22:53:35.025+0000] {dagbag.py:536} INFO - Filling up the DagBag from /opt/airflow/dags/remove_outliers_1_5_iqr.py
[2023-12-12T22:53:35.033+0000] {processor.py:841} WARNING - No viable dags retrieved from /opt/airflow/dags/remove_outliers_1_5_iqr.py
[2023-12-12T22:53:35.050+0000] {processor.py:179} INFO - Processing /opt/airflow/dags/remove_outliers_1_5_iqr.py took 0.035 seconds
[2023-12-12T22:54:05.526+0000] {processor.py:157} INFO - Started process (PID=1893) to work on /opt/airflow/dags/remove_outliers_1_5_iqr.py
[2023-12-12T22:54:05.527+0000] {processor.py:829} INFO - Processing file /opt/airflow/dags/remove_outliers_1_5_iqr.py for tasks to queue
[2023-12-12T22:54:05.529+0000] {logging_mixin.py:154} INFO - [2023-12-12T22:54:05.528+0000] {dagbag.py:536} INFO - Filling up the DagBag from /opt/airflow/dags/remove_outliers_1_5_iqr.py
[2023-12-12T22:54:05.537+0000] {processor.py:841} WARNING - No viable dags retrieved from /opt/airflow/dags/remove_outliers_1_5_iqr.py
[2023-12-12T22:54:05.556+0000] {processor.py:179} INFO - Processing /opt/airflow/dags/remove_outliers_1_5_iqr.py took 0.037 seconds
[2023-12-12T22:54:36.120+0000] {processor.py:157} INFO - Started process (PID=1931) to work on /opt/airflow/dags/remove_outliers_1_5_iqr.py
[2023-12-12T22:54:36.122+0000] {processor.py:829} INFO - Processing file /opt/airflow/dags/remove_outliers_1_5_iqr.py for tasks to queue
[2023-12-12T22:54:36.123+0000] {logging_mixin.py:154} INFO - [2023-12-12T22:54:36.123+0000] {dagbag.py:536} INFO - Filling up the DagBag from /opt/airflow/dags/remove_outliers_1_5_iqr.py
[2023-12-12T22:54:36.130+0000] {processor.py:841} WARNING - No viable dags retrieved from /opt/airflow/dags/remove_outliers_1_5_iqr.py
[2023-12-12T22:54:36.146+0000] {processor.py:179} INFO - Processing /opt/airflow/dags/remove_outliers_1_5_iqr.py took 0.031 seconds
[2023-12-12T22:55:06.660+0000] {processor.py:157} INFO - Started process (PID=1969) to work on /opt/airflow/dags/remove_outliers_1_5_iqr.py
[2023-12-12T22:55:06.662+0000] {processor.py:829} INFO - Processing file /opt/airflow/dags/remove_outliers_1_5_iqr.py for tasks to queue
[2023-12-12T22:55:06.663+0000] {logging_mixin.py:154} INFO - [2023-12-12T22:55:06.663+0000] {dagbag.py:536} INFO - Filling up the DagBag from /opt/airflow/dags/remove_outliers_1_5_iqr.py
[2023-12-12T22:55:06.670+0000] {processor.py:841} WARNING - No viable dags retrieved from /opt/airflow/dags/remove_outliers_1_5_iqr.py
[2023-12-12T22:55:06.687+0000] {processor.py:179} INFO - Processing /opt/airflow/dags/remove_outliers_1_5_iqr.py took 0.032 seconds
[2023-12-12T22:55:37.215+0000] {processor.py:157} INFO - Started process (PID=2007) to work on /opt/airflow/dags/remove_outliers_1_5_iqr.py
[2023-12-12T22:55:37.217+0000] {processor.py:829} INFO - Processing file /opt/airflow/dags/remove_outliers_1_5_iqr.py for tasks to queue
[2023-12-12T22:55:37.218+0000] {logging_mixin.py:154} INFO - [2023-12-12T22:55:37.218+0000] {dagbag.py:536} INFO - Filling up the DagBag from /opt/airflow/dags/remove_outliers_1_5_iqr.py
[2023-12-12T22:55:37.225+0000] {processor.py:841} WARNING - No viable dags retrieved from /opt/airflow/dags/remove_outliers_1_5_iqr.py
[2023-12-12T22:55:37.243+0000] {processor.py:179} INFO - Processing /opt/airflow/dags/remove_outliers_1_5_iqr.py took 0.033 seconds
[2023-12-12T22:56:07.735+0000] {processor.py:157} INFO - Started process (PID=2045) to work on /opt/airflow/dags/remove_outliers_1_5_iqr.py
[2023-12-12T22:56:07.736+0000] {processor.py:829} INFO - Processing file /opt/airflow/dags/remove_outliers_1_5_iqr.py for tasks to queue
[2023-12-12T22:56:07.738+0000] {logging_mixin.py:154} INFO - [2023-12-12T22:56:07.738+0000] {dagbag.py:536} INFO - Filling up the DagBag from /opt/airflow/dags/remove_outliers_1_5_iqr.py
[2023-12-12T22:56:07.746+0000] {processor.py:841} WARNING - No viable dags retrieved from /opt/airflow/dags/remove_outliers_1_5_iqr.py
[2023-12-12T22:56:07.761+0000] {processor.py:179} INFO - Processing /opt/airflow/dags/remove_outliers_1_5_iqr.py took 0.032 seconds
[2023-12-12T22:56:38.289+0000] {processor.py:157} INFO - Started process (PID=2083) to work on /opt/airflow/dags/remove_outliers_1_5_iqr.py
[2023-12-12T22:56:38.290+0000] {processor.py:829} INFO - Processing file /opt/airflow/dags/remove_outliers_1_5_iqr.py for tasks to queue
[2023-12-12T22:56:38.291+0000] {logging_mixin.py:154} INFO - [2023-12-12T22:56:38.291+0000] {dagbag.py:536} INFO - Filling up the DagBag from /opt/airflow/dags/remove_outliers_1_5_iqr.py
[2023-12-12T22:56:38.298+0000] {processor.py:841} WARNING - No viable dags retrieved from /opt/airflow/dags/remove_outliers_1_5_iqr.py
[2023-12-12T22:56:38.314+0000] {processor.py:179} INFO - Processing /opt/airflow/dags/remove_outliers_1_5_iqr.py took 0.031 seconds
[2023-12-12T22:57:08.861+0000] {processor.py:157} INFO - Started process (PID=2121) to work on /opt/airflow/dags/remove_outliers_1_5_iqr.py
[2023-12-12T22:57:08.864+0000] {processor.py:829} INFO - Processing file /opt/airflow/dags/remove_outliers_1_5_iqr.py for tasks to queue
[2023-12-12T22:57:08.865+0000] {logging_mixin.py:154} INFO - [2023-12-12T22:57:08.865+0000] {dagbag.py:536} INFO - Filling up the DagBag from /opt/airflow/dags/remove_outliers_1_5_iqr.py
[2023-12-12T22:57:08.872+0000] {processor.py:841} WARNING - No viable dags retrieved from /opt/airflow/dags/remove_outliers_1_5_iqr.py
[2023-12-12T22:57:08.888+0000] {processor.py:179} INFO - Processing /opt/airflow/dags/remove_outliers_1_5_iqr.py took 0.032 seconds
[2023-12-12T22:57:39.407+0000] {processor.py:157} INFO - Started process (PID=2159) to work on /opt/airflow/dags/remove_outliers_1_5_iqr.py
[2023-12-12T22:57:39.409+0000] {processor.py:829} INFO - Processing file /opt/airflow/dags/remove_outliers_1_5_iqr.py for tasks to queue
[2023-12-12T22:57:39.410+0000] {logging_mixin.py:154} INFO - [2023-12-12T22:57:39.410+0000] {dagbag.py:536} INFO - Filling up the DagBag from /opt/airflow/dags/remove_outliers_1_5_iqr.py
[2023-12-12T22:57:39.418+0000] {processor.py:841} WARNING - No viable dags retrieved from /opt/airflow/dags/remove_outliers_1_5_iqr.py
[2023-12-12T22:57:39.433+0000] {processor.py:179} INFO - Processing /opt/airflow/dags/remove_outliers_1_5_iqr.py took 0.031 seconds
[2023-12-12T22:58:09.911+0000] {processor.py:157} INFO - Started process (PID=2197) to work on /opt/airflow/dags/remove_outliers_1_5_iqr.py
[2023-12-12T22:58:09.912+0000] {processor.py:829} INFO - Processing file /opt/airflow/dags/remove_outliers_1_5_iqr.py for tasks to queue
[2023-12-12T22:58:09.912+0000] {logging_mixin.py:154} INFO - [2023-12-12T22:58:09.912+0000] {dagbag.py:536} INFO - Filling up the DagBag from /opt/airflow/dags/remove_outliers_1_5_iqr.py
[2023-12-12T22:58:09.916+0000] {processor.py:841} WARNING - No viable dags retrieved from /opt/airflow/dags/remove_outliers_1_5_iqr.py
[2023-12-12T22:58:09.926+0000] {processor.py:179} INFO - Processing /opt/airflow/dags/remove_outliers_1_5_iqr.py took 0.018 seconds
[2023-12-12T22:58:40.437+0000] {processor.py:157} INFO - Started process (PID=2235) to work on /opt/airflow/dags/remove_outliers_1_5_iqr.py
[2023-12-12T22:58:40.438+0000] {processor.py:829} INFO - Processing file /opt/airflow/dags/remove_outliers_1_5_iqr.py for tasks to queue
[2023-12-12T22:58:40.439+0000] {logging_mixin.py:154} INFO - [2023-12-12T22:58:40.439+0000] {dagbag.py:536} INFO - Filling up the DagBag from /opt/airflow/dags/remove_outliers_1_5_iqr.py
[2023-12-12T22:58:40.442+0000] {processor.py:841} WARNING - No viable dags retrieved from /opt/airflow/dags/remove_outliers_1_5_iqr.py
[2023-12-12T22:58:40.453+0000] {processor.py:179} INFO - Processing /opt/airflow/dags/remove_outliers_1_5_iqr.py took 0.018 seconds
[2023-12-12T22:59:11.039+0000] {processor.py:157} INFO - Started process (PID=2273) to work on /opt/airflow/dags/remove_outliers_1_5_iqr.py
[2023-12-12T22:59:11.040+0000] {processor.py:829} INFO - Processing file /opt/airflow/dags/remove_outliers_1_5_iqr.py for tasks to queue
[2023-12-12T22:59:11.041+0000] {logging_mixin.py:154} INFO - [2023-12-12T22:59:11.040+0000] {dagbag.py:536} INFO - Filling up the DagBag from /opt/airflow/dags/remove_outliers_1_5_iqr.py
[2023-12-12T22:59:11.044+0000] {processor.py:841} WARNING - No viable dags retrieved from /opt/airflow/dags/remove_outliers_1_5_iqr.py
[2023-12-12T22:59:11.055+0000] {processor.py:179} INFO - Processing /opt/airflow/dags/remove_outliers_1_5_iqr.py took 0.018 seconds
[2023-12-12T22:59:41.581+0000] {processor.py:157} INFO - Started process (PID=2311) to work on /opt/airflow/dags/remove_outliers_1_5_iqr.py
[2023-12-12T22:59:41.582+0000] {processor.py:829} INFO - Processing file /opt/airflow/dags/remove_outliers_1_5_iqr.py for tasks to queue
[2023-12-12T22:59:41.583+0000] {logging_mixin.py:154} INFO - [2023-12-12T22:59:41.582+0000] {dagbag.py:536} INFO - Filling up the DagBag from /opt/airflow/dags/remove_outliers_1_5_iqr.py
[2023-12-12T22:59:41.587+0000] {processor.py:841} WARNING - No viable dags retrieved from /opt/airflow/dags/remove_outliers_1_5_iqr.py
[2023-12-12T22:59:41.597+0000] {processor.py:179} INFO - Processing /opt/airflow/dags/remove_outliers_1_5_iqr.py took 0.019 seconds
[2023-12-12T23:00:12.120+0000] {processor.py:157} INFO - Started process (PID=2349) to work on /opt/airflow/dags/remove_outliers_1_5_iqr.py
[2023-12-12T23:00:12.122+0000] {processor.py:829} INFO - Processing file /opt/airflow/dags/remove_outliers_1_5_iqr.py for tasks to queue
[2023-12-12T23:00:12.123+0000] {logging_mixin.py:154} INFO - [2023-12-12T23:00:12.123+0000] {dagbag.py:536} INFO - Filling up the DagBag from /opt/airflow/dags/remove_outliers_1_5_iqr.py
[2023-12-12T23:00:12.130+0000] {processor.py:841} WARNING - No viable dags retrieved from /opt/airflow/dags/remove_outliers_1_5_iqr.py
[2023-12-12T23:00:12.146+0000] {processor.py:179} INFO - Processing /opt/airflow/dags/remove_outliers_1_5_iqr.py took 0.030 seconds
[2023-12-12T23:00:42.666+0000] {processor.py:157} INFO - Started process (PID=2387) to work on /opt/airflow/dags/remove_outliers_1_5_iqr.py
[2023-12-12T23:00:42.667+0000] {processor.py:829} INFO - Processing file /opt/airflow/dags/remove_outliers_1_5_iqr.py for tasks to queue
[2023-12-12T23:00:42.668+0000] {logging_mixin.py:154} INFO - [2023-12-12T23:00:42.668+0000] {dagbag.py:536} INFO - Filling up the DagBag from /opt/airflow/dags/remove_outliers_1_5_iqr.py
[2023-12-12T23:00:42.676+0000] {processor.py:841} WARNING - No viable dags retrieved from /opt/airflow/dags/remove_outliers_1_5_iqr.py
[2023-12-12T23:00:42.693+0000] {processor.py:179} INFO - Processing /opt/airflow/dags/remove_outliers_1_5_iqr.py took 0.033 seconds
[2023-12-12T23:01:13.307+0000] {processor.py:157} INFO - Started process (PID=2425) to work on /opt/airflow/dags/remove_outliers_1_5_iqr.py
[2023-12-12T23:01:13.308+0000] {processor.py:829} INFO - Processing file /opt/airflow/dags/remove_outliers_1_5_iqr.py for tasks to queue
[2023-12-12T23:01:13.310+0000] {logging_mixin.py:154} INFO - [2023-12-12T23:01:13.309+0000] {dagbag.py:536} INFO - Filling up the DagBag from /opt/airflow/dags/remove_outliers_1_5_iqr.py
[2023-12-12T23:01:13.317+0000] {processor.py:841} WARNING - No viable dags retrieved from /opt/airflow/dags/remove_outliers_1_5_iqr.py
[2023-12-12T23:01:13.333+0000] {processor.py:179} INFO - Processing /opt/airflow/dags/remove_outliers_1_5_iqr.py took 0.031 seconds
[2023-12-12T23:01:43.882+0000] {processor.py:157} INFO - Started process (PID=2463) to work on /opt/airflow/dags/remove_outliers_1_5_iqr.py
[2023-12-12T23:01:43.884+0000] {processor.py:829} INFO - Processing file /opt/airflow/dags/remove_outliers_1_5_iqr.py for tasks to queue
[2023-12-12T23:01:43.885+0000] {logging_mixin.py:154} INFO - [2023-12-12T23:01:43.885+0000] {dagbag.py:536} INFO - Filling up the DagBag from /opt/airflow/dags/remove_outliers_1_5_iqr.py
[2023-12-12T23:01:43.892+0000] {processor.py:841} WARNING - No viable dags retrieved from /opt/airflow/dags/remove_outliers_1_5_iqr.py
[2023-12-12T23:01:43.908+0000] {processor.py:179} INFO - Processing /opt/airflow/dags/remove_outliers_1_5_iqr.py took 0.032 seconds
[2023-12-12T23:02:14.430+0000] {processor.py:157} INFO - Started process (PID=2501) to work on /opt/airflow/dags/remove_outliers_1_5_iqr.py
[2023-12-12T23:02:14.431+0000] {processor.py:829} INFO - Processing file /opt/airflow/dags/remove_outliers_1_5_iqr.py for tasks to queue
[2023-12-12T23:02:14.432+0000] {logging_mixin.py:154} INFO - [2023-12-12T23:02:14.432+0000] {dagbag.py:536} INFO - Filling up the DagBag from /opt/airflow/dags/remove_outliers_1_5_iqr.py
[2023-12-12T23:02:14.439+0000] {processor.py:841} WARNING - No viable dags retrieved from /opt/airflow/dags/remove_outliers_1_5_iqr.py
[2023-12-12T23:02:14.456+0000] {processor.py:179} INFO - Processing /opt/airflow/dags/remove_outliers_1_5_iqr.py took 0.031 seconds
[2023-12-12T23:02:45.057+0000] {processor.py:157} INFO - Started process (PID=2539) to work on /opt/airflow/dags/remove_outliers_1_5_iqr.py
[2023-12-12T23:02:45.058+0000] {processor.py:829} INFO - Processing file /opt/airflow/dags/remove_outliers_1_5_iqr.py for tasks to queue
[2023-12-12T23:02:45.060+0000] {logging_mixin.py:154} INFO - [2023-12-12T23:02:45.059+0000] {dagbag.py:536} INFO - Filling up the DagBag from /opt/airflow/dags/remove_outliers_1_5_iqr.py
[2023-12-12T23:02:45.067+0000] {processor.py:841} WARNING - No viable dags retrieved from /opt/airflow/dags/remove_outliers_1_5_iqr.py
[2023-12-12T23:02:45.083+0000] {processor.py:179} INFO - Processing /opt/airflow/dags/remove_outliers_1_5_iqr.py took 0.031 seconds
[2023-12-12T23:03:15.628+0000] {processor.py:157} INFO - Started process (PID=2584) to work on /opt/airflow/dags/remove_outliers_1_5_iqr.py
[2023-12-12T23:03:15.630+0000] {processor.py:829} INFO - Processing file /opt/airflow/dags/remove_outliers_1_5_iqr.py for tasks to queue
[2023-12-12T23:03:15.631+0000] {logging_mixin.py:154} INFO - [2023-12-12T23:03:15.631+0000] {dagbag.py:536} INFO - Filling up the DagBag from /opt/airflow/dags/remove_outliers_1_5_iqr.py
[2023-12-12T23:03:15.638+0000] {processor.py:841} WARNING - No viable dags retrieved from /opt/airflow/dags/remove_outliers_1_5_iqr.py
[2023-12-12T23:03:15.655+0000] {processor.py:179} INFO - Processing /opt/airflow/dags/remove_outliers_1_5_iqr.py took 0.032 seconds
[2023-12-12T23:03:46.213+0000] {processor.py:157} INFO - Started process (PID=2622) to work on /opt/airflow/dags/remove_outliers_1_5_iqr.py
[2023-12-12T23:03:46.214+0000] {processor.py:829} INFO - Processing file /opt/airflow/dags/remove_outliers_1_5_iqr.py for tasks to queue
[2023-12-12T23:03:46.215+0000] {logging_mixin.py:154} INFO - [2023-12-12T23:03:46.215+0000] {dagbag.py:536} INFO - Filling up the DagBag from /opt/airflow/dags/remove_outliers_1_5_iqr.py
[2023-12-12T23:03:46.223+0000] {processor.py:841} WARNING - No viable dags retrieved from /opt/airflow/dags/remove_outliers_1_5_iqr.py
[2023-12-12T23:03:46.239+0000] {processor.py:179} INFO - Processing /opt/airflow/dags/remove_outliers_1_5_iqr.py took 0.031 seconds
[2023-12-12T23:04:16.778+0000] {processor.py:157} INFO - Started process (PID=2660) to work on /opt/airflow/dags/remove_outliers_1_5_iqr.py
[2023-12-12T23:04:16.779+0000] {processor.py:829} INFO - Processing file /opt/airflow/dags/remove_outliers_1_5_iqr.py for tasks to queue
[2023-12-12T23:04:16.781+0000] {logging_mixin.py:154} INFO - [2023-12-12T23:04:16.780+0000] {dagbag.py:536} INFO - Filling up the DagBag from /opt/airflow/dags/remove_outliers_1_5_iqr.py
[2023-12-12T23:04:16.789+0000] {processor.py:841} WARNING - No viable dags retrieved from /opt/airflow/dags/remove_outliers_1_5_iqr.py
[2023-12-12T23:04:16.805+0000] {processor.py:179} INFO - Processing /opt/airflow/dags/remove_outliers_1_5_iqr.py took 0.032 seconds
[2023-12-12T23:04:47.387+0000] {processor.py:157} INFO - Started process (PID=2698) to work on /opt/airflow/dags/remove_outliers_1_5_iqr.py
[2023-12-12T23:04:47.388+0000] {processor.py:829} INFO - Processing file /opt/airflow/dags/remove_outliers_1_5_iqr.py for tasks to queue
[2023-12-12T23:04:47.389+0000] {logging_mixin.py:154} INFO - [2023-12-12T23:04:47.389+0000] {dagbag.py:536} INFO - Filling up the DagBag from /opt/airflow/dags/remove_outliers_1_5_iqr.py
[2023-12-12T23:04:47.397+0000] {processor.py:841} WARNING - No viable dags retrieved from /opt/airflow/dags/remove_outliers_1_5_iqr.py
[2023-12-12T23:04:47.413+0000] {processor.py:179} INFO - Processing /opt/airflow/dags/remove_outliers_1_5_iqr.py took 0.031 seconds
