[2023-12-11T05:48:05.667+0000] {taskinstance.py:1159} INFO - Dependencies all met for dep_context=non-requeueable deps ti=<TaskInstance: Electric_Vehicle_Population-v01.create_copy_of_postgres_table scheduled__2023-12-01T00:00:00+00:00 [queued]>
[2023-12-11T05:48:05.670+0000] {taskinstance.py:1159} INFO - Dependencies all met for dep_context=requeueable deps ti=<TaskInstance: Electric_Vehicle_Population-v01.create_copy_of_postgres_table scheduled__2023-12-01T00:00:00+00:00 [queued]>
[2023-12-11T05:48:05.670+0000] {taskinstance.py:1361} INFO - Starting attempt 1 of 6
[2023-12-11T05:48:05.676+0000] {taskinstance.py:1382} INFO - Executing <Task(PostgresOperator): create_copy_of_postgres_table> on 2023-12-01 00:00:00+00:00
[2023-12-11T05:48:05.678+0000] {standard_task_runner.py:57} INFO - Started process 458 to run task
[2023-12-11T05:48:05.680+0000] {standard_task_runner.py:84} INFO - Running: ['***', 'tasks', 'run', 'Electric_Vehicle_Population-v01', 'create_copy_of_postgres_table', 'scheduled__2023-12-01T00:00:00+00:00', '--job-id', '3', '--raw', '--subdir', 'DAGS_FOLDER/EV_Population.py', '--cfg-path', '/tmp/tmpa9wo5x2z']
[2023-12-11T05:48:05.682+0000] {standard_task_runner.py:85} INFO - Job 3: Subtask create_copy_of_postgres_table
[2023-12-11T05:48:05.710+0000] {task_command.py:416} INFO - Running <TaskInstance: Electric_Vehicle_Population-v01.create_copy_of_postgres_table scheduled__2023-12-01T00:00:00+00:00 [running]> on host c7d0b77d8cb9
[2023-12-11T05:48:05.751+0000] {taskinstance.py:1662} INFO - Exporting env vars: AIRFLOW_CTX_DAG_OWNER='dunnbc22' AIRFLOW_CTX_DAG_ID='Electric_Vehicle_Population-v01' AIRFLOW_CTX_TASK_ID='create_copy_of_postgres_table' AIRFLOW_CTX_EXECUTION_DATE='2023-12-01T00:00:00+00:00' AIRFLOW_CTX_TRY_NUMBER='1' AIRFLOW_CTX_DAG_RUN_ID='scheduled__2023-12-01T00:00:00+00:00'
[2023-12-11T05:48:05.751+0000] {sql.py:274} INFO - Executing: -- params: new_table_name, orig_table_name

-- Drop the copy of the table, if it already exists
DROP TABLE IF EXISTS ev_pop_pipe;

-- Create copy of table
CREATE TABLE ev_pop_pipe AS
SELECT * 
FROM ev_population;

-- Grant additional permissions on the table
GRANT SELECT, INSERT, UPDATE, DELETE ON ev_pop_pipe TO ***;
[2023-12-11T05:48:05.757+0000] {base.py:73} INFO - Using connection ID 'postgres_conn' for task execution.
[2023-12-11T05:48:05.765+0000] {base.py:73} INFO - Using connection ID 'postgres_conn' for task execution.
[2023-12-11T05:48:05.773+0000] {sql.py:418} INFO - Running statement: -- params: new_table_name, orig_table_name

-- Drop the copy of the table, if it already exists
DROP TABLE IF EXISTS ev_pop_pipe;

-- Create copy of table
CREATE TABLE ev_pop_pipe AS
SELECT * 
FROM ev_population;

-- Grant additional permissions on the table
GRANT SELECT, INSERT, UPDATE, DELETE ON ev_pop_pipe TO ***;, parameters: None
[2023-12-11T05:48:06.407+0000] {taskinstance.py:1400} INFO - Marking task as SUCCESS. dag_id=Electric_Vehicle_Population-v01, task_id=create_copy_of_postgres_table, execution_date=20231201T000000, start_date=20231211T054805, end_date=20231211T054806
[2023-12-11T05:48:06.442+0000] {local_task_job_runner.py:228} INFO - Task exited with return code 0
[2023-12-11T05:48:06.479+0000] {taskinstance.py:2778} INFO - 1 downstream tasks scheduled from follow-on schedule check
