[2023-12-09T21:32:34.308+0000] {processor.py:157} INFO - Started process (PID=168) to work on /opt/airflow/dags/clean_up_after_star_schema_creation.py
[2023-12-09T21:32:34.309+0000] {processor.py:829} INFO - Processing file /opt/airflow/dags/clean_up_after_star_schema_creation.py for tasks to queue
[2023-12-09T21:32:34.310+0000] {logging_mixin.py:154} INFO - [2023-12-09T21:32:34.310+0000] {dagbag.py:536} INFO - Filling up the DagBag from /opt/airflow/dags/clean_up_after_star_schema_creation.py
[2023-12-09T21:32:34.328+0000] {processor.py:841} WARNING - No viable dags retrieved from /opt/airflow/dags/clean_up_after_star_schema_creation.py
[2023-12-09T21:32:34.357+0000] {processor.py:179} INFO - Processing /opt/airflow/dags/clean_up_after_star_schema_creation.py took 0.052 seconds
[2023-12-09T21:33:04.786+0000] {processor.py:157} INFO - Started process (PID=206) to work on /opt/airflow/dags/clean_up_after_star_schema_creation.py
[2023-12-09T21:33:04.788+0000] {processor.py:829} INFO - Processing file /opt/airflow/dags/clean_up_after_star_schema_creation.py for tasks to queue
[2023-12-09T21:33:04.790+0000] {logging_mixin.py:154} INFO - [2023-12-09T21:33:04.789+0000] {dagbag.py:536} INFO - Filling up the DagBag from /opt/airflow/dags/clean_up_after_star_schema_creation.py
[2023-12-09T21:33:04.798+0000] {processor.py:841} WARNING - No viable dags retrieved from /opt/airflow/dags/clean_up_after_star_schema_creation.py
[2023-12-09T21:33:04.816+0000] {processor.py:179} INFO - Processing /opt/airflow/dags/clean_up_after_star_schema_creation.py took 0.033 seconds
[2023-12-09T21:33:35.117+0000] {processor.py:157} INFO - Started process (PID=244) to work on /opt/airflow/dags/clean_up_after_star_schema_creation.py
[2023-12-09T21:33:35.119+0000] {processor.py:829} INFO - Processing file /opt/airflow/dags/clean_up_after_star_schema_creation.py for tasks to queue
[2023-12-09T21:33:35.121+0000] {logging_mixin.py:154} INFO - [2023-12-09T21:33:35.121+0000] {dagbag.py:536} INFO - Filling up the DagBag from /opt/airflow/dags/clean_up_after_star_schema_creation.py
[2023-12-09T21:33:35.129+0000] {processor.py:841} WARNING - No viable dags retrieved from /opt/airflow/dags/clean_up_after_star_schema_creation.py
[2023-12-09T21:33:35.148+0000] {processor.py:179} INFO - Processing /opt/airflow/dags/clean_up_after_star_schema_creation.py took 0.036 seconds
[2023-12-09T21:34:05.494+0000] {processor.py:157} INFO - Started process (PID=282) to work on /opt/airflow/dags/clean_up_after_star_schema_creation.py
[2023-12-09T21:34:05.496+0000] {processor.py:829} INFO - Processing file /opt/airflow/dags/clean_up_after_star_schema_creation.py for tasks to queue
[2023-12-09T21:34:05.497+0000] {logging_mixin.py:154} INFO - [2023-12-09T21:34:05.497+0000] {dagbag.py:536} INFO - Filling up the DagBag from /opt/airflow/dags/clean_up_after_star_schema_creation.py
[2023-12-09T21:34:05.505+0000] {processor.py:841} WARNING - No viable dags retrieved from /opt/airflow/dags/clean_up_after_star_schema_creation.py
[2023-12-09T21:34:05.526+0000] {processor.py:179} INFO - Processing /opt/airflow/dags/clean_up_after_star_schema_creation.py took 0.036 seconds
[2023-12-09T21:34:35.894+0000] {processor.py:157} INFO - Started process (PID=320) to work on /opt/airflow/dags/clean_up_after_star_schema_creation.py
[2023-12-09T21:34:35.895+0000] {processor.py:829} INFO - Processing file /opt/airflow/dags/clean_up_after_star_schema_creation.py for tasks to queue
[2023-12-09T21:34:35.897+0000] {logging_mixin.py:154} INFO - [2023-12-09T21:34:35.897+0000] {dagbag.py:536} INFO - Filling up the DagBag from /opt/airflow/dags/clean_up_after_star_schema_creation.py
[2023-12-09T21:34:35.907+0000] {processor.py:841} WARNING - No viable dags retrieved from /opt/airflow/dags/clean_up_after_star_schema_creation.py
[2023-12-09T21:34:35.925+0000] {processor.py:179} INFO - Processing /opt/airflow/dags/clean_up_after_star_schema_creation.py took 0.037 seconds
[2023-12-09T21:35:06.303+0000] {processor.py:157} INFO - Started process (PID=358) to work on /opt/airflow/dags/clean_up_after_star_schema_creation.py
[2023-12-09T21:35:06.305+0000] {processor.py:829} INFO - Processing file /opt/airflow/dags/clean_up_after_star_schema_creation.py for tasks to queue
[2023-12-09T21:35:06.307+0000] {logging_mixin.py:154} INFO - [2023-12-09T21:35:06.307+0000] {dagbag.py:536} INFO - Filling up the DagBag from /opt/airflow/dags/clean_up_after_star_schema_creation.py
[2023-12-09T21:35:06.313+0000] {processor.py:841} WARNING - No viable dags retrieved from /opt/airflow/dags/clean_up_after_star_schema_creation.py
[2023-12-09T21:35:06.330+0000] {processor.py:179} INFO - Processing /opt/airflow/dags/clean_up_after_star_schema_creation.py took 0.032 seconds
[2023-12-09T21:35:36.689+0000] {processor.py:157} INFO - Started process (PID=396) to work on /opt/airflow/dags/clean_up_after_star_schema_creation.py
[2023-12-09T21:35:36.690+0000] {processor.py:829} INFO - Processing file /opt/airflow/dags/clean_up_after_star_schema_creation.py for tasks to queue
[2023-12-09T21:35:36.691+0000] {logging_mixin.py:154} INFO - [2023-12-09T21:35:36.690+0000] {dagbag.py:536} INFO - Filling up the DagBag from /opt/airflow/dags/clean_up_after_star_schema_creation.py
[2023-12-09T21:35:36.697+0000] {processor.py:841} WARNING - No viable dags retrieved from /opt/airflow/dags/clean_up_after_star_schema_creation.py
[2023-12-09T21:35:36.714+0000] {processor.py:179} INFO - Processing /opt/airflow/dags/clean_up_after_star_schema_creation.py took 0.029 seconds
[2023-12-09T21:36:07.088+0000] {processor.py:157} INFO - Started process (PID=434) to work on /opt/airflow/dags/clean_up_after_star_schema_creation.py
[2023-12-09T21:36:07.089+0000] {processor.py:829} INFO - Processing file /opt/airflow/dags/clean_up_after_star_schema_creation.py for tasks to queue
[2023-12-09T21:36:07.090+0000] {logging_mixin.py:154} INFO - [2023-12-09T21:36:07.090+0000] {dagbag.py:536} INFO - Filling up the DagBag from /opt/airflow/dags/clean_up_after_star_schema_creation.py
[2023-12-09T21:36:07.098+0000] {processor.py:841} WARNING - No viable dags retrieved from /opt/airflow/dags/clean_up_after_star_schema_creation.py
[2023-12-09T21:36:07.115+0000] {processor.py:179} INFO - Processing /opt/airflow/dags/clean_up_after_star_schema_creation.py took 0.031 seconds
[2023-12-09T21:36:37.516+0000] {processor.py:157} INFO - Started process (PID=472) to work on /opt/airflow/dags/clean_up_after_star_schema_creation.py
[2023-12-09T21:36:37.517+0000] {processor.py:829} INFO - Processing file /opt/airflow/dags/clean_up_after_star_schema_creation.py for tasks to queue
[2023-12-09T21:36:37.519+0000] {logging_mixin.py:154} INFO - [2023-12-09T21:36:37.518+0000] {dagbag.py:536} INFO - Filling up the DagBag from /opt/airflow/dags/clean_up_after_star_schema_creation.py
[2023-12-09T21:36:37.526+0000] {processor.py:841} WARNING - No viable dags retrieved from /opt/airflow/dags/clean_up_after_star_schema_creation.py
[2023-12-09T21:36:37.542+0000] {processor.py:179} INFO - Processing /opt/airflow/dags/clean_up_after_star_schema_creation.py took 0.030 seconds
[2023-12-09T21:37:07.865+0000] {processor.py:157} INFO - Started process (PID=519) to work on /opt/airflow/dags/clean_up_after_star_schema_creation.py
[2023-12-09T21:37:07.867+0000] {processor.py:829} INFO - Processing file /opt/airflow/dags/clean_up_after_star_schema_creation.py for tasks to queue
[2023-12-09T21:37:07.868+0000] {logging_mixin.py:154} INFO - [2023-12-09T21:37:07.868+0000] {dagbag.py:536} INFO - Filling up the DagBag from /opt/airflow/dags/clean_up_after_star_schema_creation.py
[2023-12-09T21:37:07.876+0000] {processor.py:841} WARNING - No viable dags retrieved from /opt/airflow/dags/clean_up_after_star_schema_creation.py
[2023-12-09T21:37:07.891+0000] {processor.py:179} INFO - Processing /opt/airflow/dags/clean_up_after_star_schema_creation.py took 0.030 seconds
[2023-12-09T21:37:38.209+0000] {processor.py:157} INFO - Started process (PID=557) to work on /opt/airflow/dags/clean_up_after_star_schema_creation.py
[2023-12-09T21:37:38.210+0000] {processor.py:829} INFO - Processing file /opt/airflow/dags/clean_up_after_star_schema_creation.py for tasks to queue
[2023-12-09T21:37:38.210+0000] {logging_mixin.py:154} INFO - [2023-12-09T21:37:38.210+0000] {dagbag.py:536} INFO - Filling up the DagBag from /opt/airflow/dags/clean_up_after_star_schema_creation.py
[2023-12-09T21:37:38.216+0000] {processor.py:841} WARNING - No viable dags retrieved from /opt/airflow/dags/clean_up_after_star_schema_creation.py
[2023-12-09T21:37:38.228+0000] {processor.py:179} INFO - Processing /opt/airflow/dags/clean_up_after_star_schema_creation.py took 0.021 seconds
[2023-12-09T21:38:08.575+0000] {processor.py:157} INFO - Started process (PID=601) to work on /opt/airflow/dags/clean_up_after_star_schema_creation.py
[2023-12-09T21:38:08.576+0000] {processor.py:829} INFO - Processing file /opt/airflow/dags/clean_up_after_star_schema_creation.py for tasks to queue
[2023-12-09T21:38:08.576+0000] {logging_mixin.py:154} INFO - [2023-12-09T21:38:08.576+0000] {dagbag.py:536} INFO - Filling up the DagBag from /opt/airflow/dags/clean_up_after_star_schema_creation.py
[2023-12-09T21:38:08.581+0000] {processor.py:841} WARNING - No viable dags retrieved from /opt/airflow/dags/clean_up_after_star_schema_creation.py
[2023-12-09T21:38:08.592+0000] {processor.py:179} INFO - Processing /opt/airflow/dags/clean_up_after_star_schema_creation.py took 0.020 seconds
[2023-12-09T21:38:38.996+0000] {processor.py:157} INFO - Started process (PID=639) to work on /opt/airflow/dags/clean_up_after_star_schema_creation.py
[2023-12-09T21:38:38.998+0000] {processor.py:829} INFO - Processing file /opt/airflow/dags/clean_up_after_star_schema_creation.py for tasks to queue
[2023-12-09T21:38:38.998+0000] {logging_mixin.py:154} INFO - [2023-12-09T21:38:38.998+0000] {dagbag.py:536} INFO - Filling up the DagBag from /opt/airflow/dags/clean_up_after_star_schema_creation.py
[2023-12-09T21:38:39.003+0000] {processor.py:841} WARNING - No viable dags retrieved from /opt/airflow/dags/clean_up_after_star_schema_creation.py
[2023-12-09T21:38:39.016+0000] {processor.py:179} INFO - Processing /opt/airflow/dags/clean_up_after_star_schema_creation.py took 0.025 seconds
[2023-12-09T21:39:09.427+0000] {processor.py:157} INFO - Started process (PID=683) to work on /opt/airflow/dags/clean_up_after_star_schema_creation.py
[2023-12-09T21:39:09.429+0000] {processor.py:829} INFO - Processing file /opt/airflow/dags/clean_up_after_star_schema_creation.py for tasks to queue
[2023-12-09T21:39:09.431+0000] {logging_mixin.py:154} INFO - [2023-12-09T21:39:09.430+0000] {dagbag.py:536} INFO - Filling up the DagBag from /opt/airflow/dags/clean_up_after_star_schema_creation.py
[2023-12-09T21:39:09.440+0000] {processor.py:841} WARNING - No viable dags retrieved from /opt/airflow/dags/clean_up_after_star_schema_creation.py
[2023-12-09T21:39:09.457+0000] {processor.py:179} INFO - Processing /opt/airflow/dags/clean_up_after_star_schema_creation.py took 0.036 seconds
[2023-12-09T21:39:39.802+0000] {processor.py:157} INFO - Started process (PID=721) to work on /opt/airflow/dags/clean_up_after_star_schema_creation.py
[2023-12-09T21:39:39.803+0000] {processor.py:829} INFO - Processing file /opt/airflow/dags/clean_up_after_star_schema_creation.py for tasks to queue
[2023-12-09T21:39:39.804+0000] {logging_mixin.py:154} INFO - [2023-12-09T21:39:39.804+0000] {dagbag.py:536} INFO - Filling up the DagBag from /opt/airflow/dags/clean_up_after_star_schema_creation.py
[2023-12-09T21:39:39.812+0000] {processor.py:841} WARNING - No viable dags retrieved from /opt/airflow/dags/clean_up_after_star_schema_creation.py
[2023-12-09T21:39:39.827+0000] {processor.py:179} INFO - Processing /opt/airflow/dags/clean_up_after_star_schema_creation.py took 0.029 seconds
[2023-12-09T21:40:10.179+0000] {processor.py:157} INFO - Started process (PID=762) to work on /opt/airflow/dags/clean_up_after_star_schema_creation.py
[2023-12-09T21:40:10.180+0000] {processor.py:829} INFO - Processing file /opt/airflow/dags/clean_up_after_star_schema_creation.py for tasks to queue
[2023-12-09T21:40:10.181+0000] {logging_mixin.py:154} INFO - [2023-12-09T21:40:10.181+0000] {dagbag.py:536} INFO - Filling up the DagBag from /opt/airflow/dags/clean_up_after_star_schema_creation.py
[2023-12-09T21:40:10.188+0000] {processor.py:841} WARNING - No viable dags retrieved from /opt/airflow/dags/clean_up_after_star_schema_creation.py
[2023-12-09T21:40:10.203+0000] {processor.py:179} INFO - Processing /opt/airflow/dags/clean_up_after_star_schema_creation.py took 0.029 seconds
[2023-12-09T21:40:40.556+0000] {processor.py:157} INFO - Started process (PID=800) to work on /opt/airflow/dags/clean_up_after_star_schema_creation.py
[2023-12-09T21:40:40.557+0000] {processor.py:829} INFO - Processing file /opt/airflow/dags/clean_up_after_star_schema_creation.py for tasks to queue
[2023-12-09T21:40:40.558+0000] {logging_mixin.py:154} INFO - [2023-12-09T21:40:40.558+0000] {dagbag.py:536} INFO - Filling up the DagBag from /opt/airflow/dags/clean_up_after_star_schema_creation.py
[2023-12-09T21:40:40.564+0000] {processor.py:841} WARNING - No viable dags retrieved from /opt/airflow/dags/clean_up_after_star_schema_creation.py
[2023-12-09T21:40:40.578+0000] {processor.py:179} INFO - Processing /opt/airflow/dags/clean_up_after_star_schema_creation.py took 0.025 seconds
[2023-12-09T21:41:10.945+0000] {processor.py:157} INFO - Started process (PID=841) to work on /opt/airflow/dags/clean_up_after_star_schema_creation.py
[2023-12-09T21:41:10.947+0000] {processor.py:829} INFO - Processing file /opt/airflow/dags/clean_up_after_star_schema_creation.py for tasks to queue
[2023-12-09T21:41:10.949+0000] {logging_mixin.py:154} INFO - [2023-12-09T21:41:10.948+0000] {dagbag.py:536} INFO - Filling up the DagBag from /opt/airflow/dags/clean_up_after_star_schema_creation.py
[2023-12-09T21:41:10.959+0000] {processor.py:841} WARNING - No viable dags retrieved from /opt/airflow/dags/clean_up_after_star_schema_creation.py
[2023-12-09T21:41:10.977+0000] {processor.py:179} INFO - Processing /opt/airflow/dags/clean_up_after_star_schema_creation.py took 0.035 seconds
[2023-12-09T21:41:41.402+0000] {processor.py:157} INFO - Started process (PID=879) to work on /opt/airflow/dags/clean_up_after_star_schema_creation.py
[2023-12-09T21:41:41.404+0000] {processor.py:829} INFO - Processing file /opt/airflow/dags/clean_up_after_star_schema_creation.py for tasks to queue
[2023-12-09T21:41:41.405+0000] {logging_mixin.py:154} INFO - [2023-12-09T21:41:41.405+0000] {dagbag.py:536} INFO - Filling up the DagBag from /opt/airflow/dags/clean_up_after_star_schema_creation.py
[2023-12-09T21:41:41.413+0000] {processor.py:841} WARNING - No viable dags retrieved from /opt/airflow/dags/clean_up_after_star_schema_creation.py
[2023-12-09T21:41:41.428+0000] {processor.py:179} INFO - Processing /opt/airflow/dags/clean_up_after_star_schema_creation.py took 0.031 seconds
[2023-12-09T21:42:11.806+0000] {processor.py:157} INFO - Started process (PID=917) to work on /opt/airflow/dags/clean_up_after_star_schema_creation.py
[2023-12-09T21:42:11.808+0000] {processor.py:829} INFO - Processing file /opt/airflow/dags/clean_up_after_star_schema_creation.py for tasks to queue
[2023-12-09T21:42:11.810+0000] {logging_mixin.py:154} INFO - [2023-12-09T21:42:11.809+0000] {dagbag.py:536} INFO - Filling up the DagBag from /opt/airflow/dags/clean_up_after_star_schema_creation.py
[2023-12-09T21:42:11.818+0000] {processor.py:841} WARNING - No viable dags retrieved from /opt/airflow/dags/clean_up_after_star_schema_creation.py
[2023-12-09T21:42:11.837+0000] {processor.py:179} INFO - Processing /opt/airflow/dags/clean_up_after_star_schema_creation.py took 0.036 seconds
[2023-12-09T21:42:42.294+0000] {processor.py:157} INFO - Started process (PID=955) to work on /opt/airflow/dags/clean_up_after_star_schema_creation.py
[2023-12-09T21:42:42.295+0000] {processor.py:829} INFO - Processing file /opt/airflow/dags/clean_up_after_star_schema_creation.py for tasks to queue
[2023-12-09T21:42:42.297+0000] {logging_mixin.py:154} INFO - [2023-12-09T21:42:42.296+0000] {dagbag.py:536} INFO - Filling up the DagBag from /opt/airflow/dags/clean_up_after_star_schema_creation.py
[2023-12-09T21:42:42.305+0000] {processor.py:841} WARNING - No viable dags retrieved from /opt/airflow/dags/clean_up_after_star_schema_creation.py
[2023-12-09T21:42:42.323+0000] {processor.py:179} INFO - Processing /opt/airflow/dags/clean_up_after_star_schema_creation.py took 0.034 seconds
[2023-12-09T21:43:12.749+0000] {processor.py:157} INFO - Started process (PID=993) to work on /opt/airflow/dags/clean_up_after_star_schema_creation.py
[2023-12-09T21:43:12.751+0000] {processor.py:829} INFO - Processing file /opt/airflow/dags/clean_up_after_star_schema_creation.py for tasks to queue
[2023-12-09T21:43:12.752+0000] {logging_mixin.py:154} INFO - [2023-12-09T21:43:12.751+0000] {dagbag.py:536} INFO - Filling up the DagBag from /opt/airflow/dags/clean_up_after_star_schema_creation.py
[2023-12-09T21:43:12.760+0000] {processor.py:841} WARNING - No viable dags retrieved from /opt/airflow/dags/clean_up_after_star_schema_creation.py
[2023-12-09T21:43:12.776+0000] {processor.py:179} INFO - Processing /opt/airflow/dags/clean_up_after_star_schema_creation.py took 0.032 seconds
[2023-12-09T21:43:43.201+0000] {processor.py:157} INFO - Started process (PID=1031) to work on /opt/airflow/dags/clean_up_after_star_schema_creation.py
[2023-12-09T21:43:43.202+0000] {processor.py:829} INFO - Processing file /opt/airflow/dags/clean_up_after_star_schema_creation.py for tasks to queue
[2023-12-09T21:43:43.203+0000] {logging_mixin.py:154} INFO - [2023-12-09T21:43:43.203+0000] {dagbag.py:536} INFO - Filling up the DagBag from /opt/airflow/dags/clean_up_after_star_schema_creation.py
[2023-12-09T21:43:43.213+0000] {processor.py:841} WARNING - No viable dags retrieved from /opt/airflow/dags/clean_up_after_star_schema_creation.py
[2023-12-09T21:43:43.229+0000] {processor.py:179} INFO - Processing /opt/airflow/dags/clean_up_after_star_schema_creation.py took 0.033 seconds
[2023-12-09T21:44:13.657+0000] {processor.py:157} INFO - Started process (PID=1069) to work on /opt/airflow/dags/clean_up_after_star_schema_creation.py
[2023-12-09T21:44:13.659+0000] {processor.py:829} INFO - Processing file /opt/airflow/dags/clean_up_after_star_schema_creation.py for tasks to queue
[2023-12-09T21:44:13.660+0000] {logging_mixin.py:154} INFO - [2023-12-09T21:44:13.660+0000] {dagbag.py:536} INFO - Filling up the DagBag from /opt/airflow/dags/clean_up_after_star_schema_creation.py
[2023-12-09T21:44:13.668+0000] {processor.py:841} WARNING - No viable dags retrieved from /opt/airflow/dags/clean_up_after_star_schema_creation.py
[2023-12-09T21:44:13.684+0000] {processor.py:179} INFO - Processing /opt/airflow/dags/clean_up_after_star_schema_creation.py took 0.032 seconds
[2023-12-09T21:44:44.050+0000] {processor.py:157} INFO - Started process (PID=1107) to work on /opt/airflow/dags/clean_up_after_star_schema_creation.py
[2023-12-09T21:44:44.052+0000] {processor.py:829} INFO - Processing file /opt/airflow/dags/clean_up_after_star_schema_creation.py for tasks to queue
[2023-12-09T21:44:44.054+0000] {logging_mixin.py:154} INFO - [2023-12-09T21:44:44.053+0000] {dagbag.py:536} INFO - Filling up the DagBag from /opt/airflow/dags/clean_up_after_star_schema_creation.py
[2023-12-09T21:44:44.062+0000] {processor.py:841} WARNING - No viable dags retrieved from /opt/airflow/dags/clean_up_after_star_schema_creation.py
[2023-12-09T21:44:44.078+0000] {processor.py:179} INFO - Processing /opt/airflow/dags/clean_up_after_star_schema_creation.py took 0.033 seconds
[2023-12-09T21:45:14.442+0000] {processor.py:157} INFO - Started process (PID=1145) to work on /opt/airflow/dags/clean_up_after_star_schema_creation.py
[2023-12-09T21:45:14.444+0000] {processor.py:829} INFO - Processing file /opt/airflow/dags/clean_up_after_star_schema_creation.py for tasks to queue
[2023-12-09T21:45:14.445+0000] {logging_mixin.py:154} INFO - [2023-12-09T21:45:14.444+0000] {dagbag.py:536} INFO - Filling up the DagBag from /opt/airflow/dags/clean_up_after_star_schema_creation.py
[2023-12-09T21:45:14.450+0000] {processor.py:841} WARNING - No viable dags retrieved from /opt/airflow/dags/clean_up_after_star_schema_creation.py
[2023-12-09T21:45:14.465+0000] {processor.py:179} INFO - Processing /opt/airflow/dags/clean_up_after_star_schema_creation.py took 0.026 seconds
[2023-12-09T21:45:44.896+0000] {processor.py:157} INFO - Started process (PID=1183) to work on /opt/airflow/dags/clean_up_after_star_schema_creation.py
[2023-12-09T21:45:44.897+0000] {processor.py:829} INFO - Processing file /opt/airflow/dags/clean_up_after_star_schema_creation.py for tasks to queue
[2023-12-09T21:45:44.898+0000] {logging_mixin.py:154} INFO - [2023-12-09T21:45:44.898+0000] {dagbag.py:536} INFO - Filling up the DagBag from /opt/airflow/dags/clean_up_after_star_schema_creation.py
[2023-12-09T21:45:44.907+0000] {processor.py:841} WARNING - No viable dags retrieved from /opt/airflow/dags/clean_up_after_star_schema_creation.py
[2023-12-09T21:45:44.922+0000] {processor.py:179} INFO - Processing /opt/airflow/dags/clean_up_after_star_schema_creation.py took 0.032 seconds
[2023-12-09T21:46:15.342+0000] {processor.py:157} INFO - Started process (PID=1222) to work on /opt/airflow/dags/clean_up_after_star_schema_creation.py
[2023-12-09T21:46:15.343+0000] {processor.py:829} INFO - Processing file /opt/airflow/dags/clean_up_after_star_schema_creation.py for tasks to queue
[2023-12-09T21:46:15.344+0000] {logging_mixin.py:154} INFO - [2023-12-09T21:46:15.344+0000] {dagbag.py:536} INFO - Filling up the DagBag from /opt/airflow/dags/clean_up_after_star_schema_creation.py
[2023-12-09T21:46:15.352+0000] {processor.py:841} WARNING - No viable dags retrieved from /opt/airflow/dags/clean_up_after_star_schema_creation.py
[2023-12-09T21:46:15.367+0000] {processor.py:179} INFO - Processing /opt/airflow/dags/clean_up_after_star_schema_creation.py took 0.030 seconds
[2023-12-09T21:46:45.811+0000] {processor.py:157} INFO - Started process (PID=1260) to work on /opt/airflow/dags/clean_up_after_star_schema_creation.py
[2023-12-09T21:46:45.812+0000] {processor.py:829} INFO - Processing file /opt/airflow/dags/clean_up_after_star_schema_creation.py for tasks to queue
[2023-12-09T21:46:45.813+0000] {logging_mixin.py:154} INFO - [2023-12-09T21:46:45.813+0000] {dagbag.py:536} INFO - Filling up the DagBag from /opt/airflow/dags/clean_up_after_star_schema_creation.py
[2023-12-09T21:46:45.822+0000] {processor.py:841} WARNING - No viable dags retrieved from /opt/airflow/dags/clean_up_after_star_schema_creation.py
[2023-12-09T21:46:45.839+0000] {processor.py:179} INFO - Processing /opt/airflow/dags/clean_up_after_star_schema_creation.py took 0.034 seconds
[2023-12-09T21:47:16.275+0000] {processor.py:157} INFO - Started process (PID=1298) to work on /opt/airflow/dags/clean_up_after_star_schema_creation.py
[2023-12-09T21:47:16.276+0000] {processor.py:829} INFO - Processing file /opt/airflow/dags/clean_up_after_star_schema_creation.py for tasks to queue
[2023-12-09T21:47:16.278+0000] {logging_mixin.py:154} INFO - [2023-12-09T21:47:16.277+0000] {dagbag.py:536} INFO - Filling up the DagBag from /opt/airflow/dags/clean_up_after_star_schema_creation.py
[2023-12-09T21:47:16.286+0000] {processor.py:841} WARNING - No viable dags retrieved from /opt/airflow/dags/clean_up_after_star_schema_creation.py
[2023-12-09T21:47:16.302+0000] {processor.py:179} INFO - Processing /opt/airflow/dags/clean_up_after_star_schema_creation.py took 0.033 seconds
[2023-12-09T21:47:46.785+0000] {processor.py:157} INFO - Started process (PID=1336) to work on /opt/airflow/dags/clean_up_after_star_schema_creation.py
[2023-12-09T21:47:46.787+0000] {processor.py:829} INFO - Processing file /opt/airflow/dags/clean_up_after_star_schema_creation.py for tasks to queue
[2023-12-09T21:47:46.788+0000] {logging_mixin.py:154} INFO - [2023-12-09T21:47:46.788+0000] {dagbag.py:536} INFO - Filling up the DagBag from /opt/airflow/dags/clean_up_after_star_schema_creation.py
[2023-12-09T21:47:46.799+0000] {processor.py:841} WARNING - No viable dags retrieved from /opt/airflow/dags/clean_up_after_star_schema_creation.py
[2023-12-09T21:47:46.817+0000] {processor.py:179} INFO - Processing /opt/airflow/dags/clean_up_after_star_schema_creation.py took 0.036 seconds
[2023-12-09T21:48:17.227+0000] {processor.py:157} INFO - Started process (PID=1374) to work on /opt/airflow/dags/clean_up_after_star_schema_creation.py
[2023-12-09T21:48:17.229+0000] {processor.py:829} INFO - Processing file /opt/airflow/dags/clean_up_after_star_schema_creation.py for tasks to queue
[2023-12-09T21:48:17.230+0000] {logging_mixin.py:154} INFO - [2023-12-09T21:48:17.230+0000] {dagbag.py:536} INFO - Filling up the DagBag from /opt/airflow/dags/clean_up_after_star_schema_creation.py
[2023-12-09T21:48:17.238+0000] {processor.py:841} WARNING - No viable dags retrieved from /opt/airflow/dags/clean_up_after_star_schema_creation.py
[2023-12-09T21:48:17.257+0000] {processor.py:179} INFO - Processing /opt/airflow/dags/clean_up_after_star_schema_creation.py took 0.036 seconds
[2023-12-09T21:48:47.733+0000] {processor.py:157} INFO - Started process (PID=1412) to work on /opt/airflow/dags/clean_up_after_star_schema_creation.py
[2023-12-09T21:48:47.734+0000] {processor.py:829} INFO - Processing file /opt/airflow/dags/clean_up_after_star_schema_creation.py for tasks to queue
[2023-12-09T21:48:47.736+0000] {logging_mixin.py:154} INFO - [2023-12-09T21:48:47.735+0000] {dagbag.py:536} INFO - Filling up the DagBag from /opt/airflow/dags/clean_up_after_star_schema_creation.py
[2023-12-09T21:48:47.744+0000] {processor.py:841} WARNING - No viable dags retrieved from /opt/airflow/dags/clean_up_after_star_schema_creation.py
[2023-12-09T21:48:47.760+0000] {processor.py:179} INFO - Processing /opt/airflow/dags/clean_up_after_star_schema_creation.py took 0.033 seconds
[2023-12-09T21:49:18.198+0000] {processor.py:157} INFO - Started process (PID=1450) to work on /opt/airflow/dags/clean_up_after_star_schema_creation.py
[2023-12-09T21:49:18.200+0000] {processor.py:829} INFO - Processing file /opt/airflow/dags/clean_up_after_star_schema_creation.py for tasks to queue
[2023-12-09T21:49:18.201+0000] {logging_mixin.py:154} INFO - [2023-12-09T21:49:18.201+0000] {dagbag.py:536} INFO - Filling up the DagBag from /opt/airflow/dags/clean_up_after_star_schema_creation.py
[2023-12-09T21:49:18.208+0000] {processor.py:841} WARNING - No viable dags retrieved from /opt/airflow/dags/clean_up_after_star_schema_creation.py
[2023-12-09T21:49:18.223+0000] {processor.py:179} INFO - Processing /opt/airflow/dags/clean_up_after_star_schema_creation.py took 0.029 seconds
[2023-12-09T21:49:48.693+0000] {processor.py:157} INFO - Started process (PID=1488) to work on /opt/airflow/dags/clean_up_after_star_schema_creation.py
[2023-12-09T21:49:48.695+0000] {processor.py:829} INFO - Processing file /opt/airflow/dags/clean_up_after_star_schema_creation.py for tasks to queue
[2023-12-09T21:49:48.696+0000] {logging_mixin.py:154} INFO - [2023-12-09T21:49:48.696+0000] {dagbag.py:536} INFO - Filling up the DagBag from /opt/airflow/dags/clean_up_after_star_schema_creation.py
[2023-12-09T21:49:48.704+0000] {processor.py:841} WARNING - No viable dags retrieved from /opt/airflow/dags/clean_up_after_star_schema_creation.py
[2023-12-09T21:49:48.722+0000] {processor.py:179} INFO - Processing /opt/airflow/dags/clean_up_after_star_schema_creation.py took 0.034 seconds
[2023-12-09T21:50:19.174+0000] {processor.py:157} INFO - Started process (PID=1526) to work on /opt/airflow/dags/clean_up_after_star_schema_creation.py
[2023-12-09T21:50:19.176+0000] {processor.py:829} INFO - Processing file /opt/airflow/dags/clean_up_after_star_schema_creation.py for tasks to queue
[2023-12-09T21:50:19.177+0000] {logging_mixin.py:154} INFO - [2023-12-09T21:50:19.176+0000] {dagbag.py:536} INFO - Filling up the DagBag from /opt/airflow/dags/clean_up_after_star_schema_creation.py
[2023-12-09T21:50:19.185+0000] {processor.py:841} WARNING - No viable dags retrieved from /opt/airflow/dags/clean_up_after_star_schema_creation.py
[2023-12-09T21:50:19.201+0000] {processor.py:179} INFO - Processing /opt/airflow/dags/clean_up_after_star_schema_creation.py took 0.032 seconds
[2023-12-09T21:50:49.599+0000] {processor.py:157} INFO - Started process (PID=1564) to work on /opt/airflow/dags/clean_up_after_star_schema_creation.py
[2023-12-09T21:50:49.600+0000] {processor.py:829} INFO - Processing file /opt/airflow/dags/clean_up_after_star_schema_creation.py for tasks to queue
[2023-12-09T21:50:49.602+0000] {logging_mixin.py:154} INFO - [2023-12-09T21:50:49.601+0000] {dagbag.py:536} INFO - Filling up the DagBag from /opt/airflow/dags/clean_up_after_star_schema_creation.py
[2023-12-09T21:50:49.609+0000] {processor.py:841} WARNING - No viable dags retrieved from /opt/airflow/dags/clean_up_after_star_schema_creation.py
[2023-12-09T21:50:49.625+0000] {processor.py:179} INFO - Processing /opt/airflow/dags/clean_up_after_star_schema_creation.py took 0.031 seconds
[2023-12-09T21:51:20.106+0000] {processor.py:157} INFO - Started process (PID=1602) to work on /opt/airflow/dags/clean_up_after_star_schema_creation.py
[2023-12-09T21:51:20.108+0000] {processor.py:829} INFO - Processing file /opt/airflow/dags/clean_up_after_star_schema_creation.py for tasks to queue
[2023-12-09T21:51:20.109+0000] {logging_mixin.py:154} INFO - [2023-12-09T21:51:20.108+0000] {dagbag.py:536} INFO - Filling up the DagBag from /opt/airflow/dags/clean_up_after_star_schema_creation.py
[2023-12-09T21:51:20.117+0000] {processor.py:841} WARNING - No viable dags retrieved from /opt/airflow/dags/clean_up_after_star_schema_creation.py
[2023-12-09T21:51:20.133+0000] {processor.py:179} INFO - Processing /opt/airflow/dags/clean_up_after_star_schema_creation.py took 0.031 seconds
[2023-12-09T21:51:50.607+0000] {processor.py:157} INFO - Started process (PID=1640) to work on /opt/airflow/dags/clean_up_after_star_schema_creation.py
[2023-12-09T21:51:50.609+0000] {processor.py:829} INFO - Processing file /opt/airflow/dags/clean_up_after_star_schema_creation.py for tasks to queue
[2023-12-09T21:51:50.610+0000] {logging_mixin.py:154} INFO - [2023-12-09T21:51:50.610+0000] {dagbag.py:536} INFO - Filling up the DagBag from /opt/airflow/dags/clean_up_after_star_schema_creation.py
[2023-12-09T21:51:50.618+0000] {processor.py:841} WARNING - No viable dags retrieved from /opt/airflow/dags/clean_up_after_star_schema_creation.py
[2023-12-09T21:51:50.634+0000] {processor.py:179} INFO - Processing /opt/airflow/dags/clean_up_after_star_schema_creation.py took 0.032 seconds
[2023-12-09T21:52:21.102+0000] {processor.py:157} INFO - Started process (PID=1678) to work on /opt/airflow/dags/clean_up_after_star_schema_creation.py
[2023-12-09T21:52:21.103+0000] {processor.py:829} INFO - Processing file /opt/airflow/dags/clean_up_after_star_schema_creation.py for tasks to queue
[2023-12-09T21:52:21.104+0000] {logging_mixin.py:154} INFO - [2023-12-09T21:52:21.104+0000] {dagbag.py:536} INFO - Filling up the DagBag from /opt/airflow/dags/clean_up_after_star_schema_creation.py
[2023-12-09T21:52:21.113+0000] {processor.py:841} WARNING - No viable dags retrieved from /opt/airflow/dags/clean_up_after_star_schema_creation.py
[2023-12-09T21:52:21.127+0000] {processor.py:179} INFO - Processing /opt/airflow/dags/clean_up_after_star_schema_creation.py took 0.030 seconds
[2023-12-09T21:52:51.532+0000] {processor.py:157} INFO - Started process (PID=1716) to work on /opt/airflow/dags/clean_up_after_star_schema_creation.py
[2023-12-09T21:52:51.533+0000] {processor.py:829} INFO - Processing file /opt/airflow/dags/clean_up_after_star_schema_creation.py for tasks to queue
[2023-12-09T21:52:51.533+0000] {logging_mixin.py:154} INFO - [2023-12-09T21:52:51.533+0000] {dagbag.py:536} INFO - Filling up the DagBag from /opt/airflow/dags/clean_up_after_star_schema_creation.py
[2023-12-09T21:52:51.538+0000] {processor.py:841} WARNING - No viable dags retrieved from /opt/airflow/dags/clean_up_after_star_schema_creation.py
[2023-12-09T21:52:51.556+0000] {processor.py:179} INFO - Processing /opt/airflow/dags/clean_up_after_star_schema_creation.py took 0.027 seconds
[2023-12-09T21:53:22.002+0000] {processor.py:157} INFO - Started process (PID=1754) to work on /opt/airflow/dags/clean_up_after_star_schema_creation.py
[2023-12-09T21:53:22.004+0000] {processor.py:829} INFO - Processing file /opt/airflow/dags/clean_up_after_star_schema_creation.py for tasks to queue
[2023-12-09T21:53:22.005+0000] {logging_mixin.py:154} INFO - [2023-12-09T21:53:22.005+0000] {dagbag.py:536} INFO - Filling up the DagBag from /opt/airflow/dags/clean_up_after_star_schema_creation.py
[2023-12-09T21:53:22.013+0000] {processor.py:841} WARNING - No viable dags retrieved from /opt/airflow/dags/clean_up_after_star_schema_creation.py
[2023-12-09T21:53:22.029+0000] {processor.py:179} INFO - Processing /opt/airflow/dags/clean_up_after_star_schema_creation.py took 0.032 seconds
[2023-12-09T21:53:52.543+0000] {processor.py:157} INFO - Started process (PID=1792) to work on /opt/airflow/dags/clean_up_after_star_schema_creation.py
[2023-12-09T21:53:52.544+0000] {processor.py:829} INFO - Processing file /opt/airflow/dags/clean_up_after_star_schema_creation.py for tasks to queue
[2023-12-09T21:53:52.546+0000] {logging_mixin.py:154} INFO - [2023-12-09T21:53:52.545+0000] {dagbag.py:536} INFO - Filling up the DagBag from /opt/airflow/dags/clean_up_after_star_schema_creation.py
[2023-12-09T21:53:52.554+0000] {processor.py:841} WARNING - No viable dags retrieved from /opt/airflow/dags/clean_up_after_star_schema_creation.py
[2023-12-09T21:53:52.570+0000] {processor.py:179} INFO - Processing /opt/airflow/dags/clean_up_after_star_schema_creation.py took 0.032 seconds
[2023-12-09T21:54:23.021+0000] {processor.py:157} INFO - Started process (PID=1830) to work on /opt/airflow/dags/clean_up_after_star_schema_creation.py
[2023-12-09T21:54:23.022+0000] {processor.py:829} INFO - Processing file /opt/airflow/dags/clean_up_after_star_schema_creation.py for tasks to queue
[2023-12-09T21:54:23.023+0000] {logging_mixin.py:154} INFO - [2023-12-09T21:54:23.023+0000] {dagbag.py:536} INFO - Filling up the DagBag from /opt/airflow/dags/clean_up_after_star_schema_creation.py
[2023-12-09T21:54:23.032+0000] {processor.py:841} WARNING - No viable dags retrieved from /opt/airflow/dags/clean_up_after_star_schema_creation.py
[2023-12-09T21:54:23.047+0000] {processor.py:179} INFO - Processing /opt/airflow/dags/clean_up_after_star_schema_creation.py took 0.031 seconds
[2023-12-09T21:54:53.453+0000] {processor.py:157} INFO - Started process (PID=1868) to work on /opt/airflow/dags/clean_up_after_star_schema_creation.py
[2023-12-09T21:54:53.454+0000] {processor.py:829} INFO - Processing file /opt/airflow/dags/clean_up_after_star_schema_creation.py for tasks to queue
[2023-12-09T21:54:53.456+0000] {logging_mixin.py:154} INFO - [2023-12-09T21:54:53.456+0000] {dagbag.py:536} INFO - Filling up the DagBag from /opt/airflow/dags/clean_up_after_star_schema_creation.py
[2023-12-09T21:54:53.467+0000] {processor.py:841} WARNING - No viable dags retrieved from /opt/airflow/dags/clean_up_after_star_schema_creation.py
[2023-12-09T21:54:53.487+0000] {processor.py:179} INFO - Processing /opt/airflow/dags/clean_up_after_star_schema_creation.py took 0.040 seconds
[2023-12-09T21:55:23.957+0000] {processor.py:157} INFO - Started process (PID=1906) to work on /opt/airflow/dags/clean_up_after_star_schema_creation.py
[2023-12-09T21:55:23.958+0000] {processor.py:829} INFO - Processing file /opt/airflow/dags/clean_up_after_star_schema_creation.py for tasks to queue
[2023-12-09T21:55:23.958+0000] {logging_mixin.py:154} INFO - [2023-12-09T21:55:23.958+0000] {dagbag.py:536} INFO - Filling up the DagBag from /opt/airflow/dags/clean_up_after_star_schema_creation.py
[2023-12-09T21:55:23.963+0000] {processor.py:841} WARNING - No viable dags retrieved from /opt/airflow/dags/clean_up_after_star_schema_creation.py
[2023-12-09T21:55:23.973+0000] {processor.py:179} INFO - Processing /opt/airflow/dags/clean_up_after_star_schema_creation.py took 0.021 seconds
[2023-12-09T21:55:54.405+0000] {processor.py:157} INFO - Started process (PID=1944) to work on /opt/airflow/dags/clean_up_after_star_schema_creation.py
[2023-12-09T21:55:54.407+0000] {processor.py:829} INFO - Processing file /opt/airflow/dags/clean_up_after_star_schema_creation.py for tasks to queue
[2023-12-09T21:55:54.408+0000] {logging_mixin.py:154} INFO - [2023-12-09T21:55:54.408+0000] {dagbag.py:536} INFO - Filling up the DagBag from /opt/airflow/dags/clean_up_after_star_schema_creation.py
[2023-12-09T21:55:54.417+0000] {processor.py:841} WARNING - No viable dags retrieved from /opt/airflow/dags/clean_up_after_star_schema_creation.py
[2023-12-09T21:55:54.434+0000] {processor.py:179} INFO - Processing /opt/airflow/dags/clean_up_after_star_schema_creation.py took 0.036 seconds
[2023-12-09T21:56:24.828+0000] {processor.py:157} INFO - Started process (PID=1982) to work on /opt/airflow/dags/clean_up_after_star_schema_creation.py
[2023-12-09T21:56:24.830+0000] {processor.py:829} INFO - Processing file /opt/airflow/dags/clean_up_after_star_schema_creation.py for tasks to queue
[2023-12-09T21:56:24.831+0000] {logging_mixin.py:154} INFO - [2023-12-09T21:56:24.831+0000] {dagbag.py:536} INFO - Filling up the DagBag from /opt/airflow/dags/clean_up_after_star_schema_creation.py
[2023-12-09T21:56:24.839+0000] {processor.py:841} WARNING - No viable dags retrieved from /opt/airflow/dags/clean_up_after_star_schema_creation.py
[2023-12-09T21:56:24.856+0000] {processor.py:179} INFO - Processing /opt/airflow/dags/clean_up_after_star_schema_creation.py took 0.033 seconds
[2023-12-09T21:56:55.307+0000] {processor.py:157} INFO - Started process (PID=2020) to work on /opt/airflow/dags/clean_up_after_star_schema_creation.py
[2023-12-09T21:56:55.309+0000] {processor.py:829} INFO - Processing file /opt/airflow/dags/clean_up_after_star_schema_creation.py for tasks to queue
[2023-12-09T21:56:55.310+0000] {logging_mixin.py:154} INFO - [2023-12-09T21:56:55.310+0000] {dagbag.py:536} INFO - Filling up the DagBag from /opt/airflow/dags/clean_up_after_star_schema_creation.py
[2023-12-09T21:56:55.318+0000] {processor.py:841} WARNING - No viable dags retrieved from /opt/airflow/dags/clean_up_after_star_schema_creation.py
[2023-12-09T21:56:55.334+0000] {processor.py:179} INFO - Processing /opt/airflow/dags/clean_up_after_star_schema_creation.py took 0.031 seconds
[2023-12-09T21:57:25.722+0000] {processor.py:157} INFO - Started process (PID=2058) to work on /opt/airflow/dags/clean_up_after_star_schema_creation.py
[2023-12-09T21:57:25.723+0000] {processor.py:829} INFO - Processing file /opt/airflow/dags/clean_up_after_star_schema_creation.py for tasks to queue
[2023-12-09T21:57:25.724+0000] {logging_mixin.py:154} INFO - [2023-12-09T21:57:25.724+0000] {dagbag.py:536} INFO - Filling up the DagBag from /opt/airflow/dags/clean_up_after_star_schema_creation.py
[2023-12-09T21:57:25.733+0000] {processor.py:841} WARNING - No viable dags retrieved from /opt/airflow/dags/clean_up_after_star_schema_creation.py
[2023-12-09T21:57:25.750+0000] {processor.py:179} INFO - Processing /opt/airflow/dags/clean_up_after_star_schema_creation.py took 0.034 seconds
[2023-12-09T21:57:56.203+0000] {processor.py:157} INFO - Started process (PID=2096) to work on /opt/airflow/dags/clean_up_after_star_schema_creation.py
[2023-12-09T21:57:56.204+0000] {processor.py:829} INFO - Processing file /opt/airflow/dags/clean_up_after_star_schema_creation.py for tasks to queue
[2023-12-09T21:57:56.205+0000] {logging_mixin.py:154} INFO - [2023-12-09T21:57:56.205+0000] {dagbag.py:536} INFO - Filling up the DagBag from /opt/airflow/dags/clean_up_after_star_schema_creation.py
[2023-12-09T21:57:56.213+0000] {processor.py:841} WARNING - No viable dags retrieved from /opt/airflow/dags/clean_up_after_star_schema_creation.py
[2023-12-09T21:57:56.229+0000] {processor.py:179} INFO - Processing /opt/airflow/dags/clean_up_after_star_schema_creation.py took 0.031 seconds
[2023-12-09T21:58:26.630+0000] {processor.py:157} INFO - Started process (PID=2134) to work on /opt/airflow/dags/clean_up_after_star_schema_creation.py
[2023-12-09T21:58:26.631+0000] {processor.py:829} INFO - Processing file /opt/airflow/dags/clean_up_after_star_schema_creation.py for tasks to queue
[2023-12-09T21:58:26.632+0000] {logging_mixin.py:154} INFO - [2023-12-09T21:58:26.632+0000] {dagbag.py:536} INFO - Filling up the DagBag from /opt/airflow/dags/clean_up_after_star_schema_creation.py
[2023-12-09T21:58:26.637+0000] {processor.py:841} WARNING - No viable dags retrieved from /opt/airflow/dags/clean_up_after_star_schema_creation.py
[2023-12-09T21:58:26.649+0000] {processor.py:179} INFO - Processing /opt/airflow/dags/clean_up_after_star_schema_creation.py took 0.021 seconds
[2023-12-09T21:58:57.089+0000] {processor.py:157} INFO - Started process (PID=2172) to work on /opt/airflow/dags/clean_up_after_star_schema_creation.py
[2023-12-09T21:58:57.091+0000] {processor.py:829} INFO - Processing file /opt/airflow/dags/clean_up_after_star_schema_creation.py for tasks to queue
[2023-12-09T21:58:57.092+0000] {logging_mixin.py:154} INFO - [2023-12-09T21:58:57.092+0000] {dagbag.py:536} INFO - Filling up the DagBag from /opt/airflow/dags/clean_up_after_star_schema_creation.py
[2023-12-09T21:58:57.101+0000] {processor.py:841} WARNING - No viable dags retrieved from /opt/airflow/dags/clean_up_after_star_schema_creation.py
[2023-12-09T21:58:57.118+0000] {processor.py:179} INFO - Processing /opt/airflow/dags/clean_up_after_star_schema_creation.py took 0.033 seconds
[2023-12-09T21:59:27.587+0000] {processor.py:157} INFO - Started process (PID=2210) to work on /opt/airflow/dags/clean_up_after_star_schema_creation.py
[2023-12-09T21:59:27.588+0000] {processor.py:829} INFO - Processing file /opt/airflow/dags/clean_up_after_star_schema_creation.py for tasks to queue
[2023-12-09T21:59:27.589+0000] {logging_mixin.py:154} INFO - [2023-12-09T21:59:27.589+0000] {dagbag.py:536} INFO - Filling up the DagBag from /opt/airflow/dags/clean_up_after_star_schema_creation.py
[2023-12-09T21:59:27.597+0000] {processor.py:841} WARNING - No viable dags retrieved from /opt/airflow/dags/clean_up_after_star_schema_creation.py
[2023-12-09T21:59:27.613+0000] {processor.py:179} INFO - Processing /opt/airflow/dags/clean_up_after_star_schema_creation.py took 0.031 seconds
[2023-12-09T21:59:58.009+0000] {processor.py:157} INFO - Started process (PID=2248) to work on /opt/airflow/dags/clean_up_after_star_schema_creation.py
[2023-12-09T21:59:58.010+0000] {processor.py:829} INFO - Processing file /opt/airflow/dags/clean_up_after_star_schema_creation.py for tasks to queue
[2023-12-09T21:59:58.010+0000] {logging_mixin.py:154} INFO - [2023-12-09T21:59:58.010+0000] {dagbag.py:536} INFO - Filling up the DagBag from /opt/airflow/dags/clean_up_after_star_schema_creation.py
[2023-12-09T21:59:58.014+0000] {processor.py:841} WARNING - No viable dags retrieved from /opt/airflow/dags/clean_up_after_star_schema_creation.py
[2023-12-09T21:59:58.024+0000] {processor.py:179} INFO - Processing /opt/airflow/dags/clean_up_after_star_schema_creation.py took 0.017 seconds
[2023-12-09T22:00:28.415+0000] {processor.py:157} INFO - Started process (PID=2286) to work on /opt/airflow/dags/clean_up_after_star_schema_creation.py
[2023-12-09T22:00:28.415+0000] {processor.py:829} INFO - Processing file /opt/airflow/dags/clean_up_after_star_schema_creation.py for tasks to queue
[2023-12-09T22:00:28.416+0000] {logging_mixin.py:154} INFO - [2023-12-09T22:00:28.416+0000] {dagbag.py:536} INFO - Filling up the DagBag from /opt/airflow/dags/clean_up_after_star_schema_creation.py
[2023-12-09T22:00:28.420+0000] {processor.py:841} WARNING - No viable dags retrieved from /opt/airflow/dags/clean_up_after_star_schema_creation.py
[2023-12-09T22:00:28.431+0000] {processor.py:179} INFO - Processing /opt/airflow/dags/clean_up_after_star_schema_creation.py took 0.018 seconds
[2023-12-09T22:00:58.876+0000] {processor.py:157} INFO - Started process (PID=2324) to work on /opt/airflow/dags/clean_up_after_star_schema_creation.py
[2023-12-09T22:00:58.878+0000] {processor.py:829} INFO - Processing file /opt/airflow/dags/clean_up_after_star_schema_creation.py for tasks to queue
[2023-12-09T22:00:58.878+0000] {logging_mixin.py:154} INFO - [2023-12-09T22:00:58.878+0000] {dagbag.py:536} INFO - Filling up the DagBag from /opt/airflow/dags/clean_up_after_star_schema_creation.py
[2023-12-09T22:00:58.886+0000] {processor.py:841} WARNING - No viable dags retrieved from /opt/airflow/dags/clean_up_after_star_schema_creation.py
[2023-12-09T22:00:58.902+0000] {processor.py:179} INFO - Processing /opt/airflow/dags/clean_up_after_star_schema_creation.py took 0.029 seconds
[2023-12-09T22:01:29.299+0000] {processor.py:157} INFO - Started process (PID=2362) to work on /opt/airflow/dags/clean_up_after_star_schema_creation.py
[2023-12-09T22:01:29.301+0000] {processor.py:829} INFO - Processing file /opt/airflow/dags/clean_up_after_star_schema_creation.py for tasks to queue
[2023-12-09T22:01:29.302+0000] {logging_mixin.py:154} INFO - [2023-12-09T22:01:29.302+0000] {dagbag.py:536} INFO - Filling up the DagBag from /opt/airflow/dags/clean_up_after_star_schema_creation.py
[2023-12-09T22:01:29.311+0000] {processor.py:841} WARNING - No viable dags retrieved from /opt/airflow/dags/clean_up_after_star_schema_creation.py
[2023-12-09T22:01:29.330+0000] {processor.py:179} INFO - Processing /opt/airflow/dags/clean_up_after_star_schema_creation.py took 0.037 seconds
[2023-12-09T22:01:59.745+0000] {processor.py:157} INFO - Started process (PID=2400) to work on /opt/airflow/dags/clean_up_after_star_schema_creation.py
[2023-12-09T22:01:59.746+0000] {processor.py:829} INFO - Processing file /opt/airflow/dags/clean_up_after_star_schema_creation.py for tasks to queue
[2023-12-09T22:01:59.747+0000] {logging_mixin.py:154} INFO - [2023-12-09T22:01:59.747+0000] {dagbag.py:536} INFO - Filling up the DagBag from /opt/airflow/dags/clean_up_after_star_schema_creation.py
[2023-12-09T22:01:59.752+0000] {processor.py:841} WARNING - No viable dags retrieved from /opt/airflow/dags/clean_up_after_star_schema_creation.py
[2023-12-09T22:01:59.765+0000] {processor.py:179} INFO - Processing /opt/airflow/dags/clean_up_after_star_schema_creation.py took 0.024 seconds
[2023-12-09T22:02:30.211+0000] {processor.py:157} INFO - Started process (PID=2445) to work on /opt/airflow/dags/clean_up_after_star_schema_creation.py
[2023-12-09T22:02:30.212+0000] {processor.py:829} INFO - Processing file /opt/airflow/dags/clean_up_after_star_schema_creation.py for tasks to queue
[2023-12-09T22:02:30.213+0000] {logging_mixin.py:154} INFO - [2023-12-09T22:02:30.213+0000] {dagbag.py:536} INFO - Filling up the DagBag from /opt/airflow/dags/clean_up_after_star_schema_creation.py
[2023-12-09T22:02:30.218+0000] {processor.py:841} WARNING - No viable dags retrieved from /opt/airflow/dags/clean_up_after_star_schema_creation.py
[2023-12-09T22:02:30.230+0000] {processor.py:179} INFO - Processing /opt/airflow/dags/clean_up_after_star_schema_creation.py took 0.022 seconds
[2023-12-09T22:03:00.789+0000] {processor.py:157} INFO - Started process (PID=2483) to work on /opt/airflow/dags/clean_up_after_star_schema_creation.py
[2023-12-09T22:03:00.790+0000] {processor.py:829} INFO - Processing file /opt/airflow/dags/clean_up_after_star_schema_creation.py for tasks to queue
[2023-12-09T22:03:00.791+0000] {logging_mixin.py:154} INFO - [2023-12-09T22:03:00.791+0000] {dagbag.py:536} INFO - Filling up the DagBag from /opt/airflow/dags/clean_up_after_star_schema_creation.py
[2023-12-09T22:03:00.799+0000] {processor.py:841} WARNING - No viable dags retrieved from /opt/airflow/dags/clean_up_after_star_schema_creation.py
[2023-12-09T22:03:00.816+0000] {processor.py:179} INFO - Processing /opt/airflow/dags/clean_up_after_star_schema_creation.py took 0.033 seconds
[2023-12-09T22:03:31.214+0000] {processor.py:157} INFO - Started process (PID=2521) to work on /opt/airflow/dags/clean_up_after_star_schema_creation.py
[2023-12-09T22:03:31.215+0000] {processor.py:829} INFO - Processing file /opt/airflow/dags/clean_up_after_star_schema_creation.py for tasks to queue
[2023-12-09T22:03:31.216+0000] {logging_mixin.py:154} INFO - [2023-12-09T22:03:31.216+0000] {dagbag.py:536} INFO - Filling up the DagBag from /opt/airflow/dags/clean_up_after_star_schema_creation.py
[2023-12-09T22:03:31.224+0000] {processor.py:841} WARNING - No viable dags retrieved from /opt/airflow/dags/clean_up_after_star_schema_creation.py
[2023-12-09T22:03:31.239+0000] {processor.py:179} INFO - Processing /opt/airflow/dags/clean_up_after_star_schema_creation.py took 0.030 seconds
[2023-12-09T22:04:01.652+0000] {processor.py:157} INFO - Started process (PID=2559) to work on /opt/airflow/dags/clean_up_after_star_schema_creation.py
[2023-12-09T22:04:01.654+0000] {processor.py:829} INFO - Processing file /opt/airflow/dags/clean_up_after_star_schema_creation.py for tasks to queue
[2023-12-09T22:04:01.655+0000] {logging_mixin.py:154} INFO - [2023-12-09T22:04:01.655+0000] {dagbag.py:536} INFO - Filling up the DagBag from /opt/airflow/dags/clean_up_after_star_schema_creation.py
[2023-12-09T22:04:01.664+0000] {processor.py:841} WARNING - No viable dags retrieved from /opt/airflow/dags/clean_up_after_star_schema_creation.py
[2023-12-09T22:04:01.681+0000] {processor.py:179} INFO - Processing /opt/airflow/dags/clean_up_after_star_schema_creation.py took 0.035 seconds
[2023-12-09T22:04:32.132+0000] {processor.py:157} INFO - Started process (PID=2597) to work on /opt/airflow/dags/clean_up_after_star_schema_creation.py
[2023-12-09T22:04:32.133+0000] {processor.py:829} INFO - Processing file /opt/airflow/dags/clean_up_after_star_schema_creation.py for tasks to queue
[2023-12-09T22:04:32.135+0000] {logging_mixin.py:154} INFO - [2023-12-09T22:04:32.134+0000] {dagbag.py:536} INFO - Filling up the DagBag from /opt/airflow/dags/clean_up_after_star_schema_creation.py
[2023-12-09T22:04:32.143+0000] {processor.py:841} WARNING - No viable dags retrieved from /opt/airflow/dags/clean_up_after_star_schema_creation.py
[2023-12-09T22:04:32.159+0000] {processor.py:179} INFO - Processing /opt/airflow/dags/clean_up_after_star_schema_creation.py took 0.033 seconds
[2023-12-09T22:05:02.558+0000] {processor.py:157} INFO - Started process (PID=2635) to work on /opt/airflow/dags/clean_up_after_star_schema_creation.py
[2023-12-09T22:05:02.559+0000] {processor.py:829} INFO - Processing file /opt/airflow/dags/clean_up_after_star_schema_creation.py for tasks to queue
[2023-12-09T22:05:02.561+0000] {logging_mixin.py:154} INFO - [2023-12-09T22:05:02.560+0000] {dagbag.py:536} INFO - Filling up the DagBag from /opt/airflow/dags/clean_up_after_star_schema_creation.py
[2023-12-09T22:05:02.569+0000] {processor.py:841} WARNING - No viable dags retrieved from /opt/airflow/dags/clean_up_after_star_schema_creation.py
[2023-12-09T22:05:02.585+0000] {processor.py:179} INFO - Processing /opt/airflow/dags/clean_up_after_star_schema_creation.py took 0.033 seconds
[2023-12-09T22:05:33.027+0000] {processor.py:157} INFO - Started process (PID=2673) to work on /opt/airflow/dags/clean_up_after_star_schema_creation.py
[2023-12-09T22:05:33.028+0000] {processor.py:829} INFO - Processing file /opt/airflow/dags/clean_up_after_star_schema_creation.py for tasks to queue
[2023-12-09T22:05:33.028+0000] {logging_mixin.py:154} INFO - [2023-12-09T22:05:33.028+0000] {dagbag.py:536} INFO - Filling up the DagBag from /opt/airflow/dags/clean_up_after_star_schema_creation.py
[2023-12-09T22:05:33.036+0000] {processor.py:841} WARNING - No viable dags retrieved from /opt/airflow/dags/clean_up_after_star_schema_creation.py
[2023-12-09T22:05:33.051+0000] {processor.py:179} INFO - Processing /opt/airflow/dags/clean_up_after_star_schema_creation.py took 0.028 seconds
[2023-12-09T22:06:03.460+0000] {processor.py:157} INFO - Started process (PID=2711) to work on /opt/airflow/dags/clean_up_after_star_schema_creation.py
[2023-12-09T22:06:03.462+0000] {processor.py:829} INFO - Processing file /opt/airflow/dags/clean_up_after_star_schema_creation.py for tasks to queue
[2023-12-09T22:06:03.463+0000] {logging_mixin.py:154} INFO - [2023-12-09T22:06:03.463+0000] {dagbag.py:536} INFO - Filling up the DagBag from /opt/airflow/dags/clean_up_after_star_schema_creation.py
[2023-12-09T22:06:03.475+0000] {processor.py:841} WARNING - No viable dags retrieved from /opt/airflow/dags/clean_up_after_star_schema_creation.py
[2023-12-09T22:06:03.493+0000] {processor.py:179} INFO - Processing /opt/airflow/dags/clean_up_after_star_schema_creation.py took 0.037 seconds
[2023-12-09T22:06:33.545+0000] {processor.py:157} INFO - Started process (PID=2749) to work on /opt/airflow/dags/clean_up_after_star_schema_creation.py
[2023-12-09T22:06:33.548+0000] {processor.py:829} INFO - Processing file /opt/airflow/dags/clean_up_after_star_schema_creation.py for tasks to queue
[2023-12-09T22:06:33.552+0000] {logging_mixin.py:154} INFO - [2023-12-09T22:06:33.551+0000] {dagbag.py:536} INFO - Filling up the DagBag from /opt/airflow/dags/clean_up_after_star_schema_creation.py
[2023-12-09T22:06:33.572+0000] {processor.py:841} WARNING - No viable dags retrieved from /opt/airflow/dags/clean_up_after_star_schema_creation.py
[2023-12-09T22:06:33.592+0000] {processor.py:179} INFO - Processing /opt/airflow/dags/clean_up_after_star_schema_creation.py took 0.058 seconds
[2023-12-09T22:07:03.999+0000] {processor.py:157} INFO - Started process (PID=2787) to work on /opt/airflow/dags/clean_up_after_star_schema_creation.py
[2023-12-09T22:07:04.001+0000] {processor.py:829} INFO - Processing file /opt/airflow/dags/clean_up_after_star_schema_creation.py for tasks to queue
[2023-12-09T22:07:04.002+0000] {logging_mixin.py:154} INFO - [2023-12-09T22:07:04.001+0000] {dagbag.py:536} INFO - Filling up the DagBag from /opt/airflow/dags/clean_up_after_star_schema_creation.py
[2023-12-09T22:07:04.008+0000] {processor.py:841} WARNING - No viable dags retrieved from /opt/airflow/dags/clean_up_after_star_schema_creation.py
[2023-12-09T22:07:04.023+0000] {processor.py:179} INFO - Processing /opt/airflow/dags/clean_up_after_star_schema_creation.py took 0.028 seconds
[2023-12-09T22:07:34.468+0000] {processor.py:157} INFO - Started process (PID=2825) to work on /opt/airflow/dags/clean_up_after_star_schema_creation.py
[2023-12-09T22:07:34.469+0000] {processor.py:829} INFO - Processing file /opt/airflow/dags/clean_up_after_star_schema_creation.py for tasks to queue
[2023-12-09T22:07:34.471+0000] {logging_mixin.py:154} INFO - [2023-12-09T22:07:34.470+0000] {dagbag.py:536} INFO - Filling up the DagBag from /opt/airflow/dags/clean_up_after_star_schema_creation.py
[2023-12-09T22:07:34.479+0000] {processor.py:841} WARNING - No viable dags retrieved from /opt/airflow/dags/clean_up_after_star_schema_creation.py
[2023-12-09T22:07:34.496+0000] {processor.py:179} INFO - Processing /opt/airflow/dags/clean_up_after_star_schema_creation.py took 0.033 seconds
[2023-12-09T22:08:04.961+0000] {processor.py:157} INFO - Started process (PID=2863) to work on /opt/airflow/dags/clean_up_after_star_schema_creation.py
[2023-12-09T22:08:04.963+0000] {processor.py:829} INFO - Processing file /opt/airflow/dags/clean_up_after_star_schema_creation.py for tasks to queue
[2023-12-09T22:08:04.964+0000] {logging_mixin.py:154} INFO - [2023-12-09T22:08:04.964+0000] {dagbag.py:536} INFO - Filling up the DagBag from /opt/airflow/dags/clean_up_after_star_schema_creation.py
[2023-12-09T22:08:04.973+0000] {processor.py:841} WARNING - No viable dags retrieved from /opt/airflow/dags/clean_up_after_star_schema_creation.py
[2023-12-09T22:08:04.990+0000] {processor.py:179} INFO - Processing /opt/airflow/dags/clean_up_after_star_schema_creation.py took 0.034 seconds
