[2023-12-09T21:32:34.573+0000] {processor.py:157} INFO - Started process (PID=192) to work on /opt/airflow/dags/create_star_schema_part_1.py
[2023-12-09T21:32:34.574+0000] {processor.py:829} INFO - Processing file /opt/airflow/dags/create_star_schema_part_1.py for tasks to queue
[2023-12-09T21:32:34.575+0000] {logging_mixin.py:154} INFO - [2023-12-09T21:32:34.575+0000] {dagbag.py:536} INFO - Filling up the DagBag from /opt/airflow/dags/create_star_schema_part_1.py
[2023-12-09T21:32:34.579+0000] {processor.py:841} WARNING - No viable dags retrieved from /opt/airflow/dags/create_star_schema_part_1.py
[2023-12-09T21:32:34.596+0000] {processor.py:179} INFO - Processing /opt/airflow/dags/create_star_schema_part_1.py took 0.025 seconds
[2023-12-09T21:33:04.874+0000] {processor.py:157} INFO - Started process (PID=226) to work on /opt/airflow/dags/create_star_schema_part_1.py
[2023-12-09T21:33:04.875+0000] {processor.py:829} INFO - Processing file /opt/airflow/dags/create_star_schema_part_1.py for tasks to queue
[2023-12-09T21:33:04.875+0000] {logging_mixin.py:154} INFO - [2023-12-09T21:33:04.875+0000] {dagbag.py:536} INFO - Filling up the DagBag from /opt/airflow/dags/create_star_schema_part_1.py
[2023-12-09T21:33:04.878+0000] {processor.py:841} WARNING - No viable dags retrieved from /opt/airflow/dags/create_star_schema_part_1.py
[2023-12-09T21:33:04.889+0000] {processor.py:179} INFO - Processing /opt/airflow/dags/create_star_schema_part_1.py took 0.017 seconds
[2023-12-09T21:33:35.208+0000] {processor.py:157} INFO - Started process (PID=262) to work on /opt/airflow/dags/create_star_schema_part_1.py
[2023-12-09T21:33:35.209+0000] {processor.py:829} INFO - Processing file /opt/airflow/dags/create_star_schema_part_1.py for tasks to queue
[2023-12-09T21:33:35.209+0000] {logging_mixin.py:154} INFO - [2023-12-09T21:33:35.209+0000] {dagbag.py:536} INFO - Filling up the DagBag from /opt/airflow/dags/create_star_schema_part_1.py
[2023-12-09T21:33:35.213+0000] {processor.py:841} WARNING - No viable dags retrieved from /opt/airflow/dags/create_star_schema_part_1.py
[2023-12-09T21:33:35.224+0000] {processor.py:179} INFO - Processing /opt/airflow/dags/create_star_schema_part_1.py took 0.019 seconds
[2023-12-09T21:34:05.583+0000] {processor.py:157} INFO - Started process (PID=300) to work on /opt/airflow/dags/create_star_schema_part_1.py
[2023-12-09T21:34:05.583+0000] {processor.py:829} INFO - Processing file /opt/airflow/dags/create_star_schema_part_1.py for tasks to queue
[2023-12-09T21:34:05.584+0000] {logging_mixin.py:154} INFO - [2023-12-09T21:34:05.584+0000] {dagbag.py:536} INFO - Filling up the DagBag from /opt/airflow/dags/create_star_schema_part_1.py
[2023-12-09T21:34:05.589+0000] {processor.py:841} WARNING - No viable dags retrieved from /opt/airflow/dags/create_star_schema_part_1.py
[2023-12-09T21:34:05.599+0000] {processor.py:179} INFO - Processing /opt/airflow/dags/create_star_schema_part_1.py took 0.019 seconds
[2023-12-09T21:34:35.984+0000] {processor.py:157} INFO - Started process (PID=338) to work on /opt/airflow/dags/create_star_schema_part_1.py
[2023-12-09T21:34:35.985+0000] {processor.py:829} INFO - Processing file /opt/airflow/dags/create_star_schema_part_1.py for tasks to queue
[2023-12-09T21:34:35.986+0000] {logging_mixin.py:154} INFO - [2023-12-09T21:34:35.985+0000] {dagbag.py:536} INFO - Filling up the DagBag from /opt/airflow/dags/create_star_schema_part_1.py
[2023-12-09T21:34:35.991+0000] {processor.py:841} WARNING - No viable dags retrieved from /opt/airflow/dags/create_star_schema_part_1.py
[2023-12-09T21:34:36.001+0000] {processor.py:179} INFO - Processing /opt/airflow/dags/create_star_schema_part_1.py took 0.019 seconds
[2023-12-09T21:35:06.394+0000] {processor.py:157} INFO - Started process (PID=376) to work on /opt/airflow/dags/create_star_schema_part_1.py
[2023-12-09T21:35:06.395+0000] {processor.py:829} INFO - Processing file /opt/airflow/dags/create_star_schema_part_1.py for tasks to queue
[2023-12-09T21:35:06.395+0000] {logging_mixin.py:154} INFO - [2023-12-09T21:35:06.395+0000] {dagbag.py:536} INFO - Filling up the DagBag from /opt/airflow/dags/create_star_schema_part_1.py
[2023-12-09T21:35:06.399+0000] {processor.py:841} WARNING - No viable dags retrieved from /opt/airflow/dags/create_star_schema_part_1.py
[2023-12-09T21:35:06.411+0000] {processor.py:179} INFO - Processing /opt/airflow/dags/create_star_schema_part_1.py took 0.019 seconds
[2023-12-09T21:35:36.776+0000] {processor.py:157} INFO - Started process (PID=414) to work on /opt/airflow/dags/create_star_schema_part_1.py
[2023-12-09T21:35:36.776+0000] {processor.py:829} INFO - Processing file /opt/airflow/dags/create_star_schema_part_1.py for tasks to queue
[2023-12-09T21:35:36.777+0000] {logging_mixin.py:154} INFO - [2023-12-09T21:35:36.777+0000] {dagbag.py:536} INFO - Filling up the DagBag from /opt/airflow/dags/create_star_schema_part_1.py
[2023-12-09T21:35:36.781+0000] {processor.py:841} WARNING - No viable dags retrieved from /opt/airflow/dags/create_star_schema_part_1.py
[2023-12-09T21:35:36.792+0000] {processor.py:179} INFO - Processing /opt/airflow/dags/create_star_schema_part_1.py took 0.018 seconds
[2023-12-09T21:36:07.166+0000] {processor.py:157} INFO - Started process (PID=452) to work on /opt/airflow/dags/create_star_schema_part_1.py
[2023-12-09T21:36:07.166+0000] {processor.py:829} INFO - Processing file /opt/airflow/dags/create_star_schema_part_1.py for tasks to queue
[2023-12-09T21:36:07.167+0000] {logging_mixin.py:154} INFO - [2023-12-09T21:36:07.167+0000] {dagbag.py:536} INFO - Filling up the DagBag from /opt/airflow/dags/create_star_schema_part_1.py
[2023-12-09T21:36:07.170+0000] {processor.py:841} WARNING - No viable dags retrieved from /opt/airflow/dags/create_star_schema_part_1.py
[2023-12-09T21:36:07.179+0000] {processor.py:179} INFO - Processing /opt/airflow/dags/create_star_schema_part_1.py took 0.015 seconds
[2023-12-09T21:36:37.591+0000] {processor.py:157} INFO - Started process (PID=490) to work on /opt/airflow/dags/create_star_schema_part_1.py
[2023-12-09T21:36:37.592+0000] {processor.py:829} INFO - Processing file /opt/airflow/dags/create_star_schema_part_1.py for tasks to queue
[2023-12-09T21:36:37.592+0000] {logging_mixin.py:154} INFO - [2023-12-09T21:36:37.592+0000] {dagbag.py:536} INFO - Filling up the DagBag from /opt/airflow/dags/create_star_schema_part_1.py
[2023-12-09T21:36:37.596+0000] {processor.py:841} WARNING - No viable dags retrieved from /opt/airflow/dags/create_star_schema_part_1.py
[2023-12-09T21:36:37.605+0000] {processor.py:179} INFO - Processing /opt/airflow/dags/create_star_schema_part_1.py took 0.016 seconds
[2023-12-09T21:37:07.940+0000] {processor.py:157} INFO - Started process (PID=537) to work on /opt/airflow/dags/create_star_schema_part_1.py
[2023-12-09T21:37:07.941+0000] {processor.py:829} INFO - Processing file /opt/airflow/dags/create_star_schema_part_1.py for tasks to queue
[2023-12-09T21:37:07.941+0000] {logging_mixin.py:154} INFO - [2023-12-09T21:37:07.941+0000] {dagbag.py:536} INFO - Filling up the DagBag from /opt/airflow/dags/create_star_schema_part_1.py
[2023-12-09T21:37:07.945+0000] {processor.py:841} WARNING - No viable dags retrieved from /opt/airflow/dags/create_star_schema_part_1.py
[2023-12-09T21:37:07.953+0000] {processor.py:179} INFO - Processing /opt/airflow/dags/create_star_schema_part_1.py took 0.015 seconds
[2023-12-09T21:37:38.277+0000] {processor.py:157} INFO - Started process (PID=575) to work on /opt/airflow/dags/create_star_schema_part_1.py
[2023-12-09T21:37:38.278+0000] {processor.py:829} INFO - Processing file /opt/airflow/dags/create_star_schema_part_1.py for tasks to queue
[2023-12-09T21:37:38.279+0000] {logging_mixin.py:154} INFO - [2023-12-09T21:37:38.278+0000] {dagbag.py:536} INFO - Filling up the DagBag from /opt/airflow/dags/create_star_schema_part_1.py
[2023-12-09T21:37:38.283+0000] {processor.py:841} WARNING - No viable dags retrieved from /opt/airflow/dags/create_star_schema_part_1.py
[2023-12-09T21:37:38.293+0000] {processor.py:179} INFO - Processing /opt/airflow/dags/create_star_schema_part_1.py took 0.018 seconds
[2023-12-09T21:38:08.639+0000] {processor.py:157} INFO - Started process (PID=619) to work on /opt/airflow/dags/create_star_schema_part_1.py
[2023-12-09T21:38:08.640+0000] {processor.py:829} INFO - Processing file /opt/airflow/dags/create_star_schema_part_1.py for tasks to queue
[2023-12-09T21:38:08.641+0000] {logging_mixin.py:154} INFO - [2023-12-09T21:38:08.641+0000] {dagbag.py:536} INFO - Filling up the DagBag from /opt/airflow/dags/create_star_schema_part_1.py
[2023-12-09T21:38:08.645+0000] {processor.py:841} WARNING - No viable dags retrieved from /opt/airflow/dags/create_star_schema_part_1.py
[2023-12-09T21:38:08.654+0000] {processor.py:179} INFO - Processing /opt/airflow/dags/create_star_schema_part_1.py took 0.018 seconds
[2023-12-09T21:38:39.072+0000] {processor.py:157} INFO - Started process (PID=657) to work on /opt/airflow/dags/create_star_schema_part_1.py
[2023-12-09T21:38:39.072+0000] {processor.py:829} INFO - Processing file /opt/airflow/dags/create_star_schema_part_1.py for tasks to queue
[2023-12-09T21:38:39.073+0000] {logging_mixin.py:154} INFO - [2023-12-09T21:38:39.073+0000] {dagbag.py:536} INFO - Filling up the DagBag from /opt/airflow/dags/create_star_schema_part_1.py
[2023-12-09T21:38:39.077+0000] {processor.py:841} WARNING - No viable dags retrieved from /opt/airflow/dags/create_star_schema_part_1.py
[2023-12-09T21:38:39.087+0000] {processor.py:179} INFO - Processing /opt/airflow/dags/create_star_schema_part_1.py took 0.017 seconds
[2023-12-09T21:39:09.511+0000] {processor.py:157} INFO - Started process (PID=701) to work on /opt/airflow/dags/create_star_schema_part_1.py
[2023-12-09T21:39:09.512+0000] {processor.py:829} INFO - Processing file /opt/airflow/dags/create_star_schema_part_1.py for tasks to queue
[2023-12-09T21:39:09.512+0000] {logging_mixin.py:154} INFO - [2023-12-09T21:39:09.512+0000] {dagbag.py:536} INFO - Filling up the DagBag from /opt/airflow/dags/create_star_schema_part_1.py
[2023-12-09T21:39:09.516+0000] {processor.py:841} WARNING - No viable dags retrieved from /opt/airflow/dags/create_star_schema_part_1.py
[2023-12-09T21:39:09.525+0000] {processor.py:179} INFO - Processing /opt/airflow/dags/create_star_schema_part_1.py took 0.016 seconds
[2023-12-09T21:39:39.884+0000] {processor.py:157} INFO - Started process (PID=739) to work on /opt/airflow/dags/create_star_schema_part_1.py
[2023-12-09T21:39:39.885+0000] {processor.py:829} INFO - Processing file /opt/airflow/dags/create_star_schema_part_1.py for tasks to queue
[2023-12-09T21:39:39.886+0000] {logging_mixin.py:154} INFO - [2023-12-09T21:39:39.885+0000] {dagbag.py:536} INFO - Filling up the DagBag from /opt/airflow/dags/create_star_schema_part_1.py
[2023-12-09T21:39:39.890+0000] {processor.py:841} WARNING - No viable dags retrieved from /opt/airflow/dags/create_star_schema_part_1.py
[2023-12-09T21:39:39.900+0000] {processor.py:179} INFO - Processing /opt/airflow/dags/create_star_schema_part_1.py took 0.018 seconds
[2023-12-09T21:40:10.252+0000] {processor.py:157} INFO - Started process (PID=780) to work on /opt/airflow/dags/create_star_schema_part_1.py
[2023-12-09T21:40:10.252+0000] {processor.py:829} INFO - Processing file /opt/airflow/dags/create_star_schema_part_1.py for tasks to queue
[2023-12-09T21:40:10.253+0000] {logging_mixin.py:154} INFO - [2023-12-09T21:40:10.253+0000] {dagbag.py:536} INFO - Filling up the DagBag from /opt/airflow/dags/create_star_schema_part_1.py
[2023-12-09T21:40:10.257+0000] {processor.py:841} WARNING - No viable dags retrieved from /opt/airflow/dags/create_star_schema_part_1.py
[2023-12-09T21:40:10.265+0000] {processor.py:179} INFO - Processing /opt/airflow/dags/create_star_schema_part_1.py took 0.016 seconds
[2023-12-09T21:40:40.626+0000] {processor.py:157} INFO - Started process (PID=818) to work on /opt/airflow/dags/create_star_schema_part_1.py
[2023-12-09T21:40:40.627+0000] {processor.py:829} INFO - Processing file /opt/airflow/dags/create_star_schema_part_1.py for tasks to queue
[2023-12-09T21:40:40.627+0000] {logging_mixin.py:154} INFO - [2023-12-09T21:40:40.627+0000] {dagbag.py:536} INFO - Filling up the DagBag from /opt/airflow/dags/create_star_schema_part_1.py
[2023-12-09T21:40:40.631+0000] {processor.py:841} WARNING - No viable dags retrieved from /opt/airflow/dags/create_star_schema_part_1.py
[2023-12-09T21:40:40.639+0000] {processor.py:179} INFO - Processing /opt/airflow/dags/create_star_schema_part_1.py took 0.015 seconds
[2023-12-09T21:41:11.028+0000] {processor.py:157} INFO - Started process (PID=859) to work on /opt/airflow/dags/create_star_schema_part_1.py
[2023-12-09T21:41:11.029+0000] {processor.py:829} INFO - Processing file /opt/airflow/dags/create_star_schema_part_1.py for tasks to queue
[2023-12-09T21:41:11.030+0000] {logging_mixin.py:154} INFO - [2023-12-09T21:41:11.029+0000] {dagbag.py:536} INFO - Filling up the DagBag from /opt/airflow/dags/create_star_schema_part_1.py
[2023-12-09T21:41:11.033+0000] {processor.py:841} WARNING - No viable dags retrieved from /opt/airflow/dags/create_star_schema_part_1.py
[2023-12-09T21:41:11.043+0000] {processor.py:179} INFO - Processing /opt/airflow/dags/create_star_schema_part_1.py took 0.017 seconds
[2023-12-09T21:41:41.478+0000] {processor.py:157} INFO - Started process (PID=897) to work on /opt/airflow/dags/create_star_schema_part_1.py
[2023-12-09T21:41:41.479+0000] {processor.py:829} INFO - Processing file /opt/airflow/dags/create_star_schema_part_1.py for tasks to queue
[2023-12-09T21:41:41.480+0000] {logging_mixin.py:154} INFO - [2023-12-09T21:41:41.479+0000] {dagbag.py:536} INFO - Filling up the DagBag from /opt/airflow/dags/create_star_schema_part_1.py
[2023-12-09T21:41:41.483+0000] {processor.py:841} WARNING - No viable dags retrieved from /opt/airflow/dags/create_star_schema_part_1.py
[2023-12-09T21:41:41.492+0000] {processor.py:179} INFO - Processing /opt/airflow/dags/create_star_schema_part_1.py took 0.016 seconds
[2023-12-09T21:42:11.895+0000] {processor.py:157} INFO - Started process (PID=935) to work on /opt/airflow/dags/create_star_schema_part_1.py
[2023-12-09T21:42:11.896+0000] {processor.py:829} INFO - Processing file /opt/airflow/dags/create_star_schema_part_1.py for tasks to queue
[2023-12-09T21:42:11.897+0000] {logging_mixin.py:154} INFO - [2023-12-09T21:42:11.897+0000] {dagbag.py:536} INFO - Filling up the DagBag from /opt/airflow/dags/create_star_schema_part_1.py
[2023-12-09T21:42:11.901+0000] {processor.py:841} WARNING - No viable dags retrieved from /opt/airflow/dags/create_star_schema_part_1.py
[2023-12-09T21:42:11.911+0000] {processor.py:179} INFO - Processing /opt/airflow/dags/create_star_schema_part_1.py took 0.018 seconds
[2023-12-09T21:42:42.377+0000] {processor.py:157} INFO - Started process (PID=973) to work on /opt/airflow/dags/create_star_schema_part_1.py
[2023-12-09T21:42:42.378+0000] {processor.py:829} INFO - Processing file /opt/airflow/dags/create_star_schema_part_1.py for tasks to queue
[2023-12-09T21:42:42.378+0000] {logging_mixin.py:154} INFO - [2023-12-09T21:42:42.378+0000] {dagbag.py:536} INFO - Filling up the DagBag from /opt/airflow/dags/create_star_schema_part_1.py
[2023-12-09T21:42:42.382+0000] {processor.py:841} WARNING - No viable dags retrieved from /opt/airflow/dags/create_star_schema_part_1.py
[2023-12-09T21:42:42.392+0000] {processor.py:179} INFO - Processing /opt/airflow/dags/create_star_schema_part_1.py took 0.017 seconds
[2023-12-09T21:43:12.826+0000] {processor.py:157} INFO - Started process (PID=1011) to work on /opt/airflow/dags/create_star_schema_part_1.py
[2023-12-09T21:43:12.826+0000] {processor.py:829} INFO - Processing file /opt/airflow/dags/create_star_schema_part_1.py for tasks to queue
[2023-12-09T21:43:12.827+0000] {logging_mixin.py:154} INFO - [2023-12-09T21:43:12.827+0000] {dagbag.py:536} INFO - Filling up the DagBag from /opt/airflow/dags/create_star_schema_part_1.py
[2023-12-09T21:43:12.831+0000] {processor.py:841} WARNING - No viable dags retrieved from /opt/airflow/dags/create_star_schema_part_1.py
[2023-12-09T21:43:12.840+0000] {processor.py:179} INFO - Processing /opt/airflow/dags/create_star_schema_part_1.py took 0.016 seconds
[2023-12-09T21:43:43.279+0000] {processor.py:157} INFO - Started process (PID=1049) to work on /opt/airflow/dags/create_star_schema_part_1.py
[2023-12-09T21:43:43.280+0000] {processor.py:829} INFO - Processing file /opt/airflow/dags/create_star_schema_part_1.py for tasks to queue
[2023-12-09T21:43:43.281+0000] {logging_mixin.py:154} INFO - [2023-12-09T21:43:43.280+0000] {dagbag.py:536} INFO - Filling up the DagBag from /opt/airflow/dags/create_star_schema_part_1.py
[2023-12-09T21:43:43.284+0000] {processor.py:841} WARNING - No viable dags retrieved from /opt/airflow/dags/create_star_schema_part_1.py
[2023-12-09T21:43:43.294+0000] {processor.py:179} INFO - Processing /opt/airflow/dags/create_star_schema_part_1.py took 0.016 seconds
[2023-12-09T21:44:13.735+0000] {processor.py:157} INFO - Started process (PID=1087) to work on /opt/airflow/dags/create_star_schema_part_1.py
[2023-12-09T21:44:13.735+0000] {processor.py:829} INFO - Processing file /opt/airflow/dags/create_star_schema_part_1.py for tasks to queue
[2023-12-09T21:44:13.736+0000] {logging_mixin.py:154} INFO - [2023-12-09T21:44:13.736+0000] {dagbag.py:536} INFO - Filling up the DagBag from /opt/airflow/dags/create_star_schema_part_1.py
[2023-12-09T21:44:13.740+0000] {processor.py:841} WARNING - No viable dags retrieved from /opt/airflow/dags/create_star_schema_part_1.py
[2023-12-09T21:44:13.749+0000] {processor.py:179} INFO - Processing /opt/airflow/dags/create_star_schema_part_1.py took 0.016 seconds
[2023-12-09T21:44:44.128+0000] {processor.py:157} INFO - Started process (PID=1125) to work on /opt/airflow/dags/create_star_schema_part_1.py
[2023-12-09T21:44:44.129+0000] {processor.py:829} INFO - Processing file /opt/airflow/dags/create_star_schema_part_1.py for tasks to queue
[2023-12-09T21:44:44.130+0000] {logging_mixin.py:154} INFO - [2023-12-09T21:44:44.130+0000] {dagbag.py:536} INFO - Filling up the DagBag from /opt/airflow/dags/create_star_schema_part_1.py
[2023-12-09T21:44:44.133+0000] {processor.py:841} WARNING - No viable dags retrieved from /opt/airflow/dags/create_star_schema_part_1.py
[2023-12-09T21:44:44.142+0000] {processor.py:179} INFO - Processing /opt/airflow/dags/create_star_schema_part_1.py took 0.016 seconds
[2023-12-09T21:45:14.528+0000] {processor.py:157} INFO - Started process (PID=1163) to work on /opt/airflow/dags/create_star_schema_part_1.py
[2023-12-09T21:45:14.529+0000] {processor.py:829} INFO - Processing file /opt/airflow/dags/create_star_schema_part_1.py for tasks to queue
[2023-12-09T21:45:14.529+0000] {logging_mixin.py:154} INFO - [2023-12-09T21:45:14.529+0000] {dagbag.py:536} INFO - Filling up the DagBag from /opt/airflow/dags/create_star_schema_part_1.py
[2023-12-09T21:45:14.533+0000] {processor.py:841} WARNING - No viable dags retrieved from /opt/airflow/dags/create_star_schema_part_1.py
[2023-12-09T21:45:14.543+0000] {processor.py:179} INFO - Processing /opt/airflow/dags/create_star_schema_part_1.py took 0.017 seconds
[2023-12-09T21:45:44.972+0000] {processor.py:157} INFO - Started process (PID=1201) to work on /opt/airflow/dags/create_star_schema_part_1.py
[2023-12-09T21:45:44.973+0000] {processor.py:829} INFO - Processing file /opt/airflow/dags/create_star_schema_part_1.py for tasks to queue
[2023-12-09T21:45:44.973+0000] {logging_mixin.py:154} INFO - [2023-12-09T21:45:44.973+0000] {dagbag.py:536} INFO - Filling up the DagBag from /opt/airflow/dags/create_star_schema_part_1.py
[2023-12-09T21:45:44.977+0000] {processor.py:841} WARNING - No viable dags retrieved from /opt/airflow/dags/create_star_schema_part_1.py
[2023-12-09T21:45:44.986+0000] {processor.py:179} INFO - Processing /opt/airflow/dags/create_star_schema_part_1.py took 0.016 seconds
[2023-12-09T21:46:15.422+0000] {processor.py:157} INFO - Started process (PID=1240) to work on /opt/airflow/dags/create_star_schema_part_1.py
[2023-12-09T21:46:15.423+0000] {processor.py:829} INFO - Processing file /opt/airflow/dags/create_star_schema_part_1.py for tasks to queue
[2023-12-09T21:46:15.424+0000] {logging_mixin.py:154} INFO - [2023-12-09T21:46:15.424+0000] {dagbag.py:536} INFO - Filling up the DagBag from /opt/airflow/dags/create_star_schema_part_1.py
[2023-12-09T21:46:15.429+0000] {processor.py:841} WARNING - No viable dags retrieved from /opt/airflow/dags/create_star_schema_part_1.py
[2023-12-09T21:46:15.443+0000] {processor.py:179} INFO - Processing /opt/airflow/dags/create_star_schema_part_1.py took 0.026 seconds
[2023-12-09T21:46:45.895+0000] {processor.py:157} INFO - Started process (PID=1278) to work on /opt/airflow/dags/create_star_schema_part_1.py
[2023-12-09T21:46:45.896+0000] {processor.py:829} INFO - Processing file /opt/airflow/dags/create_star_schema_part_1.py for tasks to queue
[2023-12-09T21:46:45.896+0000] {logging_mixin.py:154} INFO - [2023-12-09T21:46:45.896+0000] {dagbag.py:536} INFO - Filling up the DagBag from /opt/airflow/dags/create_star_schema_part_1.py
[2023-12-09T21:46:45.900+0000] {processor.py:841} WARNING - No viable dags retrieved from /opt/airflow/dags/create_star_schema_part_1.py
[2023-12-09T21:46:45.910+0000] {processor.py:179} INFO - Processing /opt/airflow/dags/create_star_schema_part_1.py took 0.017 seconds
[2023-12-09T21:47:16.352+0000] {processor.py:157} INFO - Started process (PID=1316) to work on /opt/airflow/dags/create_star_schema_part_1.py
[2023-12-09T21:47:16.353+0000] {processor.py:829} INFO - Processing file /opt/airflow/dags/create_star_schema_part_1.py for tasks to queue
[2023-12-09T21:47:16.353+0000] {logging_mixin.py:154} INFO - [2023-12-09T21:47:16.353+0000] {dagbag.py:536} INFO - Filling up the DagBag from /opt/airflow/dags/create_star_schema_part_1.py
[2023-12-09T21:47:16.357+0000] {processor.py:841} WARNING - No viable dags retrieved from /opt/airflow/dags/create_star_schema_part_1.py
[2023-12-09T21:47:16.366+0000] {processor.py:179} INFO - Processing /opt/airflow/dags/create_star_schema_part_1.py took 0.017 seconds
[2023-12-09T21:47:46.867+0000] {processor.py:157} INFO - Started process (PID=1354) to work on /opt/airflow/dags/create_star_schema_part_1.py
[2023-12-09T21:47:46.867+0000] {processor.py:829} INFO - Processing file /opt/airflow/dags/create_star_schema_part_1.py for tasks to queue
[2023-12-09T21:47:46.868+0000] {logging_mixin.py:154} INFO - [2023-12-09T21:47:46.868+0000] {dagbag.py:536} INFO - Filling up the DagBag from /opt/airflow/dags/create_star_schema_part_1.py
[2023-12-09T21:47:46.872+0000] {processor.py:841} WARNING - No viable dags retrieved from /opt/airflow/dags/create_star_schema_part_1.py
[2023-12-09T21:47:46.881+0000] {processor.py:179} INFO - Processing /opt/airflow/dags/create_star_schema_part_1.py took 0.017 seconds
[2023-12-09T21:48:17.312+0000] {processor.py:157} INFO - Started process (PID=1392) to work on /opt/airflow/dags/create_star_schema_part_1.py
[2023-12-09T21:48:17.312+0000] {processor.py:829} INFO - Processing file /opt/airflow/dags/create_star_schema_part_1.py for tasks to queue
[2023-12-09T21:48:17.313+0000] {logging_mixin.py:154} INFO - [2023-12-09T21:48:17.313+0000] {dagbag.py:536} INFO - Filling up the DagBag from /opt/airflow/dags/create_star_schema_part_1.py
[2023-12-09T21:48:17.317+0000] {processor.py:841} WARNING - No viable dags retrieved from /opt/airflow/dags/create_star_schema_part_1.py
[2023-12-09T21:48:17.326+0000] {processor.py:179} INFO - Processing /opt/airflow/dags/create_star_schema_part_1.py took 0.017 seconds
[2023-12-09T21:48:47.810+0000] {processor.py:157} INFO - Started process (PID=1432) to work on /opt/airflow/dags/create_star_schema_part_1.py
[2023-12-09T21:48:47.811+0000] {processor.py:829} INFO - Processing file /opt/airflow/dags/create_star_schema_part_1.py for tasks to queue
[2023-12-09T21:48:47.811+0000] {logging_mixin.py:154} INFO - [2023-12-09T21:48:47.811+0000] {dagbag.py:536} INFO - Filling up the DagBag from /opt/airflow/dags/create_star_schema_part_1.py
[2023-12-09T21:48:47.815+0000] {processor.py:841} WARNING - No viable dags retrieved from /opt/airflow/dags/create_star_schema_part_1.py
[2023-12-09T21:48:47.825+0000] {processor.py:179} INFO - Processing /opt/airflow/dags/create_star_schema_part_1.py took 0.017 seconds
[2023-12-09T21:49:18.272+0000] {processor.py:157} INFO - Started process (PID=1468) to work on /opt/airflow/dags/create_star_schema_part_1.py
[2023-12-09T21:49:18.273+0000] {processor.py:829} INFO - Processing file /opt/airflow/dags/create_star_schema_part_1.py for tasks to queue
[2023-12-09T21:49:18.273+0000] {logging_mixin.py:154} INFO - [2023-12-09T21:49:18.273+0000] {dagbag.py:536} INFO - Filling up the DagBag from /opt/airflow/dags/create_star_schema_part_1.py
[2023-12-09T21:49:18.277+0000] {processor.py:841} WARNING - No viable dags retrieved from /opt/airflow/dags/create_star_schema_part_1.py
[2023-12-09T21:49:18.286+0000] {processor.py:179} INFO - Processing /opt/airflow/dags/create_star_schema_part_1.py took 0.016 seconds
[2023-12-09T21:49:48.775+0000] {processor.py:157} INFO - Started process (PID=1506) to work on /opt/airflow/dags/create_star_schema_part_1.py
[2023-12-09T21:49:48.776+0000] {processor.py:829} INFO - Processing file /opt/airflow/dags/create_star_schema_part_1.py for tasks to queue
[2023-12-09T21:49:48.777+0000] {logging_mixin.py:154} INFO - [2023-12-09T21:49:48.777+0000] {dagbag.py:536} INFO - Filling up the DagBag from /opt/airflow/dags/create_star_schema_part_1.py
[2023-12-09T21:49:48.780+0000] {processor.py:841} WARNING - No viable dags retrieved from /opt/airflow/dags/create_star_schema_part_1.py
[2023-12-09T21:49:48.790+0000] {processor.py:179} INFO - Processing /opt/airflow/dags/create_star_schema_part_1.py took 0.016 seconds
[2023-12-09T21:50:19.253+0000] {processor.py:157} INFO - Started process (PID=1544) to work on /opt/airflow/dags/create_star_schema_part_1.py
[2023-12-09T21:50:19.253+0000] {processor.py:829} INFO - Processing file /opt/airflow/dags/create_star_schema_part_1.py for tasks to queue
[2023-12-09T21:50:19.254+0000] {logging_mixin.py:154} INFO - [2023-12-09T21:50:19.254+0000] {dagbag.py:536} INFO - Filling up the DagBag from /opt/airflow/dags/create_star_schema_part_1.py
[2023-12-09T21:50:19.258+0000] {processor.py:841} WARNING - No viable dags retrieved from /opt/airflow/dags/create_star_schema_part_1.py
[2023-12-09T21:50:19.267+0000] {processor.py:179} INFO - Processing /opt/airflow/dags/create_star_schema_part_1.py took 0.017 seconds
[2023-12-09T21:50:49.675+0000] {processor.py:157} INFO - Started process (PID=1582) to work on /opt/airflow/dags/create_star_schema_part_1.py
[2023-12-09T21:50:49.676+0000] {processor.py:829} INFO - Processing file /opt/airflow/dags/create_star_schema_part_1.py for tasks to queue
[2023-12-09T21:50:49.677+0000] {logging_mixin.py:154} INFO - [2023-12-09T21:50:49.676+0000] {dagbag.py:536} INFO - Filling up the DagBag from /opt/airflow/dags/create_star_schema_part_1.py
[2023-12-09T21:50:49.680+0000] {processor.py:841} WARNING - No viable dags retrieved from /opt/airflow/dags/create_star_schema_part_1.py
[2023-12-09T21:50:49.690+0000] {processor.py:179} INFO - Processing /opt/airflow/dags/create_star_schema_part_1.py took 0.016 seconds
[2023-12-09T21:51:20.182+0000] {processor.py:157} INFO - Started process (PID=1620) to work on /opt/airflow/dags/create_star_schema_part_1.py
[2023-12-09T21:51:20.183+0000] {processor.py:829} INFO - Processing file /opt/airflow/dags/create_star_schema_part_1.py for tasks to queue
[2023-12-09T21:51:20.184+0000] {logging_mixin.py:154} INFO - [2023-12-09T21:51:20.184+0000] {dagbag.py:536} INFO - Filling up the DagBag from /opt/airflow/dags/create_star_schema_part_1.py
[2023-12-09T21:51:20.188+0000] {processor.py:841} WARNING - No viable dags retrieved from /opt/airflow/dags/create_star_schema_part_1.py
[2023-12-09T21:51:20.197+0000] {processor.py:179} INFO - Processing /opt/airflow/dags/create_star_schema_part_1.py took 0.017 seconds
[2023-12-09T21:51:50.684+0000] {processor.py:157} INFO - Started process (PID=1658) to work on /opt/airflow/dags/create_star_schema_part_1.py
[2023-12-09T21:51:50.685+0000] {processor.py:829} INFO - Processing file /opt/airflow/dags/create_star_schema_part_1.py for tasks to queue
[2023-12-09T21:51:50.685+0000] {logging_mixin.py:154} INFO - [2023-12-09T21:51:50.685+0000] {dagbag.py:536} INFO - Filling up the DagBag from /opt/airflow/dags/create_star_schema_part_1.py
[2023-12-09T21:51:50.689+0000] {processor.py:841} WARNING - No viable dags retrieved from /opt/airflow/dags/create_star_schema_part_1.py
[2023-12-09T21:51:50.698+0000] {processor.py:179} INFO - Processing /opt/airflow/dags/create_star_schema_part_1.py took 0.016 seconds
[2023-12-09T21:52:21.176+0000] {processor.py:157} INFO - Started process (PID=1696) to work on /opt/airflow/dags/create_star_schema_part_1.py
[2023-12-09T21:52:21.177+0000] {processor.py:829} INFO - Processing file /opt/airflow/dags/create_star_schema_part_1.py for tasks to queue
[2023-12-09T21:52:21.178+0000] {logging_mixin.py:154} INFO - [2023-12-09T21:52:21.177+0000] {dagbag.py:536} INFO - Filling up the DagBag from /opt/airflow/dags/create_star_schema_part_1.py
[2023-12-09T21:52:21.181+0000] {processor.py:841} WARNING - No viable dags retrieved from /opt/airflow/dags/create_star_schema_part_1.py
[2023-12-09T21:52:21.191+0000] {processor.py:179} INFO - Processing /opt/airflow/dags/create_star_schema_part_1.py took 0.016 seconds
[2023-12-09T21:52:51.618+0000] {processor.py:157} INFO - Started process (PID=1734) to work on /opt/airflow/dags/create_star_schema_part_1.py
[2023-12-09T21:52:51.618+0000] {processor.py:829} INFO - Processing file /opt/airflow/dags/create_star_schema_part_1.py for tasks to queue
[2023-12-09T21:52:51.619+0000] {logging_mixin.py:154} INFO - [2023-12-09T21:52:51.619+0000] {dagbag.py:536} INFO - Filling up the DagBag from /opt/airflow/dags/create_star_schema_part_1.py
[2023-12-09T21:52:51.623+0000] {processor.py:841} WARNING - No viable dags retrieved from /opt/airflow/dags/create_star_schema_part_1.py
[2023-12-09T21:52:51.633+0000] {processor.py:179} INFO - Processing /opt/airflow/dags/create_star_schema_part_1.py took 0.018 seconds
[2023-12-09T21:53:22.079+0000] {processor.py:157} INFO - Started process (PID=1772) to work on /opt/airflow/dags/create_star_schema_part_1.py
[2023-12-09T21:53:22.080+0000] {processor.py:829} INFO - Processing file /opt/airflow/dags/create_star_schema_part_1.py for tasks to queue
[2023-12-09T21:53:22.081+0000] {logging_mixin.py:154} INFO - [2023-12-09T21:53:22.080+0000] {dagbag.py:536} INFO - Filling up the DagBag from /opt/airflow/dags/create_star_schema_part_1.py
[2023-12-09T21:53:22.085+0000] {processor.py:841} WARNING - No viable dags retrieved from /opt/airflow/dags/create_star_schema_part_1.py
[2023-12-09T21:53:22.094+0000] {processor.py:179} INFO - Processing /opt/airflow/dags/create_star_schema_part_1.py took 0.016 seconds
[2023-12-09T21:53:52.620+0000] {processor.py:157} INFO - Started process (PID=1810) to work on /opt/airflow/dags/create_star_schema_part_1.py
[2023-12-09T21:53:52.621+0000] {processor.py:829} INFO - Processing file /opt/airflow/dags/create_star_schema_part_1.py for tasks to queue
[2023-12-09T21:53:52.621+0000] {logging_mixin.py:154} INFO - [2023-12-09T21:53:52.621+0000] {dagbag.py:536} INFO - Filling up the DagBag from /opt/airflow/dags/create_star_schema_part_1.py
[2023-12-09T21:53:52.625+0000] {processor.py:841} WARNING - No viable dags retrieved from /opt/airflow/dags/create_star_schema_part_1.py
[2023-12-09T21:53:52.634+0000] {processor.py:179} INFO - Processing /opt/airflow/dags/create_star_schema_part_1.py took 0.016 seconds
[2023-12-09T21:54:23.097+0000] {processor.py:157} INFO - Started process (PID=1848) to work on /opt/airflow/dags/create_star_schema_part_1.py
[2023-12-09T21:54:23.098+0000] {processor.py:829} INFO - Processing file /opt/airflow/dags/create_star_schema_part_1.py for tasks to queue
[2023-12-09T21:54:23.098+0000] {logging_mixin.py:154} INFO - [2023-12-09T21:54:23.098+0000] {dagbag.py:536} INFO - Filling up the DagBag from /opt/airflow/dags/create_star_schema_part_1.py
[2023-12-09T21:54:23.102+0000] {processor.py:841} WARNING - No viable dags retrieved from /opt/airflow/dags/create_star_schema_part_1.py
[2023-12-09T21:54:23.111+0000] {processor.py:179} INFO - Processing /opt/airflow/dags/create_star_schema_part_1.py took 0.016 seconds
[2023-12-09T21:54:53.546+0000] {processor.py:157} INFO - Started process (PID=1886) to work on /opt/airflow/dags/create_star_schema_part_1.py
[2023-12-09T21:54:53.546+0000] {processor.py:829} INFO - Processing file /opt/airflow/dags/create_star_schema_part_1.py for tasks to queue
[2023-12-09T21:54:53.547+0000] {logging_mixin.py:154} INFO - [2023-12-09T21:54:53.547+0000] {dagbag.py:536} INFO - Filling up the DagBag from /opt/airflow/dags/create_star_schema_part_1.py
[2023-12-09T21:54:53.552+0000] {processor.py:841} WARNING - No viable dags retrieved from /opt/airflow/dags/create_star_schema_part_1.py
[2023-12-09T21:54:53.564+0000] {processor.py:179} INFO - Processing /opt/airflow/dags/create_star_schema_part_1.py took 0.021 seconds
[2023-12-09T21:55:24.023+0000] {processor.py:157} INFO - Started process (PID=1924) to work on /opt/airflow/dags/create_star_schema_part_1.py
[2023-12-09T21:55:24.024+0000] {processor.py:829} INFO - Processing file /opt/airflow/dags/create_star_schema_part_1.py for tasks to queue
[2023-12-09T21:55:24.025+0000] {logging_mixin.py:154} INFO - [2023-12-09T21:55:24.024+0000] {dagbag.py:536} INFO - Filling up the DagBag from /opt/airflow/dags/create_star_schema_part_1.py
[2023-12-09T21:55:24.029+0000] {processor.py:841} WARNING - No viable dags retrieved from /opt/airflow/dags/create_star_schema_part_1.py
[2023-12-09T21:55:24.039+0000] {processor.py:179} INFO - Processing /opt/airflow/dags/create_star_schema_part_1.py took 0.018 seconds
[2023-12-09T21:55:54.486+0000] {processor.py:157} INFO - Started process (PID=1962) to work on /opt/airflow/dags/create_star_schema_part_1.py
[2023-12-09T21:55:54.486+0000] {processor.py:829} INFO - Processing file /opt/airflow/dags/create_star_schema_part_1.py for tasks to queue
[2023-12-09T21:55:54.487+0000] {logging_mixin.py:154} INFO - [2023-12-09T21:55:54.487+0000] {dagbag.py:536} INFO - Filling up the DagBag from /opt/airflow/dags/create_star_schema_part_1.py
[2023-12-09T21:55:54.491+0000] {processor.py:841} WARNING - No viable dags retrieved from /opt/airflow/dags/create_star_schema_part_1.py
[2023-12-09T21:55:54.500+0000] {processor.py:179} INFO - Processing /opt/airflow/dags/create_star_schema_part_1.py took 0.016 seconds
[2023-12-09T21:56:24.908+0000] {processor.py:157} INFO - Started process (PID=2000) to work on /opt/airflow/dags/create_star_schema_part_1.py
[2023-12-09T21:56:24.908+0000] {processor.py:829} INFO - Processing file /opt/airflow/dags/create_star_schema_part_1.py for tasks to queue
[2023-12-09T21:56:24.909+0000] {logging_mixin.py:154} INFO - [2023-12-09T21:56:24.909+0000] {dagbag.py:536} INFO - Filling up the DagBag from /opt/airflow/dags/create_star_schema_part_1.py
[2023-12-09T21:56:24.912+0000] {processor.py:841} WARNING - No viable dags retrieved from /opt/airflow/dags/create_star_schema_part_1.py
[2023-12-09T21:56:24.922+0000] {processor.py:179} INFO - Processing /opt/airflow/dags/create_star_schema_part_1.py took 0.016 seconds
[2023-12-09T21:56:55.384+0000] {processor.py:157} INFO - Started process (PID=2038) to work on /opt/airflow/dags/create_star_schema_part_1.py
[2023-12-09T21:56:55.385+0000] {processor.py:829} INFO - Processing file /opt/airflow/dags/create_star_schema_part_1.py for tasks to queue
[2023-12-09T21:56:55.385+0000] {logging_mixin.py:154} INFO - [2023-12-09T21:56:55.385+0000] {dagbag.py:536} INFO - Filling up the DagBag from /opt/airflow/dags/create_star_schema_part_1.py
[2023-12-09T21:56:55.389+0000] {processor.py:841} WARNING - No viable dags retrieved from /opt/airflow/dags/create_star_schema_part_1.py
[2023-12-09T21:56:55.398+0000] {processor.py:179} INFO - Processing /opt/airflow/dags/create_star_schema_part_1.py took 0.016 seconds
[2023-12-09T21:57:25.799+0000] {processor.py:157} INFO - Started process (PID=2078) to work on /opt/airflow/dags/create_star_schema_part_1.py
[2023-12-09T21:57:25.799+0000] {processor.py:829} INFO - Processing file /opt/airflow/dags/create_star_schema_part_1.py for tasks to queue
[2023-12-09T21:57:25.800+0000] {logging_mixin.py:154} INFO - [2023-12-09T21:57:25.800+0000] {dagbag.py:536} INFO - Filling up the DagBag from /opt/airflow/dags/create_star_schema_part_1.py
[2023-12-09T21:57:25.806+0000] {processor.py:841} WARNING - No viable dags retrieved from /opt/airflow/dags/create_star_schema_part_1.py
[2023-12-09T21:57:25.815+0000] {processor.py:179} INFO - Processing /opt/airflow/dags/create_star_schema_part_1.py took 0.018 seconds
[2023-12-09T21:57:56.279+0000] {processor.py:157} INFO - Started process (PID=2114) to work on /opt/airflow/dags/create_star_schema_part_1.py
[2023-12-09T21:57:56.280+0000] {processor.py:829} INFO - Processing file /opt/airflow/dags/create_star_schema_part_1.py for tasks to queue
[2023-12-09T21:57:56.280+0000] {logging_mixin.py:154} INFO - [2023-12-09T21:57:56.280+0000] {dagbag.py:536} INFO - Filling up the DagBag from /opt/airflow/dags/create_star_schema_part_1.py
[2023-12-09T21:57:56.284+0000] {processor.py:841} WARNING - No viable dags retrieved from /opt/airflow/dags/create_star_schema_part_1.py
[2023-12-09T21:57:56.294+0000] {processor.py:179} INFO - Processing /opt/airflow/dags/create_star_schema_part_1.py took 0.017 seconds
[2023-12-09T21:58:26.693+0000] {processor.py:157} INFO - Started process (PID=2154) to work on /opt/airflow/dags/create_star_schema_part_1.py
[2023-12-09T21:58:26.694+0000] {processor.py:829} INFO - Processing file /opt/airflow/dags/create_star_schema_part_1.py for tasks to queue
[2023-12-09T21:58:26.694+0000] {logging_mixin.py:154} INFO - [2023-12-09T21:58:26.694+0000] {dagbag.py:536} INFO - Filling up the DagBag from /opt/airflow/dags/create_star_schema_part_1.py
[2023-12-09T21:58:26.698+0000] {processor.py:841} WARNING - No viable dags retrieved from /opt/airflow/dags/create_star_schema_part_1.py
[2023-12-09T21:58:26.707+0000] {processor.py:179} INFO - Processing /opt/airflow/dags/create_star_schema_part_1.py took 0.016 seconds
[2023-12-09T21:58:57.169+0000] {processor.py:157} INFO - Started process (PID=2190) to work on /opt/airflow/dags/create_star_schema_part_1.py
[2023-12-09T21:58:57.169+0000] {processor.py:829} INFO - Processing file /opt/airflow/dags/create_star_schema_part_1.py for tasks to queue
[2023-12-09T21:58:57.170+0000] {logging_mixin.py:154} INFO - [2023-12-09T21:58:57.170+0000] {dagbag.py:536} INFO - Filling up the DagBag from /opt/airflow/dags/create_star_schema_part_1.py
[2023-12-09T21:58:57.174+0000] {processor.py:841} WARNING - No viable dags retrieved from /opt/airflow/dags/create_star_schema_part_1.py
[2023-12-09T21:58:57.183+0000] {processor.py:179} INFO - Processing /opt/airflow/dags/create_star_schema_part_1.py took 0.016 seconds
[2023-12-09T21:59:27.663+0000] {processor.py:157} INFO - Started process (PID=2228) to work on /opt/airflow/dags/create_star_schema_part_1.py
[2023-12-09T21:59:27.664+0000] {processor.py:829} INFO - Processing file /opt/airflow/dags/create_star_schema_part_1.py for tasks to queue
[2023-12-09T21:59:27.664+0000] {logging_mixin.py:154} INFO - [2023-12-09T21:59:27.664+0000] {dagbag.py:536} INFO - Filling up the DagBag from /opt/airflow/dags/create_star_schema_part_1.py
[2023-12-09T21:59:27.668+0000] {processor.py:841} WARNING - No viable dags retrieved from /opt/airflow/dags/create_star_schema_part_1.py
[2023-12-09T21:59:27.677+0000] {processor.py:179} INFO - Processing /opt/airflow/dags/create_star_schema_part_1.py took 0.016 seconds
[2023-12-09T21:59:58.070+0000] {processor.py:157} INFO - Started process (PID=2266) to work on /opt/airflow/dags/create_star_schema_part_1.py
[2023-12-09T21:59:58.071+0000] {processor.py:829} INFO - Processing file /opt/airflow/dags/create_star_schema_part_1.py for tasks to queue
[2023-12-09T21:59:58.071+0000] {logging_mixin.py:154} INFO - [2023-12-09T21:59:58.071+0000] {dagbag.py:536} INFO - Filling up the DagBag from /opt/airflow/dags/create_star_schema_part_1.py
[2023-12-09T21:59:58.075+0000] {processor.py:841} WARNING - No viable dags retrieved from /opt/airflow/dags/create_star_schema_part_1.py
[2023-12-09T21:59:58.084+0000] {processor.py:179} INFO - Processing /opt/airflow/dags/create_star_schema_part_1.py took 0.016 seconds
[2023-12-09T22:00:28.480+0000] {processor.py:157} INFO - Started process (PID=2304) to work on /opt/airflow/dags/create_star_schema_part_1.py
[2023-12-09T22:00:28.480+0000] {processor.py:829} INFO - Processing file /opt/airflow/dags/create_star_schema_part_1.py for tasks to queue
[2023-12-09T22:00:28.481+0000] {logging_mixin.py:154} INFO - [2023-12-09T22:00:28.481+0000] {dagbag.py:536} INFO - Filling up the DagBag from /opt/airflow/dags/create_star_schema_part_1.py
[2023-12-09T22:00:28.485+0000] {processor.py:841} WARNING - No viable dags retrieved from /opt/airflow/dags/create_star_schema_part_1.py
[2023-12-09T22:00:28.496+0000] {processor.py:179} INFO - Processing /opt/airflow/dags/create_star_schema_part_1.py took 0.018 seconds
[2023-12-09T22:00:58.957+0000] {processor.py:157} INFO - Started process (PID=2342) to work on /opt/airflow/dags/create_star_schema_part_1.py
[2023-12-09T22:00:58.957+0000] {processor.py:829} INFO - Processing file /opt/airflow/dags/create_star_schema_part_1.py for tasks to queue
[2023-12-09T22:00:58.958+0000] {logging_mixin.py:154} INFO - [2023-12-09T22:00:58.958+0000] {dagbag.py:536} INFO - Filling up the DagBag from /opt/airflow/dags/create_star_schema_part_1.py
[2023-12-09T22:00:58.962+0000] {processor.py:841} WARNING - No viable dags retrieved from /opt/airflow/dags/create_star_schema_part_1.py
[2023-12-09T22:00:58.972+0000] {processor.py:179} INFO - Processing /opt/airflow/dags/create_star_schema_part_1.py took 0.017 seconds
[2023-12-09T22:01:29.384+0000] {processor.py:157} INFO - Started process (PID=2380) to work on /opt/airflow/dags/create_star_schema_part_1.py
[2023-12-09T22:01:29.385+0000] {processor.py:829} INFO - Processing file /opt/airflow/dags/create_star_schema_part_1.py for tasks to queue
[2023-12-09T22:01:29.385+0000] {logging_mixin.py:154} INFO - [2023-12-09T22:01:29.385+0000] {dagbag.py:536} INFO - Filling up the DagBag from /opt/airflow/dags/create_star_schema_part_1.py
[2023-12-09T22:01:29.389+0000] {processor.py:841} WARNING - No viable dags retrieved from /opt/airflow/dags/create_star_schema_part_1.py
[2023-12-09T22:01:29.399+0000] {processor.py:179} INFO - Processing /opt/airflow/dags/create_star_schema_part_1.py took 0.017 seconds
[2023-12-09T22:01:59.823+0000] {processor.py:157} INFO - Started process (PID=2418) to work on /opt/airflow/dags/create_star_schema_part_1.py
[2023-12-09T22:01:59.824+0000] {processor.py:829} INFO - Processing file /opt/airflow/dags/create_star_schema_part_1.py for tasks to queue
[2023-12-09T22:01:59.824+0000] {logging_mixin.py:154} INFO - [2023-12-09T22:01:59.824+0000] {dagbag.py:536} INFO - Filling up the DagBag from /opt/airflow/dags/create_star_schema_part_1.py
[2023-12-09T22:01:59.828+0000] {processor.py:841} WARNING - No viable dags retrieved from /opt/airflow/dags/create_star_schema_part_1.py
[2023-12-09T22:01:59.839+0000] {processor.py:179} INFO - Processing /opt/airflow/dags/create_star_schema_part_1.py took 0.018 seconds
[2023-12-09T22:02:30.280+0000] {processor.py:157} INFO - Started process (PID=2463) to work on /opt/airflow/dags/create_star_schema_part_1.py
[2023-12-09T22:02:30.280+0000] {processor.py:829} INFO - Processing file /opt/airflow/dags/create_star_schema_part_1.py for tasks to queue
[2023-12-09T22:02:30.281+0000] {logging_mixin.py:154} INFO - [2023-12-09T22:02:30.281+0000] {dagbag.py:536} INFO - Filling up the DagBag from /opt/airflow/dags/create_star_schema_part_1.py
[2023-12-09T22:02:30.285+0000] {processor.py:841} WARNING - No viable dags retrieved from /opt/airflow/dags/create_star_schema_part_1.py
[2023-12-09T22:02:30.294+0000] {processor.py:179} INFO - Processing /opt/airflow/dags/create_star_schema_part_1.py took 0.017 seconds
[2023-12-09T22:03:00.866+0000] {processor.py:157} INFO - Started process (PID=2501) to work on /opt/airflow/dags/create_star_schema_part_1.py
[2023-12-09T22:03:00.867+0000] {processor.py:829} INFO - Processing file /opt/airflow/dags/create_star_schema_part_1.py for tasks to queue
[2023-12-09T22:03:00.867+0000] {logging_mixin.py:154} INFO - [2023-12-09T22:03:00.867+0000] {dagbag.py:536} INFO - Filling up the DagBag from /opt/airflow/dags/create_star_schema_part_1.py
[2023-12-09T22:03:00.871+0000] {processor.py:841} WARNING - No viable dags retrieved from /opt/airflow/dags/create_star_schema_part_1.py
[2023-12-09T22:03:00.880+0000] {processor.py:179} INFO - Processing /opt/airflow/dags/create_star_schema_part_1.py took 0.016 seconds
[2023-12-09T22:03:31.287+0000] {processor.py:157} INFO - Started process (PID=2541) to work on /opt/airflow/dags/create_star_schema_part_1.py
[2023-12-09T22:03:31.287+0000] {processor.py:829} INFO - Processing file /opt/airflow/dags/create_star_schema_part_1.py for tasks to queue
[2023-12-09T22:03:31.288+0000] {logging_mixin.py:154} INFO - [2023-12-09T22:03:31.288+0000] {dagbag.py:536} INFO - Filling up the DagBag from /opt/airflow/dags/create_star_schema_part_1.py
[2023-12-09T22:03:31.292+0000] {processor.py:841} WARNING - No viable dags retrieved from /opt/airflow/dags/create_star_schema_part_1.py
[2023-12-09T22:03:31.301+0000] {processor.py:179} INFO - Processing /opt/airflow/dags/create_star_schema_part_1.py took 0.016 seconds
[2023-12-09T22:04:01.733+0000] {processor.py:157} INFO - Started process (PID=2577) to work on /opt/airflow/dags/create_star_schema_part_1.py
[2023-12-09T22:04:01.734+0000] {processor.py:829} INFO - Processing file /opt/airflow/dags/create_star_schema_part_1.py for tasks to queue
[2023-12-09T22:04:01.734+0000] {logging_mixin.py:154} INFO - [2023-12-09T22:04:01.734+0000] {dagbag.py:536} INFO - Filling up the DagBag from /opt/airflow/dags/create_star_schema_part_1.py
[2023-12-09T22:04:01.738+0000] {processor.py:841} WARNING - No viable dags retrieved from /opt/airflow/dags/create_star_schema_part_1.py
[2023-12-09T22:04:01.748+0000] {processor.py:179} INFO - Processing /opt/airflow/dags/create_star_schema_part_1.py took 0.017 seconds
[2023-12-09T22:04:32.210+0000] {processor.py:157} INFO - Started process (PID=2615) to work on /opt/airflow/dags/create_star_schema_part_1.py
[2023-12-09T22:04:32.211+0000] {processor.py:829} INFO - Processing file /opt/airflow/dags/create_star_schema_part_1.py for tasks to queue
[2023-12-09T22:04:32.211+0000] {logging_mixin.py:154} INFO - [2023-12-09T22:04:32.211+0000] {dagbag.py:536} INFO - Filling up the DagBag from /opt/airflow/dags/create_star_schema_part_1.py
[2023-12-09T22:04:32.215+0000] {processor.py:841} WARNING - No viable dags retrieved from /opt/airflow/dags/create_star_schema_part_1.py
[2023-12-09T22:04:32.225+0000] {processor.py:179} INFO - Processing /opt/airflow/dags/create_star_schema_part_1.py took 0.016 seconds
[2023-12-09T22:05:02.636+0000] {processor.py:157} INFO - Started process (PID=2653) to work on /opt/airflow/dags/create_star_schema_part_1.py
[2023-12-09T22:05:02.637+0000] {processor.py:829} INFO - Processing file /opt/airflow/dags/create_star_schema_part_1.py for tasks to queue
[2023-12-09T22:05:02.637+0000] {logging_mixin.py:154} INFO - [2023-12-09T22:05:02.637+0000] {dagbag.py:536} INFO - Filling up the DagBag from /opt/airflow/dags/create_star_schema_part_1.py
[2023-12-09T22:05:02.641+0000] {processor.py:841} WARNING - No viable dags retrieved from /opt/airflow/dags/create_star_schema_part_1.py
[2023-12-09T22:05:02.651+0000] {processor.py:179} INFO - Processing /opt/airflow/dags/create_star_schema_part_1.py took 0.017 seconds
[2023-12-09T22:05:33.102+0000] {processor.py:157} INFO - Started process (PID=2691) to work on /opt/airflow/dags/create_star_schema_part_1.py
[2023-12-09T22:05:33.103+0000] {processor.py:829} INFO - Processing file /opt/airflow/dags/create_star_schema_part_1.py for tasks to queue
[2023-12-09T22:05:33.103+0000] {logging_mixin.py:154} INFO - [2023-12-09T22:05:33.103+0000] {dagbag.py:536} INFO - Filling up the DagBag from /opt/airflow/dags/create_star_schema_part_1.py
[2023-12-09T22:05:33.107+0000] {processor.py:841} WARNING - No viable dags retrieved from /opt/airflow/dags/create_star_schema_part_1.py
[2023-12-09T22:05:33.117+0000] {processor.py:179} INFO - Processing /opt/airflow/dags/create_star_schema_part_1.py took 0.018 seconds
[2023-12-09T22:06:03.563+0000] {processor.py:157} INFO - Started process (PID=2729) to work on /opt/airflow/dags/create_star_schema_part_1.py
[2023-12-09T22:06:03.564+0000] {processor.py:829} INFO - Processing file /opt/airflow/dags/create_star_schema_part_1.py for tasks to queue
[2023-12-09T22:06:03.566+0000] {logging_mixin.py:154} INFO - [2023-12-09T22:06:03.566+0000] {dagbag.py:536} INFO - Filling up the DagBag from /opt/airflow/dags/create_star_schema_part_1.py
[2023-12-09T22:06:03.574+0000] {processor.py:841} WARNING - No viable dags retrieved from /opt/airflow/dags/create_star_schema_part_1.py
[2023-12-09T22:06:03.587+0000] {processor.py:179} INFO - Processing /opt/airflow/dags/create_star_schema_part_1.py took 0.026 seconds
[2023-12-09T22:06:33.649+0000] {processor.py:157} INFO - Started process (PID=2767) to work on /opt/airflow/dags/create_star_schema_part_1.py
[2023-12-09T22:06:33.650+0000] {processor.py:829} INFO - Processing file /opt/airflow/dags/create_star_schema_part_1.py for tasks to queue
[2023-12-09T22:06:33.650+0000] {logging_mixin.py:154} INFO - [2023-12-09T22:06:33.650+0000] {dagbag.py:536} INFO - Filling up the DagBag from /opt/airflow/dags/create_star_schema_part_1.py
[2023-12-09T22:06:33.654+0000] {processor.py:841} WARNING - No viable dags retrieved from /opt/airflow/dags/create_star_schema_part_1.py
[2023-12-09T22:06:33.666+0000] {processor.py:179} INFO - Processing /opt/airflow/dags/create_star_schema_part_1.py took 0.020 seconds
[2023-12-09T22:07:04.075+0000] {processor.py:157} INFO - Started process (PID=2805) to work on /opt/airflow/dags/create_star_schema_part_1.py
[2023-12-09T22:07:04.076+0000] {processor.py:829} INFO - Processing file /opt/airflow/dags/create_star_schema_part_1.py for tasks to queue
[2023-12-09T22:07:04.076+0000] {logging_mixin.py:154} INFO - [2023-12-09T22:07:04.076+0000] {dagbag.py:536} INFO - Filling up the DagBag from /opt/airflow/dags/create_star_schema_part_1.py
[2023-12-09T22:07:04.080+0000] {processor.py:841} WARNING - No viable dags retrieved from /opt/airflow/dags/create_star_schema_part_1.py
[2023-12-09T22:07:04.089+0000] {processor.py:179} INFO - Processing /opt/airflow/dags/create_star_schema_part_1.py took 0.017 seconds
[2023-12-09T22:07:34.548+0000] {processor.py:157} INFO - Started process (PID=2843) to work on /opt/airflow/dags/create_star_schema_part_1.py
[2023-12-09T22:07:34.548+0000] {processor.py:829} INFO - Processing file /opt/airflow/dags/create_star_schema_part_1.py for tasks to queue
[2023-12-09T22:07:34.549+0000] {logging_mixin.py:154} INFO - [2023-12-09T22:07:34.549+0000] {dagbag.py:536} INFO - Filling up the DagBag from /opt/airflow/dags/create_star_schema_part_1.py
[2023-12-09T22:07:34.553+0000] {processor.py:841} WARNING - No viable dags retrieved from /opt/airflow/dags/create_star_schema_part_1.py
[2023-12-09T22:07:34.562+0000] {processor.py:179} INFO - Processing /opt/airflow/dags/create_star_schema_part_1.py took 0.017 seconds
[2023-12-09T22:08:05.042+0000] {processor.py:157} INFO - Started process (PID=2881) to work on /opt/airflow/dags/create_star_schema_part_1.py
[2023-12-09T22:08:05.042+0000] {processor.py:829} INFO - Processing file /opt/airflow/dags/create_star_schema_part_1.py for tasks to queue
[2023-12-09T22:08:05.043+0000] {logging_mixin.py:154} INFO - [2023-12-09T22:08:05.043+0000] {dagbag.py:536} INFO - Filling up the DagBag from /opt/airflow/dags/create_star_schema_part_1.py
[2023-12-09T22:08:05.047+0000] {processor.py:841} WARNING - No viable dags retrieved from /opt/airflow/dags/create_star_schema_part_1.py
[2023-12-09T22:08:05.056+0000] {processor.py:179} INFO - Processing /opt/airflow/dags/create_star_schema_part_1.py took 0.016 seconds
