[2023-12-09T21:32:34.510+0000] {processor.py:157} INFO - Started process (PID=187) to work on /opt/airflow/dags/create_star_schema_part_2.py
[2023-12-09T21:32:34.511+0000] {processor.py:829} INFO - Processing file /opt/airflow/dags/create_star_schema_part_2.py for tasks to queue
[2023-12-09T21:32:34.511+0000] {logging_mixin.py:154} INFO - [2023-12-09T21:32:34.511+0000] {dagbag.py:536} INFO - Filling up the DagBag from /opt/airflow/dags/create_star_schema_part_2.py
[2023-12-09T21:32:34.521+0000] {processor.py:841} WARNING - No viable dags retrieved from /opt/airflow/dags/create_star_schema_part_2.py
[2023-12-09T21:32:34.544+0000] {processor.py:179} INFO - Processing /opt/airflow/dags/create_star_schema_part_2.py took 0.037 seconds
[2023-12-09T21:33:04.846+0000] {processor.py:157} INFO - Started process (PID=219) to work on /opt/airflow/dags/create_star_schema_part_2.py
[2023-12-09T21:33:04.847+0000] {processor.py:829} INFO - Processing file /opt/airflow/dags/create_star_schema_part_2.py for tasks to queue
[2023-12-09T21:33:04.848+0000] {logging_mixin.py:154} INFO - [2023-12-09T21:33:04.847+0000] {dagbag.py:536} INFO - Filling up the DagBag from /opt/airflow/dags/create_star_schema_part_2.py
[2023-12-09T21:33:04.853+0000] {processor.py:841} WARNING - No viable dags retrieved from /opt/airflow/dags/create_star_schema_part_2.py
[2023-12-09T21:33:04.863+0000] {processor.py:179} INFO - Processing /opt/airflow/dags/create_star_schema_part_2.py took 0.019 seconds
[2023-12-09T21:33:35.202+0000] {processor.py:157} INFO - Started process (PID=259) to work on /opt/airflow/dags/create_star_schema_part_2.py
[2023-12-09T21:33:35.203+0000] {processor.py:829} INFO - Processing file /opt/airflow/dags/create_star_schema_part_2.py for tasks to queue
[2023-12-09T21:33:35.204+0000] {logging_mixin.py:154} INFO - [2023-12-09T21:33:35.204+0000] {dagbag.py:536} INFO - Filling up the DagBag from /opt/airflow/dags/create_star_schema_part_2.py
[2023-12-09T21:33:35.209+0000] {processor.py:841} WARNING - No viable dags retrieved from /opt/airflow/dags/create_star_schema_part_2.py
[2023-12-09T21:33:35.221+0000] {processor.py:179} INFO - Processing /opt/airflow/dags/create_star_schema_part_2.py took 0.021 seconds
[2023-12-09T21:34:05.578+0000] {processor.py:157} INFO - Started process (PID=297) to work on /opt/airflow/dags/create_star_schema_part_2.py
[2023-12-09T21:34:05.579+0000] {processor.py:829} INFO - Processing file /opt/airflow/dags/create_star_schema_part_2.py for tasks to queue
[2023-12-09T21:34:05.580+0000] {logging_mixin.py:154} INFO - [2023-12-09T21:34:05.580+0000] {dagbag.py:536} INFO - Filling up the DagBag from /opt/airflow/dags/create_star_schema_part_2.py
[2023-12-09T21:34:05.584+0000] {processor.py:841} WARNING - No viable dags retrieved from /opt/airflow/dags/create_star_schema_part_2.py
[2023-12-09T21:34:05.595+0000] {processor.py:179} INFO - Processing /opt/airflow/dags/create_star_schema_part_2.py took 0.019 seconds
[2023-12-09T21:34:35.980+0000] {processor.py:157} INFO - Started process (PID=335) to work on /opt/airflow/dags/create_star_schema_part_2.py
[2023-12-09T21:34:35.980+0000] {processor.py:829} INFO - Processing file /opt/airflow/dags/create_star_schema_part_2.py for tasks to queue
[2023-12-09T21:34:35.981+0000] {logging_mixin.py:154} INFO - [2023-12-09T21:34:35.981+0000] {dagbag.py:536} INFO - Filling up the DagBag from /opt/airflow/dags/create_star_schema_part_2.py
[2023-12-09T21:34:35.985+0000] {processor.py:841} WARNING - No viable dags retrieved from /opt/airflow/dags/create_star_schema_part_2.py
[2023-12-09T21:34:35.996+0000] {processor.py:179} INFO - Processing /opt/airflow/dags/create_star_schema_part_2.py took 0.019 seconds
[2023-12-09T21:35:06.389+0000] {processor.py:157} INFO - Started process (PID=373) to work on /opt/airflow/dags/create_star_schema_part_2.py
[2023-12-09T21:35:06.390+0000] {processor.py:829} INFO - Processing file /opt/airflow/dags/create_star_schema_part_2.py for tasks to queue
[2023-12-09T21:35:06.391+0000] {logging_mixin.py:154} INFO - [2023-12-09T21:35:06.391+0000] {dagbag.py:536} INFO - Filling up the DagBag from /opt/airflow/dags/create_star_schema_part_2.py
[2023-12-09T21:35:06.395+0000] {processor.py:841} WARNING - No viable dags retrieved from /opt/airflow/dags/create_star_schema_part_2.py
[2023-12-09T21:35:06.407+0000] {processor.py:179} INFO - Processing /opt/airflow/dags/create_star_schema_part_2.py took 0.020 seconds
[2023-12-09T21:35:36.770+0000] {processor.py:157} INFO - Started process (PID=411) to work on /opt/airflow/dags/create_star_schema_part_2.py
[2023-12-09T21:35:36.771+0000] {processor.py:829} INFO - Processing file /opt/airflow/dags/create_star_schema_part_2.py for tasks to queue
[2023-12-09T21:35:36.772+0000] {logging_mixin.py:154} INFO - [2023-12-09T21:35:36.772+0000] {dagbag.py:536} INFO - Filling up the DagBag from /opt/airflow/dags/create_star_schema_part_2.py
[2023-12-09T21:35:36.776+0000] {processor.py:841} WARNING - No viable dags retrieved from /opt/airflow/dags/create_star_schema_part_2.py
[2023-12-09T21:35:36.788+0000] {processor.py:179} INFO - Processing /opt/airflow/dags/create_star_schema_part_2.py took 0.021 seconds
[2023-12-09T21:36:07.162+0000] {processor.py:157} INFO - Started process (PID=449) to work on /opt/airflow/dags/create_star_schema_part_2.py
[2023-12-09T21:36:07.163+0000] {processor.py:829} INFO - Processing file /opt/airflow/dags/create_star_schema_part_2.py for tasks to queue
[2023-12-09T21:36:07.164+0000] {logging_mixin.py:154} INFO - [2023-12-09T21:36:07.163+0000] {dagbag.py:536} INFO - Filling up the DagBag from /opt/airflow/dags/create_star_schema_part_2.py
[2023-12-09T21:36:07.168+0000] {processor.py:841} WARNING - No viable dags retrieved from /opt/airflow/dags/create_star_schema_part_2.py
[2023-12-09T21:36:07.177+0000] {processor.py:179} INFO - Processing /opt/airflow/dags/create_star_schema_part_2.py took 0.017 seconds
[2023-12-09T21:36:37.587+0000] {processor.py:157} INFO - Started process (PID=487) to work on /opt/airflow/dags/create_star_schema_part_2.py
[2023-12-09T21:36:37.588+0000] {processor.py:829} INFO - Processing file /opt/airflow/dags/create_star_schema_part_2.py for tasks to queue
[2023-12-09T21:36:37.589+0000] {logging_mixin.py:154} INFO - [2023-12-09T21:36:37.588+0000] {dagbag.py:536} INFO - Filling up the DagBag from /opt/airflow/dags/create_star_schema_part_2.py
[2023-12-09T21:36:37.593+0000] {processor.py:841} WARNING - No viable dags retrieved from /opt/airflow/dags/create_star_schema_part_2.py
[2023-12-09T21:36:37.603+0000] {processor.py:179} INFO - Processing /opt/airflow/dags/create_star_schema_part_2.py took 0.017 seconds
[2023-12-09T21:37:07.936+0000] {processor.py:157} INFO - Started process (PID=534) to work on /opt/airflow/dags/create_star_schema_part_2.py
[2023-12-09T21:37:07.937+0000] {processor.py:829} INFO - Processing file /opt/airflow/dags/create_star_schema_part_2.py for tasks to queue
[2023-12-09T21:37:07.937+0000] {logging_mixin.py:154} INFO - [2023-12-09T21:37:07.937+0000] {dagbag.py:536} INFO - Filling up the DagBag from /opt/airflow/dags/create_star_schema_part_2.py
[2023-12-09T21:37:07.942+0000] {processor.py:841} WARNING - No viable dags retrieved from /opt/airflow/dags/create_star_schema_part_2.py
[2023-12-09T21:37:07.951+0000] {processor.py:179} INFO - Processing /opt/airflow/dags/create_star_schema_part_2.py took 0.017 seconds
[2023-12-09T21:37:38.272+0000] {processor.py:157} INFO - Started process (PID=572) to work on /opt/airflow/dags/create_star_schema_part_2.py
[2023-12-09T21:37:38.273+0000] {processor.py:829} INFO - Processing file /opt/airflow/dags/create_star_schema_part_2.py for tasks to queue
[2023-12-09T21:37:38.274+0000] {logging_mixin.py:154} INFO - [2023-12-09T21:37:38.274+0000] {dagbag.py:536} INFO - Filling up the DagBag from /opt/airflow/dags/create_star_schema_part_2.py
[2023-12-09T21:37:38.278+0000] {processor.py:841} WARNING - No viable dags retrieved from /opt/airflow/dags/create_star_schema_part_2.py
[2023-12-09T21:37:38.289+0000] {processor.py:179} INFO - Processing /opt/airflow/dags/create_star_schema_part_2.py took 0.019 seconds
[2023-12-09T21:38:08.635+0000] {processor.py:157} INFO - Started process (PID=616) to work on /opt/airflow/dags/create_star_schema_part_2.py
[2023-12-09T21:38:08.636+0000] {processor.py:829} INFO - Processing file /opt/airflow/dags/create_star_schema_part_2.py for tasks to queue
[2023-12-09T21:38:08.636+0000] {logging_mixin.py:154} INFO - [2023-12-09T21:38:08.636+0000] {dagbag.py:536} INFO - Filling up the DagBag from /opt/airflow/dags/create_star_schema_part_2.py
[2023-12-09T21:38:08.642+0000] {processor.py:841} WARNING - No viable dags retrieved from /opt/airflow/dags/create_star_schema_part_2.py
[2023-12-09T21:38:08.652+0000] {processor.py:179} INFO - Processing /opt/airflow/dags/create_star_schema_part_2.py took 0.019 seconds
[2023-12-09T21:38:39.068+0000] {processor.py:157} INFO - Started process (PID=654) to work on /opt/airflow/dags/create_star_schema_part_2.py
[2023-12-09T21:38:39.069+0000] {processor.py:829} INFO - Processing file /opt/airflow/dags/create_star_schema_part_2.py for tasks to queue
[2023-12-09T21:38:39.069+0000] {logging_mixin.py:154} INFO - [2023-12-09T21:38:39.069+0000] {dagbag.py:536} INFO - Filling up the DagBag from /opt/airflow/dags/create_star_schema_part_2.py
[2023-12-09T21:38:39.073+0000] {processor.py:841} WARNING - No viable dags retrieved from /opt/airflow/dags/create_star_schema_part_2.py
[2023-12-09T21:38:39.083+0000] {processor.py:179} INFO - Processing /opt/airflow/dags/create_star_schema_part_2.py took 0.018 seconds
[2023-12-09T21:39:09.506+0000] {processor.py:157} INFO - Started process (PID=698) to work on /opt/airflow/dags/create_star_schema_part_2.py
[2023-12-09T21:39:09.507+0000] {processor.py:829} INFO - Processing file /opt/airflow/dags/create_star_schema_part_2.py for tasks to queue
[2023-12-09T21:39:09.507+0000] {logging_mixin.py:154} INFO - [2023-12-09T21:39:09.507+0000] {dagbag.py:536} INFO - Filling up the DagBag from /opt/airflow/dags/create_star_schema_part_2.py
[2023-12-09T21:39:09.512+0000] {processor.py:841} WARNING - No viable dags retrieved from /opt/airflow/dags/create_star_schema_part_2.py
[2023-12-09T21:39:09.522+0000] {processor.py:179} INFO - Processing /opt/airflow/dags/create_star_schema_part_2.py took 0.018 seconds
[2023-12-09T21:39:39.880+0000] {processor.py:157} INFO - Started process (PID=736) to work on /opt/airflow/dags/create_star_schema_part_2.py
[2023-12-09T21:39:39.881+0000] {processor.py:829} INFO - Processing file /opt/airflow/dags/create_star_schema_part_2.py for tasks to queue
[2023-12-09T21:39:39.881+0000] {logging_mixin.py:154} INFO - [2023-12-09T21:39:39.881+0000] {dagbag.py:536} INFO - Filling up the DagBag from /opt/airflow/dags/create_star_schema_part_2.py
[2023-12-09T21:39:39.886+0000] {processor.py:841} WARNING - No viable dags retrieved from /opt/airflow/dags/create_star_schema_part_2.py
[2023-12-09T21:39:39.896+0000] {processor.py:179} INFO - Processing /opt/airflow/dags/create_star_schema_part_2.py took 0.018 seconds
[2023-12-09T21:40:10.248+0000] {processor.py:157} INFO - Started process (PID=777) to work on /opt/airflow/dags/create_star_schema_part_2.py
[2023-12-09T21:40:10.249+0000] {processor.py:829} INFO - Processing file /opt/airflow/dags/create_star_schema_part_2.py for tasks to queue
[2023-12-09T21:40:10.249+0000] {logging_mixin.py:154} INFO - [2023-12-09T21:40:10.249+0000] {dagbag.py:536} INFO - Filling up the DagBag from /opt/airflow/dags/create_star_schema_part_2.py
[2023-12-09T21:40:10.254+0000] {processor.py:841} WARNING - No viable dags retrieved from /opt/airflow/dags/create_star_schema_part_2.py
[2023-12-09T21:40:10.263+0000] {processor.py:179} INFO - Processing /opt/airflow/dags/create_star_schema_part_2.py took 0.017 seconds
[2023-12-09T21:40:40.622+0000] {processor.py:157} INFO - Started process (PID=815) to work on /opt/airflow/dags/create_star_schema_part_2.py
[2023-12-09T21:40:40.623+0000] {processor.py:829} INFO - Processing file /opt/airflow/dags/create_star_schema_part_2.py for tasks to queue
[2023-12-09T21:40:40.623+0000] {logging_mixin.py:154} INFO - [2023-12-09T21:40:40.623+0000] {dagbag.py:536} INFO - Filling up the DagBag from /opt/airflow/dags/create_star_schema_part_2.py
[2023-12-09T21:40:40.628+0000] {processor.py:841} WARNING - No viable dags retrieved from /opt/airflow/dags/create_star_schema_part_2.py
[2023-12-09T21:40:40.637+0000] {processor.py:179} INFO - Processing /opt/airflow/dags/create_star_schema_part_2.py took 0.017 seconds
[2023-12-09T21:41:11.024+0000] {processor.py:157} INFO - Started process (PID=856) to work on /opt/airflow/dags/create_star_schema_part_2.py
[2023-12-09T21:41:11.025+0000] {processor.py:829} INFO - Processing file /opt/airflow/dags/create_star_schema_part_2.py for tasks to queue
[2023-12-09T21:41:11.025+0000] {logging_mixin.py:154} INFO - [2023-12-09T21:41:11.025+0000] {dagbag.py:536} INFO - Filling up the DagBag from /opt/airflow/dags/create_star_schema_part_2.py
[2023-12-09T21:41:11.030+0000] {processor.py:841} WARNING - No viable dags retrieved from /opt/airflow/dags/create_star_schema_part_2.py
[2023-12-09T21:41:11.040+0000] {processor.py:179} INFO - Processing /opt/airflow/dags/create_star_schema_part_2.py took 0.018 seconds
[2023-12-09T21:41:41.475+0000] {processor.py:157} INFO - Started process (PID=894) to work on /opt/airflow/dags/create_star_schema_part_2.py
[2023-12-09T21:41:41.475+0000] {processor.py:829} INFO - Processing file /opt/airflow/dags/create_star_schema_part_2.py for tasks to queue
[2023-12-09T21:41:41.476+0000] {logging_mixin.py:154} INFO - [2023-12-09T21:41:41.476+0000] {dagbag.py:536} INFO - Filling up the DagBag from /opt/airflow/dags/create_star_schema_part_2.py
[2023-12-09T21:41:41.480+0000] {processor.py:841} WARNING - No viable dags retrieved from /opt/airflow/dags/create_star_schema_part_2.py
[2023-12-09T21:41:41.490+0000] {processor.py:179} INFO - Processing /opt/airflow/dags/create_star_schema_part_2.py took 0.017 seconds
[2023-12-09T21:42:11.891+0000] {processor.py:157} INFO - Started process (PID=932) to work on /opt/airflow/dags/create_star_schema_part_2.py
[2023-12-09T21:42:11.892+0000] {processor.py:829} INFO - Processing file /opt/airflow/dags/create_star_schema_part_2.py for tasks to queue
[2023-12-09T21:42:11.892+0000] {logging_mixin.py:154} INFO - [2023-12-09T21:42:11.892+0000] {dagbag.py:536} INFO - Filling up the DagBag from /opt/airflow/dags/create_star_schema_part_2.py
[2023-12-09T21:42:11.897+0000] {processor.py:841} WARNING - No viable dags retrieved from /opt/airflow/dags/create_star_schema_part_2.py
[2023-12-09T21:42:11.907+0000] {processor.py:179} INFO - Processing /opt/airflow/dags/create_star_schema_part_2.py took 0.019 seconds
[2023-12-09T21:42:42.373+0000] {processor.py:157} INFO - Started process (PID=970) to work on /opt/airflow/dags/create_star_schema_part_2.py
[2023-12-09T21:42:42.374+0000] {processor.py:829} INFO - Processing file /opt/airflow/dags/create_star_schema_part_2.py for tasks to queue
[2023-12-09T21:42:42.374+0000] {logging_mixin.py:154} INFO - [2023-12-09T21:42:42.374+0000] {dagbag.py:536} INFO - Filling up the DagBag from /opt/airflow/dags/create_star_schema_part_2.py
[2023-12-09T21:42:42.379+0000] {processor.py:841} WARNING - No viable dags retrieved from /opt/airflow/dags/create_star_schema_part_2.py
[2023-12-09T21:42:42.389+0000] {processor.py:179} INFO - Processing /opt/airflow/dags/create_star_schema_part_2.py took 0.018 seconds
[2023-12-09T21:43:12.822+0000] {processor.py:157} INFO - Started process (PID=1008) to work on /opt/airflow/dags/create_star_schema_part_2.py
[2023-12-09T21:43:12.823+0000] {processor.py:829} INFO - Processing file /opt/airflow/dags/create_star_schema_part_2.py for tasks to queue
[2023-12-09T21:43:12.823+0000] {logging_mixin.py:154} INFO - [2023-12-09T21:43:12.823+0000] {dagbag.py:536} INFO - Filling up the DagBag from /opt/airflow/dags/create_star_schema_part_2.py
[2023-12-09T21:43:12.827+0000] {processor.py:841} WARNING - No viable dags retrieved from /opt/airflow/dags/create_star_schema_part_2.py
[2023-12-09T21:43:12.837+0000] {processor.py:179} INFO - Processing /opt/airflow/dags/create_star_schema_part_2.py took 0.018 seconds
[2023-12-09T21:43:43.275+0000] {processor.py:157} INFO - Started process (PID=1046) to work on /opt/airflow/dags/create_star_schema_part_2.py
[2023-12-09T21:43:43.276+0000] {processor.py:829} INFO - Processing file /opt/airflow/dags/create_star_schema_part_2.py for tasks to queue
[2023-12-09T21:43:43.276+0000] {logging_mixin.py:154} INFO - [2023-12-09T21:43:43.276+0000] {dagbag.py:536} INFO - Filling up the DagBag from /opt/airflow/dags/create_star_schema_part_2.py
[2023-12-09T21:43:43.281+0000] {processor.py:841} WARNING - No viable dags retrieved from /opt/airflow/dags/create_star_schema_part_2.py
[2023-12-09T21:43:43.291+0000] {processor.py:179} INFO - Processing /opt/airflow/dags/create_star_schema_part_2.py took 0.018 seconds
[2023-12-09T21:44:13.731+0000] {processor.py:157} INFO - Started process (PID=1084) to work on /opt/airflow/dags/create_star_schema_part_2.py
[2023-12-09T21:44:13.732+0000] {processor.py:829} INFO - Processing file /opt/airflow/dags/create_star_schema_part_2.py for tasks to queue
[2023-12-09T21:44:13.732+0000] {logging_mixin.py:154} INFO - [2023-12-09T21:44:13.732+0000] {dagbag.py:536} INFO - Filling up the DagBag from /opt/airflow/dags/create_star_schema_part_2.py
[2023-12-09T21:44:13.737+0000] {processor.py:841} WARNING - No viable dags retrieved from /opt/airflow/dags/create_star_schema_part_2.py
[2023-12-09T21:44:13.747+0000] {processor.py:179} INFO - Processing /opt/airflow/dags/create_star_schema_part_2.py took 0.018 seconds
[2023-12-09T21:44:44.125+0000] {processor.py:157} INFO - Started process (PID=1122) to work on /opt/airflow/dags/create_star_schema_part_2.py
[2023-12-09T21:44:44.125+0000] {processor.py:829} INFO - Processing file /opt/airflow/dags/create_star_schema_part_2.py for tasks to queue
[2023-12-09T21:44:44.126+0000] {logging_mixin.py:154} INFO - [2023-12-09T21:44:44.126+0000] {dagbag.py:536} INFO - Filling up the DagBag from /opt/airflow/dags/create_star_schema_part_2.py
[2023-12-09T21:44:44.130+0000] {processor.py:841} WARNING - No viable dags retrieved from /opt/airflow/dags/create_star_schema_part_2.py
[2023-12-09T21:44:44.140+0000] {processor.py:179} INFO - Processing /opt/airflow/dags/create_star_schema_part_2.py took 0.018 seconds
[2023-12-09T21:45:14.523+0000] {processor.py:157} INFO - Started process (PID=1160) to work on /opt/airflow/dags/create_star_schema_part_2.py
[2023-12-09T21:45:14.525+0000] {processor.py:829} INFO - Processing file /opt/airflow/dags/create_star_schema_part_2.py for tasks to queue
[2023-12-09T21:45:14.525+0000] {logging_mixin.py:154} INFO - [2023-12-09T21:45:14.525+0000] {dagbag.py:536} INFO - Filling up the DagBag from /opt/airflow/dags/create_star_schema_part_2.py
[2023-12-09T21:45:14.530+0000] {processor.py:841} WARNING - No viable dags retrieved from /opt/airflow/dags/create_star_schema_part_2.py
[2023-12-09T21:45:14.540+0000] {processor.py:179} INFO - Processing /opt/airflow/dags/create_star_schema_part_2.py took 0.019 seconds
[2023-12-09T21:45:44.968+0000] {processor.py:157} INFO - Started process (PID=1198) to work on /opt/airflow/dags/create_star_schema_part_2.py
[2023-12-09T21:45:44.969+0000] {processor.py:829} INFO - Processing file /opt/airflow/dags/create_star_schema_part_2.py for tasks to queue
[2023-12-09T21:45:44.970+0000] {logging_mixin.py:154} INFO - [2023-12-09T21:45:44.969+0000] {dagbag.py:536} INFO - Filling up the DagBag from /opt/airflow/dags/create_star_schema_part_2.py
[2023-12-09T21:45:44.974+0000] {processor.py:841} WARNING - No viable dags retrieved from /opt/airflow/dags/create_star_schema_part_2.py
[2023-12-09T21:45:44.984+0000] {processor.py:179} INFO - Processing /opt/airflow/dags/create_star_schema_part_2.py took 0.018 seconds
[2023-12-09T21:46:15.415+0000] {processor.py:157} INFO - Started process (PID=1237) to work on /opt/airflow/dags/create_star_schema_part_2.py
[2023-12-09T21:46:15.416+0000] {processor.py:829} INFO - Processing file /opt/airflow/dags/create_star_schema_part_2.py for tasks to queue
[2023-12-09T21:46:15.416+0000] {logging_mixin.py:154} INFO - [2023-12-09T21:46:15.416+0000] {dagbag.py:536} INFO - Filling up the DagBag from /opt/airflow/dags/create_star_schema_part_2.py
[2023-12-09T21:46:15.427+0000] {processor.py:841} WARNING - No viable dags retrieved from /opt/airflow/dags/create_star_schema_part_2.py
[2023-12-09T21:46:15.443+0000] {processor.py:179} INFO - Processing /opt/airflow/dags/create_star_schema_part_2.py took 0.030 seconds
[2023-12-09T21:46:45.891+0000] {processor.py:157} INFO - Started process (PID=1275) to work on /opt/airflow/dags/create_star_schema_part_2.py
[2023-12-09T21:46:45.891+0000] {processor.py:829} INFO - Processing file /opt/airflow/dags/create_star_schema_part_2.py for tasks to queue
[2023-12-09T21:46:45.892+0000] {logging_mixin.py:154} INFO - [2023-12-09T21:46:45.892+0000] {dagbag.py:536} INFO - Filling up the DagBag from /opt/airflow/dags/create_star_schema_part_2.py
[2023-12-09T21:46:45.896+0000] {processor.py:841} WARNING - No viable dags retrieved from /opt/airflow/dags/create_star_schema_part_2.py
[2023-12-09T21:46:45.907+0000] {processor.py:179} INFO - Processing /opt/airflow/dags/create_star_schema_part_2.py took 0.019 seconds
[2023-12-09T21:47:16.348+0000] {processor.py:157} INFO - Started process (PID=1313) to work on /opt/airflow/dags/create_star_schema_part_2.py
[2023-12-09T21:47:16.349+0000] {processor.py:829} INFO - Processing file /opt/airflow/dags/create_star_schema_part_2.py for tasks to queue
[2023-12-09T21:47:16.350+0000] {logging_mixin.py:154} INFO - [2023-12-09T21:47:16.349+0000] {dagbag.py:536} INFO - Filling up the DagBag from /opt/airflow/dags/create_star_schema_part_2.py
[2023-12-09T21:47:16.354+0000] {processor.py:841} WARNING - No viable dags retrieved from /opt/airflow/dags/create_star_schema_part_2.py
[2023-12-09T21:47:16.364+0000] {processor.py:179} INFO - Processing /opt/airflow/dags/create_star_schema_part_2.py took 0.018 seconds
[2023-12-09T21:47:46.863+0000] {processor.py:157} INFO - Started process (PID=1351) to work on /opt/airflow/dags/create_star_schema_part_2.py
[2023-12-09T21:47:46.863+0000] {processor.py:829} INFO - Processing file /opt/airflow/dags/create_star_schema_part_2.py for tasks to queue
[2023-12-09T21:47:46.864+0000] {logging_mixin.py:154} INFO - [2023-12-09T21:47:46.864+0000] {dagbag.py:536} INFO - Filling up the DagBag from /opt/airflow/dags/create_star_schema_part_2.py
[2023-12-09T21:47:46.868+0000] {processor.py:841} WARNING - No viable dags retrieved from /opt/airflow/dags/create_star_schema_part_2.py
[2023-12-09T21:47:46.878+0000] {processor.py:179} INFO - Processing /opt/airflow/dags/create_star_schema_part_2.py took 0.018 seconds
[2023-12-09T21:48:17.307+0000] {processor.py:157} INFO - Started process (PID=1389) to work on /opt/airflow/dags/create_star_schema_part_2.py
[2023-12-09T21:48:17.308+0000] {processor.py:829} INFO - Processing file /opt/airflow/dags/create_star_schema_part_2.py for tasks to queue
[2023-12-09T21:48:17.309+0000] {logging_mixin.py:154} INFO - [2023-12-09T21:48:17.309+0000] {dagbag.py:536} INFO - Filling up the DagBag from /opt/airflow/dags/create_star_schema_part_2.py
[2023-12-09T21:48:17.313+0000] {processor.py:841} WARNING - No viable dags retrieved from /opt/airflow/dags/create_star_schema_part_2.py
[2023-12-09T21:48:17.323+0000] {processor.py:179} INFO - Processing /opt/airflow/dags/create_star_schema_part_2.py took 0.018 seconds
[2023-12-09T21:48:47.784+0000] {processor.py:157} INFO - Started process (PID=1425) to work on /opt/airflow/dags/create_star_schema_part_2.py
[2023-12-09T21:48:47.785+0000] {processor.py:829} INFO - Processing file /opt/airflow/dags/create_star_schema_part_2.py for tasks to queue
[2023-12-09T21:48:47.785+0000] {logging_mixin.py:154} INFO - [2023-12-09T21:48:47.785+0000] {dagbag.py:536} INFO - Filling up the DagBag from /opt/airflow/dags/create_star_schema_part_2.py
[2023-12-09T21:48:47.790+0000] {processor.py:841} WARNING - No viable dags retrieved from /opt/airflow/dags/create_star_schema_part_2.py
[2023-12-09T21:48:47.800+0000] {processor.py:179} INFO - Processing /opt/airflow/dags/create_star_schema_part_2.py took 0.018 seconds
[2023-12-09T21:49:18.268+0000] {processor.py:157} INFO - Started process (PID=1465) to work on /opt/airflow/dags/create_star_schema_part_2.py
[2023-12-09T21:49:18.269+0000] {processor.py:829} INFO - Processing file /opt/airflow/dags/create_star_schema_part_2.py for tasks to queue
[2023-12-09T21:49:18.269+0000] {logging_mixin.py:154} INFO - [2023-12-09T21:49:18.269+0000] {dagbag.py:536} INFO - Filling up the DagBag from /opt/airflow/dags/create_star_schema_part_2.py
[2023-12-09T21:49:18.274+0000] {processor.py:841} WARNING - No viable dags retrieved from /opt/airflow/dags/create_star_schema_part_2.py
[2023-12-09T21:49:18.284+0000] {processor.py:179} INFO - Processing /opt/airflow/dags/create_star_schema_part_2.py took 0.018 seconds
[2023-12-09T21:49:48.772+0000] {processor.py:157} INFO - Started process (PID=1503) to work on /opt/airflow/dags/create_star_schema_part_2.py
[2023-12-09T21:49:48.772+0000] {processor.py:829} INFO - Processing file /opt/airflow/dags/create_star_schema_part_2.py for tasks to queue
[2023-12-09T21:49:48.773+0000] {logging_mixin.py:154} INFO - [2023-12-09T21:49:48.773+0000] {dagbag.py:536} INFO - Filling up the DagBag from /opt/airflow/dags/create_star_schema_part_2.py
[2023-12-09T21:49:48.777+0000] {processor.py:841} WARNING - No viable dags retrieved from /opt/airflow/dags/create_star_schema_part_2.py
[2023-12-09T21:49:48.787+0000] {processor.py:179} INFO - Processing /opt/airflow/dags/create_star_schema_part_2.py took 0.018 seconds
[2023-12-09T21:50:19.249+0000] {processor.py:157} INFO - Started process (PID=1541) to work on /opt/airflow/dags/create_star_schema_part_2.py
[2023-12-09T21:50:19.249+0000] {processor.py:829} INFO - Processing file /opt/airflow/dags/create_star_schema_part_2.py for tasks to queue
[2023-12-09T21:50:19.250+0000] {logging_mixin.py:154} INFO - [2023-12-09T21:50:19.250+0000] {dagbag.py:536} INFO - Filling up the DagBag from /opt/airflow/dags/create_star_schema_part_2.py
[2023-12-09T21:50:19.254+0000] {processor.py:841} WARNING - No viable dags retrieved from /opt/airflow/dags/create_star_schema_part_2.py
[2023-12-09T21:50:19.264+0000] {processor.py:179} INFO - Processing /opt/airflow/dags/create_star_schema_part_2.py took 0.017 seconds
[2023-12-09T21:50:49.671+0000] {processor.py:157} INFO - Started process (PID=1579) to work on /opt/airflow/dags/create_star_schema_part_2.py
[2023-12-09T21:50:49.672+0000] {processor.py:829} INFO - Processing file /opt/airflow/dags/create_star_schema_part_2.py for tasks to queue
[2023-12-09T21:50:49.673+0000] {logging_mixin.py:154} INFO - [2023-12-09T21:50:49.672+0000] {dagbag.py:536} INFO - Filling up the DagBag from /opt/airflow/dags/create_star_schema_part_2.py
[2023-12-09T21:50:49.677+0000] {processor.py:841} WARNING - No viable dags retrieved from /opt/airflow/dags/create_star_schema_part_2.py
[2023-12-09T21:50:49.687+0000] {processor.py:179} INFO - Processing /opt/airflow/dags/create_star_schema_part_2.py took 0.018 seconds
[2023-12-09T21:51:20.178+0000] {processor.py:157} INFO - Started process (PID=1617) to work on /opt/airflow/dags/create_star_schema_part_2.py
[2023-12-09T21:51:20.179+0000] {processor.py:829} INFO - Processing file /opt/airflow/dags/create_star_schema_part_2.py for tasks to queue
[2023-12-09T21:51:20.180+0000] {logging_mixin.py:154} INFO - [2023-12-09T21:51:20.179+0000] {dagbag.py:536} INFO - Filling up the DagBag from /opt/airflow/dags/create_star_schema_part_2.py
[2023-12-09T21:51:20.184+0000] {processor.py:841} WARNING - No viable dags retrieved from /opt/airflow/dags/create_star_schema_part_2.py
[2023-12-09T21:51:20.194+0000] {processor.py:179} INFO - Processing /opt/airflow/dags/create_star_schema_part_2.py took 0.018 seconds
[2023-12-09T21:51:50.680+0000] {processor.py:157} INFO - Started process (PID=1655) to work on /opt/airflow/dags/create_star_schema_part_2.py
[2023-12-09T21:51:50.681+0000] {processor.py:829} INFO - Processing file /opt/airflow/dags/create_star_schema_part_2.py for tasks to queue
[2023-12-09T21:51:50.681+0000] {logging_mixin.py:154} INFO - [2023-12-09T21:51:50.681+0000] {dagbag.py:536} INFO - Filling up the DagBag from /opt/airflow/dags/create_star_schema_part_2.py
[2023-12-09T21:51:50.686+0000] {processor.py:841} WARNING - No viable dags retrieved from /opt/airflow/dags/create_star_schema_part_2.py
[2023-12-09T21:51:50.696+0000] {processor.py:179} INFO - Processing /opt/airflow/dags/create_star_schema_part_2.py took 0.018 seconds
[2023-12-09T21:52:21.173+0000] {processor.py:157} INFO - Started process (PID=1693) to work on /opt/airflow/dags/create_star_schema_part_2.py
[2023-12-09T21:52:21.174+0000] {processor.py:829} INFO - Processing file /opt/airflow/dags/create_star_schema_part_2.py for tasks to queue
[2023-12-09T21:52:21.174+0000] {logging_mixin.py:154} INFO - [2023-12-09T21:52:21.174+0000] {dagbag.py:536} INFO - Filling up the DagBag from /opt/airflow/dags/create_star_schema_part_2.py
[2023-12-09T21:52:21.178+0000] {processor.py:841} WARNING - No viable dags retrieved from /opt/airflow/dags/create_star_schema_part_2.py
[2023-12-09T21:52:21.189+0000] {processor.py:179} INFO - Processing /opt/airflow/dags/create_star_schema_part_2.py took 0.018 seconds
[2023-12-09T21:52:51.612+0000] {processor.py:157} INFO - Started process (PID=1731) to work on /opt/airflow/dags/create_star_schema_part_2.py
[2023-12-09T21:52:51.614+0000] {processor.py:829} INFO - Processing file /opt/airflow/dags/create_star_schema_part_2.py for tasks to queue
[2023-12-09T21:52:51.614+0000] {logging_mixin.py:154} INFO - [2023-12-09T21:52:51.614+0000] {dagbag.py:536} INFO - Filling up the DagBag from /opt/airflow/dags/create_star_schema_part_2.py
[2023-12-09T21:52:51.619+0000] {processor.py:841} WARNING - No viable dags retrieved from /opt/airflow/dags/create_star_schema_part_2.py
[2023-12-09T21:52:51.629+0000] {processor.py:179} INFO - Processing /opt/airflow/dags/create_star_schema_part_2.py took 0.020 seconds
[2023-12-09T21:53:22.075+0000] {processor.py:157} INFO - Started process (PID=1769) to work on /opt/airflow/dags/create_star_schema_part_2.py
[2023-12-09T21:53:22.076+0000] {processor.py:829} INFO - Processing file /opt/airflow/dags/create_star_schema_part_2.py for tasks to queue
[2023-12-09T21:53:22.077+0000] {logging_mixin.py:154} INFO - [2023-12-09T21:53:22.076+0000] {dagbag.py:536} INFO - Filling up the DagBag from /opt/airflow/dags/create_star_schema_part_2.py
[2023-12-09T21:53:22.081+0000] {processor.py:841} WARNING - No viable dags retrieved from /opt/airflow/dags/create_star_schema_part_2.py
[2023-12-09T21:53:22.091+0000] {processor.py:179} INFO - Processing /opt/airflow/dags/create_star_schema_part_2.py took 0.018 seconds
[2023-12-09T21:53:52.616+0000] {processor.py:157} INFO - Started process (PID=1807) to work on /opt/airflow/dags/create_star_schema_part_2.py
[2023-12-09T21:53:52.617+0000] {processor.py:829} INFO - Processing file /opt/airflow/dags/create_star_schema_part_2.py for tasks to queue
[2023-12-09T21:53:52.617+0000] {logging_mixin.py:154} INFO - [2023-12-09T21:53:52.617+0000] {dagbag.py:536} INFO - Filling up the DagBag from /opt/airflow/dags/create_star_schema_part_2.py
[2023-12-09T21:53:52.622+0000] {processor.py:841} WARNING - No viable dags retrieved from /opt/airflow/dags/create_star_schema_part_2.py
[2023-12-09T21:53:52.632+0000] {processor.py:179} INFO - Processing /opt/airflow/dags/create_star_schema_part_2.py took 0.018 seconds
[2023-12-09T21:54:23.093+0000] {processor.py:157} INFO - Started process (PID=1845) to work on /opt/airflow/dags/create_star_schema_part_2.py
[2023-12-09T21:54:23.094+0000] {processor.py:829} INFO - Processing file /opt/airflow/dags/create_star_schema_part_2.py for tasks to queue
[2023-12-09T21:54:23.095+0000] {logging_mixin.py:154} INFO - [2023-12-09T21:54:23.094+0000] {dagbag.py:536} INFO - Filling up the DagBag from /opt/airflow/dags/create_star_schema_part_2.py
[2023-12-09T21:54:23.099+0000] {processor.py:841} WARNING - No viable dags retrieved from /opt/airflow/dags/create_star_schema_part_2.py
[2023-12-09T21:54:23.109+0000] {processor.py:179} INFO - Processing /opt/airflow/dags/create_star_schema_part_2.py took 0.018 seconds
[2023-12-09T21:54:53.540+0000] {processor.py:157} INFO - Started process (PID=1883) to work on /opt/airflow/dags/create_star_schema_part_2.py
[2023-12-09T21:54:53.541+0000] {processor.py:829} INFO - Processing file /opt/airflow/dags/create_star_schema_part_2.py for tasks to queue
[2023-12-09T21:54:53.542+0000] {logging_mixin.py:154} INFO - [2023-12-09T21:54:53.542+0000] {dagbag.py:536} INFO - Filling up the DagBag from /opt/airflow/dags/create_star_schema_part_2.py
[2023-12-09T21:54:53.547+0000] {processor.py:841} WARNING - No viable dags retrieved from /opt/airflow/dags/create_star_schema_part_2.py
[2023-12-09T21:54:53.559+0000] {processor.py:179} INFO - Processing /opt/airflow/dags/create_star_schema_part_2.py took 0.020 seconds
[2023-12-09T21:55:24.019+0000] {processor.py:157} INFO - Started process (PID=1921) to work on /opt/airflow/dags/create_star_schema_part_2.py
[2023-12-09T21:55:24.019+0000] {processor.py:829} INFO - Processing file /opt/airflow/dags/create_star_schema_part_2.py for tasks to queue
[2023-12-09T21:55:24.020+0000] {logging_mixin.py:154} INFO - [2023-12-09T21:55:24.020+0000] {dagbag.py:536} INFO - Filling up the DagBag from /opt/airflow/dags/create_star_schema_part_2.py
[2023-12-09T21:55:24.024+0000] {processor.py:841} WARNING - No viable dags retrieved from /opt/airflow/dags/create_star_schema_part_2.py
[2023-12-09T21:55:24.035+0000] {processor.py:179} INFO - Processing /opt/airflow/dags/create_star_schema_part_2.py took 0.019 seconds
[2023-12-09T21:55:54.482+0000] {processor.py:157} INFO - Started process (PID=1959) to work on /opt/airflow/dags/create_star_schema_part_2.py
[2023-12-09T21:55:54.482+0000] {processor.py:829} INFO - Processing file /opt/airflow/dags/create_star_schema_part_2.py for tasks to queue
[2023-12-09T21:55:54.483+0000] {logging_mixin.py:154} INFO - [2023-12-09T21:55:54.483+0000] {dagbag.py:536} INFO - Filling up the DagBag from /opt/airflow/dags/create_star_schema_part_2.py
[2023-12-09T21:55:54.487+0000] {processor.py:841} WARNING - No viable dags retrieved from /opt/airflow/dags/create_star_schema_part_2.py
[2023-12-09T21:55:54.497+0000] {processor.py:179} INFO - Processing /opt/airflow/dags/create_star_schema_part_2.py took 0.018 seconds
[2023-12-09T21:56:24.904+0000] {processor.py:157} INFO - Started process (PID=1997) to work on /opt/airflow/dags/create_star_schema_part_2.py
[2023-12-09T21:56:24.904+0000] {processor.py:829} INFO - Processing file /opt/airflow/dags/create_star_schema_part_2.py for tasks to queue
[2023-12-09T21:56:24.905+0000] {logging_mixin.py:154} INFO - [2023-12-09T21:56:24.905+0000] {dagbag.py:536} INFO - Filling up the DagBag from /opt/airflow/dags/create_star_schema_part_2.py
[2023-12-09T21:56:24.909+0000] {processor.py:841} WARNING - No viable dags retrieved from /opt/airflow/dags/create_star_schema_part_2.py
[2023-12-09T21:56:24.919+0000] {processor.py:179} INFO - Processing /opt/airflow/dags/create_star_schema_part_2.py took 0.018 seconds
[2023-12-09T21:56:55.380+0000] {processor.py:157} INFO - Started process (PID=2035) to work on /opt/airflow/dags/create_star_schema_part_2.py
[2023-12-09T21:56:55.381+0000] {processor.py:829} INFO - Processing file /opt/airflow/dags/create_star_schema_part_2.py for tasks to queue
[2023-12-09T21:56:55.381+0000] {logging_mixin.py:154} INFO - [2023-12-09T21:56:55.381+0000] {dagbag.py:536} INFO - Filling up the DagBag from /opt/airflow/dags/create_star_schema_part_2.py
[2023-12-09T21:56:55.386+0000] {processor.py:841} WARNING - No viable dags retrieved from /opt/airflow/dags/create_star_schema_part_2.py
[2023-12-09T21:56:55.396+0000] {processor.py:179} INFO - Processing /opt/airflow/dags/create_star_schema_part_2.py took 0.018 seconds
[2023-12-09T21:57:25.773+0000] {processor.py:157} INFO - Started process (PID=2071) to work on /opt/airflow/dags/create_star_schema_part_2.py
[2023-12-09T21:57:25.773+0000] {processor.py:829} INFO - Processing file /opt/airflow/dags/create_star_schema_part_2.py for tasks to queue
[2023-12-09T21:57:25.774+0000] {logging_mixin.py:154} INFO - [2023-12-09T21:57:25.774+0000] {dagbag.py:536} INFO - Filling up the DagBag from /opt/airflow/dags/create_star_schema_part_2.py
[2023-12-09T21:57:25.778+0000] {processor.py:841} WARNING - No viable dags retrieved from /opt/airflow/dags/create_star_schema_part_2.py
[2023-12-09T21:57:25.787+0000] {processor.py:179} INFO - Processing /opt/airflow/dags/create_star_schema_part_2.py took 0.017 seconds
[2023-12-09T21:57:56.275+0000] {processor.py:157} INFO - Started process (PID=2111) to work on /opt/airflow/dags/create_star_schema_part_2.py
[2023-12-09T21:57:56.275+0000] {processor.py:829} INFO - Processing file /opt/airflow/dags/create_star_schema_part_2.py for tasks to queue
[2023-12-09T21:57:56.276+0000] {logging_mixin.py:154} INFO - [2023-12-09T21:57:56.276+0000] {dagbag.py:536} INFO - Filling up the DagBag from /opt/airflow/dags/create_star_schema_part_2.py
[2023-12-09T21:57:56.280+0000] {processor.py:841} WARNING - No viable dags retrieved from /opt/airflow/dags/create_star_schema_part_2.py
[2023-12-09T21:57:56.291+0000] {processor.py:179} INFO - Processing /opt/airflow/dags/create_star_schema_part_2.py took 0.018 seconds
[2023-12-09T21:58:26.668+0000] {processor.py:157} INFO - Started process (PID=2147) to work on /opt/airflow/dags/create_star_schema_part_2.py
[2023-12-09T21:58:26.669+0000] {processor.py:829} INFO - Processing file /opt/airflow/dags/create_star_schema_part_2.py for tasks to queue
[2023-12-09T21:58:26.669+0000] {logging_mixin.py:154} INFO - [2023-12-09T21:58:26.669+0000] {dagbag.py:536} INFO - Filling up the DagBag from /opt/airflow/dags/create_star_schema_part_2.py
[2023-12-09T21:58:26.673+0000] {processor.py:841} WARNING - No viable dags retrieved from /opt/airflow/dags/create_star_schema_part_2.py
[2023-12-09T21:58:26.683+0000] {processor.py:179} INFO - Processing /opt/airflow/dags/create_star_schema_part_2.py took 0.017 seconds
[2023-12-09T21:58:57.164+0000] {processor.py:157} INFO - Started process (PID=2187) to work on /opt/airflow/dags/create_star_schema_part_2.py
[2023-12-09T21:58:57.165+0000] {processor.py:829} INFO - Processing file /opt/airflow/dags/create_star_schema_part_2.py for tasks to queue
[2023-12-09T21:58:57.166+0000] {logging_mixin.py:154} INFO - [2023-12-09T21:58:57.166+0000] {dagbag.py:536} INFO - Filling up the DagBag from /opt/airflow/dags/create_star_schema_part_2.py
[2023-12-09T21:58:57.170+0000] {processor.py:841} WARNING - No viable dags retrieved from /opt/airflow/dags/create_star_schema_part_2.py
[2023-12-09T21:58:57.180+0000] {processor.py:179} INFO - Processing /opt/airflow/dags/create_star_schema_part_2.py took 0.018 seconds
[2023-12-09T21:59:27.659+0000] {processor.py:157} INFO - Started process (PID=2225) to work on /opt/airflow/dags/create_star_schema_part_2.py
[2023-12-09T21:59:27.660+0000] {processor.py:829} INFO - Processing file /opt/airflow/dags/create_star_schema_part_2.py for tasks to queue
[2023-12-09T21:59:27.660+0000] {logging_mixin.py:154} INFO - [2023-12-09T21:59:27.660+0000] {dagbag.py:536} INFO - Filling up the DagBag from /opt/airflow/dags/create_star_schema_part_2.py
[2023-12-09T21:59:27.665+0000] {processor.py:841} WARNING - No viable dags retrieved from /opt/airflow/dags/create_star_schema_part_2.py
[2023-12-09T21:59:27.675+0000] {processor.py:179} INFO - Processing /opt/airflow/dags/create_star_schema_part_2.py took 0.018 seconds
[2023-12-09T21:59:58.066+0000] {processor.py:157} INFO - Started process (PID=2263) to work on /opt/airflow/dags/create_star_schema_part_2.py
[2023-12-09T21:59:58.067+0000] {processor.py:829} INFO - Processing file /opt/airflow/dags/create_star_schema_part_2.py for tasks to queue
[2023-12-09T21:59:58.067+0000] {logging_mixin.py:154} INFO - [2023-12-09T21:59:58.067+0000] {dagbag.py:536} INFO - Filling up the DagBag from /opt/airflow/dags/create_star_schema_part_2.py
[2023-12-09T21:59:58.072+0000] {processor.py:841} WARNING - No viable dags retrieved from /opt/airflow/dags/create_star_schema_part_2.py
[2023-12-09T21:59:58.082+0000] {processor.py:179} INFO - Processing /opt/airflow/dags/create_star_schema_part_2.py took 0.018 seconds
[2023-12-09T22:00:28.475+0000] {processor.py:157} INFO - Started process (PID=2301) to work on /opt/airflow/dags/create_star_schema_part_2.py
[2023-12-09T22:00:28.476+0000] {processor.py:829} INFO - Processing file /opt/airflow/dags/create_star_schema_part_2.py for tasks to queue
[2023-12-09T22:00:28.476+0000] {logging_mixin.py:154} INFO - [2023-12-09T22:00:28.476+0000] {dagbag.py:536} INFO - Filling up the DagBag from /opt/airflow/dags/create_star_schema_part_2.py
[2023-12-09T22:00:28.481+0000] {processor.py:841} WARNING - No viable dags retrieved from /opt/airflow/dags/create_star_schema_part_2.py
[2023-12-09T22:00:28.491+0000] {processor.py:179} INFO - Processing /opt/airflow/dags/create_star_schema_part_2.py took 0.019 seconds
[2023-12-09T22:00:58.952+0000] {processor.py:157} INFO - Started process (PID=2339) to work on /opt/airflow/dags/create_star_schema_part_2.py
[2023-12-09T22:00:58.953+0000] {processor.py:829} INFO - Processing file /opt/airflow/dags/create_star_schema_part_2.py for tasks to queue
[2023-12-09T22:00:58.954+0000] {logging_mixin.py:154} INFO - [2023-12-09T22:00:58.953+0000] {dagbag.py:536} INFO - Filling up the DagBag from /opt/airflow/dags/create_star_schema_part_2.py
[2023-12-09T22:00:58.959+0000] {processor.py:841} WARNING - No viable dags retrieved from /opt/airflow/dags/create_star_schema_part_2.py
[2023-12-09T22:00:58.969+0000] {processor.py:179} INFO - Processing /opt/airflow/dags/create_star_schema_part_2.py took 0.019 seconds
[2023-12-09T22:01:29.380+0000] {processor.py:157} INFO - Started process (PID=2377) to work on /opt/airflow/dags/create_star_schema_part_2.py
[2023-12-09T22:01:29.381+0000] {processor.py:829} INFO - Processing file /opt/airflow/dags/create_star_schema_part_2.py for tasks to queue
[2023-12-09T22:01:29.381+0000] {logging_mixin.py:154} INFO - [2023-12-09T22:01:29.381+0000] {dagbag.py:536} INFO - Filling up the DagBag from /opt/airflow/dags/create_star_schema_part_2.py
[2023-12-09T22:01:29.385+0000] {processor.py:841} WARNING - No viable dags retrieved from /opt/airflow/dags/create_star_schema_part_2.py
[2023-12-09T22:01:29.396+0000] {processor.py:179} INFO - Processing /opt/airflow/dags/create_star_schema_part_2.py took 0.018 seconds
[2023-12-09T22:01:59.819+0000] {processor.py:157} INFO - Started process (PID=2415) to work on /opt/airflow/dags/create_star_schema_part_2.py
[2023-12-09T22:01:59.820+0000] {processor.py:829} INFO - Processing file /opt/airflow/dags/create_star_schema_part_2.py for tasks to queue
[2023-12-09T22:01:59.821+0000] {logging_mixin.py:154} INFO - [2023-12-09T22:01:59.821+0000] {dagbag.py:536} INFO - Filling up the DagBag from /opt/airflow/dags/create_star_schema_part_2.py
[2023-12-09T22:01:59.825+0000] {processor.py:841} WARNING - No viable dags retrieved from /opt/airflow/dags/create_star_schema_part_2.py
[2023-12-09T22:01:59.836+0000] {processor.py:179} INFO - Processing /opt/airflow/dags/create_star_schema_part_2.py took 0.019 seconds
[2023-12-09T22:02:30.275+0000] {processor.py:157} INFO - Started process (PID=2460) to work on /opt/airflow/dags/create_star_schema_part_2.py
[2023-12-09T22:02:30.276+0000] {processor.py:829} INFO - Processing file /opt/airflow/dags/create_star_schema_part_2.py for tasks to queue
[2023-12-09T22:02:30.277+0000] {logging_mixin.py:154} INFO - [2023-12-09T22:02:30.276+0000] {dagbag.py:536} INFO - Filling up the DagBag from /opt/airflow/dags/create_star_schema_part_2.py
[2023-12-09T22:02:30.281+0000] {processor.py:841} WARNING - No viable dags retrieved from /opt/airflow/dags/create_star_schema_part_2.py
[2023-12-09T22:02:30.291+0000] {processor.py:179} INFO - Processing /opt/airflow/dags/create_star_schema_part_2.py took 0.018 seconds
[2023-12-09T22:03:00.862+0000] {processor.py:157} INFO - Started process (PID=2498) to work on /opt/airflow/dags/create_star_schema_part_2.py
[2023-12-09T22:03:00.863+0000] {processor.py:829} INFO - Processing file /opt/airflow/dags/create_star_schema_part_2.py for tasks to queue
[2023-12-09T22:03:00.864+0000] {logging_mixin.py:154} INFO - [2023-12-09T22:03:00.863+0000] {dagbag.py:536} INFO - Filling up the DagBag from /opt/airflow/dags/create_star_schema_part_2.py
[2023-12-09T22:03:00.868+0000] {processor.py:841} WARNING - No viable dags retrieved from /opt/airflow/dags/create_star_schema_part_2.py
[2023-12-09T22:03:00.878+0000] {processor.py:179} INFO - Processing /opt/airflow/dags/create_star_schema_part_2.py took 0.017 seconds
[2023-12-09T22:03:31.261+0000] {processor.py:157} INFO - Started process (PID=2534) to work on /opt/airflow/dags/create_star_schema_part_2.py
[2023-12-09T22:03:31.262+0000] {processor.py:829} INFO - Processing file /opt/airflow/dags/create_star_schema_part_2.py for tasks to queue
[2023-12-09T22:03:31.263+0000] {logging_mixin.py:154} INFO - [2023-12-09T22:03:31.262+0000] {dagbag.py:536} INFO - Filling up the DagBag from /opt/airflow/dags/create_star_schema_part_2.py
[2023-12-09T22:03:31.266+0000] {processor.py:841} WARNING - No viable dags retrieved from /opt/airflow/dags/create_star_schema_part_2.py
[2023-12-09T22:03:31.276+0000] {processor.py:179} INFO - Processing /opt/airflow/dags/create_star_schema_part_2.py took 0.017 seconds
[2023-12-09T22:04:01.729+0000] {processor.py:157} INFO - Started process (PID=2574) to work on /opt/airflow/dags/create_star_schema_part_2.py
[2023-12-09T22:04:01.729+0000] {processor.py:829} INFO - Processing file /opt/airflow/dags/create_star_schema_part_2.py for tasks to queue
[2023-12-09T22:04:01.730+0000] {logging_mixin.py:154} INFO - [2023-12-09T22:04:01.730+0000] {dagbag.py:536} INFO - Filling up the DagBag from /opt/airflow/dags/create_star_schema_part_2.py
[2023-12-09T22:04:01.734+0000] {processor.py:841} WARNING - No viable dags retrieved from /opt/airflow/dags/create_star_schema_part_2.py
[2023-12-09T22:04:01.744+0000] {processor.py:179} INFO - Processing /opt/airflow/dags/create_star_schema_part_2.py took 0.018 seconds
[2023-12-09T22:04:32.207+0000] {processor.py:157} INFO - Started process (PID=2612) to work on /opt/airflow/dags/create_star_schema_part_2.py
[2023-12-09T22:04:32.207+0000] {processor.py:829} INFO - Processing file /opt/airflow/dags/create_star_schema_part_2.py for tasks to queue
[2023-12-09T22:04:32.208+0000] {logging_mixin.py:154} INFO - [2023-12-09T22:04:32.208+0000] {dagbag.py:536} INFO - Filling up the DagBag from /opt/airflow/dags/create_star_schema_part_2.py
[2023-12-09T22:04:32.212+0000] {processor.py:841} WARNING - No viable dags retrieved from /opt/airflow/dags/create_star_schema_part_2.py
[2023-12-09T22:04:32.222+0000] {processor.py:179} INFO - Processing /opt/airflow/dags/create_star_schema_part_2.py took 0.018 seconds
[2023-12-09T22:05:02.632+0000] {processor.py:157} INFO - Started process (PID=2650) to work on /opt/airflow/dags/create_star_schema_part_2.py
[2023-12-09T22:05:02.633+0000] {processor.py:829} INFO - Processing file /opt/airflow/dags/create_star_schema_part_2.py for tasks to queue
[2023-12-09T22:05:02.633+0000] {logging_mixin.py:154} INFO - [2023-12-09T22:05:02.633+0000] {dagbag.py:536} INFO - Filling up the DagBag from /opt/airflow/dags/create_star_schema_part_2.py
[2023-12-09T22:05:02.638+0000] {processor.py:841} WARNING - No viable dags retrieved from /opt/airflow/dags/create_star_schema_part_2.py
[2023-12-09T22:05:02.648+0000] {processor.py:179} INFO - Processing /opt/airflow/dags/create_star_schema_part_2.py took 0.018 seconds
[2023-12-09T22:05:33.097+0000] {processor.py:157} INFO - Started process (PID=2688) to work on /opt/airflow/dags/create_star_schema_part_2.py
[2023-12-09T22:05:33.098+0000] {processor.py:829} INFO - Processing file /opt/airflow/dags/create_star_schema_part_2.py for tasks to queue
[2023-12-09T22:05:33.098+0000] {logging_mixin.py:154} INFO - [2023-12-09T22:05:33.098+0000] {dagbag.py:536} INFO - Filling up the DagBag from /opt/airflow/dags/create_star_schema_part_2.py
[2023-12-09T22:05:33.103+0000] {processor.py:841} WARNING - No viable dags retrieved from /opt/airflow/dags/create_star_schema_part_2.py
[2023-12-09T22:05:33.113+0000] {processor.py:179} INFO - Processing /opt/airflow/dags/create_star_schema_part_2.py took 0.019 seconds
[2023-12-09T22:06:03.557+0000] {processor.py:157} INFO - Started process (PID=2726) to work on /opt/airflow/dags/create_star_schema_part_2.py
[2023-12-09T22:06:03.558+0000] {processor.py:829} INFO - Processing file /opt/airflow/dags/create_star_schema_part_2.py for tasks to queue
[2023-12-09T22:06:03.559+0000] {logging_mixin.py:154} INFO - [2023-12-09T22:06:03.559+0000] {dagbag.py:536} INFO - Filling up the DagBag from /opt/airflow/dags/create_star_schema_part_2.py
[2023-12-09T22:06:03.567+0000] {processor.py:841} WARNING - No viable dags retrieved from /opt/airflow/dags/create_star_schema_part_2.py
[2023-12-09T22:06:03.580+0000] {processor.py:179} INFO - Processing /opt/airflow/dags/create_star_schema_part_2.py took 0.025 seconds
[2023-12-09T22:06:33.643+0000] {processor.py:157} INFO - Started process (PID=2764) to work on /opt/airflow/dags/create_star_schema_part_2.py
[2023-12-09T22:06:33.644+0000] {processor.py:829} INFO - Processing file /opt/airflow/dags/create_star_schema_part_2.py for tasks to queue
[2023-12-09T22:06:33.645+0000] {logging_mixin.py:154} INFO - [2023-12-09T22:06:33.645+0000] {dagbag.py:536} INFO - Filling up the DagBag from /opt/airflow/dags/create_star_schema_part_2.py
[2023-12-09T22:06:33.650+0000] {processor.py:841} WARNING - No viable dags retrieved from /opt/airflow/dags/create_star_schema_part_2.py
[2023-12-09T22:06:33.661+0000] {processor.py:179} INFO - Processing /opt/airflow/dags/create_star_schema_part_2.py took 0.021 seconds
[2023-12-09T22:07:04.070+0000] {processor.py:157} INFO - Started process (PID=2802) to work on /opt/airflow/dags/create_star_schema_part_2.py
[2023-12-09T22:07:04.071+0000] {processor.py:829} INFO - Processing file /opt/airflow/dags/create_star_schema_part_2.py for tasks to queue
[2023-12-09T22:07:04.072+0000] {logging_mixin.py:154} INFO - [2023-12-09T22:07:04.071+0000] {dagbag.py:536} INFO - Filling up the DagBag from /opt/airflow/dags/create_star_schema_part_2.py
[2023-12-09T22:07:04.076+0000] {processor.py:841} WARNING - No viable dags retrieved from /opt/airflow/dags/create_star_schema_part_2.py
[2023-12-09T22:07:04.086+0000] {processor.py:179} INFO - Processing /opt/airflow/dags/create_star_schema_part_2.py took 0.018 seconds
[2023-12-09T22:07:34.544+0000] {processor.py:157} INFO - Started process (PID=2840) to work on /opt/airflow/dags/create_star_schema_part_2.py
[2023-12-09T22:07:34.544+0000] {processor.py:829} INFO - Processing file /opt/airflow/dags/create_star_schema_part_2.py for tasks to queue
[2023-12-09T22:07:34.545+0000] {logging_mixin.py:154} INFO - [2023-12-09T22:07:34.545+0000] {dagbag.py:536} INFO - Filling up the DagBag from /opt/airflow/dags/create_star_schema_part_2.py
[2023-12-09T22:07:34.549+0000] {processor.py:841} WARNING - No viable dags retrieved from /opt/airflow/dags/create_star_schema_part_2.py
[2023-12-09T22:07:34.559+0000] {processor.py:179} INFO - Processing /opt/airflow/dags/create_star_schema_part_2.py took 0.017 seconds
[2023-12-09T22:08:05.037+0000] {processor.py:157} INFO - Started process (PID=2878) to work on /opt/airflow/dags/create_star_schema_part_2.py
[2023-12-09T22:08:05.038+0000] {processor.py:829} INFO - Processing file /opt/airflow/dags/create_star_schema_part_2.py for tasks to queue
[2023-12-09T22:08:05.039+0000] {logging_mixin.py:154} INFO - [2023-12-09T22:08:05.038+0000] {dagbag.py:536} INFO - Filling up the DagBag from /opt/airflow/dags/create_star_schema_part_2.py
[2023-12-09T22:08:05.043+0000] {processor.py:841} WARNING - No viable dags retrieved from /opt/airflow/dags/create_star_schema_part_2.py
[2023-12-09T22:08:05.053+0000] {processor.py:179} INFO - Processing /opt/airflow/dags/create_star_schema_part_2.py took 0.018 seconds
