[2023-12-19T04:20:01.717+0000] {taskinstance.py:1159} INFO - Dependencies all met for dep_context=non-requeueable deps ti=<TaskInstance: analytics_olympiad-v01.create_dim_tables.create_dim_VEHICLE_YEAR_table scheduled__2023-12-01T00:00:00+00:00 [queued]>
[2023-12-19T04:20:01.725+0000] {taskinstance.py:1159} INFO - Dependencies all met for dep_context=requeueable deps ti=<TaskInstance: analytics_olympiad-v01.create_dim_tables.create_dim_VEHICLE_YEAR_table scheduled__2023-12-01T00:00:00+00:00 [queued]>
[2023-12-19T04:20:01.727+0000] {taskinstance.py:1361} INFO - Starting attempt 1 of 6
[2023-12-19T04:20:01.740+0000] {taskinstance.py:1382} INFO - Executing <Task(PostgresOperator): create_dim_VEHICLE_YEAR_table> on 2023-12-01 00:00:00+00:00
[2023-12-19T04:20:01.745+0000] {standard_task_runner.py:57} INFO - Started process 1983 to run task
[2023-12-19T04:20:01.756+0000] {standard_task_runner.py:84} INFO - Running: ['***', 'tasks', 'run', 'analytics_olympiad-v01.create_dim_tables', 'create_dim_VEHICLE_YEAR_table', 'scheduled__2023-12-01T00:00:00+00:00', '--job-id', '28', '--raw', '--subdir', 'DAGS_FOLDER/Analytics Olympiad 2022.py', '--cfg-path', '/tmp/tmpal02sn9d']
[2023-12-19T04:20:01.760+0000] {standard_task_runner.py:85} INFO - Job 28: Subtask create_dim_VEHICLE_YEAR_table
[2023-12-19T04:20:01.889+0000] {task_command.py:416} INFO - Running <TaskInstance: analytics_olympiad-v01.create_dim_tables.create_dim_VEHICLE_YEAR_table scheduled__2023-12-01T00:00:00+00:00 [running]> on host 7b1718a25f0c
[2023-12-19T04:20:01.984+0000] {taskinstance.py:1662} INFO - Exporting env vars: AIRFLOW_CTX_DAG_OWNER='dunnbc22' AIRFLOW_CTX_DAG_ID='analytics_olympiad-v01.create_dim_tables' AIRFLOW_CTX_TASK_ID='create_dim_VEHICLE_YEAR_table' AIRFLOW_CTX_EXECUTION_DATE='2023-12-01T00:00:00+00:00' AIRFLOW_CTX_TRY_NUMBER='1' AIRFLOW_CTX_DAG_RUN_ID='scheduled__2023-12-01T00:00:00+00:00'
[2023-12-19T04:20:01.986+0000] {sql.py:274} INFO - Executing: -- params: table_name, dimension_col, data_type

-- Step 1: Extract Unique Values
CREATE TEMPORARY TABLE unique_values_VEHICLE_YEAR AS
SELECT DISTINCT VEHICLE_YEAR FROM analytics_olympiad_pipeline;

-- Step 2: Create Dimension Table
DROP TABLE IF EXISTS dimension_table_VEHICLE_YEAR;
CREATE TABLE dimension_table_VEHICLE_YEAR (
    id SERIAL PRIMARY KEY,
    VEHICLE_YEAR VARCHAR
);

-- Step 3: Insert unique values into dimension table
INSERT INTO dimension_table_VEHICLE_YEAR (VEHICLE_YEAR)
SELECT * FROM unique_values_VEHICLE_YEAR;
[2023-12-19T04:20:01.995+0000] {base.py:73} INFO - Using connection ID 'postgres_conn' for task execution.
[2023-12-19T04:20:02.006+0000] {base.py:73} INFO - Using connection ID 'postgres_conn' for task execution.
[2023-12-19T04:20:02.026+0000] {sql.py:418} INFO - Running statement: -- params: table_name, dimension_col, data_type

-- Step 1: Extract Unique Values
CREATE TEMPORARY TABLE unique_values_VEHICLE_YEAR AS
SELECT DISTINCT VEHICLE_YEAR FROM analytics_olympiad_pipeline;

-- Step 2: Create Dimension Table
DROP TABLE IF EXISTS dimension_table_VEHICLE_YEAR;
CREATE TABLE dimension_table_VEHICLE_YEAR (
    id SERIAL PRIMARY KEY,
    VEHICLE_YEAR VARCHAR
);

-- Step 3: Insert unique values into dimension table
INSERT INTO dimension_table_VEHICLE_YEAR (VEHICLE_YEAR)
SELECT * FROM unique_values_VEHICLE_YEAR;, parameters: None
[2023-12-19T04:20:02.059+0000] {sql.py:427} INFO - Rows affected: 2
[2023-12-19T04:20:02.074+0000] {taskinstance.py:1400} INFO - Marking task as SUCCESS. dag_id=analytics_olympiad-v01.create_dim_tables, task_id=create_dim_VEHICLE_YEAR_table, execution_date=20231201T000000, start_date=20231219T042001, end_date=20231219T042002
[2023-12-19T04:20:02.091+0000] {local_task_job_runner.py:228} INFO - Task exited with return code 0
[2023-12-19T04:20:02.113+0000] {taskinstance.py:2778} INFO - 0 downstream tasks scheduled from follow-on schedule check
