[2023-12-20T18:22:24.993+0000] {taskinstance.py:1159} INFO - Dependencies all met for dep_context=non-requeueable deps ti=<TaskInstance: Health_Insurance_Cross_Sell_Pred-v01.remove_unnecessary_columns.remove_unnecessary_columns.remove_id_col scheduled__2023-12-01T00:00:00+00:00 [queued]>
[2023-12-20T18:22:24.996+0000] {taskinstance.py:1159} INFO - Dependencies all met for dep_context=requeueable deps ti=<TaskInstance: Health_Insurance_Cross_Sell_Pred-v01.remove_unnecessary_columns.remove_unnecessary_columns.remove_id_col scheduled__2023-12-01T00:00:00+00:00 [queued]>
[2023-12-20T18:22:24.996+0000] {taskinstance.py:1361} INFO - Starting attempt 4 of 6
[2023-12-20T18:22:25.001+0000] {taskinstance.py:1382} INFO - Executing <Task(PostgresOperator): remove_unnecessary_columns.remove_id_col> on 2023-12-01 00:00:00+00:00
[2023-12-20T18:22:25.004+0000] {standard_task_runner.py:57} INFO - Started process 952 to run task
[2023-12-20T18:22:25.006+0000] {standard_task_runner.py:84} INFO - Running: ['***', 'tasks', 'run', 'Health_Insurance_Cross_Sell_Pred-v01.remove_unnecessary_columns', 'remove_unnecessary_columns.remove_id_col', 'scheduled__2023-12-01T00:00:00+00:00', '--job-id', '9', '--raw', '--subdir', 'DAGS_FOLDER/Health_Insurance_Cross_Sell_Pred.py', '--cfg-path', '/tmp/tmpf9gioird']
[2023-12-20T18:22:25.008+0000] {standard_task_runner.py:85} INFO - Job 9: Subtask remove_unnecessary_columns.remove_id_col
[2023-12-20T18:22:25.036+0000] {task_command.py:416} INFO - Running <TaskInstance: Health_Insurance_Cross_Sell_Pred-v01.remove_unnecessary_columns.remove_unnecessary_columns.remove_id_col scheduled__2023-12-01T00:00:00+00:00 [running]> on host 480138c1cef4
[2023-12-20T18:22:25.076+0000] {taskinstance.py:1662} INFO - Exporting env vars: AIRFLOW_CTX_DAG_OWNER='dunnbc22' AIRFLOW_CTX_DAG_ID='Health_Insurance_Cross_Sell_Pred-v01.remove_unnecessary_columns' AIRFLOW_CTX_TASK_ID='remove_unnecessary_columns.remove_id_col' AIRFLOW_CTX_EXECUTION_DATE='2023-12-01T00:00:00+00:00' AIRFLOW_CTX_TRY_NUMBER='4' AIRFLOW_CTX_DAG_RUN_ID='scheduled__2023-12-01T00:00:00+00:00'
[2023-12-20T18:22:25.077+0000] {sql.py:274} INFO - Executing: -- table_name, column_name
ALTER TABLE Health_Insurance_Cross_Sell_Pred
DROP COLUMN id;
[2023-12-20T18:22:25.082+0000] {base.py:73} INFO - Using connection ID 'postgres_conn' for task execution.
[2023-12-20T18:22:25.087+0000] {base.py:73} INFO - Using connection ID 'postgres_conn' for task execution.
[2023-12-20T18:22:25.092+0000] {sql.py:418} INFO - Running statement: -- table_name, column_name
ALTER TABLE Health_Insurance_Cross_Sell_Pred
DROP COLUMN id;, parameters: None
[2023-12-20T18:22:25.102+0000] {taskinstance.py:1400} INFO - Marking task as SUCCESS. dag_id=Health_Insurance_Cross_Sell_Pred-v01.remove_unnecessary_columns, task_id=remove_unnecessary_columns.remove_id_col, execution_date=20231201T000000, start_date=20231220T182224, end_date=20231220T182225
[2023-12-20T18:22:25.143+0000] {local_task_job_runner.py:228} INFO - Task exited with return code 0
[2023-12-20T18:22:25.156+0000] {taskinstance.py:2778} INFO - 0 downstream tasks scheduled from follow-on schedule check
