[2023-12-12T17:57:58.814+0000] {taskinstance.py:1159} INFO - Dependencies all met for dep_context=non-requeueable deps ti=<TaskInstance: ppp_via_foia-v01.generate_date_parts.generate-date-parts-of-LoanStatusDate scheduled__2023-12-01T00:00:00+00:00 [queued]>
[2023-12-12T17:57:58.819+0000] {taskinstance.py:1159} INFO - Dependencies all met for dep_context=requeueable deps ti=<TaskInstance: ppp_via_foia-v01.generate_date_parts.generate-date-parts-of-LoanStatusDate scheduled__2023-12-01T00:00:00+00:00 [queued]>
[2023-12-12T17:57:58.820+0000] {taskinstance.py:1361} INFO - Starting attempt 1 of 6
[2023-12-12T17:57:58.827+0000] {taskinstance.py:1382} INFO - Executing <Task(PostgresOperator): generate-date-parts-of-LoanStatusDate> on 2023-12-01 00:00:00+00:00
[2023-12-12T17:57:58.830+0000] {standard_task_runner.py:57} INFO - Started process 1723 to run task
[2023-12-12T17:57:58.833+0000] {standard_task_runner.py:84} INFO - Running: ['***', 'tasks', 'run', 'ppp_via_foia-v01.generate_date_parts', 'generate-date-parts-of-LoanStatusDate', 'scheduled__2023-12-01T00:00:00+00:00', '--job-id', '52', '--raw', '--subdir', 'DAGS_FOLDER/ppp_via_foia.py', '--cfg-path', '/tmp/tmpo9brtqwz']
[2023-12-12T17:57:58.835+0000] {standard_task_runner.py:85} INFO - Job 52: Subtask generate-date-parts-of-LoanStatusDate
[2023-12-12T17:57:58.872+0000] {task_command.py:416} INFO - Running <TaskInstance: ppp_via_foia-v01.generate_date_parts.generate-date-parts-of-LoanStatusDate scheduled__2023-12-01T00:00:00+00:00 [running]> on host edee10095410
[2023-12-12T17:57:58.921+0000] {taskinstance.py:1662} INFO - Exporting env vars: AIRFLOW_CTX_DAG_OWNER='dunnbc22' AIRFLOW_CTX_DAG_ID='ppp_via_foia-v01.generate_date_parts' AIRFLOW_CTX_TASK_ID='generate-date-parts-of-LoanStatusDate' AIRFLOW_CTX_EXECUTION_DATE='2023-12-01T00:00:00+00:00' AIRFLOW_CTX_TRY_NUMBER='1' AIRFLOW_CTX_DAG_RUN_ID='scheduled__2023-12-01T00:00:00+00:00'
[2023-12-12T17:57:58.922+0000] {sql.py:274} INFO - Executing: -- params: table_name, col_name, month_col_name, year_col_name, dom_col_name

-- Add columns
ALTER TABLE ppp_via_foia_pipe
ADD COLUMN IF NOT EXISTS LoanStatusDate_month INTEGER, 
ADD COLUMN IF NOT EXISTS LoanStatusDate_year INTEGER, 
ADD COLUMN IF NOT EXISTS LoanStatusDate_day_of_month INTEGER;

-- fill columns with their proper values
UPDATE ppp_via_foia_pipe
SET 
    LoanStatusDate_month = EXTRACT(MONTH FROM LoanStatusDate),
    LoanStatusDate_year = EXTRACT(YEAR FROM LoanStatusDate),
    LoanStatusDate_day_of_month = EXTRACT(DAY FROM LoanStatusDate);
[2023-12-12T17:57:58.928+0000] {base.py:73} INFO - Using connection ID 'postgres_conn' for task execution.
[2023-12-12T17:57:58.935+0000] {base.py:73} INFO - Using connection ID 'postgres_conn' for task execution.
[2023-12-12T17:57:58.942+0000] {sql.py:418} INFO - Running statement: -- params: table_name, col_name, month_col_name, year_col_name, dom_col_name

-- Add columns
ALTER TABLE ppp_via_foia_pipe
ADD COLUMN IF NOT EXISTS LoanStatusDate_month INTEGER, 
ADD COLUMN IF NOT EXISTS LoanStatusDate_year INTEGER, 
ADD COLUMN IF NOT EXISTS LoanStatusDate_day_of_month INTEGER;

-- fill columns with their proper values
UPDATE ppp_via_foia_pipe
SET 
    LoanStatusDate_month = EXTRACT(MONTH FROM LoanStatusDate),
    LoanStatusDate_year = EXTRACT(YEAR FROM LoanStatusDate),
    LoanStatusDate_day_of_month = EXTRACT(DAY FROM LoanStatusDate);, parameters: None
[2023-12-12T17:58:14.471+0000] {sql.py:427} INFO - Rows affected: 808164
[2023-12-12T17:58:14.481+0000] {taskinstance.py:1400} INFO - Marking task as SUCCESS. dag_id=ppp_via_foia-v01.generate_date_parts, task_id=generate-date-parts-of-LoanStatusDate, execution_date=20231201T000000, start_date=20231212T175758, end_date=20231212T175814
[2023-12-12T17:58:14.528+0000] {local_task_job_runner.py:228} INFO - Task exited with return code 0
[2023-12-12T17:58:14.552+0000] {taskinstance.py:2778} INFO - 0 downstream tasks scheduled from follow-on schedule check
