[2023-12-19T16:36:22.994+0000] {taskinstance.py:1159} INFO - Dependencies all met for dep_context=non-requeueable deps ti=<TaskInstance: Illinois_Insurance_Producers_Data-v01.insert_fk_into_fact_table.insert_fk_col_in_fact_table_LAST_NAME_OR_BUSINESS_NAME scheduled__2023-12-01T00:00:00+00:00 [queued]>
[2023-12-19T16:36:23.005+0000] {taskinstance.py:1159} INFO - Dependencies all met for dep_context=requeueable deps ti=<TaskInstance: Illinois_Insurance_Producers_Data-v01.insert_fk_into_fact_table.insert_fk_col_in_fact_table_LAST_NAME_OR_BUSINESS_NAME scheduled__2023-12-01T00:00:00+00:00 [queued]>
[2023-12-19T16:36:23.006+0000] {taskinstance.py:1361} INFO - Starting attempt 1 of 6
[2023-12-19T16:36:23.018+0000] {taskinstance.py:1382} INFO - Executing <Task(PostgresOperator): insert_fk_col_in_fact_table_LAST_NAME_OR_BUSINESS_NAME> on 2023-12-01 00:00:00+00:00
[2023-12-19T16:36:23.022+0000] {standard_task_runner.py:57} INFO - Started process 1218 to run task
[2023-12-19T16:36:23.025+0000] {standard_task_runner.py:84} INFO - Running: ['***', 'tasks', 'run', 'Illinois_Insurance_Producers_Data-v01.insert_fk_into_fact_table', 'insert_fk_col_in_fact_table_LAST_NAME_OR_BUSINESS_NAME', 'scheduled__2023-12-01T00:00:00+00:00', '--job-id', '30', '--raw', '--subdir', 'DAGS_FOLDER/il_insurance_producers.py', '--cfg-path', '/tmp/tmpluosdqn7']
[2023-12-19T16:36:23.033+0000] {standard_task_runner.py:85} INFO - Job 30: Subtask insert_fk_col_in_fact_table_LAST_NAME_OR_BUSINESS_NAME
[2023-12-19T16:36:23.076+0000] {task_command.py:416} INFO - Running <TaskInstance: Illinois_Insurance_Producers_Data-v01.insert_fk_into_fact_table.insert_fk_col_in_fact_table_LAST_NAME_OR_BUSINESS_NAME scheduled__2023-12-01T00:00:00+00:00 [running]> on host 4ef4480639fc
[2023-12-19T16:36:23.147+0000] {taskinstance.py:1662} INFO - Exporting env vars: AIRFLOW_CTX_DAG_OWNER='dunnbc22' AIRFLOW_CTX_DAG_ID='Illinois_Insurance_Producers_Data-v01.insert_fk_into_fact_table' AIRFLOW_CTX_TASK_ID='insert_fk_col_in_fact_table_LAST_NAME_OR_BUSINESS_NAME' AIRFLOW_CTX_EXECUTION_DATE='2023-12-01T00:00:00+00:00' AIRFLOW_CTX_TRY_NUMBER='1' AIRFLOW_CTX_DAG_RUN_ID='scheduled__2023-12-01T00:00:00+00:00'
[2023-12-19T16:36:23.149+0000] {sql.py:274} INFO - Executing: -- params: table_name, dimension_col

/*
Steps 1-3 were completed in the create_dim_table.sql 
file & associated PostgresOperator
*/


-- Step 4: Add foreign key column to fact table
ALTER TABLE iipd_pipeline
ADD COLUMN LAST_NAME_OR_BUSINESS_NAME_id INTEGER;

-- Step 4: Update foreign key column to fact table with 
-- appropriate id (that matches with dim table)
UPDATE iipd_pipeline
SET LAST_NAME_OR_BUSINESS_NAME_id = dimension_table_LAST_NAME_OR_BUSINESS_NAME.id
FROM dimension_table_LAST_NAME_OR_BUSINESS_NAME
WHERE COALESCE(iipd_pipeline.LAST_NAME_OR_BUSINESS_NAME::text, '') = COALESCE(dimension_table_LAST_NAME_OR_BUSINESS_NAME.LAST_NAME_OR_BUSINESS_NAME::text, '');
[2023-12-19T16:36:23.158+0000] {base.py:73} INFO - Using connection ID 'postgres_conn' for task execution.
[2023-12-19T16:36:23.166+0000] {base.py:73} INFO - Using connection ID 'postgres_conn' for task execution.
[2023-12-19T16:36:23.171+0000] {sql.py:418} INFO - Running statement: -- params: table_name, dimension_col

/*
Steps 1-3 were completed in the create_dim_table.sql 
file & associated PostgresOperator
*/


-- Step 4: Add foreign key column to fact table
ALTER TABLE iipd_pipeline
ADD COLUMN LAST_NAME_OR_BUSINESS_NAME_id INTEGER;

-- Step 4: Update foreign key column to fact table with 
-- appropriate id (that matches with dim table)
UPDATE iipd_pipeline
SET LAST_NAME_OR_BUSINESS_NAME_id = dimension_table_LAST_NAME_OR_BUSINESS_NAME.id
FROM dimension_table_LAST_NAME_OR_BUSINESS_NAME
WHERE COALESCE(iipd_pipeline.LAST_NAME_OR_BUSINESS_NAME::text, '') = COALESCE(dimension_table_LAST_NAME_OR_BUSINESS_NAME.LAST_NAME_OR_BUSINESS_NAME::text, '');, parameters: None
[2023-12-19T16:36:40.887+0000] {sql.py:427} INFO - Rows affected: 580781
[2023-12-19T16:36:40.912+0000] {taskinstance.py:1400} INFO - Marking task as SUCCESS. dag_id=Illinois_Insurance_Producers_Data-v01.insert_fk_into_fact_table, task_id=insert_fk_col_in_fact_table_LAST_NAME_OR_BUSINESS_NAME, execution_date=20231201T000000, start_date=20231219T163622, end_date=20231219T163640
[2023-12-19T16:36:40.947+0000] {local_task_job_runner.py:228} INFO - Task exited with return code 0
[2023-12-19T16:36:40.960+0000] {taskinstance.py:2778} INFO - 0 downstream tasks scheduled from follow-on schedule check
