[2023-12-11T05:50:11.007+0000] {taskinstance.py:1159} INFO - Dependencies all met for dep_context=non-requeueable deps ti=<TaskInstance: Electric_Vehicle_Population-v01.create_dim_tables.create_dim_StateName_table scheduled__2023-12-01T00:00:00+00:00 [queued]>
[2023-12-11T05:50:11.027+0000] {taskinstance.py:1159} INFO - Dependencies all met for dep_context=requeueable deps ti=<TaskInstance: Electric_Vehicle_Population-v01.create_dim_tables.create_dim_StateName_table scheduled__2023-12-01T00:00:00+00:00 [queued]>
[2023-12-11T05:50:11.028+0000] {taskinstance.py:1361} INFO - Starting attempt 1 of 6
[2023-12-11T05:50:11.045+0000] {taskinstance.py:1382} INFO - Executing <Task(PostgresOperator): create_dim_StateName_table> on 2023-12-01 00:00:00+00:00
[2023-12-11T05:50:11.056+0000] {standard_task_runner.py:57} INFO - Started process 646 to run task
[2023-12-11T05:50:11.092+0000] {standard_task_runner.py:84} INFO - Running: ['***', 'tasks', 'run', 'Electric_Vehicle_Population-v01.create_dim_tables', 'create_dim_StateName_table', 'scheduled__2023-12-01T00:00:00+00:00', '--job-id', '22', '--raw', '--subdir', 'DAGS_FOLDER/EV_Population.py', '--cfg-path', '/tmp/tmpysy4msz7']
[2023-12-11T05:50:11.102+0000] {standard_task_runner.py:85} INFO - Job 22: Subtask create_dim_StateName_table
[2023-12-11T05:50:11.254+0000] {task_command.py:416} INFO - Running <TaskInstance: Electric_Vehicle_Population-v01.create_dim_tables.create_dim_StateName_table scheduled__2023-12-01T00:00:00+00:00 [running]> on host c7d0b77d8cb9
[2023-12-11T05:50:11.402+0000] {taskinstance.py:1662} INFO - Exporting env vars: AIRFLOW_CTX_DAG_OWNER='dunnbc22' AIRFLOW_CTX_DAG_ID='Electric_Vehicle_Population-v01.create_dim_tables' AIRFLOW_CTX_TASK_ID='create_dim_StateName_table' AIRFLOW_CTX_EXECUTION_DATE='2023-12-01T00:00:00+00:00' AIRFLOW_CTX_TRY_NUMBER='1' AIRFLOW_CTX_DAG_RUN_ID='scheduled__2023-12-01T00:00:00+00:00'
[2023-12-11T05:50:11.407+0000] {sql.py:274} INFO - Executing: -- params: table_name, dimension_col, data_type

-- Step 1: Extract Unique Values
CREATE TEMPORARY TABLE unique_values_StateName AS
SELECT DISTINCT StateName FROM ev_pop_pipe;

-- Step 2: Create Dimension Table
DROP TABLE IF EXISTS dimension_table_StateName;
CREATE TABLE dimension_table_StateName (
    id SERIAL PRIMARY KEY,
    StateName VARCHAR
);

-- Step 3: Insert unique values into dimension table
INSERT INTO dimension_table_StateName (StateName)
SELECT * FROM unique_values_StateName;
[2023-12-11T05:50:11.424+0000] {base.py:73} INFO - Using connection ID 'postgres_conn' for task execution.
[2023-12-11T05:50:11.440+0000] {base.py:73} INFO - Using connection ID 'postgres_conn' for task execution.
[2023-12-11T05:50:11.457+0000] {sql.py:418} INFO - Running statement: -- params: table_name, dimension_col, data_type

-- Step 1: Extract Unique Values
CREATE TEMPORARY TABLE unique_values_StateName AS
SELECT DISTINCT StateName FROM ev_pop_pipe;

-- Step 2: Create Dimension Table
DROP TABLE IF EXISTS dimension_table_StateName;
CREATE TABLE dimension_table_StateName (
    id SERIAL PRIMARY KEY,
    StateName VARCHAR
);

-- Step 3: Insert unique values into dimension table
INSERT INTO dimension_table_StateName (StateName)
SELECT * FROM unique_values_StateName;, parameters: None
[2023-12-11T05:50:11.519+0000] {sql.py:427} INFO - Rows affected: 1
[2023-12-11T05:50:11.606+0000] {taskinstance.py:1400} INFO - Marking task as SUCCESS. dag_id=Electric_Vehicle_Population-v01.create_dim_tables, task_id=create_dim_StateName_table, execution_date=20231201T000000, start_date=20231211T055011, end_date=20231211T055011
[2023-12-11T05:50:11.642+0000] {local_task_job_runner.py:228} INFO - Task exited with return code 0
[2023-12-11T05:50:11.719+0000] {taskinstance.py:2778} INFO - 0 downstream tasks scheduled from follow-on schedule check
