[2023-12-21T17:06:12.452+0000] {taskinstance.py:1159} INFO - Dependencies all met for dep_context=non-requeueable deps ti=<TaskInstance: Indicators_of_Heart_Disease_2022-v01.remove_replaced_dim_cols.remove_original_AlcoholDrinkers_in_fact_table scheduled__2023-12-01T00:00:00+00:00 [queued]>
[2023-12-21T17:06:12.464+0000] {taskinstance.py:1159} INFO - Dependencies all met for dep_context=requeueable deps ti=<TaskInstance: Indicators_of_Heart_Disease_2022-v01.remove_replaced_dim_cols.remove_original_AlcoholDrinkers_in_fact_table scheduled__2023-12-01T00:00:00+00:00 [queued]>
[2023-12-21T17:06:12.466+0000] {taskinstance.py:1361} INFO - Starting attempt 1 of 6
[2023-12-21T17:06:12.486+0000] {taskinstance.py:1382} INFO - Executing <Task(PostgresOperator): remove_original_AlcoholDrinkers_in_fact_table> on 2023-12-01 00:00:00+00:00
[2023-12-21T17:06:12.500+0000] {standard_task_runner.py:57} INFO - Started process 2691 to run task
[2023-12-21T17:06:12.507+0000] {standard_task_runner.py:84} INFO - Running: ['***', 'tasks', 'run', 'Indicators_of_Heart_Disease_2022-v01.remove_replaced_dim_cols', 'remove_original_AlcoholDrinkers_in_fact_table', 'scheduled__2023-12-01T00:00:00+00:00', '--job-id', '170', '--raw', '--subdir', 'DAGS_FOLDER/Indicators_of_Heart_Disease_2022.py', '--cfg-path', '/tmp/tmpr5lqiucn']
[2023-12-21T17:06:12.516+0000] {standard_task_runner.py:85} INFO - Job 170: Subtask remove_original_AlcoholDrinkers_in_fact_table
[2023-12-21T17:06:12.684+0000] {task_command.py:416} INFO - Running <TaskInstance: Indicators_of_Heart_Disease_2022-v01.remove_replaced_dim_cols.remove_original_AlcoholDrinkers_in_fact_table scheduled__2023-12-01T00:00:00+00:00 [running]> on host 8e01071a5eb3
[2023-12-21T17:06:12.870+0000] {taskinstance.py:1662} INFO - Exporting env vars: AIRFLOW_CTX_DAG_OWNER='dunnbc22' AIRFLOW_CTX_DAG_ID='Indicators_of_Heart_Disease_2022-v01.remove_replaced_dim_cols' AIRFLOW_CTX_TASK_ID='remove_original_AlcoholDrinkers_in_fact_table' AIRFLOW_CTX_EXECUTION_DATE='2023-12-01T00:00:00+00:00' AIRFLOW_CTX_TRY_NUMBER='1' AIRFLOW_CTX_DAG_RUN_ID='scheduled__2023-12-01T00:00:00+00:00'
[2023-12-21T17:06:12.878+0000] {sql.py:274} INFO - Executing: -- table_name, column_name
ALTER TABLE indicators_of_heart_disease_2022_pipe
DROP COLUMN AlcoholDrinkers;
[2023-12-21T17:06:12.898+0000] {base.py:73} INFO - Using connection ID 'postgres_conn' for task execution.
[2023-12-21T17:06:12.925+0000] {base.py:73} INFO - Using connection ID 'postgres_conn' for task execution.
[2023-12-21T17:06:12.935+0000] {sql.py:418} INFO - Running statement: -- table_name, column_name
ALTER TABLE indicators_of_heart_disease_2022_pipe
DROP COLUMN AlcoholDrinkers;, parameters: None
[2023-12-21T17:06:13.421+0000] {taskinstance.py:1400} INFO - Marking task as SUCCESS. dag_id=Indicators_of_Heart_Disease_2022-v01.remove_replaced_dim_cols, task_id=remove_original_AlcoholDrinkers_in_fact_table, execution_date=20231201T000000, start_date=20231221T170612, end_date=20231221T170613
[2023-12-21T17:06:13.479+0000] {local_task_job_runner.py:228} INFO - Task exited with return code 0
[2023-12-21T17:06:13.630+0000] {taskinstance.py:2778} INFO - 0 downstream tasks scheduled from follow-on schedule check
