[2023-12-12T22:52:03.614+0000] {taskinstance.py:1159} INFO - Dependencies all met for dep_context=non-requeueable deps ti=<TaskInstance: Cyclistic_Summary_Data-v01.remove_replaced_dim_cols.remove_original_neighborhood_start_in_fact_table scheduled__2023-12-01T00:00:00+00:00 [queued]>
[2023-12-12T22:52:03.621+0000] {taskinstance.py:1159} INFO - Dependencies all met for dep_context=requeueable deps ti=<TaskInstance: Cyclistic_Summary_Data-v01.remove_replaced_dim_cols.remove_original_neighborhood_start_in_fact_table scheduled__2023-12-01T00:00:00+00:00 [queued]>
[2023-12-12T22:52:03.621+0000] {taskinstance.py:1361} INFO - Starting attempt 1 of 6
[2023-12-12T22:52:03.630+0000] {taskinstance.py:1382} INFO - Executing <Task(PostgresOperator): remove_original_neighborhood_start_in_fact_table> on 2023-12-01 00:00:00+00:00
[2023-12-12T22:52:03.634+0000] {standard_task_runner.py:57} INFO - Started process 1751 to run task
[2023-12-12T22:52:03.637+0000] {standard_task_runner.py:84} INFO - Running: ['***', 'tasks', 'run', 'Cyclistic_Summary_Data-v01.remove_replaced_dim_cols', 'remove_original_neighborhood_start_in_fact_table', 'scheduled__2023-12-01T00:00:00+00:00', '--job-id', '25', '--raw', '--subdir', 'DAGS_FOLDER/Cyclistic_All_Year_Summary.py', '--cfg-path', '/tmp/tmp0sib2b2u']
[2023-12-12T22:52:03.639+0000] {standard_task_runner.py:85} INFO - Job 25: Subtask remove_original_neighborhood_start_in_fact_table
[2023-12-12T22:52:03.692+0000] {task_command.py:416} INFO - Running <TaskInstance: Cyclistic_Summary_Data-v01.remove_replaced_dim_cols.remove_original_neighborhood_start_in_fact_table scheduled__2023-12-01T00:00:00+00:00 [running]> on host 858cc19b7838
[2023-12-12T22:52:03.771+0000] {taskinstance.py:1662} INFO - Exporting env vars: AIRFLOW_CTX_DAG_OWNER='dunnbc22' AIRFLOW_CTX_DAG_ID='Cyclistic_Summary_Data-v01.remove_replaced_dim_cols' AIRFLOW_CTX_TASK_ID='remove_original_neighborhood_start_in_fact_table' AIRFLOW_CTX_EXECUTION_DATE='2023-12-01T00:00:00+00:00' AIRFLOW_CTX_TRY_NUMBER='1' AIRFLOW_CTX_DAG_RUN_ID='scheduled__2023-12-01T00:00:00+00:00'
[2023-12-12T22:52:03.773+0000] {sql.py:274} INFO - Executing: -- table_name, column_name
ALTER TABLE cyclistic_summary_data_pipe
DROP COLUMN neighborhood_start;
[2023-12-12T22:52:03.784+0000] {base.py:73} INFO - Using connection ID 'postgres_conn' for task execution.
[2023-12-12T22:52:03.794+0000] {base.py:73} INFO - Using connection ID 'postgres_conn' for task execution.
[2023-12-12T22:52:03.809+0000] {sql.py:418} INFO - Running statement: -- table_name, column_name
ALTER TABLE cyclistic_summary_data_pipe
DROP COLUMN neighborhood_start;, parameters: None
[2023-12-12T22:52:03.825+0000] {taskinstance.py:1400} INFO - Marking task as SUCCESS. dag_id=Cyclistic_Summary_Data-v01.remove_replaced_dim_cols, task_id=remove_original_neighborhood_start_in_fact_table, execution_date=20231201T000000, start_date=20231212T225203, end_date=20231212T225203
[2023-12-12T22:52:03.851+0000] {local_task_job_runner.py:228} INFO - Task exited with return code 0
[2023-12-12T22:52:03.866+0000] {taskinstance.py:2778} INFO - 0 downstream tasks scheduled from follow-on schedule check
