[2023-12-08T17:13:37.689+0000] {taskinstance.py:1159} INFO - Dependencies all met for dep_context=non-requeueable deps ti=<TaskInstance: Allegheny_Co_Property_Sale_Transactions-v01.remove_unnecessary_columns.remove_unnecessary_columns.remove_PROPERTYSTATE_col scheduled__2023-12-01T00:00:00+00:00 [queued]>
[2023-12-08T17:13:37.698+0000] {taskinstance.py:1159} INFO - Dependencies all met for dep_context=requeueable deps ti=<TaskInstance: Allegheny_Co_Property_Sale_Transactions-v01.remove_unnecessary_columns.remove_unnecessary_columns.remove_PROPERTYSTATE_col scheduled__2023-12-01T00:00:00+00:00 [queued]>
[2023-12-08T17:13:37.700+0000] {taskinstance.py:1361} INFO - Starting attempt 1 of 6
[2023-12-08T17:13:37.714+0000] {taskinstance.py:1382} INFO - Executing <Task(PostgresOperator): remove_unnecessary_columns.remove_PROPERTYSTATE_col> on 2023-12-01 00:00:00+00:00
[2023-12-08T17:13:37.722+0000] {standard_task_runner.py:57} INFO - Started process 2764 to run task
[2023-12-08T17:13:37.726+0000] {standard_task_runner.py:84} INFO - Running: ['***', 'tasks', 'run', 'Allegheny_Co_Property_Sale_Transactions-v01.remove_unnecessary_columns', 'remove_unnecessary_columns.remove_PROPERTYSTATE_col', 'scheduled__2023-12-01T00:00:00+00:00', '--job-id', '8', '--raw', '--subdir', 'DAGS_FOLDER/Allegheny Co Property Sale Transactions.py', '--cfg-path', '/tmp/tmpq9fo4rbt']
[2023-12-08T17:13:37.729+0000] {standard_task_runner.py:85} INFO - Job 8: Subtask remove_unnecessary_columns.remove_PROPERTYSTATE_col
[2023-12-08T17:13:37.815+0000] {task_command.py:416} INFO - Running <TaskInstance: Allegheny_Co_Property_Sale_Transactions-v01.remove_unnecessary_columns.remove_unnecessary_columns.remove_PROPERTYSTATE_col scheduled__2023-12-01T00:00:00+00:00 [running]> on host 1fc866509645
[2023-12-08T17:13:37.915+0000] {taskinstance.py:1662} INFO - Exporting env vars: AIRFLOW_CTX_DAG_OWNER='dunnbc22' AIRFLOW_CTX_DAG_ID='Allegheny_Co_Property_Sale_Transactions-v01.remove_unnecessary_columns' AIRFLOW_CTX_TASK_ID='remove_unnecessary_columns.remove_PROPERTYSTATE_col' AIRFLOW_CTX_EXECUTION_DATE='2023-12-01T00:00:00+00:00' AIRFLOW_CTX_TRY_NUMBER='1' AIRFLOW_CTX_DAG_RUN_ID='scheduled__2023-12-01T00:00:00+00:00'
[2023-12-08T17:13:37.917+0000] {sql.py:274} INFO - Executing: -- table_name, column_name
ALTER TABLE allegheny_co_property_sale_transactions
DROP COLUMN PROPERTYSTATE;
[2023-12-08T17:13:37.928+0000] {base.py:73} INFO - Using connection ID 'postgres_conn' for task execution.
[2023-12-08T17:13:37.944+0000] {base.py:73} INFO - Using connection ID 'postgres_conn' for task execution.
[2023-12-08T17:13:37.958+0000] {sql.py:418} INFO - Running statement: -- table_name, column_name
ALTER TABLE allegheny_co_property_sale_transactions
DROP COLUMN PROPERTYSTATE;, parameters: None
[2023-12-08T17:13:37.972+0000] {taskinstance.py:1400} INFO - Marking task as SUCCESS. dag_id=Allegheny_Co_Property_Sale_Transactions-v01.remove_unnecessary_columns, task_id=remove_unnecessary_columns.remove_PROPERTYSTATE_col, execution_date=20231201T000000, start_date=20231208T171337, end_date=20231208T171337
[2023-12-08T17:13:37.989+0000] {local_task_job_runner.py:228} INFO - Task exited with return code 0
[2023-12-08T17:13:38.012+0000] {taskinstance.py:2778} INFO - 0 downstream tasks scheduled from follow-on schedule check
[2023-12-08T18:01:00.313+0000] {taskinstance.py:1159} INFO - Dependencies all met for dep_context=non-requeueable deps ti=<TaskInstance: Allegheny_Co_Property_Sale_Transactions-v01.remove_unnecessary_columns.remove_unnecessary_columns.remove_PROPERTYSTATE_col scheduled__2023-12-01T00:00:00+00:00 [queued]>
[2023-12-08T18:01:00.318+0000] {taskinstance.py:1159} INFO - Dependencies all met for dep_context=requeueable deps ti=<TaskInstance: Allegheny_Co_Property_Sale_Transactions-v01.remove_unnecessary_columns.remove_unnecessary_columns.remove_PROPERTYSTATE_col scheduled__2023-12-01T00:00:00+00:00 [queued]>
[2023-12-08T18:01:00.319+0000] {taskinstance.py:1361} INFO - Starting attempt 1 of 6
[2023-12-08T18:01:00.328+0000] {taskinstance.py:1382} INFO - Executing <Task(PostgresOperator): remove_unnecessary_columns.remove_PROPERTYSTATE_col> on 2023-12-01 00:00:00+00:00
[2023-12-08T18:01:00.336+0000] {standard_task_runner.py:57} INFO - Started process 6753 to run task
[2023-12-08T18:01:00.341+0000] {standard_task_runner.py:84} INFO - Running: ['***', 'tasks', 'run', 'Allegheny_Co_Property_Sale_Transactions-v01.remove_unnecessary_columns', 'remove_unnecessary_columns.remove_PROPERTYSTATE_col', 'scheduled__2023-12-01T00:00:00+00:00', '--job-id', '80', '--raw', '--subdir', 'DAGS_FOLDER/Allegheny Co Property Sale Transactions.py', '--cfg-path', '/tmp/tmpkry67m2e']
[2023-12-08T18:01:00.344+0000] {standard_task_runner.py:85} INFO - Job 80: Subtask remove_unnecessary_columns.remove_PROPERTYSTATE_col
[2023-12-08T18:01:00.422+0000] {task_command.py:416} INFO - Running <TaskInstance: Allegheny_Co_Property_Sale_Transactions-v01.remove_unnecessary_columns.remove_unnecessary_columns.remove_PROPERTYSTATE_col scheduled__2023-12-01T00:00:00+00:00 [running]> on host 1fc866509645
[2023-12-08T18:01:00.512+0000] {taskinstance.py:1662} INFO - Exporting env vars: AIRFLOW_CTX_DAG_OWNER='dunnbc22' AIRFLOW_CTX_DAG_ID='Allegheny_Co_Property_Sale_Transactions-v01.remove_unnecessary_columns' AIRFLOW_CTX_TASK_ID='remove_unnecessary_columns.remove_PROPERTYSTATE_col' AIRFLOW_CTX_EXECUTION_DATE='2023-12-01T00:00:00+00:00' AIRFLOW_CTX_TRY_NUMBER='1' AIRFLOW_CTX_DAG_RUN_ID='scheduled__2023-12-01T00:00:00+00:00'
[2023-12-08T18:01:00.513+0000] {sql.py:274} INFO - Executing: -- table_name, column_name
ALTER TABLE allegheny_co_property_sale_transactions
DROP COLUMN PROPERTYSTATE;
[2023-12-08T18:01:00.525+0000] {base.py:73} INFO - Using connection ID 'postgres_conn' for task execution.
[2023-12-08T18:01:00.538+0000] {base.py:73} INFO - Using connection ID 'postgres_conn' for task execution.
[2023-12-08T18:01:00.549+0000] {sql.py:418} INFO - Running statement: -- table_name, column_name
ALTER TABLE allegheny_co_property_sale_transactions
DROP COLUMN PROPERTYSTATE;, parameters: None
[2023-12-08T18:01:00.568+0000] {taskinstance.py:1400} INFO - Marking task as SUCCESS. dag_id=Allegheny_Co_Property_Sale_Transactions-v01.remove_unnecessary_columns, task_id=remove_unnecessary_columns.remove_PROPERTYSTATE_col, execution_date=20231201T000000, start_date=20231208T180100, end_date=20231208T180100
[2023-12-08T18:01:00.600+0000] {local_task_job_runner.py:228} INFO - Task exited with return code 0
[2023-12-08T18:01:00.659+0000] {taskinstance.py:2778} INFO - 0 downstream tasks scheduled from follow-on schedule check
