[2023-12-11T05:48:07.241+0000] {taskinstance.py:1159} INFO - Dependencies all met for dep_context=non-requeueable deps ti=<TaskInstance: Electric_Vehicle_Population-v01.remove_unnecessary_columns.remove_unnecessary_columns.remove_BaseMSRP_col scheduled__2023-12-01T00:00:00+00:00 [queued]>
[2023-12-11T05:48:07.247+0000] {taskinstance.py:1159} INFO - Dependencies all met for dep_context=requeueable deps ti=<TaskInstance: Electric_Vehicle_Population-v01.remove_unnecessary_columns.remove_unnecessary_columns.remove_BaseMSRP_col scheduled__2023-12-01T00:00:00+00:00 [queued]>
[2023-12-11T05:48:07.247+0000] {taskinstance.py:1361} INFO - Starting attempt 1 of 6
[2023-12-11T05:48:07.257+0000] {taskinstance.py:1382} INFO - Executing <Task(PostgresOperator): remove_unnecessary_columns.remove_BaseMSRP_col> on 2023-12-01 00:00:00+00:00
[2023-12-11T05:48:07.261+0000] {standard_task_runner.py:57} INFO - Started process 466 to run task
[2023-12-11T05:48:07.264+0000] {standard_task_runner.py:84} INFO - Running: ['***', 'tasks', 'run', 'Electric_Vehicle_Population-v01.remove_unnecessary_columns', 'remove_unnecessary_columns.remove_BaseMSRP_col', 'scheduled__2023-12-01T00:00:00+00:00', '--job-id', '5', '--raw', '--subdir', 'DAGS_FOLDER/EV_Population.py', '--cfg-path', '/tmp/tmp1u_wzax4']
[2023-12-11T05:48:07.268+0000] {standard_task_runner.py:85} INFO - Job 5: Subtask remove_unnecessary_columns.remove_BaseMSRP_col
[2023-12-11T05:48:07.341+0000] {task_command.py:416} INFO - Running <TaskInstance: Electric_Vehicle_Population-v01.remove_unnecessary_columns.remove_unnecessary_columns.remove_BaseMSRP_col scheduled__2023-12-01T00:00:00+00:00 [running]> on host c7d0b77d8cb9
[2023-12-11T05:48:07.469+0000] {taskinstance.py:1662} INFO - Exporting env vars: AIRFLOW_CTX_DAG_OWNER='dunnbc22' AIRFLOW_CTX_DAG_ID='Electric_Vehicle_Population-v01.remove_unnecessary_columns' AIRFLOW_CTX_TASK_ID='remove_unnecessary_columns.remove_BaseMSRP_col' AIRFLOW_CTX_EXECUTION_DATE='2023-12-01T00:00:00+00:00' AIRFLOW_CTX_TRY_NUMBER='1' AIRFLOW_CTX_DAG_RUN_ID='scheduled__2023-12-01T00:00:00+00:00'
[2023-12-11T05:48:07.471+0000] {sql.py:274} INFO - Executing: -- table_name, column_name
ALTER TABLE ev_pop_pipe
DROP COLUMN BaseMSRP;
[2023-12-11T05:48:07.483+0000] {base.py:73} INFO - Using connection ID 'postgres_conn' for task execution.
[2023-12-11T05:48:07.516+0000] {base.py:73} INFO - Using connection ID 'postgres_conn' for task execution.
[2023-12-11T05:48:07.531+0000] {sql.py:418} INFO - Running statement: -- table_name, column_name
ALTER TABLE ev_pop_pipe
DROP COLUMN BaseMSRP;, parameters: None
[2023-12-11T05:48:07.543+0000] {taskinstance.py:1400} INFO - Marking task as SUCCESS. dag_id=Electric_Vehicle_Population-v01.remove_unnecessary_columns, task_id=remove_unnecessary_columns.remove_BaseMSRP_col, execution_date=20231201T000000, start_date=20231211T054807, end_date=20231211T054807
[2023-12-11T05:48:07.568+0000] {local_task_job_runner.py:228} INFO - Task exited with return code 0
[2023-12-11T05:48:07.601+0000] {taskinstance.py:2778} INFO - 0 downstream tasks scheduled from follow-on schedule check
