[2023-12-20T02:58:50.038+0000] {taskinstance.py:1159} INFO - Dependencies all met for dep_context=non-requeueable deps ti=<TaskInstance: Gourmet_Food_Procurement_Data-v01.create_dim_tables scheduled__2023-12-01T00:00:00+00:00 [queued]>
[2023-12-20T02:58:50.042+0000] {taskinstance.py:1159} INFO - Dependencies all met for dep_context=requeueable deps ti=<TaskInstance: Gourmet_Food_Procurement_Data-v01.create_dim_tables scheduled__2023-12-01T00:00:00+00:00 [queued]>
[2023-12-20T02:58:50.043+0000] {taskinstance.py:1361} INFO - Starting attempt 1 of 6
[2023-12-20T02:58:50.048+0000] {taskinstance.py:1382} INFO - Executing <Task(SubDagOperator): create_dim_tables> on 2023-12-01 00:00:00+00:00
[2023-12-20T02:58:50.051+0000] {standard_task_runner.py:57} INFO - Started process 2159 to run task
[2023-12-20T02:58:50.053+0000] {standard_task_runner.py:84} INFO - Running: ['***', 'tasks', 'run', 'Gourmet_Food_Procurement_Data-v01', 'create_dim_tables', 'scheduled__2023-12-01T00:00:00+00:00', '--job-id', '37', '--raw', '--subdir', 'DAGS_FOLDER/Gourmet_Food_Procurement_Data.py', '--cfg-path', '/tmp/tmpuajbabvl']
[2023-12-20T02:58:50.054+0000] {standard_task_runner.py:85} INFO - Job 37: Subtask create_dim_tables
[2023-12-20T02:58:50.084+0000] {task_command.py:416} INFO - Running <TaskInstance: Gourmet_Food_Procurement_Data-v01.create_dim_tables scheduled__2023-12-01T00:00:00+00:00 [running]> on host 069170cec93a
[2023-12-20T02:58:50.121+0000] {taskinstance.py:1662} INFO - Exporting env vars: AIRFLOW_CTX_DAG_OWNER='dunnbc22' AIRFLOW_CTX_DAG_ID='Gourmet_Food_Procurement_Data-v01' AIRFLOW_CTX_TASK_ID='create_dim_tables' AIRFLOW_CTX_EXECUTION_DATE='2023-12-01T00:00:00+00:00' AIRFLOW_CTX_TRY_NUMBER='1' AIRFLOW_CTX_DAG_RUN_ID='scheduled__2023-12-01T00:00:00+00:00'
[2023-12-20T02:58:50.125+0000] {logging_mixin.py:154} WARNING - /home/***/.local/lib/python3.8/site-packages/***/utils/context.py:206 AirflowContextDeprecationWarning: Accessing 'execution_date' from the template is deprecated and will be removed in a future version. Please use 'data_interval_start' or 'logical_date' instead.
[2023-12-20T02:58:50.141+0000] {subdag.py:172} INFO - Created DagRun: scheduled__2023-12-01T00:00:00+00:00
[2023-12-20T02:59:50.215+0000] {base.py:287} INFO - Success criteria met. Exiting.
[2023-12-20T02:59:50.229+0000] {subdag.py:187} INFO - Execution finished. State is success
[2023-12-20T02:59:50.243+0000] {taskinstance.py:1400} INFO - Marking task as SUCCESS. dag_id=Gourmet_Food_Procurement_Data-v01, task_id=create_dim_tables, execution_date=20231201T000000, start_date=20231220T025850, end_date=20231220T025950
[2023-12-20T02:59:50.259+0000] {local_task_job_runner.py:228} INFO - Task exited with return code 0
[2023-12-20T02:59:50.283+0000] {taskinstance.py:2778} INFO - 1 downstream tasks scheduled from follow-on schedule check
[2023-12-20T18:05:54.188+0000] {taskinstance.py:1159} INFO - Dependencies all met for dep_context=non-requeueable deps ti=<TaskInstance: Gourmet_Food_Procurement_Data-v01.create_dim_tables scheduled__2023-12-01T00:00:00+00:00 [queued]>
[2023-12-20T18:05:54.193+0000] {taskinstance.py:1159} INFO - Dependencies all met for dep_context=requeueable deps ti=<TaskInstance: Gourmet_Food_Procurement_Data-v01.create_dim_tables scheduled__2023-12-01T00:00:00+00:00 [queued]>
[2023-12-20T18:05:54.193+0000] {taskinstance.py:1361} INFO - Starting attempt 1 of 6
[2023-12-20T18:05:54.199+0000] {taskinstance.py:1382} INFO - Executing <Task(SubDagOperator): create_dim_tables> on 2023-12-01 00:00:00+00:00
[2023-12-20T18:05:54.202+0000] {standard_task_runner.py:57} INFO - Started process 1775 to run task
[2023-12-20T18:05:54.204+0000] {standard_task_runner.py:84} INFO - Running: ['***', 'tasks', 'run', 'Gourmet_Food_Procurement_Data-v01', 'create_dim_tables', 'scheduled__2023-12-01T00:00:00+00:00', '--job-id', '26', '--raw', '--subdir', 'DAGS_FOLDER/Gourmet_Food_Procurement_Data.py', '--cfg-path', '/tmp/tmpjf7w0rsy']
[2023-12-20T18:05:54.207+0000] {standard_task_runner.py:85} INFO - Job 26: Subtask create_dim_tables
[2023-12-20T18:05:54.237+0000] {task_command.py:416} INFO - Running <TaskInstance: Gourmet_Food_Procurement_Data-v01.create_dim_tables scheduled__2023-12-01T00:00:00+00:00 [running]> on host 064e84e7d61d
[2023-12-20T18:05:54.275+0000] {taskinstance.py:1662} INFO - Exporting env vars: AIRFLOW_CTX_DAG_OWNER='dunnbc22' AIRFLOW_CTX_DAG_ID='Gourmet_Food_Procurement_Data-v01' AIRFLOW_CTX_TASK_ID='create_dim_tables' AIRFLOW_CTX_EXECUTION_DATE='2023-12-01T00:00:00+00:00' AIRFLOW_CTX_TRY_NUMBER='1' AIRFLOW_CTX_DAG_RUN_ID='scheduled__2023-12-01T00:00:00+00:00'
[2023-12-20T18:05:54.278+0000] {logging_mixin.py:154} WARNING - /home/***/.local/lib/python3.8/site-packages/***/utils/context.py:206 AirflowContextDeprecationWarning: Accessing 'execution_date' from the template is deprecated and will be removed in a future version. Please use 'data_interval_start' or 'logical_date' instead.
[2023-12-20T18:05:54.295+0000] {subdag.py:172} INFO - Created DagRun: scheduled__2023-12-01T00:00:00+00:00
[2023-12-20T18:06:54.394+0000] {base.py:287} INFO - Success criteria met. Exiting.
[2023-12-20T18:06:54.407+0000] {subdag.py:187} INFO - Execution finished. State is success
[2023-12-20T18:06:54.420+0000] {taskinstance.py:1400} INFO - Marking task as SUCCESS. dag_id=Gourmet_Food_Procurement_Data-v01, task_id=create_dim_tables, execution_date=20231201T000000, start_date=20231220T180554, end_date=20231220T180654
[2023-12-20T18:06:54.478+0000] {local_task_job_runner.py:228} INFO - Task exited with return code 0
[2023-12-20T18:06:54.506+0000] {taskinstance.py:2778} INFO - 1 downstream tasks scheduled from follow-on schedule check
