[2023-12-13T02:26:35.204+0000] {taskinstance.py:1159} INFO - Dependencies all met for dep_context=non-requeueable deps ti=<TaskInstance: Travel_Insurance-v01.insert_fk_into_fact_table.insert_fk_col_in_fact_table_Agency_Type scheduled__2023-12-01T00:00:00+00:00 [queued]>
[2023-12-13T02:26:35.212+0000] {taskinstance.py:1159} INFO - Dependencies all met for dep_context=requeueable deps ti=<TaskInstance: Travel_Insurance-v01.insert_fk_into_fact_table.insert_fk_col_in_fact_table_Agency_Type scheduled__2023-12-01T00:00:00+00:00 [queued]>
[2023-12-13T02:26:35.213+0000] {taskinstance.py:1361} INFO - Starting attempt 1 of 6
[2023-12-13T02:26:35.222+0000] {taskinstance.py:1382} INFO - Executing <Task(PostgresOperator): insert_fk_col_in_fact_table_Agency_Type> on 2023-12-01 00:00:00+00:00
[2023-12-13T02:26:35.228+0000] {standard_task_runner.py:57} INFO - Started process 1089 to run task
[2023-12-13T02:26:35.231+0000] {standard_task_runner.py:84} INFO - Running: ['***', 'tasks', 'run', 'Travel_Insurance-v01.insert_fk_into_fact_table', 'insert_fk_col_in_fact_table_Agency_Type', 'scheduled__2023-12-01T00:00:00+00:00', '--job-id', '19', '--raw', '--subdir', 'DAGS_FOLDER/travel_insurance.py', '--cfg-path', '/tmp/tmp34__ha7d']
[2023-12-13T02:26:35.233+0000] {standard_task_runner.py:85} INFO - Job 19: Subtask insert_fk_col_in_fact_table_Agency_Type
[2023-12-13T02:26:35.282+0000] {task_command.py:416} INFO - Running <TaskInstance: Travel_Insurance-v01.insert_fk_into_fact_table.insert_fk_col_in_fact_table_Agency_Type scheduled__2023-12-01T00:00:00+00:00 [running]> on host 6ed43b55b006
[2023-12-13T02:26:35.351+0000] {taskinstance.py:1662} INFO - Exporting env vars: AIRFLOW_CTX_DAG_OWNER='dunnbc22' AIRFLOW_CTX_DAG_ID='Travel_Insurance-v01.insert_fk_into_fact_table' AIRFLOW_CTX_TASK_ID='insert_fk_col_in_fact_table_Agency_Type' AIRFLOW_CTX_EXECUTION_DATE='2023-12-01T00:00:00+00:00' AIRFLOW_CTX_TRY_NUMBER='1' AIRFLOW_CTX_DAG_RUN_ID='scheduled__2023-12-01T00:00:00+00:00'
[2023-12-13T02:26:35.353+0000] {sql.py:274} INFO - Executing: -- params: table_name, dimension_col

/*
Steps 1-3 were completed in the create_dim_table.sql 
file & associated PostgresOperator
*/


-- Step 4: Add foreign key column to fact table
ALTER TABLE travel_insurance_pipe
ADD COLUMN Agency_Type_id INTEGER;

-- Step 4: Update foreign key column to fact table with 
-- appropriate id (that matches with dim table)
UPDATE travel_insurance_pipe
SET Agency_Type_id = dimension_table_Agency_Type.id
FROM dimension_table_Agency_Type
WHERE COALESCE(travel_insurance_pipe.Agency_Type::text, '') = COALESCE(dimension_table_Agency_Type.Agency_Type::text, '');
[2023-12-13T02:26:35.363+0000] {base.py:73} INFO - Using connection ID 'postgres_conn' for task execution.
[2023-12-13T02:26:35.374+0000] {base.py:73} INFO - Using connection ID 'postgres_conn' for task execution.
[2023-12-13T02:26:35.388+0000] {sql.py:418} INFO - Running statement: -- params: table_name, dimension_col

/*
Steps 1-3 were completed in the create_dim_table.sql 
file & associated PostgresOperator
*/


-- Step 4: Add foreign key column to fact table
ALTER TABLE travel_insurance_pipe
ADD COLUMN Agency_Type_id INTEGER;

-- Step 4: Update foreign key column to fact table with 
-- appropriate id (that matches with dim table)
UPDATE travel_insurance_pipe
SET Agency_Type_id = dimension_table_Agency_Type.id
FROM dimension_table_Agency_Type
WHERE COALESCE(travel_insurance_pipe.Agency_Type::text, '') = COALESCE(dimension_table_Agency_Type.Agency_Type::text, '');, parameters: None
[2023-12-13T02:26:35.552+0000] {sql.py:427} INFO - Rows affected: 55904
[2023-12-13T02:26:35.564+0000] {taskinstance.py:1400} INFO - Marking task as SUCCESS. dag_id=Travel_Insurance-v01.insert_fk_into_fact_table, task_id=insert_fk_col_in_fact_table_Agency_Type, execution_date=20231201T000000, start_date=20231213T022635, end_date=20231213T022635
[2023-12-13T02:26:35.614+0000] {local_task_job_runner.py:228} INFO - Task exited with return code 0
[2023-12-13T02:26:35.631+0000] {taskinstance.py:2778} INFO - 0 downstream tasks scheduled from follow-on schedule check
