[2023-12-21T16:44:34.581+0000] {taskinstance.py:1159} INFO - Dependencies all met for dep_context=non-requeueable deps ti=<TaskInstance: Loan_Prediction-v01.remove_replaced_dim_cols.remove_original_Self_Employed_in_fact_table scheduled__2023-12-01T00:00:00+00:00 [queued]>
[2023-12-21T16:44:34.594+0000] {taskinstance.py:1159} INFO - Dependencies all met for dep_context=requeueable deps ti=<TaskInstance: Loan_Prediction-v01.remove_replaced_dim_cols.remove_original_Self_Employed_in_fact_table scheduled__2023-12-01T00:00:00+00:00 [queued]>
[2023-12-21T16:44:34.595+0000] {taskinstance.py:1361} INFO - Starting attempt 1 of 6
[2023-12-21T16:44:34.611+0000] {taskinstance.py:1382} INFO - Executing <Task(PostgresOperator): remove_original_Self_Employed_in_fact_table> on 2023-12-01 00:00:00+00:00
[2023-12-21T16:44:34.616+0000] {standard_task_runner.py:57} INFO - Started process 2367 to run task
[2023-12-21T16:44:34.620+0000] {standard_task_runner.py:84} INFO - Running: ['***', 'tasks', 'run', 'Loan_Prediction-v01.remove_replaced_dim_cols', 'remove_original_Self_Employed_in_fact_table', 'scheduled__2023-12-01T00:00:00+00:00', '--job-id', '48', '--raw', '--subdir', 'DAGS_FOLDER/Loan_Prediction.py', '--cfg-path', '/tmp/tmpybllu5vo']
[2023-12-21T16:44:34.622+0000] {standard_task_runner.py:85} INFO - Job 48: Subtask remove_original_Self_Employed_in_fact_table
[2023-12-21T16:44:34.671+0000] {task_command.py:416} INFO - Running <TaskInstance: Loan_Prediction-v01.remove_replaced_dim_cols.remove_original_Self_Employed_in_fact_table scheduled__2023-12-01T00:00:00+00:00 [running]> on host 56b600c92613
[2023-12-21T16:44:34.746+0000] {taskinstance.py:1662} INFO - Exporting env vars: AIRFLOW_CTX_DAG_OWNER='dunnbc22' AIRFLOW_CTX_DAG_ID='Loan_Prediction-v01.remove_replaced_dim_cols' AIRFLOW_CTX_TASK_ID='remove_original_Self_Employed_in_fact_table' AIRFLOW_CTX_EXECUTION_DATE='2023-12-01T00:00:00+00:00' AIRFLOW_CTX_TRY_NUMBER='1' AIRFLOW_CTX_DAG_RUN_ID='scheduled__2023-12-01T00:00:00+00:00'
[2023-12-21T16:44:34.747+0000] {sql.py:274} INFO - Executing: -- table_name, column_name
ALTER TABLE loan_prediction_pipe
DROP COLUMN Self_Employed;
[2023-12-21T16:44:34.756+0000] {base.py:73} INFO - Using connection ID 'postgres_conn' for task execution.
[2023-12-21T16:44:34.769+0000] {base.py:73} INFO - Using connection ID 'postgres_conn' for task execution.
[2023-12-21T16:44:34.783+0000] {sql.py:418} INFO - Running statement: -- table_name, column_name
ALTER TABLE loan_prediction_pipe
DROP COLUMN Self_Employed;, parameters: None
[2023-12-21T16:44:34.798+0000] {taskinstance.py:1400} INFO - Marking task as SUCCESS. dag_id=Loan_Prediction-v01.remove_replaced_dim_cols, task_id=remove_original_Self_Employed_in_fact_table, execution_date=20231201T000000, start_date=20231221T164434, end_date=20231221T164434
[2023-12-21T16:44:34.833+0000] {local_task_job_runner.py:228} INFO - Task exited with return code 0
[2023-12-21T16:44:34.849+0000] {taskinstance.py:2778} INFO - 0 downstream tasks scheduled from follow-on schedule check
