[2023-12-21T22:43:01.399+0000] {taskinstance.py:1159} INFO - Dependencies all met for dep_context=non-requeueable deps ti=<TaskInstance: market_segmentation-v01.remove_unnecessary_columns.remove_unnecessary_columns.remove_CUST_ID_col scheduled__2023-12-01T00:00:00+00:00 [queued]>
[2023-12-21T22:43:01.402+0000] {taskinstance.py:1159} INFO - Dependencies all met for dep_context=requeueable deps ti=<TaskInstance: market_segmentation-v01.remove_unnecessary_columns.remove_unnecessary_columns.remove_CUST_ID_col scheduled__2023-12-01T00:00:00+00:00 [queued]>
[2023-12-21T22:43:01.403+0000] {taskinstance.py:1361} INFO - Starting attempt 1 of 6
[2023-12-21T22:43:01.408+0000] {taskinstance.py:1382} INFO - Executing <Task(PostgresOperator): remove_unnecessary_columns.remove_CUST_ID_col> on 2023-12-01 00:00:00+00:00
[2023-12-21T22:43:01.411+0000] {standard_task_runner.py:57} INFO - Started process 496 to run task
[2023-12-21T22:43:01.413+0000] {standard_task_runner.py:84} INFO - Running: ['***', 'tasks', 'run', 'market_segmentation-v01.remove_unnecessary_columns', 'remove_unnecessary_columns.remove_CUST_ID_col', 'scheduled__2023-12-01T00:00:00+00:00', '--job-id', '5', '--raw', '--subdir', 'DAGS_FOLDER/market_seg.py', '--cfg-path', '/tmp/tmpbbfauhy5']
[2023-12-21T22:43:01.414+0000] {standard_task_runner.py:85} INFO - Job 5: Subtask remove_unnecessary_columns.remove_CUST_ID_col
[2023-12-21T22:43:01.442+0000] {task_command.py:416} INFO - Running <TaskInstance: market_segmentation-v01.remove_unnecessary_columns.remove_unnecessary_columns.remove_CUST_ID_col scheduled__2023-12-01T00:00:00+00:00 [running]> on host e6e35bdeae40
[2023-12-21T22:43:01.481+0000] {taskinstance.py:1662} INFO - Exporting env vars: AIRFLOW_CTX_DAG_OWNER='dunnbc22' AIRFLOW_CTX_DAG_ID='market_segmentation-v01.remove_unnecessary_columns' AIRFLOW_CTX_TASK_ID='remove_unnecessary_columns.remove_CUST_ID_col' AIRFLOW_CTX_EXECUTION_DATE='2023-12-01T00:00:00+00:00' AIRFLOW_CTX_TRY_NUMBER='1' AIRFLOW_CTX_DAG_RUN_ID='scheduled__2023-12-01T00:00:00+00:00'
[2023-12-21T22:43:01.481+0000] {sql.py:274} INFO - Executing: -- table_name, column_name
ALTER TABLE market_segm_pipe
DROP COLUMN CUST_ID;
[2023-12-21T22:43:01.487+0000] {base.py:73} INFO - Using connection ID 'postgres_conn' for task execution.
[2023-12-21T22:43:01.493+0000] {base.py:73} INFO - Using connection ID 'postgres_conn' for task execution.
[2023-12-21T22:43:01.497+0000] {sql.py:418} INFO - Running statement: -- table_name, column_name
ALTER TABLE market_segm_pipe
DROP COLUMN CUST_ID;, parameters: None
[2023-12-21T22:43:01.507+0000] {taskinstance.py:1400} INFO - Marking task as SUCCESS. dag_id=market_segmentation-v01.remove_unnecessary_columns, task_id=remove_unnecessary_columns.remove_CUST_ID_col, execution_date=20231201T000000, start_date=20231221T224301, end_date=20231221T224301
[2023-12-21T22:43:01.548+0000] {local_task_job_runner.py:228} INFO - Task exited with return code 0
[2023-12-21T22:43:01.560+0000] {taskinstance.py:2778} INFO - 0 downstream tasks scheduled from follow-on schedule check
