[2023-12-20T02:10:33.288+0000] {taskinstance.py:1159} INFO - Dependencies all met for dep_context=non-requeueable deps ti=<TaskInstance: Caravan_Insurance_Challenge_Project-v01.remove_single_value_columns.remove_single_value_columns scheduled__2023-12-01T00:00:00+00:00 [queued]>
[2023-12-20T02:10:33.291+0000] {taskinstance.py:1159} INFO - Dependencies all met for dep_context=requeueable deps ti=<TaskInstance: Caravan_Insurance_Challenge_Project-v01.remove_single_value_columns.remove_single_value_columns scheduled__2023-12-01T00:00:00+00:00 [queued]>
[2023-12-20T02:10:33.291+0000] {taskinstance.py:1361} INFO - Starting attempt 5 of 6
[2023-12-20T02:10:33.297+0000] {taskinstance.py:1382} INFO - Executing <Task(PythonOperator): remove_single_value_columns> on 2023-12-01 00:00:00+00:00
[2023-12-20T02:10:33.299+0000] {standard_task_runner.py:57} INFO - Started process 1185 to run task
[2023-12-20T02:10:33.301+0000] {standard_task_runner.py:84} INFO - Running: ['***', 'tasks', 'run', 'Caravan_Insurance_Challenge_Project-v01.remove_single_value_columns', 'remove_single_value_columns', 'scheduled__2023-12-01T00:00:00+00:00', '--job-id', '11', '--raw', '--subdir', 'DAGS_FOLDER/Caravan Insurance Challenge.py', '--cfg-path', '/tmp/tmpf4fz_d6y']
[2023-12-20T02:10:33.303+0000] {standard_task_runner.py:85} INFO - Job 11: Subtask remove_single_value_columns
[2023-12-20T02:10:33.331+0000] {task_command.py:416} INFO - Running <TaskInstance: Caravan_Insurance_Challenge_Project-v01.remove_single_value_columns.remove_single_value_columns scheduled__2023-12-01T00:00:00+00:00 [running]> on host 32d3fe7a7987
[2023-12-20T02:10:33.369+0000] {taskinstance.py:1662} INFO - Exporting env vars: AIRFLOW_CTX_DAG_OWNER='dunnbc22' AIRFLOW_CTX_DAG_ID='Caravan_Insurance_Challenge_Project-v01.remove_single_value_columns' AIRFLOW_CTX_TASK_ID='remove_single_value_columns' AIRFLOW_CTX_EXECUTION_DATE='2023-12-01T00:00:00+00:00' AIRFLOW_CTX_TRY_NUMBER='5' AIRFLOW_CTX_DAG_RUN_ID='scheduled__2023-12-01T00:00:00+00:00'
[2023-12-20T02:10:33.370+0000] {taskinstance.py:1937} ERROR - Task failed with exception
Traceback (most recent call last):
  File "/home/airflow/.local/lib/python3.8/site-packages/airflow/operators/python.py", line 192, in execute
    return_value = self.execute_callable()
  File "/home/airflow/.local/lib/python3.8/site-packages/airflow/operators/python.py", line 209, in execute_callable
    return self.python_callable(*self.op_args, **self.op_kwargs)
TypeError: remove_single_value_columns() missing 1 required positional argument: 'postgres_conn_name'
[2023-12-20T02:10:33.376+0000] {taskinstance.py:1400} INFO - Marking task as UP_FOR_RETRY. dag_id=Caravan_Insurance_Challenge_Project-v01.remove_single_value_columns, task_id=remove_single_value_columns, execution_date=20231201T000000, start_date=20231220T021033, end_date=20231220T021033
[2023-12-20T02:10:33.380+0000] {standard_task_runner.py:104} ERROR - Failed to execute job 11 for task remove_single_value_columns (remove_single_value_columns() missing 1 required positional argument: 'postgres_conn_name'; 1185)
[2023-12-20T02:10:33.398+0000] {local_task_job_runner.py:228} INFO - Task exited with return code 1
[2023-12-20T02:10:33.408+0000] {taskinstance.py:2778} INFO - 0 downstream tasks scheduled from follow-on schedule check
