[2023-12-12T19:33:54.205+0000] {taskinstance.py:1159} INFO - Dependencies all met for dep_context=non-requeueable deps ti=<TaskInstance: pred_accident_risk_score_unique_postcodes-v01.generate_date_parts scheduled__2023-12-01T00:00:00+00:00 [queued]>
[2023-12-12T19:33:54.209+0000] {taskinstance.py:1159} INFO - Dependencies all met for dep_context=requeueable deps ti=<TaskInstance: pred_accident_risk_score_unique_postcodes-v01.generate_date_parts scheduled__2023-12-01T00:00:00+00:00 [queued]>
[2023-12-12T19:33:54.209+0000] {taskinstance.py:1361} INFO - Starting attempt 1 of 6
[2023-12-12T19:33:54.215+0000] {taskinstance.py:1382} INFO - Executing <Task(PostgresOperator): generate_date_parts> on 2023-12-01 00:00:00+00:00
[2023-12-12T19:33:54.217+0000] {standard_task_runner.py:57} INFO - Started process 357 to run task
[2023-12-12T19:33:54.219+0000] {standard_task_runner.py:84} INFO - Running: ['***', 'tasks', 'run', 'pred_accident_risk_score_unique_postcodes-v01', 'generate_date_parts', 'scheduled__2023-12-01T00:00:00+00:00', '--job-id', '8', '--raw', '--subdir', 'DAGS_FOLDER/Predict_Accident_Risk_Score_For_Unique_Postcodes.py', '--cfg-path', '/tmp/tmplfzmkwyx']
[2023-12-12T19:33:54.220+0000] {standard_task_runner.py:85} INFO - Job 8: Subtask generate_date_parts
[2023-12-12T19:33:54.250+0000] {task_command.py:416} INFO - Running <TaskInstance: pred_accident_risk_score_unique_postcodes-v01.generate_date_parts scheduled__2023-12-01T00:00:00+00:00 [running]> on host 79e6b838224c
[2023-12-12T19:33:54.289+0000] {taskinstance.py:1662} INFO - Exporting env vars: AIRFLOW_CTX_DAG_OWNER='dunnbc22' AIRFLOW_CTX_DAG_ID='pred_accident_risk_score_unique_postcodes-v01' AIRFLOW_CTX_TASK_ID='generate_date_parts' AIRFLOW_CTX_EXECUTION_DATE='2023-12-01T00:00:00+00:00' AIRFLOW_CTX_TRY_NUMBER='1' AIRFLOW_CTX_DAG_RUN_ID='scheduled__2023-12-01T00:00:00+00:00'
[2023-12-12T19:33:54.290+0000] {sql.py:274} INFO - Executing: -- params: table_name, col_name, month_col_name, year_col_name, dom_col_name

-- Add columns
ALTER TABLE predict_accident_risk_pipe
ADD COLUMN IF NOT EXISTS Event_Date_month INTEGER, 
ADD COLUMN IF NOT EXISTS Event_Dateyear INTEGER, 
ADD COLUMN IF NOT EXISTS Event_Date_day_of_month INTEGER;

-- fill columns with their proper values
UPDATE predict_accident_risk_pipe
SET 
    Event_Date_month = EXTRACT(MONTH FROM Event_Date),
    Event_Dateyear = EXTRACT(YEAR FROM Event_Date),
    Event_Date_day_of_month = EXTRACT(DAY FROM Event_Date);
[2023-12-12T19:33:54.296+0000] {base.py:73} INFO - Using connection ID 'postgres_conn' for task execution.
[2023-12-12T19:33:54.302+0000] {base.py:73} INFO - Using connection ID 'postgres_conn' for task execution.
[2023-12-12T19:33:54.307+0000] {sql.py:418} INFO - Running statement: -- params: table_name, col_name, month_col_name, year_col_name, dom_col_name

-- Add columns
ALTER TABLE predict_accident_risk_pipe
ADD COLUMN IF NOT EXISTS Event_Date_month INTEGER, 
ADD COLUMN IF NOT EXISTS Event_Dateyear INTEGER, 
ADD COLUMN IF NOT EXISTS Event_Date_day_of_month INTEGER;

-- fill columns with their proper values
UPDATE predict_accident_risk_pipe
SET 
    Event_Date_month = EXTRACT(MONTH FROM Event_Date),
    Event_Dateyear = EXTRACT(YEAR FROM Event_Date),
    Event_Date_day_of_month = EXTRACT(DAY FROM Event_Date);, parameters: None
[2023-12-12T19:33:56.998+0000] {sql.py:427} INFO - Rows affected: 478741
[2023-12-12T19:33:57.007+0000] {taskinstance.py:1400} INFO - Marking task as SUCCESS. dag_id=pred_accident_risk_score_unique_postcodes-v01, task_id=generate_date_parts, execution_date=20231201T000000, start_date=20231212T193354, end_date=20231212T193357
[2023-12-12T19:33:57.035+0000] {local_task_job_runner.py:228} INFO - Task exited with return code 0
[2023-12-12T19:33:57.071+0000] {taskinstance.py:2778} INFO - 1 downstream tasks scheduled from follow-on schedule check
