[2023-12-12T18:05:16.801+0000] {taskinstance.py:1159} INFO - Dependencies all met for dep_context=non-requeueable deps ti=<TaskInstance: ppp_via_foia-v01.remove_replaced_dim_cols.remove_original_NonProfit_in_fact_table scheduled__2023-12-01T00:00:00+00:00 [queued]>
[2023-12-12T18:05:16.832+0000] {taskinstance.py:1159} INFO - Dependencies all met for dep_context=requeueable deps ti=<TaskInstance: ppp_via_foia-v01.remove_replaced_dim_cols.remove_original_NonProfit_in_fact_table scheduled__2023-12-01T00:00:00+00:00 [queued]>
[2023-12-12T18:05:16.843+0000] {taskinstance.py:1361} INFO - Starting attempt 1 of 6
[2023-12-12T18:05:16.894+0000] {taskinstance.py:1382} INFO - Executing <Task(PostgresOperator): remove_original_NonProfit_in_fact_table> on 2023-12-01 00:00:00+00:00
[2023-12-12T18:05:16.924+0000] {standard_task_runner.py:57} INFO - Started process 2555 to run task
[2023-12-12T18:05:16.938+0000] {standard_task_runner.py:84} INFO - Running: ['***', 'tasks', 'run', 'ppp_via_foia-v01.remove_replaced_dim_cols', 'remove_original_NonProfit_in_fact_table', 'scheduled__2023-12-01T00:00:00+00:00', '--job-id', '95', '--raw', '--subdir', 'DAGS_FOLDER/ppp_via_foia.py', '--cfg-path', '/tmp/tmpnxi9iwun']
[2023-12-12T18:05:16.946+0000] {standard_task_runner.py:85} INFO - Job 95: Subtask remove_original_NonProfit_in_fact_table
[2023-12-12T18:05:17.162+0000] {task_command.py:416} INFO - Running <TaskInstance: ppp_via_foia-v01.remove_replaced_dim_cols.remove_original_NonProfit_in_fact_table scheduled__2023-12-01T00:00:00+00:00 [running]> on host edee10095410
[2023-12-12T18:05:17.320+0000] {taskinstance.py:1662} INFO - Exporting env vars: AIRFLOW_CTX_DAG_OWNER='dunnbc22' AIRFLOW_CTX_DAG_ID='ppp_via_foia-v01.remove_replaced_dim_cols' AIRFLOW_CTX_TASK_ID='remove_original_NonProfit_in_fact_table' AIRFLOW_CTX_EXECUTION_DATE='2023-12-01T00:00:00+00:00' AIRFLOW_CTX_TRY_NUMBER='1' AIRFLOW_CTX_DAG_RUN_ID='scheduled__2023-12-01T00:00:00+00:00'
[2023-12-12T18:05:17.322+0000] {sql.py:274} INFO - Executing: -- table_name, column_name
ALTER TABLE ppp_via_foia_pipe
DROP COLUMN NonProfit;
[2023-12-12T18:05:17.335+0000] {base.py:73} INFO - Using connection ID 'postgres_conn' for task execution.
[2023-12-12T18:05:17.349+0000] {base.py:73} INFO - Using connection ID 'postgres_conn' for task execution.
[2023-12-12T18:05:17.357+0000] {sql.py:418} INFO - Running statement: -- table_name, column_name
ALTER TABLE ppp_via_foia_pipe
DROP COLUMN NonProfit;, parameters: None
[2023-12-12T18:05:18.239+0000] {taskinstance.py:1400} INFO - Marking task as SUCCESS. dag_id=ppp_via_foia-v01.remove_replaced_dim_cols, task_id=remove_original_NonProfit_in_fact_table, execution_date=20231201T000000, start_date=20231212T180516, end_date=20231212T180518
[2023-12-12T18:05:18.256+0000] {local_task_job_runner.py:228} INFO - Task exited with return code 0
[2023-12-12T18:05:18.358+0000] {taskinstance.py:2778} INFO - 0 downstream tasks scheduled from follow-on schedule check
