[2024-02-02T17:13:18.960+0000] {taskinstance.py:1159} INFO - Dependencies all met for dep_context=non-requeueable deps ti=<TaskInstance: flight_data_postgres_to_mysql.remove_unneeded_cols.remove_unneeded_cols.remove_duplicate_value_col scheduled__2024-01-01T00:00:00+00:00 [queued]>
[2024-02-02T17:13:18.964+0000] {taskinstance.py:1159} INFO - Dependencies all met for dep_context=requeueable deps ti=<TaskInstance: flight_data_postgres_to_mysql.remove_unneeded_cols.remove_unneeded_cols.remove_duplicate_value_col scheduled__2024-01-01T00:00:00+00:00 [queued]>
[2024-02-02T17:13:18.964+0000] {taskinstance.py:1361} INFO - Starting attempt 1 of 6
[2024-02-02T17:13:18.970+0000] {taskinstance.py:1382} INFO - Executing <Task(PostgresOperator): remove_unneeded_cols.remove_duplicate_value_col> on 2024-01-01 00:00:00+00:00
[2024-02-02T17:13:18.972+0000] {standard_task_runner.py:57} INFO - Started process 546 to run task
[2024-02-02T17:13:18.974+0000] {standard_task_runner.py:84} INFO - Running: ['***', 'tasks', 'run', 'flight_data_postgres_to_mysql.remove_unneeded_cols', 'remove_unneeded_cols.remove_duplicate_value_col', 'scheduled__2024-01-01T00:00:00+00:00', '--job-id', '10', '--raw', '--subdir', 'DAGS_FOLDER/Flight_Files_Analysis.py', '--cfg-path', '/tmp/tmp3ei6201d']
[2024-02-02T17:13:18.976+0000] {standard_task_runner.py:85} INFO - Job 10: Subtask remove_unneeded_cols.remove_duplicate_value_col
[2024-02-02T17:13:19.008+0000] {task_command.py:416} INFO - Running <TaskInstance: flight_data_postgres_to_mysql.remove_unneeded_cols.remove_unneeded_cols.remove_duplicate_value_col scheduled__2024-01-01T00:00:00+00:00 [running]> on host 122144057b92
[2024-02-02T17:13:19.053+0000] {taskinstance.py:1662} INFO - Exporting env vars: AIRFLOW_CTX_DAG_OWNER='dunnbc22' AIRFLOW_CTX_DAG_ID='flight_data_postgres_to_mysql.remove_unneeded_cols' AIRFLOW_CTX_TASK_ID='remove_unneeded_cols.remove_duplicate_value_col' AIRFLOW_CTX_EXECUTION_DATE='2024-01-01T00:00:00+00:00' AIRFLOW_CTX_TRY_NUMBER='1' AIRFLOW_CTX_DAG_RUN_ID='scheduled__2024-01-01T00:00:00+00:00'
[2024-02-02T17:13:19.054+0000] {sql.py:274} INFO - Executing: -- table_name, column_name
ALTER TABLE flight_data_pipe
DROP COLUMN duplicate_value;
[2024-02-02T17:13:19.060+0000] {base.py:73} INFO - Using connection ID 'postgres_conn' for task execution.
[2024-02-02T17:13:19.066+0000] {base.py:73} INFO - Using connection ID 'postgres_conn' for task execution.
[2024-02-02T17:13:19.072+0000] {sql.py:418} INFO - Running statement: -- table_name, column_name
ALTER TABLE flight_data_pipe
DROP COLUMN duplicate_value;, parameters: None
[2024-02-02T17:13:19.081+0000] {taskinstance.py:1400} INFO - Marking task as SUCCESS. dag_id=flight_data_postgres_to_mysql.remove_unneeded_cols, task_id=remove_unneeded_cols.remove_duplicate_value_col, execution_date=20240101T000000, start_date=20240202T171318, end_date=20240202T171319
[2024-02-02T17:13:19.108+0000] {local_task_job_runner.py:228} INFO - Task exited with return code 0
[2024-02-02T17:13:19.120+0000] {taskinstance.py:2778} INFO - 0 downstream tasks scheduled from follow-on schedule check
