[2023-12-21T16:14:06.096+0000] {taskinstance.py:1159} INFO - Dependencies all met for dep_context=non-requeueable deps ti=<TaskInstance: Insurance_Fraud-v01.remove_id_column scheduled__2023-12-01T00:00:00+00:00 [queued]>
[2023-12-21T16:14:06.101+0000] {taskinstance.py:1159} INFO - Dependencies all met for dep_context=requeueable deps ti=<TaskInstance: Insurance_Fraud-v01.remove_id_column scheduled__2023-12-01T00:00:00+00:00 [queued]>
[2023-12-21T16:14:06.102+0000] {taskinstance.py:1361} INFO - Starting attempt 1 of 6
[2023-12-21T16:14:06.107+0000] {taskinstance.py:1382} INFO - Executing <Task(PostgresOperator): remove_id_column> on 2023-12-01 00:00:00+00:00
[2023-12-21T16:14:06.109+0000] {standard_task_runner.py:57} INFO - Started process 666 to run task
[2023-12-21T16:14:06.112+0000] {standard_task_runner.py:84} INFO - Running: ['***', 'tasks', 'run', 'Insurance_Fraud-v01', 'remove_id_column', 'scheduled__2023-12-01T00:00:00+00:00', '--job-id', '10', '--raw', '--subdir', 'DAGS_FOLDER/Insurance_Fraud.py', '--cfg-path', '/tmp/tmpkvpq5fsn']
[2023-12-21T16:14:06.114+0000] {standard_task_runner.py:85} INFO - Job 10: Subtask remove_id_column
[2023-12-21T16:14:06.144+0000] {task_command.py:416} INFO - Running <TaskInstance: Insurance_Fraud-v01.remove_id_column scheduled__2023-12-01T00:00:00+00:00 [running]> on host 8e15cdf87c56
[2023-12-21T16:14:06.182+0000] {taskinstance.py:1662} INFO - Exporting env vars: AIRFLOW_CTX_DAG_OWNER='dunnbc22' AIRFLOW_CTX_DAG_ID='Insurance_Fraud-v01' AIRFLOW_CTX_TASK_ID='remove_id_column' AIRFLOW_CTX_EXECUTION_DATE='2023-12-01T00:00:00+00:00' AIRFLOW_CTX_TRY_NUMBER='1' AIRFLOW_CTX_DAG_RUN_ID='scheduled__2023-12-01T00:00:00+00:00'
[2023-12-21T16:14:06.183+0000] {sql.py:274} INFO - Executing: 
        ALTER TABLE insurance_fraud_pipeline
        DROP COLUMN id_col;
        
[2023-12-21T16:14:06.188+0000] {base.py:73} INFO - Using connection ID 'postgres_conn' for task execution.
[2023-12-21T16:14:06.194+0000] {base.py:73} INFO - Using connection ID 'postgres_conn' for task execution.
[2023-12-21T16:14:06.199+0000] {sql.py:418} INFO - Running statement: 
        ALTER TABLE insurance_fraud_pipeline
        DROP COLUMN id_col;
        , parameters: None
[2023-12-21T16:14:06.208+0000] {taskinstance.py:1400} INFO - Marking task as SUCCESS. dag_id=Insurance_Fraud-v01, task_id=remove_id_column, execution_date=20231201T000000, start_date=20231221T161406, end_date=20231221T161406
[2023-12-21T16:14:06.244+0000] {local_task_job_runner.py:228} INFO - Task exited with return code 0
[2023-12-21T16:14:06.270+0000] {taskinstance.py:2778} INFO - 1 downstream tasks scheduled from follow-on schedule check
