[2023-12-19T04:54:07.483+0000] {taskinstance.py:1159} INFO - Dependencies all met for dep_context=non-requeueable deps ti=<TaskInstance: bank_and_cc_complaints-v01.remove_unnecessary_columns.remove_unnecessary_columns.remove_complaint_id_col scheduled__2023-12-01T00:00:00+00:00 [queued]>
[2023-12-19T04:54:07.493+0000] {taskinstance.py:1159} INFO - Dependencies all met for dep_context=requeueable deps ti=<TaskInstance: bank_and_cc_complaints-v01.remove_unnecessary_columns.remove_unnecessary_columns.remove_complaint_id_col scheduled__2023-12-01T00:00:00+00:00 [queued]>
[2023-12-19T04:54:07.494+0000] {taskinstance.py:1361} INFO - Starting attempt 1 of 6
[2023-12-19T04:54:07.505+0000] {taskinstance.py:1382} INFO - Executing <Task(PostgresOperator): remove_unnecessary_columns.remove_complaint_id_col> on 2023-12-01 00:00:00+00:00
[2023-12-19T04:54:07.509+0000] {standard_task_runner.py:57} INFO - Started process 476 to run task
[2023-12-19T04:54:07.513+0000] {standard_task_runner.py:84} INFO - Running: ['***', 'tasks', 'run', 'bank_and_cc_complaints-v01.remove_unnecessary_columns', 'remove_unnecessary_columns.remove_complaint_id_col', 'scheduled__2023-12-01T00:00:00+00:00', '--job-id', '5', '--raw', '--subdir', 'DAGS_FOLDER/bank_and_cc_complaints.py', '--cfg-path', '/tmp/tmpq346885z']
[2023-12-19T04:54:07.516+0000] {standard_task_runner.py:85} INFO - Job 5: Subtask remove_unnecessary_columns.remove_complaint_id_col
[2023-12-19T04:54:07.579+0000] {task_command.py:416} INFO - Running <TaskInstance: bank_and_cc_complaints-v01.remove_unnecessary_columns.remove_unnecessary_columns.remove_complaint_id_col scheduled__2023-12-01T00:00:00+00:00 [running]> on host 2ee4b7dc3cc7
[2023-12-19T04:54:07.650+0000] {taskinstance.py:1662} INFO - Exporting env vars: AIRFLOW_CTX_DAG_OWNER='dunnbc22' AIRFLOW_CTX_DAG_ID='bank_and_cc_complaints-v01.remove_unnecessary_columns' AIRFLOW_CTX_TASK_ID='remove_unnecessary_columns.remove_complaint_id_col' AIRFLOW_CTX_EXECUTION_DATE='2023-12-01T00:00:00+00:00' AIRFLOW_CTX_TRY_NUMBER='1' AIRFLOW_CTX_DAG_RUN_ID='scheduled__2023-12-01T00:00:00+00:00'
[2023-12-19T04:54:07.651+0000] {sql.py:274} INFO - Executing: -- table_name, column_name
ALTER TABLE ***_complaints
DROP COLUMN complaint_id;
[2023-12-19T04:54:07.663+0000] {base.py:73} INFO - Using connection ID 'postgres_conn' for task execution.
[2023-12-19T04:54:07.676+0000] {base.py:73} INFO - Using connection ID 'postgres_conn' for task execution.
[2023-12-19T04:54:07.684+0000] {sql.py:418} INFO - Running statement: -- table_name, column_name
ALTER TABLE ***_complaints
DROP COLUMN complaint_id;, parameters: None
[2023-12-19T04:54:07.699+0000] {taskinstance.py:1400} INFO - Marking task as SUCCESS. dag_id=bank_and_cc_complaints-v01.remove_unnecessary_columns, task_id=remove_unnecessary_columns.remove_complaint_id_col, execution_date=20231201T000000, start_date=20231219T045407, end_date=20231219T045407
[2023-12-19T04:54:07.727+0000] {local_task_job_runner.py:228} INFO - Task exited with return code 0
[2023-12-19T04:54:07.744+0000] {taskinstance.py:2778} INFO - 0 downstream tasks scheduled from follow-on schedule check
