[2023-12-19T04:00:03.995+0000] {manager.py:487} INFO - Processing files using up to 2 processes at a time 
[2023-12-19T04:00:04.007+0000] {manager.py:488} INFO - Process each file at most once every 30 seconds
[2023-12-19T04:00:04.015+0000] {manager.py:489} INFO - Checking for new files in /opt/airflow/dags every 300 seconds
[2023-12-19T04:00:04.021+0000] {manager.py:755} INFO - Searching for files in /opt/airflow/dags
[2023-12-19T04:00:04.134+0000] {manager.py:758} INFO - There are 7 files in /opt/airflow/dags
[2023-12-19T04:00:04.395+0000] {manager.py:887} INFO - 
================================================================================
DAG File Processing Stats

File Path                                                   PID  Runtime      # DAGs    # Errors  Last Runtime    Last Run
--------------------------------------------------------  -----  ---------  --------  ----------  --------------  ----------
/opt/airflow/dags/remove_outliers_1_5_iqr.py                                       0           0
/opt/airflow/dags/create_star_schema_part_1.py                                     0           0
/opt/airflow/dags/create_star_schema_part_2.py                                     0           0
/opt/airflow/dags/sub_dag_change_column_data_type.py        171  0.07s             0           0
/opt/airflow/dags/sub_dag_remove_multiple_columns.py                               0           0
/opt/airflow/dags/Analytics Olympiad 2022.py                168  0.08s             0           0
/opt/airflow/dags/clean_up_after_star_schema_creation.py                           0           0
================================================================================
[2023-12-19T04:00:35.014+0000] {manager.py:887} INFO - 
================================================================================
DAG File Processing Stats

File Path                                                   PID  Runtime      # DAGs    # Errors  Last Runtime    Last Run
--------------------------------------------------------  -----  ---------  --------  ----------  --------------  -------------------
/opt/airflow/dags/remove_outliers_1_5_iqr.py                                       0           0  0.11s           2023-12-19T04:00:04
/opt/airflow/dags/create_star_schema_part_1.py                                     0           0  0.06s           2023-12-19T04:00:04
/opt/airflow/dags/create_star_schema_part_2.py                                     0           0  0.11s           2023-12-19T04:00:04
/opt/airflow/dags/sub_dag_change_column_data_type.py        213  0.01s             0           1  0.11s           2023-12-19T04:00:04
/opt/airflow/dags/sub_dag_remove_multiple_columns.py                               0           0  0.08s           2023-12-19T04:00:04
/opt/airflow/dags/Analytics Olympiad 2022.py                210  0.04s             0           1  0.16s           2023-12-19T04:00:04
/opt/airflow/dags/clean_up_after_star_schema_creation.py                           0           0  0.07s           2023-12-19T04:00:04
================================================================================
[2023-12-19T04:01:05.741+0000] {manager.py:887} INFO - 
================================================================================
DAG File Processing Stats

File Path                                                   PID  Runtime      # DAGs    # Errors  Last Runtime    Last Run
--------------------------------------------------------  -----  ---------  --------  ----------  --------------  -------------------
/opt/airflow/dags/remove_outliers_1_5_iqr.py                                       0           0  0.05s           2023-12-19T04:00:35
/opt/airflow/dags/create_star_schema_part_1.py                                     0           0  0.04s           2023-12-19T04:00:35
/opt/airflow/dags/create_star_schema_part_2.py                                     0           0  0.04s           2023-12-19T04:00:35
/opt/airflow/dags/sub_dag_change_column_data_type.py        255  0.01s             0           1  0.10s           2023-12-19T04:00:35
/opt/airflow/dags/sub_dag_remove_multiple_columns.py                               0           0  0.04s           2023-12-19T04:00:35
/opt/airflow/dags/Analytics Olympiad 2022.py                252  0.07s             0           1  0.14s           2023-12-19T04:00:35
/opt/airflow/dags/clean_up_after_star_schema_creation.py                           0           0  0.04s           2023-12-19T04:00:35
================================================================================
[2023-12-19T04:01:36.183+0000] {manager.py:887} INFO - 
================================================================================
DAG File Processing Stats

File Path                                                   PID  Runtime      # DAGs    # Errors  Last Runtime    Last Run
--------------------------------------------------------  -----  ---------  --------  ----------  --------------  -------------------
/opt/airflow/dags/remove_outliers_1_5_iqr.py                                       0           0  0.05s           2023-12-19T04:01:05
/opt/airflow/dags/create_star_schema_part_1.py                                     0           0  0.05s           2023-12-19T04:01:05
/opt/airflow/dags/create_star_schema_part_2.py                                     0           0  0.05s           2023-12-19T04:01:05
/opt/airflow/dags/sub_dag_change_column_data_type.py        297  0.00s             0           1  0.09s           2023-12-19T04:01:05
/opt/airflow/dags/sub_dag_remove_multiple_columns.py                               0           0  0.03s           2023-12-19T04:01:06
/opt/airflow/dags/Analytics Olympiad 2022.py                294  0.01s             0           1  0.16s           2023-12-19T04:01:05
/opt/airflow/dags/clean_up_after_star_schema_creation.py                           0           0  0.04s           2023-12-19T04:01:05
================================================================================
[2023-12-19T04:02:06.673+0000] {manager.py:887} INFO - 
================================================================================
DAG File Processing Stats

File Path                                                   PID  Runtime      # DAGs    # Errors  Last Runtime    Last Run
--------------------------------------------------------  -----  ---------  --------  ----------  --------------  -------------------
/opt/airflow/dags/remove_outliers_1_5_iqr.py                                       0           0  0.02s           2023-12-19T04:01:36
/opt/airflow/dags/create_star_schema_part_1.py                                     0           0  0.03s           2023-12-19T04:01:36
/opt/airflow/dags/create_star_schema_part_2.py                                     0           0  0.03s           2023-12-19T04:01:36
/opt/airflow/dags/sub_dag_change_column_data_type.py        339  0.00s             0           1  0.04s           2023-12-19T04:01:36
/opt/airflow/dags/sub_dag_remove_multiple_columns.py                               0           0  0.02s           2023-12-19T04:01:36
/opt/airflow/dags/Analytics Olympiad 2022.py                336  0.02s             0           1  0.06s           2023-12-19T04:01:36
/opt/airflow/dags/clean_up_after_star_schema_creation.py                           0           0  0.02s           2023-12-19T04:01:36
================================================================================
[2023-12-19T04:02:37.133+0000] {manager.py:887} INFO - 
================================================================================
DAG File Processing Stats

File Path                                                   PID  Runtime      # DAGs    # Errors  Last Runtime    Last Run
--------------------------------------------------------  -----  ---------  --------  ----------  --------------  -------------------
/opt/airflow/dags/remove_outliers_1_5_iqr.py                                       0           0  0.03s           2023-12-19T04:02:06
/opt/airflow/dags/create_star_schema_part_1.py                                     0           0  0.03s           2023-12-19T04:02:06
/opt/airflow/dags/create_star_schema_part_2.py                                     0           0  0.03s           2023-12-19T04:02:06
/opt/airflow/dags/sub_dag_change_column_data_type.py                               0           1  0.05s           2023-12-19T04:02:06
/opt/airflow/dags/sub_dag_remove_multiple_columns.py                               0           0  0.03s           2023-12-19T04:02:06
/opt/airflow/dags/Analytics Olympiad 2022.py                381  0.00s             0           1  0.06s           2023-12-19T04:02:06
/opt/airflow/dags/clean_up_after_star_schema_creation.py    378  0.02s             0           0  0.03s           2023-12-19T04:02:06
================================================================================
[2023-12-19T04:03:07.605+0000] {manager.py:887} INFO - 
================================================================================
DAG File Processing Stats

File Path                                                   PID  Runtime      # DAGs    # Errors  Last Runtime    Last Run
--------------------------------------------------------  -----  ---------  --------  ----------  --------------  -------------------
/opt/airflow/dags/remove_outliers_1_5_iqr.py                                       0           0  0.03s           2023-12-19T04:02:37
/opt/airflow/dags/create_star_schema_part_1.py                                     0           0  0.03s           2023-12-19T04:02:37
/opt/airflow/dags/create_star_schema_part_2.py                                     0           0  0.03s           2023-12-19T04:02:37
/opt/airflow/dags/sub_dag_change_column_data_type.py                               0           0  0.06s           2023-12-19T04:02:40
/opt/airflow/dags/sub_dag_remove_multiple_columns.py                               0           0  0.02s           2023-12-19T04:02:37
/opt/airflow/dags/Analytics Olympiad 2022.py                428  0.01s             0           1  0.05s           2023-12-19T04:02:37
/opt/airflow/dags/clean_up_after_star_schema_creation.py    425  0.02s             0           0  0.05s           2023-12-19T04:02:37
================================================================================
[2023-12-19T04:03:38.116+0000] {manager.py:887} INFO - 
================================================================================
DAG File Processing Stats

File Path                                                   PID  Runtime      # DAGs    # Errors  Last Runtime    Last Run
--------------------------------------------------------  -----  ---------  --------  ----------  --------------  -------------------
/opt/airflow/dags/remove_outliers_1_5_iqr.py                                       0           0  0.04s           2023-12-19T04:03:07
/opt/airflow/dags/create_star_schema_part_1.py                                     0           0  0.03s           2023-12-19T04:03:07
/opt/airflow/dags/create_star_schema_part_2.py                                     0           0  0.03s           2023-12-19T04:03:07
/opt/airflow/dags/sub_dag_change_column_data_type.py                               0           0  0.05s           2023-12-19T04:03:26
/opt/airflow/dags/sub_dag_remove_multiple_columns.py                               0           0  0.03s           2023-12-19T04:03:07
/opt/airflow/dags/Analytics Olympiad 2022.py                475  0.00s             0           1  0.10s           2023-12-19T04:03:07
/opt/airflow/dags/clean_up_after_star_schema_creation.py    472  0.01s             0           0  0.06s           2023-12-19T04:03:07
================================================================================
[2023-12-19T04:04:08.575+0000] {manager.py:887} INFO - 
================================================================================
DAG File Processing Stats

File Path                                                   PID  Runtime      # DAGs    # Errors  Last Runtime    Last Run
--------------------------------------------------------  -----  ---------  --------  ----------  --------------  -------------------
/opt/airflow/dags/remove_outliers_1_5_iqr.py                                       0           0  0.03s           2023-12-19T04:03:38
/opt/airflow/dags/create_star_schema_part_1.py                                     0           0  0.03s           2023-12-19T04:03:38
/opt/airflow/dags/create_star_schema_part_2.py                                     0           0  0.03s           2023-12-19T04:03:38
/opt/airflow/dags/sub_dag_change_column_data_type.py                               0           0  0.06s           2023-12-19T04:03:56
/opt/airflow/dags/sub_dag_remove_multiple_columns.py                               0           0  0.04s           2023-12-19T04:03:54
/opt/airflow/dags/Analytics Olympiad 2022.py                522  0.00s             0           1  0.06s           2023-12-19T04:03:38
/opt/airflow/dags/clean_up_after_star_schema_creation.py    519  0.02s             0           0  0.05s           2023-12-19T04:03:38
================================================================================
[2023-12-19T04:04:39.032+0000] {manager.py:887} INFO - 
================================================================================
DAG File Processing Stats

File Path                                                   PID  Runtime      # DAGs    # Errors  Last Runtime    Last Run
--------------------------------------------------------  -----  ---------  --------  ----------  --------------  -------------------
/opt/airflow/dags/remove_outliers_1_5_iqr.py                565  0.00s             0           0  0.03s           2023-12-19T04:04:08
/opt/airflow/dags/create_star_schema_part_1.py                                     0           0  0.03s           2023-12-19T04:04:08
/opt/airflow/dags/create_star_schema_part_2.py                                     0           0  0.03s           2023-12-19T04:04:08
/opt/airflow/dags/sub_dag_change_column_data_type.py                               0           0  0.06s           2023-12-19T04:04:26
/opt/airflow/dags/sub_dag_remove_multiple_columns.py                               0           0  0.05s           2023-12-19T04:04:12
/opt/airflow/dags/clean_up_after_star_schema_creation.py    562  0.01s             0           0  0.05s           2023-12-19T04:04:08
/opt/airflow/dags/Analytics Olympiad 2022.py                                       7           0  1.11s           2023-12-19T04:04:09
================================================================================
[2023-12-19T04:05:04.377+0000] {manager.py:755} INFO - Searching for files in /opt/airflow/dags
[2023-12-19T04:05:04.409+0000] {manager.py:758} INFO - There are 7 files in /opt/airflow/dags
[2023-12-19T04:05:09.506+0000] {manager.py:887} INFO - 
================================================================================
DAG File Processing Stats

File Path                                                   PID  Runtime      # DAGs    # Errors  Last Runtime    Last Run
--------------------------------------------------------  -----  ---------  --------  ----------  --------------  -------------------
/opt/airflow/dags/remove_outliers_1_5_iqr.py                608  0.00s             0           0  0.03s           2023-12-19T04:04:39
/opt/airflow/dags/create_star_schema_part_1.py                                     0           0  0.03s           2023-12-19T04:04:39
/opt/airflow/dags/create_star_schema_part_2.py                                     0           0  0.03s           2023-12-19T04:04:39
/opt/airflow/dags/sub_dag_change_column_data_type.py                               0           0  0.04s           2023-12-19T04:04:57
/opt/airflow/dags/sub_dag_remove_multiple_columns.py                               0           0  0.05s           2023-12-19T04:04:43
/opt/airflow/dags/clean_up_after_star_schema_creation.py    605  0.02s             0           0  0.03s           2023-12-19T04:04:39
/opt/airflow/dags/Analytics Olympiad 2022.py                                       7           0  0.42s           2023-12-19T04:04:40
================================================================================
[2023-12-19T04:05:39.975+0000] {manager.py:887} INFO - 
================================================================================
DAG File Processing Stats

File Path                                                   PID  Runtime      # DAGs    # Errors  Last Runtime    Last Run
--------------------------------------------------------  -----  ---------  --------  ----------  --------------  -------------------
/opt/airflow/dags/remove_outliers_1_5_iqr.py                660  0.01s             0           0  0.05s           2023-12-19T04:05:09
/opt/airflow/dags/create_star_schema_part_1.py                                     0           0  0.03s           2023-12-19T04:05:09
/opt/airflow/dags/create_star_schema_part_2.py                                     0           0  0.03s           2023-12-19T04:05:09
/opt/airflow/dags/sub_dag_change_column_data_type.py                               0           0  0.03s           2023-12-19T04:05:27
/opt/airflow/dags/sub_dag_remove_multiple_columns.py                               0           0  0.06s           2023-12-19T04:05:13
/opt/airflow/dags/clean_up_after_star_schema_creation.py    657  0.02s             0           0  0.06s           2023-12-19T04:05:09
/opt/airflow/dags/Analytics Olympiad 2022.py                                       7           0  0.33s           2023-12-19T04:05:10
================================================================================
[2023-12-19T04:06:10.376+0000] {manager.py:887} INFO - 
================================================================================
DAG File Processing Stats

File Path                                                   PID  Runtime      # DAGs    # Errors  Last Runtime    Last Run
--------------------------------------------------------  -----  ---------  --------  ----------  --------------  -------------------
/opt/airflow/dags/remove_outliers_1_5_iqr.py                703  0.00s             0           0  0.05s           2023-12-19T04:05:40
/opt/airflow/dags/create_star_schema_part_1.py                                     0           0  0.03s           2023-12-19T04:05:40
/opt/airflow/dags/create_star_schema_part_2.py                                     0           0  0.03s           2023-12-19T04:05:40
/opt/airflow/dags/sub_dag_change_column_data_type.py                               0           0  0.03s           2023-12-19T04:05:58
/opt/airflow/dags/sub_dag_remove_multiple_columns.py                               0           0  0.06s           2023-12-19T04:05:44
/opt/airflow/dags/clean_up_after_star_schema_creation.py    700  0.01s             0           0  0.05s           2023-12-19T04:05:40
/opt/airflow/dags/Analytics Olympiad 2022.py                                       7           0  0.41s           2023-12-19T04:05:41
================================================================================
[2023-12-19T04:06:40.832+0000] {manager.py:887} INFO - 
================================================================================
DAG File Processing Stats

File Path                                                   PID  Runtime      # DAGs    # Errors  Last Runtime    Last Run
--------------------------------------------------------  -----  ---------  --------  ----------  --------------  -------------------
/opt/airflow/dags/remove_outliers_1_5_iqr.py                755  0.00s             0           0  0.04s           2023-12-19T04:06:10
/opt/airflow/dags/create_star_schema_part_1.py                                     0           0  0.02s           2023-12-19T04:06:10
/opt/airflow/dags/create_star_schema_part_2.py                                     0           0  0.03s           2023-12-19T04:06:10
/opt/airflow/dags/sub_dag_change_column_data_type.py                               0           0  0.06s           2023-12-19T04:06:28
/opt/airflow/dags/sub_dag_remove_multiple_columns.py                               0           0  0.05s           2023-12-19T04:06:14
/opt/airflow/dags/clean_up_after_star_schema_creation.py    752  0.02s             0           0  0.04s           2023-12-19T04:06:10
/opt/airflow/dags/Analytics Olympiad 2022.py                                       7           0  0.36s           2023-12-19T04:06:11
================================================================================
[2023-12-19T04:07:11.317+0000] {manager.py:887} INFO - 
================================================================================
DAG File Processing Stats

File Path                                                   PID  Runtime      # DAGs    # Errors  Last Runtime    Last Run
--------------------------------------------------------  -----  ---------  --------  ----------  --------------  -------------------
/opt/airflow/dags/remove_outliers_1_5_iqr.py                798  0.01s             0           0  0.04s           2023-12-19T04:06:40
/opt/airflow/dags/create_star_schema_part_1.py                                     0           0  0.02s           2023-12-19T04:06:40
/opt/airflow/dags/create_star_schema_part_2.py                                     0           0  0.03s           2023-12-19T04:06:40
/opt/airflow/dags/sub_dag_change_column_data_type.py                               0           0  0.06s           2023-12-19T04:06:59
/opt/airflow/dags/sub_dag_remove_multiple_columns.py                               0           0  0.06s           2023-12-19T04:06:45
/opt/airflow/dags/clean_up_after_star_schema_creation.py    795  0.03s             0           0  0.06s           2023-12-19T04:06:40
/opt/airflow/dags/Analytics Olympiad 2022.py                                       7           0  0.37s           2023-12-19T04:06:42
================================================================================
[2023-12-19T04:07:41.768+0000] {manager.py:887} INFO - 
================================================================================
DAG File Processing Stats

File Path                                                   PID  Runtime      # DAGs    # Errors  Last Runtime    Last Run
--------------------------------------------------------  -----  ---------  --------  ----------  --------------  -------------------
/opt/airflow/dags/remove_outliers_1_5_iqr.py                841  0.00s             0           0  0.05s           2023-12-19T04:07:11
/opt/airflow/dags/create_star_schema_part_1.py                                     0           0  0.02s           2023-12-19T04:07:11
/opt/airflow/dags/create_star_schema_part_2.py                                     0           0  0.03s           2023-12-19T04:07:11
/opt/airflow/dags/sub_dag_change_column_data_type.py                               0           0  0.04s           2023-12-19T04:07:29
/opt/airflow/dags/sub_dag_remove_multiple_columns.py                               0           0  0.03s           2023-12-19T04:07:15
/opt/airflow/dags/clean_up_after_star_schema_creation.py    838  0.02s             0           0  0.06s           2023-12-19T04:07:11
/opt/airflow/dags/Analytics Olympiad 2022.py                                       7           0  0.37s           2023-12-19T04:07:12
================================================================================
[2023-12-19T04:08:12.166+0000] {manager.py:887} INFO - 
================================================================================
DAG File Processing Stats

File Path                                                   PID  Runtime      # DAGs    # Errors  Last Runtime    Last Run
--------------------------------------------------------  -----  ---------  --------  ----------  --------------  -------------------
/opt/airflow/dags/remove_outliers_1_5_iqr.py                884  0.00s             0           0  0.05s           2023-12-19T04:07:41
/opt/airflow/dags/create_star_schema_part_1.py                                     0           0  0.02s           2023-12-19T04:07:41
/opt/airflow/dags/create_star_schema_part_2.py                                     0           0  0.03s           2023-12-19T04:07:41
/opt/airflow/dags/sub_dag_change_column_data_type.py                               0           0  0.04s           2023-12-19T04:08:00
/opt/airflow/dags/sub_dag_remove_multiple_columns.py                               0           0  0.03s           2023-12-19T04:07:45
/opt/airflow/dags/clean_up_after_star_schema_creation.py    881  0.03s             0           0  0.06s           2023-12-19T04:07:41
/opt/airflow/dags/Analytics Olympiad 2022.py                                       7           0  0.35s           2023-12-19T04:07:43
================================================================================
[2023-12-19T04:08:42.544+0000] {manager.py:887} INFO - 
================================================================================
DAG File Processing Stats

File Path                                                   PID  Runtime      # DAGs    # Errors  Last Runtime    Last Run
--------------------------------------------------------  -----  ---------  --------  ----------  --------------  -------------------
/opt/airflow/dags/remove_outliers_1_5_iqr.py                930  0.01s             0           0  0.04s           2023-12-19T04:08:12
/opt/airflow/dags/create_star_schema_part_1.py                                     0           0  0.03s           2023-12-19T04:08:12
/opt/airflow/dags/create_star_schema_part_2.py                                     0           0  0.03s           2023-12-19T04:08:12
/opt/airflow/dags/sub_dag_change_column_data_type.py                               0           0  0.04s           2023-12-19T04:08:30
/opt/airflow/dags/sub_dag_remove_multiple_columns.py                               0           0  0.03s           2023-12-19T04:08:16
/opt/airflow/dags/clean_up_after_star_schema_creation.py    927  0.02s             0           0  0.06s           2023-12-19T04:08:12
/opt/airflow/dags/Analytics Olympiad 2022.py                                       7           0  0.36s           2023-12-19T04:08:13
================================================================================
[2023-12-19T04:09:12.947+0000] {manager.py:887} INFO - 
================================================================================
DAG File Processing Stats

File Path                                                   PID  Runtime      # DAGs    # Errors  Last Runtime    Last Run
--------------------------------------------------------  -----  ---------  --------  ----------  --------------  -------------------
/opt/airflow/dags/remove_outliers_1_5_iqr.py                979  0.01s             0           0  0.04s           2023-12-19T04:08:42
/opt/airflow/dags/create_star_schema_part_1.py                                     0           0  0.03s           2023-12-19T04:08:42
/opt/airflow/dags/create_star_schema_part_2.py                                     0           0  0.03s           2023-12-19T04:08:42
/opt/airflow/dags/sub_dag_change_column_data_type.py                               0           0  0.04s           2023-12-19T04:09:00
/opt/airflow/dags/sub_dag_remove_multiple_columns.py                               0           0  0.03s           2023-12-19T04:08:46
/opt/airflow/dags/clean_up_after_star_schema_creation.py    976  0.02s             0           0  0.04s           2023-12-19T04:08:42
/opt/airflow/dags/Analytics Olympiad 2022.py                                       7           0  0.34s           2023-12-19T04:08:52
================================================================================
[2023-12-19T04:09:43.368+0000] {manager.py:887} INFO - 
================================================================================
DAG File Processing Stats

File Path                                                   PID  Runtime      # DAGs    # Errors  Last Runtime    Last Run
--------------------------------------------------------  -----  ---------  --------  ----------  --------------  -------------------
/opt/airflow/dags/remove_outliers_1_5_iqr.py               1022  0.01s             0           0  0.04s           2023-12-19T04:09:12
/opt/airflow/dags/create_star_schema_part_1.py                                     0           0  0.03s           2023-12-19T04:09:13
/opt/airflow/dags/create_star_schema_part_2.py                                     0           0  0.03s           2023-12-19T04:09:13
/opt/airflow/dags/sub_dag_change_column_data_type.py                               0           0  0.04s           2023-12-19T04:09:31
/opt/airflow/dags/sub_dag_remove_multiple_columns.py                               0           0  0.03s           2023-12-19T04:09:17
/opt/airflow/dags/clean_up_after_star_schema_creation.py   1019  0.02s             0           0  0.05s           2023-12-19T04:09:12
/opt/airflow/dags/Analytics Olympiad 2022.py                                       7           0  0.36s           2023-12-19T04:09:22
================================================================================
[2023-12-19T04:10:04.726+0000] {manager.py:755} INFO - Searching for files in /opt/airflow/dags
[2023-12-19T04:10:04.761+0000] {manager.py:758} INFO - There are 7 files in /opt/airflow/dags
[2023-12-19T04:10:13.891+0000] {manager.py:887} INFO - 
================================================================================
DAG File Processing Stats

File Path                                                   PID  Runtime      # DAGs    # Errors  Last Runtime    Last Run
--------------------------------------------------------  -----  ---------  --------  ----------  --------------  -------------------
/opt/airflow/dags/remove_outliers_1_5_iqr.py               1065  0.00s             0           0  0.05s           2023-12-19T04:09:43
/opt/airflow/dags/create_star_schema_part_1.py                                     0           0  0.03s           2023-12-19T04:09:43
/opt/airflow/dags/create_star_schema_part_2.py                                     0           0  0.03s           2023-12-19T04:09:43
/opt/airflow/dags/sub_dag_change_column_data_type.py                               0           0  0.04s           2023-12-19T04:10:01
/opt/airflow/dags/sub_dag_remove_multiple_columns.py                               0           0  0.06s           2023-12-19T04:09:47
/opt/airflow/dags/clean_up_after_star_schema_creation.py   1062  0.02s             0           0  0.06s           2023-12-19T04:09:43
/opt/airflow/dags/Analytics Olympiad 2022.py                                       7           0  0.37s           2023-12-19T04:09:52
================================================================================
[2023-12-19T04:10:44.286+0000] {manager.py:887} INFO - 
================================================================================
DAG File Processing Stats

File Path                                                   PID  Runtime      # DAGs    # Errors  Last Runtime    Last Run
--------------------------------------------------------  -----  ---------  --------  ----------  --------------  -------------------
/opt/airflow/dags/remove_outliers_1_5_iqr.py               1111  0.01s             0           0  0.05s           2023-12-19T04:10:13
/opt/airflow/dags/create_star_schema_part_1.py                                     0           0  0.02s           2023-12-19T04:10:13
/opt/airflow/dags/create_star_schema_part_2.py                                     0           0  0.03s           2023-12-19T04:10:13
/opt/airflow/dags/sub_dag_change_column_data_type.py                               0           0  0.05s           2023-12-19T04:10:32
/opt/airflow/dags/sub_dag_remove_multiple_columns.py                               0           0  0.03s           2023-12-19T04:10:18
/opt/airflow/dags/clean_up_after_star_schema_creation.py   1108  0.02s             0           0  0.06s           2023-12-19T04:10:13
/opt/airflow/dags/Analytics Olympiad 2022.py                                       7           0  0.37s           2023-12-19T04:10:23
================================================================================
[2023-12-19T04:11:14.373+0000] {manager.py:887} INFO - 
================================================================================
DAG File Processing Stats

File Path                                                   PID  Runtime      # DAGs    # Errors  Last Runtime    Last Run
--------------------------------------------------------  -----  ---------  --------  ----------  --------------  -------------------
/opt/airflow/dags/remove_outliers_1_5_iqr.py               1160  0.00s             0           0  0.05s           2023-12-19T04:10:44
/opt/airflow/dags/create_star_schema_part_1.py                                     0           0  0.03s           2023-12-19T04:10:44
/opt/airflow/dags/create_star_schema_part_2.py                                     0           0  0.03s           2023-12-19T04:10:44
/opt/airflow/dags/sub_dag_change_column_data_type.py                               0           0  0.03s           2023-12-19T04:11:02
/opt/airflow/dags/sub_dag_remove_multiple_columns.py                               0           0  0.03s           2023-12-19T04:10:48
/opt/airflow/dags/clean_up_after_star_schema_creation.py   1157  0.01s             0           0  0.05s           2023-12-19T04:10:44
/opt/airflow/dags/Analytics Olympiad 2022.py                                       7           0  0.34s           2023-12-19T04:10:47
================================================================================
[2023-12-19T04:11:44.910+0000] {manager.py:887} INFO - 
================================================================================
DAG File Processing Stats

File Path                                                   PID  Runtime      # DAGs    # Errors  Last Runtime    Last Run
--------------------------------------------------------  -----  ---------  --------  ----------  --------------  -------------------
/opt/airflow/dags/remove_outliers_1_5_iqr.py               1203  0.00s             0           0  0.03s           2023-12-19T04:11:14
/opt/airflow/dags/create_star_schema_part_1.py                                     0           0  0.02s           2023-12-19T04:11:14
/opt/airflow/dags/create_star_schema_part_2.py                                     0           0  0.02s           2023-12-19T04:11:14
/opt/airflow/dags/sub_dag_change_column_data_type.py                               0           0  0.06s           2023-12-19T04:11:32
/opt/airflow/dags/sub_dag_remove_multiple_columns.py                               0           0  0.06s           2023-12-19T04:11:18
/opt/airflow/dags/clean_up_after_star_schema_creation.py   1200  0.02s             0           0  0.03s           2023-12-19T04:11:14
/opt/airflow/dags/Analytics Olympiad 2022.py                                       7           0  0.37s           2023-12-19T04:11:17
================================================================================
[2023-12-19T04:12:15.374+0000] {manager.py:887} INFO - 
================================================================================
DAG File Processing Stats

File Path                                                   PID  Runtime      # DAGs    # Errors  Last Runtime    Last Run
--------------------------------------------------------  -----  ---------  --------  ----------  --------------  -------------------
/opt/airflow/dags/remove_outliers_1_5_iqr.py               1246  0.00s             0           0  0.04s           2023-12-19T04:11:44
/opt/airflow/dags/create_star_schema_part_1.py                                     0           0  0.03s           2023-12-19T04:11:45
/opt/airflow/dags/create_star_schema_part_2.py                                     0           0  0.03s           2023-12-19T04:11:44
/opt/airflow/dags/sub_dag_change_column_data_type.py                               0           0  0.08s           2023-12-19T04:12:03
/opt/airflow/dags/sub_dag_remove_multiple_columns.py                               0           0  0.06s           2023-12-19T04:11:49
/opt/airflow/dags/clean_up_after_star_schema_creation.py   1243  0.01s             0           0  0.06s           2023-12-19T04:11:44
/opt/airflow/dags/Analytics Olympiad 2022.py                                       7           0  0.33s           2023-12-19T04:11:48
================================================================================
[2023-12-19T04:12:45.754+0000] {manager.py:887} INFO - 
================================================================================
DAG File Processing Stats

File Path                                                   PID  Runtime      # DAGs    # Errors  Last Runtime    Last Run
--------------------------------------------------------  -----  ---------  --------  ----------  --------------  -------------------
/opt/airflow/dags/remove_outliers_1_5_iqr.py               1292  0.00s             0           0  0.03s           2023-12-19T04:12:15
/opt/airflow/dags/create_star_schema_part_1.py                                     0           0  0.02s           2023-12-19T04:12:15
/opt/airflow/dags/create_star_schema_part_2.py                                     0           0  0.02s           2023-12-19T04:12:15
/opt/airflow/dags/sub_dag_change_column_data_type.py                               0           0  0.05s           2023-12-19T04:12:33
/opt/airflow/dags/sub_dag_remove_multiple_columns.py                               0           0  0.03s           2023-12-19T04:12:19
/opt/airflow/dags/clean_up_after_star_schema_creation.py   1289  0.02s             0           0  0.03s           2023-12-19T04:12:15
/opt/airflow/dags/Analytics Olympiad 2022.py                                       7           0  0.33s           2023-12-19T04:12:18
================================================================================
[2023-12-19T04:13:16.251+0000] {manager.py:887} INFO - 
================================================================================
DAG File Processing Stats

File Path                                                   PID  Runtime      # DAGs    # Errors  Last Runtime    Last Run
--------------------------------------------------------  -----  ---------  --------  ----------  --------------  -------------------
/opt/airflow/dags/remove_outliers_1_5_iqr.py               1335  0.00s             0           0  0.05s           2023-12-19T04:12:45
/opt/airflow/dags/create_star_schema_part_1.py                                     0           0  0.03s           2023-12-19T04:12:45
/opt/airflow/dags/create_star_schema_part_2.py                                     0           0  0.03s           2023-12-19T04:12:45
/opt/airflow/dags/sub_dag_change_column_data_type.py                               0           0  0.06s           2023-12-19T04:13:04
/opt/airflow/dags/sub_dag_remove_multiple_columns.py                               0           0  0.05s           2023-12-19T04:12:49
/opt/airflow/dags/clean_up_after_star_schema_creation.py   1332  0.02s             0           0  0.06s           2023-12-19T04:12:45
/opt/airflow/dags/Analytics Olympiad 2022.py                                       7           0  0.37s           2023-12-19T04:12:49
================================================================================
[2023-12-19T04:13:46.687+0000] {manager.py:887} INFO - 
================================================================================
DAG File Processing Stats

File Path                                                   PID  Runtime      # DAGs    # Errors  Last Runtime    Last Run
--------------------------------------------------------  -----  ---------  --------  ----------  --------------  -------------------
/opt/airflow/dags/remove_outliers_1_5_iqr.py               1384  0.00s             0           0  0.05s           2023-12-19T04:13:16
/opt/airflow/dags/create_star_schema_part_1.py                                     0           0  0.03s           2023-12-19T04:13:16
/opt/airflow/dags/create_star_schema_part_2.py                                     0           0  0.03s           2023-12-19T04:13:16
/opt/airflow/dags/sub_dag_change_column_data_type.py                               0           0  0.05s           2023-12-19T04:13:34
/opt/airflow/dags/sub_dag_remove_multiple_columns.py                               0           0  0.04s           2023-12-19T04:13:20
/opt/airflow/dags/clean_up_after_star_schema_creation.py   1381  0.02s             0           0  0.05s           2023-12-19T04:13:16
/opt/airflow/dags/Analytics Olympiad 2022.py                                       7           0  0.35s           2023-12-19T04:13:19
================================================================================
[2023-12-19T04:14:17.189+0000] {manager.py:887} INFO - 
================================================================================
DAG File Processing Stats

File Path                                                   PID  Runtime      # DAGs    # Errors  Last Runtime    Last Run
--------------------------------------------------------  -----  ---------  --------  ----------  --------------  -------------------
/opt/airflow/dags/remove_outliers_1_5_iqr.py               1427  0.00s             0           0  0.05s           2023-12-19T04:13:46
/opt/airflow/dags/create_star_schema_part_1.py                                     0           0  0.02s           2023-12-19T04:13:46
/opt/airflow/dags/create_star_schema_part_2.py                                     0           0  0.03s           2023-12-19T04:13:46
/opt/airflow/dags/sub_dag_change_column_data_type.py                               0           0  0.04s           2023-12-19T04:14:05
/opt/airflow/dags/sub_dag_remove_multiple_columns.py                               0           0  0.05s           2023-12-19T04:13:50
/opt/airflow/dags/clean_up_after_star_schema_creation.py   1424  0.02s             0           0  0.05s           2023-12-19T04:13:46
/opt/airflow/dags/Analytics Olympiad 2022.py                                       7           0  0.39s           2023-12-19T04:13:50
================================================================================
[2023-12-19T04:14:47.669+0000] {manager.py:887} INFO - 
================================================================================
DAG File Processing Stats

File Path                                                   PID  Runtime      # DAGs    # Errors  Last Runtime    Last Run
--------------------------------------------------------  -----  ---------  --------  ----------  --------------  -------------------
/opt/airflow/dags/remove_outliers_1_5_iqr.py               1470  0.01s             0           0  0.04s           2023-12-19T04:14:17
/opt/airflow/dags/create_star_schema_part_1.py                                     0           0  0.03s           2023-12-19T04:14:17
/opt/airflow/dags/create_star_schema_part_2.py                                     0           0  0.03s           2023-12-19T04:14:17
/opt/airflow/dags/sub_dag_change_column_data_type.py                               0           0  0.03s           2023-12-19T04:14:35
/opt/airflow/dags/sub_dag_remove_multiple_columns.py                               0           0  0.05s           2023-12-19T04:14:21
/opt/airflow/dags/clean_up_after_star_schema_creation.py   1467  0.02s             0           0  0.06s           2023-12-19T04:14:17
/opt/airflow/dags/Analytics Olympiad 2022.py                                       7           0  0.37s           2023-12-19T04:14:20
================================================================================
[2023-12-19T04:15:04.950+0000] {manager.py:755} INFO - Searching for files in /opt/airflow/dags
[2023-12-19T04:15:04.987+0000] {manager.py:758} INFO - There are 7 files in /opt/airflow/dags
[2023-12-19T04:15:18.233+0000] {manager.py:887} INFO - 
================================================================================
DAG File Processing Stats

File Path                                                   PID  Runtime      # DAGs    # Errors  Last Runtime    Last Run
--------------------------------------------------------  -----  ---------  --------  ----------  --------------  -------------------
/opt/airflow/dags/remove_outliers_1_5_iqr.py               1513  0.00s             0           0  0.05s           2023-12-19T04:14:47
/opt/airflow/dags/create_star_schema_part_1.py                                     0           0  0.03s           2023-12-19T04:14:47
/opt/airflow/dags/create_star_schema_part_2.py                                     0           0  0.03s           2023-12-19T04:14:47
/opt/airflow/dags/sub_dag_change_column_data_type.py                               0           0  0.06s           2023-12-19T04:15:06
/opt/airflow/dags/sub_dag_remove_multiple_columns.py                               0           0  0.06s           2023-12-19T04:14:51
/opt/airflow/dags/clean_up_after_star_schema_creation.py   1510  0.02s             0           0  0.06s           2023-12-19T04:14:47
/opt/airflow/dags/Analytics Olympiad 2022.py                                       7           0  0.40s           2023-12-19T04:14:51
================================================================================
[2023-12-19T04:15:48.701+0000] {manager.py:887} INFO - 
================================================================================
DAG File Processing Stats

File Path                                                   PID  Runtime      # DAGs    # Errors  Last Runtime    Last Run
--------------------------------------------------------  -----  ---------  --------  ----------  --------------  -------------------
/opt/airflow/dags/remove_outliers_1_5_iqr.py               1568  0.01s             0           0  0.04s           2023-12-19T04:15:18
/opt/airflow/dags/create_star_schema_part_1.py                                     0           0  0.03s           2023-12-19T04:15:18
/opt/airflow/dags/create_star_schema_part_2.py                                     0           0  0.03s           2023-12-19T04:15:18
/opt/airflow/dags/sub_dag_change_column_data_type.py                               0           0  0.06s           2023-12-19T04:15:36
/opt/airflow/dags/sub_dag_remove_multiple_columns.py                               0           0  0.03s           2023-12-19T04:15:22
/opt/airflow/dags/clean_up_after_star_schema_creation.py   1565  0.02s             0           0  0.05s           2023-12-19T04:15:18
/opt/airflow/dags/Analytics Olympiad 2022.py                                       7           0  0.37s           2023-12-19T04:15:21
================================================================================
[2023-12-19T04:16:19.237+0000] {manager.py:887} INFO - 
================================================================================
DAG File Processing Stats

File Path                                                   PID  Runtime      # DAGs    # Errors  Last Runtime    Last Run
--------------------------------------------------------  -----  ---------  --------  ----------  --------------  -------------------
/opt/airflow/dags/remove_outliers_1_5_iqr.py               1611  0.00s             0           0  0.04s           2023-12-19T04:15:48
/opt/airflow/dags/create_star_schema_part_1.py                                     0           0  0.02s           2023-12-19T04:15:48
/opt/airflow/dags/create_star_schema_part_2.py                                     0           0  0.03s           2023-12-19T04:15:48
/opt/airflow/dags/sub_dag_change_column_data_type.py                               0           0  0.06s           2023-12-19T04:16:07
/opt/airflow/dags/sub_dag_remove_multiple_columns.py                               0           0  0.06s           2023-12-19T04:15:52
/opt/airflow/dags/clean_up_after_star_schema_creation.py   1608  0.02s             0           0  0.06s           2023-12-19T04:15:48
/opt/airflow/dags/Analytics Olympiad 2022.py                                       7           0  0.36s           2023-12-19T04:15:52
================================================================================
[2023-12-19T04:16:49.677+0000] {manager.py:887} INFO - 
================================================================================
DAG File Processing Stats

File Path                                                   PID  Runtime      # DAGs    # Errors  Last Runtime    Last Run
--------------------------------------------------------  -----  ---------  --------  ----------  --------------  -------------------
/opt/airflow/dags/remove_outliers_1_5_iqr.py               1654  0.01s             0           0  0.04s           2023-12-19T04:16:19
/opt/airflow/dags/create_star_schema_part_1.py                                     0           0  0.03s           2023-12-19T04:16:19
/opt/airflow/dags/create_star_schema_part_2.py                                     0           0  0.03s           2023-12-19T04:16:19
/opt/airflow/dags/sub_dag_change_column_data_type.py                               0           0  0.06s           2023-12-19T04:16:37
/opt/airflow/dags/sub_dag_remove_multiple_columns.py                               0           0  0.06s           2023-12-19T04:16:23
/opt/airflow/dags/clean_up_after_star_schema_creation.py   1651  0.02s             0           0  0.06s           2023-12-19T04:16:19
/opt/airflow/dags/Analytics Olympiad 2022.py                                       7           0  0.36s           2023-12-19T04:16:22
================================================================================
[2023-12-19T04:17:20.143+0000] {manager.py:887} INFO - 
================================================================================
DAG File Processing Stats

File Path                                                   PID  Runtime      # DAGs    # Errors  Last Runtime    Last Run
--------------------------------------------------------  -----  ---------  --------  ----------  --------------  -------------------
/opt/airflow/dags/remove_outliers_1_5_iqr.py               1697  0.00s             0           0  0.05s           2023-12-19T04:16:49
/opt/airflow/dags/create_star_schema_part_1.py                                     0           0  0.03s           2023-12-19T04:16:49
/opt/airflow/dags/create_star_schema_part_2.py                                     0           0  0.03s           2023-12-19T04:16:49
/opt/airflow/dags/sub_dag_change_column_data_type.py                               0           0  0.05s           2023-12-19T04:17:07
/opt/airflow/dags/sub_dag_remove_multiple_columns.py                               0           0  0.05s           2023-12-19T04:16:53
/opt/airflow/dags/clean_up_after_star_schema_creation.py   1694  0.01s             0           0  0.06s           2023-12-19T04:16:49
/opt/airflow/dags/Analytics Olympiad 2022.py                                       7           0  0.36s           2023-12-19T04:16:53
================================================================================
[2023-12-19T04:17:50.623+0000] {manager.py:887} INFO - 
================================================================================
DAG File Processing Stats

File Path                                                   PID  Runtime      # DAGs    # Errors  Last Runtime    Last Run
--------------------------------------------------------  -----  ---------  --------  ----------  --------------  -------------------
/opt/airflow/dags/remove_outliers_1_5_iqr.py               1740  0.00s             0           0  0.04s           2023-12-19T04:17:20
/opt/airflow/dags/create_star_schema_part_1.py                                     0           0  0.03s           2023-12-19T04:17:20
/opt/airflow/dags/create_star_schema_part_2.py                                     0           0  0.03s           2023-12-19T04:17:20
/opt/airflow/dags/sub_dag_change_column_data_type.py                               0           0  0.04s           2023-12-19T04:17:38
/opt/airflow/dags/sub_dag_remove_multiple_columns.py                               0           0  0.06s           2023-12-19T04:17:24
/opt/airflow/dags/clean_up_after_star_schema_creation.py   1737  0.02s             0           0  0.04s           2023-12-19T04:17:20
/opt/airflow/dags/Analytics Olympiad 2022.py                                       7           0  0.38s           2023-12-19T04:17:23
================================================================================
[2023-12-19T04:18:21.097+0000] {manager.py:887} INFO - 
================================================================================
DAG File Processing Stats

File Path                                                   PID  Runtime      # DAGs    # Errors  Last Runtime    Last Run
--------------------------------------------------------  -----  ---------  --------  ----------  --------------  -------------------
/opt/airflow/dags/remove_outliers_1_5_iqr.py               1783  0.00s             0           0  0.05s           2023-12-19T04:17:50
/opt/airflow/dags/create_star_schema_part_1.py                                     0           0  0.03s           2023-12-19T04:17:50
/opt/airflow/dags/create_star_schema_part_2.py                                     0           0  0.03s           2023-12-19T04:17:50
/opt/airflow/dags/sub_dag_change_column_data_type.py                               0           0  0.03s           2023-12-19T04:18:08
/opt/airflow/dags/sub_dag_remove_multiple_columns.py                               0           0  0.06s           2023-12-19T04:17:54
/opt/airflow/dags/clean_up_after_star_schema_creation.py   1780  0.03s             0           0  0.07s           2023-12-19T04:17:50
/opt/airflow/dags/Analytics Olympiad 2022.py                                       7           0  0.34s           2023-12-19T04:17:54
================================================================================
[2023-12-19T04:18:51.616+0000] {manager.py:887} INFO - 
================================================================================
DAG File Processing Stats

File Path                                                   PID  Runtime      # DAGs    # Errors  Last Runtime    Last Run
--------------------------------------------------------  -----  ---------  --------  ----------  --------------  -------------------
/opt/airflow/dags/remove_outliers_1_5_iqr.py               1826  0.01s             0           0  0.06s           2023-12-19T04:18:21
/opt/airflow/dags/create_star_schema_part_1.py                                     0           0  0.05s           2023-12-19T04:18:21
/opt/airflow/dags/create_star_schema_part_2.py                                     0           0  0.04s           2023-12-19T04:18:21
/opt/airflow/dags/sub_dag_change_column_data_type.py                               0           0  0.04s           2023-12-19T04:18:39
/opt/airflow/dags/sub_dag_remove_multiple_columns.py                               0           0  0.04s           2023-12-19T04:18:25
/opt/airflow/dags/clean_up_after_star_schema_creation.py   1823  0.02s             0           0  0.08s           2023-12-19T04:18:21
/opt/airflow/dags/Analytics Olympiad 2022.py                                       7           0  0.40s           2023-12-19T04:18:24
================================================================================
[2023-12-19T04:19:22.027+0000] {manager.py:887} INFO - 
================================================================================
DAG File Processing Stats

File Path                                                   PID  Runtime      # DAGs    # Errors  Last Runtime    Last Run
--------------------------------------------------------  -----  ---------  --------  ----------  --------------  -------------------
/opt/airflow/dags/remove_outliers_1_5_iqr.py               1884  0.00s             0           0  0.03s           2023-12-19T04:18:51
/opt/airflow/dags/create_star_schema_part_1.py                                     0           0  0.03s           2023-12-19T04:18:51
/opt/airflow/dags/create_star_schema_part_2.py                                     0           0  0.03s           2023-12-19T04:18:51
/opt/airflow/dags/sub_dag_change_column_data_type.py                               0           0  0.04s           2023-12-19T04:19:09
/opt/airflow/dags/sub_dag_remove_multiple_columns.py                               0           0  0.05s           2023-12-19T04:18:55
/opt/airflow/dags/clean_up_after_star_schema_creation.py   1881  0.01s             0           0  0.04s           2023-12-19T04:18:51
/opt/airflow/dags/Analytics Olympiad 2022.py                                       7           0  0.48s           2023-12-19T04:18:55
================================================================================
[2023-12-19T04:19:52.486+0000] {manager.py:887} INFO - 
================================================================================
DAG File Processing Stats

File Path                                                   PID  Runtime      # DAGs    # Errors  Last Runtime    Last Run
--------------------------------------------------------  -----  ---------  --------  ----------  --------------  -------------------
/opt/airflow/dags/remove_outliers_1_5_iqr.py               1927  0.00s             0           0  0.04s           2023-12-19T04:19:22
/opt/airflow/dags/create_star_schema_part_1.py                                     0           0  0.03s           2023-12-19T04:19:22
/opt/airflow/dags/create_star_schema_part_2.py                                     0           0  0.03s           2023-12-19T04:19:22
/opt/airflow/dags/sub_dag_change_column_data_type.py                               0           0  0.06s           2023-12-19T04:19:40
/opt/airflow/dags/sub_dag_remove_multiple_columns.py                               0           0  0.05s           2023-12-19T04:19:26
/opt/airflow/dags/clean_up_after_star_schema_creation.py   1924  0.02s             0           0  0.04s           2023-12-19T04:19:22
/opt/airflow/dags/Analytics Olympiad 2022.py                                       7           0  0.40s           2023-12-19T04:19:26
================================================================================
[2023-12-19T04:20:05.018+0000] {manager.py:755} INFO - Searching for files in /opt/airflow/dags
[2023-12-19T04:20:05.055+0000] {manager.py:758} INFO - There are 7 files in /opt/airflow/dags
[2023-12-19T04:20:22.925+0000] {manager.py:887} INFO - 
================================================================================
DAG File Processing Stats

File Path                                                   PID  Runtime      # DAGs    # Errors  Last Runtime    Last Run
--------------------------------------------------------  -----  ---------  --------  ----------  --------------  -------------------
/opt/airflow/dags/remove_outliers_1_5_iqr.py               1994  0.00s             0           0  0.04s           2023-12-19T04:19:52
/opt/airflow/dags/create_star_schema_part_1.py                                     0           0  0.02s           2023-12-19T04:19:52
/opt/airflow/dags/create_star_schema_part_2.py                                     0           0  0.03s           2023-12-19T04:19:52
/opt/airflow/dags/sub_dag_change_column_data_type.py                               0           0  0.06s           2023-12-19T04:20:10
/opt/airflow/dags/sub_dag_remove_multiple_columns.py                               0           0  0.04s           2023-12-19T04:19:56
/opt/airflow/dags/clean_up_after_star_schema_creation.py   1991  0.01s             0           0  0.06s           2023-12-19T04:19:52
/opt/airflow/dags/Analytics Olympiad 2022.py                                       7           0  0.36s           2023-12-19T04:19:56
================================================================================
[2023-12-19T04:20:53.382+0000] {manager.py:887} INFO - 
================================================================================
DAG File Processing Stats

File Path                                                   PID  Runtime      # DAGs    # Errors  Last Runtime    Last Run
--------------------------------------------------------  -----  ---------  --------  ----------  --------------  -------------------
/opt/airflow/dags/remove_outliers_1_5_iqr.py               2037  0.01s             0           0  0.03s           2023-12-19T04:20:22
/opt/airflow/dags/create_star_schema_part_1.py                                     0           0  0.03s           2023-12-19T04:20:22
/opt/airflow/dags/create_star_schema_part_2.py                                     0           0  0.02s           2023-12-19T04:20:22
/opt/airflow/dags/sub_dag_change_column_data_type.py                               0           0  0.06s           2023-12-19T04:20:41
/opt/airflow/dags/sub_dag_remove_multiple_columns.py                               0           0  0.04s           2023-12-19T04:20:27
/opt/airflow/dags/clean_up_after_star_schema_creation.py   2034  0.02s             0           0  0.03s           2023-12-19T04:20:22
/opt/airflow/dags/Analytics Olympiad 2022.py                                       7           0  0.37s           2023-12-19T04:20:27
================================================================================
[2023-12-19T04:21:23.813+0000] {manager.py:887} INFO - 
================================================================================
DAG File Processing Stats

File Path                                                   PID  Runtime      # DAGs    # Errors  Last Runtime    Last Run
--------------------------------------------------------  -----  ---------  --------  ----------  --------------  -------------------
/opt/airflow/dags/remove_outliers_1_5_iqr.py               2104  0.01s             0           0  0.04s           2023-12-19T04:20:53
/opt/airflow/dags/create_star_schema_part_1.py                                     0           0  0.02s           2023-12-19T04:20:53
/opt/airflow/dags/create_star_schema_part_2.py                                     0           0  0.03s           2023-12-19T04:20:53
/opt/airflow/dags/sub_dag_change_column_data_type.py                               0           0  0.05s           2023-12-19T04:21:11
/opt/airflow/dags/sub_dag_remove_multiple_columns.py                               0           0  0.05s           2023-12-19T04:20:57
/opt/airflow/dags/clean_up_after_star_schema_creation.py   2101  0.02s             0           0  0.06s           2023-12-19T04:20:53
/opt/airflow/dags/Analytics Olympiad 2022.py                                       7           0  0.36s           2023-12-19T04:20:57
================================================================================
[2023-12-19T04:21:54.258+0000] {manager.py:887} INFO - 
================================================================================
DAG File Processing Stats

File Path                                                   PID  Runtime      # DAGs    # Errors  Last Runtime    Last Run
--------------------------------------------------------  -----  ---------  --------  ----------  --------------  -------------------
/opt/airflow/dags/remove_outliers_1_5_iqr.py               2147  0.00s             0           0  0.05s           2023-12-19T04:21:23
/opt/airflow/dags/create_star_schema_part_1.py                                     0           0  0.02s           2023-12-19T04:21:23
/opt/airflow/dags/create_star_schema_part_2.py                                     0           0  0.03s           2023-12-19T04:21:23
/opt/airflow/dags/sub_dag_change_column_data_type.py                               0           0  0.06s           2023-12-19T04:21:42
/opt/airflow/dags/sub_dag_remove_multiple_columns.py                               0           0  0.03s           2023-12-19T04:21:27
/opt/airflow/dags/clean_up_after_star_schema_creation.py   2144  0.02s             0           0  0.06s           2023-12-19T04:21:23
/opt/airflow/dags/Analytics Olympiad 2022.py                                       7           0  0.37s           2023-12-19T04:21:28
================================================================================
[2023-12-19T04:22:24.708+0000] {manager.py:887} INFO - 
================================================================================
DAG File Processing Stats

File Path                                                   PID  Runtime      # DAGs    # Errors  Last Runtime    Last Run
--------------------------------------------------------  -----  ---------  --------  ----------  --------------  -------------------
/opt/airflow/dags/remove_outliers_1_5_iqr.py               2193  0.00s             0           0  0.04s           2023-12-19T04:21:54
/opt/airflow/dags/create_star_schema_part_1.py                                     0           0  0.02s           2023-12-19T04:21:54
/opt/airflow/dags/create_star_schema_part_2.py                                     0           0  0.03s           2023-12-19T04:21:54
/opt/airflow/dags/sub_dag_change_column_data_type.py                               0           0  0.06s           2023-12-19T04:22:12
/opt/airflow/dags/sub_dag_remove_multiple_columns.py                               0           0  0.03s           2023-12-19T04:21:58
/opt/airflow/dags/clean_up_after_star_schema_creation.py   2190  0.02s             0           0  0.05s           2023-12-19T04:21:54
/opt/airflow/dags/Analytics Olympiad 2022.py                                       7           0  0.34s           2023-12-19T04:21:58
================================================================================
[2023-12-19T04:22:55.224+0000] {manager.py:887} INFO - 
================================================================================
DAG File Processing Stats

File Path                                                   PID  Runtime      # DAGs    # Errors  Last Runtime    Last Run
--------------------------------------------------------  -----  ---------  --------  ----------  --------------  -------------------
/opt/airflow/dags/remove_outliers_1_5_iqr.py               2236  0.00s             0           0  0.04s           2023-12-19T04:22:24
/opt/airflow/dags/create_star_schema_part_1.py                                     0           0  0.02s           2023-12-19T04:22:24
/opt/airflow/dags/create_star_schema_part_2.py                                     0           0  0.03s           2023-12-19T04:22:24
/opt/airflow/dags/sub_dag_change_column_data_type.py                               0           0  0.06s           2023-12-19T04:22:43
/opt/airflow/dags/sub_dag_remove_multiple_columns.py                               0           0  0.04s           2023-12-19T04:22:28
/opt/airflow/dags/clean_up_after_star_schema_creation.py   2233  0.02s             0           0  0.06s           2023-12-19T04:22:24
/opt/airflow/dags/Analytics Olympiad 2022.py                                       7           0  0.36s           2023-12-19T04:22:29
================================================================================
[2023-12-19T04:23:25.654+0000] {manager.py:887} INFO - 
================================================================================
DAG File Processing Stats

File Path                                                   PID  Runtime      # DAGs    # Errors  Last Runtime    Last Run
--------------------------------------------------------  -----  ---------  --------  ----------  --------------  -------------------
/opt/airflow/dags/remove_outliers_1_5_iqr.py               2279  0.00s             0           0  0.04s           2023-12-19T04:22:55
/opt/airflow/dags/create_star_schema_part_1.py                                     0           0  0.02s           2023-12-19T04:22:55
/opt/airflow/dags/create_star_schema_part_2.py                                     0           0  0.03s           2023-12-19T04:22:55
/opt/airflow/dags/sub_dag_change_column_data_type.py                               0           0  0.06s           2023-12-19T04:23:13
/opt/airflow/dags/sub_dag_remove_multiple_columns.py                               0           0  0.03s           2023-12-19T04:22:59
/opt/airflow/dags/clean_up_after_star_schema_creation.py   2276  0.01s             0           0  0.05s           2023-12-19T04:22:55
/opt/airflow/dags/Analytics Olympiad 2022.py                                       7           0  0.33s           2023-12-19T04:22:59
================================================================================
[2023-12-19T04:23:56.157+0000] {manager.py:887} INFO - 
================================================================================
DAG File Processing Stats

File Path                                                   PID  Runtime      # DAGs    # Errors  Last Runtime    Last Run
--------------------------------------------------------  -----  ---------  --------  ----------  --------------  -------------------
/opt/airflow/dags/remove_outliers_1_5_iqr.py               2322  0.00s             0           0  0.03s           2023-12-19T04:23:25
/opt/airflow/dags/create_star_schema_part_1.py                                     0           0  0.02s           2023-12-19T04:23:25
/opt/airflow/dags/create_star_schema_part_2.py                                     0           0  0.03s           2023-12-19T04:23:25
/opt/airflow/dags/sub_dag_change_column_data_type.py                               0           0  0.06s           2023-12-19T04:23:44
/opt/airflow/dags/sub_dag_remove_multiple_columns.py                               0           0  0.05s           2023-12-19T04:23:29
/opt/airflow/dags/clean_up_after_star_schema_creation.py   2319  0.01s             0           0  0.03s           2023-12-19T04:23:25
/opt/airflow/dags/Analytics Olympiad 2022.py                                       7           0  0.36s           2023-12-19T04:23:30
================================================================================
[2023-12-19T04:24:26.608+0000] {manager.py:887} INFO - 
================================================================================
DAG File Processing Stats

File Path                                                   PID  Runtime      # DAGs    # Errors  Last Runtime    Last Run
--------------------------------------------------------  -----  ---------  --------  ----------  --------------  -------------------
/opt/airflow/dags/remove_outliers_1_5_iqr.py               2365  0.00s             0           0  0.04s           2023-12-19T04:23:56
/opt/airflow/dags/create_star_schema_part_1.py                                     0           0  0.03s           2023-12-19T04:23:56
/opt/airflow/dags/create_star_schema_part_2.py                                     0           0  0.05s           2023-12-19T04:23:56
/opt/airflow/dags/sub_dag_change_column_data_type.py                               0           0  0.05s           2023-12-19T04:24:14
/opt/airflow/dags/sub_dag_remove_multiple_columns.py                               0           0  0.04s           2023-12-19T04:24:00
/opt/airflow/dags/clean_up_after_star_schema_creation.py   2362  0.01s             0           0  0.05s           2023-12-19T04:23:56
/opt/airflow/dags/Analytics Olympiad 2022.py                                       7           0  0.37s           2023-12-19T04:24:00
================================================================================
[2023-12-19T04:24:57.058+0000] {manager.py:887} INFO - 
================================================================================
DAG File Processing Stats

File Path                                                   PID  Runtime      # DAGs    # Errors  Last Runtime    Last Run
--------------------------------------------------------  -----  ---------  --------  ----------  --------------  -------------------
/opt/airflow/dags/remove_outliers_1_5_iqr.py               2408  0.01s             0           0  0.05s           2023-12-19T04:24:26
/opt/airflow/dags/create_star_schema_part_1.py                                     0           0  0.03s           2023-12-19T04:24:26
/opt/airflow/dags/create_star_schema_part_2.py                                     0           0  0.03s           2023-12-19T04:24:26
/opt/airflow/dags/sub_dag_change_column_data_type.py                               0           0  0.03s           2023-12-19T04:24:44
/opt/airflow/dags/sub_dag_remove_multiple_columns.py                               0           0  0.05s           2023-12-19T04:24:30
/opt/airflow/dags/clean_up_after_star_schema_creation.py   2405  0.02s             0           0  0.05s           2023-12-19T04:24:26
/opt/airflow/dags/Analytics Olympiad 2022.py                                       7           0  0.39s           2023-12-19T04:24:31
================================================================================
[2023-12-19T04:25:05.251+0000] {manager.py:755} INFO - Searching for files in /opt/airflow/dags
[2023-12-19T04:25:05.266+0000] {manager.py:758} INFO - There are 7 files in /opt/airflow/dags
[2023-12-19T04:25:27.471+0000] {manager.py:887} INFO - 
================================================================================
DAG File Processing Stats

File Path                                                   PID  Runtime      # DAGs    # Errors  Last Runtime    Last Run
--------------------------------------------------------  -----  ---------  --------  ----------  --------------  -------------------
/opt/airflow/dags/remove_outliers_1_5_iqr.py               2451  0.01s             0           0  0.04s           2023-12-19T04:24:57
/opt/airflow/dags/create_star_schema_part_1.py                                     0           0  0.03s           2023-12-19T04:24:57
/opt/airflow/dags/create_star_schema_part_2.py                                     0           0  0.03s           2023-12-19T04:24:57
/opt/airflow/dags/sub_dag_change_column_data_type.py                               0           0  0.05s           2023-12-19T04:25:15
/opt/airflow/dags/sub_dag_remove_multiple_columns.py                               0           0  0.04s           2023-12-19T04:25:01
/opt/airflow/dags/clean_up_after_star_schema_creation.py   2448  0.02s             0           0  0.05s           2023-12-19T04:24:57
/opt/airflow/dags/Analytics Olympiad 2022.py                                       7           0  0.39s           2023-12-19T04:25:01
================================================================================
[2023-12-19T04:25:57.876+0000] {manager.py:887} INFO - 
================================================================================
DAG File Processing Stats

File Path                                                   PID  Runtime      # DAGs    # Errors  Last Runtime    Last Run
--------------------------------------------------------  -----  ---------  --------  ----------  --------------  -------------------
/opt/airflow/dags/remove_outliers_1_5_iqr.py               2494  0.00s             0           0  0.04s           2023-12-19T04:25:27
/opt/airflow/dags/create_star_schema_part_1.py                                     0           0  0.03s           2023-12-19T04:25:27
/opt/airflow/dags/create_star_schema_part_2.py                                     0           0  0.03s           2023-12-19T04:25:27
/opt/airflow/dags/sub_dag_change_column_data_type.py                               0           0  0.03s           2023-12-19T04:25:45
/opt/airflow/dags/sub_dag_remove_multiple_columns.py                               0           0  0.04s           2023-12-19T04:25:31
/opt/airflow/dags/clean_up_after_star_schema_creation.py   2491  0.01s             0           0  0.05s           2023-12-19T04:25:27
/opt/airflow/dags/Analytics Olympiad 2022.py                                       7           0  0.39s           2023-12-19T04:25:31
================================================================================
[2023-12-19T04:26:28.272+0000] {manager.py:887} INFO - 
================================================================================
DAG File Processing Stats

File Path                                                   PID  Runtime      # DAGs    # Errors  Last Runtime    Last Run
--------------------------------------------------------  -----  ---------  --------  ----------  --------------  -------------------
/opt/airflow/dags/remove_outliers_1_5_iqr.py               2540  0.00s             0           0  0.04s           2023-12-19T04:25:57
/opt/airflow/dags/create_star_schema_part_1.py                                     0           0  0.03s           2023-12-19T04:25:57
/opt/airflow/dags/create_star_schema_part_2.py                                     0           0  0.03s           2023-12-19T04:25:57
/opt/airflow/dags/sub_dag_change_column_data_type.py                               0           0  0.04s           2023-12-19T04:26:16
/opt/airflow/dags/sub_dag_remove_multiple_columns.py                               0           0  0.05s           2023-12-19T04:26:02
/opt/airflow/dags/clean_up_after_star_schema_creation.py   2537  0.01s             0           0  0.04s           2023-12-19T04:25:57
/opt/airflow/dags/Analytics Olympiad 2022.py                                       7           0  0.37s           2023-12-19T04:26:02
================================================================================
[2023-12-19T04:26:58.666+0000] {manager.py:887} INFO - 
================================================================================
DAG File Processing Stats

File Path                                                   PID  Runtime      # DAGs    # Errors  Last Runtime    Last Run
--------------------------------------------------------  -----  ---------  --------  ----------  --------------  -------------------
/opt/airflow/dags/remove_outliers_1_5_iqr.py               2590  0.00s             0           0  0.03s           2023-12-19T04:26:28
/opt/airflow/dags/create_star_schema_part_1.py                                     0           0  0.03s           2023-12-19T04:26:28
/opt/airflow/dags/create_star_schema_part_2.py                                     0           0  0.03s           2023-12-19T04:26:28
/opt/airflow/dags/sub_dag_change_column_data_type.py                               0           0  0.04s           2023-12-19T04:26:46
/opt/airflow/dags/sub_dag_remove_multiple_columns.py                               0           0  0.04s           2023-12-19T04:26:32
/opt/airflow/dags/clean_up_after_star_schema_creation.py   2587  0.01s             0           0  0.03s           2023-12-19T04:26:28
/opt/airflow/dags/Analytics Olympiad 2022.py                                       7           0  0.36s           2023-12-19T04:26:32
================================================================================
[2023-12-19T04:27:29.118+0000] {manager.py:887} INFO - 
================================================================================
DAG File Processing Stats

File Path                                                   PID  Runtime      # DAGs    # Errors  Last Runtime    Last Run
--------------------------------------------------------  -----  ---------  --------  ----------  --------------  -------------------
/opt/airflow/dags/remove_outliers_1_5_iqr.py               2633  0.00s             0           0  0.03s           2023-12-19T04:26:58
/opt/airflow/dags/create_star_schema_part_1.py                                     0           0  0.03s           2023-12-19T04:26:58
/opt/airflow/dags/create_star_schema_part_2.py                                     0           0  0.03s           2023-12-19T04:26:58
/opt/airflow/dags/sub_dag_change_column_data_type.py                               0           0  0.04s           2023-12-19T04:27:17
/opt/airflow/dags/sub_dag_remove_multiple_columns.py                               0           0  0.04s           2023-12-19T04:27:02
/opt/airflow/dags/clean_up_after_star_schema_creation.py   2630  0.02s             0           0  0.03s           2023-12-19T04:26:58
/opt/airflow/dags/Analytics Olympiad 2022.py                                       7           0  0.38s           2023-12-19T04:27:03
================================================================================
[2023-12-19T04:27:59.586+0000] {manager.py:887} INFO - 
================================================================================
DAG File Processing Stats

File Path                                                   PID  Runtime      # DAGs    # Errors  Last Runtime    Last Run
--------------------------------------------------------  -----  ---------  --------  ----------  --------------  -------------------
/opt/airflow/dags/remove_outliers_1_5_iqr.py               2676  0.01s             0           0  0.05s           2023-12-19T04:27:29
/opt/airflow/dags/create_star_schema_part_1.py                                     0           0  0.03s           2023-12-19T04:27:29
/opt/airflow/dags/create_star_schema_part_2.py                                     0           0  0.03s           2023-12-19T04:27:29
/opt/airflow/dags/sub_dag_change_column_data_type.py                               0           0  0.05s           2023-12-19T04:27:47
/opt/airflow/dags/sub_dag_remove_multiple_columns.py                               0           0  0.05s           2023-12-19T04:27:33
/opt/airflow/dags/clean_up_after_star_schema_creation.py   2673  0.02s             0           0  0.05s           2023-12-19T04:27:29
/opt/airflow/dags/Analytics Olympiad 2022.py                                       7           0  0.36s           2023-12-19T04:27:33
================================================================================
[2023-12-19T04:28:30.007+0000] {manager.py:887} INFO - 
================================================================================
DAG File Processing Stats

File Path                                                   PID  Runtime      # DAGs    # Errors  Last Runtime    Last Run
--------------------------------------------------------  -----  ---------  --------  ----------  --------------  -------------------
/opt/airflow/dags/remove_outliers_1_5_iqr.py               2719  0.00s             0           0  0.05s           2023-12-19T04:27:59
/opt/airflow/dags/create_star_schema_part_1.py                                     0           0  0.03s           2023-12-19T04:27:59
/opt/airflow/dags/create_star_schema_part_2.py                                     0           0  0.03s           2023-12-19T04:27:59
/opt/airflow/dags/sub_dag_change_column_data_type.py                               0           0  0.05s           2023-12-19T04:28:17
/opt/airflow/dags/sub_dag_remove_multiple_columns.py                               0           0  0.05s           2023-12-19T04:28:03
/opt/airflow/dags/clean_up_after_star_schema_creation.py   2716  0.01s             0           0  0.06s           2023-12-19T04:27:59
/opt/airflow/dags/Analytics Olympiad 2022.py                                       7           0  0.41s           2023-12-19T04:28:04
================================================================================
[2023-12-19T04:29:00.425+0000] {manager.py:887} INFO - 
================================================================================
DAG File Processing Stats

File Path                                                   PID  Runtime      # DAGs    # Errors  Last Runtime    Last Run
--------------------------------------------------------  -----  ---------  --------  ----------  --------------  -------------------
/opt/airflow/dags/remove_outliers_1_5_iqr.py               2762  0.01s             0           0  0.04s           2023-12-19T04:28:30
/opt/airflow/dags/create_star_schema_part_1.py                                     0           0  0.03s           2023-12-19T04:28:30
/opt/airflow/dags/create_star_schema_part_2.py                                     0           0  0.03s           2023-12-19T04:28:30
/opt/airflow/dags/sub_dag_change_column_data_type.py                               0           0  0.03s           2023-12-19T04:28:48
/opt/airflow/dags/sub_dag_remove_multiple_columns.py                               0           0  0.04s           2023-12-19T04:28:34
/opt/airflow/dags/clean_up_after_star_schema_creation.py   2759  0.02s             0           0  0.04s           2023-12-19T04:28:30
/opt/airflow/dags/Analytics Olympiad 2022.py                                       7           0  0.39s           2023-12-19T04:28:34
================================================================================
[2023-12-19T04:29:30.870+0000] {manager.py:887} INFO - 
================================================================================
DAG File Processing Stats

File Path                                                   PID  Runtime      # DAGs    # Errors  Last Runtime    Last Run
--------------------------------------------------------  -----  ---------  --------  ----------  --------------  -------------------
/opt/airflow/dags/remove_outliers_1_5_iqr.py               2805  0.01s             0           0  0.04s           2023-12-19T04:29:00
/opt/airflow/dags/create_star_schema_part_1.py                                     0           0  0.03s           2023-12-19T04:29:00
/opt/airflow/dags/create_star_schema_part_2.py                                     0           0  0.03s           2023-12-19T04:29:00
/opt/airflow/dags/sub_dag_change_column_data_type.py                               0           0  0.05s           2023-12-19T04:29:18
/opt/airflow/dags/sub_dag_remove_multiple_columns.py                               0           0  0.05s           2023-12-19T04:29:04
/opt/airflow/dags/clean_up_after_star_schema_creation.py   2802  0.02s             0           0  0.05s           2023-12-19T04:29:00
/opt/airflow/dags/Analytics Olympiad 2022.py                                       7           0  0.39s           2023-12-19T04:29:04
================================================================================
[2023-12-19T04:30:01.312+0000] {manager.py:887} INFO - 
================================================================================
DAG File Processing Stats

File Path                                                   PID  Runtime      # DAGs    # Errors  Last Runtime    Last Run
--------------------------------------------------------  -----  ---------  --------  ----------  --------------  -------------------
/opt/airflow/dags/remove_outliers_1_5_iqr.py               2872  0.00s             0           0  0.04s           2023-12-19T04:29:30
/opt/airflow/dags/create_star_schema_part_1.py                                     0           0  0.03s           2023-12-19T04:29:30
/opt/airflow/dags/create_star_schema_part_2.py                                     0           0  0.03s           2023-12-19T04:29:30
/opt/airflow/dags/sub_dag_change_column_data_type.py                               0           0  0.06s           2023-12-19T04:29:49
/opt/airflow/dags/sub_dag_remove_multiple_columns.py                               0           0  0.03s           2023-12-19T04:29:35
/opt/airflow/dags/clean_up_after_star_schema_creation.py   2869  0.02s             0           0  0.05s           2023-12-19T04:29:30
/opt/airflow/dags/Analytics Olympiad 2022.py                                       7           0  0.42s           2023-12-19T04:29:35
================================================================================
[2023-12-19T04:30:05.423+0000] {manager.py:755} INFO - Searching for files in /opt/airflow/dags
[2023-12-19T04:30:05.447+0000] {manager.py:758} INFO - There are 7 files in /opt/airflow/dags
[2023-12-19T04:30:31.747+0000] {manager.py:887} INFO - 
================================================================================
DAG File Processing Stats

File Path                                                   PID  Runtime      # DAGs    # Errors  Last Runtime    Last Run
--------------------------------------------------------  -----  ---------  --------  ----------  --------------  -------------------
/opt/airflow/dags/remove_outliers_1_5_iqr.py               2915  0.00s             0           0  0.04s           2023-12-19T04:30:01
/opt/airflow/dags/create_star_schema_part_1.py                                     0           0  0.03s           2023-12-19T04:30:01
/opt/airflow/dags/create_star_schema_part_2.py                                     0           0  0.03s           2023-12-19T04:30:01
/opt/airflow/dags/sub_dag_change_column_data_type.py                               0           0  0.06s           2023-12-19T04:30:19
/opt/airflow/dags/sub_dag_remove_multiple_columns.py                               0           0  0.03s           2023-12-19T04:30:05
/opt/airflow/dags/clean_up_after_star_schema_creation.py   2912  0.02s             0           0  0.06s           2023-12-19T04:30:01
/opt/airflow/dags/Analytics Olympiad 2022.py                                       7           0  0.38s           2023-12-19T04:30:05
================================================================================
[2023-12-19T04:31:02.126+0000] {manager.py:887} INFO - 
================================================================================
DAG File Processing Stats

File Path                                                   PID  Runtime      # DAGs    # Errors  Last Runtime    Last Run
--------------------------------------------------------  -----  ---------  --------  ----------  --------------  -------------------
/opt/airflow/dags/remove_outliers_1_5_iqr.py               2958  0.00s             0           0  0.05s           2023-12-19T04:30:31
/opt/airflow/dags/create_star_schema_part_1.py                                     0           0  0.02s           2023-12-19T04:30:31
/opt/airflow/dags/create_star_schema_part_2.py                                     0           0  0.03s           2023-12-19T04:30:31
/opt/airflow/dags/sub_dag_change_column_data_type.py                               0           0  0.06s           2023-12-19T04:30:50
/opt/airflow/dags/sub_dag_remove_multiple_columns.py                               0           0  0.03s           2023-12-19T04:30:35
/opt/airflow/dags/clean_up_after_star_schema_creation.py   2955  0.01s             0           0  0.06s           2023-12-19T04:30:31
/opt/airflow/dags/Analytics Olympiad 2022.py                                       7           0  0.33s           2023-12-19T04:30:36
================================================================================
[2023-12-19T04:31:32.577+0000] {manager.py:887} INFO - 
================================================================================
DAG File Processing Stats

File Path                                                   PID  Runtime      # DAGs    # Errors  Last Runtime    Last Run
--------------------------------------------------------  -----  ---------  --------  ----------  --------------  -------------------
/opt/airflow/dags/remove_outliers_1_5_iqr.py               3001  0.01s             0           0  0.04s           2023-12-19T04:31:02
/opt/airflow/dags/create_star_schema_part_1.py                                     0           0  0.02s           2023-12-19T04:31:02
/opt/airflow/dags/create_star_schema_part_2.py                                     0           0  0.03s           2023-12-19T04:31:02
/opt/airflow/dags/sub_dag_change_column_data_type.py                               0           0  0.05s           2023-12-19T04:31:20
/opt/airflow/dags/sub_dag_remove_multiple_columns.py                               0           0  0.05s           2023-12-19T04:31:06
/opt/airflow/dags/clean_up_after_star_schema_creation.py   2998  0.02s             0           0  0.05s           2023-12-19T04:31:02
/opt/airflow/dags/Analytics Olympiad 2022.py                                       7           0  0.38s           2023-12-19T04:31:06
================================================================================
[2023-12-19T04:31:37.861+0000] {manager.py:469} INFO - Exiting gracefully upon receiving signal 15
