[2024-02-02T17:17:35.650+0000] {taskinstance.py:1159} INFO - Dependencies all met for dep_context=non-requeueable deps ti=<TaskInstance: flight_data_postgres_to_mysql.mysql_bulk_load.mysql_bulk_import scheduled__2024-01-01T00:00:00+00:00 [queued]>
[2024-02-02T17:17:35.654+0000] {taskinstance.py:1159} INFO - Dependencies all met for dep_context=requeueable deps ti=<TaskInstance: flight_data_postgres_to_mysql.mysql_bulk_load.mysql_bulk_import scheduled__2024-01-01T00:00:00+00:00 [queued]>
[2024-02-02T17:17:35.654+0000] {taskinstance.py:1361} INFO - Starting attempt 1 of 6
[2024-02-02T17:17:35.660+0000] {taskinstance.py:1382} INFO - Executing <Task(PythonOperator): mysql_bulk_import> on 2024-01-01 00:00:00+00:00
[2024-02-02T17:17:35.662+0000] {standard_task_runner.py:57} INFO - Started process 1027 to run task
[2024-02-02T17:17:35.664+0000] {standard_task_runner.py:84} INFO - Running: ['***', 'tasks', 'run', 'flight_data_postgres_to_mysql.mysql_bulk_load', 'mysql_bulk_import', 'scheduled__2024-01-01T00:00:00+00:00', '--job-id', '20', '--raw', '--subdir', 'DAGS_FOLDER/Flight_Files_Analysis.py', '--cfg-path', '/tmp/tmpsyl_e2n1']
[2024-02-02T17:17:35.666+0000] {standard_task_runner.py:85} INFO - Job 20: Subtask mysql_bulk_import
[2024-02-02T17:17:35.693+0000] {task_command.py:416} INFO - Running <TaskInstance: flight_data_postgres_to_mysql.mysql_bulk_load.mysql_bulk_import scheduled__2024-01-01T00:00:00+00:00 [running]> on host 122144057b92
[2024-02-02T17:17:35.734+0000] {taskinstance.py:1662} INFO - Exporting env vars: AIRFLOW_CTX_DAG_OWNER='dunnbc22' AIRFLOW_CTX_DAG_ID='flight_data_postgres_to_mysql.mysql_bulk_load' AIRFLOW_CTX_TASK_ID='mysql_bulk_import' AIRFLOW_CTX_EXECUTION_DATE='2024-01-01T00:00:00+00:00' AIRFLOW_CTX_TRY_NUMBER='1' AIRFLOW_CTX_DAG_RUN_ID='scheduled__2024-01-01T00:00:00+00:00'
[2024-02-02T17:17:35.740+0000] {base.py:73} INFO - Using connection ID 'mysql_conn' for task execution.
[2024-02-02T17:17:35.750+0000] {taskinstance.py:1937} ERROR - Task failed with exception
Traceback (most recent call last):
  File "/home/airflow/.local/lib/python3.8/site-packages/airflow/operators/python.py", line 192, in execute
    return_value = self.execute_callable()
  File "/home/airflow/.local/lib/python3.8/site-packages/airflow/operators/python.py", line 209, in execute_callable
    return self.python_callable(*self.op_args, **self.op_kwargs)
  File "/opt/airflow/dags/mysql_bulk_load.py", line 99, in mysql_load_subdag
    mysql_hook.bulk_load(
  File "/home/airflow/.local/lib/python3.8/site-packages/airflow/providers/mysql/hooks/mysql.py", line 216, in bulk_load
    cur.execute(
  File "/home/airflow/.local/lib/python3.8/site-packages/MySQLdb/cursors.py", line 179, in execute
    res = self._query(mogrified_query)
  File "/home/airflow/.local/lib/python3.8/site-packages/MySQLdb/cursors.py", line 330, in _query
    db.query(q)
  File "/home/airflow/.local/lib/python3.8/site-packages/MySQLdb/connections.py", line 255, in query
    _mysql.connection.query(self, query)
MySQLdb.OperationalError: (3948, 'Loading local data is disabled; this must be enabled on both the client and server sides')
[2024-02-02T17:17:35.757+0000] {taskinstance.py:1400} INFO - Marking task as UP_FOR_RETRY. dag_id=flight_data_postgres_to_mysql.mysql_bulk_load, task_id=mysql_bulk_import, execution_date=20240101T000000, start_date=20240202T171735, end_date=20240202T171735
[2024-02-02T17:17:35.762+0000] {standard_task_runner.py:104} ERROR - Failed to execute job 20 for task mysql_bulk_import ((3948, 'Loading local data is disabled; this must be enabled on both the client and server sides'); 1027)
[2024-02-02T17:17:35.800+0000] {local_task_job_runner.py:228} INFO - Task exited with return code 1
[2024-02-02T17:17:35.812+0000] {taskinstance.py:2778} INFO - 0 downstream tasks scheduled from follow-on schedule check
