[2023-12-08T17:18:42.368+0000] {taskinstance.py:1159} INFO - Dependencies all met for dep_context=non-requeueable deps ti=<TaskInstance: Allegheny_Co_Property_Sale_Transactions-v01.create_dim_tables.create_dim_DEEDBOOK_table scheduled__2023-12-01T00:00:00+00:00 [queued]>
[2023-12-08T17:18:42.398+0000] {taskinstance.py:1159} INFO - Dependencies all met for dep_context=requeueable deps ti=<TaskInstance: Allegheny_Co_Property_Sale_Transactions-v01.create_dim_tables.create_dim_DEEDBOOK_table scheduled__2023-12-01T00:00:00+00:00 [queued]>
[2023-12-08T17:18:42.410+0000] {taskinstance.py:1361} INFO - Starting attempt 1 of 6
[2023-12-08T17:18:42.442+0000] {taskinstance.py:1382} INFO - Executing <Task(PostgresOperator): create_dim_DEEDBOOK_table> on 2023-12-01 00:00:00+00:00
[2023-12-08T17:18:42.471+0000] {standard_task_runner.py:57} INFO - Started process 3199 to run task
[2023-12-08T17:18:42.489+0000] {standard_task_runner.py:84} INFO - Running: ['***', 'tasks', 'run', 'Allegheny_Co_Property_Sale_Transactions-v01.create_dim_tables', 'create_dim_DEEDBOOK_table', 'scheduled__2023-12-01T00:00:00+00:00', '--job-id', '39', '--raw', '--subdir', 'DAGS_FOLDER/Allegheny Co Property Sale Transactions.py', '--cfg-path', '/tmp/tmpw4op9vtp']
[2023-12-08T17:18:42.495+0000] {standard_task_runner.py:85} INFO - Job 39: Subtask create_dim_DEEDBOOK_table
[2023-12-08T17:18:42.590+0000] {task_command.py:416} INFO - Running <TaskInstance: Allegheny_Co_Property_Sale_Transactions-v01.create_dim_tables.create_dim_DEEDBOOK_table scheduled__2023-12-01T00:00:00+00:00 [running]> on host 1fc866509645
[2023-12-08T17:18:42.782+0000] {taskinstance.py:1662} INFO - Exporting env vars: AIRFLOW_CTX_DAG_OWNER='dunnbc22' AIRFLOW_CTX_DAG_ID='Allegheny_Co_Property_Sale_Transactions-v01.create_dim_tables' AIRFLOW_CTX_TASK_ID='create_dim_DEEDBOOK_table' AIRFLOW_CTX_EXECUTION_DATE='2023-12-01T00:00:00+00:00' AIRFLOW_CTX_TRY_NUMBER='1' AIRFLOW_CTX_DAG_RUN_ID='scheduled__2023-12-01T00:00:00+00:00'
[2023-12-08T17:18:42.783+0000] {sql.py:274} INFO - Executing: -- params: table_name, dimension_col, data_type

-- Step 1: Extract Unique Values
CREATE TEMPORARY TABLE unique_values_DEEDBOOK AS
SELECT DISTINCT DEEDBOOK FROM allegheny_co_property_sale_transactions;

-- Step 2: Create Dimension Table
DROP TABLE IF EXISTS dimension_table_DEEDBOOK;
CREATE TABLE dimension_table_DEEDBOOK (
    id SERIAL PRIMARY KEY,
    DEEDBOOK VARCHAR
);

-- Step 3: Insert unique values into dimension table
INSERT INTO dimension_table_DEEDBOOK (DEEDBOOK)
SELECT * FROM unique_values_DEEDBOOK;
[2023-12-08T17:18:42.794+0000] {base.py:73} INFO - Using connection ID 'postgres_conn' for task execution.
[2023-12-08T17:18:42.808+0000] {base.py:73} INFO - Using connection ID 'postgres_conn' for task execution.
[2023-12-08T17:18:42.822+0000] {sql.py:418} INFO - Running statement: -- params: table_name, dimension_col, data_type

-- Step 1: Extract Unique Values
CREATE TEMPORARY TABLE unique_values_DEEDBOOK AS
SELECT DISTINCT DEEDBOOK FROM allegheny_co_property_sale_transactions;

-- Step 2: Create Dimension Table
DROP TABLE IF EXISTS dimension_table_DEEDBOOK;
CREATE TABLE dimension_table_DEEDBOOK (
    id SERIAL PRIMARY KEY,
    DEEDBOOK VARCHAR
);

-- Step 3: Insert unique values into dimension table
INSERT INTO dimension_table_DEEDBOOK (DEEDBOOK)
SELECT * FROM unique_values_DEEDBOOK;, parameters: None
[2023-12-08T17:18:42.916+0000] {sql.py:427} INFO - Rows affected: 3617
[2023-12-08T17:18:42.924+0000] {taskinstance.py:1400} INFO - Marking task as SUCCESS. dag_id=Allegheny_Co_Property_Sale_Transactions-v01.create_dim_tables, task_id=create_dim_DEEDBOOK_table, execution_date=20231201T000000, start_date=20231208T171842, end_date=20231208T171842
[2023-12-08T17:18:42.948+0000] {local_task_job_runner.py:228} INFO - Task exited with return code 0
[2023-12-08T17:18:42.974+0000] {taskinstance.py:2778} INFO - 0 downstream tasks scheduled from follow-on schedule check
[2023-12-08T18:06:05.231+0000] {taskinstance.py:1159} INFO - Dependencies all met for dep_context=non-requeueable deps ti=<TaskInstance: Allegheny_Co_Property_Sale_Transactions-v01.create_dim_tables.create_dim_DEEDBOOK_table scheduled__2023-12-01T00:00:00+00:00 [queued]>
[2023-12-08T18:06:05.249+0000] {taskinstance.py:1159} INFO - Dependencies all met for dep_context=requeueable deps ti=<TaskInstance: Allegheny_Co_Property_Sale_Transactions-v01.create_dim_tables.create_dim_DEEDBOOK_table scheduled__2023-12-01T00:00:00+00:00 [queued]>
[2023-12-08T18:06:05.249+0000] {taskinstance.py:1361} INFO - Starting attempt 1 of 6
[2023-12-08T18:06:05.276+0000] {taskinstance.py:1382} INFO - Executing <Task(PostgresOperator): create_dim_DEEDBOOK_table> on 2023-12-01 00:00:00+00:00
[2023-12-08T18:06:05.284+0000] {standard_task_runner.py:57} INFO - Started process 7220 to run task
[2023-12-08T18:06:05.290+0000] {standard_task_runner.py:84} INFO - Running: ['***', 'tasks', 'run', 'Allegheny_Co_Property_Sale_Transactions-v01.create_dim_tables', 'create_dim_DEEDBOOK_table', 'scheduled__2023-12-01T00:00:00+00:00', '--job-id', '100', '--raw', '--subdir', 'DAGS_FOLDER/Allegheny Co Property Sale Transactions.py', '--cfg-path', '/tmp/tmpr1q1c22s']
[2023-12-08T18:06:05.296+0000] {standard_task_runner.py:85} INFO - Job 100: Subtask create_dim_DEEDBOOK_table
[2023-12-08T18:06:05.394+0000] {task_command.py:416} INFO - Running <TaskInstance: Allegheny_Co_Property_Sale_Transactions-v01.create_dim_tables.create_dim_DEEDBOOK_table scheduled__2023-12-01T00:00:00+00:00 [running]> on host 1fc866509645
[2023-12-08T18:06:05.550+0000] {taskinstance.py:1662} INFO - Exporting env vars: AIRFLOW_CTX_DAG_OWNER='dunnbc22' AIRFLOW_CTX_DAG_ID='Allegheny_Co_Property_Sale_Transactions-v01.create_dim_tables' AIRFLOW_CTX_TASK_ID='create_dim_DEEDBOOK_table' AIRFLOW_CTX_EXECUTION_DATE='2023-12-01T00:00:00+00:00' AIRFLOW_CTX_TRY_NUMBER='1' AIRFLOW_CTX_DAG_RUN_ID='scheduled__2023-12-01T00:00:00+00:00'
[2023-12-08T18:06:05.550+0000] {sql.py:274} INFO - Executing: -- params: table_name, dimension_col, data_type

-- Step 1: Extract Unique Values
CREATE TEMPORARY TABLE unique_values_DEEDBOOK AS
SELECT DISTINCT DEEDBOOK FROM allegheny_co_property_sale_transactions;

-- Step 2: Create Dimension Table
DROP TABLE IF EXISTS dimension_table_DEEDBOOK;
CREATE TABLE dimension_table_DEEDBOOK (
    id SERIAL PRIMARY KEY,
    DEEDBOOK VARCHAR
);

-- Step 3: Insert unique values into dimension table
INSERT INTO dimension_table_DEEDBOOK (DEEDBOOK)
SELECT * FROM unique_values_DEEDBOOK;
[2023-12-08T18:06:05.558+0000] {base.py:73} INFO - Using connection ID 'postgres_conn' for task execution.
[2023-12-08T18:06:05.576+0000] {base.py:73} INFO - Using connection ID 'postgres_conn' for task execution.
[2023-12-08T18:06:05.596+0000] {sql.py:418} INFO - Running statement: -- params: table_name, dimension_col, data_type

-- Step 1: Extract Unique Values
CREATE TEMPORARY TABLE unique_values_DEEDBOOK AS
SELECT DISTINCT DEEDBOOK FROM allegheny_co_property_sale_transactions;

-- Step 2: Create Dimension Table
DROP TABLE IF EXISTS dimension_table_DEEDBOOK;
CREATE TABLE dimension_table_DEEDBOOK (
    id SERIAL PRIMARY KEY,
    DEEDBOOK VARCHAR
);

-- Step 3: Insert unique values into dimension table
INSERT INTO dimension_table_DEEDBOOK (DEEDBOOK)
SELECT * FROM unique_values_DEEDBOOK;, parameters: None
[2023-12-08T18:06:05.779+0000] {sql.py:427} INFO - Rows affected: 3617
[2023-12-08T18:06:05.800+0000] {taskinstance.py:1400} INFO - Marking task as SUCCESS. dag_id=Allegheny_Co_Property_Sale_Transactions-v01.create_dim_tables, task_id=create_dim_DEEDBOOK_table, execution_date=20231201T000000, start_date=20231208T180605, end_date=20231208T180605
[2023-12-08T18:06:05.853+0000] {local_task_job_runner.py:228} INFO - Task exited with return code 0
[2023-12-08T18:06:05.939+0000] {taskinstance.py:2778} INFO - 0 downstream tasks scheduled from follow-on schedule check
